2003.04.03 14:55 B G:\Website Stuff\TBH Website Temp\timberhill\credits.html --> uts.cc.utexas.edu /export/httpd/vhosts/texasbeyondhistory/data/timberhill credits.html
2003.04.03 14:55 B G:\Website Stuff\TBH Website Temp\timberhill\fragments.html --> uts.cc.utexas.edu /export/httpd/vhosts/texasbeyondhistory/data/timberhill fragments.html
2003.04.03 14:56 B G:\Website Stuff\TBH Website Temp\timberhill\index.html --> uts.cc.utexas.edu /export/httpd/vhosts/texasbeyondhistory/data/timberhill index.html
2003.04.03 14:56 B G:\Website Stuff\TBH Website Temp\timberhill\treaty.html --> uts.cc.utexas.edu /export/httpd/vhosts/texasbeyondhistory/data/timberhill treaty.html
2003.04.03 16:08 B G:\Website Stuff\TBH Website Temp\timberhill\credits.html --> uts.cc.utexas.edu /export/httpd/vhosts/texasbeyondhistory/data/timberhill credits.html
2003.04.07 10:07 B G:\Website Stuff\TBH Website Temp\timberhill\credits.html --> uts.cc.utexas.edu /export/httpd/vhosts/texasbeyondhistory/data/timberhill credits.html
2003.04.07 10:08 B G:\Website Stuff\TBH Website Temp\timberhill\index.html --> uts.cc.utexas.edu /export/httpd/vhosts/texasbeyondhistory/data/timberhill index.html
2003.04.07 14:37 B G:\Website Stuff\TBH Website Temp\timberhill\index.html --> uts.cc.utexas.edu /export/httpd/vhosts/texasbeyondhistory/data/timberhill index.html
2003.04.07 14:37 B G:\Website Stuff\TBH Website Temp\timberhill\fragments.html --> uts.cc.utexas.edu /export/httpd/vhosts/texasbeyondhistory/data/timberhill fragments.html
2003.04.07 14:43 B G:\Website Stuff\TBH Website Temp\timberhill\index.html --> uts.cc.utexas.edu /export/httpd/vhosts/texasbeyondhistory/data/timberhill index.html
2003.04.08 10:24 B G:\Website Stuff\TBH Website Temp\timberhill\index.html --> uts.cc.utexas.edu /export/httpd/vhosts/texasbeyondhistory/data/timberhill index.html
2003.04.08 17:39 B G:\Website Stuff\TBH Website Temp\timberhill\index.html --> uts.cc.utexas.edu /export/httpd/vhosts/texasbeyondhistory/data/timberhill index.html
2003.04.08 17:41 B G:\Website Stuff\TBH Website Temp\timberhill\index.html --> uts.cc.utexas.edu /export/httpd/vhosts/texasbeyondhistory/data/timberhill index.html
2003.04.09 09:53 B G:\Website Stuff\TBH Website Temp\timberhill\credits.html --> uts.cc.utexas.edu /export/httpd/vhosts/texasbeyondhistory/data/timberhill credits.html
2003.04.09 13:51 B G:\Website Stuff\TBH Website Temp\timberhill\credits.html --> uts.cc.utexas.edu /export/httpd/vhosts/texasbeyondhistory/data/timberhill credits.html
2005.04.04 13:45 B L:\TBH Website Temp\timberhill\credits.html --> uts.cc.utexas.edu /export/httpd/vhosts/texasbeyondhistory/data/timberhill credits.html
2005.04.04 13:45 B L:\TBH Website Temp\timberhill\facts.html --> uts.cc.utexas.edu /export/httpd/vhosts/texasbeyondhistory/data/timberhill facts.html
2005.04.04 13:45 B L:\TBH Website Temp\timberhill\fragments.html --> uts.cc.utexas.edu /export/httpd/vhosts/texasbeyondhistory/data/timberhill fragments.html
2005.04.04 13:45 B L:\TBH Website Temp\timberhill\index.html --> uts.cc.utexas.edu /export/httpd/vhosts/texasbeyondhistory/data/timberhill index.html
2005.04.04 13:45 B L:\TBH Website Temp\timberhill\treaty.html --> uts.cc.utexas.edu /export/httpd/vhosts/texasbeyondhistory/data/timberhill treaty.html
