2004.02.26 10:32 B K:\TBH Website Temp\bowie\artifacts.html --> uts.cc.utexas.edu /export/httpd/vhosts/texasbeyondhistory/data/bowie artifacts.html
2004.02.26 10:32 B K:\TBH Website Temp\bowie\credits.html --> uts.cc.utexas.edu /export/httpd/vhosts/texasbeyondhistory/data/bowie credits.html
2004.02.26 10:32 B K:\TBH Website Temp\bowie\environment.html --> uts.cc.utexas.edu /export/httpd/vhosts/texasbeyondhistory/data/bowie environment.html
2004.02.26 10:32 B K:\TBH Website Temp\bowie\index.html --> uts.cc.utexas.edu /export/httpd/vhosts/texasbeyondhistory/data/bowie index.html
2004.02.26 10:32 B K:\TBH Website Temp\bowie\middentell.html --> uts.cc.utexas.edu /export/httpd/vhosts/texasbeyondhistory/data/bowie middentell.html
2004.02.26 10:32 B K:\TBH Website Temp\bowie\middenwhat.html --> uts.cc.utexas.edu /export/httpd/vhosts/texasbeyondhistory/data/bowie middenwhat.html
2004.03.16 16:19 B K:\TBH Website Temp\bowie\credits.html --> uts.cc.utexas.edu /export/httpd/vhosts/texasbeyondhistory/data/bowie credits.html
2004.03.16 16:19 B K:\TBH Website Temp\bowie\index.html --> uts.cc.utexas.edu /export/httpd/vhosts/texasbeyondhistory/data/bowie index.html
2004.03.16 16:19 B K:\TBH Website Temp\bowie\middentell.html --> uts.cc.utexas.edu /export/httpd/vhosts/texasbeyondhistory/data/bowie middentell.html
2004.03.16 16:19 B K:\TBH Website Temp\bowie\middenwhat.html --> uts.cc.utexas.edu /export/httpd/vhosts/texasbeyondhistory/data/bowie middenwhat.html
2004.03.18 13:43 B G:\TBH Website Temp\bowie\middentell.html --> uts.cc.utexas.edu /export/httpd/vhosts/texasbeyondhistory/data/bowie middentell.html
2004.03.22 15:37 B K:\TBH Website Temp\bowie\credits.html --> uts.cc.utexas.edu /export/httpd/vhosts/texasbeyondhistory/data/bowie credits.html
2004.03.22 15:37 B K:\TBH Website Temp\bowie\index.html --> uts.cc.utexas.edu /export/httpd/vhosts/texasbeyondhistory/data/bowie index.html
2004.03.22 15:37 B K:\TBH Website Temp\bowie\middentell.html --> uts.cc.utexas.edu /export/httpd/vhosts/texasbeyondhistory/data/bowie middentell.html
2004.03.23 12:42 B K:\TBH Website Temp\bowie\credits.html --> uts.cc.utexas.edu /export/httpd/vhosts/texasbeyondhistory/data/bowie credits.html
2004.04.07 09:47 B K:\TBH Website Temp\bowie\credits.html --> uts.cc.utexas.edu /export/httpd/vhosts/texasbeyondhistory/data/bowie credits.html
2004.04.08 10:42 B K:\TBH Website Temp\bowie\credits.html --> uts.cc.utexas.edu /export/httpd/vhosts/texasbeyondhistory/data/bowie credits.html
2005.04.04 12:53 B L:\TBH Website Temp\bowie\artifacts.html --> uts.cc.utexas.edu /export/httpd/vhosts/texasbeyondhistory/data/bowie artifacts.html
2005.04.04 12:53 B L:\TBH Website Temp\bowie\credits.html --> uts.cc.utexas.edu /export/httpd/vhosts/texasbeyondhistory/data/bowie credits.html
2005.04.04 12:53 B L:\TBH Website Temp\bowie\environment.html --> uts.cc.utexas.edu /export/httpd/vhosts/texasbeyondhistory/data/bowie environment.html
2005.04.04 12:53 B L:\TBH Website Temp\bowie\index.html --> uts.cc.utexas.edu /export/httpd/vhosts/texasbeyondhistory/data/bowie index.html
2005.04.04 12:53 B L:\TBH Website Temp\bowie\middentell.html --> uts.cc.utexas.edu /export/httpd/vhosts/texasbeyondhistory/data/bowie middentell.html
2005.04.04 12:53 B L:\TBH Website Temp\bowie\middenwhat.html --> uts.cc.utexas.edu /export/httpd/vhosts/texasbeyondhistory/data/bowie middenwhat.html
2005.04.18 10:36 B G:\TBH Website Temp\bowie\credits.html --> uts.cc.utexas.edu /export/httpd/vhosts/texasbeyondhistory/data/bowie credits.html
