2006.08.28 11:08 B L:\TBH Website Temp\choke\images\bird-nest-Stiba-row-sm.jpg --> uts.cc.utexas.edu /export/httpd/vhosts/texasbeyondhistory/data/protect/choke/images bird-nest-Stiba-row-sm.jpg
2006.08.28 11:08 B L:\TBH Website Temp\choke\images\bird-nest-stiba.html --> uts.cc.utexas.edu /export/httpd/vhosts/texasbeyondhistory/data/protect/choke/images bird-nest-stiba.html
2006.08.28 11:08 B L:\TBH Website Temp\choke\images\bird-nest-Stiba.jpg --> uts.cc.utexas.edu /export/httpd/vhosts/texasbeyondhistory/data/protect/choke/images bird-nest-Stiba.jpg
2006.08.28 11:08 B L:\TBH Website Temp\choke\images\Buffalo-Tilden-Stiba-row-sm.jpg --> uts.cc.utexas.edu /export/httpd/vhosts/texasbeyondhistory/data/protect/choke/images Buffalo-Tilden-Stiba-row-sm.jpg
2006.08.28 11:08 B L:\TBH Website Temp\choke\images\Buffalo-Tilden-Stiba.html --> uts.cc.utexas.edu /export/httpd/vhosts/texasbeyondhistory/data/protect/choke/images Buffalo-Tilden-Stiba.html
2006.08.28 11:08 B L:\TBH Website Temp\choke\images\Buffalo-Tilden-Stiba.jpg --> uts.cc.utexas.edu /export/httpd/vhosts/texasbeyondhistory/data/protect/choke/images Buffalo-Tilden-Stiba.jpg
2006.08.28 11:08 B L:\TBH Website Temp\choke\images\Cactus-Old-Hwy-72-sm.jpg --> uts.cc.utexas.edu /export/httpd/vhosts/texasbeyondhistory/data/protect/choke/images Cactus-Old-Hwy-72-sm.jpg
2006.08.28 11:08 B L:\TBH Website Temp\choke\images\Cactus-Old-Hwy-72.html --> uts.cc.utexas.edu /export/httpd/vhosts/texasbeyondhistory/data/protect/choke/images Cactus-Old-Hwy-72.html
2006.08.28 11:08 B L:\TBH Website Temp\choke\images\Cactus-Old-Hwy-72.jpg --> uts.cc.utexas.edu /export/httpd/vhosts/texasbeyondhistory/data/protect/choke/images Cactus-Old-Hwy-72.jpg
2006.08.28 11:08 B L:\TBH Website Temp\choke\images\camera-button-ro-sm.jpg --> uts.cc.utexas.edu /export/httpd/vhosts/texasbeyondhistory/data/protect/choke/images camera-button-ro-sm.jpg
2006.08.28 11:08 B L:\TBH Website Temp\choke\images\camera-button-sm.jpg --> uts.cc.utexas.edu /export/httpd/vhosts/texasbeyondhistory/data/protect/choke/images camera-button-sm.jpg
2006.08.28 11:08 B L:\TBH Website Temp\choke\images\Choke-Bird-Bone-Bead-sm.jpg --> uts.cc.utexas.edu /export/httpd/vhosts/texasbeyondhistory/data/protect/choke/images Choke-Bird-Bone-Bead-sm.jpg
2006.08.28 11:08 B L:\TBH Website Temp\choke\images\Choke-Bird-Bone-Bead.html --> uts.cc.utexas.edu /export/httpd/vhosts/texasbeyondhistory/data/protect/choke/images Choke-Bird-Bone-Bead.html
2006.08.28 11:08 B L:\TBH Website Temp\choke\images\Choke-Bird-Bone-Bead.jpg --> uts.cc.utexas.edu /export/httpd/vhosts/texasbeyondhistory/data/protect/choke/images Choke-Bird-Bone-Bead.jpg
2006.08.28 11:08 B L:\TBH Website Temp\choke\images\Choke-Bracken-Ranch-sm.jpg --> uts.cc.utexas.edu /export/httpd/vhosts/texasbeyondhistory/data/protect/choke/images Choke-Bracken-Ranch-sm.jpg
2006.08.28 11:08 B L:\TBH Website Temp\choke\images\Choke-Bracken-Ranch.html --> uts.cc.utexas.edu /export/httpd/vhosts/texasbeyondhistory/data/protect/choke/images Choke-Bracken-Ranch.html
2006.08.28 11:08 B L:\TBH Website Temp\choke\images\Choke-Bracken-Ranch.jpg --> uts.cc.utexas.edu /export/httpd/vhosts/texasbeyondhistory/data/protect/choke/images Choke-Bracken-Ranch.jpg
2006.08.28 11:08 B L:\TBH Website Temp\choke\images\Choke-Ceramics-sm.jpg --> uts.cc.utexas.edu /export/httpd/vhosts/texasbeyondhistory/data/protect/choke/images Choke-Ceramics-sm.jpg
2006.08.28 11:09 B L:\TBH Website Temp\choke\images\Choke-Ceramics.html --> uts.cc.utexas.edu /export/httpd/vhosts/texasbeyondhistory/data/protect/choke/images Choke-Ceramics.html
2006.08.28 11:09 B L:\TBH Website Temp\choke\images\Choke-Ceramics.jpg --> uts.cc.utexas.edu /export/httpd/vhosts/texasbeyondhistory/data/protect/choke/images Choke-Ceramics.jpg
2006.08.28 11:09 B L:\TBH Website Temp\choke\images\Choke-Dam-celebration-sm.jpg --> uts.cc.utexas.edu /export/httpd/vhosts/texasbeyondhistory/data/protect/choke/images Choke-Dam-celebration-sm.jpg
2006.08.28 11:09 B L:\TBH Website Temp\choke\images\Choke-Dam-celebration.html --> uts.cc.utexas.edu /export/httpd/vhosts/texasbeyondhistory/data/protect/choke/images Choke-Dam-celebration.html
2006.08.28 11:09 B L:\TBH Website Temp\choke\images\Choke-Dam-celebration.jpg --> uts.cc.utexas.edu /export/httpd/vhosts/texasbeyondhistory/data/protect/choke/images Choke-Dam-celebration.jpg
2006.08.28 11:09 B L:\TBH Website Temp\choke\images\Choke-Dam-trench-sm.jpg --> uts.cc.utexas.edu /export/httpd/vhosts/texasbeyondhistory/data/protect/choke/images Choke-Dam-trench-sm.jpg
2006.08.28 11:09 B L:\TBH Website Temp\choke\images\Choke-Dam-trench.html --> uts.cc.utexas.edu /export/httpd/vhosts/texasbeyondhistory/data/protect/choke/images Choke-Dam-trench.html
2006.08.28 11:09 B L:\TBH Website Temp\choke\images\Choke-Dam-trench.jpg --> uts.cc.utexas.edu /export/httpd/vhosts/texasbeyondhistory/data/protect/choke/images Choke-Dam-trench.jpg
2006.08.28 11:09 B L:\TBH Website Temp\choke\images\Choke-Dart-Points-sm.jpg --> uts.cc.utexas.edu /export/httpd/vhosts/texasbeyondhistory/data/protect/choke/images Choke-Dart-Points-sm.jpg
2006.08.28 11:09 B L:\TBH Website Temp\choke\images\Choke-Dart-Points.html --> uts.cc.utexas.edu /export/httpd/vhosts/texasbeyondhistory/data/protect/choke/images Choke-Dart-Points.html
2006.08.28 11:09 B L:\TBH Website Temp\choke\images\Choke-Dart-Points.jpg --> uts.cc.utexas.edu /export/httpd/vhosts/texasbeyondhistory/data/protect/choke/images Choke-Dart-Points.jpg
2006.08.28 11:09 B L:\TBH Website Temp\choke\images\Choke-ForenceKnolle-sm.jpg --> uts.cc.utexas.edu /export/httpd/vhosts/texasbeyondhistory/data/protect/choke/images Choke-ForenceKnolle-sm.jpg
2006.08.28 11:09 B L:\TBH Website Temp\choke\images\Choke-ForenceKnolle.html --> uts.cc.utexas.edu /export/httpd/vhosts/texasbeyondhistory/data/protect/choke/images Choke-ForenceKnolle.html
2006.08.28 11:09 B L:\TBH Website Temp\choke\images\Choke-ForenceKnolle.jpg --> uts.cc.utexas.edu /export/httpd/vhosts/texasbeyondhistory/data/protect/choke/images Choke-ForenceKnolle.jpg
2006.08.28 11:09 B L:\TBH Website Temp\choke\images\Choke-Frio-sm.jpg --> uts.cc.utexas.edu /export/httpd/vhosts/texasbeyondhistory/data/protect/choke/images Choke-Frio-sm.jpg
2006.08.28 11:09 B L:\TBH Website Temp\choke\images\Choke-Frio.html --> uts.cc.utexas.edu /export/httpd/vhosts/texasbeyondhistory/data/protect/choke/images Choke-Frio.html
2006.08.28 11:09 B L:\TBH Website Temp\choke\images\Choke-Frio.jpg --> uts.cc.utexas.edu /export/httpd/vhosts/texasbeyondhistory/data/protect/choke/images Choke-Frio.jpg
2006.08.28 11:09 B L:\TBH Website Temp\choke\images\Choke-Fruits-Seeds-row-sm.jpg --> uts.cc.utexas.edu /export/httpd/vhosts/texasbeyondhistory/data/protect/choke/images Choke-Fruits-Seeds-row-sm.jpg
2006.08.28 11:09 B L:\TBH Website Temp\choke\images\Choke-Fruits-Seeds.html --> uts.cc.utexas.edu /export/httpd/vhosts/texasbeyondhistory/data/protect/choke/images Choke-Fruits-Seeds.html
2006.08.28 11:09 B L:\TBH Website Temp\choke\images\Choke-Fruits-Seeds.jpg --> uts.cc.utexas.edu /export/httpd/vhosts/texasbeyondhistory/data/protect/choke/images Choke-Fruits-Seeds.jpg
2006.08.28 11:09 B L:\TBH Website Temp\choke\images\Choke-Gouges-sm.jpg --> uts.cc.utexas.edu /export/httpd/vhosts/texasbeyondhistory/data/protect/choke/images Choke-Gouges-sm.jpg
2006.08.28 11:09 B L:\TBH Website Temp\choke\images\Choke-Gouges.html --> uts.cc.utexas.edu /export/httpd/vhosts/texasbeyondhistory/data/protect/choke/images Choke-Gouges.html
2006.08.28 11:09 B L:\TBH Website Temp\choke\images\Choke-Gouges.jpg --> uts.cc.utexas.edu /export/httpd/vhosts/texasbeyondhistory/data/protect/choke/images Choke-Gouges.jpg
2006.08.28 11:09 B L:\TBH Website Temp\choke\images\Choke-Grinding-tools2-sm.jpg --> uts.cc.utexas.edu /export/httpd/vhosts/texasbeyondhistory/data/protect/choke/images Choke-Grinding-tools2-sm.jpg
2006.08.28 11:09 B L:\TBH Website Temp\choke\images\Choke-Grinding-tools2.html --> uts.cc.utexas.edu /export/httpd/vhosts/texasbeyondhistory/data/protect/choke/images Choke-Grinding-tools2.html
2006.08.28 11:09 B L:\TBH Website Temp\choke\images\Choke-Grinding-tools2.jpg --> uts.cc.utexas.edu /export/httpd/vhosts/texasbeyondhistory/data/protect/choke/images Choke-Grinding-tools2.jpg
2006.08.28 11:09 B L:\TBH Website Temp\choke\images\Choke-Landscape-sm.jpg --> uts.cc.utexas.edu /export/httpd/vhosts/texasbeyondhistory/data/protect/choke/images Choke-Landscape-sm.jpg
2006.08.28 11:09 B L:\TBH Website Temp\choke\images\Choke-Landscape.html --> uts.cc.utexas.edu /export/httpd/vhosts/texasbeyondhistory/data/protect/choke/images Choke-Landscape.html
2006.08.28 11:09 B L:\TBH Website Temp\choke\images\Choke-Landscape.jpg --> uts.cc.utexas.edu /export/httpd/vhosts/texasbeyondhistory/data/protect/choke/images Choke-Landscape.jpg
2006.08.28 11:09 B L:\TBH Website Temp\choke\images\Choke-Late-Pre-2-sm.jpg --> uts.cc.utexas.edu /export/httpd/vhosts/texasbeyondhistory/data/protect/choke/images Choke-Late-Pre-2-sm.jpg
2006.08.28 11:09 B L:\TBH Website Temp\choke\images\Choke-Late-Pre-2.html --> uts.cc.utexas.edu /export/httpd/vhosts/texasbeyondhistory/data/protect/choke/images Choke-Late-Pre-2.html
2006.08.28 11:09 B L:\TBH Website Temp\choke\images\Choke-Late-Pre-2.jpg --> uts.cc.utexas.edu /export/httpd/vhosts/texasbeyondhistory/data/protect/choke/images Choke-Late-Pre-2.jpg
2006.08.28 11:09 B L:\TBH Website Temp\choke\images\Choke-Lizard-row-sm.jpg --> uts.cc.utexas.edu /export/httpd/vhosts/texasbeyondhistory/data/protect/choke/images Choke-Lizard-row-sm.jpg
2006.08.28 11:09 B L:\TBH Website Temp\choke\images\Choke-Lizard.html --> uts.cc.utexas.edu /export/httpd/vhosts/texasbeyondhistory/data/protect/choke/images Choke-Lizard.html
2006.08.28 11:09 B L:\TBH Website Temp\choke\images\Choke-Lizard.jpg --> uts.cc.utexas.edu /export/httpd/vhosts/texasbeyondhistory/data/protect/choke/images Choke-Lizard.jpg
2006.08.28 11:09 B L:\TBH Website Temp\choke\images\Choke-Paleo-Er-Arch-sm.jpg --> uts.cc.utexas.edu /export/httpd/vhosts/texasbeyondhistory/data/protect/choke/images Choke-Paleo-Er-Arch-sm.jpg
2006.08.28 11:09 B L:\TBH Website Temp\choke\images\Choke-Paleo-Er-Arch.html --> uts.cc.utexas.edu /export/httpd/vhosts/texasbeyondhistory/data/protect/choke/images Choke-Paleo-Er-Arch.html
2006.08.28 11:09 B L:\TBH Website Temp\choke\images\Choke-Paleo-Er-Arch.jpg --> uts.cc.utexas.edu /export/httpd/vhosts/texasbeyondhistory/data/protect/choke/images Choke-Paleo-Er-Arch.jpg
2006.08.28 11:09 B L:\TBH Website Temp\choke\images\Choke-Persimmon-row-sm.jpg --> uts.cc.utexas.edu /export/httpd/vhosts/texasbeyondhistory/data/protect/choke/images Choke-Persimmon-row-sm.jpg
2006.08.28 11:09 B L:\TBH Website Temp\choke\images\Choke-Persimmon.html --> uts.cc.utexas.edu /export/httpd/vhosts/texasbeyondhistory/data/protect/choke/images Choke-Persimmon.html
2006.08.28 11:09 B L:\TBH Website Temp\choke\images\Choke-Persimmon.jpg --> uts.cc.utexas.edu /export/httpd/vhosts/texasbeyondhistory/data/protect/choke/images Choke-Persimmon.jpg
2006.08.28 11:09 B L:\TBH Website Temp\choke\images\Choke-Prickly-Pear-sm.jpg --> uts.cc.utexas.edu /export/httpd/vhosts/texasbeyondhistory/data/protect/choke/images Choke-Prickly-Pear-sm.jpg
2006.08.28 11:09 B L:\TBH Website Temp\choke\images\Choke-Prickly-Pear.html --> uts.cc.utexas.edu /export/httpd/vhosts/texasbeyondhistory/data/protect/choke/images Choke-Prickly-Pear.html
2006.08.28 11:09 B L:\TBH Website Temp\choke\images\Choke-Prickly-Pear.jpg --> uts.cc.utexas.edu /export/httpd/vhosts/texasbeyondhistory/data/protect/choke/images Choke-Prickly-Pear.jpg
2006.08.28 11:09 B L:\TBH Website Temp\choke\images\Choke-slough-sm.jpg --> uts.cc.utexas.edu /export/httpd/vhosts/texasbeyondhistory/data/protect/choke/images Choke-slough-sm.jpg
2006.08.28 11:09 B L:\TBH Website Temp\choke\images\Choke-slough.html --> uts.cc.utexas.edu /export/httpd/vhosts/texasbeyondhistory/data/protect/choke/images Choke-slough.html
2006.08.28 11:09 B L:\TBH Website Temp\choke\images\Choke-slough.jpg --> uts.cc.utexas.edu /export/httpd/vhosts/texasbeyondhistory/data/protect/choke/images Choke-slough.jpg
2006.08.28 11:09 B L:\TBH Website Temp\choke\images\Choke-sunrise-sm.jpg --> uts.cc.utexas.edu /export/httpd/vhosts/texasbeyondhistory/data/protect/choke/images Choke-sunrise-sm.jpg
2006.08.28 11:09 B L:\TBH Website Temp\choke\images\Choke-sunrise.html --> uts.cc.utexas.edu /export/httpd/vhosts/texasbeyondhistory/data/protect/choke/images Choke-sunrise.html
2006.08.28 11:09 B L:\TBH Website Temp\choke\images\Choke-sunrise.jpg --> uts.cc.utexas.edu /export/httpd/vhosts/texasbeyondhistory/data/protect/choke/images Choke-sunrise.jpg
2006.08.28 11:09 B L:\TBH Website Temp\choke\images\Choke-valley-wall-gravels-sm.jpg --> uts.cc.utexas.edu /export/httpd/vhosts/texasbeyondhistory/data/protect/choke/images Choke-valley-wall-gravels-sm.jpg
2006.08.28 11:09 B L:\TBH Website Temp\choke\images\Choke-valley-wall-gravels.html --> uts.cc.utexas.edu /export/httpd/vhosts/texasbeyondhistory/data/protect/choke/images Choke-valley-wall-gravels.html
2006.08.28 11:09 B L:\TBH Website Temp\choke\images\Choke-valley-wall-gravels.jpg --> uts.cc.utexas.edu /export/httpd/vhosts/texasbeyondhistory/data/protect/choke/images Choke-valley-wall-gravels.jpg
2006.08.28 11:09 B L:\TBH Website Temp\choke\images\Icon.jpg --> uts.cc.utexas.edu /export/httpd/vhosts/texasbeyondhistory/data/protect/choke/images Icon.jpg
2006.08.28 11:09 B L:\TBH Website Temp\choke\images\Javelinas-Stiba-row-sm.jpg --> uts.cc.utexas.edu /export/httpd/vhosts/texasbeyondhistory/data/protect/choke/images Javelinas-Stiba-row-sm.jpg
2006.08.28 11:09 B L:\TBH Website Temp\choke\images\Javelinas-Stiba.html --> uts.cc.utexas.edu /export/httpd/vhosts/texasbeyondhistory/data/protect/choke/images Javelinas-Stiba.html
2006.08.28 11:09 B L:\TBH Website Temp\choke\images\Javelinas-Stiba.jpg --> uts.cc.utexas.edu /export/httpd/vhosts/texasbeyondhistory/data/protect/choke/images Javelinas-Stiba.jpg
2006.08.28 11:09 B L:\TBH Website Temp\choke\images\Jurgens-Fig29-row-sm.jpg --> uts.cc.utexas.edu /export/httpd/vhosts/texasbeyondhistory/data/protect/choke/images Jurgens-Fig29-row-sm.jpg
2006.08.28 11:09 B L:\TBH Website Temp\choke\images\Jurgens-Fig29.html --> uts.cc.utexas.edu /export/httpd/vhosts/texasbeyondhistory/data/protect/choke/images Jurgens-Fig29.html
2006.08.28 11:09 B L:\TBH Website Temp\choke\images\Jurgens-Fig29.jpg --> uts.cc.utexas.edu /export/httpd/vhosts/texasbeyondhistory/data/protect/choke/images Jurgens-Fig29.jpg
2006.08.28 11:09 B L:\TBH Website Temp\choke\images\LK201-Late-Preh-sm.jpg --> uts.cc.utexas.edu /export/httpd/vhosts/texasbeyondhistory/data/protect/choke/images LK201-Late-Preh-sm.jpg
2006.08.28 11:09 B L:\TBH Website Temp\choke\images\LK201-Late-Preh.html --> uts.cc.utexas.edu /export/httpd/vhosts/texasbeyondhistory/data/protect/choke/images LK201-Late-Preh.html
2006.08.28 11:09 B L:\TBH Website Temp\choke\images\LK201-Late-Preh.jpg --> uts.cc.utexas.edu /export/httpd/vhosts/texasbeyondhistory/data/protect/choke/images LK201-Late-Preh.jpg
2006.08.28 11:09 B L:\TBH Website Temp\choke\images\LK201-SLB-debris-sm.jpg --> uts.cc.utexas.edu /export/httpd/vhosts/texasbeyondhistory/data/protect/choke/images LK201-SLB-debris-sm.jpg
2006.08.28 11:09 B L:\TBH Website Temp\choke\images\LK201-SLB-debris.html --> uts.cc.utexas.edu /export/httpd/vhosts/texasbeyondhistory/data/protect/choke/images LK201-SLB-debris.html
2006.08.28 11:09 B L:\TBH Website Temp\choke\images\LK201-SLB-debris.jpg --> uts.cc.utexas.edu /export/httpd/vhosts/texasbeyondhistory/data/protect/choke/images LK201-SLB-debris.jpg
2006.08.28 11:09 B L:\TBH Website Temp\choke\images\LK201-SLB-Frio-flood-sm.jpg --> uts.cc.utexas.edu /export/httpd/vhosts/texasbeyondhistory/data/protect/choke/images LK201-SLB-Frio-flood-sm.jpg
2006.08.28 11:09 B L:\TBH Website Temp\choke\images\LK201-SLB-Frio-flood.html --> uts.cc.utexas.edu /export/httpd/vhosts/texasbeyondhistory/data/protect/choke/images LK201-SLB-Frio-flood.html
2006.08.28 11:09 B L:\TBH Website Temp\choke\images\LK201-SLB-Frio-flood.jpg --> uts.cc.utexas.edu /export/httpd/vhosts/texasbeyondhistory/data/protect/choke/images LK201-SLB-Frio-flood.jpg
2006.08.28 11:09 B L:\TBH Website Temp\choke\images\LK201-SLB3-sm.jpg --> uts.cc.utexas.edu /export/httpd/vhosts/texasbeyondhistory/data/protect/choke/images LK201-SLB3-sm.jpg
2006.08.28 11:09 B L:\TBH Website Temp\choke\images\LK201-SLB3.html --> uts.cc.utexas.edu /export/httpd/vhosts/texasbeyondhistory/data/protect/choke/images LK201-SLB3.html
2006.08.28 11:09 B L:\TBH Website Temp\choke\images\LK201-SLB3.jpg --> uts.cc.utexas.edu /export/httpd/vhosts/texasbeyondhistory/data/protect/choke/images LK201-SLB3.jpg
2006.08.28 11:09 B L:\TBH Website Temp\choke\images\LK31-32-CDusek-DPotter-sm.jpg --> uts.cc.utexas.edu /export/httpd/vhosts/texasbeyondhistory/data/protect/choke/images LK31-32-CDusek-DPotter-sm.jpg
2006.08.28 11:09 B L:\TBH Website Temp\choke\images\LK31-32-CDusek-DPotter.html --> uts.cc.utexas.edu /export/httpd/vhosts/texasbeyondhistory/data/protect/choke/images LK31-32-CDusek-DPotter.html
2006.08.28 11:09 B L:\TBH Website Temp\choke\images\LK31-32-CDusek-DPotter.jpg --> uts.cc.utexas.edu /export/httpd/vhosts/texasbeyondhistory/data/protect/choke/images LK31-32-CDusek-DPotter.jpg
2006.08.28 11:09 B L:\TBH Website Temp\choke\images\LK31-32-CDusek-ERoemer-sm.jpg --> uts.cc.utexas.edu /export/httpd/vhosts/texasbeyondhistory/data/protect/choke/images LK31-32-CDusek-ERoemer-sm.jpg
2006.08.28 11:09 B L:\TBH Website Temp\choke\images\LK31-32-CDusek-ERoemer.html --> uts.cc.utexas.edu /export/httpd/vhosts/texasbeyondhistory/data/protect/choke/images LK31-32-CDusek-ERoemer.html
2006.08.28 11:09 B L:\TBH Website Temp\choke\images\LK31-32-CDusek-ERoemer.jpg --> uts.cc.utexas.edu /export/httpd/vhosts/texasbeyondhistory/data/protect/choke/images LK31-32-CDusek-ERoemer.jpg
2006.08.28 11:09 B L:\TBH Website Temp\choke\images\LK31-32-CSlayton-CDusek-sm.jpg --> uts.cc.utexas.edu /export/httpd/vhosts/texasbeyondhistory/data/protect/choke/images LK31-32-CSlayton-CDusek-sm.jpg
2006.08.28 11:09 B L:\TBH Website Temp\choke\images\LK31-32-CSlayton-CDusek.html --> uts.cc.utexas.edu /export/httpd/vhosts/texasbeyondhistory/data/protect/choke/images LK31-32-CSlayton-CDusek.html
2006.08.28 11:09 B L:\TBH Website Temp\choke\images\LK31-32-CSlayton-CDusek.jpg --> uts.cc.utexas.edu /export/httpd/vhosts/texasbeyondhistory/data/protect/choke/images LK31-32-CSlayton-CDusek.jpg
2006.08.28 11:09 B L:\TBH Website Temp\choke\images\LK31-32-flooded-Frio-sm.jpg --> uts.cc.utexas.edu /export/httpd/vhosts/texasbeyondhistory/data/protect/choke/images LK31-32-flooded-Frio-sm.jpg
2006.08.28 11:09 B L:\TBH Website Temp\choke\images\LK31-32-flooded-Frio.html --> uts.cc.utexas.edu /export/httpd/vhosts/texasbeyondhistory/data/protect/choke/images LK31-32-flooded-Frio.html
2006.08.28 11:09 B L:\TBH Website Temp\choke\images\LK31-32-flooded-Frio.jpg --> uts.cc.utexas.edu /export/httpd/vhosts/texasbeyondhistory/data/protect/choke/images LK31-32-flooded-Frio.jpg
2006.08.28 11:09 B L:\TBH Website Temp\choke\images\LK31-32-Metal-point-sm.jpg --> uts.cc.utexas.edu /export/httpd/vhosts/texasbeyondhistory/data/protect/choke/images LK31-32-Metal-point-sm.jpg
2006.08.28 11:09 B L:\TBH Website Temp\choke\images\LK31-32-Metal-point.html --> uts.cc.utexas.edu /export/httpd/vhosts/texasbeyondhistory/data/protect/choke/images LK31-32-Metal-point.html
2006.08.28 11:09 B L:\TBH Website Temp\choke\images\LK31-32-Metal-point.jpg --> uts.cc.utexas.edu /export/httpd/vhosts/texasbeyondhistory/data/protect/choke/images LK31-32-Metal-point.jpg
2006.08.28 11:09 B L:\TBH Website Temp\choke\images\LK31-32-Mid-Arch-diagnostics-sm.jpg --> uts.cc.utexas.edu /export/httpd/vhosts/texasbeyondhistory/data/protect/choke/images LK31-32-Mid-Arch-diagnostics-sm.jpg
2006.08.28 11:09 B L:\TBH Website Temp\choke\images\LK31-32-Mid-Arch-diagnostics.html --> uts.cc.utexas.edu /export/httpd/vhosts/texasbeyondhistory/data/protect/choke/images LK31-32-Mid-Arch-diagnostics.html
2006.08.28 11:09 B L:\TBH Website Temp\choke\images\LK31-32-Mid-Arch-diagnostics.jpg --> uts.cc.utexas.edu /export/httpd/vhosts/texasbeyondhistory/data/protect/choke/images LK31-32-Mid-Arch-diagnostics.jpg
2006.08.28 11:09 B L:\TBH Website Temp\choke\images\LK31-32-Something-B-sm.jpg --> uts.cc.utexas.edu /export/httpd/vhosts/texasbeyondhistory/data/protect/choke/images LK31-32-Something-B-sm.jpg
2006.08.28 11:09 B L:\TBH Website Temp\choke\images\LK31-32-Something-B.html --> uts.cc.utexas.edu /export/httpd/vhosts/texasbeyondhistory/data/protect/choke/images LK31-32-Something-B.html
2006.08.28 11:09 B L:\TBH Website Temp\choke\images\LK31-32-Something-B.jpg --> uts.cc.utexas.edu /export/httpd/vhosts/texasbeyondhistory/data/protect/choke/images LK31-32-Something-B.jpg
2006.08.28 11:09 B L:\TBH Website Temp\choke\images\LK31-32-view-West-sm.jpg --> uts.cc.utexas.edu /export/httpd/vhosts/texasbeyondhistory/data/protect/choke/images LK31-32-view-West-sm.jpg
2006.08.28 11:09 B L:\TBH Website Temp\choke\images\LK31-32-view-West.html --> uts.cc.utexas.edu /export/httpd/vhosts/texasbeyondhistory/data/protect/choke/images LK31-32-view-West.html
2006.08.28 11:09 B L:\TBH Website Temp\choke\images\LK31-32-view-West.jpg --> uts.cc.utexas.edu /export/httpd/vhosts/texasbeyondhistory/data/protect/choke/images LK31-32-view-West.jpg
2006.08.28 11:09 B L:\TBH Website Temp\choke\images\LK31-32-West-wall-sm.jpg --> uts.cc.utexas.edu /export/httpd/vhosts/texasbeyondhistory/data/protect/choke/images LK31-32-West-wall-sm.jpg
2006.08.28 11:09 B L:\TBH Website Temp\choke\images\LK31-32-West-wall.html --> uts.cc.utexas.edu /export/httpd/vhosts/texasbeyondhistory/data/protect/choke/images LK31-32-West-wall.html
2006.08.28 11:09 B L:\TBH Website Temp\choke\images\LK31-32-West-wall.jpg --> uts.cc.utexas.edu /export/httpd/vhosts/texasbeyondhistory/data/protect/choke/images LK31-32-West-wall.jpg
2006.08.28 11:09 B L:\TBH Website Temp\choke\images\LK51-Field-Mice-row-sm.jpg --> uts.cc.utexas.edu /export/httpd/vhosts/texasbeyondhistory/data/protect/choke/images LK51-Field-Mice-row-sm.jpg
2006.08.28 11:09 B L:\TBH Website Temp\choke\images\LK51-Field-Mice.html --> uts.cc.utexas.edu /export/httpd/vhosts/texasbeyondhistory/data/protect/choke/images LK51-Field-Mice.html
2006.08.28 11:09 B L:\TBH Website Temp\choke\images\LK51-Field-Mice.jpg --> uts.cc.utexas.edu /export/httpd/vhosts/texasbeyondhistory/data/protect/choke/images LK51-Field-Mice.jpg
2006.08.28 11:09 B L:\TBH Website Temp\choke\images\LK53-Archaic-Hearth-sm.jpg --> uts.cc.utexas.edu /export/httpd/vhosts/texasbeyondhistory/data/protect/choke/images LK53-Archaic-Hearth-sm.jpg
2006.08.28 11:09 B L:\TBH Website Temp\choke\images\LK53-Archaic-Hearth.html --> uts.cc.utexas.edu /export/httpd/vhosts/texasbeyondhistory/data/protect/choke/images LK53-Archaic-Hearth.html
2006.08.28 11:09 B L:\TBH Website Temp\choke\images\LK53-Archaic-Hearth.jpg --> uts.cc.utexas.edu /export/httpd/vhosts/texasbeyondhistory/data/protect/choke/images LK53-Archaic-Hearth.jpg
2006.08.28 11:09 B L:\TBH Website Temp\choke\images\LK67-SBlack-SSW-sm.jpg --> uts.cc.utexas.edu /export/httpd/vhosts/texasbeyondhistory/data/protect/choke/images LK67-SBlack-SSW-sm.jpg
2006.08.28 11:09 B L:\TBH Website Temp\choke\images\LK67-SBlack-SSW.html --> uts.cc.utexas.edu /export/httpd/vhosts/texasbeyondhistory/data/protect/choke/images LK67-SBlack-SSW.html
2006.08.28 11:09 B L:\TBH Website Temp\choke\images\LK67-SBlack-SSW.jpg --> uts.cc.utexas.edu /export/httpd/vhosts/texasbeyondhistory/data/protect/choke/images LK67-SBlack-SSW.jpg
2006.08.28 11:09 B L:\TBH Website Temp\choke\images\MC222-Artifacts-BisonBones-sm.jpg --> uts.cc.utexas.edu /export/httpd/vhosts/texasbeyondhistory/data/protect/choke/images MC222-Artifacts-BisonBones-sm.jpg
2006.08.28 11:09 B L:\TBH Website Temp\choke\images\MC222-Artifacts-BisonBones.html --> uts.cc.utexas.edu /export/httpd/vhosts/texasbeyondhistory/data/protect/choke/images MC222-Artifacts-BisonBones.html
2006.08.28 11:09 B L:\TBH Website Temp\choke\images\MC222-Artifacts-BisonBones.jpg --> uts.cc.utexas.edu /export/httpd/vhosts/texasbeyondhistory/data/protect/choke/images MC222-Artifacts-BisonBones.jpg
2006.08.28 11:09 B L:\TBH Website Temp\choke\images\MC222-bison-and-lithics-sm.jpg --> uts.cc.utexas.edu /export/httpd/vhosts/texasbeyondhistory/data/protect/choke/images MC222-bison-and-lithics-sm.jpg
2006.08.28 11:09 B L:\TBH Website Temp\choke\images\MC222-bison-and-lithics.html --> uts.cc.utexas.edu /export/httpd/vhosts/texasbeyondhistory/data/protect/choke/images MC222-bison-and-lithics.html
2006.08.28 11:09 B L:\TBH Website Temp\choke\images\MC222-bison-and-lithics.jpg --> uts.cc.utexas.edu /export/httpd/vhosts/texasbeyondhistory/data/protect/choke/images MC222-bison-and-lithics.jpg
2006.08.28 11:09 B L:\TBH Website Temp\choke\images\MC222-burnt-bone-flint-flakes-sm.jpg --> uts.cc.utexas.edu /export/httpd/vhosts/texasbeyondhistory/data/protect/choke/images MC222-burnt-bone-flint-flakes-sm.jpg
2006.08.28 11:09 B L:\TBH Website Temp\choke\images\MC222-burnt-bone-flint-flakes.html --> uts.cc.utexas.edu /export/httpd/vhosts/texasbeyondhistory/data/protect/choke/images MC222-burnt-bone-flint-flakes.html
2006.08.28 11:09 B L:\TBH Website Temp\choke\images\MC222-burnt-bone-flint-flakes.jpg --> uts.cc.utexas.edu /export/httpd/vhosts/texasbeyondhistory/data/protect/choke/images MC222-burnt-bone-flint-flakes.jpg
2006.08.28 11:09 B L:\TBH Website Temp\choke\images\MC222-Pot-Section-1-sm.jpg --> uts.cc.utexas.edu /export/httpd/vhosts/texasbeyondhistory/data/protect/choke/images MC222-Pot-Section-1-sm.jpg
2006.08.28 11:09 B L:\TBH Website Temp\choke\images\MC222-Pot-Section-1.html --> uts.cc.utexas.edu /export/httpd/vhosts/texasbeyondhistory/data/protect/choke/images MC222-Pot-Section-1.html
2006.08.28 11:09 B L:\TBH Website Temp\choke\images\MC222-Pot-Section-1.jpg --> uts.cc.utexas.edu /export/httpd/vhosts/texasbeyondhistory/data/protect/choke/images MC222-Pot-Section-1.jpg
2006.08.28 11:09 B L:\TBH Website Temp\choke\images\MC222-View-N-sm.jpg --> uts.cc.utexas.edu /export/httpd/vhosts/texasbeyondhistory/data/protect/choke/images MC222-View-N-sm.jpg
2006.08.28 11:09 B L:\TBH Website Temp\choke\images\MC222-View-N.html --> uts.cc.utexas.edu /export/httpd/vhosts/texasbeyondhistory/data/protect/choke/images MC222-View-N.html
2006.08.28 11:09 B L:\TBH Website Temp\choke\images\MC222-View-N.jpg --> uts.cc.utexas.edu /export/httpd/vhosts/texasbeyondhistory/data/protect/choke/images MC222-View-N.jpg
2006.08.28 11:09 B L:\TBH Website Temp\choke\images\Rattlesnake-Stiba-row-sm.jpg --> uts.cc.utexas.edu /export/httpd/vhosts/texasbeyondhistory/data/protect/choke/images Rattlesnake-Stiba-row-sm.jpg
2006.08.28 11:09 B L:\TBH Website Temp\choke\images\Rattlesnake-Stiba.html --> uts.cc.utexas.edu /export/httpd/vhosts/texasbeyondhistory/data/protect/choke/images Rattlesnake-Stiba.html
2006.08.28 11:09 B L:\TBH Website Temp\choke\images\Rattlesnake-Stiba.jpg --> uts.cc.utexas.edu /export/httpd/vhosts/texasbeyondhistory/data/protect/choke/images Rattlesnake-Stiba.jpg
2006.09.07 13:38 B L:\TBH Website Temp\choke\images\bird-nest-stiba.html --> uts.cc.utexas.edu /export/httpd/vhosts/texasbeyondhistory/data/protect/choke/images bird-nest-stiba.html
2006.09.07 13:38 B L:\TBH Website Temp\choke\images\Bobcat-GHall.jpg --> uts.cc.utexas.edu /export/httpd/vhosts/texasbeyondhistory/data/protect/choke/images Bobcat-GHall.jpg
2006.09.07 13:38 B L:\TBH Website Temp\choke\images\Choke-ForenceKnolle-sm.jpg --> uts.cc.utexas.edu /export/httpd/vhosts/texasbeyondhistory/data/protect/choke/images Choke-ForenceKnolle-sm.jpg
2006.09.07 13:38 B L:\TBH Website Temp\choke\images\Choke-Fruits-Seeds.html --> uts.cc.utexas.edu /export/httpd/vhosts/texasbeyondhistory/data/protect/choke/images Choke-Fruits-Seeds.html
2006.09.07 13:38 B L:\TBH Website Temp\choke\images\LK31-32-CDusek-ERoemer-row-sm.jpg --> uts.cc.utexas.edu /export/httpd/vhosts/texasbeyondhistory/data/protect/choke/images LK31-32-CDusek-ERoemer-row-sm.jpg
2006.09.07 13:38 B L:\TBH Website Temp\choke\images\LK31-32-flooded-Frio-row-sm.jpg --> uts.cc.utexas.edu /export/httpd/vhosts/texasbeyondhistory/data/protect/choke/images LK31-32-flooded-Frio-row-sm.jpg
2006.09.07 13:38 B L:\TBH Website Temp\choke\images\LK31-32-view-West-row-sm.jpg --> uts.cc.utexas.edu /export/httpd/vhosts/texasbeyondhistory/data/protect/choke/images LK31-32-view-West-row-sm.jpg
2006.09.07 13:38 B L:\TBH Website Temp\choke\images\Lynn-1977-Fig1-sm.jpg --> uts.cc.utexas.edu /export/httpd/vhosts/texasbeyondhistory/data/protect/choke/images Lynn-1977-Fig1-sm.jpg
2006.09.07 13:38 B L:\TBH Website Temp\choke\images\Lynn-1977-Fig1.html --> uts.cc.utexas.edu /export/httpd/vhosts/texasbeyondhistory/data/protect/choke/images Lynn-1977-Fig1.html
2006.09.07 13:38 B L:\TBH Website Temp\choke\images\Lynn-1977-Fig1.jpg --> uts.cc.utexas.edu /export/httpd/vhosts/texasbeyondhistory/data/protect/choke/images Lynn-1977-Fig1.jpg
2006.09.07 13:38 B L:\TBH Website Temp\choke\images\MC222-burnt-bone-sm.jpg --> uts.cc.utexas.edu /export/httpd/vhosts/texasbeyondhistory/data/protect/choke/images MC222-burnt-bone-sm.jpg
2006.09.07 13:38 B L:\TBH Website Temp\choke\images\MC222-burnt-bone.html --> uts.cc.utexas.edu /export/httpd/vhosts/texasbeyondhistory/data/protect/choke/images MC222-burnt-bone.html
2006.09.07 13:38 B L:\TBH Website Temp\choke\images\MC222-burnt-bone.jpg --> uts.cc.utexas.edu /export/httpd/vhosts/texasbeyondhistory/data/protect/choke/images MC222-burnt-bone.jpg
2006.09.07 13:38 B L:\TBH Website Temp\choke\images\MC222-row-Artifacts-BisonBones-sm.jpg --> uts.cc.utexas.edu /export/httpd/vhosts/texasbeyondhistory/data/protect/choke/images MC222-row-Artifacts-BisonBones-sm.jpg
2006.09.07 13:38 B L:\TBH Website Temp\choke\images\MC222-row-Pot-Section-1-sm.jpg --> uts.cc.utexas.edu /export/httpd/vhosts/texasbeyondhistory/data/protect/choke/images MC222-row-Pot-Section-1-sm.jpg
2006.09.07 13:38 B L:\TBH Website Temp\choke\images\Thumbs.db --> uts.cc.utexas.edu /export/httpd/vhosts/texasbeyondhistory/data/protect/choke/images Thumbs.db
2006.09.07 13:38 B L:\TBH Website Temp\choke\images\WS_FTP.LOG --> uts.cc.utexas.edu /export/httpd/vhosts/texasbeyondhistory/data/protect/choke/images WS_FTP.LOG
2006.09.10 15:19 B L:\TBH Website Temp\choke\images\LK201-Highley-1986-Fig1.html --> uts.cc.utexas.edu /export/httpd/vhosts/texasbeyondhistory/data/protect/choke/images LK201-Highley-1986-Fig1.html
2006.09.10 15:19 B L:\TBH Website Temp\choke\images\Thumbs.db --> uts.cc.utexas.edu /export/httpd/vhosts/texasbeyondhistory/data/protect/choke/images Thumbs.db
2006.09.10 15:19 B L:\TBH Website Temp\choke\images\LK201-Highley-1986-Fig1-sm.jpg --> uts.cc.utexas.edu /export/httpd/vhosts/texasbeyondhistory/data/protect/choke/images LK201-Highley-1986-Fig1-sm.jpg
2006.09.10 15:19 B L:\TBH Website Temp\choke\images\LK201-Highley-1986-Fig1.jpg --> uts.cc.utexas.edu /export/httpd/vhosts/texasbeyondhistory/data/protect/choke/images LK201-Highley-1986-Fig1.jpg
2006.09.10 15:19 B L:\TBH Website Temp\choke\images\CanyonMouth-Dusek.html --> uts.cc.utexas.edu /export/httpd/vhosts/texasbeyondhistory/data/protect/choke/images CanyonMouth-Dusek.html
2006.09.10 15:19 B L:\TBH Website Temp\choke\images\CanyonMouth-Dusek-sm.jpg --> uts.cc.utexas.edu /export/httpd/vhosts/texasbeyondhistory/data/protect/choke/images CanyonMouth-Dusek-sm.jpg
2006.09.10 15:19 B L:\TBH Website Temp\choke\images\CanyonMouth-Dusek.jpg --> uts.cc.utexas.edu /export/httpd/vhosts/texasbeyondhistory/data/protect/choke/images CanyonMouth-Dusek.jpg
2006.09.10 15:19 B L:\TBH Website Temp\choke\images\Brush-MC222-Dusek.html --> uts.cc.utexas.edu /export/httpd/vhosts/texasbeyondhistory/data/protect/choke/images Brush-MC222-Dusek.html
2006.09.10 15:19 B L:\TBH Website Temp\choke\images\Brush-MC-Dusek-sm.jpg --> uts.cc.utexas.edu /export/httpd/vhosts/texasbeyondhistory/data/protect/choke/images Brush-MC-Dusek-sm.jpg
2006.09.10 15:19 B L:\TBH Website Temp\choke\images\Brush-MC-Dusek.jpg --> uts.cc.utexas.edu /export/httpd/vhosts/texasbeyondhistory/data/protect/choke/images Brush-MC-Dusek.jpg
2006.09.10 15:19 B L:\TBH Website Temp\choke\images\Jurgens-Fig29.html --> uts.cc.utexas.edu /export/httpd/vhosts/texasbeyondhistory/data/protect/choke/images Jurgens-Fig29.html
2006.09.10 16:50 B L:\TBH Website Temp\choke\images\MC222-Hall-1986-Fig62.html --> uts.cc.utexas.edu /export/httpd/vhosts/texasbeyondhistory/data/protect/choke/images MC222-Hall-1986-Fig62.html
2006.09.10 16:50 B L:\TBH Website Temp\choke\images\MC222-Hall-1986-Fig62-sm.jpg --> uts.cc.utexas.edu /export/httpd/vhosts/texasbeyondhistory/data/protect/choke/images MC222-Hall-1986-Fig62-sm.jpg
2006.09.10 16:50 B L:\TBH Website Temp\choke\images\MC222-Hall-1986-Fig62.jpg --> uts.cc.utexas.edu /export/httpd/vhosts/texasbeyondhistory/data/protect/choke/images MC222-Hall-1986-Fig62.jpg
2006.09.12 11:30 B L:\TBH Website Temp\choke\images\Bobcat-GHall.html --> uts.cc.utexas.edu /export/httpd/vhosts/texasbeyondhistory/data/protect/choke/images Bobcat-GHall.html
2006.09.12 11:30 B L:\TBH Website Temp\choke\images\MC222-View-N.html --> uts.cc.utexas.edu /export/httpd/vhosts/texasbeyondhistory/data/protect/choke/images MC222-View-N.html
2006.09.12 11:30 B L:\TBH Website Temp\choke\images\MC222-Pot-Section-1.html --> uts.cc.utexas.edu /export/httpd/vhosts/texasbeyondhistory/data/protect/choke/images MC222-Pot-Section-1.html
2006.09.12 11:30 B L:\TBH Website Temp\choke\images\MC222-Hall-1986-Fig62.html --> uts.cc.utexas.edu /export/httpd/vhosts/texasbeyondhistory/data/protect/choke/images MC222-Hall-1986-Fig62.html
2006.09.12 11:30 B L:\TBH Website Temp\choke\images\MC222-bison-and-lithics.html --> uts.cc.utexas.edu /export/httpd/vhosts/texasbeyondhistory/data/protect/choke/images MC222-bison-and-lithics.html
2006.09.12 11:30 B L:\TBH Website Temp\choke\images\MC222-Artifacts-BisonBones.html --> uts.cc.utexas.edu /export/httpd/vhosts/texasbeyondhistory/data/protect/choke/images MC222-Artifacts-BisonBones.html
2006.09.12 11:30 B L:\TBH Website Temp\choke\images\LK67-SBlack-SSW.html --> uts.cc.utexas.edu /export/httpd/vhosts/texasbeyondhistory/data/protect/choke/images LK67-SBlack-SSW.html
2006.09.12 11:30 B L:\TBH Website Temp\choke\images\LK53-Archaic-Hearth.html --> uts.cc.utexas.edu /export/httpd/vhosts/texasbeyondhistory/data/protect/choke/images LK53-Archaic-Hearth.html
2006.09.12 11:30 B L:\TBH Website Temp\choke\images\LK51-Field-Mice.html --> uts.cc.utexas.edu /export/httpd/vhosts/texasbeyondhistory/data/protect/choke/images LK51-Field-Mice.html
2006.09.12 11:30 B L:\TBH Website Temp\choke\images\LK31-32-West-wall.html --> uts.cc.utexas.edu /export/httpd/vhosts/texasbeyondhistory/data/protect/choke/images LK31-32-West-wall.html
2006.09.12 11:30 B L:\TBH Website Temp\choke\images\LK31-32-view-West.html --> uts.cc.utexas.edu /export/httpd/vhosts/texasbeyondhistory/data/protect/choke/images LK31-32-view-West.html
2006.09.12 11:30 B L:\TBH Website Temp\choke\images\LK31-32-Something-B.html --> uts.cc.utexas.edu /export/httpd/vhosts/texasbeyondhistory/data/protect/choke/images LK31-32-Something-B.html
2006.09.12 11:30 B L:\TBH Website Temp\choke\images\LK31-32-Mid-Arch-diagnostics.html --> uts.cc.utexas.edu /export/httpd/vhosts/texasbeyondhistory/data/protect/choke/images LK31-32-Mid-Arch-diagnostics.html
2006.09.12 11:30 B L:\TBH Website Temp\choke\images\LK31-32-Metal-point.html --> uts.cc.utexas.edu /export/httpd/vhosts/texasbeyondhistory/data/protect/choke/images LK31-32-Metal-point.html
2006.09.12 11:30 B L:\TBH Website Temp\choke\images\LK31-32-flooded-Frio.html --> uts.cc.utexas.edu /export/httpd/vhosts/texasbeyondhistory/data/protect/choke/images LK31-32-flooded-Frio.html
2006.09.12 11:30 B L:\TBH Website Temp\choke\images\LK31-32-CSlayton-CDusek.html --> uts.cc.utexas.edu /export/httpd/vhosts/texasbeyondhistory/data/protect/choke/images LK31-32-CSlayton-CDusek.html
2006.09.12 11:30 B L:\TBH Website Temp\choke\images\LK31-32-CDusek-ERoemer.html --> uts.cc.utexas.edu /export/httpd/vhosts/texasbeyondhistory/data/protect/choke/images LK31-32-CDusek-ERoemer.html
2006.09.12 11:30 B L:\TBH Website Temp\choke\images\LK31-32-CDusek-DPotter.html --> uts.cc.utexas.edu /export/httpd/vhosts/texasbeyondhistory/data/protect/choke/images LK31-32-CDusek-DPotter.html
2006.09.12 11:30 B L:\TBH Website Temp\choke\images\LK201-SLB3.html --> uts.cc.utexas.edu /export/httpd/vhosts/texasbeyondhistory/data/protect/choke/images LK201-SLB3.html
2006.09.12 11:30 B L:\TBH Website Temp\choke\images\LK201-SLB-Frio-flood.html --> uts.cc.utexas.edu /export/httpd/vhosts/texasbeyondhistory/data/protect/choke/images LK201-SLB-Frio-flood.html
2006.09.12 11:30 B L:\TBH Website Temp\choke\images\LK201-SLB-debris.html --> uts.cc.utexas.edu /export/httpd/vhosts/texasbeyondhistory/data/protect/choke/images LK201-SLB-debris.html
2006.09.12 11:30 B L:\TBH Website Temp\choke\images\LK201-Late-Preh.html --> uts.cc.utexas.edu /export/httpd/vhosts/texasbeyondhistory/data/protect/choke/images LK201-Late-Preh.html
2006.09.12 11:30 B L:\TBH Website Temp\choke\images\LK201-Highley-1986-Fig1.html --> uts.cc.utexas.edu /export/httpd/vhosts/texasbeyondhistory/data/protect/choke/images LK201-Highley-1986-Fig1.html
2006.09.12 11:30 B L:\TBH Website Temp\choke\images\Javelinas-Stiba.html --> uts.cc.utexas.edu /export/httpd/vhosts/texasbeyondhistory/data/protect/choke/images Javelinas-Stiba.html
2006.09.12 11:30 B L:\TBH Website Temp\choke\images\Choke-valley-wall-gravels.html --> uts.cc.utexas.edu /export/httpd/vhosts/texasbeyondhistory/data/protect/choke/images Choke-valley-wall-gravels.html
2006.09.12 11:30 B L:\TBH Website Temp\choke\images\Choke-sunrise.html --> uts.cc.utexas.edu /export/httpd/vhosts/texasbeyondhistory/data/protect/choke/images Choke-sunrise.html
2006.09.12 11:30 B L:\TBH Website Temp\choke\images\Choke-slough.html --> uts.cc.utexas.edu /export/httpd/vhosts/texasbeyondhistory/data/protect/choke/images Choke-slough.html
2006.09.12 11:30 B L:\TBH Website Temp\choke\images\Choke-Prickly-Pear.html --> uts.cc.utexas.edu /export/httpd/vhosts/texasbeyondhistory/data/protect/choke/images Choke-Prickly-Pear.html
2006.09.12 11:30 B L:\TBH Website Temp\choke\images\Choke-Persimmon.html --> uts.cc.utexas.edu /export/httpd/vhosts/texasbeyondhistory/data/protect/choke/images Choke-Persimmon.html
2006.09.12 11:30 B L:\TBH Website Temp\choke\images\Choke-Paleo-Er-Arch.html --> uts.cc.utexas.edu /export/httpd/vhosts/texasbeyondhistory/data/protect/choke/images Choke-Paleo-Er-Arch.html
2006.09.12 11:30 B L:\TBH Website Temp\choke\images\Choke-Lizard.html --> uts.cc.utexas.edu /export/httpd/vhosts/texasbeyondhistory/data/protect/choke/images Choke-Lizard.html
2006.09.12 11:30 B L:\TBH Website Temp\choke\images\Choke-Late-Pre-2.html --> uts.cc.utexas.edu /export/httpd/vhosts/texasbeyondhistory/data/protect/choke/images Choke-Late-Pre-2.html
2006.09.12 11:30 B L:\TBH Website Temp\choke\images\Choke-Landscape.html --> uts.cc.utexas.edu /export/httpd/vhosts/texasbeyondhistory/data/protect/choke/images Choke-Landscape.html
2006.09.12 11:30 B L:\TBH Website Temp\choke\images\Choke-Grinding-tools2.html --> uts.cc.utexas.edu /export/httpd/vhosts/texasbeyondhistory/data/protect/choke/images Choke-Grinding-tools2.html
2006.09.12 11:30 B L:\TBH Website Temp\choke\images\Choke-Gouges.html --> uts.cc.utexas.edu /export/httpd/vhosts/texasbeyondhistory/data/protect/choke/images Choke-Gouges.html
2006.09.12 11:30 B L:\TBH Website Temp\choke\images\Choke-Fruits-Seeds.html --> uts.cc.utexas.edu /export/httpd/vhosts/texasbeyondhistory/data/protect/choke/images Choke-Fruits-Seeds.html
2006.09.12 11:30 B L:\TBH Website Temp\choke\images\Choke-Frio.html --> uts.cc.utexas.edu /export/httpd/vhosts/texasbeyondhistory/data/protect/choke/images Choke-Frio.html
2006.09.12 11:30 B L:\TBH Website Temp\choke\images\Choke-ForenceKnolle.html --> uts.cc.utexas.edu /export/httpd/vhosts/texasbeyondhistory/data/protect/choke/images Choke-ForenceKnolle.html
2006.09.12 11:30 B L:\TBH Website Temp\choke\images\Choke-Dart-Points.html --> uts.cc.utexas.edu /export/httpd/vhosts/texasbeyondhistory/data/protect/choke/images Choke-Dart-Points.html
2006.09.12 11:30 B L:\TBH Website Temp\choke\images\Choke-Dam-celebration.html --> uts.cc.utexas.edu /export/httpd/vhosts/texasbeyondhistory/data/protect/choke/images Choke-Dam-celebration.html
2006.09.12 11:30 B L:\TBH Website Temp\choke\images\Choke-Ceramics.html --> uts.cc.utexas.edu /export/httpd/vhosts/texasbeyondhistory/data/protect/choke/images Choke-Ceramics.html
2006.09.12 11:30 B L:\TBH Website Temp\choke\images\Choke-Bracken-Ranch.html --> uts.cc.utexas.edu /export/httpd/vhosts/texasbeyondhistory/data/protect/choke/images Choke-Bracken-Ranch.html
2006.09.12 11:30 B L:\TBH Website Temp\choke\images\Choke-Bird-Bone-Bead.html --> uts.cc.utexas.edu /export/httpd/vhosts/texasbeyondhistory/data/protect/choke/images Choke-Bird-Bone-Bead.html
2006.09.12 11:30 B L:\TBH Website Temp\choke\images\CanyonMouth-Dusek.html --> uts.cc.utexas.edu /export/httpd/vhosts/texasbeyondhistory/data/protect/choke/images CanyonMouth-Dusek.html
2006.09.12 11:30 B L:\TBH Website Temp\choke\images\Cactus-Old-Hwy-72.html --> uts.cc.utexas.edu /export/httpd/vhosts/texasbeyondhistory/data/protect/choke/images Cactus-Old-Hwy-72.html
2006.09.12 11:30 B L:\TBH Website Temp\choke\images\Buffalo-Tilden-Stiba.html --> uts.cc.utexas.edu /export/httpd/vhosts/texasbeyondhistory/data/protect/choke/images Buffalo-Tilden-Stiba.html
2006.09.12 11:30 B L:\TBH Website Temp\choke\images\Brush-MC222-Dusek.html --> uts.cc.utexas.edu /export/httpd/vhosts/texasbeyondhistory/data/protect/choke/images Brush-MC222-Dusek.html
2006.09.12 11:30 B L:\TBH Website Temp\choke\images\bird-nest-stiba.html --> uts.cc.utexas.edu /export/httpd/vhosts/texasbeyondhistory/data/protect/choke/images bird-nest-stiba.html
2006.09.12 11:30 B L:\TBH Website Temp\choke\images\Rattlesnake-Stiba.html --> uts.cc.utexas.edu /export/httpd/vhosts/texasbeyondhistory/data/protect/choke/images Rattlesnake-Stiba.html
2006.09.12 11:30 B L:\TBH Website Temp\choke\images\WS_FTP.LOG --> uts.cc.utexas.edu /export/httpd/vhosts/texasbeyondhistory/data/protect/choke/images WS_FTP.LOG
2006.09.18 14:27 B L:\TBH Website Temp\choke\images\bird-nest-Stiba-row-sm.jpg --> uts.cc.utexas.edu /export/httpd/vhosts/texasbeyondhistory/data/choke/images bird-nest-Stiba-row-sm.jpg
2006.09.18 14:27 B L:\TBH Website Temp\choke\images\bird-nest-stiba.html --> uts.cc.utexas.edu /export/httpd/vhosts/texasbeyondhistory/data/choke/images bird-nest-stiba.html
2006.09.18 14:27 B L:\TBH Website Temp\choke\images\bird-nest-Stiba.jpg --> uts.cc.utexas.edu /export/httpd/vhosts/texasbeyondhistory/data/choke/images bird-nest-Stiba.jpg
2006.09.18 14:27 B L:\TBH Website Temp\choke\images\Bobcat-GHall.html --> uts.cc.utexas.edu /export/httpd/vhosts/texasbeyondhistory/data/choke/images Bobcat-GHall.html
2006.09.18 14:27 B L:\TBH Website Temp\choke\images\Bobcat-GHall.jpg --> uts.cc.utexas.edu /export/httpd/vhosts/texasbeyondhistory/data/choke/images Bobcat-GHall.jpg
2006.09.18 14:27 B L:\TBH Website Temp\choke\images\Brush-MC-Dusek-sm.jpg --> uts.cc.utexas.edu /export/httpd/vhosts/texasbeyondhistory/data/choke/images Brush-MC-Dusek-sm.jpg
2006.09.18 14:27 B L:\TBH Website Temp\choke\images\Brush-MC-Dusek.jpg --> uts.cc.utexas.edu /export/httpd/vhosts/texasbeyondhistory/data/choke/images Brush-MC-Dusek.jpg
2006.09.18 14:27 B L:\TBH Website Temp\choke\images\Brush-MC222-Dusek.html --> uts.cc.utexas.edu /export/httpd/vhosts/texasbeyondhistory/data/choke/images Brush-MC222-Dusek.html
2006.09.18 14:27 B L:\TBH Website Temp\choke\images\Buffalo-Tilden-Stiba-row-sm.jpg --> uts.cc.utexas.edu /export/httpd/vhosts/texasbeyondhistory/data/choke/images Buffalo-Tilden-Stiba-row-sm.jpg
2006.09.18 14:27 B L:\TBH Website Temp\choke\images\Buffalo-Tilden-Stiba.html --> uts.cc.utexas.edu /export/httpd/vhosts/texasbeyondhistory/data/choke/images Buffalo-Tilden-Stiba.html
2006.09.18 14:27 B L:\TBH Website Temp\choke\images\Buffalo-Tilden-Stiba.jpg --> uts.cc.utexas.edu /export/httpd/vhosts/texasbeyondhistory/data/choke/images Buffalo-Tilden-Stiba.jpg
2006.09.18 14:27 B L:\TBH Website Temp\choke\images\Cactus-Old-Hwy-72-sm.jpg --> uts.cc.utexas.edu /export/httpd/vhosts/texasbeyondhistory/data/choke/images Cactus-Old-Hwy-72-sm.jpg
2006.09.18 14:27 B L:\TBH Website Temp\choke\images\Cactus-Old-Hwy-72.html --> uts.cc.utexas.edu /export/httpd/vhosts/texasbeyondhistory/data/choke/images Cactus-Old-Hwy-72.html
2006.09.18 14:27 B L:\TBH Website Temp\choke\images\Cactus-Old-Hwy-72.jpg --> uts.cc.utexas.edu /export/httpd/vhosts/texasbeyondhistory/data/choke/images Cactus-Old-Hwy-72.jpg
2006.09.18 14:27 B L:\TBH Website Temp\choke\images\camera-button-ro-sm.jpg --> uts.cc.utexas.edu /export/httpd/vhosts/texasbeyondhistory/data/choke/images camera-button-ro-sm.jpg
2006.09.18 14:27 B L:\TBH Website Temp\choke\images\camera-button-sm.jpg --> uts.cc.utexas.edu /export/httpd/vhosts/texasbeyondhistory/data/choke/images camera-button-sm.jpg
2006.09.18 14:27 B L:\TBH Website Temp\choke\images\CanyonMouth-Dusek-sm.jpg --> uts.cc.utexas.edu /export/httpd/vhosts/texasbeyondhistory/data/choke/images CanyonMouth-Dusek-sm.jpg
2006.09.18 14:27 B L:\TBH Website Temp\choke\images\CanyonMouth-Dusek.html --> uts.cc.utexas.edu /export/httpd/vhosts/texasbeyondhistory/data/choke/images CanyonMouth-Dusek.html
2006.09.18 14:27 B L:\TBH Website Temp\choke\images\CanyonMouth-Dusek.jpg --> uts.cc.utexas.edu /export/httpd/vhosts/texasbeyondhistory/data/choke/images CanyonMouth-Dusek.jpg
2006.09.18 14:27 B L:\TBH Website Temp\choke\images\Choke-Bird-Bone-Bead-sm.jpg --> uts.cc.utexas.edu /export/httpd/vhosts/texasbeyondhistory/data/choke/images Choke-Bird-Bone-Bead-sm.jpg
2006.09.18 14:27 B L:\TBH Website Temp\choke\images\Choke-Bird-Bone-Bead.html --> uts.cc.utexas.edu /export/httpd/vhosts/texasbeyondhistory/data/choke/images Choke-Bird-Bone-Bead.html
2006.09.18 14:27 B L:\TBH Website Temp\choke\images\Choke-Bird-Bone-Bead.jpg --> uts.cc.utexas.edu /export/httpd/vhosts/texasbeyondhistory/data/choke/images Choke-Bird-Bone-Bead.jpg
2006.09.18 14:27 B L:\TBH Website Temp\choke\images\Choke-Bracken-Ranch-sm.jpg --> uts.cc.utexas.edu /export/httpd/vhosts/texasbeyondhistory/data/choke/images Choke-Bracken-Ranch-sm.jpg
2006.09.18 14:27 B L:\TBH Website Temp\choke\images\Choke-Bracken-Ranch.html --> uts.cc.utexas.edu /export/httpd/vhosts/texasbeyondhistory/data/choke/images Choke-Bracken-Ranch.html
2006.09.18 14:27 B L:\TBH Website Temp\choke\images\Choke-Bracken-Ranch.jpg --> uts.cc.utexas.edu /export/httpd/vhosts/texasbeyondhistory/data/choke/images Choke-Bracken-Ranch.jpg
2006.09.18 14:27 B L:\TBH Website Temp\choke\images\Choke-Ceramics-sm.jpg --> uts.cc.utexas.edu /export/httpd/vhosts/texasbeyondhistory/data/choke/images Choke-Ceramics-sm.jpg
2006.09.18 14:27 B L:\TBH Website Temp\choke\images\Choke-Ceramics.html --> uts.cc.utexas.edu /export/httpd/vhosts/texasbeyondhistory/data/choke/images Choke-Ceramics.html
2006.09.18 14:27 B L:\TBH Website Temp\choke\images\Choke-Ceramics.jpg --> uts.cc.utexas.edu /export/httpd/vhosts/texasbeyondhistory/data/choke/images Choke-Ceramics.jpg
2006.09.18 14:27 B L:\TBH Website Temp\choke\images\Choke-Dam-celebration-sm.jpg --> uts.cc.utexas.edu /export/httpd/vhosts/texasbeyondhistory/data/choke/images Choke-Dam-celebration-sm.jpg
2006.09.18 14:27 B L:\TBH Website Temp\choke\images\Choke-Dam-celebration.html --> uts.cc.utexas.edu /export/httpd/vhosts/texasbeyondhistory/data/choke/images Choke-Dam-celebration.html
2006.09.18 14:27 B L:\TBH Website Temp\choke\images\Choke-Dam-celebration.jpg --> uts.cc.utexas.edu /export/httpd/vhosts/texasbeyondhistory/data/choke/images Choke-Dam-celebration.jpg
2006.09.18 14:27 B L:\TBH Website Temp\choke\images\Choke-Dart-Points-sm.jpg --> uts.cc.utexas.edu /export/httpd/vhosts/texasbeyondhistory/data/choke/images Choke-Dart-Points-sm.jpg
2006.09.18 14:27 B L:\TBH Website Temp\choke\images\Choke-Dart-Points.html --> uts.cc.utexas.edu /export/httpd/vhosts/texasbeyondhistory/data/choke/images Choke-Dart-Points.html
2006.09.18 14:27 B L:\TBH Website Temp\choke\images\Choke-Dart-Points.jpg --> uts.cc.utexas.edu /export/httpd/vhosts/texasbeyondhistory/data/choke/images Choke-Dart-Points.jpg
2006.09.18 14:27 B L:\TBH Website Temp\choke\images\Choke-ForenceKnolle-sm.jpg --> uts.cc.utexas.edu /export/httpd/vhosts/texasbeyondhistory/data/choke/images Choke-ForenceKnolle-sm.jpg
2006.09.18 14:27 B L:\TBH Website Temp\choke\images\Choke-ForenceKnolle.html --> uts.cc.utexas.edu /export/httpd/vhosts/texasbeyondhistory/data/choke/images Choke-ForenceKnolle.html
2006.09.18 14:27 B L:\TBH Website Temp\choke\images\Choke-ForenceKnolle.jpg --> uts.cc.utexas.edu /export/httpd/vhosts/texasbeyondhistory/data/choke/images Choke-ForenceKnolle.jpg
2006.09.18 14:27 B L:\TBH Website Temp\choke\images\Choke-Frio-sm.jpg --> uts.cc.utexas.edu /export/httpd/vhosts/texasbeyondhistory/data/choke/images Choke-Frio-sm.jpg
2006.09.18 14:27 B L:\TBH Website Temp\choke\images\Choke-Frio.html --> uts.cc.utexas.edu /export/httpd/vhosts/texasbeyondhistory/data/choke/images Choke-Frio.html
2006.09.18 14:27 B L:\TBH Website Temp\choke\images\Choke-Frio.jpg --> uts.cc.utexas.edu /export/httpd/vhosts/texasbeyondhistory/data/choke/images Choke-Frio.jpg
2006.09.18 14:27 B L:\TBH Website Temp\choke\images\Choke-Fruits-Seeds-row-sm.jpg --> uts.cc.utexas.edu /export/httpd/vhosts/texasbeyondhistory/data/choke/images Choke-Fruits-Seeds-row-sm.jpg
2006.09.18 14:27 B L:\TBH Website Temp\choke\images\Choke-Fruits-Seeds.html --> uts.cc.utexas.edu /export/httpd/vhosts/texasbeyondhistory/data/choke/images Choke-Fruits-Seeds.html
2006.09.18 14:27 B L:\TBH Website Temp\choke\images\Choke-Fruits-Seeds.jpg --> uts.cc.utexas.edu /export/httpd/vhosts/texasbeyondhistory/data/choke/images Choke-Fruits-Seeds.jpg
2006.09.18 14:27 B L:\TBH Website Temp\choke\images\Choke-Gouges-sm.jpg --> uts.cc.utexas.edu /export/httpd/vhosts/texasbeyondhistory/data/choke/images Choke-Gouges-sm.jpg
2006.09.18 14:27 B L:\TBH Website Temp\choke\images\Choke-Gouges.html --> uts.cc.utexas.edu /export/httpd/vhosts/texasbeyondhistory/data/choke/images Choke-Gouges.html
2006.09.18 14:27 B L:\TBH Website Temp\choke\images\Choke-Gouges.jpg --> uts.cc.utexas.edu /export/httpd/vhosts/texasbeyondhistory/data/choke/images Choke-Gouges.jpg
2006.09.18 14:27 B L:\TBH Website Temp\choke\images\Choke-Grinding-tools2-sm.jpg --> uts.cc.utexas.edu /export/httpd/vhosts/texasbeyondhistory/data/choke/images Choke-Grinding-tools2-sm.jpg
2006.09.18 14:27 B L:\TBH Website Temp\choke\images\Choke-Grinding-tools2.html --> uts.cc.utexas.edu /export/httpd/vhosts/texasbeyondhistory/data/choke/images Choke-Grinding-tools2.html
2006.09.18 14:27 B L:\TBH Website Temp\choke\images\Choke-Grinding-tools2.jpg --> uts.cc.utexas.edu /export/httpd/vhosts/texasbeyondhistory/data/choke/images Choke-Grinding-tools2.jpg
2006.09.18 14:27 B L:\TBH Website Temp\choke\images\Choke-Landscape-sm.jpg --> uts.cc.utexas.edu /export/httpd/vhosts/texasbeyondhistory/data/choke/images Choke-Landscape-sm.jpg
2006.09.18 14:27 B L:\TBH Website Temp\choke\images\Choke-Landscape.html --> uts.cc.utexas.edu /export/httpd/vhosts/texasbeyondhistory/data/choke/images Choke-Landscape.html
2006.09.18 14:27 B L:\TBH Website Temp\choke\images\Choke-Landscape.jpg --> uts.cc.utexas.edu /export/httpd/vhosts/texasbeyondhistory/data/choke/images Choke-Landscape.jpg
2006.09.18 14:27 B L:\TBH Website Temp\choke\images\Choke-Late-Pre-2-sm.jpg --> uts.cc.utexas.edu /export/httpd/vhosts/texasbeyondhistory/data/choke/images Choke-Late-Pre-2-sm.jpg
2006.09.18 14:27 B L:\TBH Website Temp\choke\images\Choke-Late-Pre-2.html --> uts.cc.utexas.edu /export/httpd/vhosts/texasbeyondhistory/data/choke/images Choke-Late-Pre-2.html
2006.09.18 14:27 B L:\TBH Website Temp\choke\images\Choke-Late-Pre-2.jpg --> uts.cc.utexas.edu /export/httpd/vhosts/texasbeyondhistory/data/choke/images Choke-Late-Pre-2.jpg
2006.09.18 14:27 B L:\TBH Website Temp\choke\images\Choke-Lizard-row-sm.jpg --> uts.cc.utexas.edu /export/httpd/vhosts/texasbeyondhistory/data/choke/images Choke-Lizard-row-sm.jpg
2006.09.18 14:27 B L:\TBH Website Temp\choke\images\Choke-Lizard.html --> uts.cc.utexas.edu /export/httpd/vhosts/texasbeyondhistory/data/choke/images Choke-Lizard.html
2006.09.18 14:27 B L:\TBH Website Temp\choke\images\Choke-Lizard.jpg --> uts.cc.utexas.edu /export/httpd/vhosts/texasbeyondhistory/data/choke/images Choke-Lizard.jpg
2006.09.18 14:27 B L:\TBH Website Temp\choke\images\Choke-Paleo-Er-Arch-sm.jpg --> uts.cc.utexas.edu /export/httpd/vhosts/texasbeyondhistory/data/choke/images Choke-Paleo-Er-Arch-sm.jpg
2006.09.18 14:27 B L:\TBH Website Temp\choke\images\Choke-Paleo-Er-Arch.html --> uts.cc.utexas.edu /export/httpd/vhosts/texasbeyondhistory/data/choke/images Choke-Paleo-Er-Arch.html
2006.09.18 14:27 B L:\TBH Website Temp\choke\images\Choke-Paleo-Er-Arch.jpg --> uts.cc.utexas.edu /export/httpd/vhosts/texasbeyondhistory/data/choke/images Choke-Paleo-Er-Arch.jpg
2006.09.18 14:28 B L:\TBH Website Temp\choke\images\Choke-Persimmon-row-sm.jpg --> uts.cc.utexas.edu /export/httpd/vhosts/texasbeyondhistory/data/choke/images Choke-Persimmon-row-sm.jpg
2006.09.18 14:28 B L:\TBH Website Temp\choke\images\Choke-Persimmon.html --> uts.cc.utexas.edu /export/httpd/vhosts/texasbeyondhistory/data/choke/images Choke-Persimmon.html
2006.09.18 14:28 B L:\TBH Website Temp\choke\images\Choke-Persimmon.jpg --> uts.cc.utexas.edu /export/httpd/vhosts/texasbeyondhistory/data/choke/images Choke-Persimmon.jpg
2006.09.18 14:28 B L:\TBH Website Temp\choke\images\Choke-Prickly-Pear-sm.jpg --> uts.cc.utexas.edu /export/httpd/vhosts/texasbeyondhistory/data/choke/images Choke-Prickly-Pear-sm.jpg
2006.09.18 14:28 B L:\TBH Website Temp\choke\images\Choke-Prickly-Pear.html --> uts.cc.utexas.edu /export/httpd/vhosts/texasbeyondhistory/data/choke/images Choke-Prickly-Pear.html
2006.09.18 14:28 B L:\TBH Website Temp\choke\images\Choke-Prickly-Pear.jpg --> uts.cc.utexas.edu /export/httpd/vhosts/texasbeyondhistory/data/choke/images Choke-Prickly-Pear.jpg
2006.09.18 14:28 B L:\TBH Website Temp\choke\images\Choke-slough-sm.jpg --> uts.cc.utexas.edu /export/httpd/vhosts/texasbeyondhistory/data/choke/images Choke-slough-sm.jpg
2006.09.18 14:28 B L:\TBH Website Temp\choke\images\Choke-slough.html --> uts.cc.utexas.edu /export/httpd/vhosts/texasbeyondhistory/data/choke/images Choke-slough.html
2006.09.18 14:28 B L:\TBH Website Temp\choke\images\Choke-slough.jpg --> uts.cc.utexas.edu /export/httpd/vhosts/texasbeyondhistory/data/choke/images Choke-slough.jpg
2006.09.18 14:28 B L:\TBH Website Temp\choke\images\Choke-sunrise-sm.jpg --> uts.cc.utexas.edu /export/httpd/vhosts/texasbeyondhistory/data/choke/images Choke-sunrise-sm.jpg
2006.09.18 14:28 B L:\TBH Website Temp\choke\images\Choke-sunrise.html --> uts.cc.utexas.edu /export/httpd/vhosts/texasbeyondhistory/data/choke/images Choke-sunrise.html
2006.09.18 14:28 B L:\TBH Website Temp\choke\images\Choke-sunrise.jpg --> uts.cc.utexas.edu /export/httpd/vhosts/texasbeyondhistory/data/choke/images Choke-sunrise.jpg
2006.09.18 14:28 B L:\TBH Website Temp\choke\images\Choke-valley-wall-gravels-sm.jpg --> uts.cc.utexas.edu /export/httpd/vhosts/texasbeyondhistory/data/choke/images Choke-valley-wall-gravels-sm.jpg
2006.09.18 14:28 B L:\TBH Website Temp\choke\images\Choke-valley-wall-gravels.html --> uts.cc.utexas.edu /export/httpd/vhosts/texasbeyondhistory/data/choke/images Choke-valley-wall-gravels.html
2006.09.18 14:28 B L:\TBH Website Temp\choke\images\Choke-valley-wall-gravels.jpg --> uts.cc.utexas.edu /export/httpd/vhosts/texasbeyondhistory/data/choke/images Choke-valley-wall-gravels.jpg
2006.09.18 14:28 B L:\TBH Website Temp\choke\images\Icon.jpg --> uts.cc.utexas.edu /export/httpd/vhosts/texasbeyondhistory/data/choke/images Icon.jpg
2006.09.18 14:28 B L:\TBH Website Temp\choke\images\Javelinas-Stiba-row-sm.jpg --> uts.cc.utexas.edu /export/httpd/vhosts/texasbeyondhistory/data/choke/images Javelinas-Stiba-row-sm.jpg
2006.09.18 14:28 B L:\TBH Website Temp\choke\images\Javelinas-Stiba.html --> uts.cc.utexas.edu /export/httpd/vhosts/texasbeyondhistory/data/choke/images Javelinas-Stiba.html
2006.09.18 14:28 B L:\TBH Website Temp\choke\images\Javelinas-Stiba.jpg --> uts.cc.utexas.edu /export/httpd/vhosts/texasbeyondhistory/data/choke/images Javelinas-Stiba.jpg
2006.09.18 14:28 B L:\TBH Website Temp\choke\images\Jurgens-Fig29-row-sm.jpg --> uts.cc.utexas.edu /export/httpd/vhosts/texasbeyondhistory/data/choke/images Jurgens-Fig29-row-sm.jpg
2006.09.18 14:28 B L:\TBH Website Temp\choke\images\Jurgens-Fig29.html --> uts.cc.utexas.edu /export/httpd/vhosts/texasbeyondhistory/data/choke/images Jurgens-Fig29.html
2006.09.18 14:28 B L:\TBH Website Temp\choke\images\Jurgens-Fig29.jpg --> uts.cc.utexas.edu /export/httpd/vhosts/texasbeyondhistory/data/choke/images Jurgens-Fig29.jpg
2006.09.18 14:28 B L:\TBH Website Temp\choke\images\LK201-Highley-1986-Fig1-sm.jpg --> uts.cc.utexas.edu /export/httpd/vhosts/texasbeyondhistory/data/choke/images LK201-Highley-1986-Fig1-sm.jpg
2006.09.18 14:28 B L:\TBH Website Temp\choke\images\LK201-Highley-1986-Fig1.html --> uts.cc.utexas.edu /export/httpd/vhosts/texasbeyondhistory/data/choke/images LK201-Highley-1986-Fig1.html
2006.09.18 14:28 B L:\TBH Website Temp\choke\images\LK201-Highley-1986-Fig1.jpg --> uts.cc.utexas.edu /export/httpd/vhosts/texasbeyondhistory/data/choke/images LK201-Highley-1986-Fig1.jpg
2006.09.18 14:28 B L:\TBH Website Temp\choke\images\LK201-Late-Preh-sm.jpg --> uts.cc.utexas.edu /export/httpd/vhosts/texasbeyondhistory/data/choke/images LK201-Late-Preh-sm.jpg
2006.09.18 14:28 B L:\TBH Website Temp\choke\images\LK201-Late-Preh.html --> uts.cc.utexas.edu /export/httpd/vhosts/texasbeyondhistory/data/choke/images LK201-Late-Preh.html
2006.09.18 14:28 B L:\TBH Website Temp\choke\images\LK201-Late-Preh.jpg --> uts.cc.utexas.edu /export/httpd/vhosts/texasbeyondhistory/data/choke/images LK201-Late-Preh.jpg
2006.09.18 14:28 B L:\TBH Website Temp\choke\images\LK201-SLB-debris-sm.jpg --> uts.cc.utexas.edu /export/httpd/vhosts/texasbeyondhistory/data/choke/images LK201-SLB-debris-sm.jpg
2006.09.18 14:28 B L:\TBH Website Temp\choke\images\LK201-SLB-debris.html --> uts.cc.utexas.edu /export/httpd/vhosts/texasbeyondhistory/data/choke/images LK201-SLB-debris.html
2006.09.18 14:28 B L:\TBH Website Temp\choke\images\LK201-SLB-debris.jpg --> uts.cc.utexas.edu /export/httpd/vhosts/texasbeyondhistory/data/choke/images LK201-SLB-debris.jpg
2006.09.18 14:28 B L:\TBH Website Temp\choke\images\LK201-SLB-Frio-flood-sm.jpg --> uts.cc.utexas.edu /export/httpd/vhosts/texasbeyondhistory/data/choke/images LK201-SLB-Frio-flood-sm.jpg
2006.09.18 14:28 B L:\TBH Website Temp\choke\images\LK201-SLB-Frio-flood.html --> uts.cc.utexas.edu /export/httpd/vhosts/texasbeyondhistory/data/choke/images LK201-SLB-Frio-flood.html
2006.09.18 14:28 B L:\TBH Website Temp\choke\images\LK201-SLB-Frio-flood.jpg --> uts.cc.utexas.edu /export/httpd/vhosts/texasbeyondhistory/data/choke/images LK201-SLB-Frio-flood.jpg
2006.09.18 14:28 B L:\TBH Website Temp\choke\images\LK201-SLB3-sm.jpg --> uts.cc.utexas.edu /export/httpd/vhosts/texasbeyondhistory/data/choke/images LK201-SLB3-sm.jpg
2006.09.18 14:28 B L:\TBH Website Temp\choke\images\LK201-SLB3.html --> uts.cc.utexas.edu /export/httpd/vhosts/texasbeyondhistory/data/choke/images LK201-SLB3.html
2006.09.18 14:28 B L:\TBH Website Temp\choke\images\LK201-SLB3.jpg --> uts.cc.utexas.edu /export/httpd/vhosts/texasbeyondhistory/data/choke/images LK201-SLB3.jpg
2006.09.18 14:28 B L:\TBH Website Temp\choke\images\LK31-32-CDusek-DPotter-sm.jpg --> uts.cc.utexas.edu /export/httpd/vhosts/texasbeyondhistory/data/choke/images LK31-32-CDusek-DPotter-sm.jpg
2006.09.18 14:28 B L:\TBH Website Temp\choke\images\LK31-32-CDusek-DPotter.html --> uts.cc.utexas.edu /export/httpd/vhosts/texasbeyondhistory/data/choke/images LK31-32-CDusek-DPotter.html
2006.09.18 14:28 B L:\TBH Website Temp\choke\images\LK31-32-CDusek-DPotter.jpg --> uts.cc.utexas.edu /export/httpd/vhosts/texasbeyondhistory/data/choke/images LK31-32-CDusek-DPotter.jpg
2006.09.18 14:28 B L:\TBH Website Temp\choke\images\LK31-32-CDusek-ERoemer-row-sm.jpg --> uts.cc.utexas.edu /export/httpd/vhosts/texasbeyondhistory/data/choke/images LK31-32-CDusek-ERoemer-row-sm.jpg
2006.09.18 14:28 B L:\TBH Website Temp\choke\images\LK31-32-CDusek-ERoemer-sm.jpg --> uts.cc.utexas.edu /export/httpd/vhosts/texasbeyondhistory/data/choke/images LK31-32-CDusek-ERoemer-sm.jpg
2006.09.18 14:28 B L:\TBH Website Temp\choke\images\LK31-32-CDusek-ERoemer.html --> uts.cc.utexas.edu /export/httpd/vhosts/texasbeyondhistory/data/choke/images LK31-32-CDusek-ERoemer.html
2006.09.18 14:28 B L:\TBH Website Temp\choke\images\LK31-32-CDusek-ERoemer.jpg --> uts.cc.utexas.edu /export/httpd/vhosts/texasbeyondhistory/data/choke/images LK31-32-CDusek-ERoemer.jpg
2006.09.18 14:28 B L:\TBH Website Temp\choke\images\LK31-32-CSlayton-CDusek-sm.jpg --> uts.cc.utexas.edu /export/httpd/vhosts/texasbeyondhistory/data/choke/images LK31-32-CSlayton-CDusek-sm.jpg
2006.09.18 14:28 B L:\TBH Website Temp\choke\images\LK31-32-CSlayton-CDusek.html --> uts.cc.utexas.edu /export/httpd/vhosts/texasbeyondhistory/data/choke/images LK31-32-CSlayton-CDusek.html
2006.09.18 14:28 B L:\TBH Website Temp\choke\images\LK31-32-CSlayton-CDusek.jpg --> uts.cc.utexas.edu /export/httpd/vhosts/texasbeyondhistory/data/choke/images LK31-32-CSlayton-CDusek.jpg
2006.09.18 14:28 B L:\TBH Website Temp\choke\images\LK31-32-flooded-Frio-row-sm.jpg --> uts.cc.utexas.edu /export/httpd/vhosts/texasbeyondhistory/data/choke/images LK31-32-flooded-Frio-row-sm.jpg
2006.09.18 14:28 B L:\TBH Website Temp\choke\images\LK31-32-flooded-Frio-sm.jpg --> uts.cc.utexas.edu /export/httpd/vhosts/texasbeyondhistory/data/choke/images LK31-32-flooded-Frio-sm.jpg
2006.09.18 14:28 B L:\TBH Website Temp\choke\images\LK31-32-flooded-Frio.html --> uts.cc.utexas.edu /export/httpd/vhosts/texasbeyondhistory/data/choke/images LK31-32-flooded-Frio.html
2006.09.18 14:28 B L:\TBH Website Temp\choke\images\LK31-32-flooded-Frio.jpg --> uts.cc.utexas.edu /export/httpd/vhosts/texasbeyondhistory/data/choke/images LK31-32-flooded-Frio.jpg
2006.09.18 14:28 B L:\TBH Website Temp\choke\images\LK31-32-Metal-point-sm.jpg --> uts.cc.utexas.edu /export/httpd/vhosts/texasbeyondhistory/data/choke/images LK31-32-Metal-point-sm.jpg
2006.09.18 14:28 B L:\TBH Website Temp\choke\images\LK31-32-Metal-point.html --> uts.cc.utexas.edu /export/httpd/vhosts/texasbeyondhistory/data/choke/images LK31-32-Metal-point.html
2006.09.18 14:28 B L:\TBH Website Temp\choke\images\LK31-32-Metal-point.jpg --> uts.cc.utexas.edu /export/httpd/vhosts/texasbeyondhistory/data/choke/images LK31-32-Metal-point.jpg
2006.09.18 14:28 B L:\TBH Website Temp\choke\images\LK31-32-Mid-Arch-diagnostics-sm.jpg --> uts.cc.utexas.edu /export/httpd/vhosts/texasbeyondhistory/data/choke/images LK31-32-Mid-Arch-diagnostics-sm.jpg
2006.09.18 14:28 B L:\TBH Website Temp\choke\images\LK31-32-Mid-Arch-diagnostics.html --> uts.cc.utexas.edu /export/httpd/vhosts/texasbeyondhistory/data/choke/images LK31-32-Mid-Arch-diagnostics.html
2006.09.18 14:28 B L:\TBH Website Temp\choke\images\LK31-32-Mid-Arch-diagnostics.jpg --> uts.cc.utexas.edu /export/httpd/vhosts/texasbeyondhistory/data/choke/images LK31-32-Mid-Arch-diagnostics.jpg
2006.09.18 14:28 B L:\TBH Website Temp\choke\images\LK31-32-Something-B-sm.jpg --> uts.cc.utexas.edu /export/httpd/vhosts/texasbeyondhistory/data/choke/images LK31-32-Something-B-sm.jpg
2006.09.18 14:28 B L:\TBH Website Temp\choke\images\LK31-32-Something-B.html --> uts.cc.utexas.edu /export/httpd/vhosts/texasbeyondhistory/data/choke/images LK31-32-Something-B.html
2006.09.18 14:28 B L:\TBH Website Temp\choke\images\LK31-32-Something-B.jpg --> uts.cc.utexas.edu /export/httpd/vhosts/texasbeyondhistory/data/choke/images LK31-32-Something-B.jpg
2006.09.18 14:28 B L:\TBH Website Temp\choke\images\LK31-32-view-West-row-sm.jpg --> uts.cc.utexas.edu /export/httpd/vhosts/texasbeyondhistory/data/choke/images LK31-32-view-West-row-sm.jpg
2006.09.18 14:28 B L:\TBH Website Temp\choke\images\LK31-32-view-West-sm.jpg --> uts.cc.utexas.edu /export/httpd/vhosts/texasbeyondhistory/data/choke/images LK31-32-view-West-sm.jpg
2006.09.18 14:28 B L:\TBH Website Temp\choke\images\LK31-32-view-West.html --> uts.cc.utexas.edu /export/httpd/vhosts/texasbeyondhistory/data/choke/images LK31-32-view-West.html
2006.09.18 14:28 B L:\TBH Website Temp\choke\images\LK31-32-view-West.jpg --> uts.cc.utexas.edu /export/httpd/vhosts/texasbeyondhistory/data/choke/images LK31-32-view-West.jpg
2006.09.18 14:28 B L:\TBH Website Temp\choke\images\LK31-32-West-wall-sm.jpg --> uts.cc.utexas.edu /export/httpd/vhosts/texasbeyondhistory/data/choke/images LK31-32-West-wall-sm.jpg
2006.09.18 14:28 B L:\TBH Website Temp\choke\images\LK31-32-West-wall.html --> uts.cc.utexas.edu /export/httpd/vhosts/texasbeyondhistory/data/choke/images LK31-32-West-wall.html
2006.09.18 14:28 B L:\TBH Website Temp\choke\images\LK31-32-West-wall.jpg --> uts.cc.utexas.edu /export/httpd/vhosts/texasbeyondhistory/data/choke/images LK31-32-West-wall.jpg
2006.09.18 14:28 B L:\TBH Website Temp\choke\images\LK51-Field-Mice-row-sm.jpg --> uts.cc.utexas.edu /export/httpd/vhosts/texasbeyondhistory/data/choke/images LK51-Field-Mice-row-sm.jpg
2006.09.18 14:28 B L:\TBH Website Temp\choke\images\LK51-Field-Mice.html --> uts.cc.utexas.edu /export/httpd/vhosts/texasbeyondhistory/data/choke/images LK51-Field-Mice.html
2006.09.18 14:28 B L:\TBH Website Temp\choke\images\LK51-Field-Mice.jpg --> uts.cc.utexas.edu /export/httpd/vhosts/texasbeyondhistory/data/choke/images LK51-Field-Mice.jpg
2006.09.18 14:28 B L:\TBH Website Temp\choke\images\LK53-Archaic-Hearth-sm.jpg --> uts.cc.utexas.edu /export/httpd/vhosts/texasbeyondhistory/data/choke/images LK53-Archaic-Hearth-sm.jpg
2006.09.18 14:28 B L:\TBH Website Temp\choke\images\LK53-Archaic-Hearth.html --> uts.cc.utexas.edu /export/httpd/vhosts/texasbeyondhistory/data/choke/images LK53-Archaic-Hearth.html
2006.09.18 14:28 B L:\TBH Website Temp\choke\images\LK53-Archaic-Hearth.jpg --> uts.cc.utexas.edu /export/httpd/vhosts/texasbeyondhistory/data/choke/images LK53-Archaic-Hearth.jpg
2006.09.18 14:28 B L:\TBH Website Temp\choke\images\LK67-SBlack-SSW-sm.jpg --> uts.cc.utexas.edu /export/httpd/vhosts/texasbeyondhistory/data/choke/images LK67-SBlack-SSW-sm.jpg
2006.09.18 14:28 B L:\TBH Website Temp\choke\images\LK67-SBlack-SSW.html --> uts.cc.utexas.edu /export/httpd/vhosts/texasbeyondhistory/data/choke/images LK67-SBlack-SSW.html
2006.09.18 14:28 B L:\TBH Website Temp\choke\images\LK67-SBlack-SSW.jpg --> uts.cc.utexas.edu /export/httpd/vhosts/texasbeyondhistory/data/choke/images LK67-SBlack-SSW.jpg
2006.09.18 14:28 B L:\TBH Website Temp\choke\images\Lynn-1977-Fig1-sm.jpg --> uts.cc.utexas.edu /export/httpd/vhosts/texasbeyondhistory/data/choke/images Lynn-1977-Fig1-sm.jpg
2006.09.18 14:28 B L:\TBH Website Temp\choke\images\Lynn-1977-Fig1.html --> uts.cc.utexas.edu /export/httpd/vhosts/texasbeyondhistory/data/choke/images Lynn-1977-Fig1.html
2006.09.18 14:28 B L:\TBH Website Temp\choke\images\Lynn-1977-Fig1.jpg --> uts.cc.utexas.edu /export/httpd/vhosts/texasbeyondhistory/data/choke/images Lynn-1977-Fig1.jpg
2006.09.18 14:28 B L:\TBH Website Temp\choke\images\MC222-Artifacts-BisonBones-sm.jpg --> uts.cc.utexas.edu /export/httpd/vhosts/texasbeyondhistory/data/choke/images MC222-Artifacts-BisonBones-sm.jpg
2006.09.18 14:28 B L:\TBH Website Temp\choke\images\MC222-Artifacts-BisonBones.html --> uts.cc.utexas.edu /export/httpd/vhosts/texasbeyondhistory/data/choke/images MC222-Artifacts-BisonBones.html
2006.09.18 14:28 B L:\TBH Website Temp\choke\images\MC222-Artifacts-BisonBones.jpg --> uts.cc.utexas.edu /export/httpd/vhosts/texasbeyondhistory/data/choke/images MC222-Artifacts-BisonBones.jpg
2006.09.18 14:28 B L:\TBH Website Temp\choke\images\MC222-bison-and-lithics-sm.jpg --> uts.cc.utexas.edu /export/httpd/vhosts/texasbeyondhistory/data/choke/images MC222-bison-and-lithics-sm.jpg
2006.09.18 14:28 B L:\TBH Website Temp\choke\images\MC222-bison-and-lithics.html --> uts.cc.utexas.edu /export/httpd/vhosts/texasbeyondhistory/data/choke/images MC222-bison-and-lithics.html
2006.09.18 14:28 B L:\TBH Website Temp\choke\images\MC222-bison-and-lithics.jpg --> uts.cc.utexas.edu /export/httpd/vhosts/texasbeyondhistory/data/choke/images MC222-bison-and-lithics.jpg
2006.09.18 14:28 B L:\TBH Website Temp\choke\images\MC222-burnt-bone-sm.jpg --> uts.cc.utexas.edu /export/httpd/vhosts/texasbeyondhistory/data/choke/images MC222-burnt-bone-sm.jpg
2006.09.18 14:28 B L:\TBH Website Temp\choke\images\MC222-burnt-bone.html --> uts.cc.utexas.edu /export/httpd/vhosts/texasbeyondhistory/data/choke/images MC222-burnt-bone.html
2006.09.18 14:28 B L:\TBH Website Temp\choke\images\MC222-burnt-bone.jpg --> uts.cc.utexas.edu /export/httpd/vhosts/texasbeyondhistory/data/choke/images MC222-burnt-bone.jpg
2006.09.18 14:28 B L:\TBH Website Temp\choke\images\MC222-Hall-1986-Fig62-sm.jpg --> uts.cc.utexas.edu /export/httpd/vhosts/texasbeyondhistory/data/choke/images MC222-Hall-1986-Fig62-sm.jpg
2006.09.18 14:28 B L:\TBH Website Temp\choke\images\MC222-Hall-1986-Fig62.html --> uts.cc.utexas.edu /export/httpd/vhosts/texasbeyondhistory/data/choke/images MC222-Hall-1986-Fig62.html
2006.09.18 14:28 B L:\TBH Website Temp\choke\images\MC222-Hall-1986-Fig62.jpg --> uts.cc.utexas.edu /export/httpd/vhosts/texasbeyondhistory/data/choke/images MC222-Hall-1986-Fig62.jpg
2006.09.18 14:28 B L:\TBH Website Temp\choke\images\MC222-Pot-Section-1-sm.jpg --> uts.cc.utexas.edu /export/httpd/vhosts/texasbeyondhistory/data/choke/images MC222-Pot-Section-1-sm.jpg
2006.09.18 14:28 B L:\TBH Website Temp\choke\images\MC222-Pot-Section-1.html --> uts.cc.utexas.edu /export/httpd/vhosts/texasbeyondhistory/data/choke/images MC222-Pot-Section-1.html
2006.09.18 14:28 B L:\TBH Website Temp\choke\images\MC222-Pot-Section-1.jpg --> uts.cc.utexas.edu /export/httpd/vhosts/texasbeyondhistory/data/choke/images MC222-Pot-Section-1.jpg
2006.09.18 14:28 B L:\TBH Website Temp\choke\images\MC222-row-Artifacts-BisonBones-sm.jpg --> uts.cc.utexas.edu /export/httpd/vhosts/texasbeyondhistory/data/choke/images MC222-row-Artifacts-BisonBones-sm.jpg
2006.09.18 14:28 B L:\TBH Website Temp\choke\images\MC222-row-Pot-Section-1-sm.jpg --> uts.cc.utexas.edu /export/httpd/vhosts/texasbeyondhistory/data/choke/images MC222-row-Pot-Section-1-sm.jpg
2006.09.18 14:28 B L:\TBH Website Temp\choke\images\MC222-View-N-sm.jpg --> uts.cc.utexas.edu /export/httpd/vhosts/texasbeyondhistory/data/choke/images MC222-View-N-sm.jpg
2006.09.18 14:28 B L:\TBH Website Temp\choke\images\MC222-View-N.html --> uts.cc.utexas.edu /export/httpd/vhosts/texasbeyondhistory/data/choke/images MC222-View-N.html
2006.09.18 14:28 B L:\TBH Website Temp\choke\images\MC222-View-N.jpg --> uts.cc.utexas.edu /export/httpd/vhosts/texasbeyondhistory/data/choke/images MC222-View-N.jpg
2006.09.18 14:28 B L:\TBH Website Temp\choke\images\Rattlesnake-Stiba-row-sm.jpg --> uts.cc.utexas.edu /export/httpd/vhosts/texasbeyondhistory/data/choke/images Rattlesnake-Stiba-row-sm.jpg
2006.09.18 14:28 B L:\TBH Website Temp\choke\images\Rattlesnake-Stiba.html --> uts.cc.utexas.edu /export/httpd/vhosts/texasbeyondhistory/data/choke/images Rattlesnake-Stiba.html
2006.09.18 14:28 B L:\TBH Website Temp\choke\images\Rattlesnake-Stiba.jpg --> uts.cc.utexas.edu /export/httpd/vhosts/texasbeyondhistory/data/choke/images Rattlesnake-Stiba.jpg
2006.09.18 14:28 B L:\TBH Website Temp\choke\images\Thumbs.db --> uts.cc.utexas.edu /export/httpd/vhosts/texasbeyondhistory/data/choke/images Thumbs.db
2006.09.18 14:28 B L:\TBH Website Temp\choke\images\WS_FTP.LOG --> uts.cc.utexas.edu /export/httpd/vhosts/texasbeyondhistory/data/choke/images WS_FTP.LOG
2006.09.19 21:01 B L:\TBH Website Temp\choke\images\WS_FTP.LOG --> uts.cc.utexas.edu /export/httpd/vhosts/texasbeyondhistory/data/choke/images WS_FTP.LOG
2006.09.20 15:40 B L:\TBH Website Temp\choke\images\WS_FTP.LOG --> uts.cc.utexas.edu /export/httpd/vhosts/texasbeyondhistory/data/choke/images WS_FTP.LOG
2006.09.27 16:44 B L:\TBH Website Temp\choke\images\arrow-choke.jpg --> uts.cc.utexas.edu /export/httpd/vhosts/texasbeyondhistory/data/choke/images arrow-choke.jpg
2006.09.27 16:44 B L:\TBH Website Temp\choke\images\icon-skillet.jpg --> uts.cc.utexas.edu /export/httpd/vhosts/texasbeyondhistory/data/choke/images icon-skillet.jpg
2006.09.27 16:44 B L:\TBH Website Temp\choke\images\LK201-F5-sm.jpg --> uts.cc.utexas.edu /export/httpd/vhosts/texasbeyondhistory/data/choke/images LK201-F5-sm.jpg
2006.09.27 16:44 B L:\TBH Website Temp\choke\images\LK201-F5.html --> uts.cc.utexas.edu /export/httpd/vhosts/texasbeyondhistory/data/choke/images LK201-F5.html
2006.09.27 16:44 B L:\TBH Website Temp\choke\images\LK201-F5.jpg --> uts.cc.utexas.edu /export/httpd/vhosts/texasbeyondhistory/data/choke/images LK201-F5.jpg
2006.09.27 16:44 B L:\TBH Website Temp\choke\images\LK201-Highley-16-sm.jpg --> uts.cc.utexas.edu /export/httpd/vhosts/texasbeyondhistory/data/choke/images LK201-Highley-16-sm.jpg
2006.09.27 16:44 B L:\TBH Website Temp\choke\images\LK201-Highley-16.html --> uts.cc.utexas.edu /export/httpd/vhosts/texasbeyondhistory/data/choke/images LK201-Highley-16.html
2006.09.27 16:44 B L:\TBH Website Temp\choke\images\LK201-Highley-16.jpg --> uts.cc.utexas.edu /export/httpd/vhosts/texasbeyondhistory/data/choke/images LK201-Highley-16.jpg
2006.09.27 16:44 B L:\TBH Website Temp\choke\images\LK201-Highley-5-sm.jpg --> uts.cc.utexas.edu /export/httpd/vhosts/texasbeyondhistory/data/choke/images LK201-Highley-5-sm.jpg
2006.09.27 16:44 B L:\TBH Website Temp\choke\images\LK201-Highley-5.html --> uts.cc.utexas.edu /export/httpd/vhosts/texasbeyondhistory/data/choke/images LK201-Highley-5.html
2006.09.27 16:44 B L:\TBH Website Temp\choke\images\LK201-Highley-5.jpg --> uts.cc.utexas.edu /export/httpd/vhosts/texasbeyondhistory/data/choke/images LK201-Highley-5.jpg
2006.09.27 16:44 B L:\TBH Website Temp\choke\images\Thumbs.db --> uts.cc.utexas.edu /export/httpd/vhosts/texasbeyondhistory/data/choke/images Thumbs.db
2006.09.27 16:44 B L:\TBH Website Temp\choke\images\WS_FTP.LOG --> uts.cc.utexas.edu /export/httpd/vhosts/texasbeyondhistory/data/choke/images WS_FTP.LOG
2006.10.02 16:11 B L:\TBH Website Temp\choke\images\Bobcat-GHall.html --> uts.cc.utexas.edu /export/httpd/vhosts/texasbeyondhistory/data/choke/images Bobcat-GHall.html
2006.10.02 16:11 B L:\TBH Website Temp\choke\images\LK201-Highley-5.html --> uts.cc.utexas.edu /export/httpd/vhosts/texasbeyondhistory/data/choke/images LK201-Highley-5.html
2006.10.02 16:11 B L:\TBH Website Temp\choke\images\LK201-Highley-16.html --> uts.cc.utexas.edu /export/httpd/vhosts/texasbeyondhistory/data/choke/images LK201-Highley-16.html
2006.10.02 16:11 B L:\TBH Website Temp\choke\images\LK201-F5.html --> uts.cc.utexas.edu /export/httpd/vhosts/texasbeyondhistory/data/choke/images LK201-F5.html
