2005.07.05 12:21 B L:\TBH Website Temp\honey\images\Hot-Rocks-cov-sm.jpg --> uts.cc.utexas.edu /export/httpd/vhosts/texasbeyondhistory/data/protect/honey/images Hot-Rocks-cov-sm.jpg
2005.07.05 12:21 B L:\TBH Website Temp\honey\images\hot-rocks-cov.html --> uts.cc.utexas.edu /export/httpd/vhosts/texasbeyondhistory/data/protect/honey/images hot-rocks-cov.html
2005.07.05 12:21 B L:\TBH Website Temp\honey\images\Hot-Rocks-cov.jpg --> uts.cc.utexas.edu /export/httpd/vhosts/texasbeyondhistory/data/protect/honey/images Hot-Rocks-cov.jpg
2005.07.05 12:21 B L:\TBH Website Temp\honey\images\Midden-C14-sm.jpg --> uts.cc.utexas.edu /export/httpd/vhosts/texasbeyondhistory/data/protect/honey/images Midden-C14-sm.jpg
2005.07.05 12:21 B L:\TBH Website Temp\honey\images\midden-c14.html --> uts.cc.utexas.edu /export/httpd/vhosts/texasbeyondhistory/data/protect/honey/images midden-c14.html
2005.07.05 12:21 B L:\TBH Website Temp\honey\images\Midden-C14.jpg --> uts.cc.utexas.edu /export/httpd/vhosts/texasbeyondhistory/data/protect/honey/images Midden-C14.jpg
2005.07.05 12:21 B L:\TBH Website Temp\honey\images\MS32-141-B-sm.jpg --> uts.cc.utexas.edu /export/httpd/vhosts/texasbeyondhistory/data/protect/honey/images MS32-141-B-sm.jpg
2005.07.05 12:21 B L:\TBH Website Temp\honey\images\ms32-141-b.html --> uts.cc.utexas.edu /export/httpd/vhosts/texasbeyondhistory/data/protect/honey/images ms32-141-b.html
2005.07.05 12:21 B L:\TBH Website Temp\honey\images\MS32-141-B.jpg --> uts.cc.utexas.edu /export/httpd/vhosts/texasbeyondhistory/data/protect/honey/images MS32-141-B.jpg
2005.07.05 12:21 B L:\TBH Website Temp\honey\images\MS32-C193-sm.jpg --> uts.cc.utexas.edu /export/httpd/vhosts/texasbeyondhistory/data/protect/honey/images MS32-C193-sm.jpg
2005.07.05 12:21 B L:\TBH Website Temp\honey\images\ms32-c193.html --> uts.cc.utexas.edu /export/httpd/vhosts/texasbeyondhistory/data/protect/honey/images ms32-c193.html
2005.07.05 12:21 B L:\TBH Website Temp\honey\images\MS32-C193.jpg --> uts.cc.utexas.edu /export/httpd/vhosts/texasbeyondhistory/data/protect/honey/images MS32-C193.jpg
2005.07.05 12:21 B L:\TBH Website Temp\honey\images\MS32-C445-sm.jpg --> uts.cc.utexas.edu /export/httpd/vhosts/texasbeyondhistory/data/protect/honey/images MS32-C445-sm.jpg
2005.07.05 12:21 B L:\TBH Website Temp\honey\images\ms32-c445.html --> uts.cc.utexas.edu /export/httpd/vhosts/texasbeyondhistory/data/protect/honey/images ms32-c445.html
2005.07.05 12:21 B L:\TBH Website Temp\honey\images\MS32-C445.jpg --> uts.cc.utexas.edu /export/httpd/vhosts/texasbeyondhistory/data/protect/honey/images MS32-C445.jpg
2005.07.05 12:21 B L:\TBH Website Temp\honey\images\MS32-C485-sm.jpg --> uts.cc.utexas.edu /export/httpd/vhosts/texasbeyondhistory/data/protect/honey/images MS32-C485-sm.jpg
2005.07.05 12:21 B L:\TBH Website Temp\honey\images\ms32-c485.html --> uts.cc.utexas.edu /export/httpd/vhosts/texasbeyondhistory/data/protect/honey/images ms32-c485.html
2005.07.05 12:21 B L:\TBH Website Temp\honey\images\MS32-C485.jpg --> uts.cc.utexas.edu /export/httpd/vhosts/texasbeyondhistory/data/protect/honey/images MS32-C485.jpg
2005.07.05 12:21 B L:\TBH Website Temp\honey\images\MS32-C7-sm.jpg --> uts.cc.utexas.edu /export/httpd/vhosts/texasbeyondhistory/data/protect/honey/images MS32-C7-sm.jpg
2005.07.05 12:21 B L:\TBH Website Temp\honey\images\ms32-c7.html --> uts.cc.utexas.edu /export/httpd/vhosts/texasbeyondhistory/data/protect/honey/images ms32-c7.html
2005.07.05 12:21 B L:\TBH Website Temp\honey\images\MS32-C7.jpg --> uts.cc.utexas.edu /export/httpd/vhosts/texasbeyondhistory/data/protect/honey/images MS32-C7.jpg
2005.07.05 12:21 B L:\TBH Website Temp\honey\images\MS32-C746-sm.jpg --> uts.cc.utexas.edu /export/httpd/vhosts/texasbeyondhistory/data/protect/honey/images MS32-C746-sm.jpg
2005.07.05 12:21 B L:\TBH Website Temp\honey\images\ms32-c746.html --> uts.cc.utexas.edu /export/httpd/vhosts/texasbeyondhistory/data/protect/honey/images ms32-c746.html
2005.07.05 12:21 B L:\TBH Website Temp\honey\images\MS32-C746.jpg --> uts.cc.utexas.edu /export/httpd/vhosts/texasbeyondhistory/data/protect/honey/images MS32-C746.jpg
2005.07.05 12:21 B L:\TBH Website Temp\honey\images\MS32-cluster6-sm.jpg --> uts.cc.utexas.edu /export/httpd/vhosts/texasbeyondhistory/data/protect/honey/images MS32-cluster6-sm.jpg
2005.07.05 12:21 B L:\TBH Website Temp\honey\images\ms32-cluster6.html --> uts.cc.utexas.edu /export/httpd/vhosts/texasbeyondhistory/data/protect/honey/images ms32-cluster6.html
2005.07.05 12:21 B L:\TBH Website Temp\honey\images\MS32-cluster6.jpg --> uts.cc.utexas.edu /export/httpd/vhosts/texasbeyondhistory/data/protect/honey/images MS32-cluster6.jpg
2005.07.05 12:21 B L:\TBH Website Temp\honey\images\MS32-clusters-sm.jpg --> uts.cc.utexas.edu /export/httpd/vhosts/texasbeyondhistory/data/protect/honey/images MS32-clusters-sm.jpg
2005.07.05 12:21 B L:\TBH Website Temp\honey\images\ms32-clusters.html --> uts.cc.utexas.edu /export/httpd/vhosts/texasbeyondhistory/data/protect/honey/images ms32-clusters.html
2005.07.05 12:21 B L:\TBH Website Temp\honey\images\MS32-clusters.jpg --> uts.cc.utexas.edu /export/httpd/vhosts/texasbeyondhistory/data/protect/honey/images MS32-clusters.jpg
2005.07.05 12:21 B L:\TBH Website Temp\honey\images\MS32-F7-plan-sm.jpg --> uts.cc.utexas.edu /export/httpd/vhosts/texasbeyondhistory/data/protect/honey/images MS32-F7-plan-sm.jpg
2005.07.05 12:21 B L:\TBH Website Temp\honey\images\ms32-f7-plan.html --> uts.cc.utexas.edu /export/httpd/vhosts/texasbeyondhistory/data/protect/honey/images ms32-f7-plan.html
2005.07.05 12:21 B L:\TBH Website Temp\honey\images\MS32-F7-plan.jpg --> uts.cc.utexas.edu /export/httpd/vhosts/texasbeyondhistory/data/protect/honey/images MS32-F7-plan.jpg
2005.07.05 12:21 B L:\TBH Website Temp\honey\images\MS32-icon.jpg --> uts.cc.utexas.edu /export/httpd/vhosts/texasbeyondhistory/data/protect/honey/images MS32-icon.jpg
2005.07.05 12:21 B L:\TBH Website Temp\honey\images\MS32-map-sm.jpg --> uts.cc.utexas.edu /export/httpd/vhosts/texasbeyondhistory/data/protect/honey/images MS32-map-sm.jpg
2005.07.05 12:21 B L:\TBH Website Temp\honey\images\ms32-map.html --> uts.cc.utexas.edu /export/httpd/vhosts/texasbeyondhistory/data/protect/honey/images ms32-map.html
2005.07.05 12:21 B L:\TBH Website Temp\honey\images\MS32-map.jpg --> uts.cc.utexas.edu /export/httpd/vhosts/texasbeyondhistory/data/protect/honey/images MS32-map.jpg
2005.07.05 12:21 B L:\TBH Website Temp\honey\images\MS32-plants-sm.jpg --> uts.cc.utexas.edu /export/httpd/vhosts/texasbeyondhistory/data/protect/honey/images MS32-plants-sm.jpg
2005.07.05 12:21 B L:\TBH Website Temp\honey\images\ms32-plants.html --> uts.cc.utexas.edu /export/httpd/vhosts/texasbeyondhistory/data/protect/honey/images ms32-plants.html
2005.07.05 12:21 B L:\TBH Website Temp\honey\images\MS32-plants.jpg --> uts.cc.utexas.edu /export/httpd/vhosts/texasbeyondhistory/data/protect/honey/images MS32-plants.jpg
2005.07.05 12:21 B L:\TBH Website Temp\honey\images\MS32-recycled-pt-sm.jpg --> uts.cc.utexas.edu /export/httpd/vhosts/texasbeyondhistory/data/protect/honey/images MS32-recycled-pt-sm.jpg
2005.07.05 12:21 B L:\TBH Website Temp\honey\images\ms32-recycled-pt.html --> uts.cc.utexas.edu /export/httpd/vhosts/texasbeyondhistory/data/protect/honey/images ms32-recycled-pt.html
2005.07.05 12:21 B L:\TBH Website Temp\honey\images\MS32-recycled-pt.jpg --> uts.cc.utexas.edu /export/httpd/vhosts/texasbeyondhistory/data/protect/honey/images MS32-recycled-pt.jpg
2005.07.05 12:21 B L:\TBH Website Temp\honey\images\MS32-setting-sm.jpg --> uts.cc.utexas.edu /export/httpd/vhosts/texasbeyondhistory/data/protect/honey/images MS32-setting-sm.jpg
2005.07.05 12:21 B L:\TBH Website Temp\honey\images\MS32-setting.html --> uts.cc.utexas.edu /export/httpd/vhosts/texasbeyondhistory/data/protect/honey/images MS32-setting.html
2005.07.05 12:21 B L:\TBH Website Temp\honey\images\MS32-setting.jpg --> uts.cc.utexas.edu /export/httpd/vhosts/texasbeyondhistory/data/protect/honey/images MS32-setting.jpg
2005.07.05 12:21 B L:\TBH Website Temp\honey\images\Thumbs.db --> uts.cc.utexas.edu /export/httpd/vhosts/texasbeyondhistory/data/protect/honey/images Thumbs.db
2005.07.15 11:47 B L:\TBH Website Temp\honey\images\WS_FTP.LOG --> uts.cc.utexas.edu /export/httpd/vhosts/texasbeyondhistory/data/protect/honey/images WS_FTP.LOG
2005.07.30 17:34 B L:\TBH Website Temp\honey\images\honey-full.pdf --> uts.cc.utexas.edu /export/httpd/vhosts/texasbeyondhistory/data/honey/images honey-full.pdf
2005.07.30 17:34 B L:\TBH Website Temp\honey\images\honey-handout.pdf --> uts.cc.utexas.edu /export/httpd/vhosts/texasbeyondhistory/data/honey/images honey-handout.pdf
2005.07.30 17:34 B L:\TBH Website Temp\honey\images\honey-lesson.pdf --> uts.cc.utexas.edu /export/httpd/vhosts/texasbeyondhistory/data/honey/images honey-lesson.pdf
2005.07.30 17:34 B L:\TBH Website Temp\honey\images\honey-transparency.pdf --> uts.cc.utexas.edu /export/httpd/vhosts/texasbeyondhistory/data/honey/images honey-transparency.pdf
2005.07.30 17:34 B L:\TBH Website Temp\honey\images\honey.html --> uts.cc.utexas.edu /export/httpd/vhosts/texasbeyondhistory/data/honey/images honey.html
2005.07.30 17:34 B L:\TBH Website Temp\honey\images\honeylesson.html --> uts.cc.utexas.edu /export/httpd/vhosts/texasbeyondhistory/data/honey/images honeylesson.html
2005.07.30 17:34 B L:\TBH Website Temp\honey\images\Hot-Rocks-cov-sm.jpg --> uts.cc.utexas.edu /export/httpd/vhosts/texasbeyondhistory/data/honey/images Hot-Rocks-cov-sm.jpg
2005.07.30 17:34 B L:\TBH Website Temp\honey\images\hot-rocks-cov.html --> uts.cc.utexas.edu /export/httpd/vhosts/texasbeyondhistory/data/honey/images hot-rocks-cov.html
2005.07.30 17:34 B L:\TBH Website Temp\honey\images\Hot-Rocks-cov.jpg --> uts.cc.utexas.edu /export/httpd/vhosts/texasbeyondhistory/data/honey/images Hot-Rocks-cov.jpg
2005.07.30 17:34 B L:\TBH Website Temp\honey\images\Midden-C14-sm.jpg --> uts.cc.utexas.edu /export/httpd/vhosts/texasbeyondhistory/data/honey/images Midden-C14-sm.jpg
2005.07.30 17:34 B L:\TBH Website Temp\honey\images\midden-c14.html --> uts.cc.utexas.edu /export/httpd/vhosts/texasbeyondhistory/data/honey/images midden-c14.html
2005.07.30 17:34 B L:\TBH Website Temp\honey\images\Midden-C14.jpg --> uts.cc.utexas.edu /export/httpd/vhosts/texasbeyondhistory/data/honey/images Midden-C14.jpg
2005.07.30 17:34 B L:\TBH Website Temp\honey\images\MS32-141-B-sm.jpg --> uts.cc.utexas.edu /export/httpd/vhosts/texasbeyondhistory/data/honey/images MS32-141-B-sm.jpg
2005.07.30 17:34 B L:\TBH Website Temp\honey\images\ms32-141-b.html --> uts.cc.utexas.edu /export/httpd/vhosts/texasbeyondhistory/data/honey/images ms32-141-b.html
2005.07.30 17:34 B L:\TBH Website Temp\honey\images\MS32-141-B.jpg --> uts.cc.utexas.edu /export/httpd/vhosts/texasbeyondhistory/data/honey/images MS32-141-B.jpg
2005.07.30 17:34 B L:\TBH Website Temp\honey\images\MS32-C193-sm.jpg --> uts.cc.utexas.edu /export/httpd/vhosts/texasbeyondhistory/data/honey/images MS32-C193-sm.jpg
2005.07.30 17:34 B L:\TBH Website Temp\honey\images\ms32-c193.html --> uts.cc.utexas.edu /export/httpd/vhosts/texasbeyondhistory/data/honey/images ms32-c193.html
2005.07.30 17:34 B L:\TBH Website Temp\honey\images\MS32-C193.jpg --> uts.cc.utexas.edu /export/httpd/vhosts/texasbeyondhistory/data/honey/images MS32-C193.jpg
2005.07.30 17:34 B L:\TBH Website Temp\honey\images\MS32-C445-sm.jpg --> uts.cc.utexas.edu /export/httpd/vhosts/texasbeyondhistory/data/honey/images MS32-C445-sm.jpg
2005.07.30 17:34 B L:\TBH Website Temp\honey\images\ms32-c445.html --> uts.cc.utexas.edu /export/httpd/vhosts/texasbeyondhistory/data/honey/images ms32-c445.html
2005.07.30 17:34 B L:\TBH Website Temp\honey\images\MS32-C445.jpg --> uts.cc.utexas.edu /export/httpd/vhosts/texasbeyondhistory/data/honey/images MS32-C445.jpg
2005.07.30 17:34 B L:\TBH Website Temp\honey\images\MS32-C485-sm.jpg --> uts.cc.utexas.edu /export/httpd/vhosts/texasbeyondhistory/data/honey/images MS32-C485-sm.jpg
2005.07.30 17:34 B L:\TBH Website Temp\honey\images\ms32-c485.html --> uts.cc.utexas.edu /export/httpd/vhosts/texasbeyondhistory/data/honey/images ms32-c485.html
2005.07.30 17:34 B L:\TBH Website Temp\honey\images\MS32-C485.jpg --> uts.cc.utexas.edu /export/httpd/vhosts/texasbeyondhistory/data/honey/images MS32-C485.jpg
2005.07.30 17:34 B L:\TBH Website Temp\honey\images\MS32-C7-sm.jpg --> uts.cc.utexas.edu /export/httpd/vhosts/texasbeyondhistory/data/honey/images MS32-C7-sm.jpg
2005.07.30 17:34 B L:\TBH Website Temp\honey\images\ms32-c7.html --> uts.cc.utexas.edu /export/httpd/vhosts/texasbeyondhistory/data/honey/images ms32-c7.html
2005.07.30 17:34 B L:\TBH Website Temp\honey\images\MS32-C7.jpg --> uts.cc.utexas.edu /export/httpd/vhosts/texasbeyondhistory/data/honey/images MS32-C7.jpg
2005.07.30 17:34 B L:\TBH Website Temp\honey\images\MS32-C746-sm.jpg --> uts.cc.utexas.edu /export/httpd/vhosts/texasbeyondhistory/data/honey/images MS32-C746-sm.jpg
2005.07.30 17:34 B L:\TBH Website Temp\honey\images\ms32-c746.html --> uts.cc.utexas.edu /export/httpd/vhosts/texasbeyondhistory/data/honey/images ms32-c746.html
2005.07.30 17:34 B L:\TBH Website Temp\honey\images\MS32-C746.jpg --> uts.cc.utexas.edu /export/httpd/vhosts/texasbeyondhistory/data/honey/images MS32-C746.jpg
2005.07.30 17:34 B L:\TBH Website Temp\honey\images\MS32-cluster6-sm.jpg --> uts.cc.utexas.edu /export/httpd/vhosts/texasbeyondhistory/data/honey/images MS32-cluster6-sm.jpg
2005.07.30 17:34 B L:\TBH Website Temp\honey\images\ms32-cluster6.html --> uts.cc.utexas.edu /export/httpd/vhosts/texasbeyondhistory/data/honey/images ms32-cluster6.html
2005.07.30 17:34 B L:\TBH Website Temp\honey\images\MS32-cluster6.jpg --> uts.cc.utexas.edu /export/httpd/vhosts/texasbeyondhistory/data/honey/images MS32-cluster6.jpg
2005.07.30 17:34 B L:\TBH Website Temp\honey\images\MS32-clusters-sm.jpg --> uts.cc.utexas.edu /export/httpd/vhosts/texasbeyondhistory/data/honey/images MS32-clusters-sm.jpg
2005.07.30 17:34 B L:\TBH Website Temp\honey\images\ms32-clusters.html --> uts.cc.utexas.edu /export/httpd/vhosts/texasbeyondhistory/data/honey/images ms32-clusters.html
2005.07.30 17:34 B L:\TBH Website Temp\honey\images\MS32-clusters.jpg --> uts.cc.utexas.edu /export/httpd/vhosts/texasbeyondhistory/data/honey/images MS32-clusters.jpg
2005.07.30 17:34 B L:\TBH Website Temp\honey\images\MS32-F7-plan-sm.jpg --> uts.cc.utexas.edu /export/httpd/vhosts/texasbeyondhistory/data/honey/images MS32-F7-plan-sm.jpg
2005.07.30 17:34 B L:\TBH Website Temp\honey\images\ms32-f7-plan.html --> uts.cc.utexas.edu /export/httpd/vhosts/texasbeyondhistory/data/honey/images ms32-f7-plan.html
2005.07.30 17:34 B L:\TBH Website Temp\honey\images\MS32-F7-plan.jpg --> uts.cc.utexas.edu /export/httpd/vhosts/texasbeyondhistory/data/honey/images MS32-F7-plan.jpg
2005.07.30 17:34 B L:\TBH Website Temp\honey\images\MS32-icon.jpg --> uts.cc.utexas.edu /export/httpd/vhosts/texasbeyondhistory/data/honey/images MS32-icon.jpg
2005.07.30 17:34 B L:\TBH Website Temp\honey\images\MS32-icon.psd --> uts.cc.utexas.edu /export/httpd/vhosts/texasbeyondhistory/data/honey/images MS32-icon.psd
2005.07.30 17:34 B L:\TBH Website Temp\honey\images\MS32-map-sm.jpg --> uts.cc.utexas.edu /export/httpd/vhosts/texasbeyondhistory/data/honey/images MS32-map-sm.jpg
2005.07.30 17:34 B L:\TBH Website Temp\honey\images\ms32-map.html --> uts.cc.utexas.edu /export/httpd/vhosts/texasbeyondhistory/data/honey/images ms32-map.html
2005.07.30 17:34 B L:\TBH Website Temp\honey\images\MS32-map.jpg --> uts.cc.utexas.edu /export/httpd/vhosts/texasbeyondhistory/data/honey/images MS32-map.jpg
2005.07.30 17:34 B L:\TBH Website Temp\honey\images\MS32-plants-sm.jpg --> uts.cc.utexas.edu /export/httpd/vhosts/texasbeyondhistory/data/honey/images MS32-plants-sm.jpg
2005.07.30 17:34 B L:\TBH Website Temp\honey\images\ms32-plants.html --> uts.cc.utexas.edu /export/httpd/vhosts/texasbeyondhistory/data/honey/images ms32-plants.html
2005.07.30 17:34 B L:\TBH Website Temp\honey\images\MS32-plants.jpg --> uts.cc.utexas.edu /export/httpd/vhosts/texasbeyondhistory/data/honey/images MS32-plants.jpg
2005.07.30 17:34 B L:\TBH Website Temp\honey\images\MS32-recycled-pt-sm.jpg --> uts.cc.utexas.edu /export/httpd/vhosts/texasbeyondhistory/data/honey/images MS32-recycled-pt-sm.jpg
2005.07.30 17:34 B L:\TBH Website Temp\honey\images\ms32-recycled-pt.html --> uts.cc.utexas.edu /export/httpd/vhosts/texasbeyondhistory/data/honey/images ms32-recycled-pt.html
2005.07.30 17:34 B L:\TBH Website Temp\honey\images\MS32-recycled-pt.jpg --> uts.cc.utexas.edu /export/httpd/vhosts/texasbeyondhistory/data/honey/images MS32-recycled-pt.jpg
2005.07.30 17:34 B L:\TBH Website Temp\honey\images\MS32-setting-sm.jpg --> uts.cc.utexas.edu /export/httpd/vhosts/texasbeyondhistory/data/honey/images MS32-setting-sm.jpg
2005.07.30 17:34 B L:\TBH Website Temp\honey\images\MS32-setting.html --> uts.cc.utexas.edu /export/httpd/vhosts/texasbeyondhistory/data/honey/images MS32-setting.html
2005.07.30 17:34 B L:\TBH Website Temp\honey\images\MS32-setting.jpg --> uts.cc.utexas.edu /export/httpd/vhosts/texasbeyondhistory/data/honey/images MS32-setting.jpg
2005.07.30 17:34 B L:\TBH Website Temp\honey\images\Thumbs.db --> uts.cc.utexas.edu /export/httpd/vhosts/texasbeyondhistory/data/honey/images Thumbs.db
