2001.10.11 14:47 B M:\Website Stuff\TBH Website Temp\ceremonial\credits.html <-- texasbeyondhistory /export/httpd/vhosts/texasbeyondhistory/data/ceremonial credits.html
2001.10.11 14:47 B M:\Website Stuff\TBH Website Temp\ceremonial\gallery.html <-- texasbeyondhistory /export/httpd/vhosts/texasbeyondhistory/data/ceremonial gallery.html
2001.10.11 14:47 B M:\Website Stuff\TBH Website Temp\ceremonial\gallery.html.LCK <-- texasbeyondhistory /export/httpd/vhosts/texasbeyondhistory/data/ceremonial gallery.html.LCK
2001.10.11 14:47 B M:\Website Stuff\TBH Website Temp\ceremonial\index.html <-- texasbeyondhistory /export/httpd/vhosts/texasbeyondhistory/data/ceremonial index.html
2001.10.11 14:47 B M:\Website Stuff\TBH Website Temp\ceremonial\index.html.LCK <-- texasbeyondhistory /export/httpd/vhosts/texasbeyondhistory/data/ceremonial index.html.LCK
2001.10.11 14:47 B M:\Website Stuff\TBH Website Temp\ceremonial\index2.html <-- texasbeyondhistory /export/httpd/vhosts/texasbeyondhistory/data/ceremonial index2.html
2001.10.11 14:47 B M:\Website Stuff\TBH Website Temp\ceremonial\index2.html.LCK <-- texasbeyondhistory /export/httpd/vhosts/texasbeyondhistory/data/ceremonial index2.html.LCK
2001.10.11 14:47 B M:\Website Stuff\TBH Website Temp\ceremonial\site.html <-- texasbeyondhistory /export/httpd/vhosts/texasbeyondhistory/data/ceremonial site.html
2001.10.11 14:47 B M:\Website Stuff\TBH Website Temp\ceremonial\site.html.LCK <-- texasbeyondhistory /export/httpd/vhosts/texasbeyondhistory/data/ceremonial site.html.LCK
2001.10.17 10:24 B M:\Website Stuff\TBH Website Temp\ceremonial\credits.html --> uts.cc.utexas.edu /export/httpd/vhosts/texasbeyondhistory/data/ceremonial credits.html
2001.10.17 10:24 B M:\Website Stuff\TBH Website Temp\ceremonial\gallery.html --> uts.cc.utexas.edu /export/httpd/vhosts/texasbeyondhistory/data/ceremonial gallery.html
2001.10.17 11:11 B M:\Website Stuff\TBH Website Temp\ceremonial\gallery.html --> uts.cc.utexas.edu /export/httpd/vhosts/texasbeyondhistory/data/ceremonial gallery.html
2001.10.18 17:57 B M:\Website Stuff\TBH Website Temp\ceremonial\site.html --> uts.cc.utexas.edu /export/httpd/vhosts/texasbeyondhistory/data/ceremonial site.html
2001.10.18 19:50 B M:\Website Stuff\TBH Website Temp\ceremonial\gallery.html --> uts.cc.utexas.edu /export/httpd/vhosts/texasbeyondhistory/data/ceremonial gallery.html
2001.10.18 19:50 B M:\Website Stuff\TBH Website Temp\ceremonial\site.html --> uts.cc.utexas.edu /export/httpd/vhosts/texasbeyondhistory/data/ceremonial site.html
2001.10.23 11:53 B G:\Website Stuff\TBH Website Temp\ceremonial\gallery.html --> uts.cc.utexas.edu /export/httpd/vhosts/texasbeyondhistory/data/ceremonial gallery.html
2001.12.18 16:05 B G:\Website Stuff\TBH Website Temp\ceremonial\index.html --> uts.cc.utexas.edu /export/httpd/vhosts/texasbeyondhistory/data/ceremonial index.html
2001.12.18 16:05 B G:\Website Stuff\TBH Website Temp\ceremonial\gallery.html --> uts.cc.utexas.edu /export/httpd/vhosts/texasbeyondhistory/data/ceremonial gallery.html
2001.12.19 11:26 B G:\Website Stuff\TBH Website Temp\ceremonial\site.html --> uts.cc.utexas.edu /export/httpd/vhosts/texasbeyondhistory/data/ceremonial site.html
2005.04.04 12:54 B L:\TBH Website Temp\ceremonial\credits.html --> uts.cc.utexas.edu /export/httpd/vhosts/texasbeyondhistory/data/ceremonial credits.html
2005.04.04 12:54 B L:\TBH Website Temp\ceremonial\gallery.html --> uts.cc.utexas.edu /export/httpd/vhosts/texasbeyondhistory/data/ceremonial gallery.html
2005.04.04 12:54 B L:\TBH Website Temp\ceremonial\index.html --> uts.cc.utexas.edu /export/httpd/vhosts/texasbeyondhistory/data/ceremonial index.html
2005.04.04 12:54 B L:\TBH Website Temp\ceremonial\site.html --> uts.cc.utexas.edu /export/httpd/vhosts/texasbeyondhistory/data/ceremonial site.html
