2003.01.31 09:37 B G:\Website Stuff\TBH Website Temp\kids\caddo\building.html --> uts.cc.utexas.edu /export/httpd/vhosts/texasbeyondhistory/data/kids/caddo building.html
2003.01.31 09:37 B G:\Website Stuff\TBH Website Temp\kids\caddo\explorers.html --> uts.cc.utexas.edu /export/httpd/vhosts/texasbeyondhistory/data/kids/caddo explorers.html
2003.01.31 09:37 B G:\Website Stuff\TBH Website Temp\kids\caddo\houses.html --> uts.cc.utexas.edu /export/httpd/vhosts/texasbeyondhistory/data/kids/caddo houses.html
2003.08.06 09:23 B K:\TBH Website Temp\kids\caddo\building.html --> uts.cc.utexas.edu /export/httpd/vhosts/texasbeyondhistory/data/kids/caddo building.html
2003.08.06 09:23 B K:\TBH Website Temp\kids\caddo\credits.html --> uts.cc.utexas.edu /export/httpd/vhosts/texasbeyondhistory/data/kids/caddo credits.html
2003.08.06 09:23 B K:\TBH Website Temp\kids\caddo\explorers.html --> uts.cc.utexas.edu /export/httpd/vhosts/texasbeyondhistory/data/kids/caddo explorers.html
2003.08.06 09:23 B K:\TBH Website Temp\kids\caddo\houses.html --> uts.cc.utexas.edu /export/httpd/vhosts/texasbeyondhistory/data/kids/caddo houses.html
2003.08.06 09:23 B K:\TBH Website Temp\kids\caddo\index.html --> uts.cc.utexas.edu /export/httpd/vhosts/texasbeyondhistory/data/kids/caddo index.html
2003.08.06 09:23 B K:\TBH Website Temp\kids\caddo\inside.html --> uts.cc.utexas.edu /export/httpd/vhosts/texasbeyondhistory/data/kids/caddo inside.html
2003.08.06 09:23 B K:\TBH Website Temp\kids\caddo\mounds.html --> uts.cc.utexas.edu /export/httpd/vhosts/texasbeyondhistory/data/kids/caddo mounds.html
2003.08.06 09:23 B K:\TBH Website Temp\kids\caddo\traces.html --> uts.cc.utexas.edu /export/httpd/vhosts/texasbeyondhistory/data/kids/caddo traces.html
2003.08.06 09:23 B K:\TBH Website Temp\kids\caddo\village.html --> uts.cc.utexas.edu /export/httpd/vhosts/texasbeyondhistory/data/kids/caddo village.html
2003.08.06 09:23 B K:\TBH Website Temp\kids\caddo\who.html --> uts.cc.utexas.edu /export/httpd/vhosts/texasbeyondhistory/data/kids/caddo who.html
2003.08.06 09:23 B K:\TBH Website Temp\kids\caddo\WS_FTP.LOG --> uts.cc.utexas.edu /export/httpd/vhosts/texasbeyondhistory/data/kids/caddo WS_FTP.LOG
2003.08.06 14:04 B G:\Website Stuff\TBH Website Temp\kids\caddo\credits.html --> uts.cc.utexas.edu /export/httpd/vhosts/texasbeyondhistory/data/kids/caddo credits.html
2003.08.06 14:04 B G:\Website Stuff\TBH Website Temp\kids\caddo\inside.html --> uts.cc.utexas.edu /export/httpd/vhosts/texasbeyondhistory/data/kids/caddo inside.html
2003.08.06 14:04 B G:\Website Stuff\TBH Website Temp\kids\caddo\mounds.html --> uts.cc.utexas.edu /export/httpd/vhosts/texasbeyondhistory/data/kids/caddo mounds.html
2003.08.06 14:05 B G:\Website Stuff\TBH Website Temp\kids\caddo\village.html --> uts.cc.utexas.edu /export/httpd/vhosts/texasbeyondhistory/data/kids/caddo village.html
2003.08.06 14:05 B G:\Website Stuff\TBH Website Temp\kids\caddo\who.html --> uts.cc.utexas.edu /export/httpd/vhosts/texasbeyondhistory/data/kids/caddo who.html
2003.08.08 14:25 B G:\Website Stuff\TBH Website Temp\kids\caddo\building.html --> uts.cc.utexas.edu /export/httpd/vhosts/texasbeyondhistory/data/kids/caddo building.html
2003.08.08 14:25 B G:\Website Stuff\TBH Website Temp\kids\caddo\credits.html --> uts.cc.utexas.edu /export/httpd/vhosts/texasbeyondhistory/data/kids/caddo credits.html
2003.08.08 14:25 B G:\Website Stuff\TBH Website Temp\kids\caddo\explorers.html --> uts.cc.utexas.edu /export/httpd/vhosts/texasbeyondhistory/data/kids/caddo explorers.html
2003.08.08 14:26 B G:\Website Stuff\TBH Website Temp\kids\caddo\houses.html --> uts.cc.utexas.edu /export/httpd/vhosts/texasbeyondhistory/data/kids/caddo houses.html
2003.08.08 14:26 B G:\Website Stuff\TBH Website Temp\kids\caddo\inside.html --> uts.cc.utexas.edu /export/httpd/vhosts/texasbeyondhistory/data/kids/caddo inside.html
2003.08.08 14:26 B G:\Website Stuff\TBH Website Temp\kids\caddo\mounds.html --> uts.cc.utexas.edu /export/httpd/vhosts/texasbeyondhistory/data/kids/caddo mounds.html
2003.08.08 14:26 B G:\Website Stuff\TBH Website Temp\kids\caddo\museum.html --> uts.cc.utexas.edu /export/httpd/vhosts/texasbeyondhistory/data/kids/caddo museum.html
2003.08.08 14:26 B G:\Website Stuff\TBH Website Temp\kids\caddo\searching.html --> uts.cc.utexas.edu /export/httpd/vhosts/texasbeyondhistory/data/kids/caddo searching.html
2003.08.08 14:27 B G:\Website Stuff\TBH Website Temp\kids\caddo\special.html --> uts.cc.utexas.edu /export/httpd/vhosts/texasbeyondhistory/data/kids/caddo special.html
2003.08.08 14:27 B G:\Website Stuff\TBH Website Temp\kids\caddo\style.html --> uts.cc.utexas.edu /export/httpd/vhosts/texasbeyondhistory/data/kids/caddo style.html
2003.08.08 14:27 B G:\Website Stuff\TBH Website Temp\kids\caddo\tools.html --> uts.cc.utexas.edu /export/httpd/vhosts/texasbeyondhistory/data/kids/caddo tools.html
2003.08.08 14:27 B G:\Website Stuff\TBH Website Temp\kids\caddo\traces.html --> uts.cc.utexas.edu /export/httpd/vhosts/texasbeyondhistory/data/kids/caddo traces.html
2003.08.08 14:27 B G:\Website Stuff\TBH Website Temp\kids\caddo\village.html --> uts.cc.utexas.edu /export/httpd/vhosts/texasbeyondhistory/data/kids/caddo village.html
2003.08.08 14:27 B G:\Website Stuff\TBH Website Temp\kids\caddo\who.html --> uts.cc.utexas.edu /export/httpd/vhosts/texasbeyondhistory/data/kids/caddo who.html
