2001.08.09 12:34 B C:\WINDOWS\Desktop\TBH\Recent\belle\images\Cofferdam-lg.jpg <-- TARL /Website Stuff/Transfer to Meg/LaBelle THC images Cofferdam-lg.jpg
2001.08.09 12:34 B C:\WINDOWS\Desktop\TBH\Recent\belle\images\Cofferdam-sm.jpg <-- TARL /Website Stuff/Transfer to Meg/LaBelle THC images Cofferdam-sm.jpg
2001.08.09 12:34 B C:\WINDOWS\Desktop\TBH\Recent\belle\images\Hull-03-lg.jpg <-- TARL /Website Stuff/Transfer to Meg/LaBelle THC images Hull-03-lg.jpg
2001.08.09 12:34 B C:\WINDOWS\Desktop\TBH\Recent\belle\images\Hull-03-sm.jpg <-- TARL /Website Stuff/Transfer to Meg/LaBelle THC images Hull-03-sm.jpg
2001.08.09 12:34 B C:\WINDOWS\Desktop\TBH\Recent\belle\images\Hull-31-lg.jpg <-- TARL /Website Stuff/Transfer to Meg/LaBelle THC images Hull-31-lg.jpg
2001.08.09 12:34 B C:\WINDOWS\Desktop\TBH\Recent\belle\images\Hull-31-sm.jpg <-- TARL /Website Stuff/Transfer to Meg/LaBelle THC images Hull-31-sm.jpg
2001.08.09 12:34 B C:\WINDOWS\Desktop\TBH\Recent\belle\images\LaSalle-THC1.jpg <-- TARL /Website Stuff/Transfer to Meg/LaBelle THC images LaSalle-THC1.jpg
2001.08.09 12:34 B C:\WINDOWS\Desktop\TBH\Recent\belle\images\Ships-15-lg.jpg <-- TARL /Website Stuff/Transfer to Meg/LaBelle THC images Ships-15-lg.jpg
2001.08.09 12:34 B C:\WINDOWS\Desktop\TBH\Recent\belle\images\Ships-15-sm.jpg <-- TARL /Website Stuff/Transfer to Meg/LaBelle THC images Ships-15-sm.jpg
2001.08.09 12:34 B C:\WINDOWS\Desktop\TBH\Recent\belle\images\Site-23-lg.jpg <-- TARL /Website Stuff/Transfer to Meg/LaBelle THC images Site-23-lg.jpg
2001.08.09 12:34 B C:\WINDOWS\Desktop\TBH\Recent\belle\images\Site-23-sm.jpg <-- TARL /Website Stuff/Transfer to Meg/LaBelle THC images Site-23-sm.jpg
2001.08.11 16:50 B D:\TBH Temp\belle\images\WS_FTP.LOG <-- Texas Beyond History /Website Stuff/TBH Website Temp/belle/images WS_FTP.LOG
2001.08.31 19:54 B D:\TBH Temp\belle\images\Hull-03-lg.jpg.LCK <-- Texas Beyond History /Website Stuff/TBH Website Temp/belle/images Hull-03-lg.jpg.LCK
2001.08.31 19:54 B D:\TBH Temp\belle\images\Hull-03-sm.jpg.LCK <-- Texas Beyond History /Website Stuff/TBH Website Temp/belle/images Hull-03-sm.jpg.LCK
2001.08.31 19:54 B D:\TBH Temp\belle\images\Hull-03.html.LCK <-- Texas Beyond History /Website Stuff/TBH Website Temp/belle/images Hull-03.html.LCK
2001.08.31 19:54 B D:\TBH Temp\belle\images\Hull-31-lg.jpg.LCK <-- Texas Beyond History /Website Stuff/TBH Website Temp/belle/images Hull-31-lg.jpg.LCK
2001.08.31 19:54 B D:\TBH Temp\belle\images\Hull-31-sm.jpg.LCK <-- Texas Beyond History /Website Stuff/TBH Website Temp/belle/images Hull-31-sm.jpg.LCK
2001.08.31 19:54 B D:\TBH Temp\belle\images\Hull-31.html.LCK <-- Texas Beyond History /Website Stuff/TBH Website Temp/belle/images Hull-31.html.LCK
2001.08.31 19:54 B D:\TBH Temp\belle\images\LaSalle-THC1.jpg.LCK <-- Texas Beyond History /Website Stuff/TBH Website Temp/belle/images LaSalle-THC1.jpg.LCK
2001.08.31 19:54 B D:\TBH Temp\belle\images\Ships-15-lg.jpg.LCK <-- Texas Beyond History /Website Stuff/TBH Website Temp/belle/images Ships-15-lg.jpg.LCK
2001.08.31 19:54 B D:\TBH Temp\belle\images\Ships-15-sm.jpg.LCK <-- Texas Beyond History /Website Stuff/TBH Website Temp/belle/images Ships-15-sm.jpg.LCK
2001.08.31 19:54 B D:\TBH Temp\belle\images\Ships-15.html.LCK <-- Texas Beyond History /Website Stuff/TBH Website Temp/belle/images Ships-15.html.LCK
2001.08.31 19:54 B D:\TBH Temp\belle\images\Site-23-lg.jpg.LCK <-- Texas Beyond History /Website Stuff/TBH Website Temp/belle/images Site-23-lg.jpg.LCK
2001.08.31 19:54 B D:\TBH Temp\belle\images\Site-23-sm.jpg.LCK <-- Texas Beyond History /Website Stuff/TBH Website Temp/belle/images Site-23-sm.jpg.LCK
2001.08.31 19:54 B D:\TBH Temp\belle\images\Site-23.html.LCK <-- Texas Beyond History /Website Stuff/TBH Website Temp/belle/images Site-23.html.LCK
2001.08.31 19:54 B D:\TBH Temp\belle\images\WS_FTP.LOG.LCK <-- Texas Beyond History /Website Stuff/TBH Website Temp/belle/images WS_FTP.LOG.LCK
2001.09.01 21:01 B D:\TBH Temp\belle\images\Cofferdam-lg.jpg --> uts.cc.utexas.edu /usr/pub/www/research/tarl/abouttarl/tbh/belle/images Cofferdam-lg.jpg
2001.09.01 21:01 B D:\TBH Temp\belle\images\Cofferdam-sm.jpg --> uts.cc.utexas.edu /usr/pub/www/research/tarl/abouttarl/tbh/belle/images Cofferdam-sm.jpg
2001.09.01 21:01 B D:\TBH Temp\belle\images\Cofferdam.html --> uts.cc.utexas.edu /usr/pub/www/research/tarl/abouttarl/tbh/belle/images Cofferdam.html
2001.09.01 21:01 B D:\TBH Temp\belle\images\Hull-03-lg.jpg --> uts.cc.utexas.edu /usr/pub/www/research/tarl/abouttarl/tbh/belle/images Hull-03-lg.jpg
2001.09.01 21:01 B D:\TBH Temp\belle\images\Hull-03-lg.jpg.LCK --> uts.cc.utexas.edu /usr/pub/www/research/tarl/abouttarl/tbh/belle/images Hull-03-lg.jpg.LCK
2001.09.01 21:01 B D:\TBH Temp\belle\images\Hull-03-sm.jpg --> uts.cc.utexas.edu /usr/pub/www/research/tarl/abouttarl/tbh/belle/images Hull-03-sm.jpg
2001.09.01 21:01 B D:\TBH Temp\belle\images\Hull-03-sm.jpg.LCK --> uts.cc.utexas.edu /usr/pub/www/research/tarl/abouttarl/tbh/belle/images Hull-03-sm.jpg.LCK
2001.09.01 21:01 B D:\TBH Temp\belle\images\Hull-03.html --> uts.cc.utexas.edu /usr/pub/www/research/tarl/abouttarl/tbh/belle/images Hull-03.html
2001.09.01 21:01 B D:\TBH Temp\belle\images\Hull-03.html.LCK --> uts.cc.utexas.edu /usr/pub/www/research/tarl/abouttarl/tbh/belle/images Hull-03.html.LCK
2001.09.01 21:01 B D:\TBH Temp\belle\images\Hull-31-lg.jpg --> uts.cc.utexas.edu /usr/pub/www/research/tarl/abouttarl/tbh/belle/images Hull-31-lg.jpg
2001.09.01 21:01 B D:\TBH Temp\belle\images\Hull-31-lg.jpg.LCK --> uts.cc.utexas.edu /usr/pub/www/research/tarl/abouttarl/tbh/belle/images Hull-31-lg.jpg.LCK
2001.09.01 21:01 B D:\TBH Temp\belle\images\Hull-31-sm.jpg --> uts.cc.utexas.edu /usr/pub/www/research/tarl/abouttarl/tbh/belle/images Hull-31-sm.jpg
2001.09.01 21:01 B D:\TBH Temp\belle\images\Hull-31-sm.jpg.LCK --> uts.cc.utexas.edu /usr/pub/www/research/tarl/abouttarl/tbh/belle/images Hull-31-sm.jpg.LCK
2001.09.01 21:01 B D:\TBH Temp\belle\images\Hull-31.html --> uts.cc.utexas.edu /usr/pub/www/research/tarl/abouttarl/tbh/belle/images Hull-31.html
2001.09.01 21:01 B D:\TBH Temp\belle\images\Hull-31.html.LCK --> uts.cc.utexas.edu /usr/pub/www/research/tarl/abouttarl/tbh/belle/images Hull-31.html.LCK
2001.09.01 21:01 B D:\TBH Temp\belle\images\LaSalle-THC1.jpg --> uts.cc.utexas.edu /usr/pub/www/research/tarl/abouttarl/tbh/belle/images LaSalle-THC1.jpg
2001.09.01 21:01 B D:\TBH Temp\belle\images\LaSalle-THC1.jpg.LCK --> uts.cc.utexas.edu /usr/pub/www/research/tarl/abouttarl/tbh/belle/images LaSalle-THC1.jpg.LCK
2001.09.01 21:01 B D:\TBH Temp\belle\images\Ships-15-lg.jpg --> uts.cc.utexas.edu /usr/pub/www/research/tarl/abouttarl/tbh/belle/images Ships-15-lg.jpg
2001.09.01 21:01 B D:\TBH Temp\belle\images\Ships-15-lg.jpg.LCK --> uts.cc.utexas.edu /usr/pub/www/research/tarl/abouttarl/tbh/belle/images Ships-15-lg.jpg.LCK
2001.09.01 21:01 B D:\TBH Temp\belle\images\Ships-15-sm.jpg --> uts.cc.utexas.edu /usr/pub/www/research/tarl/abouttarl/tbh/belle/images Ships-15-sm.jpg
2001.09.01 21:01 B D:\TBH Temp\belle\images\Ships-15-sm.jpg.LCK --> uts.cc.utexas.edu /usr/pub/www/research/tarl/abouttarl/tbh/belle/images Ships-15-sm.jpg.LCK
2001.09.01 21:01 B D:\TBH Temp\belle\images\Ships-15.html --> uts.cc.utexas.edu /usr/pub/www/research/tarl/abouttarl/tbh/belle/images Ships-15.html
2001.09.01 21:01 B D:\TBH Temp\belle\images\Ships-15.html.LCK --> uts.cc.utexas.edu /usr/pub/www/research/tarl/abouttarl/tbh/belle/images Ships-15.html.LCK
2001.09.01 21:01 B D:\TBH Temp\belle\images\Site-23-lg.jpg --> uts.cc.utexas.edu /usr/pub/www/research/tarl/abouttarl/tbh/belle/images Site-23-lg.jpg
2001.09.01 21:02 B D:\TBH Temp\belle\images\Site-23-lg.jpg.LCK --> uts.cc.utexas.edu /usr/pub/www/research/tarl/abouttarl/tbh/belle/images Site-23-lg.jpg.LCK
2001.09.01 21:02 B D:\TBH Temp\belle\images\Site-23-sm.jpg --> uts.cc.utexas.edu /usr/pub/www/research/tarl/abouttarl/tbh/belle/images Site-23-sm.jpg
2001.09.01 21:02 B D:\TBH Temp\belle\images\Site-23-sm.jpg.LCK --> uts.cc.utexas.edu /usr/pub/www/research/tarl/abouttarl/tbh/belle/images Site-23-sm.jpg.LCK
2001.09.01 21:02 B D:\TBH Temp\belle\images\Site-23.html --> uts.cc.utexas.edu /usr/pub/www/research/tarl/abouttarl/tbh/belle/images Site-23.html
2001.09.01 21:02 B D:\TBH Temp\belle\images\Site-23.html.LCK --> uts.cc.utexas.edu /usr/pub/www/research/tarl/abouttarl/tbh/belle/images Site-23.html.LCK
2001.09.04 15:12 B M:\Website Stuff\belle\images\WS_FTP.LOG <-- TARLweb /usr/pub/www/research/tarl/abouttarl/tbh/belle/images WS_FTP.LOG
2001.09.04 15:12 B M:\Website Stuff\belle\images\WS_FTP.LOG.LCK <-- TARLweb /usr/pub/www/research/tarl/abouttarl/tbh/belle/images WS_FTP.LOG.LCK
2001.09.04 16:04 B C:\WINDOWS\Desktop\TBH\TBH on TEXsite\belle\images\WS_FTP.LOG <-- TARL /Website Stuff/belle/images WS_FTP.LOG
2001.09.04 16:04 B C:\WINDOWS\Desktop\TBH\TBH on TEXsite\belle\images\WS_FTP.LOG.LCK <-- TARL /Website Stuff/belle/images WS_FTP.LOG.LCK
2001.10.11 14:40 B M:\Website Stuff\TBH Website Temp\belle\images\Hull-03-lg.jpg.LCK.LCK <-- texasbeyondhistory /export/httpd/vhosts/texasbeyondhistory/data/belle/images Hull-03-lg.jpg.LCK.LCK
2001.10.11 14:40 B M:\Website Stuff\TBH Website Temp\belle\images\Hull-03-sm.jpg.LCK.LCK <-- texasbeyondhistory /export/httpd/vhosts/texasbeyondhistory/data/belle/images Hull-03-sm.jpg.LCK.LCK
2001.10.11 14:40 B M:\Website Stuff\TBH Website Temp\belle\images\Hull-03.html.LCK.LCK <-- texasbeyondhistory /export/httpd/vhosts/texasbeyondhistory/data/belle/images Hull-03.html.LCK.LCK
2001.10.11 14:40 B M:\Website Stuff\TBH Website Temp\belle\images\Hull-31-lg.jpg.LCK.LCK <-- texasbeyondhistory /export/httpd/vhosts/texasbeyondhistory/data/belle/images Hull-31-lg.jpg.LCK.LCK
2001.10.11 14:40 B M:\Website Stuff\TBH Website Temp\belle\images\Hull-31-sm.jpg.LCK.LCK <-- texasbeyondhistory /export/httpd/vhosts/texasbeyondhistory/data/belle/images Hull-31-sm.jpg.LCK.LCK
2001.10.11 14:40 B M:\Website Stuff\TBH Website Temp\belle\images\Hull-31.html.LCK.LCK <-- texasbeyondhistory /export/httpd/vhosts/texasbeyondhistory/data/belle/images Hull-31.html.LCK.LCK
2001.10.11 14:40 B M:\Website Stuff\TBH Website Temp\belle\images\LaSalle-THC1.jpg.LCK.LCK <-- texasbeyondhistory /export/httpd/vhosts/texasbeyondhistory/data/belle/images LaSalle-THC1.jpg.LCK.LCK
2001.10.11 14:40 B M:\Website Stuff\TBH Website Temp\belle\images\Ships-15-lg.jpg.LCK.LCK <-- texasbeyondhistory /export/httpd/vhosts/texasbeyondhistory/data/belle/images Ships-15-lg.jpg.LCK.LCK
2001.10.11 14:40 B M:\Website Stuff\TBH Website Temp\belle\images\Ships-15-sm.jpg.LCK.LCK <-- texasbeyondhistory /export/httpd/vhosts/texasbeyondhistory/data/belle/images Ships-15-sm.jpg.LCK.LCK
2001.10.11 14:40 B M:\Website Stuff\TBH Website Temp\belle\images\Ships-15.html.LCK.LCK <-- texasbeyondhistory /export/httpd/vhosts/texasbeyondhistory/data/belle/images Ships-15.html.LCK.LCK
2001.10.11 14:40 B M:\Website Stuff\TBH Website Temp\belle\images\Site-23-lg.jpg.LCK.LCK <-- texasbeyondhistory /export/httpd/vhosts/texasbeyondhistory/data/belle/images Site-23-lg.jpg.LCK.LCK
2001.10.11 14:40 B M:\Website Stuff\TBH Website Temp\belle\images\Site-23-sm.jpg.LCK.LCK <-- texasbeyondhistory /export/httpd/vhosts/texasbeyondhistory/data/belle/images Site-23-sm.jpg.LCK.LCK
2001.10.11 14:40 B M:\Website Stuff\TBH Website Temp\belle\images\Site-23.html.LCK.LCK <-- texasbeyondhistory /export/httpd/vhosts/texasbeyondhistory/data/belle/images Site-23.html.LCK.LCK
2001.10.11 14:40 B M:\Website Stuff\TBH Website Temp\belle\images\WS_FTP.LOG.LCK.LCK <-- texasbeyondhistory /export/httpd/vhosts/texasbeyondhistory/data/belle/images WS_FTP.LOG.LCK.LCK
2005.06.18 17:41 B L:\TBH Website Temp\belle\images\WS_FTP.LOG <-- texasbeyondhistory /export/httpd/vhosts/texasbeyondhistory/data/belle/images WS_FTP.LOG
2006.10.02 16:48 B V:\TBH Website Temp\belle\images\french_complete.pdf --> uts.cc.utexas.edu /export/httpd/vhosts/texasbeyondhistory/data/belle/images french_complete.pdf
