2005.07.05 12:04 B L:\TBH Website Temp\prehistoric\images\map\Thumbs.db --> uts.cc.utexas.edu /export/httpd/vhosts/texasbeyondhistory/data/protect/prehistoric/images/map Thumbs.db
2005.07.15 19:36 B L:\TBH Website Temp\prehistoric\images\map\Thumbs.db --> uts.cc.utexas.edu /export/httpd/vhosts/texasbeyondhistory/data/protect/prehistoric/images/map Thumbs.db
2005.07.15 19:36 B L:\TBH Website Temp\prehistoric\images\map\texas_r4_c2_f3.gif --> uts.cc.utexas.edu /export/httpd/vhosts/texasbeyondhistory/data/protect/prehistoric/images/map texas_r4_c2_f3.gif
2005.07.15 19:36 B L:\TBH Website Temp\prehistoric\images\map\texas_r4_c2.gif --> uts.cc.utexas.edu /export/httpd/vhosts/texasbeyondhistory/data/protect/prehistoric/images/map texas_r4_c2.gif
2005.07.15 19:36 B L:\TBH Website Temp\prehistoric\images\map\texas_r2_c3_f5.gif --> uts.cc.utexas.edu /export/httpd/vhosts/texasbeyondhistory/data/protect/prehistoric/images/map texas_r2_c3_f5.gif
2005.07.15 19:36 B L:\TBH Website Temp\prehistoric\images\map\texas_r2_c3.gif --> uts.cc.utexas.edu /export/httpd/vhosts/texasbeyondhistory/data/protect/prehistoric/images/map texas_r2_c3.gif
2005.07.15 19:36 B L:\TBH Website Temp\prehistoric\images\map\WS_FTP.LOG --> uts.cc.utexas.edu /export/httpd/vhosts/texasbeyondhistory/data/protect/prehistoric/images/map WS_FTP.LOG
2005.07.30 17:35 B L:\TBH Website Temp\prehistoric\images\map\spacer.gif --> uts.cc.utexas.edu /export/httpd/vhosts/texasbeyondhistory/data/prehistoric/images/map spacer.gif
2005.07.30 17:35 B L:\TBH Website Temp\prehistoric\images\map\texas.htm --> uts.cc.utexas.edu /export/httpd/vhosts/texasbeyondhistory/data/prehistoric/images/map texas.htm
2005.07.30 17:35 B L:\TBH Website Temp\prehistoric\images\map\texas_r1_c1.gif --> uts.cc.utexas.edu /export/httpd/vhosts/texasbeyondhistory/data/prehistoric/images/map texas_r1_c1.gif
2005.07.30 17:35 B L:\TBH Website Temp\prehistoric\images\map\texas_r2_c1.gif --> uts.cc.utexas.edu /export/httpd/vhosts/texasbeyondhistory/data/prehistoric/images/map texas_r2_c1.gif
2005.07.30 17:35 B L:\TBH Website Temp\prehistoric\images\map\texas_r2_c3.gif --> uts.cc.utexas.edu /export/httpd/vhosts/texasbeyondhistory/data/prehistoric/images/map texas_r2_c3.gif
2005.07.30 17:35 B L:\TBH Website Temp\prehistoric\images\map\texas_r2_c3_f5.gif --> uts.cc.utexas.edu /export/httpd/vhosts/texasbeyondhistory/data/prehistoric/images/map texas_r2_c3_f5.gif
2005.07.30 17:35 B L:\TBH Website Temp\prehistoric\images\map\texas_r2_c5.gif --> uts.cc.utexas.edu /export/httpd/vhosts/texasbeyondhistory/data/prehistoric/images/map texas_r2_c5.gif
2005.07.30 17:35 B L:\TBH Website Temp\prehistoric\images\map\texas_r3_c3.gif --> uts.cc.utexas.edu /export/httpd/vhosts/texasbeyondhistory/data/prehistoric/images/map texas_r3_c3.gif
2005.07.30 17:35 B L:\TBH Website Temp\prehistoric\images\map\texas_r4_c1.gif --> uts.cc.utexas.edu /export/httpd/vhosts/texasbeyondhistory/data/prehistoric/images/map texas_r4_c1.gif
2005.07.30 17:35 B L:\TBH Website Temp\prehistoric\images\map\texas_r4_c2.gif --> uts.cc.utexas.edu /export/httpd/vhosts/texasbeyondhistory/data/prehistoric/images/map texas_r4_c2.gif
2005.07.30 17:35 B L:\TBH Website Temp\prehistoric\images\map\texas_r4_c2_f3.gif --> uts.cc.utexas.edu /export/httpd/vhosts/texasbeyondhistory/data/prehistoric/images/map texas_r4_c2_f3.gif
2005.07.30 17:35 B L:\TBH Website Temp\prehistoric\images\map\texas_r4_c4.gif --> uts.cc.utexas.edu /export/httpd/vhosts/texasbeyondhistory/data/prehistoric/images/map texas_r4_c4.gif
2005.07.30 17:35 B L:\TBH Website Temp\prehistoric\images\map\texas_r5_c2.gif --> uts.cc.utexas.edu /export/httpd/vhosts/texasbeyondhistory/data/prehistoric/images/map texas_r5_c2.gif
2005.07.30 17:35 B L:\TBH Website Temp\prehistoric\images\map\Thumbs.db --> uts.cc.utexas.edu /export/httpd/vhosts/texasbeyondhistory/data/prehistoric/images/map Thumbs.db
