2002.07.25 17:29 B C:\WINDOWS\Desktop\TBH\Recent\harrell\images\artifactheader.jpg --> tarlserver.tarl.utexas.edu /Website Stuff/TBH Website Temp/harrell/images artifactheader.jpg
2002.07.25 17:29 B C:\WINDOWS\Desktop\TBH\Recent\harrell\images\brazos6.html --> tarlserver.tarl.utexas.edu /Website Stuff/TBH Website Temp/harrell/images brazos6.html
2002.07.25 17:29 B C:\WINDOWS\Desktop\TBH\Recent\harrell\images\burial940-lg.gif --> tarlserver.tarl.utexas.edu /Website Stuff/TBH Website Temp/harrell/images burial940-lg.gif
2002.07.25 17:29 B C:\WINDOWS\Desktop\TBH\Recent\harrell\images\burial940-sm.gif --> tarlserver.tarl.utexas.edu /Website Stuff/TBH Website Temp/harrell/images burial940-sm.gif
2002.07.25 17:29 B C:\WINDOWS\Desktop\TBH\Recent\harrell\images\burial940.html --> tarlserver.tarl.utexas.edu /Website Stuff/TBH Website Temp/harrell/images burial940.html
2002.07.25 17:30 B C:\WINDOWS\Desktop\TBH\Recent\harrell\images\butcher-sm.gif --> tarlserver.tarl.utexas.edu /Website Stuff/TBH Website Temp/harrell/images butcher-sm.gif
2002.07.25 17:30 B C:\WINDOWS\Desktop\TBH\Recent\harrell\images\butcher-sm.jpg --> tarlserver.tarl.utexas.edu /Website Stuff/TBH Website Temp/harrell/images butcher-sm.jpg
2002.07.25 17:30 B C:\WINDOWS\Desktop\TBH\Recent\harrell\images\gary-sm.jpg --> tarlserver.tarl.utexas.edu /Website Stuff/TBH Website Temp/harrell/images gary-sm.jpg
2002.07.25 17:30 B C:\WINDOWS\Desktop\TBH\Recent\harrell\images\greatmidden-lg.jpg --> tarlserver.tarl.utexas.edu /Website Stuff/TBH Website Temp/harrell/images greatmidden-lg.jpg
2002.07.25 17:30 B C:\WINDOWS\Desktop\TBH\Recent\harrell\images\greatmidden-sm.gif --> tarlserver.tarl.utexas.edu /Website Stuff/TBH Website Temp/harrell/images greatmidden-sm.gif
2002.07.25 17:30 B C:\WINDOWS\Desktop\TBH\Recent\harrell\images\greatmidden-sm.jpg --> tarlserver.tarl.utexas.edu /Website Stuff/TBH Website Temp/harrell/images greatmidden-sm.jpg
2002.07.25 17:30 B C:\WINDOWS\Desktop\TBH\Recent\harrell\images\greatmidden.html --> tarlserver.tarl.utexas.edu /Website Stuff/TBH Website Temp/harrell/images greatmidden.html
2002.07.25 17:30 B C:\WINDOWS\Desktop\TBH\Recent\harrell\images\Krieger2-contourmap-lg.gif --> tarlserver.tarl.utexas.edu /Website Stuff/TBH Website Temp/harrell/images Krieger2-contourmap-lg.gif
2002.07.25 17:30 B C:\WINDOWS\Desktop\TBH\Recent\harrell\images\Krieger2-contourmap-sm.gif --> tarlserver.tarl.utexas.edu /Website Stuff/TBH Website Temp/harrell/images Krieger2-contourmap-sm.gif
2002.07.25 17:30 B C:\WINDOWS\Desktop\TBH\Recent\harrell\images\Krieger2-contourmap.html --> tarlserver.tarl.utexas.edu /Website Stuff/TBH Website Temp/harrell/images Krieger2-contourmap.html
2002.07.25 17:30 B C:\WINDOWS\Desktop\TBH\Recent\harrell\images\krigerprofile-lg.gif --> tarlserver.tarl.utexas.edu /Website Stuff/TBH Website Temp/harrell/images krigerprofile-lg.gif
2002.07.25 17:30 B C:\WINDOWS\Desktop\TBH\Recent\harrell\images\krigerprofile-sm.gif --> tarlserver.tarl.utexas.edu /Website Stuff/TBH Website Temp/harrell/images krigerprofile-sm.gif
2002.07.25 17:30 B C:\WINDOWS\Desktop\TBH\Recent\harrell\images\krigerprofile.html --> tarlserver.tarl.utexas.edu /Website Stuff/TBH Website Temp/harrell/images krigerprofile.html
2002.07.25 17:30 B C:\WINDOWS\Desktop\TBH\Recent\harrell\images\pearce-lg.jpg --> tarlserver.tarl.utexas.edu /Website Stuff/TBH Website Temp/harrell/images pearce-lg.jpg
2002.07.25 17:30 B C:\WINDOWS\Desktop\TBH\Recent\harrell\images\pearce-sm.jpg --> tarlserver.tarl.utexas.edu /Website Stuff/TBH Website Temp/harrell/images pearce-sm.jpg
2002.07.25 17:30 B C:\WINDOWS\Desktop\TBH\Recent\harrell\images\pearce.html --> tarlserver.tarl.utexas.edu /Website Stuff/TBH Website Temp/harrell/images pearce.html
2002.07.25 17:30 B C:\WINDOWS\Desktop\TBH\Recent\harrell\images\PlainsAnt1970-1-sm.gif --> tarlserver.tarl.utexas.edu /Website Stuff/TBH Website Temp/harrell/images PlainsAnt1970-1-sm.gif
2002.07.25 17:30 B C:\WINDOWS\Desktop\TBH\Recent\harrell\images\profile-lg.jpg --> tarlserver.tarl.utexas.edu /Website Stuff/TBH Website Temp/harrell/images profile-lg.jpg
2002.07.25 17:30 B C:\WINDOWS\Desktop\TBH\Recent\harrell\images\profile-sm.jpg --> tarlserver.tarl.utexas.edu /Website Stuff/TBH Website Temp/harrell/images profile-sm.jpg
2002.07.25 17:30 B C:\WINDOWS\Desktop\TBH\Recent\harrell\images\profile.html --> tarlserver.tarl.utexas.edu /Website Stuff/TBH Website Temp/harrell/images profile.html
2002.07.25 17:31 B C:\WINDOWS\Desktop\TBH\Recent\harrell\images\ut-map.brazos-lg.gif --> tarlserver.tarl.utexas.edu /Website Stuff/TBH Website Temp/harrell/images ut-map.brazos-lg.gif
2002.07.25 17:31 B C:\WINDOWS\Desktop\TBH\Recent\harrell\images\ut-map.brazos-sm.gif --> tarlserver.tarl.utexas.edu /Website Stuff/TBH Website Temp/harrell/images ut-map.brazos-sm.gif
2002.07.25 17:31 B C:\WINDOWS\Desktop\TBH\Recent\harrell\images\ut-map.brazos.html --> tarlserver.tarl.utexas.edu /Website Stuff/TBH Website Temp/harrell/images ut-map.brazos.html
2002.07.25 17:31 B C:\WINDOWS\Desktop\TBH\Recent\harrell\images\YN1-burials-lg.jpg --> tarlserver.tarl.utexas.edu /Website Stuff/TBH Website Temp/harrell/images YN1-burials-lg.jpg
2002.07.25 17:31 B C:\WINDOWS\Desktop\TBH\Recent\harrell\images\YN1-burials-sm.jpg --> tarlserver.tarl.utexas.edu /Website Stuff/TBH Website Temp/harrell/images YN1-burials-sm.jpg
2002.07.25 17:31 B C:\WINDOWS\Desktop\TBH\Recent\harrell\images\YN1-burials.html --> tarlserver.tarl.utexas.edu /Website Stuff/TBH Website Temp/harrell/images YN1-burials.html
2002.07.25 17:31 B C:\WINDOWS\Desktop\TBH\Recent\harrell\images\YN1-BW109-lg.jpg --> tarlserver.tarl.utexas.edu /Website Stuff/TBH Website Temp/harrell/images YN1-BW109-lg.jpg
2002.07.25 17:31 B C:\WINDOWS\Desktop\TBH\Recent\harrell\images\YN1-BW109-sm.jpg --> tarlserver.tarl.utexas.edu /Website Stuff/TBH Website Temp/harrell/images YN1-BW109-sm.jpg
2002.07.25 17:31 B C:\WINDOWS\Desktop\TBH\Recent\harrell\images\YN1-BW109.html --> tarlserver.tarl.utexas.edu /Website Stuff/TBH Website Temp/harrell/images YN1-BW109.html
2002.07.25 17:31 B C:\WINDOWS\Desktop\TBH\Recent\harrell\images\YN1-BW112-lg.jpg --> tarlserver.tarl.utexas.edu /Website Stuff/TBH Website Temp/harrell/images YN1-BW112-lg.jpg
2002.07.25 17:31 B C:\WINDOWS\Desktop\TBH\Recent\harrell\images\YN1-BW112-sm.jpg --> tarlserver.tarl.utexas.edu /Website Stuff/TBH Website Temp/harrell/images YN1-BW112-sm.jpg
2002.07.25 17:31 B C:\WINDOWS\Desktop\TBH\Recent\harrell\images\YN1-BW112.html --> tarlserver.tarl.utexas.edu /Website Stuff/TBH Website Temp/harrell/images YN1-BW112.html
2002.07.25 17:31 B C:\WINDOWS\Desktop\TBH\Recent\harrell\images\YN1-BW113-lg.jpg --> tarlserver.tarl.utexas.edu /Website Stuff/TBH Website Temp/harrell/images YN1-BW113-lg.jpg
2002.07.25 17:31 B C:\WINDOWS\Desktop\TBH\Recent\harrell\images\YN1-BW113-sm.jpg --> tarlserver.tarl.utexas.edu /Website Stuff/TBH Website Temp/harrell/images YN1-BW113-sm.jpg
2002.07.25 17:31 B C:\WINDOWS\Desktop\TBH\Recent\harrell\images\YN1-BW113.html --> tarlserver.tarl.utexas.edu /Website Stuff/TBH Website Temp/harrell/images YN1-BW113.html
2002.07.25 17:31 B C:\WINDOWS\Desktop\TBH\Recent\harrell\images\YN1-BW132-lg.jpg --> tarlserver.tarl.utexas.edu /Website Stuff/TBH Website Temp/harrell/images YN1-BW132-lg.jpg
2002.07.25 17:31 B C:\WINDOWS\Desktop\TBH\Recent\harrell\images\YN1-BW132-sm.jpg --> tarlserver.tarl.utexas.edu /Website Stuff/TBH Website Temp/harrell/images YN1-BW132-sm.jpg
2002.07.25 17:31 B C:\WINDOWS\Desktop\TBH\Recent\harrell\images\YN1-BW132.html --> tarlserver.tarl.utexas.edu /Website Stuff/TBH Website Temp/harrell/images YN1-BW132.html
2002.07.25 17:31 B C:\WINDOWS\Desktop\TBH\Recent\harrell\images\YN1-BW134-lg.jpg --> tarlserver.tarl.utexas.edu /Website Stuff/TBH Website Temp/harrell/images YN1-BW134-lg.jpg
2002.07.25 17:31 B C:\WINDOWS\Desktop\TBH\Recent\harrell\images\YN1-BW134-sm.jpg --> tarlserver.tarl.utexas.edu /Website Stuff/TBH Website Temp/harrell/images YN1-BW134-sm.jpg
2002.07.25 17:31 B C:\WINDOWS\Desktop\TBH\Recent\harrell\images\YN1-BW134.html --> tarlserver.tarl.utexas.edu /Website Stuff/TBH Website Temp/harrell/images YN1-BW134.html
2002.07.25 17:31 B C:\WINDOWS\Desktop\TBH\Recent\harrell\images\YN1-BW135-lg.jpg --> tarlserver.tarl.utexas.edu /Website Stuff/TBH Website Temp/harrell/images YN1-BW135-lg.jpg
2002.07.25 17:31 B C:\WINDOWS\Desktop\TBH\Recent\harrell\images\YN1-BW135-sm.jpg --> tarlserver.tarl.utexas.edu /Website Stuff/TBH Website Temp/harrell/images YN1-BW135-sm.jpg
2002.07.25 17:31 B C:\WINDOWS\Desktop\TBH\Recent\harrell\images\YN1-BW135.html --> tarlserver.tarl.utexas.edu /Website Stuff/TBH Website Temp/harrell/images YN1-BW135.html
2002.07.25 17:31 B C:\WINDOWS\Desktop\TBH\Recent\harrell\images\YN1-BW151-lg.jpg --> tarlserver.tarl.utexas.edu /Website Stuff/TBH Website Temp/harrell/images YN1-BW151-lg.jpg
2002.07.25 17:31 B C:\WINDOWS\Desktop\TBH\Recent\harrell\images\YN1-BW151-sm.jpg --> tarlserver.tarl.utexas.edu /Website Stuff/TBH Website Temp/harrell/images YN1-BW151-sm.jpg
2002.07.25 17:31 B C:\WINDOWS\Desktop\TBH\Recent\harrell\images\YN1-BW151.html --> tarlserver.tarl.utexas.edu /Website Stuff/TBH Website Temp/harrell/images YN1-BW151.html
2002.07.25 17:31 B C:\WINDOWS\Desktop\TBH\Recent\harrell\images\YN1-BW2.jpg --> tarlserver.tarl.utexas.edu /Website Stuff/TBH Website Temp/harrell/images YN1-BW2.jpg
2002.07.25 17:32 B C:\WINDOWS\Desktop\TBH\Recent\harrell\images\YN1-BW24-lg.jpg --> tarlserver.tarl.utexas.edu /Website Stuff/TBH Website Temp/harrell/images YN1-BW24-lg.jpg
2002.07.25 17:32 B C:\WINDOWS\Desktop\TBH\Recent\harrell\images\YN1-BW24-sm.jpg --> tarlserver.tarl.utexas.edu /Website Stuff/TBH Website Temp/harrell/images YN1-BW24-sm.jpg
2002.07.25 17:32 B C:\WINDOWS\Desktop\TBH\Recent\harrell\images\YN1-BW24.html --> tarlserver.tarl.utexas.edu /Website Stuff/TBH Website Temp/harrell/images YN1-BW24.html
2002.07.25 17:32 B C:\WINDOWS\Desktop\TBH\Recent\harrell\images\YN1-BW34-lg.jpg --> tarlserver.tarl.utexas.edu /Website Stuff/TBH Website Temp/harrell/images YN1-BW34-lg.jpg
2002.07.25 17:32 B C:\WINDOWS\Desktop\TBH\Recent\harrell\images\YN1-BW34-sm.jpg --> tarlserver.tarl.utexas.edu /Website Stuff/TBH Website Temp/harrell/images YN1-BW34-sm.jpg
2002.07.25 17:32 B C:\WINDOWS\Desktop\TBH\Recent\harrell\images\YN1-BW34.html --> tarlserver.tarl.utexas.edu /Website Stuff/TBH Website Temp/harrell/images YN1-BW34.html
2002.07.25 17:32 B C:\WINDOWS\Desktop\TBH\Recent\harrell\images\YN1-BW35-lg.jpg --> tarlserver.tarl.utexas.edu /Website Stuff/TBH Website Temp/harrell/images YN1-BW35-lg.jpg
2002.07.25 17:32 B C:\WINDOWS\Desktop\TBH\Recent\harrell\images\YN1-BW35-sm.jpg --> tarlserver.tarl.utexas.edu /Website Stuff/TBH Website Temp/harrell/images YN1-BW35-sm.jpg
2002.07.25 17:32 B C:\WINDOWS\Desktop\TBH\Recent\harrell\images\YN1-BW35.html --> tarlserver.tarl.utexas.edu /Website Stuff/TBH Website Temp/harrell/images YN1-BW35.html
2002.07.25 17:32 B C:\WINDOWS\Desktop\TBH\Recent\harrell\images\YN1-BW59-lg.jpg --> tarlserver.tarl.utexas.edu /Website Stuff/TBH Website Temp/harrell/images YN1-BW59-lg.jpg
2002.07.25 17:32 B C:\WINDOWS\Desktop\TBH\Recent\harrell\images\YN1-BW59-sm.jpg --> tarlserver.tarl.utexas.edu /Website Stuff/TBH Website Temp/harrell/images YN1-BW59-sm.jpg
2002.07.25 17:32 B C:\WINDOWS\Desktop\TBH\Recent\harrell\images\YN1-BW59.html --> tarlserver.tarl.utexas.edu /Website Stuff/TBH Website Temp/harrell/images YN1-BW59.html
2002.07.25 17:32 B C:\WINDOWS\Desktop\TBH\Recent\harrell\images\YN1-BW6-lg.jpg --> tarlserver.tarl.utexas.edu /Website Stuff/TBH Website Temp/harrell/images YN1-BW6-lg.jpg
2002.07.25 17:32 B C:\WINDOWS\Desktop\TBH\Recent\harrell\images\YN1-BW6-sm.jpg --> tarlserver.tarl.utexas.edu /Website Stuff/TBH Website Temp/harrell/images YN1-BW6-sm.jpg
2002.07.25 17:32 B C:\WINDOWS\Desktop\TBH\Recent\harrell\images\YN1-BW6.html --> tarlserver.tarl.utexas.edu /Website Stuff/TBH Website Temp/harrell/images YN1-BW6.html
2002.07.25 17:32 B C:\WINDOWS\Desktop\TBH\Recent\harrell\images\YN1-BW97-lg.jpg --> tarlserver.tarl.utexas.edu /Website Stuff/TBH Website Temp/harrell/images YN1-BW97-lg.jpg
2002.07.25 17:32 B C:\WINDOWS\Desktop\TBH\Recent\harrell\images\YN1-BW97-sm.jpg --> tarlserver.tarl.utexas.edu /Website Stuff/TBH Website Temp/harrell/images YN1-BW97-sm.jpg
2002.07.25 17:32 B C:\WINDOWS\Desktop\TBH\Recent\harrell\images\YN1-BW97.html --> tarlserver.tarl.utexas.edu /Website Stuff/TBH Website Temp/harrell/images YN1-BW97.html
2002.07.25 17:32 B C:\WINDOWS\Desktop\TBH\Recent\harrell\images\YN1-BW98-lg.jpg --> tarlserver.tarl.utexas.edu /Website Stuff/TBH Website Temp/harrell/images YN1-BW98-lg.jpg
2002.07.25 17:32 B C:\WINDOWS\Desktop\TBH\Recent\harrell\images\YN1-BW98-sm.jpg --> tarlserver.tarl.utexas.edu /Website Stuff/TBH Website Temp/harrell/images YN1-BW98-sm.jpg
2002.07.25 17:32 B C:\WINDOWS\Desktop\TBH\Recent\harrell\images\YN1-BW98.html --> tarlserver.tarl.utexas.edu /Website Stuff/TBH Website Temp/harrell/images YN1-BW98.html
2002.07.25 17:32 B C:\WINDOWS\Desktop\TBH\Recent\harrell\images\YN1-MB39-sm.jpg --> tarlserver.tarl.utexas.edu /Website Stuff/TBH Website Temp/harrell/images YN1-MB39-sm.jpg
2002.07.25 17:32 B C:\WINDOWS\Desktop\TBH\Recent\harrell\images\YN1-MB41-sm.jpg --> tarlserver.tarl.utexas.edu /Website Stuff/TBH Website Temp/harrell/images YN1-MB41-sm.jpg
2002.07.25 17:32 B C:\WINDOWS\Desktop\TBH\Recent\harrell\images\YN1-MB44-sm.jpg --> tarlserver.tarl.utexas.edu /Website Stuff/TBH Website Temp/harrell/images YN1-MB44-sm.jpg
2002.07.25 17:32 B C:\WINDOWS\Desktop\TBH\Recent\harrell\images\YN1-MB47-sm.jpg --> tarlserver.tarl.utexas.edu /Website Stuff/TBH Website Temp/harrell/images YN1-MB47-sm.jpg
2002.07.25 17:32 B C:\WINDOWS\Desktop\TBH\Recent\harrell\images\YN1-MB5-sm.jpg --> tarlserver.tarl.utexas.edu /Website Stuff/TBH Website Temp/harrell/images YN1-MB5-sm.jpg
2002.07.25 17:32 B C:\WINDOWS\Desktop\TBH\Recent\harrell\images\YN1-MB51-sm.jpg --> tarlserver.tarl.utexas.edu /Website Stuff/TBH Website Temp/harrell/images YN1-MB51-sm.jpg
2002.07.25 17:32 B C:\WINDOWS\Desktop\TBH\Recent\harrell\images\YN1-MB53-sm.jpg --> tarlserver.tarl.utexas.edu /Website Stuff/TBH Website Temp/harrell/images YN1-MB53-sm.jpg
2002.07.25 17:32 B C:\WINDOWS\Desktop\TBH\Recent\harrell\images\YN1-MB61-sm.jpg --> tarlserver.tarl.utexas.edu /Website Stuff/TBH Website Temp/harrell/images YN1-MB61-sm.jpg
2002.07.26 14:01 B C:\WINDOWS\Desktop\TBH\Recent\harrell\images\1011-lg.gif --> tarlserver.tarl.utexas.edu /Website Stuff/TBH Website Temp/harrell/images 1011-lg.gif
2002.07.26 14:01 B C:\WINDOWS\Desktop\TBH\Recent\harrell\images\1011-sm.gif --> tarlserver.tarl.utexas.edu /Website Stuff/TBH Website Temp/harrell/images 1011-sm.gif
2002.07.26 14:01 B C:\WINDOWS\Desktop\TBH\Recent\harrell\images\1011.html --> tarlserver.tarl.utexas.edu /Website Stuff/TBH Website Temp/harrell/images 1011.html
2002.07.26 14:01 B C:\WINDOWS\Desktop\TBH\Recent\harrell\images\alexkrieger-lg.jpg --> tarlserver.tarl.utexas.edu /Website Stuff/TBH Website Temp/harrell/images alexkrieger-lg.jpg
2002.07.26 14:01 B C:\WINDOWS\Desktop\TBH\Recent\harrell\images\alexkrieger-sm.jpg --> tarlserver.tarl.utexas.edu /Website Stuff/TBH Website Temp/harrell/images alexkrieger-sm.jpg
2002.07.26 14:01 B C:\WINDOWS\Desktop\TBH\Recent\harrell\images\alexkrieger.html --> tarlserver.tarl.utexas.edu /Website Stuff/TBH Website Temp/harrell/images alexkrieger.html
2002.07.26 14:01 B C:\WINDOWS\Desktop\TBH\Recent\harrell\images\artifactheader.jpg --> tarlserver.tarl.utexas.edu /Website Stuff/TBH Website Temp/harrell/images artifactheader.jpg
2002.07.26 14:01 B C:\WINDOWS\Desktop\TBH\Recent\harrell\images\bisontools-lg.jpg --> tarlserver.tarl.utexas.edu /Website Stuff/TBH Website Temp/harrell/images bisontools-lg.jpg
2002.07.26 14:01 B C:\WINDOWS\Desktop\TBH\Recent\harrell\images\bisontools-sm.jpg --> tarlserver.tarl.utexas.edu /Website Stuff/TBH Website Temp/harrell/images bisontools-sm.jpg
2002.07.26 14:01 B C:\WINDOWS\Desktop\TBH\Recent\harrell\images\bisontools.html --> tarlserver.tarl.utexas.edu /Website Stuff/TBH Website Temp/harrell/images bisontools.html
2002.07.26 14:01 B C:\WINDOWS\Desktop\TBH\Recent\harrell\images\CementedAsh-lg.gif --> tarlserver.tarl.utexas.edu /Website Stuff/TBH Website Temp/harrell/images CementedAsh-lg.gif
2002.07.26 14:01 B C:\WINDOWS\Desktop\TBH\Recent\harrell\images\CementedAsh-sm.gif --> tarlserver.tarl.utexas.edu /Website Stuff/TBH Website Temp/harrell/images CementedAsh-sm.gif
2002.07.26 14:01 B C:\WINDOWS\Desktop\TBH\Recent\harrell\images\cementedash.html --> tarlserver.tarl.utexas.edu /Website Stuff/TBH Website Temp/harrell/images cementedash.html
2002.07.26 14:01 B C:\WINDOWS\Desktop\TBH\Recent\harrell\images\Fishcreekhouse-lg.gif --> tarlserver.tarl.utexas.edu /Website Stuff/TBH Website Temp/harrell/images Fishcreekhouse-lg.gif
2002.07.26 14:01 B C:\WINDOWS\Desktop\TBH\Recent\harrell\images\Fishcreekhouse-sm.jpg --> tarlserver.tarl.utexas.edu /Website Stuff/TBH Website Temp/harrell/images Fishcreekhouse-sm.jpg
2002.07.26 14:01 B C:\WINDOWS\Desktop\TBH\Recent\harrell\images\fishcreekhouse.html --> tarlserver.tarl.utexas.edu /Website Stuff/TBH Website Temp/harrell/images fishcreekhouse.html
2002.07.26 14:01 B C:\WINDOWS\Desktop\TBH\Recent\harrell\images\HarrellExc3map-lg.jpg --> tarlserver.tarl.utexas.edu /Website Stuff/TBH Website Temp/harrell/images HarrellExc3map-lg.jpg
2002.07.26 14:01 B C:\WINDOWS\Desktop\TBH\Recent\harrell\images\HarrellExc3map-sm.jpg --> tarlserver.tarl.utexas.edu /Website Stuff/TBH Website Temp/harrell/images HarrellExc3map-sm.jpg
2002.07.26 14:01 B C:\WINDOWS\Desktop\TBH\Recent\harrell\images\HarrellExc3map.html --> tarlserver.tarl.utexas.edu /Website Stuff/TBH Website Temp/harrell/images HarrellExc3map.html
2002.07.26 14:02 B C:\WINDOWS\Desktop\TBH\Recent\harrell\images\harrellmap.gif --> tarlserver.tarl.utexas.edu /Website Stuff/TBH Website Temp/harrell/images harrellmap.gif
2002.07.26 14:02 B C:\WINDOWS\Desktop\TBH\Recent\harrell\images\hearthprofile-lg.gif --> tarlserver.tarl.utexas.edu /Website Stuff/TBH Website Temp/harrell/images hearthprofile-lg.gif
2002.07.26 14:02 B C:\WINDOWS\Desktop\TBH\Recent\harrell\images\hearthprofile-sm.gif --> tarlserver.tarl.utexas.edu /Website Stuff/TBH Website Temp/harrell/images hearthprofile-sm.gif
2002.07.26 14:02 B C:\WINDOWS\Desktop\TBH\Recent\harrell\images\hearthprofile.html --> tarlserver.tarl.utexas.edu /Website Stuff/TBH Website Temp/harrell/images hearthprofile.html
2002.07.26 14:02 B C:\WINDOWS\Desktop\TBH\Recent\harrell\images\Hughes-lg.jpg --> tarlserver.tarl.utexas.edu /Website Stuff/TBH Website Temp/harrell/images Hughes-lg.jpg
2002.07.26 14:02 B C:\WINDOWS\Desktop\TBH\Recent\harrell\images\Hughes-sm.jpg --> tarlserver.tarl.utexas.edu /Website Stuff/TBH Website Temp/harrell/images Hughes-sm.jpg
2002.07.26 14:02 B C:\WINDOWS\Desktop\TBH\Recent\harrell\images\hughes.html --> tarlserver.tarl.utexas.edu /Website Stuff/TBH Website Temp/harrell/images hughes.html
2002.07.26 14:02 B C:\WINDOWS\Desktop\TBH\Recent\harrell\images\poleholesburial-lg.gif --> tarlserver.tarl.utexas.edu /Website Stuff/TBH Website Temp/harrell/images poleholesburial-lg.gif
2002.07.26 14:02 B C:\WINDOWS\Desktop\TBH\Recent\harrell\images\poleholesburial-sm.gif --> tarlserver.tarl.utexas.edu /Website Stuff/TBH Website Temp/harrell/images poleholesburial-sm.gif
2002.07.26 14:02 B C:\WINDOWS\Desktop\TBH\Recent\harrell\images\poleholesburial.html --> tarlserver.tarl.utexas.edu /Website Stuff/TBH Website Temp/harrell/images poleholesburial.html
2002.07.26 14:02 B C:\WINDOWS\Desktop\TBH\Recent\harrell\images\WS_FTP.LOG --> tarlserver.tarl.utexas.edu /Website Stuff/TBH Website Temp/harrell/images WS_FTP.LOG
2002.07.26 14:02 B C:\WINDOWS\Desktop\TBH\Recent\harrell\images\YN1-BW151-sm.jpg --> tarlserver.tarl.utexas.edu /Website Stuff/TBH Website Temp/harrell/images YN1-BW151-sm.jpg
2002.07.26 14:02 B C:\WINDOWS\Desktop\TBH\Recent\harrell\images\YN1-BW2-lg.jpg --> tarlserver.tarl.utexas.edu /Website Stuff/TBH Website Temp/harrell/images YN1-BW2-lg.jpg
2002.07.26 14:02 B C:\WINDOWS\Desktop\TBH\Recent\harrell\images\YN1-BW2-sm.jpg --> tarlserver.tarl.utexas.edu /Website Stuff/TBH Website Temp/harrell/images YN1-BW2-sm.jpg
2002.07.26 14:02 B C:\WINDOWS\Desktop\TBH\Recent\harrell\images\YN1-BW2.html --> tarlserver.tarl.utexas.edu /Website Stuff/TBH Website Temp/harrell/images YN1-BW2.html
2002.07.26 14:02 B C:\WINDOWS\Desktop\TBH\Recent\harrell\images\YN1-BW61-lg.jpg --> tarlserver.tarl.utexas.edu /Website Stuff/TBH Website Temp/harrell/images YN1-BW61-lg.jpg
2002.07.26 14:02 B C:\WINDOWS\Desktop\TBH\Recent\harrell\images\YN1-BW61-sm.jpg --> tarlserver.tarl.utexas.edu /Website Stuff/TBH Website Temp/harrell/images YN1-BW61-sm.jpg
2002.07.26 14:02 B C:\WINDOWS\Desktop\TBH\Recent\harrell\images\YN1-BW61.html --> tarlserver.tarl.utexas.edu /Website Stuff/TBH Website Temp/harrell/images YN1-BW61.html
2002.07.26 14:02 B C:\WINDOWS\Desktop\TBH\Recent\harrell\images\YN1-BW9-lg.jpg --> tarlserver.tarl.utexas.edu /Website Stuff/TBH Website Temp/harrell/images YN1-BW9-lg.jpg
2002.07.26 14:02 B C:\WINDOWS\Desktop\TBH\Recent\harrell\images\YN1-BW9-sm.jpg --> tarlserver.tarl.utexas.edu /Website Stuff/TBH Website Temp/harrell/images YN1-BW9-sm.jpg
2002.07.26 14:02 B C:\WINDOWS\Desktop\TBH\Recent\harrell\images\YN1-BW9.html --> tarlserver.tarl.utexas.edu /Website Stuff/TBH Website Temp/harrell/images YN1-BW9.html
2002.07.26 14:02 B C:\WINDOWS\Desktop\TBH\Recent\harrell\images\YN1-BW95-lg.jpg --> tarlserver.tarl.utexas.edu /Website Stuff/TBH Website Temp/harrell/images YN1-BW95-lg.jpg
2002.07.26 14:02 B C:\WINDOWS\Desktop\TBH\Recent\harrell\images\YN1-BW95-sm.jpg --> tarlserver.tarl.utexas.edu /Website Stuff/TBH Website Temp/harrell/images YN1-BW95-sm.jpg
2002.07.26 14:02 B C:\WINDOWS\Desktop\TBH\Recent\harrell\images\YN1-BW95.html --> tarlserver.tarl.utexas.edu /Website Stuff/TBH Website Temp/harrell/images YN1-BW95.html
2002.07.26 14:02 B C:\WINDOWS\Desktop\TBH\Recent\harrell\images\YN1-MB73-lg.jpg --> tarlserver.tarl.utexas.edu /Website Stuff/TBH Website Temp/harrell/images YN1-MB73-lg.jpg
2002.07.26 14:02 B C:\WINDOWS\Desktop\TBH\Recent\harrell\images\YN1-MB73-sm.jpg --> tarlserver.tarl.utexas.edu /Website Stuff/TBH Website Temp/harrell/images YN1-MB73-sm.jpg
2002.07.26 14:02 B C:\WINDOWS\Desktop\TBH\Recent\harrell\images\YN1-MB73.html --> tarlserver.tarl.utexas.edu /Website Stuff/TBH Website Temp/harrell/images YN1-MB73.html
2002.08.08 13:56 B G:\Website Stuff\TBH Website Temp\harrell\images\fishhook.html --> uts.cc.utexas.edu /export/httpd/vhosts/texasbeyondhistory/data/harrell/images fishhook.html
2002.08.08 13:57 B G:\Website Stuff\TBH Website Temp\harrell\images\YN1-MB40.html --> uts.cc.utexas.edu /export/httpd/vhosts/texasbeyondhistory/data/harrell/images YN1-MB40.html
2002.08.08 13:57 B G:\Website Stuff\TBH Website Temp\harrell\images\YN1-MB72.html --> uts.cc.utexas.edu /export/httpd/vhosts/texasbeyondhistory/data/harrell/images YN1-MB72.html
2002.08.08 13:58 B G:\Website Stuff\TBH Website Temp\harrell\images\YN1-MB78.html --> uts.cc.utexas.edu /export/httpd/vhosts/texasbeyondhistory/data/harrell/images YN1-MB78.html
2002.08.08 13:58 B G:\Website Stuff\TBH Website Temp\harrell\images\YN1-MB47.html --> uts.cc.utexas.edu /export/httpd/vhosts/texasbeyondhistory/data/harrell/images YN1-MB47.html
2002.08.08 15:20 B G:\Website Stuff\TBH Website Temp\harrell\images\profile.html --> uts.cc.utexas.edu /export/httpd/vhosts/texasbeyondhistory/data/harrell/images profile.html
2002.08.08 15:22 B G:\Website Stuff\TBH Website Temp\harrell\images\krigerprofile.html --> uts.cc.utexas.edu /export/httpd/vhosts/texasbeyondhistory/data/harrell/images krigerprofile.html
