2007.12.21 17:54 B L:\TBH Website Temp\trans-p\nature\images\dove2-swd.html --> uts.cc.utexas.edu /export/httpd/vhosts/texasbeyondhistory/data/protect/trans-p/nature/images dove2-swd.html
2007.12.21 17:54 B L:\TBH Website Temp\trans-p\nature\images\desertbighornsheep.html --> uts.cc.utexas.edu /export/httpd/vhosts/texasbeyondhistory/data/protect/trans-p/nature/images desertbighornsheep.html
2007.12.21 17:54 B L:\TBH Website Temp\trans-p\nature\images\bigHornSheep-sm.jpg --> uts.cc.utexas.edu /export/httpd/vhosts/texasbeyondhistory/data/protect/trans-p/nature/images bigHornSheep-sm.jpg
2007.12.21 17:54 B L:\TBH Website Temp\trans-p\nature\images\Peregrine-picto-RSkiles.html --> uts.cc.utexas.edu /export/httpd/vhosts/texasbeyondhistory/data/protect/trans-p/nature/images Peregrine-picto-RSkiles.html
2007.12.21 17:54 B L:\TBH Website Temp\trans-p\nature\images\dove2-swd.jpg --> uts.cc.utexas.edu /export/httpd/vhosts/texasbeyondhistory/data/protect/trans-p/nature/images dove2-swd.jpg
2007.12.21 17:54 B L:\TBH Website Temp\trans-p\nature\images\Carmen-Whitetail-chisos-RSkiles.jpg --> uts.cc.utexas.edu /export/httpd/vhosts/texasbeyondhistory/data/protect/trans-p/nature/images Carmen-Whitetail-chisos-RSkiles.jpg
2007.12.21 17:54 B L:\TBH Website Temp\trans-p\nature\images\Carmen-Whitetail-chisos-RSkiles.html --> uts.cc.utexas.edu /export/httpd/vhosts/texasbeyondhistory/data/protect/trans-p/nature/images Carmen-Whitetail-chisos-RSkiles.html
2007.12.21 17:54 B L:\TBH Website Temp\trans-p\nature\images\desert-cottontail-usfws.html --> uts.cc.utexas.edu /export/httpd/vhosts/texasbeyondhistory/data/protect/trans-p/nature/images desert-cottontail-usfws.html
2007.12.21 17:54 B L:\TBH Website Temp\trans-p\nature\images\jackrabbit-usfws.html --> uts.cc.utexas.edu /export/httpd/vhosts/texasbeyondhistory/data/protect/trans-p/nature/images jackrabbit-usfws.html
2007.12.21 17:54 B L:\TBH Website Temp\trans-p\nature\images\Antelope-Davis-mts-SLB.jpg --> uts.cc.utexas.edu /export/httpd/vhosts/texasbeyondhistory/data/protect/trans-p/nature/images Antelope-Davis-mts-SLB.jpg
2007.12.21 17:54 B L:\TBH Website Temp\trans-p\nature\images\Antelope-Davis-mts-SLB.html --> uts.cc.utexas.edu /export/httpd/vhosts/texasbeyondhistory/data/protect/trans-p/nature/images Antelope-Davis-mts-SLB.html
2007.12.21 17:54 B L:\TBH Website Temp\trans-p\nature\images\Hornfels-Mallouf.jpg --> uts.cc.utexas.edu /export/httpd/vhosts/texasbeyondhistory/data/protect/trans-p/nature/images Hornfels-Mallouf.jpg
2007.12.21 17:54 B L:\TBH Website Temp\trans-p\nature\images\Hornfels-Mallouf-sm.jpg --> uts.cc.utexas.edu /export/httpd/vhosts/texasbeyondhistory/data/protect/trans-p/nature/images Hornfels-Mallouf-sm.jpg
2007.12.21 17:54 B L:\TBH Website Temp\trans-p\nature\images\Burro-Mesa.html --> uts.cc.utexas.edu /export/httpd/vhosts/texasbeyondhistory/data/protect/trans-p/nature/images Burro-Mesa.html
2007.12.21 17:54 B L:\TBH Website Temp\trans-p\nature\images\cienega-brown.html --> uts.cc.utexas.edu /export/httpd/vhosts/texasbeyondhistory/data/protect/trans-p/nature/images cienega-brown.html
2007.12.21 17:54 B L:\TBH Website Temp\trans-p\nature\images\arfedsonite2.html --> uts.cc.utexas.edu /export/httpd/vhosts/texasbeyondhistory/data/protect/trans-p/nature/images arfedsonite2.html
2007.12.21 17:54 B L:\TBH Website Temp\trans-p\nature\images\BG-yellow-jasper.html --> uts.cc.utexas.edu /export/httpd/vhosts/texasbeyondhistory/data/protect/trans-p/nature/images BG-yellow-jasper.html
2007.12.21 17:54 B L:\TBH Website Temp\trans-p\nature\images\BG-rhyolite.html --> uts.cc.utexas.edu /export/httpd/vhosts/texasbeyondhistory/data/protect/trans-p/nature/images BG-rhyolite.html
2007.12.21 17:54 B L:\TBH Website Temp\trans-p\nature\images\BBRSP-Folsom.html --> uts.cc.utexas.edu /export/httpd/vhosts/texasbeyondhistory/data/protect/trans-p/nature/images BBRSP-Folsom.html
2007.12.21 17:54 B L:\TBH Website Temp\trans-p\nature\images\baked-chert2.html --> uts.cc.utexas.edu /export/httpd/vhosts/texasbeyondhistory/data/protect/trans-p/nature/images baked-chert2.html
2007.12.21 17:54 B L:\TBH Website Temp\trans-p\nature\images\hornfels-BBNP.html --> uts.cc.utexas.edu /export/httpd/vhosts/texasbeyondhistory/data/protect/trans-p/nature/images hornfels-BBNP.html
2007.12.21 17:54 B L:\TBH Website Temp\trans-p\nature\images\butterscotch-quarry2.html --> uts.cc.utexas.edu /export/httpd/vhosts/texasbeyondhistory/data/protect/trans-p/nature/images butterscotch-quarry2.html
2007.12.21 17:54 B L:\TBH Website Temp\trans-p\nature\images\Burro-Mesa-Clovis-stillwell.html --> uts.cc.utexas.edu /export/httpd/vhosts/texasbeyondhistory/data/protect/trans-p/nature/images Burro-Mesa-Clovis-stillwell.html
2007.12.21 17:54 B L:\TBH Website Temp\trans-p\nature\images\purple-tan-chert.html --> uts.cc.utexas.edu /export/httpd/vhosts/texasbeyondhistory/data/protect/trans-p/nature/images purple-tan-chert.html
2007.12.21 17:54 B L:\TBH Website Temp\trans-p\nature\images\PS572-chert-quarry-BBRSP.html --> uts.cc.utexas.edu /export/httpd/vhosts/texasbeyondhistory/data/protect/trans-p/nature/images PS572-chert-quarry-BBRSP.html
2007.12.21 17:54 B L:\TBH Website Temp\trans-p\nature\images\hornfels6.html --> uts.cc.utexas.edu /export/httpd/vhosts/texasbeyondhistory/data/protect/trans-p/nature/images hornfels6.html
2007.12.21 17:54 B L:\TBH Website Temp\trans-p\nature\images\Hornfels-Mallouf.html --> uts.cc.utexas.edu /export/httpd/vhosts/texasbeyondhistory/data/protect/trans-p/nature/images Hornfels-Mallouf.html
2007.12.21 17:54 B L:\TBH Website Temp\trans-p\nature\images\THC-BS-2W-Parvin.html --> uts.cc.utexas.edu /export/httpd/vhosts/texasbeyondhistory/data/protect/trans-p/nature/images THC-BS-2W-Parvin.html
2007.12.21 17:54 B L:\TBH Website Temp\trans-p\nature\images\THC-BS-1X-Parvin.html --> uts.cc.utexas.edu /export/httpd/vhosts/texasbeyondhistory/data/protect/trans-p/nature/images THC-BS-1X-Parvin.html
2007.12.21 17:54 B L:\TBH Website Temp\trans-p\nature\images\spotted-quarry2.html --> uts.cc.utexas.edu /export/httpd/vhosts/texasbeyondhistory/data/protect/trans-p/nature/images spotted-quarry2.html
2007.12.21 17:54 B L:\TBH Website Temp\trans-p\nature\images\yellow-jasper2.html --> uts.cc.utexas.edu /export/httpd/vhosts/texasbeyondhistory/data/protect/trans-p/nature/images yellow-jasper2.html
2007.12.21 17:54 B L:\TBH Website Temp\trans-p\nature\images\white-chert-quarry2.html --> uts.cc.utexas.edu /export/httpd/vhosts/texasbeyondhistory/data/protect/trans-p/nature/images white-chert-quarry2.html
2007.12.21 17:54 B L:\TBH Website Temp\trans-p\nature\images\THC-BS-3W-Parvin.html --> uts.cc.utexas.edu /export/httpd/vhosts/texasbeyondhistory/data/protect/trans-p/nature/images THC-BS-3W-Parvin.html
2007.12.21 17:54 B L:\TBH Website Temp\trans-p\nature\images\yellow-jasper.html --> uts.cc.utexas.edu /export/httpd/vhosts/texasbeyondhistory/data/protect/trans-p/nature/images yellow-jasper.html
2007.12.21 17:54 B L:\TBH Website Temp\trans-p\nature\images\rhyolite.html --> uts.cc.utexas.edu /export/httpd/vhosts/texasbeyondhistory/data/protect/trans-p/nature/images rhyolite.html
2007.12.21 17:54 B L:\TBH Website Temp\trans-p\nature\images\hornfels.html --> uts.cc.utexas.edu /export/httpd/vhosts/texasbeyondhistory/data/protect/trans-p/nature/images hornfels.html
2007.12.21 17:54 B L:\TBH Website Temp\trans-p\nature\images\Kaolinite-bead.jpg --> uts.cc.utexas.edu /export/httpd/vhosts/texasbeyondhistory/data/protect/trans-p/nature/images Kaolinite-bead.jpg
2007.12.21 17:54 B L:\TBH Website Temp\trans-p\nature\images\vanhorn-quarries.html --> uts.cc.utexas.edu /export/httpd/vhosts/texasbeyondhistory/data/protect/trans-p/nature/images vanhorn-quarries.html
2007.12.21 17:54 B L:\TBH Website Temp\trans-p\nature\images\8-AC-DeerShelter2.html --> uts.cc.utexas.edu /export/httpd/vhosts/texasbeyondhistory/data/protect/trans-p/nature/images 8-AC-DeerShelter2.html
2007.12.21 17:54 B L:\TBH Website Temp\trans-p\nature\images\arfedsonite2-sm.jpg --> uts.cc.utexas.edu /export/httpd/vhosts/texasbeyondhistory/data/protect/trans-p/nature/images arfedsonite2-sm.jpg
2007.12.21 17:54 B L:\TBH Website Temp\trans-p\nature\images\BBRSP-Folsom-sm.jpg --> uts.cc.utexas.edu /export/httpd/vhosts/texasbeyondhistory/data/protect/trans-p/nature/images BBRSP-Folsom-sm.jpg
2007.12.21 17:54 B L:\TBH Website Temp\trans-p\nature\images\baked-chert2.jpg --> uts.cc.utexas.edu /export/httpd/vhosts/texasbeyondhistory/data/protect/trans-p/nature/images baked-chert2.jpg
2007.12.21 17:54 B L:\TBH Website Temp\trans-p\nature\images\baked-chert2-sm.jpg --> uts.cc.utexas.edu /export/httpd/vhosts/texasbeyondhistory/data/protect/trans-p/nature/images baked-chert2-sm.jpg
2007.12.21 17:54 B L:\TBH Website Temp\trans-p\nature\images\arfedsonite2.jpg --> uts.cc.utexas.edu /export/httpd/vhosts/texasbeyondhistory/data/protect/trans-p/nature/images arfedsonite2.jpg
2007.12.21 17:54 B L:\TBH Website Temp\trans-p\nature\images\BG-yellow-jasper-sm.jpg --> uts.cc.utexas.edu /export/httpd/vhosts/texasbeyondhistory/data/protect/trans-p/nature/images BG-yellow-jasper-sm.jpg
2007.12.21 17:54 B L:\TBH Website Temp\trans-p\nature\images\BG-rhyolite.jpg --> uts.cc.utexas.edu /export/httpd/vhosts/texasbeyondhistory/data/protect/trans-p/nature/images BG-rhyolite.jpg
2007.12.21 17:54 B L:\TBH Website Temp\trans-p\nature\images\BG-rhyolite-sm.jpg --> uts.cc.utexas.edu /export/httpd/vhosts/texasbeyondhistory/data/protect/trans-p/nature/images BG-rhyolite-sm.jpg
2007.12.21 17:54 B L:\TBH Website Temp\trans-p\nature\images\BBRSP-Folsom.jpg --> uts.cc.utexas.edu /export/httpd/vhosts/texasbeyondhistory/data/protect/trans-p/nature/images BBRSP-Folsom.jpg
2007.12.21 17:54 B L:\TBH Website Temp\trans-p\nature\images\Burro-Mesa-Clovis-stillwell.jpg --> uts.cc.utexas.edu /export/httpd/vhosts/texasbeyondhistory/data/protect/trans-p/nature/images Burro-Mesa-Clovis-stillwell.jpg
2007.12.21 17:54 B L:\TBH Website Temp\trans-p\nature\images\Burro-Mesa-Clovis-stillwell-sm.jpg --> uts.cc.utexas.edu /export/httpd/vhosts/texasbeyondhistory/data/protect/trans-p/nature/images Burro-Mesa-Clovis-stillwell-sm.jpg
2007.12.21 17:54 B L:\TBH Website Temp\trans-p\nature\images\BG-yellow-jasper.jpg --> uts.cc.utexas.edu /export/httpd/vhosts/texasbeyondhistory/data/protect/trans-p/nature/images BG-yellow-jasper.jpg
2007.12.21 17:54 B L:\TBH Website Temp\trans-p\nature\images\hornfels6-sm.jpg --> uts.cc.utexas.edu /export/httpd/vhosts/texasbeyondhistory/data/protect/trans-p/nature/images hornfels6-sm.jpg
2007.12.21 17:54 B L:\TBH Website Temp\trans-p\nature\images\butterscotch-quarry2.jpg --> uts.cc.utexas.edu /export/httpd/vhosts/texasbeyondhistory/data/protect/trans-p/nature/images butterscotch-quarry2.jpg
2007.12.21 17:54 B L:\TBH Website Temp\trans-p\nature\images\butterscotch-quarry2-sm.jpg --> uts.cc.utexas.edu /export/httpd/vhosts/texasbeyondhistory/data/protect/trans-p/nature/images butterscotch-quarry2-sm.jpg
2007.12.21 17:54 B L:\TBH Website Temp\trans-p\nature\images\hornfels6.jpg --> uts.cc.utexas.edu /export/httpd/vhosts/texasbeyondhistory/data/protect/trans-p/nature/images hornfels6.jpg
2007.12.21 17:54 B L:\TBH Website Temp\trans-p\nature\images\hornfels-BBNP.jpg --> uts.cc.utexas.edu /export/httpd/vhosts/texasbeyondhistory/data/protect/trans-p/nature/images hornfels-BBNP.jpg
2007.12.21 17:54 B L:\TBH Website Temp\trans-p\nature\images\hornfels-BBNP-sm.jpg --> uts.cc.utexas.edu /export/httpd/vhosts/texasbeyondhistory/data/protect/trans-p/nature/images hornfels-BBNP-sm.jpg
2007.12.21 17:54 B L:\TBH Website Temp\trans-p\nature\images\PS572-chert-quarry-BBRSP.jpg --> uts.cc.utexas.edu /export/httpd/vhosts/texasbeyondhistory/data/protect/trans-p/nature/images PS572-chert-quarry-BBRSP.jpg
2007.12.21 17:54 B L:\TBH Website Temp\trans-p\nature\images\PS572-chert-quarry-BBRSP-sm.jpg --> uts.cc.utexas.edu /export/httpd/vhosts/texasbeyondhistory/data/protect/trans-p/nature/images PS572-chert-quarry-BBRSP-sm.jpg
2007.12.21 17:54 B L:\TBH Website Temp\trans-p\nature\images\spotted-quarry2.jpg --> uts.cc.utexas.edu /export/httpd/vhosts/texasbeyondhistory/data/protect/trans-p/nature/images spotted-quarry2.jpg
2007.12.21 17:54 B L:\TBH Website Temp\trans-p\nature\images\spotted-quarry2-sm.jpg --> uts.cc.utexas.edu /export/httpd/vhosts/texasbeyondhistory/data/protect/trans-p/nature/images spotted-quarry2-sm.jpg
2007.12.21 17:54 B L:\TBH Website Temp\trans-p\nature\images\purple-tan-chert.jpg --> uts.cc.utexas.edu /export/httpd/vhosts/texasbeyondhistory/data/protect/trans-p/nature/images purple-tan-chert.jpg
2007.12.21 17:54 B L:\TBH Website Temp\trans-p\nature\images\purple-tan-chert-sm.jpg --> uts.cc.utexas.edu /export/httpd/vhosts/texasbeyondhistory/data/protect/trans-p/nature/images purple-tan-chert-sm.jpg
2007.12.21 17:54 B L:\TBH Website Temp\trans-p\nature\images\THC-BS-3W-Parvin-sm.jpg --> uts.cc.utexas.edu /export/httpd/vhosts/texasbeyondhistory/data/protect/trans-p/nature/images THC-BS-3W-Parvin-sm.jpg
2007.12.21 17:54 B L:\TBH Website Temp\trans-p\nature\images\THC-BS-2W-Parvin.jpg --> uts.cc.utexas.edu /export/httpd/vhosts/texasbeyondhistory/data/protect/trans-p/nature/images THC-BS-2W-Parvin.jpg
2007.12.21 17:54 B L:\TBH Website Temp\trans-p\nature\images\THC-BS-2W-Parvin-sm.jpg --> uts.cc.utexas.edu /export/httpd/vhosts/texasbeyondhistory/data/protect/trans-p/nature/images THC-BS-2W-Parvin-sm.jpg
2007.12.21 17:54 B L:\TBH Website Temp\trans-p\nature\images\THC-BS-1X-Parvin.jpg --> uts.cc.utexas.edu /export/httpd/vhosts/texasbeyondhistory/data/protect/trans-p/nature/images THC-BS-1X-Parvin.jpg
2007.12.21 17:54 B L:\TBH Website Temp\trans-p\nature\images\THC-BS-1X-Parvin-sm.jpg --> uts.cc.utexas.edu /export/httpd/vhosts/texasbeyondhistory/data/protect/trans-p/nature/images THC-BS-1X-Parvin-sm.jpg
2007.12.21 17:54 B L:\TBH Website Temp\trans-p\nature\images\yellow-jasper2-sm.jpg --> uts.cc.utexas.edu /export/httpd/vhosts/texasbeyondhistory/data/protect/trans-p/nature/images yellow-jasper2-sm.jpg
2007.12.21 17:54 B L:\TBH Website Temp\trans-p\nature\images\white-chert-quarry2.jpg --> uts.cc.utexas.edu /export/httpd/vhosts/texasbeyondhistory/data/protect/trans-p/nature/images white-chert-quarry2.jpg
2007.12.21 17:54 B L:\TBH Website Temp\trans-p\nature\images\white-chert-quarry2-sm.jpg --> uts.cc.utexas.edu /export/httpd/vhosts/texasbeyondhistory/data/protect/trans-p/nature/images white-chert-quarry2-sm.jpg
2007.12.21 17:54 B L:\TBH Website Temp\trans-p\nature\images\THC-BS-3W-Parvin.jpg --> uts.cc.utexas.edu /export/httpd/vhosts/texasbeyondhistory/data/protect/trans-p/nature/images THC-BS-3W-Parvin.jpg
2007.12.21 17:54 B L:\TBH Website Temp\trans-p\nature\images\yellow-jasper2.jpg --> uts.cc.utexas.edu /export/httpd/vhosts/texasbeyondhistory/data/protect/trans-p/nature/images yellow-jasper2.jpg
2007.12.21 17:54 B L:\TBH Website Temp\trans-p\nature\images\icon-plants.jpg --> uts.cc.utexas.edu /export/httpd/vhosts/texasbeyondhistory/data/protect/trans-p/nature/images icon-plants.jpg
2007.12.21 17:54 B L:\TBH Website Temp\trans-p\nature\images\pinon.html --> uts.cc.utexas.edu /export/httpd/vhosts/texasbeyondhistory/data/protect/trans-p/nature/images pinon.html
2007.12.21 17:54 B L:\TBH Website Temp\trans-p\nature\images\creosotebush.html --> uts.cc.utexas.edu /export/httpd/vhosts/texasbeyondhistory/data/protect/trans-p/nature/images creosotebush.html
2007.12.21 17:54 B L:\TBH Website Temp\trans-p\nature\images\Ocotillo-bloom-PD.jpg --> uts.cc.utexas.edu /export/httpd/vhosts/texasbeyondhistory/data/protect/trans-p/nature/images Ocotillo-bloom-PD.jpg
2007.12.21 17:54 B L:\TBH Website Temp\trans-p\nature\images\Ocotillo-bloom-PD-sm.jpg --> uts.cc.utexas.edu /export/httpd/vhosts/texasbeyondhistory/data/protect/trans-p/nature/images Ocotillo-bloom-PD-sm.jpg
2007.12.21 17:54 B L:\TBH Website Temp\trans-p\nature\images\Ocatillo-SLB-sm.jpg --> uts.cc.utexas.edu /export/httpd/vhosts/texasbeyondhistory/data/protect/trans-p/nature/images Ocatillo-SLB-sm.jpg
2007.12.21 17:54 B L:\TBH Website Temp\trans-p\nature\images\icon-ocotillo.jpg --> uts.cc.utexas.edu /export/httpd/vhosts/texasbeyondhistory/data/protect/trans-p/nature/images icon-ocotillo.jpg
2007.12.21 17:54 B L:\TBH Website Temp\trans-p\nature\images\ocotillo.html --> uts.cc.utexas.edu /export/httpd/vhosts/texasbeyondhistory/data/protect/trans-p/nature/images ocotillo.html
2007.12.21 17:54 B L:\TBH Website Temp\trans-p\nature\images\Ocotillo-flower-PD.html --> uts.cc.utexas.edu /export/httpd/vhosts/texasbeyondhistory/data/protect/trans-p/nature/images Ocotillo-flower-PD.html
2007.12.21 17:54 B L:\TBH Website Temp\trans-p\nature\images\Ocotillo-bloom-PD.html --> uts.cc.utexas.edu /export/httpd/vhosts/texasbeyondhistory/data/protect/trans-p/nature/images Ocotillo-bloom-PD.html
2007.12.21 17:54 B L:\TBH Website Temp\trans-p\nature\images\Ocatillo-SLB.html --> uts.cc.utexas.edu /export/httpd/vhosts/texasbeyondhistory/data/protect/trans-p/nature/images Ocatillo-SLB.html
2007.12.21 17:54 B L:\TBH Website Temp\trans-p\nature\images\oak.html --> uts.cc.utexas.edu /export/httpd/vhosts/texasbeyondhistory/data/protect/trans-p/nature/images oak.html
2007.12.21 17:54 B L:\TBH Website Temp\trans-p\nature\images\Ocotillo-flower-PD-sm.jpg --> uts.cc.utexas.edu /export/httpd/vhosts/texasbeyondhistory/data/protect/trans-p/nature/images Ocotillo-flower-PD-sm.jpg
2007.12.21 17:54 B L:\TBH Website Temp\trans-p\nature\images\dock.html --> uts.cc.utexas.edu /export/httpd/vhosts/texasbeyondhistory/data/protect/trans-p/nature/images dock.html
2007.12.21 17:54 B L:\TBH Website Temp\trans-p\nature\images\agave.html --> uts.cc.utexas.edu /export/httpd/vhosts/texasbeyondhistory/data/protect/trans-p/nature/images agave.html
2007.12.21 17:54 B L:\TBH Website Temp\trans-p\nature\images\Ocatillo-SLB.jpg --> uts.cc.utexas.edu /export/httpd/vhosts/texasbeyondhistory/data/protect/trans-p/nature/images Ocatillo-SLB.jpg
2007.12.21 17:54 B L:\TBH Website Temp\trans-p\nature\images\Ocotillo-flower-PD.jpg --> uts.cc.utexas.edu /export/httpd/vhosts/texasbeyondhistory/data/protect/trans-p/nature/images Ocotillo-flower-PD.jpg
2007.12.21 17:54 B L:\TBH Website Temp\trans-p\nature\images\yucca.html --> uts.cc.utexas.edu /export/httpd/vhosts/texasbeyondhistory/data/protect/trans-p/nature/images yucca.html
2007.12.21 17:54 B L:\TBH Website Temp\trans-p\nature\images\yucca-fortstockton-swd.html --> uts.cc.utexas.edu /export/httpd/vhosts/texasbeyondhistory/data/protect/trans-p/nature/images yucca-fortstockton-swd.html
2007.12.21 17:54 B L:\TBH Website Temp\trans-p\nature\images\pinon-mortar.html --> uts.cc.utexas.edu /export/httpd/vhosts/texasbeyondhistory/data/protect/trans-p/nature/images pinon-mortar.html
2007.12.21 17:54 B L:\TBH Website Temp\trans-p\nature\images\pinon-guadalupes-swd.html --> uts.cc.utexas.edu /export/httpd/vhosts/texasbeyondhistory/data/protect/trans-p/nature/images pinon-guadalupes-swd.html
2007.12.21 17:54 B L:\TBH Website Temp\trans-p\nature\images\AC-S-rim.html --> uts.cc.utexas.edu /export/httpd/vhosts/texasbeyondhistory/data/protect/trans-p/nature/images AC-S-rim.html
2007.12.21 17:54 B L:\TBH Website Temp\trans-p\nature\images\shin-oak.html --> uts.cc.utexas.edu /export/httpd/vhosts/texasbeyondhistory/data/protect/trans-p/nature/images shin-oak.html
2007.12.21 17:54 B L:\TBH Website Temp\trans-p\nature\images\SandDock.html --> uts.cc.utexas.edu /export/httpd/vhosts/texasbeyondhistory/data/protect/trans-p/nature/images SandDock.html
2007.12.21 17:54 B L:\TBH Website Temp\trans-p\nature\images\Gambel-oak-PD.html --> uts.cc.utexas.edu /export/httpd/vhosts/texasbeyondhistory/data/protect/trans-p/nature/images Gambel-oak-PD.html
2007.12.21 17:54 B L:\TBH Website Temp\trans-p\nature\images\creosote-bush.html --> uts.cc.utexas.edu /export/httpd/vhosts/texasbeyondhistory/data/protect/trans-p/nature/images creosote-bush.html
2007.12.21 17:54 B L:\TBH Website Temp\trans-p\nature\images\creosote-branch.html --> uts.cc.utexas.edu /export/httpd/vhosts/texasbeyondhistory/data/protect/trans-p/nature/images creosote-branch.html
2007.12.21 17:54 B L:\TBH Website Temp\trans-p\nature\images\lechugilla-C-Harrell.html --> uts.cc.utexas.edu /export/httpd/vhosts/texasbeyondhistory/data/protect/trans-p/nature/images lechugilla-C-Harrell.html
2007.12.21 17:54 B L:\TBH Website Temp\trans-p\nature\images\Agave-havardii2.html --> uts.cc.utexas.edu /export/httpd/vhosts/texasbeyondhistory/data/protect/trans-p/nature/images Agave-havardii2.html
2007.12.21 17:54 B L:\TBH Website Temp\trans-p\nature\images\Agave-havardii.html --> uts.cc.utexas.edu /export/httpd/vhosts/texasbeyondhistory/data/protect/trans-p/nature/images Agave-havardii.html
2007.12.21 17:54 B L:\TBH Website Temp\trans-p\nature\images\lechuguila-field.html --> uts.cc.utexas.edu /export/httpd/vhosts/texasbeyondhistory/data/protect/trans-p/nature/images lechuguila-field.html
2007.12.21 17:54 B L:\TBH Website Temp\trans-p\nature\images\camera-button-seemore-sm.jpg --> uts.cc.utexas.edu /export/httpd/vhosts/texasbeyondhistory/data/protect/trans-p/nature/images camera-button-seemore-sm.jpg
2007.12.21 17:54 B L:\TBH Website Temp\trans-p\nature\images\camera-button-seemore-ro-sm.jpg --> uts.cc.utexas.edu /export/httpd/vhosts/texasbeyondhistory/data/protect/trans-p/nature/images camera-button-seemore-ro-sm.jpg
2007.12.21 17:54 B L:\TBH Website Temp\trans-p\nature\images\camera-button-enlarge-sm.jpg --> uts.cc.utexas.edu /export/httpd/vhosts/texasbeyondhistory/data/protect/trans-p/nature/images camera-button-enlarge-sm.jpg
2007.12.21 17:54 B L:\TBH Website Temp\trans-p\nature\images\camera-button-enlarge-ro-sm.jpg --> uts.cc.utexas.edu /export/httpd/vhosts/texasbeyondhistory/data/protect/trans-p/nature/images camera-button-enlarge-ro-sm.jpg
2007.12.21 17:54 B L:\TBH Website Temp\trans-p\nature\images\creosote-bush.jpg --> uts.cc.utexas.edu /export/httpd/vhosts/texasbeyondhistory/data/protect/trans-p/nature/images creosote-bush.jpg
2007.12.21 17:54 B L:\TBH Website Temp\trans-p\nature\images\creosote-bush-sm.jpg --> uts.cc.utexas.edu /export/httpd/vhosts/texasbeyondhistory/data/protect/trans-p/nature/images creosote-bush-sm.jpg
2007.12.21 17:54 B L:\TBH Website Temp\trans-p\nature\images\icon-creosote.jpg --> uts.cc.utexas.edu /export/httpd/vhosts/texasbeyondhistory/data/protect/trans-p/nature/images icon-creosote.jpg
2007.12.21 17:54 B L:\TBH Website Temp\trans-p\nature\images\creosote-branch.jpg --> uts.cc.utexas.edu /export/httpd/vhosts/texasbeyondhistory/data/protect/trans-p/nature/images creosote-branch.jpg
2007.12.21 17:54 B L:\TBH Website Temp\trans-p\nature\images\creosote-branch-sm.jpg --> uts.cc.utexas.edu /export/httpd/vhosts/texasbeyondhistory/data/protect/trans-p/nature/images creosote-branch-sm.jpg
2007.12.21 17:54 B L:\TBH Website Temp\trans-p\nature\images\AC-S-rim.jpg --> uts.cc.utexas.edu /export/httpd/vhosts/texasbeyondhistory/data/protect/trans-p/nature/images AC-S-rim.jpg
2007.12.21 17:54 B L:\TBH Website Temp\trans-p\nature\images\AC-S-rim-sm.jpg --> uts.cc.utexas.edu /export/httpd/vhosts/texasbeyondhistory/data/protect/trans-p/nature/images AC-S-rim-sm.jpg
2007.12.21 17:54 B L:\TBH Website Temp\trans-p\nature\images\Agave-havardii2.jpg --> uts.cc.utexas.edu /export/httpd/vhosts/texasbeyondhistory/data/protect/trans-p/nature/images Agave-havardii2.jpg
2007.12.21 17:54 B L:\TBH Website Temp\trans-p\nature\images\Agave-havardii2-sm.jpg --> uts.cc.utexas.edu /export/httpd/vhosts/texasbeyondhistory/data/protect/trans-p/nature/images Agave-havardii2-sm.jpg
2007.12.21 17:54 B L:\TBH Website Temp\trans-p\nature\images\Agave-havardii.jpg --> uts.cc.utexas.edu /export/httpd/vhosts/texasbeyondhistory/data/protect/trans-p/nature/images Agave-havardii.jpg
2007.12.21 17:54 B L:\TBH Website Temp\trans-p\nature\images\Agave-havardii-sm.jpg --> uts.cc.utexas.edu /export/httpd/vhosts/texasbeyondhistory/data/protect/trans-p/nature/images Agave-havardii-sm.jpg
2007.12.21 17:54 B L:\TBH Website Temp\trans-p\nature\images\Gambel-oak-PD.jpg --> uts.cc.utexas.edu /export/httpd/vhosts/texasbeyondhistory/data/protect/trans-p/nature/images Gambel-oak-PD.jpg
2007.12.21 17:54 B L:\TBH Website Temp\trans-p\nature\images\Gambel-oak-PD-sm.jpg --> uts.cc.utexas.edu /export/httpd/vhosts/texasbeyondhistory/data/protect/trans-p/nature/images Gambel-oak-PD-sm.jpg
2007.12.21 17:54 B L:\TBH Website Temp\trans-p\nature\images\lechuguila-field.jpg --> uts.cc.utexas.edu /export/httpd/vhosts/texasbeyondhistory/data/protect/trans-p/nature/images lechuguila-field.jpg
2007.12.21 17:54 B L:\TBH Website Temp\trans-p\nature\images\lechuguila-field-sm.jpg --> uts.cc.utexas.edu /export/httpd/vhosts/texasbeyondhistory/data/protect/trans-p/nature/images lechuguila-field-sm.jpg
2007.12.21 17:54 B L:\TBH Website Temp\trans-p\nature\images\lechugilla-C-Harrell.jpg --> uts.cc.utexas.edu /export/httpd/vhosts/texasbeyondhistory/data/protect/trans-p/nature/images lechugilla-C-Harrell.jpg
2007.12.21 17:54 B L:\TBH Website Temp\trans-p\nature\images\lechugilla-C-Harrell-sm.jpg --> uts.cc.utexas.edu /export/httpd/vhosts/texasbeyondhistory/data/protect/trans-p/nature/images lechugilla-C-Harrell-sm.jpg
2007.12.21 17:54 B L:\TBH Website Temp\trans-p\nature\images\pinon-mortar.jpg --> uts.cc.utexas.edu /export/httpd/vhosts/texasbeyondhistory/data/protect/trans-p/nature/images pinon-mortar.jpg
2007.12.21 17:54 B L:\TBH Website Temp\trans-p\nature\images\pinon-mortar-sm.jpg --> uts.cc.utexas.edu /export/httpd/vhosts/texasbeyondhistory/data/protect/trans-p/nature/images pinon-mortar-sm.jpg
2007.12.21 17:54 B L:\TBH Website Temp\trans-p\nature\images\pinon-guadalupes-swd.jpg --> uts.cc.utexas.edu /export/httpd/vhosts/texasbeyondhistory/data/protect/trans-p/nature/images pinon-guadalupes-swd.jpg
2007.12.21 17:54 B L:\TBH Website Temp\trans-p\nature\images\pinon-guadalupes-swd-sm.jpg --> uts.cc.utexas.edu /export/httpd/vhosts/texasbeyondhistory/data/protect/trans-p/nature/images pinon-guadalupes-swd-sm.jpg
2007.12.21 17:54 B L:\TBH Website Temp\trans-p\nature\images\shin-oak-sm.jpg --> uts.cc.utexas.edu /export/httpd/vhosts/texasbeyondhistory/data/protect/trans-p/nature/images shin-oak-sm.jpg
2007.12.21 17:54 B L:\TBH Website Temp\trans-p\nature\images\SandDock.jpg --> uts.cc.utexas.edu /export/httpd/vhosts/texasbeyondhistory/data/protect/trans-p/nature/images SandDock.jpg
2007.12.21 17:54 B L:\TBH Website Temp\trans-p\nature\images\SandDock-sm.jpg --> uts.cc.utexas.edu /export/httpd/vhosts/texasbeyondhistory/data/protect/trans-p/nature/images SandDock-sm.jpg
2007.12.21 17:54 B L:\TBH Website Temp\trans-p\nature\images\yucca-fortstockton-swd.jpg --> uts.cc.utexas.edu /export/httpd/vhosts/texasbeyondhistory/data/protect/trans-p/nature/images yucca-fortstockton-swd.jpg
2007.12.21 17:54 B L:\TBH Website Temp\trans-p\nature\images\yucca-fortstockton-swd-sm.jpg --> uts.cc.utexas.edu /export/httpd/vhosts/texasbeyondhistory/data/protect/trans-p/nature/images yucca-fortstockton-swd-sm.jpg
2007.12.21 17:54 B L:\TBH Website Temp\trans-p\nature\images\shin-oak.jpg --> uts.cc.utexas.edu /export/httpd/vhosts/texasbeyondhistory/data/protect/trans-p/nature/images shin-oak.jpg
2007.12.21 17:54 B L:\TBH Website Temp\trans-p\nature\images\icon-animals.jpg --> uts.cc.utexas.edu /export/httpd/vhosts/texasbeyondhistory/data/protect/trans-p/nature/images icon-animals.jpg
2007.12.21 17:54 B L:\TBH Website Temp\trans-p\nature\images\icon-rocks.jpg --> uts.cc.utexas.edu /export/httpd/vhosts/texasbeyondhistory/data/protect/trans-p/nature/images icon-rocks.jpg
2007.12.21 17:54 B L:\TBH Website Temp\trans-p\nature\images\icon-burro-mesa.jpg --> uts.cc.utexas.edu /export/httpd/vhosts/texasbeyondhistory/data/protect/trans-p/nature/images icon-burro-mesa.jpg
2007.12.21 17:54 B L:\TBH Website Temp\trans-p\nature\images\icon-cinega.jpg --> uts.cc.utexas.edu /export/httpd/vhosts/texasbeyondhistory/data/protect/trans-p/nature/images icon-cinega.jpg
2007.12.21 17:54 B L:\TBH Website Temp\trans-p\nature\images\icon-hornfels.jpg --> uts.cc.utexas.edu /export/httpd/vhosts/texasbeyondhistory/data/protect/trans-p/nature/images icon-hornfels.jpg
2007.12.21 17:54 B L:\TBH Website Temp\trans-p\nature\images\icon-rhyolite.jpg --> uts.cc.utexas.edu /export/httpd/vhosts/texasbeyondhistory/data/protect/trans-p/nature/images icon-rhyolite.jpg
2007.12.21 17:54 B L:\TBH Website Temp\trans-p\nature\images\icon-yellow-jasper.jpg --> uts.cc.utexas.edu /export/httpd/vhosts/texasbeyondhistory/data/protect/trans-p/nature/images icon-yellow-jasper.jpg
2007.12.21 17:54 B L:\TBH Website Temp\trans-p\nature\images\icon-van-horn.jpg --> uts.cc.utexas.edu /export/httpd/vhosts/texasbeyondhistory/data/protect/trans-p/nature/images icon-van-horn.jpg
2007.12.21 17:54 B L:\TBH Website Temp\trans-p\nature\images\icon-agave.jpg --> uts.cc.utexas.edu /export/httpd/vhosts/texasbeyondhistory/data/protect/trans-p/nature/images icon-agave.jpg
2007.12.21 17:54 B L:\TBH Website Temp\trans-p\nature\images\icon-dock.jpg --> uts.cc.utexas.edu /export/httpd/vhosts/texasbeyondhistory/data/protect/trans-p/nature/images icon-dock.jpg
2007.12.21 17:54 B L:\TBH Website Temp\trans-p\nature\images\icon-oak.jpg --> uts.cc.utexas.edu /export/httpd/vhosts/texasbeyondhistory/data/protect/trans-p/nature/images icon-oak.jpg
2007.12.21 17:54 B L:\TBH Website Temp\trans-p\nature\images\icon-pinon.jpg --> uts.cc.utexas.edu /export/httpd/vhosts/texasbeyondhistory/data/protect/trans-p/nature/images icon-pinon.jpg
2007.12.21 17:54 B L:\TBH Website Temp\trans-p\nature\images\icon-yucca.jpg --> uts.cc.utexas.edu /export/httpd/vhosts/texasbeyondhistory/data/protect/trans-p/nature/images icon-yucca.jpg
2007.12.21 17:54 B L:\TBH Website Temp\trans-p\nature\images\icon-antelope.jpg --> uts.cc.utexas.edu /export/httpd/vhosts/texasbeyondhistory/data/protect/trans-p/nature/images icon-antelope.jpg
2007.12.21 17:54 B L:\TBH Website Temp\trans-p\nature\images\icon-bighorn.jpg --> uts.cc.utexas.edu /export/httpd/vhosts/texasbeyondhistory/data/protect/trans-p/nature/images icon-bighorn.jpg
2007.12.21 17:54 B L:\TBH Website Temp\trans-p\nature\images\icon-deer.jpg --> uts.cc.utexas.edu /export/httpd/vhosts/texasbeyondhistory/data/protect/trans-p/nature/images icon-deer.jpg
2007.12.21 17:54 B L:\TBH Website Temp\trans-p\nature\images\icon-dove.jpg --> uts.cc.utexas.edu /export/httpd/vhosts/texasbeyondhistory/data/protect/trans-p/nature/images icon-dove.jpg
2007.12.21 17:54 B L:\TBH Website Temp\trans-p\nature\images\icon-fish.jpg --> uts.cc.utexas.edu /export/httpd/vhosts/texasbeyondhistory/data/protect/trans-p/nature/images icon-fish.jpg
2007.12.21 17:54 B L:\TBH Website Temp\trans-p\nature\images\icon-rabbit.jpg --> uts.cc.utexas.edu /export/httpd/vhosts/texasbeyondhistory/data/protect/trans-p/nature/images icon-rabbit.jpg
2007.12.21 17:54 B L:\TBH Website Temp\trans-p\nature\images\FreshwaterDrum_tpwd.html --> uts.cc.utexas.edu /export/httpd/vhosts/texasbeyondhistory/data/protect/trans-p/nature/images FreshwaterDrum_tpwd.html
2007.12.21 17:54 B L:\TBH Website Temp\trans-p\nature\images\desert-cottontail-usfws.jpg --> uts.cc.utexas.edu /export/httpd/vhosts/texasbeyondhistory/data/protect/trans-p/nature/images desert-cottontail-usfws.jpg
2007.12.21 17:54 B L:\TBH Website Temp\trans-p\nature\images\Pylodictis-olivaris-Flathead-catfish-NPS.html --> uts.cc.utexas.edu /export/httpd/vhosts/texasbeyondhistory/data/protect/trans-p/nature/images Pylodictis-olivaris-Flathead-catfish-NPS.html
2007.12.21 17:54 B L:\TBH Website Temp\trans-p\nature\images\BighornSheep-usfws.html --> uts.cc.utexas.edu /export/httpd/vhosts/texasbeyondhistory/data/protect/trans-p/nature/images BighornSheep-usfws.html
2007.12.21 17:54 B L:\TBH Website Temp\trans-p\nature\images\antelope-TPWD.html --> uts.cc.utexas.edu /export/httpd/vhosts/texasbeyondhistory/data/protect/trans-p/nature/images antelope-TPWD.html
2007.12.21 17:54 B L:\TBH Website Temp\trans-p\nature\images\pronghorn.html --> uts.cc.utexas.edu /export/httpd/vhosts/texasbeyondhistory/data/protect/trans-p/nature/images pronghorn.html
2007.12.21 17:54 B L:\TBH Website Temp\trans-p\nature\images\Mule-deer-Davis-mts-SLB.html --> uts.cc.utexas.edu /export/httpd/vhosts/texasbeyondhistory/data/protect/trans-p/nature/images Mule-deer-Davis-mts-SLB.html
2007.12.21 17:54 B L:\TBH Website Temp\trans-p\nature\images\birds.html --> uts.cc.utexas.edu /export/httpd/vhosts/texasbeyondhistory/data/protect/trans-p/nature/images birds.html
2007.12.21 17:54 B L:\TBH Website Temp\trans-p\nature\images\rabbits.html --> uts.cc.utexas.edu /export/httpd/vhosts/texasbeyondhistory/data/protect/trans-p/nature/images rabbits.html
2007.12.21 17:54 B L:\TBH Website Temp\trans-p\nature\images\deer.html --> uts.cc.utexas.edu /export/httpd/vhosts/texasbeyondhistory/data/protect/trans-p/nature/images deer.html
2007.12.21 17:54 B L:\TBH Website Temp\trans-p\nature\images\animals.html --> uts.cc.utexas.edu /export/httpd/vhosts/texasbeyondhistory/data/protect/trans-p/nature/images animals.html
2007.12.21 17:54 B L:\TBH Website Temp\trans-p\nature\images\fish.html --> uts.cc.utexas.edu /export/httpd/vhosts/texasbeyondhistory/data/protect/trans-p/nature/images fish.html
2007.12.21 17:54 B L:\TBH Website Temp\trans-p\nature\images\dove2-swd-main.jpg --> uts.cc.utexas.edu /export/httpd/vhosts/texasbeyondhistory/data/protect/trans-p/nature/images dove2-swd-main.jpg
2007.12.21 17:54 B L:\TBH Website Temp\trans-p\nature\images\antelope-TPWD-sm.jpg --> uts.cc.utexas.edu /export/httpd/vhosts/texasbeyondhistory/data/protect/trans-p/nature/images antelope-TPWD-sm.jpg
2007.12.21 17:54 B L:\TBH Website Temp\trans-p\nature\images\Carmen-Whitetail-chisos-RSkiles-sm.jpg --> uts.cc.utexas.edu /export/httpd/vhosts/texasbeyondhistory/data/protect/trans-p/nature/images Carmen-Whitetail-chisos-RSkiles-sm.jpg
2007.12.21 17:54 B L:\TBH Website Temp\trans-p\nature\images\desert-cottontail-usfws-sm.jpg --> uts.cc.utexas.edu /export/httpd/vhosts/texasbeyondhistory/data/protect/trans-p/nature/images desert-cottontail-usfws-sm.jpg
2007.12.21 17:54 B L:\TBH Website Temp\trans-p\nature\images\dove2-swd-sm.jpg --> uts.cc.utexas.edu /export/httpd/vhosts/texasbeyondhistory/data/protect/trans-p/nature/images dove2-swd-sm.jpg
2007.12.21 17:54 B L:\TBH Website Temp\trans-p\nature\images\Pylodictis-olivaris-Flathead-catfish-NPS-sm.jpg --> uts.cc.utexas.edu /export/httpd/vhosts/texasbeyondhistory/data/protect/trans-p/nature/images Pylodictis-olivaris-Flathead-catfish-NPS-sm.jpg
2007.12.21 17:54 B L:\TBH Website Temp\trans-p\nature\images\Pylodictis-olivaris-flathead-catfish-NPS.jpg --> uts.cc.utexas.edu /export/httpd/vhosts/texasbeyondhistory/data/protect/trans-p/nature/images Pylodictis-olivaris-flathead-catfish-NPS.jpg
2007.12.21 17:54 B L:\TBH Website Temp\trans-p\nature\images\Pylodictis olivaris Flathead catfish-NPS-sm.jpg --> uts.cc.utexas.edu /export/httpd/vhosts/texasbeyondhistory/data/protect/trans-p/nature/images Pylodictis olivaris Flathead catfish-NPS-sm.jpg
2007.12.21 17:54 B L:\TBH Website Temp\trans-p\nature\images\Peregrine-picto-RSkiles.jpg --> uts.cc.utexas.edu /export/httpd/vhosts/texasbeyondhistory/data/protect/trans-p/nature/images Peregrine-picto-RSkiles.jpg
2007.12.21 17:54 B L:\TBH Website Temp\trans-p\nature\images\Peregrine-picto-RSkiles-sm.jpg --> uts.cc.utexas.edu /export/httpd/vhosts/texasbeyondhistory/data/protect/trans-p/nature/images Peregrine-picto-RSkiles-sm.jpg
2007.12.21 17:54 B L:\TBH Website Temp\trans-p\nature\images\Mule-deer-Davis-mts-SLB-sm.jpg --> uts.cc.utexas.edu /export/httpd/vhosts/texasbeyondhistory/data/protect/trans-p/nature/images Mule-deer-Davis-mts-SLB-sm.jpg
2007.12.21 17:54 B L:\TBH Website Temp\trans-p\nature\images\jackrabbit-usfws.jpg --> uts.cc.utexas.edu /export/httpd/vhosts/texasbeyondhistory/data/protect/trans-p/nature/images jackrabbit-usfws.jpg
2007.12.21 17:54 B L:\TBH Website Temp\trans-p\nature\images\jackrabbit-usfws-sm.jpg --> uts.cc.utexas.edu /export/httpd/vhosts/texasbeyondhistory/data/protect/trans-p/nature/images jackrabbit-usfws-sm.jpg
2007.12.21 17:54 B L:\TBH Website Temp\trans-p\nature\images\FreshwaterDrum_tpwd.jpg --> uts.cc.utexas.edu /export/httpd/vhosts/texasbeyondhistory/data/protect/trans-p/nature/images FreshwaterDrum_tpwd.jpg
2007.12.21 17:54 B L:\TBH Website Temp\trans-p\nature\images\FreshwaterDrum_tpwd-sm.jpg --> uts.cc.utexas.edu /export/httpd/vhosts/texasbeyondhistory/data/protect/trans-p/nature/images FreshwaterDrum_tpwd-sm.jpg
2007.12.21 17:54 B L:\TBH Website Temp\trans-p\nature\images\desert cottontail-usfws.jpg --> uts.cc.utexas.edu /export/httpd/vhosts/texasbeyondhistory/data/protect/trans-p/nature/images desert cottontail-usfws.jpg
2007.12.21 17:54 B L:\TBH Website Temp\trans-p\nature\images\desert cottontail-usfws-sm.jpg --> uts.cc.utexas.edu /export/httpd/vhosts/texasbeyondhistory/data/protect/trans-p/nature/images desert cottontail-usfws-sm.jpg
2007.12.21 17:54 B L:\TBH Website Temp\trans-p\nature\images\Carmen-Whitetail chisos-RSkiles-sm.jpg --> uts.cc.utexas.edu /export/httpd/vhosts/texasbeyondhistory/data/protect/trans-p/nature/images Carmen-Whitetail chisos-RSkiles-sm.jpg
2007.12.21 17:54 B L:\TBH Website Temp\trans-p\nature\images\BighornSheep-usfws.jpg --> uts.cc.utexas.edu /export/httpd/vhosts/texasbeyondhistory/data/protect/trans-p/nature/images BighornSheep-usfws.jpg
2007.12.21 17:54 B L:\TBH Website Temp\trans-p\nature\images\BighornSheep-usfws-sm.jpg --> uts.cc.utexas.edu /export/httpd/vhosts/texasbeyondhistory/data/protect/trans-p/nature/images BighornSheep-usfws-sm.jpg
2007.12.21 17:54 B L:\TBH Website Temp\trans-p\nature\images\antelope-TPWD.jpg --> uts.cc.utexas.edu /export/httpd/vhosts/texasbeyondhistory/data/protect/trans-p/nature/images antelope-TPWD.jpg
2007.12.21 17:54 B L:\TBH Website Temp\trans-p\nature\images\Antelope-Davis-mts-SLB-sm.jpg --> uts.cc.utexas.edu /export/httpd/vhosts/texasbeyondhistory/data/protect/trans-p/nature/images Antelope-Davis-mts-SLB-sm.jpg
2007.12.21 17:54 B L:\TBH Website Temp\trans-p\nature\images\8-AC-DeerShelter2.jpg --> uts.cc.utexas.edu /export/httpd/vhosts/texasbeyondhistory/data/protect/trans-p/nature/images 8-AC-DeerShelter2.jpg
2007.12.21 17:54 B L:\TBH Website Temp\trans-p\nature\images\8-AC-DeerShelter2-sm.jpg --> uts.cc.utexas.edu /export/httpd/vhosts/texasbeyondhistory/data/protect/trans-p/nature/images 8-AC-DeerShelter2-sm.jpg
2007.12.21 17:54 B L:\TBH Website Temp\trans-p\nature\images\Mule-deer-Davis-mts-SLB.jpg --> uts.cc.utexas.edu /export/httpd/vhosts/texasbeyondhistory/data/protect/trans-p/nature/images Mule-deer-Davis-mts-SLB.jpg
2007.12.21 17:54 B L:\TBH Website Temp\trans-p\nature\images\bigHornSheep.jpg --> uts.cc.utexas.edu /export/httpd/vhosts/texasbeyondhistory/data/protect/trans-p/nature/images bigHornSheep.jpg
2007.12.21 18:14 B L:\TBH Website Temp\trans-p\nature\images\desertbighornsheep.html --> uts.cc.utexas.edu /export/httpd/vhosts/texasbeyondhistory/data/protect/trans-p/nature/images desertbighornsheep.html
2007.12.21 18:16 B L:\TBH Website Temp\trans-p\nature\images\desertbighornsheep.html --> uts.cc.utexas.edu /export/httpd/vhosts/texasbeyondhistory/data/protect/trans-p/nature/images desertbighornsheep.html
2007.12.21 18:16 B L:\TBH Website Temp\trans-p\nature\images\dove2-swd.html --> uts.cc.utexas.edu /export/httpd/vhosts/texasbeyondhistory/data/protect/trans-p/nature/images dove2-swd.html
2007.12.21 18:16 B L:\TBH Website Temp\trans-p\nature\images\bighornsheep-sm.jpg --> uts.cc.utexas.edu /export/httpd/vhosts/texasbeyondhistory/data/protect/trans-p/nature/images bighornsheep-sm.jpg
