2003.09.08 14:09 B G:\Website Stuff\TBH Website Temp\kids\forts\1.html --> uts.cc.utexas.edu /export/httpd/vhosts/texasbeyondhistory/data/kids/forts 1.html
2003.09.08 14:09 B G:\Website Stuff\TBH Website Temp\kids\forts\10.html --> uts.cc.utexas.edu /export/httpd/vhosts/texasbeyondhistory/data/kids/forts 10.html
2003.09.08 14:09 B G:\Website Stuff\TBH Website Temp\kids\forts\11.html --> uts.cc.utexas.edu /export/httpd/vhosts/texasbeyondhistory/data/kids/forts 11.html
2003.09.08 14:09 B G:\Website Stuff\TBH Website Temp\kids\forts\12.html --> uts.cc.utexas.edu /export/httpd/vhosts/texasbeyondhistory/data/kids/forts 12.html
2003.09.08 14:09 B G:\Website Stuff\TBH Website Temp\kids\forts\13.html --> uts.cc.utexas.edu /export/httpd/vhosts/texasbeyondhistory/data/kids/forts 13.html
2003.09.08 14:09 B G:\Website Stuff\TBH Website Temp\kids\forts\14.html --> uts.cc.utexas.edu /export/httpd/vhosts/texasbeyondhistory/data/kids/forts 14.html
2003.09.08 14:09 B G:\Website Stuff\TBH Website Temp\kids\forts\15.html --> uts.cc.utexas.edu /export/httpd/vhosts/texasbeyondhistory/data/kids/forts 15.html
2003.09.08 14:10 B G:\Website Stuff\TBH Website Temp\kids\forts\16.html --> uts.cc.utexas.edu /export/httpd/vhosts/texasbeyondhistory/data/kids/forts 16.html
2003.09.08 14:10 B G:\Website Stuff\TBH Website Temp\kids\forts\17.html --> uts.cc.utexas.edu /export/httpd/vhosts/texasbeyondhistory/data/kids/forts 17.html
2003.09.08 14:10 B G:\Website Stuff\TBH Website Temp\kids\forts\18.html --> uts.cc.utexas.edu /export/httpd/vhosts/texasbeyondhistory/data/kids/forts 18.html
2003.09.08 14:10 B G:\Website Stuff\TBH Website Temp\kids\forts\3.html --> uts.cc.utexas.edu /export/httpd/vhosts/texasbeyondhistory/data/kids/forts 3.html
2003.09.08 14:10 B G:\Website Stuff\TBH Website Temp\kids\forts\4.html --> uts.cc.utexas.edu /export/httpd/vhosts/texasbeyondhistory/data/kids/forts 4.html
2003.09.08 14:10 B G:\Website Stuff\TBH Website Temp\kids\forts\5.html --> uts.cc.utexas.edu /export/httpd/vhosts/texasbeyondhistory/data/kids/forts 5.html
2003.09.08 14:10 B G:\Website Stuff\TBH Website Temp\kids\forts\6.html --> uts.cc.utexas.edu /export/httpd/vhosts/texasbeyondhistory/data/kids/forts 6.html
2003.09.08 14:10 B G:\Website Stuff\TBH Website Temp\kids\forts\7.html --> uts.cc.utexas.edu /export/httpd/vhosts/texasbeyondhistory/data/kids/forts 7.html
2003.09.08 14:10 B G:\Website Stuff\TBH Website Temp\kids\forts\8.html --> uts.cc.utexas.edu /export/httpd/vhosts/texasbeyondhistory/data/kids/forts 8.html
2003.09.08 14:11 B G:\Website Stuff\TBH Website Temp\kids\forts\9.html --> uts.cc.utexas.edu /export/httpd/vhosts/texasbeyondhistory/data/kids/forts 9.html
2003.09.08 14:11 B G:\Website Stuff\TBH Website Temp\kids\forts\index.html --> uts.cc.utexas.edu /export/httpd/vhosts/texasbeyondhistory/data/kids/forts index.html
2003.09.08 14:11 B G:\Website Stuff\TBH Website Temp\kids\forts\meet.html --> uts.cc.utexas.edu /export/httpd/vhosts/texasbeyondhistory/data/kids/forts meet.html
2003.09.08 15:32 B G:\Website Stuff\TBH Website Temp\kids\forts\8.html --> uts.cc.utexas.edu /export/httpd/vhosts/texasbeyondhistory/data/kids/forts 8.html
2003.09.09 10:26 B G:\Website Stuff\TBH Website Temp\kids\forts\1.html --> uts.cc.utexas.edu /export/httpd/vhosts/texasbeyondhistory/data/kids/forts 1.html
2003.09.09 10:27 B G:\Website Stuff\TBH Website Temp\kids\forts\10.html --> uts.cc.utexas.edu /export/httpd/vhosts/texasbeyondhistory/data/kids/forts 10.html
2003.09.09 10:27 B G:\Website Stuff\TBH Website Temp\kids\forts\11.html --> uts.cc.utexas.edu /export/httpd/vhosts/texasbeyondhistory/data/kids/forts 11.html
2003.09.09 10:27 B G:\Website Stuff\TBH Website Temp\kids\forts\13.html --> uts.cc.utexas.edu /export/httpd/vhosts/texasbeyondhistory/data/kids/forts 13.html
2003.09.09 10:27 B G:\Website Stuff\TBH Website Temp\kids\forts\14.html --> uts.cc.utexas.edu /export/httpd/vhosts/texasbeyondhistory/data/kids/forts 14.html
2003.09.09 10:27 B G:\Website Stuff\TBH Website Temp\kids\forts\16.html --> uts.cc.utexas.edu /export/httpd/vhosts/texasbeyondhistory/data/kids/forts 16.html
2003.09.09 10:27 B G:\Website Stuff\TBH Website Temp\kids\forts\17.html --> uts.cc.utexas.edu /export/httpd/vhosts/texasbeyondhistory/data/kids/forts 17.html
2003.09.09 10:27 B G:\Website Stuff\TBH Website Temp\kids\forts\5.html --> uts.cc.utexas.edu /export/httpd/vhosts/texasbeyondhistory/data/kids/forts 5.html
2003.09.09 14:16 B K:\TBH Website Temp\kids\forts\18.html --> uts.cc.utexas.edu /export/httpd/vhosts/texasbeyondhistory/data/kids/forts 18.html
2003.09.10 09:06 B G:\Website Stuff\TBH Website Temp\kids\forts\1.html --> uts.cc.utexas.edu /export/httpd/vhosts/texasbeyondhistory/data/kids/forts 1.html
2003.09.10 09:07 B G:\Website Stuff\TBH Website Temp\kids\forts\3.html --> uts.cc.utexas.edu /export/httpd/vhosts/texasbeyondhistory/data/kids/forts 3.html
2003.09.11 12:35 B G:\Website Stuff\TBH Website Temp\kids\forts\meet.html --> uts.cc.utexas.edu /export/httpd/vhosts/texasbeyondhistory/data/kids/forts meet.html
2003.09.19 11:48 B G:\Website Stuff\TBH Website Temp\kids\forts\8.html --> uts.cc.utexas.edu /export/httpd/vhosts/texasbeyondhistory/data/kids/forts 8.html
2003.09.19 13:57 B G:\Website Stuff\TBH Website Temp\kids\forts\index.html --> uts.cc.utexas.edu /export/httpd/vhosts/texasbeyondhistory/data/kids/forts index.html
2003.11.19 11:04 B G:\Website Stuff\TBH Website Temp\kids\forts\18.html --> uts.cc.utexas.edu /export/httpd/vhosts/texasbeyondhistory/data/kids/forts 18.html
2003.11.25 14:16 B G:\Website Stuff\TBH Website Temp\kids\forts\meet.html --> uts.cc.utexas.edu /export/httpd/vhosts/texasbeyondhistory/data/kids/forts meet.html
2003.12.08 16:44 B G:\Website Stuff\TBH Website Temp\kids\forts\3.html --> uts.cc.utexas.edu /export/httpd/vhosts/texasbeyondhistory/data/kids/forts 3.html
2004.02.02 18:29 B G:\Website Stuff\TBH Website Temp\kids\forts\1.html --> uts.cc.utexas.edu /export/httpd/vhosts/texasbeyondhistory/data/kids/forts 1.html
2004.02.02 18:29 B G:\Website Stuff\TBH Website Temp\kids\forts\10.html --> uts.cc.utexas.edu /export/httpd/vhosts/texasbeyondhistory/data/kids/forts 10.html
2004.02.02 18:29 B G:\Website Stuff\TBH Website Temp\kids\forts\11.html --> uts.cc.utexas.edu /export/httpd/vhosts/texasbeyondhistory/data/kids/forts 11.html
2004.02.02 18:29 B G:\Website Stuff\TBH Website Temp\kids\forts\12.html --> uts.cc.utexas.edu /export/httpd/vhosts/texasbeyondhistory/data/kids/forts 12.html
2004.02.02 18:29 B G:\Website Stuff\TBH Website Temp\kids\forts\13.html --> uts.cc.utexas.edu /export/httpd/vhosts/texasbeyondhistory/data/kids/forts 13.html
2004.02.02 18:29 B G:\Website Stuff\TBH Website Temp\kids\forts\14.html --> uts.cc.utexas.edu /export/httpd/vhosts/texasbeyondhistory/data/kids/forts 14.html
2004.02.02 18:29 B G:\Website Stuff\TBH Website Temp\kids\forts\15.html --> uts.cc.utexas.edu /export/httpd/vhosts/texasbeyondhistory/data/kids/forts 15.html
2004.02.02 18:29 B G:\Website Stuff\TBH Website Temp\kids\forts\16.html --> uts.cc.utexas.edu /export/httpd/vhosts/texasbeyondhistory/data/kids/forts 16.html
2004.02.02 18:29 B G:\Website Stuff\TBH Website Temp\kids\forts\17.html --> uts.cc.utexas.edu /export/httpd/vhosts/texasbeyondhistory/data/kids/forts 17.html
2004.02.02 18:29 B G:\Website Stuff\TBH Website Temp\kids\forts\18.html --> uts.cc.utexas.edu /export/httpd/vhosts/texasbeyondhistory/data/kids/forts 18.html
2004.02.02 18:30 B G:\Website Stuff\TBH Website Temp\kids\forts\3.html --> uts.cc.utexas.edu /export/httpd/vhosts/texasbeyondhistory/data/kids/forts 3.html
2004.02.02 18:30 B G:\Website Stuff\TBH Website Temp\kids\forts\4.html --> uts.cc.utexas.edu /export/httpd/vhosts/texasbeyondhistory/data/kids/forts 4.html
2004.02.02 18:30 B G:\Website Stuff\TBH Website Temp\kids\forts\5.html --> uts.cc.utexas.edu /export/httpd/vhosts/texasbeyondhistory/data/kids/forts 5.html
2004.02.02 18:30 B G:\Website Stuff\TBH Website Temp\kids\forts\6.html --> uts.cc.utexas.edu /export/httpd/vhosts/texasbeyondhistory/data/kids/forts 6.html
2004.02.02 18:30 B G:\Website Stuff\TBH Website Temp\kids\forts\7.html --> uts.cc.utexas.edu /export/httpd/vhosts/texasbeyondhistory/data/kids/forts 7.html
2004.02.02 18:31 B G:\Website Stuff\TBH Website Temp\kids\forts\8.html --> uts.cc.utexas.edu /export/httpd/vhosts/texasbeyondhistory/data/kids/forts 8.html
2004.02.02 18:31 B G:\Website Stuff\TBH Website Temp\kids\forts\9.html --> uts.cc.utexas.edu /export/httpd/vhosts/texasbeyondhistory/data/kids/forts 9.html
2004.05.10 14:51 B G:\TBH Website Temp\kids\forts\18.html --> uts.cc.utexas.edu /export/httpd/vhosts/texasbeyondhistory/data/kids/forts 18.html
2004.05.10 14:52 B G:\TBH Website Temp\kids\forts\5.html --> uts.cc.utexas.edu /export/httpd/vhosts/texasbeyondhistory/data/kids/forts 5.html
2005.06.19 11:25 B L:\TBH Website Temp\kids\forts\WS_FTP.LOG <-- texasbeyondhistory /export/httpd/vhosts/texasbeyondhistory/data/kids/forts WS_FTP.LOG
2005.08.18 12:23 B L:\TBH Website Temp\kids\forts\index.html --> uts.cc.utexas.edu /export/httpd/vhosts/texasbeyondhistory/data/kids/forts index.html
2005.08.18 12:23 B L:\TBH Website Temp\kids\forts\WS_FTP.LOG --> uts.cc.utexas.edu /export/httpd/vhosts/texasbeyondhistory/data/kids/forts WS_FTP.LOG
2005.08.18 12:23 B L:\TBH Website Temp\kids\forts\18.html --> uts.cc.utexas.edu /export/httpd/vhosts/texasbeyondhistory/data/kids/forts 18.html
2005.08.18 12:23 B L:\TBH Website Temp\kids\forts\5.html --> uts.cc.utexas.edu /export/httpd/vhosts/texasbeyondhistory/data/kids/forts 5.html
2005.08.18 12:23 B L:\TBH Website Temp\kids\forts\6.html --> uts.cc.utexas.edu /export/httpd/vhosts/texasbeyondhistory/data/kids/forts 6.html
2005.08.18 12:23 B L:\TBH Website Temp\kids\forts\3.html --> uts.cc.utexas.edu /export/httpd/vhosts/texasbeyondhistory/data/kids/forts 3.html
2005.08.18 12:23 B L:\TBH Website Temp\kids\forts\16.html --> uts.cc.utexas.edu /export/httpd/vhosts/texasbeyondhistory/data/kids/forts 16.html
2005.08.18 12:23 B L:\TBH Website Temp\kids\forts\14.html --> uts.cc.utexas.edu /export/httpd/vhosts/texasbeyondhistory/data/kids/forts 14.html
2005.08.18 12:23 B L:\TBH Website Temp\kids\forts\13.html --> uts.cc.utexas.edu /export/httpd/vhosts/texasbeyondhistory/data/kids/forts 13.html
2005.08.18 12:23 B L:\TBH Website Temp\kids\forts\11.html --> uts.cc.utexas.edu /export/httpd/vhosts/texasbeyondhistory/data/kids/forts 11.html
2005.08.18 12:23 B L:\TBH Website Temp\kids\forts\9.html --> uts.cc.utexas.edu /export/httpd/vhosts/texasbeyondhistory/data/kids/forts 9.html
2005.08.18 12:23 B L:\TBH Website Temp\kids\forts\8.html --> uts.cc.utexas.edu /export/httpd/vhosts/texasbeyondhistory/data/kids/forts 8.html
2005.08.18 12:23 B L:\TBH Website Temp\kids\forts\4.html --> uts.cc.utexas.edu /export/httpd/vhosts/texasbeyondhistory/data/kids/forts 4.html
2005.08.18 12:24 B L:\TBH Website Temp\kids\forts\17.html --> uts.cc.utexas.edu /export/httpd/vhosts/texasbeyondhistory/data/kids/forts 17.html
2005.08.18 12:24 B L:\TBH Website Temp\kids\forts\15.html --> uts.cc.utexas.edu /export/httpd/vhosts/texasbeyondhistory/data/kids/forts 15.html
2005.08.18 12:24 B L:\TBH Website Temp\kids\forts\12.html --> uts.cc.utexas.edu /export/httpd/vhosts/texasbeyondhistory/data/kids/forts 12.html
2005.08.18 12:24 B L:\TBH Website Temp\kids\forts\10.html --> uts.cc.utexas.edu /export/httpd/vhosts/texasbeyondhistory/data/kids/forts 10.html
2005.08.18 12:24 B L:\TBH Website Temp\kids\forts\1.html --> uts.cc.utexas.edu /export/httpd/vhosts/texasbeyondhistory/data/kids/forts 1.html
2005.08.18 12:24 B L:\TBH Website Temp\kids\forts\7.html --> uts.cc.utexas.edu /export/httpd/vhosts/texasbeyondhistory/data/kids/forts 7.html
2005.08.18 12:24 B L:\TBH Website Temp\kids\forts\meet.html --> uts.cc.utexas.edu /export/httpd/vhosts/texasbeyondhistory/data/kids/forts meet.html
2005.11.23 12:50 B P:\kids\forts\index.html --> uts.cc.utexas.edu /export/httpd/vhosts/texasbeyondhistory/data/kids/forts index.html
2005.11.23 15:44 B P:\kids\forts\index.html <-- TBH /export/httpd/vhosts/texasbeyondhistory/data/kids/forts index.html
2005.11.23 15:45 B P:\kids\forts\index.html --> uts.cc.utexas.edu /export/httpd/vhosts/texasbeyondhistory/data/kids/forts index.html
2006.09.29 17:13 B L:\TBH Website Temp\kids\forts\WS_FTP.LOG --> uts.cc.utexas.edu /export/httpd/vhosts/texasbeyondhistory/data/kids/forts WS_FTP.LOG
2006.09.29 17:13 B L:\TBH Website Temp\kids\forts\index.html --> uts.cc.utexas.edu /export/httpd/vhosts/texasbeyondhistory/data/kids/forts index.html
2006.09.29 17:13 B L:\TBH Website Temp\kids\forts\test.html --> uts.cc.utexas.edu /export/httpd/vhosts/texasbeyondhistory/data/kids/forts test.html
2006.11.02 10:31 B L:\TBH Website Temp\kids\forts\index.html --> uts.cc.utexas.edu /export/httpd/vhosts/texasbeyondhistory/data/kids/forts index.html
2007.05.02 16:07 B V:\TBH Website Temp\kids\forts\1.html --> uts.cc.utexas.edu /export/httpd/vhosts/texasbeyondhistory/data/kids/forts 1.html
2007.05.02 16:07 B V:\TBH Website Temp\kids\forts\10.html --> uts.cc.utexas.edu /export/httpd/vhosts/texasbeyondhistory/data/kids/forts 10.html
2007.05.02 16:07 B V:\TBH Website Temp\kids\forts\11.html --> uts.cc.utexas.edu /export/httpd/vhosts/texasbeyondhistory/data/kids/forts 11.html
2007.05.02 16:07 B V:\TBH Website Temp\kids\forts\12.html --> uts.cc.utexas.edu /export/httpd/vhosts/texasbeyondhistory/data/kids/forts 12.html
2007.05.02 16:07 B V:\TBH Website Temp\kids\forts\13.html --> uts.cc.utexas.edu /export/httpd/vhosts/texasbeyondhistory/data/kids/forts 13.html
2007.05.02 16:07 B V:\TBH Website Temp\kids\forts\14.html --> uts.cc.utexas.edu /export/httpd/vhosts/texasbeyondhistory/data/kids/forts 14.html
2007.05.02 16:07 B V:\TBH Website Temp\kids\forts\15.html --> uts.cc.utexas.edu /export/httpd/vhosts/texasbeyondhistory/data/kids/forts 15.html
2007.05.02 16:07 B V:\TBH Website Temp\kids\forts\16.html --> uts.cc.utexas.edu /export/httpd/vhosts/texasbeyondhistory/data/kids/forts 16.html
2007.05.02 16:07 B V:\TBH Website Temp\kids\forts\17.html --> uts.cc.utexas.edu /export/httpd/vhosts/texasbeyondhistory/data/kids/forts 17.html
2007.05.02 16:07 B V:\TBH Website Temp\kids\forts\18.html --> uts.cc.utexas.edu /export/httpd/vhosts/texasbeyondhistory/data/kids/forts 18.html
2007.05.02 16:07 B V:\TBH Website Temp\kids\forts\3.html --> uts.cc.utexas.edu /export/httpd/vhosts/texasbeyondhistory/data/kids/forts 3.html
2007.05.02 16:07 B V:\TBH Website Temp\kids\forts\4.html --> uts.cc.utexas.edu /export/httpd/vhosts/texasbeyondhistory/data/kids/forts 4.html
2007.05.02 16:07 B V:\TBH Website Temp\kids\forts\5.html --> uts.cc.utexas.edu /export/httpd/vhosts/texasbeyondhistory/data/kids/forts 5.html
2007.05.02 16:07 B V:\TBH Website Temp\kids\forts\6.html --> uts.cc.utexas.edu /export/httpd/vhosts/texasbeyondhistory/data/kids/forts 6.html
2007.05.02 16:07 B V:\TBH Website Temp\kids\forts\7.html --> uts.cc.utexas.edu /export/httpd/vhosts/texasbeyondhistory/data/kids/forts 7.html
2007.05.02 16:07 B V:\TBH Website Temp\kids\forts\8.html --> uts.cc.utexas.edu /export/httpd/vhosts/texasbeyondhistory/data/kids/forts 8.html
2007.05.02 16:07 B V:\TBH Website Temp\kids\forts\9.html --> uts.cc.utexas.edu /export/httpd/vhosts/texasbeyondhistory/data/kids/forts 9.html
2007.05.02 16:07 B V:\TBH Website Temp\kids\forts\index.html --> uts.cc.utexas.edu /export/httpd/vhosts/texasbeyondhistory/data/kids/forts index.html
2007.05.02 16:07 B V:\TBH Website Temp\kids\forts\meet.html --> uts.cc.utexas.edu /export/httpd/vhosts/texasbeyondhistory/data/kids/forts meet.html
2007.05.02 16:07 B V:\TBH Website Temp\kids\forts\test.html --> uts.cc.utexas.edu /export/httpd/vhosts/texasbeyondhistory/data/kids/forts test.html
