2003.01.09 17:18 B K:\TBH Website Temp\special\cordmarked\images\1995-btas-excerpt.pdf --> uts.cc.utexas.edu /export/httpd/vhosts/texasbeyondhistory/data/special/cordmarked/images 1995-btas-excerpt.pdf
2003.01.09 17:18 B K:\TBH Website Temp\special\cordmarked\images\bc-jar3-lg.jpg --> uts.cc.utexas.edu /export/httpd/vhosts/texasbeyondhistory/data/special/cordmarked/images bc-jar3-lg.jpg
2003.01.09 17:18 B K:\TBH Website Temp\special\cordmarked\images\bc-jar3-sm.jpg --> uts.cc.utexas.edu /export/httpd/vhosts/texasbeyondhistory/data/special/cordmarked/images bc-jar3-sm.jpg
2003.01.09 17:18 B K:\TBH Website Temp\special\cordmarked\images\bc-jar3.html --> uts.cc.utexas.edu /export/httpd/vhosts/texasbeyondhistory/data/special/cordmarked/images bc-jar3.html
2003.01.09 17:18 B K:\TBH Website Temp\special\cordmarked\images\bc-jar4-base-lg.jpg --> uts.cc.utexas.edu /export/httpd/vhosts/texasbeyondhistory/data/special/cordmarked/images bc-jar4-base-lg.jpg
2003.01.09 17:18 B K:\TBH Website Temp\special\cordmarked\images\bc-jar4-base-sm.jpg --> uts.cc.utexas.edu /export/httpd/vhosts/texasbeyondhistory/data/special/cordmarked/images bc-jar4-base-sm.jpg
2003.01.09 17:18 B K:\TBH Website Temp\special\cordmarked\images\bc-jar4-base.html --> uts.cc.utexas.edu /export/httpd/vhosts/texasbeyondhistory/data/special/cordmarked/images bc-jar4-base.html
2003.01.09 17:18 B K:\TBH Website Temp\special\cordmarked\images\bc-jar4-lg.jpg --> uts.cc.utexas.edu /export/httpd/vhosts/texasbeyondhistory/data/special/cordmarked/images bc-jar4-lg.jpg
2003.01.09 17:19 B K:\TBH Website Temp\special\cordmarked\images\bc-jar4-mouth-lg.jpg --> uts.cc.utexas.edu /export/httpd/vhosts/texasbeyondhistory/data/special/cordmarked/images bc-jar4-mouth-lg.jpg
2003.01.09 17:19 B K:\TBH Website Temp\special\cordmarked\images\bc-jar4-mouth-sm.jpg --> uts.cc.utexas.edu /export/httpd/vhosts/texasbeyondhistory/data/special/cordmarked/images bc-jar4-mouth-sm.jpg
2003.01.09 17:19 B K:\TBH Website Temp\special\cordmarked\images\bc-jar4-mouth.html --> uts.cc.utexas.edu /export/httpd/vhosts/texasbeyondhistory/data/special/cordmarked/images bc-jar4-mouth.html
2003.01.09 17:19 B K:\TBH Website Temp\special\cordmarked\images\bc-jar4-sm.jpg --> uts.cc.utexas.edu /export/httpd/vhosts/texasbeyondhistory/data/special/cordmarked/images bc-jar4-sm.jpg
2003.01.09 17:19 B K:\TBH Website Temp\special\cordmarked\images\bc-jar4.html --> uts.cc.utexas.edu /export/httpd/vhosts/texasbeyondhistory/data/special/cordmarked/images bc-jar4.html
2003.01.09 17:19 B K:\TBH Website Temp\special\cordmarked\images\bc-jar_frg-lg.jpg --> uts.cc.utexas.edu /export/httpd/vhosts/texasbeyondhistory/data/special/cordmarked/images bc-jar_frg-lg.jpg
2003.01.09 17:19 B K:\TBH Website Temp\special\cordmarked\images\bc-jar_frg-sm.jpg --> uts.cc.utexas.edu /export/httpd/vhosts/texasbeyondhistory/data/special/cordmarked/images bc-jar_frg-sm.jpg
2003.01.09 17:19 B K:\TBH Website Temp\special\cordmarked\images\bc-jar_frg.html --> uts.cc.utexas.edu /export/httpd/vhosts/texasbeyondhistory/data/special/cordmarked/images bc-jar_frg.html
2003.01.09 17:19 B K:\TBH Website Temp\special\cordmarked\images\borger-type-description.pdf --> uts.cc.utexas.edu /export/httpd/vhosts/texasbeyondhistory/data/special/cordmarked/images borger-type-description.pdf
2003.01.09 17:19 B K:\TBH Website Temp\special\cordmarked\images\cord-main2.jpg --> uts.cc.utexas.edu /export/httpd/vhosts/texasbeyondhistory/data/special/cordmarked/images cord-main2.jpg
2003.01.09 17:19 B K:\TBH Website Temp\special\cordmarked\images\cord_diagram-lg.gif --> uts.cc.utexas.edu /export/httpd/vhosts/texasbeyondhistory/data/special/cordmarked/images cord_diagram-lg.gif
2003.01.09 17:19 B K:\TBH Website Temp\special\cordmarked\images\cord_diagram-sm.gif --> uts.cc.utexas.edu /export/httpd/vhosts/texasbeyondhistory/data/special/cordmarked/images cord_diagram-sm.gif
2003.01.09 17:19 B K:\TBH Website Temp\special\cordmarked\images\cord_diagram.html --> uts.cc.utexas.edu /export/httpd/vhosts/texasbeyondhistory/data/special/cordmarked/images cord_diagram.html
2003.01.09 17:19 B K:\TBH Website Temp\special\cordmarked\images\cordmarks.jpg --> uts.cc.utexas.edu /export/httpd/vhosts/texasbeyondhistory/data/special/cordmarked/images cordmarks.jpg
2003.01.09 17:19 B K:\TBH Website Temp\special\cordmarked\images\jewel_baker-lg.jpg --> uts.cc.utexas.edu /export/httpd/vhosts/texasbeyondhistory/data/special/cordmarked/images jewel_baker-lg.jpg
2003.01.09 17:19 B K:\TBH Website Temp\special\cordmarked\images\jewel_baker-sm.jpg --> uts.cc.utexas.edu /export/httpd/vhosts/texasbeyondhistory/data/special/cordmarked/images jewel_baker-sm.jpg
2003.01.09 17:19 B K:\TBH Website Temp\special\cordmarked\images\jewel_baker.html --> uts.cc.utexas.edu /export/httpd/vhosts/texasbeyondhistory/data/special/cordmarked/images jewel_baker.html
2003.01.09 17:19 B K:\TBH Website Temp\special\cordmarked\images\lynn-1-lg.jpg --> uts.cc.utexas.edu /export/httpd/vhosts/texasbeyondhistory/data/special/cordmarked/images lynn-1-lg.jpg
2003.01.09 17:19 B K:\TBH Website Temp\special\cordmarked\images\lynn-1-sm.jpg --> uts.cc.utexas.edu /export/httpd/vhosts/texasbeyondhistory/data/special/cordmarked/images lynn-1-sm.jpg
2003.01.09 17:19 B K:\TBH Website Temp\special\cordmarked\images\lynn-1.html --> uts.cc.utexas.edu /export/httpd/vhosts/texasbeyondhistory/data/special/cordmarked/images lynn-1.html
2003.01.09 17:19 B K:\TBH Website Temp\special\cordmarked\images\lynn-10-lg.jpg --> uts.cc.utexas.edu /export/httpd/vhosts/texasbeyondhistory/data/special/cordmarked/images lynn-10-lg.jpg
2003.01.09 17:19 B K:\TBH Website Temp\special\cordmarked\images\lynn-10-sm.jpg --> uts.cc.utexas.edu /export/httpd/vhosts/texasbeyondhistory/data/special/cordmarked/images lynn-10-sm.jpg
2003.01.09 17:19 B K:\TBH Website Temp\special\cordmarked\images\lynn-10.html --> uts.cc.utexas.edu /export/httpd/vhosts/texasbeyondhistory/data/special/cordmarked/images lynn-10.html
2003.01.09 17:19 B K:\TBH Website Temp\special\cordmarked\images\lynn-11-lg.jpg --> uts.cc.utexas.edu /export/httpd/vhosts/texasbeyondhistory/data/special/cordmarked/images lynn-11-lg.jpg
2003.01.09 17:19 B K:\TBH Website Temp\special\cordmarked\images\lynn-11-sm.jpg --> uts.cc.utexas.edu /export/httpd/vhosts/texasbeyondhistory/data/special/cordmarked/images lynn-11-sm.jpg
2003.01.09 17:19 B K:\TBH Website Temp\special\cordmarked\images\lynn-11.html --> uts.cc.utexas.edu /export/httpd/vhosts/texasbeyondhistory/data/special/cordmarked/images lynn-11.html
2003.01.09 17:19 B K:\TBH Website Temp\special\cordmarked\images\lynn-12-lg.jpg --> uts.cc.utexas.edu /export/httpd/vhosts/texasbeyondhistory/data/special/cordmarked/images lynn-12-lg.jpg
2003.01.09 17:19 B K:\TBH Website Temp\special\cordmarked\images\lynn-12-sm.jpg --> uts.cc.utexas.edu /export/httpd/vhosts/texasbeyondhistory/data/special/cordmarked/images lynn-12-sm.jpg
2003.01.09 17:19 B K:\TBH Website Temp\special\cordmarked\images\lynn-12.html --> uts.cc.utexas.edu /export/httpd/vhosts/texasbeyondhistory/data/special/cordmarked/images lynn-12.html
2003.01.09 17:19 B K:\TBH Website Temp\special\cordmarked\images\lynn-13-lg.jpg --> uts.cc.utexas.edu /export/httpd/vhosts/texasbeyondhistory/data/special/cordmarked/images lynn-13-lg.jpg
2003.01.09 17:19 B K:\TBH Website Temp\special\cordmarked\images\lynn-13-sm.jpg --> uts.cc.utexas.edu /export/httpd/vhosts/texasbeyondhistory/data/special/cordmarked/images lynn-13-sm.jpg
2003.01.09 17:19 B K:\TBH Website Temp\special\cordmarked\images\lynn-13.html --> uts.cc.utexas.edu /export/httpd/vhosts/texasbeyondhistory/data/special/cordmarked/images lynn-13.html
2003.01.09 17:19 B K:\TBH Website Temp\special\cordmarked\images\lynn-14-lg.jpg --> uts.cc.utexas.edu /export/httpd/vhosts/texasbeyondhistory/data/special/cordmarked/images lynn-14-lg.jpg
2003.01.09 17:19 B K:\TBH Website Temp\special\cordmarked\images\lynn-14-sm.jpg --> uts.cc.utexas.edu /export/httpd/vhosts/texasbeyondhistory/data/special/cordmarked/images lynn-14-sm.jpg
2003.01.09 17:19 B K:\TBH Website Temp\special\cordmarked\images\lynn-14.html --> uts.cc.utexas.edu /export/httpd/vhosts/texasbeyondhistory/data/special/cordmarked/images lynn-14.html
2003.01.09 17:19 B K:\TBH Website Temp\special\cordmarked\images\lynn-16-lg.jpg --> uts.cc.utexas.edu /export/httpd/vhosts/texasbeyondhistory/data/special/cordmarked/images lynn-16-lg.jpg
2003.01.09 17:19 B K:\TBH Website Temp\special\cordmarked\images\lynn-16-sm.jpg --> uts.cc.utexas.edu /export/httpd/vhosts/texasbeyondhistory/data/special/cordmarked/images lynn-16-sm.jpg
2003.01.09 17:19 B K:\TBH Website Temp\special\cordmarked\images\lynn-16.html --> uts.cc.utexas.edu /export/httpd/vhosts/texasbeyondhistory/data/special/cordmarked/images lynn-16.html
2003.01.09 17:19 B K:\TBH Website Temp\special\cordmarked\images\lynn-17-lg.jpg --> uts.cc.utexas.edu /export/httpd/vhosts/texasbeyondhistory/data/special/cordmarked/images lynn-17-lg.jpg
2003.01.09 17:19 B K:\TBH Website Temp\special\cordmarked\images\lynn-17-sm.jpg --> uts.cc.utexas.edu /export/httpd/vhosts/texasbeyondhistory/data/special/cordmarked/images lynn-17-sm.jpg
2003.01.09 17:19 B K:\TBH Website Temp\special\cordmarked\images\lynn-17.html --> uts.cc.utexas.edu /export/httpd/vhosts/texasbeyondhistory/data/special/cordmarked/images lynn-17.html
2003.01.09 17:19 B K:\TBH Website Temp\special\cordmarked\images\lynn-18-lg.jpg --> uts.cc.utexas.edu /export/httpd/vhosts/texasbeyondhistory/data/special/cordmarked/images lynn-18-lg.jpg
2003.01.09 17:19 B K:\TBH Website Temp\special\cordmarked\images\lynn-18-sm.jpg --> uts.cc.utexas.edu /export/httpd/vhosts/texasbeyondhistory/data/special/cordmarked/images lynn-18-sm.jpg
2003.01.09 17:19 B K:\TBH Website Temp\special\cordmarked\images\lynn-18.html --> uts.cc.utexas.edu /export/httpd/vhosts/texasbeyondhistory/data/special/cordmarked/images lynn-18.html
2003.01.09 17:19 B K:\TBH Website Temp\special\cordmarked\images\lynn-19-lg.jpg --> uts.cc.utexas.edu /export/httpd/vhosts/texasbeyondhistory/data/special/cordmarked/images lynn-19-lg.jpg
2003.01.09 17:19 B K:\TBH Website Temp\special\cordmarked\images\lynn-19-sm.jpg --> uts.cc.utexas.edu /export/httpd/vhosts/texasbeyondhistory/data/special/cordmarked/images lynn-19-sm.jpg
2003.01.09 17:19 B K:\TBH Website Temp\special\cordmarked\images\lynn-19.html --> uts.cc.utexas.edu /export/httpd/vhosts/texasbeyondhistory/data/special/cordmarked/images lynn-19.html
2003.01.09 17:19 B K:\TBH Website Temp\special\cordmarked\images\lynn-1a-lg.jpg --> uts.cc.utexas.edu /export/httpd/vhosts/texasbeyondhistory/data/special/cordmarked/images lynn-1a-lg.jpg
2003.01.09 17:19 B K:\TBH Website Temp\special\cordmarked\images\lynn-1a-sm.jpg --> uts.cc.utexas.edu /export/httpd/vhosts/texasbeyondhistory/data/special/cordmarked/images lynn-1a-sm.jpg
2003.01.09 17:19 B K:\TBH Website Temp\special\cordmarked\images\lynn-1a.html --> uts.cc.utexas.edu /export/httpd/vhosts/texasbeyondhistory/data/special/cordmarked/images lynn-1a.html
2003.01.09 17:19 B K:\TBH Website Temp\special\cordmarked\images\lynn-2-lg.jpg --> uts.cc.utexas.edu /export/httpd/vhosts/texasbeyondhistory/data/special/cordmarked/images lynn-2-lg.jpg
2003.01.09 17:19 B K:\TBH Website Temp\special\cordmarked\images\lynn-2-sm.jpg --> uts.cc.utexas.edu /export/httpd/vhosts/texasbeyondhistory/data/special/cordmarked/images lynn-2-sm.jpg
2003.01.09 17:19 B K:\TBH Website Temp\special\cordmarked\images\lynn-2.html --> uts.cc.utexas.edu /export/httpd/vhosts/texasbeyondhistory/data/special/cordmarked/images lynn-2.html
2003.01.09 17:19 B K:\TBH Website Temp\special\cordmarked\images\lynn-20-lg.jpg --> uts.cc.utexas.edu /export/httpd/vhosts/texasbeyondhistory/data/special/cordmarked/images lynn-20-lg.jpg
2003.01.09 17:19 B K:\TBH Website Temp\special\cordmarked\images\lynn-20-sm.jpg --> uts.cc.utexas.edu /export/httpd/vhosts/texasbeyondhistory/data/special/cordmarked/images lynn-20-sm.jpg
2003.01.09 17:19 B K:\TBH Website Temp\special\cordmarked\images\lynn-20.html --> uts.cc.utexas.edu /export/httpd/vhosts/texasbeyondhistory/data/special/cordmarked/images lynn-20.html
2003.01.09 17:19 B K:\TBH Website Temp\special\cordmarked\images\lynn-22-lg.jpg --> uts.cc.utexas.edu /export/httpd/vhosts/texasbeyondhistory/data/special/cordmarked/images lynn-22-lg.jpg
2003.01.09 17:19 B K:\TBH Website Temp\special\cordmarked\images\lynn-22-sm.jpg --> uts.cc.utexas.edu /export/httpd/vhosts/texasbeyondhistory/data/special/cordmarked/images lynn-22-sm.jpg
2003.01.09 17:19 B K:\TBH Website Temp\special\cordmarked\images\lynn-22.html --> uts.cc.utexas.edu /export/httpd/vhosts/texasbeyondhistory/data/special/cordmarked/images lynn-22.html
2003.01.09 17:19 B K:\TBH Website Temp\special\cordmarked\images\lynn-23-lg.jpg --> uts.cc.utexas.edu /export/httpd/vhosts/texasbeyondhistory/data/special/cordmarked/images lynn-23-lg.jpg
2003.01.09 17:19 B K:\TBH Website Temp\special\cordmarked\images\lynn-23-sm.jpg --> uts.cc.utexas.edu /export/httpd/vhosts/texasbeyondhistory/data/special/cordmarked/images lynn-23-sm.jpg
2003.01.09 17:19 B K:\TBH Website Temp\special\cordmarked\images\lynn-23.html --> uts.cc.utexas.edu /export/httpd/vhosts/texasbeyondhistory/data/special/cordmarked/images lynn-23.html
2003.01.09 17:19 B K:\TBH Website Temp\special\cordmarked\images\lynn-24-lg.jpg --> uts.cc.utexas.edu /export/httpd/vhosts/texasbeyondhistory/data/special/cordmarked/images lynn-24-lg.jpg
2003.01.09 17:19 B K:\TBH Website Temp\special\cordmarked\images\lynn-24-sm.jpg --> uts.cc.utexas.edu /export/httpd/vhosts/texasbeyondhistory/data/special/cordmarked/images lynn-24-sm.jpg
2003.01.09 17:19 B K:\TBH Website Temp\special\cordmarked\images\lynn-24.html --> uts.cc.utexas.edu /export/httpd/vhosts/texasbeyondhistory/data/special/cordmarked/images lynn-24.html
2003.01.09 17:19 B K:\TBH Website Temp\special\cordmarked\images\lynn-25-lg.jpg --> uts.cc.utexas.edu /export/httpd/vhosts/texasbeyondhistory/data/special/cordmarked/images lynn-25-lg.jpg
2003.01.09 17:19 B K:\TBH Website Temp\special\cordmarked\images\lynn-25-sm.jpg --> uts.cc.utexas.edu /export/httpd/vhosts/texasbeyondhistory/data/special/cordmarked/images lynn-25-sm.jpg
2003.01.09 17:19 B K:\TBH Website Temp\special\cordmarked\images\lynn-25.html --> uts.cc.utexas.edu /export/httpd/vhosts/texasbeyondhistory/data/special/cordmarked/images lynn-25.html
2003.01.09 17:19 B K:\TBH Website Temp\special\cordmarked\images\lynn-26-lg.jpg --> uts.cc.utexas.edu /export/httpd/vhosts/texasbeyondhistory/data/special/cordmarked/images lynn-26-lg.jpg
2003.01.09 17:19 B K:\TBH Website Temp\special\cordmarked\images\lynn-26-sm.jpg --> uts.cc.utexas.edu /export/httpd/vhosts/texasbeyondhistory/data/special/cordmarked/images lynn-26-sm.jpg
2003.01.09 17:19 B K:\TBH Website Temp\special\cordmarked\images\lynn-26.html --> uts.cc.utexas.edu /export/httpd/vhosts/texasbeyondhistory/data/special/cordmarked/images lynn-26.html
2003.01.09 17:19 B K:\TBH Website Temp\special\cordmarked\images\lynn-27-lg.jpg --> uts.cc.utexas.edu /export/httpd/vhosts/texasbeyondhistory/data/special/cordmarked/images lynn-27-lg.jpg
2003.01.09 17:19 B K:\TBH Website Temp\special\cordmarked\images\lynn-27-sm.jpg --> uts.cc.utexas.edu /export/httpd/vhosts/texasbeyondhistory/data/special/cordmarked/images lynn-27-sm.jpg
2003.01.09 17:19 B K:\TBH Website Temp\special\cordmarked\images\lynn-27.html --> uts.cc.utexas.edu /export/httpd/vhosts/texasbeyondhistory/data/special/cordmarked/images lynn-27.html
2003.01.09 17:19 B K:\TBH Website Temp\special\cordmarked\images\lynn-29-lg.jpg --> uts.cc.utexas.edu /export/httpd/vhosts/texasbeyondhistory/data/special/cordmarked/images lynn-29-lg.jpg
2003.01.09 17:19 B K:\TBH Website Temp\special\cordmarked\images\lynn-29-sm.jpg --> uts.cc.utexas.edu /export/httpd/vhosts/texasbeyondhistory/data/special/cordmarked/images lynn-29-sm.jpg
2003.01.09 17:19 B K:\TBH Website Temp\special\cordmarked\images\lynn-29.html --> uts.cc.utexas.edu /export/httpd/vhosts/texasbeyondhistory/data/special/cordmarked/images lynn-29.html
2003.01.09 17:19 B K:\TBH Website Temp\special\cordmarked\images\lynn-3-lg.jpg --> uts.cc.utexas.edu /export/httpd/vhosts/texasbeyondhistory/data/special/cordmarked/images lynn-3-lg.jpg
2003.01.09 17:19 B K:\TBH Website Temp\special\cordmarked\images\lynn-3-sm.jpg --> uts.cc.utexas.edu /export/httpd/vhosts/texasbeyondhistory/data/special/cordmarked/images lynn-3-sm.jpg
2003.01.09 17:19 B K:\TBH Website Temp\special\cordmarked\images\lynn-3.html --> uts.cc.utexas.edu /export/httpd/vhosts/texasbeyondhistory/data/special/cordmarked/images lynn-3.html
2003.01.09 17:19 B K:\TBH Website Temp\special\cordmarked\images\lynn-30-lg.jpg --> uts.cc.utexas.edu /export/httpd/vhosts/texasbeyondhistory/data/special/cordmarked/images lynn-30-lg.jpg
2003.01.09 17:19 B K:\TBH Website Temp\special\cordmarked\images\lynn-30-sm.jpg --> uts.cc.utexas.edu /export/httpd/vhosts/texasbeyondhistory/data/special/cordmarked/images lynn-30-sm.jpg
2003.01.09 17:19 B K:\TBH Website Temp\special\cordmarked\images\lynn-30-sm2.jpg --> uts.cc.utexas.edu /export/httpd/vhosts/texasbeyondhistory/data/special/cordmarked/images lynn-30-sm2.jpg
2003.01.09 17:19 B K:\TBH Website Temp\special\cordmarked\images\lynn-30.html --> uts.cc.utexas.edu /export/httpd/vhosts/texasbeyondhistory/data/special/cordmarked/images lynn-30.html
2003.01.09 17:19 B K:\TBH Website Temp\special\cordmarked\images\lynn-31-lg.jpg --> uts.cc.utexas.edu /export/httpd/vhosts/texasbeyondhistory/data/special/cordmarked/images lynn-31-lg.jpg
2003.01.09 17:19 B K:\TBH Website Temp\special\cordmarked\images\lynn-31-sm.jpg --> uts.cc.utexas.edu /export/httpd/vhosts/texasbeyondhistory/data/special/cordmarked/images lynn-31-sm.jpg
2003.01.09 17:19 B K:\TBH Website Temp\special\cordmarked\images\lynn-31.html --> uts.cc.utexas.edu /export/httpd/vhosts/texasbeyondhistory/data/special/cordmarked/images lynn-31.html
2003.01.09 17:19 B K:\TBH Website Temp\special\cordmarked\images\lynn-32-lg.jpg --> uts.cc.utexas.edu /export/httpd/vhosts/texasbeyondhistory/data/special/cordmarked/images lynn-32-lg.jpg
2003.01.09 17:19 B K:\TBH Website Temp\special\cordmarked\images\lynn-32-sm.jpg --> uts.cc.utexas.edu /export/httpd/vhosts/texasbeyondhistory/data/special/cordmarked/images lynn-32-sm.jpg
2003.01.09 17:19 B K:\TBH Website Temp\special\cordmarked\images\lynn-32.html --> uts.cc.utexas.edu /export/httpd/vhosts/texasbeyondhistory/data/special/cordmarked/images lynn-32.html
2003.01.09 17:19 B K:\TBH Website Temp\special\cordmarked\images\lynn-33-lg.jpg --> uts.cc.utexas.edu /export/httpd/vhosts/texasbeyondhistory/data/special/cordmarked/images lynn-33-lg.jpg
2003.01.09 17:19 B K:\TBH Website Temp\special\cordmarked\images\lynn-33-sm.jpg --> uts.cc.utexas.edu /export/httpd/vhosts/texasbeyondhistory/data/special/cordmarked/images lynn-33-sm.jpg
2003.01.09 17:19 B K:\TBH Website Temp\special\cordmarked\images\lynn-33.html --> uts.cc.utexas.edu /export/httpd/vhosts/texasbeyondhistory/data/special/cordmarked/images lynn-33.html
2003.01.09 17:19 B K:\TBH Website Temp\special\cordmarked\images\lynn-35-lg.jpg --> uts.cc.utexas.edu /export/httpd/vhosts/texasbeyondhistory/data/special/cordmarked/images lynn-35-lg.jpg
2003.01.09 17:19 B K:\TBH Website Temp\special\cordmarked\images\lynn-35-sm.jpg --> uts.cc.utexas.edu /export/httpd/vhosts/texasbeyondhistory/data/special/cordmarked/images lynn-35-sm.jpg
2003.01.09 17:19 B K:\TBH Website Temp\special\cordmarked\images\lynn-35.html --> uts.cc.utexas.edu /export/httpd/vhosts/texasbeyondhistory/data/special/cordmarked/images lynn-35.html
2003.01.09 17:19 B K:\TBH Website Temp\special\cordmarked\images\lynn-36-lg.jpg --> uts.cc.utexas.edu /export/httpd/vhosts/texasbeyondhistory/data/special/cordmarked/images lynn-36-lg.jpg
2003.01.09 17:19 B K:\TBH Website Temp\special\cordmarked\images\lynn-36-sm.jpg --> uts.cc.utexas.edu /export/httpd/vhosts/texasbeyondhistory/data/special/cordmarked/images lynn-36-sm.jpg
2003.01.09 17:19 B K:\TBH Website Temp\special\cordmarked\images\lynn-36.html --> uts.cc.utexas.edu /export/httpd/vhosts/texasbeyondhistory/data/special/cordmarked/images lynn-36.html
2003.01.09 17:19 B K:\TBH Website Temp\special\cordmarked\images\lynn-37-lg.jpg --> uts.cc.utexas.edu /export/httpd/vhosts/texasbeyondhistory/data/special/cordmarked/images lynn-37-lg.jpg
2003.01.09 17:19 B K:\TBH Website Temp\special\cordmarked\images\lynn-37-sm.jpg --> uts.cc.utexas.edu /export/httpd/vhosts/texasbeyondhistory/data/special/cordmarked/images lynn-37-sm.jpg
2003.01.09 17:19 B K:\TBH Website Temp\special\cordmarked\images\lynn-37.html --> uts.cc.utexas.edu /export/httpd/vhosts/texasbeyondhistory/data/special/cordmarked/images lynn-37.html
2003.01.09 17:19 B K:\TBH Website Temp\special\cordmarked\images\lynn-39-lg.jpg --> uts.cc.utexas.edu /export/httpd/vhosts/texasbeyondhistory/data/special/cordmarked/images lynn-39-lg.jpg
2003.01.09 17:19 B K:\TBH Website Temp\special\cordmarked\images\lynn-39-sm.jpg --> uts.cc.utexas.edu /export/httpd/vhosts/texasbeyondhistory/data/special/cordmarked/images lynn-39-sm.jpg
2003.01.09 17:19 B K:\TBH Website Temp\special\cordmarked\images\lynn-39.html --> uts.cc.utexas.edu /export/httpd/vhosts/texasbeyondhistory/data/special/cordmarked/images lynn-39.html
2003.01.09 17:19 B K:\TBH Website Temp\special\cordmarked\images\lynn-4-lg.jpg --> uts.cc.utexas.edu /export/httpd/vhosts/texasbeyondhistory/data/special/cordmarked/images lynn-4-lg.jpg
2003.01.09 17:19 B K:\TBH Website Temp\special\cordmarked\images\lynn-4-sm.jpg --> uts.cc.utexas.edu /export/httpd/vhosts/texasbeyondhistory/data/special/cordmarked/images lynn-4-sm.jpg
2003.01.09 17:19 B K:\TBH Website Temp\special\cordmarked\images\lynn-4.html --> uts.cc.utexas.edu /export/httpd/vhosts/texasbeyondhistory/data/special/cordmarked/images lynn-4.html
2003.01.09 17:19 B K:\TBH Website Temp\special\cordmarked\images\lynn-40-lg.jpg --> uts.cc.utexas.edu /export/httpd/vhosts/texasbeyondhistory/data/special/cordmarked/images lynn-40-lg.jpg
2003.01.09 17:19 B K:\TBH Website Temp\special\cordmarked\images\lynn-40-sm.jpg --> uts.cc.utexas.edu /export/httpd/vhosts/texasbeyondhistory/data/special/cordmarked/images lynn-40-sm.jpg
2003.01.09 17:19 B K:\TBH Website Temp\special\cordmarked\images\lynn-40.html --> uts.cc.utexas.edu /export/httpd/vhosts/texasbeyondhistory/data/special/cordmarked/images lynn-40.html
2003.01.09 17:19 B K:\TBH Website Temp\special\cordmarked\images\lynn-41-lg.jpg --> uts.cc.utexas.edu /export/httpd/vhosts/texasbeyondhistory/data/special/cordmarked/images lynn-41-lg.jpg
2003.01.09 17:19 B K:\TBH Website Temp\special\cordmarked\images\lynn-41-sm.jpg --> uts.cc.utexas.edu /export/httpd/vhosts/texasbeyondhistory/data/special/cordmarked/images lynn-41-sm.jpg
2003.01.09 17:19 B K:\TBH Website Temp\special\cordmarked\images\lynn-41.html --> uts.cc.utexas.edu /export/httpd/vhosts/texasbeyondhistory/data/special/cordmarked/images lynn-41.html
2003.01.09 17:19 B K:\TBH Website Temp\special\cordmarked\images\lynn-42-lg.jpg --> uts.cc.utexas.edu /export/httpd/vhosts/texasbeyondhistory/data/special/cordmarked/images lynn-42-lg.jpg
2003.01.09 17:19 B K:\TBH Website Temp\special\cordmarked\images\lynn-42-sm.jpg --> uts.cc.utexas.edu /export/httpd/vhosts/texasbeyondhistory/data/special/cordmarked/images lynn-42-sm.jpg
2003.01.09 17:19 B K:\TBH Website Temp\special\cordmarked\images\lynn-42.html --> uts.cc.utexas.edu /export/httpd/vhosts/texasbeyondhistory/data/special/cordmarked/images lynn-42.html
2003.01.09 17:19 B K:\TBH Website Temp\special\cordmarked\images\lynn-43-lg.jpg --> uts.cc.utexas.edu /export/httpd/vhosts/texasbeyondhistory/data/special/cordmarked/images lynn-43-lg.jpg
2003.01.09 17:19 B K:\TBH Website Temp\special\cordmarked\images\lynn-43-sm.jpg --> uts.cc.utexas.edu /export/httpd/vhosts/texasbeyondhistory/data/special/cordmarked/images lynn-43-sm.jpg
2003.01.09 17:19 B K:\TBH Website Temp\special\cordmarked\images\lynn-43.html --> uts.cc.utexas.edu /export/httpd/vhosts/texasbeyondhistory/data/special/cordmarked/images lynn-43.html
2003.01.09 17:19 B K:\TBH Website Temp\special\cordmarked\images\lynn-44-lg.jpg --> uts.cc.utexas.edu /export/httpd/vhosts/texasbeyondhistory/data/special/cordmarked/images lynn-44-lg.jpg
2003.01.09 17:19 B K:\TBH Website Temp\special\cordmarked\images\lynn-44-sm.jpg --> uts.cc.utexas.edu /export/httpd/vhosts/texasbeyondhistory/data/special/cordmarked/images lynn-44-sm.jpg
2003.01.09 17:19 B K:\TBH Website Temp\special\cordmarked\images\lynn-44.html --> uts.cc.utexas.edu /export/httpd/vhosts/texasbeyondhistory/data/special/cordmarked/images lynn-44.html
2003.01.09 17:19 B K:\TBH Website Temp\special\cordmarked\images\lynn-45-lg.jpg --> uts.cc.utexas.edu /export/httpd/vhosts/texasbeyondhistory/data/special/cordmarked/images lynn-45-lg.jpg
2003.01.09 17:19 B K:\TBH Website Temp\special\cordmarked\images\lynn-45-sm.jpg --> uts.cc.utexas.edu /export/httpd/vhosts/texasbeyondhistory/data/special/cordmarked/images lynn-45-sm.jpg
2003.01.09 17:19 B K:\TBH Website Temp\special\cordmarked\images\lynn-45.html --> uts.cc.utexas.edu /export/httpd/vhosts/texasbeyondhistory/data/special/cordmarked/images lynn-45.html
2003.01.09 17:19 B K:\TBH Website Temp\special\cordmarked\images\lynn-47-lg.jpg --> uts.cc.utexas.edu /export/httpd/vhosts/texasbeyondhistory/data/special/cordmarked/images lynn-47-lg.jpg
2003.01.09 17:19 B K:\TBH Website Temp\special\cordmarked\images\lynn-47-sm.jpg --> uts.cc.utexas.edu /export/httpd/vhosts/texasbeyondhistory/data/special/cordmarked/images lynn-47-sm.jpg
2003.01.09 17:19 B K:\TBH Website Temp\special\cordmarked\images\lynn-47.html --> uts.cc.utexas.edu /export/httpd/vhosts/texasbeyondhistory/data/special/cordmarked/images lynn-47.html
2003.01.09 17:19 B K:\TBH Website Temp\special\cordmarked\images\lynn-5-lg.jpg --> uts.cc.utexas.edu /export/httpd/vhosts/texasbeyondhistory/data/special/cordmarked/images lynn-5-lg.jpg
2003.01.09 17:19 B K:\TBH Website Temp\special\cordmarked\images\lynn-5-sm.jpg --> uts.cc.utexas.edu /export/httpd/vhosts/texasbeyondhistory/data/special/cordmarked/images lynn-5-sm.jpg
2003.01.09 17:19 B K:\TBH Website Temp\special\cordmarked\images\lynn-5.html --> uts.cc.utexas.edu /export/httpd/vhosts/texasbeyondhistory/data/special/cordmarked/images lynn-5.html
2003.01.09 17:19 B K:\TBH Website Temp\special\cordmarked\images\lynn-6-lg.jpg --> uts.cc.utexas.edu /export/httpd/vhosts/texasbeyondhistory/data/special/cordmarked/images lynn-6-lg.jpg
2003.01.09 17:19 B K:\TBH Website Temp\special\cordmarked\images\lynn-6-sm.jpg --> uts.cc.utexas.edu /export/httpd/vhosts/texasbeyondhistory/data/special/cordmarked/images lynn-6-sm.jpg
2003.01.09 17:19 B K:\TBH Website Temp\special\cordmarked\images\lynn-6.html --> uts.cc.utexas.edu /export/httpd/vhosts/texasbeyondhistory/data/special/cordmarked/images lynn-6.html
2003.01.09 17:19 B K:\TBH Website Temp\special\cordmarked\images\lynn-8-lg.jpg --> uts.cc.utexas.edu /export/httpd/vhosts/texasbeyondhistory/data/special/cordmarked/images lynn-8-lg.jpg
2003.01.09 17:19 B K:\TBH Website Temp\special\cordmarked\images\lynn-8-sm.jpg --> uts.cc.utexas.edu /export/httpd/vhosts/texasbeyondhistory/data/special/cordmarked/images lynn-8-sm.jpg
2003.01.09 17:19 B K:\TBH Website Temp\special\cordmarked\images\lynn-8.html --> uts.cc.utexas.edu /export/httpd/vhosts/texasbeyondhistory/data/special/cordmarked/images lynn-8.html
2003.01.09 17:19 B K:\TBH Website Temp\special\cordmarked\images\lynn-9-lg.jpg --> uts.cc.utexas.edu /export/httpd/vhosts/texasbeyondhistory/data/special/cordmarked/images lynn-9-lg.jpg
2003.01.09 17:19 B K:\TBH Website Temp\special\cordmarked\images\lynn-9-sm.jpg --> uts.cc.utexas.edu /export/httpd/vhosts/texasbeyondhistory/data/special/cordmarked/images lynn-9-sm.jpg
2003.01.09 17:19 B K:\TBH Website Temp\special\cordmarked\images\lynn-9.html --> uts.cc.utexas.edu /export/httpd/vhosts/texasbeyondhistory/data/special/cordmarked/images lynn-9.html
2003.01.09 17:19 B K:\TBH Website Temp\special\cordmarked\images\paddle-sm.jpg --> uts.cc.utexas.edu /export/httpd/vhosts/texasbeyondhistory/data/special/cordmarked/images paddle-sm.jpg
2003.01.09 17:19 B K:\TBH Website Temp\special\cordmarked\images\paddle.jpg --> uts.cc.utexas.edu /export/httpd/vhosts/texasbeyondhistory/data/special/cordmarked/images paddle.jpg
2003.01.09 17:19 B K:\TBH Website Temp\special\cordmarked\images\pphm-jar1-lg.jpg --> uts.cc.utexas.edu /export/httpd/vhosts/texasbeyondhistory/data/special/cordmarked/images pphm-jar1-lg.jpg
2003.01.09 17:19 B K:\TBH Website Temp\special\cordmarked\images\pphm-jar1-sm.jpg --> uts.cc.utexas.edu /export/httpd/vhosts/texasbeyondhistory/data/special/cordmarked/images pphm-jar1-sm.jpg
2003.01.09 17:20 B K:\TBH Website Temp\special\cordmarked\images\pphm-jar1.html --> uts.cc.utexas.edu /export/httpd/vhosts/texasbeyondhistory/data/special/cordmarked/images pphm-jar1.html
2003.01.09 17:20 B K:\TBH Website Temp\special\cordmarked\images\pphm-jar2-lg.jpg --> uts.cc.utexas.edu /export/httpd/vhosts/texasbeyondhistory/data/special/cordmarked/images pphm-jar2-lg.jpg
2003.01.09 17:20 B K:\TBH Website Temp\special\cordmarked\images\pphm-jar2-sm.jpg --> uts.cc.utexas.edu /export/httpd/vhosts/texasbeyondhistory/data/special/cordmarked/images pphm-jar2-sm.jpg
2003.01.09 17:20 B K:\TBH Website Temp\special\cordmarked\images\pphm-jar2.html --> uts.cc.utexas.edu /export/httpd/vhosts/texasbeyondhistory/data/special/cordmarked/images pphm-jar2.html
2003.01.09 17:20 B K:\TBH Website Temp\special\cordmarked\images\ruin-28-7-lg.jpg --> uts.cc.utexas.edu /export/httpd/vhosts/texasbeyondhistory/data/special/cordmarked/images ruin-28-7-lg.jpg
2003.01.09 17:20 B K:\TBH Website Temp\special\cordmarked\images\ruin-28-7-sm.jpg --> uts.cc.utexas.edu /export/httpd/vhosts/texasbeyondhistory/data/special/cordmarked/images ruin-28-7-sm.jpg
2003.01.09 17:20 B K:\TBH Website Temp\special\cordmarked\images\ruin-28-7.html --> uts.cc.utexas.edu /export/httpd/vhosts/texasbeyondhistory/data/special/cordmarked/images ruin-28-7.html
2003.01.09 17:20 B K:\TBH Website Temp\special\cordmarked\images\studer-pot-1-lg.gif --> uts.cc.utexas.edu /export/httpd/vhosts/texasbeyondhistory/data/special/cordmarked/images studer-pot-1-lg.gif
2003.01.09 17:20 B K:\TBH Website Temp\special\cordmarked\images\studer-pot-1-sm.gif --> uts.cc.utexas.edu /export/httpd/vhosts/texasbeyondhistory/data/special/cordmarked/images studer-pot-1-sm.gif
2003.01.09 17:20 B K:\TBH Website Temp\special\cordmarked\images\studer-pot-1.html --> uts.cc.utexas.edu /export/httpd/vhosts/texasbeyondhistory/data/special/cordmarked/images studer-pot-1.html
2003.01.09 17:20 B K:\TBH Website Temp\special\cordmarked\images\yucca4-lg.jpg --> uts.cc.utexas.edu /export/httpd/vhosts/texasbeyondhistory/data/special/cordmarked/images yucca4-lg.jpg
2003.01.09 17:20 B K:\TBH Website Temp\special\cordmarked\images\yucca4-sm.jpg --> uts.cc.utexas.edu /export/httpd/vhosts/texasbeyondhistory/data/special/cordmarked/images yucca4-sm.jpg
2003.01.09 17:20 B K:\TBH Website Temp\special\cordmarked\images\yucca4.html --> uts.cc.utexas.edu /export/httpd/vhosts/texasbeyondhistory/data/special/cordmarked/images yucca4.html
2003.01.13 18:02 B K:\TBH Website Temp\special\cordmarked\images\1995-btas-excerpt.pdf --> uts.cc.utexas.edu /export/httpd/vhosts/texasbeyondhistory/data/special/cordmarked 1995-btas-excerpt.pdf
2003.01.13 18:03 B K:\TBH Website Temp\special\cordmarked\images\lynn-32.html --> uts.cc.utexas.edu /export/httpd/vhosts/texasbeyondhistory/data/special/cordmarked/images lynn-32.html
2003.01.13 18:03 B K:\TBH Website Temp\special\cordmarked\images\lynn-31.html --> uts.cc.utexas.edu /export/httpd/vhosts/texasbeyondhistory/data/special/cordmarked/images lynn-31.html
2003.01.13 18:03 B K:\TBH Website Temp\special\cordmarked\images\lynn-1.html --> uts.cc.utexas.edu /export/httpd/vhosts/texasbeyondhistory/data/special/cordmarked/images lynn-1.html
2003.01.13 18:03 B K:\TBH Website Temp\special\cordmarked\images\lynn-41.html --> uts.cc.utexas.edu /export/httpd/vhosts/texasbeyondhistory/data/special/cordmarked/images lynn-41.html
2003.01.13 18:16 B K:\TBH Website Temp\special\cordmarked\images\paddle-sm.jpg --> uts.cc.utexas.edu /export/httpd/vhosts/texasbeyondhistory/data/special/cordmarked/images paddle-sm.jpg
2003.01.16 16:16 B C:\WINDOWS\Desktop\TBH\Recent\special\cordmarked\images\WS_FTP.LOG <-- TARL /Website Stuff/TBH Website Temp/special/cordmarked/images WS_FTP.LOG
2003.01.16 16:16 B C:\WINDOWS\Desktop\TBH\Recent\special\cordmarked\images\yucca4-lg.jpg <-- TARL /Website Stuff/TBH Website Temp/special/cordmarked/images yucca4-lg.jpg
2003.01.16 16:16 B C:\WINDOWS\Desktop\TBH\Recent\special\cordmarked\images\yucca4-sm.jpg <-- TARL /Website Stuff/TBH Website Temp/special/cordmarked/images yucca4-sm.jpg
2003.01.16 16:16 B C:\WINDOWS\Desktop\TBH\Recent\special\cordmarked\images\yucca4.html <-- TARL /Website Stuff/TBH Website Temp/special/cordmarked/images yucca4.html
