2003.07.18 13:37 B K:\TBH Website Temp\tejas\clay\index.html --> uts.cc.utexas.edu /export/httpd/vhosts/texasbeyondhistory/data/tejas/clay index.html
2003.07.18 13:37 B K:\TBH Website Temp\tejas\clay\making.html --> uts.cc.utexas.edu /export/httpd/vhosts/texasbeyondhistory/data/tejas/clay making.html
2003.07.18 13:37 B K:\TBH Website Temp\tejas\clay\reviving.html --> uts.cc.utexas.edu /export/httpd/vhosts/texasbeyondhistory/data/tejas/clay reviving.html
2003.07.18 13:37 B K:\TBH Website Temp\tejas\clay\tradition.html --> uts.cc.utexas.edu /export/httpd/vhosts/texasbeyondhistory/data/tejas/clay tradition.html
2003.07.18 14:06 B K:\TBH Website Temp\tejas\clay\making.html --> uts.cc.utexas.edu /export/httpd/vhosts/texasbeyondhistory/data/tejas/clay making.html
2003.07.18 14:06 B K:\TBH Website Temp\tejas\clay\reviving.html --> uts.cc.utexas.edu /export/httpd/vhosts/texasbeyondhistory/data/tejas/clay reviving.html
2003.07.18 14:06 B K:\TBH Website Temp\tejas\clay\tradition.html --> uts.cc.utexas.edu /export/httpd/vhosts/texasbeyondhistory/data/tejas/clay tradition.html
2003.07.24 10:15 B K:\TBH Website Temp\tejas\clay\tradition.html --> uts.cc.utexas.edu /export/httpd/vhosts/texasbeyondhistory/data/tejas/clay tradition.html
2003.08.06 09:09 B K:\TBH Website Temp\tejas\clay\credits.html --> uts.cc.utexas.edu /export/httpd/vhosts/texasbeyondhistory/data/tejas/clay credits.html
2003.08.06 09:09 B K:\TBH Website Temp\tejas\clay\tradition.html --> uts.cc.utexas.edu /export/httpd/vhosts/texasbeyondhistory/data/tejas/clay tradition.html
2003.08.06 09:09 B K:\TBH Website Temp\tejas\clay\reviving.html --> uts.cc.utexas.edu /export/httpd/vhosts/texasbeyondhistory/data/tejas/clay reviving.html
2003.08.06 09:09 B K:\TBH Website Temp\tejas\clay\making.html --> uts.cc.utexas.edu /export/httpd/vhosts/texasbeyondhistory/data/tejas/clay making.html
2003.08.06 09:09 B K:\TBH Website Temp\tejas\clay\index.html --> uts.cc.utexas.edu /export/httpd/vhosts/texasbeyondhistory/data/tejas/clay index.html
2003.08.14 11:40 B K:\TBH Website Temp\tejas\clay\credits.html --> uts.cc.utexas.edu /export/httpd/vhosts/texasbeyondhistory/data/tejas/clay credits.html
2003.08.14 11:40 B K:\TBH Website Temp\tejas\clay\index.html --> uts.cc.utexas.edu /export/httpd/vhosts/texasbeyondhistory/data/tejas/clay index.html
2003.08.14 11:40 B K:\TBH Website Temp\tejas\clay\making.html --> uts.cc.utexas.edu /export/httpd/vhosts/texasbeyondhistory/data/tejas/clay making.html
2003.08.14 11:40 B K:\TBH Website Temp\tejas\clay\reviving.html --> uts.cc.utexas.edu /export/httpd/vhosts/texasbeyondhistory/data/tejas/clay reviving.html
2003.08.14 11:40 B K:\TBH Website Temp\tejas\clay\tradition.html --> uts.cc.utexas.edu /export/httpd/vhosts/texasbeyondhistory/data/tejas/clay tradition.html
2005.04.04 13:41 B L:\TBH Website Temp\tejas\clay\credits.html --> uts.cc.utexas.edu /export/httpd/vhosts/texasbeyondhistory/data/tejas/clay credits.html
2005.04.04 13:41 B L:\TBH Website Temp\tejas\clay\index.html --> uts.cc.utexas.edu /export/httpd/vhosts/texasbeyondhistory/data/tejas/clay index.html
2005.04.04 13:41 B L:\TBH Website Temp\tejas\clay\making.html --> uts.cc.utexas.edu /export/httpd/vhosts/texasbeyondhistory/data/tejas/clay making.html
2005.04.04 13:41 B L:\TBH Website Temp\tejas\clay\reviving.html --> uts.cc.utexas.edu /export/httpd/vhosts/texasbeyondhistory/data/tejas/clay reviving.html
2005.04.04 13:41 B L:\TBH Website Temp\tejas\clay\tradition.html --> uts.cc.utexas.edu /export/httpd/vhosts/texasbeyondhistory/data/tejas/clay tradition.html
