2005.06.19 11:27 B L:\TBH Website Temp\kids\images\houses\houses_img\rockshelter_r1_c1.gif <-- texasbeyondhistory /export/httpd/vhosts/texasbeyondhistory/data/kids/images/houses/houses_img rockshelter_r1_c1.gif
2005.06.19 11:27 B L:\TBH Website Temp\kids\images\houses\houses_img\rockshelter_r1_c2.gif <-- texasbeyondhistory /export/httpd/vhosts/texasbeyondhistory/data/kids/images/houses/houses_img rockshelter_r1_c2.gif
2005.06.19 11:27 B L:\TBH Website Temp\kids\images\houses\houses_img\rockshelter_r1_c2_f2.gif <-- texasbeyondhistory /export/httpd/vhosts/texasbeyondhistory/data/kids/images/houses/houses_img rockshelter_r1_c2_f2.gif
2005.06.19 11:27 B L:\TBH Website Temp\kids\images\houses\houses_img\rockshelter_r1_c7.gif <-- texasbeyondhistory /export/httpd/vhosts/texasbeyondhistory/data/kids/images/houses/houses_img rockshelter_r1_c7.gif
2005.06.19 11:27 B L:\TBH Website Temp\kids\images\houses\houses_img\rockshelter_r2_c2.gif <-- texasbeyondhistory /export/httpd/vhosts/texasbeyondhistory/data/kids/images/houses/houses_img rockshelter_r2_c2.gif
2005.06.19 11:27 B L:\TBH Website Temp\kids\images\houses\houses_img\rockshelter_r3_c1.gif <-- texasbeyondhistory /export/httpd/vhosts/texasbeyondhistory/data/kids/images/houses/houses_img rockshelter_r3_c1.gif
2005.06.19 11:27 B L:\TBH Website Temp\kids\images\houses\houses_img\rockshelter_r3_c1_f2.gif <-- texasbeyondhistory /export/httpd/vhosts/texasbeyondhistory/data/kids/images/houses/houses_img rockshelter_r3_c1_f2.gif
2005.06.19 11:27 B L:\TBH Website Temp\kids\images\houses\houses_img\rockshelter_r3_c3.gif <-- texasbeyondhistory /export/httpd/vhosts/texasbeyondhistory/data/kids/images/houses/houses_img rockshelter_r3_c3.gif
2005.06.19 11:27 B L:\TBH Website Temp\kids\images\houses\houses_img\rockshelter_r3_c4.gif <-- texasbeyondhistory /export/httpd/vhosts/texasbeyondhistory/data/kids/images/houses/houses_img rockshelter_r3_c4.gif
2005.06.19 11:27 B L:\TBH Website Temp\kids\images\houses\houses_img\rockshelter_r3_c4_f2.gif <-- texasbeyondhistory /export/httpd/vhosts/texasbeyondhistory/data/kids/images/houses/houses_img rockshelter_r3_c4_f2.gif
2005.06.19 11:27 B L:\TBH Website Temp\kids\images\houses\houses_img\rockshelter_r3_c5.gif <-- texasbeyondhistory /export/httpd/vhosts/texasbeyondhistory/data/kids/images/houses/houses_img rockshelter_r3_c5.gif
2005.06.19 11:27 B L:\TBH Website Temp\kids\images\houses\houses_img\rockshelter_r3_c6.gif <-- texasbeyondhistory /export/httpd/vhosts/texasbeyondhistory/data/kids/images/houses/houses_img rockshelter_r3_c6.gif
2005.06.19 11:27 B L:\TBH Website Temp\kids\images\houses\houses_img\rockshelter_r3_c6_f2.gif <-- texasbeyondhistory /export/httpd/vhosts/texasbeyondhistory/data/kids/images/houses/houses_img rockshelter_r3_c6_f2.gif
2005.06.19 11:27 B L:\TBH Website Temp\kids\images\houses\houses_img\rockshelter_r3_c8.gif <-- texasbeyondhistory /export/httpd/vhosts/texasbeyondhistory/data/kids/images/houses/houses_img rockshelter_r3_c8.gif
2005.06.19 11:27 B L:\TBH Website Temp\kids\images\houses\houses_img\rockshelter_r4_c4.gif <-- texasbeyondhistory /export/httpd/vhosts/texasbeyondhistory/data/kids/images/houses/houses_img rockshelter_r4_c4.gif
2005.06.19 11:27 B L:\TBH Website Temp\kids\images\houses\houses_img\rockshelter_r5_c1.gif <-- texasbeyondhistory /export/httpd/vhosts/texasbeyondhistory/data/kids/images/houses/houses_img rockshelter_r5_c1.gif
2005.06.19 11:27 B L:\TBH Website Temp\kids\images\houses\houses_img\rockshelter_r5_c6.gif <-- texasbeyondhistory /export/httpd/vhosts/texasbeyondhistory/data/kids/images/houses/houses_img rockshelter_r5_c6.gif
2005.06.19 11:27 B L:\TBH Website Temp\kids\images\houses\houses_img\spacer.gif <-- texasbeyondhistory /export/httpd/vhosts/texasbeyondhistory/data/kids/images/houses/houses_img spacer.gif
2005.08.18 12:20 B L:\TBH Website Temp\kids\images\houses\houses_img\WS_FTP.LOG --> uts.cc.utexas.edu /export/httpd/vhosts/texasbeyondhistory/data/kids/images/houses/houses_img WS_FTP.LOG
2005.08.18 12:20 B L:\TBH Website Temp\kids\images\houses\houses_img\texas_r9_c6.gif --> uts.cc.utexas.edu /export/httpd/vhosts/texasbeyondhistory/data/kids/images/houses/houses_img texas_r9_c6.gif
2005.08.18 12:20 B L:\TBH Website Temp\kids\images\houses\houses_img\texas_r9_c13.gif --> uts.cc.utexas.edu /export/httpd/vhosts/texasbeyondhistory/data/kids/images/houses/houses_img texas_r9_c13.gif
2005.08.18 12:20 B L:\TBH Website Temp\kids\images\houses\houses_img\texas_r8_c3.gif --> uts.cc.utexas.edu /export/httpd/vhosts/texasbeyondhistory/data/kids/images/houses/houses_img texas_r8_c3.gif
2005.08.18 12:20 B L:\TBH Website Temp\kids\images\houses\houses_img\texas_r8_c2_f2.gif --> uts.cc.utexas.edu /export/httpd/vhosts/texasbeyondhistory/data/kids/images/houses/houses_img texas_r8_c2_f2.gif
2005.08.18 12:20 B L:\TBH Website Temp\kids\images\houses\houses_img\texas_r8_c2.gif --> uts.cc.utexas.edu /export/httpd/vhosts/texasbeyondhistory/data/kids/images/houses/houses_img texas_r8_c2.gif
2005.08.18 12:20 B L:\TBH Website Temp\kids\images\houses\houses_img\texas_r8_c1.gif --> uts.cc.utexas.edu /export/httpd/vhosts/texasbeyondhistory/data/kids/images/houses/houses_img texas_r8_c1.gif
2005.08.18 12:20 B L:\TBH Website Temp\kids\images\houses\houses_img\texas_r7_c9.gif --> uts.cc.utexas.edu /export/httpd/vhosts/texasbeyondhistory/data/kids/images/houses/houses_img texas_r7_c9.gif
2005.08.18 12:20 B L:\TBH Website Temp\kids\images\houses\houses_img\texas_r7_c12.gif --> uts.cc.utexas.edu /export/httpd/vhosts/texasbeyondhistory/data/kids/images/houses/houses_img texas_r7_c12.gif
2005.08.18 12:20 B L:\TBH Website Temp\kids\images\houses\houses_img\texas_r7_c10_f2.gif --> uts.cc.utexas.edu /export/httpd/vhosts/texasbeyondhistory/data/kids/images/houses/houses_img texas_r7_c10_f2.gif
2005.08.18 12:20 B L:\TBH Website Temp\kids\images\houses\houses_img\texas_r7_c10.gif --> uts.cc.utexas.edu /export/httpd/vhosts/texasbeyondhistory/data/kids/images/houses/houses_img texas_r7_c10.gif
2005.08.18 12:20 B L:\TBH Website Temp\kids\images\houses\houses_img\texas_r6_c7.gif --> uts.cc.utexas.edu /export/httpd/vhosts/texasbeyondhistory/data/kids/images/houses/houses_img texas_r6_c7.gif
2005.08.18 12:20 B L:\TBH Website Temp\kids\images\houses\houses_img\texas_r6_c6_f2.gif --> uts.cc.utexas.edu /export/httpd/vhosts/texasbeyondhistory/data/kids/images/houses/houses_img texas_r6_c6_f2.gif
2005.08.18 12:20 B L:\TBH Website Temp\kids\images\houses\houses_img\texas_r6_c6.gif --> uts.cc.utexas.edu /export/httpd/vhosts/texasbeyondhistory/data/kids/images/houses/houses_img texas_r6_c6.gif
2005.08.18 12:20 B L:\TBH Website Temp\kids\images\houses\houses_img\texas_r6_c4.gif --> uts.cc.utexas.edu /export/httpd/vhosts/texasbeyondhistory/data/kids/images/houses/houses_img texas_r6_c4.gif
2005.08.18 12:20 B L:\TBH Website Temp\kids\images\houses\houses_img\texas_r6_c11.gif --> uts.cc.utexas.edu /export/httpd/vhosts/texasbeyondhistory/data/kids/images/houses/houses_img texas_r6_c11.gif
2005.08.18 12:20 B L:\TBH Website Temp\kids\images\houses\houses_img\texas_r5_c9_f2.gif --> uts.cc.utexas.edu /export/httpd/vhosts/texasbeyondhistory/data/kids/images/houses/houses_img texas_r5_c9_f2.gif
2005.08.18 12:20 B L:\TBH Website Temp\kids\images\houses\houses_img\texas_r5_c9.gif --> uts.cc.utexas.edu /export/httpd/vhosts/texasbeyondhistory/data/kids/images/houses/houses_img texas_r5_c9.gif
2005.08.18 12:20 B L:\TBH Website Temp\kids\images\houses\houses_img\texas_r5_c8.gif --> uts.cc.utexas.edu /export/httpd/vhosts/texasbeyondhistory/data/kids/images/houses/houses_img texas_r5_c8.gif
2005.08.18 12:20 B L:\TBH Website Temp\kids\images\houses\houses_img\texas_r5_c5.gif --> uts.cc.utexas.edu /export/httpd/vhosts/texasbeyondhistory/data/kids/images/houses/houses_img texas_r5_c5.gif
2005.08.18 12:20 B L:\TBH Website Temp\kids\images\houses\houses_img\texas_r5_c2_f2.gif --> uts.cc.utexas.edu /export/httpd/vhosts/texasbeyondhistory/data/kids/images/houses/houses_img texas_r5_c2_f2.gif
2005.08.18 12:20 B L:\TBH Website Temp\kids\images\houses\houses_img\texas_r5_c2.gif --> uts.cc.utexas.edu /export/httpd/vhosts/texasbeyondhistory/data/kids/images/houses/houses_img texas_r5_c2.gif
2005.08.18 12:20 B L:\TBH Website Temp\kids\images\houses\houses_img\texas_r5_c12.gif --> uts.cc.utexas.edu /export/httpd/vhosts/texasbeyondhistory/data/kids/images/houses/houses_img texas_r5_c12.gif
2005.08.18 12:20 B L:\TBH Website Temp\kids\images\houses\houses_img\texas_r5_c1.gif --> uts.cc.utexas.edu /export/httpd/vhosts/texasbeyondhistory/data/kids/images/houses/houses_img texas_r5_c1.gif
2005.08.18 12:20 B L:\TBH Website Temp\kids\images\houses\houses_img\texas_r4_c9.gif --> uts.cc.utexas.edu /export/httpd/vhosts/texasbeyondhistory/data/kids/images/houses/houses_img texas_r4_c9.gif
2005.08.18 12:20 B L:\TBH Website Temp\kids\images\houses\houses_img\texas_r4_c8.gif --> uts.cc.utexas.edu /export/httpd/vhosts/texasbeyondhistory/data/kids/images/houses/houses_img texas_r4_c8.gif
2005.08.18 12:20 B L:\TBH Website Temp\kids\images\houses\houses_img\texas_r4_c15.gif --> uts.cc.utexas.edu /export/httpd/vhosts/texasbeyondhistory/data/kids/images/houses/houses_img texas_r4_c15.gif
2005.08.18 12:20 B L:\TBH Website Temp\kids\images\houses\houses_img\texas_r4_c13_f2.gif --> uts.cc.utexas.edu /export/httpd/vhosts/texasbeyondhistory/data/kids/images/houses/houses_img texas_r4_c13_f2.gif
2005.08.18 12:20 B L:\TBH Website Temp\kids\images\houses\houses_img\texas_r4_c13.gif --> uts.cc.utexas.edu /export/httpd/vhosts/texasbeyondhistory/data/kids/images/houses/houses_img texas_r4_c13.gif
2005.08.18 12:20 B L:\TBH Website Temp\kids\images\houses\houses_img\texas_r4_c11_f2.gif --> uts.cc.utexas.edu /export/httpd/vhosts/texasbeyondhistory/data/kids/images/houses/houses_img texas_r4_c11_f2.gif
2005.08.18 12:20 B L:\TBH Website Temp\kids\images\houses\houses_img\texas_r4_c11.gif --> uts.cc.utexas.edu /export/httpd/vhosts/texasbeyondhistory/data/kids/images/houses/houses_img texas_r4_c11.gif
2005.08.18 12:20 B L:\TBH Website Temp\kids\images\houses\houses_img\texas_r3_c9.gif --> uts.cc.utexas.edu /export/httpd/vhosts/texasbeyondhistory/data/kids/images/houses/houses_img texas_r3_c9.gif
2005.08.18 12:20 B L:\TBH Website Temp\kids\images\houses\houses_img\texas_r3_c6_f2.gif --> uts.cc.utexas.edu /export/httpd/vhosts/texasbeyondhistory/data/kids/images/houses/houses_img texas_r3_c6_f2.gif
2005.08.18 12:20 B L:\TBH Website Temp\kids\images\houses\houses_img\texas_r3_c6.gif --> uts.cc.utexas.edu /export/httpd/vhosts/texasbeyondhistory/data/kids/images/houses/houses_img texas_r3_c6.gif
2005.08.18 12:20 B L:\TBH Website Temp\kids\images\houses\houses_img\texas_r3_c4.gif --> uts.cc.utexas.edu /export/httpd/vhosts/texasbeyondhistory/data/kids/images/houses/houses_img texas_r3_c4.gif
2005.08.18 12:20 B L:\TBH Website Temp\kids\images\houses\houses_img\texas_r2_c8.gif --> uts.cc.utexas.edu /export/httpd/vhosts/texasbeyondhistory/data/kids/images/houses/houses_img texas_r2_c8.gif
2005.08.18 12:20 B L:\TBH Website Temp\kids\images\houses\houses_img\texas_r2_c7.gif --> uts.cc.utexas.edu /export/httpd/vhosts/texasbeyondhistory/data/kids/images/houses/houses_img texas_r2_c7.gif
2005.08.18 12:20 B L:\TBH Website Temp\kids\images\houses\houses_img\texas_r2_c4_f2.gif --> uts.cc.utexas.edu /export/httpd/vhosts/texasbeyondhistory/data/kids/images/houses/houses_img texas_r2_c4_f2.gif
2005.08.18 12:20 B L:\TBH Website Temp\kids\images\houses\houses_img\texas_r2_c4.gif --> uts.cc.utexas.edu /export/httpd/vhosts/texasbeyondhistory/data/kids/images/houses/houses_img texas_r2_c4.gif
2005.08.18 12:20 B L:\TBH Website Temp\kids\images\houses\houses_img\texas_r2_c1.gif --> uts.cc.utexas.edu /export/httpd/vhosts/texasbeyondhistory/data/kids/images/houses/houses_img texas_r2_c1.gif
2005.08.18 12:20 B L:\TBH Website Temp\kids\images\houses\houses_img\texas_r1_c1.gif --> uts.cc.utexas.edu /export/httpd/vhosts/texasbeyondhistory/data/kids/images/houses/houses_img texas_r1_c1.gif
2005.08.18 12:20 B L:\TBH Website Temp\kids\images\houses\houses_img\texas_r15_c5.gif --> uts.cc.utexas.edu /export/httpd/vhosts/texasbeyondhistory/data/kids/images/houses/houses_img texas_r15_c5.gif
2005.08.18 12:20 B L:\TBH Website Temp\kids\images\houses\houses_img\texas_r14_c11.gif --> uts.cc.utexas.edu /export/httpd/vhosts/texasbeyondhistory/data/kids/images/houses/houses_img texas_r14_c11.gif
2005.08.18 12:20 B L:\TBH Website Temp\kids\images\houses\houses_img\texas_r13_c2.gif --> uts.cc.utexas.edu /export/httpd/vhosts/texasbeyondhistory/data/kids/images/houses/houses_img texas_r13_c2.gif
2005.08.18 12:20 B L:\TBH Website Temp\kids\images\houses\houses_img\texas_r12_c5_f2.gif --> uts.cc.utexas.edu /export/httpd/vhosts/texasbeyondhistory/data/kids/images/houses/houses_img texas_r12_c5_f2.gif
2005.08.18 12:20 B L:\TBH Website Temp\kids\images\houses\houses_img\texas_r12_c5.gif --> uts.cc.utexas.edu /export/httpd/vhosts/texasbeyondhistory/data/kids/images/houses/houses_img texas_r12_c5.gif
2005.08.18 12:20 B L:\TBH Website Temp\kids\images\houses\houses_img\texas_r12_c4.gif --> uts.cc.utexas.edu /export/httpd/vhosts/texasbeyondhistory/data/kids/images/houses/houses_img texas_r12_c4.gif
2005.08.18 12:20 B L:\TBH Website Temp\kids\images\houses\houses_img\texas_r12_c3.gif --> uts.cc.utexas.edu /export/httpd/vhosts/texasbeyondhistory/data/kids/images/houses/houses_img texas_r12_c3.gif
2005.08.18 12:20 B L:\TBH Website Temp\kids\images\houses\houses_img\texas_r12_c10.gif --> uts.cc.utexas.edu /export/httpd/vhosts/texasbeyondhistory/data/kids/images/houses/houses_img texas_r12_c10.gif
2005.08.18 12:20 B L:\TBH Website Temp\kids\images\houses\houses_img\texas_r11_c6.gif --> uts.cc.utexas.edu /export/httpd/vhosts/texasbeyondhistory/data/kids/images/houses/houses_img texas_r11_c6.gif
2005.08.18 12:20 B L:\TBH Website Temp\kids\images\houses\houses_img\texas_r11_c10.gif --> uts.cc.utexas.edu /export/httpd/vhosts/texasbeyondhistory/data/kids/images/houses/houses_img texas_r11_c10.gif
2005.08.18 12:20 B L:\TBH Website Temp\kids\images\houses\houses_img\texas_r10_c9.gif --> uts.cc.utexas.edu /export/httpd/vhosts/texasbeyondhistory/data/kids/images/houses/houses_img texas_r10_c9.gif
2005.08.18 12:20 B L:\TBH Website Temp\kids\images\houses\houses_img\texas_r10_c8.gif --> uts.cc.utexas.edu /export/httpd/vhosts/texasbeyondhistory/data/kids/images/houses/houses_img texas_r10_c8.gif
2005.08.18 12:20 B L:\TBH Website Temp\kids\images\houses\houses_img\texas_r10_c3_f2.gif --> uts.cc.utexas.edu /export/httpd/vhosts/texasbeyondhistory/data/kids/images/houses/houses_img texas_r10_c3_f2.gif
2005.08.18 12:20 B L:\TBH Website Temp\kids\images\houses\houses_img\texas_r10_c3.gif --> uts.cc.utexas.edu /export/httpd/vhosts/texasbeyondhistory/data/kids/images/houses/houses_img texas_r10_c3.gif
2005.08.18 12:20 B L:\TBH Website Temp\kids\images\houses\houses_img\texas_r10_c2.gif --> uts.cc.utexas.edu /export/httpd/vhosts/texasbeyondhistory/data/kids/images/houses/houses_img texas_r10_c2.gif
2005.08.18 12:20 B L:\TBH Website Temp\kids\images\houses\houses_img\texas_r10_c14.gif --> uts.cc.utexas.edu /export/httpd/vhosts/texasbeyondhistory/data/kids/images/houses/houses_img texas_r10_c14.gif
2005.08.18 12:20 B L:\TBH Website Temp\kids\images\houses\houses_img\texas_r10_c11_f2.gif --> uts.cc.utexas.edu /export/httpd/vhosts/texasbeyondhistory/data/kids/images/houses/houses_img texas_r10_c11_f2.gif
2005.08.18 12:20 B L:\TBH Website Temp\kids\images\houses\houses_img\texas_r10_c11.gif --> uts.cc.utexas.edu /export/httpd/vhosts/texasbeyondhistory/data/kids/images/houses/houses_img texas_r10_c11.gif
2005.08.18 12:20 B L:\TBH Website Temp\kids\images\houses\houses_img\rockshelter_r2_c1_f2.gif --> uts.cc.utexas.edu /export/httpd/vhosts/texasbeyondhistory/data/kids/images/houses/houses_img rockshelter_r2_c1_f2.gif
2005.08.18 12:20 B L:\TBH Website Temp\kids\images\houses\houses_img\rockshelter_r2_c1.gif --> uts.cc.utexas.edu /export/httpd/vhosts/texasbeyondhistory/data/kids/images/houses/houses_img rockshelter_r2_c1.gif
2006.09.29 17:12 B L:\TBH Website Temp\kids\images\houses\houses_img\Thumbs.db --> uts.cc.utexas.edu /export/httpd/vhosts/texasbeyondhistory/data/kids/images/houses/houses_img Thumbs.db
2006.09.29 17:12 B L:\TBH Website Temp\kids\images\houses\houses_img\WS_FTP.LOG --> uts.cc.utexas.edu /export/httpd/vhosts/texasbeyondhistory/data/kids/images/houses/houses_img WS_FTP.LOG
2007.05.02 16:09 B V:\TBH Website Temp\kids\images\houses\houses_img\rockshelter_r1_c1.gif --> uts.cc.utexas.edu /export/httpd/vhosts/texasbeyondhistory/data/kids/images/houses/houses_img rockshelter_r1_c1.gif
2007.05.02 16:09 B V:\TBH Website Temp\kids\images\houses\houses_img\rockshelter_r1_c2.gif --> uts.cc.utexas.edu /export/httpd/vhosts/texasbeyondhistory/data/kids/images/houses/houses_img rockshelter_r1_c2.gif
2007.05.02 16:09 B V:\TBH Website Temp\kids\images\houses\houses_img\rockshelter_r1_c2_f2.gif --> uts.cc.utexas.edu /export/httpd/vhosts/texasbeyondhistory/data/kids/images/houses/houses_img rockshelter_r1_c2_f2.gif
2007.05.02 16:09 B V:\TBH Website Temp\kids\images\houses\houses_img\rockshelter_r1_c7.gif --> uts.cc.utexas.edu /export/httpd/vhosts/texasbeyondhistory/data/kids/images/houses/houses_img rockshelter_r1_c7.gif
2007.05.02 16:09 B V:\TBH Website Temp\kids\images\houses\houses_img\rockshelter_r2_c1.gif --> uts.cc.utexas.edu /export/httpd/vhosts/texasbeyondhistory/data/kids/images/houses/houses_img rockshelter_r2_c1.gif
2007.05.02 16:09 B V:\TBH Website Temp\kids\images\houses\houses_img\rockshelter_r2_c1_f2.gif --> uts.cc.utexas.edu /export/httpd/vhosts/texasbeyondhistory/data/kids/images/houses/houses_img rockshelter_r2_c1_f2.gif
2007.05.02 16:09 B V:\TBH Website Temp\kids\images\houses\houses_img\rockshelter_r2_c2.gif --> uts.cc.utexas.edu /export/httpd/vhosts/texasbeyondhistory/data/kids/images/houses/houses_img rockshelter_r2_c2.gif
2007.05.02 16:09 B V:\TBH Website Temp\kids\images\houses\houses_img\rockshelter_r3_c1.gif --> uts.cc.utexas.edu /export/httpd/vhosts/texasbeyondhistory/data/kids/images/houses/houses_img rockshelter_r3_c1.gif
2007.05.02 16:09 B V:\TBH Website Temp\kids\images\houses\houses_img\rockshelter_r3_c1_f2.gif --> uts.cc.utexas.edu /export/httpd/vhosts/texasbeyondhistory/data/kids/images/houses/houses_img rockshelter_r3_c1_f2.gif
2007.05.02 16:09 B V:\TBH Website Temp\kids\images\houses\houses_img\rockshelter_r3_c3.gif --> uts.cc.utexas.edu /export/httpd/vhosts/texasbeyondhistory/data/kids/images/houses/houses_img rockshelter_r3_c3.gif
2007.05.02 16:09 B V:\TBH Website Temp\kids\images\houses\houses_img\rockshelter_r3_c4.gif --> uts.cc.utexas.edu /export/httpd/vhosts/texasbeyondhistory/data/kids/images/houses/houses_img rockshelter_r3_c4.gif
2007.05.02 16:09 B V:\TBH Website Temp\kids\images\houses\houses_img\rockshelter_r3_c4_f2.gif --> uts.cc.utexas.edu /export/httpd/vhosts/texasbeyondhistory/data/kids/images/houses/houses_img rockshelter_r3_c4_f2.gif
2007.05.02 16:09 B V:\TBH Website Temp\kids\images\houses\houses_img\rockshelter_r3_c5.gif --> uts.cc.utexas.edu /export/httpd/vhosts/texasbeyondhistory/data/kids/images/houses/houses_img rockshelter_r3_c5.gif
2007.05.02 16:09 B V:\TBH Website Temp\kids\images\houses\houses_img\rockshelter_r3_c6.gif --> uts.cc.utexas.edu /export/httpd/vhosts/texasbeyondhistory/data/kids/images/houses/houses_img rockshelter_r3_c6.gif
2007.05.02 16:09 B V:\TBH Website Temp\kids\images\houses\houses_img\rockshelter_r3_c6_f2.gif --> uts.cc.utexas.edu /export/httpd/vhosts/texasbeyondhistory/data/kids/images/houses/houses_img rockshelter_r3_c6_f2.gif
2007.05.02 16:09 B V:\TBH Website Temp\kids\images\houses\houses_img\rockshelter_r3_c8.gif --> uts.cc.utexas.edu /export/httpd/vhosts/texasbeyondhistory/data/kids/images/houses/houses_img rockshelter_r3_c8.gif
2007.05.02 16:09 B V:\TBH Website Temp\kids\images\houses\houses_img\rockshelter_r4_c4.gif --> uts.cc.utexas.edu /export/httpd/vhosts/texasbeyondhistory/data/kids/images/houses/houses_img rockshelter_r4_c4.gif
2007.05.02 16:09 B V:\TBH Website Temp\kids\images\houses\houses_img\rockshelter_r5_c1.gif --> uts.cc.utexas.edu /export/httpd/vhosts/texasbeyondhistory/data/kids/images/houses/houses_img rockshelter_r5_c1.gif
2007.05.02 16:09 B V:\TBH Website Temp\kids\images\houses\houses_img\rockshelter_r5_c6.gif --> uts.cc.utexas.edu /export/httpd/vhosts/texasbeyondhistory/data/kids/images/houses/houses_img rockshelter_r5_c6.gif
2007.05.02 16:09 B V:\TBH Website Temp\kids\images\houses\houses_img\spacer.gif --> uts.cc.utexas.edu /export/httpd/vhosts/texasbeyondhistory/data/kids/images/houses/houses_img spacer.gif
2007.05.02 16:09 B V:\TBH Website Temp\kids\images\houses\houses_img\texas_r10_c11.gif --> uts.cc.utexas.edu /export/httpd/vhosts/texasbeyondhistory/data/kids/images/houses/houses_img texas_r10_c11.gif
2007.05.02 16:09 B V:\TBH Website Temp\kids\images\houses\houses_img\texas_r10_c11_f2.gif --> uts.cc.utexas.edu /export/httpd/vhosts/texasbeyondhistory/data/kids/images/houses/houses_img texas_r10_c11_f2.gif
2007.05.02 16:09 B V:\TBH Website Temp\kids\images\houses\houses_img\texas_r10_c14.gif --> uts.cc.utexas.edu /export/httpd/vhosts/texasbeyondhistory/data/kids/images/houses/houses_img texas_r10_c14.gif
2007.05.02 16:09 B V:\TBH Website Temp\kids\images\houses\houses_img\texas_r10_c2.gif --> uts.cc.utexas.edu /export/httpd/vhosts/texasbeyondhistory/data/kids/images/houses/houses_img texas_r10_c2.gif
2007.05.02 16:09 B V:\TBH Website Temp\kids\images\houses\houses_img\texas_r10_c3.gif --> uts.cc.utexas.edu /export/httpd/vhosts/texasbeyondhistory/data/kids/images/houses/houses_img texas_r10_c3.gif
2007.05.02 16:09 B V:\TBH Website Temp\kids\images\houses\houses_img\texas_r10_c3_f2.gif --> uts.cc.utexas.edu /export/httpd/vhosts/texasbeyondhistory/data/kids/images/houses/houses_img texas_r10_c3_f2.gif
2007.05.02 16:09 B V:\TBH Website Temp\kids\images\houses\houses_img\texas_r10_c8.gif --> uts.cc.utexas.edu /export/httpd/vhosts/texasbeyondhistory/data/kids/images/houses/houses_img texas_r10_c8.gif
2007.05.02 16:09 B V:\TBH Website Temp\kids\images\houses\houses_img\texas_r10_c9.gif --> uts.cc.utexas.edu /export/httpd/vhosts/texasbeyondhistory/data/kids/images/houses/houses_img texas_r10_c9.gif
2007.05.02 16:09 B V:\TBH Website Temp\kids\images\houses\houses_img\texas_r11_c10.gif --> uts.cc.utexas.edu /export/httpd/vhosts/texasbeyondhistory/data/kids/images/houses/houses_img texas_r11_c10.gif
2007.05.02 16:09 B V:\TBH Website Temp\kids\images\houses\houses_img\texas_r11_c6.gif --> uts.cc.utexas.edu /export/httpd/vhosts/texasbeyondhistory/data/kids/images/houses/houses_img texas_r11_c6.gif
2007.05.02 16:09 B V:\TBH Website Temp\kids\images\houses\houses_img\texas_r12_c10.gif --> uts.cc.utexas.edu /export/httpd/vhosts/texasbeyondhistory/data/kids/images/houses/houses_img texas_r12_c10.gif
2007.05.02 16:09 B V:\TBH Website Temp\kids\images\houses\houses_img\texas_r12_c3.gif --> uts.cc.utexas.edu /export/httpd/vhosts/texasbeyondhistory/data/kids/images/houses/houses_img texas_r12_c3.gif
2007.05.02 16:09 B V:\TBH Website Temp\kids\images\houses\houses_img\texas_r12_c4.gif --> uts.cc.utexas.edu /export/httpd/vhosts/texasbeyondhistory/data/kids/images/houses/houses_img texas_r12_c4.gif
2007.05.02 16:09 B V:\TBH Website Temp\kids\images\houses\houses_img\texas_r12_c5.gif --> uts.cc.utexas.edu /export/httpd/vhosts/texasbeyondhistory/data/kids/images/houses/houses_img texas_r12_c5.gif
2007.05.02 16:09 B V:\TBH Website Temp\kids\images\houses\houses_img\texas_r12_c5_f2.gif --> uts.cc.utexas.edu /export/httpd/vhosts/texasbeyondhistory/data/kids/images/houses/houses_img texas_r12_c5_f2.gif
2007.05.02 16:09 B V:\TBH Website Temp\kids\images\houses\houses_img\texas_r13_c2.gif --> uts.cc.utexas.edu /export/httpd/vhosts/texasbeyondhistory/data/kids/images/houses/houses_img texas_r13_c2.gif
2007.05.02 16:09 B V:\TBH Website Temp\kids\images\houses\houses_img\texas_r14_c11.gif --> uts.cc.utexas.edu /export/httpd/vhosts/texasbeyondhistory/data/kids/images/houses/houses_img texas_r14_c11.gif
2007.05.02 16:09 B V:\TBH Website Temp\kids\images\houses\houses_img\texas_r15_c5.gif --> uts.cc.utexas.edu /export/httpd/vhosts/texasbeyondhistory/data/kids/images/houses/houses_img texas_r15_c5.gif
2007.05.02 16:09 B V:\TBH Website Temp\kids\images\houses\houses_img\texas_r1_c1.gif --> uts.cc.utexas.edu /export/httpd/vhosts/texasbeyondhistory/data/kids/images/houses/houses_img texas_r1_c1.gif
2007.05.02 16:09 B V:\TBH Website Temp\kids\images\houses\houses_img\texas_r2_c1.gif --> uts.cc.utexas.edu /export/httpd/vhosts/texasbeyondhistory/data/kids/images/houses/houses_img texas_r2_c1.gif
2007.05.02 16:09 B V:\TBH Website Temp\kids\images\houses\houses_img\texas_r2_c4.gif --> uts.cc.utexas.edu /export/httpd/vhosts/texasbeyondhistory/data/kids/images/houses/houses_img texas_r2_c4.gif
2007.05.02 16:09 B V:\TBH Website Temp\kids\images\houses\houses_img\texas_r2_c4_f2.gif --> uts.cc.utexas.edu /export/httpd/vhosts/texasbeyondhistory/data/kids/images/houses/houses_img texas_r2_c4_f2.gif
2007.05.02 16:09 B V:\TBH Website Temp\kids\images\houses\houses_img\texas_r2_c7.gif --> uts.cc.utexas.edu /export/httpd/vhosts/texasbeyondhistory/data/kids/images/houses/houses_img texas_r2_c7.gif
2007.05.02 16:09 B V:\TBH Website Temp\kids\images\houses\houses_img\texas_r2_c8.gif --> uts.cc.utexas.edu /export/httpd/vhosts/texasbeyondhistory/data/kids/images/houses/houses_img texas_r2_c8.gif
2007.05.02 16:09 B V:\TBH Website Temp\kids\images\houses\houses_img\texas_r3_c4.gif --> uts.cc.utexas.edu /export/httpd/vhosts/texasbeyondhistory/data/kids/images/houses/houses_img texas_r3_c4.gif
2007.05.02 16:09 B V:\TBH Website Temp\kids\images\houses\houses_img\texas_r3_c6.gif --> uts.cc.utexas.edu /export/httpd/vhosts/texasbeyondhistory/data/kids/images/houses/houses_img texas_r3_c6.gif
2007.05.02 16:09 B V:\TBH Website Temp\kids\images\houses\houses_img\texas_r3_c6_f2.gif --> uts.cc.utexas.edu /export/httpd/vhosts/texasbeyondhistory/data/kids/images/houses/houses_img texas_r3_c6_f2.gif
2007.05.02 16:09 B V:\TBH Website Temp\kids\images\houses\houses_img\texas_r3_c9.gif --> uts.cc.utexas.edu /export/httpd/vhosts/texasbeyondhistory/data/kids/images/houses/houses_img texas_r3_c9.gif
2007.05.02 16:09 B V:\TBH Website Temp\kids\images\houses\houses_img\texas_r4_c11.gif --> uts.cc.utexas.edu /export/httpd/vhosts/texasbeyondhistory/data/kids/images/houses/houses_img texas_r4_c11.gif
2007.05.02 16:09 B V:\TBH Website Temp\kids\images\houses\houses_img\texas_r4_c11_f2.gif --> uts.cc.utexas.edu /export/httpd/vhosts/texasbeyondhistory/data/kids/images/houses/houses_img texas_r4_c11_f2.gif
2007.05.02 16:09 B V:\TBH Website Temp\kids\images\houses\houses_img\texas_r4_c13.gif --> uts.cc.utexas.edu /export/httpd/vhosts/texasbeyondhistory/data/kids/images/houses/houses_img texas_r4_c13.gif
2007.05.02 16:09 B V:\TBH Website Temp\kids\images\houses\houses_img\texas_r4_c13_f2.gif --> uts.cc.utexas.edu /export/httpd/vhosts/texasbeyondhistory/data/kids/images/houses/houses_img texas_r4_c13_f2.gif
2007.05.02 16:09 B V:\TBH Website Temp\kids\images\houses\houses_img\texas_r4_c15.gif --> uts.cc.utexas.edu /export/httpd/vhosts/texasbeyondhistory/data/kids/images/houses/houses_img texas_r4_c15.gif
2007.05.02 16:09 B V:\TBH Website Temp\kids\images\houses\houses_img\texas_r4_c8.gif --> uts.cc.utexas.edu /export/httpd/vhosts/texasbeyondhistory/data/kids/images/houses/houses_img texas_r4_c8.gif
2007.05.02 16:09 B V:\TBH Website Temp\kids\images\houses\houses_img\texas_r4_c9.gif --> uts.cc.utexas.edu /export/httpd/vhosts/texasbeyondhistory/data/kids/images/houses/houses_img texas_r4_c9.gif
2007.05.02 16:09 B V:\TBH Website Temp\kids\images\houses\houses_img\texas_r5_c1.gif --> uts.cc.utexas.edu /export/httpd/vhosts/texasbeyondhistory/data/kids/images/houses/houses_img texas_r5_c1.gif
2007.05.02 16:09 B V:\TBH Website Temp\kids\images\houses\houses_img\texas_r5_c12.gif --> uts.cc.utexas.edu /export/httpd/vhosts/texasbeyondhistory/data/kids/images/houses/houses_img texas_r5_c12.gif
2007.05.02 16:09 B V:\TBH Website Temp\kids\images\houses\houses_img\texas_r5_c2.gif --> uts.cc.utexas.edu /export/httpd/vhosts/texasbeyondhistory/data/kids/images/houses/houses_img texas_r5_c2.gif
2007.05.02 16:09 B V:\TBH Website Temp\kids\images\houses\houses_img\texas_r5_c2_f2.gif --> uts.cc.utexas.edu /export/httpd/vhosts/texasbeyondhistory/data/kids/images/houses/houses_img texas_r5_c2_f2.gif
2007.05.02 16:09 B V:\TBH Website Temp\kids\images\houses\houses_img\texas_r5_c5.gif --> uts.cc.utexas.edu /export/httpd/vhosts/texasbeyondhistory/data/kids/images/houses/houses_img texas_r5_c5.gif
2007.05.02 16:09 B V:\TBH Website Temp\kids\images\houses\houses_img\texas_r5_c8.gif --> uts.cc.utexas.edu /export/httpd/vhosts/texasbeyondhistory/data/kids/images/houses/houses_img texas_r5_c8.gif
2007.05.02 16:09 B V:\TBH Website Temp\kids\images\houses\houses_img\texas_r5_c9.gif --> uts.cc.utexas.edu /export/httpd/vhosts/texasbeyondhistory/data/kids/images/houses/houses_img texas_r5_c9.gif
2007.05.02 16:09 B V:\TBH Website Temp\kids\images\houses\houses_img\texas_r5_c9_f2.gif --> uts.cc.utexas.edu /export/httpd/vhosts/texasbeyondhistory/data/kids/images/houses/houses_img texas_r5_c9_f2.gif
2007.05.02 16:09 B V:\TBH Website Temp\kids\images\houses\houses_img\texas_r6_c11.gif --> uts.cc.utexas.edu /export/httpd/vhosts/texasbeyondhistory/data/kids/images/houses/houses_img texas_r6_c11.gif
2007.05.02 16:09 B V:\TBH Website Temp\kids\images\houses\houses_img\texas_r6_c4.gif --> uts.cc.utexas.edu /export/httpd/vhosts/texasbeyondhistory/data/kids/images/houses/houses_img texas_r6_c4.gif
2007.05.02 16:09 B V:\TBH Website Temp\kids\images\houses\houses_img\texas_r6_c6.gif --> uts.cc.utexas.edu /export/httpd/vhosts/texasbeyondhistory/data/kids/images/houses/houses_img texas_r6_c6.gif
2007.05.02 16:09 B V:\TBH Website Temp\kids\images\houses\houses_img\texas_r6_c6_f2.gif --> uts.cc.utexas.edu /export/httpd/vhosts/texasbeyondhistory/data/kids/images/houses/houses_img texas_r6_c6_f2.gif
2007.05.02 16:09 B V:\TBH Website Temp\kids\images\houses\houses_img\texas_r6_c7.gif --> uts.cc.utexas.edu /export/httpd/vhosts/texasbeyondhistory/data/kids/images/houses/houses_img texas_r6_c7.gif
2007.05.02 16:09 B V:\TBH Website Temp\kids\images\houses\houses_img\texas_r7_c10.gif --> uts.cc.utexas.edu /export/httpd/vhosts/texasbeyondhistory/data/kids/images/houses/houses_img texas_r7_c10.gif
2007.05.02 16:09 B V:\TBH Website Temp\kids\images\houses\houses_img\texas_r7_c10_f2.gif --> uts.cc.utexas.edu /export/httpd/vhosts/texasbeyondhistory/data/kids/images/houses/houses_img texas_r7_c10_f2.gif
2007.05.02 16:09 B V:\TBH Website Temp\kids\images\houses\houses_img\texas_r7_c12.gif --> uts.cc.utexas.edu /export/httpd/vhosts/texasbeyondhistory/data/kids/images/houses/houses_img texas_r7_c12.gif
2007.05.02 16:09 B V:\TBH Website Temp\kids\images\houses\houses_img\texas_r7_c9.gif --> uts.cc.utexas.edu /export/httpd/vhosts/texasbeyondhistory/data/kids/images/houses/houses_img texas_r7_c9.gif
2007.05.02 16:09 B V:\TBH Website Temp\kids\images\houses\houses_img\texas_r8_c1.gif --> uts.cc.utexas.edu /export/httpd/vhosts/texasbeyondhistory/data/kids/images/houses/houses_img texas_r8_c1.gif
2007.05.02 16:09 B V:\TBH Website Temp\kids\images\houses\houses_img\texas_r8_c2.gif --> uts.cc.utexas.edu /export/httpd/vhosts/texasbeyondhistory/data/kids/images/houses/houses_img texas_r8_c2.gif
2007.05.02 16:09 B V:\TBH Website Temp\kids\images\houses\houses_img\texas_r8_c2_f2.gif --> uts.cc.utexas.edu /export/httpd/vhosts/texasbeyondhistory/data/kids/images/houses/houses_img texas_r8_c2_f2.gif
2007.05.02 16:09 B V:\TBH Website Temp\kids\images\houses\houses_img\texas_r8_c3.gif --> uts.cc.utexas.edu /export/httpd/vhosts/texasbeyondhistory/data/kids/images/houses/houses_img texas_r8_c3.gif
2007.05.02 16:09 B V:\TBH Website Temp\kids\images\houses\houses_img\texas_r9_c13.gif --> uts.cc.utexas.edu /export/httpd/vhosts/texasbeyondhistory/data/kids/images/houses/houses_img texas_r9_c13.gif
2007.05.02 16:09 B V:\TBH Website Temp\kids\images\houses\houses_img\texas_r9_c6.gif --> uts.cc.utexas.edu /export/httpd/vhosts/texasbeyondhistory/data/kids/images/houses/houses_img texas_r9_c6.gif
2007.05.02 16:09 B V:\TBH Website Temp\kids\images\houses\houses_img\Thumbs.db --> uts.cc.utexas.edu /export/httpd/vhosts/texasbeyondhistory/data/kids/images/houses/houses_img Thumbs.db
