2006.01.12 18:14 B Z:\Website Stuff\TBH Website Temp\jbwhite\blank.html --> uts.cc.utexas.edu /export/httpd/vhosts/texasbeyondhistory/data/protect/jbwhite blank.html
2006.01.12 18:14 B Z:\Website Stuff\TBH Website Temp\jbwhite\contacts.html --> uts.cc.utexas.edu /export/httpd/vhosts/texasbeyondhistory/data/protect/jbwhite contacts.html
2006.01.12 18:14 B Z:\Website Stuff\TBH Website Temp\jbwhite\credits.html --> uts.cc.utexas.edu /export/httpd/vhosts/texasbeyondhistory/data/protect/jbwhite credits.html
2006.01.12 18:14 B Z:\Website Stuff\TBH Website Temp\jbwhite\creditsold.html --> uts.cc.utexas.edu /export/httpd/vhosts/texasbeyondhistory/data/protect/jbwhite creditsold.html
2006.01.12 18:14 B Z:\Website Stuff\TBH Website Temp\jbwhite\dailylife.html --> uts.cc.utexas.edu /export/httpd/vhosts/texasbeyondhistory/data/protect/jbwhite dailylife.html
2006.01.12 18:14 B Z:\Website Stuff\TBH Website Temp\jbwhite\index.html --> uts.cc.utexas.edu /export/httpd/vhosts/texasbeyondhistory/data/protect/jbwhite index.html
2006.01.12 18:14 B Z:\Website Stuff\TBH Website Temp\jbwhite\investigations.html --> uts.cc.utexas.edu /export/httpd/vhosts/texasbeyondhistory/data/protect/jbwhite investigations.html
2006.01.12 18:14 B Z:\Website Stuff\TBH Website Temp\jbwhite\surface.html --> uts.cc.utexas.edu /export/httpd/vhosts/texasbeyondhistory/data/protect/jbwhite surface.html
2006.01.12 18:14 B Z:\Website Stuff\TBH Website Temp\jbwhite\toolmaking.html --> uts.cc.utexas.edu /export/httpd/vhosts/texasbeyondhistory/data/protect/jbwhite toolmaking.html
2006.01.12 18:26 B Z:\Website Stuff\TBH Website Temp\jbwhite\investigations.html --> uts.cc.utexas.edu /export/httpd/vhosts/texasbeyondhistory/data/protect/jbwhite investigations.html
2006.01.12 18:30 B Z:\Website Stuff\TBH Website Temp\jbwhite\WS_FTP.LOG --> uts.cc.utexas.edu /export/httpd/vhosts/texasbeyondhistory/data/protect/jbwhite WS_FTP.LOG
2006.01.12 18:32 B Z:\Website Stuff\TBH Website Temp\jbwhite\index.html --> uts.cc.utexas.edu /export/httpd/vhosts/texasbeyondhistory/data/protect/jbwhite index.html
2006.01.13 09:48 B P:\jbwhite\blank.html --> uts.cc.utexas.edu /export/httpd/vhosts/texasbeyondhistory/data/protect/jbwhite blank.html
2006.01.13 09:48 B P:\jbwhite\contacts.html --> uts.cc.utexas.edu /export/httpd/vhosts/texasbeyondhistory/data/protect/jbwhite contacts.html
2006.01.13 09:48 B P:\jbwhite\credits.html --> uts.cc.utexas.edu /export/httpd/vhosts/texasbeyondhistory/data/protect/jbwhite credits.html
2006.01.13 09:48 B P:\jbwhite\creditsold.html --> uts.cc.utexas.edu /export/httpd/vhosts/texasbeyondhistory/data/protect/jbwhite creditsold.html
2006.01.13 09:48 B P:\jbwhite\dailylife.html --> uts.cc.utexas.edu /export/httpd/vhosts/texasbeyondhistory/data/protect/jbwhite dailylife.html
2006.01.13 09:48 B P:\jbwhite\index.html --> uts.cc.utexas.edu /export/httpd/vhosts/texasbeyondhistory/data/protect/jbwhite index.html
2006.01.13 09:48 B P:\jbwhite\investigations.html --> uts.cc.utexas.edu /export/httpd/vhosts/texasbeyondhistory/data/protect/jbwhite investigations.html
2006.01.13 09:48 B P:\jbwhite\surface.html --> uts.cc.utexas.edu /export/httpd/vhosts/texasbeyondhistory/data/protect/jbwhite surface.html
2006.01.13 09:48 B P:\jbwhite\toolmaking.html --> uts.cc.utexas.edu /export/httpd/vhosts/texasbeyondhistory/data/protect/jbwhite toolmaking.html
2006.01.13 09:48 B P:\jbwhite\WS_FTP.LOG --> uts.cc.utexas.edu /export/httpd/vhosts/texasbeyondhistory/data/protect/jbwhite WS_FTP.LOG
2006.01.13 11:00 B Z:\Website Stuff\TBH Website Temp\jbwhite\investigations.html --> uts.cc.utexas.edu /export/httpd/vhosts/texasbeyondhistory/data/protect/jbwhite investigations.html
2006.01.13 11:00 B Z:\Website Stuff\TBH Website Temp\jbwhite\dailylife.html --> uts.cc.utexas.edu /export/httpd/vhosts/texasbeyondhistory/data/protect/jbwhite dailylife.html
2006.01.13 11:00 B Z:\Website Stuff\TBH Website Temp\jbwhite\credits.html --> uts.cc.utexas.edu /export/httpd/vhosts/texasbeyondhistory/data/protect/jbwhite credits.html
2006.02.02 09:59 B P:\jbwhite\investigations.html --> uts.cc.utexas.edu /export/httpd/vhosts/texasbeyondhistory/data/jbwhite investigations.html
2006.02.02 09:59 B P:\jbwhite\index.html --> uts.cc.utexas.edu /export/httpd/vhosts/texasbeyondhistory/data/jbwhite index.html
2006.02.02 09:59 B P:\jbwhite\toolmaking.html --> uts.cc.utexas.edu /export/httpd/vhosts/texasbeyondhistory/data/jbwhite toolmaking.html
2006.02.02 09:59 B P:\jbwhite\contacts.html --> uts.cc.utexas.edu /export/httpd/vhosts/texasbeyondhistory/data/jbwhite contacts.html
2006.02.02 09:59 B P:\jbwhite\dailylife.html --> uts.cc.utexas.edu /export/httpd/vhosts/texasbeyondhistory/data/jbwhite dailylife.html
2006.02.02 09:59 B P:\jbwhite\credits.html --> uts.cc.utexas.edu /export/httpd/vhosts/texasbeyondhistory/data/jbwhite credits.html
2006.02.02 09:59 B P:\jbwhite\surface.html --> uts.cc.utexas.edu /export/httpd/vhosts/texasbeyondhistory/data/jbwhite surface.html
