2006.06.26 12:15 B V:\TBH Website Temp\st-plains\teach\images\devaca.jpg --> uts.cc.utexas.edu /export/httpd/vhosts/texasbeyondhistory/data/protect/st-plains/teach/images devaca.jpg
2006.06.26 12:15 B V:\TBH Website Temp\st-plains\teach\images\lomasandiapipe.jpg --> uts.cc.utexas.edu /export/httpd/vhosts/texasbeyondhistory/data/protect/st-plains/teach/images lomasandiapipe.jpg
2006.06.26 12:15 B V:\TBH Website Temp\st-plains\teach\images\rbeenestrat.jpg --> uts.cc.utexas.edu /export/httpd/vhosts/texasbeyondhistory/data/protect/st-plains/teach/images rbeenestrat.jpg
2006.06.26 12:20 B V:\TBH Website Temp\st-plains\teach\images\Thumbs.db --> uts.cc.utexas.edu /export/httpd/vhosts/texasbeyondhistory/data/protect/st-plains/teach/images Thumbs.db
2006.06.26 12:20 B V:\TBH Website Temp\st-plains\teach\images\WS_FTP.LOG --> uts.cc.utexas.edu /export/httpd/vhosts/texasbeyondhistory/data/protect/st-plains/teach/images WS_FTP.LOG
2006.09.12 11:32 B L:\TBH Website Temp\st-plains\teach\images\richardbeenelesson.html --> uts.cc.utexas.edu /export/httpd/vhosts/texasbeyondhistory/data/protect/st-plains/teach/images richardbeenelesson.html
2006.09.12 11:32 B L:\TBH Website Temp\st-plains\teach\images\richardbeene.html --> uts.cc.utexas.edu /export/httpd/vhosts/texasbeyondhistory/data/protect/st-plains/teach/images richardbeene.html
2006.09.12 11:32 B L:\TBH Website Temp\st-plains\teach\images\devacalesson.html --> uts.cc.utexas.edu /export/httpd/vhosts/texasbeyondhistory/data/protect/st-plains/teach/images devacalesson.html
2006.09.12 11:32 B L:\TBH Website Temp\st-plains\teach\images\devaca.html --> uts.cc.utexas.edu /export/httpd/vhosts/texasbeyondhistory/data/protect/st-plains/teach/images devaca.html
2006.09.12 11:32 B L:\TBH Website Temp\st-plains\teach\images\stonesandboneslesson.html --> uts.cc.utexas.edu /export/httpd/vhosts/texasbeyondhistory/data/protect/st-plains/teach/images stonesandboneslesson.html
2006.09.12 11:32 B L:\TBH Website Temp\st-plains\teach\images\stonesandbones.html --> uts.cc.utexas.edu /export/httpd/vhosts/texasbeyondhistory/data/protect/st-plains/teach/images stonesandbones.html
2006.09.12 11:32 B L:\TBH Website Temp\st-plains\teach\images\Thumbs.db --> uts.cc.utexas.edu /export/httpd/vhosts/texasbeyondhistory/data/protect/st-plains/teach/images Thumbs.db
2006.09.12 11:32 B L:\TBH Website Temp\st-plains\teach\images\devacareadings8-06.pdf --> uts.cc.utexas.edu /export/httpd/vhosts/texasbeyondhistory/data/protect/st-plains/teach/images devacareadings8-06.pdf
2006.09.12 11:32 B L:\TBH Website Temp\st-plains\teach\images\devacaalltogether8-06.pdf --> uts.cc.utexas.edu /export/httpd/vhosts/texasbeyondhistory/data/protect/st-plains/teach/images devacaalltogether8-06.pdf
2006.09.12 11:32 B L:\TBH Website Temp\st-plains\teach\images\rbeene-alltogether.pdf --> uts.cc.utexas.edu /export/httpd/vhosts/texasbeyondhistory/data/protect/st-plains/teach/images rbeene-alltogether.pdf
2006.09.12 11:32 B L:\TBH Website Temp\st-plains\teach\images\rbeene-studenthandouts.pdf --> uts.cc.utexas.edu /export/httpd/vhosts/texasbeyondhistory/data/protect/st-plains/teach/images rbeene-studenthandouts.pdf
2006.09.12 11:32 B L:\TBH Website Temp\st-plains\teach\images\stonesbones-all together.pdf --> uts.cc.utexas.edu /export/httpd/vhosts/texasbeyondhistory/data/protect/st-plains/teach/images stonesbones-all together.pdf
2006.09.12 11:32 B L:\TBH Website Temp\st-plains\teach\images\stonesbones-studenthandout.pdf --> uts.cc.utexas.edu /export/httpd/vhosts/texasbeyondhistory/data/protect/st-plains/teach/images stonesbones-studenthandout.pdf
2006.09.12 11:32 B L:\TBH Website Temp\st-plains\teach\images\stonesbones-answerkey.pdf --> uts.cc.utexas.edu /export/httpd/vhosts/texasbeyondhistory/data/protect/st-plains/teach/images stonesbones-answerkey.pdf
2006.09.12 11:32 B L:\TBH Website Temp\st-plains\teach\images\stonesbones-sandiapipehandout.pdf --> uts.cc.utexas.edu /export/httpd/vhosts/texasbeyondhistory/data/protect/st-plains/teach/images stonesbones-sandiapipehandout.pdf
2006.09.12 11:32 B L:\TBH Website Temp\st-plains\teach\images\stonesbones-pipetranspar.pdf --> uts.cc.utexas.edu /export/httpd/vhosts/texasbeyondhistory/data/protect/st-plains/teach/images stonesbones-pipetranspar.pdf
2006.09.17 20:10 B L:\TBH Website Temp\st-plains\teach\images\WS_FTP.LOG --> uts.cc.utexas.edu /export/httpd/vhosts/texasbeyondhistory/data/st-plains/teach/images WS_FTP.LOG
2006.09.17 20:10 B L:\TBH Website Temp\st-plains\teach\images\richardbeenelesson.html --> uts.cc.utexas.edu /export/httpd/vhosts/texasbeyondhistory/data/st-plains/teach/images richardbeenelesson.html
2006.09.17 20:10 B L:\TBH Website Temp\st-plains\teach\images\richardbeene.html --> uts.cc.utexas.edu /export/httpd/vhosts/texasbeyondhistory/data/st-plains/teach/images richardbeene.html
2006.09.17 20:10 B L:\TBH Website Temp\st-plains\teach\images\devacalesson.html --> uts.cc.utexas.edu /export/httpd/vhosts/texasbeyondhistory/data/st-plains/teach/images devacalesson.html
2006.09.17 20:10 B L:\TBH Website Temp\st-plains\teach\images\devaca.html --> uts.cc.utexas.edu /export/httpd/vhosts/texasbeyondhistory/data/st-plains/teach/images devaca.html
2006.09.17 20:10 B L:\TBH Website Temp\st-plains\teach\images\stonesandboneslesson.html --> uts.cc.utexas.edu /export/httpd/vhosts/texasbeyondhistory/data/st-plains/teach/images stonesandboneslesson.html
2006.09.17 20:10 B L:\TBH Website Temp\st-plains\teach\images\stonesandbones.html --> uts.cc.utexas.edu /export/httpd/vhosts/texasbeyondhistory/data/st-plains/teach/images stonesandbones.html
2006.09.17 20:10 B L:\TBH Website Temp\st-plains\teach\images\Thumbs.db --> uts.cc.utexas.edu /export/httpd/vhosts/texasbeyondhistory/data/st-plains/teach/images Thumbs.db
2006.09.17 20:10 B L:\TBH Website Temp\st-plains\teach\images\devacareadings8-06.pdf --> uts.cc.utexas.edu /export/httpd/vhosts/texasbeyondhistory/data/st-plains/teach/images devacareadings8-06.pdf
2006.09.17 20:10 B L:\TBH Website Temp\st-plains\teach\images\devacaalltogether8-06.pdf --> uts.cc.utexas.edu /export/httpd/vhosts/texasbeyondhistory/data/st-plains/teach/images devacaalltogether8-06.pdf
2006.09.17 20:10 B L:\TBH Website Temp\st-plains\teach\images\rbeene-alltogether.pdf --> uts.cc.utexas.edu /export/httpd/vhosts/texasbeyondhistory/data/st-plains/teach/images rbeene-alltogether.pdf
2006.09.17 20:10 B L:\TBH Website Temp\st-plains\teach\images\devaca.jpg --> uts.cc.utexas.edu /export/httpd/vhosts/texasbeyondhistory/data/st-plains/teach/images devaca.jpg
2006.09.17 20:10 B L:\TBH Website Temp\st-plains\teach\images\rbeenestrat.jpg --> uts.cc.utexas.edu /export/httpd/vhosts/texasbeyondhistory/data/st-plains/teach/images rbeenestrat.jpg
2006.09.17 20:10 B L:\TBH Website Temp\st-plains\teach\images\lomasandiapipe.jpg --> uts.cc.utexas.edu /export/httpd/vhosts/texasbeyondhistory/data/st-plains/teach/images lomasandiapipe.jpg
2006.09.17 20:10 B L:\TBH Website Temp\st-plains\teach\images\rbeene-studenthandouts.pdf --> uts.cc.utexas.edu /export/httpd/vhosts/texasbeyondhistory/data/st-plains/teach/images rbeene-studenthandouts.pdf
2006.09.17 20:10 B L:\TBH Website Temp\st-plains\teach\images\stonesbones-all together.pdf --> uts.cc.utexas.edu /export/httpd/vhosts/texasbeyondhistory/data/st-plains/teach/images stonesbones-all together.pdf
2006.09.17 20:10 B L:\TBH Website Temp\st-plains\teach\images\stonesbones-studenthandout.pdf --> uts.cc.utexas.edu /export/httpd/vhosts/texasbeyondhistory/data/st-plains/teach/images stonesbones-studenthandout.pdf
2006.09.17 20:10 B L:\TBH Website Temp\st-plains\teach\images\stonesbones-answerkey.pdf --> uts.cc.utexas.edu /export/httpd/vhosts/texasbeyondhistory/data/st-plains/teach/images stonesbones-answerkey.pdf
2006.09.17 20:10 B L:\TBH Website Temp\st-plains\teach\images\stonesbones-sandiapipehandout.pdf --> uts.cc.utexas.edu /export/httpd/vhosts/texasbeyondhistory/data/st-plains/teach/images stonesbones-sandiapipehandout.pdf
2006.09.17 20:10 B L:\TBH Website Temp\st-plains\teach\images\stonesbones-pipetranspar.pdf --> uts.cc.utexas.edu /export/httpd/vhosts/texasbeyondhistory/data/st-plains/teach/images stonesbones-pipetranspar.pdf
2006.09.19 21:02 B L:\TBH Website Temp\st-plains\teach\images\WS_FTP.LOG --> uts.cc.utexas.edu /export/httpd/vhosts/texasbeyondhistory/data/st-plains/teach/images WS_FTP.LOG
2006.09.20 15:38 B L:\TBH Website Temp\st-plains\teach\images\WS_FTP.LOG --> uts.cc.utexas.edu /export/httpd/vhosts/texasbeyondhistory/data/st-plains/teach/images WS_FTP.LOG
