2003.07.15 21:12 B K:\TBH Website Temp\tejas\fundamentals\bones.html --> uts.cc.utexas.edu /export/httpd/vhosts/texasbeyondhistory/data/fundamentals bones.html
2003.07.15 21:12 B K:\TBH Website Temp\tejas\fundamentals\homeland.html --> uts.cc.utexas.edu /export/httpd/vhosts/texasbeyondhistory/data/fundamentals homeland.html
2003.07.15 21:12 B K:\TBH Website Temp\tejas\fundamentals\index.html --> uts.cc.utexas.edu /export/httpd/vhosts/texasbeyondhistory/data/fundamentals index.html
2003.07.15 21:12 B K:\TBH Website Temp\tejas\fundamentals\languages.html --> uts.cc.utexas.edu /export/httpd/vhosts/texasbeyondhistory/data/fundamentals languages.html
2003.07.15 21:12 B K:\TBH Website Temp\tejas\fundamentals\learning.html --> uts.cc.utexas.edu /export/httpd/vhosts/texasbeyondhistory/data/fundamentals learning.html
2003.07.15 21:12 B K:\TBH Website Temp\tejas\fundamentals\life.html --> uts.cc.utexas.edu /export/httpd/vhosts/texasbeyondhistory/data/fundamentals life.html
2003.07.15 21:12 B K:\TBH Website Temp\tejas\fundamentals\miss.html --> uts.cc.utexas.edu /export/httpd/vhosts/texasbeyondhistory/data/fundamentals miss.html
2003.07.15 21:12 B K:\TBH Website Temp\tejas\fundamentals\spiro.html --> uts.cc.utexas.edu /export/httpd/vhosts/texasbeyondhistory/data/fundamentals spiro.html
2003.07.15 21:12 B K:\TBH Website Temp\tejas\fundamentals\timeline.html --> uts.cc.utexas.edu /export/httpd/vhosts/texasbeyondhistory/data/fundamentals timeline.html
2003.07.15 21:12 B K:\TBH Website Temp\tejas\fundamentals\who.html --> uts.cc.utexas.edu /export/httpd/vhosts/texasbeyondhistory/data/fundamentals who.html
2003.07.16 16:04 B K:\TBH Website Temp\tejas\fundamentals\bones.html --> uts.cc.utexas.edu /export/httpd/vhosts/texasbeyondhistory/data/tejas/fundamentals bones.html
2003.07.16 16:04 B K:\TBH Website Temp\tejas\fundamentals\learning.html --> uts.cc.utexas.edu /export/httpd/vhosts/texasbeyondhistory/data/tejas/fundamentals learning.html
2003.07.18 08:32 B K:\TBH Website Temp\tejas\fundamentals\index.html --> uts.cc.utexas.edu /export/httpd/vhosts/texasbeyondhistory/data/tejas/fundamentals index.html
2003.07.24 10:15 B K:\TBH Website Temp\tejas\fundamentals\who.html --> uts.cc.utexas.edu /export/httpd/vhosts/texasbeyondhistory/data/tejas/fundamentals who.html
2003.07.24 10:15 B K:\TBH Website Temp\tejas\fundamentals\timeline.html --> uts.cc.utexas.edu /export/httpd/vhosts/texasbeyondhistory/data/tejas/fundamentals timeline.html
2003.07.24 10:15 B K:\TBH Website Temp\tejas\fundamentals\spiro.html --> uts.cc.utexas.edu /export/httpd/vhosts/texasbeyondhistory/data/tejas/fundamentals spiro.html
2003.07.24 10:15 B K:\TBH Website Temp\tejas\fundamentals\miss.html --> uts.cc.utexas.edu /export/httpd/vhosts/texasbeyondhistory/data/tejas/fundamentals miss.html
2003.07.24 10:15 B K:\TBH Website Temp\tejas\fundamentals\life.html --> uts.cc.utexas.edu /export/httpd/vhosts/texasbeyondhistory/data/tejas/fundamentals life.html
2003.07.24 10:15 B K:\TBH Website Temp\tejas\fundamentals\learning.html --> uts.cc.utexas.edu /export/httpd/vhosts/texasbeyondhistory/data/tejas/fundamentals learning.html
2003.07.24 10:15 B K:\TBH Website Temp\tejas\fundamentals\languages.html --> uts.cc.utexas.edu /export/httpd/vhosts/texasbeyondhistory/data/tejas/fundamentals languages.html
2003.07.24 10:15 B K:\TBH Website Temp\tejas\fundamentals\index.html --> uts.cc.utexas.edu /export/httpd/vhosts/texasbeyondhistory/data/tejas/fundamentals index.html
2003.07.24 10:15 B K:\TBH Website Temp\tejas\fundamentals\homeland.html --> uts.cc.utexas.edu /export/httpd/vhosts/texasbeyondhistory/data/tejas/fundamentals homeland.html
2003.07.24 10:15 B K:\TBH Website Temp\tejas\fundamentals\graves.html --> uts.cc.utexas.edu /export/httpd/vhosts/texasbeyondhistory/data/tejas/fundamentals graves.html
2003.08.06 09:07 B K:\TBH Website Temp\tejas\fundamentals\who.html --> uts.cc.utexas.edu /export/httpd/vhosts/texasbeyondhistory/data/tejas/fundamentals who.html
2003.08.06 09:07 B K:\TBH Website Temp\tejas\fundamentals\timeline.html --> uts.cc.utexas.edu /export/httpd/vhosts/texasbeyondhistory/data/tejas/fundamentals timeline.html
2003.08.06 09:07 B K:\TBH Website Temp\tejas\fundamentals\spiro.html --> uts.cc.utexas.edu /export/httpd/vhosts/texasbeyondhistory/data/tejas/fundamentals spiro.html
2003.08.06 09:07 B K:\TBH Website Temp\tejas\fundamentals\miss.html --> uts.cc.utexas.edu /export/httpd/vhosts/texasbeyondhistory/data/tejas/fundamentals miss.html
2003.08.06 09:07 B K:\TBH Website Temp\tejas\fundamentals\life.html --> uts.cc.utexas.edu /export/httpd/vhosts/texasbeyondhistory/data/tejas/fundamentals life.html
2003.08.06 09:07 B K:\TBH Website Temp\tejas\fundamentals\learning.html --> uts.cc.utexas.edu /export/httpd/vhosts/texasbeyondhistory/data/tejas/fundamentals learning.html
2003.08.06 09:07 B K:\TBH Website Temp\tejas\fundamentals\languages.html --> uts.cc.utexas.edu /export/httpd/vhosts/texasbeyondhistory/data/tejas/fundamentals languages.html
2003.08.06 09:07 B K:\TBH Website Temp\tejas\fundamentals\index.html --> uts.cc.utexas.edu /export/httpd/vhosts/texasbeyondhistory/data/tejas/fundamentals index.html
2003.08.06 09:07 B K:\TBH Website Temp\tejas\fundamentals\homeland.html --> uts.cc.utexas.edu /export/httpd/vhosts/texasbeyondhistory/data/tejas/fundamentals homeland.html
2003.08.06 09:07 B K:\TBH Website Temp\tejas\fundamentals\graves.html --> uts.cc.utexas.edu /export/httpd/vhosts/texasbeyondhistory/data/tejas/fundamentals graves.html
2003.08.06 09:07 B K:\TBH Website Temp\tejas\fundamentals\credits.html --> uts.cc.utexas.edu /export/httpd/vhosts/texasbeyondhistory/data/tejas/fundamentals credits.html
2003.08.14 11:45 B K:\TBH Website Temp\tejas\fundamentals\timeline.html --> uts.cc.utexas.edu /export/httpd/vhosts/texasbeyondhistory/data/tejas/fundamentals timeline.html
2003.08.14 11:45 B K:\TBH Website Temp\tejas\fundamentals\spiro.html --> uts.cc.utexas.edu /export/httpd/vhosts/texasbeyondhistory/data/tejas/fundamentals spiro.html
2003.08.14 11:45 B K:\TBH Website Temp\tejas\fundamentals\miss.html --> uts.cc.utexas.edu /export/httpd/vhosts/texasbeyondhistory/data/tejas/fundamentals miss.html
2003.08.14 11:45 B K:\TBH Website Temp\tejas\fundamentals\graves.html --> uts.cc.utexas.edu /export/httpd/vhosts/texasbeyondhistory/data/tejas/fundamentals graves.html
2003.08.14 11:45 B K:\TBH Website Temp\tejas\fundamentals\life.html --> uts.cc.utexas.edu /export/httpd/vhosts/texasbeyondhistory/data/tejas/fundamentals life.html
2003.08.14 11:45 B K:\TBH Website Temp\tejas\fundamentals\learning.html --> uts.cc.utexas.edu /export/httpd/vhosts/texasbeyondhistory/data/tejas/fundamentals learning.html
2003.08.14 11:45 B K:\TBH Website Temp\tejas\fundamentals\languages.html --> uts.cc.utexas.edu /export/httpd/vhosts/texasbeyondhistory/data/tejas/fundamentals languages.html
2003.08.14 11:45 B K:\TBH Website Temp\tejas\fundamentals\homeland.html --> uts.cc.utexas.edu /export/httpd/vhosts/texasbeyondhistory/data/tejas/fundamentals homeland.html
2003.08.14 11:45 B K:\TBH Website Temp\tejas\fundamentals\credits.html --> uts.cc.utexas.edu /export/httpd/vhosts/texasbeyondhistory/data/tejas/fundamentals credits.html
2003.08.14 11:45 B K:\TBH Website Temp\tejas\fundamentals\who.html --> uts.cc.utexas.edu /export/httpd/vhosts/texasbeyondhistory/data/tejas/fundamentals who.html
2003.08.14 11:45 B K:\TBH Website Temp\tejas\fundamentals\index.html --> uts.cc.utexas.edu /export/httpd/vhosts/texasbeyondhistory/data/tejas/fundamentals index.html
2003.08.15 15:29 B K:\TBH Website Temp\tejas\fundamentals\graves.html --> uts.cc.utexas.edu /export/httpd/vhosts/texasbeyondhistory/data/tejas/fundamentals graves.html
2003.08.15 15:29 B K:\TBH Website Temp\tejas\fundamentals\learning.html --> uts.cc.utexas.edu /export/httpd/vhosts/texasbeyondhistory/data/tejas/fundamentals learning.html
2003.08.15 15:29 B K:\TBH Website Temp\tejas\fundamentals\life.html --> uts.cc.utexas.edu /export/httpd/vhosts/texasbeyondhistory/data/tejas/fundamentals life.html
2003.08.15 15:29 B K:\TBH Website Temp\tejas\fundamentals\homeland.html --> uts.cc.utexas.edu /export/httpd/vhosts/texasbeyondhistory/data/tejas/fundamentals homeland.html
2003.08.17 18:28 B K:\TBH Website Temp\tejas\fundamentals\credits.html --> uts.cc.utexas.edu /export/httpd/vhosts/texasbeyondhistory/data/tejas/fundamentals credits.html
2003.08.17 18:28 B K:\TBH Website Temp\tejas\fundamentals\learning.html --> uts.cc.utexas.edu /export/httpd/vhosts/texasbeyondhistory/data/tejas/fundamentals learning.html
2003.08.17 18:28 B K:\TBH Website Temp\tejas\fundamentals\homeland.html --> uts.cc.utexas.edu /export/httpd/vhosts/texasbeyondhistory/data/tejas/fundamentals homeland.html
2003.08.17 18:28 B K:\TBH Website Temp\tejas\fundamentals\who.html --> uts.cc.utexas.edu /export/httpd/vhosts/texasbeyondhistory/data/tejas/fundamentals who.html
2003.08.17 18:38 B K:\TBH Website Temp\tejas\fundamentals\credits.html --> uts.cc.utexas.edu /export/httpd/vhosts/texasbeyondhistory/data/tejas/fundamentals credits.html
2003.08.17 18:38 B K:\TBH Website Temp\tejas\fundamentals\who.html --> uts.cc.utexas.edu /export/httpd/vhosts/texasbeyondhistory/data/tejas/fundamentals who.html
2003.08.17 20:36 B K:\TBH Website Temp\tejas\fundamentals\learning.html --> uts.cc.utexas.edu /export/httpd/vhosts/texasbeyondhistory/data/tejas/fundamentals learning.html
2003.08.17 20:36 B K:\TBH Website Temp\tejas\fundamentals\life.html --> uts.cc.utexas.edu /export/httpd/vhosts/texasbeyondhistory/data/tejas/fundamentals life.html
2003.08.17 20:36 B K:\TBH Website Temp\tejas\fundamentals\spiro.html --> uts.cc.utexas.edu /export/httpd/vhosts/texasbeyondhistory/data/tejas/fundamentals spiro.html
2003.08.17 20:36 B K:\TBH Website Temp\tejas\fundamentals\homeland.html --> uts.cc.utexas.edu /export/httpd/vhosts/texasbeyondhistory/data/tejas/fundamentals homeland.html
2003.08.17 20:36 B K:\TBH Website Temp\tejas\fundamentals\timeline.html --> uts.cc.utexas.edu /export/httpd/vhosts/texasbeyondhistory/data/tejas/fundamentals timeline.html
2003.08.17 20:37 B K:\TBH Website Temp\tejas\fundamentals\languages.html --> uts.cc.utexas.edu /export/httpd/vhosts/texasbeyondhistory/data/tejas/fundamentals languages.html
2003.08.19 09:20 B K:\TBH Website Temp\tejas\fundamentals\graves.html --> uts.cc.utexas.edu /export/httpd/vhosts/texasbeyondhistory/data/tejas/fundamentals graves.html
2003.08.19 09:21 B K:\TBH Website Temp\tejas\fundamentals\who.html --> uts.cc.utexas.edu /export/httpd/vhosts/texasbeyondhistory/data/tejas/fundamentals who.html
2003.08.19 18:48 B K:\TBH Website Temp\tejas\fundamentals\who.html --> uts.cc.utexas.edu /export/httpd/vhosts/texasbeyondhistory/data/tejas/fundamentals who.html
2003.09.17 10:12 B K:\TBH Website Temp\tejas\fundamentals\graves.html --> uts.cc.utexas.edu /export/httpd/vhosts/texasbeyondhistory/data/tejas/fundamentals graves.html
2003.12.01 16:06 B G:\Website Stuff\TBH Website Temp\tejas\fundamentals\index.html --> uts.cc.utexas.edu /export/httpd/vhosts/texasbeyondhistory/data/tejas/fundamentals index.html
2003.12.01 16:06 B G:\Website Stuff\TBH Website Temp\tejas\fundamentals\homeland.html --> uts.cc.utexas.edu /export/httpd/vhosts/texasbeyondhistory/data/tejas/fundamentals homeland.html
2003.12.01 16:06 B G:\Website Stuff\TBH Website Temp\tejas\fundamentals\graves.html --> uts.cc.utexas.edu /export/httpd/vhosts/texasbeyondhistory/data/tejas/fundamentals graves.html
2004.03.16 10:09 B K:\TBH Website Temp\tejas\fundamentals\miss.html --> uts.cc.utexas.edu /export/httpd/vhosts/texasbeyondhistory/data/tejas/fundamentals miss.html
2004.09.03 15:21 B K:\TBH Website Temp\tejas\fundamentals\credits.html --> uts.cc.utexas.edu /export/httpd/vhosts/texasbeyondhistory/data/tejas/fundamentals credits.html
2005.02.15 10:55 B L:\TBH Website Temp\tejas\fundamentals\credits.html --> uts.cc.utexas.edu /export/httpd/vhosts/texasbeyondhistory/data credits.html
2005.02.15 10:56 B L:\TBH Website Temp\tejas\fundamentals\credits.html --> uts.cc.utexas.edu /export/httpd/vhosts/texasbeyondhistory/data/tejas/fundamentals credits.html
2005.02.23 09:59 B L:\TBH Website Temp\tejas\fundamentals\credits.html --> uts.cc.utexas.edu /export/httpd/vhosts/texasbeyondhistory/data/tejas/fundamentals credits.html
2005.04.04 13:42 B L:\TBH Website Temp\tejas\fundamentals\bones-old.html --> uts.cc.utexas.edu /export/httpd/vhosts/texasbeyondhistory/data/tejas/fundamentals bones-old.html
2005.04.04 13:42 B L:\TBH Website Temp\tejas\fundamentals\bones.html --> uts.cc.utexas.edu /export/httpd/vhosts/texasbeyondhistory/data/tejas/fundamentals bones.html
2005.04.04 13:42 B L:\TBH Website Temp\tejas\fundamentals\credits.html --> uts.cc.utexas.edu /export/httpd/vhosts/texasbeyondhistory/data/tejas/fundamentals credits.html
2005.04.04 13:42 B L:\TBH Website Temp\tejas\fundamentals\graves.html --> uts.cc.utexas.edu /export/httpd/vhosts/texasbeyondhistory/data/tejas/fundamentals graves.html
2005.04.04 13:42 B L:\TBH Website Temp\tejas\fundamentals\homeland.html --> uts.cc.utexas.edu /export/httpd/vhosts/texasbeyondhistory/data/tejas/fundamentals homeland.html
2005.04.04 13:42 B L:\TBH Website Temp\tejas\fundamentals\index.html --> uts.cc.utexas.edu /export/httpd/vhosts/texasbeyondhistory/data/tejas/fundamentals index.html
2005.04.04 13:42 B L:\TBH Website Temp\tejas\fundamentals\languages.html --> uts.cc.utexas.edu /export/httpd/vhosts/texasbeyondhistory/data/tejas/fundamentals languages.html
2005.04.04 13:42 B L:\TBH Website Temp\tejas\fundamentals\learning.html --> uts.cc.utexas.edu /export/httpd/vhosts/texasbeyondhistory/data/tejas/fundamentals learning.html
2005.04.04 13:43 B L:\TBH Website Temp\tejas\fundamentals\life.html --> uts.cc.utexas.edu /export/httpd/vhosts/texasbeyondhistory/data/tejas/fundamentals life.html
2005.04.04 13:43 B L:\TBH Website Temp\tejas\fundamentals\miss.html --> uts.cc.utexas.edu /export/httpd/vhosts/texasbeyondhistory/data/tejas/fundamentals miss.html
2005.04.04 13:43 B L:\TBH Website Temp\tejas\fundamentals\spiro.html --> uts.cc.utexas.edu /export/httpd/vhosts/texasbeyondhistory/data/tejas/fundamentals spiro.html
2005.04.04 13:43 B L:\TBH Website Temp\tejas\fundamentals\timeline.html --> uts.cc.utexas.edu /export/httpd/vhosts/texasbeyondhistory/data/tejas/fundamentals timeline.html
2005.04.04 13:43 B L:\TBH Website Temp\tejas\fundamentals\who.html --> uts.cc.utexas.edu /export/httpd/vhosts/texasbeyondhistory/data/tejas/fundamentals who.html
2005.04.05 14:35 B L:\TBH Website Temp\tejas\fundamentals\credits.html --> uts.cc.utexas.edu /export/httpd/vhosts/texasbeyondhistory/data/tejas/fundamentals credits.html
2005.04.05 14:35 B L:\TBH Website Temp\tejas\fundamentals\graves.html --> uts.cc.utexas.edu /export/httpd/vhosts/texasbeyondhistory/data/tejas/fundamentals graves.html
