2003.07.18 13:35 B K:\TBH Website Temp\tejas\clay\galleries\images\agalleryshot.jpg --> uts.cc.utexas.edu /export/httpd/vhosts/texasbeyondhistory/data/tejas/clay/galleries/images agalleryshot.jpg
2003.07.18 13:35 B K:\TBH Website Temp\tejas\clay\galleries\images\ancient1-lg.html --> uts.cc.utexas.edu /export/httpd/vhosts/texasbeyondhistory/data/tejas/clay/galleries/images ancient1-lg.html
2003.07.18 13:35 B K:\TBH Website Temp\tejas\clay\galleries\images\ancient1-lg.jpg --> uts.cc.utexas.edu /export/httpd/vhosts/texasbeyondhistory/data/tejas/clay/galleries/images ancient1-lg.jpg
2003.07.18 13:35 B K:\TBH Website Temp\tejas\clay\galleries\images\ancient1-sm.jpg --> uts.cc.utexas.edu /export/httpd/vhosts/texasbeyondhistory/data/tejas/clay/galleries/images ancient1-sm.jpg
2003.07.18 13:35 B K:\TBH Website Temp\tejas\clay\galleries\images\ancient1.html --> uts.cc.utexas.edu /export/httpd/vhosts/texasbeyondhistory/data/tejas/clay/galleries/images ancient1.html
2003.07.18 13:35 B K:\TBH Website Temp\tejas\clay\galleries\images\ancient1.mov --> uts.cc.utexas.edu /export/httpd/vhosts/texasbeyondhistory/data/tejas/clay/galleries/images ancient1.mov
2003.07.18 13:35 B K:\TBH Website Temp\tejas\clay\galleries\images\ancient10-lg.html --> uts.cc.utexas.edu /export/httpd/vhosts/texasbeyondhistory/data/tejas/clay/galleries/images ancient10-lg.html
2003.07.18 13:35 B K:\TBH Website Temp\tejas\clay\galleries\images\ancient10-lg.jpg --> uts.cc.utexas.edu /export/httpd/vhosts/texasbeyondhistory/data/tejas/clay/galleries/images ancient10-lg.jpg
2003.07.18 13:35 B K:\TBH Website Temp\tejas\clay\galleries\images\ancient10-sm.jpg --> uts.cc.utexas.edu /export/httpd/vhosts/texasbeyondhistory/data/tejas/clay/galleries/images ancient10-sm.jpg
2003.07.18 13:35 B K:\TBH Website Temp\tejas\clay\galleries\images\ancient10.html --> uts.cc.utexas.edu /export/httpd/vhosts/texasbeyondhistory/data/tejas/clay/galleries/images ancient10.html
2003.07.18 13:35 B K:\TBH Website Temp\tejas\clay\galleries\images\ancient10.mov --> uts.cc.utexas.edu /export/httpd/vhosts/texasbeyondhistory/data/tejas/clay/galleries/images ancient10.mov
2003.07.18 13:35 B K:\TBH Website Temp\tejas\clay\galleries\images\ancient11-lg.html --> uts.cc.utexas.edu /export/httpd/vhosts/texasbeyondhistory/data/tejas/clay/galleries/images ancient11-lg.html
2003.07.18 13:35 B K:\TBH Website Temp\tejas\clay\galleries\images\ancient11-lg.jpg --> uts.cc.utexas.edu /export/httpd/vhosts/texasbeyondhistory/data/tejas/clay/galleries/images ancient11-lg.jpg
2003.07.18 13:35 B K:\TBH Website Temp\tejas\clay\galleries\images\ancient11-sm.jpg --> uts.cc.utexas.edu /export/httpd/vhosts/texasbeyondhistory/data/tejas/clay/galleries/images ancient11-sm.jpg
2003.07.18 13:35 B K:\TBH Website Temp\tejas\clay\galleries\images\ancient11.html --> uts.cc.utexas.edu /export/httpd/vhosts/texasbeyondhistory/data/tejas/clay/galleries/images ancient11.html
2003.07.18 13:35 B K:\TBH Website Temp\tejas\clay\galleries\images\ancient11.mov --> uts.cc.utexas.edu /export/httpd/vhosts/texasbeyondhistory/data/tejas/clay/galleries/images ancient11.mov
2003.07.18 13:35 B K:\TBH Website Temp\tejas\clay\galleries\images\ancient12-lg.html --> uts.cc.utexas.edu /export/httpd/vhosts/texasbeyondhistory/data/tejas/clay/galleries/images ancient12-lg.html
2003.07.18 13:35 B K:\TBH Website Temp\tejas\clay\galleries\images\ancient12-lg.jpg --> uts.cc.utexas.edu /export/httpd/vhosts/texasbeyondhistory/data/tejas/clay/galleries/images ancient12-lg.jpg
2003.07.18 13:35 B K:\TBH Website Temp\tejas\clay\galleries\images\ancient12-sm.jpg --> uts.cc.utexas.edu /export/httpd/vhosts/texasbeyondhistory/data/tejas/clay/galleries/images ancient12-sm.jpg
2003.07.18 13:35 B K:\TBH Website Temp\tejas\clay\galleries\images\ancient12.html --> uts.cc.utexas.edu /export/httpd/vhosts/texasbeyondhistory/data/tejas/clay/galleries/images ancient12.html
2003.07.18 13:35 B K:\TBH Website Temp\tejas\clay\galleries\images\ancient12.mov --> uts.cc.utexas.edu /export/httpd/vhosts/texasbeyondhistory/data/tejas/clay/galleries/images ancient12.mov
2003.07.18 13:35 B K:\TBH Website Temp\tejas\clay\galleries\images\ancient13-close.html --> uts.cc.utexas.edu /export/httpd/vhosts/texasbeyondhistory/data/tejas/clay/galleries/images ancient13-close.html
2003.07.18 13:35 B K:\TBH Website Temp\tejas\clay\galleries\images\ancient13-close.jpg --> uts.cc.utexas.edu /export/httpd/vhosts/texasbeyondhistory/data/tejas/clay/galleries/images ancient13-close.jpg
2003.07.18 13:35 B K:\TBH Website Temp\tejas\clay\galleries\images\ancient13-lg.html --> uts.cc.utexas.edu /export/httpd/vhosts/texasbeyondhistory/data/tejas/clay/galleries/images ancient13-lg.html
2003.07.18 13:35 B K:\TBH Website Temp\tejas\clay\galleries\images\ancient13-lg.jpg --> uts.cc.utexas.edu /export/httpd/vhosts/texasbeyondhistory/data/tejas/clay/galleries/images ancient13-lg.jpg
2003.07.18 13:35 B K:\TBH Website Temp\tejas\clay\galleries\images\ancient13-sm.jpg --> uts.cc.utexas.edu /export/httpd/vhosts/texasbeyondhistory/data/tejas/clay/galleries/images ancient13-sm.jpg
2003.07.18 13:35 B K:\TBH Website Temp\tejas\clay\galleries\images\ancient13.html --> uts.cc.utexas.edu /export/httpd/vhosts/texasbeyondhistory/data/tejas/clay/galleries/images ancient13.html
2003.07.18 13:35 B K:\TBH Website Temp\tejas\clay\galleries\images\ancient13.mov --> uts.cc.utexas.edu /export/httpd/vhosts/texasbeyondhistory/data/tejas/clay/galleries/images ancient13.mov
2003.07.18 13:35 B K:\TBH Website Temp\tejas\clay\galleries\images\ancient2-lg.html --> uts.cc.utexas.edu /export/httpd/vhosts/texasbeyondhistory/data/tejas/clay/galleries/images ancient2-lg.html
2003.07.18 13:35 B K:\TBH Website Temp\tejas\clay\galleries\images\ancient2-lg.jpg --> uts.cc.utexas.edu /export/httpd/vhosts/texasbeyondhistory/data/tejas/clay/galleries/images ancient2-lg.jpg
2003.07.18 13:35 B K:\TBH Website Temp\tejas\clay\galleries\images\ancient2-sm.jpg --> uts.cc.utexas.edu /export/httpd/vhosts/texasbeyondhistory/data/tejas/clay/galleries/images ancient2-sm.jpg
2003.07.18 13:35 B K:\TBH Website Temp\tejas\clay\galleries\images\ancient2.html --> uts.cc.utexas.edu /export/httpd/vhosts/texasbeyondhistory/data/tejas/clay/galleries/images ancient2.html
2003.07.18 13:35 B K:\TBH Website Temp\tejas\clay\galleries\images\ancient2.mov --> uts.cc.utexas.edu /export/httpd/vhosts/texasbeyondhistory/data/tejas/clay/galleries/images ancient2.mov
2003.07.18 13:35 B K:\TBH Website Temp\tejas\clay\galleries\images\ancient3-lg.html --> uts.cc.utexas.edu /export/httpd/vhosts/texasbeyondhistory/data/tejas/clay/galleries/images ancient3-lg.html
2003.07.18 13:35 B K:\TBH Website Temp\tejas\clay\galleries\images\ancient3-lg.jpg --> uts.cc.utexas.edu /export/httpd/vhosts/texasbeyondhistory/data/tejas/clay/galleries/images ancient3-lg.jpg
2003.07.18 13:35 B K:\TBH Website Temp\tejas\clay\galleries\images\ancient3-sm.jpg --> uts.cc.utexas.edu /export/httpd/vhosts/texasbeyondhistory/data/tejas/clay/galleries/images ancient3-sm.jpg
2003.07.18 13:35 B K:\TBH Website Temp\tejas\clay\galleries\images\ancient3.html --> uts.cc.utexas.edu /export/httpd/vhosts/texasbeyondhistory/data/tejas/clay/galleries/images ancient3.html
2003.07.18 13:35 B K:\TBH Website Temp\tejas\clay\galleries\images\ancient3.mov --> uts.cc.utexas.edu /export/httpd/vhosts/texasbeyondhistory/data/tejas/clay/galleries/images ancient3.mov
2003.07.18 13:35 B K:\TBH Website Temp\tejas\clay\galleries\images\ancient4-lg.html --> uts.cc.utexas.edu /export/httpd/vhosts/texasbeyondhistory/data/tejas/clay/galleries/images ancient4-lg.html
2003.07.18 13:35 B K:\TBH Website Temp\tejas\clay\galleries\images\ancient4-lg.jpg --> uts.cc.utexas.edu /export/httpd/vhosts/texasbeyondhistory/data/tejas/clay/galleries/images ancient4-lg.jpg
2003.07.18 13:35 B K:\TBH Website Temp\tejas\clay\galleries\images\ancient4-sm.jpg --> uts.cc.utexas.edu /export/httpd/vhosts/texasbeyondhistory/data/tejas/clay/galleries/images ancient4-sm.jpg
2003.07.18 13:35 B K:\TBH Website Temp\tejas\clay\galleries\images\ancient4.html --> uts.cc.utexas.edu /export/httpd/vhosts/texasbeyondhistory/data/tejas/clay/galleries/images ancient4.html
2003.07.18 13:35 B K:\TBH Website Temp\tejas\clay\galleries\images\ancient4.mov --> uts.cc.utexas.edu /export/httpd/vhosts/texasbeyondhistory/data/tejas/clay/galleries/images ancient4.mov
2003.07.18 13:35 B K:\TBH Website Temp\tejas\clay\galleries\images\ancient5-lg.html --> uts.cc.utexas.edu /export/httpd/vhosts/texasbeyondhistory/data/tejas/clay/galleries/images ancient5-lg.html
2003.07.18 13:35 B K:\TBH Website Temp\tejas\clay\galleries\images\ancient5-lg.jpg --> uts.cc.utexas.edu /export/httpd/vhosts/texasbeyondhistory/data/tejas/clay/galleries/images ancient5-lg.jpg
2003.07.18 13:35 B K:\TBH Website Temp\tejas\clay\galleries\images\ancient5-sm.jpg --> uts.cc.utexas.edu /export/httpd/vhosts/texasbeyondhistory/data/tejas/clay/galleries/images ancient5-sm.jpg
2003.07.18 13:35 B K:\TBH Website Temp\tejas\clay\galleries\images\ancient5.html --> uts.cc.utexas.edu /export/httpd/vhosts/texasbeyondhistory/data/tejas/clay/galleries/images ancient5.html
2003.07.18 13:35 B K:\TBH Website Temp\tejas\clay\galleries\images\ancient5.mov --> uts.cc.utexas.edu /export/httpd/vhosts/texasbeyondhistory/data/tejas/clay/galleries/images ancient5.mov
2003.07.18 13:35 B K:\TBH Website Temp\tejas\clay\galleries\images\ancient6-lg.html --> uts.cc.utexas.edu /export/httpd/vhosts/texasbeyondhistory/data/tejas/clay/galleries/images ancient6-lg.html
2003.07.18 13:35 B K:\TBH Website Temp\tejas\clay\galleries\images\ancient6-lg.jpg --> uts.cc.utexas.edu /export/httpd/vhosts/texasbeyondhistory/data/tejas/clay/galleries/images ancient6-lg.jpg
2003.07.18 13:35 B K:\TBH Website Temp\tejas\clay\galleries\images\ancient6-sm.jpg --> uts.cc.utexas.edu /export/httpd/vhosts/texasbeyondhistory/data/tejas/clay/galleries/images ancient6-sm.jpg
2003.07.18 13:35 B K:\TBH Website Temp\tejas\clay\galleries\images\ancient6.html --> uts.cc.utexas.edu /export/httpd/vhosts/texasbeyondhistory/data/tejas/clay/galleries/images ancient6.html
2003.07.18 13:35 B K:\TBH Website Temp\tejas\clay\galleries\images\ancient6.mov --> uts.cc.utexas.edu /export/httpd/vhosts/texasbeyondhistory/data/tejas/clay/galleries/images ancient6.mov
2003.07.18 13:35 B K:\TBH Website Temp\tejas\clay\galleries\images\ancient7-lg.html --> uts.cc.utexas.edu /export/httpd/vhosts/texasbeyondhistory/data/tejas/clay/galleries/images ancient7-lg.html
2003.07.18 13:35 B K:\TBH Website Temp\tejas\clay\galleries\images\ancient7-lg.jpg --> uts.cc.utexas.edu /export/httpd/vhosts/texasbeyondhistory/data/tejas/clay/galleries/images ancient7-lg.jpg
2003.07.18 13:35 B K:\TBH Website Temp\tejas\clay\galleries\images\ancient7-sm.jpg --> uts.cc.utexas.edu /export/httpd/vhosts/texasbeyondhistory/data/tejas/clay/galleries/images ancient7-sm.jpg
2003.07.18 13:35 B K:\TBH Website Temp\tejas\clay\galleries\images\ancient7.html --> uts.cc.utexas.edu /export/httpd/vhosts/texasbeyondhistory/data/tejas/clay/galleries/images ancient7.html
2003.07.18 13:35 B K:\TBH Website Temp\tejas\clay\galleries\images\ancient7.mov --> uts.cc.utexas.edu /export/httpd/vhosts/texasbeyondhistory/data/tejas/clay/galleries/images ancient7.mov
2003.07.18 13:35 B K:\TBH Website Temp\tejas\clay\galleries\images\ancient8-lg.html --> uts.cc.utexas.edu /export/httpd/vhosts/texasbeyondhistory/data/tejas/clay/galleries/images ancient8-lg.html
2003.07.18 13:35 B K:\TBH Website Temp\tejas\clay\galleries\images\ancient8-lg.jpg --> uts.cc.utexas.edu /export/httpd/vhosts/texasbeyondhistory/data/tejas/clay/galleries/images ancient8-lg.jpg
2003.07.18 13:35 B K:\TBH Website Temp\tejas\clay\galleries\images\ancient8-sm.jpg --> uts.cc.utexas.edu /export/httpd/vhosts/texasbeyondhistory/data/tejas/clay/galleries/images ancient8-sm.jpg
2003.07.18 13:35 B K:\TBH Website Temp\tejas\clay\galleries\images\ancient8.html --> uts.cc.utexas.edu /export/httpd/vhosts/texasbeyondhistory/data/tejas/clay/galleries/images ancient8.html
2003.07.18 13:35 B K:\TBH Website Temp\tejas\clay\galleries\images\ancient8.mov --> uts.cc.utexas.edu /export/httpd/vhosts/texasbeyondhistory/data/tejas/clay/galleries/images ancient8.mov
2003.07.18 13:35 B K:\TBH Website Temp\tejas\clay\galleries\images\ancient9-lg.html --> uts.cc.utexas.edu /export/httpd/vhosts/texasbeyondhistory/data/tejas/clay/galleries/images ancient9-lg.html
2003.07.18 13:35 B K:\TBH Website Temp\tejas\clay\galleries\images\ancient9-lg.jpg --> uts.cc.utexas.edu /export/httpd/vhosts/texasbeyondhistory/data/tejas/clay/galleries/images ancient9-lg.jpg
2003.07.18 13:35 B K:\TBH Website Temp\tejas\clay\galleries\images\ancient9-sm.jpg --> uts.cc.utexas.edu /export/httpd/vhosts/texasbeyondhistory/data/tejas/clay/galleries/images ancient9-sm.jpg
2003.07.18 13:35 B K:\TBH Website Temp\tejas\clay\galleries\images\ancient9.html --> uts.cc.utexas.edu /export/httpd/vhosts/texasbeyondhistory/data/tejas/clay/galleries/images ancient9.html
2003.07.18 13:35 B K:\TBH Website Temp\tejas\clay\galleries\images\ancient9.mov --> uts.cc.utexas.edu /export/httpd/vhosts/texasbeyondhistory/data/tejas/clay/galleries/images ancient9.mov
2003.07.18 13:35 B K:\TBH Website Temp\tejas\clay\galleries\images\blackbowl-lg.html --> uts.cc.utexas.edu /export/httpd/vhosts/texasbeyondhistory/data/tejas/clay/galleries/images blackbowl-lg.html
2003.07.18 13:35 B K:\TBH Website Temp\tejas\clay\galleries\images\blackbowl-lg.jpg --> uts.cc.utexas.edu /export/httpd/vhosts/texasbeyondhistory/data/tejas/clay/galleries/images blackbowl-lg.jpg
2003.07.18 13:35 B K:\TBH Website Temp\tejas\clay\galleries\images\blackbowl-sm.jpg --> uts.cc.utexas.edu /export/httpd/vhosts/texasbeyondhistory/data/tejas/clay/galleries/images blackbowl-sm.jpg
2003.07.18 13:35 B K:\TBH Website Temp\tejas\clay\galleries\images\blackbowl.html --> uts.cc.utexas.edu /export/httpd/vhosts/texasbeyondhistory/data/tejas/clay/galleries/images blackbowl.html
2003.07.18 13:35 B K:\TBH Website Temp\tejas\clay\galleries\images\blackbowl.mov --> uts.cc.utexas.edu /export/httpd/vhosts/texasbeyondhistory/data/tejas/clay/galleries/images blackbowl.mov
2003.07.18 13:35 B K:\TBH Website Temp\tejas\clay\galleries\images\blkbottle1-lg.html --> uts.cc.utexas.edu /export/httpd/vhosts/texasbeyondhistory/data/tejas/clay/galleries/images blkbottle1-lg.html
2003.07.18 13:35 B K:\TBH Website Temp\tejas\clay\galleries\images\blkbottle1-lg.jpg --> uts.cc.utexas.edu /export/httpd/vhosts/texasbeyondhistory/data/tejas/clay/galleries/images blkbottle1-lg.jpg
2003.07.18 13:35 B K:\TBH Website Temp\tejas\clay\galleries\images\blkbottle1-sm.jpg --> uts.cc.utexas.edu /export/httpd/vhosts/texasbeyondhistory/data/tejas/clay/galleries/images blkbottle1-sm.jpg
2003.07.18 13:35 B K:\TBH Website Temp\tejas\clay\galleries\images\blkbottle1.html --> uts.cc.utexas.edu /export/httpd/vhosts/texasbeyondhistory/data/tejas/clay/galleries/images blkbottle1.html
2003.07.18 13:35 B K:\TBH Website Temp\tejas\clay\galleries\images\blkbottle1.mov --> uts.cc.utexas.edu /export/httpd/vhosts/texasbeyondhistory/data/tejas/clay/galleries/images blkbottle1.mov
2003.07.18 13:35 B K:\TBH Website Temp\tejas\clay\galleries\images\blkbottle2-lg.html --> uts.cc.utexas.edu /export/httpd/vhosts/texasbeyondhistory/data/tejas/clay/galleries/images blkbottle2-lg.html
2003.07.18 13:35 B K:\TBH Website Temp\tejas\clay\galleries\images\blkbottle2-lg.jpg --> uts.cc.utexas.edu /export/httpd/vhosts/texasbeyondhistory/data/tejas/clay/galleries/images blkbottle2-lg.jpg
2003.07.18 13:35 B K:\TBH Website Temp\tejas\clay\galleries\images\blkbottle2-sm.jpg --> uts.cc.utexas.edu /export/httpd/vhosts/texasbeyondhistory/data/tejas/clay/galleries/images blkbottle2-sm.jpg
2003.07.18 13:35 B K:\TBH Website Temp\tejas\clay\galleries\images\blkbottle2.html --> uts.cc.utexas.edu /export/httpd/vhosts/texasbeyondhistory/data/tejas/clay/galleries/images blkbottle2.html
2003.07.18 13:35 B K:\TBH Website Temp\tejas\clay\galleries\images\blkbottle2.mov --> uts.cc.utexas.edu /export/httpd/vhosts/texasbeyondhistory/data/tejas/clay/galleries/images blkbottle2.mov
2003.07.18 13:35 B K:\TBH Website Temp\tejas\clay\galleries\images\cylindjar-lg.html --> uts.cc.utexas.edu /export/httpd/vhosts/texasbeyondhistory/data/tejas/clay/galleries/images cylindjar-lg.html
2003.07.18 13:35 B K:\TBH Website Temp\tejas\clay\galleries\images\cylindjar-lg.jpg --> uts.cc.utexas.edu /export/httpd/vhosts/texasbeyondhistory/data/tejas/clay/galleries/images cylindjar-lg.jpg
2003.07.18 13:35 B K:\TBH Website Temp\tejas\clay\galleries\images\cylindjar-sm.jpg --> uts.cc.utexas.edu /export/httpd/vhosts/texasbeyondhistory/data/tejas/clay/galleries/images cylindjar-sm.jpg
2003.07.18 13:35 B K:\TBH Website Temp\tejas\clay\galleries\images\cylindjar.html --> uts.cc.utexas.edu /export/httpd/vhosts/texasbeyondhistory/data/tejas/clay/galleries/images cylindjar.html
2003.07.18 13:35 B K:\TBH Website Temp\tejas\clay\galleries\images\cylindjar.mov --> uts.cc.utexas.edu /export/httpd/vhosts/texasbeyondhistory/data/tejas/clay/galleries/images cylindjar.mov
2003.07.18 13:35 B K:\TBH Website Temp\tejas\clay\galleries\images\hixonbottle-lg.html --> uts.cc.utexas.edu /export/httpd/vhosts/texasbeyondhistory/data/tejas/clay/galleries/images hixonbottle-lg.html
2003.07.18 13:35 B K:\TBH Website Temp\tejas\clay\galleries\images\hixonbottle.html --> uts.cc.utexas.edu /export/httpd/vhosts/texasbeyondhistory/data/tejas/clay/galleries/images hixonbottle.html
2003.07.18 13:35 B K:\TBH Website Temp\tejas\clay\galleries\images\hixonbottle.mov --> uts.cc.utexas.edu /export/httpd/vhosts/texasbeyondhistory/data/tejas/clay/galleries/images hixonbottle.mov
2003.07.18 13:35 B K:\TBH Website Temp\tejas\clay\galleries\images\hixsonbottle-lg.jpg --> uts.cc.utexas.edu /export/httpd/vhosts/texasbeyondhistory/data/tejas/clay/galleries/images hixsonbottle-lg.jpg
2003.07.18 13:35 B K:\TBH Website Temp\tejas\clay\galleries\images\hixsonbottle-sm.jpg --> uts.cc.utexas.edu /export/httpd/vhosts/texasbeyondhistory/data/tejas/clay/galleries/images hixsonbottle-sm.jpg
2003.07.18 13:35 B K:\TBH Website Temp\tejas\clay\galleries\images\mgalleryshot.jpg --> uts.cc.utexas.edu /export/httpd/vhosts/texasbeyondhistory/data/tejas/clay/galleries/images mgalleryshot.jpg
2003.07.18 13:35 B K:\TBH Website Temp\tejas\clay\galleries\images\redbottle-lg.html --> uts.cc.utexas.edu /export/httpd/vhosts/texasbeyondhistory/data/tejas/clay/galleries/images redbottle-lg.html
2003.07.18 13:35 B K:\TBH Website Temp\tejas\clay\galleries\images\redbottle-lg.jpg --> uts.cc.utexas.edu /export/httpd/vhosts/texasbeyondhistory/data/tejas/clay/galleries/images redbottle-lg.jpg
2003.07.18 13:35 B K:\TBH Website Temp\tejas\clay\galleries\images\redbottle-sm.jpg --> uts.cc.utexas.edu /export/httpd/vhosts/texasbeyondhistory/data/tejas/clay/galleries/images redbottle-sm.jpg
2003.07.18 13:35 B K:\TBH Website Temp\tejas\clay\galleries\images\redbottle.html --> uts.cc.utexas.edu /export/httpd/vhosts/texasbeyondhistory/data/tejas/clay/galleries/images redbottle.html
2003.07.18 13:35 B K:\TBH Website Temp\tejas\clay\galleries\images\redbottle.mov --> uts.cc.utexas.edu /export/httpd/vhosts/texasbeyondhistory/data/tejas/clay/galleries/images redbottle.mov
2003.07.18 13:35 B K:\TBH Website Temp\tejas\clay\galleries\images\redbowl-lg.html --> uts.cc.utexas.edu /export/httpd/vhosts/texasbeyondhistory/data/tejas/clay/galleries/images redbowl-lg.html
2003.07.18 13:35 B K:\TBH Website Temp\tejas\clay\galleries\images\redbowl-lg.jpg --> uts.cc.utexas.edu /export/httpd/vhosts/texasbeyondhistory/data/tejas/clay/galleries/images redbowl-lg.jpg
2003.07.18 13:35 B K:\TBH Website Temp\tejas\clay\galleries\images\redbowl-sm.jpg --> uts.cc.utexas.edu /export/httpd/vhosts/texasbeyondhistory/data/tejas/clay/galleries/images redbowl-sm.jpg
2003.07.18 13:35 B K:\TBH Website Temp\tejas\clay\galleries\images\redbowl.html --> uts.cc.utexas.edu /export/httpd/vhosts/texasbeyondhistory/data/tejas/clay/galleries/images redbowl.html
2003.07.18 13:35 B K:\TBH Website Temp\tejas\clay\galleries\images\redbowl.mov --> uts.cc.utexas.edu /export/httpd/vhosts/texasbeyondhistory/data/tejas/clay/galleries/images redbowl.mov
2003.07.18 13:35 B K:\TBH Website Temp\tejas\clay\galleries\images\smallestblkbowl-lg.html --> uts.cc.utexas.edu /export/httpd/vhosts/texasbeyondhistory/data/tejas/clay/galleries/images smallestblkbowl-lg.html
2003.07.18 13:35 B K:\TBH Website Temp\tejas\clay\galleries\images\smallestblkbowl-lg.jpg --> uts.cc.utexas.edu /export/httpd/vhosts/texasbeyondhistory/data/tejas/clay/galleries/images smallestblkbowl-lg.jpg
2003.07.18 13:35 B K:\TBH Website Temp\tejas\clay\galleries\images\smallestblkbowl-sm.jpg --> uts.cc.utexas.edu /export/httpd/vhosts/texasbeyondhistory/data/tejas/clay/galleries/images smallestblkbowl-sm.jpg
2003.07.18 13:35 B K:\TBH Website Temp\tejas\clay\galleries\images\smallestblkbowl.html --> uts.cc.utexas.edu /export/httpd/vhosts/texasbeyondhistory/data/tejas/clay/galleries/images smallestblkbowl.html
2003.07.18 13:36 B K:\TBH Website Temp\tejas\clay\galleries\images\smallestblkbowl.mov --> uts.cc.utexas.edu /export/httpd/vhosts/texasbeyondhistory/data/tejas/clay/galleries/images smallestblkbowl.mov
2003.07.18 13:36 B K:\TBH Website Temp\tejas\clay\galleries\images\tailrider-lg.html --> uts.cc.utexas.edu /export/httpd/vhosts/texasbeyondhistory/data/tejas/clay/galleries/images tailrider-lg.html
2003.07.18 13:36 B K:\TBH Website Temp\tejas\clay\galleries\images\tailrider-lg.jpg --> uts.cc.utexas.edu /export/httpd/vhosts/texasbeyondhistory/data/tejas/clay/galleries/images tailrider-lg.jpg
2003.07.18 13:36 B K:\TBH Website Temp\tejas\clay\galleries\images\tailrider-sm.jpg --> uts.cc.utexas.edu /export/httpd/vhosts/texasbeyondhistory/data/tejas/clay/galleries/images tailrider-sm.jpg
2003.07.18 13:36 B K:\TBH Website Temp\tejas\clay\galleries\images\tailrider.html --> uts.cc.utexas.edu /export/httpd/vhosts/texasbeyondhistory/data/tejas/clay/galleries/images tailrider.html
2003.07.18 13:36 B K:\TBH Website Temp\tejas\clay\galleries\images\tailrider.mov --> uts.cc.utexas.edu /export/httpd/vhosts/texasbeyondhistory/data/tejas/clay/galleries/images tailrider.mov
2003.08.14 11:42 B K:\TBH Website Temp\tejas\clay\galleries\images\ancient9.html --> uts.cc.utexas.edu /export/httpd/vhosts/texasbeyondhistory/data/tejas/clay/galleries/images ancient9.html
2003.08.14 11:42 B K:\TBH Website Temp\tejas\clay\galleries\images\ancient8.html --> uts.cc.utexas.edu /export/httpd/vhosts/texasbeyondhistory/data/tejas/clay/galleries/images ancient8.html
2003.08.14 11:42 B K:\TBH Website Temp\tejas\clay\galleries\images\ancient7.html --> uts.cc.utexas.edu /export/httpd/vhosts/texasbeyondhistory/data/tejas/clay/galleries/images ancient7.html
2003.08.14 11:42 B K:\TBH Website Temp\tejas\clay\galleries\images\ancient6.html --> uts.cc.utexas.edu /export/httpd/vhosts/texasbeyondhistory/data/tejas/clay/galleries/images ancient6.html
2003.08.14 11:42 B K:\TBH Website Temp\tejas\clay\galleries\images\ancient5.html --> uts.cc.utexas.edu /export/httpd/vhosts/texasbeyondhistory/data/tejas/clay/galleries/images ancient5.html
2003.08.14 11:42 B K:\TBH Website Temp\tejas\clay\galleries\images\ancient4.html --> uts.cc.utexas.edu /export/httpd/vhosts/texasbeyondhistory/data/tejas/clay/galleries/images ancient4.html
2003.08.14 11:42 B K:\TBH Website Temp\tejas\clay\galleries\images\ancient3.html --> uts.cc.utexas.edu /export/httpd/vhosts/texasbeyondhistory/data/tejas/clay/galleries/images ancient3.html
2003.08.14 11:42 B K:\TBH Website Temp\tejas\clay\galleries\images\ancient2.html --> uts.cc.utexas.edu /export/httpd/vhosts/texasbeyondhistory/data/tejas/clay/galleries/images ancient2.html
2003.08.14 11:42 B K:\TBH Website Temp\tejas\clay\galleries\images\ancient13.html --> uts.cc.utexas.edu /export/httpd/vhosts/texasbeyondhistory/data/tejas/clay/galleries/images ancient13.html
2003.08.14 11:42 B K:\TBH Website Temp\tejas\clay\galleries\images\ancient12.html --> uts.cc.utexas.edu /export/httpd/vhosts/texasbeyondhistory/data/tejas/clay/galleries/images ancient12.html
2003.08.14 11:42 B K:\TBH Website Temp\tejas\clay\galleries\images\ancient11.html --> uts.cc.utexas.edu /export/httpd/vhosts/texasbeyondhistory/data/tejas/clay/galleries/images ancient11.html
2003.08.14 11:42 B K:\TBH Website Temp\tejas\clay\galleries\images\ancient10.html --> uts.cc.utexas.edu /export/httpd/vhosts/texasbeyondhistory/data/tejas/clay/galleries/images ancient10.html
2003.08.14 11:42 B K:\TBH Website Temp\tejas\clay\galleries\images\ancient1.html --> uts.cc.utexas.edu /export/httpd/vhosts/texasbeyondhistory/data/tejas/clay/galleries/images ancient1.html
2003.08.14 11:42 B K:\TBH Website Temp\tejas\clay\galleries\images\hixonbottle.html --> uts.cc.utexas.edu /export/httpd/vhosts/texasbeyondhistory/data/tejas/clay/galleries/images hixonbottle.html
