2004.09.13 16:02 B K:\TBH Website Temp\granado\artifacts.html --> uts.cc.utexas.edu /export/httpd/vhosts/texasbeyondhistory/data/granado artifacts.html
2004.09.13 16:02 B K:\TBH Website Temp\granado\credits.html --> uts.cc.utexas.edu /export/httpd/vhosts/texasbeyondhistory/data/granado credits.html
2004.09.13 16:02 B K:\TBH Website Temp\granado\disc.html --> uts.cc.utexas.edu /export/httpd/vhosts/texasbeyondhistory/data/granado disc.html
2004.09.13 16:02 B K:\TBH Website Temp\granado\exc.html --> uts.cc.utexas.edu /export/httpd/vhosts/texasbeyondhistory/data/granado exc.html
2004.09.13 16:02 B K:\TBH Website Temp\granado\index.html --> uts.cc.utexas.edu /export/httpd/vhosts/texasbeyondhistory/data/granado index.html
2004.09.13 16:02 B K:\TBH Website Temp\granado\kiaha.html --> uts.cc.utexas.edu /export/httpd/vhosts/texasbeyondhistory/data/granado kiaha.html
2004.09.13 16:02 B K:\TBH Website Temp\granado\sandals.html --> uts.cc.utexas.edu /export/httpd/vhosts/texasbeyondhistory/data/granado sandals.html
2004.11.17 14:29 B G:\TBH Website Temp\granado\index.html --> uts.cc.utexas.edu /export/httpd/vhosts/texasbeyondhistory/data/granado index.html
2004.11.23 11:14 B L:\TBH Website Temp\granado\artifacts.html --> uts.cc.utexas.edu /export/httpd/vhosts/texasbeyondhistory/data/granado artifacts.html
2004.11.23 11:14 B L:\TBH Website Temp\granado\credits.html --> uts.cc.utexas.edu /export/httpd/vhosts/texasbeyondhistory/data/granado credits.html
2004.11.23 11:14 B L:\TBH Website Temp\granado\disc.html --> uts.cc.utexas.edu /export/httpd/vhosts/texasbeyondhistory/data/granado disc.html
2004.11.23 11:14 B L:\TBH Website Temp\granado\exc.html --> uts.cc.utexas.edu /export/httpd/vhosts/texasbeyondhistory/data/granado exc.html
2004.11.23 11:14 B L:\TBH Website Temp\granado\index.html --> uts.cc.utexas.edu /export/httpd/vhosts/texasbeyondhistory/data/granado index.html
2004.11.23 11:14 B L:\TBH Website Temp\granado\kiaha.html --> uts.cc.utexas.edu /export/httpd/vhosts/texasbeyondhistory/data/granado kiaha.html
2004.11.23 11:14 B L:\TBH Website Temp\granado\sandals.html --> uts.cc.utexas.edu /export/httpd/vhosts/texasbeyondhistory/data/granado sandals.html
2004.11.23 11:14 B L:\TBH Website Temp\granado\WS_FTP.LOG --> uts.cc.utexas.edu /export/httpd/vhosts/texasbeyondhistory/data/granado WS_FTP.LOG
2004.11.23 13:26 B L:\TBH Website Temp\granado\index.html --> uts.cc.utexas.edu /export/httpd/vhosts/texasbeyondhistory/data/granado index.html
2004.11.29 11:45 B G:\TBH Website Temp\granado\credits.html --> uts.cc.utexas.edu /export/httpd/vhosts/texasbeyondhistory/data/granado credits.html
2004.11.29 11:45 B G:\TBH Website Temp\granado\kiaha.html --> uts.cc.utexas.edu /export/httpd/vhosts/texasbeyondhistory/data/granado kiaha.html
2004.11.29 11:45 B G:\TBH Website Temp\granado\artifacts.html --> uts.cc.utexas.edu /export/httpd/vhosts/texasbeyondhistory/data/granado artifacts.html
2004.11.29 11:45 B G:\TBH Website Temp\granado\disc.html --> uts.cc.utexas.edu /export/httpd/vhosts/texasbeyondhistory/data/granado disc.html
2004.11.29 11:45 B G:\TBH Website Temp\granado\index.html --> uts.cc.utexas.edu /export/httpd/vhosts/texasbeyondhistory/data/granado index.html
2004.12.01 11:10 B L:\TBH Website Temp\granado\index.html --> uts.cc.utexas.edu /export/httpd/vhosts/texasbeyondhistory/data/granado index.html
2005.04.04 13:10 B L:\TBH Website Temp\granado\artifacts.html --> uts.cc.utexas.edu /export/httpd/vhosts/texasbeyondhistory/data/granado artifacts.html
2005.04.04 13:10 B L:\TBH Website Temp\granado\credits.html --> uts.cc.utexas.edu /export/httpd/vhosts/texasbeyondhistory/data/granado credits.html
2005.04.04 13:10 B L:\TBH Website Temp\granado\disc.html --> uts.cc.utexas.edu /export/httpd/vhosts/texasbeyondhistory/data/granado disc.html
2005.04.04 13:10 B L:\TBH Website Temp\granado\exc.html --> uts.cc.utexas.edu /export/httpd/vhosts/texasbeyondhistory/data/granado exc.html
2005.04.04 13:10 B L:\TBH Website Temp\granado\index.html --> uts.cc.utexas.edu /export/httpd/vhosts/texasbeyondhistory/data/granado index.html
2005.04.04 13:10 B L:\TBH Website Temp\granado\kiaha.html --> uts.cc.utexas.edu /export/httpd/vhosts/texasbeyondhistory/data/granado kiaha.html
2005.04.04 13:10 B L:\TBH Website Temp\granado\sandals.html --> uts.cc.utexas.edu /export/httpd/vhosts/texasbeyondhistory/data/granado sandals.html
2005.06.18 18:24 B L:\TBH Website Temp\granado\WS_FTP.LOG <-- texasbeyondhistory /export/httpd/vhosts/texasbeyondhistory/data/granado WS_FTP.LOG
2006.07.13 12:06 B L:\TBH Website Temp\granado\index.html --> uts.cc.utexas.edu /export/httpd/vhosts/texasbeyondhistory/data/granado index.html
2006.09.29 17:20 B L:\TBH Website Temp\granado\sandals.html --> uts.cc.utexas.edu /export/httpd/vhosts/texasbeyondhistory/data/granado sandals.html
2006.09.29 17:20 B L:\TBH Website Temp\granado\kiaha.html --> uts.cc.utexas.edu /export/httpd/vhosts/texasbeyondhistory/data/granado kiaha.html
2006.09.29 17:20 B L:\TBH Website Temp\granado\index.html --> uts.cc.utexas.edu /export/httpd/vhosts/texasbeyondhistory/data/granado index.html
2006.09.29 17:20 B L:\TBH Website Temp\granado\exc.html --> uts.cc.utexas.edu /export/httpd/vhosts/texasbeyondhistory/data/granado exc.html
2006.09.29 17:20 B L:\TBH Website Temp\granado\disc.html --> uts.cc.utexas.edu /export/httpd/vhosts/texasbeyondhistory/data/granado disc.html
2006.09.29 17:20 B L:\TBH Website Temp\granado\credits.html --> uts.cc.utexas.edu /export/httpd/vhosts/texasbeyondhistory/data/granado credits.html
2006.09.29 17:20 B L:\TBH Website Temp\granado\artifacts.html --> uts.cc.utexas.edu /export/httpd/vhosts/texasbeyondhistory/data/granado artifacts.html
2006.11.02 10:19 B L:\TBH Website Temp\granado\artifacts.html --> uts.cc.utexas.edu /export/httpd/vhosts/texasbeyondhistory/data/granado artifacts.html
2006.11.02 10:19 B L:\TBH Website Temp\granado\credits.html --> uts.cc.utexas.edu /export/httpd/vhosts/texasbeyondhistory/data/granado credits.html
2006.11.02 10:19 B L:\TBH Website Temp\granado\disc.html --> uts.cc.utexas.edu /export/httpd/vhosts/texasbeyondhistory/data/granado disc.html
2006.11.02 10:19 B L:\TBH Website Temp\granado\exc.html --> uts.cc.utexas.edu /export/httpd/vhosts/texasbeyondhistory/data/granado exc.html
2006.11.02 10:19 B L:\TBH Website Temp\granado\index.html --> uts.cc.utexas.edu /export/httpd/vhosts/texasbeyondhistory/data/granado index.html
2006.11.02 10:19 B L:\TBH Website Temp\granado\kiaha.html --> uts.cc.utexas.edu /export/httpd/vhosts/texasbeyondhistory/data/granado kiaha.html
2006.11.02 10:19 B L:\TBH Website Temp\granado\sandals.html --> uts.cc.utexas.edu /export/httpd/vhosts/texasbeyondhistory/data/granado sandals.html
2007.11.13 16:33 B K:\TBH Website Temp\granado\artifacts.html --> uts.cc.utexas.edu /export/httpd/vhosts/texasbeyondhistory/data/granado artifacts.html
2007.11.13 16:33 B K:\TBH Website Temp\granado\credits.html --> uts.cc.utexas.edu /export/httpd/vhosts/texasbeyondhistory/data/granado credits.html
2007.11.13 16:33 B K:\TBH Website Temp\granado\disc.html --> uts.cc.utexas.edu /export/httpd/vhosts/texasbeyondhistory/data/granado disc.html
2007.11.13 16:33 B K:\TBH Website Temp\granado\exc.html --> uts.cc.utexas.edu /export/httpd/vhosts/texasbeyondhistory/data/granado exc.html
2007.11.13 16:33 B K:\TBH Website Temp\granado\index.html --> uts.cc.utexas.edu /export/httpd/vhosts/texasbeyondhistory/data/granado index.html
2007.11.13 16:33 B K:\TBH Website Temp\granado\kiaha.html --> uts.cc.utexas.edu /export/httpd/vhosts/texasbeyondhistory/data/granado kiaha.html
2007.11.13 16:33 B K:\TBH Website Temp\granado\sandals.html --> uts.cc.utexas.edu /export/httpd/vhosts/texasbeyondhistory/data/granado sandals.html
2007.11.13 16:33 B K:\TBH Website Temp\granado\teach.html --> uts.cc.utexas.edu /export/httpd/vhosts/texasbeyondhistory/data/granado teach.html
