2006.09.08 17:57 B V:\TBH Website Temp\espiritu\credits.html --> uts.cc.utexas.edu /export/httpd/vhosts/texasbeyondhistory/data/protect/espiritu credits.html
2006.09.08 17:57 B V:\TBH Website Temp\espiritu\goliad.html --> uts.cc.utexas.edu /export/httpd/vhosts/texasbeyondhistory/data/protect/espiritu goliad.html
2006.09.08 17:57 B V:\TBH Website Temp\espiritu\index.html --> uts.cc.utexas.edu /export/httpd/vhosts/texasbeyondhistory/data/protect/espiritu index.html
2006.09.08 17:57 B V:\TBH Website Temp\espiritu\native.html --> uts.cc.utexas.edu /export/httpd/vhosts/texasbeyondhistory/data/protect/espiritu native.html
2006.09.08 17:57 B V:\TBH Website Temp\espiritu\victoria.html --> uts.cc.utexas.edu /export/httpd/vhosts/texasbeyondhistory/data/protect/espiritu victoria.html
2006.09.16 17:32 B V:\TBH Website Temp\espiritu\credits.html --> uts.cc.utexas.edu /export/httpd/vhosts/texasbeyondhistory/data/protect/espiritu credits.html
2006.09.16 17:32 B V:\TBH Website Temp\espiritu\goliad.html --> uts.cc.utexas.edu /export/httpd/vhosts/texasbeyondhistory/data/protect/espiritu goliad.html
2006.09.16 17:32 B V:\TBH Website Temp\espiritu\index.html --> uts.cc.utexas.edu /export/httpd/vhosts/texasbeyondhistory/data/protect/espiritu index.html
2006.09.16 17:32 B V:\TBH Website Temp\espiritu\native.html --> uts.cc.utexas.edu /export/httpd/vhosts/texasbeyondhistory/data/protect/espiritu native.html
2006.09.16 17:32 B V:\TBH Website Temp\espiritu\reinterpret.html --> uts.cc.utexas.edu /export/httpd/vhosts/texasbeyondhistory/data/protect/espiritu reinterpret.html
2006.09.16 17:32 B V:\TBH Website Temp\espiritu\victoria.html --> uts.cc.utexas.edu /export/httpd/vhosts/texasbeyondhistory/data/protect/espiritu victoria.html
2006.09.16 17:32 B V:\TBH Website Temp\espiritu\WS_FTP.LOG --> uts.cc.utexas.edu /export/httpd/vhosts/texasbeyondhistory/data/protect/espiritu WS_FTP.LOG
2006.09.18 10:03 B V:\TBH Website Temp\espiritu\goliad.html --> uts.cc.utexas.edu /export/httpd/vhosts/texasbeyondhistory/data/protect/espiritu goliad.html
2006.09.18 11:58 B V:\TBH Website Temp\espiritu\credits.html --> uts.cc.utexas.edu /export/httpd/vhosts/texasbeyondhistory/data/protect/espiritu credits.html
2006.09.18 11:58 B V:\TBH Website Temp\espiritu\goliad.html --> uts.cc.utexas.edu /export/httpd/vhosts/texasbeyondhistory/data/protect/espiritu goliad.html
2006.09.18 11:58 B V:\TBH Website Temp\espiritu\index.html --> uts.cc.utexas.edu /export/httpd/vhosts/texasbeyondhistory/data/protect/espiritu index.html
2006.09.18 11:58 B V:\TBH Website Temp\espiritu\native.html --> uts.cc.utexas.edu /export/httpd/vhosts/texasbeyondhistory/data/protect/espiritu native.html
2006.09.18 11:58 B V:\TBH Website Temp\espiritu\reinterpret.html --> uts.cc.utexas.edu /export/httpd/vhosts/texasbeyondhistory/data/protect/espiritu reinterpret.html
2006.09.18 11:58 B V:\TBH Website Temp\espiritu\victoria.html --> uts.cc.utexas.edu /export/httpd/vhosts/texasbeyondhistory/data/protect/espiritu victoria.html
2006.09.18 11:58 B V:\TBH Website Temp\espiritu\WS_FTP.LOG --> uts.cc.utexas.edu /export/httpd/vhosts/texasbeyondhistory/data/protect/espiritu WS_FTP.LOG
2006.09.18 12:51 B V:\TBH Website Temp\espiritu\goliad.html --> uts.cc.utexas.edu /export/httpd/vhosts/texasbeyondhistory/data/protect/espiritu goliad.html
2006.09.18 14:34 B L:\TBH Website Temp\espiritu\credits.html --> uts.cc.utexas.edu /export/httpd/vhosts/texasbeyondhistory/data/espiritu credits.html
2006.09.18 14:34 B L:\TBH Website Temp\espiritu\goliad.html --> uts.cc.utexas.edu /export/httpd/vhosts/texasbeyondhistory/data/espiritu goliad.html
2006.09.18 14:34 B L:\TBH Website Temp\espiritu\index.html --> uts.cc.utexas.edu /export/httpd/vhosts/texasbeyondhistory/data/espiritu index.html
2006.09.18 14:34 B L:\TBH Website Temp\espiritu\native.html --> uts.cc.utexas.edu /export/httpd/vhosts/texasbeyondhistory/data/espiritu native.html
2006.09.18 14:34 B L:\TBH Website Temp\espiritu\reinterpret.html --> uts.cc.utexas.edu /export/httpd/vhosts/texasbeyondhistory/data/espiritu reinterpret.html
2006.09.18 14:34 B L:\TBH Website Temp\espiritu\victoria.html --> uts.cc.utexas.edu /export/httpd/vhosts/texasbeyondhistory/data/espiritu victoria.html
2006.09.18 14:34 B L:\TBH Website Temp\espiritu\WS_FTP.LOG --> uts.cc.utexas.edu /export/httpd/vhosts/texasbeyondhistory/data/espiritu WS_FTP.LOG
2006.09.18 14:37 B V:\TBH Website Temp\espiritu\goliad.html --> uts.cc.utexas.edu /export/httpd/vhosts/texasbeyondhistory/data/protect/espiritu goliad.html
2006.09.18 16:26 B V:\TBH Website Temp\espiritu\goliad.html --> uts.cc.utexas.edu /export/httpd/vhosts/texasbeyondhistory/data goliad.html
2006.09.18 16:29 B V:\TBH Website Temp\espiritu\credits.html --> uts.cc.utexas.edu /export/httpd/vhosts/texasbeyondhistory/data/espiritu credits.html
2006.09.18 16:29 B V:\TBH Website Temp\espiritu\goliad.html --> uts.cc.utexas.edu /export/httpd/vhosts/texasbeyondhistory/data/espiritu goliad.html
2006.09.18 16:48 B L:\TBH Website Temp\espiritu\victoria.html --> uts.cc.utexas.edu /export/httpd/vhosts/texasbeyondhistory/data/espiritu victoria.html
2006.09.18 16:48 B L:\TBH Website Temp\espiritu\reinterpret.html --> uts.cc.utexas.edu /export/httpd/vhosts/texasbeyondhistory/data/espiritu reinterpret.html
2006.09.18 16:48 B L:\TBH Website Temp\espiritu\native.html --> uts.cc.utexas.edu /export/httpd/vhosts/texasbeyondhistory/data/espiritu native.html
2006.09.18 16:48 B L:\TBH Website Temp\espiritu\index.html --> uts.cc.utexas.edu /export/httpd/vhosts/texasbeyondhistory/data/espiritu index.html
2006.09.19 18:00 B V:\TBH Website Temp\espiritu\credits.html --> uts.cc.utexas.edu /export/httpd/vhosts/texasbeyondhistory/data/espiritu credits.html
2006.09.19 20:59 B L:\TBH Website Temp\espiritu\WS_FTP.LOG --> uts.cc.utexas.edu /export/httpd/vhosts/texasbeyondhistory/data/espiritu WS_FTP.LOG
2006.09.19 20:59 B L:\TBH Website Temp\espiritu\credits.html --> uts.cc.utexas.edu /export/httpd/vhosts/texasbeyondhistory/data/espiritu credits.html
2006.09.19 21:00 B L:\TBH Website Temp\espiritu\victoria.html --> uts.cc.utexas.edu /export/httpd/vhosts/texasbeyondhistory/data/espiritu victoria.html
2006.09.19 21:00 B L:\TBH Website Temp\espiritu\index.html --> uts.cc.utexas.edu /export/httpd/vhosts/texasbeyondhistory/data/espiritu index.html
2006.09.19 21:00 B L:\TBH Website Temp\espiritu\goliad.html --> uts.cc.utexas.edu /export/httpd/vhosts/texasbeyondhistory/data/espiritu goliad.html
2006.09.20 17:26 B V:\TBH Website Temp\espiritu\reinterpret.html --> uts.cc.utexas.edu /export/httpd/vhosts/texasbeyondhistory/data/espiritu reinterpret.html
2006.09.25 17:53 B L:\TBH Website Temp\espiritu\credits.html --> uts.cc.utexas.edu /export/httpd/vhosts/texasbeyondhistory/data/espiritu credits.html
2006.09.25 17:53 B L:\TBH Website Temp\espiritu\goliad.html --> uts.cc.utexas.edu /export/httpd/vhosts/texasbeyondhistory/data/espiritu goliad.html
2006.09.25 17:53 B L:\TBH Website Temp\espiritu\index.html --> uts.cc.utexas.edu /export/httpd/vhosts/texasbeyondhistory/data/espiritu index.html
2006.09.25 17:53 B L:\TBH Website Temp\espiritu\native.html --> uts.cc.utexas.edu /export/httpd/vhosts/texasbeyondhistory/data/espiritu native.html
2006.09.25 17:53 B L:\TBH Website Temp\espiritu\reinterpret.html --> uts.cc.utexas.edu /export/httpd/vhosts/texasbeyondhistory/data/espiritu reinterpret.html
2006.09.25 17:53 B L:\TBH Website Temp\espiritu\TAS.html --> uts.cc.utexas.edu /export/httpd/vhosts/texasbeyondhistory/data/espiritu TAS.html
2006.09.25 17:53 B L:\TBH Website Temp\espiritu\victoria.html --> uts.cc.utexas.edu /export/httpd/vhosts/texasbeyondhistory/data/espiritu victoria.html
2006.09.25 17:53 B L:\TBH Website Temp\espiritu\WS_FTP.LOG --> uts.cc.utexas.edu /export/httpd/vhosts/texasbeyondhistory/data/espiritu WS_FTP.LOG
2006.09.27 17:36 B L:\TBH Website Temp\espiritu\goliad.html --> uts.cc.utexas.edu /export/httpd/vhosts/texasbeyondhistory/data/espiritu goliad.html
2006.09.27 17:36 B L:\TBH Website Temp\espiritu\WS_FTP.LOG --> uts.cc.utexas.edu /export/httpd/vhosts/texasbeyondhistory/data/espiritu WS_FTP.LOG
2006.10.03 11:05 B V:\TBH Website Temp\espiritu\index.html --> uts.cc.utexas.edu /export/httpd/vhosts/texasbeyondhistory/data/espiritu index.html
2006.10.03 11:05 B V:\TBH Website Temp\espiritu\goliad.html --> uts.cc.utexas.edu /export/httpd/vhosts/texasbeyondhistory/data/espiritu goliad.html
2006.10.11 18:15 B L:\TBH Website Temp\espiritu\index.html --> uts.cc.utexas.edu /export/httpd/vhosts/texasbeyondhistory/data/espiritu index.html
2006.10.11 18:15 B L:\TBH Website Temp\espiritu\goliad.html --> uts.cc.utexas.edu /export/httpd/vhosts/texasbeyondhistory/data/espiritu goliad.html
2006.11.01 17:54 B L:\TBH Website Temp\espiritu\credits.html --> uts.cc.utexas.edu /export/httpd/vhosts/texasbeyondhistory/data/espiritu credits.html
2006.11.01 17:54 B L:\TBH Website Temp\espiritu\goliad.html --> uts.cc.utexas.edu /export/httpd/vhosts/texasbeyondhistory/data/espiritu goliad.html
2006.11.01 17:54 B L:\TBH Website Temp\espiritu\index.html --> uts.cc.utexas.edu /export/httpd/vhosts/texasbeyondhistory/data/espiritu index.html
2006.11.01 17:54 B L:\TBH Website Temp\espiritu\native.html --> uts.cc.utexas.edu /export/httpd/vhosts/texasbeyondhistory/data/espiritu native.html
2006.11.01 17:54 B L:\TBH Website Temp\espiritu\reinterpret.html --> uts.cc.utexas.edu /export/httpd/vhosts/texasbeyondhistory/data/espiritu reinterpret.html
2006.11.01 17:54 B L:\TBH Website Temp\espiritu\TAS.html --> uts.cc.utexas.edu /export/httpd/vhosts/texasbeyondhistory/data/espiritu TAS.html
2006.11.01 17:54 B L:\TBH Website Temp\espiritu\victoria.html --> uts.cc.utexas.edu /export/httpd/vhosts/texasbeyondhistory/data/espiritu victoria.html
2007.03.07 08:58 B V:\TBH Website Temp\espiritu\TAS.html --> uts.cc.utexas.edu /export/httpd/vhosts/texasbeyondhistory/data/espiritu TAS.html
2007.05.16 12:40 B V:\TBH Website Temp\espiritu\index.html --> uts.cc.utexas.edu /export/httpd/vhosts/texasbeyondhistory/data/espiritu index.html
