2003.08.02 13:32 B C:\WINDOWS\Desktop\TBH\content\Tejas\Map Tool\graphics\clicklayer.gif <-- TARL /Website Stuff/Transfer to Meg/Tejas/Map Tool/graphics clicklayer.gif
2003.08.02 13:32 B C:\WINDOWS\Desktop\TBH\content\Tejas\Map Tool\graphics\map_tool_FRAME1.jpg <-- TARL /Website Stuff/Transfer to Meg/Tejas/Map Tool/graphics map_tool_FRAME1.jpg
2003.08.02 13:32 B C:\WINDOWS\Desktop\TBH\content\Tejas\Map Tool\graphics\map_tool_FRAME2.jpg <-- TARL /Website Stuff/Transfer to Meg/Tejas/Map Tool/graphics map_tool_FRAME2.jpg
2003.08.02 13:32 B C:\WINDOWS\Desktop\TBH\content\Tejas\Map Tool\graphics\map_tool_FRAME3.jpg <-- TARL /Website Stuff/Transfer to Meg/Tejas/Map Tool/graphics map_tool_FRAME3.jpg
2003.08.02 13:32 B C:\WINDOWS\Desktop\TBH\content\Tejas\Map Tool\graphics\map_tool_FRAME4.jpg <-- TARL /Website Stuff/Transfer to Meg/Tejas/Map Tool/graphics map_tool_FRAME4.jpg
2003.08.02 13:32 B C:\WINDOWS\Desktop\TBH\content\Tejas\Map Tool\graphics\Thumbs.db <-- TARL /Website Stuff/Transfer to Meg/Tejas/Map Tool/graphics Thumbs.db
2003.08.02 13:32 B C:\WINDOWS\Desktop\TBH\content\Tejas\Map Tool\graphics\transparent.gif <-- TARL /Website Stuff/Transfer to Meg/Tejas/Map Tool/graphics transparent.gif
2003.07.27 19:09 B K:\TBH Website Temp\tejas\map\graphics\clicklayer.gif --> uts.cc.utexas.edu /export/httpd/vhosts/texasbeyondhistory/data/tejas/map/graphics clicklayer.gif
2003.07.27 19:09 B K:\TBH Website Temp\tejas\map\graphics\map_tool_FRAME1.jpg --> uts.cc.utexas.edu /export/httpd/vhosts/texasbeyondhistory/data/tejas/map/graphics map_tool_FRAME1.jpg
2003.07.27 19:09 B K:\TBH Website Temp\tejas\map\graphics\map_tool_FRAME2.jpg --> uts.cc.utexas.edu /export/httpd/vhosts/texasbeyondhistory/data/tejas/map/graphics map_tool_FRAME2.jpg
2003.07.27 19:09 B K:\TBH Website Temp\tejas\map\graphics\map_tool_FRAME3.jpg --> uts.cc.utexas.edu /export/httpd/vhosts/texasbeyondhistory/data/tejas/map/graphics map_tool_FRAME3.jpg
2003.07.27 19:09 B K:\TBH Website Temp\tejas\map\graphics\map_tool_FRAME4.jpg --> uts.cc.utexas.edu /export/httpd/vhosts/texasbeyondhistory/data/tejas/map/graphics map_tool_FRAME4.jpg
2003.07.27 19:09 B K:\TBH Website Temp\tejas\map\graphics\Thumbs.db --> uts.cc.utexas.edu /export/httpd/vhosts/texasbeyondhistory/data/tejas/map/graphics Thumbs.db
2003.07.27 19:09 B K:\TBH Website Temp\tejas\map\graphics\transparent.gif --> uts.cc.utexas.edu /export/httpd/vhosts/texasbeyondhistory/data/tejas/map/graphics transparent.gif
2003.07.27 19:09 B K:\TBH Website Temp\tejas\map\graphics\WS_FTP.LOG --> uts.cc.utexas.edu /export/httpd/vhosts/texasbeyondhistory/data/tejas/map/graphics WS_FTP.LOG
2003.07.31 22:00 B K:\TBH Website Temp\tejas\map\graphics\map_tool_frame4.jpg --> uts.cc.utexas.edu /export/httpd/vhosts/texasbeyondhistory/data/tejas/map/graphics map_tool_frame4.jpg
2003.07.31 22:00 B K:\TBH Website Temp\tejas\map\graphics\map_tool_frame3.jpg --> uts.cc.utexas.edu /export/httpd/vhosts/texasbeyondhistory/data/tejas/map/graphics map_tool_frame3.jpg
2003.07.31 22:00 B K:\TBH Website Temp\tejas\map\graphics\map_tool_frame2.jpg --> uts.cc.utexas.edu /export/httpd/vhosts/texasbeyondhistory/data/tejas/map/graphics map_tool_frame2.jpg
2003.07.31 22:00 B K:\TBH Website Temp\tejas\map\graphics\map_tool_frame1.jpg --> uts.cc.utexas.edu /export/httpd/vhosts/texasbeyondhistory/data/tejas/map/graphics map_tool_frame1.jpg
2003.07.31 22:07 B K:\TBH Website Temp\tejas\map\graphics\map_tool_frame1.jpg --> uts.cc.utexas.edu /export/httpd/vhosts/texasbeyondhistory/data/tejas/map/graphics map_tool_frame1.jpg
2003.07.31 22:07 B K:\TBH Website Temp\tejas\map\graphics\map_tool_frame2.jpg --> uts.cc.utexas.edu /export/httpd/vhosts/texasbeyondhistory/data/tejas/map/graphics map_tool_frame2.jpg
2003.07.31 22:07 B K:\TBH Website Temp\tejas\map\graphics\map_tool_frame3.jpg --> uts.cc.utexas.edu /export/httpd/vhosts/texasbeyondhistory/data/tejas/map/graphics map_tool_frame3.jpg
2003.07.31 22:07 B K:\TBH Website Temp\tejas\map\graphics\map_tool_frame4.jpg --> uts.cc.utexas.edu /export/httpd/vhosts/texasbeyondhistory/data/tejas/map/graphics map_tool_frame4.jpg
2003.07.31 22:14 B K:\TBH Website Temp\tejas\map\graphics\clicklayer.gif --> uts.cc.utexas.edu /export/httpd/vhosts/texasbeyondhistory/data/tejas/map/graphics clicklayer.gif
2003.07.31 22:14 B K:\TBH Website Temp\tejas\map\graphics\Thumbs.db --> uts.cc.utexas.edu /export/httpd/vhosts/texasbeyondhistory/data/tejas/map/graphics Thumbs.db
2003.07.31 22:14 B K:\TBH Website Temp\tejas\map\graphics\transparent.gif --> uts.cc.utexas.edu /export/httpd/vhosts/texasbeyondhistory/data/tejas/map/graphics transparent.gif
2003.07.31 22:14 B K:\TBH Website Temp\tejas\map\graphics\map_tool_frame1.jpg --> uts.cc.utexas.edu /export/httpd/vhosts/texasbeyondhistory/data/tejas/map/graphics map_tool_frame1.jpg
2003.07.31 22:14 B K:\TBH Website Temp\tejas\map\graphics\map_tool_frame2.jpg --> uts.cc.utexas.edu /export/httpd/vhosts/texasbeyondhistory/data/tejas/map/graphics map_tool_frame2.jpg
2003.07.31 22:14 B K:\TBH Website Temp\tejas\map\graphics\map_tool_frame3.jpg --> uts.cc.utexas.edu /export/httpd/vhosts/texasbeyondhistory/data/tejas/map/graphics map_tool_frame3.jpg
2003.07.31 22:14 B K:\TBH Website Temp\tejas\map\graphics\map_tool_frame4.jpg --> uts.cc.utexas.edu /export/httpd/vhosts/texasbeyondhistory/data/tejas/map/graphics map_tool_frame4.jpg
2003.07.31 22:14 B K:\TBH Website Temp\tejas\map\graphics\WS_FTP.LOG --> uts.cc.utexas.edu /export/httpd/vhosts/texasbeyondhistory/data/tejas/map/graphics WS_FTP.LOG
