2005.06.18 13:54 B L:\TBH Website Temp\prehistoric\images\map\_notes\texas_r1_c1.gif.mno <-- texasbeyondhistory /export/httpd/vhosts/texasbeyondhistory/data/protect/prehistoric/images/map/_notes texas_r1_c1.gif.mno
2005.06.18 13:54 B L:\TBH Website Temp\prehistoric\images\map\_notes\texas_r2_c1.gif.mno <-- texasbeyondhistory /export/httpd/vhosts/texasbeyondhistory/data/protect/prehistoric/images/map/_notes texas_r2_c1.gif.mno
2005.06.18 13:54 B L:\TBH Website Temp\prehistoric\images\map\_notes\texas_r2_c3.gif.mno <-- texasbeyondhistory /export/httpd/vhosts/texasbeyondhistory/data/protect/prehistoric/images/map/_notes texas_r2_c3.gif.mno
2005.06.18 13:54 B L:\TBH Website Temp\prehistoric\images\map\_notes\texas_r2_c3_f5.gif.mno <-- texasbeyondhistory /export/httpd/vhosts/texasbeyondhistory/data/protect/prehistoric/images/map/_notes texas_r2_c3_f5.gif.mno
2005.06.18 13:54 B L:\TBH Website Temp\prehistoric\images\map\_notes\texas_r2_c5.gif.mno <-- texasbeyondhistory /export/httpd/vhosts/texasbeyondhistory/data/protect/prehistoric/images/map/_notes texas_r2_c5.gif.mno
2005.06.18 13:54 B L:\TBH Website Temp\prehistoric\images\map\_notes\texas_r3_c3.gif.mno <-- texasbeyondhistory /export/httpd/vhosts/texasbeyondhistory/data/protect/prehistoric/images/map/_notes texas_r3_c3.gif.mno
2005.06.18 13:54 B L:\TBH Website Temp\prehistoric\images\map\_notes\texas_r4_c1.gif.mno <-- texasbeyondhistory /export/httpd/vhosts/texasbeyondhistory/data/protect/prehistoric/images/map/_notes texas_r4_c1.gif.mno
2005.06.18 13:54 B L:\TBH Website Temp\prehistoric\images\map\_notes\texas_r4_c2.gif.mno <-- texasbeyondhistory /export/httpd/vhosts/texasbeyondhistory/data/protect/prehistoric/images/map/_notes texas_r4_c2.gif.mno
2005.06.18 13:54 B L:\TBH Website Temp\prehistoric\images\map\_notes\texas_r4_c2_f3.gif.mno <-- texasbeyondhistory /export/httpd/vhosts/texasbeyondhistory/data/protect/prehistoric/images/map/_notes texas_r4_c2_f3.gif.mno
2005.06.18 13:54 B L:\TBH Website Temp\prehistoric\images\map\_notes\texas_r4_c4.gif.mno <-- texasbeyondhistory /export/httpd/vhosts/texasbeyondhistory/data/protect/prehistoric/images/map/_notes texas_r4_c4.gif.mno
2005.06.18 13:54 B L:\TBH Website Temp\prehistoric\images\map\_notes\texas_r5_c2.gif.mno <-- texasbeyondhistory /export/httpd/vhosts/texasbeyondhistory/data/protect/prehistoric/images/map/_notes texas_r5_c2.gif.mno
2005.07.05 12:04 B L:\TBH Website Temp\prehistoric\images\map\_notes\WS_FTP.LOG --> uts.cc.utexas.edu /export/httpd/vhosts/texasbeyondhistory/data/protect/prehistoric/images/map/_notes WS_FTP.LOG
2005.07.30 17:35 B L:\TBH Website Temp\prehistoric\images\map\_notes\texas_r1_c1.gif.mno --> uts.cc.utexas.edu /export/httpd/vhosts/texasbeyondhistory/data/prehistoric/images/map/_notes texas_r1_c1.gif.mno
2005.07.30 17:35 B L:\TBH Website Temp\prehistoric\images\map\_notes\texas_r2_c1.gif.mno --> uts.cc.utexas.edu /export/httpd/vhosts/texasbeyondhistory/data/prehistoric/images/map/_notes texas_r2_c1.gif.mno
2005.07.30 17:35 B L:\TBH Website Temp\prehistoric\images\map\_notes\texas_r2_c3.gif.mno --> uts.cc.utexas.edu /export/httpd/vhosts/texasbeyondhistory/data/prehistoric/images/map/_notes texas_r2_c3.gif.mno
2005.07.30 17:35 B L:\TBH Website Temp\prehistoric\images\map\_notes\texas_r2_c3_f5.gif.mno --> uts.cc.utexas.edu /export/httpd/vhosts/texasbeyondhistory/data/prehistoric/images/map/_notes texas_r2_c3_f5.gif.mno
2005.07.30 17:35 B L:\TBH Website Temp\prehistoric\images\map\_notes\texas_r2_c5.gif.mno --> uts.cc.utexas.edu /export/httpd/vhosts/texasbeyondhistory/data/prehistoric/images/map/_notes texas_r2_c5.gif.mno
2005.07.30 17:35 B L:\TBH Website Temp\prehistoric\images\map\_notes\texas_r3_c3.gif.mno --> uts.cc.utexas.edu /export/httpd/vhosts/texasbeyondhistory/data/prehistoric/images/map/_notes texas_r3_c3.gif.mno
2005.07.30 17:35 B L:\TBH Website Temp\prehistoric\images\map\_notes\texas_r4_c1.gif.mno --> uts.cc.utexas.edu /export/httpd/vhosts/texasbeyondhistory/data/prehistoric/images/map/_notes texas_r4_c1.gif.mno
2005.07.30 17:35 B L:\TBH Website Temp\prehistoric\images\map\_notes\texas_r4_c2.gif.mno --> uts.cc.utexas.edu /export/httpd/vhosts/texasbeyondhistory/data/prehistoric/images/map/_notes texas_r4_c2.gif.mno
2005.07.30 17:35 B L:\TBH Website Temp\prehistoric\images\map\_notes\texas_r4_c2_f3.gif.mno --> uts.cc.utexas.edu /export/httpd/vhosts/texasbeyondhistory/data/prehistoric/images/map/_notes texas_r4_c2_f3.gif.mno
2005.07.30 17:35 B L:\TBH Website Temp\prehistoric\images\map\_notes\texas_r4_c4.gif.mno --> uts.cc.utexas.edu /export/httpd/vhosts/texasbeyondhistory/data/prehistoric/images/map/_notes texas_r4_c4.gif.mno
2005.07.30 17:35 B L:\TBH Website Temp\prehistoric\images\map\_notes\texas_r5_c2.gif.mno --> uts.cc.utexas.edu /export/httpd/vhosts/texasbeyondhistory/data/prehistoric/images/map/_notes texas_r5_c2.gif.mno
