2003.06.07 11:16 B G:\Website Stuff\TBH Website Temp\forts\clark\images\benjuly.html --> uts.cc.utexas.edu /export/httpd/vhosts/texasbeyondhistory/data/forts/clark/images benjuly.html
2003.06.07 11:18 B G:\Website Stuff\TBH Website Temp\forts\clark\images\coq30.html --> uts.cc.utexas.edu /export/httpd/vhosts/texasbeyondhistory/data/forts/clark/images coq30.html
2003.06.07 11:20 B G:\Website Stuff\TBH Website Temp\forts\clark\images\scouts.html --> uts.cc.utexas.edu /export/httpd/vhosts/texasbeyondhistory/data/forts/clark/images scouts.html
2003.06.07 11:21 B G:\Website Stuff\TBH Website Temp\forts\clark\images\patton.html --> uts.cc.utexas.edu /export/httpd/vhosts/texasbeyondhistory/data/forts/clark/images patton.html
2003.06.07 11:22 B G:\Website Stuff\TBH Website Temp\forts\clark\images\lieutenants.html --> uts.cc.utexas.edu /export/httpd/vhosts/texasbeyondhistory/data/forts/clark/images lieutenants.html
2003.06.07 11:22 B G:\Website Stuff\TBH Website Temp\forts\clark\images\julyshields.html --> uts.cc.utexas.edu /export/httpd/vhosts/texasbeyondhistory/data/forts/clark/images julyshields.html
2003.06.07 11:23 B G:\Website Stuff\TBH Website Temp\forts\clark\images\jefferson.html --> uts.cc.utexas.edu /export/httpd/vhosts/texasbeyondhistory/data/forts/clark/images jefferson.html
2003.06.07 11:23 B G:\Website Stuff\TBH Website Temp\forts\clark\images\wagon.html --> uts.cc.utexas.edu /export/httpd/vhosts/texasbeyondhistory/data/forts/clark/images wagon.html
2003.06.07 11:27 B G:\Website Stuff\TBH Website Temp\forts\clark\images\jones47.html --> uts.cc.utexas.edu /export/httpd/vhosts/texasbeyondhistory/data/forts/clark/images jones47.html
2003.06.07 11:28 B G:\Website Stuff\TBH Website Temp\forts\clark\images\jones18.html --> uts.cc.utexas.edu /export/httpd/vhosts/texasbeyondhistory/data/forts/clark/images jones18.html
2003.06.07 11:59 B G:\Website Stuff\TBH Website Temp\forts\clark\images\scrub.html --> uts.cc.utexas.edu /export/httpd/vhosts/texasbeyondhistory/data/forts/clark/images scrub.html
2003.06.07 12:00 B G:\Website Stuff\TBH Website Temp\forts\clark\images\kickapoo.html --> uts.cc.utexas.edu /export/httpd/vhosts/texasbeyondhistory/data/forts/clark/images kickapoo.html
2003.06.07 12:00 B G:\Website Stuff\TBH Website Temp\forts\clark\images\ripford.html --> uts.cc.utexas.edu /export/httpd/vhosts/texasbeyondhistory/data/forts/clark/images ripford.html
2003.06.07 12:00 B G:\Website Stuff\TBH Website Temp\forts\clark\images\travelers.html --> uts.cc.utexas.edu /export/httpd/vhosts/texasbeyondhistory/data/forts/clark/images travelers.html
2003.06.07 12:01 B G:\Website Stuff\TBH Website Temp\forts\clark\images\dragoons.html --> uts.cc.utexas.edu /export/httpd/vhosts/texasbeyondhistory/data/forts/clark/images dragoons.html
2003.06.07 12:01 B G:\Website Stuff\TBH Website Temp\forts\clark\images\hardee.html --> uts.cc.utexas.edu /export/httpd/vhosts/texasbeyondhistory/data/forts/clark/images hardee.html
2003.06.07 12:01 B G:\Website Stuff\TBH Website Temp\forts\clark\images\clark.html --> uts.cc.utexas.edu /export/httpd/vhosts/texasbeyondhistory/data/forts/clark/images clark.html
2003.06.07 12:02 B G:\Website Stuff\TBH Website Temp\forts\clark\images\cowboys.html --> uts.cc.utexas.edu /export/httpd/vhosts/texasbeyondhistory/data/forts/clark/images cowboys.html
2003.06.07 12:02 B G:\Website Stuff\TBH Website Temp\forts\clark\images\longhorn.html --> uts.cc.utexas.edu /export/httpd/vhosts/texasbeyondhistory/data/forts/clark/images longhorn.html
2003.06.07 12:03 B G:\Website Stuff\TBH Website Temp\forts\clark\images\ringgold.html --> uts.cc.utexas.edu /export/httpd/vhosts/texasbeyondhistory/data/forts/clark/images ringgold.html
2003.06.07 14:55 B G:\Website Stuff\TBH Website Temp\forts\clark\images\buzzards.html --> uts.cc.utexas.edu /export/httpd/vhosts/texasbeyondhistory/data/forts/clark/images buzzards.html
2003.06.07 14:56 B G:\Website Stuff\TBH Website Temp\forts\clark\images\clarktoday.html --> uts.cc.utexas.edu /export/httpd/vhosts/texasbeyondhistory/data/forts/clark/images clarktoday.html
2003.06.07 14:57 B G:\Website Stuff\TBH Website Temp\forts\clark\images\mikado.html --> uts.cc.utexas.edu /export/httpd/vhosts/texasbeyondhistory/data/forts/clark/images mikado.html
2003.06.07 14:57 B G:\Website Stuff\TBH Website Temp\forts\clark\images\patton.html --> uts.cc.utexas.edu /export/httpd/vhosts/texasbeyondhistory/data/forts/clark/images patton.html
2003.06.07 14:58 B G:\Website Stuff\TBH Website Temp\forts\clark\images\ringgold.html --> uts.cc.utexas.edu /export/httpd/vhosts/texasbeyondhistory/data/forts/clark/images ringgold.html
2003.06.07 14:58 B G:\Website Stuff\TBH Website Temp\forts\clark\images\hill.html --> uts.cc.utexas.edu /export/httpd/vhosts/texasbeyondhistory/data/forts/clark/images hill.html
2003.06.07 14:59 B G:\Website Stuff\TBH Website Temp\forts\clark\images\ripford.html --> uts.cc.utexas.edu /export/httpd/vhosts/texasbeyondhistory/data/forts/clark/images ripford.html
2003.06.07 14:59 B G:\Website Stuff\TBH Website Temp\forts\clark\images\travelers.html --> uts.cc.utexas.edu /export/httpd/vhosts/texasbeyondhistory/data/forts/clark/images travelers.html
2003.06.27 14:13 B G:\Website Stuff\TBH Website Temp\forts\clark\images\benjuly.html --> uts.cc.utexas.edu /export/httpd/vhosts/texasbeyondhistory/data/forts/clark/images benjuly.html
2003.06.27 14:14 B G:\Website Stuff\TBH Website Temp\forts\clark\images\grave.html --> uts.cc.utexas.edu /export/httpd/vhosts/texasbeyondhistory/data/forts/clark/images grave.html
2003.06.27 14:14 B G:\Website Stuff\TBH Website Temp\forts\clark\images\jefferson.html --> uts.cc.utexas.edu /export/httpd/vhosts/texasbeyondhistory/data/forts/clark/images jefferson.html
2003.06.27 14:15 B G:\Website Stuff\TBH Website Temp\forts\clark\images\julyshields.html --> uts.cc.utexas.edu /export/httpd/vhosts/texasbeyondhistory/data/forts/clark/images julyshields.html
2003.06.27 14:15 B G:\Website Stuff\TBH Website Temp\forts\clark\images\jones47.html --> uts.cc.utexas.edu /export/httpd/vhosts/texasbeyondhistory/data/forts/clark/images jones47.html
2003.06.27 14:16 B G:\Website Stuff\TBH Website Temp\forts\clark\images\scouts.html --> uts.cc.utexas.edu /export/httpd/vhosts/texasbeyondhistory/data/forts/clark/images scouts.html
2003.06.27 14:16 B G:\Website Stuff\TBH Website Temp\forts\clark\images\jones18.html --> uts.cc.utexas.edu /export/httpd/vhosts/texasbeyondhistory/data/forts/clark/images jones18.html
