2003.01.31 09:37 B G:\Website Stuff\TBH Website Temp\kids\caddo\building.html --> uts.cc.utexas.edu /export/httpd/vhosts/texasbeyondhistory/data/kids/caddo building.html
2003.01.31 09:37 B G:\Website Stuff\TBH Website Temp\kids\caddo\explorers.html --> uts.cc.utexas.edu /export/httpd/vhosts/texasbeyondhistory/data/kids/caddo explorers.html
2003.01.31 09:37 B G:\Website Stuff\TBH Website Temp\kids\caddo\houses.html --> uts.cc.utexas.edu /export/httpd/vhosts/texasbeyondhistory/data/kids/caddo houses.html
2003.08.06 09:23 B K:\TBH Website Temp\kids\caddo\building.html --> uts.cc.utexas.edu /export/httpd/vhosts/texasbeyondhistory/data/kids/caddo building.html
2003.08.06 09:23 B K:\TBH Website Temp\kids\caddo\credits.html --> uts.cc.utexas.edu /export/httpd/vhosts/texasbeyondhistory/data/kids/caddo credits.html
2003.08.06 09:23 B K:\TBH Website Temp\kids\caddo\explorers.html --> uts.cc.utexas.edu /export/httpd/vhosts/texasbeyondhistory/data/kids/caddo explorers.html
2003.08.06 09:23 B K:\TBH Website Temp\kids\caddo\houses.html --> uts.cc.utexas.edu /export/httpd/vhosts/texasbeyondhistory/data/kids/caddo houses.html
2003.08.06 09:23 B K:\TBH Website Temp\kids\caddo\index.html --> uts.cc.utexas.edu /export/httpd/vhosts/texasbeyondhistory/data/kids/caddo index.html
2003.08.06 09:23 B K:\TBH Website Temp\kids\caddo\inside.html --> uts.cc.utexas.edu /export/httpd/vhosts/texasbeyondhistory/data/kids/caddo inside.html
2003.08.06 09:23 B K:\TBH Website Temp\kids\caddo\mounds.html --> uts.cc.utexas.edu /export/httpd/vhosts/texasbeyondhistory/data/kids/caddo mounds.html
2003.08.06 09:23 B K:\TBH Website Temp\kids\caddo\traces.html --> uts.cc.utexas.edu /export/httpd/vhosts/texasbeyondhistory/data/kids/caddo traces.html
2003.08.06 09:23 B K:\TBH Website Temp\kids\caddo\village.html --> uts.cc.utexas.edu /export/httpd/vhosts/texasbeyondhistory/data/kids/caddo village.html
2003.08.06 09:23 B K:\TBH Website Temp\kids\caddo\who.html --> uts.cc.utexas.edu /export/httpd/vhosts/texasbeyondhistory/data/kids/caddo who.html
2003.08.06 09:23 B K:\TBH Website Temp\kids\caddo\WS_FTP.LOG --> uts.cc.utexas.edu /export/httpd/vhosts/texasbeyondhistory/data/kids/caddo WS_FTP.LOG
2003.08.06 14:04 B G:\Website Stuff\TBH Website Temp\kids\caddo\credits.html --> uts.cc.utexas.edu /export/httpd/vhosts/texasbeyondhistory/data/kids/caddo credits.html
2003.08.06 14:04 B G:\Website Stuff\TBH Website Temp\kids\caddo\inside.html --> uts.cc.utexas.edu /export/httpd/vhosts/texasbeyondhistory/data/kids/caddo inside.html
2003.08.06 14:04 B G:\Website Stuff\TBH Website Temp\kids\caddo\mounds.html --> uts.cc.utexas.edu /export/httpd/vhosts/texasbeyondhistory/data/kids/caddo mounds.html
2003.08.06 14:05 B G:\Website Stuff\TBH Website Temp\kids\caddo\village.html --> uts.cc.utexas.edu /export/httpd/vhosts/texasbeyondhistory/data/kids/caddo village.html
2003.08.06 14:05 B G:\Website Stuff\TBH Website Temp\kids\caddo\who.html --> uts.cc.utexas.edu /export/httpd/vhosts/texasbeyondhistory/data/kids/caddo who.html
2003.08.08 14:25 B G:\Website Stuff\TBH Website Temp\kids\caddo\building.html --> uts.cc.utexas.edu /export/httpd/vhosts/texasbeyondhistory/data/kids/caddo building.html
2003.08.08 14:25 B G:\Website Stuff\TBH Website Temp\kids\caddo\credits.html --> uts.cc.utexas.edu /export/httpd/vhosts/texasbeyondhistory/data/kids/caddo credits.html
2003.08.08 14:25 B G:\Website Stuff\TBH Website Temp\kids\caddo\explorers.html --> uts.cc.utexas.edu /export/httpd/vhosts/texasbeyondhistory/data/kids/caddo explorers.html
2003.08.08 14:26 B G:\Website Stuff\TBH Website Temp\kids\caddo\houses.html --> uts.cc.utexas.edu /export/httpd/vhosts/texasbeyondhistory/data/kids/caddo houses.html
2003.08.08 14:26 B G:\Website Stuff\TBH Website Temp\kids\caddo\inside.html --> uts.cc.utexas.edu /export/httpd/vhosts/texasbeyondhistory/data/kids/caddo inside.html
2003.08.08 14:26 B G:\Website Stuff\TBH Website Temp\kids\caddo\mounds.html --> uts.cc.utexas.edu /export/httpd/vhosts/texasbeyondhistory/data/kids/caddo mounds.html
2003.08.08 14:26 B G:\Website Stuff\TBH Website Temp\kids\caddo\museum.html --> uts.cc.utexas.edu /export/httpd/vhosts/texasbeyondhistory/data/kids/caddo museum.html
2003.08.08 14:26 B G:\Website Stuff\TBH Website Temp\kids\caddo\searching.html --> uts.cc.utexas.edu /export/httpd/vhosts/texasbeyondhistory/data/kids/caddo searching.html
2003.08.08 14:27 B G:\Website Stuff\TBH Website Temp\kids\caddo\special.html --> uts.cc.utexas.edu /export/httpd/vhosts/texasbeyondhistory/data/kids/caddo special.html
2003.08.08 14:27 B G:\Website Stuff\TBH Website Temp\kids\caddo\style.html --> uts.cc.utexas.edu /export/httpd/vhosts/texasbeyondhistory/data/kids/caddo style.html
2003.08.08 14:27 B G:\Website Stuff\TBH Website Temp\kids\caddo\tools.html --> uts.cc.utexas.edu /export/httpd/vhosts/texasbeyondhistory/data/kids/caddo tools.html
2003.08.08 14:27 B G:\Website Stuff\TBH Website Temp\kids\caddo\traces.html --> uts.cc.utexas.edu /export/httpd/vhosts/texasbeyondhistory/data/kids/caddo traces.html
2003.08.08 14:27 B G:\Website Stuff\TBH Website Temp\kids\caddo\village.html --> uts.cc.utexas.edu /export/httpd/vhosts/texasbeyondhistory/data/kids/caddo village.html
2003.08.08 14:27 B G:\Website Stuff\TBH Website Temp\kids\caddo\who.html --> uts.cc.utexas.edu /export/httpd/vhosts/texasbeyondhistory/data/kids/caddo who.html
2003.08.14 17:42 B K:\TBH Website Temp\kids\caddo\village.html --> uts.cc.utexas.edu /export/httpd/vhosts/texasbeyondhistory/data/kids/caddo village.html
2003.08.14 17:42 B K:\TBH Website Temp\kids\caddo\mounds.html --> uts.cc.utexas.edu /export/httpd/vhosts/texasbeyondhistory/data/kids/caddo mounds.html
2003.08.14 17:42 B K:\TBH Website Temp\kids\caddo\index.html --> uts.cc.utexas.edu /export/httpd/vhosts/texasbeyondhistory/data/kids/caddo index.html
2003.08.14 17:42 B K:\TBH Website Temp\kids\caddo\credits.html --> uts.cc.utexas.edu /export/httpd/vhosts/texasbeyondhistory/data/kids/caddo credits.html
2003.08.14 17:42 B K:\TBH Website Temp\kids\caddo\WS_FTP.LOG --> uts.cc.utexas.edu /export/httpd/vhosts/texasbeyondhistory/data/kids/caddo WS_FTP.LOG
2003.08.14 17:42 B K:\TBH Website Temp\kids\caddo\clay.html --> uts.cc.utexas.edu /export/httpd/vhosts/texasbeyondhistory/data/kids/caddo clay.html
2003.08.15 09:24 B G:\Website Stuff\TBH Website Temp\kids\caddo\searching.html --> uts.cc.utexas.edu /export/httpd/vhosts/texasbeyondhistory/data/kids/caddo searching.html
2003.08.15 10:44 B G:\Website Stuff\TBH Website Temp\kids\caddo\clay.html --> uts.cc.utexas.edu /export/httpd/vhosts/texasbeyondhistory/data/kids/caddo clay.html
2003.08.15 10:45 B G:\Website Stuff\TBH Website Temp\kids\caddo\special.html --> uts.cc.utexas.edu /export/httpd/vhosts/texasbeyondhistory/data/kids/caddo special.html
2003.08.15 10:45 B G:\Website Stuff\TBH Website Temp\kids\caddo\tools.html --> uts.cc.utexas.edu /export/httpd/vhosts/texasbeyondhistory/data/kids/caddo tools.html
2003.08.15 10:46 B G:\Website Stuff\TBH Website Temp\kids\caddo\village.html --> uts.cc.utexas.edu /export/httpd/vhosts/texasbeyondhistory/data/kids/caddo village.html
2003.08.15 11:33 B G:\Website Stuff\TBH Website Temp\kids\caddo\searching.html --> uts.cc.utexas.edu /export/httpd/vhosts/texasbeyondhistory/data/kids/caddo searching.html
2003.08.15 14:38 B K:\TBH Website Temp\kids\caddo\index.html --> uts.cc.utexas.edu /export/httpd/vhosts/texasbeyondhistory/data/kids/caddo index.html
2003.08.15 14:38 B K:\TBH Website Temp\kids\caddo\houses.html --> uts.cc.utexas.edu /export/httpd/vhosts/texasbeyondhistory/data/kids/caddo houses.html
2003.09.09 11:22 B G:\Website Stuff\TBH Website Temp\kids\caddo\who.html --> uts.cc.utexas.edu /export/httpd/vhosts/texasbeyondhistory/data/kids/caddo who.html
2003.09.09 11:22 B G:\Website Stuff\TBH Website Temp\kids\caddo\credits.html --> uts.cc.utexas.edu /export/httpd/vhosts/texasbeyondhistory/data/kids/caddo credits.html
2004.04.21 14:41 B G:\TBH Website Temp\kids\caddo\searching.html --> uts.cc.utexas.edu /export/httpd/vhosts/texasbeyondhistory/data/kids/caddo searching.html
2004.04.30 10:28 B G:\TBH Website Temp\kids\caddo\searching.html --> uts.cc.utexas.edu /export/httpd/vhosts/texasbeyondhistory/data/kids/caddo searching.html
2005.01.10 11:42 B G:\TBH Website Temp\kids\caddo\building.html --> uts.cc.utexas.edu /export/httpd/vhosts/texasbeyondhistory/data/kids/caddo building.html
2005.04.18 10:40 B G:\TBH Website Temp\kids\caddo\credits.html --> uts.cc.utexas.edu /export/httpd/vhosts/texasbeyondhistory/data/kids/caddo credits.html
2005.06.19 11:23 B L:\TBH Website Temp\kids\caddo\WS_FTP.LOG <-- texasbeyondhistory /export/httpd/vhosts/texasbeyondhistory/data/kids/caddo WS_FTP.LOG
2005.08.18 12:24 B L:\TBH Website Temp\kids\caddo\index.html --> uts.cc.utexas.edu /export/httpd/vhosts/texasbeyondhistory/data/kids/caddo index.html
2005.08.18 12:24 B L:\TBH Website Temp\kids\caddo\WS_FTP.LOG --> uts.cc.utexas.edu /export/httpd/vhosts/texasbeyondhistory/data/kids/caddo WS_FTP.LOG
2005.08.18 12:24 B L:\TBH Website Temp\kids\caddo\traces.html --> uts.cc.utexas.edu /export/httpd/vhosts/texasbeyondhistory/data/kids/caddo traces.html
2005.08.18 12:24 B L:\TBH Website Temp\kids\caddo\style.html --> uts.cc.utexas.edu /export/httpd/vhosts/texasbeyondhistory/data/kids/caddo style.html
2005.08.18 12:24 B L:\TBH Website Temp\kids\caddo\museum.html --> uts.cc.utexas.edu /export/httpd/vhosts/texasbeyondhistory/data/kids/caddo museum.html
2005.11.23 15:30 B P:\kids\caddo\index.html <-- TBH /export/httpd/vhosts/texasbeyondhistory/data/kids/caddo index.html
2005.11.23 15:31 B P:\kids\caddo\index.html --> uts.cc.utexas.edu /export/httpd/vhosts/texasbeyondhistory/data/kids/caddo index.html
2006.01.19 17:29 B Z:\Website Stuff\TBH Website Temp\kids\caddo\searching.html --> uts.cc.utexas.edu /export/httpd/vhosts/texasbeyondhistory/data/kids/caddo searching.html
2006.09.29 17:13 B L:\TBH Website Temp\kids\caddo\index.html --> uts.cc.utexas.edu /export/httpd/vhosts/texasbeyondhistory/data/kids/caddo index.html
2006.09.29 17:13 B L:\TBH Website Temp\kids\caddo\WS_FTP.LOG --> uts.cc.utexas.edu /export/httpd/vhosts/texasbeyondhistory/data/kids/caddo WS_FTP.LOG
2006.09.29 17:13 B L:\TBH Website Temp\kids\caddo\searching.html --> uts.cc.utexas.edu /export/httpd/vhosts/texasbeyondhistory/data/kids/caddo searching.html
2006.09.29 17:13 B L:\TBH Website Temp\kids\caddo\who.html --> uts.cc.utexas.edu /export/httpd/vhosts/texasbeyondhistory/data/kids/caddo who.html
2006.09.29 17:13 B L:\TBH Website Temp\kids\caddo\village.html --> uts.cc.utexas.edu /export/httpd/vhosts/texasbeyondhistory/data/kids/caddo village.html
2006.09.29 17:13 B L:\TBH Website Temp\kids\caddo\mounds.html --> uts.cc.utexas.edu /export/httpd/vhosts/texasbeyondhistory/data/kids/caddo mounds.html
2006.09.29 17:13 B L:\TBH Website Temp\kids\caddo\inside.html --> uts.cc.utexas.edu /export/httpd/vhosts/texasbeyondhistory/data/kids/caddo inside.html
2006.09.29 17:13 B L:\TBH Website Temp\kids\caddo\houses.html --> uts.cc.utexas.edu /export/httpd/vhosts/texasbeyondhistory/data/kids/caddo houses.html
2006.09.29 17:13 B L:\TBH Website Temp\kids\caddo\explorers.html --> uts.cc.utexas.edu /export/httpd/vhosts/texasbeyondhistory/data/kids/caddo explorers.html
2006.09.29 17:13 B L:\TBH Website Temp\kids\caddo\building.html --> uts.cc.utexas.edu /export/httpd/vhosts/texasbeyondhistory/data/kids/caddo building.html
2006.09.29 17:13 B L:\TBH Website Temp\kids\caddo\credits.html --> uts.cc.utexas.edu /export/httpd/vhosts/texasbeyondhistory/data/kids/caddo credits.html
2006.11.02 10:29 B L:\TBH Website Temp\kids\caddo\index.html --> uts.cc.utexas.edu /export/httpd/vhosts/texasbeyondhistory/data/kids/caddo index.html
2007.05.02 16:06 B V:\TBH Website Temp\kids\caddo\building.html --> uts.cc.utexas.edu /export/httpd/vhosts/texasbeyondhistory/data/kids/caddo building.html
2007.05.02 16:06 B V:\TBH Website Temp\kids\caddo\clay.html --> uts.cc.utexas.edu /export/httpd/vhosts/texasbeyondhistory/data/kids/caddo clay.html
2007.05.02 16:06 B V:\TBH Website Temp\kids\caddo\credits.html --> uts.cc.utexas.edu /export/httpd/vhosts/texasbeyondhistory/data/kids/caddo credits.html
2007.05.02 16:06 B V:\TBH Website Temp\kids\caddo\explorers.html --> uts.cc.utexas.edu /export/httpd/vhosts/texasbeyondhistory/data/kids/caddo explorers.html
2007.05.02 16:06 B V:\TBH Website Temp\kids\caddo\houses.html --> uts.cc.utexas.edu /export/httpd/vhosts/texasbeyondhistory/data/kids/caddo houses.html
2007.05.02 16:06 B V:\TBH Website Temp\kids\caddo\index.html --> uts.cc.utexas.edu /export/httpd/vhosts/texasbeyondhistory/data/kids/caddo index.html
2007.05.02 16:06 B V:\TBH Website Temp\kids\caddo\inside.html --> uts.cc.utexas.edu /export/httpd/vhosts/texasbeyondhistory/data/kids/caddo inside.html
2007.05.02 16:06 B V:\TBH Website Temp\kids\caddo\mounds.html --> uts.cc.utexas.edu /export/httpd/vhosts/texasbeyondhistory/data/kids/caddo mounds.html
2007.05.02 16:06 B V:\TBH Website Temp\kids\caddo\museum.html --> uts.cc.utexas.edu /export/httpd/vhosts/texasbeyondhistory/data/kids/caddo museum.html
2007.05.02 16:06 B V:\TBH Website Temp\kids\caddo\searching.html --> uts.cc.utexas.edu /export/httpd/vhosts/texasbeyondhistory/data/kids/caddo searching.html
2007.05.02 16:06 B V:\TBH Website Temp\kids\caddo\special.html --> uts.cc.utexas.edu /export/httpd/vhosts/texasbeyondhistory/data/kids/caddo special.html
2007.05.02 16:06 B V:\TBH Website Temp\kids\caddo\style.html --> uts.cc.utexas.edu /export/httpd/vhosts/texasbeyondhistory/data/kids/caddo style.html
2007.05.02 16:06 B V:\TBH Website Temp\kids\caddo\tools.html --> uts.cc.utexas.edu /export/httpd/vhosts/texasbeyondhistory/data/kids/caddo tools.html
2007.05.02 16:06 B V:\TBH Website Temp\kids\caddo\traces.html --> uts.cc.utexas.edu /export/httpd/vhosts/texasbeyondhistory/data/kids/caddo traces.html
2007.05.02 16:06 B V:\TBH Website Temp\kids\caddo\village.html --> uts.cc.utexas.edu /export/httpd/vhosts/texasbeyondhistory/data/kids/caddo village.html
2007.05.02 16:06 B V:\TBH Website Temp\kids\caddo\who.html --> uts.cc.utexas.edu /export/httpd/vhosts/texasbeyondhistory/data/kids/caddo who.html
