2007.05.11 18:13 B L:\TBH Website Temp\adaes\credits.html --> uts.cc.utexas.edu /export/httpd/vhosts/texasbeyondhistory/data/protect/adaes credits.html
2007.05.11 18:13 B L:\TBH Website Temp\adaes\explore.html --> uts.cc.utexas.edu /export/httpd/vhosts/texasbeyondhistory/data/protect/adaes explore.html
2007.05.11 18:13 B L:\TBH Website Temp\adaes\index.html --> uts.cc.utexas.edu /export/httpd/vhosts/texasbeyondhistory/data/protect/adaes index.html
2007.05.11 18:13 B L:\TBH Website Temp\adaes\legacy.html --> uts.cc.utexas.edu /export/httpd/vhosts/texasbeyondhistory/data/protect/adaes legacy.html
2007.05.11 18:13 B L:\TBH Website Temp\adaes\life.html --> uts.cc.utexas.edu /export/httpd/vhosts/texasbeyondhistory/data/protect/adaes life.html
2007.05.11 18:13 B L:\TBH Website Temp\adaes\maps.html --> uts.cc.utexas.edu /export/httpd/vhosts/texasbeyondhistory/data/protect/adaes maps.html
2007.05.11 18:13 B L:\TBH Website Temp\adaes\setting.html --> uts.cc.utexas.edu /export/httpd/vhosts/texasbeyondhistory/data/protect/adaes setting.html
2007.05.11 18:13 B L:\TBH Website Temp\adaes\time.html --> uts.cc.utexas.edu /export/httpd/vhosts/texasbeyondhistory/data/protect/adaes time.html
2007.05.11 18:13 B L:\TBH Website Temp\adaes\worlds.html --> uts.cc.utexas.edu /export/httpd/vhosts/texasbeyondhistory/data/protect/adaes worlds.html
2007.05.11 18:29 B L:\TBH Website Temp\adaes\life.html --> uts.cc.utexas.edu /export/httpd/vhosts/texasbeyondhistory/data/protect/adaes life.html
2007.05.31 10:04 B L:\TBH Website Temp\adaes\maps.html --> uts.cc.utexas.edu /export/httpd/vhosts/texasbeyondhistory/data/protect/adaes maps.html
2007.05.31 10:04 B L:\TBH Website Temp\adaes\worlds.html --> uts.cc.utexas.edu /export/httpd/vhosts/texasbeyondhistory/data/protect/adaes worlds.html
2007.05.31 10:04 B L:\TBH Website Temp\adaes\credits.html --> uts.cc.utexas.edu /export/httpd/vhosts/texasbeyondhistory/data/protect/adaes credits.html
2007.05.31 10:04 B L:\TBH Website Temp\adaes\setting.html --> uts.cc.utexas.edu /export/httpd/vhosts/texasbeyondhistory/data/protect/adaes setting.html
2007.05.31 10:04 B L:\TBH Website Temp\adaes\index.html --> uts.cc.utexas.edu /export/httpd/vhosts/texasbeyondhistory/data/protect/adaes index.html
2007.05.31 18:57 B L:\TBH Website Temp\adaes\credits.html --> uts.cc.utexas.edu /export/httpd/vhosts/texasbeyondhistory/data/protect/adaes credits.html
2007.05.31 18:57 B L:\TBH Website Temp\adaes\time.html --> uts.cc.utexas.edu /export/httpd/vhosts/texasbeyondhistory/data/protect/adaes time.html
2007.05.31 18:57 B L:\TBH Website Temp\adaes\life.html --> uts.cc.utexas.edu /export/httpd/vhosts/texasbeyondhistory/data/protect/adaes life.html
2007.05.31 18:57 B L:\TBH Website Temp\adaes\worlds.html --> uts.cc.utexas.edu /export/httpd/vhosts/texasbeyondhistory/data/protect/adaes worlds.html
2007.05.31 18:57 B L:\TBH Website Temp\adaes\legacy.html --> uts.cc.utexas.edu /export/httpd/vhosts/texasbeyondhistory/data/protect/adaes legacy.html
2007.05.31 18:57 B L:\TBH Website Temp\adaes\setting.html --> uts.cc.utexas.edu /export/httpd/vhosts/texasbeyondhistory/data/protect/adaes setting.html
2007.05.31 18:57 B L:\TBH Website Temp\adaes\index.html --> uts.cc.utexas.edu /export/httpd/vhosts/texasbeyondhistory/data/protect/adaes index.html
2007.06.02 17:16 B L:\TBH Website Temp\adaes\credits.html --> uts.cc.utexas.edu /export/httpd/vhosts/texasbeyondhistory/data/protect/adaes credits.html
2007.06.02 17:16 B L:\TBH Website Temp\adaes\time.html --> uts.cc.utexas.edu /export/httpd/vhosts/texasbeyondhistory/data/protect/adaes time.html
2007.06.02 17:16 B L:\TBH Website Temp\adaes\life.html --> uts.cc.utexas.edu /export/httpd/vhosts/texasbeyondhistory/data/protect/adaes life.html
2007.06.02 17:16 B L:\TBH Website Temp\adaes\setting.html --> uts.cc.utexas.edu /export/httpd/vhosts/texasbeyondhistory/data/protect/adaes setting.html
2007.06.05 10:52 B L:\TBH Website Temp\adaes\maps.html --> uts.cc.utexas.edu /export/httpd/vhosts/texasbeyondhistory/data/protect/adaes maps.html
2007.06.05 10:52 B L:\TBH Website Temp\adaes\life.html --> uts.cc.utexas.edu /export/httpd/vhosts/texasbeyondhistory/data/protect/adaes life.html
2007.06.05 10:52 B L:\TBH Website Temp\adaes\time.html --> uts.cc.utexas.edu /export/httpd/vhosts/texasbeyondhistory/data/protect/adaes time.html
2007.06.05 10:52 B L:\TBH Website Temp\adaes\credits.html --> uts.cc.utexas.edu /export/httpd/vhosts/texasbeyondhistory/data/protect/adaes credits.html
2007.06.05 18:40 B L:\TBH Website Temp\adaes\explore.html --> uts.cc.utexas.edu /export/httpd/vhosts/texasbeyondhistory/data/protect/adaes explore.html
2007.06.05 18:40 B L:\TBH Website Temp\adaes\index.html --> uts.cc.utexas.edu /export/httpd/vhosts/texasbeyondhistory/data/protect/adaes index.html
2007.06.05 18:40 B L:\TBH Website Temp\adaes\legacy.html --> uts.cc.utexas.edu /export/httpd/vhosts/texasbeyondhistory/data/protect/adaes legacy.html
2007.06.05 18:40 B L:\TBH Website Temp\adaes\life.html --> uts.cc.utexas.edu /export/httpd/vhosts/texasbeyondhistory/data/protect/adaes life.html
2007.06.05 18:40 B L:\TBH Website Temp\adaes\maps.html --> uts.cc.utexas.edu /export/httpd/vhosts/texasbeyondhistory/data/protect/adaes maps.html
2007.06.05 18:40 B L:\TBH Website Temp\adaes\setting.html --> uts.cc.utexas.edu /export/httpd/vhosts/texasbeyondhistory/data/protect/adaes setting.html
2007.06.05 18:40 B L:\TBH Website Temp\adaes\time.html --> uts.cc.utexas.edu /export/httpd/vhosts/texasbeyondhistory/data/protect/adaes time.html
2007.06.05 18:40 B L:\TBH Website Temp\adaes\worlds.html --> uts.cc.utexas.edu /export/httpd/vhosts/texasbeyondhistory/data/protect/adaes worlds.html
2007.06.05 18:40 B L:\TBH Website Temp\adaes\credits.html --> uts.cc.utexas.edu /export/httpd/vhosts/texasbeyondhistory/data/protect/adaes credits.html
2007.06.05 18:40 B L:\TBH Website Temp\adaes\final.html --> uts.cc.utexas.edu /export/httpd/vhosts/texasbeyondhistory/data/protect/adaes final.html
2007.06.06 19:04 B L:\TBH Website Temp\adaes\credits.html --> uts.cc.utexas.edu /export/httpd/vhosts/texasbeyondhistory/data/protect/adaes credits.html
2007.06.06 19:04 B L:\TBH Website Temp\adaes\time.html --> uts.cc.utexas.edu /export/httpd/vhosts/texasbeyondhistory/data/protect/adaes time.html
2007.06.06 19:04 B L:\TBH Website Temp\adaes\life.html --> uts.cc.utexas.edu /export/httpd/vhosts/texasbeyondhistory/data/protect/adaes life.html
2007.06.06 19:04 B L:\TBH Website Temp\adaes\index.html --> uts.cc.utexas.edu /export/httpd/vhosts/texasbeyondhistory/data/protect/adaes index.html
2007.06.06 19:04 B L:\TBH Website Temp\adaes\legacy.html --> uts.cc.utexas.edu /export/httpd/vhosts/texasbeyondhistory/data/protect/adaes legacy.html
2007.06.06 19:04 B L:\TBH Website Temp\adaes\worlds.html --> uts.cc.utexas.edu /export/httpd/vhosts/texasbeyondhistory/data/protect/adaes worlds.html
2007.06.06 19:04 B L:\TBH Website Temp\adaes\setting.html --> uts.cc.utexas.edu /export/httpd/vhosts/texasbeyondhistory/data/protect/adaes setting.html
2007.06.06 19:04 B L:\TBH Website Temp\adaes\maps.html --> uts.cc.utexas.edu /export/httpd/vhosts/texasbeyondhistory/data/protect/adaes maps.html
2007.06.06 19:04 B L:\TBH Website Temp\adaes\final.html --> uts.cc.utexas.edu /export/httpd/vhosts/texasbeyondhistory/data/protect/adaes final.html
2007.06.06 19:04 B L:\TBH Website Temp\adaes\explore.html --> uts.cc.utexas.edu /export/httpd/vhosts/texasbeyondhistory/data/protect/adaes explore.html
2007.06.07 17:14 B L:\TBH Website Temp\adaes\credits.html --> uts.cc.utexas.edu /export/httpd/vhosts/texasbeyondhistory/data/protect/adaes credits.html
2007.06.07 17:14 B L:\TBH Website Temp\adaes\final.html --> uts.cc.utexas.edu /export/httpd/vhosts/texasbeyondhistory/data/protect/adaes final.html
2007.06.07 17:14 B L:\TBH Website Temp\adaes\index.html --> uts.cc.utexas.edu /export/httpd/vhosts/texasbeyondhistory/data/protect/adaes index.html
2007.06.07 17:14 B L:\TBH Website Temp\adaes\legacy.html --> uts.cc.utexas.edu /export/httpd/vhosts/texasbeyondhistory/data/protect/adaes legacy.html
2007.06.07 17:14 B L:\TBH Website Temp\adaes\life.html --> uts.cc.utexas.edu /export/httpd/vhosts/texasbeyondhistory/data/protect/adaes life.html
2007.06.07 17:14 B L:\TBH Website Temp\adaes\maps.html --> uts.cc.utexas.edu /export/httpd/vhosts/texasbeyondhistory/data/protect/adaes maps.html
2007.06.07 17:14 B L:\TBH Website Temp\adaes\setting.html --> uts.cc.utexas.edu /export/httpd/vhosts/texasbeyondhistory/data/protect/adaes setting.html
2007.06.07 17:14 B L:\TBH Website Temp\adaes\worlds.html --> uts.cc.utexas.edu /export/httpd/vhosts/texasbeyondhistory/data/protect/adaes worlds.html
2007.06.07 17:14 B L:\TBH Website Temp\adaes\WS_FTP.LOG --> uts.cc.utexas.edu /export/httpd/vhosts/texasbeyondhistory/data/protect/adaes WS_FTP.LOG
2007.06.07 17:25 B L:\TBH Website Temp\adaes\credits.html --> uts.cc.utexas.edu /export/httpd/vhosts/texasbeyondhistory/data/protect/adaes credits.html
2007.06.07 17:28 B L:\TBH Website Temp\adaes\credits.html --> uts.cc.utexas.edu /export/httpd/vhosts/texasbeyondhistory/data/protect/adaes credits.html
2007.06.14 12:09 B L:\TBH Website Temp\adaes\barriero-1728-crop1.jpg --> uts.cc.utexas.edu /export/httpd/vhosts/texasbeyondhistory/data/adaes barriero-1728-crop1.jpg
2007.06.14 12:09 B L:\TBH Website Temp\adaes\barriero-1728-crop2.jpg --> uts.cc.utexas.edu /export/httpd/vhosts/texasbeyondhistory/data/adaes barriero-1728-crop2.jpg
2007.06.14 12:09 B L:\TBH Website Temp\adaes\barriero-1728-main.jpg --> uts.cc.utexas.edu /export/httpd/vhosts/texasbeyondhistory/data/adaes barriero-1728-main.jpg
2007.06.14 12:09 B L:\TBH Website Temp\adaes\credits.html --> uts.cc.utexas.edu /export/httpd/vhosts/texasbeyondhistory/data/adaes credits.html
2007.06.14 12:09 B L:\TBH Website Temp\adaes\explore.html --> uts.cc.utexas.edu /export/httpd/vhosts/texasbeyondhistory/data/adaes explore.html
2007.06.14 12:09 B L:\TBH Website Temp\adaes\final.html --> uts.cc.utexas.edu /export/httpd/vhosts/texasbeyondhistory/data/adaes final.html
2007.06.14 12:09 B L:\TBH Website Temp\adaes\index.html --> uts.cc.utexas.edu /export/httpd/vhosts/texasbeyondhistory/data/adaes index.html
2007.06.14 12:09 B L:\TBH Website Temp\adaes\legacy.html --> uts.cc.utexas.edu /export/httpd/vhosts/texasbeyondhistory/data/adaes legacy.html
2007.06.14 12:09 B L:\TBH Website Temp\adaes\life.html --> uts.cc.utexas.edu /export/httpd/vhosts/texasbeyondhistory/data/adaes life.html
2007.06.14 12:09 B L:\TBH Website Temp\adaes\maps.html --> uts.cc.utexas.edu /export/httpd/vhosts/texasbeyondhistory/data/adaes maps.html
2007.06.14 12:09 B L:\TBH Website Temp\adaes\setting.html --> uts.cc.utexas.edu /export/httpd/vhosts/texasbeyondhistory/data/adaes setting.html
2007.06.14 12:09 B L:\TBH Website Temp\adaes\time.html --> uts.cc.utexas.edu /export/httpd/vhosts/texasbeyondhistory/data/adaes time.html
2007.06.14 12:09 B L:\TBH Website Temp\adaes\worlds.html --> uts.cc.utexas.edu /export/httpd/vhosts/texasbeyondhistory/data/adaes worlds.html
