2006.03.13 12:27 B Z:\Website Stuff\Transfer to Susan\cabeza-rio-g\cabeza.swf --> uts.cc.utexas.edu /export/httpd/vhosts/texasbeyondhistory/data/protect/cabeza-rio-g cabeza.swf
2006.03.13 12:27 B Z:\Website Stuff\Transfer to Susan\cabeza-rio-g\cdv_coa.html --> uts.cc.utexas.edu /export/httpd/vhosts/texasbeyondhistory/data/protect/cabeza-rio-g cdv_coa.html
2006.03.13 12:27 B Z:\Website Stuff\Transfer to Susan\cabeza-rio-g\cdv_credits.html --> uts.cc.utexas.edu /export/httpd/vhosts/texasbeyondhistory/data/protect/cabeza-rio-g cdv_credits.html
2006.03.13 12:27 B Z:\Website Stuff\Transfer to Susan\cabeza-rio-g\cdv_crossword.pdf --> uts.cc.utexas.edu /export/httpd/vhosts/texasbeyondhistory/data/protect/cabeza-rio-g cdv_crossword.pdf
2006.03.13 12:27 B Z:\Website Stuff\Transfer to Susan\cabeza-rio-g\cdv_introduction.html --> uts.cc.utexas.edu /export/httpd/vhosts/texasbeyondhistory/data/protect/cabeza-rio-g cdv_introduction.html
2006.03.13 12:27 B Z:\Website Stuff\Transfer to Susan\cabeza-rio-g\cdv_journaltranslation.html --> uts.cc.utexas.edu /export/httpd/vhosts/texasbeyondhistory/data/protect/cabeza-rio-g cdv_journaltranslation.html
2006.03.13 12:27 B Z:\Website Stuff\Transfer to Susan\cabeza-rio-g\cdv_lostintexas.html --> uts.cc.utexas.edu /export/httpd/vhosts/texasbeyondhistory/data/protect/cabeza-rio-g cdv_lostintexas.html
2006.03.13 12:27 B Z:\Website Stuff\Transfer to Susan\cabeza-rio-g\cdv_mainpage.html --> uts.cc.utexas.edu /export/httpd/vhosts/texasbeyondhistory/data/protect/cabeza-rio-g cdv_mainpage.html
2006.03.13 12:27 B Z:\Website Stuff\Transfer to Susan\cabeza-rio-g\coatofarms.swf --> uts.cc.utexas.edu /export/httpd/vhosts/texasbeyondhistory/data/protect/cabeza-rio-g coatofarms.swf
2006.03.13 12:27 B Z:\Website Stuff\Transfer to Susan\cabeza-rio-g\credits.swf --> uts.cc.utexas.edu /export/httpd/vhosts/texasbeyondhistory/data/protect/cabeza-rio-g credits.swf
2006.03.13 12:27 B Z:\Website Stuff\Transfer to Susan\cabeza-rio-g\intro.swf --> uts.cc.utexas.edu /export/httpd/vhosts/texasbeyondhistory/data/protect/cabeza-rio-g intro.swf
2006.03.13 12:27 B Z:\Website Stuff\Transfer to Susan\cabeza-rio-g\lost.swf --> uts.cc.utexas.edu /export/httpd/vhosts/texasbeyondhistory/data/protect/cabeza-rio-g lost.swf
2006.03.13 12:27 B Z:\Website Stuff\Transfer to Susan\cabeza-rio-g\mainpage.swf --> uts.cc.utexas.edu /export/httpd/vhosts/texasbeyondhistory/data/protect/cabeza-rio-g mainpage.swf
2006.04.26 16:15 B V:\TBH Website Temp\st-plains\kids\cabeza-south\WS_FTP.LOG --> uts.cc.utexas.edu /export/httpd/vhosts/texasbeyondhistory/data/st-plains/kids/cabeza-south WS_FTP.LOG
2006.04.26 16:15 B V:\TBH Website Temp\st-plains\kids\cabeza-south\mainpagebreak.swf --> uts.cc.utexas.edu /export/httpd/vhosts/texasbeyondhistory/data/st-plains/kids/cabeza-south mainpagebreak.swf
2006.04.26 16:15 B V:\TBH Website Temp\st-plains\kids\cabeza-south\mainpagebreak.html.bak --> uts.cc.utexas.edu /export/httpd/vhosts/texasbeyondhistory/data/st-plains/kids/cabeza-south mainpagebreak.html.bak
2006.04.26 16:15 B V:\TBH Website Temp\st-plains\kids\cabeza-south\mainpagebreak.html --> uts.cc.utexas.edu /export/httpd/vhosts/texasbeyondhistory/data/st-plains/kids/cabeza-south mainpagebreak.html
2006.04.26 16:15 B V:\TBH Website Temp\st-plains\kids\cabeza-south\mainpage.swf --> uts.cc.utexas.edu /export/httpd/vhosts/texasbeyondhistory/data/st-plains/kids/cabeza-south mainpage.swf
2006.04.26 16:15 B V:\TBH Website Temp\st-plains\kids\cabeza-south\lost.swf --> uts.cc.utexas.edu /export/httpd/vhosts/texasbeyondhistory/data/st-plains/kids/cabeza-south lost.swf
2006.04.26 16:15 B V:\TBH Website Temp\st-plains\kids\cabeza-south\intro.swf --> uts.cc.utexas.edu /export/httpd/vhosts/texasbeyondhistory/data/st-plains/kids/cabeza-south intro.swf
2006.04.26 16:15 B V:\TBH Website Temp\st-plains\kids\cabeza-south\credits.swf --> uts.cc.utexas.edu /export/httpd/vhosts/texasbeyondhistory/data/st-plains/kids/cabeza-south credits.swf
2006.04.26 16:15 B V:\TBH Website Temp\st-plains\kids\cabeza-south\coatofarms.swf --> uts.cc.utexas.edu /export/httpd/vhosts/texasbeyondhistory/data/st-plains/kids/cabeza-south coatofarms.swf
2006.04.26 16:15 B V:\TBH Website Temp\st-plains\kids\cabeza-south\cdv_mainpagebreak.html.bak --> uts.cc.utexas.edu /export/httpd/vhosts/texasbeyondhistory/data/st-plains/kids/cabeza-south cdv_mainpagebreak.html.bak
2006.04.26 16:15 B V:\TBH Website Temp\st-plains\kids\cabeza-south\cdv_mainpagebreak.html --> uts.cc.utexas.edu /export/httpd/vhosts/texasbeyondhistory/data/st-plains/kids/cabeza-south cdv_mainpagebreak.html
2006.04.26 16:15 B V:\TBH Website Temp\st-plains\kids\cabeza-south\cdv_mainpage.html --> uts.cc.utexas.edu /export/httpd/vhosts/texasbeyondhistory/data/st-plains/kids/cabeza-south cdv_mainpage.html
2006.04.26 16:15 B V:\TBH Website Temp\st-plains\kids\cabeza-south\cdv_lostintexas.html --> uts.cc.utexas.edu /export/httpd/vhosts/texasbeyondhistory/data/st-plains/kids/cabeza-south cdv_lostintexas.html
2006.04.26 16:15 B V:\TBH Website Temp\st-plains\kids\cabeza-south\cdv_journaltranslation.html --> uts.cc.utexas.edu /export/httpd/vhosts/texasbeyondhistory/data/st-plains/kids/cabeza-south cdv_journaltranslation.html
2006.04.26 16:15 B V:\TBH Website Temp\st-plains\kids\cabeza-south\cdv_introduction.html.bak --> uts.cc.utexas.edu /export/httpd/vhosts/texasbeyondhistory/data/st-plains/kids/cabeza-south cdv_introduction.html.bak
2006.04.26 16:15 B V:\TBH Website Temp\st-plains\kids\cabeza-south\cdv_introduction.html --> uts.cc.utexas.edu /export/httpd/vhosts/texasbeyondhistory/data/st-plains/kids/cabeza-south cdv_introduction.html
2006.04.26 16:15 B V:\TBH Website Temp\st-plains\kids\cabeza-south\cdv_crossword.pdf --> uts.cc.utexas.edu /export/httpd/vhosts/texasbeyondhistory/data/st-plains/kids/cabeza-south cdv_crossword.pdf
2006.04.26 16:15 B V:\TBH Website Temp\st-plains\kids\cabeza-south\cdv_credits.html --> uts.cc.utexas.edu /export/httpd/vhosts/texasbeyondhistory/data/st-plains/kids/cabeza-south cdv_credits.html
2006.04.26 16:15 B V:\TBH Website Temp\st-plains\kids\cabeza-south\cdv_coa.html --> uts.cc.utexas.edu /export/httpd/vhosts/texasbeyondhistory/data/st-plains/kids/cabeza-south cdv_coa.html
2006.04.26 16:15 B V:\TBH Website Temp\st-plains\kids\cabeza-south\cabeza.swf --> uts.cc.utexas.edu /export/httpd/vhosts/texasbeyondhistory/data/st-plains/kids/cabeza-south cabeza.swf
2006.04.26 16:15 B V:\TBH Website Temp\st-plains\kids\cabeza-south\bgsmall.jpg --> uts.cc.utexas.edu /export/httpd/vhosts/texasbeyondhistory/data/st-plains/kids/cabeza-south bgsmall.jpg
2006.04.26 16:15 B V:\TBH Website Temp\st-plains\kids\cabeza-south\bg2.jpg --> uts.cc.utexas.edu /export/httpd/vhosts/texasbeyondhistory/data/st-plains/kids/cabeza-south bg2.jpg
2006.05.25 16:31 B L:\TBH Website Temp\st-plains\kids\cabeza-south\WS_FTP.LOG --> uts.cc.utexas.edu /export/httpd/vhosts/texasbeyondhistory/data/protect/st-plains/kids/cabeza-south WS_FTP.LOG
2006.05.25 16:31 B L:\TBH Website Temp\st-plains\kids\cabeza-south\mainpagebreak.swf --> uts.cc.utexas.edu /export/httpd/vhosts/texasbeyondhistory/data/protect/st-plains/kids/cabeza-south mainpagebreak.swf
2006.05.25 16:31 B L:\TBH Website Temp\st-plains\kids\cabeza-south\mainpagebreak.html.bak --> uts.cc.utexas.edu /export/httpd/vhosts/texasbeyondhistory/data/protect/st-plains/kids/cabeza-south mainpagebreak.html.bak
2006.05.25 16:31 B L:\TBH Website Temp\st-plains\kids\cabeza-south\mainpagebreak.html --> uts.cc.utexas.edu /export/httpd/vhosts/texasbeyondhistory/data/protect/st-plains/kids/cabeza-south mainpagebreak.html
2006.05.25 16:31 B L:\TBH Website Temp\st-plains\kids\cabeza-south\mainpage.swf --> uts.cc.utexas.edu /export/httpd/vhosts/texasbeyondhistory/data/protect/st-plains/kids/cabeza-south mainpage.swf
2006.05.25 16:31 B L:\TBH Website Temp\st-plains\kids\cabeza-south\lost.swf --> uts.cc.utexas.edu /export/httpd/vhosts/texasbeyondhistory/data/protect/st-plains/kids/cabeza-south lost.swf
2006.05.25 16:31 B L:\TBH Website Temp\st-plains\kids\cabeza-south\intro.swf --> uts.cc.utexas.edu /export/httpd/vhosts/texasbeyondhistory/data/protect/st-plains/kids/cabeza-south intro.swf
2006.05.25 16:31 B L:\TBH Website Temp\st-plains\kids\cabeza-south\credits.swf --> uts.cc.utexas.edu /export/httpd/vhosts/texasbeyondhistory/data/protect/st-plains/kids/cabeza-south credits.swf
2006.05.25 16:31 B L:\TBH Website Temp\st-plains\kids\cabeza-south\coatofarms.swf --> uts.cc.utexas.edu /export/httpd/vhosts/texasbeyondhistory/data/protect/st-plains/kids/cabeza-south coatofarms.swf
2006.05.25 16:31 B L:\TBH Website Temp\st-plains\kids\cabeza-south\cdv_mainpagebreak.html.bak --> uts.cc.utexas.edu /export/httpd/vhosts/texasbeyondhistory/data/protect/st-plains/kids/cabeza-south cdv_mainpagebreak.html.bak
2006.05.25 16:31 B L:\TBH Website Temp\st-plains\kids\cabeza-south\cdv_mainpagebreak.html --> uts.cc.utexas.edu /export/httpd/vhosts/texasbeyondhistory/data/protect/st-plains/kids/cabeza-south cdv_mainpagebreak.html
2006.05.25 16:31 B L:\TBH Website Temp\st-plains\kids\cabeza-south\cdv_mainpage.html --> uts.cc.utexas.edu /export/httpd/vhosts/texasbeyondhistory/data/protect/st-plains/kids/cabeza-south cdv_mainpage.html
2006.05.25 16:31 B L:\TBH Website Temp\st-plains\kids\cabeza-south\cdv_lostintexas.html --> uts.cc.utexas.edu /export/httpd/vhosts/texasbeyondhistory/data/protect/st-plains/kids/cabeza-south cdv_lostintexas.html
2006.05.25 16:31 B L:\TBH Website Temp\st-plains\kids\cabeza-south\cdv_journaltranslation.html --> uts.cc.utexas.edu /export/httpd/vhosts/texasbeyondhistory/data/protect/st-plains/kids/cabeza-south cdv_journaltranslation.html
2006.05.25 16:31 B L:\TBH Website Temp\st-plains\kids\cabeza-south\cdv_introduction.html.bak --> uts.cc.utexas.edu /export/httpd/vhosts/texasbeyondhistory/data/protect/st-plains/kids/cabeza-south cdv_introduction.html.bak
2006.05.25 16:31 B L:\TBH Website Temp\st-plains\kids\cabeza-south\cdv_introduction.html --> uts.cc.utexas.edu /export/httpd/vhosts/texasbeyondhistory/data/protect/st-plains/kids/cabeza-south cdv_introduction.html
2006.05.25 16:31 B L:\TBH Website Temp\st-plains\kids\cabeza-south\cdv_crossword.pdf --> uts.cc.utexas.edu /export/httpd/vhosts/texasbeyondhistory/data/protect/st-plains/kids/cabeza-south cdv_crossword.pdf
2006.05.25 16:31 B L:\TBH Website Temp\st-plains\kids\cabeza-south\cdv_credits.html --> uts.cc.utexas.edu /export/httpd/vhosts/texasbeyondhistory/data/protect/st-plains/kids/cabeza-south cdv_credits.html
2006.05.25 16:31 B L:\TBH Website Temp\st-plains\kids\cabeza-south\cdv_coa.html --> uts.cc.utexas.edu /export/httpd/vhosts/texasbeyondhistory/data/protect/st-plains/kids/cabeza-south cdv_coa.html
2006.05.25 16:31 B L:\TBH Website Temp\st-plains\kids\cabeza-south\cabeza.swf --> uts.cc.utexas.edu /export/httpd/vhosts/texasbeyondhistory/data/protect/st-plains/kids/cabeza-south cabeza.swf
2006.05.25 16:31 B L:\TBH Website Temp\st-plains\kids\cabeza-south\bgsmall.jpg --> uts.cc.utexas.edu /export/httpd/vhosts/texasbeyondhistory/data/protect/st-plains/kids/cabeza-south bgsmall.jpg
2006.05.25 16:31 B L:\TBH Website Temp\st-plains\kids\cabeza-south\bg2.jpg --> uts.cc.utexas.edu /export/httpd/vhosts/texasbeyondhistory/data/protect/st-plains/kids/cabeza-south bg2.jpg
2006.09.17 20:04 B L:\TBH Website Temp\st-plains\kids\cabeza-south\WS_FTP.LOG --> uts.cc.utexas.edu /export/httpd/vhosts/texasbeyondhistory/data/st-plains/kids/cabeza-south WS_FTP.LOG
2006.09.19 21:01 B L:\TBH Website Temp\st-plains\kids\cabeza-south\WS_FTP.LOG --> uts.cc.utexas.edu /export/httpd/vhosts/texasbeyondhistory/data/st-plains/kids/cabeza-south WS_FTP.LOG
2006.09.20 15:38 B L:\TBH Website Temp\st-plains\kids\cabeza-south\WS_FTP.LOG --> uts.cc.utexas.edu /export/httpd/vhosts/texasbeyondhistory/data/st-plains/kids/cabeza-south WS_FTP.LOG
