2006.07.06 15:03 B V:\TBH Website Temp\st-plains\kids\digging\images\artifact.jpg --> uts.cc.utexas.edu /export/httpd/vhosts/texasbeyondhistory/data/protect/st-plains/kids/digging/images artifact.jpg
2006.07.06 15:03 B V:\TBH Website Temp\st-plains\kids\digging\images\bedrock.jpg --> uts.cc.utexas.edu /export/httpd/vhosts/texasbeyondhistory/data/protect/st-plains/kids/digging/images bedrock.jpg
2006.07.06 15:03 B V:\TBH Website Temp\st-plains\kids\digging\images\epoch.jpg --> uts.cc.utexas.edu /export/httpd/vhosts/texasbeyondhistory/data/protect/st-plains/kids/digging/images epoch.jpg
2006.07.06 15:03 B V:\TBH Website Temp\st-plains\kids\digging\images\fauna.jpg --> uts.cc.utexas.edu /export/httpd/vhosts/texasbeyondhistory/data/protect/st-plains/kids/digging/images fauna.jpg
2006.07.06 15:03 B V:\TBH Website Temp\st-plains\kids\digging\images\floodplain.jpg --> uts.cc.utexas.edu /export/httpd/vhosts/texasbeyondhistory/data/protect/st-plains/kids/digging/images floodplain.jpg
2006.07.06 15:03 B V:\TBH Website Temp\st-plains\kids\digging\images\geologist.jpg --> uts.cc.utexas.edu /export/httpd/vhosts/texasbeyondhistory/data/protect/st-plains/kids/digging/images geologist.jpg
2006.07.06 15:03 B V:\TBH Website Temp\st-plains\kids\digging\images\hg.jpg --> uts.cc.utexas.edu /export/httpd/vhosts/texasbeyondhistory/data/protect/st-plains/kids/digging/images hg.jpg
2006.07.06 15:03 B V:\TBH Website Temp\st-plains\kids\digging\images\historic.jpg --> uts.cc.utexas.edu /export/httpd/vhosts/texasbeyondhistory/data/protect/st-plains/kids/digging/images historic.jpg
2006.07.06 15:03 B V:\TBH Website Temp\st-plains\kids\digging\images\pleistocene.jpg --> uts.cc.utexas.edu /export/httpd/vhosts/texasbeyondhistory/data/protect/st-plains/kids/digging/images pleistocene.jpg
2006.07.06 15:03 B V:\TBH Website Temp\st-plains\kids\digging\images\strata.jpg --> uts.cc.utexas.edu /export/httpd/vhosts/texasbeyondhistory/data/protect/st-plains/kids/digging/images strata.jpg
2006.07.06 15:03 B V:\TBH Website Temp\st-plains\kids\digging\images\Thumbs.db --> uts.cc.utexas.edu /export/httpd/vhosts/texasbeyondhistory/data/protect/st-plains/kids/digging/images Thumbs.db
2006.07.07 11:13 B V:\TBH Website Temp\beene\digging\images\artifact.jpg --> uts.cc.utexas.edu /export/httpd/vhosts/texasbeyondhistory/data/beene/digging/images artifact.jpg
2006.07.07 11:13 B V:\TBH Website Temp\beene\digging\images\bedrock.jpg --> uts.cc.utexas.edu /export/httpd/vhosts/texasbeyondhistory/data/beene/digging/images bedrock.jpg
2006.07.07 11:13 B V:\TBH Website Temp\beene\digging\images\epoch.jpg --> uts.cc.utexas.edu /export/httpd/vhosts/texasbeyondhistory/data/beene/digging/images epoch.jpg
2006.07.07 11:13 B V:\TBH Website Temp\beene\digging\images\fauna.jpg --> uts.cc.utexas.edu /export/httpd/vhosts/texasbeyondhistory/data/beene/digging/images fauna.jpg
2006.07.07 11:13 B V:\TBH Website Temp\beene\digging\images\floodplain.jpg --> uts.cc.utexas.edu /export/httpd/vhosts/texasbeyondhistory/data/beene/digging/images floodplain.jpg
2006.07.07 11:13 B V:\TBH Website Temp\beene\digging\images\geologist.jpg --> uts.cc.utexas.edu /export/httpd/vhosts/texasbeyondhistory/data/beene/digging/images geologist.jpg
2006.07.07 11:13 B V:\TBH Website Temp\beene\digging\images\hg.jpg --> uts.cc.utexas.edu /export/httpd/vhosts/texasbeyondhistory/data/beene/digging/images hg.jpg
2006.07.07 11:13 B V:\TBH Website Temp\beene\digging\images\historic.jpg --> uts.cc.utexas.edu /export/httpd/vhosts/texasbeyondhistory/data/beene/digging/images historic.jpg
2006.07.07 11:13 B V:\TBH Website Temp\beene\digging\images\pleistocene.jpg --> uts.cc.utexas.edu /export/httpd/vhosts/texasbeyondhistory/data/beene/digging/images pleistocene.jpg
2006.07.07 11:13 B V:\TBH Website Temp\beene\digging\images\strata.jpg --> uts.cc.utexas.edu /export/httpd/vhosts/texasbeyondhistory/data/beene/digging/images strata.jpg
2006.07.07 11:13 B V:\TBH Website Temp\beene\digging\images\Thumbs.db --> uts.cc.utexas.edu /export/httpd/vhosts/texasbeyondhistory/data/beene/digging/images Thumbs.db
2006.07.07 11:13 B V:\TBH Website Temp\beene\digging\images\WS_FTP.LOG --> uts.cc.utexas.edu /export/httpd/vhosts/texasbeyondhistory/data/beene/digging/images WS_FTP.LOG
2006.09.01 11:37 B L:\TBH Website Temp\beene\digging\images\artifact.jpg --> uts.cc.utexas.edu /export/httpd/vhosts/texasbeyondhistory/data/protect/rb-review/beene/digging/images artifact.jpg
2006.09.01 11:37 B L:\TBH Website Temp\beene\digging\images\bedrock.jpg --> uts.cc.utexas.edu /export/httpd/vhosts/texasbeyondhistory/data/protect/rb-review/beene/digging/images bedrock.jpg
2006.09.01 11:37 B L:\TBH Website Temp\beene\digging\images\epoch.jpg --> uts.cc.utexas.edu /export/httpd/vhosts/texasbeyondhistory/data/protect/rb-review/beene/digging/images epoch.jpg
2006.09.01 11:37 B L:\TBH Website Temp\beene\digging\images\fauna.jpg --> uts.cc.utexas.edu /export/httpd/vhosts/texasbeyondhistory/data/protect/rb-review/beene/digging/images fauna.jpg
2006.09.01 11:37 B L:\TBH Website Temp\beene\digging\images\floodplain.jpg --> uts.cc.utexas.edu /export/httpd/vhosts/texasbeyondhistory/data/protect/rb-review/beene/digging/images floodplain.jpg
2006.09.01 11:37 B L:\TBH Website Temp\beene\digging\images\geologist.jpg --> uts.cc.utexas.edu /export/httpd/vhosts/texasbeyondhistory/data/protect/rb-review/beene/digging/images geologist.jpg
2006.09.01 11:37 B L:\TBH Website Temp\beene\digging\images\hg.jpg --> uts.cc.utexas.edu /export/httpd/vhosts/texasbeyondhistory/data/protect/rb-review/beene/digging/images hg.jpg
2006.09.01 11:37 B L:\TBH Website Temp\beene\digging\images\historic.jpg --> uts.cc.utexas.edu /export/httpd/vhosts/texasbeyondhistory/data/protect/rb-review/beene/digging/images historic.jpg
2006.09.01 11:37 B L:\TBH Website Temp\beene\digging\images\pleistocene.jpg --> uts.cc.utexas.edu /export/httpd/vhosts/texasbeyondhistory/data/protect/rb-review/beene/digging/images pleistocene.jpg
2006.09.01 11:37 B L:\TBH Website Temp\beene\digging\images\strata.jpg --> uts.cc.utexas.edu /export/httpd/vhosts/texasbeyondhistory/data/protect/rb-review/beene/digging/images strata.jpg
2006.09.01 11:37 B L:\TBH Website Temp\beene\digging\images\Thumbs.db --> uts.cc.utexas.edu /export/httpd/vhosts/texasbeyondhistory/data/protect/rb-review/beene/digging/images Thumbs.db
2006.09.01 11:37 B L:\TBH Website Temp\beene\digging\images\WS_FTP.LOG --> uts.cc.utexas.edu /export/httpd/vhosts/texasbeyondhistory/data/protect/rb-review/beene/digging/images WS_FTP.LOG
2006.09.08 11:59 B L:\TBH Website Temp\beene\digging\images\WS_FTP.LOG --> uts.cc.utexas.edu /export/httpd/vhosts/texasbeyondhistory/data/protect/beene/digging/images WS_FTP.LOG
2006.09.18 14:29 B L:\TBH Website Temp\beene\digging\images\Thumbs.db --> uts.cc.utexas.edu /export/httpd/vhosts/texasbeyondhistory/data/beene/digging/images Thumbs.db
2006.09.18 14:29 B L:\TBH Website Temp\beene\digging\images\WS_FTP.LOG --> uts.cc.utexas.edu /export/httpd/vhosts/texasbeyondhistory/data/beene/digging/images WS_FTP.LOG
2006.09.19 21:01 B L:\TBH Website Temp\beene\digging\images\WS_FTP.LOG --> uts.cc.utexas.edu /export/httpd/vhosts/texasbeyondhistory/data/beene/digging/images WS_FTP.LOG
