2001.08.28 20:50 B D:\TBH Temp\kids\ask.html <-- Texas Beyond History /Website Stuff/TBH Website Temp/kids ask.html
2001.08.28 20:50 B D:\TBH Temp\kids\facts.html <-- Texas Beyond History /Website Stuff/TBH Website Temp/kids facts.html
2001.08.28 20:50 B D:\TBH Temp\kids\fun.html <-- Texas Beyond History /Website Stuff/TBH Website Temp/kids fun.html
2001.08.28 20:50 B D:\TBH Temp\kids\index.html <-- Texas Beyond History /Website Stuff/TBH Website Temp/kids index.html
2001.08.28 20:51 B D:\TBH Temp\kids\links.html <-- Texas Beyond History /Website Stuff/TBH Website Temp/kids links.html
2001.08.28 20:51 B D:\TBH Temp\kids\mystery.html <-- Texas Beyond History /Website Stuff/TBH Website Temp/kids mystery.html
2001.08.28 20:51 B D:\TBH Temp\kids\transparent.gif <-- Texas Beyond History /Website Stuff/TBH Website Temp/kids transparent.gif
2001.08.28 20:51 B D:\TBH Temp\kids\words.html <-- Texas Beyond History /Website Stuff/TBH Website Temp/kids words.html
2001.08.30 19:16 B D:\TBH Temp\kids\ask.html <-- Texas Beyond History /Website Stuff/TBH Website Temp/kids ask.html
2001.08.30 19:16 B D:\TBH Temp\kids\ask.html.LCK <-- Texas Beyond History /Website Stuff/TBH Website Temp/kids ask.html.LCK
2001.08.31 07:24 B D:\TBH Temp\kids\ask.html <-- Texas Beyond History /Website Stuff/TBH Website Temp/kids ask.html
2001.08.31 07:24 B D:\TBH Temp\kids\ask1.html <-- Texas Beyond History /Website Stuff/TBH Website Temp/kids ask1.html
2001.08.31 07:24 B D:\TBH Temp\kids\ask2.html <-- Texas Beyond History /Website Stuff/TBH Website Temp/kids ask2.html
2001.08.31 19:49 B D:\TBH Temp\kids\ask1.html.LCK <-- Texas Beyond History /Website Stuff/TBH Website Temp/kids ask1.html.LCK
2001.08.31 19:49 B D:\TBH Temp\kids\ask2.html.LCK <-- Texas Beyond History /Website Stuff/TBH Website Temp/kids ask2.html.LCK
2001.08.31 20:20 B D:\TBH Temp\kids\ask1.html <-- Texas Beyond History /Website Stuff/TBH Website Temp/kids ask1.html
2001.08.31 20:20 B D:\TBH Temp\kids\ask2.html <-- Texas Beyond History /Website Stuff/TBH Website Temp/kids ask2.html
2001.09.01 22:21 B D:\TBH Temp\kids\ask.html --> uts.cc.utexas.edu /usr/pub/www/research/tarl/abouttarl/tbh/kids ask.html
2001.09.01 22:21 B D:\TBH Temp\kids\ask.html.LCK --> uts.cc.utexas.edu /usr/pub/www/research/tarl/abouttarl/tbh/kids ask.html.LCK
2001.09.01 22:21 B D:\TBH Temp\kids\ask1.html --> uts.cc.utexas.edu /usr/pub/www/research/tarl/abouttarl/tbh/kids ask1.html
2001.09.01 22:21 B D:\TBH Temp\kids\ask2.html --> uts.cc.utexas.edu /usr/pub/www/research/tarl/abouttarl/tbh/kids ask2.html
2001.09.01 22:21 B D:\TBH Temp\kids\facts.html --> uts.cc.utexas.edu /usr/pub/www/research/tarl/abouttarl/tbh/kids facts.html
2001.09.01 22:21 B D:\TBH Temp\kids\fun.html --> uts.cc.utexas.edu /usr/pub/www/research/tarl/abouttarl/tbh/kids fun.html
2001.09.01 22:21 B D:\TBH Temp\kids\index.html --> uts.cc.utexas.edu /usr/pub/www/research/tarl/abouttarl/tbh/kids index.html
2001.09.01 22:21 B D:\TBH Temp\kids\links.html --> uts.cc.utexas.edu /usr/pub/www/research/tarl/abouttarl/tbh/kids links.html
2001.09.01 22:21 B D:\TBH Temp\kids\mystery.html --> uts.cc.utexas.edu /usr/pub/www/research/tarl/abouttarl/tbh/kids mystery.html
2001.09.01 22:21 B D:\TBH Temp\kids\transparent.gif --> uts.cc.utexas.edu /usr/pub/www/research/tarl/abouttarl/tbh/kids transparent.gif
2001.09.01 22:21 B D:\TBH Temp\kids\words.html --> uts.cc.utexas.edu /usr/pub/www/research/tarl/abouttarl/tbh/kids words.html
2001.09.04 15:36 B M:\Website Stuff\kids\WS_FTP.LOG <-- TARLweb /usr/pub/www/research/tarl/abouttarl/tbh/kids WS_FTP.LOG
2001.09.04 16:47 B C:\WINDOWS\Desktop\TBH\TBH on TEXsite\kids\WS_FTP.LOG <-- TARL /Website Stuff/kids WS_FTP.LOG
2001.10.02 00:14 B C:\WINDOWS\Desktop\TBH\Recent\kids\ask.html --> uts.cc.utexas.edu /export/httpd/vhosts/texasbeyondhistory/data/kids ask.html
2001.10.02 00:14 B C:\WINDOWS\Desktop\TBH\Recent\kids\ask.html.LCK.LCK --> uts.cc.utexas.edu /export/httpd/vhosts/texasbeyondhistory/data/kids ask.html.LCK.LCK
2001.10.02 00:14 B C:\WINDOWS\Desktop\TBH\Recent\kids\ask1.html --> uts.cc.utexas.edu /export/httpd/vhosts/texasbeyondhistory/data/kids ask1.html
2001.10.02 00:14 B C:\WINDOWS\Desktop\TBH\Recent\kids\ask2.html --> uts.cc.utexas.edu /export/httpd/vhosts/texasbeyondhistory/data/kids ask2.html
2001.10.02 00:14 B C:\WINDOWS\Desktop\TBH\Recent\kids\ask3.html --> uts.cc.utexas.edu /export/httpd/vhosts/texasbeyondhistory/data/kids ask3.html
2001.10.02 00:14 B C:\WINDOWS\Desktop\TBH\Recent\kids\facts.html --> uts.cc.utexas.edu /export/httpd/vhosts/texasbeyondhistory/data/kids facts.html
2001.10.02 00:14 B C:\WINDOWS\Desktop\TBH\Recent\kids\fun.html --> uts.cc.utexas.edu /export/httpd/vhosts/texasbeyondhistory/data/kids fun.html
2001.10.02 00:14 B C:\WINDOWS\Desktop\TBH\Recent\kids\index.html --> uts.cc.utexas.edu /export/httpd/vhosts/texasbeyondhistory/data/kids index.html
2001.10.02 00:14 B C:\WINDOWS\Desktop\TBH\Recent\kids\index2.html --> uts.cc.utexas.edu /export/httpd/vhosts/texasbeyondhistory/data/kids index2.html
2001.10.02 00:14 B C:\WINDOWS\Desktop\TBH\Recent\kids\links.html --> uts.cc.utexas.edu /export/httpd/vhosts/texasbeyondhistory/data/kids links.html
2001.10.02 00:14 B C:\WINDOWS\Desktop\TBH\Recent\kids\mystery.html --> uts.cc.utexas.edu /export/httpd/vhosts/texasbeyondhistory/data/kids mystery.html
2001.10.02 00:14 B C:\WINDOWS\Desktop\TBH\Recent\kids\transparent.gif --> uts.cc.utexas.edu /export/httpd/vhosts/texasbeyondhistory/data/kids transparent.gif
2001.10.02 00:14 B C:\WINDOWS\Desktop\TBH\Recent\kids\words.html --> uts.cc.utexas.edu /export/httpd/vhosts/texasbeyondhistory/data/kids words.html
2001.10.02 00:14 B C:\WINDOWS\Desktop\TBH\Recent\kids\words.html.LCK --> uts.cc.utexas.edu /export/httpd/vhosts/texasbeyondhistory/data/kids words.html.LCK
2002.09.05 16:40 B G:\Website Stuff\TBH Website Temp\kids\kudos.html --> uts.cc.utexas.edu /export/httpd/vhosts/texasbeyondhistory/data/kids kudos.html
2002.09.17 14:47 B J:\TBH Website Temp\kids\imagine.html --> uts.cc.utexas.edu /export/httpd/vhosts/texasbeyondhistory/data/kids imagine.html
2002.09.17 14:47 B J:\TBH Website Temp\kids\kudos.html --> uts.cc.utexas.edu /export/httpd/vhosts/texasbeyondhistory/data/kids kudos.html
2002.11.22 09:33 B G:\Website Stuff\TBH Website Temp\kids\facts.html --> uts.cc.utexas.edu /export/httpd/vhosts/texasbeyondhistory/data/kids facts.html
2003.07.15 15:49 B G:\Website Stuff\TBH Website Temp\kids\facts.html --> uts.cc.utexas.edu /export/httpd/vhosts/texasbeyondhistory/data/kids facts.html
2004.02.17 12:36 B G:\Website Stuff\TBH Website Temp\kids\facts.html --> uts.cc.utexas.edu /export/httpd/vhosts/texasbeyondhistory/data/kids facts.html
2004.05.12 12:02 B G:\TBH Website Temp\kids\index2.html --> uts.cc.utexas.edu /export/httpd/vhosts/texasbeyondhistory/data/kids index2.html
2005.04.18 10:41 B G:\TBH Website Temp\kids\kudos.html --> uts.cc.utexas.edu /export/httpd/vhosts/texasbeyondhistory/data/kids kudos.html
2005.06.19 11:35 B L:\TBH Website Temp\kids\WS_FTP.LOG <-- texasbeyondhistory /export/httpd/vhosts/texasbeyondhistory/data/kids WS_FTP.LOG
2005.08.08 09:45 B L:\TBH Website Temp\kids\facts.html --> uts.cc.utexas.edu /export/httpd/vhosts/texasbeyondhistory/data/kids facts.html
2005.08.08 09:45 B L:\TBH Website Temp\kids\words.html --> uts.cc.utexas.edu /export/httpd/vhosts/texasbeyondhistory/data/kids words.html
2005.08.08 11:39 B L:\TBH Website Temp\kids\buffalo.html --> uts.cc.utexas.edu /export/httpd/vhosts/texasbeyondhistory/data/kids buffalo.html
2005.08.08 11:59 B G:\TBH Website Temp\kids\facts.html --> uts.cc.utexas.edu /export/httpd/vhosts/texasbeyondhistory/data/kids facts.html
2005.08.08 12:00 B G:\TBH Website Temp\kids\words.html --> uts.cc.utexas.edu /export/httpd/vhosts/texasbeyondhistory/data/kids words.html
2005.08.18 12:25 B L:\TBH Website Temp\kids\words.html --> uts.cc.utexas.edu /export/httpd/vhosts/texasbeyondhistory/data/kids words.html
2005.08.18 12:25 B L:\TBH Website Temp\kids\fun.html --> uts.cc.utexas.edu /export/httpd/vhosts/texasbeyondhistory/data/kids fun.html
2005.08.18 12:25 B L:\TBH Website Temp\kids\facts.html --> uts.cc.utexas.edu /export/httpd/vhosts/texasbeyondhistory/data/kids facts.html
2005.08.18 12:25 B L:\TBH Website Temp\kids\buffalo.html --> uts.cc.utexas.edu /export/httpd/vhosts/texasbeyondhistory/data/kids buffalo.html
2005.08.18 12:25 B L:\TBH Website Temp\kids\tiffany.html --> uts.cc.utexas.edu /export/httpd/vhosts/texasbeyondhistory/data/kids tiffany.html
2005.08.18 12:25 B L:\TBH Website Temp\kids\pat.html --> uts.cc.utexas.edu /export/httpd/vhosts/texasbeyondhistory/data/kids pat.html
2005.08.18 12:25 B L:\TBH Website Temp\kids\mystery.html --> uts.cc.utexas.edu /export/httpd/vhosts/texasbeyondhistory/data/kids mystery.html
2005.08.18 12:25 B L:\TBH Website Temp\kids\meet.html --> uts.cc.utexas.edu /export/httpd/vhosts/texasbeyondhistory/data/kids meet.html
2005.08.18 12:25 B L:\TBH Website Temp\kids\margaret.html --> uts.cc.utexas.edu /export/httpd/vhosts/texasbeyondhistory/data/kids margaret.html
2005.08.18 12:25 B L:\TBH Website Temp\kids\links.html --> uts.cc.utexas.edu /export/httpd/vhosts/texasbeyondhistory/data/kids links.html
2005.08.18 12:25 B L:\TBH Website Temp\kids\kudos.html --> uts.cc.utexas.edu /export/httpd/vhosts/texasbeyondhistory/data/kids kudos.html
2005.08.18 12:25 B L:\TBH Website Temp\kids\imagine.html --> uts.cc.utexas.edu /export/httpd/vhosts/texasbeyondhistory/data/kids imagine.html
2005.08.18 12:26 B L:\TBH Website Temp\kids\hands.html --> uts.cc.utexas.edu /export/httpd/vhosts/texasbeyondhistory/data/kids hands.html
2005.08.18 12:26 B L:\TBH Website Temp\kids\dating.html --> uts.cc.utexas.edu /export/httpd/vhosts/texasbeyondhistory/data/kids dating.html
2005.08.18 12:26 B L:\TBH Website Temp\kids\color.html --> uts.cc.utexas.edu /export/httpd/vhosts/texasbeyondhistory/data/kids color.html
2005.08.18 12:26 B L:\TBH Website Temp\kids\bingo.html --> uts.cc.utexas.edu /export/httpd/vhosts/texasbeyondhistory/data/kids bingo.html
2005.08.18 12:26 B L:\TBH Website Temp\kids\ask3.html --> uts.cc.utexas.edu /export/httpd/vhosts/texasbeyondhistory/data/kids ask3.html
2005.08.18 12:26 B L:\TBH Website Temp\kids\ask2.html --> uts.cc.utexas.edu /export/httpd/vhosts/texasbeyondhistory/data/kids ask2.html
2005.08.18 12:26 B L:\TBH Website Temp\kids\ask1.html --> uts.cc.utexas.edu /export/httpd/vhosts/texasbeyondhistory/data/kids ask1.html
2005.08.18 12:26 B L:\TBH Website Temp\kids\ask.html --> uts.cc.utexas.edu /export/httpd/vhosts/texasbeyondhistory/data/kids ask.html
2005.08.18 12:26 B L:\TBH Website Temp\kids\anne.html --> uts.cc.utexas.edu /export/httpd/vhosts/texasbeyondhistory/data/kids anne.html
2005.08.18 12:26 B L:\TBH Website Temp\kids\ann.html --> uts.cc.utexas.edu /export/httpd/vhosts/texasbeyondhistory/data/kids ann.html
2005.08.18 12:26 B L:\TBH Website Temp\kids\WS_FTP.LOG --> uts.cc.utexas.edu /export/httpd/vhosts/texasbeyondhistory/data/kids WS_FTP.LOG
2005.09.01 14:27 B L:\TBH Website Temp\kids\links.html --> uts.cc.utexas.edu /export/httpd/vhosts/texasbeyondhistory/data/kids links.html
2005.10.24 16:55 B L:\TBH Website Temp\kids\ann.html <-- texasbeyondhistory /export/httpd/vhosts/texasbeyondhistory/data/kids ann.html
2005.10.24 16:55 B L:\TBH Website Temp\kids\anne.html <-- texasbeyondhistory /export/httpd/vhosts/texasbeyondhistory/data/kids anne.html
2005.10.24 16:55 B L:\TBH Website Temp\kids\ask.html <-- texasbeyondhistory /export/httpd/vhosts/texasbeyondhistory/data/kids ask.html
2005.10.24 16:55 B L:\TBH Website Temp\kids\ask1.html <-- texasbeyondhistory /export/httpd/vhosts/texasbeyondhistory/data/kids ask1.html
2005.10.24 16:55 B L:\TBH Website Temp\kids\ask2.html <-- texasbeyondhistory /export/httpd/vhosts/texasbeyondhistory/data/kids ask2.html
2005.10.24 16:55 B L:\TBH Website Temp\kids\ask3.html <-- texasbeyondhistory /export/httpd/vhosts/texasbeyondhistory/data/kids ask3.html
2005.10.24 16:55 B L:\TBH Website Temp\kids\bingo.html <-- texasbeyondhistory /export/httpd/vhosts/texasbeyondhistory/data/kids bingo.html
2005.10.24 16:55 B L:\TBH Website Temp\kids\buffalo.html <-- texasbeyondhistory /export/httpd/vhosts/texasbeyondhistory/data/kids buffalo.html
2005.10.24 16:55 B L:\TBH Website Temp\kids\color.html <-- texasbeyondhistory /export/httpd/vhosts/texasbeyondhistory/data/kids color.html
2005.10.24 16:55 B L:\TBH Website Temp\kids\dating.html <-- texasbeyondhistory /export/httpd/vhosts/texasbeyondhistory/data/kids dating.html
2005.10.24 16:55 B L:\TBH Website Temp\kids\facts.html <-- texasbeyondhistory /export/httpd/vhosts/texasbeyondhistory/data/kids facts.html
2005.10.24 16:55 B L:\TBH Website Temp\kids\fun.html <-- texasbeyondhistory /export/httpd/vhosts/texasbeyondhistory/data/kids fun.html
2005.10.24 16:55 B L:\TBH Website Temp\kids\hands.html <-- texasbeyondhistory /export/httpd/vhosts/texasbeyondhistory/data/kids hands.html
2005.10.24 16:55 B L:\TBH Website Temp\kids\imagine.html <-- texasbeyondhistory /export/httpd/vhosts/texasbeyondhistory/data/kids imagine.html
2005.10.24 16:55 B L:\TBH Website Temp\kids\index.html <-- texasbeyondhistory /export/httpd/vhosts/texasbeyondhistory/data/kids index.html
2005.10.24 16:55 B L:\TBH Website Temp\kids\index2.html <-- texasbeyondhistory /export/httpd/vhosts/texasbeyondhistory/data/kids index2.html
2005.10.24 16:55 B L:\TBH Website Temp\kids\kudos.html <-- texasbeyondhistory /export/httpd/vhosts/texasbeyondhistory/data/kids kudos.html
2005.10.24 16:55 B L:\TBH Website Temp\kids\links.html <-- texasbeyondhistory /export/httpd/vhosts/texasbeyondhistory/data/kids links.html
2005.10.24 16:55 B L:\TBH Website Temp\kids\margaret.html <-- texasbeyondhistory /export/httpd/vhosts/texasbeyondhistory/data/kids margaret.html
2005.10.24 16:55 B L:\TBH Website Temp\kids\meet.html <-- texasbeyondhistory /export/httpd/vhosts/texasbeyondhistory/data/kids meet.html
2005.10.24 16:55 B L:\TBH Website Temp\kids\mystery.html <-- texasbeyondhistory /export/httpd/vhosts/texasbeyondhistory/data/kids mystery.html
2005.10.24 16:55 B L:\TBH Website Temp\kids\pat.html <-- texasbeyondhistory /export/httpd/vhosts/texasbeyondhistory/data/kids pat.html
2005.10.24 16:55 B L:\TBH Website Temp\kids\tiffany.html <-- texasbeyondhistory /export/httpd/vhosts/texasbeyondhistory/data/kids tiffany.html
2005.10.24 16:55 B L:\TBH Website Temp\kids\transparent.gif <-- texasbeyondhistory /export/httpd/vhosts/texasbeyondhistory/data/kids transparent.gif
2005.10.24 16:55 B L:\TBH Website Temp\kids\words.html <-- texasbeyondhistory /export/httpd/vhosts/texasbeyondhistory/data/kids words.html
2005.11.23 12:55 B P:\kids\anne.html --> uts.cc.utexas.edu /export/httpd/vhosts/texasbeyondhistory/data/kids anne.html
2005.11.23 12:55 B P:\kids\ann.html --> uts.cc.utexas.edu /export/httpd/vhosts/texasbeyondhistory/data/kids ann.html
2005.11.23 12:55 B P:\kids\words.html --> uts.cc.utexas.edu /export/httpd/vhosts/texasbeyondhistory/data/kids words.html
2005.11.23 12:55 B P:\kids\tiffany.html --> uts.cc.utexas.edu /export/httpd/vhosts/texasbeyondhistory/data/kids tiffany.html
2005.11.23 12:55 B P:\kids\pat.html --> uts.cc.utexas.edu /export/httpd/vhosts/texasbeyondhistory/data/kids pat.html
2005.11.23 12:55 B P:\kids\mystery.html --> uts.cc.utexas.edu /export/httpd/vhosts/texasbeyondhistory/data/kids mystery.html
2005.11.23 12:55 B P:\kids\meet.html --> uts.cc.utexas.edu /export/httpd/vhosts/texasbeyondhistory/data/kids meet.html
2005.11.23 12:55 B P:\kids\margaret.html --> uts.cc.utexas.edu /export/httpd/vhosts/texasbeyondhistory/data/kids margaret.html
2005.11.23 12:55 B P:\kids\links.html --> uts.cc.utexas.edu /export/httpd/vhosts/texasbeyondhistory/data/kids links.html
2005.11.23 12:55 B P:\kids\kudos.html --> uts.cc.utexas.edu /export/httpd/vhosts/texasbeyondhistory/data/kids kudos.html
2005.11.23 12:55 B P:\kids\index2.html --> uts.cc.utexas.edu /export/httpd/vhosts/texasbeyondhistory/data/kids index2.html
2005.11.23 12:55 B P:\kids\index.html --> uts.cc.utexas.edu /export/httpd/vhosts/texasbeyondhistory/data/kids index.html
2005.11.23 12:55 B P:\kids\imagine.html --> uts.cc.utexas.edu /export/httpd/vhosts/texasbeyondhistory/data/kids imagine.html
2005.11.23 12:55 B P:\kids\hands.html --> uts.cc.utexas.edu /export/httpd/vhosts/texasbeyondhistory/data/kids hands.html
2005.11.23 12:55 B P:\kids\fun.html --> uts.cc.utexas.edu /export/httpd/vhosts/texasbeyondhistory/data/kids fun.html
2005.11.23 12:55 B P:\kids\facts.html --> uts.cc.utexas.edu /export/httpd/vhosts/texasbeyondhistory/data/kids facts.html
2005.11.23 12:55 B P:\kids\dating.html --> uts.cc.utexas.edu /export/httpd/vhosts/texasbeyondhistory/data/kids dating.html
2005.11.23 12:55 B P:\kids\color.html --> uts.cc.utexas.edu /export/httpd/vhosts/texasbeyondhistory/data/kids color.html
2005.11.23 12:55 B P:\kids\buffalo.html --> uts.cc.utexas.edu /export/httpd/vhosts/texasbeyondhistory/data/kids buffalo.html
2005.11.23 12:55 B P:\kids\bingo.html --> uts.cc.utexas.edu /export/httpd/vhosts/texasbeyondhistory/data/kids bingo.html
2005.11.23 12:55 B P:\kids\ask3.html --> uts.cc.utexas.edu /export/httpd/vhosts/texasbeyondhistory/data/kids ask3.html
2005.11.23 12:55 B P:\kids\ask2.html --> uts.cc.utexas.edu /export/httpd/vhosts/texasbeyondhistory/data/kids ask2.html
2005.11.23 12:55 B P:\kids\ask1.html --> uts.cc.utexas.edu /export/httpd/vhosts/texasbeyondhistory/data/kids ask1.html
2005.11.23 12:55 B P:\kids\ask.html --> uts.cc.utexas.edu /export/httpd/vhosts/texasbeyondhistory/data/kids ask.html
2005.11.23 12:55 B P:\kids\WS_FTP.LOG --> uts.cc.utexas.edu /export/httpd/vhosts/texasbeyondhistory/data/kids WS_FTP.LOG
2005.11.23 12:55 B P:\kids\transparent.gif --> uts.cc.utexas.edu /export/httpd/vhosts/texasbeyondhistory/data/kids transparent.gif
2005.11.23 15:04 B P:\kids\ann.html <-- TBH /export/httpd/vhosts/texasbeyondhistory/data/kids ann.html
2005.11.23 15:04 B P:\kids\anne.html <-- TBH /export/httpd/vhosts/texasbeyondhistory/data/kids anne.html
2005.11.23 15:04 B P:\kids\ask.html <-- TBH /export/httpd/vhosts/texasbeyondhistory/data/kids ask.html
2005.11.23 15:04 B P:\kids\ask1.html <-- TBH /export/httpd/vhosts/texasbeyondhistory/data/kids ask1.html
2005.11.23 15:04 B P:\kids\ask2.html <-- TBH /export/httpd/vhosts/texasbeyondhistory/data/kids ask2.html
2005.11.23 15:04 B P:\kids\ask3.html <-- TBH /export/httpd/vhosts/texasbeyondhistory/data/kids ask3.html
2005.11.23 15:04 B P:\kids\bingo.html <-- TBH /export/httpd/vhosts/texasbeyondhistory/data/kids bingo.html
2005.11.23 15:04 B P:\kids\buffalo.html <-- TBH /export/httpd/vhosts/texasbeyondhistory/data/kids buffalo.html
2005.11.23 15:04 B P:\kids\color.html <-- TBH /export/httpd/vhosts/texasbeyondhistory/data/kids color.html
2005.11.23 15:04 B P:\kids\dating.html <-- TBH /export/httpd/vhosts/texasbeyondhistory/data/kids dating.html
2005.11.23 15:04 B P:\kids\facts.html <-- TBH /export/httpd/vhosts/texasbeyondhistory/data/kids facts.html
2005.11.23 15:04 B P:\kids\fun.html <-- TBH /export/httpd/vhosts/texasbeyondhistory/data/kids fun.html
2005.11.23 15:04 B P:\kids\hands.html <-- TBH /export/httpd/vhosts/texasbeyondhistory/data/kids hands.html
2005.11.23 15:04 B P:\kids\imagine.html <-- TBH /export/httpd/vhosts/texasbeyondhistory/data/kids imagine.html
2005.11.23 15:04 B P:\kids\index.html <-- TBH /export/httpd/vhosts/texasbeyondhistory/data/kids index.html
2005.11.23 15:04 B P:\kids\index2.html <-- TBH /export/httpd/vhosts/texasbeyondhistory/data/kids index2.html
2005.11.23 15:04 B P:\kids\kudos.html <-- TBH /export/httpd/vhosts/texasbeyondhistory/data/kids kudos.html
2005.11.23 15:04 B P:\kids\links.html <-- TBH /export/httpd/vhosts/texasbeyondhistory/data/kids links.html
2005.11.23 15:04 B P:\kids\margaret.html <-- TBH /export/httpd/vhosts/texasbeyondhistory/data/kids margaret.html
2005.11.23 15:04 B P:\kids\meet.html <-- TBH /export/httpd/vhosts/texasbeyondhistory/data/kids meet.html
2005.11.23 15:04 B P:\kids\mystery.html <-- TBH /export/httpd/vhosts/texasbeyondhistory/data/kids mystery.html
2005.11.23 15:04 B P:\kids\pat.html <-- TBH /export/httpd/vhosts/texasbeyondhistory/data/kids pat.html
2005.11.23 15:04 B P:\kids\tiffany.html <-- TBH /export/httpd/vhosts/texasbeyondhistory/data/kids tiffany.html
2005.11.23 15:04 B P:\kids\transparent.gif <-- TBH /export/httpd/vhosts/texasbeyondhistory/data/kids transparent.gif
2005.11.23 15:04 B P:\kids\words.html <-- TBH /export/httpd/vhosts/texasbeyondhistory/data/kids words.html
2005.12.06 14:07 B Z:\Website Stuff\TBH Website Temp\kids\fun.html --> uts.cc.utexas.edu /export/httpd/vhosts/texasbeyondhistory/data/kids fun.html
2006.02.14 17:06 B Z:\Website Stuff\TBH Website Temp\kids\fun.html --> uts.cc.utexas.edu /export/httpd/vhosts/texasbeyondhistory/data/kids fun.html
2006.04.03 17:38 B V:\TBH Website Temp\kids\fun.htm --> uts.cc.utexas.edu /export/httpd/vhosts/texasbeyondhistory/data/kids fun.htm
2006.04.03 18:29 B V:\TBH Website Temp\kids\fun.html --> uts.cc.utexas.edu /export/httpd/vhosts/texasbeyondhistory/data/kids fun.html
2006.04.03 18:32 B V:\TBH Website Temp\kids\fun.html --> uts.cc.utexas.edu /export/httpd/vhosts/texasbeyondhistory/data/kids fun.html
2006.04.13 17:20 B V:\TBH Website Temp\kids\links.html --> uts.cc.utexas.edu /export/httpd/vhosts/texasbeyondhistory/data/kids links.html
2006.04.14 11:00 B V:\TBH Website Temp\kids\links.html --> uts.cc.utexas.edu /export/httpd/vhosts/texasbeyondhistory/data/kids links.html
2006.04.26 16:24 B L:\TBH Website Temp\kids\fun.html --> uts.cc.utexas.edu /export/httpd/vhosts/texasbeyondhistory/data/kids fun.html
2006.06.26 11:24 B V:\TBH Website Temp\kids\words.html --> uts.cc.utexas.edu /export/httpd/vhosts/texasbeyondhistory/data/kids words.html
2006.07.07 11:02 B V:\TBH Website Temp\kids\fun.html --> uts.cc.utexas.edu /export/httpd/vhosts/texasbeyondhistory/data/kids fun.html
2006.07.10 10:19 B V:\TBH Website Temp\kids\fun.html --> uts.cc.utexas.edu /export/httpd/vhosts/texasbeyondhistory/data/kids fun.html
2006.08.11 09:50 B V:\TBH Website Temp\kids\fun.html --> uts.cc.utexas.edu /export/httpd/vhosts/texasbeyondhistory/data/kids fun.html
2006.09.29 17:11 B L:\TBH Website Temp\kids\mystery.html --> uts.cc.utexas.edu /export/httpd/vhosts/texasbeyondhistory/data/kids mystery.html
2006.09.29 17:11 B L:\TBH Website Temp\kids\words.html --> uts.cc.utexas.edu /export/httpd/vhosts/texasbeyondhistory/data/kids words.html
2006.09.29 17:11 B L:\TBH Website Temp\kids\links.html --> uts.cc.utexas.edu /export/httpd/vhosts/texasbeyondhistory/data/kids links.html
2006.09.29 17:11 B L:\TBH Website Temp\kids\facts.html --> uts.cc.utexas.edu /export/httpd/vhosts/texasbeyondhistory/data/kids facts.html
2006.09.29 17:11 B L:\TBH Website Temp\kids\fun.html --> uts.cc.utexas.edu /export/httpd/vhosts/texasbeyondhistory/data/kids fun.html
2006.09.29 17:11 B L:\TBH Website Temp\kids\ask.html --> uts.cc.utexas.edu /export/httpd/vhosts/texasbeyondhistory/data/kids ask.html
2006.09.29 17:11 B L:\TBH Website Temp\kids\imagine.html --> uts.cc.utexas.edu /export/httpd/vhosts/texasbeyondhistory/data/kids imagine.html
2006.09.29 17:11 B L:\TBH Website Temp\kids\buffalo.html --> uts.cc.utexas.edu /export/httpd/vhosts/texasbeyondhistory/data/kids buffalo.html
2006.09.29 17:13 B L:\TBH Website Temp\kids\WS_FTP.LOG --> uts.cc.utexas.edu /export/httpd/vhosts/texasbeyondhistory/data/kids WS_FTP.LOG
2006.09.29 17:13 B L:\TBH Website Temp\kids\Thumbs.db --> uts.cc.utexas.edu /export/httpd/vhosts/texasbeyondhistory/data/kids Thumbs.db
2006.09.29 17:13 B L:\TBH Website Temp\kids\hands.html --> uts.cc.utexas.edu /export/httpd/vhosts/texasbeyondhistory/data/kids hands.html
2006.09.29 17:13 B L:\TBH Website Temp\kids\dating.html --> uts.cc.utexas.edu /export/httpd/vhosts/texasbeyondhistory/data/kids dating.html
2006.09.29 17:13 B L:\TBH Website Temp\kids\color.html --> uts.cc.utexas.edu /export/httpd/vhosts/texasbeyondhistory/data/kids color.html
2006.09.29 17:14 B L:\TBH Website Temp\kids\bingo.html --> uts.cc.utexas.edu /export/httpd/vhosts/texasbeyondhistory/data/kids bingo.html
2006.09.29 17:14 B L:\TBH Website Temp\kids\ask3.html --> uts.cc.utexas.edu /export/httpd/vhosts/texasbeyondhistory/data/kids ask3.html
2006.09.29 17:14 B L:\TBH Website Temp\kids\ask2.html --> uts.cc.utexas.edu /export/httpd/vhosts/texasbeyondhistory/data/kids ask2.html
2006.09.29 17:14 B L:\TBH Website Temp\kids\ask1.html --> uts.cc.utexas.edu /export/httpd/vhosts/texasbeyondhistory/data/kids ask1.html
2006.09.29 17:14 B L:\TBH Website Temp\kids\anne.html --> uts.cc.utexas.edu /export/httpd/vhosts/texasbeyondhistory/data/kids anne.html
2006.09.29 17:14 B L:\TBH Website Temp\kids\ann.html --> uts.cc.utexas.edu /export/httpd/vhosts/texasbeyondhistory/data/kids ann.html
2006.09.29 17:14 B L:\TBH Website Temp\kids\transparent.gif --> uts.cc.utexas.edu /export/httpd/vhosts/texasbeyondhistory/data/kids transparent.gif
2006.09.29 17:14 B L:\TBH Website Temp\kids\tiffany.html --> uts.cc.utexas.edu /export/httpd/vhosts/texasbeyondhistory/data/kids tiffany.html
2006.09.29 17:14 B L:\TBH Website Temp\kids\pat.html --> uts.cc.utexas.edu /export/httpd/vhosts/texasbeyondhistory/data/kids pat.html
2006.09.29 17:14 B L:\TBH Website Temp\kids\meet.html --> uts.cc.utexas.edu /export/httpd/vhosts/texasbeyondhistory/data/kids meet.html
2006.09.29 17:14 B L:\TBH Website Temp\kids\margaret.html --> uts.cc.utexas.edu /export/httpd/vhosts/texasbeyondhistory/data/kids margaret.html
2006.09.29 17:14 B L:\TBH Website Temp\kids\kudos.html --> uts.cc.utexas.edu /export/httpd/vhosts/texasbeyondhistory/data/kids kudos.html
2006.09.29 17:14 B L:\TBH Website Temp\kids\index2.html --> uts.cc.utexas.edu /export/httpd/vhosts/texasbeyondhistory/data/kids index2.html
2006.09.29 17:14 B L:\TBH Website Temp\kids\index.html --> uts.cc.utexas.edu /export/httpd/vhosts/texasbeyondhistory/data/kids index.html
2006.10.03 11:16 B V:\TBH Website Temp\kids\facts.html --> uts.cc.utexas.edu /export/httpd/vhosts/texasbeyondhistory/data/kids facts.html
2006.10.04 17:59 B V:\TBH Website Temp\kids\facts.html --> uts.cc.utexas.edu /export/httpd/vhosts/texasbeyondhistory/data/kids facts.html
2006.10.13 15:41 B V:\TBH Website Temp\kids\words.html --> uts.cc.utexas.edu /export/httpd/vhosts/texasbeyondhistory/data/kids words.html
2006.11.02 10:29 B L:\TBH Website Temp\kids\ann.html --> uts.cc.utexas.edu /export/httpd/vhosts/texasbeyondhistory/data/kids ann.html
2006.11.02 10:29 B L:\TBH Website Temp\kids\anne.html --> uts.cc.utexas.edu /export/httpd/vhosts/texasbeyondhistory/data/kids anne.html
2006.11.02 10:29 B L:\TBH Website Temp\kids\ask.html --> uts.cc.utexas.edu /export/httpd/vhosts/texasbeyondhistory/data/kids ask.html
2006.11.02 10:29 B L:\TBH Website Temp\kids\ask1.html --> uts.cc.utexas.edu /export/httpd/vhosts/texasbeyondhistory/data/kids ask1.html
2006.11.02 10:29 B L:\TBH Website Temp\kids\ask2.html --> uts.cc.utexas.edu /export/httpd/vhosts/texasbeyondhistory/data/kids ask2.html
2006.11.02 10:29 B L:\TBH Website Temp\kids\ask3.html --> uts.cc.utexas.edu /export/httpd/vhosts/texasbeyondhistory/data/kids ask3.html
2006.11.02 10:29 B L:\TBH Website Temp\kids\bingo.html --> uts.cc.utexas.edu /export/httpd/vhosts/texasbeyondhistory/data/kids bingo.html
2006.11.02 10:29 B L:\TBH Website Temp\kids\buffalo.html --> uts.cc.utexas.edu /export/httpd/vhosts/texasbeyondhistory/data/kids buffalo.html
2006.11.02 10:29 B L:\TBH Website Temp\kids\color.html --> uts.cc.utexas.edu /export/httpd/vhosts/texasbeyondhistory/data/kids color.html
2006.11.02 10:29 B L:\TBH Website Temp\kids\dating.html --> uts.cc.utexas.edu /export/httpd/vhosts/texasbeyondhistory/data/kids dating.html
2006.11.02 10:29 B L:\TBH Website Temp\kids\facts.html --> uts.cc.utexas.edu /export/httpd/vhosts/texasbeyondhistory/data/kids facts.html
2006.11.02 10:29 B L:\TBH Website Temp\kids\fun.html --> uts.cc.utexas.edu /export/httpd/vhosts/texasbeyondhistory/data/kids fun.html
2006.11.02 10:29 B L:\TBH Website Temp\kids\hands.html --> uts.cc.utexas.edu /export/httpd/vhosts/texasbeyondhistory/data/kids hands.html
2006.11.02 10:29 B L:\TBH Website Temp\kids\imagine.html --> uts.cc.utexas.edu /export/httpd/vhosts/texasbeyondhistory/data/kids imagine.html
2007.02.26 08:51 B V:\TBH Website Temp\kids\words.html --> uts.cc.utexas.edu /export/httpd/vhosts/texasbeyondhistory/data/kids words.html
2007.02.26 12:46 B V:\TBH Website Temp\kids\words.html --> uts.cc.utexas.edu /export/httpd/vhosts/texasbeyondhistory/data/kids words.html
2007.05.02 16:17 B V:\TBH Website Temp\kids\adventure.png --> uts.cc.utexas.edu /export/httpd/vhosts/texasbeyondhistory/data/kids adventure.png
2007.05.02 16:17 B V:\TBH Website Temp\kids\adventures.html --> uts.cc.utexas.edu /export/httpd/vhosts/texasbeyondhistory/data/kids adventures.html
2007.05.02 16:17 B V:\TBH Website Temp\kids\anne.html --> uts.cc.utexas.edu /export/httpd/vhosts/texasbeyondhistory/data/kids anne.html
2007.05.02 16:17 B V:\TBH Website Temp\kids\ask.html --> uts.cc.utexas.edu /export/httpd/vhosts/texasbeyondhistory/data/kids ask.html
2007.05.02 16:17 B V:\TBH Website Temp\kids\ask1.html --> uts.cc.utexas.edu /export/httpd/vhosts/texasbeyondhistory/data/kids ask1.html
2007.05.02 16:17 B V:\TBH Website Temp\kids\ask2.html --> uts.cc.utexas.edu /export/httpd/vhosts/texasbeyondhistory/data/kids ask2.html
2007.05.02 16:17 B V:\TBH Website Temp\kids\ask3.html --> uts.cc.utexas.edu /export/httpd/vhosts/texasbeyondhistory/data/kids ask3.html
2007.05.02 16:17 B V:\TBH Website Temp\kids\banner-adventures.fla --> uts.cc.utexas.edu /export/httpd/vhosts/texasbeyondhistory/data/kids banner-adventures.fla
2007.05.02 16:17 B V:\TBH Website Temp\kids\banner-adventures.swf --> uts.cc.utexas.edu /export/httpd/vhosts/texasbeyondhistory/data/kids banner-adventures.swf
2007.05.02 16:17 B V:\TBH Website Temp\kids\banner-facts.fla --> uts.cc.utexas.edu /export/httpd/vhosts/texasbeyondhistory/data/kids banner-facts.fla
2007.05.02 16:17 B V:\TBH Website Temp\kids\banner-facts.swf --> uts.cc.utexas.edu /export/httpd/vhosts/texasbeyondhistory/data/kids banner-facts.swf
2007.05.02 16:17 B V:\TBH Website Temp\kids\banner-fun.fla --> uts.cc.utexas.edu /export/httpd/vhosts/texasbeyondhistory/data/kids banner-fun.fla
2007.05.02 16:17 B V:\TBH Website Temp\kids\banner-fun.swf --> uts.cc.utexas.edu /export/httpd/vhosts/texasbeyondhistory/data/kids banner-fun.swf
2007.05.02 16:17 B V:\TBH Website Temp\kids\banner-links.fla --> uts.cc.utexas.edu /export/httpd/vhosts/texasbeyondhistory/data/kids banner-links.fla
2007.05.02 16:17 B V:\TBH Website Temp\kids\banner-links.swf --> uts.cc.utexas.edu /export/httpd/vhosts/texasbeyondhistory/data/kids banner-links.swf
2007.05.02 16:17 B V:\TBH Website Temp\kids\banner-research.fla --> uts.cc.utexas.edu /export/httpd/vhosts/texasbeyondhistory/data/kids banner-research.fla
2007.05.02 16:17 B V:\TBH Website Temp\kids\banner-research.swf --> uts.cc.utexas.edu /export/httpd/vhosts/texasbeyondhistory/data/kids banner-research.swf
2007.05.02 16:17 B V:\TBH Website Temp\kids\banner-scientist.fla --> uts.cc.utexas.edu /export/httpd/vhosts/texasbeyondhistory/data/kids banner-scientist.fla
2007.05.02 16:17 B V:\TBH Website Temp\kids\banner-scientist.swf --> uts.cc.utexas.edu /export/httpd/vhosts/texasbeyondhistory/data/kids banner-scientist.swf
2007.05.02 16:17 B V:\TBH Website Temp\kids\banner-words.fla --> uts.cc.utexas.edu /export/httpd/vhosts/texasbeyondhistory/data/kids banner-words.fla
2007.05.02 16:17 B V:\TBH Website Temp\kids\banner-words.swf --> uts.cc.utexas.edu /export/httpd/vhosts/texasbeyondhistory/data/kids banner-words.swf
2007.05.02 16:17 B V:\TBH Website Temp\kids\banner.fla --> uts.cc.utexas.edu /export/httpd/vhosts/texasbeyondhistory/data/kids banner.fla
2007.05.02 16:17 B V:\TBH Website Temp\kids\banner.html --> uts.cc.utexas.edu /export/httpd/vhosts/texasbeyondhistory/data/kids banner.html
2007.05.02 16:17 B V:\TBH Website Temp\kids\banner.swf --> uts.cc.utexas.edu /export/httpd/vhosts/texasbeyondhistory/data/kids banner.swf
2007.05.02 16:17 B V:\TBH Website Temp\kids\bingo.html --> uts.cc.utexas.edu /export/httpd/vhosts/texasbeyondhistory/data/kids bingo.html
2007.05.02 16:17 B V:\TBH Website Temp\kids\buffalo.html --> uts.cc.utexas.edu /export/httpd/vhosts/texasbeyondhistory/data/kids buffalo.html
2007.05.02 16:17 B V:\TBH Website Temp\kids\Caro.fla --> uts.cc.utexas.edu /export/httpd/vhosts/texasbeyondhistory/data/kids Caro.fla
2007.05.02 16:17 B V:\TBH Website Temp\kids\Caro.html --> uts.cc.utexas.edu /export/httpd/vhosts/texasbeyondhistory/data/kids Caro.html
2007.05.02 16:17 B V:\TBH Website Temp\kids\Caro.swf --> uts.cc.utexas.edu /export/httpd/vhosts/texasbeyondhistory/data/kids Caro.swf
2007.05.02 16:17 B V:\TBH Website Temp\kids\color.html --> uts.cc.utexas.edu /export/httpd/vhosts/texasbeyondhistory/data/kids color.html
2007.05.02 16:17 B V:\TBH Website Temp\kids\coollinks.html --> uts.cc.utexas.edu /export/httpd/vhosts/texasbeyondhistory/data/kids coollinks.html
2007.05.02 16:17 B V:\TBH Website Temp\kids\dating.html --> uts.cc.utexas.edu /export/httpd/vhosts/texasbeyondhistory/data/kids dating.html
2007.05.02 16:17 B V:\TBH Website Temp\kids\facts-new.html --> uts.cc.utexas.edu /export/httpd/vhosts/texasbeyondhistory/data/kids facts-new.html
2007.05.02 16:17 B V:\TBH Website Temp\kids\facts.png --> uts.cc.utexas.edu /export/httpd/vhosts/texasbeyondhistory/data/kids facts.png
2007.05.02 16:17 B V:\TBH Website Temp\kids\fun-games.html --> uts.cc.utexas.edu /export/httpd/vhosts/texasbeyondhistory/data/kids fun-games.html
2007.05.02 16:17 B V:\TBH Website Temp\kids\funNgames.png --> uts.cc.utexas.edu /export/httpd/vhosts/texasbeyondhistory/data/kids funNgames.png
2007.05.02 16:17 B V:\TBH Website Temp\kids\icons.xml --> uts.cc.utexas.edu /export/httpd/vhosts/texasbeyondhistory/data/kids icons.xml
2007.05.02 16:17 B V:\TBH Website Temp\kids\imagine.html --> uts.cc.utexas.edu /export/httpd/vhosts/texasbeyondhistory/data/kids imagine.html
2007.05.02 16:17 B V:\TBH Website Temp\kids\index.html --> uts.cc.utexas.edu /export/httpd/vhosts/texasbeyondhistory/data/kids index.html
2007.05.02 16:17 B V:\TBH Website Temp\kids\kudos.html --> uts.cc.utexas.edu /export/httpd/vhosts/texasbeyondhistory/data/kids kudos.html
2007.05.02 16:17 B V:\TBH Website Temp\kids\learn.png --> uts.cc.utexas.edu /export/httpd/vhosts/texasbeyondhistory/data/kids learn.png
2007.05.02 16:17 B V:\TBH Website Temp\kids\links.png --> uts.cc.utexas.edu /export/httpd/vhosts/texasbeyondhistory/data/kids links.png
2007.05.02 16:17 B V:\TBH Website Temp\kids\margaret.html --> uts.cc.utexas.edu /export/httpd/vhosts/texasbeyondhistory/data/kids margaret.html
2007.05.02 16:17 B V:\TBH Website Temp\kids\meet.html --> uts.cc.utexas.edu /export/httpd/vhosts/texasbeyondhistory/data/kids meet.html
2007.05.02 16:17 B V:\TBH Website Temp\kids\mystery.html --> uts.cc.utexas.edu /export/httpd/vhosts/texasbeyondhistory/data/kids mystery.html
2007.05.02 16:17 B V:\TBH Website Temp\kids\newwords.html --> uts.cc.utexas.edu /export/httpd/vhosts/texasbeyondhistory/data/kids newwords.html
2007.05.02 16:17 B V:\TBH Website Temp\kids\newwords.png --> uts.cc.utexas.edu /export/httpd/vhosts/texasbeyondhistory/data/kids newwords.png
2007.05.02 16:17 B V:\TBH Website Temp\kids\pat.html --> uts.cc.utexas.edu /export/httpd/vhosts/texasbeyondhistory/data/kids pat.html
2007.05.02 16:17 B V:\TBH Website Temp\kids\research.html --> uts.cc.utexas.edu /export/httpd/vhosts/texasbeyondhistory/data/kids research.html
2007.05.02 16:17 B V:\TBH Website Temp\kids\research.png --> uts.cc.utexas.edu /export/httpd/vhosts/texasbeyondhistory/data/kids research.png
2007.05.02 16:17 B V:\TBH Website Temp\kids\scientist.html --> uts.cc.utexas.edu /export/httpd/vhosts/texasbeyondhistory/data/kids scientist.html
2007.05.02 16:17 B V:\TBH Website Temp\kids\step2.html --> uts.cc.utexas.edu /export/httpd/vhosts/texasbeyondhistory/data/kids step2.html
2007.05.02 16:17 B V:\TBH Website Temp\kids\step3.html --> uts.cc.utexas.edu /export/httpd/vhosts/texasbeyondhistory/data/kids step3.html
2007.05.02 16:17 B V:\TBH Website Temp\kids\swfobject.html --> uts.cc.utexas.edu /export/httpd/vhosts/texasbeyondhistory/data/kids swfobject.html
2007.05.02 16:17 B V:\TBH Website Temp\kids\swfobject.js --> uts.cc.utexas.edu /export/httpd/vhosts/texasbeyondhistory/data/kids swfobject.js
2007.05.02 16:17 B V:\TBH Website Temp\kids\TBHheader_mock_.jpg --> uts.cc.utexas.edu /export/httpd/vhosts/texasbeyondhistory/data/kids TBHheader_mock_.jpg
2007.05.02 16:17 B V:\TBH Website Temp\kids\Thumbs.db --> uts.cc.utexas.edu /export/httpd/vhosts/texasbeyondhistory/data/kids Thumbs.db
2007.05.02 16:17 B V:\TBH Website Temp\kids\tiffany.html --> uts.cc.utexas.edu /export/httpd/vhosts/texasbeyondhistory/data/kids tiffany.html
2007.05.02 16:18 B V:\TBH Website Temp\kids\title.png --> uts.cc.utexas.edu /export/httpd/vhosts/texasbeyondhistory/data/kids title.png
2007.05.02 16:18 B V:\TBH Website Temp\kids\transparent.gif --> uts.cc.utexas.edu /export/httpd/vhosts/texasbeyondhistory/data/kids transparent.gif
