2005.06.19 11:27 B L:\TBH Website Temp\kids\images\houses\bricks-lg.jpg <-- texasbeyondhistory /export/httpd/vhosts/texasbeyondhistory/data/kids/images/houses bricks-lg.jpg
2005.06.19 11:27 B L:\TBH Website Temp\kids\images\houses\bricks-sm.jpg <-- texasbeyondhistory /export/httpd/vhosts/texasbeyondhistory/data/kids/images/houses bricks-sm.jpg
2005.06.19 11:27 B L:\TBH Website Temp\kids\images\houses\bricks.html <-- texasbeyondhistory /export/httpd/vhosts/texasbeyondhistory/data/kids/images/houses bricks.html
2005.06.19 11:27 B L:\TBH Website Temp\kids\images\houses\caddoary-lg.jpg <-- texasbeyondhistory /export/httpd/vhosts/texasbeyondhistory/data/kids/images/houses caddoary-lg.jpg
2005.06.19 11:27 B L:\TBH Website Temp\kids\images\houses\caddoary-sm.jpg <-- texasbeyondhistory /export/httpd/vhosts/texasbeyondhistory/data/kids/images/houses caddoary-sm.jpg
2005.06.19 11:27 B L:\TBH Website Temp\kids\images\houses\caddoary.html <-- texasbeyondhistory /export/httpd/vhosts/texasbeyondhistory/data/kids/images/houses caddoary.html
2005.06.19 11:27 B L:\TBH Website Temp\kids\images\houses\caddoframe-lg.jpg <-- texasbeyondhistory /export/httpd/vhosts/texasbeyondhistory/data/kids/images/houses caddoframe-lg.jpg
2005.06.19 11:27 B L:\TBH Website Temp\kids\images\houses\caddoframe-sm.jpg <-- texasbeyondhistory /export/httpd/vhosts/texasbeyondhistory/data/kids/images/houses caddoframe-sm.jpg
2005.06.19 11:27 B L:\TBH Website Temp\kids\images\houses\caddoframe.html <-- texasbeyondhistory /export/httpd/vhosts/texasbeyondhistory/data/kids/images/houses caddoframe.html
2005.06.19 11:27 B L:\TBH Website Temp\kids\images\houses\caddograssmat-lg.jpg <-- texasbeyondhistory /export/httpd/vhosts/texasbeyondhistory/data/kids/images/houses caddograssmat-lg.jpg
2005.06.19 11:27 B L:\TBH Website Temp\kids\images\houses\caddograssmat-sm.jpg <-- texasbeyondhistory /export/httpd/vhosts/texasbeyondhistory/data/kids/images/houses caddograssmat-sm.jpg
2005.06.19 11:27 B L:\TBH Website Temp\kids\images\houses\caddograssmat.html <-- texasbeyondhistory /export/httpd/vhosts/texasbeyondhistory/data/kids/images/houses caddograssmat.html
2005.06.19 11:27 B L:\TBH Website Temp\kids\images\houses\caddopots-lg.jpg <-- texasbeyondhistory /export/httpd/vhosts/texasbeyondhistory/data/kids/images/houses caddopots-lg.jpg
2005.06.19 11:27 B L:\TBH Website Temp\kids\images\houses\caddopots-sm.jpg <-- texasbeyondhistory /export/httpd/vhosts/texasbeyondhistory/data/kids/images/houses caddopots-sm.jpg
2005.06.19 11:27 B L:\TBH Website Temp\kids\images\houses\caddopots.html <-- texasbeyondhistory /export/httpd/vhosts/texasbeyondhistory/data/kids/images/houses caddopots.html
2005.06.19 11:27 B L:\TBH Website Temp\kids\images\houses\centraltexhut2-lg.jpg <-- texasbeyondhistory /export/httpd/vhosts/texasbeyondhistory/data/kids/images/houses centraltexhut2-lg.jpg
2005.06.19 11:27 B L:\TBH Website Temp\kids\images\houses\centraltexhut2-sm.jpg <-- texasbeyondhistory /export/httpd/vhosts/texasbeyondhistory/data/kids/images/houses centraltexhut2-sm.jpg
2005.06.19 11:27 B L:\TBH Website Temp\kids\images\houses\centraltexhut2.html <-- texasbeyondhistory /export/httpd/vhosts/texasbeyondhistory/data/kids/images/houses centraltexhut2.html
2005.06.19 11:27 B L:\TBH Website Temp\kids\images\houses\centraltexvillage.jpg <-- texasbeyondhistory /export/httpd/vhosts/texasbeyondhistory/data/kids/images/houses centraltexvillage.jpg
2005.06.19 11:27 B L:\TBH Website Temp\kids\images\houses\davidhughes.jpg <-- texasbeyondhistory /export/httpd/vhosts/texasbeyondhistory/data/kids/images/houses davidhughes.jpg
2005.06.19 11:27 B L:\TBH Website Temp\kids\images\houses\eagle-rockshelter-lg.jpg <-- texasbeyondhistory /export/httpd/vhosts/texasbeyondhistory/data/kids/images/houses eagle-rockshelter-lg.jpg
2005.06.19 11:27 B L:\TBH Website Temp\kids\images\houses\eagle-rockshelter-sm.jpg <-- texasbeyondhistory /export/httpd/vhosts/texasbeyondhistory/data/kids/images/houses eagle-rockshelter-sm.jpg
2005.06.19 11:27 B L:\TBH Website Temp\kids\images\houses\eagle-rockshelter.html <-- texasbeyondhistory /export/httpd/vhosts/texasbeyondhistory/data/kids/images/houses eagle-rockshelter.html
2005.06.19 11:27 B L:\TBH Website Temp\kids\images\houses\Fire-59-lg.jpg <-- texasbeyondhistory /export/httpd/vhosts/texasbeyondhistory/data/kids/images/houses Fire-59-lg.jpg
2005.06.19 11:27 B L:\TBH Website Temp\kids\images\houses\Fire-59-sm.jpg <-- texasbeyondhistory /export/httpd/vhosts/texasbeyondhistory/data/kids/images/houses Fire-59-sm.jpg
2005.06.19 11:27 B L:\TBH Website Temp\kids\images\houses\Fire-72-lg.jpg <-- texasbeyondhistory /export/httpd/vhosts/texasbeyondhistory/data/kids/images/houses Fire-72-lg.jpg
2005.06.19 11:27 B L:\TBH Website Temp\kids\images\houses\Fire-72-sm.jpg <-- texasbeyondhistory /export/httpd/vhosts/texasbeyondhistory/data/kids/images/houses Fire-72-sm.jpg
2005.06.19 11:27 B L:\TBH Website Temp\kids\images\houses\fire59.html <-- texasbeyondhistory /export/httpd/vhosts/texasbeyondhistory/data/kids/images/houses fire59.html
2005.06.19 11:27 B L:\TBH Website Temp\kids\images\houses\fire72.html <-- texasbeyondhistory /export/httpd/vhosts/texasbeyondhistory/data/kids/images/houses fire72.html
2005.06.19 11:27 B L:\TBH Website Temp\kids\images\houses\grasshouse11-lg.jpg <-- texasbeyondhistory /export/httpd/vhosts/texasbeyondhistory/data/kids/images/houses grasshouse11-lg.jpg
2005.06.19 11:27 B L:\TBH Website Temp\kids\images\houses\grasshouse11-sm.jpg <-- texasbeyondhistory /export/httpd/vhosts/texasbeyondhistory/data/kids/images/houses grasshouse11-sm.jpg
2005.06.19 11:27 B L:\TBH Website Temp\kids\images\houses\grasshouse11.html <-- texasbeyondhistory /export/httpd/vhosts/texasbeyondhistory/data/kids/images/houses grasshouse11.html
2005.06.19 11:27 B L:\TBH Website Temp\kids\images\houses\hank3.html <-- texasbeyondhistory /export/httpd/vhosts/texasbeyondhistory/data/kids/images/houses hank3.html
2005.06.19 11:27 B L:\TBH Website Temp\kids\images\houses\hanks3-lg.jpg <-- texasbeyondhistory /export/httpd/vhosts/texasbeyondhistory/data/kids/images/houses hanks3-lg.jpg
2005.06.19 11:27 B L:\TBH Website Temp\kids\images\houses\hanks3-sm.jpg <-- texasbeyondhistory /export/httpd/vhosts/texasbeyondhistory/data/kids/images/houses hanks3-sm.jpg
2005.06.19 11:27 B L:\TBH Website Temp\kids\images\houses\LL419-GS6-lg.jpg <-- texasbeyondhistory /export/httpd/vhosts/texasbeyondhistory/data/kids/images/houses LL419-GS6-lg.jpg
2005.06.19 11:27 B L:\TBH Website Temp\kids\images\houses\LL419-GS6-sm.jpg <-- texasbeyondhistory /export/httpd/vhosts/texasbeyondhistory/data/kids/images/houses LL419-GS6-sm.jpg
2005.06.19 11:27 B L:\TBH Website Temp\kids\images\houses\LL419-GS6.html <-- texasbeyondhistory /export/httpd/vhosts/texasbeyondhistory/data/kids/images/houses LL419-GS6.html
2005.06.19 11:27 B L:\TBH Website Temp\kids\images\houses\mb13-lg.jpg <-- texasbeyondhistory /export/httpd/vhosts/texasbeyondhistory/data/kids/images/houses mb13-lg.jpg
2005.06.19 11:27 B L:\TBH Website Temp\kids\images\houses\mb13-sm.jpg <-- texasbeyondhistory /export/httpd/vhosts/texasbeyondhistory/data/kids/images/houses mb13-sm.jpg
2005.06.19 11:27 B L:\TBH Website Temp\kids\images\houses\Nelson.jpg <-- texasbeyondhistory /export/httpd/vhosts/texasbeyondhistory/data/kids/images/houses Nelson.jpg
2005.06.19 11:27 B L:\TBH Website Temp\kids\images\houses\nelson2-lg.jpg <-- texasbeyondhistory /export/httpd/vhosts/texasbeyondhistory/data/kids/images/houses nelson2-lg.jpg
2005.06.19 11:27 B L:\TBH Website Temp\kids\images\houses\nelson2-sm.jpg <-- texasbeyondhistory /export/httpd/vhosts/texasbeyondhistory/data/kids/images/houses nelson2-sm.jpg
2005.06.19 11:27 B L:\TBH Website Temp\kids\images\houses\nelson2.html <-- texasbeyondhistory /export/httpd/vhosts/texasbeyondhistory/data/kids/images/houses nelson2.html
2005.06.19 11:27 B L:\TBH Website Temp\kids\images\houses\nelsonapaches-crop.jpg <-- texasbeyondhistory /export/httpd/vhosts/texasbeyondhistory/data/kids/images/houses nelsonapaches-crop.jpg
2005.06.19 11:27 B L:\TBH Website Temp\kids\images\houses\nelsoncaddo.jpg <-- texasbeyondhistory /export/httpd/vhosts/texasbeyondhistory/data/kids/images/houses nelsoncaddo.jpg
2005.06.19 11:27 B L:\TBH Website Temp\kids\images\houses\peel-shelter-lg.jpg <-- texasbeyondhistory /export/httpd/vhosts/texasbeyondhistory/data/kids/images/houses peel-shelter-lg.jpg
2005.06.19 11:27 B L:\TBH Website Temp\kids\images\houses\peel-shelter-sm.jpg <-- texasbeyondhistory /export/httpd/vhosts/texasbeyondhistory/data/kids/images/houses peel-shelter-sm.jpg
2005.06.19 11:27 B L:\TBH Website Temp\kids\images\houses\peel-shelter.html <-- texasbeyondhistory /export/httpd/vhosts/texasbeyondhistory/data/kids/images/houses peel-shelter.html
2005.06.19 11:27 B L:\TBH Website Temp\kids\images\houses\PPHM-lg.jpg <-- texasbeyondhistory /export/httpd/vhosts/texasbeyondhistory/data/kids/images/houses PPHM-lg.jpg
2005.06.19 11:27 B L:\TBH Website Temp\kids\images\houses\PPHM-sm.jpg <-- texasbeyondhistory /export/httpd/vhosts/texasbeyondhistory/data/kids/images/houses PPHM-sm.jpg
2005.06.19 11:27 B L:\TBH Website Temp\kids\images\houses\pphm.html <-- texasbeyondhistory /export/httpd/vhosts/texasbeyondhistory/data/kids/images/houses pphm.html
2005.06.19 11:27 B L:\TBH Website Temp\kids\images\houses\rockart-lg.jpg <-- texasbeyondhistory /export/httpd/vhosts/texasbeyondhistory/data/kids/images/houses rockart-lg.jpg
2005.06.19 11:27 B L:\TBH Website Temp\kids\images\houses\rockart-sm.jpg <-- texasbeyondhistory /export/httpd/vhosts/texasbeyondhistory/data/kids/images/houses rockart-sm.jpg
2005.06.19 11:27 B L:\TBH Website Temp\kids\images\houses\rockart.html <-- texasbeyondhistory /export/httpd/vhosts/texasbeyondhistory/data/kids/images/houses rockart.html
2005.06.19 11:27 B L:\TBH Website Temp\kids\images\houses\rockshelter.html <-- texasbeyondhistory /export/httpd/vhosts/texasbeyondhistory/data/kids/images/houses rockshelter.html
2005.06.19 11:27 B L:\TBH Website Temp\kids\images\houses\rockshelterbaker-lg.jpg <-- texasbeyondhistory /export/httpd/vhosts/texasbeyondhistory/data/kids/images/houses rockshelterbaker-lg.jpg
2005.06.19 11:27 B L:\TBH Website Temp\kids\images\houses\rockshelterbaker.html <-- texasbeyondhistory /export/httpd/vhosts/texasbeyondhistory/data/kids/images/houses rockshelterbaker.html
2005.06.19 11:27 B L:\TBH Website Temp\kids\images\houses\rockshelterbone-lg.jpg <-- texasbeyondhistory /export/httpd/vhosts/texasbeyondhistory/data/kids/images/houses rockshelterbone-lg.jpg
2005.06.19 11:27 B L:\TBH Website Temp\kids\images\houses\rockshelterbone.html <-- texasbeyondhistory /export/httpd/vhosts/texasbeyondhistory/data/kids/images/houses rockshelterbone.html
2005.06.19 11:27 B L:\TBH Website Temp\kids\images\houses\rockshelterfar-lg.jpg <-- texasbeyondhistory /export/httpd/vhosts/texasbeyondhistory/data/kids/images/houses rockshelterfar-lg.jpg
2005.06.19 11:27 B L:\TBH Website Temp\kids\images\houses\rockshelternet-lg.jpg <-- texasbeyondhistory /export/httpd/vhosts/texasbeyondhistory/data/kids/images/houses rockshelternet-lg.jpg
2005.06.19 11:27 B L:\TBH Website Temp\kids\images\houses\rockshelternet.html <-- texasbeyondhistory /export/httpd/vhosts/texasbeyondhistory/data/kids/images/houses rockshelternet.html
2005.06.19 11:27 B L:\TBH Website Temp\kids\images\houses\rocksheltersandal-lg.jpg <-- texasbeyondhistory /export/httpd/vhosts/texasbeyondhistory/data/kids/images/houses rocksheltersandal-lg.jpg
2005.06.19 11:27 B L:\TBH Website Temp\kids\images\houses\rocksheltersandal.html <-- texasbeyondhistory /export/httpd/vhosts/texasbeyondhistory/data/kids/images/houses rocksheltersandal.html
2005.06.19 11:27 B L:\TBH Website Temp\kids\images\houses\seminole-m8-lg.jpg <-- texasbeyondhistory /export/httpd/vhosts/texasbeyondhistory/data/kids/images/houses seminole-m8-lg.jpg
2005.06.19 11:27 B L:\TBH Website Temp\kids\images\houses\seminole-m8-sm.jpg <-- texasbeyondhistory /export/httpd/vhosts/texasbeyondhistory/data/kids/images/houses seminole-m8-sm.jpg
2005.06.19 11:27 B L:\TBH Website Temp\kids\images\houses\seminole-m8.html <-- texasbeyondhistory /export/httpd/vhosts/texasbeyondhistory/data/kids/images/houses seminole-m8.html
2005.06.19 11:27 B L:\TBH Website Temp\kids\images\houses\texas.html <-- texasbeyondhistory /export/httpd/vhosts/texasbeyondhistory/data/kids/images/houses texas.html
2005.06.19 11:27 B L:\TBH Website Temp\kids\images\houses\tipi04-lg.jpg <-- texasbeyondhistory /export/httpd/vhosts/texasbeyondhistory/data/kids/images/houses tipi04-lg.jpg
2005.06.19 11:27 B L:\TBH Website Temp\kids\images\houses\tipi04-sm.jpg <-- texasbeyondhistory /export/httpd/vhosts/texasbeyondhistory/data/kids/images/houses tipi04-sm.jpg
2005.06.19 11:27 B L:\TBH Website Temp\kids\images\houses\tipi04.html <-- texasbeyondhistory /export/httpd/vhosts/texasbeyondhistory/data/kids/images/houses tipi04.html
2005.06.19 11:27 B L:\TBH Website Temp\kids\images\houses\tipidiagram-lg.gif <-- texasbeyondhistory /export/httpd/vhosts/texasbeyondhistory/data/kids/images/houses tipidiagram-lg.gif
2005.06.19 11:27 B L:\TBH Website Temp\kids\images\houses\tipidiagram-sm.gif <-- texasbeyondhistory /export/httpd/vhosts/texasbeyondhistory/data/kids/images/houses tipidiagram-sm.gif
2005.06.19 11:27 B L:\TBH Website Temp\kids\images\houses\tipidiagram.html <-- texasbeyondhistory /export/httpd/vhosts/texasbeyondhistory/data/kids/images/houses tipidiagram.html
2005.06.19 11:27 B L:\TBH Website Temp\kids\images\houses\travois-lg.jpg <-- texasbeyondhistory /export/httpd/vhosts/texasbeyondhistory/data/kids/images/houses travois-lg.jpg
2005.06.19 11:27 B L:\TBH Website Temp\kids\images\houses\travois-sm.jpg <-- texasbeyondhistory /export/httpd/vhosts/texasbeyondhistory/data/kids/images/houses travois-sm.jpg
2005.06.19 11:27 B L:\TBH Website Temp\kids\images\houses\travois.html <-- texasbeyondhistory /export/httpd/vhosts/texasbeyondhistory/data/kids/images/houses travois.html
2005.06.19 11:27 B L:\TBH Website Temp\kids\images\houses\VV213-X-lg.jpg <-- texasbeyondhistory /export/httpd/vhosts/texasbeyondhistory/data/kids/images/houses VV213-X-lg.jpg
2005.06.19 11:27 B L:\TBH Website Temp\kids\images\houses\VV213-X-sm.jpg <-- texasbeyondhistory /export/httpd/vhosts/texasbeyondhistory/data/kids/images/houses VV213-X-sm.jpg
2005.06.19 11:27 B L:\TBH Website Temp\kids\images\houses\VV213-X.html <-- texasbeyondhistory /export/httpd/vhosts/texasbeyondhistory/data/kids/images/houses VV213-X.html
2005.06.19 11:27 B L:\TBH Website Temp\kids\images\houses\wickiup4-lg.jpg <-- texasbeyondhistory /export/httpd/vhosts/texasbeyondhistory/data/kids/images/houses wickiup4-lg.jpg
2005.06.19 11:27 B L:\TBH Website Temp\kids\images\houses\wickiup4-sm.jpg <-- texasbeyondhistory /export/httpd/vhosts/texasbeyondhistory/data/kids/images/houses wickiup4-sm.jpg
2005.06.19 11:27 B L:\TBH Website Temp\kids\images\houses\wickiup4.html <-- texasbeyondhistory /export/httpd/vhosts/texasbeyondhistory/data/kids/images/houses wickiup4.html
2005.08.18 12:20 B L:\TBH Website Temp\kids\images\houses\Thumbs.db --> uts.cc.utexas.edu /export/httpd/vhosts/texasbeyondhistory/data/kids/images/houses Thumbs.db
2005.08.18 12:20 B L:\TBH Website Temp\kids\images\houses\WS_FTP.LOG --> uts.cc.utexas.edu /export/httpd/vhosts/texasbeyondhistory/data/kids/images/houses WS_FTP.LOG
2005.08.18 12:20 B L:\TBH Website Temp\kids\images\houses\grasshouse11.html --> uts.cc.utexas.edu /export/httpd/vhosts/texasbeyondhistory/data/kids/images/houses grasshouse11.html
2005.08.18 12:20 B L:\TBH Website Temp\kids\images\houses\grasshouse11-sm.jpg --> uts.cc.utexas.edu /export/httpd/vhosts/texasbeyondhistory/data/kids/images/houses grasshouse11-sm.jpg
2005.08.18 12:20 B L:\TBH Website Temp\kids\images\houses\grasshouse11-lg.jpg --> uts.cc.utexas.edu /export/httpd/vhosts/texasbeyondhistory/data/kids/images/houses grasshouse11-lg.jpg
2005.08.18 12:20 B L:\TBH Website Temp\kids\images\houses\wickiup4-sm.jpg --> uts.cc.utexas.edu /export/httpd/vhosts/texasbeyondhistory/data/kids/images/houses wickiup4-sm.jpg
2005.08.18 12:20 B L:\TBH Website Temp\kids\images\houses\wickiup4-lg.jpg --> uts.cc.utexas.edu /export/httpd/vhosts/texasbeyondhistory/data/kids/images/houses wickiup4-lg.jpg
2005.08.18 12:20 B L:\TBH Website Temp\kids\images\houses\VV213-X.html --> uts.cc.utexas.edu /export/httpd/vhosts/texasbeyondhistory/data/kids/images/houses VV213-X.html
2005.08.18 12:20 B L:\TBH Website Temp\kids\images\houses\VV213-X-lg.jpg --> uts.cc.utexas.edu /export/httpd/vhosts/texasbeyondhistory/data/kids/images/houses VV213-X-lg.jpg
2005.08.18 12:20 B L:\TBH Website Temp\kids\images\houses\travois.html --> uts.cc.utexas.edu /export/httpd/vhosts/texasbeyondhistory/data/kids/images/houses travois.html
2005.08.18 12:20 B L:\TBH Website Temp\kids\images\houses\travois-sm.jpg --> uts.cc.utexas.edu /export/httpd/vhosts/texasbeyondhistory/data/kids/images/houses travois-sm.jpg
2005.08.18 12:20 B L:\TBH Website Temp\kids\images\houses\travois-lg.jpg --> uts.cc.utexas.edu /export/httpd/vhosts/texasbeyondhistory/data/kids/images/houses travois-lg.jpg
2005.08.18 12:20 B L:\TBH Website Temp\kids\images\houses\tipi04.html --> uts.cc.utexas.edu /export/httpd/vhosts/texasbeyondhistory/data/kids/images/houses tipi04.html
2005.08.18 12:20 B L:\TBH Website Temp\kids\images\houses\tipi04-sm.jpg --> uts.cc.utexas.edu /export/httpd/vhosts/texasbeyondhistory/data/kids/images/houses tipi04-sm.jpg
2005.08.18 12:20 B L:\TBH Website Temp\kids\images\houses\tipi04-lg.jpg --> uts.cc.utexas.edu /export/httpd/vhosts/texasbeyondhistory/data/kids/images/houses tipi04-lg.jpg
2005.08.18 12:20 B L:\TBH Website Temp\kids\images\houses\texas.html --> uts.cc.utexas.edu /export/httpd/vhosts/texasbeyondhistory/data/kids/images/houses texas.html
2005.08.18 12:20 B L:\TBH Website Temp\kids\images\houses\seminole-m8.html --> uts.cc.utexas.edu /export/httpd/vhosts/texasbeyondhistory/data/kids/images/houses seminole-m8.html
2005.08.18 12:20 B L:\TBH Website Temp\kids\images\houses\seminole-m8-lg.jpg --> uts.cc.utexas.edu /export/httpd/vhosts/texasbeyondhistory/data/kids/images/houses seminole-m8-lg.jpg
2005.08.18 12:20 B L:\TBH Website Temp\kids\images\houses\rockshelter.html --> uts.cc.utexas.edu /export/httpd/vhosts/texasbeyondhistory/data/kids/images/houses rockshelter.html
2005.08.18 12:20 B L:\TBH Website Temp\kids\images\houses\PPHM-sm.jpg --> uts.cc.utexas.edu /export/httpd/vhosts/texasbeyondhistory/data/kids/images/houses PPHM-sm.jpg
2005.08.18 12:20 B L:\TBH Website Temp\kids\images\houses\PPHM-lg.jpg --> uts.cc.utexas.edu /export/httpd/vhosts/texasbeyondhistory/data/kids/images/houses PPHM-lg.jpg
2005.08.18 12:20 B L:\TBH Website Temp\kids\images\houses\peel-shelter.html --> uts.cc.utexas.edu /export/httpd/vhosts/texasbeyondhistory/data/kids/images/houses peel-shelter.html
2005.08.18 12:20 B L:\TBH Website Temp\kids\images\houses\peel-shelter-lg.jpg --> uts.cc.utexas.edu /export/httpd/vhosts/texasbeyondhistory/data/kids/images/houses peel-shelter-lg.jpg
2005.08.18 12:20 B L:\TBH Website Temp\kids\images\houses\nelsoncaddo.jpg --> uts.cc.utexas.edu /export/httpd/vhosts/texasbeyondhistory/data/kids/images/houses nelsoncaddo.jpg
2005.08.18 12:20 B L:\TBH Website Temp\kids\images\houses\nelsonapaches-crop.jpg --> uts.cc.utexas.edu /export/httpd/vhosts/texasbeyondhistory/data/kids/images/houses nelsonapaches-crop.jpg
2005.08.18 12:20 B L:\TBH Website Temp\kids\images\houses\nelson2.html --> uts.cc.utexas.edu /export/httpd/vhosts/texasbeyondhistory/data/kids/images/houses nelson2.html
2005.08.18 12:20 B L:\TBH Website Temp\kids\images\houses\nelson2-sm.jpg --> uts.cc.utexas.edu /export/httpd/vhosts/texasbeyondhistory/data/kids/images/houses nelson2-sm.jpg
2005.08.18 12:20 B L:\TBH Website Temp\kids\images\houses\nelson2-lg.jpg --> uts.cc.utexas.edu /export/httpd/vhosts/texasbeyondhistory/data/kids/images/houses nelson2-lg.jpg
2005.08.18 12:20 B L:\TBH Website Temp\kids\images\houses\Nelson.jpg --> uts.cc.utexas.edu /export/httpd/vhosts/texasbeyondhistory/data/kids/images/houses Nelson.jpg
2005.08.18 12:20 B L:\TBH Website Temp\kids\images\houses\LL419-GS6-sm.jpg --> uts.cc.utexas.edu /export/httpd/vhosts/texasbeyondhistory/data/kids/images/houses LL419-GS6-sm.jpg
2005.08.18 12:20 B L:\TBH Website Temp\kids\images\houses\LL419-GS6-lg.jpg --> uts.cc.utexas.edu /export/httpd/vhosts/texasbeyondhistory/data/kids/images/houses LL419-GS6-lg.jpg
2005.08.18 12:20 B L:\TBH Website Temp\kids\images\houses\hanks3-sm.jpg --> uts.cc.utexas.edu /export/httpd/vhosts/texasbeyondhistory/data/kids/images/houses hanks3-sm.jpg
2005.08.18 12:20 B L:\TBH Website Temp\kids\images\houses\hanks3-lg.jpg --> uts.cc.utexas.edu /export/httpd/vhosts/texasbeyondhistory/data/kids/images/houses hanks3-lg.jpg
2005.08.18 12:20 B L:\TBH Website Temp\kids\images\houses\hank3.html --> uts.cc.utexas.edu /export/httpd/vhosts/texasbeyondhistory/data/kids/images/houses hank3.html
2005.08.18 12:20 B L:\TBH Website Temp\kids\images\houses\fire59.html --> uts.cc.utexas.edu /export/httpd/vhosts/texasbeyondhistory/data/kids/images/houses fire59.html
2005.08.18 12:20 B L:\TBH Website Temp\kids\images\houses\Fire-72-sm.jpg --> uts.cc.utexas.edu /export/httpd/vhosts/texasbeyondhistory/data/kids/images/houses Fire-72-sm.jpg
2005.08.18 12:20 B L:\TBH Website Temp\kids\images\houses\Fire-72-lg.jpg --> uts.cc.utexas.edu /export/httpd/vhosts/texasbeyondhistory/data/kids/images/houses Fire-72-lg.jpg
2005.08.18 12:20 B L:\TBH Website Temp\kids\images\houses\Fire-59-sm.jpg --> uts.cc.utexas.edu /export/httpd/vhosts/texasbeyondhistory/data/kids/images/houses Fire-59-sm.jpg
2005.08.18 12:20 B L:\TBH Website Temp\kids\images\houses\Fire-59-lg.jpg --> uts.cc.utexas.edu /export/httpd/vhosts/texasbeyondhistory/data/kids/images/houses Fire-59-lg.jpg
2005.08.18 12:20 B L:\TBH Website Temp\kids\images\houses\eagle-rockshelter.html --> uts.cc.utexas.edu /export/httpd/vhosts/texasbeyondhistory/data/kids/images/houses eagle-rockshelter.html
2005.08.18 12:20 B L:\TBH Website Temp\kids\images\houses\eagle-rockshelter-lg.jpg --> uts.cc.utexas.edu /export/httpd/vhosts/texasbeyondhistory/data/kids/images/houses eagle-rockshelter-lg.jpg
2005.08.18 12:20 B L:\TBH Website Temp\kids\images\houses\davidhughes.jpg --> uts.cc.utexas.edu /export/httpd/vhosts/texasbeyondhistory/data/kids/images/houses davidhughes.jpg
2005.08.18 12:20 B L:\TBH Website Temp\kids\images\houses\centraltexvillage.jpg --> uts.cc.utexas.edu /export/httpd/vhosts/texasbeyondhistory/data/kids/images/houses centraltexvillage.jpg
2005.08.18 12:20 B L:\TBH Website Temp\kids\images\houses\centraltexhut2.html --> uts.cc.utexas.edu /export/httpd/vhosts/texasbeyondhistory/data/kids/images/houses centraltexhut2.html
2005.08.18 12:20 B L:\TBH Website Temp\kids\images\houses\centraltexhut2-sm.jpg --> uts.cc.utexas.edu /export/httpd/vhosts/texasbeyondhistory/data/kids/images/houses centraltexhut2-sm.jpg
2005.08.18 12:20 B L:\TBH Website Temp\kids\images\houses\centraltexhut2-lg.jpg --> uts.cc.utexas.edu /export/httpd/vhosts/texasbeyondhistory/data/kids/images/houses centraltexhut2-lg.jpg
2005.08.18 12:20 B L:\TBH Website Temp\kids\images\houses\caddopots.html --> uts.cc.utexas.edu /export/httpd/vhosts/texasbeyondhistory/data/kids/images/houses caddopots.html
2005.08.18 12:20 B L:\TBH Website Temp\kids\images\houses\caddopots-sm.jpg --> uts.cc.utexas.edu /export/httpd/vhosts/texasbeyondhistory/data/kids/images/houses caddopots-sm.jpg
2005.08.18 12:20 B L:\TBH Website Temp\kids\images\houses\caddopots-lg.jpg --> uts.cc.utexas.edu /export/httpd/vhosts/texasbeyondhistory/data/kids/images/houses caddopots-lg.jpg
2005.08.18 12:20 B L:\TBH Website Temp\kids\images\houses\caddograssmat.html --> uts.cc.utexas.edu /export/httpd/vhosts/texasbeyondhistory/data/kids/images/houses caddograssmat.html
2005.08.18 12:20 B L:\TBH Website Temp\kids\images\houses\caddograssmat-sm.jpg --> uts.cc.utexas.edu /export/httpd/vhosts/texasbeyondhistory/data/kids/images/houses caddograssmat-sm.jpg
2005.08.18 12:20 B L:\TBH Website Temp\kids\images\houses\caddograssmat-lg.jpg --> uts.cc.utexas.edu /export/httpd/vhosts/texasbeyondhistory/data/kids/images/houses caddograssmat-lg.jpg
2005.08.18 12:20 B L:\TBH Website Temp\kids\images\houses\caddoframe.html --> uts.cc.utexas.edu /export/httpd/vhosts/texasbeyondhistory/data/kids/images/houses caddoframe.html
2005.08.18 12:20 B L:\TBH Website Temp\kids\images\houses\caddoframe-sm.jpg --> uts.cc.utexas.edu /export/httpd/vhosts/texasbeyondhistory/data/kids/images/houses caddoframe-sm.jpg
2005.08.18 12:20 B L:\TBH Website Temp\kids\images\houses\caddoframe-lg.jpg --> uts.cc.utexas.edu /export/httpd/vhosts/texasbeyondhistory/data/kids/images/houses caddoframe-lg.jpg
2005.08.18 12:20 B L:\TBH Website Temp\kids\images\houses\caddoary.html --> uts.cc.utexas.edu /export/httpd/vhosts/texasbeyondhistory/data/kids/images/houses caddoary.html
2005.08.18 12:20 B L:\TBH Website Temp\kids\images\houses\caddoary-sm.jpg --> uts.cc.utexas.edu /export/httpd/vhosts/texasbeyondhistory/data/kids/images/houses caddoary-sm.jpg
2005.08.18 12:20 B L:\TBH Website Temp\kids\images\houses\caddoary-lg.jpg --> uts.cc.utexas.edu /export/httpd/vhosts/texasbeyondhistory/data/kids/images/houses caddoary-lg.jpg
2005.08.18 12:20 B L:\TBH Website Temp\kids\images\houses\LL419-GS6.html --> uts.cc.utexas.edu /export/httpd/vhosts/texasbeyondhistory/data/kids/images/houses LL419-GS6.html
2005.08.18 12:20 B L:\TBH Website Temp\kids\images\houses\wickiup4.html --> uts.cc.utexas.edu /export/httpd/vhosts/texasbeyondhistory/data/kids/images/houses wickiup4.html
2005.08.18 12:20 B L:\TBH Website Temp\kids\images\houses\rockshelterbone.html --> uts.cc.utexas.edu /export/httpd/vhosts/texasbeyondhistory/data/kids/images/houses rockshelterbone.html
2005.08.18 12:20 B L:\TBH Website Temp\kids\images\houses\fire72.html --> uts.cc.utexas.edu /export/httpd/vhosts/texasbeyondhistory/data/kids/images/houses fire72.html
2005.08.18 12:20 B L:\TBH Website Temp\kids\images\houses\pphm.html --> uts.cc.utexas.edu /export/httpd/vhosts/texasbeyondhistory/data/kids/images/houses pphm.html
2005.08.18 12:20 B L:\TBH Website Temp\kids\images\houses\mb13-lg.jpg --> uts.cc.utexas.edu /export/httpd/vhosts/texasbeyondhistory/data/kids/images/houses mb13-lg.jpg
2005.08.18 12:20 B L:\TBH Website Temp\kids\images\houses\seminole-m8-sm.jpg --> uts.cc.utexas.edu /export/httpd/vhosts/texasbeyondhistory/data/kids/images/houses seminole-m8-sm.jpg
2005.08.18 12:20 B L:\TBH Website Temp\kids\images\houses\bricks.html --> uts.cc.utexas.edu /export/httpd/vhosts/texasbeyondhistory/data/kids/images/houses bricks.html
2005.08.18 12:20 B L:\TBH Website Temp\kids\images\houses\bricks-sm.jpg --> uts.cc.utexas.edu /export/httpd/vhosts/texasbeyondhistory/data/kids/images/houses bricks-sm.jpg
2005.08.18 12:20 B L:\TBH Website Temp\kids\images\houses\bricks-lg.jpg --> uts.cc.utexas.edu /export/httpd/vhosts/texasbeyondhistory/data/kids/images/houses bricks-lg.jpg
2005.08.18 12:20 B L:\TBH Website Temp\kids\images\houses\rocksheltersandal.html --> uts.cc.utexas.edu /export/httpd/vhosts/texasbeyondhistory/data/kids/images/houses rocksheltersandal.html
2005.08.18 12:20 B L:\TBH Website Temp\kids\images\houses\rocksheltersandal-lg.jpg --> uts.cc.utexas.edu /export/httpd/vhosts/texasbeyondhistory/data/kids/images/houses rocksheltersandal-lg.jpg
2005.08.18 12:20 B L:\TBH Website Temp\kids\images\houses\rockshelternet.html --> uts.cc.utexas.edu /export/httpd/vhosts/texasbeyondhistory/data/kids/images/houses rockshelternet.html
2005.08.18 12:20 B L:\TBH Website Temp\kids\images\houses\rockshelternet-lg.jpg --> uts.cc.utexas.edu /export/httpd/vhosts/texasbeyondhistory/data/kids/images/houses rockshelternet-lg.jpg
2005.08.18 12:20 B L:\TBH Website Temp\kids\images\houses\rockshelterbone-lg.jpg --> uts.cc.utexas.edu /export/httpd/vhosts/texasbeyondhistory/data/kids/images/houses rockshelterbone-lg.jpg
2005.08.18 12:20 B L:\TBH Website Temp\kids\images\houses\rockshelterbaker.html --> uts.cc.utexas.edu /export/httpd/vhosts/texasbeyondhistory/data/kids/images/houses rockshelterbaker.html
2005.08.18 12:20 B L:\TBH Website Temp\kids\images\houses\rockshelterbaker-lg.jpg --> uts.cc.utexas.edu /export/httpd/vhosts/texasbeyondhistory/data/kids/images/houses rockshelterbaker-lg.jpg
2006.09.29 17:12 B L:\TBH Website Temp\kids\images\houses\wickiup4.html --> uts.cc.utexas.edu /export/httpd/vhosts/texasbeyondhistory/data/kids/images/houses wickiup4.html
2006.09.29 17:13 B L:\TBH Website Temp\kids\images\houses\VV213-X.html --> uts.cc.utexas.edu /export/httpd/vhosts/texasbeyondhistory/data/kids/images/houses VV213-X.html
2006.09.29 17:13 B L:\TBH Website Temp\kids\images\houses\travois.html --> uts.cc.utexas.edu /export/httpd/vhosts/texasbeyondhistory/data/kids/images/houses travois.html
2006.09.29 17:13 B L:\TBH Website Temp\kids\images\houses\tipidiagram.html --> uts.cc.utexas.edu /export/httpd/vhosts/texasbeyondhistory/data/kids/images/houses tipidiagram.html
2006.09.29 17:13 B L:\TBH Website Temp\kids\images\houses\tipi04.html --> uts.cc.utexas.edu /export/httpd/vhosts/texasbeyondhistory/data/kids/images/houses tipi04.html
2006.09.29 17:13 B L:\TBH Website Temp\kids\images\houses\seminole-m8.html --> uts.cc.utexas.edu /export/httpd/vhosts/texasbeyondhistory/data/kids/images/houses seminole-m8.html
2006.09.29 17:13 B L:\TBH Website Temp\kids\images\houses\rocksheltersandal.html --> uts.cc.utexas.edu /export/httpd/vhosts/texasbeyondhistory/data/kids/images/houses rocksheltersandal.html
2006.09.29 17:13 B L:\TBH Website Temp\kids\images\houses\rockshelternet.html --> uts.cc.utexas.edu /export/httpd/vhosts/texasbeyondhistory/data/kids/images/houses rockshelternet.html
2006.09.29 17:13 B L:\TBH Website Temp\kids\images\houses\rockshelterbone.html --> uts.cc.utexas.edu /export/httpd/vhosts/texasbeyondhistory/data/kids/images/houses rockshelterbone.html
2006.09.29 17:13 B L:\TBH Website Temp\kids\images\houses\rockshelterbaker.html --> uts.cc.utexas.edu /export/httpd/vhosts/texasbeyondhistory/data/kids/images/houses rockshelterbaker.html
2006.09.29 17:13 B L:\TBH Website Temp\kids\images\houses\rockart.html --> uts.cc.utexas.edu /export/httpd/vhosts/texasbeyondhistory/data/kids/images/houses rockart.html
2006.09.29 17:13 B L:\TBH Website Temp\kids\images\houses\pphm.html --> uts.cc.utexas.edu /export/httpd/vhosts/texasbeyondhistory/data/kids/images/houses pphm.html
2006.09.29 17:13 B L:\TBH Website Temp\kids\images\houses\peel-shelter.html --> uts.cc.utexas.edu /export/httpd/vhosts/texasbeyondhistory/data/kids/images/houses peel-shelter.html
2006.09.29 17:13 B L:\TBH Website Temp\kids\images\houses\nelson2.html --> uts.cc.utexas.edu /export/httpd/vhosts/texasbeyondhistory/data/kids/images/houses nelson2.html
2006.09.29 17:13 B L:\TBH Website Temp\kids\images\houses\LL419-GS6.html --> uts.cc.utexas.edu /export/httpd/vhosts/texasbeyondhistory/data/kids/images/houses LL419-GS6.html
2006.09.29 17:13 B L:\TBH Website Temp\kids\images\houses\hank3.html --> uts.cc.utexas.edu /export/httpd/vhosts/texasbeyondhistory/data/kids/images/houses hank3.html
2006.09.29 17:13 B L:\TBH Website Temp\kids\images\houses\grasshouse11.html --> uts.cc.utexas.edu /export/httpd/vhosts/texasbeyondhistory/data/kids/images/houses grasshouse11.html
2006.09.29 17:13 B L:\TBH Website Temp\kids\images\houses\fire72.html --> uts.cc.utexas.edu /export/httpd/vhosts/texasbeyondhistory/data/kids/images/houses fire72.html
2006.09.29 17:13 B L:\TBH Website Temp\kids\images\houses\fire59.html --> uts.cc.utexas.edu /export/httpd/vhosts/texasbeyondhistory/data/kids/images/houses fire59.html
2006.09.29 17:13 B L:\TBH Website Temp\kids\images\houses\eagle-rockshelter.html --> uts.cc.utexas.edu /export/httpd/vhosts/texasbeyondhistory/data/kids/images/houses eagle-rockshelter.html
2006.09.29 17:13 B L:\TBH Website Temp\kids\images\houses\centraltexhut2.html --> uts.cc.utexas.edu /export/httpd/vhosts/texasbeyondhistory/data/kids/images/houses centraltexhut2.html
2006.09.29 17:13 B L:\TBH Website Temp\kids\images\houses\caddopots.html --> uts.cc.utexas.edu /export/httpd/vhosts/texasbeyondhistory/data/kids/images/houses caddopots.html
2006.09.29 17:13 B L:\TBH Website Temp\kids\images\houses\caddograssmat.html --> uts.cc.utexas.edu /export/httpd/vhosts/texasbeyondhistory/data/kids/images/houses caddograssmat.html
2006.09.29 17:13 B L:\TBH Website Temp\kids\images\houses\caddoframe.html --> uts.cc.utexas.edu /export/httpd/vhosts/texasbeyondhistory/data/kids/images/houses caddoframe.html
2006.09.29 17:13 B L:\TBH Website Temp\kids\images\houses\caddoary.html --> uts.cc.utexas.edu /export/httpd/vhosts/texasbeyondhistory/data/kids/images/houses caddoary.html
2006.09.29 17:13 B L:\TBH Website Temp\kids\images\houses\bricks.html --> uts.cc.utexas.edu /export/httpd/vhosts/texasbeyondhistory/data/kids/images/houses bricks.html
2006.09.29 17:13 B L:\TBH Website Temp\kids\images\houses\Thumbs.db --> uts.cc.utexas.edu /export/httpd/vhosts/texasbeyondhistory/data/kids/images/houses Thumbs.db
2006.09.29 17:13 B L:\TBH Website Temp\kids\images\houses\WS_FTP.LOG --> uts.cc.utexas.edu /export/httpd/vhosts/texasbeyondhistory/data/kids/images/houses WS_FTP.LOG
2007.05.02 16:09 B V:\TBH Website Temp\kids\images\houses\bricks-lg.jpg --> uts.cc.utexas.edu /export/httpd/vhosts/texasbeyondhistory/data/kids/images/houses bricks-lg.jpg
2007.05.02 16:09 B V:\TBH Website Temp\kids\images\houses\bricks-sm.jpg --> uts.cc.utexas.edu /export/httpd/vhosts/texasbeyondhistory/data/kids/images/houses bricks-sm.jpg
2007.05.02 16:09 B V:\TBH Website Temp\kids\images\houses\bricks.html --> uts.cc.utexas.edu /export/httpd/vhosts/texasbeyondhistory/data/kids/images/houses bricks.html
2007.05.02 16:09 B V:\TBH Website Temp\kids\images\houses\caddoary-lg.jpg --> uts.cc.utexas.edu /export/httpd/vhosts/texasbeyondhistory/data/kids/images/houses caddoary-lg.jpg
2007.05.02 16:09 B V:\TBH Website Temp\kids\images\houses\caddoary-sm.jpg --> uts.cc.utexas.edu /export/httpd/vhosts/texasbeyondhistory/data/kids/images/houses caddoary-sm.jpg
2007.05.02 16:09 B V:\TBH Website Temp\kids\images\houses\caddoary.html --> uts.cc.utexas.edu /export/httpd/vhosts/texasbeyondhistory/data/kids/images/houses caddoary.html
2007.05.02 16:09 B V:\TBH Website Temp\kids\images\houses\caddoframe-lg.jpg --> uts.cc.utexas.edu /export/httpd/vhosts/texasbeyondhistory/data/kids/images/houses caddoframe-lg.jpg
2007.05.02 16:09 B V:\TBH Website Temp\kids\images\houses\caddoframe-sm.jpg --> uts.cc.utexas.edu /export/httpd/vhosts/texasbeyondhistory/data/kids/images/houses caddoframe-sm.jpg
2007.05.02 16:09 B V:\TBH Website Temp\kids\images\houses\caddoframe.html --> uts.cc.utexas.edu /export/httpd/vhosts/texasbeyondhistory/data/kids/images/houses caddoframe.html
2007.05.02 16:09 B V:\TBH Website Temp\kids\images\houses\caddograssmat-lg.jpg --> uts.cc.utexas.edu /export/httpd/vhosts/texasbeyondhistory/data/kids/images/houses caddograssmat-lg.jpg
2007.05.02 16:09 B V:\TBH Website Temp\kids\images\houses\caddograssmat-sm.jpg --> uts.cc.utexas.edu /export/httpd/vhosts/texasbeyondhistory/data/kids/images/houses caddograssmat-sm.jpg
2007.05.02 16:09 B V:\TBH Website Temp\kids\images\houses\caddograssmat.html --> uts.cc.utexas.edu /export/httpd/vhosts/texasbeyondhistory/data/kids/images/houses caddograssmat.html
2007.05.02 16:09 B V:\TBH Website Temp\kids\images\houses\caddopots-lg.jpg --> uts.cc.utexas.edu /export/httpd/vhosts/texasbeyondhistory/data/kids/images/houses caddopots-lg.jpg
2007.05.02 16:09 B V:\TBH Website Temp\kids\images\houses\caddopots-sm.jpg --> uts.cc.utexas.edu /export/httpd/vhosts/texasbeyondhistory/data/kids/images/houses caddopots-sm.jpg
2007.05.02 16:09 B V:\TBH Website Temp\kids\images\houses\caddopots.html --> uts.cc.utexas.edu /export/httpd/vhosts/texasbeyondhistory/data/kids/images/houses caddopots.html
2007.05.02 16:09 B V:\TBH Website Temp\kids\images\houses\centraltexhut2-lg.jpg --> uts.cc.utexas.edu /export/httpd/vhosts/texasbeyondhistory/data/kids/images/houses centraltexhut2-lg.jpg
2007.05.02 16:09 B V:\TBH Website Temp\kids\images\houses\centraltexhut2-sm.jpg --> uts.cc.utexas.edu /export/httpd/vhosts/texasbeyondhistory/data/kids/images/houses centraltexhut2-sm.jpg
2007.05.02 16:09 B V:\TBH Website Temp\kids\images\houses\centraltexhut2.html --> uts.cc.utexas.edu /export/httpd/vhosts/texasbeyondhistory/data/kids/images/houses centraltexhut2.html
2007.05.02 16:09 B V:\TBH Website Temp\kids\images\houses\centraltexvillage.jpg --> uts.cc.utexas.edu /export/httpd/vhosts/texasbeyondhistory/data/kids/images/houses centraltexvillage.jpg
2007.05.02 16:09 B V:\TBH Website Temp\kids\images\houses\davidhughes.jpg --> uts.cc.utexas.edu /export/httpd/vhosts/texasbeyondhistory/data/kids/images/houses davidhughes.jpg
2007.05.02 16:09 B V:\TBH Website Temp\kids\images\houses\eagle-rockshelter-lg.jpg --> uts.cc.utexas.edu /export/httpd/vhosts/texasbeyondhistory/data/kids/images/houses eagle-rockshelter-lg.jpg
2007.05.02 16:09 B V:\TBH Website Temp\kids\images\houses\eagle-rockshelter-sm.jpg --> uts.cc.utexas.edu /export/httpd/vhosts/texasbeyondhistory/data/kids/images/houses eagle-rockshelter-sm.jpg
2007.05.02 16:09 B V:\TBH Website Temp\kids\images\houses\eagle-rockshelter.html --> uts.cc.utexas.edu /export/httpd/vhosts/texasbeyondhistory/data/kids/images/houses eagle-rockshelter.html
2007.05.02 16:09 B V:\TBH Website Temp\kids\images\houses\Fire-59-lg.jpg --> uts.cc.utexas.edu /export/httpd/vhosts/texasbeyondhistory/data/kids/images/houses Fire-59-lg.jpg
2007.05.02 16:09 B V:\TBH Website Temp\kids\images\houses\Fire-59-sm.jpg --> uts.cc.utexas.edu /export/httpd/vhosts/texasbeyondhistory/data/kids/images/houses Fire-59-sm.jpg
2007.05.02 16:09 B V:\TBH Website Temp\kids\images\houses\Fire-72-lg.jpg --> uts.cc.utexas.edu /export/httpd/vhosts/texasbeyondhistory/data/kids/images/houses Fire-72-lg.jpg
2007.05.02 16:09 B V:\TBH Website Temp\kids\images\houses\Fire-72-sm.jpg --> uts.cc.utexas.edu /export/httpd/vhosts/texasbeyondhistory/data/kids/images/houses Fire-72-sm.jpg
2007.05.02 16:09 B V:\TBH Website Temp\kids\images\houses\fire59.html --> uts.cc.utexas.edu /export/httpd/vhosts/texasbeyondhistory/data/kids/images/houses fire59.html
2007.05.02 16:09 B V:\TBH Website Temp\kids\images\houses\fire72.html --> uts.cc.utexas.edu /export/httpd/vhosts/texasbeyondhistory/data/kids/images/houses fire72.html
2007.05.02 16:09 B V:\TBH Website Temp\kids\images\houses\grasshouse11-lg.jpg --> uts.cc.utexas.edu /export/httpd/vhosts/texasbeyondhistory/data/kids/images/houses grasshouse11-lg.jpg
2007.05.02 16:09 B V:\TBH Website Temp\kids\images\houses\grasshouse11-sm.jpg --> uts.cc.utexas.edu /export/httpd/vhosts/texasbeyondhistory/data/kids/images/houses grasshouse11-sm.jpg
2007.05.02 16:09 B V:\TBH Website Temp\kids\images\houses\grasshouse11.html --> uts.cc.utexas.edu /export/httpd/vhosts/texasbeyondhistory/data/kids/images/houses grasshouse11.html
2007.05.02 16:09 B V:\TBH Website Temp\kids\images\houses\hank3.html --> uts.cc.utexas.edu /export/httpd/vhosts/texasbeyondhistory/data/kids/images/houses hank3.html
2007.05.02 16:09 B V:\TBH Website Temp\kids\images\houses\hanks3-lg.jpg --> uts.cc.utexas.edu /export/httpd/vhosts/texasbeyondhistory/data/kids/images/houses hanks3-lg.jpg
2007.05.02 16:09 B V:\TBH Website Temp\kids\images\houses\hanks3-sm.jpg --> uts.cc.utexas.edu /export/httpd/vhosts/texasbeyondhistory/data/kids/images/houses hanks3-sm.jpg
2007.05.02 16:09 B V:\TBH Website Temp\kids\images\houses\LL419-GS6-lg.jpg --> uts.cc.utexas.edu /export/httpd/vhosts/texasbeyondhistory/data/kids/images/houses LL419-GS6-lg.jpg
2007.05.02 16:09 B V:\TBH Website Temp\kids\images\houses\LL419-GS6-sm.jpg --> uts.cc.utexas.edu /export/httpd/vhosts/texasbeyondhistory/data/kids/images/houses LL419-GS6-sm.jpg
2007.05.02 16:09 B V:\TBH Website Temp\kids\images\houses\LL419-GS6.html --> uts.cc.utexas.edu /export/httpd/vhosts/texasbeyondhistory/data/kids/images/houses LL419-GS6.html
2007.05.02 16:09 B V:\TBH Website Temp\kids\images\houses\mb13-lg.jpg --> uts.cc.utexas.edu /export/httpd/vhosts/texasbeyondhistory/data/kids/images/houses mb13-lg.jpg
2007.05.02 16:09 B V:\TBH Website Temp\kids\images\houses\mb13-sm.jpg --> uts.cc.utexas.edu /export/httpd/vhosts/texasbeyondhistory/data/kids/images/houses mb13-sm.jpg
2007.05.02 16:09 B V:\TBH Website Temp\kids\images\houses\Nelson.jpg --> uts.cc.utexas.edu /export/httpd/vhosts/texasbeyondhistory/data/kids/images/houses Nelson.jpg
2007.05.02 16:09 B V:\TBH Website Temp\kids\images\houses\nelson2-lg.jpg --> uts.cc.utexas.edu /export/httpd/vhosts/texasbeyondhistory/data/kids/images/houses nelson2-lg.jpg
2007.05.02 16:09 B V:\TBH Website Temp\kids\images\houses\nelson2-sm.jpg --> uts.cc.utexas.edu /export/httpd/vhosts/texasbeyondhistory/data/kids/images/houses nelson2-sm.jpg
2007.05.02 16:09 B V:\TBH Website Temp\kids\images\houses\nelson2.html --> uts.cc.utexas.edu /export/httpd/vhosts/texasbeyondhistory/data/kids/images/houses nelson2.html
2007.05.02 16:09 B V:\TBH Website Temp\kids\images\houses\nelsonapaches-crop.jpg --> uts.cc.utexas.edu /export/httpd/vhosts/texasbeyondhistory/data/kids/images/houses nelsonapaches-crop.jpg
2007.05.02 16:09 B V:\TBH Website Temp\kids\images\houses\nelsoncaddo.jpg --> uts.cc.utexas.edu /export/httpd/vhosts/texasbeyondhistory/data/kids/images/houses nelsoncaddo.jpg
2007.05.02 16:09 B V:\TBH Website Temp\kids\images\houses\peel-shelter-lg.jpg --> uts.cc.utexas.edu /export/httpd/vhosts/texasbeyondhistory/data/kids/images/houses peel-shelter-lg.jpg
2007.05.02 16:09 B V:\TBH Website Temp\kids\images\houses\peel-shelter-sm.jpg --> uts.cc.utexas.edu /export/httpd/vhosts/texasbeyondhistory/data/kids/images/houses peel-shelter-sm.jpg
2007.05.02 16:09 B V:\TBH Website Temp\kids\images\houses\peel-shelter.html --> uts.cc.utexas.edu /export/httpd/vhosts/texasbeyondhistory/data/kids/images/houses peel-shelter.html
2007.05.02 16:09 B V:\TBH Website Temp\kids\images\houses\PPHM-lg.jpg --> uts.cc.utexas.edu /export/httpd/vhosts/texasbeyondhistory/data/kids/images/houses PPHM-lg.jpg
2007.05.02 16:09 B V:\TBH Website Temp\kids\images\houses\PPHM-sm.jpg --> uts.cc.utexas.edu /export/httpd/vhosts/texasbeyondhistory/data/kids/images/houses PPHM-sm.jpg
2007.05.02 16:09 B V:\TBH Website Temp\kids\images\houses\pphm.html --> uts.cc.utexas.edu /export/httpd/vhosts/texasbeyondhistory/data/kids/images/houses pphm.html
2007.05.02 16:09 B V:\TBH Website Temp\kids\images\houses\rockart-lg.jpg --> uts.cc.utexas.edu /export/httpd/vhosts/texasbeyondhistory/data/kids/images/houses rockart-lg.jpg
2007.05.02 16:09 B V:\TBH Website Temp\kids\images\houses\rockart-sm.jpg --> uts.cc.utexas.edu /export/httpd/vhosts/texasbeyondhistory/data/kids/images/houses rockart-sm.jpg
2007.05.02 16:09 B V:\TBH Website Temp\kids\images\houses\rockart.html --> uts.cc.utexas.edu /export/httpd/vhosts/texasbeyondhistory/data/kids/images/houses rockart.html
2007.05.02 16:09 B V:\TBH Website Temp\kids\images\houses\rockshelter.html --> uts.cc.utexas.edu /export/httpd/vhosts/texasbeyondhistory/data/kids/images/houses rockshelter.html
2007.05.02 16:09 B V:\TBH Website Temp\kids\images\houses\rockshelterbaker-lg.jpg --> uts.cc.utexas.edu /export/httpd/vhosts/texasbeyondhistory/data/kids/images/houses rockshelterbaker-lg.jpg
2007.05.02 16:09 B V:\TBH Website Temp\kids\images\houses\rockshelterbaker.html --> uts.cc.utexas.edu /export/httpd/vhosts/texasbeyondhistory/data/kids/images/houses rockshelterbaker.html
2007.05.02 16:09 B V:\TBH Website Temp\kids\images\houses\rockshelterbone-lg.jpg --> uts.cc.utexas.edu /export/httpd/vhosts/texasbeyondhistory/data/kids/images/houses rockshelterbone-lg.jpg
2007.05.02 16:09 B V:\TBH Website Temp\kids\images\houses\rockshelterbone.html --> uts.cc.utexas.edu /export/httpd/vhosts/texasbeyondhistory/data/kids/images/houses rockshelterbone.html
2007.05.02 16:09 B V:\TBH Website Temp\kids\images\houses\rockshelterfar-lg.jpg --> uts.cc.utexas.edu /export/httpd/vhosts/texasbeyondhistory/data/kids/images/houses rockshelterfar-lg.jpg
2007.05.02 16:09 B V:\TBH Website Temp\kids\images\houses\rockshelternet-lg.jpg --> uts.cc.utexas.edu /export/httpd/vhosts/texasbeyondhistory/data/kids/images/houses rockshelternet-lg.jpg
2007.05.02 16:09 B V:\TBH Website Temp\kids\images\houses\rockshelternet.html --> uts.cc.utexas.edu /export/httpd/vhosts/texasbeyondhistory/data/kids/images/houses rockshelternet.html
2007.05.02 16:09 B V:\TBH Website Temp\kids\images\houses\rocksheltersandal-lg.jpg --> uts.cc.utexas.edu /export/httpd/vhosts/texasbeyondhistory/data/kids/images/houses rocksheltersandal-lg.jpg
2007.05.02 16:09 B V:\TBH Website Temp\kids\images\houses\rocksheltersandal.html --> uts.cc.utexas.edu /export/httpd/vhosts/texasbeyondhistory/data/kids/images/houses rocksheltersandal.html
2007.05.02 16:09 B V:\TBH Website Temp\kids\images\houses\seminole-m8-lg.jpg --> uts.cc.utexas.edu /export/httpd/vhosts/texasbeyondhistory/data/kids/images/houses seminole-m8-lg.jpg
2007.05.02 16:09 B V:\TBH Website Temp\kids\images\houses\seminole-m8-sm.jpg --> uts.cc.utexas.edu /export/httpd/vhosts/texasbeyondhistory/data/kids/images/houses seminole-m8-sm.jpg
2007.05.02 16:09 B V:\TBH Website Temp\kids\images\houses\seminole-m8.html --> uts.cc.utexas.edu /export/httpd/vhosts/texasbeyondhistory/data/kids/images/houses seminole-m8.html
2007.05.02 16:09 B V:\TBH Website Temp\kids\images\houses\texas.html --> uts.cc.utexas.edu /export/httpd/vhosts/texasbeyondhistory/data/kids/images/houses texas.html
2007.05.02 16:09 B V:\TBH Website Temp\kids\images\houses\Thumbs.db --> uts.cc.utexas.edu /export/httpd/vhosts/texasbeyondhistory/data/kids/images/houses Thumbs.db
2007.05.02 16:09 B V:\TBH Website Temp\kids\images\houses\tipi04-lg.jpg --> uts.cc.utexas.edu /export/httpd/vhosts/texasbeyondhistory/data/kids/images/houses tipi04-lg.jpg
2007.05.02 16:09 B V:\TBH Website Temp\kids\images\houses\tipi04-sm.jpg --> uts.cc.utexas.edu /export/httpd/vhosts/texasbeyondhistory/data/kids/images/houses tipi04-sm.jpg
2007.05.02 16:09 B V:\TBH Website Temp\kids\images\houses\tipi04.html --> uts.cc.utexas.edu /export/httpd/vhosts/texasbeyondhistory/data/kids/images/houses tipi04.html
2007.05.02 16:09 B V:\TBH Website Temp\kids\images\houses\tipidiagram-lg.gif --> uts.cc.utexas.edu /export/httpd/vhosts/texasbeyondhistory/data/kids/images/houses tipidiagram-lg.gif
2007.05.02 16:09 B V:\TBH Website Temp\kids\images\houses\tipidiagram-sm.gif --> uts.cc.utexas.edu /export/httpd/vhosts/texasbeyondhistory/data/kids/images/houses tipidiagram-sm.gif
2007.05.02 16:09 B V:\TBH Website Temp\kids\images\houses\tipidiagram.html --> uts.cc.utexas.edu /export/httpd/vhosts/texasbeyondhistory/data/kids/images/houses tipidiagram.html
2007.05.02 16:09 B V:\TBH Website Temp\kids\images\houses\travois-lg.jpg --> uts.cc.utexas.edu /export/httpd/vhosts/texasbeyondhistory/data/kids/images/houses travois-lg.jpg
2007.05.02 16:09 B V:\TBH Website Temp\kids\images\houses\travois-sm.jpg --> uts.cc.utexas.edu /export/httpd/vhosts/texasbeyondhistory/data/kids/images/houses travois-sm.jpg
2007.05.02 16:09 B V:\TBH Website Temp\kids\images\houses\travois.html --> uts.cc.utexas.edu /export/httpd/vhosts/texasbeyondhistory/data/kids/images/houses travois.html
2007.05.02 16:09 B V:\TBH Website Temp\kids\images\houses\VV213-X-lg.jpg --> uts.cc.utexas.edu /export/httpd/vhosts/texasbeyondhistory/data/kids/images/houses VV213-X-lg.jpg
2007.05.02 16:09 B V:\TBH Website Temp\kids\images\houses\VV213-X-sm.jpg --> uts.cc.utexas.edu /export/httpd/vhosts/texasbeyondhistory/data/kids/images/houses VV213-X-sm.jpg
2007.05.02 16:09 B V:\TBH Website Temp\kids\images\houses\VV213-X.html --> uts.cc.utexas.edu /export/httpd/vhosts/texasbeyondhistory/data/kids/images/houses VV213-X.html
2007.05.02 16:09 B V:\TBH Website Temp\kids\images\houses\wickiup4-lg.jpg --> uts.cc.utexas.edu /export/httpd/vhosts/texasbeyondhistory/data/kids/images/houses wickiup4-lg.jpg
2007.05.02 16:09 B V:\TBH Website Temp\kids\images\houses\wickiup4-sm.jpg --> uts.cc.utexas.edu /export/httpd/vhosts/texasbeyondhistory/data/kids/images/houses wickiup4-sm.jpg
2007.05.02 16:09 B V:\TBH Website Temp\kids\images\houses\wickiup4.html --> uts.cc.utexas.edu /export/httpd/vhosts/texasbeyondhistory/data/kids/images/houses wickiup4.html
