2005.06.25 12:08 B L:\TBH Website Temp\plateaus\peoples\apache.html --> uts.cc.utexas.edu /export/httpd/vhosts/texasbeyondhistory/data/protect/peoples apache.html
2005.06.25 12:08 B L:\TBH Website Temp\plateaus\peoples\credits.html --> uts.cc.utexas.edu /export/httpd/vhosts/texasbeyondhistory/data/protect/peoples credits.html
2005.06.25 12:08 B L:\TBH Website Temp\plateaus\peoples\gueiqesale.html --> uts.cc.utexas.edu /export/httpd/vhosts/texasbeyondhistory/data/protect/peoples gueiqesale.html
2005.06.25 12:08 B L:\TBH Website Temp\plateaus\peoples\index.html --> uts.cc.utexas.edu /export/httpd/vhosts/texasbeyondhistory/data/protect/peoples index.html
2005.06.25 12:08 B L:\TBH Website Temp\plateaus\peoples\kiowa.html --> uts.cc.utexas.edu /export/httpd/vhosts/texasbeyondhistory/data/protect/peoples kiowa.html
2005.06.25 12:08 B L:\TBH Website Temp\plateaus\peoples\records.html --> uts.cc.utexas.edu /export/httpd/vhosts/texasbeyondhistory/data/protect/peoples records.html
2005.06.25 12:32 B L:\TBH Website Temp\plateaus\peoples\index.html --> uts.cc.utexas.edu /export/httpd/vhosts/texasbeyondhistory/data/protect/peoples index.html
2005.06.25 12:36 B L:\TBH Website Temp\plateaus\peoples\index.html --> uts.cc.utexas.edu /export/httpd/vhosts/texasbeyondhistory/data/protect/peoples index.html
2005.06.25 12:46 B L:\TBH Website Temp\plateaus\peoples\index.html --> uts.cc.utexas.edu /export/httpd/vhosts/texasbeyondhistory/data/protect/peoples index.html
2005.07.05 12:10 B L:\TBH Website Temp\plateaus\peoples\WS_FTP.LOG --> uts.cc.utexas.edu /export/httpd/vhosts/texasbeyondhistory/data/protect/plateaus/peoples WS_FTP.LOG
2005.07.05 12:10 B L:\TBH Website Temp\plateaus\peoples\index.html --> uts.cc.utexas.edu /export/httpd/vhosts/texasbeyondhistory/data/protect/plateaus/peoples index.html
2005.07.07 18:36 B L:\TBH Website Temp\plateaus\peoples\gueiqesale.html --> uts.cc.utexas.edu /export/httpd/vhosts/texasbeyondhistory/data/protect/plateaus/peoples gueiqesale.html
2005.07.07 18:36 B L:\TBH Website Temp\plateaus\peoples\kiowa.html --> uts.cc.utexas.edu /export/httpd/vhosts/texasbeyondhistory/data/protect/plateaus/peoples kiowa.html
2005.07.14 12:44 B G:\TBH Website Temp\plateaus\peoples\apache.html --> uts.cc.utexas.edu /export/httpd/vhosts/texasbeyondhistory/data/protect/peoples apache.html
2005.07.14 12:44 B G:\TBH Website Temp\plateaus\peoples\gueiqesale.html --> uts.cc.utexas.edu /export/httpd/vhosts/texasbeyondhistory/data/protect/peoples gueiqesale.html
2005.07.14 12:44 B G:\TBH Website Temp\plateaus\peoples\index.html --> uts.cc.utexas.edu /export/httpd/vhosts/texasbeyondhistory/data/protect/peoples index.html
2005.07.14 12:44 B G:\TBH Website Temp\plateaus\peoples\kiowa.html --> uts.cc.utexas.edu /export/httpd/vhosts/texasbeyondhistory/data/protect/peoples kiowa.html
2005.07.14 12:45 B G:\TBH Website Temp\plateaus\peoples\records.html --> uts.cc.utexas.edu /export/httpd/vhosts/texasbeyondhistory/data/protect/peoples records.html
2005.07.15 11:45 B L:\TBH Website Temp\plateaus\peoples\apache.html --> uts.cc.utexas.edu /export/httpd/vhosts/texasbeyondhistory/data/protect/plateaus/peoples apache.html
2005.07.15 11:45 B L:\TBH Website Temp\plateaus\peoples\gueiqesale.html --> uts.cc.utexas.edu /export/httpd/vhosts/texasbeyondhistory/data/protect/plateaus/peoples gueiqesale.html
2005.07.15 11:45 B L:\TBH Website Temp\plateaus\peoples\index.html --> uts.cc.utexas.edu /export/httpd/vhosts/texasbeyondhistory/data/protect/plateaus/peoples index.html
2005.07.15 11:45 B L:\TBH Website Temp\plateaus\peoples\records.html --> uts.cc.utexas.edu /export/httpd/vhosts/texasbeyondhistory/data/protect/plateaus/peoples records.html
2005.07.15 11:45 B L:\TBH Website Temp\plateaus\peoples\WS_FTP.LOG --> uts.cc.utexas.edu /export/httpd/vhosts/texasbeyondhistory/data/protect/plateaus/peoples WS_FTP.LOG
2005.07.18 14:14 B L:\TBH Website Temp\plateaus\peoples\apache.html --> uts.cc.utexas.edu /export/httpd/vhosts/texasbeyondhistory/data/protect/plateaus/peoples apache.html
2005.07.18 14:14 B L:\TBH Website Temp\plateaus\peoples\credits.html --> uts.cc.utexas.edu /export/httpd/vhosts/texasbeyondhistory/data/protect/plateaus/peoples credits.html
2005.07.18 14:14 B L:\TBH Website Temp\plateaus\peoples\gueiqesale.html --> uts.cc.utexas.edu /export/httpd/vhosts/texasbeyondhistory/data/protect/plateaus/peoples gueiqesale.html
2005.07.18 14:14 B L:\TBH Website Temp\plateaus\peoples\index.html --> uts.cc.utexas.edu /export/httpd/vhosts/texasbeyondhistory/data/protect/plateaus/peoples index.html
2005.07.18 14:14 B L:\TBH Website Temp\plateaus\peoples\kiowa.html --> uts.cc.utexas.edu /export/httpd/vhosts/texasbeyondhistory/data/protect/plateaus/peoples kiowa.html
2005.07.18 14:14 B L:\TBH Website Temp\plateaus\peoples\records.html --> uts.cc.utexas.edu /export/httpd/vhosts/texasbeyondhistory/data/protect/plateaus/peoples records.html
2005.07.19 15:25 B G:\TBH Website Temp\plateaus\peoples\credits.html --> uts.cc.utexas.edu /export/httpd/vhosts/texasbeyondhistory/data/protect/plateaus/peoples credits.html
2005.07.19 15:25 B G:\TBH Website Temp\plateaus\peoples\records.html --> uts.cc.utexas.edu /export/httpd/vhosts/texasbeyondhistory/data/protect/plateaus/peoples records.html
2005.07.19 17:11 B G:\TBH Website Temp\plateaus\peoples\apache.html --> uts.cc.utexas.edu /export/httpd/vhosts/texasbeyondhistory/data/protect/peoples apache.html
2005.07.19 17:11 B G:\TBH Website Temp\plateaus\peoples\credits.html --> uts.cc.utexas.edu /export/httpd/vhosts/texasbeyondhistory/data/protect/peoples credits.html
2005.07.19 17:12 B G:\TBH Website Temp\plateaus\peoples\index.html --> uts.cc.utexas.edu /export/httpd/vhosts/texasbeyondhistory/data/protect/peoples index.html
2005.07.19 17:12 B G:\TBH Website Temp\plateaus\peoples\records.html --> uts.cc.utexas.edu /export/httpd/vhosts/texasbeyondhistory/data/protect/peoples records.html
2005.07.19 17:16 B G:\TBH Website Temp\plateaus\peoples\apache.html --> uts.cc.utexas.edu /export/httpd/vhosts/texasbeyondhistory/data/protect/plateaus/peoples apache.html
2005.07.21 10:14 B L:\TBH Website Temp\plateaus\peoples\apache.html --> uts.cc.utexas.edu /export/httpd/vhosts/texasbeyondhistory/data/protect/peoples apache.html
2005.07.27 11:24 B G:\TBH Website Temp\plateaus\peoples\apache.html --> uts.cc.utexas.edu /export/httpd/vhosts/texasbeyondhistory/data/protect/plateaus/peoples apache.html
2005.07.27 16:34 B G:\TBH Website Temp\plateaus\peoples\gueiqesale.html --> uts.cc.utexas.edu /export/httpd/vhosts/texasbeyondhistory/data/protect/plateaus/peoples gueiqesale.html
2005.07.27 16:34 B G:\TBH Website Temp\plateaus\peoples\credits.html --> uts.cc.utexas.edu /export/httpd/vhosts/texasbeyondhistory/data/protect/plateaus/peoples credits.html
2005.07.28 16:05 B L:\TBH Website Temp\plateaus\peoples\records.html --> uts.cc.utexas.edu /export/httpd/vhosts/texasbeyondhistory/data/protect/plateaus/peoples records.html
2005.07.28 16:05 B L:\TBH Website Temp\plateaus\peoples\gueiqesale.html --> uts.cc.utexas.edu /export/httpd/vhosts/texasbeyondhistory/data/protect/plateaus/peoples gueiqesale.html
2005.07.30 17:44 B L:\TBH Website Temp\plateaus\peoples\apache.html --> uts.cc.utexas.edu /export/httpd/vhosts/texasbeyondhistory/data/plateaus/peoples apache.html
2005.07.30 17:44 B L:\TBH Website Temp\plateaus\peoples\credits.html --> uts.cc.utexas.edu /export/httpd/vhosts/texasbeyondhistory/data/plateaus/peoples credits.html
2005.07.30 17:44 B L:\TBH Website Temp\plateaus\peoples\gueiqesale.html --> uts.cc.utexas.edu /export/httpd/vhosts/texasbeyondhistory/data/plateaus/peoples gueiqesale.html
2005.07.30 17:44 B L:\TBH Website Temp\plateaus\peoples\index.html --> uts.cc.utexas.edu /export/httpd/vhosts/texasbeyondhistory/data/plateaus/peoples index.html
2005.07.30 17:44 B L:\TBH Website Temp\plateaus\peoples\kiowa.html --> uts.cc.utexas.edu /export/httpd/vhosts/texasbeyondhistory/data/plateaus/peoples kiowa.html
2005.07.30 17:44 B L:\TBH Website Temp\plateaus\peoples\records.html --> uts.cc.utexas.edu /export/httpd/vhosts/texasbeyondhistory/data/plateaus/peoples records.html
