2006.07.06 15:03 B V:\TBH Website Temp\st-plains\kids\digging\alston.jpg --> uts.cc.utexas.edu /export/httpd/vhosts/texasbeyondhistory/data/protect/st-plains/kids/digging alston.jpg
2006.07.06 15:03 B V:\TBH Website Temp\st-plains\kids\digging\credits_layerstime.fla --> uts.cc.utexas.edu /export/httpd/vhosts/texasbeyondhistory/data/protect/st-plains/kids/digging credits_layerstime.fla
2006.07.06 15:03 B V:\TBH Website Temp\st-plains\kids\digging\credits_layerstime.html --> uts.cc.utexas.edu /export/httpd/vhosts/texasbeyondhistory/data/protect/st-plains/kids/digging credits_layerstime.html
2006.07.06 15:03 B V:\TBH Website Temp\st-plains\kids\digging\dev1.fla --> uts.cc.utexas.edu /export/httpd/vhosts/texasbeyondhistory/data/protect/st-plains/kids/digging dev1.fla
2006.07.06 15:03 B V:\TBH Website Temp\st-plains\kids\digging\dig_intro.fla --> uts.cc.utexas.edu /export/httpd/vhosts/texasbeyondhistory/data/protect/st-plains/kids/digging dig_intro.fla
2006.07.06 15:03 B V:\TBH Website Temp\st-plains\kids\digging\dig_intro.swf --> uts.cc.utexas.edu /export/httpd/vhosts/texasbeyondhistory/data/protect/st-plains/kids/digging dig_intro.swf
2006.07.06 15:03 B V:\TBH Website Temp\st-plains\kids\digging\doorways_layerstime.html --> uts.cc.utexas.edu /export/httpd/vhosts/texasbeyondhistory/data/protect/st-plains/kids/digging doorways_layerstime.html
2006.07.06 15:03 B V:\TBH Website Temp\st-plains\kids\digging\doorways_layerstime.swf --> uts.cc.utexas.edu /export/httpd/vhosts/texasbeyondhistory/data/protect/st-plains/kids/digging doorways_layerstime.swf
2006.07.06 15:03 B V:\TBH Website Temp\st-plains\kids\digging\imagemap.swf --> uts.cc.utexas.edu /export/httpd/vhosts/texasbeyondhistory/data/protect/st-plains/kids/digging imagemap.swf
2006.07.06 15:03 B V:\TBH Website Temp\st-plains\kids\digging\index.php --> uts.cc.utexas.edu /export/httpd/vhosts/texasbeyondhistory/data/protect/st-plains/kids/digging index.php
2006.07.06 15:03 B V:\TBH Website Temp\st-plains\kids\digging\intro.jpg --> uts.cc.utexas.edu /export/httpd/vhosts/texasbeyondhistory/data/protect/st-plains/kids/digging intro.jpg
2006.07.06 15:03 B V:\TBH Website Temp\st-plains\kids\digging\intro_layerstime.html --> uts.cc.utexas.edu /export/httpd/vhosts/texasbeyondhistory/data/protect/st-plains/kids/digging intro_layerstime.html
2006.07.06 15:03 B V:\TBH Website Temp\st-plains\kids\digging\layers_time.swf --> uts.cc.utexas.edu /export/httpd/vhosts/texasbeyondhistory/data/protect/st-plains/kids/digging layers_time.swf
2006.07.06 15:03 B V:\TBH Website Temp\st-plains\kids\digging\layers_time_min.swf --> uts.cc.utexas.edu /export/httpd/vhosts/texasbeyondhistory/data/protect/st-plains/kids/digging layers_time_min.swf
2006.07.06 15:03 B V:\TBH Website Temp\st-plains\kids\digging\print.css --> uts.cc.utexas.edu /export/httpd/vhosts/texasbeyondhistory/data/protect/st-plains/kids/digging print.css
2006.07.06 15:03 B V:\TBH Website Temp\st-plains\kids\digging\strat_layerstime.html --> uts.cc.utexas.edu /export/httpd/vhosts/texasbeyondhistory/data/protect/st-plains/kids/digging strat_layerstime.html
2006.07.06 15:03 B V:\TBH Website Temp\st-plains\kids\digging\strat_layerstime.swf --> uts.cc.utexas.edu /export/httpd/vhosts/texasbeyondhistory/data/protect/st-plains/kids/digging strat_layerstime.swf
2006.07.06 15:03 B V:\TBH Website Temp\st-plains\kids\digging\style-fl.css --> uts.cc.utexas.edu /export/httpd/vhosts/texasbeyondhistory/data/protect/st-plains/kids/digging style-fl.css
2006.07.06 15:03 B V:\TBH Website Temp\st-plains\kids\digging\title.jpg --> uts.cc.utexas.edu /export/httpd/vhosts/texasbeyondhistory/data/protect/st-plains/kids/digging title.jpg
2006.07.06 15:03 B V:\TBH Website Temp\st-plains\kids\digging\title2.jpg --> uts.cc.utexas.edu /export/httpd/vhosts/texasbeyondhistory/data/protect/st-plains/kids/digging title2.jpg
2006.07.06 15:03 B V:\TBH Website Temp\st-plains\kids\digging\Untitled-1.fla --> uts.cc.utexas.edu /export/httpd/vhosts/texasbeyondhistory/data/protect/st-plains/kids/digging Untitled-1.fla
2006.07.06 15:03 B V:\TBH Website Temp\st-plains\kids\digging\vocab.css --> uts.cc.utexas.edu /export/httpd/vhosts/texasbeyondhistory/data/protect/st-plains/kids/digging vocab.css
2006.07.06 15:03 B V:\TBH Website Temp\st-plains\kids\digging\vocab_layerstime.html --> uts.cc.utexas.edu /export/httpd/vhosts/texasbeyondhistory/data/protect/st-plains/kids/digging vocab_layerstime.html
2006.07.06 16:13 B V:\TBH Website Temp\st-plains\kids\digging\doorways_layerstime.swf --> uts.cc.utexas.edu /export/httpd/vhosts/texasbeyondhistory/data/protect/st-plains/kids/digging doorways_layerstime.swf
2006.07.07 11:13 B V:\TBH Website Temp\beene\digging\alston.jpg --> uts.cc.utexas.edu /export/httpd/vhosts/texasbeyondhistory/data/beene/digging alston.jpg
2006.07.07 11:13 B V:\TBH Website Temp\beene\digging\credits_layerstime.fla --> uts.cc.utexas.edu /export/httpd/vhosts/texasbeyondhistory/data/beene/digging credits_layerstime.fla
2006.07.07 11:13 B V:\TBH Website Temp\beene\digging\credits_layerstime.html --> uts.cc.utexas.edu /export/httpd/vhosts/texasbeyondhistory/data/beene/digging credits_layerstime.html
2006.07.07 11:13 B V:\TBH Website Temp\beene\digging\dev1.fla --> uts.cc.utexas.edu /export/httpd/vhosts/texasbeyondhistory/data/beene/digging dev1.fla
2006.07.07 11:13 B V:\TBH Website Temp\beene\digging\dig_intro.fla --> uts.cc.utexas.edu /export/httpd/vhosts/texasbeyondhistory/data/beene/digging dig_intro.fla
2006.07.07 11:14 B V:\TBH Website Temp\beene\digging\dig_intro.swf --> uts.cc.utexas.edu /export/httpd/vhosts/texasbeyondhistory/data/beene/digging dig_intro.swf
2006.07.07 11:14 B V:\TBH Website Temp\beene\digging\doorways_layerstime.html --> uts.cc.utexas.edu /export/httpd/vhosts/texasbeyondhistory/data/beene/digging doorways_layerstime.html
2006.07.07 11:14 B V:\TBH Website Temp\beene\digging\doorways_layerstime.swf --> uts.cc.utexas.edu /export/httpd/vhosts/texasbeyondhistory/data/beene/digging doorways_layerstime.swf
2006.07.07 11:14 B V:\TBH Website Temp\beene\digging\imagemap.swf --> uts.cc.utexas.edu /export/httpd/vhosts/texasbeyondhistory/data/beene/digging imagemap.swf
2006.07.07 11:14 B V:\TBH Website Temp\beene\digging\index.php --> uts.cc.utexas.edu /export/httpd/vhosts/texasbeyondhistory/data/beene/digging index.php
2006.07.07 11:14 B V:\TBH Website Temp\beene\digging\intro.jpg --> uts.cc.utexas.edu /export/httpd/vhosts/texasbeyondhistory/data/beene/digging intro.jpg
2006.07.07 11:14 B V:\TBH Website Temp\beene\digging\intro_layerstime.html --> uts.cc.utexas.edu /export/httpd/vhosts/texasbeyondhistory/data/beene/digging intro_layerstime.html
2006.07.07 11:14 B V:\TBH Website Temp\beene\digging\layers_time.swf --> uts.cc.utexas.edu /export/httpd/vhosts/texasbeyondhistory/data/beene/digging layers_time.swf
2006.07.07 11:14 B V:\TBH Website Temp\beene\digging\layers_time_min.swf --> uts.cc.utexas.edu /export/httpd/vhosts/texasbeyondhistory/data/beene/digging layers_time_min.swf
2006.07.07 11:14 B V:\TBH Website Temp\beene\digging\print.css --> uts.cc.utexas.edu /export/httpd/vhosts/texasbeyondhistory/data/beene/digging print.css
2006.07.07 11:14 B V:\TBH Website Temp\beene\digging\strat_layerstime.html --> uts.cc.utexas.edu /export/httpd/vhosts/texasbeyondhistory/data/beene/digging strat_layerstime.html
2006.07.07 11:14 B V:\TBH Website Temp\beene\digging\strat_layerstime.swf --> uts.cc.utexas.edu /export/httpd/vhosts/texasbeyondhistory/data/beene/digging strat_layerstime.swf
2006.07.07 11:14 B V:\TBH Website Temp\beene\digging\style-fl.css --> uts.cc.utexas.edu /export/httpd/vhosts/texasbeyondhistory/data/beene/digging style-fl.css
2006.07.07 11:14 B V:\TBH Website Temp\beene\digging\title.jpg --> uts.cc.utexas.edu /export/httpd/vhosts/texasbeyondhistory/data/beene/digging title.jpg
2006.07.07 11:14 B V:\TBH Website Temp\beene\digging\title2.jpg --> uts.cc.utexas.edu /export/httpd/vhosts/texasbeyondhistory/data/beene/digging title2.jpg
2006.07.07 11:14 B V:\TBH Website Temp\beene\digging\Untitled-1.fla --> uts.cc.utexas.edu /export/httpd/vhosts/texasbeyondhistory/data/beene/digging Untitled-1.fla
2006.07.07 11:14 B V:\TBH Website Temp\beene\digging\vocab.css --> uts.cc.utexas.edu /export/httpd/vhosts/texasbeyondhistory/data/beene/digging vocab.css
2006.07.07 11:14 B V:\TBH Website Temp\beene\digging\vocab_layerstime.html --> uts.cc.utexas.edu /export/httpd/vhosts/texasbeyondhistory/data/beene/digging vocab_layerstime.html
2006.07.07 11:14 B V:\TBH Website Temp\beene\digging\WS_FTP.LOG --> uts.cc.utexas.edu /export/httpd/vhosts/texasbeyondhistory/data/beene/digging WS_FTP.LOG
2006.07.12 14:46 B V:\TBH Website Temp\beene\digging\strat_layerstime.swf --> uts.cc.utexas.edu /export/httpd/vhosts/texasbeyondhistory/data/beene/digging strat_layerstime.swf
2006.07.12 15:16 B V:\TBH Website Temp\beene\digging\doorways_layerstime.swf --> uts.cc.utexas.edu /export/httpd/vhosts/texasbeyondhistory/data/beene/digging doorways_layerstime.swf
2006.07.12 15:20 B V:\TBH Website Temp\beene\digging\doorways_layerstime.swf --> uts.cc.utexas.edu /export/httpd/vhosts/texasbeyondhistory/data/protect/st-plains/kids/digging doorways_layerstime.swf
2006.07.12 15:21 B V:\TBH Website Temp\beene\digging\strat_layerstime.swf --> uts.cc.utexas.edu /export/httpd/vhosts/texasbeyondhistory/data/protect/st-plains/kids/digging strat_layerstime.swf
2006.07.25 15:59 B V:\TBH Website Temp\beene\digging\dig_intro.swf --> uts.cc.utexas.edu /export/httpd/vhosts/texasbeyondhistory/data/beene/digging dig_intro.swf
2006.07.25 15:59 B V:\TBH Website Temp\beene\digging\credits_layerstime.html --> uts.cc.utexas.edu /export/httpd/vhosts/texasbeyondhistory/data/beene/digging credits_layerstime.html
2006.07.25 16:03 B V:\TBH Website Temp\beene\digging\credits_layerstime.html --> uts.cc.utexas.edu /export/httpd/vhosts/texasbeyondhistory/data/beene/digging credits_layerstime.html
2006.08.01 10:40 B V:\TBH Website Temp\beene\digging\credits_layerstime.html --> uts.cc.utexas.edu /export/httpd/vhosts/texasbeyondhistory/data/beene/digging credits_layerstime.html
2006.08.08 14:45 B V:\TBH Website Temp\beene\digging\doorways_layerstime.swf --> uts.cc.utexas.edu /export/httpd/vhosts/texasbeyondhistory/data/protect/st-plains/kids/digging doorways_layerstime.swf
2006.08.08 14:47 B V:\TBH Website Temp\beene\digging\doorways_layerstime.swf --> uts.cc.utexas.edu /export/httpd/vhosts/texasbeyondhistory/data/beene/digging doorways_layerstime.swf
2006.09.01 11:37 B L:\TBH Website Temp\beene\digging\alston.jpg --> uts.cc.utexas.edu /export/httpd/vhosts/texasbeyondhistory/data/protect/rb-review/beene/digging alston.jpg
2006.09.01 11:37 B L:\TBH Website Temp\beene\digging\credits_layerstime.fla --> uts.cc.utexas.edu /export/httpd/vhosts/texasbeyondhistory/data/protect/rb-review/beene/digging credits_layerstime.fla
2006.09.01 11:37 B L:\TBH Website Temp\beene\digging\credits_layerstime.html --> uts.cc.utexas.edu /export/httpd/vhosts/texasbeyondhistory/data/protect/rb-review/beene/digging credits_layerstime.html
2006.09.01 11:37 B L:\TBH Website Temp\beene\digging\dev1.fla --> uts.cc.utexas.edu /export/httpd/vhosts/texasbeyondhistory/data/protect/rb-review/beene/digging dev1.fla
2006.09.01 11:37 B L:\TBH Website Temp\beene\digging\dig_intro.fla --> uts.cc.utexas.edu /export/httpd/vhosts/texasbeyondhistory/data/protect/rb-review/beene/digging dig_intro.fla
2006.09.01 11:37 B L:\TBH Website Temp\beene\digging\dig_intro.swf --> uts.cc.utexas.edu /export/httpd/vhosts/texasbeyondhistory/data/protect/rb-review/beene/digging dig_intro.swf
2006.09.01 11:37 B L:\TBH Website Temp\beene\digging\doorways_layerstime.html --> uts.cc.utexas.edu /export/httpd/vhosts/texasbeyondhistory/data/protect/rb-review/beene/digging doorways_layerstime.html
2006.09.01 11:37 B L:\TBH Website Temp\beene\digging\doorways_layerstime.swf --> uts.cc.utexas.edu /export/httpd/vhosts/texasbeyondhistory/data/protect/rb-review/beene/digging doorways_layerstime.swf
2006.09.01 11:37 B L:\TBH Website Temp\beene\digging\imagemap.swf --> uts.cc.utexas.edu /export/httpd/vhosts/texasbeyondhistory/data/protect/rb-review/beene/digging imagemap.swf
2006.09.01 11:37 B L:\TBH Website Temp\beene\digging\index.php --> uts.cc.utexas.edu /export/httpd/vhosts/texasbeyondhistory/data/protect/rb-review/beene/digging index.php
2006.09.01 11:37 B L:\TBH Website Temp\beene\digging\intro.jpg --> uts.cc.utexas.edu /export/httpd/vhosts/texasbeyondhistory/data/protect/rb-review/beene/digging intro.jpg
2006.09.01 11:37 B L:\TBH Website Temp\beene\digging\intro_layerstime.html --> uts.cc.utexas.edu /export/httpd/vhosts/texasbeyondhistory/data/protect/rb-review/beene/digging intro_layerstime.html
2006.09.01 11:37 B L:\TBH Website Temp\beene\digging\layers_time.swf --> uts.cc.utexas.edu /export/httpd/vhosts/texasbeyondhistory/data/protect/rb-review/beene/digging layers_time.swf
2006.09.01 11:37 B L:\TBH Website Temp\beene\digging\layers_time_min.swf --> uts.cc.utexas.edu /export/httpd/vhosts/texasbeyondhistory/data/protect/rb-review/beene/digging layers_time_min.swf
2006.09.01 11:37 B L:\TBH Website Temp\beene\digging\print.css --> uts.cc.utexas.edu /export/httpd/vhosts/texasbeyondhistory/data/protect/rb-review/beene/digging print.css
2006.09.01 11:37 B L:\TBH Website Temp\beene\digging\strat_layerstime.html --> uts.cc.utexas.edu /export/httpd/vhosts/texasbeyondhistory/data/protect/rb-review/beene/digging strat_layerstime.html
2006.09.01 11:37 B L:\TBH Website Temp\beene\digging\strat_layerstime.swf --> uts.cc.utexas.edu /export/httpd/vhosts/texasbeyondhistory/data/protect/rb-review/beene/digging strat_layerstime.swf
2006.09.01 11:37 B L:\TBH Website Temp\beene\digging\style-fl.css --> uts.cc.utexas.edu /export/httpd/vhosts/texasbeyondhistory/data/protect/rb-review/beene/digging style-fl.css
2006.09.01 11:37 B L:\TBH Website Temp\beene\digging\Thumbs.db --> uts.cc.utexas.edu /export/httpd/vhosts/texasbeyondhistory/data/protect/rb-review/beene/digging Thumbs.db
2006.09.01 11:37 B L:\TBH Website Temp\beene\digging\title.jpg --> uts.cc.utexas.edu /export/httpd/vhosts/texasbeyondhistory/data/protect/rb-review/beene/digging title.jpg
2006.09.01 11:37 B L:\TBH Website Temp\beene\digging\title2.jpg --> uts.cc.utexas.edu /export/httpd/vhosts/texasbeyondhistory/data/protect/rb-review/beene/digging title2.jpg
2006.09.01 11:37 B L:\TBH Website Temp\beene\digging\Untitled-1.fla --> uts.cc.utexas.edu /export/httpd/vhosts/texasbeyondhistory/data/protect/rb-review/beene/digging Untitled-1.fla
2006.09.01 11:37 B L:\TBH Website Temp\beene\digging\vocab.css --> uts.cc.utexas.edu /export/httpd/vhosts/texasbeyondhistory/data/protect/rb-review/beene/digging vocab.css
2006.09.01 11:37 B L:\TBH Website Temp\beene\digging\vocab_layerstime.html --> uts.cc.utexas.edu /export/httpd/vhosts/texasbeyondhistory/data/protect/rb-review/beene/digging vocab_layerstime.html
2006.09.01 11:37 B L:\TBH Website Temp\beene\digging\WS_FTP.LOG --> uts.cc.utexas.edu /export/httpd/vhosts/texasbeyondhistory/data/protect/rb-review/beene/digging WS_FTP.LOG
2006.09.08 11:59 B L:\TBH Website Temp\beene\digging\WS_FTP.LOG --> uts.cc.utexas.edu /export/httpd/vhosts/texasbeyondhistory/data/protect/beene/digging WS_FTP.LOG
2006.09.18 14:29 B L:\TBH Website Temp\beene\digging\strat_layerstime.swf --> uts.cc.utexas.edu /export/httpd/vhosts/texasbeyondhistory/data/beene/digging strat_layerstime.swf
2006.09.18 14:29 B L:\TBH Website Temp\beene\digging\Thumbs.db --> uts.cc.utexas.edu /export/httpd/vhosts/texasbeyondhistory/data/beene/digging Thumbs.db
2006.09.18 14:29 B L:\TBH Website Temp\beene\digging\WS_FTP.LOG --> uts.cc.utexas.edu /export/httpd/vhosts/texasbeyondhistory/data/beene/digging WS_FTP.LOG
2006.09.19 21:01 B L:\TBH Website Temp\beene\digging\WS_FTP.LOG --> uts.cc.utexas.edu /export/httpd/vhosts/texasbeyondhistory/data/beene/digging WS_FTP.LOG
