2004.07.09 10:18 B G:\TBH Website Temp\aldridge\images\1911map-key.gif --> uts.cc.utexas.edu /export/httpd/vhosts/texasbeyondhistory/data/aldridge/images 1911map-key.gif
2004.07.09 10:18 B G:\TBH Website Temp\aldridge\images\1911map-lg.gif --> uts.cc.utexas.edu /export/httpd/vhosts/texasbeyondhistory/data/aldridge/images 1911map-lg.gif
2004.07.09 10:18 B G:\TBH Website Temp\aldridge\images\1911map-sm.gif --> uts.cc.utexas.edu /export/httpd/vhosts/texasbeyondhistory/data/aldridge/images 1911map-sm.gif
2004.07.09 10:18 B G:\TBH Website Temp\aldridge\images\1911map.html --> uts.cc.utexas.edu /export/httpd/vhosts/texasbeyondhistory/data/aldridge/images 1911map.html
2004.07.09 10:18 B G:\TBH Website Temp\aldridge\images\aldridgeletterhead.jpg --> uts.cc.utexas.edu /export/httpd/vhosts/texasbeyondhistory/data/aldridge/images aldridgeletterhead.jpg
2004.07.09 10:18 B G:\TBH Website Temp\aldridge\images\angpond-lg.jpg --> uts.cc.utexas.edu /export/httpd/vhosts/texasbeyondhistory/data/aldridge/images angpond-lg.jpg
2004.07.09 10:18 B G:\TBH Website Temp\aldridge\images\angpond-sm.jpg --> uts.cc.utexas.edu /export/httpd/vhosts/texasbeyondhistory/data/aldridge/images angpond-sm.jpg
2004.07.09 10:18 B G:\TBH Website Temp\aldridge\images\angpond.html --> uts.cc.utexas.edu /export/httpd/vhosts/texasbeyondhistory/data/aldridge/images angpond.html
2004.07.09 10:18 B G:\TBH Website Temp\aldridge\images\blackschool-lg.jpg --> uts.cc.utexas.edu /export/httpd/vhosts/texasbeyondhistory/data/aldridge/images blackschool-lg.jpg
2004.07.09 10:18 B G:\TBH Website Temp\aldridge\images\blackschool-sm.jpg --> uts.cc.utexas.edu /export/httpd/vhosts/texasbeyondhistory/data/aldridge/images blackschool-sm.jpg
2004.07.09 10:18 B G:\TBH Website Temp\aldridge\images\blackschool.html --> uts.cc.utexas.edu /export/httpd/vhosts/texasbeyondhistory/data/aldridge/images blackschool.html
2004.07.09 10:18 B G:\TBH Website Temp\aldridge\images\bldgs.jpg --> uts.cc.utexas.edu /export/httpd/vhosts/texasbeyondhistory/data/aldridge/images bldgs.jpg
2004.07.09 10:18 B G:\TBH Website Temp\aldridge\images\boiler-sm.jpg --> uts.cc.utexas.edu /export/httpd/vhosts/texasbeyondhistory/data/aldridge/images boiler-sm.jpg
2004.07.09 10:18 B G:\TBH Website Temp\aldridge\images\boiler.html --> uts.cc.utexas.edu /export/httpd/vhosts/texasbeyondhistory/data/aldridge/images boiler.html
2004.07.09 10:18 B G:\TBH Website Temp\aldridge\images\boiler.jpg --> uts.cc.utexas.edu /export/httpd/vhosts/texasbeyondhistory/data/aldridge/images boiler.jpg
2004.07.09 10:18 B G:\TBH Website Temp\aldridge\images\bradford-lg.jpg --> uts.cc.utexas.edu /export/httpd/vhosts/texasbeyondhistory/data/aldridge/images bradford-lg.jpg
2004.07.09 10:18 B G:\TBH Website Temp\aldridge\images\bradford-sm.jpg --> uts.cc.utexas.edu /export/httpd/vhosts/texasbeyondhistory/data/aldridge/images bradford-sm.jpg
2004.07.09 10:18 B G:\TBH Website Temp\aldridge\images\bradford.html --> uts.cc.utexas.edu /export/httpd/vhosts/texasbeyondhistory/data/aldridge/images bradford.html
2004.07.09 10:18 B G:\TBH Website Temp\aldridge\images\bucker-med.jpg --> uts.cc.utexas.edu /export/httpd/vhosts/texasbeyondhistory/data/aldridge/images bucker-med.jpg
2004.07.09 10:18 B G:\TBH Website Temp\aldridge\images\buckers-lg.jpg --> uts.cc.utexas.edu /export/httpd/vhosts/texasbeyondhistory/data/aldridge/images buckers-lg.jpg
2004.07.09 10:18 B G:\TBH Website Temp\aldridge\images\buckers.html --> uts.cc.utexas.edu /export/httpd/vhosts/texasbeyondhistory/data/aldridge/images buckers.html
2004.07.09 10:18 B G:\TBH Website Temp\aldridge\images\building-lg.jpg --> uts.cc.utexas.edu /export/httpd/vhosts/texasbeyondhistory/data/aldridge/images building-lg.jpg
2004.07.09 10:18 B G:\TBH Website Temp\aldridge\images\building-sm.jpg --> uts.cc.utexas.edu /export/httpd/vhosts/texasbeyondhistory/data/aldridge/images building-sm.jpg
2004.07.09 10:18 B G:\TBH Website Temp\aldridge\images\building.html --> uts.cc.utexas.edu /export/httpd/vhosts/texasbeyondhistory/data/aldridge/images building.html
2004.07.09 10:18 B G:\TBH Website Temp\aldridge\images\building.jpg --> uts.cc.utexas.edu /export/httpd/vhosts/texasbeyondhistory/data/aldridge/images building.jpg
2004.07.09 10:18 B G:\TBH Website Temp\aldridge\images\cart-lg.jpg --> uts.cc.utexas.edu /export/httpd/vhosts/texasbeyondhistory/data/aldridge/images cart-lg.jpg
2004.07.09 10:18 B G:\TBH Website Temp\aldridge\images\cart-med.jpg --> uts.cc.utexas.edu /export/httpd/vhosts/texasbeyondhistory/data/aldridge/images cart-med.jpg
2004.07.09 10:18 B G:\TBH Website Temp\aldridge\images\cart.html --> uts.cc.utexas.edu /export/httpd/vhosts/texasbeyondhistory/data/aldridge/images cart.html
2004.07.09 10:18 B G:\TBH Website Temp\aldridge\images\ceramics-lg.jpg --> uts.cc.utexas.edu /export/httpd/vhosts/texasbeyondhistory/data/aldridge/images ceramics-lg.jpg
2004.07.09 10:18 B G:\TBH Website Temp\aldridge\images\ceramics-sm.jpg --> uts.cc.utexas.edu /export/httpd/vhosts/texasbeyondhistory/data/aldridge/images ceramics-sm.jpg
2004.07.09 10:18 B G:\TBH Website Temp\aldridge\images\ceramics.html --> uts.cc.utexas.edu /export/httpd/vhosts/texasbeyondhistory/data/aldridge/images ceramics.html
2004.07.09 10:18 B G:\TBH Website Temp\aldridge\images\children-lg.jpg --> uts.cc.utexas.edu /export/httpd/vhosts/texasbeyondhistory/data/aldridge/images children-lg.jpg
2004.07.09 10:18 B G:\TBH Website Temp\aldridge\images\children-sm.jpg --> uts.cc.utexas.edu /export/httpd/vhosts/texasbeyondhistory/data/aldridge/images children-sm.jpg
2004.07.09 10:18 B G:\TBH Website Temp\aldridge\images\children.html --> uts.cc.utexas.edu /export/httpd/vhosts/texasbeyondhistory/data/aldridge/images children.html
2004.07.09 10:18 B G:\TBH Website Temp\aldridge\images\circlemap-lg.jpg --> uts.cc.utexas.edu /export/httpd/vhosts/texasbeyondhistory/data/aldridge/images circlemap-lg.jpg
2004.07.09 10:18 B G:\TBH Website Temp\aldridge\images\circlemap-sm.jpg --> uts.cc.utexas.edu /export/httpd/vhosts/texasbeyondhistory/data/aldridge/images circlemap-sm.jpg
2004.07.09 10:18 B G:\TBH Website Temp\aldridge\images\circlemap.html --> uts.cc.utexas.edu /export/httpd/vhosts/texasbeyondhistory/data/aldridge/images circlemap.html
2004.07.09 10:18 B G:\TBH Website Temp\aldridge\images\comissary.html --> uts.cc.utexas.edu /export/httpd/vhosts/texasbeyondhistory/data/aldridge/images comissary.html
2004.07.09 10:18 B G:\TBH Website Temp\aldridge\images\commisary-sm.jpg --> uts.cc.utexas.edu /export/httpd/vhosts/texasbeyondhistory/data/aldridge/images commisary-sm.jpg
2004.07.09 10:18 B G:\TBH Website Temp\aldridge\images\commissary-lg.jpg --> uts.cc.utexas.edu /export/httpd/vhosts/texasbeyondhistory/data/aldridge/images commissary-lg.jpg
2004.07.09 10:18 B G:\TBH Website Temp\aldridge\images\crew-lg.jpg --> uts.cc.utexas.edu /export/httpd/vhosts/texasbeyondhistory/data/aldridge/images crew-lg.jpg
2004.07.09 10:18 B G:\TBH Website Temp\aldridge\images\crew-med.jpg --> uts.cc.utexas.edu /export/httpd/vhosts/texasbeyondhistory/data/aldridge/images crew-med.jpg
2004.07.09 10:18 B G:\TBH Website Temp\aldridge\images\crew.html --> uts.cc.utexas.edu /export/httpd/vhosts/texasbeyondhistory/data/aldridge/images crew.html
2004.07.09 10:18 B G:\TBH Website Temp\aldridge\images\crossload-lg.jpg --> uts.cc.utexas.edu /export/httpd/vhosts/texasbeyondhistory/data/aldridge/images crossload-lg.jpg
2004.07.09 10:18 B G:\TBH Website Temp\aldridge\images\crossload-med.jpg --> uts.cc.utexas.edu /export/httpd/vhosts/texasbeyondhistory/data/aldridge/images crossload-med.jpg
2004.07.09 10:18 B G:\TBH Website Temp\aldridge\images\crossload.html --> uts.cc.utexas.edu /export/httpd/vhosts/texasbeyondhistory/data/aldridge/images crossload.html
2004.07.09 10:18 B G:\TBH Website Temp\aldridge\images\cypress-lg.jpg --> uts.cc.utexas.edu /export/httpd/vhosts/texasbeyondhistory/data/aldridge/images cypress-lg.jpg
2004.07.09 10:18 B G:\TBH Website Temp\aldridge\images\cypress-sm.jpg --> uts.cc.utexas.edu /export/httpd/vhosts/texasbeyondhistory/data/aldridge/images cypress-sm.jpg
2004.07.09 10:18 B G:\TBH Website Temp\aldridge\images\cypress.html --> uts.cc.utexas.edu /export/httpd/vhosts/texasbeyondhistory/data/aldridge/images cypress.html
2004.07.09 10:18 B G:\TBH Website Temp\aldridge\images\deer-lg.jpg --> uts.cc.utexas.edu /export/httpd/vhosts/texasbeyondhistory/data/aldridge/images deer-lg.jpg
2004.07.09 10:18 B G:\TBH Website Temp\aldridge\images\deer-sm.jpg --> uts.cc.utexas.edu /export/httpd/vhosts/texasbeyondhistory/data/aldridge/images deer-sm.jpg
2004.07.09 10:18 B G:\TBH Website Temp\aldridge\images\deer.html --> uts.cc.utexas.edu /export/httpd/vhosts/texasbeyondhistory/data/aldridge/images deer.html
2004.07.09 10:18 B G:\TBH Website Temp\aldridge\images\deer.jpg --> uts.cc.utexas.edu /export/httpd/vhosts/texasbeyondhistory/data/aldridge/images deer.jpg
2004.07.09 10:18 B G:\TBH Website Temp\aldridge\images\dog-lg.jpg --> uts.cc.utexas.edu /export/httpd/vhosts/texasbeyondhistory/data/aldridge/images dog-lg.jpg
2004.07.09 10:18 B G:\TBH Website Temp\aldridge\images\dog-sm.jpg --> uts.cc.utexas.edu /export/httpd/vhosts/texasbeyondhistory/data/aldridge/images dog-sm.jpg
2004.07.09 10:18 B G:\TBH Website Temp\aldridge\images\dog.html --> uts.cc.utexas.edu /export/httpd/vhosts/texasbeyondhistory/data/aldridge/images dog.html
2004.07.09 10:18 B G:\TBH Website Temp\aldridge\images\dogwood-lg.jpg --> uts.cc.utexas.edu /export/httpd/vhosts/texasbeyondhistory/data/aldridge/images dogwood-lg.jpg
2004.07.09 10:18 B G:\TBH Website Temp\aldridge\images\dogwood-sm.jpg --> uts.cc.utexas.edu /export/httpd/vhosts/texasbeyondhistory/data/aldridge/images dogwood-sm.jpg
2004.07.09 10:18 B G:\TBH Website Temp\aldridge\images\dogwood.html --> uts.cc.utexas.edu /export/httpd/vhosts/texasbeyondhistory/data/aldridge/images dogwood.html
2004.07.09 10:18 B G:\TBH Website Temp\aldridge\images\dolls-lg.jpg --> uts.cc.utexas.edu /export/httpd/vhosts/texasbeyondhistory/data/aldridge/images dolls-lg.jpg
2004.07.09 10:18 B G:\TBH Website Temp\aldridge\images\dolls-sm.jpg --> uts.cc.utexas.edu /export/httpd/vhosts/texasbeyondhistory/data/aldridge/images dolls-sm.jpg
2004.07.09 10:18 B G:\TBH Website Temp\aldridge\images\dolls.html --> uts.cc.utexas.edu /export/httpd/vhosts/texasbeyondhistory/data/aldridge/images dolls.html
2004.07.09 10:18 B G:\TBH Website Temp\aldridge\images\earlytrees-lg.jpg --> uts.cc.utexas.edu /export/httpd/vhosts/texasbeyondhistory/data/aldridge/images earlytrees-lg.jpg
2004.07.09 10:18 B G:\TBH Website Temp\aldridge\images\earlytrees-sm.jpg --> uts.cc.utexas.edu /export/httpd/vhosts/texasbeyondhistory/data/aldridge/images earlytrees-sm.jpg
2004.07.09 10:18 B G:\TBH Website Temp\aldridge\images\earlytrees.html --> uts.cc.utexas.edu /export/httpd/vhosts/texasbeyondhistory/data/aldridge/images earlytrees.html
2004.07.09 10:18 B G:\TBH Website Temp\aldridge\images\enginehole-lg.jpg --> uts.cc.utexas.edu /export/httpd/vhosts/texasbeyondhistory/data/aldridge/images enginehole-lg.jpg
2004.07.09 10:18 B G:\TBH Website Temp\aldridge\images\enginehole-sm.jpg --> uts.cc.utexas.edu /export/httpd/vhosts/texasbeyondhistory/data/aldridge/images enginehole-sm.jpg
2004.07.09 10:18 B G:\TBH Website Temp\aldridge\images\enginehole.html --> uts.cc.utexas.edu /export/httpd/vhosts/texasbeyondhistory/data/aldridge/images enginehole.html
2004.07.09 10:18 B G:\TBH Website Temp\aldridge\images\farm-lg.jpg --> uts.cc.utexas.edu /export/httpd/vhosts/texasbeyondhistory/data/aldridge/images farm-lg.jpg
2004.07.09 10:18 B G:\TBH Website Temp\aldridge\images\farm-sm.jpg --> uts.cc.utexas.edu /export/httpd/vhosts/texasbeyondhistory/data/aldridge/images farm-sm.jpg
2004.07.09 10:18 B G:\TBH Website Temp\aldridge\images\farm.html --> uts.cc.utexas.edu /export/httpd/vhosts/texasbeyondhistory/data/aldridge/images farm.html
2004.07.09 10:18 B G:\TBH Website Temp\aldridge\images\ferns-lg.jpg --> uts.cc.utexas.edu /export/httpd/vhosts/texasbeyondhistory/data/aldridge/images ferns-lg.jpg
2004.07.09 10:18 B G:\TBH Website Temp\aldridge\images\ferns-sm.jpg --> uts.cc.utexas.edu /export/httpd/vhosts/texasbeyondhistory/data/aldridge/images ferns-sm.jpg
2004.07.09 10:18 B G:\TBH Website Temp\aldridge\images\ferns.html --> uts.cc.utexas.edu /export/httpd/vhosts/texasbeyondhistory/data/aldridge/images ferns.html
2004.07.09 10:18 B G:\TBH Website Temp\aldridge\images\ferry-lg.jpg --> uts.cc.utexas.edu /export/httpd/vhosts/texasbeyondhistory/data/aldridge/images ferry-lg.jpg
2004.07.09 10:18 B G:\TBH Website Temp\aldridge\images\ferry-sm.jpg --> uts.cc.utexas.edu /export/httpd/vhosts/texasbeyondhistory/data/aldridge/images ferry-sm.jpg
2004.07.09 10:18 B G:\TBH Website Temp\aldridge\images\ferry.html --> uts.cc.utexas.edu /export/httpd/vhosts/texasbeyondhistory/data/aldridge/images ferry.html
2004.07.09 10:18 B G:\TBH Website Temp\aldridge\images\fig1-sm.gif --> uts.cc.utexas.edu /export/httpd/vhosts/texasbeyondhistory/data/aldridge/images fig1-sm.gif
2004.07.09 10:18 B G:\TBH Website Temp\aldridge\images\fig1.html --> uts.cc.utexas.edu /export/httpd/vhosts/texasbeyondhistory/data/aldridge/images fig1.html
2004.07.09 10:18 B G:\TBH Website Temp\aldridge\images\fig4-lg.gif --> uts.cc.utexas.edu /export/httpd/vhosts/texasbeyondhistory/data/aldridge/images fig4-lg.gif
2004.07.09 10:18 B G:\TBH Website Temp\aldridge\images\fig4-sm.gif --> uts.cc.utexas.edu /export/httpd/vhosts/texasbeyondhistory/data/aldridge/images fig4-sm.gif
2004.07.09 10:18 B G:\TBH Website Temp\aldridge\images\fig4.html --> uts.cc.utexas.edu /export/httpd/vhosts/texasbeyondhistory/data/aldridge/images fig4.html
2004.07.09 10:18 B G:\TBH Website Temp\aldridge\images\fishing-lg.jpg --> uts.cc.utexas.edu /export/httpd/vhosts/texasbeyondhistory/data/aldridge/images fishing-lg.jpg
2004.07.09 10:18 B G:\TBH Website Temp\aldridge\images\fishing-sm.jpg --> uts.cc.utexas.edu /export/httpd/vhosts/texasbeyondhistory/data/aldridge/images fishing-sm.jpg
2004.07.09 10:18 B G:\TBH Website Temp\aldridge\images\fishing.html --> uts.cc.utexas.edu /export/httpd/vhosts/texasbeyondhistory/data/aldridge/images fishing.html
2004.07.09 10:18 B G:\TBH Website Temp\aldridge\images\frontcamp-lg.jpg --> uts.cc.utexas.edu /export/httpd/vhosts/texasbeyondhistory/data/aldridge/images frontcamp-lg.jpg
2004.07.09 10:18 B G:\TBH Website Temp\aldridge\images\frontcamp-sm.jpg --> uts.cc.utexas.edu /export/httpd/vhosts/texasbeyondhistory/data/aldridge/images frontcamp-sm.jpg
2004.07.09 10:18 B G:\TBH Website Temp\aldridge\images\frontcamp.html --> uts.cc.utexas.edu /export/httpd/vhosts/texasbeyondhistory/data/aldridge/images frontcamp.html
2004.07.09 10:18 B G:\TBH Website Temp\aldridge\images\grafitti-lg.jpg --> uts.cc.utexas.edu /export/httpd/vhosts/texasbeyondhistory/data/aldridge/images grafitti-lg.jpg
2004.07.09 10:18 B G:\TBH Website Temp\aldridge\images\grafitti-sm.jpg --> uts.cc.utexas.edu /export/httpd/vhosts/texasbeyondhistory/data/aldridge/images grafitti-sm.jpg
2004.07.09 10:18 B G:\TBH Website Temp\aldridge\images\grafitti.html --> uts.cc.utexas.edu /export/httpd/vhosts/texasbeyondhistory/data/aldridge/images grafitti.html
2004.07.09 10:18 B G:\TBH Website Temp\aldridge\images\house-lg.jpg --> uts.cc.utexas.edu /export/httpd/vhosts/texasbeyondhistory/data/aldridge/images house-lg.jpg
2004.07.09 10:18 B G:\TBH Website Temp\aldridge\images\house-sm.jpg --> uts.cc.utexas.edu /export/httpd/vhosts/texasbeyondhistory/data/aldridge/images house-sm.jpg
2004.07.09 10:18 B G:\TBH Website Temp\aldridge\images\house.html --> uts.cc.utexas.edu /export/httpd/vhosts/texasbeyondhistory/data/aldridge/images house.html
2004.07.09 10:18 B G:\TBH Website Temp\aldridge\images\inside-lg.jpg --> uts.cc.utexas.edu /export/httpd/vhosts/texasbeyondhistory/data/aldridge/images inside-lg.jpg
2004.07.09 10:18 B G:\TBH Website Temp\aldridge\images\inside-sm.jpg --> uts.cc.utexas.edu /export/httpd/vhosts/texasbeyondhistory/data/aldridge/images inside-sm.jpg
2004.07.09 10:18 B G:\TBH Website Temp\aldridge\images\inside.html --> uts.cc.utexas.edu /export/httpd/vhosts/texasbeyondhistory/data/aldridge/images inside.html
2004.07.09 10:18 B G:\TBH Website Temp\aldridge\images\interior-lg.jpg --> uts.cc.utexas.edu /export/httpd/vhosts/texasbeyondhistory/data/aldridge/images interior-lg.jpg
2004.07.09 10:18 B G:\TBH Website Temp\aldridge\images\interior-sm.jpg --> uts.cc.utexas.edu /export/httpd/vhosts/texasbeyondhistory/data/aldridge/images interior-sm.jpg
2004.07.09 10:18 B G:\TBH Website Temp\aldridge\images\interior.html --> uts.cc.utexas.edu /export/httpd/vhosts/texasbeyondhistory/data/aldridge/images interior.html
2004.07.09 10:18 B G:\TBH Website Temp\aldridge\images\jones-lg.jpg --> uts.cc.utexas.edu /export/httpd/vhosts/texasbeyondhistory/data/aldridge/images jones-lg.jpg
2004.07.09 10:18 B G:\TBH Website Temp\aldridge\images\jones-sm.jpg --> uts.cc.utexas.edu /export/httpd/vhosts/texasbeyondhistory/data/aldridge/images jones-sm.jpg
2004.07.09 10:18 B G:\TBH Website Temp\aldridge\images\jones.html --> uts.cc.utexas.edu /export/httpd/vhosts/texasbeyondhistory/data/aldridge/images jones.html
2004.07.09 10:18 B G:\TBH Website Temp\aldridge\images\kiln-lg.jpg --> uts.cc.utexas.edu /export/httpd/vhosts/texasbeyondhistory/data/aldridge/images kiln-lg.jpg
2004.07.09 10:18 B G:\TBH Website Temp\aldridge\images\kiln-sm.jpg --> uts.cc.utexas.edu /export/httpd/vhosts/texasbeyondhistory/data/aldridge/images kiln-sm.jpg
2004.07.09 10:18 B G:\TBH Website Temp\aldridge\images\kiln.html --> uts.cc.utexas.edu /export/httpd/vhosts/texasbeyondhistory/data/aldridge/images kiln.html
2004.07.09 10:18 B G:\TBH Website Temp\aldridge\images\kirby-lg.jpg --> uts.cc.utexas.edu /export/httpd/vhosts/texasbeyondhistory/data/aldridge/images kirby-lg.jpg
2004.07.09 10:18 B G:\TBH Website Temp\aldridge\images\kirby-sm.jpg --> uts.cc.utexas.edu /export/httpd/vhosts/texasbeyondhistory/data/aldridge/images kirby-sm.jpg
2004.07.09 10:18 B G:\TBH Website Temp\aldridge\images\kirby.html --> uts.cc.utexas.edu /export/httpd/vhosts/texasbeyondhistory/data/aldridge/images kirby.html
2004.07.09 10:18 B G:\TBH Website Temp\aldridge\images\lab-lg.jpg --> uts.cc.utexas.edu /export/httpd/vhosts/texasbeyondhistory/data/aldridge/images lab-lg.jpg
2004.07.09 10:18 B G:\TBH Website Temp\aldridge\images\Lab-sm.jpg --> uts.cc.utexas.edu /export/httpd/vhosts/texasbeyondhistory/data/aldridge/images Lab-sm.jpg
2004.07.09 10:18 B G:\TBH Website Temp\aldridge\images\lab.html --> uts.cc.utexas.edu /export/httpd/vhosts/texasbeyondhistory/data/aldridge/images lab.html
2004.07.09 10:18 B G:\TBH Website Temp\aldridge\images\landscape.jpg --> uts.cc.utexas.edu /export/httpd/vhosts/texasbeyondhistory/data/aldridge/images landscape.jpg
2004.07.09 10:18 B G:\TBH Website Temp\aldridge\images\letterhead-lg.jpg --> uts.cc.utexas.edu /export/httpd/vhosts/texasbeyondhistory/data/aldridge/images letterhead-lg.jpg
2004.07.09 10:18 B G:\TBH Website Temp\aldridge\images\letterhead.html --> uts.cc.utexas.edu /export/httpd/vhosts/texasbeyondhistory/data/aldridge/images letterhead.html
2004.07.09 10:18 B G:\TBH Website Temp\aldridge\images\loading-lg.jpg --> uts.cc.utexas.edu /export/httpd/vhosts/texasbeyondhistory/data/aldridge/images loading-lg.jpg
2004.07.09 10:18 B G:\TBH Website Temp\aldridge\images\loading-sm.jpg --> uts.cc.utexas.edu /export/httpd/vhosts/texasbeyondhistory/data/aldridge/images loading-sm.jpg
2004.07.09 10:18 B G:\TBH Website Temp\aldridge\images\loading.html --> uts.cc.utexas.edu /export/httpd/vhosts/texasbeyondhistory/data/aldridge/images loading.html
2004.07.09 10:18 B G:\TBH Website Temp\aldridge\images\loblolly-lg.jpg --> uts.cc.utexas.edu /export/httpd/vhosts/texasbeyondhistory/data/aldridge/images loblolly-lg.jpg
2004.07.09 10:18 B G:\TBH Website Temp\aldridge\images\loblolly-sm.jpg --> uts.cc.utexas.edu /export/httpd/vhosts/texasbeyondhistory/data/aldridge/images loblolly-sm.jpg
2004.07.09 10:18 B G:\TBH Website Temp\aldridge\images\loblolly.html --> uts.cc.utexas.edu /export/httpd/vhosts/texasbeyondhistory/data/aldridge/images loblolly.html
2004.07.09 10:18 B G:\TBH Website Temp\aldridge\images\loggingmain.jpg --> uts.cc.utexas.edu /export/httpd/vhosts/texasbeyondhistory/data/aldridge/images loggingmain.jpg
2004.07.09 10:18 B G:\TBH Website Temp\aldridge\images\logtrain.jpg --> uts.cc.utexas.edu /export/httpd/vhosts/texasbeyondhistory/data/aldridge/images logtrain.jpg
2004.07.09 10:18 B G:\TBH Website Temp\aldridge\images\longleaf-lg.jpg --> uts.cc.utexas.edu /export/httpd/vhosts/texasbeyondhistory/data/aldridge/images longleaf-lg.jpg
2004.07.09 10:18 B G:\TBH Website Temp\aldridge\images\longleaf-sm.jpg --> uts.cc.utexas.edu /export/httpd/vhosts/texasbeyondhistory/data/aldridge/images longleaf-sm.jpg
2004.07.09 10:18 B G:\TBH Website Temp\aldridge\images\longleaf.html --> uts.cc.utexas.edu /export/httpd/vhosts/texasbeyondhistory/data/aldridge/images longleaf.html
2004.07.09 10:18 B G:\TBH Website Temp\aldridge\images\lookout-lg.jpg --> uts.cc.utexas.edu /export/httpd/vhosts/texasbeyondhistory/data/aldridge/images lookout-lg.jpg
2004.07.09 10:18 B G:\TBH Website Temp\aldridge\images\lookout-sm.jpg --> uts.cc.utexas.edu /export/httpd/vhosts/texasbeyondhistory/data/aldridge/images lookout-sm.jpg
2004.07.09 10:18 B G:\TBH Website Temp\aldridge\images\lookout.html --> uts.cc.utexas.edu /export/httpd/vhosts/texasbeyondhistory/data/aldridge/images lookout.html
2004.07.09 10:18 B G:\TBH Website Temp\aldridge\images\lumberyard-lg.jpg --> uts.cc.utexas.edu /export/httpd/vhosts/texasbeyondhistory/data/aldridge/images lumberyard-lg.jpg
2004.07.09 10:18 B G:\TBH Website Temp\aldridge\images\lumberyard-sm.jpg --> uts.cc.utexas.edu /export/httpd/vhosts/texasbeyondhistory/data/aldridge/images lumberyard-sm.jpg
2004.07.09 10:18 B G:\TBH Website Temp\aldridge\images\lumberyard.html --> uts.cc.utexas.edu /export/httpd/vhosts/texasbeyondhistory/data/aldridge/images lumberyard.html
2004.07.09 10:18 B G:\TBH Website Temp\aldridge\images\lutcher-lg.jpg --> uts.cc.utexas.edu /export/httpd/vhosts/texasbeyondhistory/data/aldridge/images lutcher-lg.jpg
2004.07.09 10:18 B G:\TBH Website Temp\aldridge\images\lutcher-sm.jpg --> uts.cc.utexas.edu /export/httpd/vhosts/texasbeyondhistory/data/aldridge/images lutcher-sm.jpg
2004.07.09 10:18 B G:\TBH Website Temp\aldridge\images\lutcher.html --> uts.cc.utexas.edu /export/httpd/vhosts/texasbeyondhistory/data/aldridge/images lutcher.html
2004.07.09 10:18 B G:\TBH Website Temp\aldridge\images\maincol.jpg --> uts.cc.utexas.edu /export/httpd/vhosts/texasbeyondhistory/data/aldridge/images maincol.jpg
2004.07.09 10:18 B G:\TBH Website Temp\aldridge\images\map59-sm.gif --> uts.cc.utexas.edu /export/httpd/vhosts/texasbeyondhistory/data/aldridge/images map59-sm.gif
2004.07.09 10:18 B G:\TBH Website Temp\aldridge\images\map59-sm.jpg --> uts.cc.utexas.edu /export/httpd/vhosts/texasbeyondhistory/data/aldridge/images map59-sm.jpg
2004.07.09 10:18 B G:\TBH Website Temp\aldridge\images\map59.html --> uts.cc.utexas.edu /export/httpd/vhosts/texasbeyondhistory/data/aldridge/images map59.html
2004.07.09 10:18 B G:\TBH Website Temp\aldridge\images\mill.jpg --> uts.cc.utexas.edu /export/httpd/vhosts/texasbeyondhistory/data/aldridge/images mill.jpg
2004.07.09 10:18 B G:\TBH Website Temp\aldridge\images\millpond.jpg --> uts.cc.utexas.edu /export/httpd/vhosts/texasbeyondhistory/data/aldridge/images millpond.jpg
2004.07.09 10:18 B G:\TBH Website Temp\aldridge\images\moregraffiti-lg.jpg --> uts.cc.utexas.edu /export/httpd/vhosts/texasbeyondhistory/data/aldridge/images moregraffiti-lg.jpg
2004.07.09 10:18 B G:\TBH Website Temp\aldridge\images\moregraffiti-sm.jpg --> uts.cc.utexas.edu /export/httpd/vhosts/texasbeyondhistory/data/aldridge/images moregraffiti-sm.jpg
2004.07.09 10:18 B G:\TBH Website Temp\aldridge\images\moregrafitti.html --> uts.cc.utexas.edu /export/httpd/vhosts/texasbeyondhistory/data/aldridge/images moregrafitti.html
2004.07.09 10:18 B G:\TBH Website Temp\aldridge\images\natforests-lg.gif --> uts.cc.utexas.edu /export/httpd/vhosts/texasbeyondhistory/data/aldridge/images natforests-lg.gif
2004.07.09 10:18 B G:\TBH Website Temp\aldridge\images\natforests-sm.gif --> uts.cc.utexas.edu /export/httpd/vhosts/texasbeyondhistory/data/aldridge/images natforests-sm.gif
2004.07.09 10:18 B G:\TBH Website Temp\aldridge\images\natforests.html --> uts.cc.utexas.edu /export/httpd/vhosts/texasbeyondhistory/data/aldridge/images natforests.html
2004.07.09 10:18 B G:\TBH Website Temp\aldridge\images\neches-lg.jpg --> uts.cc.utexas.edu /export/httpd/vhosts/texasbeyondhistory/data/aldridge/images neches-lg.jpg
2004.07.09 10:18 B G:\TBH Website Temp\aldridge\images\neches-sm.jpg --> uts.cc.utexas.edu /export/httpd/vhosts/texasbeyondhistory/data/aldridge/images neches-sm.jpg
2004.07.09 10:18 B G:\TBH Website Temp\aldridge\images\neches.html --> uts.cc.utexas.edu /export/httpd/vhosts/texasbeyondhistory/data/aldridge/images neches.html
2004.07.09 10:18 B G:\TBH Website Temp\aldridge\images\needles-lg.jpg --> uts.cc.utexas.edu /export/httpd/vhosts/texasbeyondhistory/data/aldridge/images needles-lg.jpg
2004.07.09 10:18 B G:\TBH Website Temp\aldridge\images\needles-sm.jpg --> uts.cc.utexas.edu /export/httpd/vhosts/texasbeyondhistory/data/aldridge/images needles-sm.jpg
2004.07.09 10:18 B G:\TBH Website Temp\aldridge\images\needles.html --> uts.cc.utexas.edu /export/httpd/vhosts/texasbeyondhistory/data/aldridge/images needles.html
2004.07.09 10:18 B G:\TBH Website Temp\aldridge\images\newspaper-lg.jpg --> uts.cc.utexas.edu /export/httpd/vhosts/texasbeyondhistory/data/aldridge/images newspaper-lg.jpg
2004.07.09 10:18 B G:\TBH Website Temp\aldridge\images\newspaper-sm.jpg --> uts.cc.utexas.edu /export/httpd/vhosts/texasbeyondhistory/data/aldridge/images newspaper-sm.jpg
2004.07.09 10:18 B G:\TBH Website Temp\aldridge\images\newspaper.html --> uts.cc.utexas.edu /export/httpd/vhosts/texasbeyondhistory/data/aldridge/images newspaper.html
2004.07.09 10:18 B G:\TBH Website Temp\aldridge\images\passport-lg.jpg --> uts.cc.utexas.edu /export/httpd/vhosts/texasbeyondhistory/data/aldridge/images passport-lg.jpg
2004.07.09 10:18 B G:\TBH Website Temp\aldridge\images\passport-sm.jpg --> uts.cc.utexas.edu /export/httpd/vhosts/texasbeyondhistory/data/aldridge/images passport-sm.jpg
2004.07.09 10:18 B G:\TBH Website Temp\aldridge\images\passport.html --> uts.cc.utexas.edu /export/httpd/vhosts/texasbeyondhistory/data/aldridge/images passport.html
2004.07.09 10:18 B G:\TBH Website Temp\aldridge\images\pine-sm.jpg --> uts.cc.utexas.edu /export/httpd/vhosts/texasbeyondhistory/data/aldridge/images pine-sm.jpg
2004.07.09 10:18 B G:\TBH Website Temp\aldridge\images\quarter-sm.jpg --> uts.cc.utexas.edu /export/httpd/vhosts/texasbeyondhistory/data/aldridge/images quarter-sm.jpg
2004.07.09 10:18 B G:\TBH Website Temp\aldridge\images\quarter.html --> uts.cc.utexas.edu /export/httpd/vhosts/texasbeyondhistory/data/aldridge/images quarter.html
2004.07.09 10:18 B G:\TBH Website Temp\aldridge\images\raft-lg.jpg --> uts.cc.utexas.edu /export/httpd/vhosts/texasbeyondhistory/data/aldridge/images raft-lg.jpg
2004.07.09 10:18 B G:\TBH Website Temp\aldridge\images\raft-sm.jpg --> uts.cc.utexas.edu /export/httpd/vhosts/texasbeyondhistory/data/aldridge/images raft-sm.jpg
2004.07.09 10:18 B G:\TBH Website Temp\aldridge\images\raft.html --> uts.cc.utexas.edu /export/httpd/vhosts/texasbeyondhistory/data/aldridge/images raft.html
2004.07.09 10:18 B G:\TBH Website Temp\aldridge\images\riverfeatures-lg.jpg --> uts.cc.utexas.edu /export/httpd/vhosts/texasbeyondhistory/data/aldridge/images riverfeatures-lg.jpg
2004.07.09 10:18 B G:\TBH Website Temp\aldridge\images\riverfeatures-sm.jpg --> uts.cc.utexas.edu /export/httpd/vhosts/texasbeyondhistory/data/aldridge/images riverfeatures-sm.jpg
2004.07.09 10:18 B G:\TBH Website Temp\aldridge\images\riverfeatures.html --> uts.cc.utexas.edu /export/httpd/vhosts/texasbeyondhistory/data/aldridge/images riverfeatures.html
2004.07.09 10:18 B G:\TBH Website Temp\aldridge\images\sabine-lg.jpg --> uts.cc.utexas.edu /export/httpd/vhosts/texasbeyondhistory/data/aldridge/images sabine-lg.jpg
2004.07.09 10:18 B G:\TBH Website Temp\aldridge\images\sabine-sm.jpg --> uts.cc.utexas.edu /export/httpd/vhosts/texasbeyondhistory/data/aldridge/images sabine-sm.jpg
2004.07.09 10:18 B G:\TBH Website Temp\aldridge\images\sabine.html --> uts.cc.utexas.edu /export/httpd/vhosts/texasbeyondhistory/data/aldridge/images sabine.html
2004.07.09 10:18 B G:\TBH Website Temp\aldridge\images\sawing-lg.jpg --> uts.cc.utexas.edu /export/httpd/vhosts/texasbeyondhistory/data/aldridge/images sawing-lg.jpg
2004.07.09 10:18 B G:\TBH Website Temp\aldridge\images\sawing-sm.jpg --> uts.cc.utexas.edu /export/httpd/vhosts/texasbeyondhistory/data/aldridge/images sawing-sm.jpg
2004.07.09 10:18 B G:\TBH Website Temp\aldridge\images\sawing.html --> uts.cc.utexas.edu /export/httpd/vhosts/texasbeyondhistory/data/aldridge/images sawing.html
2004.07.09 10:18 B G:\TBH Website Temp\aldridge\images\scaler-lg.jpg --> uts.cc.utexas.edu /export/httpd/vhosts/texasbeyondhistory/data/aldridge/images scaler-lg.jpg
2004.07.09 10:18 B G:\TBH Website Temp\aldridge\images\scaler-med.jpg --> uts.cc.utexas.edu /export/httpd/vhosts/texasbeyondhistory/data/aldridge/images scaler-med.jpg
2004.07.09 10:18 B G:\TBH Website Temp\aldridge\images\scaler.html --> uts.cc.utexas.edu /export/httpd/vhosts/texasbeyondhistory/data/aldridge/images scaler.html
2004.07.09 10:18 B G:\TBH Website Temp\aldridge\images\scene-lg.jpg --> uts.cc.utexas.edu /export/httpd/vhosts/texasbeyondhistory/data/aldridge/images scene-lg.jpg
2004.07.09 10:18 B G:\TBH Website Temp\aldridge\images\scene-sm.jpg --> uts.cc.utexas.edu /export/httpd/vhosts/texasbeyondhistory/data/aldridge/images scene-sm.jpg
2004.07.09 10:18 B G:\TBH Website Temp\aldridge\images\scene.html --> uts.cc.utexas.edu /export/httpd/vhosts/texasbeyondhistory/data/aldridge/images scene.html
2004.07.09 10:18 B G:\TBH Website Temp\aldridge\images\school-lg.jpg --> uts.cc.utexas.edu /export/httpd/vhosts/texasbeyondhistory/data/aldridge/images school-lg.jpg
2004.07.09 10:18 B G:\TBH Website Temp\aldridge\images\school-sm.jpg --> uts.cc.utexas.edu /export/httpd/vhosts/texasbeyondhistory/data/aldridge/images school-sm.jpg
2004.07.09 10:18 B G:\TBH Website Temp\aldridge\images\school.html --> uts.cc.utexas.edu /export/httpd/vhosts/texasbeyondhistory/data/aldridge/images school.html
2004.07.09 10:18 B G:\TBH Website Temp\aldridge\images\slag-lg.jpg --> uts.cc.utexas.edu /export/httpd/vhosts/texasbeyondhistory/data/aldridge/images slag-lg.jpg
2004.07.09 10:18 B G:\TBH Website Temp\aldridge\images\slag-sm.jpg --> uts.cc.utexas.edu /export/httpd/vhosts/texasbeyondhistory/data/aldridge/images slag-sm.jpg
2004.07.09 10:18 B G:\TBH Website Temp\aldridge\images\slag.html --> uts.cc.utexas.edu /export/httpd/vhosts/texasbeyondhistory/data/aldridge/images slag.html
2004.07.09 10:18 B G:\TBH Website Temp\aldridge\images\smokie.jpg --> uts.cc.utexas.edu /export/httpd/vhosts/texasbeyondhistory/data/aldridge/images smokie.jpg
2004.07.09 10:18 B G:\TBH Website Temp\aldridge\images\stumps.jpg --> uts.cc.utexas.edu /export/httpd/vhosts/texasbeyondhistory/data/aldridge/images stumps.jpg
2004.07.09 10:18 B G:\TBH Website Temp\aldridge\images\temple-lg.jpg --> uts.cc.utexas.edu /export/httpd/vhosts/texasbeyondhistory/data/aldridge/images temple-lg.jpg
2004.07.09 10:18 B G:\TBH Website Temp\aldridge\images\temple-sm.jpg --> uts.cc.utexas.edu /export/httpd/vhosts/texasbeyondhistory/data/aldridge/images temple-sm.jpg
2004.07.09 10:18 B G:\TBH Website Temp\aldridge\images\temple.html --> uts.cc.utexas.edu /export/httpd/vhosts/texasbeyondhistory/data/aldridge/images temple.html
2004.07.09 10:19 B G:\TBH Website Temp\aldridge\images\terrace-lg.jpg --> uts.cc.utexas.edu /export/httpd/vhosts/texasbeyondhistory/data/aldridge/images terrace-lg.jpg
2004.07.09 10:19 B G:\TBH Website Temp\aldridge\images\terrace-sm.jpg --> uts.cc.utexas.edu /export/httpd/vhosts/texasbeyondhistory/data/aldridge/images terrace-sm.jpg
2004.07.09 10:19 B G:\TBH Website Temp\aldridge\images\terrace.html --> uts.cc.utexas.edu /export/httpd/vhosts/texasbeyondhistory/data/aldridge/images terrace.html
2004.07.09 10:19 B G:\TBH Website Temp\aldridge\images\texasforestrymuseum.jpg --> uts.cc.utexas.edu /export/httpd/vhosts/texasbeyondhistory/data/aldridge/images texasforestrymuseum.jpg
2004.07.09 10:19 B G:\TBH Website Temp\aldridge\images\thompson-lg.jpg --> uts.cc.utexas.edu /export/httpd/vhosts/texasbeyondhistory/data/aldridge/images thompson-lg.jpg
2004.07.09 10:19 B G:\TBH Website Temp\aldridge\images\thompson-sm.jpg --> uts.cc.utexas.edu /export/httpd/vhosts/texasbeyondhistory/data/aldridge/images thompson-sm.jpg
2004.07.09 10:19 B G:\TBH Website Temp\aldridge\images\thompson.html --> uts.cc.utexas.edu /export/httpd/vhosts/texasbeyondhistory/data/aldridge/images thompson.html
2004.07.09 10:19 B G:\TBH Website Temp\aldridge\images\timbercounties-lg.gif --> uts.cc.utexas.edu /export/httpd/vhosts/texasbeyondhistory/data/aldridge/images timbercounties-lg.gif
2004.07.09 10:19 B G:\TBH Website Temp\aldridge\images\timbercounties-sm.gif --> uts.cc.utexas.edu /export/httpd/vhosts/texasbeyondhistory/data/aldridge/images timbercounties-sm.gif
2004.07.09 10:19 B G:\TBH Website Temp\aldridge\images\timbercounties.html --> uts.cc.utexas.edu /export/httpd/vhosts/texasbeyondhistory/data/aldridge/images timbercounties.html
2004.07.09 10:19 B G:\TBH Website Temp\aldridge\images\tokens-lg.jpg --> uts.cc.utexas.edu /export/httpd/vhosts/texasbeyondhistory/data/aldridge/images tokens-lg.jpg
2004.07.09 10:19 B G:\TBH Website Temp\aldridge\images\tokens-sm.jpg --> uts.cc.utexas.edu /export/httpd/vhosts/texasbeyondhistory/data/aldridge/images tokens-sm.jpg
2004.07.09 10:19 B G:\TBH Website Temp\aldridge\images\tokens.html --> uts.cc.utexas.edu /export/httpd/vhosts/texasbeyondhistory/data/aldridge/images tokens.html
2004.07.09 10:19 B G:\TBH Website Temp\aldridge\images\tpwd-lg.gif --> uts.cc.utexas.edu /export/httpd/vhosts/texasbeyondhistory/data/aldridge/images tpwd-lg.gif
2004.07.09 10:19 B G:\TBH Website Temp\aldridge\images\tpwd-lg.jpg --> uts.cc.utexas.edu /export/httpd/vhosts/texasbeyondhistory/data/aldridge/images tpwd-lg.jpg
2004.07.09 10:19 B G:\TBH Website Temp\aldridge\images\tpwd-sm.gif --> uts.cc.utexas.edu /export/httpd/vhosts/texasbeyondhistory/data/aldridge/images tpwd-sm.gif
2004.07.09 10:19 B G:\TBH Website Temp\aldridge\images\tpwd-sm.jpg --> uts.cc.utexas.edu /export/httpd/vhosts/texasbeyondhistory/data/aldridge/images tpwd-sm.jpg
2004.07.09 10:19 B G:\TBH Website Temp\aldridge\images\train-lg.jpg --> uts.cc.utexas.edu /export/httpd/vhosts/texasbeyondhistory/data/aldridge/images train-lg.jpg
2004.07.09 10:19 B G:\TBH Website Temp\aldridge\images\train-sm.jpg --> uts.cc.utexas.edu /export/httpd/vhosts/texasbeyondhistory/data/aldridge/images train-sm.jpg
2004.07.09 10:19 B G:\TBH Website Temp\aldridge\images\train.html --> uts.cc.utexas.edu /export/httpd/vhosts/texasbeyondhistory/data/aldridge/images train.html
2004.07.09 10:19 B G:\TBH Website Temp\aldridge\images\tramroad-lg.jpg --> uts.cc.utexas.edu /export/httpd/vhosts/texasbeyondhistory/data/aldridge/images tramroad-lg.jpg
2004.07.09 10:19 B G:\TBH Website Temp\aldridge\images\tramroad-sm.jpg --> uts.cc.utexas.edu /export/httpd/vhosts/texasbeyondhistory/data/aldridge/images tramroad-sm.jpg
2004.07.09 10:19 B G:\TBH Website Temp\aldridge\images\tramroad.html --> uts.cc.utexas.edu /export/httpd/vhosts/texasbeyondhistory/data/aldridge/images tramroad.html
2004.07.09 10:19 B G:\TBH Website Temp\aldridge\images\twpd.html --> uts.cc.utexas.edu /export/httpd/vhosts/texasbeyondhistory/data/aldridge/images twpd.html
2004.07.09 10:19 B G:\TBH Website Temp\aldridge\images\volunteers-lg.jpg --> uts.cc.utexas.edu /export/httpd/vhosts/texasbeyondhistory/data/aldridge/images volunteers-lg.jpg
2004.07.09 10:19 B G:\TBH Website Temp\aldridge\images\volunteers-sm.jpg --> uts.cc.utexas.edu /export/httpd/vhosts/texasbeyondhistory/data/aldridge/images volunteers-sm.jpg
2004.07.09 10:19 B G:\TBH Website Temp\aldridge\images\volunteers.html --> uts.cc.utexas.edu /export/httpd/vhosts/texasbeyondhistory/data/aldridge/images volunteers.html
2004.07.09 10:19 B G:\TBH Website Temp\aldridge\images\wildlife-lg.jpg --> uts.cc.utexas.edu /export/httpd/vhosts/texasbeyondhistory/data/aldridge/images wildlife-lg.jpg
2004.07.09 10:19 B G:\TBH Website Temp\aldridge\images\wildlife-sm.jpg --> uts.cc.utexas.edu /export/httpd/vhosts/texasbeyondhistory/data/aldridge/images wildlife-sm.jpg
2004.07.09 10:19 B G:\TBH Website Temp\aldridge\images\wildlife.html --> uts.cc.utexas.edu /export/httpd/vhosts/texasbeyondhistory/data/aldridge/images wildlife.html
2004.07.13 14:34 B G:\TBH Website Temp\aldridge\images\sweetgum.html --> uts.cc.utexas.edu /export/httpd/vhosts/texasbeyondhistory/data/aldridge/images sweetgum.html
2004.07.13 14:34 B G:\TBH Website Temp\aldridge\images\swamp.html --> uts.cc.utexas.edu /export/httpd/vhosts/texasbeyondhistory/data/aldridge/images swamp.html
2004.07.13 14:41 B G:\TBH Website Temp\aldridge\images\needles2.html --> uts.cc.utexas.edu /export/httpd/vhosts/texasbeyondhistory/data/aldridge/images needles2.html
2004.07.27 11:53 B G:\TBH Website Temp\aldridge\images\passport.html --> uts.cc.utexas.edu /export/httpd/vhosts/texasbeyondhistory/data/aldridge/images passport.html
