2006.07.13 18:24 B V:\TBH Website Temp\gateway\images\almaraz-table1-lg.jpg --> uts.cc.utexas.edu /export/httpd/vhosts/texasbeyondhistory/data/protect/gateway/images almaraz-table1-lg.jpg
2006.07.13 18:24 B V:\TBH Website Temp\gateway\images\almaraz-table1-sm.jpg --> uts.cc.utexas.edu /export/httpd/vhosts/texasbeyondhistory/data/protect/gateway/images almaraz-table1-sm.jpg
2006.07.13 18:24 B V:\TBH Website Temp\gateway\images\almaraz-table1.html --> uts.cc.utexas.edu /export/httpd/vhosts/texasbeyondhistory/data/protect/gateway/images almaraz-table1.html
2006.07.13 18:24 B V:\TBH Website Temp\gateway\images\Arch-BI-lg.jpg --> uts.cc.utexas.edu /export/httpd/vhosts/texasbeyondhistory/data/protect/gateway/images Arch-BI-lg.jpg
2006.07.13 18:24 B V:\TBH Website Temp\gateway\images\Arch-BI-sm.jpg --> uts.cc.utexas.edu /export/httpd/vhosts/texasbeyondhistory/data/protect/gateway/images Arch-BI-sm.jpg
2006.07.13 18:24 B V:\TBH Website Temp\gateway\images\Arch-BI.html --> uts.cc.utexas.edu /export/httpd/vhosts/texasbeyondhistory/data/protect/gateway/images Arch-BI.html
2006.07.13 18:24 B V:\TBH Website Temp\gateway\images\barreiromap-lg.jpg --> uts.cc.utexas.edu /export/httpd/vhosts/texasbeyondhistory/data/protect/gateway/images barreiromap-lg.jpg
2006.07.13 18:24 B V:\TBH Website Temp\gateway\images\barreiromap-sm.jpg --> uts.cc.utexas.edu /export/httpd/vhosts/texasbeyondhistory/data/protect/gateway/images barreiromap-sm.jpg
2006.07.13 18:24 B V:\TBH Website Temp\gateway\images\barreiromap.html --> uts.cc.utexas.edu /export/httpd/vhosts/texasbeyondhistory/data/protect/gateway/images barreiromap.html
2006.07.13 18:24 B V:\TBH Website Temp\gateway\images\BasaltMano-lg.jpg --> uts.cc.utexas.edu /export/httpd/vhosts/texasbeyondhistory/data/protect/gateway/images BasaltMano-lg.jpg
2006.07.13 18:24 B V:\TBH Website Temp\gateway\images\BasaltMano-sm.jpg --> uts.cc.utexas.edu /export/httpd/vhosts/texasbeyondhistory/data/protect/gateway/images BasaltMano-sm.jpg
2006.07.13 18:25 B V:\TBH Website Temp\gateway\images\basaltmano.html --> uts.cc.utexas.edu /export/httpd/vhosts/texasbeyondhistory/data/protect/gateway/images basaltmano.html
2006.07.13 18:25 B V:\TBH Website Temp\gateway\images\bastion-lg.jpg --> uts.cc.utexas.edu /export/httpd/vhosts/texasbeyondhistory/data/protect/gateway/images bastion-lg.jpg
2006.07.13 18:25 B V:\TBH Website Temp\gateway\images\bastion-sm.jpg --> uts.cc.utexas.edu /export/httpd/vhosts/texasbeyondhistory/data/protect/gateway/images bastion-sm.jpg
2006.07.13 18:25 B V:\TBH Website Temp\gateway\images\bastion.html --> uts.cc.utexas.edu /export/httpd/vhosts/texasbeyondhistory/data/protect/gateway/images bastion.html
2006.07.13 18:25 B V:\TBH Website Temp\gateway\images\bautistamap-lg.jpg --> uts.cc.utexas.edu /export/httpd/vhosts/texasbeyondhistory/data/protect/gateway/images bautistamap-lg.jpg
2006.07.13 18:25 B V:\TBH Website Temp\gateway\images\bautistamap-sm.jpg --> uts.cc.utexas.edu /export/httpd/vhosts/texasbeyondhistory/data/protect/gateway/images bautistamap-sm.jpg
2006.07.13 18:25 B V:\TBH Website Temp\gateway\images\bautistamap.html --> uts.cc.utexas.edu /export/httpd/vhosts/texasbeyondhistory/data/protect/gateway/images bautistamap.html
2006.07.13 18:25 B V:\TBH Website Temp\gateway\images\bernardo-cisneros-lg.jpg --> uts.cc.utexas.edu /export/httpd/vhosts/texasbeyondhistory/data/protect/gateway/images bernardo-cisneros-lg.jpg
2006.07.13 18:25 B V:\TBH Website Temp\gateway\images\bernardo-cisneros-sm.jpg --> uts.cc.utexas.edu /export/httpd/vhosts/texasbeyondhistory/data/protect/gateway/images bernardo-cisneros-sm.jpg
2006.07.13 18:25 B V:\TBH Website Temp\gateway\images\bernardo-cisneros.html --> uts.cc.utexas.edu /export/httpd/vhosts/texasbeyondhistory/data/protect/gateway/images bernardo-cisneros.html
2006.07.13 18:25 B V:\TBH Website Temp\gateway\images\bernardo-lg.jpg --> uts.cc.utexas.edu /export/httpd/vhosts/texasbeyondhistory/data/protect/gateway/images bernardo-lg.jpg
2006.07.13 18:25 B V:\TBH Website Temp\gateway\images\bernardo-sm.jpg --> uts.cc.utexas.edu /export/httpd/vhosts/texasbeyondhistory/data/protect/gateway/images bernardo-sm.jpg
2006.07.13 18:25 B V:\TBH Website Temp\gateway\images\bernardoplan.html --> uts.cc.utexas.edu /export/httpd/vhosts/texasbeyondhistory/data/protect/gateway/images bernardoplan.html
2006.07.13 18:25 B V:\TBH Website Temp\gateway\images\chart-lg.jpg --> uts.cc.utexas.edu /export/httpd/vhosts/texasbeyondhistory/data/protect/gateway/images chart-lg.jpg
2006.07.13 18:25 B V:\TBH Website Temp\gateway\images\chart-sm.jpg --> uts.cc.utexas.edu /export/httpd/vhosts/texasbeyondhistory/data/protect/gateway/images chart-sm.jpg
2006.07.13 18:25 B V:\TBH Website Temp\gateway\images\chart.html --> uts.cc.utexas.edu /export/httpd/vhosts/texasbeyondhistory/data/protect/gateway/images chart.html
2006.07.13 18:25 B V:\TBH Website Temp\gateway\images\coahuiltecan-lg.jpg --> uts.cc.utexas.edu /export/httpd/vhosts/texasbeyondhistory/data/protect/gateway/images coahuiltecan-lg.jpg
2006.07.13 18:25 B V:\TBH Website Temp\gateway\images\coahuiltecan-sm.jpg --> uts.cc.utexas.edu /export/httpd/vhosts/texasbeyondhistory/data/protect/gateway/images coahuiltecan-sm.jpg
2006.07.13 18:25 B V:\TBH Website Temp\gateway\images\Coahuiltecan.html --> uts.cc.utexas.edu /export/httpd/vhosts/texasbeyondhistory/data/protect/gateway/images Coahuiltecan.html
2006.07.13 18:25 B V:\TBH Website Temp\gateway\images\complex-lg.jpg --> uts.cc.utexas.edu /export/httpd/vhosts/texasbeyondhistory/data/protect/gateway/images complex-lg.jpg
2006.07.13 18:25 B V:\TBH Website Temp\gateway\images\complex-sm.jpg --> uts.cc.utexas.edu /export/httpd/vhosts/texasbeyondhistory/data/protect/gateway/images complex-sm.jpg
2006.07.13 18:25 B V:\TBH Website Temp\gateway\images\complex.html --> uts.cc.utexas.edu /export/httpd/vhosts/texasbeyondhistory/data/protect/gateway/images complex.html
2006.07.13 18:25 B V:\TBH Website Temp\gateway\images\Corridor-BI-lg.jpg --> uts.cc.utexas.edu /export/httpd/vhosts/texasbeyondhistory/data/protect/gateway/images Corridor-BI-lg.jpg
2006.07.13 18:25 B V:\TBH Website Temp\gateway\images\Corridor-BI-sm.jpg --> uts.cc.utexas.edu /export/httpd/vhosts/texasbeyondhistory/data/protect/gateway/images Corridor-BI-sm.jpg
2006.07.13 18:25 B V:\TBH Website Temp\gateway\images\Corridor.html --> uts.cc.utexas.edu /export/httpd/vhosts/texasbeyondhistory/data/protect/gateway/images Corridor.html
2006.07.13 18:25 B V:\TBH Website Temp\gateway\images\cross-lg.jpg --> uts.cc.utexas.edu /export/httpd/vhosts/texasbeyondhistory/data/protect/gateway/images cross-lg.jpg
2006.07.13 18:25 B V:\TBH Website Temp\gateway\images\cross-sm.jpg --> uts.cc.utexas.edu /export/httpd/vhosts/texasbeyondhistory/data/protect/gateway/images cross-sm.jpg
2006.07.13 18:25 B V:\TBH Website Temp\gateway\images\cross.html --> uts.cc.utexas.edu /export/httpd/vhosts/texasbeyondhistory/data/protect/gateway/images cross.html
2006.07.13 18:25 B V:\TBH Website Temp\gateway\images\Exterior-BI-lg.jpg --> uts.cc.utexas.edu /export/httpd/vhosts/texasbeyondhistory/data/protect/gateway/images Exterior-BI-lg.jpg
2006.07.13 18:25 B V:\TBH Website Temp\gateway\images\Exterior-BI-sm.jpg --> uts.cc.utexas.edu /export/httpd/vhosts/texasbeyondhistory/data/protect/gateway/images Exterior-BI-sm.jpg
2006.07.13 18:25 B V:\TBH Website Temp\gateway\images\Exterior-BI.html --> uts.cc.utexas.edu /export/httpd/vhosts/texasbeyondhistory/data/protect/gateway/images Exterior-BI.html
2006.07.13 18:25 B V:\TBH Website Temp\gateway\images\gate.jpg --> uts.cc.utexas.edu /export/httpd/vhosts/texasbeyondhistory/data/protect/gateway/images gate.jpg
2006.07.13 18:25 B V:\TBH Website Temp\gateway\images\guerrero-lg.jpg --> uts.cc.utexas.edu /export/httpd/vhosts/texasbeyondhistory/data/protect/gateway/images guerrero-lg.jpg
2006.07.13 18:25 B V:\TBH Website Temp\gateway\images\guerrero-sm.jpg --> uts.cc.utexas.edu /export/httpd/vhosts/texasbeyondhistory/data/protect/gateway/images guerrero-sm.jpg
2006.07.13 18:25 B V:\TBH Website Temp\gateway\images\Guerrero.html --> uts.cc.utexas.edu /export/httpd/vhosts/texasbeyondhistory/data/protect/gateway/images Guerrero.html
2006.07.13 18:25 B V:\TBH Website Temp\gateway\images\guerreropoints-th-lg.jpg --> uts.cc.utexas.edu /export/httpd/vhosts/texasbeyondhistory/data/protect/gateway/images guerreropoints-th-lg.jpg
2006.07.13 18:25 B V:\TBH Website Temp\gateway\images\guerreropoints-th-sm.jpg --> uts.cc.utexas.edu /export/httpd/vhosts/texasbeyondhistory/data/protect/gateway/images guerreropoints-th-sm.jpg
2006.07.13 18:25 B V:\TBH Website Temp\gateway\images\guerreropoints-th.html --> uts.cc.utexas.edu /export/httpd/vhosts/texasbeyondhistory/data/protect/gateway/images guerreropoints-th.html
2006.07.13 18:25 B V:\TBH Website Temp\gateway\images\GuerreroPts-TRH-rev.jpg --> uts.cc.utexas.edu /export/httpd/vhosts/texasbeyondhistory/data/protect/gateway/images GuerreroPts-TRH-rev.jpg
2006.07.13 18:25 B V:\TBH Website Temp\gateway\images\GuerreroPts-TRH-rev2.jpg --> uts.cc.utexas.edu /export/httpd/vhosts/texasbeyondhistory/data/protect/gateway/images GuerreroPts-TRH-rev2.jpg
2006.07.13 18:25 B V:\TBH Website Temp\gateway\images\Guerreropts-trh.html --> uts.cc.utexas.edu /export/httpd/vhosts/texasbeyondhistory/data/protect/gateway/images Guerreropts-trh.html
2006.07.13 18:25 B V:\TBH Website Temp\gateway\images\holder-sm.jpg --> uts.cc.utexas.edu /export/httpd/vhosts/texasbeyondhistory/data/protect/gateway/images holder-sm.jpg
2006.07.13 18:25 B V:\TBH Website Temp\gateway\images\indhousing-lg.jpg --> uts.cc.utexas.edu /export/httpd/vhosts/texasbeyondhistory/data/protect/gateway/images indhousing-lg.jpg
2006.07.13 18:25 B V:\TBH Website Temp\gateway\images\indhousing-sm.jpg --> uts.cc.utexas.edu /export/httpd/vhosts/texasbeyondhistory/data/protect/gateway/images indhousing-sm.jpg
2006.07.13 18:25 B V:\TBH Website Temp\gateway\images\indhousing.html --> uts.cc.utexas.edu /export/httpd/vhosts/texasbeyondhistory/data/protect/gateway/images indhousing.html
2006.07.13 18:25 B V:\TBH Website Temp\gateway\images\Lithics2-je-lg.jpg --> uts.cc.utexas.edu /export/httpd/vhosts/texasbeyondhistory/data/protect/gateway/images Lithics2-je-lg.jpg
2006.07.13 18:25 B V:\TBH Website Temp\gateway\images\Lithics2-je-sm.jpg --> uts.cc.utexas.edu /export/httpd/vhosts/texasbeyondhistory/data/protect/gateway/images Lithics2-je-sm.jpg
2006.07.13 18:25 B V:\TBH Website Temp\gateway\images\lithics2-je.html --> uts.cc.utexas.edu /export/httpd/vhosts/texasbeyondhistory/data/protect/gateway/images lithics2-je.html
2006.07.13 18:25 B V:\TBH Website Temp\gateway\images\metalpoints-lg.jpg --> uts.cc.utexas.edu /export/httpd/vhosts/texasbeyondhistory/data/protect/gateway/images metalpoints-lg.jpg
2006.07.13 18:25 B V:\TBH Website Temp\gateway\images\metalpoints-sm.jpg --> uts.cc.utexas.edu /export/httpd/vhosts/texasbeyondhistory/data/protect/gateway/images metalpoints-sm.jpg
2006.07.13 18:25 B V:\TBH Website Temp\gateway\images\metalpoints.html --> uts.cc.utexas.edu /export/httpd/vhosts/texasbeyondhistory/data/protect/gateway/images metalpoints.html
2006.07.13 18:25 B V:\TBH Website Temp\gateway\images\novena-lg.jpg --> uts.cc.utexas.edu /export/httpd/vhosts/texasbeyondhistory/data/protect/gateway/images novena-lg.jpg
2006.07.13 18:25 B V:\TBH Website Temp\gateway\images\novena-sm.jpg --> uts.cc.utexas.edu /export/httpd/vhosts/texasbeyondhistory/data/protect/gateway/images novena-sm.jpg
2006.07.13 18:25 B V:\TBH Website Temp\gateway\images\novena.html --> uts.cc.utexas.edu /export/httpd/vhosts/texasbeyondhistory/data/protect/gateway/images novena.html
2006.07.13 18:25 B V:\TBH Website Temp\gateway\images\oliva-tinklers.html --> uts.cc.utexas.edu /export/httpd/vhosts/texasbeyondhistory/data/protect/gateway/images oliva-tinklers.html
2006.07.13 18:25 B V:\TBH Website Temp\gateway\images\olivia-tinklers-lg.jpg --> uts.cc.utexas.edu /export/httpd/vhosts/texasbeyondhistory/data/protect/gateway/images olivia-tinklers-lg.jpg
2006.07.13 18:25 B V:\TBH Website Temp\gateway\images\olivia-tinklers-sm.jpg --> uts.cc.utexas.edu /export/httpd/vhosts/texasbeyondhistory/data/protect/gateway/images olivia-tinklers-sm.jpg
2006.07.13 18:25 B V:\TBH Website Temp\gateway\images\people-lg.jpg --> uts.cc.utexas.edu /export/httpd/vhosts/texasbeyondhistory/data/protect/gateway/images people-lg.jpg
2006.07.13 18:25 B V:\TBH Website Temp\gateway\images\people-sm.jpg --> uts.cc.utexas.edu /export/httpd/vhosts/texasbeyondhistory/data/protect/gateway/images people-sm.jpg
2006.07.13 18:25 B V:\TBH Website Temp\gateway\images\people.html --> uts.cc.utexas.edu /export/httpd/vhosts/texasbeyondhistory/data/protect/gateway/images people.html
2006.07.13 18:25 B V:\TBH Website Temp\gateway\images\points-lg.jpg --> uts.cc.utexas.edu /export/httpd/vhosts/texasbeyondhistory/data/protect/gateway/images points-lg.jpg
2006.07.13 18:25 B V:\TBH Website Temp\gateway\images\points-sm.jpg --> uts.cc.utexas.edu /export/httpd/vhosts/texasbeyondhistory/data/protect/gateway/images points-sm.jpg
2006.07.13 18:25 B V:\TBH Website Temp\gateway\images\points.html --> uts.cc.utexas.edu /export/httpd/vhosts/texasbeyondhistory/data/protect/gateway/images points.html
2006.07.13 18:25 B V:\TBH Website Temp\gateway\images\presidioriogrande-lg.jpg --> uts.cc.utexas.edu /export/httpd/vhosts/texasbeyondhistory/data/protect/gateway/images presidioriogrande-lg.jpg
2006.07.13 18:25 B V:\TBH Website Temp\gateway\images\presidioriogrande-sm.jpg --> uts.cc.utexas.edu /export/httpd/vhosts/texasbeyondhistory/data/protect/gateway/images presidioriogrande-sm.jpg
2006.07.13 18:25 B V:\TBH Website Temp\gateway\images\presidioriogrande.html --> uts.cc.utexas.edu /export/httpd/vhosts/texasbeyondhistory/data/protect/gateway/images presidioriogrande.html
2006.07.13 18:25 B V:\TBH Website Temp\gateway\images\road-lg.jpg --> uts.cc.utexas.edu /export/httpd/vhosts/texasbeyondhistory/data/protect/gateway/images road-lg.jpg
2006.07.13 18:25 B V:\TBH Website Temp\gateway\images\road-sm.jpg --> uts.cc.utexas.edu /export/httpd/vhosts/texasbeyondhistory/data/protect/gateway/images road-sm.jpg
2006.07.13 18:25 B V:\TBH Website Temp\gateway\images\road.html --> uts.cc.utexas.edu /export/httpd/vhosts/texasbeyondhistory/data/protect/gateway/images road.html
2006.07.13 18:25 B V:\TBH Website Temp\gateway\images\Thumbs.db --> uts.cc.utexas.edu /export/httpd/vhosts/texasbeyondhistory/data/protect/gateway/images Thumbs.db
2006.07.14 11:24 B V:\TBH Website Temp\gateway\images\barreiromap-button.jpg --> uts.cc.utexas.edu /export/httpd/vhosts/texasbeyondhistory/data/protect/gateway/images barreiromap-button.jpg
2006.07.14 11:24 B V:\TBH Website Temp\gateway\images\BasaltMano-lg.jpg --> uts.cc.utexas.edu /export/httpd/vhosts/texasbeyondhistory/data/protect/gateway/images BasaltMano-lg.jpg
2006.07.14 11:24 B V:\TBH Website Temp\gateway\images\basaltmano.html --> uts.cc.utexas.edu /export/httpd/vhosts/texasbeyondhistory/data/protect/gateway/images basaltmano.html
2006.07.14 11:24 B V:\TBH Website Temp\gateway\images\GuerreroPts-TRH-rev.jpg --> uts.cc.utexas.edu /export/httpd/vhosts/texasbeyondhistory/data/protect/gateway/images GuerreroPts-TRH-rev.jpg
2006.07.14 11:24 B V:\TBH Website Temp\gateway\images\Guerreropts-trh.html --> uts.cc.utexas.edu /export/httpd/vhosts/texasbeyondhistory/data/protect/gateway/images Guerreropts-trh.html
2006.07.14 11:24 B V:\TBH Website Temp\gateway\images\mano-lg.jpg --> uts.cc.utexas.edu /export/httpd/vhosts/texasbeyondhistory/data/protect/gateway/images mano-lg.jpg
2006.07.14 11:24 B V:\TBH Website Temp\gateway\images\mano-sm.jpg --> uts.cc.utexas.edu /export/httpd/vhosts/texasbeyondhistory/data/protect/gateway/images mano-sm.jpg
2006.07.14 11:24 B V:\TBH Website Temp\gateway\images\mano.html --> uts.cc.utexas.edu /export/httpd/vhosts/texasbeyondhistory/data/protect/gateway/images mano.html
2006.07.14 11:24 B V:\TBH Website Temp\gateway\images\oliva-tinklers.html --> uts.cc.utexas.edu /export/httpd/vhosts/texasbeyondhistory/data/protect/gateway/images oliva-tinklers.html
2006.07.14 11:24 B V:\TBH Website Temp\gateway\images\olivia-tinklers-lg.jpg --> uts.cc.utexas.edu /export/httpd/vhosts/texasbeyondhistory/data/protect/gateway/images olivia-tinklers-lg.jpg
2006.07.14 11:24 B V:\TBH Website Temp\gateway\images\people.html --> uts.cc.utexas.edu /export/httpd/vhosts/texasbeyondhistory/data/protect/gateway/images people.html
2006.07.14 11:24 B V:\TBH Website Temp\gateway\images\Thumbs.db --> uts.cc.utexas.edu /export/httpd/vhosts/texasbeyondhistory/data/protect/gateway/images Thumbs.db
2006.07.14 11:24 B V:\TBH Website Temp\gateway\images\usewear-lg.jpg --> uts.cc.utexas.edu /export/httpd/vhosts/texasbeyondhistory/data/protect/gateway/images usewear-lg.jpg
2006.07.14 11:24 B V:\TBH Website Temp\gateway\images\usewear-sm.jpg --> uts.cc.utexas.edu /export/httpd/vhosts/texasbeyondhistory/data/protect/gateway/images usewear-sm.jpg
2006.07.14 11:24 B V:\TBH Website Temp\gateway\images\usewear.html --> uts.cc.utexas.edu /export/httpd/vhosts/texasbeyondhistory/data/protect/gateway/images usewear.html
2006.07.14 11:24 B V:\TBH Website Temp\gateway\images\usewear2-sm.jpg --> uts.cc.utexas.edu /export/httpd/vhosts/texasbeyondhistory/data/protect/gateway/images usewear2-sm.jpg
2006.07.14 11:24 B V:\TBH Website Temp\gateway\images\WS_FTP.LOG --> uts.cc.utexas.edu /export/httpd/vhosts/texasbeyondhistory/data/protect/gateway/images WS_FTP.LOG
2006.07.28 12:07 B V:\TBH Website Temp\gateway\images\novena-lg.jpg --> uts.cc.utexas.edu /export/httpd/vhosts/texasbeyondhistory/data/protect/gateway/images novena-lg.jpg
2006.07.28 12:07 B V:\TBH Website Temp\gateway\images\novena-sm.jpg --> uts.cc.utexas.edu /export/httpd/vhosts/texasbeyondhistory/data/protect/gateway/images novena-sm.jpg
2006.07.28 12:13 B V:\TBH Website Temp\gateway\images\san bernardo census 1772.pdf --> uts.cc.utexas.edu /export/httpd/vhosts/texasbeyondhistory/data/protect/gateway/images san bernardo census 1772.pdf
2006.07.28 12:13 B V:\TBH Website Temp\gateway\images\san juan bautista census 1772.pdf --> uts.cc.utexas.edu /export/httpd/vhosts/texasbeyondhistory/data/protect/gateway/images san juan bautista census 1772.pdf
2006.07.31 14:21 B V:\TBH Website Temp\gateway\images\census-lg.jpg --> uts.cc.utexas.edu /export/httpd/vhosts/texasbeyondhistory/data/protect/gateway/images census-lg.jpg
2006.07.31 14:21 B V:\TBH Website Temp\gateway\images\census-sm.jpg --> uts.cc.utexas.edu /export/httpd/vhosts/texasbeyondhistory/data/protect/gateway/images census-sm.jpg
2006.07.31 14:21 B V:\TBH Website Temp\gateway\images\census.html --> uts.cc.utexas.edu /export/httpd/vhosts/texasbeyondhistory/data/protect/gateway/images census.html
2006.07.31 14:24 B V:\TBH Website Temp\gateway\images\census-sm.jpg --> uts.cc.utexas.edu /export/httpd/vhosts/texasbeyondhistory/data/protect/gateway/images census-sm.jpg
2006.07.31 14:27 B V:\TBH Website Temp\gateway\images\census-sm.jpg --> uts.cc.utexas.edu /export/httpd/vhosts/texasbeyondhistory/data/protect/gateway/images census-sm.jpg
2006.07.31 14:29 B V:\TBH Website Temp\gateway\images\census-sm.jpg --> uts.cc.utexas.edu /export/httpd/vhosts/texasbeyondhistory/data/protect/gateway/images census-sm.jpg
2006.07.31 14:30 B V:\TBH Website Temp\gateway\images\census-sm.jpg --> uts.cc.utexas.edu /export/httpd/vhosts/texasbeyondhistory/data/protect/gateway/images census-sm.jpg
2006.07.31 14:30 B V:\TBH Website Temp\gateway\images\census-lg.jpg --> uts.cc.utexas.edu /export/httpd/vhosts/texasbeyondhistory/data/protect/gateway/images census-lg.jpg
2006.07.31 14:32 B V:\TBH Website Temp\gateway\images\census-sm.jpg --> uts.cc.utexas.edu /export/httpd/vhosts/texasbeyondhistory/data/protect/gateway/images census-sm.jpg
2006.08.02 16:50 B V:\TBH Website Temp\gateway\images\Exterior-BI.html --> uts.cc.utexas.edu /export/httpd/vhosts/texasbeyondhistory/data/protect/gateway/images Exterior-BI.html
2006.09.18 14:29 B L:\TBH Website Temp\gateway\images\almaraz-table1-lg.jpg --> uts.cc.utexas.edu /export/httpd/vhosts/texasbeyondhistory/data/gateway/images almaraz-table1-lg.jpg
2006.09.18 14:29 B L:\TBH Website Temp\gateway\images\almaraz-table1-sm.jpg --> uts.cc.utexas.edu /export/httpd/vhosts/texasbeyondhistory/data/gateway/images almaraz-table1-sm.jpg
2006.09.18 14:29 B L:\TBH Website Temp\gateway\images\almaraz-table1.html --> uts.cc.utexas.edu /export/httpd/vhosts/texasbeyondhistory/data/gateway/images almaraz-table1.html
2006.09.18 14:29 B L:\TBH Website Temp\gateway\images\Arch-BI-lg.jpg --> uts.cc.utexas.edu /export/httpd/vhosts/texasbeyondhistory/data/gateway/images Arch-BI-lg.jpg
2006.09.18 14:30 B L:\TBH Website Temp\gateway\images\Arch-BI-sm.jpg --> uts.cc.utexas.edu /export/httpd/vhosts/texasbeyondhistory/data/gateway/images Arch-BI-sm.jpg
2006.09.18 14:30 B L:\TBH Website Temp\gateway\images\Arch-BI.html --> uts.cc.utexas.edu /export/httpd/vhosts/texasbeyondhistory/data/gateway/images Arch-BI.html
2006.09.18 14:30 B L:\TBH Website Temp\gateway\images\barreiromap-button.jpg --> uts.cc.utexas.edu /export/httpd/vhosts/texasbeyondhistory/data/gateway/images barreiromap-button.jpg
2006.09.18 14:30 B L:\TBH Website Temp\gateway\images\barreiromap-lg.jpg --> uts.cc.utexas.edu /export/httpd/vhosts/texasbeyondhistory/data/gateway/images barreiromap-lg.jpg
2006.09.18 14:30 B L:\TBH Website Temp\gateway\images\barreiromap-sm.jpg --> uts.cc.utexas.edu /export/httpd/vhosts/texasbeyondhistory/data/gateway/images barreiromap-sm.jpg
2006.09.18 14:30 B L:\TBH Website Temp\gateway\images\barreiromap.html --> uts.cc.utexas.edu /export/httpd/vhosts/texasbeyondhistory/data/gateway/images barreiromap.html
2006.09.18 14:30 B L:\TBH Website Temp\gateway\images\BasaltMano-lg.jpg --> uts.cc.utexas.edu /export/httpd/vhosts/texasbeyondhistory/data/gateway/images BasaltMano-lg.jpg
2006.09.18 14:30 B L:\TBH Website Temp\gateway\images\BasaltMano-sm.jpg --> uts.cc.utexas.edu /export/httpd/vhosts/texasbeyondhistory/data/gateway/images BasaltMano-sm.jpg
2006.09.18 14:30 B L:\TBH Website Temp\gateway\images\basaltmano.html --> uts.cc.utexas.edu /export/httpd/vhosts/texasbeyondhistory/data/gateway/images basaltmano.html
2006.09.18 14:30 B L:\TBH Website Temp\gateway\images\bastion-lg.jpg --> uts.cc.utexas.edu /export/httpd/vhosts/texasbeyondhistory/data/gateway/images bastion-lg.jpg
2006.09.18 14:30 B L:\TBH Website Temp\gateway\images\bastion-sm.jpg --> uts.cc.utexas.edu /export/httpd/vhosts/texasbeyondhistory/data/gateway/images bastion-sm.jpg
2006.09.18 14:30 B L:\TBH Website Temp\gateway\images\bastion.html --> uts.cc.utexas.edu /export/httpd/vhosts/texasbeyondhistory/data/gateway/images bastion.html
2006.09.18 14:30 B L:\TBH Website Temp\gateway\images\bautistamap-lg.jpg --> uts.cc.utexas.edu /export/httpd/vhosts/texasbeyondhistory/data/gateway/images bautistamap-lg.jpg
2006.09.18 14:30 B L:\TBH Website Temp\gateway\images\bautistamap-sm.jpg --> uts.cc.utexas.edu /export/httpd/vhosts/texasbeyondhistory/data/gateway/images bautistamap-sm.jpg
2006.09.18 14:30 B L:\TBH Website Temp\gateway\images\bautistamap.html --> uts.cc.utexas.edu /export/httpd/vhosts/texasbeyondhistory/data/gateway/images bautistamap.html
2006.09.18 14:30 B L:\TBH Website Temp\gateway\images\bernardo-cisneros-lg.jpg --> uts.cc.utexas.edu /export/httpd/vhosts/texasbeyondhistory/data/gateway/images bernardo-cisneros-lg.jpg
2006.09.18 14:30 B L:\TBH Website Temp\gateway\images\bernardo-cisneros-sm.jpg --> uts.cc.utexas.edu /export/httpd/vhosts/texasbeyondhistory/data/gateway/images bernardo-cisneros-sm.jpg
2006.09.18 14:30 B L:\TBH Website Temp\gateway\images\bernardo-cisneros.html --> uts.cc.utexas.edu /export/httpd/vhosts/texasbeyondhistory/data/gateway/images bernardo-cisneros.html
2006.09.18 14:30 B L:\TBH Website Temp\gateway\images\bernardo-lg.jpg --> uts.cc.utexas.edu /export/httpd/vhosts/texasbeyondhistory/data/gateway/images bernardo-lg.jpg
2006.09.18 14:30 B L:\TBH Website Temp\gateway\images\bernardo-sm.jpg --> uts.cc.utexas.edu /export/httpd/vhosts/texasbeyondhistory/data/gateway/images bernardo-sm.jpg
2006.09.18 14:30 B L:\TBH Website Temp\gateway\images\bernardoplan.html --> uts.cc.utexas.edu /export/httpd/vhosts/texasbeyondhistory/data/gateway/images bernardoplan.html
2006.09.18 14:30 B L:\TBH Website Temp\gateway\images\census-lg.jpg --> uts.cc.utexas.edu /export/httpd/vhosts/texasbeyondhistory/data/gateway/images census-lg.jpg
2006.09.18 14:30 B L:\TBH Website Temp\gateway\images\census-sm.jpg --> uts.cc.utexas.edu /export/httpd/vhosts/texasbeyondhistory/data/gateway/images census-sm.jpg
2006.09.18 14:30 B L:\TBH Website Temp\gateway\images\census.html --> uts.cc.utexas.edu /export/httpd/vhosts/texasbeyondhistory/data/gateway/images census.html
2006.09.18 14:30 B L:\TBH Website Temp\gateway\images\chart-lg.jpg --> uts.cc.utexas.edu /export/httpd/vhosts/texasbeyondhistory/data/gateway/images chart-lg.jpg
2006.09.18 14:30 B L:\TBH Website Temp\gateway\images\chart-sm.jpg --> uts.cc.utexas.edu /export/httpd/vhosts/texasbeyondhistory/data/gateway/images chart-sm.jpg
2006.09.18 14:30 B L:\TBH Website Temp\gateway\images\chart.html --> uts.cc.utexas.edu /export/httpd/vhosts/texasbeyondhistory/data/gateway/images chart.html
2006.09.18 14:30 B L:\TBH Website Temp\gateway\images\coahuiltecan-lg.jpg --> uts.cc.utexas.edu /export/httpd/vhosts/texasbeyondhistory/data/gateway/images coahuiltecan-lg.jpg
2006.09.18 14:30 B L:\TBH Website Temp\gateway\images\coahuiltecan-sm.jpg --> uts.cc.utexas.edu /export/httpd/vhosts/texasbeyondhistory/data/gateway/images coahuiltecan-sm.jpg
2006.09.18 14:30 B L:\TBH Website Temp\gateway\images\Coahuiltecan.html --> uts.cc.utexas.edu /export/httpd/vhosts/texasbeyondhistory/data/gateway/images Coahuiltecan.html
2006.09.18 14:30 B L:\TBH Website Temp\gateway\images\complex-lg.jpg --> uts.cc.utexas.edu /export/httpd/vhosts/texasbeyondhistory/data/gateway/images complex-lg.jpg
2006.09.18 14:30 B L:\TBH Website Temp\gateway\images\complex-sm.jpg --> uts.cc.utexas.edu /export/httpd/vhosts/texasbeyondhistory/data/gateway/images complex-sm.jpg
2006.09.18 14:30 B L:\TBH Website Temp\gateway\images\complex.html --> uts.cc.utexas.edu /export/httpd/vhosts/texasbeyondhistory/data/gateway/images complex.html
2006.09.18 14:30 B L:\TBH Website Temp\gateway\images\Corridor-BI-lg.jpg --> uts.cc.utexas.edu /export/httpd/vhosts/texasbeyondhistory/data/gateway/images Corridor-BI-lg.jpg
2006.09.18 14:30 B L:\TBH Website Temp\gateway\images\Corridor-BI-sm.jpg --> uts.cc.utexas.edu /export/httpd/vhosts/texasbeyondhistory/data/gateway/images Corridor-BI-sm.jpg
2006.09.18 14:30 B L:\TBH Website Temp\gateway\images\Corridor.html --> uts.cc.utexas.edu /export/httpd/vhosts/texasbeyondhistory/data/gateway/images Corridor.html
2006.09.18 14:30 B L:\TBH Website Temp\gateway\images\cross-lg.jpg --> uts.cc.utexas.edu /export/httpd/vhosts/texasbeyondhistory/data/gateway/images cross-lg.jpg
2006.09.18 14:30 B L:\TBH Website Temp\gateway\images\cross-sm.jpg --> uts.cc.utexas.edu /export/httpd/vhosts/texasbeyondhistory/data/gateway/images cross-sm.jpg
2006.09.18 14:30 B L:\TBH Website Temp\gateway\images\cross.html --> uts.cc.utexas.edu /export/httpd/vhosts/texasbeyondhistory/data/gateway/images cross.html
2006.09.18 14:30 B L:\TBH Website Temp\gateway\images\Exterior-BI-lg.jpg --> uts.cc.utexas.edu /export/httpd/vhosts/texasbeyondhistory/data/gateway/images Exterior-BI-lg.jpg
2006.09.18 14:30 B L:\TBH Website Temp\gateway\images\Exterior-BI-sm.jpg --> uts.cc.utexas.edu /export/httpd/vhosts/texasbeyondhistory/data/gateway/images Exterior-BI-sm.jpg
2006.09.18 14:30 B L:\TBH Website Temp\gateway\images\Exterior-BI.html --> uts.cc.utexas.edu /export/httpd/vhosts/texasbeyondhistory/data/gateway/images Exterior-BI.html
2006.09.18 14:30 B L:\TBH Website Temp\gateway\images\Francisco Alvarez Barreiro-plano corographico de los dos reynos el Nuevo  Estremadura o coaguila y el nuevo leon-1729-reduced.jpg --> uts.cc.utexas.edu /export/httpd/vhosts/texasbeyondhistory/data/gateway/images Francisco Alvarez Barreiro-plano corographico de los dos reynos el Nuevo  Estremadura o coaguila y el nuevo leon-1729-reduced.jpg
2006.09.18 14:30 B L:\TBH Website Temp\gateway\images\gate.jpg --> uts.cc.utexas.edu /export/httpd/vhosts/texasbeyondhistory/data/gateway/images gate.jpg
2006.09.18 14:30 B L:\TBH Website Temp\gateway\images\guerrero-lg.jpg --> uts.cc.utexas.edu /export/httpd/vhosts/texasbeyondhistory/data/gateway/images guerrero-lg.jpg
2006.09.18 14:30 B L:\TBH Website Temp\gateway\images\guerrero-sm.jpg --> uts.cc.utexas.edu /export/httpd/vhosts/texasbeyondhistory/data/gateway/images guerrero-sm.jpg
2006.09.18 14:30 B L:\TBH Website Temp\gateway\images\Guerrero.html --> uts.cc.utexas.edu /export/httpd/vhosts/texasbeyondhistory/data/gateway/images Guerrero.html
2006.09.18 14:30 B L:\TBH Website Temp\gateway\images\guerreropoints-th-lg.jpg --> uts.cc.utexas.edu /export/httpd/vhosts/texasbeyondhistory/data/gateway/images guerreropoints-th-lg.jpg
2006.09.18 14:30 B L:\TBH Website Temp\gateway\images\guerreropoints-th-sm.jpg --> uts.cc.utexas.edu /export/httpd/vhosts/texasbeyondhistory/data/gateway/images guerreropoints-th-sm.jpg
2006.09.18 14:30 B L:\TBH Website Temp\gateway\images\guerreropoints-th.html --> uts.cc.utexas.edu /export/httpd/vhosts/texasbeyondhistory/data/gateway/images guerreropoints-th.html
2006.09.18 14:30 B L:\TBH Website Temp\gateway\images\GuerreroPts-TRH-rev.jpg --> uts.cc.utexas.edu /export/httpd/vhosts/texasbeyondhistory/data/gateway/images GuerreroPts-TRH-rev.jpg
2006.09.18 14:30 B L:\TBH Website Temp\gateway\images\GuerreroPts-TRH-rev2.jpg --> uts.cc.utexas.edu /export/httpd/vhosts/texasbeyondhistory/data/gateway/images GuerreroPts-TRH-rev2.jpg
2006.09.18 14:30 B L:\TBH Website Temp\gateway\images\Guerreropts-trh.html --> uts.cc.utexas.edu /export/httpd/vhosts/texasbeyondhistory/data/gateway/images Guerreropts-trh.html
2006.09.18 14:30 B L:\TBH Website Temp\gateway\images\indhousing-lg.jpg --> uts.cc.utexas.edu /export/httpd/vhosts/texasbeyondhistory/data/gateway/images indhousing-lg.jpg
2006.09.18 14:30 B L:\TBH Website Temp\gateway\images\indhousing-sm.jpg --> uts.cc.utexas.edu /export/httpd/vhosts/texasbeyondhistory/data/gateway/images indhousing-sm.jpg
2006.09.18 14:30 B L:\TBH Website Temp\gateway\images\indhousing.html --> uts.cc.utexas.edu /export/httpd/vhosts/texasbeyondhistory/data/gateway/images indhousing.html
2006.09.18 14:30 B L:\TBH Website Temp\gateway\images\Lithics2-je-lg.jpg --> uts.cc.utexas.edu /export/httpd/vhosts/texasbeyondhistory/data/gateway/images Lithics2-je-lg.jpg
2006.09.18 14:30 B L:\TBH Website Temp\gateway\images\Lithics2-je-sm.jpg --> uts.cc.utexas.edu /export/httpd/vhosts/texasbeyondhistory/data/gateway/images Lithics2-je-sm.jpg
2006.09.18 14:30 B L:\TBH Website Temp\gateway\images\lithics2-je.html --> uts.cc.utexas.edu /export/httpd/vhosts/texasbeyondhistory/data/gateway/images lithics2-je.html
2006.09.18 14:30 B L:\TBH Website Temp\gateway\images\mano-lg.jpg --> uts.cc.utexas.edu /export/httpd/vhosts/texasbeyondhistory/data/gateway/images mano-lg.jpg
2006.09.18 14:30 B L:\TBH Website Temp\gateway\images\mano-sm.jpg --> uts.cc.utexas.edu /export/httpd/vhosts/texasbeyondhistory/data/gateway/images mano-sm.jpg
2006.09.18 14:30 B L:\TBH Website Temp\gateway\images\mano.html --> uts.cc.utexas.edu /export/httpd/vhosts/texasbeyondhistory/data/gateway/images mano.html
2006.09.18 14:30 B L:\TBH Website Temp\gateway\images\metalpoints-lg.jpg --> uts.cc.utexas.edu /export/httpd/vhosts/texasbeyondhistory/data/gateway/images metalpoints-lg.jpg
2006.09.18 14:30 B L:\TBH Website Temp\gateway\images\metalpoints-sm.jpg --> uts.cc.utexas.edu /export/httpd/vhosts/texasbeyondhistory/data/gateway/images metalpoints-sm.jpg
2006.09.18 14:30 B L:\TBH Website Temp\gateway\images\metalpoints.html --> uts.cc.utexas.edu /export/httpd/vhosts/texasbeyondhistory/data/gateway/images metalpoints.html
2006.09.18 14:30 B L:\TBH Website Temp\gateway\images\novena-lg.jpg --> uts.cc.utexas.edu /export/httpd/vhosts/texasbeyondhistory/data/gateway/images novena-lg.jpg
2006.09.18 14:30 B L:\TBH Website Temp\gateway\images\novena-sm.jpg --> uts.cc.utexas.edu /export/httpd/vhosts/texasbeyondhistory/data/gateway/images novena-sm.jpg
2006.09.18 14:30 B L:\TBH Website Temp\gateway\images\novena.html --> uts.cc.utexas.edu /export/httpd/vhosts/texasbeyondhistory/data/gateway/images novena.html
2006.09.18 14:30 B L:\TBH Website Temp\gateway\images\oliva-tinklers.html --> uts.cc.utexas.edu /export/httpd/vhosts/texasbeyondhistory/data/gateway/images oliva-tinklers.html
2006.09.18 14:30 B L:\TBH Website Temp\gateway\images\olivia-tinklers-lg.jpg --> uts.cc.utexas.edu /export/httpd/vhosts/texasbeyondhistory/data/gateway/images olivia-tinklers-lg.jpg
2006.09.18 14:30 B L:\TBH Website Temp\gateway\images\olivia-tinklers-sm.jpg --> uts.cc.utexas.edu /export/httpd/vhosts/texasbeyondhistory/data/gateway/images olivia-tinklers-sm.jpg
2006.09.18 14:30 B L:\TBH Website Temp\gateway\images\pdf-button.jpg --> uts.cc.utexas.edu /export/httpd/vhosts/texasbeyondhistory/data/gateway/images pdf-button.jpg
2006.09.18 14:30 B L:\TBH Website Temp\gateway\images\people-lg.jpg --> uts.cc.utexas.edu /export/httpd/vhosts/texasbeyondhistory/data/gateway/images people-lg.jpg
2006.09.18 14:30 B L:\TBH Website Temp\gateway\images\people-sm.jpg --> uts.cc.utexas.edu /export/httpd/vhosts/texasbeyondhistory/data/gateway/images people-sm.jpg
2006.09.18 14:30 B L:\TBH Website Temp\gateway\images\people.html --> uts.cc.utexas.edu /export/httpd/vhosts/texasbeyondhistory/data/gateway/images people.html
2006.09.18 14:30 B L:\TBH Website Temp\gateway\images\points-lg.jpg --> uts.cc.utexas.edu /export/httpd/vhosts/texasbeyondhistory/data/gateway/images points-lg.jpg
2006.09.18 14:30 B L:\TBH Website Temp\gateway\images\points-sm.jpg --> uts.cc.utexas.edu /export/httpd/vhosts/texasbeyondhistory/data/gateway/images points-sm.jpg
2006.09.18 14:30 B L:\TBH Website Temp\gateway\images\points.html --> uts.cc.utexas.edu /export/httpd/vhosts/texasbeyondhistory/data/gateway/images points.html
2006.09.18 14:30 B L:\TBH Website Temp\gateway\images\presidioriogrande-lg.jpg --> uts.cc.utexas.edu /export/httpd/vhosts/texasbeyondhistory/data/gateway/images presidioriogrande-lg.jpg
2006.09.18 14:30 B L:\TBH Website Temp\gateway\images\presidioriogrande-sm.jpg --> uts.cc.utexas.edu /export/httpd/vhosts/texasbeyondhistory/data/gateway/images presidioriogrande-sm.jpg
2006.09.18 14:30 B L:\TBH Website Temp\gateway\images\presidioriogrande.html --> uts.cc.utexas.edu /export/httpd/vhosts/texasbeyondhistory/data/gateway/images presidioriogrande.html
2006.09.18 14:30 B L:\TBH Website Temp\gateway\images\road-lg.jpg --> uts.cc.utexas.edu /export/httpd/vhosts/texasbeyondhistory/data/gateway/images road-lg.jpg
2006.09.18 14:30 B L:\TBH Website Temp\gateway\images\road-sm.jpg --> uts.cc.utexas.edu /export/httpd/vhosts/texasbeyondhistory/data/gateway/images road-sm.jpg
2006.09.18 14:30 B L:\TBH Website Temp\gateway\images\road.html --> uts.cc.utexas.edu /export/httpd/vhosts/texasbeyondhistory/data/gateway/images road.html
2006.09.18 14:30 B L:\TBH Website Temp\gateway\images\san bernardo census 1772.pdf --> uts.cc.utexas.edu /export/httpd/vhosts/texasbeyondhistory/data/gateway/images san bernardo census 1772.pdf
2006.09.18 14:30 B L:\TBH Website Temp\gateway\images\san juan bautista census 1772.pdf --> uts.cc.utexas.edu /export/httpd/vhosts/texasbeyondhistory/data/gateway/images san juan bautista census 1772.pdf
2006.09.18 14:30 B L:\TBH Website Temp\gateway\images\Thumbs.db --> uts.cc.utexas.edu /export/httpd/vhosts/texasbeyondhistory/data/gateway/images Thumbs.db
2006.09.18 14:30 B L:\TBH Website Temp\gateway\images\usewear-lg.jpg --> uts.cc.utexas.edu /export/httpd/vhosts/texasbeyondhistory/data/gateway/images usewear-lg.jpg
2006.09.18 14:30 B L:\TBH Website Temp\gateway\images\usewear-sm.jpg --> uts.cc.utexas.edu /export/httpd/vhosts/texasbeyondhistory/data/gateway/images usewear-sm.jpg
2006.09.18 14:30 B L:\TBH Website Temp\gateway\images\usewear.html --> uts.cc.utexas.edu /export/httpd/vhosts/texasbeyondhistory/data/gateway/images usewear.html
2006.09.18 14:30 B L:\TBH Website Temp\gateway\images\usewear2-sm.jpg --> uts.cc.utexas.edu /export/httpd/vhosts/texasbeyondhistory/data/gateway/images usewear2-sm.jpg
2006.09.18 14:30 B L:\TBH Website Temp\gateway\images\WS_FTP.LOG --> uts.cc.utexas.edu /export/httpd/vhosts/texasbeyondhistory/data/gateway/images WS_FTP.LOG
2006.09.18 14:37 B L:\TBH Website Temp\gateway\images\Francisco Alvarez Barreiro-plano corographico de los dos reynos el Nuevo  Estremadura o coaguila y el nuevo leon-1729-reduced.jpg --> uts.cc.utexas.edu /export/httpd/vhosts/texasbeyondhistory/data/gateway/images Francisco Alvarez Barreiro-plano corographico de los dos reynos el Nuevo  Estremadura o coaguila y el nuevo leon-1729-reduced.jpg
2006.09.18 14:37 B L:\TBH Website Temp\gateway\images\WS_FTP.LOG --> uts.cc.utexas.edu /export/httpd/vhosts/texasbeyondhistory/data/gateway/images WS_FTP.LOG
2006.09.20 15:41 B L:\TBH Website Temp\gateway\images\calledelosindios-trh-sm.jpg --> uts.cc.utexas.edu /export/httpd/vhosts/texasbeyondhistory/data/gateway/images calledelosindios-trh-sm.jpg
2006.09.20 15:41 B L:\TBH Website Temp\gateway\images\calledelosindios-trh.html --> uts.cc.utexas.edu /export/httpd/vhosts/texasbeyondhistory/data/gateway/images calledelosindios-trh.html
2006.09.20 15:41 B L:\TBH Website Temp\gateway\images\calledelosindios-trh.jpg --> uts.cc.utexas.edu /export/httpd/vhosts/texasbeyondhistory/data/gateway/images calledelosindios-trh.jpg
2006.09.20 15:41 B L:\TBH Website Temp\gateway\images\Francisco Alvarez Barreiro-plano corographico de los dos reynos el Nuevo  Estremadura o coaguila y el nuevo leon-1729-reduced.jpg --> uts.cc.utexas.edu /export/httpd/vhosts/texasbeyondhistory/data/gateway/images Francisco Alvarez Barreiro-plano corographico de los dos reynos el Nuevo  Estremadura o coaguila y el nuevo leon-1729-reduced.jpg
2006.09.20 15:41 B L:\TBH Website Temp\gateway\images\granaryfloor-trh-sm.jpg --> uts.cc.utexas.edu /export/httpd/vhosts/texasbeyondhistory/data/gateway/images granaryfloor-trh-sm.jpg
2006.09.20 15:41 B L:\TBH Website Temp\gateway\images\granaryfloor-trh.html --> uts.cc.utexas.edu /export/httpd/vhosts/texasbeyondhistory/data/gateway/images granaryfloor-trh.html
2006.09.20 15:41 B L:\TBH Website Temp\gateway\images\granaryfloor-trh.jpg --> uts.cc.utexas.edu /export/httpd/vhosts/texasbeyondhistory/data/gateway/images granaryfloor-trh.jpg
2006.09.20 15:41 B L:\TBH Website Temp\gateway\images\WS_FTP.LOG --> uts.cc.utexas.edu /export/httpd/vhosts/texasbeyondhistory/data/gateway/images WS_FTP.LOG
2006.09.27 17:43 B L:\TBH Website Temp\gateway\images\Thumbs.db --> uts.cc.utexas.edu /export/httpd/vhosts/texasbeyondhistory/data/gateway/images Thumbs.db
2006.09.27 17:43 B L:\TBH Website Temp\gateway\images\camera-button-sm.jpg --> uts.cc.utexas.edu /export/httpd/vhosts/texasbeyondhistory/data/gateway/images camera-button-sm.jpg
2006.09.27 17:43 B L:\TBH Website Temp\gateway\images\camera-button-ro-sm.jpg --> uts.cc.utexas.edu /export/httpd/vhosts/texasbeyondhistory/data/gateway/images camera-button-ro-sm.jpg
