2007.09.25 07:56 B K:\TBH Website Temp\hueco\hueco-kids\where\chihuahuan-map.html --> uts.cc.utexas.edu /export/httpd/vhosts/texasbeyondhistory/data/protect/hueco-kids/where chihuahuan-map.html
2007.09.25 07:56 B K:\TBH Website Temp\hueco\hueco-kids\where\east.html --> uts.cc.utexas.edu /export/httpd/vhosts/texasbeyondhistory/data/protect/hueco-kids/where east.html
2007.09.25 07:56 B K:\TBH Website Temp\hueco\hueco-kids\where\guadalupe.html --> uts.cc.utexas.edu /export/httpd/vhosts/texasbeyondhistory/data/protect/hueco-kids/where guadalupe.html
2007.09.25 07:56 B K:\TBH Website Temp\hueco\hueco-kids\where\index.html --> uts.cc.utexas.edu /export/httpd/vhosts/texasbeyondhistory/data/protect/hueco-kids/where index.html
2007.09.25 07:56 B K:\TBH Website Temp\hueco\hueco-kids\where\mesa1.html --> uts.cc.utexas.edu /export/httpd/vhosts/texasbeyondhistory/data/protect/hueco-kids/where mesa1.html
2007.09.25 07:56 B K:\TBH Website Temp\hueco\hueco-kids\where\north.html --> uts.cc.utexas.edu /export/httpd/vhosts/texasbeyondhistory/data/protect/hueco-kids/where north.html
2007.09.25 07:56 B K:\TBH Website Temp\hueco\hueco-kids\where\salt-basin.html --> uts.cc.utexas.edu /export/httpd/vhosts/texasbeyondhistory/data/protect/hueco-kids/where salt-basin.html
2007.09.25 07:56 B K:\TBH Website Temp\hueco\hueco-kids\where\sayhueco.html --> uts.cc.utexas.edu /export/httpd/vhosts/texasbeyondhistory/data/protect/hueco-kids/where sayhueco.html
2007.09.25 07:56 B K:\TBH Website Temp\hueco\hueco-kids\where\south.html --> uts.cc.utexas.edu /export/httpd/vhosts/texasbeyondhistory/data/protect/hueco-kids/where south.html
2007.09.25 07:56 B K:\TBH Website Temp\hueco\hueco-kids\where\topo-map.html --> uts.cc.utexas.edu /export/httpd/vhosts/texasbeyondhistory/data/protect/hueco-kids/where topo-map.html
2007.09.25 07:56 B K:\TBH Website Temp\hueco\hueco-kids\where\west.html --> uts.cc.utexas.edu /export/httpd/vhosts/texasbeyondhistory/data/protect/hueco-kids/where west.html
2007.09.25 07:56 B K:\TBH Website Temp\hueco\hueco-kids\where\where.fla --> uts.cc.utexas.edu /export/httpd/vhosts/texasbeyondhistory/data/protect/hueco-kids/where where.fla
2007.09.25 07:56 B K:\TBH Website Temp\hueco\hueco-kids\where\where.swf --> uts.cc.utexas.edu /export/httpd/vhosts/texasbeyondhistory/data/protect/hueco-kids/where where.swf
2007.12.11 15:20 B K:\TBH Website Temp\hueco\hueco-kids\where\chihuahuan-map.html --> uts.cc.utexas.edu /export/httpd/vhosts/texasbeyondhistory/data/protect/hueco/hueco-kids/where chihuahuan-map.html
2007.12.11 15:20 B K:\TBH Website Temp\hueco\hueco-kids\where\east.html --> uts.cc.utexas.edu /export/httpd/vhosts/texasbeyondhistory/data/protect/hueco/hueco-kids/where east.html
2007.12.11 15:20 B K:\TBH Website Temp\hueco\hueco-kids\where\guadalupe.html --> uts.cc.utexas.edu /export/httpd/vhosts/texasbeyondhistory/data/protect/hueco/hueco-kids/where guadalupe.html
2007.12.11 15:20 B K:\TBH Website Temp\hueco\hueco-kids\where\index.html --> uts.cc.utexas.edu /export/httpd/vhosts/texasbeyondhistory/data/protect/hueco/hueco-kids/where index.html
2007.12.11 15:20 B K:\TBH Website Temp\hueco\hueco-kids\where\mesa1.html --> uts.cc.utexas.edu /export/httpd/vhosts/texasbeyondhistory/data/protect/hueco/hueco-kids/where mesa1.html
2007.12.11 15:20 B K:\TBH Website Temp\hueco\hueco-kids\where\north.html --> uts.cc.utexas.edu /export/httpd/vhosts/texasbeyondhistory/data/protect/hueco/hueco-kids/where north.html
2007.12.11 15:20 B K:\TBH Website Temp\hueco\hueco-kids\where\salt-basin.html --> uts.cc.utexas.edu /export/httpd/vhosts/texasbeyondhistory/data/protect/hueco/hueco-kids/where salt-basin.html
2007.12.11 15:20 B K:\TBH Website Temp\hueco\hueco-kids\where\sayhueco.html --> uts.cc.utexas.edu /export/httpd/vhosts/texasbeyondhistory/data/protect/hueco/hueco-kids/where sayhueco.html
2007.12.11 15:20 B K:\TBH Website Temp\hueco\hueco-kids\where\south.html --> uts.cc.utexas.edu /export/httpd/vhosts/texasbeyondhistory/data/protect/hueco/hueco-kids/where south.html
2007.12.11 15:20 B K:\TBH Website Temp\hueco\hueco-kids\where\topo-map.html --> uts.cc.utexas.edu /export/httpd/vhosts/texasbeyondhistory/data/protect/hueco/hueco-kids/where topo-map.html
2007.12.11 15:20 B K:\TBH Website Temp\hueco\hueco-kids\where\west.html --> uts.cc.utexas.edu /export/httpd/vhosts/texasbeyondhistory/data/protect/hueco/hueco-kids/where west.html
2007.12.11 15:20 B K:\TBH Website Temp\hueco\hueco-kids\where\where.fla --> uts.cc.utexas.edu /export/httpd/vhosts/texasbeyondhistory/data/protect/hueco/hueco-kids/where where.fla
2007.12.11 15:20 B K:\TBH Website Temp\hueco\hueco-kids\where\where.swf --> uts.cc.utexas.edu /export/httpd/vhosts/texasbeyondhistory/data/protect/hueco/hueco-kids/where where.swf
2007.12.11 15:20 B K:\TBH Website Temp\hueco\hueco-kids\where\WS_FTP.LOG --> uts.cc.utexas.edu /export/httpd/vhosts/texasbeyondhistory/data/protect/hueco/hueco-kids/where WS_FTP.LOG
2007.12.21 18:08 B L:\TBH Website Temp\hueco\hueco-kids\where\chihuahuan-map.html --> uts.cc.utexas.edu /export/httpd/vhosts/texasbeyondhistory/data/protect/hueco/hueco-kids/where chihuahuan-map.html
2007.12.21 18:08 B L:\TBH Website Temp\hueco\hueco-kids\where\east.html --> uts.cc.utexas.edu /export/httpd/vhosts/texasbeyondhistory/data/protect/hueco/hueco-kids/where east.html
2007.12.21 18:08 B L:\TBH Website Temp\hueco\hueco-kids\where\guadalupe.html --> uts.cc.utexas.edu /export/httpd/vhosts/texasbeyondhistory/data/protect/hueco/hueco-kids/where guadalupe.html
2007.12.21 18:08 B L:\TBH Website Temp\hueco\hueco-kids\where\index.html --> uts.cc.utexas.edu /export/httpd/vhosts/texasbeyondhistory/data/protect/hueco/hueco-kids/where index.html
2007.12.21 18:08 B L:\TBH Website Temp\hueco\hueco-kids\where\mesa1.html --> uts.cc.utexas.edu /export/httpd/vhosts/texasbeyondhistory/data/protect/hueco/hueco-kids/where mesa1.html
2007.12.21 18:08 B L:\TBH Website Temp\hueco\hueco-kids\where\north.html --> uts.cc.utexas.edu /export/httpd/vhosts/texasbeyondhistory/data/protect/hueco/hueco-kids/where north.html
2007.12.21 18:08 B L:\TBH Website Temp\hueco\hueco-kids\where\salt-basin.html --> uts.cc.utexas.edu /export/httpd/vhosts/texasbeyondhistory/data/protect/hueco/hueco-kids/where salt-basin.html
2007.12.21 18:08 B L:\TBH Website Temp\hueco\hueco-kids\where\sayhueco.html --> uts.cc.utexas.edu /export/httpd/vhosts/texasbeyondhistory/data/protect/hueco/hueco-kids/where sayhueco.html
2007.12.21 18:08 B L:\TBH Website Temp\hueco\hueco-kids\where\south.html --> uts.cc.utexas.edu /export/httpd/vhosts/texasbeyondhistory/data/protect/hueco/hueco-kids/where south.html
2007.12.21 18:08 B L:\TBH Website Temp\hueco\hueco-kids\where\topo-map.html --> uts.cc.utexas.edu /export/httpd/vhosts/texasbeyondhistory/data/protect/hueco/hueco-kids/where topo-map.html
2007.12.21 18:08 B L:\TBH Website Temp\hueco\hueco-kids\where\west.html --> uts.cc.utexas.edu /export/httpd/vhosts/texasbeyondhistory/data/protect/hueco/hueco-kids/where west.html
2007.12.21 18:08 B L:\TBH Website Temp\hueco\hueco-kids\where\where.fla --> uts.cc.utexas.edu /export/httpd/vhosts/texasbeyondhistory/data/protect/hueco/hueco-kids/where where.fla
2007.12.21 18:08 B L:\TBH Website Temp\hueco\hueco-kids\where\where.swf --> uts.cc.utexas.edu /export/httpd/vhosts/texasbeyondhistory/data/protect/hueco/hueco-kids/where where.swf
2007.12.21 18:08 B L:\TBH Website Temp\hueco\hueco-kids\where\WS_FTP.LOG --> uts.cc.utexas.edu /export/httpd/vhosts/texasbeyondhistory/data/protect/hueco/hueco-kids/where WS_FTP.LOG
2008.01.02 14:56 B K:\TBH Website Temp\hueco\hueco-kids\where\swfobject.js --> uts.cc.utexas.edu /export/httpd/vhosts/texasbeyondhistory/data/protect/hueco/hueco-kids/where swfobject.js
2008.01.02 14:56 B K:\TBH Website Temp\hueco\hueco-kids\where\index.html --> uts.cc.utexas.edu /export/httpd/vhosts/texasbeyondhistory/data/protect/hueco/hueco-kids/where index.html
