2001.08.28 20:47 B D:\TBH Temp\gilbert\credits.html <-- Texas Beyond History /Website Stuff/TBH Website Temp/gilbert credits.html
2001.08.28 20:47 B D:\TBH Temp\gilbert\french.html <-- Texas Beyond History /Website Stuff/TBH Website Temp/gilbert french.html
2001.08.28 20:47 B D:\TBH Temp\gilbert\gallery.html <-- Texas Beyond History /Website Stuff/TBH Website Temp/gilbert gallery.html
2001.08.28 20:47 B D:\TBH Temp\gilbert\index.html <-- Texas Beyond History /Website Stuff/TBH Website Temp/gilbert index.html
2001.08.28 20:47 B D:\TBH Temp\gilbert\tas.html <-- Texas Beyond History /Website Stuff/TBH Website Temp/gilbert tas.html
2001.08.31 19:48 B D:\TBH Temp\gilbert\french.html <-- Texas Beyond History /Website Stuff/TBH Website Temp/gilbert french.html
2001.08.31 19:48 B D:\TBH Temp\gilbert\index.html <-- Texas Beyond History /Website Stuff/TBH Website Temp/gilbert index.html
2001.08.31 19:48 B D:\TBH Temp\gilbert\tas.html.LCK <-- Texas Beyond History /Website Stuff/TBH Website Temp/gilbert tas.html.LCK
2001.08.31 20:12 B D:\TBH Temp\gilbert\tas.html <-- Texas Beyond History /Website Stuff/TBH Website Temp/gilbert tas.html
2001.09.01 21:51 B D:\TBH Temp\gilbert\credits.html --> uts.cc.utexas.edu /usr/pub/www/research/tarl/abouttarl/tbh/gilbert credits.html
2001.09.01 21:51 B D:\TBH Temp\gilbert\french.html --> uts.cc.utexas.edu /usr/pub/www/research/tarl/abouttarl/tbh/gilbert french.html
2001.09.01 21:51 B D:\TBH Temp\gilbert\gallery.html --> uts.cc.utexas.edu /usr/pub/www/research/tarl/abouttarl/tbh/gilbert gallery.html
2001.09.01 21:51 B D:\TBH Temp\gilbert\index.html --> uts.cc.utexas.edu /usr/pub/www/research/tarl/abouttarl/tbh/gilbert index.html
2001.09.01 21:51 B D:\TBH Temp\gilbert\tas.html --> uts.cc.utexas.edu /usr/pub/www/research/tarl/abouttarl/tbh/gilbert tas.html
2001.09.01 21:51 B D:\TBH Temp\gilbert\tas.html.LCK --> uts.cc.utexas.edu /usr/pub/www/research/tarl/abouttarl/tbh/gilbert tas.html.LCK
2001.09.04 15:22 B M:\Website Stuff\gilbert\WS_FTP.LOG <-- TARLweb /usr/pub/www/research/tarl/abouttarl/tbh/gilbert WS_FTP.LOG
2001.09.04 16:26 B C:\WINDOWS\Desktop\TBH\TBH on TEXsite\gilbert\WS_FTP.LOG <-- TARL /Website Stuff/gilbert WS_FTP.LOG
2001.10.01 22:57 B C:\WINDOWS\Desktop\TBH\Recent\gilbert\credits.html --> uts.cc.utexas.edu /export/httpd/vhosts/texasbeyondhistory/data/gilbert credits.html
2001.10.01 22:57 B C:\WINDOWS\Desktop\TBH\Recent\gilbert\credits.html.LCK --> uts.cc.utexas.edu /export/httpd/vhosts/texasbeyondhistory/data/gilbert credits.html.LCK
2001.10.01 22:57 B C:\WINDOWS\Desktop\TBH\Recent\gilbert\french.html --> uts.cc.utexas.edu /export/httpd/vhosts/texasbeyondhistory/data/gilbert french.html
2001.10.01 22:57 B C:\WINDOWS\Desktop\TBH\Recent\gilbert\french.html.LCK --> uts.cc.utexas.edu /export/httpd/vhosts/texasbeyondhistory/data/gilbert french.html.LCK
2001.10.01 22:57 B C:\WINDOWS\Desktop\TBH\Recent\gilbert\gallery.html --> uts.cc.utexas.edu /export/httpd/vhosts/texasbeyondhistory/data/gilbert gallery.html
2001.10.01 22:57 B C:\WINDOWS\Desktop\TBH\Recent\gilbert\index.html --> uts.cc.utexas.edu /export/httpd/vhosts/texasbeyondhistory/data/gilbert index.html
2001.10.01 22:57 B C:\WINDOWS\Desktop\TBH\Recent\gilbert\tas.html --> uts.cc.utexas.edu /export/httpd/vhosts/texasbeyondhistory/data/gilbert tas.html
2001.10.01 22:57 B C:\WINDOWS\Desktop\TBH\Recent\gilbert\tas.html.LCK --> uts.cc.utexas.edu /export/httpd/vhosts/texasbeyondhistory/data/gilbert tas.html.LCK
2001.10.01 22:57 B C:\WINDOWS\Desktop\TBH\Recent\gilbert\tas.html.LCK.LCK --> uts.cc.utexas.edu /export/httpd/vhosts/texasbeyondhistory/data/gilbert tas.html.LCK.LCK
2001.10.11 14:53 B M:\Website Stuff\TBH Website Temp\gilbert\WS_FTP.LOG <-- texasbeyondhistory /export/httpd/vhosts/texasbeyondhistory/data/gilbert WS_FTP.LOG
2001.10.25 15:06 B M:\Website Stuff\TBH Website Temp\gilbert\index.html --> uts.cc.utexas.edu /export/httpd/vhosts/texasbeyondhistory/data/gilbert index.html
2001.10.25 15:06 B M:\Website Stuff\TBH Website Temp\gilbert\french.html --> uts.cc.utexas.edu /export/httpd/vhosts/texasbeyondhistory/data/gilbert french.html
2001.11.06 14:38 B G:\Website Stuff\TBH Website Temp\gilbert\french.html --> uts.cc.utexas.edu /export/httpd/vhosts/texasbeyondhistory/data/gilbert french.html
2002.02.22 11:07 B G:\Website Stuff\TBH Website Temp\gilbert\french.html --> uts.cc.utexas.edu /export/httpd/vhosts/texasbeyondhistory/data/gilbert french.html
2002.02.22 11:07 B G:\Website Stuff\TBH Website Temp\gilbert\tas.html --> uts.cc.utexas.edu /export/httpd/vhosts/texasbeyondhistory/data/gilbert tas.html
2002.07.10 14:22 B G:\Website Stuff\TBH Website Temp\gilbert\french.html --> uts.cc.utexas.edu /export/httpd/vhosts/texasbeyondhistory/data/gilbert french.html
2002.09.24 15:09 B G:\Website Stuff\TBH Website Temp\gilbert\index.html --> uts.cc.utexas.edu /export/httpd/vhosts/texasbeyondhistory/data/gilbert index.html
2002.09.24 15:09 B G:\Website Stuff\TBH Website Temp\gilbert\gallery.html --> uts.cc.utexas.edu /export/httpd/vhosts/texasbeyondhistory/data/gilbert gallery.html
2002.09.24 15:10 B G:\Website Stuff\TBH Website Temp\gilbert\tas.html --> uts.cc.utexas.edu /export/httpd/vhosts/texasbeyondhistory/data/gilbert tas.html
2005.04.04 13:05 B L:\TBH Website Temp\gilbert\credits.html --> uts.cc.utexas.edu /export/httpd/vhosts/texasbeyondhistory/data/gilbert credits.html
2005.04.04 13:05 B L:\TBH Website Temp\gilbert\french.html --> uts.cc.utexas.edu /export/httpd/vhosts/texasbeyondhistory/data/gilbert french.html
2005.04.04 13:05 B L:\TBH Website Temp\gilbert\gallery.html --> uts.cc.utexas.edu /export/httpd/vhosts/texasbeyondhistory/data/gilbert gallery.html
2005.04.04 13:05 B L:\TBH Website Temp\gilbert\index.html --> uts.cc.utexas.edu /export/httpd/vhosts/texasbeyondhistory/data/gilbert index.html
2005.04.04 13:05 B L:\TBH Website Temp\gilbert\tas.html --> uts.cc.utexas.edu /export/httpd/vhosts/texasbeyondhistory/data/gilbert tas.html
