2006.12.19 15:05 B V:\TBH Website Temp\mckinney\images\australia-sm.jpg --> uts.cc.utexas.edu /export/httpd/vhosts/texasbeyondhistory/data/protect/mckinney/images australia-sm.jpg
2006.12.19 15:05 B V:\TBH Website Temp\mckinney\images\australia.html --> uts.cc.utexas.edu /export/httpd/vhosts/texasbeyondhistory/data/protect/mckinney/images australia.html
2006.12.19 15:05 B V:\TBH Website Temp\mckinney\images\australia.jpg --> uts.cc.utexas.edu /export/httpd/vhosts/texasbeyondhistory/data/protect/mckinney/images australia.jpg
2006.12.19 15:05 B V:\TBH Website Temp\mckinney\images\binford-collage-ro-sm.jpg --> uts.cc.utexas.edu /export/httpd/vhosts/texasbeyondhistory/data/protect/mckinney/images binford-collage-ro-sm.jpg
2006.12.19 15:05 B V:\TBH Website Temp\mckinney\images\binford-collage-ro.jpg --> uts.cc.utexas.edu /export/httpd/vhosts/texasbeyondhistory/data/protect/mckinney/images binford-collage-ro.jpg
2006.12.19 15:05 B V:\TBH Website Temp\mckinney\images\binford-collage-sm.jpg --> uts.cc.utexas.edu /export/httpd/vhosts/texasbeyondhistory/data/protect/mckinney/images binford-collage-sm.jpg
2006.12.19 15:05 B V:\TBH Website Temp\mckinney\images\binford-collage.html --> uts.cc.utexas.edu /export/httpd/vhosts/texasbeyondhistory/data/protect/mckinney/images binford-collage.html
2006.12.19 15:05 B V:\TBH Website Temp\mckinney\images\binford-collage.jpg --> uts.cc.utexas.edu /export/httpd/vhosts/texasbeyondhistory/data/protect/mckinney/images binford-collage.jpg
2006.12.19 15:05 B V:\TBH Website Temp\mckinney\images\camera-button-ro-sm.jpg --> uts.cc.utexas.edu /export/httpd/vhosts/texasbeyondhistory/data/protect/mckinney/images camera-button-ro-sm.jpg
2006.12.19 15:05 B V:\TBH Website Temp\mckinney\images\camera-button-sm.jpg --> uts.cc.utexas.edu /export/httpd/vhosts/texasbeyondhistory/data/protect/mckinney/images camera-button-sm.jpg
2006.12.19 15:05 B V:\TBH Website Temp\mckinney\images\chart-sm.jpg --> uts.cc.utexas.edu /export/httpd/vhosts/texasbeyondhistory/data/protect/mckinney/images chart-sm.jpg
2006.12.19 15:05 B V:\TBH Website Temp\mckinney\images\chart.html --> uts.cc.utexas.edu /export/httpd/vhosts/texasbeyondhistory/data/protect/mckinney/images chart.html
2006.12.19 15:05 B V:\TBH Website Temp\mckinney\images\chart.jpg --> uts.cc.utexas.edu /export/httpd/vhosts/texasbeyondhistory/data/protect/mckinney/images chart.jpg
2006.12.19 15:05 B V:\TBH Website Temp\mckinney\images\co-bastrop-icra-sm.jpg --> uts.cc.utexas.edu /export/httpd/vhosts/texasbeyondhistory/data/protect/mckinney/images co-bastrop-icra-sm.jpg
2006.12.19 15:05 B V:\TBH Website Temp\mckinney\images\co-bastrop-icra.html --> uts.cc.utexas.edu /export/httpd/vhosts/texasbeyondhistory/data/protect/mckinney/images co-bastrop-icra.html
2006.12.19 15:05 B V:\TBH Website Temp\mckinney\images\co-bastrop-icra.jpg --> uts.cc.utexas.edu /export/httpd/vhosts/texasbeyondhistory/data/protect/mckinney/images co-bastrop-icra.jpg
2006.12.19 15:05 B V:\TBH Website Temp\mckinney\images\conclusion-icon.jpg --> uts.cc.utexas.edu /export/httpd/vhosts/texasbeyondhistory/data/protect/mckinney/images conclusion-icon.jpg
2006.12.19 15:05 B V:\TBH Website Temp\mckinney\images\cover-sm.jpg --> uts.cc.utexas.edu /export/httpd/vhosts/texasbeyondhistory/data/protect/mckinney/images cover-sm.jpg
2006.12.19 15:05 B V:\TBH Website Temp\mckinney\images\cover.jpg --> uts.cc.utexas.edu /export/httpd/vhosts/texasbeyondhistory/data/protect/mckinney/images cover.jpg
2006.12.19 15:05 B V:\TBH Website Temp\mckinney\images\Cross-section-arch-sm.jpg --> uts.cc.utexas.edu /export/httpd/vhosts/texasbeyondhistory/data/protect/mckinney/images Cross-section-arch-sm.jpg
2006.12.19 15:05 B V:\TBH Website Temp\mckinney\images\Cross-section-arch.jpg --> uts.cc.utexas.edu /export/httpd/vhosts/texasbeyondhistory/data/protect/mckinney/images Cross-section-arch.jpg
2006.12.19 15:05 B V:\TBH Website Temp\mckinney\images\cross-section-sm.jpg --> uts.cc.utexas.edu /export/httpd/vhosts/texasbeyondhistory/data/protect/mckinney/images cross-section-sm.jpg
2006.12.19 15:05 B V:\TBH Website Temp\mckinney\images\cross-section.html --> uts.cc.utexas.edu /export/httpd/vhosts/texasbeyondhistory/data/protect/mckinney/images cross-section.html
2006.12.19 15:05 B V:\TBH Website Temp\mckinney\images\cross-section.jpg --> uts.cc.utexas.edu /export/httpd/vhosts/texasbeyondhistory/data/protect/mckinney/images cross-section.jpg
2006.12.19 15:05 B V:\TBH Website Temp\mckinney\images\darl-exposed-sm.jpg --> uts.cc.utexas.edu /export/httpd/vhosts/texasbeyondhistory/data/protect/mckinney/images darl-exposed-sm.jpg
2006.12.19 15:05 B V:\TBH Website Temp\mckinney\images\darl-exposed.html --> uts.cc.utexas.edu /export/httpd/vhosts/texasbeyondhistory/data/protect/mckinney/images darl-exposed.html
2006.12.19 15:05 B V:\TBH Website Temp\mckinney\images\darl-exposed.jpg --> uts.cc.utexas.edu /export/httpd/vhosts/texasbeyondhistory/data/protect/mckinney/images darl-exposed.jpg
2006.12.19 15:05 B V:\TBH Website Temp\mckinney\images\darl-icon.jpg --> uts.cc.utexas.edu /export/httpd/vhosts/texasbeyondhistory/data/protect/mckinney/images darl-icon.jpg
2006.12.19 15:05 B V:\TBH Website Temp\mckinney\images\darl-layout.jpg --> uts.cc.utexas.edu /export/httpd/vhosts/texasbeyondhistory/data/protect/mckinney/images darl-layout.jpg
2006.12.19 15:05 B V:\TBH Website Temp\mckinney\images\darl-layout1.jpg --> uts.cc.utexas.edu /export/httpd/vhosts/texasbeyondhistory/data/protect/mckinney/images darl-layout1.jpg
2006.12.19 15:05 B V:\TBH Website Temp\mckinney\images\darl-layout2.jpg --> uts.cc.utexas.edu /export/httpd/vhosts/texasbeyondhistory/data/protect/mckinney/images darl-layout2.jpg
2006.12.19 15:05 B V:\TBH Website Temp\mckinney\images\darl-plate-sm.jpg --> uts.cc.utexas.edu /export/httpd/vhosts/texasbeyondhistory/data/protect/mckinney/images darl-plate-sm.jpg
2006.12.19 15:05 B V:\TBH Website Temp\mckinney\images\darl-plate.html --> uts.cc.utexas.edu /export/httpd/vhosts/texasbeyondhistory/data/protect/mckinney/images darl-plate.html
2006.12.19 15:05 B V:\TBH Website Temp\mckinney\images\darl-plate.jpg --> uts.cc.utexas.edu /export/httpd/vhosts/texasbeyondhistory/data/protect/mckinney/images darl-plate.jpg
2006.12.19 15:05 B V:\TBH Website Temp\mckinney\images\Darl-sm.jpg --> uts.cc.utexas.edu /export/httpd/vhosts/texasbeyondhistory/data/protect/mckinney/images Darl-sm.jpg
2006.12.19 15:05 B V:\TBH Website Temp\mckinney\images\Darl.html --> uts.cc.utexas.edu /export/httpd/vhosts/texasbeyondhistory/data/protect/mckinney/images Darl.html
2006.12.19 15:05 B V:\TBH Website Temp\mckinney\images\Darl.jpg --> uts.cc.utexas.edu /export/httpd/vhosts/texasbeyondhistory/data/protect/mckinney/images Darl.jpg
2006.12.19 15:05 B V:\TBH Website Temp\mckinney\images\ensor-darl-sm.jpg --> uts.cc.utexas.edu /export/httpd/vhosts/texasbeyondhistory/data/protect/mckinney/images ensor-darl-sm.jpg
2006.12.19 15:05 B V:\TBH Website Temp\mckinney\images\ensor-darl.html --> uts.cc.utexas.edu /export/httpd/vhosts/texasbeyondhistory/data/protect/mckinney/images ensor-darl.html
2006.12.19 15:05 B V:\TBH Website Temp\mckinney\images\ensor-darl.jpg --> uts.cc.utexas.edu /export/httpd/vhosts/texasbeyondhistory/data/protect/mckinney/images ensor-darl.jpg
2006.12.19 15:05 B V:\TBH Website Temp\mckinney\images\excavations-sm.jpg --> uts.cc.utexas.edu /export/httpd/vhosts/texasbeyondhistory/data/protect/mckinney/images excavations-sm.jpg
2006.12.19 15:05 B V:\TBH Website Temp\mckinney\images\excavations.html --> uts.cc.utexas.edu /export/httpd/vhosts/texasbeyondhistory/data/protect/mckinney/images excavations.html
2006.12.19 15:05 B V:\TBH Website Temp\mckinney\images\excavations.jpg --> uts.cc.utexas.edu /export/httpd/vhosts/texasbeyondhistory/data/protect/mckinney/images excavations.jpg
2006.12.19 15:05 B V:\TBH Website Temp\mckinney\images\feature-10-sm.jpg --> uts.cc.utexas.edu /export/httpd/vhosts/texasbeyondhistory/data/protect/mckinney/images feature-10-sm.jpg
2006.12.19 15:05 B V:\TBH Website Temp\mckinney\images\feature-10.html --> uts.cc.utexas.edu /export/httpd/vhosts/texasbeyondhistory/data/protect/mckinney/images feature-10.html
2006.12.19 15:05 B V:\TBH Website Temp\mckinney\images\feature-10.jpg --> uts.cc.utexas.edu /export/httpd/vhosts/texasbeyondhistory/data/protect/mckinney/images feature-10.jpg
2006.12.19 15:05 B V:\TBH Website Temp\mckinney\images\Feature12-sm.jpg --> uts.cc.utexas.edu /export/httpd/vhosts/texasbeyondhistory/data/protect/mckinney/images Feature12-sm.jpg
2006.12.19 15:05 B V:\TBH Website Temp\mckinney\images\Feature12.html --> uts.cc.utexas.edu /export/httpd/vhosts/texasbeyondhistory/data/protect/mckinney/images Feature12.html
2006.12.19 15:05 B V:\TBH Website Temp\mckinney\images\Feature12.jpg --> uts.cc.utexas.edu /export/httpd/vhosts/texasbeyondhistory/data/protect/mckinney/images Feature12.jpg
2006.12.19 15:05 B V:\TBH Website Temp\mckinney\images\feature3-sm.jpg --> uts.cc.utexas.edu /export/httpd/vhosts/texasbeyondhistory/data/protect/mckinney/images feature3-sm.jpg
2006.12.19 15:05 B V:\TBH Website Temp\mckinney\images\feature3.html --> uts.cc.utexas.edu /export/httpd/vhosts/texasbeyondhistory/data/protect/mckinney/images feature3.html
2006.12.19 15:05 B V:\TBH Website Temp\mckinney\images\feature3.jpg --> uts.cc.utexas.edu /export/httpd/vhosts/texasbeyondhistory/data/protect/mckinney/images feature3.jpg
2006.12.19 15:05 B V:\TBH Website Temp\mckinney\images\fig-6-03-sm.jpg --> uts.cc.utexas.edu /export/httpd/vhosts/texasbeyondhistory/data/protect/mckinney/images fig-6-03-sm.jpg
2006.12.19 15:05 B V:\TBH Website Temp\mckinney\images\fig-6-03.html --> uts.cc.utexas.edu /export/httpd/vhosts/texasbeyondhistory/data/protect/mckinney/images fig-6-03.html
2006.12.19 15:05 B V:\TBH Website Temp\mckinney\images\fig-6-03.jpg --> uts.cc.utexas.edu /export/httpd/vhosts/texasbeyondhistory/data/protect/mckinney/images fig-6-03.jpg
2006.12.19 15:05 B V:\TBH Website Temp\mckinney\images\fig-8-05-sm.jpg --> uts.cc.utexas.edu /export/httpd/vhosts/texasbeyondhistory/data/protect/mckinney/images fig-8-05-sm.jpg
2006.12.19 15:05 B V:\TBH Website Temp\mckinney\images\fig-8-05.jpg --> uts.cc.utexas.edu /export/httpd/vhosts/texasbeyondhistory/data/protect/mckinney/images fig-8-05.jpg
2006.12.19 15:05 B V:\TBH Website Temp\mckinney\images\fig8-28a-sm.jpg --> uts.cc.utexas.edu /export/httpd/vhosts/texasbeyondhistory/data/protect/mckinney/images fig8-28a-sm.jpg
2006.12.19 15:05 B V:\TBH Website Temp\mckinney\images\Figure-7-2-sm.jpg --> uts.cc.utexas.edu /export/httpd/vhosts/texasbeyondhistory/data/protect/mckinney/images Figure-7-2-sm.jpg
2006.12.19 15:05 B V:\TBH Website Temp\mckinney\images\Figure-7-2.html --> uts.cc.utexas.edu /export/httpd/vhosts/texasbeyondhistory/data/protect/mckinney/images Figure-7-2.html
2006.12.19 15:05 B V:\TBH Website Temp\mckinney\images\Figure-7-2.jpg --> uts.cc.utexas.edu /export/httpd/vhosts/texasbeyondhistory/data/protect/mckinney/images Figure-7-2.jpg
2006.12.19 15:06 B V:\TBH Website Temp\mckinney\images\Figure-7-7-sm.jpg --> uts.cc.utexas.edu /export/httpd/vhosts/texasbeyondhistory/data/protect/mckinney/images Figure-7-7-sm.jpg
2006.12.19 15:06 B V:\TBH Website Temp\mckinney\images\Figure-7-7.html --> uts.cc.utexas.edu /export/httpd/vhosts/texasbeyondhistory/data/protect/mckinney/images Figure-7-7.html
2006.12.19 15:06 B V:\TBH Website Temp\mckinney\images\Figure-7-7.jpg --> uts.cc.utexas.edu /export/httpd/vhosts/texasbeyondhistory/data/protect/mckinney/images Figure-7-7.jpg
2006.12.19 15:06 B V:\TBH Website Temp\mckinney\images\golfcourse-sm.jpg --> uts.cc.utexas.edu /export/httpd/vhosts/texasbeyondhistory/data/protect/mckinney/images golfcourse-sm.jpg
2006.12.19 15:06 B V:\TBH Website Temp\mckinney\images\golfcourse.html --> uts.cc.utexas.edu /export/httpd/vhosts/texasbeyondhistory/data/protect/mckinney/images golfcourse.html
2006.12.19 15:06 B V:\TBH Website Temp\mckinney\images\golfcourse.jpg --> uts.cc.utexas.edu /export/httpd/vhosts/texasbeyondhistory/data/protect/mckinney/images golfcourse.jpg
2006.12.19 15:06 B V:\TBH Website Temp\mckinney\images\grinding-sm.jpg --> uts.cc.utexas.edu /export/httpd/vhosts/texasbeyondhistory/data/protect/mckinney/images grinding-sm.jpg
2006.12.19 15:06 B V:\TBH Website Temp\mckinney\images\grinding.html --> uts.cc.utexas.edu /export/httpd/vhosts/texasbeyondhistory/data/protect/mckinney/images grinding.html
2006.12.19 15:06 B V:\TBH Website Temp\mckinney\images\grinding.jpg --> uts.cc.utexas.edu /export/httpd/vhosts/texasbeyondhistory/data/protect/mckinney/images grinding.jpg
2006.12.19 15:06 B V:\TBH Website Temp\mckinney\images\hearth-sm.jpg --> uts.cc.utexas.edu /export/httpd/vhosts/texasbeyondhistory/data/protect/mckinney/images hearth-sm.jpg
2006.12.19 15:06 B V:\TBH Website Temp\mckinney\images\hearth.html --> uts.cc.utexas.edu /export/httpd/vhosts/texasbeyondhistory/data/protect/mckinney/images hearth.html
2006.12.19 15:06 B V:\TBH Website Temp\mckinney\images\hearth.jpg --> uts.cc.utexas.edu /export/httpd/vhosts/texasbeyondhistory/data/protect/mckinney/images hearth.jpg
2006.12.19 15:06 B V:\TBH Website Temp\mckinney\images\image001.jpg --> uts.cc.utexas.edu /export/httpd/vhosts/texasbeyondhistory/data/protect/mckinney/images image001.jpg
2006.12.19 15:06 B V:\TBH Website Temp\mckinney\images\index-icon.jpg --> uts.cc.utexas.edu /export/httpd/vhosts/texasbeyondhistory/data/protect/mckinney/images index-icon.jpg
2006.12.19 15:06 B V:\TBH Website Temp\mckinney\images\knoll-sm.jpg --> uts.cc.utexas.edu /export/httpd/vhosts/texasbeyondhistory/data/protect/mckinney/images knoll-sm.jpg
2006.12.19 15:06 B V:\TBH Website Temp\mckinney\images\knoll.html --> uts.cc.utexas.edu /export/httpd/vhosts/texasbeyondhistory/data/protect/mckinney/images knoll.html
2006.12.19 15:06 B V:\TBH Website Temp\mckinney\images\knoll.jpg --> uts.cc.utexas.edu /export/httpd/vhosts/texasbeyondhistory/data/protect/mckinney/images knoll.jpg
2006.12.19 15:06 B V:\TBH Website Temp\mckinney\images\lee-map-sm.jpg --> uts.cc.utexas.edu /export/httpd/vhosts/texasbeyondhistory/data/protect/mckinney/images lee-map-sm.jpg
2006.12.19 15:06 B V:\TBH Website Temp\mckinney\images\lee-map.html --> uts.cc.utexas.edu /export/httpd/vhosts/texasbeyondhistory/data/protect/mckinney/images lee-map.html
2006.12.19 15:06 B V:\TBH Website Temp\mckinney\images\lee-map.jpg --> uts.cc.utexas.edu /export/httpd/vhosts/texasbeyondhistory/data/protect/mckinney/images lee-map.jpg
2006.12.19 15:06 B V:\TBH Website Temp\mckinney\images\map-sm.jpg --> uts.cc.utexas.edu /export/httpd/vhosts/texasbeyondhistory/data/protect/mckinney/images map-sm.jpg
2006.12.19 15:06 B V:\TBH Website Temp\mckinney\images\map.html --> uts.cc.utexas.edu /export/httpd/vhosts/texasbeyondhistory/data/protect/mckinney/images map.html
2006.12.19 15:06 B V:\TBH Website Temp\mckinney\images\map.jpg --> uts.cc.utexas.edu /export/httpd/vhosts/texasbeyondhistory/data/protect/mckinney/images map.jpg
2006.12.19 15:06 B V:\TBH Website Temp\mckinney\images\mussel-sm.jpg --> uts.cc.utexas.edu /export/httpd/vhosts/texasbeyondhistory/data/protect/mckinney/images mussel-sm.jpg
2006.12.19 15:06 B V:\TBH Website Temp\mckinney\images\phsio-regions-sm.jpg --> uts.cc.utexas.edu /export/httpd/vhosts/texasbeyondhistory/data/protect/mckinney/images phsio-regions-sm.jpg
2006.12.19 15:06 B V:\TBH Website Temp\mckinney\images\phsio-regions.html --> uts.cc.utexas.edu /export/httpd/vhosts/texasbeyondhistory/data/protect/mckinney/images phsio-regions.html
2006.12.19 15:06 B V:\TBH Website Temp\mckinney\images\phsio-regions.jpg --> uts.cc.utexas.edu /export/httpd/vhosts/texasbeyondhistory/data/protect/mckinney/images phsio-regions.jpg
2006.12.19 15:06 B V:\TBH Website Temp\mckinney\images\pines-sm.jpg --> uts.cc.utexas.edu /export/httpd/vhosts/texasbeyondhistory/data/protect/mckinney/images pines-sm.jpg
2006.12.19 15:06 B V:\TBH Website Temp\mckinney\images\pines.html --> uts.cc.utexas.edu /export/httpd/vhosts/texasbeyondhistory/data/protect/mckinney/images pines.html
2006.12.19 15:06 B V:\TBH Website Temp\mckinney\images\pines.jpg --> uts.cc.utexas.edu /export/httpd/vhosts/texasbeyondhistory/data/protect/mckinney/images pines.jpg
2006.12.19 15:06 B V:\TBH Website Temp\mckinney\images\river-bm-lcra-sm.jpg --> uts.cc.utexas.edu /export/httpd/vhosts/texasbeyondhistory/data/protect/mckinney/images river-bm-lcra-sm.jpg
2006.12.19 15:06 B V:\TBH Website Temp\mckinney\images\river-bm-lcra.html --> uts.cc.utexas.edu /export/httpd/vhosts/texasbeyondhistory/data/protect/mckinney/images river-bm-lcra.html
2006.12.19 15:06 B V:\TBH Website Temp\mckinney\images\river-bm-lcra.jpg --> uts.cc.utexas.edu /export/httpd/vhosts/texasbeyondhistory/data/protect/mckinney/images river-bm-lcra.jpg
2006.12.19 15:06 B V:\TBH Website Temp\mckinney\images\samples-sm.jpg --> uts.cc.utexas.edu /export/httpd/vhosts/texasbeyondhistory/data/protect/mckinney/images samples-sm.jpg
2006.12.19 15:06 B V:\TBH Website Temp\mckinney\images\samples.html --> uts.cc.utexas.edu /export/httpd/vhosts/texasbeyondhistory/data/protect/mckinney/images samples.html
2006.12.19 15:06 B V:\TBH Website Temp\mckinney\images\samples.jpg --> uts.cc.utexas.edu /export/httpd/vhosts/texasbeyondhistory/data/protect/mckinney/images samples.jpg
2006.12.19 15:06 B V:\TBH Website Temp\mckinney\images\scene-sm.jpg --> uts.cc.utexas.edu /export/httpd/vhosts/texasbeyondhistory/data/protect/mckinney/images scene-sm.jpg
2006.12.19 15:06 B V:\TBH Website Temp\mckinney\images\scene.html --> uts.cc.utexas.edu /export/httpd/vhosts/texasbeyondhistory/data/protect/mckinney/images scene.html
2006.12.19 15:06 B V:\TBH Website Temp\mckinney\images\scene.jpg --> uts.cc.utexas.edu /export/httpd/vhosts/texasbeyondhistory/data/protect/mckinney/images scene.jpg
2006.12.19 15:06 B V:\TBH Website Temp\mckinney\images\setting-icon.jpg --> uts.cc.utexas.edu /export/httpd/vhosts/texasbeyondhistory/data/protect/mckinney/images setting-icon.jpg
2006.12.19 15:06 B V:\TBH Website Temp\mckinney\images\setting-sm.jpg --> uts.cc.utexas.edu /export/httpd/vhosts/texasbeyondhistory/data/protect/mckinney/images setting-sm.jpg
2006.12.19 15:06 B V:\TBH Website Temp\mckinney\images\setting.html --> uts.cc.utexas.edu /export/httpd/vhosts/texasbeyondhistory/data/protect/mckinney/images setting.html
2006.12.19 15:06 B V:\TBH Website Temp\mckinney\images\setting.jpg --> uts.cc.utexas.edu /export/httpd/vhosts/texasbeyondhistory/data/protect/mckinney/images setting.jpg
2006.12.19 15:06 B V:\TBH Website Temp\mckinney\images\steve-carpenter.jpg --> uts.cc.utexas.edu /export/httpd/vhosts/texasbeyondhistory/data/protect/mckinney/images steve-carpenter.jpg
2006.12.19 15:06 B V:\TBH Website Temp\mckinney\images\Thumbs.db --> uts.cc.utexas.edu /export/httpd/vhosts/texasbeyondhistory/data/protect/mckinney/images Thumbs.db
2006.12.19 15:06 B V:\TBH Website Temp\mckinney\images\toolkit-sm.jpg --> uts.cc.utexas.edu /export/httpd/vhosts/texasbeyondhistory/data/protect/mckinney/images toolkit-sm.jpg
2006.12.19 15:06 B V:\TBH Website Temp\mckinney\images\toolkit.html --> uts.cc.utexas.edu /export/httpd/vhosts/texasbeyondhistory/data/protect/mckinney/images toolkit.html
2006.12.19 15:06 B V:\TBH Website Temp\mckinney\images\toolkit.jpg --> uts.cc.utexas.edu /export/httpd/vhosts/texasbeyondhistory/data/protect/mckinney/images toolkit.jpg
2006.12.19 15:06 B V:\TBH Website Temp\mckinney\images\type-chart-sm.jpg --> uts.cc.utexas.edu /export/httpd/vhosts/texasbeyondhistory/data/protect/mckinney/images type-chart-sm.jpg
2006.12.19 15:06 B V:\TBH Website Temp\mckinney\images\type-chart.html --> uts.cc.utexas.edu /export/httpd/vhosts/texasbeyondhistory/data/protect/mckinney/images type-chart.html
2006.12.19 15:06 B V:\TBH Website Temp\mckinney\images\type-chart.jpg --> uts.cc.utexas.edu /export/httpd/vhosts/texasbeyondhistory/data/protect/mckinney/images type-chart.jpg
2006.12.19 15:06 B V:\TBH Website Temp\mckinney\images\underway-sm.jpg --> uts.cc.utexas.edu /export/httpd/vhosts/texasbeyondhistory/data/protect/mckinney/images underway-sm.jpg
2006.12.19 15:06 B V:\TBH Website Temp\mckinney\images\underway.html --> uts.cc.utexas.edu /export/httpd/vhosts/texasbeyondhistory/data/protect/mckinney/images underway.html
2006.12.19 15:06 B V:\TBH Website Temp\mckinney\images\underway.jpg --> uts.cc.utexas.edu /export/httpd/vhosts/texasbeyondhistory/data/protect/mckinney/images underway.jpg
2006.12.19 15:06 B V:\TBH Website Temp\mckinney\images\utilized-sm.jpg --> uts.cc.utexas.edu /export/httpd/vhosts/texasbeyondhistory/data/protect/mckinney/images utilized-sm.jpg
2006.12.19 15:06 B V:\TBH Website Temp\mckinney\images\utilized.html --> uts.cc.utexas.edu /export/httpd/vhosts/texasbeyondhistory/data/protect/mckinney/images utilized.html
2006.12.19 15:06 B V:\TBH Website Temp\mckinney\images\utilized.jpg --> uts.cc.utexas.edu /export/httpd/vhosts/texasbeyondhistory/data/protect/mckinney/images utilized.jpg
2006.12.19 15:06 B V:\TBH Website Temp\mckinney\images\Window-sm.jpg --> uts.cc.utexas.edu /export/httpd/vhosts/texasbeyondhistory/data/protect/mckinney/images Window-sm.jpg
2006.12.19 15:06 B V:\TBH Website Temp\mckinney\images\Window.html --> uts.cc.utexas.edu /export/httpd/vhosts/texasbeyondhistory/data/protect/mckinney/images Window.html
2006.12.19 15:06 B V:\TBH Website Temp\mckinney\images\Window.jpg --> uts.cc.utexas.edu /export/httpd/vhosts/texasbeyondhistory/data/protect/mckinney/images Window.jpg
2006.12.19 15:06 B V:\TBH Website Temp\mckinney\images\zone-1.html --> uts.cc.utexas.edu /export/httpd/vhosts/texasbeyondhistory/data/protect/mckinney/images zone-1.html
2006.12.19 15:06 B V:\TBH Website Temp\mckinney\images\zone-1a.jpg --> uts.cc.utexas.edu /export/httpd/vhosts/texasbeyondhistory/data/protect/mckinney/images zone-1a.jpg
2006.12.19 15:06 B V:\TBH Website Temp\mckinney\images\zone-2.html --> uts.cc.utexas.edu /export/httpd/vhosts/texasbeyondhistory/data/protect/mckinney/images zone-2.html
2006.12.19 15:06 B V:\TBH Website Temp\mckinney\images\zone-2.jpg --> uts.cc.utexas.edu /export/httpd/vhosts/texasbeyondhistory/data/protect/mckinney/images zone-2.jpg
2006.12.19 15:06 B V:\TBH Website Temp\mckinney\images\zone-3.html --> uts.cc.utexas.edu /export/httpd/vhosts/texasbeyondhistory/data/protect/mckinney/images zone-3.html
2006.12.19 15:06 B V:\TBH Website Temp\mckinney\images\zone-3.jpg --> uts.cc.utexas.edu /export/httpd/vhosts/texasbeyondhistory/data/protect/mckinney/images zone-3.jpg
2006.12.19 15:06 B V:\TBH Website Temp\mckinney\images\zone-4.html --> uts.cc.utexas.edu /export/httpd/vhosts/texasbeyondhistory/data/protect/mckinney/images zone-4.html
2006.12.19 15:06 B V:\TBH Website Temp\mckinney\images\zone-4.jpg --> uts.cc.utexas.edu /export/httpd/vhosts/texasbeyondhistory/data/protect/mckinney/images zone-4.jpg
2006.12.19 15:06 B V:\TBH Website Temp\mckinney\images\zone-5.html --> uts.cc.utexas.edu /export/httpd/vhosts/texasbeyondhistory/data/protect/mckinney/images zone-5.html
2006.12.19 15:06 B V:\TBH Website Temp\mckinney\images\zone-5.jpg --> uts.cc.utexas.edu /export/httpd/vhosts/texasbeyondhistory/data/protect/mckinney/images zone-5.jpg
2007.01.08 18:14 B V:\TBH Website Temp\mckinney\images\cross-section-sm.jpg --> uts.cc.utexas.edu /export/httpd/vhosts/texasbeyondhistory/data/protect/mckinney/images cross-section-sm.jpg
2007.01.08 18:14 B V:\TBH Website Temp\mckinney\images\cross-section.jpg --> uts.cc.utexas.edu /export/httpd/vhosts/texasbeyondhistory/data/protect/mckinney/images cross-section.jpg
2007.01.08 18:14 B V:\TBH Website Temp\mckinney\images\setting-icon.jpg --> uts.cc.utexas.edu /export/httpd/vhosts/texasbeyondhistory/data/protect/mckinney/images setting-icon.jpg
2007.01.08 18:15 B V:\TBH Website Temp\mckinney\images\cross-section.html --> uts.cc.utexas.edu /export/httpd/vhosts/texasbeyondhistory/data/protect/mckinney/images cross-section.html
2007.01.08 18:15 B V:\TBH Website Temp\mckinney\images\darl-exposed.html --> uts.cc.utexas.edu /export/httpd/vhosts/texasbeyondhistory/data/protect/mckinney/images darl-exposed.html
2007.01.08 18:15 B V:\TBH Website Temp\mckinney\images\phsio-regions.html --> uts.cc.utexas.edu /export/httpd/vhosts/texasbeyondhistory/data/protect/mckinney/images phsio-regions.html
2007.01.10 16:06 B V:\TBH Website Temp\mckinney\images\darl-layout1.jpg --> uts.cc.utexas.edu /export/httpd/vhosts/texasbeyondhistory/data/protect/mckinney/images darl-layout1.jpg
2007.01.10 16:06 B V:\TBH Website Temp\mckinney\images\zone-5.jpg --> uts.cc.utexas.edu /export/httpd/vhosts/texasbeyondhistory/data/protect/mckinney/images zone-5.jpg
2007.01.10 16:06 B V:\TBH Website Temp\mckinney\images\australia.html --> uts.cc.utexas.edu /export/httpd/vhosts/texasbeyondhistory/data/protect/mckinney/images australia.html
2007.01.10 16:06 B V:\TBH Website Temp\mckinney\images\ensor-darl.html --> uts.cc.utexas.edu /export/httpd/vhosts/texasbeyondhistory/data/protect/mckinney/images ensor-darl.html
2007.01.10 16:06 B V:\TBH Website Temp\mckinney\images\zone-5.html --> uts.cc.utexas.edu /export/httpd/vhosts/texasbeyondhistory/data/protect/mckinney/images zone-5.html
2007.01.10 16:06 B V:\TBH Website Temp\mckinney\images\zone-4.html --> uts.cc.utexas.edu /export/httpd/vhosts/texasbeyondhistory/data/protect/mckinney/images zone-4.html
2007.01.10 16:06 B V:\TBH Website Temp\mckinney\images\zone-3.html --> uts.cc.utexas.edu /export/httpd/vhosts/texasbeyondhistory/data/protect/mckinney/images zone-3.html
2007.01.10 16:06 B V:\TBH Website Temp\mckinney\images\zone-2.html --> uts.cc.utexas.edu /export/httpd/vhosts/texasbeyondhistory/data/protect/mckinney/images zone-2.html
2007.01.10 16:06 B V:\TBH Website Temp\mckinney\images\zone-1.html --> uts.cc.utexas.edu /export/httpd/vhosts/texasbeyondhistory/data/protect/mckinney/images zone-1.html
2007.01.10 16:06 B V:\TBH Website Temp\mckinney\images\utilized.html --> uts.cc.utexas.edu /export/httpd/vhosts/texasbeyondhistory/data/protect/mckinney/images utilized.html
2007.01.10 16:06 B V:\TBH Website Temp\mckinney\images\binford-collage.html --> uts.cc.utexas.edu /export/httpd/vhosts/texasbeyondhistory/data/protect/mckinney/images binford-collage.html
2007.01.10 16:06 B V:\TBH Website Temp\mckinney\images\fig-6-03.jpg --> uts.cc.utexas.edu /export/httpd/vhosts/texasbeyondhistory/data/protect/mckinney/images fig-6-03.jpg
2007.01.10 16:06 B V:\TBH Website Temp\mckinney\images\fig-8-05.jpg --> uts.cc.utexas.edu /export/httpd/vhosts/texasbeyondhistory/data/protect/mckinney/images fig-8-05.jpg
2007.01.10 16:06 B V:\TBH Website Temp\mckinney\images\setting.jpg --> uts.cc.utexas.edu /export/httpd/vhosts/texasbeyondhistory/data/protect/mckinney/images setting.jpg
2007.01.10 16:07 B V:\TBH Website Temp\mckinney\images\setting-sm.jpg --> uts.cc.utexas.edu /export/httpd/vhosts/texasbeyondhistory/data/protect/mckinney/images setting-sm.jpg
2007.01.11 11:33 B V:\TBH Website Temp\mckinney\images\australia.html --> uts.cc.utexas.edu /export/httpd/vhosts/texasbeyondhistory/data/protect/mckinney/images australia.html
2007.01.11 11:33 B V:\TBH Website Temp\mckinney\images\australia-sm.jpg --> uts.cc.utexas.edu /export/httpd/vhosts/texasbeyondhistory/data/protect/mckinney/images australia-sm.jpg
2007.01.11 11:33 B V:\TBH Website Temp\mckinney\images\australia.jpg --> uts.cc.utexas.edu /export/httpd/vhosts/texasbeyondhistory/data/protect/mckinney/images australia.jpg
2007.01.12 15:42 B V:\TBH Website Temp\mckinney\images\steve-carpenter.jpg --> uts.cc.utexas.edu /export/httpd/vhosts/texasbeyondhistory/data/protect/mckinney/images steve-carpenter.jpg
2007.01.12 15:42 B V:\TBH Website Temp\mckinney\images\kevin-miller.jpg --> uts.cc.utexas.edu /export/httpd/vhosts/texasbeyondhistory/data/protect/mckinney/images kevin-miller.jpg
2007.01.12 15:42 B V:\TBH Website Temp\mckinney\images\kevin-miller-sm.jpg --> uts.cc.utexas.edu /export/httpd/vhosts/texasbeyondhistory/data/protect/mckinney/images kevin-miller-sm.jpg
2007.01.19 16:09 B V:\TBH Website Temp\mckinney\images\australia-sm.jpg --> uts.cc.utexas.edu /export/httpd/vhosts/texasbeyondhistory/data/mckinney/images australia-sm.jpg
2007.01.19 16:09 B V:\TBH Website Temp\mckinney\images\australia.html --> uts.cc.utexas.edu /export/httpd/vhosts/texasbeyondhistory/data/mckinney/images australia.html
2007.01.19 16:09 B V:\TBH Website Temp\mckinney\images\australia.jpg --> uts.cc.utexas.edu /export/httpd/vhosts/texasbeyondhistory/data/mckinney/images australia.jpg
2007.01.19 16:09 B V:\TBH Website Temp\mckinney\images\binford-collage-ro-sm.jpg --> uts.cc.utexas.edu /export/httpd/vhosts/texasbeyondhistory/data/mckinney/images binford-collage-ro-sm.jpg
2007.01.19 16:09 B V:\TBH Website Temp\mckinney\images\binford-collage-ro.jpg --> uts.cc.utexas.edu /export/httpd/vhosts/texasbeyondhistory/data/mckinney/images binford-collage-ro.jpg
2007.01.19 16:09 B V:\TBH Website Temp\mckinney\images\binford-collage-sm.jpg --> uts.cc.utexas.edu /export/httpd/vhosts/texasbeyondhistory/data/mckinney/images binford-collage-sm.jpg
2007.01.19 16:09 B V:\TBH Website Temp\mckinney\images\binford-collage.html --> uts.cc.utexas.edu /export/httpd/vhosts/texasbeyondhistory/data/mckinney/images binford-collage.html
2007.01.19 16:09 B V:\TBH Website Temp\mckinney\images\binford-collage.jpg --> uts.cc.utexas.edu /export/httpd/vhosts/texasbeyondhistory/data/mckinney/images binford-collage.jpg
2007.01.19 16:09 B V:\TBH Website Temp\mckinney\images\camera-button-ro-sm.jpg --> uts.cc.utexas.edu /export/httpd/vhosts/texasbeyondhistory/data/mckinney/images camera-button-ro-sm.jpg
2007.01.19 16:09 B V:\TBH Website Temp\mckinney\images\camera-button-sm.jpg --> uts.cc.utexas.edu /export/httpd/vhosts/texasbeyondhistory/data/mckinney/images camera-button-sm.jpg
2007.01.19 16:09 B V:\TBH Website Temp\mckinney\images\chart-sm.jpg --> uts.cc.utexas.edu /export/httpd/vhosts/texasbeyondhistory/data/mckinney/images chart-sm.jpg
2007.01.19 16:09 B V:\TBH Website Temp\mckinney\images\chart.html --> uts.cc.utexas.edu /export/httpd/vhosts/texasbeyondhistory/data/mckinney/images chart.html
2007.01.19 16:09 B V:\TBH Website Temp\mckinney\images\chart.jpg --> uts.cc.utexas.edu /export/httpd/vhosts/texasbeyondhistory/data/mckinney/images chart.jpg
2007.01.19 16:09 B V:\TBH Website Temp\mckinney\images\co-bastrop-icra-sm.jpg --> uts.cc.utexas.edu /export/httpd/vhosts/texasbeyondhistory/data/mckinney/images co-bastrop-icra-sm.jpg
2007.01.19 16:09 B V:\TBH Website Temp\mckinney\images\co-bastrop-icra.html --> uts.cc.utexas.edu /export/httpd/vhosts/texasbeyondhistory/data/mckinney/images co-bastrop-icra.html
2007.01.19 16:09 B V:\TBH Website Temp\mckinney\images\co-bastrop-icra.jpg --> uts.cc.utexas.edu /export/httpd/vhosts/texasbeyondhistory/data/mckinney/images co-bastrop-icra.jpg
2007.01.19 16:09 B V:\TBH Website Temp\mckinney\images\conclusion-icon.jpg --> uts.cc.utexas.edu /export/httpd/vhosts/texasbeyondhistory/data/mckinney/images conclusion-icon.jpg
2007.01.19 16:09 B V:\TBH Website Temp\mckinney\images\cover-sm.jpg --> uts.cc.utexas.edu /export/httpd/vhosts/texasbeyondhistory/data/mckinney/images cover-sm.jpg
2007.01.19 16:09 B V:\TBH Website Temp\mckinney\images\cover.jpg --> uts.cc.utexas.edu /export/httpd/vhosts/texasbeyondhistory/data/mckinney/images cover.jpg
2007.01.19 16:09 B V:\TBH Website Temp\mckinney\images\Cross-section-arch-sm.jpg --> uts.cc.utexas.edu /export/httpd/vhosts/texasbeyondhistory/data/mckinney/images Cross-section-arch-sm.jpg
2007.01.19 16:09 B V:\TBH Website Temp\mckinney\images\Cross-section-arch.jpg --> uts.cc.utexas.edu /export/httpd/vhosts/texasbeyondhistory/data/mckinney/images Cross-section-arch.jpg
2007.01.19 16:09 B V:\TBH Website Temp\mckinney\images\cross-section-sm.jpg --> uts.cc.utexas.edu /export/httpd/vhosts/texasbeyondhistory/data/mckinney/images cross-section-sm.jpg
2007.01.19 16:09 B V:\TBH Website Temp\mckinney\images\cross-section.html --> uts.cc.utexas.edu /export/httpd/vhosts/texasbeyondhistory/data/mckinney/images cross-section.html
2007.01.19 16:09 B V:\TBH Website Temp\mckinney\images\cross-section.jpg --> uts.cc.utexas.edu /export/httpd/vhosts/texasbeyondhistory/data/mckinney/images cross-section.jpg
2007.01.19 16:09 B V:\TBH Website Temp\mckinney\images\darl-exposed-sm.jpg --> uts.cc.utexas.edu /export/httpd/vhosts/texasbeyondhistory/data/mckinney/images darl-exposed-sm.jpg
2007.01.19 16:09 B V:\TBH Website Temp\mckinney\images\darl-exposed.html --> uts.cc.utexas.edu /export/httpd/vhosts/texasbeyondhistory/data/mckinney/images darl-exposed.html
2007.01.19 16:09 B V:\TBH Website Temp\mckinney\images\darl-exposed.jpg --> uts.cc.utexas.edu /export/httpd/vhosts/texasbeyondhistory/data/mckinney/images darl-exposed.jpg
2007.01.19 16:09 B V:\TBH Website Temp\mckinney\images\darl-icon.jpg --> uts.cc.utexas.edu /export/httpd/vhosts/texasbeyondhistory/data/mckinney/images darl-icon.jpg
2007.01.19 16:09 B V:\TBH Website Temp\mckinney\images\darl-layout.jpg --> uts.cc.utexas.edu /export/httpd/vhosts/texasbeyondhistory/data/mckinney/images darl-layout.jpg
2007.01.19 16:09 B V:\TBH Website Temp\mckinney\images\darl-layout1.jpg --> uts.cc.utexas.edu /export/httpd/vhosts/texasbeyondhistory/data/mckinney/images darl-layout1.jpg
2007.01.19 16:09 B V:\TBH Website Temp\mckinney\images\darl-layout2.jpg --> uts.cc.utexas.edu /export/httpd/vhosts/texasbeyondhistory/data/mckinney/images darl-layout2.jpg
2007.01.19 16:09 B V:\TBH Website Temp\mckinney\images\darl-plate-sm.jpg --> uts.cc.utexas.edu /export/httpd/vhosts/texasbeyondhistory/data/mckinney/images darl-plate-sm.jpg
2007.01.19 16:09 B V:\TBH Website Temp\mckinney\images\darl-plate.html --> uts.cc.utexas.edu /export/httpd/vhosts/texasbeyondhistory/data/mckinney/images darl-plate.html
2007.01.19 16:09 B V:\TBH Website Temp\mckinney\images\darl-plate.jpg --> uts.cc.utexas.edu /export/httpd/vhosts/texasbeyondhistory/data/mckinney/images darl-plate.jpg
2007.01.19 16:09 B V:\TBH Website Temp\mckinney\images\Darl-sm.jpg --> uts.cc.utexas.edu /export/httpd/vhosts/texasbeyondhistory/data/mckinney/images Darl-sm.jpg
2007.01.19 16:09 B V:\TBH Website Temp\mckinney\images\Darl.html --> uts.cc.utexas.edu /export/httpd/vhosts/texasbeyondhistory/data/mckinney/images Darl.html
2007.01.19 16:09 B V:\TBH Website Temp\mckinney\images\Darl.jpg --> uts.cc.utexas.edu /export/httpd/vhosts/texasbeyondhistory/data/mckinney/images Darl.jpg
2007.01.19 16:09 B V:\TBH Website Temp\mckinney\images\ensor-darl-sm.jpg --> uts.cc.utexas.edu /export/httpd/vhosts/texasbeyondhistory/data/mckinney/images ensor-darl-sm.jpg
2007.01.19 16:09 B V:\TBH Website Temp\mckinney\images\ensor-darl.html --> uts.cc.utexas.edu /export/httpd/vhosts/texasbeyondhistory/data/mckinney/images ensor-darl.html
2007.01.19 16:09 B V:\TBH Website Temp\mckinney\images\ensor-darl.jpg --> uts.cc.utexas.edu /export/httpd/vhosts/texasbeyondhistory/data/mckinney/images ensor-darl.jpg
2007.01.19 16:09 B V:\TBH Website Temp\mckinney\images\excavations-sm.jpg --> uts.cc.utexas.edu /export/httpd/vhosts/texasbeyondhistory/data/mckinney/images excavations-sm.jpg
2007.01.19 16:09 B V:\TBH Website Temp\mckinney\images\excavations.html --> uts.cc.utexas.edu /export/httpd/vhosts/texasbeyondhistory/data/mckinney/images excavations.html
2007.01.19 16:09 B V:\TBH Website Temp\mckinney\images\excavations.jpg --> uts.cc.utexas.edu /export/httpd/vhosts/texasbeyondhistory/data/mckinney/images excavations.jpg
2007.01.19 16:09 B V:\TBH Website Temp\mckinney\images\feature-10-sm.jpg --> uts.cc.utexas.edu /export/httpd/vhosts/texasbeyondhistory/data/mckinney/images feature-10-sm.jpg
2007.01.19 16:09 B V:\TBH Website Temp\mckinney\images\feature-10.html --> uts.cc.utexas.edu /export/httpd/vhosts/texasbeyondhistory/data/mckinney/images feature-10.html
2007.01.19 16:09 B V:\TBH Website Temp\mckinney\images\feature-10.jpg --> uts.cc.utexas.edu /export/httpd/vhosts/texasbeyondhistory/data/mckinney/images feature-10.jpg
2007.01.19 16:09 B V:\TBH Website Temp\mckinney\images\Feature12-sm.jpg --> uts.cc.utexas.edu /export/httpd/vhosts/texasbeyondhistory/data/mckinney/images Feature12-sm.jpg
2007.01.19 16:09 B V:\TBH Website Temp\mckinney\images\Feature12.html --> uts.cc.utexas.edu /export/httpd/vhosts/texasbeyondhistory/data/mckinney/images Feature12.html
2007.01.19 16:09 B V:\TBH Website Temp\mckinney\images\Feature12.jpg --> uts.cc.utexas.edu /export/httpd/vhosts/texasbeyondhistory/data/mckinney/images Feature12.jpg
2007.01.19 16:09 B V:\TBH Website Temp\mckinney\images\feature3-sm.jpg --> uts.cc.utexas.edu /export/httpd/vhosts/texasbeyondhistory/data/mckinney/images feature3-sm.jpg
2007.01.19 16:09 B V:\TBH Website Temp\mckinney\images\feature3.html --> uts.cc.utexas.edu /export/httpd/vhosts/texasbeyondhistory/data/mckinney/images feature3.html
2007.01.19 16:09 B V:\TBH Website Temp\mckinney\images\feature3.jpg --> uts.cc.utexas.edu /export/httpd/vhosts/texasbeyondhistory/data/mckinney/images feature3.jpg
2007.01.19 16:09 B V:\TBH Website Temp\mckinney\images\fig-6-03-sm.jpg --> uts.cc.utexas.edu /export/httpd/vhosts/texasbeyondhistory/data/mckinney/images fig-6-03-sm.jpg
2007.01.19 16:09 B V:\TBH Website Temp\mckinney\images\fig-6-03.html --> uts.cc.utexas.edu /export/httpd/vhosts/texasbeyondhistory/data/mckinney/images fig-6-03.html
2007.01.19 16:09 B V:\TBH Website Temp\mckinney\images\fig-6-03.jpg --> uts.cc.utexas.edu /export/httpd/vhosts/texasbeyondhistory/data/mckinney/images fig-6-03.jpg
2007.01.19 16:09 B V:\TBH Website Temp\mckinney\images\fig-8-05-sm.jpg --> uts.cc.utexas.edu /export/httpd/vhosts/texasbeyondhistory/data/mckinney/images fig-8-05-sm.jpg
2007.01.19 16:09 B V:\TBH Website Temp\mckinney\images\fig-8-05.jpg --> uts.cc.utexas.edu /export/httpd/vhosts/texasbeyondhistory/data/mckinney/images fig-8-05.jpg
2007.01.19 16:09 B V:\TBH Website Temp\mckinney\images\fig8-28a-sm.jpg --> uts.cc.utexas.edu /export/httpd/vhosts/texasbeyondhistory/data/mckinney/images fig8-28a-sm.jpg
2007.01.19 16:09 B V:\TBH Website Temp\mckinney\images\Figure-7-2-sm.jpg --> uts.cc.utexas.edu /export/httpd/vhosts/texasbeyondhistory/data/mckinney/images Figure-7-2-sm.jpg
2007.01.19 16:09 B V:\TBH Website Temp\mckinney\images\Figure-7-2.html --> uts.cc.utexas.edu /export/httpd/vhosts/texasbeyondhistory/data/mckinney/images Figure-7-2.html
2007.01.19 16:09 B V:\TBH Website Temp\mckinney\images\Figure-7-2.jpg --> uts.cc.utexas.edu /export/httpd/vhosts/texasbeyondhistory/data/mckinney/images Figure-7-2.jpg
2007.01.19 16:09 B V:\TBH Website Temp\mckinney\images\Figure-7-7-sm.jpg --> uts.cc.utexas.edu /export/httpd/vhosts/texasbeyondhistory/data/mckinney/images Figure-7-7-sm.jpg
2007.01.19 16:09 B V:\TBH Website Temp\mckinney\images\Figure-7-7.html --> uts.cc.utexas.edu /export/httpd/vhosts/texasbeyondhistory/data/mckinney/images Figure-7-7.html
2007.01.19 16:09 B V:\TBH Website Temp\mckinney\images\Figure-7-7.jpg --> uts.cc.utexas.edu /export/httpd/vhosts/texasbeyondhistory/data/mckinney/images Figure-7-7.jpg
2007.01.19 16:09 B V:\TBH Website Temp\mckinney\images\golfcourse-sm.jpg --> uts.cc.utexas.edu /export/httpd/vhosts/texasbeyondhistory/data/mckinney/images golfcourse-sm.jpg
2007.01.19 16:09 B V:\TBH Website Temp\mckinney\images\golfcourse.html --> uts.cc.utexas.edu /export/httpd/vhosts/texasbeyondhistory/data/mckinney/images golfcourse.html
2007.01.19 16:09 B V:\TBH Website Temp\mckinney\images\golfcourse.jpg --> uts.cc.utexas.edu /export/httpd/vhosts/texasbeyondhistory/data/mckinney/images golfcourse.jpg
2007.01.19 16:09 B V:\TBH Website Temp\mckinney\images\grinding-sm.jpg --> uts.cc.utexas.edu /export/httpd/vhosts/texasbeyondhistory/data/mckinney/images grinding-sm.jpg
2007.01.19 16:09 B V:\TBH Website Temp\mckinney\images\grinding.html --> uts.cc.utexas.edu /export/httpd/vhosts/texasbeyondhistory/data/mckinney/images grinding.html
2007.01.19 16:09 B V:\TBH Website Temp\mckinney\images\grinding.jpg --> uts.cc.utexas.edu /export/httpd/vhosts/texasbeyondhistory/data/mckinney/images grinding.jpg
2007.01.19 16:09 B V:\TBH Website Temp\mckinney\images\hearth-sm.jpg --> uts.cc.utexas.edu /export/httpd/vhosts/texasbeyondhistory/data/mckinney/images hearth-sm.jpg
2007.01.19 16:09 B V:\TBH Website Temp\mckinney\images\hearth.html --> uts.cc.utexas.edu /export/httpd/vhosts/texasbeyondhistory/data/mckinney/images hearth.html
2007.01.19 16:09 B V:\TBH Website Temp\mckinney\images\hearth.jpg --> uts.cc.utexas.edu /export/httpd/vhosts/texasbeyondhistory/data/mckinney/images hearth.jpg
2007.01.19 16:09 B V:\TBH Website Temp\mckinney\images\image001.jpg --> uts.cc.utexas.edu /export/httpd/vhosts/texasbeyondhistory/data/mckinney/images image001.jpg
2007.01.19 16:09 B V:\TBH Website Temp\mckinney\images\index-icon.jpg --> uts.cc.utexas.edu /export/httpd/vhosts/texasbeyondhistory/data/mckinney/images index-icon.jpg
2007.01.19 16:09 B V:\TBH Website Temp\mckinney\images\kevin-miller-sm.jpg --> uts.cc.utexas.edu /export/httpd/vhosts/texasbeyondhistory/data/mckinney/images kevin-miller-sm.jpg
2007.01.19 16:09 B V:\TBH Website Temp\mckinney\images\kevin-miller.jpg --> uts.cc.utexas.edu /export/httpd/vhosts/texasbeyondhistory/data/mckinney/images kevin-miller.jpg
2007.01.19 16:09 B V:\TBH Website Temp\mckinney\images\knoll-sm.jpg --> uts.cc.utexas.edu /export/httpd/vhosts/texasbeyondhistory/data/mckinney/images knoll-sm.jpg
2007.01.19 16:09 B V:\TBH Website Temp\mckinney\images\knoll.html --> uts.cc.utexas.edu /export/httpd/vhosts/texasbeyondhistory/data/mckinney/images knoll.html
2007.01.19 16:09 B V:\TBH Website Temp\mckinney\images\knoll.jpg --> uts.cc.utexas.edu /export/httpd/vhosts/texasbeyondhistory/data/mckinney/images knoll.jpg
2007.01.19 16:09 B V:\TBH Website Temp\mckinney\images\lee-map-sm.jpg --> uts.cc.utexas.edu /export/httpd/vhosts/texasbeyondhistory/data/mckinney/images lee-map-sm.jpg
2007.01.19 16:09 B V:\TBH Website Temp\mckinney\images\lee-map.html --> uts.cc.utexas.edu /export/httpd/vhosts/texasbeyondhistory/data/mckinney/images lee-map.html
2007.01.19 16:09 B V:\TBH Website Temp\mckinney\images\lee-map.jpg --> uts.cc.utexas.edu /export/httpd/vhosts/texasbeyondhistory/data/mckinney/images lee-map.jpg
2007.01.19 16:09 B V:\TBH Website Temp\mckinney\images\map-sm.jpg --> uts.cc.utexas.edu /export/httpd/vhosts/texasbeyondhistory/data/mckinney/images map-sm.jpg
2007.01.19 16:09 B V:\TBH Website Temp\mckinney\images\map.html --> uts.cc.utexas.edu /export/httpd/vhosts/texasbeyondhistory/data/mckinney/images map.html
2007.01.19 16:09 B V:\TBH Website Temp\mckinney\images\map.jpg --> uts.cc.utexas.edu /export/httpd/vhosts/texasbeyondhistory/data/mckinney/images map.jpg
2007.01.19 16:09 B V:\TBH Website Temp\mckinney\images\mussel-sm.jpg --> uts.cc.utexas.edu /export/httpd/vhosts/texasbeyondhistory/data/mckinney/images mussel-sm.jpg
2007.01.19 16:09 B V:\TBH Website Temp\mckinney\images\phsio-regions-sm.jpg --> uts.cc.utexas.edu /export/httpd/vhosts/texasbeyondhistory/data/mckinney/images phsio-regions-sm.jpg
2007.01.19 16:09 B V:\TBH Website Temp\mckinney\images\phsio-regions.html --> uts.cc.utexas.edu /export/httpd/vhosts/texasbeyondhistory/data/mckinney/images phsio-regions.html
2007.01.19 16:09 B V:\TBH Website Temp\mckinney\images\phsio-regions.jpg --> uts.cc.utexas.edu /export/httpd/vhosts/texasbeyondhistory/data/mckinney/images phsio-regions.jpg
2007.01.19 16:09 B V:\TBH Website Temp\mckinney\images\pines-sm.jpg --> uts.cc.utexas.edu /export/httpd/vhosts/texasbeyondhistory/data/mckinney/images pines-sm.jpg
2007.01.19 16:09 B V:\TBH Website Temp\mckinney\images\pines.html --> uts.cc.utexas.edu /export/httpd/vhosts/texasbeyondhistory/data/mckinney/images pines.html
2007.01.19 16:09 B V:\TBH Website Temp\mckinney\images\pines.jpg --> uts.cc.utexas.edu /export/httpd/vhosts/texasbeyondhistory/data/mckinney/images pines.jpg
2007.01.19 16:09 B V:\TBH Website Temp\mckinney\images\river-bm-lcra-sm.jpg --> uts.cc.utexas.edu /export/httpd/vhosts/texasbeyondhistory/data/mckinney/images river-bm-lcra-sm.jpg
2007.01.19 16:09 B V:\TBH Website Temp\mckinney\images\river-bm-lcra.html --> uts.cc.utexas.edu /export/httpd/vhosts/texasbeyondhistory/data/mckinney/images river-bm-lcra.html
2007.01.19 16:09 B V:\TBH Website Temp\mckinney\images\river-bm-lcra.jpg --> uts.cc.utexas.edu /export/httpd/vhosts/texasbeyondhistory/data/mckinney/images river-bm-lcra.jpg
2007.01.19 16:09 B V:\TBH Website Temp\mckinney\images\samples-sm.jpg --> uts.cc.utexas.edu /export/httpd/vhosts/texasbeyondhistory/data/mckinney/images samples-sm.jpg
2007.01.19 16:09 B V:\TBH Website Temp\mckinney\images\samples.html --> uts.cc.utexas.edu /export/httpd/vhosts/texasbeyondhistory/data/mckinney/images samples.html
2007.01.19 16:09 B V:\TBH Website Temp\mckinney\images\samples.jpg --> uts.cc.utexas.edu /export/httpd/vhosts/texasbeyondhistory/data/mckinney/images samples.jpg
2007.01.19 16:09 B V:\TBH Website Temp\mckinney\images\scene-sm.jpg --> uts.cc.utexas.edu /export/httpd/vhosts/texasbeyondhistory/data/mckinney/images scene-sm.jpg
2007.01.19 16:09 B V:\TBH Website Temp\mckinney\images\scene.html --> uts.cc.utexas.edu /export/httpd/vhosts/texasbeyondhistory/data/mckinney/images scene.html
2007.01.19 16:09 B V:\TBH Website Temp\mckinney\images\scene.jpg --> uts.cc.utexas.edu /export/httpd/vhosts/texasbeyondhistory/data/mckinney/images scene.jpg
2007.01.19 16:09 B V:\TBH Website Temp\mckinney\images\setting-icon.jpg --> uts.cc.utexas.edu /export/httpd/vhosts/texasbeyondhistory/data/mckinney/images setting-icon.jpg
2007.01.19 16:09 B V:\TBH Website Temp\mckinney\images\setting-sm.jpg --> uts.cc.utexas.edu /export/httpd/vhosts/texasbeyondhistory/data/mckinney/images setting-sm.jpg
2007.01.19 16:09 B V:\TBH Website Temp\mckinney\images\setting.html --> uts.cc.utexas.edu /export/httpd/vhosts/texasbeyondhistory/data/mckinney/images setting.html
2007.01.19 16:09 B V:\TBH Website Temp\mckinney\images\setting.jpg --> uts.cc.utexas.edu /export/httpd/vhosts/texasbeyondhistory/data/mckinney/images setting.jpg
2007.01.19 16:09 B V:\TBH Website Temp\mckinney\images\steve-carpenter.jpg --> uts.cc.utexas.edu /export/httpd/vhosts/texasbeyondhistory/data/mckinney/images steve-carpenter.jpg
2007.01.19 16:09 B V:\TBH Website Temp\mckinney\images\Thumbs.db --> uts.cc.utexas.edu /export/httpd/vhosts/texasbeyondhistory/data/mckinney/images Thumbs.db
2007.01.19 16:09 B V:\TBH Website Temp\mckinney\images\toolkit-sm.jpg --> uts.cc.utexas.edu /export/httpd/vhosts/texasbeyondhistory/data/mckinney/images toolkit-sm.jpg
2007.01.19 16:09 B V:\TBH Website Temp\mckinney\images\toolkit.html --> uts.cc.utexas.edu /export/httpd/vhosts/texasbeyondhistory/data/mckinney/images toolkit.html
2007.01.19 16:09 B V:\TBH Website Temp\mckinney\images\toolkit.jpg --> uts.cc.utexas.edu /export/httpd/vhosts/texasbeyondhistory/data/mckinney/images toolkit.jpg
2007.01.19 16:09 B V:\TBH Website Temp\mckinney\images\type-chart-sm.jpg --> uts.cc.utexas.edu /export/httpd/vhosts/texasbeyondhistory/data/mckinney/images type-chart-sm.jpg
2007.01.19 16:09 B V:\TBH Website Temp\mckinney\images\type-chart.html --> uts.cc.utexas.edu /export/httpd/vhosts/texasbeyondhistory/data/mckinney/images type-chart.html
2007.01.19 16:09 B V:\TBH Website Temp\mckinney\images\type-chart.jpg --> uts.cc.utexas.edu /export/httpd/vhosts/texasbeyondhistory/data/mckinney/images type-chart.jpg
2007.01.19 16:09 B V:\TBH Website Temp\mckinney\images\underway-sm.jpg --> uts.cc.utexas.edu /export/httpd/vhosts/texasbeyondhistory/data/mckinney/images underway-sm.jpg
2007.01.19 16:09 B V:\TBH Website Temp\mckinney\images\underway.html --> uts.cc.utexas.edu /export/httpd/vhosts/texasbeyondhistory/data/mckinney/images underway.html
2007.01.19 16:09 B V:\TBH Website Temp\mckinney\images\underway.jpg --> uts.cc.utexas.edu /export/httpd/vhosts/texasbeyondhistory/data/mckinney/images underway.jpg
2007.01.19 16:09 B V:\TBH Website Temp\mckinney\images\utilized-sm.jpg --> uts.cc.utexas.edu /export/httpd/vhosts/texasbeyondhistory/data/mckinney/images utilized-sm.jpg
2007.01.19 16:09 B V:\TBH Website Temp\mckinney\images\utilized.html --> uts.cc.utexas.edu /export/httpd/vhosts/texasbeyondhistory/data/mckinney/images utilized.html
2007.01.19 16:09 B V:\TBH Website Temp\mckinney\images\utilized.jpg --> uts.cc.utexas.edu /export/httpd/vhosts/texasbeyondhistory/data/mckinney/images utilized.jpg
2007.01.19 16:09 B V:\TBH Website Temp\mckinney\images\Window-sm.jpg --> uts.cc.utexas.edu /export/httpd/vhosts/texasbeyondhistory/data/mckinney/images Window-sm.jpg
2007.01.19 16:09 B V:\TBH Website Temp\mckinney\images\Window.html --> uts.cc.utexas.edu /export/httpd/vhosts/texasbeyondhistory/data/mckinney/images Window.html
2007.01.19 16:09 B V:\TBH Website Temp\mckinney\images\Window.jpg --> uts.cc.utexas.edu /export/httpd/vhosts/texasbeyondhistory/data/mckinney/images Window.jpg
