2001.10.11 14:48 B M:\Website Stuff\TBH Website Temp\falcon\artifacts.html <-- texasbeyondhistory /export/httpd/vhosts/texasbeyondhistory/data/falcon artifacts.html
2001.10.11 14:48 B M:\Website Stuff\TBH Website Temp\falcon\artifacts.html.LCK <-- texasbeyondhistory /export/httpd/vhosts/texasbeyondhistory/data/falcon artifacts.html.LCK
2001.10.11 14:48 B M:\Website Stuff\TBH Website Temp\falcon\credits.html <-- texasbeyondhistory /export/httpd/vhosts/texasbeyondhistory/data/falcon credits.html
2001.10.11 14:48 B M:\Website Stuff\TBH Website Temp\falcon\credits.html.LCK <-- texasbeyondhistory /export/httpd/vhosts/texasbeyondhistory/data/falcon credits.html.LCK
2001.10.11 14:48 B M:\Website Stuff\TBH Website Temp\falcon\destruction.html <-- texasbeyondhistory /export/httpd/vhosts/texasbeyondhistory/data/falcon destruction.html
2001.10.11 14:48 B M:\Website Stuff\TBH Website Temp\falcon\destruction.html.LCK <-- texasbeyondhistory /export/httpd/vhosts/texasbeyondhistory/data/falcon destruction.html.LCK
2001.10.11 14:48 B M:\Website Stuff\TBH Website Temp\falcon\expedition.html <-- texasbeyondhistory /export/httpd/vhosts/texasbeyondhistory/data/falcon expedition.html
2001.10.11 14:48 B M:\Website Stuff\TBH Website Temp\falcon\expedition.html.LCK <-- texasbeyondhistory /export/httpd/vhosts/texasbeyondhistory/data/falcon expedition.html.LCK
2001.10.11 14:48 B M:\Website Stuff\TBH Website Temp\falcon\index.html <-- texasbeyondhistory /export/httpd/vhosts/texasbeyondhistory/data/falcon index.html
2001.10.11 14:48 B M:\Website Stuff\TBH Website Temp\falcon\index.html.LCK <-- texasbeyondhistory /export/httpd/vhosts/texasbeyondhistory/data/falcon index.html.LCK
2001.10.11 14:48 B M:\Website Stuff\TBH Website Temp\falcon\rancho.html <-- texasbeyondhistory /export/httpd/vhosts/texasbeyondhistory/data/falcon rancho.html
2001.10.11 14:48 B M:\Website Stuff\TBH Website Temp\falcon\rancho.html.LCK <-- texasbeyondhistory /export/httpd/vhosts/texasbeyondhistory/data/falcon rancho.html.LCK
2001.10.17 10:12 B M:\Website Stuff\TBH Website Temp\falcon\destruction.html --> uts.cc.utexas.edu /export/httpd/vhosts/texasbeyondhistory/data/falcon destruction.html
2001.10.17 10:12 B M:\Website Stuff\TBH Website Temp\falcon\rancho.html --> uts.cc.utexas.edu /export/httpd/vhosts/texasbeyondhistory/data/falcon rancho.html
2001.10.17 10:12 B M:\Website Stuff\TBH Website Temp\falcon\artifacts.html --> uts.cc.utexas.edu /export/httpd/vhosts/texasbeyondhistory/data/falcon artifacts.html
2002.05.13 09:43 B G:\Website Stuff\TBH Website Temp\falcon\index.html --> uts.cc.utexas.edu /export/httpd/vhosts/texasbeyondhistory/data/falcon index.html
2005.04.04 12:55 B L:\TBH Website Temp\falcon\artifacts.html --> uts.cc.utexas.edu /export/httpd/vhosts/texasbeyondhistory/data/falcon artifacts.html
2005.04.04 12:55 B L:\TBH Website Temp\falcon\credits.html --> uts.cc.utexas.edu /export/httpd/vhosts/texasbeyondhistory/data/falcon credits.html
2005.04.04 12:55 B L:\TBH Website Temp\falcon\destruction.html --> uts.cc.utexas.edu /export/httpd/vhosts/texasbeyondhistory/data/falcon destruction.html
2005.04.04 12:55 B L:\TBH Website Temp\falcon\expedition.html --> uts.cc.utexas.edu /export/httpd/vhosts/texasbeyondhistory/data/falcon expedition.html
2005.04.04 12:55 B L:\TBH Website Temp\falcon\index.html --> uts.cc.utexas.edu /export/httpd/vhosts/texasbeyondhistory/data/falcon index.html
2005.04.04 12:55 B L:\TBH Website Temp\falcon\rancho.html --> uts.cc.utexas.edu /export/httpd/vhosts/texasbeyondhistory/data/falcon rancho.html
2005.04.18 10:38 B G:\TBH Website Temp\falcon\credits.html --> uts.cc.utexas.edu /export/httpd/vhosts/texasbeyondhistory/data/falcon credits.html
