2003.09.02 09:52 B K:\TBH Website Temp\villagers\hank1\index.html --> uts.cc.utexas.edu /export/httpd/vhosts/texasbeyondhistory/data/villagers/hank1 index.html
2003.09.12 15:47 B K:\TBH Website Temp\villagers\hank1\index.html <-- texasbeyondhistory /export/httpd/vhosts/texasbeyondhistory/data/villagers/hank1 index.html
2003.09.12 16:05 B K:\TBH Website Temp\villagers\hank1\index.html <-- texasbeyondhistory /export/httpd/vhosts/texasbeyondhistory/data/villagers/hank1 index.html
2003.09.14 17:35 B K:\TBH Website Temp\villagers\hank1\discovery.html --> uts.cc.utexas.edu /export/httpd/vhosts/texasbeyondhistory/data/villagers/hank1 discovery.html
2003.09.14 17:35 B K:\TBH Website Temp\villagers\hank1\index.html --> uts.cc.utexas.edu /export/httpd/vhosts/texasbeyondhistory/data/villagers/hank1 index.html
2003.09.14 17:35 B K:\TBH Website Temp\villagers\hank1\setting.html --> uts.cc.utexas.edu /export/httpd/vhosts/texasbeyondhistory/data/villagers/hank1 setting.html
2003.09.19 15:40 B K:\TBH Website Temp\villagers\hank1\archeology.html --> uts.cc.utexas.edu /export/httpd/vhosts/texasbeyondhistory/data/villagers/hank1 archeology.html
2003.11.11 15:15 B K:\TBH Website Temp\villagers\hank1\credits.html --> uts.cc.utexas.edu /export/httpd/vhosts/texasbeyondhistory/data/villagers/hank1 credits.html
2003.11.11 15:15 B K:\TBH Website Temp\villagers\hank1\burning.html --> uts.cc.utexas.edu /export/httpd/vhosts/texasbeyondhistory/data/villagers/hank1 burning.html
2003.11.11 15:15 B K:\TBH Website Temp\villagers\hank1\building.html --> uts.cc.utexas.edu /export/httpd/vhosts/texasbeyondhistory/data/villagers/hank1 building.html
2003.11.11 15:15 B K:\TBH Website Temp\villagers\hank1\archeology.html --> uts.cc.utexas.edu /export/httpd/vhosts/texasbeyondhistory/data/villagers/hank1 archeology.html
2003.11.11 15:15 B K:\TBH Website Temp\villagers\hank1\discovery.html --> uts.cc.utexas.edu /export/httpd/vhosts/texasbeyondhistory/data/villagers/hank1 discovery.html
2003.11.11 15:16 B K:\TBH Website Temp\villagers\hank1\setting.html --> uts.cc.utexas.edu /export/httpd/vhosts/texasbeyondhistory/data/villagers/hank1 setting.html
2003.11.11 15:16 B K:\TBH Website Temp\villagers\hank1\index.html --> uts.cc.utexas.edu /export/httpd/vhosts/texasbeyondhistory/data/villagers/hank1 index.html
2003.11.11 17:21 B K:\TBH Website Temp\villagers\hank1\archeology.html --> uts.cc.utexas.edu /export/httpd/vhosts/texasbeyondhistory/data/villagers/hank1 archeology.html
2003.11.11 17:21 B K:\TBH Website Temp\villagers\hank1\building.html --> uts.cc.utexas.edu /export/httpd/vhosts/texasbeyondhistory/data/villagers/hank1 building.html
2003.11.11 17:21 B K:\TBH Website Temp\villagers\hank1\burning.html --> uts.cc.utexas.edu /export/httpd/vhosts/texasbeyondhistory/data/villagers/hank1 burning.html
2003.11.11 17:22 B K:\TBH Website Temp\villagers\hank1\discovery.html --> uts.cc.utexas.edu /export/httpd/vhosts/texasbeyondhistory/data/villagers/hank1 discovery.html
2003.11.11 17:22 B K:\TBH Website Temp\villagers\hank1\index.html --> uts.cc.utexas.edu /export/httpd/vhosts/texasbeyondhistory/data/villagers/hank1 index.html
2003.11.11 17:22 B K:\TBH Website Temp\villagers\hank1\recon.html --> uts.cc.utexas.edu /export/httpd/vhosts/texasbeyondhistory/data/villagers/hank1 recon.html
2004.07.06 12:54 B K:\TBH Website Temp\villagers\hank1\archeology.html --> uts.cc.utexas.edu /export/httpd/vhosts/texasbeyondhistory/data/villagers/hank1 archeology.html
2004.07.06 12:54 B K:\TBH Website Temp\villagers\hank1\recon.html --> uts.cc.utexas.edu /export/httpd/vhosts/texasbeyondhistory/data/villagers/hank1 recon.html
2004.07.06 12:54 B K:\TBH Website Temp\villagers\hank1\setting.html --> uts.cc.utexas.edu /export/httpd/vhosts/texasbeyondhistory/data/villagers/hank1 setting.html
2004.07.06 12:54 B K:\TBH Website Temp\villagers\hank1\index.html --> uts.cc.utexas.edu /export/httpd/vhosts/texasbeyondhistory/data/villagers/hank1 index.html
2004.07.06 12:54 B K:\TBH Website Temp\villagers\hank1\discovery.html --> uts.cc.utexas.edu /export/httpd/vhosts/texasbeyondhistory/data/villagers/hank1 discovery.html
2004.07.06 12:54 B K:\TBH Website Temp\villagers\hank1\burning.html --> uts.cc.utexas.edu /export/httpd/vhosts/texasbeyondhistory/data/villagers/hank1 burning.html
2004.07.06 12:54 B K:\TBH Website Temp\villagers\hank1\building.html --> uts.cc.utexas.edu /export/httpd/vhosts/texasbeyondhistory/data/villagers/hank1 building.html
2004.07.06 12:54 B K:\TBH Website Temp\villagers\hank1\credits.html --> uts.cc.utexas.edu /export/httpd/vhosts/texasbeyondhistory/data/villagers/hank1 credits.html
2004.07.26 18:28 B K:\TBH Website Temp\villagers\hank1\credits.html --> uts.cc.utexas.edu /export/httpd/vhosts/texasbeyondhistory/data/villagers/hank1 credits.html
2004.07.26 18:28 B K:\TBH Website Temp\villagers\hank1\setting.html --> uts.cc.utexas.edu /export/httpd/vhosts/texasbeyondhistory/data/villagers/hank1 setting.html
2004.07.26 18:28 B K:\TBH Website Temp\villagers\hank1\recon.html --> uts.cc.utexas.edu /export/httpd/vhosts/texasbeyondhistory/data/villagers/hank1 recon.html
2004.07.26 18:28 B K:\TBH Website Temp\villagers\hank1\index.html --> uts.cc.utexas.edu /export/httpd/vhosts/texasbeyondhistory/data/villagers/hank1 index.html
2004.07.26 18:28 B K:\TBH Website Temp\villagers\hank1\discovery.html --> uts.cc.utexas.edu /export/httpd/vhosts/texasbeyondhistory/data/villagers/hank1 discovery.html
2004.07.26 18:28 B K:\TBH Website Temp\villagers\hank1\burning.html --> uts.cc.utexas.edu /export/httpd/vhosts/texasbeyondhistory/data/villagers/hank1 burning.html
2004.07.26 18:28 B K:\TBH Website Temp\villagers\hank1\building.html --> uts.cc.utexas.edu /export/httpd/vhosts/texasbeyondhistory/data/villagers/hank1 building.html
2004.07.26 18:28 B K:\TBH Website Temp\villagers\hank1\archeology.html --> uts.cc.utexas.edu /export/httpd/vhosts/texasbeyondhistory/data/villagers/hank1 archeology.html
2004.07.27 12:34 B K:\TBH Website Temp\villagers\hank1\index.html --> uts.cc.utexas.edu /export/httpd/vhosts/texasbeyondhistory/data/villagers/hank1 index.html
2005.04.04 13:47 B L:\TBH Website Temp\villagers\hank1\archeology.html --> uts.cc.utexas.edu /export/httpd/vhosts/texasbeyondhistory/data/villagers/hank1 archeology.html
2005.04.04 13:47 B L:\TBH Website Temp\villagers\hank1\building.html --> uts.cc.utexas.edu /export/httpd/vhosts/texasbeyondhistory/data/villagers/hank1 building.html
2005.04.04 13:47 B L:\TBH Website Temp\villagers\hank1\burning.html --> uts.cc.utexas.edu /export/httpd/vhosts/texasbeyondhistory/data/villagers/hank1 burning.html
2005.04.04 13:47 B L:\TBH Website Temp\villagers\hank1\credits.html --> uts.cc.utexas.edu /export/httpd/vhosts/texasbeyondhistory/data/villagers/hank1 credits.html
2005.04.04 13:47 B L:\TBH Website Temp\villagers\hank1\discovery.html --> uts.cc.utexas.edu /export/httpd/vhosts/texasbeyondhistory/data/villagers/hank1 discovery.html
2005.04.04 13:47 B L:\TBH Website Temp\villagers\hank1\index.html --> uts.cc.utexas.edu /export/httpd/vhosts/texasbeyondhistory/data/villagers/hank1 index.html
2005.04.04 13:47 B L:\TBH Website Temp\villagers\hank1\recon.html --> uts.cc.utexas.edu /export/httpd/vhosts/texasbeyondhistory/data/villagers/hank1 recon.html
2005.04.04 13:47 B L:\TBH Website Temp\villagers\hank1\setting.html --> uts.cc.utexas.edu /export/httpd/vhosts/texasbeyondhistory/data/villagers/hank1 setting.html
