2003.08.02 13:32 B C:\WINDOWS\Desktop\TBH\content\Tejas\Map Tool\c1.htm <-- TARL /Website Stuff/Transfer to Meg/Tejas/Map Tool c1.htm
2003.08.02 13:32 B C:\WINDOWS\Desktop\TBH\content\Tejas\Map Tool\c2.htm <-- TARL /Website Stuff/Transfer to Meg/Tejas/Map Tool c2.htm
2003.08.02 13:32 B C:\WINDOWS\Desktop\TBH\content\Tejas\Map Tool\c3.htm <-- TARL /Website Stuff/Transfer to Meg/Tejas/Map Tool c3.htm
2003.08.02 13:32 B C:\WINDOWS\Desktop\TBH\content\Tejas\Map Tool\c4.htm <-- TARL /Website Stuff/Transfer to Meg/Tejas/Map Tool c4.htm
2003.08.02 13:32 B C:\WINDOWS\Desktop\TBH\content\Tejas\Map Tool\c5.htm <-- TARL /Website Stuff/Transfer to Meg/Tejas/Map Tool c5.htm
2003.08.02 13:32 B C:\WINDOWS\Desktop\TBH\content\Tejas\Map Tool\c6.htm <-- TARL /Website Stuff/Transfer to Meg/Tejas/Map Tool c6.htm
2003.08.02 13:32 B C:\WINDOWS\Desktop\TBH\content\Tejas\Map Tool\c7.htm <-- TARL /Website Stuff/Transfer to Meg/Tejas/Map Tool c7.htm
2003.08.02 13:32 B C:\WINDOWS\Desktop\TBH\content\Tejas\Map Tool\c8.htm <-- TARL /Website Stuff/Transfer to Meg/Tejas/Map Tool c8.htm
2003.08.02 13:32 B C:\WINDOWS\Desktop\TBH\content\Tejas\Map Tool\c9.htm <-- TARL /Website Stuff/Transfer to Meg/Tejas/Map Tool c9.htm
2003.08.02 13:32 B C:\WINDOWS\Desktop\TBH\content\Tejas\Map Tool\caddomap1.htm <-- TARL /Website Stuff/Transfer to Meg/Tejas/Map Tool caddomap1.htm
2003.08.02 13:32 B C:\WINDOWS\Desktop\TBH\content\Tejas\Map Tool\caddomap2.htm <-- TARL /Website Stuff/Transfer to Meg/Tejas/Map Tool caddomap2.htm
2003.08.02 13:32 B C:\WINDOWS\Desktop\TBH\content\Tejas\Map Tool\caddomap3.htm <-- TARL /Website Stuff/Transfer to Meg/Tejas/Map Tool caddomap3.htm
2003.08.02 13:32 B C:\WINDOWS\Desktop\TBH\content\Tejas\Map Tool\caddomap4.htm <-- TARL /Website Stuff/Transfer to Meg/Tejas/Map Tool caddomap4.htm
2003.08.02 13:32 B C:\WINDOWS\Desktop\TBH\content\Tejas\Map Tool\i1.htm <-- TARL /Website Stuff/Transfer to Meg/Tejas/Map Tool i1.htm
2003.08.02 13:32 B C:\WINDOWS\Desktop\TBH\content\Tejas\Map Tool\i10.htm <-- TARL /Website Stuff/Transfer to Meg/Tejas/Map Tool i10.htm
2003.08.02 13:32 B C:\WINDOWS\Desktop\TBH\content\Tejas\Map Tool\i11.htm <-- TARL /Website Stuff/Transfer to Meg/Tejas/Map Tool i11.htm
2003.08.02 13:32 B C:\WINDOWS\Desktop\TBH\content\Tejas\Map Tool\i12.htm <-- TARL /Website Stuff/Transfer to Meg/Tejas/Map Tool i12.htm
2003.08.02 13:32 B C:\WINDOWS\Desktop\TBH\content\Tejas\Map Tool\i2.htm <-- TARL /Website Stuff/Transfer to Meg/Tejas/Map Tool i2.htm
2003.08.02 13:32 B C:\WINDOWS\Desktop\TBH\content\Tejas\Map Tool\i3.htm <-- TARL /Website Stuff/Transfer to Meg/Tejas/Map Tool i3.htm
2003.08.02 13:32 B C:\WINDOWS\Desktop\TBH\content\Tejas\Map Tool\i4.htm <-- TARL /Website Stuff/Transfer to Meg/Tejas/Map Tool i4.htm
2003.08.02 13:32 B C:\WINDOWS\Desktop\TBH\content\Tejas\Map Tool\i5.htm <-- TARL /Website Stuff/Transfer to Meg/Tejas/Map Tool i5.htm
2003.08.02 13:32 B C:\WINDOWS\Desktop\TBH\content\Tejas\Map Tool\i6.htm <-- TARL /Website Stuff/Transfer to Meg/Tejas/Map Tool i6.htm
2003.08.02 13:32 B C:\WINDOWS\Desktop\TBH\content\Tejas\Map Tool\i7.htm <-- TARL /Website Stuff/Transfer to Meg/Tejas/Map Tool i7.htm
2003.08.02 13:32 B C:\WINDOWS\Desktop\TBH\content\Tejas\Map Tool\i8.htm <-- TARL /Website Stuff/Transfer to Meg/Tejas/Map Tool i8.htm
2003.08.02 13:32 B C:\WINDOWS\Desktop\TBH\content\Tejas\Map Tool\i9.htm <-- TARL /Website Stuff/Transfer to Meg/Tejas/Map Tool i9.htm
2003.08.02 13:32 B C:\WINDOWS\Desktop\TBH\content\Tejas\Map Tool\p1.htm <-- TARL /Website Stuff/Transfer to Meg/Tejas/Map Tool p1.htm
2003.08.02 13:32 B C:\WINDOWS\Desktop\TBH\content\Tejas\Map Tool\p10.htm <-- TARL /Website Stuff/Transfer to Meg/Tejas/Map Tool p10.htm
2003.08.02 13:32 B C:\WINDOWS\Desktop\TBH\content\Tejas\Map Tool\p11.htm <-- TARL /Website Stuff/Transfer to Meg/Tejas/Map Tool p11.htm
2003.08.02 13:32 B C:\WINDOWS\Desktop\TBH\content\Tejas\Map Tool\p12.htm <-- TARL /Website Stuff/Transfer to Meg/Tejas/Map Tool p12.htm
2003.08.02 13:32 B C:\WINDOWS\Desktop\TBH\content\Tejas\Map Tool\p13.htm <-- TARL /Website Stuff/Transfer to Meg/Tejas/Map Tool p13.htm
2003.08.02 13:32 B C:\WINDOWS\Desktop\TBH\content\Tejas\Map Tool\p14.htm <-- TARL /Website Stuff/Transfer to Meg/Tejas/Map Tool p14.htm
2003.08.02 13:32 B C:\WINDOWS\Desktop\TBH\content\Tejas\Map Tool\p15.htm <-- TARL /Website Stuff/Transfer to Meg/Tejas/Map Tool p15.htm
2003.08.02 13:32 B C:\WINDOWS\Desktop\TBH\content\Tejas\Map Tool\p16.htm <-- TARL /Website Stuff/Transfer to Meg/Tejas/Map Tool p16.htm
2003.08.02 13:32 B C:\WINDOWS\Desktop\TBH\content\Tejas\Map Tool\p17.htm <-- TARL /Website Stuff/Transfer to Meg/Tejas/Map Tool p17.htm
2003.08.02 13:32 B C:\WINDOWS\Desktop\TBH\content\Tejas\Map Tool\p18.htm <-- TARL /Website Stuff/Transfer to Meg/Tejas/Map Tool p18.htm
2003.08.02 13:32 B C:\WINDOWS\Desktop\TBH\content\Tejas\Map Tool\p19.htm <-- TARL /Website Stuff/Transfer to Meg/Tejas/Map Tool p19.htm
2003.08.02 13:32 B C:\WINDOWS\Desktop\TBH\content\Tejas\Map Tool\p2.htm <-- TARL /Website Stuff/Transfer to Meg/Tejas/Map Tool p2.htm
2003.08.02 13:32 B C:\WINDOWS\Desktop\TBH\content\Tejas\Map Tool\p3.htm <-- TARL /Website Stuff/Transfer to Meg/Tejas/Map Tool p3.htm
2003.08.02 13:32 B C:\WINDOWS\Desktop\TBH\content\Tejas\Map Tool\p4.htm <-- TARL /Website Stuff/Transfer to Meg/Tejas/Map Tool p4.htm
2003.08.02 13:32 B C:\WINDOWS\Desktop\TBH\content\Tejas\Map Tool\p5.htm <-- TARL /Website Stuff/Transfer to Meg/Tejas/Map Tool p5.htm
2003.08.02 13:32 B C:\WINDOWS\Desktop\TBH\content\Tejas\Map Tool\p6.htm <-- TARL /Website Stuff/Transfer to Meg/Tejas/Map Tool p6.htm
2003.08.02 13:32 B C:\WINDOWS\Desktop\TBH\content\Tejas\Map Tool\p7.htm <-- TARL /Website Stuff/Transfer to Meg/Tejas/Map Tool p7.htm
2003.08.02 13:32 B C:\WINDOWS\Desktop\TBH\content\Tejas\Map Tool\p8.htm <-- TARL /Website Stuff/Transfer to Meg/Tejas/Map Tool p8.htm
2003.08.02 13:32 B C:\WINDOWS\Desktop\TBH\content\Tejas\Map Tool\p9.htm <-- TARL /Website Stuff/Transfer to Meg/Tejas/Map Tool p9.htm
2003.08.02 13:32 B C:\WINDOWS\Desktop\TBH\content\Tejas\Map Tool\sites.htm <-- TARL /Website Stuff/Transfer to Meg/Tejas/Map Tool sites.htm
2003.08.02 13:32 B C:\WINDOWS\Desktop\TBH\content\Tejas\Map Tool\tejasstyle.css <-- TARL /Website Stuff/Transfer to Meg/Tejas/Map Tool tejasstyle.css
2003.07.27 19:09 B K:\TBH Website Temp\tejas\map\c1.htm --> uts.cc.utexas.edu /export/httpd/vhosts/texasbeyondhistory/data/tejas/map c1.htm
2003.07.27 19:09 B K:\TBH Website Temp\tejas\map\c2.htm --> uts.cc.utexas.edu /export/httpd/vhosts/texasbeyondhistory/data/tejas/map c2.htm
2003.07.27 19:09 B K:\TBH Website Temp\tejas\map\c3.htm --> uts.cc.utexas.edu /export/httpd/vhosts/texasbeyondhistory/data/tejas/map c3.htm
2003.07.27 19:09 B K:\TBH Website Temp\tejas\map\c4.htm --> uts.cc.utexas.edu /export/httpd/vhosts/texasbeyondhistory/data/tejas/map c4.htm
2003.07.27 19:09 B K:\TBH Website Temp\tejas\map\c5.htm --> uts.cc.utexas.edu /export/httpd/vhosts/texasbeyondhistory/data/tejas/map c5.htm
2003.07.27 19:09 B K:\TBH Website Temp\tejas\map\c6.htm --> uts.cc.utexas.edu /export/httpd/vhosts/texasbeyondhistory/data/tejas/map c6.htm
2003.07.27 19:09 B K:\TBH Website Temp\tejas\map\c7.htm --> uts.cc.utexas.edu /export/httpd/vhosts/texasbeyondhistory/data/tejas/map c7.htm
2003.07.27 19:09 B K:\TBH Website Temp\tejas\map\c8.htm --> uts.cc.utexas.edu /export/httpd/vhosts/texasbeyondhistory/data/tejas/map c8.htm
2003.07.27 19:09 B K:\TBH Website Temp\tejas\map\c9.htm --> uts.cc.utexas.edu /export/httpd/vhosts/texasbeyondhistory/data/tejas/map c9.htm
2003.07.27 19:09 B K:\TBH Website Temp\tejas\map\caddomap1.htm --> uts.cc.utexas.edu /export/httpd/vhosts/texasbeyondhistory/data/tejas/map caddomap1.htm
2003.07.27 19:09 B K:\TBH Website Temp\tejas\map\caddomap2.htm --> uts.cc.utexas.edu /export/httpd/vhosts/texasbeyondhistory/data/tejas/map caddomap2.htm
2003.07.27 19:09 B K:\TBH Website Temp\tejas\map\caddomap3.htm --> uts.cc.utexas.edu /export/httpd/vhosts/texasbeyondhistory/data/tejas/map caddomap3.htm
2003.07.27 19:09 B K:\TBH Website Temp\tejas\map\caddomap4.htm --> uts.cc.utexas.edu /export/httpd/vhosts/texasbeyondhistory/data/tejas/map caddomap4.htm
2003.07.27 19:09 B K:\TBH Website Temp\tejas\map\i1.htm --> uts.cc.utexas.edu /export/httpd/vhosts/texasbeyondhistory/data/tejas/map i1.htm
2003.07.27 19:09 B K:\TBH Website Temp\tejas\map\i10.htm --> uts.cc.utexas.edu /export/httpd/vhosts/texasbeyondhistory/data/tejas/map i10.htm
2003.07.27 19:09 B K:\TBH Website Temp\tejas\map\i11.htm --> uts.cc.utexas.edu /export/httpd/vhosts/texasbeyondhistory/data/tejas/map i11.htm
2003.07.27 19:09 B K:\TBH Website Temp\tejas\map\i12.htm --> uts.cc.utexas.edu /export/httpd/vhosts/texasbeyondhistory/data/tejas/map i12.htm
2003.07.27 19:09 B K:\TBH Website Temp\tejas\map\i2.htm --> uts.cc.utexas.edu /export/httpd/vhosts/texasbeyondhistory/data/tejas/map i2.htm
2003.07.27 19:09 B K:\TBH Website Temp\tejas\map\i3.htm --> uts.cc.utexas.edu /export/httpd/vhosts/texasbeyondhistory/data/tejas/map i3.htm
2003.07.27 19:09 B K:\TBH Website Temp\tejas\map\i4.htm --> uts.cc.utexas.edu /export/httpd/vhosts/texasbeyondhistory/data/tejas/map i4.htm
2003.07.27 19:09 B K:\TBH Website Temp\tejas\map\i5.htm --> uts.cc.utexas.edu /export/httpd/vhosts/texasbeyondhistory/data/tejas/map i5.htm
2003.07.27 19:09 B K:\TBH Website Temp\tejas\map\i6.htm --> uts.cc.utexas.edu /export/httpd/vhosts/texasbeyondhistory/data/tejas/map i6.htm
2003.07.27 19:09 B K:\TBH Website Temp\tejas\map\i7.htm --> uts.cc.utexas.edu /export/httpd/vhosts/texasbeyondhistory/data/tejas/map i7.htm
2003.07.27 19:09 B K:\TBH Website Temp\tejas\map\i8.htm --> uts.cc.utexas.edu /export/httpd/vhosts/texasbeyondhistory/data/tejas/map i8.htm
2003.07.27 19:09 B K:\TBH Website Temp\tejas\map\i9.htm --> uts.cc.utexas.edu /export/httpd/vhosts/texasbeyondhistory/data/tejas/map i9.htm
2003.07.27 19:09 B K:\TBH Website Temp\tejas\map\p1.htm --> uts.cc.utexas.edu /export/httpd/vhosts/texasbeyondhistory/data/tejas/map p1.htm
2003.07.27 19:09 B K:\TBH Website Temp\tejas\map\p10.htm --> uts.cc.utexas.edu /export/httpd/vhosts/texasbeyondhistory/data/tejas/map p10.htm
2003.07.27 19:09 B K:\TBH Website Temp\tejas\map\p11.htm --> uts.cc.utexas.edu /export/httpd/vhosts/texasbeyondhistory/data/tejas/map p11.htm
2003.07.27 19:09 B K:\TBH Website Temp\tejas\map\p12.htm --> uts.cc.utexas.edu /export/httpd/vhosts/texasbeyondhistory/data/tejas/map p12.htm
2003.07.27 19:09 B K:\TBH Website Temp\tejas\map\p13.htm --> uts.cc.utexas.edu /export/httpd/vhosts/texasbeyondhistory/data/tejas/map p13.htm
2003.07.27 19:09 B K:\TBH Website Temp\tejas\map\p14.htm --> uts.cc.utexas.edu /export/httpd/vhosts/texasbeyondhistory/data/tejas/map p14.htm
2003.07.27 19:09 B K:\TBH Website Temp\tejas\map\p15.htm --> uts.cc.utexas.edu /export/httpd/vhosts/texasbeyondhistory/data/tejas/map p15.htm
2003.07.27 19:09 B K:\TBH Website Temp\tejas\map\p16.htm --> uts.cc.utexas.edu /export/httpd/vhosts/texasbeyondhistory/data/tejas/map p16.htm
2003.07.27 19:09 B K:\TBH Website Temp\tejas\map\p17.htm --> uts.cc.utexas.edu /export/httpd/vhosts/texasbeyondhistory/data/tejas/map p17.htm
2003.07.27 19:09 B K:\TBH Website Temp\tejas\map\p18.htm --> uts.cc.utexas.edu /export/httpd/vhosts/texasbeyondhistory/data/tejas/map p18.htm
2003.07.27 19:09 B K:\TBH Website Temp\tejas\map\p19.htm --> uts.cc.utexas.edu /export/httpd/vhosts/texasbeyondhistory/data/tejas/map p19.htm
2003.07.27 19:09 B K:\TBH Website Temp\tejas\map\p2.htm --> uts.cc.utexas.edu /export/httpd/vhosts/texasbeyondhistory/data/tejas/map p2.htm
2003.07.27 19:09 B K:\TBH Website Temp\tejas\map\p3.htm --> uts.cc.utexas.edu /export/httpd/vhosts/texasbeyondhistory/data/tejas/map p3.htm
2003.07.27 19:09 B K:\TBH Website Temp\tejas\map\p4.htm --> uts.cc.utexas.edu /export/httpd/vhosts/texasbeyondhistory/data/tejas/map p4.htm
2003.07.27 19:09 B K:\TBH Website Temp\tejas\map\p5.htm --> uts.cc.utexas.edu /export/httpd/vhosts/texasbeyondhistory/data/tejas/map p5.htm
2003.07.27 19:09 B K:\TBH Website Temp\tejas\map\p6.htm --> uts.cc.utexas.edu /export/httpd/vhosts/texasbeyondhistory/data/tejas/map p6.htm
2003.07.27 19:09 B K:\TBH Website Temp\tejas\map\p7.htm --> uts.cc.utexas.edu /export/httpd/vhosts/texasbeyondhistory/data/tejas/map p7.htm
2003.07.27 19:09 B K:\TBH Website Temp\tejas\map\p8.htm --> uts.cc.utexas.edu /export/httpd/vhosts/texasbeyondhistory/data/tejas/map p8.htm
2003.07.27 19:09 B K:\TBH Website Temp\tejas\map\p9.htm --> uts.cc.utexas.edu /export/httpd/vhosts/texasbeyondhistory/data/tejas/map p9.htm
2003.07.27 19:09 B K:\TBH Website Temp\tejas\map\sites.htm --> uts.cc.utexas.edu /export/httpd/vhosts/texasbeyondhistory/data/tejas/map sites.htm
2003.07.27 19:09 B K:\TBH Website Temp\tejas\map\tejasstyle.css --> uts.cc.utexas.edu /export/httpd/vhosts/texasbeyondhistory/data/tejas/map tejasstyle.css
2003.07.27 19:09 B K:\TBH Website Temp\tejas\map\WS_FTP.LOG --> uts.cc.utexas.edu /export/httpd/vhosts/texasbeyondhistory/data/tejas/map WS_FTP.LOG
2003.07.31 22:01 B K:\TBH Website Temp\tejas\map\c1.htm --> uts.cc.utexas.edu /export/httpd/vhosts/texasbeyondhistory/data/tejas/map c1.htm
2003.07.31 22:14 B K:\TBH Website Temp\tejas\map\c2.htm --> uts.cc.utexas.edu /export/httpd/vhosts/texasbeyondhistory/data/tejas/map c2.htm
2003.07.31 22:14 B K:\TBH Website Temp\tejas\map\c3.htm --> uts.cc.utexas.edu /export/httpd/vhosts/texasbeyondhistory/data/tejas/map c3.htm
2003.07.31 22:14 B K:\TBH Website Temp\tejas\map\c4.htm --> uts.cc.utexas.edu /export/httpd/vhosts/texasbeyondhistory/data/tejas/map c4.htm
2003.07.31 22:14 B K:\TBH Website Temp\tejas\map\c5.htm --> uts.cc.utexas.edu /export/httpd/vhosts/texasbeyondhistory/data/tejas/map c5.htm
2003.07.31 22:14 B K:\TBH Website Temp\tejas\map\c6.htm --> uts.cc.utexas.edu /export/httpd/vhosts/texasbeyondhistory/data/tejas/map c6.htm
2003.07.31 22:14 B K:\TBH Website Temp\tejas\map\c7.htm --> uts.cc.utexas.edu /export/httpd/vhosts/texasbeyondhistory/data/tejas/map c7.htm
2003.07.31 22:14 B K:\TBH Website Temp\tejas\map\c8.htm --> uts.cc.utexas.edu /export/httpd/vhosts/texasbeyondhistory/data/tejas/map c8.htm
2003.07.31 22:14 B K:\TBH Website Temp\tejas\map\c9.htm --> uts.cc.utexas.edu /export/httpd/vhosts/texasbeyondhistory/data/tejas/map c9.htm
2003.07.31 22:14 B K:\TBH Website Temp\tejas\map\caddomap1.htm --> uts.cc.utexas.edu /export/httpd/vhosts/texasbeyondhistory/data/tejas/map caddomap1.htm
2003.07.31 22:14 B K:\TBH Website Temp\tejas\map\caddomap2.htm --> uts.cc.utexas.edu /export/httpd/vhosts/texasbeyondhistory/data/tejas/map caddomap2.htm
2003.07.31 22:14 B K:\TBH Website Temp\tejas\map\caddomap3.htm --> uts.cc.utexas.edu /export/httpd/vhosts/texasbeyondhistory/data/tejas/map caddomap3.htm
2003.07.31 22:14 B K:\TBH Website Temp\tejas\map\caddomap4.htm --> uts.cc.utexas.edu /export/httpd/vhosts/texasbeyondhistory/data/tejas/map caddomap4.htm
2003.07.31 22:14 B K:\TBH Website Temp\tejas\map\tejasstyle.css --> uts.cc.utexas.edu /export/httpd/vhosts/texasbeyondhistory/data/tejas/map tejasstyle.css
2003.07.31 22:14 B K:\TBH Website Temp\tejas\map\i1.htm --> uts.cc.utexas.edu /export/httpd/vhosts/texasbeyondhistory/data/tejas/map i1.htm
2003.07.31 22:14 B K:\TBH Website Temp\tejas\map\i10.htm --> uts.cc.utexas.edu /export/httpd/vhosts/texasbeyondhistory/data/tejas/map i10.htm
2003.07.31 22:14 B K:\TBH Website Temp\tejas\map\i11.htm --> uts.cc.utexas.edu /export/httpd/vhosts/texasbeyondhistory/data/tejas/map i11.htm
2003.07.31 22:14 B K:\TBH Website Temp\tejas\map\i12.htm --> uts.cc.utexas.edu /export/httpd/vhosts/texasbeyondhistory/data/tejas/map i12.htm
2003.07.31 22:14 B K:\TBH Website Temp\tejas\map\i2.htm --> uts.cc.utexas.edu /export/httpd/vhosts/texasbeyondhistory/data/tejas/map i2.htm
2003.07.31 22:14 B K:\TBH Website Temp\tejas\map\i3.htm --> uts.cc.utexas.edu /export/httpd/vhosts/texasbeyondhistory/data/tejas/map i3.htm
2003.07.31 22:14 B K:\TBH Website Temp\tejas\map\i4.htm --> uts.cc.utexas.edu /export/httpd/vhosts/texasbeyondhistory/data/tejas/map i4.htm
2003.07.31 22:14 B K:\TBH Website Temp\tejas\map\i5.htm --> uts.cc.utexas.edu /export/httpd/vhosts/texasbeyondhistory/data/tejas/map i5.htm
2003.07.31 22:14 B K:\TBH Website Temp\tejas\map\i6.htm --> uts.cc.utexas.edu /export/httpd/vhosts/texasbeyondhistory/data/tejas/map i6.htm
2003.07.31 22:14 B K:\TBH Website Temp\tejas\map\i7.htm --> uts.cc.utexas.edu /export/httpd/vhosts/texasbeyondhistory/data/tejas/map i7.htm
2003.07.31 22:14 B K:\TBH Website Temp\tejas\map\i8.htm --> uts.cc.utexas.edu /export/httpd/vhosts/texasbeyondhistory/data/tejas/map i8.htm
2003.07.31 22:14 B K:\TBH Website Temp\tejas\map\i9.htm --> uts.cc.utexas.edu /export/httpd/vhosts/texasbeyondhistory/data/tejas/map i9.htm
2003.07.31 22:14 B K:\TBH Website Temp\tejas\map\p1.htm --> uts.cc.utexas.edu /export/httpd/vhosts/texasbeyondhistory/data/tejas/map p1.htm
2003.07.31 22:14 B K:\TBH Website Temp\tejas\map\p10.htm --> uts.cc.utexas.edu /export/httpd/vhosts/texasbeyondhistory/data/tejas/map p10.htm
2003.07.31 22:14 B K:\TBH Website Temp\tejas\map\p11.htm --> uts.cc.utexas.edu /export/httpd/vhosts/texasbeyondhistory/data/tejas/map p11.htm
2003.07.31 22:14 B K:\TBH Website Temp\tejas\map\p12.htm --> uts.cc.utexas.edu /export/httpd/vhosts/texasbeyondhistory/data/tejas/map p12.htm
2003.07.31 22:14 B K:\TBH Website Temp\tejas\map\p13.htm --> uts.cc.utexas.edu /export/httpd/vhosts/texasbeyondhistory/data/tejas/map p13.htm
2003.07.31 22:14 B K:\TBH Website Temp\tejas\map\p14.htm --> uts.cc.utexas.edu /export/httpd/vhosts/texasbeyondhistory/data/tejas/map p14.htm
2003.07.31 22:14 B K:\TBH Website Temp\tejas\map\p15.htm --> uts.cc.utexas.edu /export/httpd/vhosts/texasbeyondhistory/data/tejas/map p15.htm
2003.07.31 22:14 B K:\TBH Website Temp\tejas\map\p16.htm --> uts.cc.utexas.edu /export/httpd/vhosts/texasbeyondhistory/data/tejas/map p16.htm
2003.07.31 22:14 B K:\TBH Website Temp\tejas\map\p17.htm --> uts.cc.utexas.edu /export/httpd/vhosts/texasbeyondhistory/data/tejas/map p17.htm
2003.07.31 22:14 B K:\TBH Website Temp\tejas\map\p18.htm --> uts.cc.utexas.edu /export/httpd/vhosts/texasbeyondhistory/data/tejas/map p18.htm
2003.07.31 22:14 B K:\TBH Website Temp\tejas\map\p19.htm --> uts.cc.utexas.edu /export/httpd/vhosts/texasbeyondhistory/data/tejas/map p19.htm
2003.07.31 22:14 B K:\TBH Website Temp\tejas\map\p2.htm --> uts.cc.utexas.edu /export/httpd/vhosts/texasbeyondhistory/data/tejas/map p2.htm
2003.07.31 22:14 B K:\TBH Website Temp\tejas\map\p3.htm --> uts.cc.utexas.edu /export/httpd/vhosts/texasbeyondhistory/data/tejas/map p3.htm
2003.07.31 22:14 B K:\TBH Website Temp\tejas\map\p4.htm --> uts.cc.utexas.edu /export/httpd/vhosts/texasbeyondhistory/data/tejas/map p4.htm
2003.07.31 22:14 B K:\TBH Website Temp\tejas\map\p5.htm --> uts.cc.utexas.edu /export/httpd/vhosts/texasbeyondhistory/data/tejas/map p5.htm
2003.07.31 22:14 B K:\TBH Website Temp\tejas\map\p6.htm --> uts.cc.utexas.edu /export/httpd/vhosts/texasbeyondhistory/data/tejas/map p6.htm
2003.07.31 22:14 B K:\TBH Website Temp\tejas\map\p7.htm --> uts.cc.utexas.edu /export/httpd/vhosts/texasbeyondhistory/data/tejas/map p7.htm
2003.07.31 22:14 B K:\TBH Website Temp\tejas\map\p8.htm --> uts.cc.utexas.edu /export/httpd/vhosts/texasbeyondhistory/data/tejas/map p8.htm
2003.07.31 22:14 B K:\TBH Website Temp\tejas\map\p9.htm --> uts.cc.utexas.edu /export/httpd/vhosts/texasbeyondhistory/data/tejas/map p9.htm
2003.07.31 22:14 B K:\TBH Website Temp\tejas\map\sites.htm --> uts.cc.utexas.edu /export/httpd/vhosts/texasbeyondhistory/data/tejas/map sites.htm
2003.07.31 22:14 B K:\TBH Website Temp\tejas\map\c1.htm --> uts.cc.utexas.edu /export/httpd/vhosts/texasbeyondhistory/data/tejas/map c1.htm
2003.08.06 09:06 B K:\TBH Website Temp\tejas\map\tejasstyle.css --> uts.cc.utexas.edu /export/httpd/vhosts/texasbeyondhistory/data/tejas/map tejasstyle.css
2003.08.06 09:06 B K:\TBH Website Temp\tejas\map\caddomap4.htm --> uts.cc.utexas.edu /export/httpd/vhosts/texasbeyondhistory/data/tejas/map caddomap4.htm
2003.08.06 09:06 B K:\TBH Website Temp\tejas\map\caddomap3.htm --> uts.cc.utexas.edu /export/httpd/vhosts/texasbeyondhistory/data/tejas/map caddomap3.htm
2003.08.06 09:06 B K:\TBH Website Temp\tejas\map\caddomap2.htm --> uts.cc.utexas.edu /export/httpd/vhosts/texasbeyondhistory/data/tejas/map caddomap2.htm
2003.08.06 09:06 B K:\TBH Website Temp\tejas\map\caddomap1.htm --> uts.cc.utexas.edu /export/httpd/vhosts/texasbeyondhistory/data/tejas/map caddomap1.htm
2003.08.15 13:17 B K:\TBH Website Temp\tejas\map\arch.html --> uts.cc.utexas.edu /export/httpd/vhosts/texasbeyondhistory/data/tejas/map arch.html
2003.08.15 13:17 B K:\TBH Website Temp\tejas\map\c1.htm --> uts.cc.utexas.edu /export/httpd/vhosts/texasbeyondhistory/data/tejas/map c1.htm
2003.08.15 13:17 B K:\TBH Website Temp\tejas\map\c2.htm --> uts.cc.utexas.edu /export/httpd/vhosts/texasbeyondhistory/data/tejas/map c2.htm
2003.08.15 13:17 B K:\TBH Website Temp\tejas\map\c3.htm --> uts.cc.utexas.edu /export/httpd/vhosts/texasbeyondhistory/data/tejas/map c3.htm
2003.08.15 13:17 B K:\TBH Website Temp\tejas\map\c4.htm --> uts.cc.utexas.edu /export/httpd/vhosts/texasbeyondhistory/data/tejas/map c4.htm
2003.08.15 13:17 B K:\TBH Website Temp\tejas\map\c5.htm --> uts.cc.utexas.edu /export/httpd/vhosts/texasbeyondhistory/data/tejas/map c5.htm
2003.08.15 13:17 B K:\TBH Website Temp\tejas\map\c6.htm --> uts.cc.utexas.edu /export/httpd/vhosts/texasbeyondhistory/data/tejas/map c6.htm
2003.08.15 13:17 B K:\TBH Website Temp\tejas\map\c7.htm --> uts.cc.utexas.edu /export/httpd/vhosts/texasbeyondhistory/data/tejas/map c7.htm
2003.08.15 13:17 B K:\TBH Website Temp\tejas\map\c8.htm --> uts.cc.utexas.edu /export/httpd/vhosts/texasbeyondhistory/data/tejas/map c8.htm
2003.08.15 13:17 B K:\TBH Website Temp\tejas\map\c9.htm --> uts.cc.utexas.edu /export/httpd/vhosts/texasbeyondhistory/data/tejas/map c9.htm
2003.08.15 13:17 B K:\TBH Website Temp\tejas\map\env.html --> uts.cc.utexas.edu /export/httpd/vhosts/texasbeyondhistory/data/tejas/map env.html
2003.08.15 13:17 B K:\TBH Website Temp\tejas\map\flora.html --> uts.cc.utexas.edu /export/httpd/vhosts/texasbeyondhistory/data/tejas/map flora.html
2003.08.15 13:17 B K:\TBH Website Temp\tejas\map\i1.htm --> uts.cc.utexas.edu /export/httpd/vhosts/texasbeyondhistory/data/tejas/map i1.htm
2003.08.15 13:17 B K:\TBH Website Temp\tejas\map\i10.htm --> uts.cc.utexas.edu /export/httpd/vhosts/texasbeyondhistory/data/tejas/map i10.htm
2003.08.15 13:17 B K:\TBH Website Temp\tejas\map\i11.htm --> uts.cc.utexas.edu /export/httpd/vhosts/texasbeyondhistory/data/tejas/map i11.htm
2003.08.15 13:18 B K:\TBH Website Temp\tejas\map\i12.htm --> uts.cc.utexas.edu /export/httpd/vhosts/texasbeyondhistory/data/tejas/map i12.htm
2003.08.15 13:18 B K:\TBH Website Temp\tejas\map\i2.htm --> uts.cc.utexas.edu /export/httpd/vhosts/texasbeyondhistory/data/tejas/map i2.htm
2003.08.15 13:18 B K:\TBH Website Temp\tejas\map\i3.htm --> uts.cc.utexas.edu /export/httpd/vhosts/texasbeyondhistory/data/tejas/map i3.htm
2003.08.15 13:18 B K:\TBH Website Temp\tejas\map\i4.htm --> uts.cc.utexas.edu /export/httpd/vhosts/texasbeyondhistory/data/tejas/map i4.htm
2003.08.15 13:18 B K:\TBH Website Temp\tejas\map\i5.htm --> uts.cc.utexas.edu /export/httpd/vhosts/texasbeyondhistory/data/tejas/map i5.htm
2003.08.15 13:18 B K:\TBH Website Temp\tejas\map\i6.htm --> uts.cc.utexas.edu /export/httpd/vhosts/texasbeyondhistory/data/tejas/map i6.htm
2003.08.15 13:18 B K:\TBH Website Temp\tejas\map\i7.htm --> uts.cc.utexas.edu /export/httpd/vhosts/texasbeyondhistory/data/tejas/map i7.htm
2003.08.15 13:18 B K:\TBH Website Temp\tejas\map\i8.htm --> uts.cc.utexas.edu /export/httpd/vhosts/texasbeyondhistory/data/tejas/map i8.htm
2003.08.15 13:18 B K:\TBH Website Temp\tejas\map\i9.htm --> uts.cc.utexas.edu /export/httpd/vhosts/texasbeyondhistory/data/tejas/map i9.htm
2003.08.15 13:18 B K:\TBH Website Temp\tejas\map\index.html --> uts.cc.utexas.edu /export/httpd/vhosts/texasbeyondhistory/data/tejas/map index.html
2003.08.15 13:18 B K:\TBH Website Temp\tejas\map\p1.htm --> uts.cc.utexas.edu /export/httpd/vhosts/texasbeyondhistory/data/tejas/map p1.htm
2003.08.15 13:18 B K:\TBH Website Temp\tejas\map\p10.htm --> uts.cc.utexas.edu /export/httpd/vhosts/texasbeyondhistory/data/tejas/map p10.htm
2003.08.15 13:18 B K:\TBH Website Temp\tejas\map\p11.htm --> uts.cc.utexas.edu /export/httpd/vhosts/texasbeyondhistory/data/tejas/map p11.htm
2003.08.15 13:18 B K:\TBH Website Temp\tejas\map\p12.htm --> uts.cc.utexas.edu /export/httpd/vhosts/texasbeyondhistory/data/tejas/map p12.htm
2003.08.15 13:18 B K:\TBH Website Temp\tejas\map\p13.htm --> uts.cc.utexas.edu /export/httpd/vhosts/texasbeyondhistory/data/tejas/map p13.htm
2003.08.15 13:18 B K:\TBH Website Temp\tejas\map\p14.htm --> uts.cc.utexas.edu /export/httpd/vhosts/texasbeyondhistory/data/tejas/map p14.htm
2003.08.15 13:18 B K:\TBH Website Temp\tejas\map\p15.htm --> uts.cc.utexas.edu /export/httpd/vhosts/texasbeyondhistory/data/tejas/map p15.htm
2003.08.15 13:18 B K:\TBH Website Temp\tejas\map\p16.htm --> uts.cc.utexas.edu /export/httpd/vhosts/texasbeyondhistory/data/tejas/map p16.htm
2003.08.15 13:18 B K:\TBH Website Temp\tejas\map\p17.htm --> uts.cc.utexas.edu /export/httpd/vhosts/texasbeyondhistory/data/tejas/map p17.htm
2003.08.15 13:18 B K:\TBH Website Temp\tejas\map\p18.htm --> uts.cc.utexas.edu /export/httpd/vhosts/texasbeyondhistory/data/tejas/map p18.htm
2003.08.15 13:18 B K:\TBH Website Temp\tejas\map\p19.htm --> uts.cc.utexas.edu /export/httpd/vhosts/texasbeyondhistory/data/tejas/map p19.htm
2003.08.15 13:18 B K:\TBH Website Temp\tejas\map\p2.htm --> uts.cc.utexas.edu /export/httpd/vhosts/texasbeyondhistory/data/tejas/map p2.htm
2003.08.15 13:18 B K:\TBH Website Temp\tejas\map\p3.htm --> uts.cc.utexas.edu /export/httpd/vhosts/texasbeyondhistory/data/tejas/map p3.htm
2003.08.15 13:18 B K:\TBH Website Temp\tejas\map\p4.htm --> uts.cc.utexas.edu /export/httpd/vhosts/texasbeyondhistory/data/tejas/map p4.htm
2003.08.15 13:18 B K:\TBH Website Temp\tejas\map\p5.htm --> uts.cc.utexas.edu /export/httpd/vhosts/texasbeyondhistory/data/tejas/map p5.htm
2003.08.15 13:18 B K:\TBH Website Temp\tejas\map\p6.htm --> uts.cc.utexas.edu /export/httpd/vhosts/texasbeyondhistory/data/tejas/map p6.htm
2003.08.15 13:18 B K:\TBH Website Temp\tejas\map\p7.htm --> uts.cc.utexas.edu /export/httpd/vhosts/texasbeyondhistory/data/tejas/map p7.htm
2003.08.15 13:18 B K:\TBH Website Temp\tejas\map\p8.htm --> uts.cc.utexas.edu /export/httpd/vhosts/texasbeyondhistory/data/tejas/map p8.htm
2003.08.15 13:18 B K:\TBH Website Temp\tejas\map\p9.htm --> uts.cc.utexas.edu /export/httpd/vhosts/texasbeyondhistory/data/tejas/map p9.htm
2003.08.15 13:18 B K:\TBH Website Temp\tejas\map\WS_FTP.LOG --> uts.cc.utexas.edu /export/httpd/vhosts/texasbeyondhistory/data/tejas/map WS_FTP.LOG
2003.08.15 14:36 B K:\TBH Website Temp\tejas\map\env.html --> uts.cc.utexas.edu /export/httpd/vhosts/texasbeyondhistory/data/tejas/map env.html
2004.07.07 15:59 B K:\TBH Website Temp\tejas\map\arch.html <-- texasbeyondhistory /export/httpd/vhosts/texasbeyondhistory/data/tejas/map arch.html
2004.07.07 15:59 B K:\TBH Website Temp\tejas\map\caddomap4.htm <-- texasbeyondhistory /export/httpd/vhosts/texasbeyondhistory/data/tejas/map caddomap4.htm
2004.07.07 15:59 B K:\TBH Website Temp\tejas\map\i1.htm <-- texasbeyondhistory /export/httpd/vhosts/texasbeyondhistory/data/tejas/map i1.htm
2004.07.07 15:59 B K:\TBH Website Temp\tejas\map\i10.htm <-- texasbeyondhistory /export/httpd/vhosts/texasbeyondhistory/data/tejas/map i10.htm
2004.07.07 15:59 B K:\TBH Website Temp\tejas\map\i11.htm <-- texasbeyondhistory /export/httpd/vhosts/texasbeyondhistory/data/tejas/map i11.htm
2004.07.07 15:59 B K:\TBH Website Temp\tejas\map\i12.htm <-- texasbeyondhistory /export/httpd/vhosts/texasbeyondhistory/data/tejas/map i12.htm
2004.07.07 15:59 B K:\TBH Website Temp\tejas\map\i2.htm <-- texasbeyondhistory /export/httpd/vhosts/texasbeyondhistory/data/tejas/map i2.htm
2004.07.07 15:59 B K:\TBH Website Temp\tejas\map\i3.htm <-- texasbeyondhistory /export/httpd/vhosts/texasbeyondhistory/data/tejas/map i3.htm
2004.07.07 15:59 B K:\TBH Website Temp\tejas\map\i4.htm <-- texasbeyondhistory /export/httpd/vhosts/texasbeyondhistory/data/tejas/map i4.htm
2004.07.07 15:59 B K:\TBH Website Temp\tejas\map\i5.htm <-- texasbeyondhistory /export/httpd/vhosts/texasbeyondhistory/data/tejas/map i5.htm
2004.07.07 15:59 B K:\TBH Website Temp\tejas\map\i6.htm <-- texasbeyondhistory /export/httpd/vhosts/texasbeyondhistory/data/tejas/map i6.htm
2004.07.07 15:59 B K:\TBH Website Temp\tejas\map\i7.htm <-- texasbeyondhistory /export/httpd/vhosts/texasbeyondhistory/data/tejas/map i7.htm
2004.07.07 15:59 B K:\TBH Website Temp\tejas\map\i8.htm <-- texasbeyondhistory /export/httpd/vhosts/texasbeyondhistory/data/tejas/map i8.htm
2004.07.07 15:59 B K:\TBH Website Temp\tejas\map\i9.htm <-- texasbeyondhistory /export/httpd/vhosts/texasbeyondhistory/data/tejas/map i9.htm
2004.07.07 15:59 B K:\TBH Website Temp\tejas\map\p1.htm <-- texasbeyondhistory /export/httpd/vhosts/texasbeyondhistory/data/tejas/map p1.htm
2004.07.07 15:59 B K:\TBH Website Temp\tejas\map\p10.htm <-- texasbeyondhistory /export/httpd/vhosts/texasbeyondhistory/data/tejas/map p10.htm
2004.07.07 15:59 B K:\TBH Website Temp\tejas\map\p11.htm <-- texasbeyondhistory /export/httpd/vhosts/texasbeyondhistory/data/tejas/map p11.htm
2004.07.07 15:59 B K:\TBH Website Temp\tejas\map\p12.htm <-- texasbeyondhistory /export/httpd/vhosts/texasbeyondhistory/data/tejas/map p12.htm
2004.07.07 15:59 B K:\TBH Website Temp\tejas\map\p13.htm <-- texasbeyondhistory /export/httpd/vhosts/texasbeyondhistory/data/tejas/map p13.htm
2004.07.07 15:59 B K:\TBH Website Temp\tejas\map\p14.htm <-- texasbeyondhistory /export/httpd/vhosts/texasbeyondhistory/data/tejas/map p14.htm
2004.07.07 15:59 B K:\TBH Website Temp\tejas\map\p15.htm <-- texasbeyondhistory /export/httpd/vhosts/texasbeyondhistory/data/tejas/map p15.htm
2004.07.07 15:59 B K:\TBH Website Temp\tejas\map\p16.htm <-- texasbeyondhistory /export/httpd/vhosts/texasbeyondhistory/data/tejas/map p16.htm
2004.07.07 15:59 B K:\TBH Website Temp\tejas\map\p17.htm <-- texasbeyondhistory /export/httpd/vhosts/texasbeyondhistory/data/tejas/map p17.htm
2004.07.07 15:59 B K:\TBH Website Temp\tejas\map\p18.htm <-- texasbeyondhistory /export/httpd/vhosts/texasbeyondhistory/data/tejas/map p18.htm
2004.07.07 15:59 B K:\TBH Website Temp\tejas\map\p19.htm <-- texasbeyondhistory /export/httpd/vhosts/texasbeyondhistory/data/tejas/map p19.htm
2004.07.07 15:59 B K:\TBH Website Temp\tejas\map\p2.htm <-- texasbeyondhistory /export/httpd/vhosts/texasbeyondhistory/data/tejas/map p2.htm
2004.07.07 15:59 B K:\TBH Website Temp\tejas\map\p3.htm <-- texasbeyondhistory /export/httpd/vhosts/texasbeyondhistory/data/tejas/map p3.htm
2004.07.07 15:59 B K:\TBH Website Temp\tejas\map\p4.htm <-- texasbeyondhistory /export/httpd/vhosts/texasbeyondhistory/data/tejas/map p4.htm
2004.07.07 15:59 B K:\TBH Website Temp\tejas\map\p5.htm <-- texasbeyondhistory /export/httpd/vhosts/texasbeyondhistory/data/tejas/map p5.htm
2004.07.07 15:59 B K:\TBH Website Temp\tejas\map\p6.htm <-- texasbeyondhistory /export/httpd/vhosts/texasbeyondhistory/data/tejas/map p6.htm
2004.07.07 15:59 B K:\TBH Website Temp\tejas\map\p7.htm <-- texasbeyondhistory /export/httpd/vhosts/texasbeyondhistory/data/tejas/map p7.htm
2004.07.07 15:59 B K:\TBH Website Temp\tejas\map\p8.htm <-- texasbeyondhistory /export/httpd/vhosts/texasbeyondhistory/data/tejas/map p8.htm
2004.07.07 15:59 B K:\TBH Website Temp\tejas\map\p9.htm <-- texasbeyondhistory /export/httpd/vhosts/texasbeyondhistory/data/tejas/map p9.htm
