2001.08.30 19:17 B D:\TBH Temp\teach\images\img\_notes\pie_r1_c1.gif.mno <-- Texas Beyond History /Website Stuff/TBH Website Temp/teach/images/img/_notes pie_r1_c1.gif.mno
2001.08.30 19:17 B D:\TBH Temp\teach\images\img\_notes\pie_r1_c1.gif.mno.LCK <-- Texas Beyond History /Website Stuff/TBH Website Temp/teach/images/img/_notes pie_r1_c1.gif.mno.LCK
2001.08.30 19:17 B D:\TBH Temp\teach\images\img\_notes\pie_r1_c2.gif.mno <-- Texas Beyond History /Website Stuff/TBH Website Temp/teach/images/img/_notes pie_r1_c2.gif.mno
2001.08.30 19:17 B D:\TBH Temp\teach\images\img\_notes\pie_r1_c2.gif.mno.LCK <-- Texas Beyond History /Website Stuff/TBH Website Temp/teach/images/img/_notes pie_r1_c2.gif.mno.LCK
2001.08.30 19:17 B D:\TBH Temp\teach\images\img\_notes\pie_r1_c3.gif.mno <-- Texas Beyond History /Website Stuff/TBH Website Temp/teach/images/img/_notes pie_r1_c3.gif.mno
2001.08.30 19:17 B D:\TBH Temp\teach\images\img\_notes\pie_r1_c3.gif.mno.LCK <-- Texas Beyond History /Website Stuff/TBH Website Temp/teach/images/img/_notes pie_r1_c3.gif.mno.LCK
2001.08.30 19:17 B D:\TBH Temp\teach\images\img\_notes\pie_r1_c5.gif.mno <-- Texas Beyond History /Website Stuff/TBH Website Temp/teach/images/img/_notes pie_r1_c5.gif.mno
2001.08.30 19:17 B D:\TBH Temp\teach\images\img\_notes\pie_r1_c5.gif.mno.LCK <-- Texas Beyond History /Website Stuff/TBH Website Temp/teach/images/img/_notes pie_r1_c5.gif.mno.LCK
2001.08.30 19:17 B D:\TBH Temp\teach\images\img\_notes\pie_r1_c6.gif.mno <-- Texas Beyond History /Website Stuff/TBH Website Temp/teach/images/img/_notes pie_r1_c6.gif.mno
2001.08.30 19:17 B D:\TBH Temp\teach\images\img\_notes\pie_r1_c6.gif.mno.LCK <-- Texas Beyond History /Website Stuff/TBH Website Temp/teach/images/img/_notes pie_r1_c6.gif.mno.LCK
2001.08.30 19:17 B D:\TBH Temp\teach\images\img\_notes\pie_r2_c2.gif.mno <-- Texas Beyond History /Website Stuff/TBH Website Temp/teach/images/img/_notes pie_r2_c2.gif.mno
2001.08.30 19:17 B D:\TBH Temp\teach\images\img\_notes\pie_r2_c2.gif.mno.LCK <-- Texas Beyond History /Website Stuff/TBH Website Temp/teach/images/img/_notes pie_r2_c2.gif.mno.LCK
2001.08.30 19:17 B D:\TBH Temp\teach\images\img\_notes\pie_r3_c5.gif.mno <-- Texas Beyond History /Website Stuff/TBH Website Temp/teach/images/img/_notes pie_r3_c5.gif.mno
2001.08.30 19:17 B D:\TBH Temp\teach\images\img\_notes\pie_r3_c5.gif.mno.LCK <-- Texas Beyond History /Website Stuff/TBH Website Temp/teach/images/img/_notes pie_r3_c5.gif.mno.LCK
2001.08.30 19:17 B D:\TBH Temp\teach\images\img\_notes\pie_r4_c2.gif.mno <-- Texas Beyond History /Website Stuff/TBH Website Temp/teach/images/img/_notes pie_r4_c2.gif.mno
2001.08.30 19:17 B D:\TBH Temp\teach\images\img\_notes\pie_r4_c2.gif.mno.LCK <-- Texas Beyond History /Website Stuff/TBH Website Temp/teach/images/img/_notes pie_r4_c2.gif.mno.LCK
2001.08.30 19:17 B D:\TBH Temp\teach\images\img\_notes\pie_r4_c3.gif.mno <-- Texas Beyond History /Website Stuff/TBH Website Temp/teach/images/img/_notes pie_r4_c3.gif.mno
2001.08.30 19:17 B D:\TBH Temp\teach\images\img\_notes\pie_r4_c3.gif.mno.LCK <-- Texas Beyond History /Website Stuff/TBH Website Temp/teach/images/img/_notes pie_r4_c3.gif.mno.LCK
2001.08.30 19:17 B D:\TBH Temp\teach\images\img\_notes\pie_r4_c4.gif.mno <-- Texas Beyond History /Website Stuff/TBH Website Temp/teach/images/img/_notes pie_r4_c4.gif.mno
2001.08.30 19:17 B D:\TBH Temp\teach\images\img\_notes\pie_r4_c4.gif.mno.LCK <-- Texas Beyond History /Website Stuff/TBH Website Temp/teach/images/img/_notes pie_r4_c4.gif.mno.LCK
2001.09.01 22:33 B D:\TBH Temp\teach\images\img\_notes\pie_r1_c1.gif.mno --> uts.cc.utexas.edu /usr/pub/www/research/tarl/abouttarl/tbh/teach/images/img/_notes pie_r1_c1.gif.mno
2001.09.01 22:33 B D:\TBH Temp\teach\images\img\_notes\pie_r1_c1.gif.mno.LCK --> uts.cc.utexas.edu /usr/pub/www/research/tarl/abouttarl/tbh/teach/images/img/_notes pie_r1_c1.gif.mno.LCK
2001.09.01 22:33 B D:\TBH Temp\teach\images\img\_notes\pie_r1_c2.gif.mno --> uts.cc.utexas.edu /usr/pub/www/research/tarl/abouttarl/tbh/teach/images/img/_notes pie_r1_c2.gif.mno
2001.09.01 22:33 B D:\TBH Temp\teach\images\img\_notes\pie_r1_c2.gif.mno.LCK --> uts.cc.utexas.edu /usr/pub/www/research/tarl/abouttarl/tbh/teach/images/img/_notes pie_r1_c2.gif.mno.LCK
2001.09.01 22:33 B D:\TBH Temp\teach\images\img\_notes\pie_r1_c3.gif.mno --> uts.cc.utexas.edu /usr/pub/www/research/tarl/abouttarl/tbh/teach/images/img/_notes pie_r1_c3.gif.mno
2001.09.01 22:33 B D:\TBH Temp\teach\images\img\_notes\pie_r1_c3.gif.mno.LCK --> uts.cc.utexas.edu /usr/pub/www/research/tarl/abouttarl/tbh/teach/images/img/_notes pie_r1_c3.gif.mno.LCK
2001.09.01 22:33 B D:\TBH Temp\teach\images\img\_notes\pie_r1_c5.gif.mno --> uts.cc.utexas.edu /usr/pub/www/research/tarl/abouttarl/tbh/teach/images/img/_notes pie_r1_c5.gif.mno
2001.09.01 22:33 B D:\TBH Temp\teach\images\img\_notes\pie_r1_c5.gif.mno.LCK --> uts.cc.utexas.edu /usr/pub/www/research/tarl/abouttarl/tbh/teach/images/img/_notes pie_r1_c5.gif.mno.LCK
2001.09.01 22:34 B D:\TBH Temp\teach\images\img\_notes\pie_r1_c6.gif.mno --> uts.cc.utexas.edu /usr/pub/www/research/tarl/abouttarl/tbh/teach/images/img/_notes pie_r1_c6.gif.mno
2001.09.01 22:34 B D:\TBH Temp\teach\images\img\_notes\pie_r1_c6.gif.mno.LCK --> uts.cc.utexas.edu /usr/pub/www/research/tarl/abouttarl/tbh/teach/images/img/_notes pie_r1_c6.gif.mno.LCK
2001.09.01 22:34 B D:\TBH Temp\teach\images\img\_notes\pie_r2_c2.gif.mno --> uts.cc.utexas.edu /usr/pub/www/research/tarl/abouttarl/tbh/teach/images/img/_notes pie_r2_c2.gif.mno
2001.09.01 22:34 B D:\TBH Temp\teach\images\img\_notes\pie_r2_c2.gif.mno.LCK --> uts.cc.utexas.edu /usr/pub/www/research/tarl/abouttarl/tbh/teach/images/img/_notes pie_r2_c2.gif.mno.LCK
2001.09.01 22:34 B D:\TBH Temp\teach\images\img\_notes\pie_r3_c5.gif.mno --> uts.cc.utexas.edu /usr/pub/www/research/tarl/abouttarl/tbh/teach/images/img/_notes pie_r3_c5.gif.mno
2001.09.01 22:34 B D:\TBH Temp\teach\images\img\_notes\pie_r3_c5.gif.mno.LCK --> uts.cc.utexas.edu /usr/pub/www/research/tarl/abouttarl/tbh/teach/images/img/_notes pie_r3_c5.gif.mno.LCK
2001.09.01 22:34 B D:\TBH Temp\teach\images\img\_notes\pie_r4_c2.gif.mno --> uts.cc.utexas.edu /usr/pub/www/research/tarl/abouttarl/tbh/teach/images/img/_notes pie_r4_c2.gif.mno
2001.09.01 22:34 B D:\TBH Temp\teach\images\img\_notes\pie_r4_c2.gif.mno.LCK --> uts.cc.utexas.edu /usr/pub/www/research/tarl/abouttarl/tbh/teach/images/img/_notes pie_r4_c2.gif.mno.LCK
2001.09.01 22:34 B D:\TBH Temp\teach\images\img\_notes\pie_r4_c3.gif.mno --> uts.cc.utexas.edu /usr/pub/www/research/tarl/abouttarl/tbh/teach/images/img/_notes pie_r4_c3.gif.mno
2001.09.01 22:34 B D:\TBH Temp\teach\images\img\_notes\pie_r4_c3.gif.mno.LCK --> uts.cc.utexas.edu /usr/pub/www/research/tarl/abouttarl/tbh/teach/images/img/_notes pie_r4_c3.gif.mno.LCK
2001.09.01 22:34 B D:\TBH Temp\teach\images\img\_notes\pie_r4_c4.gif.mno --> uts.cc.utexas.edu /usr/pub/www/research/tarl/abouttarl/tbh/teach/images/img/_notes pie_r4_c4.gif.mno
2001.09.01 22:34 B D:\TBH Temp\teach\images\img\_notes\pie_r4_c4.gif.mno.LCK --> uts.cc.utexas.edu /usr/pub/www/research/tarl/abouttarl/tbh/teach/images/img/_notes pie_r4_c4.gif.mno.LCK
2001.09.04 15:38 B M:\Website Stuff\teach\images\img\_notes\WS_FTP.LOG <-- TARLweb /usr/pub/www/research/tarl/abouttarl/tbh/teach/images/img/_notes WS_FTP.LOG
2001.09.04 16:53 B C:\WINDOWS\Desktop\TBH\TBH on TEXsite\teach\images\img\_notes\WS_FTP.LOG <-- TARL /Website Stuff/teach/images/img/_notes WS_FTP.LOG
2001.10.02 02:58 B C:\WINDOWS\Desktop\TBH\Recent\teach\images\img\_notes\pie_r1_c1.gif.mno --> uts.cc.utexas.edu /export/httpd/vhosts/texasbeyondhistory/data/teach/images/img/_notes pie_r1_c1.gif.mno
2001.10.02 02:58 B C:\WINDOWS\Desktop\TBH\Recent\teach\images\img\_notes\pie_r1_c1.gif.mno.LCK --> uts.cc.utexas.edu /export/httpd/vhosts/texasbeyondhistory/data/teach/images/img/_notes pie_r1_c1.gif.mno.LCK
2001.10.02 02:58 B C:\WINDOWS\Desktop\TBH\Recent\teach\images\img\_notes\pie_r1_c2.gif.mno --> uts.cc.utexas.edu /export/httpd/vhosts/texasbeyondhistory/data/teach/images/img/_notes pie_r1_c2.gif.mno
2001.10.02 02:58 B C:\WINDOWS\Desktop\TBH\Recent\teach\images\img\_notes\pie_r1_c2.gif.mno.LCK --> uts.cc.utexas.edu /export/httpd/vhosts/texasbeyondhistory/data/teach/images/img/_notes pie_r1_c2.gif.mno.LCK
2001.10.02 02:58 B C:\WINDOWS\Desktop\TBH\Recent\teach\images\img\_notes\pie_r1_c3.gif.mno --> uts.cc.utexas.edu /export/httpd/vhosts/texasbeyondhistory/data/teach/images/img/_notes pie_r1_c3.gif.mno
2001.10.02 02:58 B C:\WINDOWS\Desktop\TBH\Recent\teach\images\img\_notes\pie_r1_c3.gif.mno.LCK --> uts.cc.utexas.edu /export/httpd/vhosts/texasbeyondhistory/data/teach/images/img/_notes pie_r1_c3.gif.mno.LCK
2001.10.02 02:58 B C:\WINDOWS\Desktop\TBH\Recent\teach\images\img\_notes\pie_r1_c4.gif.mno --> uts.cc.utexas.edu /export/httpd/vhosts/texasbeyondhistory/data/teach/images/img/_notes pie_r1_c4.gif.mno
2001.10.02 02:58 B C:\WINDOWS\Desktop\TBH\Recent\teach\images\img\_notes\pie_r1_c5.gif.mno --> uts.cc.utexas.edu /export/httpd/vhosts/texasbeyondhistory/data/teach/images/img/_notes pie_r1_c5.gif.mno
2001.10.02 02:58 B C:\WINDOWS\Desktop\TBH\Recent\teach\images\img\_notes\pie_r1_c5.gif.mno.LCK --> uts.cc.utexas.edu /export/httpd/vhosts/texasbeyondhistory/data/teach/images/img/_notes pie_r1_c5.gif.mno.LCK
2001.10.02 02:58 B C:\WINDOWS\Desktop\TBH\Recent\teach\images\img\_notes\pie_r1_c6.gif.mno --> uts.cc.utexas.edu /export/httpd/vhosts/texasbeyondhistory/data/teach/images/img/_notes pie_r1_c6.gif.mno
2001.10.02 02:58 B C:\WINDOWS\Desktop\TBH\Recent\teach\images\img\_notes\pie_r1_c6.gif.mno.LCK --> uts.cc.utexas.edu /export/httpd/vhosts/texasbeyondhistory/data/teach/images/img/_notes pie_r1_c6.gif.mno.LCK
2001.10.02 02:58 B C:\WINDOWS\Desktop\TBH\Recent\teach\images\img\_notes\pie_r2_c1.gif.mno --> uts.cc.utexas.edu /export/httpd/vhosts/texasbeyondhistory/data/teach/images/img/_notes pie_r2_c1.gif.mno
2001.10.02 02:58 B C:\WINDOWS\Desktop\TBH\Recent\teach\images\img\_notes\pie_r2_c2.gif.mno --> uts.cc.utexas.edu /export/httpd/vhosts/texasbeyondhistory/data/teach/images/img/_notes pie_r2_c2.gif.mno
2001.10.02 02:58 B C:\WINDOWS\Desktop\TBH\Recent\teach\images\img\_notes\pie_r2_c2.gif.mno.LCK --> uts.cc.utexas.edu /export/httpd/vhosts/texasbeyondhistory/data/teach/images/img/_notes pie_r2_c2.gif.mno.LCK
2001.10.02 02:58 B C:\WINDOWS\Desktop\TBH\Recent\teach\images\img\_notes\pie_r3_c4.gif.mno --> uts.cc.utexas.edu /export/httpd/vhosts/texasbeyondhistory/data/teach/images/img/_notes pie_r3_c4.gif.mno
2001.10.02 02:58 B C:\WINDOWS\Desktop\TBH\Recent\teach\images\img\_notes\pie_r3_c5.gif.mno --> uts.cc.utexas.edu /export/httpd/vhosts/texasbeyondhistory/data/teach/images/img/_notes pie_r3_c5.gif.mno
2001.10.02 02:58 B C:\WINDOWS\Desktop\TBH\Recent\teach\images\img\_notes\pie_r3_c5.gif.mno.LCK --> uts.cc.utexas.edu /export/httpd/vhosts/texasbeyondhistory/data/teach/images/img/_notes pie_r3_c5.gif.mno.LCK
2001.10.02 02:58 B C:\WINDOWS\Desktop\TBH\Recent\teach\images\img\_notes\pie_r4_c1.gif.mno --> uts.cc.utexas.edu /export/httpd/vhosts/texasbeyondhistory/data/teach/images/img/_notes pie_r4_c1.gif.mno
2001.10.02 02:58 B C:\WINDOWS\Desktop\TBH\Recent\teach\images\img\_notes\pie_r4_c2.gif.mno --> uts.cc.utexas.edu /export/httpd/vhosts/texasbeyondhistory/data/teach/images/img/_notes pie_r4_c2.gif.mno
2001.10.02 02:58 B C:\WINDOWS\Desktop\TBH\Recent\teach\images\img\_notes\pie_r4_c2.gif.mno.LCK --> uts.cc.utexas.edu /export/httpd/vhosts/texasbeyondhistory/data/teach/images/img/_notes pie_r4_c2.gif.mno.LCK
2001.10.02 02:58 B C:\WINDOWS\Desktop\TBH\Recent\teach\images\img\_notes\pie_r4_c3.gif.mno --> uts.cc.utexas.edu /export/httpd/vhosts/texasbeyondhistory/data/teach/images/img/_notes pie_r4_c3.gif.mno
2001.10.02 02:58 B C:\WINDOWS\Desktop\TBH\Recent\teach\images\img\_notes\pie_r4_c3.gif.mno.LCK --> uts.cc.utexas.edu /export/httpd/vhosts/texasbeyondhistory/data/teach/images/img/_notes pie_r4_c3.gif.mno.LCK
2001.10.02 02:58 B C:\WINDOWS\Desktop\TBH\Recent\teach\images\img\_notes\pie_r4_c4.gif.mno --> uts.cc.utexas.edu /export/httpd/vhosts/texasbeyondhistory/data/teach/images/img/_notes pie_r4_c4.gif.mno
2001.10.02 02:58 B C:\WINDOWS\Desktop\TBH\Recent\teach\images\img\_notes\pie_r4_c4.gif.mno.LCK --> uts.cc.utexas.edu /export/httpd/vhosts/texasbeyondhistory/data/teach/images/img/_notes pie_r4_c4.gif.mno.LCK
