2001.09.24 17:25 B M:\Website Stuff\TBH Website Temp\haas\cemetery.html --> uts.cc.utexas.edu /usr/pub/www/research/tarl/abouttarl/tbh/haas cemetery.html
2001.09.24 17:25 B M:\Website Stuff\TBH Website Temp\haas\clerk.html --> uts.cc.utexas.edu /usr/pub/www/research/tarl/abouttarl/tbh/haas clerk.html
2001.09.24 17:25 B M:\Website Stuff\TBH Website Temp\haas\credits.html --> uts.cc.utexas.edu /usr/pub/www/research/tarl/abouttarl/tbh/haas credits.html
2001.09.24 17:25 B M:\Website Stuff\TBH Website Temp\haas\doeppen.html --> uts.cc.utexas.edu /usr/pub/www/research/tarl/abouttarl/tbh/haas doeppen.html
2001.09.24 17:25 B M:\Website Stuff\TBH Website Temp\haas\index.html --> uts.cc.utexas.edu /usr/pub/www/research/tarl/abouttarl/tbh/haas index.html
2001.10.01 23:51 B C:\WINDOWS\Desktop\TBH\Recent\haas\cemetery.html --> uts.cc.utexas.edu /export/httpd/vhosts/texasbeyondhistory/data/haas cemetery.html
2001.10.01 23:51 B C:\WINDOWS\Desktop\TBH\Recent\haas\clerk.html --> uts.cc.utexas.edu /export/httpd/vhosts/texasbeyondhistory/data/haas clerk.html
2001.10.01 23:51 B C:\WINDOWS\Desktop\TBH\Recent\haas\credits.html --> uts.cc.utexas.edu /export/httpd/vhosts/texasbeyondhistory/data/haas credits.html
2001.10.01 23:51 B C:\WINDOWS\Desktop\TBH\Recent\haas\doeppen.html --> uts.cc.utexas.edu /export/httpd/vhosts/texasbeyondhistory/data/haas doeppen.html
2001.10.01 23:51 B C:\WINDOWS\Desktop\TBH\Recent\haas\index.html --> uts.cc.utexas.edu /export/httpd/vhosts/texasbeyondhistory/data/haas index.html
2001.10.11 14:57 B M:\Website Stuff\TBH Website Temp\haas\WS_FTP.LOG <-- texasbeyondhistory /export/httpd/vhosts/texasbeyondhistory/data/haas WS_FTP.LOG
2001.12.18 16:01 B G:\Website Stuff\TBH Website Temp\haas\doeppen.html --> uts.cc.utexas.edu /export/httpd/vhosts/texasbeyondhistory/data/haas doeppen.html
2001.12.18 16:01 B G:\Website Stuff\TBH Website Temp\haas\index.html --> uts.cc.utexas.edu /export/httpd/vhosts/texasbeyondhistory/data/haas index.html
2002.07.10 14:21 B G:\Website Stuff\TBH Website Temp\haas\index.html --> uts.cc.utexas.edu /export/httpd/vhosts/texasbeyondhistory/data/haas index.html
2002.07.10 14:21 B G:\Website Stuff\TBH Website Temp\haas\doeppen.html --> uts.cc.utexas.edu /export/httpd/vhosts/texasbeyondhistory/data/haas doeppen.html
2003.11.18 12:38 B G:\Website Stuff\TBH Website Temp\haas\doeppen.html --> uts.cc.utexas.edu /export/httpd/vhosts/texasbeyondhistory/data/haas doeppen.html
2003.11.18 12:38 B G:\Website Stuff\TBH Website Temp\haas\index.html --> uts.cc.utexas.edu /export/httpd/vhosts/texasbeyondhistory/data/haas index.html
2005.04.04 13:11 B L:\TBH Website Temp\haas\cemetery.html --> uts.cc.utexas.edu /export/httpd/vhosts/texasbeyondhistory/data/haas cemetery.html
2005.04.04 13:11 B L:\TBH Website Temp\haas\clerk.html --> uts.cc.utexas.edu /export/httpd/vhosts/texasbeyondhistory/data/haas clerk.html
2005.04.04 13:11 B L:\TBH Website Temp\haas\credits.html --> uts.cc.utexas.edu /export/httpd/vhosts/texasbeyondhistory/data/haas credits.html
2005.04.04 13:11 B L:\TBH Website Temp\haas\doeppen.html --> uts.cc.utexas.edu /export/httpd/vhosts/texasbeyondhistory/data/haas doeppen.html
2005.04.04 13:11 B L:\TBH Website Temp\haas\index.html --> uts.cc.utexas.edu /export/httpd/vhosts/texasbeyondhistory/data/haas index.html
2005.04.18 10:39 B G:\TBH Website Temp\haas\credits.html --> uts.cc.utexas.edu /export/httpd/vhosts/texasbeyondhistory/data/haas credits.html
