2003.08.06 09:20 B K:\TBH Website Temp\kids\caddo\images\img\_notes\caddointerior_r2_c2.gif.mno --> uts.cc.utexas.edu /export/httpd/vhosts/texasbeyondhistory/data/kids/caddo/images/img/_notes caddointerior_r2_c2.gif.mno
2003.08.06 09:20 B K:\TBH Website Temp\kids\caddo\images\img\_notes\caddointerior_r2_c2_f2.gif.mno --> uts.cc.utexas.edu /export/httpd/vhosts/texasbeyondhistory/data/kids/caddo/images/img/_notes caddointerior_r2_c2_f2.gif.mno
2003.08.06 09:20 B K:\TBH Website Temp\kids\caddo\images\img\_notes\caddointerior_r2_c2_f3.gif.mno --> uts.cc.utexas.edu /export/httpd/vhosts/texasbeyondhistory/data/kids/caddo/images/img/_notes caddointerior_r2_c2_f3.gif.mno
2003.08.06 09:20 B K:\TBH Website Temp\kids\caddo\images\img\_notes\caddointerior_r2_c2_f4.gif.mno --> uts.cc.utexas.edu /export/httpd/vhosts/texasbeyondhistory/data/kids/caddo/images/img/_notes caddointerior_r2_c2_f4.gif.mno
2003.08.06 09:21 B K:\TBH Website Temp\kids\caddo\images\img\_notes\caddointerior_r2_c3.gif.mno --> uts.cc.utexas.edu /export/httpd/vhosts/texasbeyondhistory/data/kids/caddo/images/img/_notes caddointerior_r2_c3.gif.mno
2003.08.06 09:21 B K:\TBH Website Temp\kids\caddo\images\img\_notes\caddointerior_r3_c2.gif.mno --> uts.cc.utexas.edu /export/httpd/vhosts/texasbeyondhistory/data/kids/caddo/images/img/_notes caddointerior_r3_c2.gif.mno
2003.08.06 09:21 B K:\TBH Website Temp\kids\caddo\images\img\_notes\index.jpg.mno --> uts.cc.utexas.edu /export/httpd/vhosts/texasbeyondhistory/data/kids/caddo/images/img/_notes index.jpg.mno
2003.08.06 09:21 B K:\TBH Website Temp\kids\caddo\images\img\_notes\index_f2.jpg.mno --> uts.cc.utexas.edu /export/httpd/vhosts/texasbeyondhistory/data/kids/caddo/images/img/_notes index_f2.jpg.mno
2003.08.06 09:21 B K:\TBH Website Temp\kids\caddo\images\img\_notes\index_r1_c1.jpg.mno --> uts.cc.utexas.edu /export/httpd/vhosts/texasbeyondhistory/data/kids/caddo/images/img/_notes index_r1_c1.jpg.mno
2003.08.06 09:21 B K:\TBH Website Temp\kids\caddo\images\img\_notes\index_r1_c2.jpg.mno --> uts.cc.utexas.edu /export/httpd/vhosts/texasbeyondhistory/data/kids/caddo/images/img/_notes index_r1_c2.jpg.mno
2003.08.06 09:21 B K:\TBH Website Temp\kids\caddo\images\img\_notes\index_r1_c2_f2.jpg.mno --> uts.cc.utexas.edu /export/httpd/vhosts/texasbeyondhistory/data/kids/caddo/images/img/_notes index_r1_c2_f2.jpg.mno
2003.08.06 09:21 B K:\TBH Website Temp\kids\caddo\images\img\_notes\index_r1_c5.jpg.mno --> uts.cc.utexas.edu /export/httpd/vhosts/texasbeyondhistory/data/kids/caddo/images/img/_notes index_r1_c5.jpg.mno
2003.08.06 09:21 B K:\TBH Website Temp\kids\caddo\images\img\_notes\index_r2_c5.jpg.mno --> uts.cc.utexas.edu /export/httpd/vhosts/texasbeyondhistory/data/kids/caddo/images/img/_notes index_r2_c5.jpg.mno
2003.08.06 09:21 B K:\TBH Website Temp\kids\caddo\images\img\_notes\index_r2_c6.jpg.mno --> uts.cc.utexas.edu /export/httpd/vhosts/texasbeyondhistory/data/kids/caddo/images/img/_notes index_r2_c6.jpg.mno
2003.08.06 09:21 B K:\TBH Website Temp\kids\caddo\images\img\_notes\index_r2_c6_f2.jpg.mno --> uts.cc.utexas.edu /export/httpd/vhosts/texasbeyondhistory/data/kids/caddo/images/img/_notes index_r2_c6_f2.jpg.mno
2003.08.06 09:21 B K:\TBH Website Temp\kids\caddo\images\img\_notes\index_r2_c9.jpg.mno --> uts.cc.utexas.edu /export/httpd/vhosts/texasbeyondhistory/data/kids/caddo/images/img/_notes index_r2_c9.jpg.mno
2003.08.06 09:21 B K:\TBH Website Temp\kids\caddo\images\img\_notes\index_r3_c2.jpg.mno --> uts.cc.utexas.edu /export/httpd/vhosts/texasbeyondhistory/data/kids/caddo/images/img/_notes index_r3_c2.jpg.mno
2003.08.06 09:21 B K:\TBH Website Temp\kids\caddo\images\img\_notes\index_r4_c6.jpg.mno --> uts.cc.utexas.edu /export/httpd/vhosts/texasbeyondhistory/data/kids/caddo/images/img/_notes index_r4_c6.jpg.mno
2003.08.06 09:21 B K:\TBH Website Temp\kids\caddo\images\img\_notes\index_r5_c6.jpg.mno --> uts.cc.utexas.edu /export/httpd/vhosts/texasbeyondhistory/data/kids/caddo/images/img/_notes index_r5_c6.jpg.mno
2003.08.06 09:21 B K:\TBH Website Temp\kids\caddo\images\img\_notes\index_r5_c8.jpg.mno --> uts.cc.utexas.edu /export/httpd/vhosts/texasbeyondhistory/data/kids/caddo/images/img/_notes index_r5_c8.jpg.mno
2003.08.06 09:21 B K:\TBH Website Temp\kids\caddo\images\img\_notes\index_r5_c8_f2.jpg.mno --> uts.cc.utexas.edu /export/httpd/vhosts/texasbeyondhistory/data/kids/caddo/images/img/_notes index_r5_c8_f2.jpg.mno
2003.08.06 09:21 B K:\TBH Website Temp\kids\caddo\images\img\_notes\index_r6_c1.jpg.mno --> uts.cc.utexas.edu /export/httpd/vhosts/texasbeyondhistory/data/kids/caddo/images/img/_notes index_r6_c1.jpg.mno
2003.08.06 09:21 B K:\TBH Website Temp\kids\caddo\images\img\_notes\index_r6_c1_f2.jpg.mno --> uts.cc.utexas.edu /export/httpd/vhosts/texasbeyondhistory/data/kids/caddo/images/img/_notes index_r6_c1_f2.jpg.mno
2003.08.06 09:21 B K:\TBH Website Temp\kids\caddo\images\img\_notes\index_r6_c3.jpg.mno --> uts.cc.utexas.edu /export/httpd/vhosts/texasbeyondhistory/data/kids/caddo/images/img/_notes index_r6_c3.jpg.mno
2003.08.06 09:21 B K:\TBH Website Temp\kids\caddo\images\img\_notes\index_r7_c3.jpg.mno --> uts.cc.utexas.edu /export/httpd/vhosts/texasbeyondhistory/data/kids/caddo/images/img/_notes index_r7_c3.jpg.mno
2003.08.06 09:21 B K:\TBH Website Temp\kids\caddo\images\img\_notes\index_r7_c4.jpg.mno --> uts.cc.utexas.edu /export/httpd/vhosts/texasbeyondhistory/data/kids/caddo/images/img/_notes index_r7_c4.jpg.mno
2003.08.06 09:21 B K:\TBH Website Temp\kids\caddo\images\img\_notes\index_r7_c4_f2.jpg.mno --> uts.cc.utexas.edu /export/httpd/vhosts/texasbeyondhistory/data/kids/caddo/images/img/_notes index_r7_c4_f2.jpg.mno
2003.08.06 09:21 B K:\TBH Website Temp\kids\caddo\images\img\_notes\index_r7_c7.jpg.mno --> uts.cc.utexas.edu /export/httpd/vhosts/texasbeyondhistory/data/kids/caddo/images/img/_notes index_r7_c7.jpg.mno
2003.08.06 09:21 B K:\TBH Website Temp\kids\caddo\images\img\_notes\index_r8_c8.jpg.mno --> uts.cc.utexas.edu /export/httpd/vhosts/texasbeyondhistory/data/kids/caddo/images/img/_notes index_r8_c8.jpg.mno
2003.08.06 09:21 B K:\TBH Website Temp\kids\caddo\images\img\_notes\index_r9_c1.jpg.mno --> uts.cc.utexas.edu /export/httpd/vhosts/texasbeyondhistory/data/kids/caddo/images/img/_notes index_r9_c1.jpg.mno
2003.08.14 17:42 B K:\TBH Website Temp\kids\caddo\images\img\_notes\WS_FTP.LOG --> uts.cc.utexas.edu /export/httpd/vhosts/texasbeyondhistory/data/kids/caddo/images/img/_notes WS_FTP.LOG
2005.06.19 11:21 B L:\TBH Website Temp\kids\caddo\images\img\_notes\caddointerior_r1_c1.gif.mno <-- texasbeyondhistory /export/httpd/vhosts/texasbeyondhistory/data/kids/caddo/images/img/_notes caddointerior_r1_c1.gif.mno
2005.06.19 11:21 B L:\TBH Website Temp\kids\caddo\images\img\_notes\caddointerior_r2_c1.gif.mno <-- texasbeyondhistory /export/httpd/vhosts/texasbeyondhistory/data/kids/caddo/images/img/_notes caddointerior_r2_c1.gif.mno
2005.06.19 11:21 B L:\TBH Website Temp\kids\caddo\images\img\_notes\caddointerior_r2_c2.gif.mno <-- texasbeyondhistory /export/httpd/vhosts/texasbeyondhistory/data/kids/caddo/images/img/_notes caddointerior_r2_c2.gif.mno
2005.06.19 11:21 B L:\TBH Website Temp\kids\caddo\images\img\_notes\caddointerior_r2_c2_f2.gif.mno <-- texasbeyondhistory /export/httpd/vhosts/texasbeyondhistory/data/kids/caddo/images/img/_notes caddointerior_r2_c2_f2.gif.mno
2005.06.19 11:21 B L:\TBH Website Temp\kids\caddo\images\img\_notes\caddointerior_r2_c2_f3.gif.mno <-- texasbeyondhistory /export/httpd/vhosts/texasbeyondhistory/data/kids/caddo/images/img/_notes caddointerior_r2_c2_f3.gif.mno
2005.06.19 11:21 B L:\TBH Website Temp\kids\caddo\images\img\_notes\caddointerior_r2_c2_f4.gif.mno <-- texasbeyondhistory /export/httpd/vhosts/texasbeyondhistory/data/kids/caddo/images/img/_notes caddointerior_r2_c2_f4.gif.mno
2005.06.19 11:21 B L:\TBH Website Temp\kids\caddo\images\img\_notes\caddointerior_r2_c3.gif.mno <-- texasbeyondhistory /export/httpd/vhosts/texasbeyondhistory/data/kids/caddo/images/img/_notes caddointerior_r2_c3.gif.mno
2005.06.19 11:21 B L:\TBH Website Temp\kids\caddo\images\img\_notes\caddointerior_r2_c6.gif.mno <-- texasbeyondhistory /export/httpd/vhosts/texasbeyondhistory/data/kids/caddo/images/img/_notes caddointerior_r2_c6.gif.mno
2005.06.19 11:21 B L:\TBH Website Temp\kids\caddo\images\img\_notes\caddointerior_r2_c6_f2.gif.mno <-- texasbeyondhistory /export/httpd/vhosts/texasbeyondhistory/data/kids/caddo/images/img/_notes caddointerior_r2_c6_f2.gif.mno
2005.06.19 11:21 B L:\TBH Website Temp\kids\caddo\images\img\_notes\caddointerior_r2_c6_f3.gif.mno <-- texasbeyondhistory /export/httpd/vhosts/texasbeyondhistory/data/kids/caddo/images/img/_notes caddointerior_r2_c6_f3.gif.mno
2005.06.19 11:21 B L:\TBH Website Temp\kids\caddo\images\img\_notes\caddointerior_r2_c6_f4.gif.mno <-- texasbeyondhistory /export/httpd/vhosts/texasbeyondhistory/data/kids/caddo/images/img/_notes caddointerior_r2_c6_f4.gif.mno
2005.06.19 11:21 B L:\TBH Website Temp\kids\caddo\images\img\_notes\caddointerior_r2_c7.gif.mno <-- texasbeyondhistory /export/httpd/vhosts/texasbeyondhistory/data/kids/caddo/images/img/_notes caddointerior_r2_c7.gif.mno
2005.06.19 11:21 B L:\TBH Website Temp\kids\caddo\images\img\_notes\caddointerior_r3_c2.gif.mno <-- texasbeyondhistory /export/httpd/vhosts/texasbeyondhistory/data/kids/caddo/images/img/_notes caddointerior_r3_c2.gif.mno
2005.06.19 11:21 B L:\TBH Website Temp\kids\caddo\images\img\_notes\caddointerior_r3_c6.gif.mno <-- texasbeyondhistory /export/httpd/vhosts/texasbeyondhistory/data/kids/caddo/images/img/_notes caddointerior_r3_c6.gif.mno
2005.06.19 11:21 B L:\TBH Website Temp\kids\caddo\images\img\_notes\caddointerior_r4_c1.gif.mno <-- texasbeyondhistory /export/httpd/vhosts/texasbeyondhistory/data/kids/caddo/images/img/_notes caddointerior_r4_c1.gif.mno
2005.06.19 11:21 B L:\TBH Website Temp\kids\caddo\images\img\_notes\caddointerior_r4_c2.gif.mno <-- texasbeyondhistory /export/httpd/vhosts/texasbeyondhistory/data/kids/caddo/images/img/_notes caddointerior_r4_c2.gif.mno
2005.06.19 11:21 B L:\TBH Website Temp\kids\caddo\images\img\_notes\caddointerior_r4_c2_f2.gif.mno <-- texasbeyondhistory /export/httpd/vhosts/texasbeyondhistory/data/kids/caddo/images/img/_notes caddointerior_r4_c2_f2.gif.mno
2005.06.19 11:21 B L:\TBH Website Temp\kids\caddo\images\img\_notes\caddointerior_r4_c3.gif.mno <-- texasbeyondhistory /export/httpd/vhosts/texasbeyondhistory/data/kids/caddo/images/img/_notes caddointerior_r4_c3.gif.mno
2005.06.19 11:21 B L:\TBH Website Temp\kids\caddo\images\img\_notes\caddointerior_r5_c2.gif.mno <-- texasbeyondhistory /export/httpd/vhosts/texasbeyondhistory/data/kids/caddo/images/img/_notes caddointerior_r5_c2.gif.mno
2005.06.19 11:21 B L:\TBH Website Temp\kids\caddo\images\img\_notes\caddointerior_r6_c3.gif.mno <-- texasbeyondhistory /export/httpd/vhosts/texasbeyondhistory/data/kids/caddo/images/img/_notes caddointerior_r6_c3.gif.mno
2005.06.19 11:21 B L:\TBH Website Temp\kids\caddo\images\img\_notes\caddointerior_r6_c4.gif.mno <-- texasbeyondhistory /export/httpd/vhosts/texasbeyondhistory/data/kids/caddo/images/img/_notes caddointerior_r6_c4.gif.mno
2005.06.19 11:21 B L:\TBH Website Temp\kids\caddo\images\img\_notes\caddointerior_r6_c4_f2.gif.mno <-- texasbeyondhistory /export/httpd/vhosts/texasbeyondhistory/data/kids/caddo/images/img/_notes caddointerior_r6_c4_f2.gif.mno
2005.06.19 11:21 B L:\TBH Website Temp\kids\caddo\images\img\_notes\caddointerior_r6_c5.gif.mno <-- texasbeyondhistory /export/httpd/vhosts/texasbeyondhistory/data/kids/caddo/images/img/_notes caddointerior_r6_c5.gif.mno
2005.06.19 11:21 B L:\TBH Website Temp\kids\caddo\images\img\_notes\caddointerior_r7_c4.gif.mno <-- texasbeyondhistory /export/httpd/vhosts/texasbeyondhistory/data/kids/caddo/images/img/_notes caddointerior_r7_c4.gif.mno
2005.06.19 11:21 B L:\TBH Website Temp\kids\caddo\images\img\_notes\index.jpg.mno <-- texasbeyondhistory /export/httpd/vhosts/texasbeyondhistory/data/kids/caddo/images/img/_notes index.jpg.mno
2005.06.19 11:21 B L:\TBH Website Temp\kids\caddo\images\img\_notes\index_f2.jpg.mno <-- texasbeyondhistory /export/httpd/vhosts/texasbeyondhistory/data/kids/caddo/images/img/_notes index_f2.jpg.mno
2005.08.18 12:24 B L:\TBH Website Temp\kids\caddo\images\img\_notes\WS_FTP.LOG --> uts.cc.utexas.edu /export/httpd/vhosts/texasbeyondhistory/data/kids/caddo/images/img/_notes WS_FTP.LOG
2005.08.18 12:24 B L:\TBH Website Temp\kids\caddo\images\img\_notes\index_r9_c1.jpg.mno --> uts.cc.utexas.edu /export/httpd/vhosts/texasbeyondhistory/data/kids/caddo/images/img/_notes index_r9_c1.jpg.mno
2005.08.18 12:24 B L:\TBH Website Temp\kids\caddo\images\img\_notes\index_r8_c8.jpg.mno --> uts.cc.utexas.edu /export/httpd/vhosts/texasbeyondhistory/data/kids/caddo/images/img/_notes index_r8_c8.jpg.mno
2005.08.18 12:24 B L:\TBH Website Temp\kids\caddo\images\img\_notes\index_r7_c7.jpg.mno --> uts.cc.utexas.edu /export/httpd/vhosts/texasbeyondhistory/data/kids/caddo/images/img/_notes index_r7_c7.jpg.mno
2005.08.18 12:24 B L:\TBH Website Temp\kids\caddo\images\img\_notes\index_r7_c4_f2.jpg.mno --> uts.cc.utexas.edu /export/httpd/vhosts/texasbeyondhistory/data/kids/caddo/images/img/_notes index_r7_c4_f2.jpg.mno
2005.08.18 12:24 B L:\TBH Website Temp\kids\caddo\images\img\_notes\index_r7_c4.jpg.mno --> uts.cc.utexas.edu /export/httpd/vhosts/texasbeyondhistory/data/kids/caddo/images/img/_notes index_r7_c4.jpg.mno
2005.08.18 12:24 B L:\TBH Website Temp\kids\caddo\images\img\_notes\index_r7_c3.jpg.mno --> uts.cc.utexas.edu /export/httpd/vhosts/texasbeyondhistory/data/kids/caddo/images/img/_notes index_r7_c3.jpg.mno
2005.08.18 12:24 B L:\TBH Website Temp\kids\caddo\images\img\_notes\index_r6_c3.jpg.mno --> uts.cc.utexas.edu /export/httpd/vhosts/texasbeyondhistory/data/kids/caddo/images/img/_notes index_r6_c3.jpg.mno
2005.08.18 12:24 B L:\TBH Website Temp\kids\caddo\images\img\_notes\index_r6_c1_f2.jpg.mno --> uts.cc.utexas.edu /export/httpd/vhosts/texasbeyondhistory/data/kids/caddo/images/img/_notes index_r6_c1_f2.jpg.mno
2005.08.18 12:24 B L:\TBH Website Temp\kids\caddo\images\img\_notes\index_r6_c1.jpg.mno --> uts.cc.utexas.edu /export/httpd/vhosts/texasbeyondhistory/data/kids/caddo/images/img/_notes index_r6_c1.jpg.mno
2005.08.18 12:24 B L:\TBH Website Temp\kids\caddo\images\img\_notes\index_r5_c8_f2.jpg.mno --> uts.cc.utexas.edu /export/httpd/vhosts/texasbeyondhistory/data/kids/caddo/images/img/_notes index_r5_c8_f2.jpg.mno
2005.08.18 12:24 B L:\TBH Website Temp\kids\caddo\images\img\_notes\index_r5_c8.jpg.mno --> uts.cc.utexas.edu /export/httpd/vhosts/texasbeyondhistory/data/kids/caddo/images/img/_notes index_r5_c8.jpg.mno
2005.08.18 12:24 B L:\TBH Website Temp\kids\caddo\images\img\_notes\index_r5_c6.jpg.mno --> uts.cc.utexas.edu /export/httpd/vhosts/texasbeyondhistory/data/kids/caddo/images/img/_notes index_r5_c6.jpg.mno
2005.08.18 12:24 B L:\TBH Website Temp\kids\caddo\images\img\_notes\index_r4_c6.jpg.mno --> uts.cc.utexas.edu /export/httpd/vhosts/texasbeyondhistory/data/kids/caddo/images/img/_notes index_r4_c6.jpg.mno
2005.08.18 12:24 B L:\TBH Website Temp\kids\caddo\images\img\_notes\index_r3_c2.jpg.mno --> uts.cc.utexas.edu /export/httpd/vhosts/texasbeyondhistory/data/kids/caddo/images/img/_notes index_r3_c2.jpg.mno
2005.08.18 12:24 B L:\TBH Website Temp\kids\caddo\images\img\_notes\index_r2_c9.jpg.mno --> uts.cc.utexas.edu /export/httpd/vhosts/texasbeyondhistory/data/kids/caddo/images/img/_notes index_r2_c9.jpg.mno
2005.08.18 12:24 B L:\TBH Website Temp\kids\caddo\images\img\_notes\index_r2_c6_f2.jpg.mno --> uts.cc.utexas.edu /export/httpd/vhosts/texasbeyondhistory/data/kids/caddo/images/img/_notes index_r2_c6_f2.jpg.mno
2005.08.18 12:24 B L:\TBH Website Temp\kids\caddo\images\img\_notes\index_r2_c6.jpg.mno --> uts.cc.utexas.edu /export/httpd/vhosts/texasbeyondhistory/data/kids/caddo/images/img/_notes index_r2_c6.jpg.mno
2005.08.18 12:24 B L:\TBH Website Temp\kids\caddo\images\img\_notes\index_r2_c5.jpg.mno --> uts.cc.utexas.edu /export/httpd/vhosts/texasbeyondhistory/data/kids/caddo/images/img/_notes index_r2_c5.jpg.mno
2005.08.18 12:24 B L:\TBH Website Temp\kids\caddo\images\img\_notes\index_r1_c5.jpg.mno --> uts.cc.utexas.edu /export/httpd/vhosts/texasbeyondhistory/data/kids/caddo/images/img/_notes index_r1_c5.jpg.mno
2005.08.18 12:24 B L:\TBH Website Temp\kids\caddo\images\img\_notes\index_r1_c2_f2.jpg.mno --> uts.cc.utexas.edu /export/httpd/vhosts/texasbeyondhistory/data/kids/caddo/images/img/_notes index_r1_c2_f2.jpg.mno
2005.08.18 12:24 B L:\TBH Website Temp\kids\caddo\images\img\_notes\index_r1_c2.jpg.mno --> uts.cc.utexas.edu /export/httpd/vhosts/texasbeyondhistory/data/kids/caddo/images/img/_notes index_r1_c2.jpg.mno
2005.08.18 12:24 B L:\TBH Website Temp\kids\caddo\images\img\_notes\index_r1_c1.jpg.mno --> uts.cc.utexas.edu /export/httpd/vhosts/texasbeyondhistory/data/kids/caddo/images/img/_notes index_r1_c1.jpg.mno
2006.09.29 17:13 B L:\TBH Website Temp\kids\caddo\images\img\_notes\WS_FTP.LOG --> uts.cc.utexas.edu /export/httpd/vhosts/texasbeyondhistory/data/kids/caddo/images/img/_notes WS_FTP.LOG
2007.05.02 16:04 B V:\TBH Website Temp\kids\caddo\images\img\_notes\caddointerior_r1_c1.gif.mno --> uts.cc.utexas.edu /export/httpd/vhosts/texasbeyondhistory/data/kids/caddo/images/img/_notes caddointerior_r1_c1.gif.mno
2007.05.02 16:04 B V:\TBH Website Temp\kids\caddo\images\img\_notes\caddointerior_r2_c1.gif.mno --> uts.cc.utexas.edu /export/httpd/vhosts/texasbeyondhistory/data/kids/caddo/images/img/_notes caddointerior_r2_c1.gif.mno
2007.05.02 16:04 B V:\TBH Website Temp\kids\caddo\images\img\_notes\caddointerior_r2_c2.gif.mno --> uts.cc.utexas.edu /export/httpd/vhosts/texasbeyondhistory/data/kids/caddo/images/img/_notes caddointerior_r2_c2.gif.mno
2007.05.02 16:04 B V:\TBH Website Temp\kids\caddo\images\img\_notes\caddointerior_r2_c2_f2.gif.mno --> uts.cc.utexas.edu /export/httpd/vhosts/texasbeyondhistory/data/kids/caddo/images/img/_notes caddointerior_r2_c2_f2.gif.mno
2007.05.02 16:04 B V:\TBH Website Temp\kids\caddo\images\img\_notes\caddointerior_r2_c2_f3.gif.mno --> uts.cc.utexas.edu /export/httpd/vhosts/texasbeyondhistory/data/kids/caddo/images/img/_notes caddointerior_r2_c2_f3.gif.mno
2007.05.02 16:04 B V:\TBH Website Temp\kids\caddo\images\img\_notes\caddointerior_r2_c2_f4.gif.mno --> uts.cc.utexas.edu /export/httpd/vhosts/texasbeyondhistory/data/kids/caddo/images/img/_notes caddointerior_r2_c2_f4.gif.mno
2007.05.02 16:04 B V:\TBH Website Temp\kids\caddo\images\img\_notes\caddointerior_r2_c3.gif.mno --> uts.cc.utexas.edu /export/httpd/vhosts/texasbeyondhistory/data/kids/caddo/images/img/_notes caddointerior_r2_c3.gif.mno
2007.05.02 16:04 B V:\TBH Website Temp\kids\caddo\images\img\_notes\caddointerior_r2_c6.gif.mno --> uts.cc.utexas.edu /export/httpd/vhosts/texasbeyondhistory/data/kids/caddo/images/img/_notes caddointerior_r2_c6.gif.mno
2007.05.02 16:04 B V:\TBH Website Temp\kids\caddo\images\img\_notes\caddointerior_r2_c6_f2.gif.mno --> uts.cc.utexas.edu /export/httpd/vhosts/texasbeyondhistory/data/kids/caddo/images/img/_notes caddointerior_r2_c6_f2.gif.mno
2007.05.02 16:04 B V:\TBH Website Temp\kids\caddo\images\img\_notes\caddointerior_r2_c6_f3.gif.mno --> uts.cc.utexas.edu /export/httpd/vhosts/texasbeyondhistory/data/kids/caddo/images/img/_notes caddointerior_r2_c6_f3.gif.mno
2007.05.02 16:04 B V:\TBH Website Temp\kids\caddo\images\img\_notes\caddointerior_r2_c6_f4.gif.mno --> uts.cc.utexas.edu /export/httpd/vhosts/texasbeyondhistory/data/kids/caddo/images/img/_notes caddointerior_r2_c6_f4.gif.mno
2007.05.02 16:04 B V:\TBH Website Temp\kids\caddo\images\img\_notes\caddointerior_r2_c7.gif.mno --> uts.cc.utexas.edu /export/httpd/vhosts/texasbeyondhistory/data/kids/caddo/images/img/_notes caddointerior_r2_c7.gif.mno
2007.05.02 16:04 B V:\TBH Website Temp\kids\caddo\images\img\_notes\caddointerior_r3_c2.gif.mno --> uts.cc.utexas.edu /export/httpd/vhosts/texasbeyondhistory/data/kids/caddo/images/img/_notes caddointerior_r3_c2.gif.mno
2007.05.02 16:04 B V:\TBH Website Temp\kids\caddo\images\img\_notes\caddointerior_r3_c6.gif.mno --> uts.cc.utexas.edu /export/httpd/vhosts/texasbeyondhistory/data/kids/caddo/images/img/_notes caddointerior_r3_c6.gif.mno
2007.05.02 16:04 B V:\TBH Website Temp\kids\caddo\images\img\_notes\caddointerior_r4_c1.gif.mno --> uts.cc.utexas.edu /export/httpd/vhosts/texasbeyondhistory/data/kids/caddo/images/img/_notes caddointerior_r4_c1.gif.mno
2007.05.02 16:04 B V:\TBH Website Temp\kids\caddo\images\img\_notes\caddointerior_r4_c2.gif.mno --> uts.cc.utexas.edu /export/httpd/vhosts/texasbeyondhistory/data/kids/caddo/images/img/_notes caddointerior_r4_c2.gif.mno
2007.05.02 16:04 B V:\TBH Website Temp\kids\caddo\images\img\_notes\caddointerior_r4_c2_f2.gif.mno --> uts.cc.utexas.edu /export/httpd/vhosts/texasbeyondhistory/data/kids/caddo/images/img/_notes caddointerior_r4_c2_f2.gif.mno
2007.05.02 16:04 B V:\TBH Website Temp\kids\caddo\images\img\_notes\caddointerior_r4_c3.gif.mno --> uts.cc.utexas.edu /export/httpd/vhosts/texasbeyondhistory/data/kids/caddo/images/img/_notes caddointerior_r4_c3.gif.mno
2007.05.02 16:04 B V:\TBH Website Temp\kids\caddo\images\img\_notes\caddointerior_r5_c2.gif.mno --> uts.cc.utexas.edu /export/httpd/vhosts/texasbeyondhistory/data/kids/caddo/images/img/_notes caddointerior_r5_c2.gif.mno
2007.05.02 16:04 B V:\TBH Website Temp\kids\caddo\images\img\_notes\caddointerior_r6_c3.gif.mno --> uts.cc.utexas.edu /export/httpd/vhosts/texasbeyondhistory/data/kids/caddo/images/img/_notes caddointerior_r6_c3.gif.mno
2007.05.02 16:04 B V:\TBH Website Temp\kids\caddo\images\img\_notes\caddointerior_r6_c4.gif.mno --> uts.cc.utexas.edu /export/httpd/vhosts/texasbeyondhistory/data/kids/caddo/images/img/_notes caddointerior_r6_c4.gif.mno
2007.05.02 16:04 B V:\TBH Website Temp\kids\caddo\images\img\_notes\caddointerior_r6_c4_f2.gif.mno --> uts.cc.utexas.edu /export/httpd/vhosts/texasbeyondhistory/data/kids/caddo/images/img/_notes caddointerior_r6_c4_f2.gif.mno
2007.05.02 16:04 B V:\TBH Website Temp\kids\caddo\images\img\_notes\caddointerior_r6_c5.gif.mno --> uts.cc.utexas.edu /export/httpd/vhosts/texasbeyondhistory/data/kids/caddo/images/img/_notes caddointerior_r6_c5.gif.mno
2007.05.02 16:04 B V:\TBH Website Temp\kids\caddo\images\img\_notes\caddointerior_r7_c4.gif.mno --> uts.cc.utexas.edu /export/httpd/vhosts/texasbeyondhistory/data/kids/caddo/images/img/_notes caddointerior_r7_c4.gif.mno
2007.05.02 16:04 B V:\TBH Website Temp\kids\caddo\images\img\_notes\index.jpg.mno --> uts.cc.utexas.edu /export/httpd/vhosts/texasbeyondhistory/data/kids/caddo/images/img/_notes index.jpg.mno
2007.05.02 16:04 B V:\TBH Website Temp\kids\caddo\images\img\_notes\index_f2.jpg.mno --> uts.cc.utexas.edu /export/httpd/vhosts/texasbeyondhistory/data/kids/caddo/images/img/_notes index_f2.jpg.mno
2007.05.02 16:04 B V:\TBH Website Temp\kids\caddo\images\img\_notes\index_r1_c1.jpg.mno --> uts.cc.utexas.edu /export/httpd/vhosts/texasbeyondhistory/data/kids/caddo/images/img/_notes index_r1_c1.jpg.mno
2007.05.02 16:04 B V:\TBH Website Temp\kids\caddo\images\img\_notes\index_r1_c2.jpg.mno --> uts.cc.utexas.edu /export/httpd/vhosts/texasbeyondhistory/data/kids/caddo/images/img/_notes index_r1_c2.jpg.mno
2007.05.02 16:04 B V:\TBH Website Temp\kids\caddo\images\img\_notes\index_r1_c2_f2.jpg.mno --> uts.cc.utexas.edu /export/httpd/vhosts/texasbeyondhistory/data/kids/caddo/images/img/_notes index_r1_c2_f2.jpg.mno
2007.05.02 16:04 B V:\TBH Website Temp\kids\caddo\images\img\_notes\index_r1_c5.jpg.mno --> uts.cc.utexas.edu /export/httpd/vhosts/texasbeyondhistory/data/kids/caddo/images/img/_notes index_r1_c5.jpg.mno
2007.05.02 16:04 B V:\TBH Website Temp\kids\caddo\images\img\_notes\index_r2_c5.jpg.mno --> uts.cc.utexas.edu /export/httpd/vhosts/texasbeyondhistory/data/kids/caddo/images/img/_notes index_r2_c5.jpg.mno
2007.05.02 16:04 B V:\TBH Website Temp\kids\caddo\images\img\_notes\index_r2_c6.jpg.mno --> uts.cc.utexas.edu /export/httpd/vhosts/texasbeyondhistory/data/kids/caddo/images/img/_notes index_r2_c6.jpg.mno
2007.05.02 16:04 B V:\TBH Website Temp\kids\caddo\images\img\_notes\index_r2_c6_f2.jpg.mno --> uts.cc.utexas.edu /export/httpd/vhosts/texasbeyondhistory/data/kids/caddo/images/img/_notes index_r2_c6_f2.jpg.mno
2007.05.02 16:04 B V:\TBH Website Temp\kids\caddo\images\img\_notes\index_r2_c9.jpg.mno --> uts.cc.utexas.edu /export/httpd/vhosts/texasbeyondhistory/data/kids/caddo/images/img/_notes index_r2_c9.jpg.mno
2007.05.02 16:04 B V:\TBH Website Temp\kids\caddo\images\img\_notes\index_r3_c2.jpg.mno --> uts.cc.utexas.edu /export/httpd/vhosts/texasbeyondhistory/data/kids/caddo/images/img/_notes index_r3_c2.jpg.mno
2007.05.02 16:04 B V:\TBH Website Temp\kids\caddo\images\img\_notes\index_r4_c6.jpg.mno --> uts.cc.utexas.edu /export/httpd/vhosts/texasbeyondhistory/data/kids/caddo/images/img/_notes index_r4_c6.jpg.mno
2007.05.02 16:04 B V:\TBH Website Temp\kids\caddo\images\img\_notes\index_r5_c6.jpg.mno --> uts.cc.utexas.edu /export/httpd/vhosts/texasbeyondhistory/data/kids/caddo/images/img/_notes index_r5_c6.jpg.mno
2007.05.02 16:04 B V:\TBH Website Temp\kids\caddo\images\img\_notes\index_r5_c8.jpg.mno --> uts.cc.utexas.edu /export/httpd/vhosts/texasbeyondhistory/data/kids/caddo/images/img/_notes index_r5_c8.jpg.mno
2007.05.02 16:04 B V:\TBH Website Temp\kids\caddo\images\img\_notes\index_r5_c8_f2.jpg.mno --> uts.cc.utexas.edu /export/httpd/vhosts/texasbeyondhistory/data/kids/caddo/images/img/_notes index_r5_c8_f2.jpg.mno
2007.05.02 16:04 B V:\TBH Website Temp\kids\caddo\images\img\_notes\index_r6_c1.jpg.mno --> uts.cc.utexas.edu /export/httpd/vhosts/texasbeyondhistory/data/kids/caddo/images/img/_notes index_r6_c1.jpg.mno
2007.05.02 16:04 B V:\TBH Website Temp\kids\caddo\images\img\_notes\index_r6_c1_f2.jpg.mno --> uts.cc.utexas.edu /export/httpd/vhosts/texasbeyondhistory/data/kids/caddo/images/img/_notes index_r6_c1_f2.jpg.mno
2007.05.02 16:04 B V:\TBH Website Temp\kids\caddo\images\img\_notes\index_r6_c3.jpg.mno --> uts.cc.utexas.edu /export/httpd/vhosts/texasbeyondhistory/data/kids/caddo/images/img/_notes index_r6_c3.jpg.mno
2007.05.02 16:04 B V:\TBH Website Temp\kids\caddo\images\img\_notes\index_r7_c3.jpg.mno --> uts.cc.utexas.edu /export/httpd/vhosts/texasbeyondhistory/data/kids/caddo/images/img/_notes index_r7_c3.jpg.mno
2007.05.02 16:04 B V:\TBH Website Temp\kids\caddo\images\img\_notes\index_r7_c4.jpg.mno --> uts.cc.utexas.edu /export/httpd/vhosts/texasbeyondhistory/data/kids/caddo/images/img/_notes index_r7_c4.jpg.mno
2007.05.02 16:04 B V:\TBH Website Temp\kids\caddo\images\img\_notes\index_r7_c4_f2.jpg.mno --> uts.cc.utexas.edu /export/httpd/vhosts/texasbeyondhistory/data/kids/caddo/images/img/_notes index_r7_c4_f2.jpg.mno
2007.05.02 16:04 B V:\TBH Website Temp\kids\caddo\images\img\_notes\index_r7_c7.jpg.mno --> uts.cc.utexas.edu /export/httpd/vhosts/texasbeyondhistory/data/kids/caddo/images/img/_notes index_r7_c7.jpg.mno
2007.05.02 16:04 B V:\TBH Website Temp\kids\caddo\images\img\_notes\index_r8_c8.jpg.mno --> uts.cc.utexas.edu /export/httpd/vhosts/texasbeyondhistory/data/kids/caddo/images/img/_notes index_r8_c8.jpg.mno
2007.05.02 16:04 B V:\TBH Website Temp\kids\caddo\images\img\_notes\index_r9_c1.jpg.mno --> uts.cc.utexas.edu /export/httpd/vhosts/texasbeyondhistory/data/kids/caddo/images/img/_notes index_r9_c1.jpg.mno
