2006.04.14 16:40 B L:\TBH Website Temp\st-plains\nature\index.html --> uts.cc.utexas.edu /export/httpd/vhosts/texasbeyondhistory/data/protect/st-plains/nature index.html
2006.04.26 16:16 B V:\TBH Website Temp\st-plains\nature\WS_FTP.LOG --> uts.cc.utexas.edu /export/httpd/vhosts/texasbeyondhistory/data/st-plains/nature WS_FTP.LOG
2006.04.26 16:16 B V:\TBH Website Temp\st-plains\nature\index.html --> uts.cc.utexas.edu /export/httpd/vhosts/texasbeyondhistory/data/st-plains/nature index.html
2006.09.17 19:49 B L:\TBH Website Temp\st-plains\nature\animals.html --> uts.cc.utexas.edu /export/httpd/vhosts/texasbeyondhistory/data/protect/st-plains/nature animals.html
2006.09.17 19:49 B L:\TBH Website Temp\st-plains\nature\credits.html --> uts.cc.utexas.edu /export/httpd/vhosts/texasbeyondhistory/data/protect/st-plains/nature credits.html
2006.09.17 19:49 B L:\TBH Website Temp\st-plains\nature\index.html --> uts.cc.utexas.edu /export/httpd/vhosts/texasbeyondhistory/data/protect/st-plains/nature index.html
2006.09.17 19:49 B L:\TBH Website Temp\st-plains\nature\plants.html --> uts.cc.utexas.edu /export/httpd/vhosts/texasbeyondhistory/data/protect/st-plains/nature plants.html
2006.09.17 19:49 B L:\TBH Website Temp\st-plains\nature\rocks.html --> uts.cc.utexas.edu /export/httpd/vhosts/texasbeyondhistory/data/protect/st-plains/nature rocks.html
2006.09.17 19:49 B L:\TBH Website Temp\st-plains\nature\WS_FTP.LOG --> uts.cc.utexas.edu /export/httpd/vhosts/texasbeyondhistory/data/protect/st-plains/nature WS_FTP.LOG
2006.09.17 20:09 B L:\TBH Website Temp\st-plains\nature\WS_FTP.LOG --> uts.cc.utexas.edu /export/httpd/vhosts/texasbeyondhistory/data/st-plains/nature WS_FTP.LOG
2006.09.17 20:09 B L:\TBH Website Temp\st-plains\nature\rocks.html --> uts.cc.utexas.edu /export/httpd/vhosts/texasbeyondhistory/data/st-plains/nature rocks.html
2006.09.17 20:09 B L:\TBH Website Temp\st-plains\nature\index.html --> uts.cc.utexas.edu /export/httpd/vhosts/texasbeyondhistory/data/st-plains/nature index.html
2006.09.17 20:09 B L:\TBH Website Temp\st-plains\nature\plants.html --> uts.cc.utexas.edu /export/httpd/vhosts/texasbeyondhistory/data/st-plains/nature plants.html
2006.09.17 20:09 B L:\TBH Website Temp\st-plains\nature\credits.html --> uts.cc.utexas.edu /export/httpd/vhosts/texasbeyondhistory/data/st-plains/nature credits.html
2006.09.17 20:09 B L:\TBH Website Temp\st-plains\nature\animals.html --> uts.cc.utexas.edu /export/httpd/vhosts/texasbeyondhistory/data/st-plains/nature animals.html
2006.09.18 14:43 B L:\TBH Website Temp\st-plains\nature\rocks.html --> uts.cc.utexas.edu /export/httpd/vhosts/texasbeyondhistory/data/st-plains/nature rocks.html
2006.09.18 14:43 B L:\TBH Website Temp\st-plains\nature\plants.html --> uts.cc.utexas.edu /export/httpd/vhosts/texasbeyondhistory/data/st-plains/nature plants.html
2006.09.18 14:43 B L:\TBH Website Temp\st-plains\nature\credits.html --> uts.cc.utexas.edu /export/httpd/vhosts/texasbeyondhistory/data/st-plains/nature credits.html
2006.09.18 14:43 B L:\TBH Website Temp\st-plains\nature\animals.html --> uts.cc.utexas.edu /export/httpd/vhosts/texasbeyondhistory/data/st-plains/nature animals.html
2006.09.18 14:43 B L:\TBH Website Temp\st-plains\nature\index.html --> uts.cc.utexas.edu /export/httpd/vhosts/texasbeyondhistory/data/st-plains/nature index.html
2006.09.18 16:55 B L:\TBH Website Temp\st-plains\nature\rocks.html --> uts.cc.utexas.edu /export/httpd/vhosts/texasbeyondhistory/data/st-plains/nature rocks.html
2006.09.18 16:55 B L:\TBH Website Temp\st-plains\nature\plants.html --> uts.cc.utexas.edu /export/httpd/vhosts/texasbeyondhistory/data/st-plains/nature plants.html
2006.09.18 16:55 B L:\TBH Website Temp\st-plains\nature\index.html --> uts.cc.utexas.edu /export/httpd/vhosts/texasbeyondhistory/data/st-plains/nature index.html
2006.09.18 16:55 B L:\TBH Website Temp\st-plains\nature\credits.html --> uts.cc.utexas.edu /export/httpd/vhosts/texasbeyondhistory/data/st-plains/nature credits.html
2006.09.18 16:55 B L:\TBH Website Temp\st-plains\nature\animals.html --> uts.cc.utexas.edu /export/httpd/vhosts/texasbeyondhistory/data/st-plains/nature animals.html
2006.09.19 16:13 B V:\TBH Website Temp\st-plains\nature\plants.html --> uts.cc.utexas.edu /export/httpd/vhosts/texasbeyondhistory/data plants.html
2006.09.19 21:02 B L:\TBH Website Temp\st-plains\nature\WS_FTP.LOG --> uts.cc.utexas.edu /export/httpd/vhosts/texasbeyondhistory/data/st-plains/nature WS_FTP.LOG
2006.09.20 15:38 B L:\TBH Website Temp\st-plains\nature\animals.html --> uts.cc.utexas.edu /export/httpd/vhosts/texasbeyondhistory/data/st-plains/nature animals.html
2006.09.20 15:38 B L:\TBH Website Temp\st-plains\nature\credits.html --> uts.cc.utexas.edu /export/httpd/vhosts/texasbeyondhistory/data/st-plains/nature credits.html
2006.09.20 15:38 B L:\TBH Website Temp\st-plains\nature\index.html --> uts.cc.utexas.edu /export/httpd/vhosts/texasbeyondhistory/data/st-plains/nature index.html
2006.09.20 15:38 B L:\TBH Website Temp\st-plains\nature\plants.html --> uts.cc.utexas.edu /export/httpd/vhosts/texasbeyondhistory/data/st-plains/nature plants.html
2006.09.20 15:38 B L:\TBH Website Temp\st-plains\nature\rocks.html --> uts.cc.utexas.edu /export/httpd/vhosts/texasbeyondhistory/data/st-plains/nature rocks.html
2006.09.20 15:38 B L:\TBH Website Temp\st-plains\nature\WS_FTP.LOG --> uts.cc.utexas.edu /export/httpd/vhosts/texasbeyondhistory/data/st-plains/nature WS_FTP.LOG
2006.09.20 15:53 B L:\TBH Website Temp\st-plains\nature\WS_FTP.LOG --> uts.cc.utexas.edu /export/httpd/vhosts/texasbeyondhistory/data/st-plains/nature WS_FTP.LOG
2006.09.21 15:52 B L:\TBH Website Temp\st-plains\nature\rocks.html --> uts.cc.utexas.edu /export/httpd/vhosts/texasbeyondhistory/data/st-plains/nature rocks.html
