2001.08.31 19:59 B D:\TBH Temp\graham\arrow.html <-- Texas Beyond History /Website Stuff/TBH Website Temp/graham arrow.html
2001.08.31 19:59 B D:\TBH Temp\graham\artifacts.html <-- Texas Beyond History /Website Stuff/TBH Website Temp/graham artifacts.html
2001.08.31 19:59 B D:\TBH Temp\graham\austin.html <-- Texas Beyond History /Website Stuff/TBH Website Temp/graham austin.html
2001.08.31 19:59 B D:\TBH Temp\graham\behind.html <-- Texas Beyond History /Website Stuff/TBH Website Temp/graham behind.html
2001.08.31 19:59 B D:\TBH Temp\graham\behind.html.LCK <-- Texas Beyond History /Website Stuff/TBH Website Temp/graham behind.html.LCK
2001.08.31 19:59 B D:\TBH Temp\graham\cooking.html <-- Texas Beyond History /Website Stuff/TBH Website Temp/graham cooking.html
2001.08.31 19:59 B D:\TBH Temp\graham\credits.html <-- Texas Beyond History /Website Stuff/TBH Website Temp/graham credits.html
2001.08.31 19:59 B D:\TBH Temp\graham\credits.html.LCK <-- Texas Beyond History /Website Stuff/TBH Website Temp/graham credits.html.LCK
2001.08.31 19:59 B D:\TBH Temp\graham\glass.html <-- Texas Beyond History /Website Stuff/TBH Website Temp/graham glass.html
2001.08.31 19:59 B D:\TBH Temp\graham\houses.html <-- Texas Beyond History /Website Stuff/TBH Website Temp/graham houses.html
2001.08.31 19:59 B D:\TBH Temp\graham\index.html <-- Texas Beyond History /Website Stuff/TBH Website Temp/graham index.html
2001.08.31 19:59 B D:\TBH Temp\graham\index.html.LCK <-- Texas Beyond History /Website Stuff/TBH Website Temp/graham index.html.LCK
2001.08.31 19:59 B D:\TBH Temp\graham\investigations.html <-- Texas Beyond History /Website Stuff/TBH Website Temp/graham investigations.html
2001.08.31 19:59 B D:\TBH Temp\graham\luas.html <-- Texas Beyond History /Website Stuff/TBH Website Temp/graham luas.html
2001.09.01 09:39 B D:\TBH Temp\graham\index.html <-- Texas Beyond History /Website Stuff/TBH Website Temp/graham index.html
2001.09.01 22:03 B D:\TBH Temp\graham\arrow.html --> uts.cc.utexas.edu /usr/pub/www/research/tarl/abouttarl/tbh/graham arrow.html
2001.09.01 22:03 B D:\TBH Temp\graham\artifacts.html --> uts.cc.utexas.edu /usr/pub/www/research/tarl/abouttarl/tbh/graham artifacts.html
2001.09.01 22:03 B D:\TBH Temp\graham\austin.html --> uts.cc.utexas.edu /usr/pub/www/research/tarl/abouttarl/tbh/graham austin.html
2001.09.01 22:03 B D:\TBH Temp\graham\behind.html --> uts.cc.utexas.edu /usr/pub/www/research/tarl/abouttarl/tbh/graham behind.html
2001.09.01 22:03 B D:\TBH Temp\graham\behind.html.LCK --> uts.cc.utexas.edu /usr/pub/www/research/tarl/abouttarl/tbh/graham behind.html.LCK
2001.09.01 22:03 B D:\TBH Temp\graham\cooking.html --> uts.cc.utexas.edu /usr/pub/www/research/tarl/abouttarl/tbh/graham cooking.html
2001.09.01 22:03 B D:\TBH Temp\graham\credits.html --> uts.cc.utexas.edu /usr/pub/www/research/tarl/abouttarl/tbh/graham credits.html
2001.09.01 22:03 B D:\TBH Temp\graham\credits.html.LCK --> uts.cc.utexas.edu /usr/pub/www/research/tarl/abouttarl/tbh/graham credits.html.LCK
2001.09.01 22:03 B D:\TBH Temp\graham\glass.html --> uts.cc.utexas.edu /usr/pub/www/research/tarl/abouttarl/tbh/graham glass.html
2001.09.01 22:03 B D:\TBH Temp\graham\houses.html --> uts.cc.utexas.edu /usr/pub/www/research/tarl/abouttarl/tbh/graham houses.html
2001.09.01 22:03 B D:\TBH Temp\graham\index.html --> uts.cc.utexas.edu /usr/pub/www/research/tarl/abouttarl/tbh/graham index.html
2001.09.01 22:03 B D:\TBH Temp\graham\index.html.LCK --> uts.cc.utexas.edu /usr/pub/www/research/tarl/abouttarl/tbh/graham index.html.LCK
2001.09.01 22:03 B D:\TBH Temp\graham\investigations.html --> uts.cc.utexas.edu /usr/pub/www/research/tarl/abouttarl/tbh/graham investigations.html
2001.09.01 22:03 B D:\TBH Temp\graham\luas.html --> uts.cc.utexas.edu /usr/pub/www/research/tarl/abouttarl/tbh/graham luas.html
2001.09.04 15:24 B M:\Website Stuff\graham\WS_FTP.LOG <-- TARLweb /usr/pub/www/research/tarl/abouttarl/tbh/graham WS_FTP.LOG
2001.09.04 16:31 B C:\WINDOWS\Desktop\TBH\TBH on TEXsite\graham\WS_FTP.LOG <-- TARL /Website Stuff/graham WS_FTP.LOG
2001.10.01 23:33 B C:\WINDOWS\Desktop\TBH\Recent\graham\arrow.html --> uts.cc.utexas.edu /export/httpd/vhosts/texasbeyondhistory/data/graham arrow.html
2001.10.01 23:33 B C:\WINDOWS\Desktop\TBH\Recent\graham\artifacts.html --> uts.cc.utexas.edu /export/httpd/vhosts/texasbeyondhistory/data/graham artifacts.html
2001.10.01 23:33 B C:\WINDOWS\Desktop\TBH\Recent\graham\austin.html --> uts.cc.utexas.edu /export/httpd/vhosts/texasbeyondhistory/data/graham austin.html
2001.10.01 23:33 B C:\WINDOWS\Desktop\TBH\Recent\graham\behind.html --> uts.cc.utexas.edu /export/httpd/vhosts/texasbeyondhistory/data/graham behind.html
2001.10.01 23:33 B C:\WINDOWS\Desktop\TBH\Recent\graham\behind.html.LCK.LCK --> uts.cc.utexas.edu /export/httpd/vhosts/texasbeyondhistory/data/graham behind.html.LCK.LCK
2001.10.01 23:33 B C:\WINDOWS\Desktop\TBH\Recent\graham\cooking.html --> uts.cc.utexas.edu /export/httpd/vhosts/texasbeyondhistory/data/graham cooking.html
2001.10.01 23:33 B C:\WINDOWS\Desktop\TBH\Recent\graham\cooking.html.LCK --> uts.cc.utexas.edu /export/httpd/vhosts/texasbeyondhistory/data/graham cooking.html.LCK
2001.10.01 23:33 B C:\WINDOWS\Desktop\TBH\Recent\graham\credits.html --> uts.cc.utexas.edu /export/httpd/vhosts/texasbeyondhistory/data/graham credits.html
2001.10.01 23:33 B C:\WINDOWS\Desktop\TBH\Recent\graham\credits.html.LCK.LCK --> uts.cc.utexas.edu /export/httpd/vhosts/texasbeyondhistory/data/graham credits.html.LCK.LCK
2001.10.01 23:33 B C:\WINDOWS\Desktop\TBH\Recent\graham\glass.html --> uts.cc.utexas.edu /export/httpd/vhosts/texasbeyondhistory/data/graham glass.html
2001.10.01 23:33 B C:\WINDOWS\Desktop\TBH\Recent\graham\houses.html --> uts.cc.utexas.edu /export/httpd/vhosts/texasbeyondhistory/data/graham houses.html
2001.10.01 23:33 B C:\WINDOWS\Desktop\TBH\Recent\graham\index.html --> uts.cc.utexas.edu /export/httpd/vhosts/texasbeyondhistory/data/graham index.html
2001.10.01 23:33 B C:\WINDOWS\Desktop\TBH\Recent\graham\index.html.LCK.LCK --> uts.cc.utexas.edu /export/httpd/vhosts/texasbeyondhistory/data/graham index.html.LCK.LCK
2001.10.01 23:33 B C:\WINDOWS\Desktop\TBH\Recent\graham\investigations.html --> uts.cc.utexas.edu /export/httpd/vhosts/texasbeyondhistory/data/graham investigations.html
2001.10.01 23:33 B C:\WINDOWS\Desktop\TBH\Recent\graham\luas.html --> uts.cc.utexas.edu /export/httpd/vhosts/texasbeyondhistory/data/graham luas.html
2001.10.11 14:55 B M:\Website Stuff\TBH Website Temp\graham\WS_FTP.LOG <-- texasbeyondhistory /export/httpd/vhosts/texasbeyondhistory/data/graham WS_FTP.LOG
2001.10.23 11:43 B G:\Website Stuff\TBH Website Temp\graham\behind.html --> uts.cc.utexas.edu /export/httpd/vhosts/texasbeyondhistory/data/graham behind.html
2001.11.02 13:59 B G:\Website Stuff\TBH Website Temp\graham\index.html --> uts.cc.utexas.edu /export/httpd/vhosts/texasbeyondhistory/data/graham index.html
2001.11.02 14:00 B G:\Website Stuff\TBH Website Temp\graham\index.html <-- texasbeyondhistory /export/httpd/vhosts/texasbeyondhistory/data/graham index.html
2001.12.18 16:10 B G:\Website Stuff\TBH Website Temp\graham\index.html --> uts.cc.utexas.edu /export/httpd/vhosts/texasbeyondhistory/data/graham index.html
2001.12.18 16:10 B G:\Website Stuff\TBH Website Temp\graham\austin.html --> uts.cc.utexas.edu /export/httpd/vhosts/texasbeyondhistory/data/graham austin.html
2001.12.19 11:28 B G:\Website Stuff\TBH Website Temp\graham\austin.html --> uts.cc.utexas.edu /export/httpd/vhosts/texasbeyondhistory/data/graham austin.html
2002.07.10 14:23 B G:\Website Stuff\TBH Website Temp\graham\cooking.html --> uts.cc.utexas.edu /export/httpd/vhosts/texasbeyondhistory/data/graham cooking.html
2002.07.10 14:24 B G:\Website Stuff\TBH Website Temp\graham\investigations.html --> uts.cc.utexas.edu /export/httpd/vhosts/texasbeyondhistory/data/graham investigations.html
2002.07.10 14:24 B G:\Website Stuff\TBH Website Temp\graham\artifacts.html --> uts.cc.utexas.edu /export/httpd/vhosts/texasbeyondhistory/data/graham artifacts.html
2004.02.23 08:59 B G:\Website Stuff\TBH Website Temp\graham\luas.html --> uts.cc.utexas.edu /export/httpd/vhosts/texasbeyondhistory/data/graham luas.html
2005.04.04 13:09 B L:\TBH Website Temp\graham\teach.html --> uts.cc.utexas.edu /export/httpd/vhosts/texasbeyondhistory/data/graham teach.html
2005.04.04 13:09 B L:\TBH Website Temp\graham\luas.html --> uts.cc.utexas.edu /export/httpd/vhosts/texasbeyondhistory/data/graham luas.html
2005.04.04 13:09 B L:\TBH Website Temp\graham\lesson.html --> uts.cc.utexas.edu /export/httpd/vhosts/texasbeyondhistory/data/graham lesson.html
2005.04.04 13:09 B L:\TBH Website Temp\graham\investigations.html --> uts.cc.utexas.edu /export/httpd/vhosts/texasbeyondhistory/data/graham investigations.html
2005.04.04 13:09 B L:\TBH Website Temp\graham\index.html --> uts.cc.utexas.edu /export/httpd/vhosts/texasbeyondhistory/data/graham index.html
2005.04.04 13:09 B L:\TBH Website Temp\graham\houses.html --> uts.cc.utexas.edu /export/httpd/vhosts/texasbeyondhistory/data/graham houses.html
2005.04.04 13:09 B L:\TBH Website Temp\graham\glass.html --> uts.cc.utexas.edu /export/httpd/vhosts/texasbeyondhistory/data/graham glass.html
2005.04.04 13:09 B L:\TBH Website Temp\graham\credits.html --> uts.cc.utexas.edu /export/httpd/vhosts/texasbeyondhistory/data/graham credits.html
2005.04.04 13:09 B L:\TBH Website Temp\graham\cooking.html --> uts.cc.utexas.edu /export/httpd/vhosts/texasbeyondhistory/data/graham cooking.html
2005.04.04 13:09 B L:\TBH Website Temp\graham\behind.html --> uts.cc.utexas.edu /export/httpd/vhosts/texasbeyondhistory/data/graham behind.html
2005.04.04 13:09 B L:\TBH Website Temp\graham\austin.html --> uts.cc.utexas.edu /export/httpd/vhosts/texasbeyondhistory/data/graham austin.html
2005.04.04 13:09 B L:\TBH Website Temp\graham\artifacts.html --> uts.cc.utexas.edu /export/httpd/vhosts/texasbeyondhistory/data/graham artifacts.html
2005.04.04 13:09 B L:\TBH Website Temp\graham\arrow.html --> uts.cc.utexas.edu /export/httpd/vhosts/texasbeyondhistory/data/graham arrow.html
