2007.03.12 16:05 B V:\TBH Website Temp\cabeza-cooking\images\beautypatch-sm.jpg --> uts.cc.utexas.edu /export/httpd/vhosts/texasbeyondhistory/data/protect/cabeza-cooking/images beautypatch-sm.jpg
2007.03.12 16:05 B V:\TBH Website Temp\cabeza-cooking\images\beautypatch.html --> uts.cc.utexas.edu /export/httpd/vhosts/texasbeyondhistory/data/protect/cabeza-cooking/images beautypatch.html
2007.03.12 16:05 B V:\TBH Website Temp\cabeza-cooking\images\beautypatch.jpg --> uts.cc.utexas.edu /export/httpd/vhosts/texasbeyondhistory/data/protect/cabeza-cooking/images beautypatch.jpg
2007.03.12 16:05 B V:\TBH Website Temp\cabeza-cooking\images\bison-sm.jpg --> uts.cc.utexas.edu /export/httpd/vhosts/texasbeyondhistory/data/protect/cabeza-cooking/images bison-sm.jpg
2007.03.12 16:05 B V:\TBH Website Temp\cabeza-cooking\images\bison.html --> uts.cc.utexas.edu /export/httpd/vhosts/texasbeyondhistory/data/protect/cabeza-cooking/images bison.html
2007.03.12 16:05 B V:\TBH Website Temp\cabeza-cooking\images\bison.jpg --> uts.cc.utexas.edu /export/httpd/vhosts/texasbeyondhistory/data/protect/cabeza-cooking/images bison.jpg
2007.03.12 16:05 B V:\TBH Website Temp\cabeza-cooking\images\blackberry-sm.jpg --> uts.cc.utexas.edu /export/httpd/vhosts/texasbeyondhistory/data/protect/cabeza-cooking/images blackberry-sm.jpg
2007.03.12 16:05 B V:\TBH Website Temp\cabeza-cooking\images\blackberry.html --> uts.cc.utexas.edu /export/httpd/vhosts/texasbeyondhistory/data/protect/cabeza-cooking/images blackberry.html
2007.03.12 16:05 B V:\TBH Website Temp\cabeza-cooking\images\blackberry.jpg --> uts.cc.utexas.edu /export/httpd/vhosts/texasbeyondhistory/data/protect/cabeza-cooking/images blackberry.jpg
2007.03.12 16:05 B V:\TBH Website Temp\cabeza-cooking\images\bookcover-sm.jpg --> uts.cc.utexas.edu /export/httpd/vhosts/texasbeyondhistory/data/protect/cabeza-cooking/images bookcover-sm.jpg
2007.03.12 16:05 B V:\TBH Website Temp\cabeza-cooking\images\bookcover.html --> uts.cc.utexas.edu /export/httpd/vhosts/texasbeyondhistory/data/protect/cabeza-cooking/images bookcover.html
2007.03.12 16:05 B V:\TBH Website Temp\cabeza-cooking\images\bookcover.jpg --> uts.cc.utexas.edu /export/httpd/vhosts/texasbeyondhistory/data/protect/cabeza-cooking/images bookcover.jpg
2007.03.12 16:05 B V:\TBH Website Temp\cabeza-cooking\images\brush-sm.jpg --> uts.cc.utexas.edu /export/httpd/vhosts/texasbeyondhistory/data/protect/cabeza-cooking/images brush-sm.jpg
2007.03.12 16:05 B V:\TBH Website Temp\cabeza-cooking\images\brush.html --> uts.cc.utexas.edu /export/httpd/vhosts/texasbeyondhistory/data/protect/cabeza-cooking/images brush.html
2007.03.12 16:05 B V:\TBH Website Temp\cabeza-cooking\images\brush.jpg --> uts.cc.utexas.edu /export/httpd/vhosts/texasbeyondhistory/data/protect/cabeza-cooking/images brush.jpg
2007.03.12 16:05 B V:\TBH Website Temp\cabeza-cooking\images\brush2-sm.jpg --> uts.cc.utexas.edu /export/httpd/vhosts/texasbeyondhistory/data/protect/cabeza-cooking/images brush2-sm.jpg
2007.03.12 16:05 B V:\TBH Website Temp\cabeza-cooking\images\brush2.jpg --> uts.cc.utexas.edu /export/httpd/vhosts/texasbeyondhistory/data/protect/cabeza-cooking/images brush2.jpg
2007.03.12 16:06 B V:\TBH Website Temp\cabeza-cooking\images\cabeza-kids.jpg --> uts.cc.utexas.edu /export/httpd/vhosts/texasbeyondhistory/data/protect/cabeza-cooking/images cabeza-kids.jpg
2007.03.12 16:06 B V:\TBH Website Temp\cabeza-cooking\images\camas-sm.jpg --> uts.cc.utexas.edu /export/httpd/vhosts/texasbeyondhistory/data/protect/cabeza-cooking/images camas-sm.jpg
2007.03.12 16:06 B V:\TBH Website Temp\cabeza-cooking\images\camas.html --> uts.cc.utexas.edu /export/httpd/vhosts/texasbeyondhistory/data/protect/cabeza-cooking/images camas.html
2007.03.12 16:06 B V:\TBH Website Temp\cabeza-cooking\images\camas.jpg --> uts.cc.utexas.edu /export/httpd/vhosts/texasbeyondhistory/data/protect/cabeza-cooking/images camas.jpg
2007.03.12 16:06 B V:\TBH Website Temp\cabeza-cooking\images\camera-button-ro-sm.jpg --> uts.cc.utexas.edu /export/httpd/vhosts/texasbeyondhistory/data/protect/cabeza-cooking/images camera-button-ro-sm.jpg
2007.03.12 16:06 B V:\TBH Website Temp\cabeza-cooking\images\camera-button-sm.jpg --> uts.cc.utexas.edu /export/httpd/vhosts/texasbeyondhistory/data/protect/cabeza-cooking/images camera-button-sm.jpg
2007.03.12 16:06 B V:\TBH Website Temp\cabeza-cooking\images\camp1-sm.jpg --> uts.cc.utexas.edu /export/httpd/vhosts/texasbeyondhistory/data/protect/cabeza-cooking/images camp1-sm.jpg
2007.03.12 16:06 B V:\TBH Website Temp\cabeza-cooking\images\camp1.html --> uts.cc.utexas.edu /export/httpd/vhosts/texasbeyondhistory/data/protect/cabeza-cooking/images camp1.html
2007.03.12 16:06 B V:\TBH Website Temp\cabeza-cooking\images\camp1.jpg --> uts.cc.utexas.edu /export/httpd/vhosts/texasbeyondhistory/data/protect/cabeza-cooking/images camp1.jpg
2007.03.12 16:06 B V:\TBH Website Temp\cabeza-cooking\images\cattail-sm.jpg --> uts.cc.utexas.edu /export/httpd/vhosts/texasbeyondhistory/data/protect/cabeza-cooking/images cattail-sm.jpg
2007.03.12 16:06 B V:\TBH Website Temp\cabeza-cooking\images\cattail.html --> uts.cc.utexas.edu /export/httpd/vhosts/texasbeyondhistory/data/protect/cabeza-cooking/images cattail.html
2007.03.12 16:06 B V:\TBH Website Temp\cabeza-cooking\images\cattail.jpg --> uts.cc.utexas.edu /export/httpd/vhosts/texasbeyondhistory/data/protect/cabeza-cooking/images cattail.jpg
2007.03.12 16:06 B V:\TBH Website Temp\cabeza-cooking\images\CdeV-sm.jpg --> uts.cc.utexas.edu /export/httpd/vhosts/texasbeyondhistory/data/protect/cabeza-cooking/images CdeV-sm.jpg
2007.03.12 16:06 B V:\TBH Website Temp\cabeza-cooking\images\CdeV.html --> uts.cc.utexas.edu /export/httpd/vhosts/texasbeyondhistory/data/protect/cabeza-cooking/images CdeV.html
2007.03.12 16:06 B V:\TBH Website Temp\cabeza-cooking\images\CdeV.jpg --> uts.cc.utexas.edu /export/httpd/vhosts/texasbeyondhistory/data/protect/cabeza-cooking/images CdeV.jpg
2007.03.12 16:06 B V:\TBH Website Temp\cabeza-cooking\images\coahuiltecan-sm.jpg --> uts.cc.utexas.edu /export/httpd/vhosts/texasbeyondhistory/data/protect/cabeza-cooking/images coahuiltecan-sm.jpg
2007.03.12 16:06 B V:\TBH Website Temp\cabeza-cooking\images\coahuiltecan.html --> uts.cc.utexas.edu /export/httpd/vhosts/texasbeyondhistory/data/protect/cabeza-cooking/images coahuiltecan.html
2007.03.12 16:06 B V:\TBH Website Temp\cabeza-cooking\images\coahuiltecan.jpg --> uts.cc.utexas.edu /export/httpd/vhosts/texasbeyondhistory/data/protect/cabeza-cooking/images coahuiltecan.jpg
2007.03.12 16:06 B V:\TBH Website Temp\cabeza-cooking\images\cooking-sm.jpg --> uts.cc.utexas.edu /export/httpd/vhosts/texasbeyondhistory/data/protect/cabeza-cooking/images cooking-sm.jpg
2007.03.12 16:06 B V:\TBH Website Temp\cabeza-cooking\images\cooking.html --> uts.cc.utexas.edu /export/httpd/vhosts/texasbeyondhistory/data/protect/cabeza-cooking/images cooking.html
2007.03.12 16:06 B V:\TBH Website Temp\cabeza-cooking\images\cooking.jpg --> uts.cc.utexas.edu /export/httpd/vhosts/texasbeyondhistory/data/protect/cabeza-cooking/images cooking.jpg
2007.03.12 16:06 B V:\TBH Website Temp\cabeza-cooking\images\deepsouth-quote1.jpg --> uts.cc.utexas.edu /export/httpd/vhosts/texasbeyondhistory/data/protect/cabeza-cooking/images deepsouth-quote1.jpg
2007.03.12 16:06 B V:\TBH Website Temp\cabeza-cooking\images\deepsouth-quote2.jpg --> uts.cc.utexas.edu /export/httpd/vhosts/texasbeyondhistory/data/protect/cabeza-cooking/images deepsouth-quote2.jpg
2007.03.12 16:06 B V:\TBH Website Temp\cabeza-cooking\images\deepsouth-quote3.jpg --> uts.cc.utexas.edu /export/httpd/vhosts/texasbeyondhistory/data/protect/cabeza-cooking/images deepsouth-quote3.jpg
2007.03.12 16:06 B V:\TBH Website Temp\cabeza-cooking\images\deepsouth-quote4.jpg --> uts.cc.utexas.edu /export/httpd/vhosts/texasbeyondhistory/data/protect/cabeza-cooking/images deepsouth-quote4.jpg
2007.03.12 16:06 B V:\TBH Website Temp\cabeza-cooking\images\deepsouth-quote5.jpg --> uts.cc.utexas.edu /export/httpd/vhosts/texasbeyondhistory/data/protect/cabeza-cooking/images deepsouth-quote5.jpg
2007.03.12 16:06 B V:\TBH Website Temp\cabeza-cooking\images\deepsouth-quote6.jpg --> uts.cc.utexas.edu /export/httpd/vhosts/texasbeyondhistory/data/protect/cabeza-cooking/images deepsouth-quote6.jpg
2007.03.12 16:06 B V:\TBH Website Temp\cabeza-cooking\images\deer-tpwd-sm.jpg --> uts.cc.utexas.edu /export/httpd/vhosts/texasbeyondhistory/data/protect/cabeza-cooking/images deer-tpwd-sm.jpg
2007.03.12 16:06 B V:\TBH Website Temp\cabeza-cooking\images\deer-tpwd.jpg --> uts.cc.utexas.edu /export/httpd/vhosts/texasbeyondhistory/data/protect/cabeza-cooking/images deer-tpwd.jpg
2007.03.12 16:06 B V:\TBH Website Temp\cabeza-cooking\images\deer.html --> uts.cc.utexas.edu /export/httpd/vhosts/texasbeyondhistory/data/protect/cabeza-cooking/images deer.html
2007.03.12 16:06 B V:\TBH Website Temp\cabeza-cooking\images\deGrazia20-sm.jpg --> uts.cc.utexas.edu /export/httpd/vhosts/texasbeyondhistory/data/protect/cabeza-cooking/images deGrazia20-sm.jpg
2007.03.12 16:06 B V:\TBH Website Temp\cabeza-cooking\images\deGrazia20.html --> uts.cc.utexas.edu /export/httpd/vhosts/texasbeyondhistory/data/protect/cabeza-cooking/images deGrazia20.html
2007.03.12 16:06 B V:\TBH Website Temp\cabeza-cooking\images\deGrazia20.jpg --> uts.cc.utexas.edu /export/httpd/vhosts/texasbeyondhistory/data/protect/cabeza-cooking/images deGrazia20.jpg
2007.03.12 16:06 B V:\TBH Website Temp\cabeza-cooking\images\DeGrazia24-sm.jpg --> uts.cc.utexas.edu /export/httpd/vhosts/texasbeyondhistory/data/protect/cabeza-cooking/images DeGrazia24-sm.jpg
2007.03.12 16:06 B V:\TBH Website Temp\cabeza-cooking\images\DeGrazia24.html --> uts.cc.utexas.edu /export/httpd/vhosts/texasbeyondhistory/data/protect/cabeza-cooking/images DeGrazia24.html
2007.03.12 16:06 B V:\TBH Website Temp\cabeza-cooking\images\DeGrazia24.jpg --> uts.cc.utexas.edu /export/httpd/vhosts/texasbeyondhistory/data/protect/cabeza-cooking/images DeGrazia24.jpg
2007.03.12 16:06 B V:\TBH Website Temp\cabeza-cooking\images\degrazia27-sm.jpg --> uts.cc.utexas.edu /export/httpd/vhosts/texasbeyondhistory/data/protect/cabeza-cooking/images degrazia27-sm.jpg
2007.03.12 16:06 B V:\TBH Website Temp\cabeza-cooking\images\degrazia27.html --> uts.cc.utexas.edu /export/httpd/vhosts/texasbeyondhistory/data/protect/cabeza-cooking/images degrazia27.html
2007.03.12 16:06 B V:\TBH Website Temp\cabeza-cooking\images\degrazia27.jpg --> uts.cc.utexas.edu /export/httpd/vhosts/texasbeyondhistory/data/protect/cabeza-cooking/images degrazia27.jpg
2007.03.12 16:06 B V:\TBH Website Temp\cabeza-cooking\images\DeGrazia39-sm.jpg --> uts.cc.utexas.edu /export/httpd/vhosts/texasbeyondhistory/data/protect/cabeza-cooking/images DeGrazia39-sm.jpg
2007.03.12 16:06 B V:\TBH Website Temp\cabeza-cooking\images\DeGrazia39.html --> uts.cc.utexas.edu /export/httpd/vhosts/texasbeyondhistory/data/protect/cabeza-cooking/images DeGrazia39.html
2007.03.12 16:06 B V:\TBH Website Temp\cabeza-cooking\images\DeGrazia39.jpg --> uts.cc.utexas.edu /export/httpd/vhosts/texasbeyondhistory/data/protect/cabeza-cooking/images DeGrazia39.jpg
2007.03.12 16:06 B V:\TBH Website Temp\cabeza-cooking\images\dering1-sm.jpg --> uts.cc.utexas.edu /export/httpd/vhosts/texasbeyondhistory/data/protect/cabeza-cooking/images dering1-sm.jpg
2007.03.12 16:06 B V:\TBH Website Temp\cabeza-cooking\images\dering1.html --> uts.cc.utexas.edu /export/httpd/vhosts/texasbeyondhistory/data/protect/cabeza-cooking/images dering1.html
2007.03.12 16:06 B V:\TBH Website Temp\cabeza-cooking\images\dering1.jpg --> uts.cc.utexas.edu /export/httpd/vhosts/texasbeyondhistory/data/protect/cabeza-cooking/images dering1.jpg
2007.03.12 16:06 B V:\TBH Website Temp\cabeza-cooking\images\dering2-sm.jpg --> uts.cc.utexas.edu /export/httpd/vhosts/texasbeyondhistory/data/protect/cabeza-cooking/images dering2-sm.jpg
2007.03.12 16:06 B V:\TBH Website Temp\cabeza-cooking\images\dering2.html --> uts.cc.utexas.edu /export/httpd/vhosts/texasbeyondhistory/data/protect/cabeza-cooking/images dering2.html
2007.03.12 16:06 B V:\TBH Website Temp\cabeza-cooking\images\dering2.jpg --> uts.cc.utexas.edu /export/httpd/vhosts/texasbeyondhistory/data/protect/cabeza-cooking/images dering2.jpg
2007.03.12 16:06 B V:\TBH Website Temp\cabeza-cooking\images\devaca.html --> uts.cc.utexas.edu /export/httpd/vhosts/texasbeyondhistory/data/protect/cabeza-cooking/images devaca.html
2007.03.12 16:06 B V:\TBH Website Temp\cabeza-cooking\images\devaca.jpg --> uts.cc.utexas.edu /export/httpd/vhosts/texasbeyondhistory/data/protect/cabeza-cooking/images devaca.jpg
2007.03.12 16:06 B V:\TBH Website Temp\cabeza-cooking\images\devacaalltogether8-06.pdf --> uts.cc.utexas.edu /export/httpd/vhosts/texasbeyondhistory/data/protect/cabeza-cooking/images devacaalltogether8-06.pdf
2007.03.12 16:06 B V:\TBH Website Temp\cabeza-cooking\images\devacalesson.html --> uts.cc.utexas.edu /export/httpd/vhosts/texasbeyondhistory/data/protect/cabeza-cooking/images devacalesson.html
2007.03.12 16:06 B V:\TBH Website Temp\cabeza-cooking\images\devacareadings8-06.pdf --> uts.cc.utexas.edu /export/httpd/vhosts/texasbeyondhistory/data/protect/cabeza-cooking/images devacareadings8-06.pdf
2007.03.12 16:06 B V:\TBH Website Temp\cabeza-cooking\images\Emperor-sm.jpg --> uts.cc.utexas.edu /export/httpd/vhosts/texasbeyondhistory/data/protect/cabeza-cooking/images Emperor-sm.jpg
2007.03.12 16:06 B V:\TBH Website Temp\cabeza-cooking\images\Emperor.html --> uts.cc.utexas.edu /export/httpd/vhosts/texasbeyondhistory/data/protect/cabeza-cooking/images Emperor.html
2007.03.12 16:06 B V:\TBH Website Temp\cabeza-cooking\images\Emperor.jpg --> uts.cc.utexas.edu /export/httpd/vhosts/texasbeyondhistory/data/protect/cabeza-cooking/images Emperor.jpg
2007.03.12 16:06 B V:\TBH Website Temp\cabeza-cooking\images\false-garlic-sm.jpg --> uts.cc.utexas.edu /export/httpd/vhosts/texasbeyondhistory/data/protect/cabeza-cooking/images false-garlic-sm.jpg
2007.03.12 16:06 B V:\TBH Website Temp\cabeza-cooking\images\false-garlic.html --> uts.cc.utexas.edu /export/httpd/vhosts/texasbeyondhistory/data/protect/cabeza-cooking/images false-garlic.html
2007.03.12 16:06 B V:\TBH Website Temp\cabeza-cooking\images\false-garlic.jpg --> uts.cc.utexas.edu /export/httpd/vhosts/texasbeyondhistory/data/protect/cabeza-cooking/images false-garlic.jpg
2007.03.12 16:06 B V:\TBH Website Temp\cabeza-cooking\images\fig-3a-color-sm.jpg --> uts.cc.utexas.edu /export/httpd/vhosts/texasbeyondhistory/data/protect/cabeza-cooking/images fig-3a-color-sm.jpg
2007.03.12 16:06 B V:\TBH Website Temp\cabeza-cooking\images\fig-3a-color.html --> uts.cc.utexas.edu /export/httpd/vhosts/texasbeyondhistory/data/protect/cabeza-cooking/images fig-3a-color.html
2007.03.12 16:06 B V:\TBH Website Temp\cabeza-cooking\images\fig-3a-color.jpg --> uts.cc.utexas.edu /export/httpd/vhosts/texasbeyondhistory/data/protect/cabeza-cooking/images fig-3a-color.jpg
2007.03.12 16:06 B V:\TBH Website Temp\cabeza-cooking\images\fig14-cloth-sm.jpg --> uts.cc.utexas.edu /export/httpd/vhosts/texasbeyondhistory/data/protect/cabeza-cooking/images fig14-cloth-sm.jpg
2007.03.12 16:06 B V:\TBH Website Temp\cabeza-cooking\images\fig14-cloth.html --> uts.cc.utexas.edu /export/httpd/vhosts/texasbeyondhistory/data/protect/cabeza-cooking/images fig14-cloth.html
2007.03.12 16:06 B V:\TBH Website Temp\cabeza-cooking\images\fig14-cloth.jpg --> uts.cc.utexas.edu /export/httpd/vhosts/texasbeyondhistory/data/protect/cabeza-cooking/images fig14-cloth.jpg
2007.03.12 16:06 B V:\TBH Website Temp\cabeza-cooking\images\fig15-combo-sm.jpg --> uts.cc.utexas.edu /export/httpd/vhosts/texasbeyondhistory/data/protect/cabeza-cooking/images fig15-combo-sm.jpg
2007.03.12 16:06 B V:\TBH Website Temp\cabeza-cooking\images\fig15-combo.html --> uts.cc.utexas.edu /export/httpd/vhosts/texasbeyondhistory/data/protect/cabeza-cooking/images fig15-combo.html
2007.03.12 16:06 B V:\TBH Website Temp\cabeza-cooking\images\fig15-combo.jpg --> uts.cc.utexas.edu /export/httpd/vhosts/texasbeyondhistory/data/protect/cabeza-cooking/images fig15-combo.jpg
2007.03.12 16:06 B V:\TBH Website Temp\cabeza-cooking\images\fig16-griddle-sm.jpg --> uts.cc.utexas.edu /export/httpd/vhosts/texasbeyondhistory/data/protect/cabeza-cooking/images fig16-griddle-sm.jpg
2007.03.12 16:06 B V:\TBH Website Temp\cabeza-cooking\images\fig16-griddle.html --> uts.cc.utexas.edu /export/httpd/vhosts/texasbeyondhistory/data/protect/cabeza-cooking/images fig16-griddle.html
2007.03.12 16:06 B V:\TBH Website Temp\cabeza-cooking\images\fig16-griddle.jpg --> uts.cc.utexas.edu /export/httpd/vhosts/texasbeyondhistory/data/protect/cabeza-cooking/images fig16-griddle.jpg
2007.03.12 16:06 B V:\TBH Website Temp\cabeza-cooking\images\fig17-camasoven-sm.jpg --> uts.cc.utexas.edu /export/httpd/vhosts/texasbeyondhistory/data/protect/cabeza-cooking/images fig17-camasoven-sm.jpg
2007.03.12 16:06 B V:\TBH Website Temp\cabeza-cooking\images\fig17-camasoven.html --> uts.cc.utexas.edu /export/httpd/vhosts/texasbeyondhistory/data/protect/cabeza-cooking/images fig17-camasoven.html
2007.03.12 16:06 B V:\TBH Website Temp\cabeza-cooking\images\fig17-camasoven.jpg --> uts.cc.utexas.edu /export/httpd/vhosts/texasbeyondhistory/data/protect/cabeza-cooking/images fig17-camasoven.jpg
2007.03.12 16:06 B V:\TBH Website Temp\cabeza-cooking\images\fig18-pilam-sm.jpg --> uts.cc.utexas.edu /export/httpd/vhosts/texasbeyondhistory/data/protect/cabeza-cooking/images fig18-pilam-sm.jpg
2007.03.12 16:06 B V:\TBH Website Temp\cabeza-cooking\images\fig18-pilam.html --> uts.cc.utexas.edu /export/httpd/vhosts/texasbeyondhistory/data/protect/cabeza-cooking/images fig18-pilam.html
2007.03.12 16:06 B V:\TBH Website Temp\cabeza-cooking\images\fig18-pilam.jpg --> uts.cc.utexas.edu /export/httpd/vhosts/texasbeyondhistory/data/protect/cabeza-cooking/images fig18-pilam.jpg
2007.03.12 16:06 B V:\TBH Website Temp\cabeza-cooking\images\follow-arrow.jpg --> uts.cc.utexas.edu /export/httpd/vhosts/texasbeyondhistory/data/protect/cabeza-cooking/images follow-arrow.jpg
2007.03.12 16:06 B V:\TBH Website Temp\cabeza-cooking\images\food-sm.jpg --> uts.cc.utexas.edu /export/httpd/vhosts/texasbeyondhistory/data/protect/cabeza-cooking/images food-sm.jpg
2007.03.12 16:06 B V:\TBH Website Temp\cabeza-cooking\images\food.html --> uts.cc.utexas.edu /export/httpd/vhosts/texasbeyondhistory/data/protect/cabeza-cooking/images food.html
2007.03.12 16:06 B V:\TBH Website Temp\cabeza-cooking\images\food.jpg --> uts.cc.utexas.edu /export/httpd/vhosts/texasbeyondhistory/data/protect/cabeza-cooking/images food.jpg
2007.03.12 16:06 B V:\TBH Website Temp\cabeza-cooking\images\frontispiece-sm.jpg --> uts.cc.utexas.edu /export/httpd/vhosts/texasbeyondhistory/data/protect/cabeza-cooking/images frontispiece-sm.jpg
2007.03.12 16:06 B V:\TBH Website Temp\cabeza-cooking\images\frontispiece.html --> uts.cc.utexas.edu /export/httpd/vhosts/texasbeyondhistory/data/protect/cabeza-cooking/images frontispiece.html
2007.03.12 16:06 B V:\TBH Website Temp\cabeza-cooking\images\frontispiece.jpg --> uts.cc.utexas.edu /export/httpd/vhosts/texasbeyondhistory/data/protect/cabeza-cooking/images frontispiece.jpg
2007.03.12 16:06 B V:\TBH Website Temp\cabeza-cooking\images\gathering-sm.jpg --> uts.cc.utexas.edu /export/httpd/vhosts/texasbeyondhistory/data/protect/cabeza-cooking/images gathering-sm.jpg
2007.03.12 16:06 B V:\TBH Website Temp\cabeza-cooking\images\gathering.html --> uts.cc.utexas.edu /export/httpd/vhosts/texasbeyondhistory/data/protect/cabeza-cooking/images gathering.html
2007.03.12 16:06 B V:\TBH Website Temp\cabeza-cooking\images\gathering.jpg --> uts.cc.utexas.edu /export/httpd/vhosts/texasbeyondhistory/data/protect/cabeza-cooking/images gathering.jpg
2007.03.12 16:06 B V:\TBH Website Temp\cabeza-cooking\images\globeberry-sm.jpg --> uts.cc.utexas.edu /export/httpd/vhosts/texasbeyondhistory/data/protect/cabeza-cooking/images globeberry-sm.jpg
2007.03.12 16:06 B V:\TBH Website Temp\cabeza-cooking\images\globeberry.html --> uts.cc.utexas.edu /export/httpd/vhosts/texasbeyondhistory/data/protect/cabeza-cooking/images globeberry.html
2007.03.12 16:06 B V:\TBH Website Temp\cabeza-cooking\images\globeberry.jpg --> uts.cc.utexas.edu /export/httpd/vhosts/texasbeyondhistory/data/protect/cabeza-cooking/images globeberry.jpg
2007.03.12 16:06 B V:\TBH Website Temp\cabeza-cooking\images\hut-weir-sm.jpg --> uts.cc.utexas.edu /export/httpd/vhosts/texasbeyondhistory/data/protect/cabeza-cooking/images hut-weir-sm.jpg
2007.03.12 16:06 B V:\TBH Website Temp\cabeza-cooking\images\hut-weir.html --> uts.cc.utexas.edu /export/httpd/vhosts/texasbeyondhistory/data/protect/cabeza-cooking/images hut-weir.html
2007.03.12 16:06 B V:\TBH Website Temp\cabeza-cooking\images\hut-weir.jpg --> uts.cc.utexas.edu /export/httpd/vhosts/texasbeyondhistory/data/protect/cabeza-cooking/images hut-weir.jpg
2007.03.12 16:06 B V:\TBH Website Temp\cabeza-cooking\images\icon-coastal.jpg --> uts.cc.utexas.edu /export/httpd/vhosts/texasbeyondhistory/data/protect/cabeza-cooking/images icon-coastal.jpg
2007.03.12 16:06 B V:\TBH Website Temp\cabeza-cooking\images\icon-deepsouth.jpg --> uts.cc.utexas.edu /export/httpd/vhosts/texasbeyondhistory/data/protect/cabeza-cooking/images icon-deepsouth.jpg
2007.03.12 16:06 B V:\TBH Website Temp\cabeza-cooking\images\icon-encounters.jpg --> uts.cc.utexas.edu /export/httpd/vhosts/texasbeyondhistory/data/protect/cabeza-cooking/images icon-encounters.jpg
2007.03.12 16:06 B V:\TBH Website Temp\cabeza-cooking\images\icon-index.jpg --> uts.cc.utexas.edu /export/httpd/vhosts/texasbeyondhistory/data/protect/cabeza-cooking/images icon-index.jpg
2007.03.12 16:06 B V:\TBH Website Temp\cabeza-cooking\images\icon-inland.jpg --> uts.cc.utexas.edu /export/httpd/vhosts/texasbeyondhistory/data/protect/cabeza-cooking/images icon-inland.jpg
2007.03.12 16:06 B V:\TBH Website Temp\cabeza-cooking\images\icon-kids.jpg --> uts.cc.utexas.edu /export/httpd/vhosts/texasbeyondhistory/data/protect/cabeza-cooking/images icon-kids.jpg
2007.03.12 16:06 B V:\TBH Website Temp\cabeza-cooking\images\icon-rediscovery.jpg --> uts.cc.utexas.edu /export/httpd/vhosts/texasbeyondhistory/data/protect/cabeza-cooking/images icon-rediscovery.jpg
2007.03.12 16:06 B V:\TBH Website Temp\cabeza-cooking\images\icon-survivors1.jpg --> uts.cc.utexas.edu /export/httpd/vhosts/texasbeyondhistory/data/protect/cabeza-cooking/images icon-survivors1.jpg
2007.03.12 16:06 B V:\TBH Website Temp\cabeza-cooking\images\icon-survivors2.jpg --> uts.cc.utexas.edu /export/httpd/vhosts/texasbeyondhistory/data/protect/cabeza-cooking/images icon-survivors2.jpg
2007.03.12 16:06 B V:\TBH Website Temp\cabeza-cooking\images\icon-survivors3.jpg --> uts.cc.utexas.edu /export/httpd/vhosts/texasbeyondhistory/data/protect/cabeza-cooking/images icon-survivors3.jpg
2007.03.12 16:06 B V:\TBH Website Temp\cabeza-cooking\images\indiancorn-sm.jpg --> uts.cc.utexas.edu /export/httpd/vhosts/texasbeyondhistory/data/protect/cabeza-cooking/images indiancorn-sm.jpg
2007.03.12 16:06 B V:\TBH Website Temp\cabeza-cooking\images\indiancorn.html --> uts.cc.utexas.edu /export/httpd/vhosts/texasbeyondhistory/data/protect/cabeza-cooking/images indiancorn.html
2007.03.12 16:06 B V:\TBH Website Temp\cabeza-cooking\images\indiancorn.jpg --> uts.cc.utexas.edu /export/httpd/vhosts/texasbeyondhistory/data/protect/cabeza-cooking/images indiancorn.jpg
2007.03.12 16:06 B V:\TBH Website Temp\cabeza-cooking\images\indians-shaw-sm.jpg --> uts.cc.utexas.edu /export/httpd/vhosts/texasbeyondhistory/data/protect/cabeza-cooking/images indians-shaw-sm.jpg
2007.03.12 16:06 B V:\TBH Website Temp\cabeza-cooking\images\indians-shaw.html --> uts.cc.utexas.edu /export/httpd/vhosts/texasbeyondhistory/data/protect/cabeza-cooking/images indians-shaw.html
2007.03.12 16:06 B V:\TBH Website Temp\cabeza-cooking\images\indians-shaw.jpg --> uts.cc.utexas.edu /export/httpd/vhosts/texasbeyondhistory/data/protect/cabeza-cooking/images indians-shaw.jpg
2007.03.12 16:06 B V:\TBH Website Temp\cabeza-cooking\images\inland-quote1.jpg --> uts.cc.utexas.edu /export/httpd/vhosts/texasbeyondhistory/data/protect/cabeza-cooking/images inland-quote1.jpg
2007.03.12 16:06 B V:\TBH Website Temp\cabeza-cooking\images\inland-quote2.jpg --> uts.cc.utexas.edu /export/httpd/vhosts/texasbeyondhistory/data/protect/cabeza-cooking/images inland-quote2.jpg
2007.03.12 16:06 B V:\TBH Website Temp\cabeza-cooking\images\inland-quote3.jpg --> uts.cc.utexas.edu /export/httpd/vhosts/texasbeyondhistory/data/protect/cabeza-cooking/images inland-quote3.jpg
2007.03.12 16:06 B V:\TBH Website Temp\cabeza-cooking\images\inland-quote4.jpg --> uts.cc.utexas.edu /export/httpd/vhosts/texasbeyondhistory/data/protect/cabeza-cooking/images inland-quote4.jpg
2007.03.12 16:06 B V:\TBH Website Temp\cabeza-cooking\images\inland-quote5.jpg --> uts.cc.utexas.edu /export/httpd/vhosts/texasbeyondhistory/data/protect/cabeza-cooking/images inland-quote5.jpg
2007.03.12 16:06 B V:\TBH Website Temp\cabeza-cooking\images\islandmap-sm.jpg --> uts.cc.utexas.edu /export/httpd/vhosts/texasbeyondhistory/data/protect/cabeza-cooking/images islandmap-sm.jpg
2007.03.12 16:06 B V:\TBH Website Temp\cabeza-cooking\images\islandmap.html --> uts.cc.utexas.edu /export/httpd/vhosts/texasbeyondhistory/data/protect/cabeza-cooking/images islandmap.html
2007.03.12 16:06 B V:\TBH Website Temp\cabeza-cooking\images\islandmap.jpg --> uts.cc.utexas.edu /export/httpd/vhosts/texasbeyondhistory/data/protect/cabeza-cooking/images islandmap.jpg
2007.03.12 16:06 B V:\TBH Website Temp\cabeza-cooking\images\jackson-bulbdig-across.jpg --> uts.cc.utexas.edu /export/httpd/vhosts/texasbeyondhistory/data/protect/cabeza-cooking/images jackson-bulbdig-across.jpg
2007.03.12 16:06 B V:\TBH Website Temp\cabeza-cooking\images\jackson-bulbdig-sm.jpg --> uts.cc.utexas.edu /export/httpd/vhosts/texasbeyondhistory/data/protect/cabeza-cooking/images jackson-bulbdig-sm.jpg
2007.03.12 16:06 B V:\TBH Website Temp\cabeza-cooking\images\jackson-bulbdig.html --> uts.cc.utexas.edu /export/httpd/vhosts/texasbeyondhistory/data/protect/cabeza-cooking/images jackson-bulbdig.html
2007.03.12 16:06 B V:\TBH Website Temp\cabeza-cooking\images\jackson-bulbdig.jpg --> uts.cc.utexas.edu /export/httpd/vhosts/texasbeyondhistory/data/protect/cabeza-cooking/images jackson-bulbdig.jpg
2007.03.12 16:06 B V:\TBH Website Temp\cabeza-cooking\images\krieger-map-sm.jpg --> uts.cc.utexas.edu /export/httpd/vhosts/texasbeyondhistory/data/protect/cabeza-cooking/images krieger-map-sm.jpg
2007.03.12 16:06 B V:\TBH Website Temp\cabeza-cooking\images\krieger-map.html --> uts.cc.utexas.edu /export/httpd/vhosts/texasbeyondhistory/data/protect/cabeza-cooking/images krieger-map.html
2007.03.12 16:06 B V:\TBH Website Temp\cabeza-cooking\images\krieger-map.jpg --> uts.cc.utexas.edu /export/httpd/vhosts/texasbeyondhistory/data/protect/cabeza-cooking/images krieger-map.jpg
2007.03.12 16:06 B V:\TBH Website Temp\cabeza-cooking\images\map-crop-sm.jpg --> uts.cc.utexas.edu /export/httpd/vhosts/texasbeyondhistory/data/protect/cabeza-cooking/images map-crop-sm.jpg
2007.03.12 16:06 B V:\TBH Website Temp\cabeza-cooking\images\map-crop.html --> uts.cc.utexas.edu /export/httpd/vhosts/texasbeyondhistory/data/protect/cabeza-cooking/images map-crop.html
2007.03.12 16:06 B V:\TBH Website Temp\cabeza-cooking\images\map-crop.jpg --> uts.cc.utexas.edu /export/httpd/vhosts/texasbeyondhistory/data/protect/cabeza-cooking/images map-crop.jpg
2007.03.12 16:06 B V:\TBH Website Temp\cabeza-cooking\images\map-florida-loc-1562-sm.jpg --> uts.cc.utexas.edu /export/httpd/vhosts/texasbeyondhistory/data/protect/cabeza-cooking/images map-florida-loc-1562-sm.jpg
2007.03.12 16:06 B V:\TBH Website Temp\cabeza-cooking\images\map-florida-loc-1562.html --> uts.cc.utexas.edu /export/httpd/vhosts/texasbeyondhistory/data/protect/cabeza-cooking/images map-florida-loc-1562.html
2007.03.12 16:06 B V:\TBH Website Temp\cabeza-cooking\images\map-florida-loc-1562.jpg --> uts.cc.utexas.edu /export/httpd/vhosts/texasbeyondhistory/data/protect/cabeza-cooking/images map-florida-loc-1562.jpg
2007.03.12 16:06 B V:\TBH Website Temp\cabeza-cooking\images\map-route-sm.jpg --> uts.cc.utexas.edu /export/httpd/vhosts/texasbeyondhistory/data/protect/cabeza-cooking/images map-route-sm.jpg
2007.03.12 16:06 B V:\TBH Website Temp\cabeza-cooking\images\map-route.html --> uts.cc.utexas.edu /export/httpd/vhosts/texasbeyondhistory/data/protect/cabeza-cooking/images map-route.html
2007.03.12 16:06 B V:\TBH Website Temp\cabeza-cooking\images\map-route.jpg --> uts.cc.utexas.edu /export/httpd/vhosts/texasbeyondhistory/data/protect/cabeza-cooking/images map-route.jpg
2007.03.12 16:06 B V:\TBH Website Temp\cabeza-cooking\images\mesquite-beans-sm.jpg --> uts.cc.utexas.edu /export/httpd/vhosts/texasbeyondhistory/data/protect/cabeza-cooking/images mesquite-beans-sm.jpg
2007.03.12 16:06 B V:\TBH Website Temp\cabeza-cooking\images\mesquite-beans.html --> uts.cc.utexas.edu /export/httpd/vhosts/texasbeyondhistory/data/protect/cabeza-cooking/images mesquite-beans.html
2007.03.12 16:06 B V:\TBH Website Temp\cabeza-cooking\images\mesquite-beans.jpg --> uts.cc.utexas.edu /export/httpd/vhosts/texasbeyondhistory/data/protect/cabeza-cooking/images mesquite-beans.jpg
2007.03.12 16:06 B V:\TBH Website Temp\cabeza-cooking\images\mosquito-sm.jpg --> uts.cc.utexas.edu /export/httpd/vhosts/texasbeyondhistory/data/protect/cabeza-cooking/images mosquito-sm.jpg
2007.03.12 16:06 B V:\TBH Website Temp\cabeza-cooking\images\mosquito.html --> uts.cc.utexas.edu /export/httpd/vhosts/texasbeyondhistory/data/protect/cabeza-cooking/images mosquito.html
2007.03.12 16:06 B V:\TBH Website Temp\cabeza-cooking\images\mosquito.jpg --> uts.cc.utexas.edu /export/httpd/vhosts/texasbeyondhistory/data/protect/cabeza-cooking/images mosquito.jpg
2007.03.12 16:06 B V:\TBH Website Temp\cabeza-cooking\images\onion-combo-sm.jpg --> uts.cc.utexas.edu /export/httpd/vhosts/texasbeyondhistory/data/protect/cabeza-cooking/images onion-combo-sm.jpg
2007.03.12 16:06 B V:\TBH Website Temp\cabeza-cooking\images\onion-combo.html --> uts.cc.utexas.edu /export/httpd/vhosts/texasbeyondhistory/data/protect/cabeza-cooking/images onion-combo.html
2007.03.12 16:06 B V:\TBH Website Temp\cabeza-cooking\images\onion-combo.jpg --> uts.cc.utexas.edu /export/httpd/vhosts/texasbeyondhistory/data/protect/cabeza-cooking/images onion-combo.jpg
2007.03.12 16:06 B V:\TBH Website Temp\cabeza-cooking\images\oven-combo-sm.jpg --> uts.cc.utexas.edu /export/httpd/vhosts/texasbeyondhistory/data/protect/cabeza-cooking/images oven-combo-sm.jpg
2007.03.12 16:06 B V:\TBH Website Temp\cabeza-cooking\images\oven-combo.jpg --> uts.cc.utexas.edu /export/httpd/vhosts/texasbeyondhistory/data/protect/cabeza-cooking/images oven-combo.jpg
2007.03.12 16:06 B V:\TBH Website Temp\cabeza-cooking\images\oven-sm.jpg --> uts.cc.utexas.edu /export/httpd/vhosts/texasbeyondhistory/data/protect/cabeza-cooking/images oven-sm.jpg
2007.03.12 16:06 B V:\TBH Website Temp\cabeza-cooking\images\oven.html --> uts.cc.utexas.edu /export/httpd/vhosts/texasbeyondhistory/data/protect/cabeza-cooking/images oven.html
2007.03.12 16:06 B V:\TBH Website Temp\cabeza-cooking\images\oven.jpg --> uts.cc.utexas.edu /export/httpd/vhosts/texasbeyondhistory/data/protect/cabeza-cooking/images oven.jpg
2007.03.12 16:06 B V:\TBH Website Temp\cabeza-cooking\images\oysters-sm.jpg --> uts.cc.utexas.edu /export/httpd/vhosts/texasbeyondhistory/data/protect/cabeza-cooking/images oysters-sm.jpg
2007.03.12 16:06 B V:\TBH Website Temp\cabeza-cooking\images\oysters.html --> uts.cc.utexas.edu /export/httpd/vhosts/texasbeyondhistory/data/protect/cabeza-cooking/images oysters.html
2007.03.12 16:06 B V:\TBH Website Temp\cabeza-cooking\images\page-sm.jpg --> uts.cc.utexas.edu /export/httpd/vhosts/texasbeyondhistory/data/protect/cabeza-cooking/images page-sm.jpg
2007.03.12 16:06 B V:\TBH Website Temp\cabeza-cooking\images\page.jpg --> uts.cc.utexas.edu /export/httpd/vhosts/texasbeyondhistory/data/protect/cabeza-cooking/images page.jpg
2007.03.12 16:06 B V:\TBH Website Temp\cabeza-cooking\images\pecan-sm.jpg --> uts.cc.utexas.edu /export/httpd/vhosts/texasbeyondhistory/data/protect/cabeza-cooking/images pecan-sm.jpg
2007.03.12 16:06 B V:\TBH Website Temp\cabeza-cooking\images\pecan.html --> uts.cc.utexas.edu /export/httpd/vhosts/texasbeyondhistory/data/protect/cabeza-cooking/images pecan.html
2007.03.12 16:06 B V:\TBH Website Temp\cabeza-cooking\images\pecan.jpg --> uts.cc.utexas.edu /export/httpd/vhosts/texasbeyondhistory/data/protect/cabeza-cooking/images pecan.jpg
2007.03.12 16:06 B V:\TBH Website Temp\cabeza-cooking\images\persimmon-sm.jpg --> uts.cc.utexas.edu /export/httpd/vhosts/texasbeyondhistory/data/protect/cabeza-cooking/images persimmon-sm.jpg
2007.03.12 16:06 B V:\TBH Website Temp\cabeza-cooking\images\persimmon.html --> uts.cc.utexas.edu /export/httpd/vhosts/texasbeyondhistory/data/protect/cabeza-cooking/images persimmon.html
2007.03.12 16:06 B V:\TBH Website Temp\cabeza-cooking\images\persimmon.jpg --> uts.cc.utexas.edu /export/httpd/vhosts/texasbeyondhistory/data/protect/cabeza-cooking/images persimmon.jpg
2007.03.12 16:06 B V:\TBH Website Temp\cabeza-cooking\images\prickly-pear-sm.jpg --> uts.cc.utexas.edu /export/httpd/vhosts/texasbeyondhistory/data/protect/cabeza-cooking/images prickly-pear-sm.jpg
2007.03.12 16:06 B V:\TBH Website Temp\cabeza-cooking\images\prickly-pear.html --> uts.cc.utexas.edu /export/httpd/vhosts/texasbeyondhistory/data/protect/cabeza-cooking/images prickly-pear.html
2007.03.12 16:06 B V:\TBH Website Temp\cabeza-cooking\images\prickly-pear.jpg --> uts.cc.utexas.edu /export/httpd/vhosts/texasbeyondhistory/data/protect/cabeza-cooking/images prickly-pear.jpg
2007.03.12 16:06 B V:\TBH Website Temp\cabeza-cooking\images\prickly-sm.jpg --> uts.cc.utexas.edu /export/httpd/vhosts/texasbeyondhistory/data/protect/cabeza-cooking/images prickly-sm.jpg
2007.03.12 16:06 B V:\TBH Website Temp\cabeza-cooking\images\prickly.html --> uts.cc.utexas.edu /export/httpd/vhosts/texasbeyondhistory/data/protect/cabeza-cooking/images prickly.html
2007.03.12 16:06 B V:\TBH Website Temp\cabeza-cooking\images\prickly.jpg --> uts.cc.utexas.edu /export/httpd/vhosts/texasbeyondhistory/data/protect/cabeza-cooking/images prickly.jpg
2007.03.12 16:06 B V:\TBH Website Temp\cabeza-cooking\images\prickly2-sm.jpg --> uts.cc.utexas.edu /export/httpd/vhosts/texasbeyondhistory/data/protect/cabeza-cooking/images prickly2-sm.jpg
2007.03.12 16:06 B V:\TBH Website Temp\cabeza-cooking\images\prickly2.html --> uts.cc.utexas.edu /export/httpd/vhosts/texasbeyondhistory/data/protect/cabeza-cooking/images prickly2.html
2007.03.12 16:06 B V:\TBH Website Temp\cabeza-cooking\images\prickly2.jpg --> uts.cc.utexas.edu /export/httpd/vhosts/texasbeyondhistory/data/protect/cabeza-cooking/images prickly2.jpg
2007.03.12 16:06 B V:\TBH Website Temp\cabeza-cooking\images\quote2-encounters.jpg --> uts.cc.utexas.edu /export/httpd/vhosts/texasbeyondhistory/data/protect/cabeza-cooking/images quote2-encounters.jpg
2007.03.12 16:06 B V:\TBH Website Temp\cabeza-cooking\images\quote3.jpg --> uts.cc.utexas.edu /export/httpd/vhosts/texasbeyondhistory/data/protect/cabeza-cooking/images quote3.jpg
2007.03.12 16:06 B V:\TBH Website Temp\cabeza-cooking\images\rain-lily-sm.jpg --> uts.cc.utexas.edu /export/httpd/vhosts/texasbeyondhistory/data/protect/cabeza-cooking/images rain-lily-sm.jpg
2007.03.12 16:06 B V:\TBH Website Temp\cabeza-cooking\images\rain-lily.html --> uts.cc.utexas.edu /export/httpd/vhosts/texasbeyondhistory/data/protect/cabeza-cooking/images rain-lily.html
2007.03.12 16:06 B V:\TBH Website Temp\cabeza-cooking\images\rain-lily.jpg --> uts.cc.utexas.edu /export/httpd/vhosts/texasbeyondhistory/data/protect/cabeza-cooking/images rain-lily.jpg
2007.03.12 16:06 B V:\TBH Website Temp\cabeza-cooking\images\RB-Thoms.jpg --> uts.cc.utexas.edu /export/httpd/vhosts/texasbeyondhistory/data/protect/cabeza-cooking/images RB-Thoms.jpg
2007.03.12 16:06 B V:\TBH Website Temp\cabeza-cooking\images\riogrande-sm.jpg --> uts.cc.utexas.edu /export/httpd/vhosts/texasbeyondhistory/data/protect/cabeza-cooking/images riogrande-sm.jpg
2007.03.12 16:06 B V:\TBH Website Temp\cabeza-cooking\images\riogrande.html --> uts.cc.utexas.edu /export/httpd/vhosts/texasbeyondhistory/data/protect/cabeza-cooking/images riogrande.html
2007.03.12 16:06 B V:\TBH Website Temp\cabeza-cooking\images\riogrande.jpg --> uts.cc.utexas.edu /export/httpd/vhosts/texasbeyondhistory/data/protect/cabeza-cooking/images riogrande.jpg
2007.03.12 16:06 B V:\TBH Website Temp\cabeza-cooking\images\staa-powerpoint-sm.jpg --> uts.cc.utexas.edu /export/httpd/vhosts/texasbeyondhistory/data/protect/cabeza-cooking/images staa-powerpoint-sm.jpg
2007.03.12 16:06 B V:\TBH Website Temp\cabeza-cooking\images\staa-powerpoint.html --> uts.cc.utexas.edu /export/httpd/vhosts/texasbeyondhistory/data/protect/cabeza-cooking/images staa-powerpoint.html
2007.03.12 16:06 B V:\TBH Website Temp\cabeza-cooking\images\staa-powerpoint.jpg --> uts.cc.utexas.edu /export/httpd/vhosts/texasbeyondhistory/data/protect/cabeza-cooking/images staa-powerpoint.jpg
2007.03.12 16:06 B V:\TBH Website Temp\cabeza-cooking\images\star-grass-sm.jpg --> uts.cc.utexas.edu /export/httpd/vhosts/texasbeyondhistory/data/protect/cabeza-cooking/images star-grass-sm.jpg
2007.03.12 16:06 B V:\TBH Website Temp\cabeza-cooking\images\star-grass.html --> uts.cc.utexas.edu /export/httpd/vhosts/texasbeyondhistory/data/protect/cabeza-cooking/images star-grass.html
2007.03.12 16:06 B V:\TBH Website Temp\cabeza-cooking\images\star-grass.jpg --> uts.cc.utexas.edu /export/httpd/vhosts/texasbeyondhistory/data/protect/cabeza-cooking/images star-grass.jpg
2007.03.12 16:06 B V:\TBH Website Temp\cabeza-cooking\images\surround-sm.jpg --> uts.cc.utexas.edu /export/httpd/vhosts/texasbeyondhistory/data/protect/cabeza-cooking/images surround-sm.jpg
2007.03.12 16:06 B V:\TBH Website Temp\cabeza-cooking\images\surround.html --> uts.cc.utexas.edu /export/httpd/vhosts/texasbeyondhistory/data/protect/cabeza-cooking/images surround.html
2007.03.12 16:06 B V:\TBH Website Temp\cabeza-cooking\images\surround.jpg --> uts.cc.utexas.edu /export/httpd/vhosts/texasbeyondhistory/data/protect/cabeza-cooking/images surround.jpg
2007.03.12 16:06 B V:\TBH Website Temp\cabeza-cooking\images\thoms-sm.jpg --> uts.cc.utexas.edu /export/httpd/vhosts/texasbeyondhistory/data/protect/cabeza-cooking/images thoms-sm.jpg
2007.03.12 16:06 B V:\TBH Website Temp\cabeza-cooking\images\thoms.html --> uts.cc.utexas.edu /export/httpd/vhosts/texasbeyondhistory/data/protect/cabeza-cooking/images thoms.html
2007.03.12 16:06 B V:\TBH Website Temp\cabeza-cooking\images\thoms.jpg --> uts.cc.utexas.edu /export/httpd/vhosts/texasbeyondhistory/data/protect/cabeza-cooking/images thoms.jpg
2007.03.12 16:06 B V:\TBH Website Temp\cabeza-cooking\images\Thumbs.db --> uts.cc.utexas.edu /export/httpd/vhosts/texasbeyondhistory/data/protect/cabeza-cooking/images Thumbs.db
2007.03.12 16:06 B V:\TBH Website Temp\cabeza-cooking\images\trade-sm.jpg --> uts.cc.utexas.edu /export/httpd/vhosts/texasbeyondhistory/data/protect/cabeza-cooking/images trade-sm.jpg
2007.03.12 16:06 B V:\TBH Website Temp\cabeza-cooking\images\trade.html --> uts.cc.utexas.edu /export/httpd/vhosts/texasbeyondhistory/data/protect/cabeza-cooking/images trade.html
2007.03.12 16:06 B V:\TBH Website Temp\cabeza-cooking\images\trade.jpg --> uts.cc.utexas.edu /export/httpd/vhosts/texasbeyondhistory/data/protect/cabeza-cooking/images trade.jpg
2007.03.12 16:06 B V:\TBH Website Temp\cabeza-cooking\images\trader-sm.jpg --> uts.cc.utexas.edu /export/httpd/vhosts/texasbeyondhistory/data/protect/cabeza-cooking/images trader-sm.jpg
2007.03.12 16:06 B V:\TBH Website Temp\cabeza-cooking\images\trader.html --> uts.cc.utexas.edu /export/httpd/vhosts/texasbeyondhistory/data/protect/cabeza-cooking/images trader.html
2007.03.12 16:06 B V:\TBH Website Temp\cabeza-cooking\images\trader.jpg --> uts.cc.utexas.edu /export/httpd/vhosts/texasbeyondhistory/data/protect/cabeza-cooking/images trader.jpg
2007.03.12 16:06 B V:\TBH Website Temp\cabeza-cooking\images\tuna-combo-sm.jpg --> uts.cc.utexas.edu /export/httpd/vhosts/texasbeyondhistory/data/protect/cabeza-cooking/images tuna-combo-sm.jpg
2007.03.12 16:06 B V:\TBH Website Temp\cabeza-cooking\images\tuna-combo.html --> uts.cc.utexas.edu /export/httpd/vhosts/texasbeyondhistory/data/protect/cabeza-cooking/images tuna-combo.html
2007.03.12 16:06 B V:\TBH Website Temp\cabeza-cooking\images\tuna-combo.jpg --> uts.cc.utexas.edu /export/httpd/vhosts/texasbeyondhistory/data/protect/cabeza-cooking/images tuna-combo.jpg
2007.03.12 16:06 B V:\TBH Website Temp\cabeza-cooking\images\tuna-sm.jpg --> uts.cc.utexas.edu /export/httpd/vhosts/texasbeyondhistory/data/protect/cabeza-cooking/images tuna-sm.jpg
2007.03.12 16:06 B V:\TBH Website Temp\cabeza-cooking\images\tuna.html --> uts.cc.utexas.edu /export/httpd/vhosts/texasbeyondhistory/data/protect/cabeza-cooking/images tuna.html
2007.03.12 16:06 B V:\TBH Website Temp\cabeza-cooking\images\tuna.jpg --> uts.cc.utexas.edu /export/httpd/vhosts/texasbeyondhistory/data/protect/cabeza-cooking/images tuna.jpg
2007.03.12 16:06 B V:\TBH Website Temp\cabeza-cooking\images\VT1-clayballs-sm.jpg --> uts.cc.utexas.edu /export/httpd/vhosts/texasbeyondhistory/data/protect/cabeza-cooking/images VT1-clayballs-sm.jpg
2007.03.12 16:06 B V:\TBH Website Temp\cabeza-cooking\images\VT1-clayballs.html --> uts.cc.utexas.edu /export/httpd/vhosts/texasbeyondhistory/data/protect/cabeza-cooking/images VT1-clayballs.html
2007.03.12 16:06 B V:\TBH Website Temp\cabeza-cooking\images\VT1-clayballs.jpg --> uts.cc.utexas.edu /export/httpd/vhosts/texasbeyondhistory/data/protect/cabeza-cooking/images VT1-clayballs.jpg
2007.03.12 16:06 B V:\TBH Website Temp\cabeza-cooking\images\wine-cup-sm.jpg --> uts.cc.utexas.edu /export/httpd/vhosts/texasbeyondhistory/data/protect/cabeza-cooking/images wine-cup-sm.jpg
2007.03.12 16:06 B V:\TBH Website Temp\cabeza-cooking\images\wine-cup.html --> uts.cc.utexas.edu /export/httpd/vhosts/texasbeyondhistory/data/protect/cabeza-cooking/images wine-cup.html
2007.03.12 16:06 B V:\TBH Website Temp\cabeza-cooking\images\wine-cup.jpg --> uts.cc.utexas.edu /export/httpd/vhosts/texasbeyondhistory/data/protect/cabeza-cooking/images wine-cup.jpg
2007.08.15 11:43 B L:\TBH Website Temp\cabeza-cooking\images\fig17-camasoven.html --> uts.cc.utexas.edu /export/httpd/vhosts/texasbeyondhistory/data/cabeza-cooking/images fig17-camasoven.html
2007.08.15 11:43 B L:\TBH Website Temp\cabeza-cooking\images\fig15-combo.html --> uts.cc.utexas.edu /export/httpd/vhosts/texasbeyondhistory/data/cabeza-cooking/images fig15-combo.html
2007.08.15 11:43 B L:\TBH Website Temp\cabeza-cooking\images\deepsouth-quote4.jpg --> uts.cc.utexas.edu /export/httpd/vhosts/texasbeyondhistory/data/cabeza-cooking/images deepsouth-quote4.jpg
2007.08.15 11:43 B L:\TBH Website Temp\cabeza-cooking\images\fig18-pilam.html --> uts.cc.utexas.edu /export/httpd/vhosts/texasbeyondhistory/data/cabeza-cooking/images fig18-pilam.html
2007.08.15 11:43 B L:\TBH Website Temp\cabeza-cooking\images\deepsouth-quote3.jpg --> uts.cc.utexas.edu /export/httpd/vhosts/texasbeyondhistory/data/cabeza-cooking/images deepsouth-quote3.jpg
2007.08.15 11:43 B L:\TBH Website Temp\cabeza-cooking\images\map-crop-sm.jpg --> uts.cc.utexas.edu /export/httpd/vhosts/texasbeyondhistory/data/cabeza-cooking/images map-crop-sm.jpg
2007.08.15 11:43 B L:\TBH Website Temp\cabeza-cooking\images\prickly-fields-swd.html --> uts.cc.utexas.edu /export/httpd/vhosts/texasbeyondhistory/data/cabeza-cooking/images prickly-fields-swd.html
2007.08.15 11:43 B L:\TBH Website Temp\cabeza-cooking\images\prickly-fields-swd.jpg --> uts.cc.utexas.edu /export/httpd/vhosts/texasbeyondhistory/data/cabeza-cooking/images prickly-fields-swd.jpg
2007.08.15 11:43 B L:\TBH Website Temp\cabeza-cooking\images\prickly-fields-swd-sm.jpg --> uts.cc.utexas.edu /export/httpd/vhosts/texasbeyondhistory/data/cabeza-cooking/images prickly-fields-swd-sm.jpg
2007.08.15 11:43 B L:\TBH Website Temp\cabeza-cooking\images\rain-lily.html --> uts.cc.utexas.edu /export/httpd/vhosts/texasbeyondhistory/data/cabeza-cooking/images rain-lily.html
2007.08.15 11:43 B L:\TBH Website Temp\cabeza-cooking\images\wine-cup.html --> uts.cc.utexas.edu /export/httpd/vhosts/texasbeyondhistory/data/cabeza-cooking/images wine-cup.html
2007.08.15 11:43 B L:\TBH Website Temp\cabeza-cooking\images\globeberry.html --> uts.cc.utexas.edu /export/httpd/vhosts/texasbeyondhistory/data/cabeza-cooking/images globeberry.html
2007.08.15 11:43 B L:\TBH Website Temp\cabeza-cooking\images\camas.html --> uts.cc.utexas.edu /export/httpd/vhosts/texasbeyondhistory/data/cabeza-cooking/images camas.html
2007.08.15 11:43 B L:\TBH Website Temp\cabeza-cooking\images\beautypatch.html --> uts.cc.utexas.edu /export/httpd/vhosts/texasbeyondhistory/data/cabeza-cooking/images beautypatch.html
2007.08.15 11:43 B L:\TBH Website Temp\cabeza-cooking\images\tuna-combo.html --> uts.cc.utexas.edu /export/httpd/vhosts/texasbeyondhistory/data/cabeza-cooking/images tuna-combo.html
2007.08.15 11:43 B L:\TBH Website Temp\cabeza-cooking\images\map-crop.html --> uts.cc.utexas.edu /export/httpd/vhosts/texasbeyondhistory/data/cabeza-cooking/images map-crop.html
2007.08.15 11:43 B L:\TBH Website Temp\cabeza-cooking\images\map-crop.jpg --> uts.cc.utexas.edu /export/httpd/vhosts/texasbeyondhistory/data/cabeza-cooking/images map-crop.jpg
2007.08.15 11:43 B L:\TBH Website Temp\cabeza-cooking\images\bookcover.html --> uts.cc.utexas.edu /export/httpd/vhosts/texasbeyondhistory/data/cabeza-cooking/images bookcover.html
2007.08.15 11:43 B L:\TBH Website Temp\cabeza-cooking\images\krieger-map.html --> uts.cc.utexas.edu /export/httpd/vhosts/texasbeyondhistory/data/cabeza-cooking/images krieger-map.html
2007.08.15 11:43 B L:\TBH Website Temp\cabeza-cooking\images\Thumbs.db --> uts.cc.utexas.edu /export/httpd/vhosts/texasbeyondhistory/data/cabeza-cooking/images Thumbs.db
2007.08.15 11:43 B L:\TBH Website Temp\cabeza-cooking\images\jackson-bulbdig-across.jpg --> uts.cc.utexas.edu /export/httpd/vhosts/texasbeyondhistory/data/cabeza-cooking/images jackson-bulbdig-across.jpg
2007.08.15 11:43 B L:\TBH Website Temp\cabeza-cooking\images\VT1-clayballs.html --> uts.cc.utexas.edu /export/httpd/vhosts/texasbeyondhistory/data/cabeza-cooking/images VT1-clayballs.html
2007.08.15 11:43 B L:\TBH Website Temp\cabeza-cooking\images\tuna.html --> uts.cc.utexas.edu /export/httpd/vhosts/texasbeyondhistory/data/cabeza-cooking/images tuna.html
2007.08.15 11:43 B L:\TBH Website Temp\cabeza-cooking\images\trader.html --> uts.cc.utexas.edu /export/httpd/vhosts/texasbeyondhistory/data/cabeza-cooking/images trader.html
2007.08.15 11:43 B L:\TBH Website Temp\cabeza-cooking\images\trade.html --> uts.cc.utexas.edu /export/httpd/vhosts/texasbeyondhistory/data/cabeza-cooking/images trade.html
2007.08.15 11:43 B L:\TBH Website Temp\cabeza-cooking\images\thoms.html --> uts.cc.utexas.edu /export/httpd/vhosts/texasbeyondhistory/data/cabeza-cooking/images thoms.html
2007.08.15 11:43 B L:\TBH Website Temp\cabeza-cooking\images\surround.html --> uts.cc.utexas.edu /export/httpd/vhosts/texasbeyondhistory/data/cabeza-cooking/images surround.html
2007.08.15 11:43 B L:\TBH Website Temp\cabeza-cooking\images\star-grass.html --> uts.cc.utexas.edu /export/httpd/vhosts/texasbeyondhistory/data/cabeza-cooking/images star-grass.html
2007.08.15 11:43 B L:\TBH Website Temp\cabeza-cooking\images\staa-powerpoint.html --> uts.cc.utexas.edu /export/httpd/vhosts/texasbeyondhistory/data/cabeza-cooking/images staa-powerpoint.html
2007.08.15 11:43 B L:\TBH Website Temp\cabeza-cooking\images\riogrande.html --> uts.cc.utexas.edu /export/httpd/vhosts/texasbeyondhistory/data/cabeza-cooking/images riogrande.html
2007.08.15 11:43 B L:\TBH Website Temp\cabeza-cooking\images\prickly2.html --> uts.cc.utexas.edu /export/httpd/vhosts/texasbeyondhistory/data/cabeza-cooking/images prickly2.html
2007.08.15 11:43 B L:\TBH Website Temp\cabeza-cooking\images\prickly.html --> uts.cc.utexas.edu /export/httpd/vhosts/texasbeyondhistory/data/cabeza-cooking/images prickly.html
2007.08.15 11:43 B L:\TBH Website Temp\cabeza-cooking\images\prickly-pear.html --> uts.cc.utexas.edu /export/httpd/vhosts/texasbeyondhistory/data/cabeza-cooking/images prickly-pear.html
2007.08.15 11:43 B L:\TBH Website Temp\cabeza-cooking\images\persimmon.html --> uts.cc.utexas.edu /export/httpd/vhosts/texasbeyondhistory/data/cabeza-cooking/images persimmon.html
2007.08.15 11:43 B L:\TBH Website Temp\cabeza-cooking\images\pecan.html --> uts.cc.utexas.edu /export/httpd/vhosts/texasbeyondhistory/data/cabeza-cooking/images pecan.html
2007.08.15 11:43 B L:\TBH Website Temp\cabeza-cooking\images\oysters.html --> uts.cc.utexas.edu /export/httpd/vhosts/texasbeyondhistory/data/cabeza-cooking/images oysters.html
2007.08.15 11:43 B L:\TBH Website Temp\cabeza-cooking\images\oven.html --> uts.cc.utexas.edu /export/httpd/vhosts/texasbeyondhistory/data/cabeza-cooking/images oven.html
2007.08.15 11:43 B L:\TBH Website Temp\cabeza-cooking\images\onion-combo.html --> uts.cc.utexas.edu /export/httpd/vhosts/texasbeyondhistory/data/cabeza-cooking/images onion-combo.html
2007.08.15 11:43 B L:\TBH Website Temp\cabeza-cooking\images\mosquito.html --> uts.cc.utexas.edu /export/httpd/vhosts/texasbeyondhistory/data/cabeza-cooking/images mosquito.html
2007.08.15 11:43 B L:\TBH Website Temp\cabeza-cooking\images\mesquite-beans.html --> uts.cc.utexas.edu /export/httpd/vhosts/texasbeyondhistory/data/cabeza-cooking/images mesquite-beans.html
2007.08.15 11:43 B L:\TBH Website Temp\cabeza-cooking\images\map-route.html --> uts.cc.utexas.edu /export/httpd/vhosts/texasbeyondhistory/data/cabeza-cooking/images map-route.html
2007.08.15 11:43 B L:\TBH Website Temp\cabeza-cooking\images\map-florida-loc-1562.html --> uts.cc.utexas.edu /export/httpd/vhosts/texasbeyondhistory/data/cabeza-cooking/images map-florida-loc-1562.html
2007.08.15 11:43 B L:\TBH Website Temp\cabeza-cooking\images\jackson-bulbdig.html --> uts.cc.utexas.edu /export/httpd/vhosts/texasbeyondhistory/data/cabeza-cooking/images jackson-bulbdig.html
2007.08.15 11:43 B L:\TBH Website Temp\cabeza-cooking\images\islandmap.html --> uts.cc.utexas.edu /export/httpd/vhosts/texasbeyondhistory/data/cabeza-cooking/images islandmap.html
2007.08.15 11:43 B L:\TBH Website Temp\cabeza-cooking\images\indians-shaw.html --> uts.cc.utexas.edu /export/httpd/vhosts/texasbeyondhistory/data/cabeza-cooking/images indians-shaw.html
2007.08.15 11:43 B L:\TBH Website Temp\cabeza-cooking\images\indiancorn.html --> uts.cc.utexas.edu /export/httpd/vhosts/texasbeyondhistory/data/cabeza-cooking/images indiancorn.html
2007.08.15 11:43 B L:\TBH Website Temp\cabeza-cooking\images\hut-weir.html --> uts.cc.utexas.edu /export/httpd/vhosts/texasbeyondhistory/data/cabeza-cooking/images hut-weir.html
2007.08.15 11:43 B L:\TBH Website Temp\cabeza-cooking\images\gathering.html --> uts.cc.utexas.edu /export/httpd/vhosts/texasbeyondhistory/data/cabeza-cooking/images gathering.html
2007.08.15 11:43 B L:\TBH Website Temp\cabeza-cooking\images\frontispiece.html --> uts.cc.utexas.edu /export/httpd/vhosts/texasbeyondhistory/data/cabeza-cooking/images frontispiece.html
2007.08.15 11:43 B L:\TBH Website Temp\cabeza-cooking\images\food.html --> uts.cc.utexas.edu /export/httpd/vhosts/texasbeyondhistory/data/cabeza-cooking/images food.html
2007.08.15 11:43 B L:\TBH Website Temp\cabeza-cooking\images\fig16-griddle.html --> uts.cc.utexas.edu /export/httpd/vhosts/texasbeyondhistory/data/cabeza-cooking/images fig16-griddle.html
2007.08.15 11:43 B L:\TBH Website Temp\cabeza-cooking\images\fig14-cloth.html --> uts.cc.utexas.edu /export/httpd/vhosts/texasbeyondhistory/data/cabeza-cooking/images fig14-cloth.html
2007.08.15 11:43 B L:\TBH Website Temp\cabeza-cooking\images\fig-3a-color.html --> uts.cc.utexas.edu /export/httpd/vhosts/texasbeyondhistory/data/cabeza-cooking/images fig-3a-color.html
2007.08.15 11:43 B L:\TBH Website Temp\cabeza-cooking\images\false-garlic.html --> uts.cc.utexas.edu /export/httpd/vhosts/texasbeyondhistory/data/cabeza-cooking/images false-garlic.html
2007.08.15 11:43 B L:\TBH Website Temp\cabeza-cooking\images\Emperor.html --> uts.cc.utexas.edu /export/httpd/vhosts/texasbeyondhistory/data/cabeza-cooking/images Emperor.html
2007.08.15 11:43 B L:\TBH Website Temp\cabeza-cooking\images\dering2.html --> uts.cc.utexas.edu /export/httpd/vhosts/texasbeyondhistory/data/cabeza-cooking/images dering2.html
2007.08.15 11:43 B L:\TBH Website Temp\cabeza-cooking\images\dering1.html --> uts.cc.utexas.edu /export/httpd/vhosts/texasbeyondhistory/data/cabeza-cooking/images dering1.html
2007.08.15 11:43 B L:\TBH Website Temp\cabeza-cooking\images\DeGrazia39.html --> uts.cc.utexas.edu /export/httpd/vhosts/texasbeyondhistory/data/cabeza-cooking/images DeGrazia39.html
2007.08.15 11:43 B L:\TBH Website Temp\cabeza-cooking\images\degrazia27.html --> uts.cc.utexas.edu /export/httpd/vhosts/texasbeyondhistory/data/cabeza-cooking/images degrazia27.html
2007.08.15 11:43 B L:\TBH Website Temp\cabeza-cooking\images\DeGrazia24.html --> uts.cc.utexas.edu /export/httpd/vhosts/texasbeyondhistory/data/cabeza-cooking/images DeGrazia24.html
2007.08.15 11:43 B L:\TBH Website Temp\cabeza-cooking\images\deGrazia20.html --> uts.cc.utexas.edu /export/httpd/vhosts/texasbeyondhistory/data/cabeza-cooking/images deGrazia20.html
2007.08.15 11:43 B L:\TBH Website Temp\cabeza-cooking\images\deer.html --> uts.cc.utexas.edu /export/httpd/vhosts/texasbeyondhistory/data/cabeza-cooking/images deer.html
2007.08.15 11:44 B L:\TBH Website Temp\cabeza-cooking\images\cooking.html --> uts.cc.utexas.edu /export/httpd/vhosts/texasbeyondhistory/data/cabeza-cooking/images cooking.html
2007.08.15 11:44 B L:\TBH Website Temp\cabeza-cooking\images\coahuiltecan.html --> uts.cc.utexas.edu /export/httpd/vhosts/texasbeyondhistory/data/cabeza-cooking/images coahuiltecan.html
2007.08.15 11:44 B L:\TBH Website Temp\cabeza-cooking\images\CdeV.html --> uts.cc.utexas.edu /export/httpd/vhosts/texasbeyondhistory/data/cabeza-cooking/images CdeV.html
2007.08.15 11:44 B L:\TBH Website Temp\cabeza-cooking\images\cattail.html --> uts.cc.utexas.edu /export/httpd/vhosts/texasbeyondhistory/data/cabeza-cooking/images cattail.html
2007.08.15 11:44 B L:\TBH Website Temp\cabeza-cooking\images\camp1.html --> uts.cc.utexas.edu /export/httpd/vhosts/texasbeyondhistory/data/cabeza-cooking/images camp1.html
2007.08.15 11:44 B L:\TBH Website Temp\cabeza-cooking\images\brush.html --> uts.cc.utexas.edu /export/httpd/vhosts/texasbeyondhistory/data/cabeza-cooking/images brush.html
2007.08.15 11:44 B L:\TBH Website Temp\cabeza-cooking\images\blackberry.html --> uts.cc.utexas.edu /export/httpd/vhosts/texasbeyondhistory/data/cabeza-cooking/images blackberry.html
2007.08.15 11:44 B L:\TBH Website Temp\cabeza-cooking\images\bison.html --> uts.cc.utexas.edu /export/httpd/vhosts/texasbeyondhistory/data/cabeza-cooking/images bison.html
2007.08.15 11:44 B L:\TBH Website Temp\cabeza-cooking\images\WS_FTP.LOG --> uts.cc.utexas.edu /export/httpd/vhosts/texasbeyondhistory/data/cabeza-cooking/images WS_FTP.LOG
2007.08.15 11:44 B L:\TBH Website Temp\cabeza-cooking\images\cabeza-kids.jpg --> uts.cc.utexas.edu /export/httpd/vhosts/texasbeyondhistory/data/cabeza-cooking/images cabeza-kids.jpg
2007.08.15 11:44 B L:\TBH Website Temp\cabeza-cooking\images\tuna-combo-sm.jpg --> uts.cc.utexas.edu /export/httpd/vhosts/texasbeyondhistory/data/cabeza-cooking/images tuna-combo-sm.jpg
2007.08.15 11:44 B L:\TBH Website Temp\cabeza-cooking\images\tuna-combo.jpg --> uts.cc.utexas.edu /export/httpd/vhosts/texasbeyondhistory/data/cabeza-cooking/images tuna-combo.jpg
2007.08.15 11:44 B L:\TBH Website Temp\cabeza-cooking\images\DeGrazia39-sm.jpg --> uts.cc.utexas.edu /export/httpd/vhosts/texasbeyondhistory/data/cabeza-cooking/images DeGrazia39-sm.jpg
2007.08.15 11:44 B L:\TBH Website Temp\cabeza-cooking\images\DeGrazia39.jpg --> uts.cc.utexas.edu /export/httpd/vhosts/texasbeyondhistory/data/cabeza-cooking/images DeGrazia39.jpg
2007.08.15 11:44 B L:\TBH Website Temp\cabeza-cooking\images\pecan-sm.jpg --> uts.cc.utexas.edu /export/httpd/vhosts/texasbeyondhistory/data/cabeza-cooking/images pecan-sm.jpg
2007.08.15 11:44 B L:\TBH Website Temp\cabeza-cooking\images\star-grass.jpg --> uts.cc.utexas.edu /export/httpd/vhosts/texasbeyondhistory/data/cabeza-cooking/images star-grass.jpg
2007.08.15 11:44 B L:\TBH Website Temp\cabeza-cooking\images\star-grass-sm.jpg --> uts.cc.utexas.edu /export/httpd/vhosts/texasbeyondhistory/data/cabeza-cooking/images star-grass-sm.jpg
2007.08.15 11:44 B L:\TBH Website Temp\cabeza-cooking\images\cattail-sm.jpg --> uts.cc.utexas.edu /export/httpd/vhosts/texasbeyondhistory/data/cabeza-cooking/images cattail-sm.jpg
2007.08.15 11:44 B L:\TBH Website Temp\cabeza-cooking\images\food.jpg --> uts.cc.utexas.edu /export/httpd/vhosts/texasbeyondhistory/data/cabeza-cooking/images food.jpg
2007.08.15 11:44 B L:\TBH Website Temp\cabeza-cooking\images\food-sm.jpg --> uts.cc.utexas.edu /export/httpd/vhosts/texasbeyondhistory/data/cabeza-cooking/images food-sm.jpg
2007.08.15 11:44 B L:\TBH Website Temp\cabeza-cooking\images\degrazia27.jpg --> uts.cc.utexas.edu /export/httpd/vhosts/texasbeyondhistory/data/cabeza-cooking/images degrazia27.jpg
2007.08.15 11:44 B L:\TBH Website Temp\cabeza-cooking\images\camas-sm.jpg --> uts.cc.utexas.edu /export/httpd/vhosts/texasbeyondhistory/data/cabeza-cooking/images camas-sm.jpg
2007.08.15 11:44 B L:\TBH Website Temp\cabeza-cooking\images\trader-sm.jpg --> uts.cc.utexas.edu /export/httpd/vhosts/texasbeyondhistory/data/cabeza-cooking/images trader-sm.jpg
2007.08.15 11:44 B L:\TBH Website Temp\cabeza-cooking\images\trader.jpg --> uts.cc.utexas.edu /export/httpd/vhosts/texasbeyondhistory/data/cabeza-cooking/images trader.jpg
2007.08.15 11:44 B L:\TBH Website Temp\cabeza-cooking\images\jackson-bulbdig.jpg --> uts.cc.utexas.edu /export/httpd/vhosts/texasbeyondhistory/data/cabeza-cooking/images jackson-bulbdig.jpg
2007.08.15 11:44 B L:\TBH Website Temp\cabeza-cooking\images\globeberry.jpg --> uts.cc.utexas.edu /export/httpd/vhosts/texasbeyondhistory/data/cabeza-cooking/images globeberry.jpg
2007.08.15 11:44 B L:\TBH Website Temp\cabeza-cooking\images\globeberry-sm.jpg --> uts.cc.utexas.edu /export/httpd/vhosts/texasbeyondhistory/data/cabeza-cooking/images globeberry-sm.jpg
2007.08.15 11:44 B L:\TBH Website Temp\cabeza-cooking\images\wine-cup-sm.jpg --> uts.cc.utexas.edu /export/httpd/vhosts/texasbeyondhistory/data/cabeza-cooking/images wine-cup-sm.jpg
2007.08.15 11:44 B L:\TBH Website Temp\cabeza-cooking\images\tuna-sm.jpg --> uts.cc.utexas.edu /export/httpd/vhosts/texasbeyondhistory/data/cabeza-cooking/images tuna-sm.jpg
2007.08.15 11:44 B L:\TBH Website Temp\cabeza-cooking\images\bison-sm.jpg --> uts.cc.utexas.edu /export/httpd/vhosts/texasbeyondhistory/data/cabeza-cooking/images bison-sm.jpg
2007.08.15 11:44 B L:\TBH Website Temp\cabeza-cooking\images\jackson-bulbdig-sm.jpg --> uts.cc.utexas.edu /export/httpd/vhosts/texasbeyondhistory/data/cabeza-cooking/images jackson-bulbdig-sm.jpg
2007.08.15 11:44 B L:\TBH Website Temp\cabeza-cooking\images\icon-deepsouth.jpg --> uts.cc.utexas.edu /export/httpd/vhosts/texasbeyondhistory/data/cabeza-cooking/images icon-deepsouth.jpg
2007.08.15 11:44 B L:\TBH Website Temp\cabeza-cooking\images\icon-inland.jpg --> uts.cc.utexas.edu /export/httpd/vhosts/texasbeyondhistory/data/cabeza-cooking/images icon-inland.jpg
2007.08.15 11:44 B L:\TBH Website Temp\cabeza-cooking\images\krieger-map-sm.jpg --> uts.cc.utexas.edu /export/httpd/vhosts/texasbeyondhistory/data/cabeza-cooking/images krieger-map-sm.jpg
2007.08.15 11:44 B L:\TBH Website Temp\cabeza-cooking\images\krieger-map.jpg --> uts.cc.utexas.edu /export/httpd/vhosts/texasbeyondhistory/data/cabeza-cooking/images krieger-map.jpg
2007.08.15 11:44 B L:\TBH Website Temp\cabeza-cooking\images\follow-arrow.jpg --> uts.cc.utexas.edu /export/httpd/vhosts/texasbeyondhistory/data/cabeza-cooking/images follow-arrow.jpg
2007.08.15 11:44 B L:\TBH Website Temp\cabeza-cooking\images\coahuiltecan-sm.jpg --> uts.cc.utexas.edu /export/httpd/vhosts/texasbeyondhistory/data/cabeza-cooking/images coahuiltecan-sm.jpg
2007.08.15 11:44 B L:\TBH Website Temp\cabeza-cooking\images\RB-Thoms.jpg --> uts.cc.utexas.edu /export/httpd/vhosts/texasbeyondhistory/data/cabeza-cooking/images RB-Thoms.jpg
2007.08.15 11:44 B L:\TBH Website Temp\cabeza-cooking\images\cooking-sm.jpg --> uts.cc.utexas.edu /export/httpd/vhosts/texasbeyondhistory/data/cabeza-cooking/images cooking-sm.jpg
2007.08.15 11:44 B L:\TBH Website Temp\cabeza-cooking\images\cooking.jpg --> uts.cc.utexas.edu /export/httpd/vhosts/texasbeyondhistory/data/cabeza-cooking/images cooking.jpg
2007.08.15 11:44 B L:\TBH Website Temp\cabeza-cooking\images\brush2-sm.jpg --> uts.cc.utexas.edu /export/httpd/vhosts/texasbeyondhistory/data/cabeza-cooking/images brush2-sm.jpg
2007.08.15 11:44 B L:\TBH Website Temp\cabeza-cooking\images\brush2.jpg --> uts.cc.utexas.edu /export/httpd/vhosts/texasbeyondhistory/data/cabeza-cooking/images brush2.jpg
2007.08.15 11:44 B L:\TBH Website Temp\cabeza-cooking\images\CdeV-sm.jpg --> uts.cc.utexas.edu /export/httpd/vhosts/texasbeyondhistory/data/cabeza-cooking/images CdeV-sm.jpg
2007.08.15 11:44 B L:\TBH Website Temp\cabeza-cooking\images\CdeV.jpg --> uts.cc.utexas.edu /export/httpd/vhosts/texasbeyondhistory/data/cabeza-cooking/images CdeV.jpg
2007.08.15 11:44 B L:\TBH Website Temp\cabeza-cooking\images\deer-tpwd.jpg --> uts.cc.utexas.edu /export/httpd/vhosts/texasbeyondhistory/data/cabeza-cooking/images deer-tpwd.jpg
2007.08.15 11:44 B L:\TBH Website Temp\cabeza-cooking\images\deer-tpwd-sm.jpg --> uts.cc.utexas.edu /export/httpd/vhosts/texasbeyondhistory/data/cabeza-cooking/images deer-tpwd-sm.jpg
2007.08.15 11:44 B L:\TBH Website Temp\cabeza-cooking\images\gathering.jpg --> uts.cc.utexas.edu /export/httpd/vhosts/texasbeyondhistory/data/cabeza-cooking/images gathering.jpg
2007.08.15 11:44 B L:\TBH Website Temp\cabeza-cooking\images\gathering-sm.jpg --> uts.cc.utexas.edu /export/httpd/vhosts/texasbeyondhistory/data/cabeza-cooking/images gathering-sm.jpg
2007.08.15 11:44 B L:\TBH Website Temp\cabeza-cooking\images\mesquite-beans-sm.jpg --> uts.cc.utexas.edu /export/httpd/vhosts/texasbeyondhistory/data/cabeza-cooking/images mesquite-beans-sm.jpg
2007.08.15 11:44 B L:\TBH Website Temp\cabeza-cooking\images\mesquite-beans.jpg --> uts.cc.utexas.edu /export/httpd/vhosts/texasbeyondhistory/data/cabeza-cooking/images mesquite-beans.jpg
2007.08.15 11:44 B L:\TBH Website Temp\cabeza-cooking\images\persimmon.jpg --> uts.cc.utexas.edu /export/httpd/vhosts/texasbeyondhistory/data/cabeza-cooking/images persimmon.jpg
2007.08.15 11:44 B L:\TBH Website Temp\cabeza-cooking\images\persimmon-sm.jpg --> uts.cc.utexas.edu /export/httpd/vhosts/texasbeyondhistory/data/cabeza-cooking/images persimmon-sm.jpg
2007.08.15 11:44 B L:\TBH Website Temp\cabeza-cooking\images\prickly-pear.jpg --> uts.cc.utexas.edu /export/httpd/vhosts/texasbeyondhistory/data/cabeza-cooking/images prickly-pear.jpg
2007.08.15 11:44 B L:\TBH Website Temp\cabeza-cooking\images\prickly-pear-sm.jpg --> uts.cc.utexas.edu /export/httpd/vhosts/texasbeyondhistory/data/cabeza-cooking/images prickly-pear-sm.jpg
2007.08.15 11:44 B L:\TBH Website Temp\cabeza-cooking\images\riogrande-sm.jpg --> uts.cc.utexas.edu /export/httpd/vhosts/texasbeyondhistory/data/cabeza-cooking/images riogrande-sm.jpg
2007.08.15 11:44 B L:\TBH Website Temp\cabeza-cooking\images\riogrande.jpg --> uts.cc.utexas.edu /export/httpd/vhosts/texasbeyondhistory/data/cabeza-cooking/images riogrande.jpg
2007.08.15 11:44 B L:\TBH Website Temp\cabeza-cooking\images\deepsouth-quote6.jpg --> uts.cc.utexas.edu /export/httpd/vhosts/texasbeyondhistory/data/cabeza-cooking/images deepsouth-quote6.jpg
2007.08.15 11:44 B L:\TBH Website Temp\cabeza-cooking\images\deepsouth-quote5.jpg --> uts.cc.utexas.edu /export/httpd/vhosts/texasbeyondhistory/data/cabeza-cooking/images deepsouth-quote5.jpg
2007.08.15 11:44 B L:\TBH Website Temp\cabeza-cooking\images\deepsouth-quote2.jpg --> uts.cc.utexas.edu /export/httpd/vhosts/texasbeyondhistory/data/cabeza-cooking/images deepsouth-quote2.jpg
2007.08.15 11:44 B L:\TBH Website Temp\cabeza-cooking\images\deepsouth-quote1.jpg --> uts.cc.utexas.edu /export/httpd/vhosts/texasbeyondhistory/data/cabeza-cooking/images deepsouth-quote1.jpg
2007.08.15 11:44 B L:\TBH Website Temp\cabeza-cooking\images\beautypatch-sm.jpg --> uts.cc.utexas.edu /export/httpd/vhosts/texasbeyondhistory/data/cabeza-cooking/images beautypatch-sm.jpg
2007.08.15 11:44 B L:\TBH Website Temp\cabeza-cooking\images\oven-combo-sm.jpg --> uts.cc.utexas.edu /export/httpd/vhosts/texasbeyondhistory/data/cabeza-cooking/images oven-combo-sm.jpg
2007.08.15 11:44 B L:\TBH Website Temp\cabeza-cooking\images\wine-cup.jpg --> uts.cc.utexas.edu /export/httpd/vhosts/texasbeyondhistory/data/cabeza-cooking/images wine-cup.jpg
2007.08.15 11:44 B L:\TBH Website Temp\cabeza-cooking\images\rain-lily.jpg --> uts.cc.utexas.edu /export/httpd/vhosts/texasbeyondhistory/data/cabeza-cooking/images rain-lily.jpg
2007.08.15 11:44 B L:\TBH Website Temp\cabeza-cooking\images\rain-lily-sm.jpg --> uts.cc.utexas.edu /export/httpd/vhosts/texasbeyondhistory/data/cabeza-cooking/images rain-lily-sm.jpg
2007.08.15 11:44 B L:\TBH Website Temp\cabeza-cooking\images\false-garlic-sm.jpg --> uts.cc.utexas.edu /export/httpd/vhosts/texasbeyondhistory/data/cabeza-cooking/images false-garlic-sm.jpg
2007.08.15 11:44 B L:\TBH Website Temp\cabeza-cooking\images\false-garlic.jpg --> uts.cc.utexas.edu /export/httpd/vhosts/texasbeyondhistory/data/cabeza-cooking/images false-garlic.jpg
2007.08.15 11:44 B L:\TBH Website Temp\cabeza-cooking\images\onion-combo.jpg --> uts.cc.utexas.edu /export/httpd/vhosts/texasbeyondhistory/data/cabeza-cooking/images onion-combo.jpg
2007.08.15 11:44 B L:\TBH Website Temp\cabeza-cooking\images\onion-combo-sm.jpg --> uts.cc.utexas.edu /export/httpd/vhosts/texasbeyondhistory/data/cabeza-cooking/images onion-combo-sm.jpg
2007.08.15 11:44 B L:\TBH Website Temp\cabeza-cooking\images\mosquito-sm.jpg --> uts.cc.utexas.edu /export/httpd/vhosts/texasbeyondhistory/data/cabeza-cooking/images mosquito-sm.jpg
2007.08.15 11:44 B L:\TBH Website Temp\cabeza-cooking\images\mosquito.jpg --> uts.cc.utexas.edu /export/httpd/vhosts/texasbeyondhistory/data/cabeza-cooking/images mosquito.jpg
2007.08.15 11:44 B L:\TBH Website Temp\cabeza-cooking\images\beautypatch.jpg --> uts.cc.utexas.edu /export/httpd/vhosts/texasbeyondhistory/data/cabeza-cooking/images beautypatch.jpg
2007.08.15 11:44 B L:\TBH Website Temp\cabeza-cooking\images\inland-quote5.jpg --> uts.cc.utexas.edu /export/httpd/vhosts/texasbeyondhistory/data/cabeza-cooking/images inland-quote5.jpg
2007.08.15 11:44 B L:\TBH Website Temp\cabeza-cooking\images\inland-quote4.jpg --> uts.cc.utexas.edu /export/httpd/vhosts/texasbeyondhistory/data/cabeza-cooking/images inland-quote4.jpg
2007.08.15 11:44 B L:\TBH Website Temp\cabeza-cooking\images\inland-quote3.jpg --> uts.cc.utexas.edu /export/httpd/vhosts/texasbeyondhistory/data/cabeza-cooking/images inland-quote3.jpg
2007.08.15 11:44 B L:\TBH Website Temp\cabeza-cooking\images\inland-quote2.jpg --> uts.cc.utexas.edu /export/httpd/vhosts/texasbeyondhistory/data/cabeza-cooking/images inland-quote2.jpg
2007.08.15 11:44 B L:\TBH Website Temp\cabeza-cooking\images\inland-quote1.jpg --> uts.cc.utexas.edu /export/httpd/vhosts/texasbeyondhistory/data/cabeza-cooking/images inland-quote1.jpg
2007.08.15 11:44 B L:\TBH Website Temp\cabeza-cooking\images\oven-combo.jpg --> uts.cc.utexas.edu /export/httpd/vhosts/texasbeyondhistory/data/cabeza-cooking/images oven-combo.jpg
2007.08.15 11:44 B L:\TBH Website Temp\cabeza-cooking\images\pecan.jpg --> uts.cc.utexas.edu /export/httpd/vhosts/texasbeyondhistory/data/cabeza-cooking/images pecan.jpg
2007.08.15 11:44 B L:\TBH Website Temp\cabeza-cooking\images\bison.jpg --> uts.cc.utexas.edu /export/httpd/vhosts/texasbeyondhistory/data/cabeza-cooking/images bison.jpg
2007.08.15 11:44 B L:\TBH Website Temp\cabeza-cooking\images\surround.jpg --> uts.cc.utexas.edu /export/httpd/vhosts/texasbeyondhistory/data/cabeza-cooking/images surround.jpg
2007.08.15 11:44 B L:\TBH Website Temp\cabeza-cooking\images\surround-sm.jpg --> uts.cc.utexas.edu /export/httpd/vhosts/texasbeyondhistory/data/cabeza-cooking/images surround-sm.jpg
2007.08.15 11:44 B L:\TBH Website Temp\cabeza-cooking\images\camas.jpg --> uts.cc.utexas.edu /export/httpd/vhosts/texasbeyondhistory/data/cabeza-cooking/images camas.jpg
2007.08.15 11:44 B L:\TBH Website Temp\cabeza-cooking\images\tuna.jpg --> uts.cc.utexas.edu /export/httpd/vhosts/texasbeyondhistory/data/cabeza-cooking/images tuna.jpg
2007.08.15 11:44 B L:\TBH Website Temp\cabeza-cooking\images\oven-sm.jpg --> uts.cc.utexas.edu /export/httpd/vhosts/texasbeyondhistory/data/cabeza-cooking/images oven-sm.jpg
2007.08.15 11:44 B L:\TBH Website Temp\cabeza-cooking\images\oven.jpg --> uts.cc.utexas.edu /export/httpd/vhosts/texasbeyondhistory/data/cabeza-cooking/images oven.jpg
2007.08.15 11:44 B L:\TBH Website Temp\cabeza-cooking\images\brush-sm.jpg --> uts.cc.utexas.edu /export/httpd/vhosts/texasbeyondhistory/data/cabeza-cooking/images brush-sm.jpg
2007.08.15 11:44 B L:\TBH Website Temp\cabeza-cooking\images\map-florida-loc-1562-sm.jpg --> uts.cc.utexas.edu /export/httpd/vhosts/texasbeyondhistory/data/cabeza-cooking/images map-florida-loc-1562-sm.jpg
2007.08.15 11:44 B L:\TBH Website Temp\cabeza-cooking\images\oysters-sm.jpg --> uts.cc.utexas.edu /export/httpd/vhosts/texasbeyondhistory/data/cabeza-cooking/images oysters-sm.jpg
2007.08.15 11:44 B L:\TBH Website Temp\cabeza-cooking\images\quote3.jpg --> uts.cc.utexas.edu /export/httpd/vhosts/texasbeyondhistory/data/cabeza-cooking/images quote3.jpg
2007.08.15 11:44 B L:\TBH Website Temp\cabeza-cooking\images\cattail.jpg --> uts.cc.utexas.edu /export/httpd/vhosts/texasbeyondhistory/data/cabeza-cooking/images cattail.jpg
2007.08.15 11:44 B L:\TBH Website Temp\cabeza-cooking\images\DeGrazia24.jpg --> uts.cc.utexas.edu /export/httpd/vhosts/texasbeyondhistory/data/cabeza-cooking/images DeGrazia24.jpg
2007.08.15 11:44 B L:\TBH Website Temp\cabeza-cooking\images\DeGrazia24-sm.jpg --> uts.cc.utexas.edu /export/httpd/vhosts/texasbeyondhistory/data/cabeza-cooking/images DeGrazia24-sm.jpg
2007.08.15 11:44 B L:\TBH Website Temp\cabeza-cooking\images\blackberry-sm.jpg --> uts.cc.utexas.edu /export/httpd/vhosts/texasbeyondhistory/data/cabeza-cooking/images blackberry-sm.jpg
2007.08.15 11:44 B L:\TBH Website Temp\cabeza-cooking\images\blackberry.jpg --> uts.cc.utexas.edu /export/httpd/vhosts/texasbeyondhistory/data/cabeza-cooking/images blackberry.jpg
2007.08.15 11:44 B L:\TBH Website Temp\cabeza-cooking\images\islandmap-sm.jpg --> uts.cc.utexas.edu /export/httpd/vhosts/texasbeyondhistory/data/cabeza-cooking/images islandmap-sm.jpg
2007.08.15 11:44 B L:\TBH Website Temp\cabeza-cooking\images\islandmap.jpg --> uts.cc.utexas.edu /export/httpd/vhosts/texasbeyondhistory/data/cabeza-cooking/images islandmap.jpg
2007.08.15 11:44 B L:\TBH Website Temp\cabeza-cooking\images\icon-coastal.jpg --> uts.cc.utexas.edu /export/httpd/vhosts/texasbeyondhistory/data/cabeza-cooking/images icon-coastal.jpg
2007.08.15 11:44 B L:\TBH Website Temp\cabeza-cooking\images\brush.jpg --> uts.cc.utexas.edu /export/httpd/vhosts/texasbeyondhistory/data/cabeza-cooking/images brush.jpg
2007.08.15 11:44 B L:\TBH Website Temp\cabeza-cooking\images\quote2-encounters.jpg --> uts.cc.utexas.edu /export/httpd/vhosts/texasbeyondhistory/data/cabeza-cooking/images quote2-encounters.jpg
2007.08.15 11:44 B L:\TBH Website Temp\cabeza-cooking\images\indiancorn-sm.jpg --> uts.cc.utexas.edu /export/httpd/vhosts/texasbeyondhistory/data/cabeza-cooking/images indiancorn-sm.jpg
2007.08.15 11:44 B L:\TBH Website Temp\cabeza-cooking\images\deGrazia20.jpg --> uts.cc.utexas.edu /export/httpd/vhosts/texasbeyondhistory/data/cabeza-cooking/images deGrazia20.jpg
2007.08.15 11:44 B L:\TBH Website Temp\cabeza-cooking\images\indiancorn.jpg --> uts.cc.utexas.edu /export/httpd/vhosts/texasbeyondhistory/data/cabeza-cooking/images indiancorn.jpg
2007.08.15 11:44 B L:\TBH Website Temp\cabeza-cooking\images\hut-weir.jpg --> uts.cc.utexas.edu /export/httpd/vhosts/texasbeyondhistory/data/cabeza-cooking/images hut-weir.jpg
2007.08.15 11:44 B L:\TBH Website Temp\cabeza-cooking\images\hut-weir-sm.jpg --> uts.cc.utexas.edu /export/httpd/vhosts/texasbeyondhistory/data/cabeza-cooking/images hut-weir-sm.jpg
2007.08.15 11:44 B L:\TBH Website Temp\cabeza-cooking\images\deGrazia20-sm.jpg --> uts.cc.utexas.edu /export/httpd/vhosts/texasbeyondhistory/data/cabeza-cooking/images deGrazia20-sm.jpg
2007.08.15 11:44 B L:\TBH Website Temp\cabeza-cooking\images\indians-shaw.jpg --> uts.cc.utexas.edu /export/httpd/vhosts/texasbeyondhistory/data/cabeza-cooking/images indians-shaw.jpg
2007.08.15 11:44 B L:\TBH Website Temp\cabeza-cooking\images\indians-shaw-sm.jpg --> uts.cc.utexas.edu /export/httpd/vhosts/texasbeyondhistory/data/cabeza-cooking/images indians-shaw-sm.jpg
2007.08.15 11:44 B L:\TBH Website Temp\cabeza-cooking\images\map-florida-loc-1562.jpg --> uts.cc.utexas.edu /export/httpd/vhosts/texasbeyondhistory/data/cabeza-cooking/images map-florida-loc-1562.jpg
2007.08.15 11:44 B L:\TBH Website Temp\cabeza-cooking\images\VT1-clayballs.jpg --> uts.cc.utexas.edu /export/httpd/vhosts/texasbeyondhistory/data/cabeza-cooking/images VT1-clayballs.jpg
2007.08.15 11:44 B L:\TBH Website Temp\cabeza-cooking\images\VT1-clayballs-sm.jpg --> uts.cc.utexas.edu /export/httpd/vhosts/texasbeyondhistory/data/cabeza-cooking/images VT1-clayballs-sm.jpg
2007.08.15 11:44 B L:\TBH Website Temp\cabeza-cooking\images\fig16-griddle-sm.jpg --> uts.cc.utexas.edu /export/httpd/vhosts/texasbeyondhistory/data/cabeza-cooking/images fig16-griddle-sm.jpg
2007.08.15 11:44 B L:\TBH Website Temp\cabeza-cooking\images\icon-rediscovery.jpg --> uts.cc.utexas.edu /export/httpd/vhosts/texasbeyondhistory/data/cabeza-cooking/images icon-rediscovery.jpg
2007.08.15 11:44 B L:\TBH Website Temp\cabeza-cooking\images\dering1.jpg --> uts.cc.utexas.edu /export/httpd/vhosts/texasbeyondhistory/data/cabeza-cooking/images dering1.jpg
2007.08.15 11:44 B L:\TBH Website Temp\cabeza-cooking\images\dering1-sm.jpg --> uts.cc.utexas.edu /export/httpd/vhosts/texasbeyondhistory/data/cabeza-cooking/images dering1-sm.jpg
2007.08.15 11:44 B L:\TBH Website Temp\cabeza-cooking\images\fig14-cloth.jpg --> uts.cc.utexas.edu /export/httpd/vhosts/texasbeyondhistory/data/cabeza-cooking/images fig14-cloth.jpg
2007.08.15 11:44 B L:\TBH Website Temp\cabeza-cooking\images\fig14-cloth-sm.jpg --> uts.cc.utexas.edu /export/httpd/vhosts/texasbeyondhistory/data/cabeza-cooking/images fig14-cloth-sm.jpg
2007.08.15 11:44 B L:\TBH Website Temp\cabeza-cooking\images\staa-powerpoint-sm.jpg --> uts.cc.utexas.edu /export/httpd/vhosts/texasbeyondhistory/data/cabeza-cooking/images staa-powerpoint-sm.jpg
2007.08.15 11:44 B L:\TBH Website Temp\cabeza-cooking\images\dering2-sm.jpg --> uts.cc.utexas.edu /export/httpd/vhosts/texasbeyondhistory/data/cabeza-cooking/images dering2-sm.jpg
2007.08.15 11:44 B L:\TBH Website Temp\cabeza-cooking\images\fig18-pilam-sm.jpg --> uts.cc.utexas.edu /export/httpd/vhosts/texasbeyondhistory/data/cabeza-cooking/images fig18-pilam-sm.jpg
2007.08.15 11:44 B L:\TBH Website Temp\cabeza-cooking\images\dering2.jpg --> uts.cc.utexas.edu /export/httpd/vhosts/texasbeyondhistory/data/cabeza-cooking/images dering2.jpg
2007.08.15 11:44 B L:\TBH Website Temp\cabeza-cooking\images\fig17-camasoven-sm.jpg --> uts.cc.utexas.edu /export/httpd/vhosts/texasbeyondhistory/data/cabeza-cooking/images fig17-camasoven-sm.jpg
2007.08.15 11:44 B L:\TBH Website Temp\cabeza-cooking\images\fig17-camasoven.jpg --> uts.cc.utexas.edu /export/httpd/vhosts/texasbeyondhistory/data/cabeza-cooking/images fig17-camasoven.jpg
2007.08.15 11:44 B L:\TBH Website Temp\cabeza-cooking\images\fig18-pilam.jpg --> uts.cc.utexas.edu /export/httpd/vhosts/texasbeyondhistory/data/cabeza-cooking/images fig18-pilam.jpg
2007.08.15 11:44 B L:\TBH Website Temp\cabeza-cooking\images\fig16-griddle.jpg --> uts.cc.utexas.edu /export/httpd/vhosts/texasbeyondhistory/data/cabeza-cooking/images fig16-griddle.jpg
2007.08.15 11:44 B L:\TBH Website Temp\cabeza-cooking\images\staa-powerpoint.jpg --> uts.cc.utexas.edu /export/httpd/vhosts/texasbeyondhistory/data/cabeza-cooking/images staa-powerpoint.jpg
2007.08.15 11:44 B L:\TBH Website Temp\cabeza-cooking\images\fig15-combo.jpg --> uts.cc.utexas.edu /export/httpd/vhosts/texasbeyondhistory/data/cabeza-cooking/images fig15-combo.jpg
2007.08.15 11:44 B L:\TBH Website Temp\cabeza-cooking\images\fig15-combo-sm.jpg --> uts.cc.utexas.edu /export/httpd/vhosts/texasbeyondhistory/data/cabeza-cooking/images fig15-combo-sm.jpg
2007.08.15 11:44 B L:\TBH Website Temp\cabeza-cooking\images\thoms.jpg --> uts.cc.utexas.edu /export/httpd/vhosts/texasbeyondhistory/data/cabeza-cooking/images thoms.jpg
2007.08.15 11:44 B L:\TBH Website Temp\cabeza-cooking\images\thoms-sm.jpg --> uts.cc.utexas.edu /export/httpd/vhosts/texasbeyondhistory/data/cabeza-cooking/images thoms-sm.jpg
2007.08.15 11:44 B L:\TBH Website Temp\cabeza-cooking\images\fig-3a-color-sm.jpg --> uts.cc.utexas.edu /export/httpd/vhosts/texasbeyondhistory/data/cabeza-cooking/images fig-3a-color-sm.jpg
2007.08.15 11:44 B L:\TBH Website Temp\cabeza-cooking\images\fig-3a-color.jpg --> uts.cc.utexas.edu /export/httpd/vhosts/texasbeyondhistory/data/cabeza-cooking/images fig-3a-color.jpg
2007.08.15 11:44 B L:\TBH Website Temp\cabeza-cooking\images\prickly2-sm.jpg --> uts.cc.utexas.edu /export/httpd/vhosts/texasbeyondhistory/data/cabeza-cooking/images prickly2-sm.jpg
2007.08.15 11:44 B L:\TBH Website Temp\cabeza-cooking\images\prickly2.jpg --> uts.cc.utexas.edu /export/httpd/vhosts/texasbeyondhistory/data/cabeza-cooking/images prickly2.jpg
2007.08.15 11:44 B L:\TBH Website Temp\cabeza-cooking\images\devaca.html --> uts.cc.utexas.edu /export/httpd/vhosts/texasbeyondhistory/data/cabeza-cooking/images devaca.html
2007.08.15 11:44 B L:\TBH Website Temp\cabeza-cooking\images\devacalesson.html --> uts.cc.utexas.edu /export/httpd/vhosts/texasbeyondhistory/data/cabeza-cooking/images devacalesson.html
2007.08.15 11:44 B L:\TBH Website Temp\cabeza-cooking\images\devacareadings8-06.pdf --> uts.cc.utexas.edu /export/httpd/vhosts/texasbeyondhistory/data/cabeza-cooking/images devacareadings8-06.pdf
2007.08.15 11:44 B L:\TBH Website Temp\cabeza-cooking\images\devacaalltogether8-06.pdf --> uts.cc.utexas.edu /export/httpd/vhosts/texasbeyondhistory/data/cabeza-cooking/images devacaalltogether8-06.pdf
2007.08.15 11:44 B L:\TBH Website Temp\cabeza-cooking\images\devaca.jpg --> uts.cc.utexas.edu /export/httpd/vhosts/texasbeyondhistory/data/cabeza-cooking/images devaca.jpg
2007.08.15 11:44 B L:\TBH Website Temp\cabeza-cooking\images\icon-kids.jpg --> uts.cc.utexas.edu /export/httpd/vhosts/texasbeyondhistory/data/cabeza-cooking/images icon-kids.jpg
2007.08.15 11:44 B L:\TBH Website Temp\cabeza-cooking\images\icon-encounters.jpg --> uts.cc.utexas.edu /export/httpd/vhosts/texasbeyondhistory/data/cabeza-cooking/images icon-encounters.jpg
2007.08.15 11:44 B L:\TBH Website Temp\cabeza-cooking\images\icon-survivors3.jpg --> uts.cc.utexas.edu /export/httpd/vhosts/texasbeyondhistory/data/cabeza-cooking/images icon-survivors3.jpg
2007.08.15 11:44 B L:\TBH Website Temp\cabeza-cooking\images\icon-survivors1.jpg --> uts.cc.utexas.edu /export/httpd/vhosts/texasbeyondhistory/data/cabeza-cooking/images icon-survivors1.jpg
2007.08.15 11:44 B L:\TBH Website Temp\cabeza-cooking\images\trade-sm.jpg --> uts.cc.utexas.edu /export/httpd/vhosts/texasbeyondhistory/data/cabeza-cooking/images trade-sm.jpg
2007.08.15 11:44 B L:\TBH Website Temp\cabeza-cooking\images\bookcover-sm.jpg --> uts.cc.utexas.edu /export/httpd/vhosts/texasbeyondhistory/data/cabeza-cooking/images bookcover-sm.jpg
2007.08.15 11:44 B L:\TBH Website Temp\cabeza-cooking\images\coahuiltecan.jpg --> uts.cc.utexas.edu /export/httpd/vhosts/texasbeyondhistory/data/cabeza-cooking/images coahuiltecan.jpg
2007.08.15 11:44 B L:\TBH Website Temp\cabeza-cooking\images\bookcover.jpg --> uts.cc.utexas.edu /export/httpd/vhosts/texasbeyondhistory/data/cabeza-cooking/images bookcover.jpg
2007.08.15 11:44 B L:\TBH Website Temp\cabeza-cooking\images\trade.jpg --> uts.cc.utexas.edu /export/httpd/vhosts/texasbeyondhistory/data/cabeza-cooking/images trade.jpg
2007.08.15 11:44 B L:\TBH Website Temp\cabeza-cooking\images\prickly-sm.jpg --> uts.cc.utexas.edu /export/httpd/vhosts/texasbeyondhistory/data/cabeza-cooking/images prickly-sm.jpg
2007.08.15 11:44 B L:\TBH Website Temp\cabeza-cooking\images\prickly.jpg --> uts.cc.utexas.edu /export/httpd/vhosts/texasbeyondhistory/data/cabeza-cooking/images prickly.jpg
2007.08.15 11:44 B L:\TBH Website Temp\cabeza-cooking\images\camp1.jpg --> uts.cc.utexas.edu /export/httpd/vhosts/texasbeyondhistory/data/cabeza-cooking/images camp1.jpg
2007.08.15 11:44 B L:\TBH Website Temp\cabeza-cooking\images\camp1-sm.jpg --> uts.cc.utexas.edu /export/httpd/vhosts/texasbeyondhistory/data/cabeza-cooking/images camp1-sm.jpg
2007.08.15 11:44 B L:\TBH Website Temp\cabeza-cooking\images\map-route-sm.jpg --> uts.cc.utexas.edu /export/httpd/vhosts/texasbeyondhistory/data/cabeza-cooking/images map-route-sm.jpg
2007.08.15 11:44 B L:\TBH Website Temp\cabeza-cooking\images\map-route.jpg --> uts.cc.utexas.edu /export/httpd/vhosts/texasbeyondhistory/data/cabeza-cooking/images map-route.jpg
2007.08.15 11:44 B L:\TBH Website Temp\cabeza-cooking\images\camera-button-sm.jpg --> uts.cc.utexas.edu /export/httpd/vhosts/texasbeyondhistory/data/cabeza-cooking/images camera-button-sm.jpg
2007.08.15 11:44 B L:\TBH Website Temp\cabeza-cooking\images\camera-button-ro-sm.jpg --> uts.cc.utexas.edu /export/httpd/vhosts/texasbeyondhistory/data/cabeza-cooking/images camera-button-ro-sm.jpg
2007.08.15 11:44 B L:\TBH Website Temp\cabeza-cooking\images\degrazia27-sm.jpg --> uts.cc.utexas.edu /export/httpd/vhosts/texasbeyondhistory/data/cabeza-cooking/images degrazia27-sm.jpg
2007.08.15 11:44 B L:\TBH Website Temp\cabeza-cooking\images\Emperor.jpg --> uts.cc.utexas.edu /export/httpd/vhosts/texasbeyondhistory/data/cabeza-cooking/images Emperor.jpg
2007.08.15 11:44 B L:\TBH Website Temp\cabeza-cooking\images\Emperor-sm.jpg --> uts.cc.utexas.edu /export/httpd/vhosts/texasbeyondhistory/data/cabeza-cooking/images Emperor-sm.jpg
2007.08.15 11:44 B L:\TBH Website Temp\cabeza-cooking\images\frontispiece-sm.jpg --> uts.cc.utexas.edu /export/httpd/vhosts/texasbeyondhistory/data/cabeza-cooking/images frontispiece-sm.jpg
2007.08.15 11:44 B L:\TBH Website Temp\cabeza-cooking\images\frontispiece.jpg --> uts.cc.utexas.edu /export/httpd/vhosts/texasbeyondhistory/data/cabeza-cooking/images frontispiece.jpg
2007.08.15 11:44 B L:\TBH Website Temp\cabeza-cooking\images\page.jpg --> uts.cc.utexas.edu /export/httpd/vhosts/texasbeyondhistory/data/cabeza-cooking/images page.jpg
2007.08.15 11:44 B L:\TBH Website Temp\cabeza-cooking\images\page-sm.jpg --> uts.cc.utexas.edu /export/httpd/vhosts/texasbeyondhistory/data/cabeza-cooking/images page-sm.jpg
2007.08.15 11:44 B L:\TBH Website Temp\cabeza-cooking\images\icon-survivors2.jpg --> uts.cc.utexas.edu /export/httpd/vhosts/texasbeyondhistory/data/cabeza-cooking/images icon-survivors2.jpg
2007.08.15 11:44 B L:\TBH Website Temp\cabeza-cooking\images\icon-index.jpg --> uts.cc.utexas.edu /export/httpd/vhosts/texasbeyondhistory/data/cabeza-cooking/images icon-index.jpg
2007.08.16 08:13 B K:\TBH Website Temp\cabeza-cooking\images\map-crop.jpg --> uts.cc.utexas.edu /export/httpd/vhosts/texasbeyondhistory/data/cabeza-cooking/images map-crop.jpg
2007.08.16 08:13 B K:\TBH Website Temp\cabeza-cooking\images\map-crop-sm.jpg --> uts.cc.utexas.edu /export/httpd/vhosts/texasbeyondhistory/data/cabeza-cooking/images map-crop-sm.jpg
