2005.06.19 11:34 B L:\TBH Website Temp\kids\images\texans\drdname.gif <-- texasbeyondhistory /export/httpd/vhosts/texasbeyondhistory/data/kids/images/texans drdname.gif
2005.06.19 11:34 B L:\TBH Website Temp\kids\images\texans\effigy-lg.jpg <-- texasbeyondhistory /export/httpd/vhosts/texasbeyondhistory/data/kids/images/texans effigy-lg.jpg
2005.06.19 11:34 B L:\TBH Website Temp\kids\images\texans\effigy-sm.jpg <-- texasbeyondhistory /export/httpd/vhosts/texasbeyondhistory/data/kids/images/texans effigy-sm.jpg
2005.06.19 11:34 B L:\TBH Website Temp\kids\images\texans\effigy.html <-- texasbeyondhistory /export/httpd/vhosts/texasbeyondhistory/data/kids/images/texans effigy.html
2005.06.19 11:34 B L:\TBH Website Temp\kids\images\texans\hatchellmap.html <-- texasbeyondhistory /export/httpd/vhosts/texasbeyondhistory/data/kids/images/texans hatchellmap.html
2005.06.19 11:34 B L:\TBH Website Temp\kids\images\texans\HatchelMap-lg.jpg <-- texasbeyondhistory /export/httpd/vhosts/texasbeyondhistory/data/kids/images/texans HatchelMap-lg.jpg
2005.06.19 11:34 B L:\TBH Website Temp\kids\images\texans\HatchelMap-sm.jpg <-- texasbeyondhistory /export/httpd/vhosts/texasbeyondhistory/data/kids/images/texans HatchelMap-sm.jpg
2005.06.19 11:34 B L:\TBH Website Temp\kids\images\texans\mammoth-lg.jpg <-- texasbeyondhistory /export/httpd/vhosts/texasbeyondhistory/data/kids/images/texans mammoth-lg.jpg
2005.06.19 11:34 B L:\TBH Website Temp\kids\images\texans\mammoth-sm.jpg <-- texasbeyondhistory /export/httpd/vhosts/texasbeyondhistory/data/kids/images/texans mammoth-sm.jpg
2005.06.19 11:34 B L:\TBH Website Temp\kids\images\texans\mammoth.html <-- texasbeyondhistory /export/httpd/vhosts/texasbeyondhistory/data/kids/images/texans mammoth.html
2005.06.19 11:34 B L:\TBH Website Temp\kids\images\texans\peel-shelter-lg.jpg <-- texasbeyondhistory /export/httpd/vhosts/texasbeyondhistory/data/kids/images/texans peel-shelter-lg.jpg
2005.06.19 11:34 B L:\TBH Website Temp\kids\images\texans\peel-shelter-sm.jpg <-- texasbeyondhistory /export/httpd/vhosts/texasbeyondhistory/data/kids/images/texans peel-shelter-sm.jpg
2005.06.19 11:34 B L:\TBH Website Temp\kids\images\texans\peel-shelter.html <-- texasbeyondhistory /export/httpd/vhosts/texasbeyondhistory/data/kids/images/texans peel-shelter.html
2005.06.19 11:34 B L:\TBH Website Temp\kids\images\texans\phgroups.jpg <-- texasbeyondhistory /export/httpd/vhosts/texasbeyondhistory/data/kids/images/texans phgroups.jpg
2005.06.19 11:34 B L:\TBH Website Temp\kids\images\texans\phhead.jpg <-- texasbeyondhistory /export/httpd/vhosts/texasbeyondhistory/data/kids/images/texans phhead.jpg
2005.06.19 11:34 B L:\TBH Website Temp\kids\images\texans\rockart-lg.jpg <-- texasbeyondhistory /export/httpd/vhosts/texasbeyondhistory/data/kids/images/texans rockart-lg.jpg
2005.06.19 11:34 B L:\TBH Website Temp\kids\images\texans\rockart-sm.jpg <-- texasbeyondhistory /export/httpd/vhosts/texasbeyondhistory/data/kids/images/texans rockart-sm.jpg
2005.06.19 11:34 B L:\TBH Website Temp\kids\images\texans\rockart.html <-- texasbeyondhistory /export/httpd/vhosts/texasbeyondhistory/data/kids/images/texans rockart.html
2005.08.18 12:13 B L:\TBH Website Temp\kids\images\texans\Thumbs.db --> uts.cc.utexas.edu /export/httpd/vhosts/texasbeyondhistory/data/kids/images/texans Thumbs.db
2005.08.18 12:13 B L:\TBH Website Temp\kids\images\texans\WS_FTP.LOG --> uts.cc.utexas.edu /export/httpd/vhosts/texasbeyondhistory/data/kids/images/texans WS_FTP.LOG
2005.08.18 12:13 B L:\TBH Website Temp\kids\images\texans\rockart.html --> uts.cc.utexas.edu /export/httpd/vhosts/texasbeyondhistory/data/kids/images/texans rockart.html
2005.08.18 12:13 B L:\TBH Website Temp\kids\images\texans\rockart-sm.jpg --> uts.cc.utexas.edu /export/httpd/vhosts/texasbeyondhistory/data/kids/images/texans rockart-sm.jpg
2005.08.18 12:13 B L:\TBH Website Temp\kids\images\texans\rockart-lg.jpg --> uts.cc.utexas.edu /export/httpd/vhosts/texasbeyondhistory/data/kids/images/texans rockart-lg.jpg
2005.08.18 12:13 B L:\TBH Website Temp\kids\images\texans\phhead.jpg --> uts.cc.utexas.edu /export/httpd/vhosts/texasbeyondhistory/data/kids/images/texans phhead.jpg
2005.08.18 12:13 B L:\TBH Website Temp\kids\images\texans\phgroups.jpg --> uts.cc.utexas.edu /export/httpd/vhosts/texasbeyondhistory/data/kids/images/texans phgroups.jpg
2005.08.18 12:13 B L:\TBH Website Temp\kids\images\texans\peel-shelter.html --> uts.cc.utexas.edu /export/httpd/vhosts/texasbeyondhistory/data/kids/images/texans peel-shelter.html
2005.08.18 12:13 B L:\TBH Website Temp\kids\images\texans\peel-shelter-sm.jpg --> uts.cc.utexas.edu /export/httpd/vhosts/texasbeyondhistory/data/kids/images/texans peel-shelter-sm.jpg
2005.08.18 12:13 B L:\TBH Website Temp\kids\images\texans\peel-shelter-lg.jpg --> uts.cc.utexas.edu /export/httpd/vhosts/texasbeyondhistory/data/kids/images/texans peel-shelter-lg.jpg
2005.08.18 12:13 B L:\TBH Website Temp\kids\images\texans\mammoth.html --> uts.cc.utexas.edu /export/httpd/vhosts/texasbeyondhistory/data/kids/images/texans mammoth.html
2005.08.18 12:13 B L:\TBH Website Temp\kids\images\texans\mammoth-sm.jpg --> uts.cc.utexas.edu /export/httpd/vhosts/texasbeyondhistory/data/kids/images/texans mammoth-sm.jpg
2005.08.18 12:13 B L:\TBH Website Temp\kids\images\texans\mammoth-lg.jpg --> uts.cc.utexas.edu /export/httpd/vhosts/texasbeyondhistory/data/kids/images/texans mammoth-lg.jpg
2005.08.18 12:13 B L:\TBH Website Temp\kids\images\texans\HatchelMap-sm.jpg --> uts.cc.utexas.edu /export/httpd/vhosts/texasbeyondhistory/data/kids/images/texans HatchelMap-sm.jpg
2005.08.18 12:13 B L:\TBH Website Temp\kids\images\texans\HatchelMap-lg.jpg --> uts.cc.utexas.edu /export/httpd/vhosts/texasbeyondhistory/data/kids/images/texans HatchelMap-lg.jpg
2005.08.18 12:13 B L:\TBH Website Temp\kids\images\texans\effigy.html --> uts.cc.utexas.edu /export/httpd/vhosts/texasbeyondhistory/data/kids/images/texans effigy.html
2005.08.18 12:13 B L:\TBH Website Temp\kids\images\texans\effigy-sm.jpg --> uts.cc.utexas.edu /export/httpd/vhosts/texasbeyondhistory/data/kids/images/texans effigy-sm.jpg
2005.08.18 12:13 B L:\TBH Website Temp\kids\images\texans\effigy-lg.jpg --> uts.cc.utexas.edu /export/httpd/vhosts/texasbeyondhistory/data/kids/images/texans effigy-lg.jpg
2005.08.18 12:13 B L:\TBH Website Temp\kids\images\texans\drdname.gif --> uts.cc.utexas.edu /export/httpd/vhosts/texasbeyondhistory/data/kids/images/texans drdname.gif
2005.08.18 12:13 B L:\TBH Website Temp\kids\images\texans\hatchellmap.html --> uts.cc.utexas.edu /export/httpd/vhosts/texasbeyondhistory/data/kids/images/texans hatchellmap.html
2006.09.29 17:13 B L:\TBH Website Temp\kids\images\texans\rockart.html --> uts.cc.utexas.edu /export/httpd/vhosts/texasbeyondhistory/data/kids/images/texans rockart.html
2006.09.29 17:13 B L:\TBH Website Temp\kids\images\texans\peel-shelter.html --> uts.cc.utexas.edu /export/httpd/vhosts/texasbeyondhistory/data/kids/images/texans peel-shelter.html
2006.09.29 17:13 B L:\TBH Website Temp\kids\images\texans\mammoth.html --> uts.cc.utexas.edu /export/httpd/vhosts/texasbeyondhistory/data/kids/images/texans mammoth.html
2006.09.29 17:13 B L:\TBH Website Temp\kids\images\texans\hatchellmap.html --> uts.cc.utexas.edu /export/httpd/vhosts/texasbeyondhistory/data/kids/images/texans hatchellmap.html
2006.09.29 17:13 B L:\TBH Website Temp\kids\images\texans\effigy.html --> uts.cc.utexas.edu /export/httpd/vhosts/texasbeyondhistory/data/kids/images/texans effigy.html
2006.09.29 17:13 B L:\TBH Website Temp\kids\images\texans\Thumbs.db --> uts.cc.utexas.edu /export/httpd/vhosts/texasbeyondhistory/data/kids/images/texans Thumbs.db
2006.09.29 17:13 B L:\TBH Website Temp\kids\images\texans\WS_FTP.LOG --> uts.cc.utexas.edu /export/httpd/vhosts/texasbeyondhistory/data/kids/images/texans WS_FTP.LOG
2007.05.02 16:16 B V:\TBH Website Temp\kids\images\texans\drdname.gif --> uts.cc.utexas.edu /export/httpd/vhosts/texasbeyondhistory/data/kids/images/texans drdname.gif
2007.05.02 16:16 B V:\TBH Website Temp\kids\images\texans\effigy-lg.jpg --> uts.cc.utexas.edu /export/httpd/vhosts/texasbeyondhistory/data/kids/images/texans effigy-lg.jpg
2007.05.02 16:16 B V:\TBH Website Temp\kids\images\texans\effigy-sm.jpg --> uts.cc.utexas.edu /export/httpd/vhosts/texasbeyondhistory/data/kids/images/texans effigy-sm.jpg
2007.05.02 16:16 B V:\TBH Website Temp\kids\images\texans\effigy.html --> uts.cc.utexas.edu /export/httpd/vhosts/texasbeyondhistory/data/kids/images/texans effigy.html
2007.05.02 16:16 B V:\TBH Website Temp\kids\images\texans\hatchellmap.html --> uts.cc.utexas.edu /export/httpd/vhosts/texasbeyondhistory/data/kids/images/texans hatchellmap.html
2007.05.02 16:16 B V:\TBH Website Temp\kids\images\texans\HatchelMap-lg.jpg --> uts.cc.utexas.edu /export/httpd/vhosts/texasbeyondhistory/data/kids/images/texans HatchelMap-lg.jpg
2007.05.02 16:16 B V:\TBH Website Temp\kids\images\texans\HatchelMap-sm.jpg --> uts.cc.utexas.edu /export/httpd/vhosts/texasbeyondhistory/data/kids/images/texans HatchelMap-sm.jpg
2007.05.02 16:16 B V:\TBH Website Temp\kids\images\texans\mammoth-lg.jpg --> uts.cc.utexas.edu /export/httpd/vhosts/texasbeyondhistory/data/kids/images/texans mammoth-lg.jpg
2007.05.02 16:16 B V:\TBH Website Temp\kids\images\texans\mammoth-sm.jpg --> uts.cc.utexas.edu /export/httpd/vhosts/texasbeyondhistory/data/kids/images/texans mammoth-sm.jpg
2007.05.02 16:16 B V:\TBH Website Temp\kids\images\texans\mammoth.html --> uts.cc.utexas.edu /export/httpd/vhosts/texasbeyondhistory/data/kids/images/texans mammoth.html
2007.05.02 16:16 B V:\TBH Website Temp\kids\images\texans\peel-shelter-lg.jpg --> uts.cc.utexas.edu /export/httpd/vhosts/texasbeyondhistory/data/kids/images/texans peel-shelter-lg.jpg
2007.05.02 16:16 B V:\TBH Website Temp\kids\images\texans\peel-shelter-sm.jpg --> uts.cc.utexas.edu /export/httpd/vhosts/texasbeyondhistory/data/kids/images/texans peel-shelter-sm.jpg
2007.05.02 16:16 B V:\TBH Website Temp\kids\images\texans\peel-shelter.html --> uts.cc.utexas.edu /export/httpd/vhosts/texasbeyondhistory/data/kids/images/texans peel-shelter.html
2007.05.02 16:16 B V:\TBH Website Temp\kids\images\texans\phgroups.jpg --> uts.cc.utexas.edu /export/httpd/vhosts/texasbeyondhistory/data/kids/images/texans phgroups.jpg
2007.05.02 16:16 B V:\TBH Website Temp\kids\images\texans\phhead.jpg --> uts.cc.utexas.edu /export/httpd/vhosts/texasbeyondhistory/data/kids/images/texans phhead.jpg
2007.05.02 16:16 B V:\TBH Website Temp\kids\images\texans\rockart-lg.jpg --> uts.cc.utexas.edu /export/httpd/vhosts/texasbeyondhistory/data/kids/images/texans rockart-lg.jpg
2007.05.02 16:16 B V:\TBH Website Temp\kids\images\texans\rockart-sm.jpg --> uts.cc.utexas.edu /export/httpd/vhosts/texasbeyondhistory/data/kids/images/texans rockart-sm.jpg
2007.05.02 16:16 B V:\TBH Website Temp\kids\images\texans\rockart.html --> uts.cc.utexas.edu /export/httpd/vhosts/texasbeyondhistory/data/kids/images/texans rockart.html
2007.05.02 16:16 B V:\TBH Website Temp\kids\images\texans\Thumbs.db --> uts.cc.utexas.edu /export/httpd/vhosts/texasbeyondhistory/data/kids/images/texans Thumbs.db
