2005.06.18 13:54 B L:\TBH Website Temp\prehistoric\images\pthead.jpg <-- texasbeyondhistory /export/httpd/vhosts/texasbeyondhistory/data/protect/prehistoric/images pthead.jpg
2005.06.18 13:54 B L:\TBH Website Temp\prehistoric\images\pthead2.jpg <-- texasbeyondhistory /export/httpd/vhosts/texasbeyondhistory/data/protect/prehistoric/images pthead2.jpg
2005.06.18 13:54 B L:\TBH Website Temp\prehistoric\images\ptmap.gif <-- texasbeyondhistory /export/httpd/vhosts/texasbeyondhistory/data/protect/prehistoric/images ptmap.gif
2005.06.18 13:54 B L:\TBH Website Temp\prehistoric\images\texas.png <-- texasbeyondhistory /export/httpd/vhosts/texasbeyondhistory/data/protect/prehistoric/images texas.png
2005.07.05 12:04 B L:\TBH Website Temp\prehistoric\images\main.swf --> uts.cc.utexas.edu /export/httpd/vhosts/texasbeyondhistory/data/protect/prehistoric/images main.swf
2005.07.05 12:04 B L:\TBH Website Temp\prehistoric\images\pretexmain7-1.jpg --> uts.cc.utexas.edu /export/httpd/vhosts/texasbeyondhistory/data/protect/prehistoric/images pretexmain7-1.jpg
2005.07.05 12:04 B L:\TBH Website Temp\prehistoric\images\pretexmain7-1.png --> uts.cc.utexas.edu /export/httpd/vhosts/texasbeyondhistory/data/protect/prehistoric/images pretexmain7-1.png
2005.07.05 12:04 B L:\TBH Website Temp\prehistoric\images\pretxmain.jpg --> uts.cc.utexas.edu /export/httpd/vhosts/texasbeyondhistory/data/protect/prehistoric/images pretxmain.jpg
2005.07.05 12:04 B L:\TBH Website Temp\prehistoric\images\Thumbs.db --> uts.cc.utexas.edu /export/httpd/vhosts/texasbeyondhistory/data/protect/prehistoric/images Thumbs.db
2005.07.05 12:04 B L:\TBH Website Temp\prehistoric\images\WS_FTP.LOG --> uts.cc.utexas.edu /export/httpd/vhosts/texasbeyondhistory/data/protect/prehistoric/images WS_FTP.LOG
2005.07.15 19:36 B L:\TBH Website Temp\prehistoric\images\pretexmain7-14.png --> uts.cc.utexas.edu /export/httpd/vhosts/texasbeyondhistory/data/protect/prehistoric/images pretexmain7-14.png
2005.07.15 19:36 B L:\TBH Website Temp\prehistoric\images\pretxmain.jpg --> uts.cc.utexas.edu /export/httpd/vhosts/texasbeyondhistory/data/protect/prehistoric/images pretxmain.jpg
2005.07.15 19:36 B L:\TBH Website Temp\prehistoric\images\main.swf --> uts.cc.utexas.edu /export/httpd/vhosts/texasbeyondhistory/data/protect/prehistoric/images main.swf
2005.07.15 19:36 B L:\TBH Website Temp\prehistoric\images\main.fla --> uts.cc.utexas.edu /export/httpd/vhosts/texasbeyondhistory/data/protect/prehistoric/images main.fla
2005.07.18 10:01 B L:\TBH Website Temp\prehistoric\images\WS_FTP.LOG --> uts.cc.utexas.edu /export/httpd/vhosts/texasbeyondhistory/data/protect/prehistoric/images WS_FTP.LOG
2005.07.30 17:35 B L:\TBH Website Temp\prehistoric\images\main.fla --> uts.cc.utexas.edu /export/httpd/vhosts/texasbeyondhistory/data/prehistoric/images main.fla
2005.07.30 17:35 B L:\TBH Website Temp\prehistoric\images\main.swf --> uts.cc.utexas.edu /export/httpd/vhosts/texasbeyondhistory/data/prehistoric/images main.swf
2005.07.30 17:35 B L:\TBH Website Temp\prehistoric\images\over.gif --> uts.cc.utexas.edu /export/httpd/vhosts/texasbeyondhistory/data/prehistoric/images over.gif
2005.07.30 17:35 B L:\TBH Website Temp\prehistoric\images\over.jpg --> uts.cc.utexas.edu /export/httpd/vhosts/texasbeyondhistory/data/prehistoric/images over.jpg
2005.07.30 17:35 B L:\TBH Website Temp\prehistoric\images\pretexmain7-1.jpg --> uts.cc.utexas.edu /export/httpd/vhosts/texasbeyondhistory/data/prehistoric/images pretexmain7-1.jpg
2005.07.30 17:35 B L:\TBH Website Temp\prehistoric\images\pretexmain7-1.png --> uts.cc.utexas.edu /export/httpd/vhosts/texasbeyondhistory/data/prehistoric/images pretexmain7-1.png
2005.07.30 17:35 B L:\TBH Website Temp\prehistoric\images\pretexmain7-14.png --> uts.cc.utexas.edu /export/httpd/vhosts/texasbeyondhistory/data/prehistoric/images pretexmain7-14.png
2005.07.30 17:35 B L:\TBH Website Temp\prehistoric\images\pretxmain.htm --> uts.cc.utexas.edu /export/httpd/vhosts/texasbeyondhistory/data/prehistoric/images pretxmain.htm
2005.07.30 17:35 B L:\TBH Website Temp\prehistoric\images\pretxmain.jpg --> uts.cc.utexas.edu /export/httpd/vhosts/texasbeyondhistory/data/prehistoric/images pretxmain.jpg
2005.07.30 17:35 B L:\TBH Website Temp\prehistoric\images\pthead.jpg --> uts.cc.utexas.edu /export/httpd/vhosts/texasbeyondhistory/data/prehistoric/images pthead.jpg
2005.07.30 17:35 B L:\TBH Website Temp\prehistoric\images\pthead2.jpg --> uts.cc.utexas.edu /export/httpd/vhosts/texasbeyondhistory/data/prehistoric/images pthead2.jpg
2005.07.30 17:35 B L:\TBH Website Temp\prehistoric\images\ptmap.gif --> uts.cc.utexas.edu /export/httpd/vhosts/texasbeyondhistory/data/prehistoric/images ptmap.gif
2005.07.30 17:35 B L:\TBH Website Temp\prehistoric\images\texas.png --> uts.cc.utexas.edu /export/httpd/vhosts/texasbeyondhistory/data/prehistoric/images texas.png
2005.07.30 17:35 B L:\TBH Website Temp\prehistoric\images\Thumbs.db --> uts.cc.utexas.edu /export/httpd/vhosts/texasbeyondhistory/data/prehistoric/images Thumbs.db
