2007.09.25 07:55 B K:\TBH Website Temp\hueco\hueco-kids\KIDS Only_files\hint.gif --> uts.cc.utexas.edu /export/httpd/vhosts/texasbeyondhistory/data/protect/hueco-kids/KIDS Only_files hint.gif
2007.09.25 07:55 B K:\TBH Website Temp\hueco\hueco-kids\KIDS Only_files\kids_r10_c11.gif --> uts.cc.utexas.edu /export/httpd/vhosts/texasbeyondhistory/data/protect/hueco-kids/KIDS Only_files kids_r10_c11.gif
2007.09.25 07:55 B K:\TBH Website Temp\hueco\hueco-kids\KIDS Only_files\kids_r11_c5.gif --> uts.cc.utexas.edu /export/httpd/vhosts/texasbeyondhistory/data/protect/hueco-kids/KIDS Only_files kids_r11_c5.gif
2007.09.25 07:55 B K:\TBH Website Temp\hueco\hueco-kids\KIDS Only_files\kids_r11_c9.gif --> uts.cc.utexas.edu /export/httpd/vhosts/texasbeyondhistory/data/protect/hueco-kids/KIDS Only_files kids_r11_c9.gif
2007.09.25 07:55 B K:\TBH Website Temp\hueco\hueco-kids\KIDS Only_files\kids_r1_c1.gif --> uts.cc.utexas.edu /export/httpd/vhosts/texasbeyondhistory/data/protect/hueco-kids/KIDS Only_files kids_r1_c1.gif
2007.09.25 07:55 B K:\TBH Website Temp\hueco\hueco-kids\KIDS Only_files\kids_r1_c12.gif --> uts.cc.utexas.edu /export/httpd/vhosts/texasbeyondhistory/data/protect/hueco-kids/KIDS Only_files kids_r1_c12.gif
2007.09.25 07:55 B K:\TBH Website Temp\hueco\hueco-kids\KIDS Only_files\kids_r1_c7.gif --> uts.cc.utexas.edu /export/httpd/vhosts/texasbeyondhistory/data/protect/hueco-kids/KIDS Only_files kids_r1_c7.gif
2007.09.25 07:55 B K:\TBH Website Temp\hueco\hueco-kids\KIDS Only_files\kids_r2_c7.gif --> uts.cc.utexas.edu /export/httpd/vhosts/texasbeyondhistory/data/protect/hueco-kids/KIDS Only_files kids_r2_c7.gif
2007.09.25 07:55 B K:\TBH Website Temp\hueco\hueco-kids\KIDS Only_files\kids_r3_c1.gif --> uts.cc.utexas.edu /export/httpd/vhosts/texasbeyondhistory/data/protect/hueco-kids/KIDS Only_files kids_r3_c1.gif
2007.09.25 07:55 B K:\TBH Website Temp\hueco\hueco-kids\KIDS Only_files\kids_r3_c3.gif --> uts.cc.utexas.edu /export/httpd/vhosts/texasbeyondhistory/data/protect/hueco-kids/KIDS Only_files kids_r3_c3.gif
2007.09.25 07:55 B K:\TBH Website Temp\hueco\hueco-kids\KIDS Only_files\kids_r3_c6.gif --> uts.cc.utexas.edu /export/httpd/vhosts/texasbeyondhistory/data/protect/hueco-kids/KIDS Only_files kids_r3_c6.gif
2007.09.25 07:55 B K:\TBH Website Temp\hueco\hueco-kids\KIDS Only_files\kids_r4_c12.gif --> uts.cc.utexas.edu /export/httpd/vhosts/texasbeyondhistory/data/protect/hueco-kids/KIDS Only_files kids_r4_c12.gif
2007.09.25 07:55 B K:\TBH Website Temp\hueco\hueco-kids\KIDS Only_files\kids_r4_c14.gif --> uts.cc.utexas.edu /export/httpd/vhosts/texasbeyondhistory/data/protect/hueco-kids/KIDS Only_files kids_r4_c14.gif
2007.09.25 07:55 B K:\TBH Website Temp\hueco\hueco-kids\KIDS Only_files\kids_r5_c3.gif --> uts.cc.utexas.edu /export/httpd/vhosts/texasbeyondhistory/data/protect/hueco-kids/KIDS Only_files kids_r5_c3.gif
2007.09.25 07:55 B K:\TBH Website Temp\hueco\hueco-kids\KIDS Only_files\kids_r6_c1.gif --> uts.cc.utexas.edu /export/httpd/vhosts/texasbeyondhistory/data/protect/hueco-kids/KIDS Only_files kids_r6_c1.gif
2007.09.25 07:55 B K:\TBH Website Temp\hueco\hueco-kids\KIDS Only_files\kids_r6_c2.gif --> uts.cc.utexas.edu /export/httpd/vhosts/texasbeyondhistory/data/protect/hueco-kids/KIDS Only_files kids_r6_c2.gif
2007.09.25 07:55 B K:\TBH Website Temp\hueco\hueco-kids\KIDS Only_files\kids_r6_c4.gif --> uts.cc.utexas.edu /export/httpd/vhosts/texasbeyondhistory/data/protect/hueco-kids/KIDS Only_files kids_r6_c4.gif
2007.09.25 07:55 B K:\TBH Website Temp\hueco\hueco-kids\KIDS Only_files\kids_r7_c12.gif --> uts.cc.utexas.edu /export/httpd/vhosts/texasbeyondhistory/data/protect/hueco-kids/KIDS Only_files kids_r7_c12.gif
2007.09.25 07:55 B K:\TBH Website Temp\hueco\hueco-kids\KIDS Only_files\kids_r8_c11.gif --> uts.cc.utexas.edu /export/httpd/vhosts/texasbeyondhistory/data/protect/hueco-kids/KIDS Only_files kids_r8_c11.gif
2007.09.25 07:55 B K:\TBH Website Temp\hueco\hueco-kids\KIDS Only_files\kids_r8_c13.gif --> uts.cc.utexas.edu /export/httpd/vhosts/texasbeyondhistory/data/protect/hueco-kids/KIDS Only_files kids_r8_c13.gif
2007.09.25 07:55 B K:\TBH Website Temp\hueco\hueco-kids\KIDS Only_files\kids_r8_c7.gif --> uts.cc.utexas.edu /export/httpd/vhosts/texasbeyondhistory/data/protect/hueco-kids/KIDS Only_files kids_r8_c7.gif
2007.09.25 07:55 B K:\TBH Website Temp\hueco\hueco-kids\KIDS Only_files\kids_r9_c10.gif --> uts.cc.utexas.edu /export/httpd/vhosts/texasbeyondhistory/data/protect/hueco-kids/KIDS Only_files kids_r9_c10.gif
2007.09.25 07:55 B K:\TBH Website Temp\hueco\hueco-kids\KIDS Only_files\kids_r9_c2.gif --> uts.cc.utexas.edu /export/httpd/vhosts/texasbeyondhistory/data/protect/hueco-kids/KIDS Only_files kids_r9_c2.gif
2007.09.25 07:55 B K:\TBH Website Temp\hueco\hueco-kids\KIDS Only_files\kids_r9_c5.gif --> uts.cc.utexas.edu /export/httpd/vhosts/texasbeyondhistory/data/protect/hueco-kids/KIDS Only_files kids_r9_c5.gif
2007.09.25 07:55 B K:\TBH Website Temp\hueco\hueco-kids\KIDS Only_files\kids_r9_c8.gif --> uts.cc.utexas.edu /export/httpd/vhosts/texasbeyondhistory/data/protect/hueco-kids/KIDS Only_files kids_r9_c8.gif
2007.09.25 07:55 B K:\TBH Website Temp\hueco\hueco-kids\KIDS Only_files\kids_r9_c9.gif --> uts.cc.utexas.edu /export/httpd/vhosts/texasbeyondhistory/data/protect/hueco-kids/KIDS Only_files kids_r9_c9.gif
2007.09.25 07:55 B K:\TBH Website Temp\hueco\hueco-kids\KIDS Only_files\seminole-m3.gif --> uts.cc.utexas.edu /export/httpd/vhosts/texasbeyondhistory/data/protect/hueco-kids/KIDS Only_files seminole-m3.gif
2007.09.25 07:55 B K:\TBH Website Temp\hueco\hueco-kids\KIDS Only_files\spacer.gif --> uts.cc.utexas.edu /export/httpd/vhosts/texasbeyondhistory/data/protect/hueco-kids/KIDS Only_files spacer.gif
2007.09.25 07:55 B K:\TBH Website Temp\hueco\hueco-kids\KIDS Only_files\Thumbs.db --> uts.cc.utexas.edu /export/httpd/vhosts/texasbeyondhistory/data/protect/hueco-kids/KIDS Only_files Thumbs.db
2007.09.25 07:55 B K:\TBH Website Temp\hueco\hueco-kids\KIDS Only_files\transparent.gif --> uts.cc.utexas.edu /export/httpd/vhosts/texasbeyondhistory/data/protect/hueco-kids/KIDS Only_files transparent.gif
2007.09.25 07:55 B K:\TBH Website Temp\hueco\hueco-kids\KIDS Only_files\White-Shaman.gif --> uts.cc.utexas.edu /export/httpd/vhosts/texasbeyondhistory/data/protect/hueco-kids/KIDS Only_files White-Shaman.gif
2007.12.11 15:20 B K:\TBH Website Temp\hueco\hueco-kids\KIDS Only_files\hint.gif --> uts.cc.utexas.edu /export/httpd/vhosts/texasbeyondhistory/data/protect/hueco/hueco-kids/KIDS Only_files hint.gif
2007.12.11 15:20 B K:\TBH Website Temp\hueco\hueco-kids\KIDS Only_files\kids_r10_c11.gif --> uts.cc.utexas.edu /export/httpd/vhosts/texasbeyondhistory/data/protect/hueco/hueco-kids/KIDS Only_files kids_r10_c11.gif
2007.12.11 15:20 B K:\TBH Website Temp\hueco\hueco-kids\KIDS Only_files\kids_r11_c5.gif --> uts.cc.utexas.edu /export/httpd/vhosts/texasbeyondhistory/data/protect/hueco/hueco-kids/KIDS Only_files kids_r11_c5.gif
2007.12.11 15:20 B K:\TBH Website Temp\hueco\hueco-kids\KIDS Only_files\kids_r11_c9.gif --> uts.cc.utexas.edu /export/httpd/vhosts/texasbeyondhistory/data/protect/hueco/hueco-kids/KIDS Only_files kids_r11_c9.gif
2007.12.11 15:20 B K:\TBH Website Temp\hueco\hueco-kids\KIDS Only_files\kids_r1_c1.gif --> uts.cc.utexas.edu /export/httpd/vhosts/texasbeyondhistory/data/protect/hueco/hueco-kids/KIDS Only_files kids_r1_c1.gif
2007.12.11 15:20 B K:\TBH Website Temp\hueco\hueco-kids\KIDS Only_files\kids_r1_c12.gif --> uts.cc.utexas.edu /export/httpd/vhosts/texasbeyondhistory/data/protect/hueco/hueco-kids/KIDS Only_files kids_r1_c12.gif
2007.12.11 15:20 B K:\TBH Website Temp\hueco\hueco-kids\KIDS Only_files\kids_r1_c7.gif --> uts.cc.utexas.edu /export/httpd/vhosts/texasbeyondhistory/data/protect/hueco/hueco-kids/KIDS Only_files kids_r1_c7.gif
2007.12.11 15:20 B K:\TBH Website Temp\hueco\hueco-kids\KIDS Only_files\kids_r2_c7.gif --> uts.cc.utexas.edu /export/httpd/vhosts/texasbeyondhistory/data/protect/hueco/hueco-kids/KIDS Only_files kids_r2_c7.gif
2007.12.11 15:20 B K:\TBH Website Temp\hueco\hueco-kids\KIDS Only_files\kids_r3_c1.gif --> uts.cc.utexas.edu /export/httpd/vhosts/texasbeyondhistory/data/protect/hueco/hueco-kids/KIDS Only_files kids_r3_c1.gif
2007.12.11 15:20 B K:\TBH Website Temp\hueco\hueco-kids\KIDS Only_files\kids_r3_c3.gif --> uts.cc.utexas.edu /export/httpd/vhosts/texasbeyondhistory/data/protect/hueco/hueco-kids/KIDS Only_files kids_r3_c3.gif
2007.12.11 15:20 B K:\TBH Website Temp\hueco\hueco-kids\KIDS Only_files\kids_r3_c6.gif --> uts.cc.utexas.edu /export/httpd/vhosts/texasbeyondhistory/data/protect/hueco/hueco-kids/KIDS Only_files kids_r3_c6.gif
2007.12.11 15:20 B K:\TBH Website Temp\hueco\hueco-kids\KIDS Only_files\kids_r4_c12.gif --> uts.cc.utexas.edu /export/httpd/vhosts/texasbeyondhistory/data/protect/hueco/hueco-kids/KIDS Only_files kids_r4_c12.gif
2007.12.11 15:20 B K:\TBH Website Temp\hueco\hueco-kids\KIDS Only_files\kids_r4_c14.gif --> uts.cc.utexas.edu /export/httpd/vhosts/texasbeyondhistory/data/protect/hueco/hueco-kids/KIDS Only_files kids_r4_c14.gif
2007.12.11 15:20 B K:\TBH Website Temp\hueco\hueco-kids\KIDS Only_files\kids_r5_c3.gif --> uts.cc.utexas.edu /export/httpd/vhosts/texasbeyondhistory/data/protect/hueco/hueco-kids/KIDS Only_files kids_r5_c3.gif
2007.12.11 15:20 B K:\TBH Website Temp\hueco\hueco-kids\KIDS Only_files\kids_r6_c1.gif --> uts.cc.utexas.edu /export/httpd/vhosts/texasbeyondhistory/data/protect/hueco/hueco-kids/KIDS Only_files kids_r6_c1.gif
2007.12.11 15:20 B K:\TBH Website Temp\hueco\hueco-kids\KIDS Only_files\kids_r6_c2.gif --> uts.cc.utexas.edu /export/httpd/vhosts/texasbeyondhistory/data/protect/hueco/hueco-kids/KIDS Only_files kids_r6_c2.gif
2007.12.11 15:20 B K:\TBH Website Temp\hueco\hueco-kids\KIDS Only_files\kids_r6_c4.gif --> uts.cc.utexas.edu /export/httpd/vhosts/texasbeyondhistory/data/protect/hueco/hueco-kids/KIDS Only_files kids_r6_c4.gif
2007.12.11 15:20 B K:\TBH Website Temp\hueco\hueco-kids\KIDS Only_files\kids_r7_c12.gif --> uts.cc.utexas.edu /export/httpd/vhosts/texasbeyondhistory/data/protect/hueco/hueco-kids/KIDS Only_files kids_r7_c12.gif
2007.12.11 15:20 B K:\TBH Website Temp\hueco\hueco-kids\KIDS Only_files\kids_r8_c11.gif --> uts.cc.utexas.edu /export/httpd/vhosts/texasbeyondhistory/data/protect/hueco/hueco-kids/KIDS Only_files kids_r8_c11.gif
2007.12.11 15:20 B K:\TBH Website Temp\hueco\hueco-kids\KIDS Only_files\kids_r8_c13.gif --> uts.cc.utexas.edu /export/httpd/vhosts/texasbeyondhistory/data/protect/hueco/hueco-kids/KIDS Only_files kids_r8_c13.gif
2007.12.11 15:20 B K:\TBH Website Temp\hueco\hueco-kids\KIDS Only_files\kids_r8_c7.gif --> uts.cc.utexas.edu /export/httpd/vhosts/texasbeyondhistory/data/protect/hueco/hueco-kids/KIDS Only_files kids_r8_c7.gif
2007.12.11 15:20 B K:\TBH Website Temp\hueco\hueco-kids\KIDS Only_files\kids_r9_c10.gif --> uts.cc.utexas.edu /export/httpd/vhosts/texasbeyondhistory/data/protect/hueco/hueco-kids/KIDS Only_files kids_r9_c10.gif
2007.12.11 15:20 B K:\TBH Website Temp\hueco\hueco-kids\KIDS Only_files\kids_r9_c2.gif --> uts.cc.utexas.edu /export/httpd/vhosts/texasbeyondhistory/data/protect/hueco/hueco-kids/KIDS Only_files kids_r9_c2.gif
2007.12.11 15:20 B K:\TBH Website Temp\hueco\hueco-kids\KIDS Only_files\kids_r9_c5.gif --> uts.cc.utexas.edu /export/httpd/vhosts/texasbeyondhistory/data/protect/hueco/hueco-kids/KIDS Only_files kids_r9_c5.gif
2007.12.11 15:20 B K:\TBH Website Temp\hueco\hueco-kids\KIDS Only_files\kids_r9_c8.gif --> uts.cc.utexas.edu /export/httpd/vhosts/texasbeyondhistory/data/protect/hueco/hueco-kids/KIDS Only_files kids_r9_c8.gif
2007.12.11 15:20 B K:\TBH Website Temp\hueco\hueco-kids\KIDS Only_files\kids_r9_c9.gif --> uts.cc.utexas.edu /export/httpd/vhosts/texasbeyondhistory/data/protect/hueco/hueco-kids/KIDS Only_files kids_r9_c9.gif
2007.12.11 15:20 B K:\TBH Website Temp\hueco\hueco-kids\KIDS Only_files\seminole-m3.gif --> uts.cc.utexas.edu /export/httpd/vhosts/texasbeyondhistory/data/protect/hueco/hueco-kids/KIDS Only_files seminole-m3.gif
2007.12.11 15:20 B K:\TBH Website Temp\hueco\hueco-kids\KIDS Only_files\spacer.gif --> uts.cc.utexas.edu /export/httpd/vhosts/texasbeyondhistory/data/protect/hueco/hueco-kids/KIDS Only_files spacer.gif
2007.12.11 15:20 B K:\TBH Website Temp\hueco\hueco-kids\KIDS Only_files\Thumbs.db --> uts.cc.utexas.edu /export/httpd/vhosts/texasbeyondhistory/data/protect/hueco/hueco-kids/KIDS Only_files Thumbs.db
2007.12.11 15:20 B K:\TBH Website Temp\hueco\hueco-kids\KIDS Only_files\transparent.gif --> uts.cc.utexas.edu /export/httpd/vhosts/texasbeyondhistory/data/protect/hueco/hueco-kids/KIDS Only_files transparent.gif
2007.12.11 15:20 B K:\TBH Website Temp\hueco\hueco-kids\KIDS Only_files\White-Shaman.gif --> uts.cc.utexas.edu /export/httpd/vhosts/texasbeyondhistory/data/protect/hueco/hueco-kids/KIDS Only_files White-Shaman.gif
2007.12.11 15:20 B K:\TBH Website Temp\hueco\hueco-kids\KIDS Only_files\WS_FTP.LOG --> uts.cc.utexas.edu /export/httpd/vhosts/texasbeyondhistory/data/protect/hueco/hueco-kids/KIDS Only_files WS_FTP.LOG
2007.12.21 18:08 B L:\TBH Website Temp\hueco\hueco-kids\KIDS Only_files\hint.gif --> uts.cc.utexas.edu /export/httpd/vhosts/texasbeyondhistory/data/protect/hueco/hueco-kids/KIDS Only_files hint.gif
2007.12.21 18:08 B L:\TBH Website Temp\hueco\hueco-kids\KIDS Only_files\kids_r10_c11.gif --> uts.cc.utexas.edu /export/httpd/vhosts/texasbeyondhistory/data/protect/hueco/hueco-kids/KIDS Only_files kids_r10_c11.gif
2007.12.21 18:08 B L:\TBH Website Temp\hueco\hueco-kids\KIDS Only_files\kids_r11_c5.gif --> uts.cc.utexas.edu /export/httpd/vhosts/texasbeyondhistory/data/protect/hueco/hueco-kids/KIDS Only_files kids_r11_c5.gif
2007.12.21 18:08 B L:\TBH Website Temp\hueco\hueco-kids\KIDS Only_files\kids_r11_c9.gif --> uts.cc.utexas.edu /export/httpd/vhosts/texasbeyondhistory/data/protect/hueco/hueco-kids/KIDS Only_files kids_r11_c9.gif
2007.12.21 18:08 B L:\TBH Website Temp\hueco\hueco-kids\KIDS Only_files\kids_r1_c1.gif --> uts.cc.utexas.edu /export/httpd/vhosts/texasbeyondhistory/data/protect/hueco/hueco-kids/KIDS Only_files kids_r1_c1.gif
2007.12.21 18:08 B L:\TBH Website Temp\hueco\hueco-kids\KIDS Only_files\kids_r1_c12.gif --> uts.cc.utexas.edu /export/httpd/vhosts/texasbeyondhistory/data/protect/hueco/hueco-kids/KIDS Only_files kids_r1_c12.gif
2007.12.21 18:08 B L:\TBH Website Temp\hueco\hueco-kids\KIDS Only_files\kids_r1_c7.gif --> uts.cc.utexas.edu /export/httpd/vhosts/texasbeyondhistory/data/protect/hueco/hueco-kids/KIDS Only_files kids_r1_c7.gif
2007.12.21 18:08 B L:\TBH Website Temp\hueco\hueco-kids\KIDS Only_files\kids_r2_c7.gif --> uts.cc.utexas.edu /export/httpd/vhosts/texasbeyondhistory/data/protect/hueco/hueco-kids/KIDS Only_files kids_r2_c7.gif
2007.12.21 18:08 B L:\TBH Website Temp\hueco\hueco-kids\KIDS Only_files\kids_r3_c1.gif --> uts.cc.utexas.edu /export/httpd/vhosts/texasbeyondhistory/data/protect/hueco/hueco-kids/KIDS Only_files kids_r3_c1.gif
2007.12.21 18:08 B L:\TBH Website Temp\hueco\hueco-kids\KIDS Only_files\kids_r3_c3.gif --> uts.cc.utexas.edu /export/httpd/vhosts/texasbeyondhistory/data/protect/hueco/hueco-kids/KIDS Only_files kids_r3_c3.gif
2007.12.21 18:08 B L:\TBH Website Temp\hueco\hueco-kids\KIDS Only_files\kids_r3_c6.gif --> uts.cc.utexas.edu /export/httpd/vhosts/texasbeyondhistory/data/protect/hueco/hueco-kids/KIDS Only_files kids_r3_c6.gif
2007.12.21 18:08 B L:\TBH Website Temp\hueco\hueco-kids\KIDS Only_files\kids_r4_c12.gif --> uts.cc.utexas.edu /export/httpd/vhosts/texasbeyondhistory/data/protect/hueco/hueco-kids/KIDS Only_files kids_r4_c12.gif
2007.12.21 18:08 B L:\TBH Website Temp\hueco\hueco-kids\KIDS Only_files\kids_r4_c14.gif --> uts.cc.utexas.edu /export/httpd/vhosts/texasbeyondhistory/data/protect/hueco/hueco-kids/KIDS Only_files kids_r4_c14.gif
2007.12.21 18:08 B L:\TBH Website Temp\hueco\hueco-kids\KIDS Only_files\kids_r5_c3.gif --> uts.cc.utexas.edu /export/httpd/vhosts/texasbeyondhistory/data/protect/hueco/hueco-kids/KIDS Only_files kids_r5_c3.gif
2007.12.21 18:08 B L:\TBH Website Temp\hueco\hueco-kids\KIDS Only_files\kids_r6_c1.gif --> uts.cc.utexas.edu /export/httpd/vhosts/texasbeyondhistory/data/protect/hueco/hueco-kids/KIDS Only_files kids_r6_c1.gif
2007.12.21 18:08 B L:\TBH Website Temp\hueco\hueco-kids\KIDS Only_files\kids_r6_c2.gif --> uts.cc.utexas.edu /export/httpd/vhosts/texasbeyondhistory/data/protect/hueco/hueco-kids/KIDS Only_files kids_r6_c2.gif
2007.12.21 18:08 B L:\TBH Website Temp\hueco\hueco-kids\KIDS Only_files\kids_r6_c4.gif --> uts.cc.utexas.edu /export/httpd/vhosts/texasbeyondhistory/data/protect/hueco/hueco-kids/KIDS Only_files kids_r6_c4.gif
2007.12.21 18:08 B L:\TBH Website Temp\hueco\hueco-kids\KIDS Only_files\kids_r7_c12.gif --> uts.cc.utexas.edu /export/httpd/vhosts/texasbeyondhistory/data/protect/hueco/hueco-kids/KIDS Only_files kids_r7_c12.gif
2007.12.21 18:08 B L:\TBH Website Temp\hueco\hueco-kids\KIDS Only_files\kids_r8_c11.gif --> uts.cc.utexas.edu /export/httpd/vhosts/texasbeyondhistory/data/protect/hueco/hueco-kids/KIDS Only_files kids_r8_c11.gif
2007.12.21 18:08 B L:\TBH Website Temp\hueco\hueco-kids\KIDS Only_files\kids_r8_c13.gif --> uts.cc.utexas.edu /export/httpd/vhosts/texasbeyondhistory/data/protect/hueco/hueco-kids/KIDS Only_files kids_r8_c13.gif
2007.12.21 18:08 B L:\TBH Website Temp\hueco\hueco-kids\KIDS Only_files\kids_r8_c7.gif --> uts.cc.utexas.edu /export/httpd/vhosts/texasbeyondhistory/data/protect/hueco/hueco-kids/KIDS Only_files kids_r8_c7.gif
2007.12.21 18:08 B L:\TBH Website Temp\hueco\hueco-kids\KIDS Only_files\kids_r9_c10.gif --> uts.cc.utexas.edu /export/httpd/vhosts/texasbeyondhistory/data/protect/hueco/hueco-kids/KIDS Only_files kids_r9_c10.gif
2007.12.21 18:08 B L:\TBH Website Temp\hueco\hueco-kids\KIDS Only_files\kids_r9_c2.gif --> uts.cc.utexas.edu /export/httpd/vhosts/texasbeyondhistory/data/protect/hueco/hueco-kids/KIDS Only_files kids_r9_c2.gif
2007.12.21 18:08 B L:\TBH Website Temp\hueco\hueco-kids\KIDS Only_files\kids_r9_c5.gif --> uts.cc.utexas.edu /export/httpd/vhosts/texasbeyondhistory/data/protect/hueco/hueco-kids/KIDS Only_files kids_r9_c5.gif
2007.12.21 18:08 B L:\TBH Website Temp\hueco\hueco-kids\KIDS Only_files\kids_r9_c8.gif --> uts.cc.utexas.edu /export/httpd/vhosts/texasbeyondhistory/data/protect/hueco/hueco-kids/KIDS Only_files kids_r9_c8.gif
2007.12.21 18:08 B L:\TBH Website Temp\hueco\hueco-kids\KIDS Only_files\kids_r9_c9.gif --> uts.cc.utexas.edu /export/httpd/vhosts/texasbeyondhistory/data/protect/hueco/hueco-kids/KIDS Only_files kids_r9_c9.gif
2007.12.21 18:08 B L:\TBH Website Temp\hueco\hueco-kids\KIDS Only_files\seminole-m3.gif --> uts.cc.utexas.edu /export/httpd/vhosts/texasbeyondhistory/data/protect/hueco/hueco-kids/KIDS Only_files seminole-m3.gif
2007.12.21 18:08 B L:\TBH Website Temp\hueco\hueco-kids\KIDS Only_files\spacer.gif --> uts.cc.utexas.edu /export/httpd/vhosts/texasbeyondhistory/data/protect/hueco/hueco-kids/KIDS Only_files spacer.gif
2007.12.21 18:08 B L:\TBH Website Temp\hueco\hueco-kids\KIDS Only_files\Thumbs.db --> uts.cc.utexas.edu /export/httpd/vhosts/texasbeyondhistory/data/protect/hueco/hueco-kids/KIDS Only_files Thumbs.db
2007.12.21 18:08 B L:\TBH Website Temp\hueco\hueco-kids\KIDS Only_files\transparent.gif --> uts.cc.utexas.edu /export/httpd/vhosts/texasbeyondhistory/data/protect/hueco/hueco-kids/KIDS Only_files transparent.gif
2007.12.21 18:08 B L:\TBH Website Temp\hueco\hueco-kids\KIDS Only_files\White-Shaman.gif --> uts.cc.utexas.edu /export/httpd/vhosts/texasbeyondhistory/data/protect/hueco/hueco-kids/KIDS Only_files White-Shaman.gif
2007.12.21 18:08 B L:\TBH Website Temp\hueco\hueco-kids\KIDS Only_files\WS_FTP.LOG --> uts.cc.utexas.edu /export/httpd/vhosts/texasbeyondhistory/data/protect/hueco/hueco-kids/KIDS Only_files WS_FTP.LOG
