2005.08.18 12:19 B L:\TBH Website Temp\kids\images\houses\houses_img\_notes\rockshelter_r5_c6.gif.mno --> uts.cc.utexas.edu /export/httpd/vhosts/texasbeyondhistory/data/kids/images/houses/houses_img/_notes rockshelter_r5_c6.gif.mno
2005.08.18 12:19 B L:\TBH Website Temp\kids\images\houses\houses_img\_notes\rockshelter_r5_c1.gif.mno --> uts.cc.utexas.edu /export/httpd/vhosts/texasbeyondhistory/data/kids/images/houses/houses_img/_notes rockshelter_r5_c1.gif.mno
2005.08.18 12:19 B L:\TBH Website Temp\kids\images\houses\houses_img\_notes\rockshelter_r4_c4.gif.mno --> uts.cc.utexas.edu /export/httpd/vhosts/texasbeyondhistory/data/kids/images/houses/houses_img/_notes rockshelter_r4_c4.gif.mno
2005.08.18 12:19 B L:\TBH Website Temp\kids\images\houses\houses_img\_notes\rockshelter_r3_c8.gif.mno --> uts.cc.utexas.edu /export/httpd/vhosts/texasbeyondhistory/data/kids/images/houses/houses_img/_notes rockshelter_r3_c8.gif.mno
2005.08.18 12:19 B L:\TBH Website Temp\kids\images\houses\houses_img\_notes\rockshelter_r3_c6.gif.mno --> uts.cc.utexas.edu /export/httpd/vhosts/texasbeyondhistory/data/kids/images/houses/houses_img/_notes rockshelter_r3_c6.gif.mno
2005.08.18 12:19 B L:\TBH Website Temp\kids\images\houses\houses_img\_notes\rockshelter_r3_c5.gif.mno --> uts.cc.utexas.edu /export/httpd/vhosts/texasbeyondhistory/data/kids/images/houses/houses_img/_notes rockshelter_r3_c5.gif.mno
2005.08.18 12:19 B L:\TBH Website Temp\kids\images\houses\houses_img\_notes\rockshelter_r3_c4.gif.mno --> uts.cc.utexas.edu /export/httpd/vhosts/texasbeyondhistory/data/kids/images/houses/houses_img/_notes rockshelter_r3_c4.gif.mno
2005.08.18 12:19 B L:\TBH Website Temp\kids\images\houses\houses_img\_notes\rockshelter_r3_c3.gif.mno --> uts.cc.utexas.edu /export/httpd/vhosts/texasbeyondhistory/data/kids/images/houses/houses_img/_notes rockshelter_r3_c3.gif.mno
2005.08.18 12:19 B L:\TBH Website Temp\kids\images\houses\houses_img\_notes\rockshelter_r3_c1.gif.mno --> uts.cc.utexas.edu /export/httpd/vhosts/texasbeyondhistory/data/kids/images/houses/houses_img/_notes rockshelter_r3_c1.gif.mno
2005.08.18 12:19 B L:\TBH Website Temp\kids\images\houses\houses_img\_notes\rockshelter_r2_c2.gif.mno --> uts.cc.utexas.edu /export/httpd/vhosts/texasbeyondhistory/data/kids/images/houses/houses_img/_notes rockshelter_r2_c2.gif.mno
2005.08.18 12:19 B L:\TBH Website Temp\kids\images\houses\houses_img\_notes\rockshelter_r3_c6_f2.gif.mno --> uts.cc.utexas.edu /export/httpd/vhosts/texasbeyondhistory/data/kids/images/houses/houses_img/_notes rockshelter_r3_c6_f2.gif.mno
2005.08.18 12:19 B L:\TBH Website Temp\kids\images\houses\houses_img\_notes\rockshelter_r3_c4_f2.gif.mno --> uts.cc.utexas.edu /export/httpd/vhosts/texasbeyondhistory/data/kids/images/houses/houses_img/_notes rockshelter_r3_c4_f2.gif.mno
2005.08.18 12:19 B L:\TBH Website Temp\kids\images\houses\houses_img\_notes\rockshelter_r3_c1_f2.gif.mno --> uts.cc.utexas.edu /export/httpd/vhosts/texasbeyondhistory/data/kids/images/houses/houses_img/_notes rockshelter_r3_c1_f2.gif.mno
2005.08.18 12:19 B L:\TBH Website Temp\kids\images\houses\houses_img\_notes\rockshelter_r1_c7.gif.mno --> uts.cc.utexas.edu /export/httpd/vhosts/texasbeyondhistory/data/kids/images/houses/houses_img/_notes rockshelter_r1_c7.gif.mno
2005.08.18 12:19 B L:\TBH Website Temp\kids\images\houses\houses_img\_notes\rockshelter_r1_c2_f2.gif.mno --> uts.cc.utexas.edu /export/httpd/vhosts/texasbeyondhistory/data/kids/images/houses/houses_img/_notes rockshelter_r1_c2_f2.gif.mno
2005.08.18 12:19 B L:\TBH Website Temp\kids\images\houses\houses_img\_notes\rockshelter_r1_c2.gif.mno --> uts.cc.utexas.edu /export/httpd/vhosts/texasbeyondhistory/data/kids/images/houses/houses_img/_notes rockshelter_r1_c2.gif.mno
2005.08.18 12:19 B L:\TBH Website Temp\kids\images\houses\houses_img\_notes\rockshelter_r1_c1.gif.mno --> uts.cc.utexas.edu /export/httpd/vhosts/texasbeyondhistory/data/kids/images/houses/houses_img/_notes rockshelter_r1_c1.gif.mno
2005.08.18 12:19 B L:\TBH Website Temp\kids\images\houses\houses_img\_notes\rockshelter_r2_c1_f2.gif.mno --> uts.cc.utexas.edu /export/httpd/vhosts/texasbeyondhistory/data/kids/images/houses/houses_img/_notes rockshelter_r2_c1_f2.gif.mno
2005.08.18 12:19 B L:\TBH Website Temp\kids\images\houses\houses_img\_notes\rockshelter_r2_c1.gif.mno --> uts.cc.utexas.edu /export/httpd/vhosts/texasbeyondhistory/data/kids/images/houses/houses_img/_notes rockshelter_r2_c1.gif.mno
2005.08.18 12:19 B L:\TBH Website Temp\kids\images\houses\houses_img\_notes\texas_r9_c6.gif.mno --> uts.cc.utexas.edu /export/httpd/vhosts/texasbeyondhistory/data/kids/images/houses/houses_img/_notes texas_r9_c6.gif.mno
2005.08.18 12:19 B L:\TBH Website Temp\kids\images\houses\houses_img\_notes\texas_r8_c2.gif.mno --> uts.cc.utexas.edu /export/httpd/vhosts/texasbeyondhistory/data/kids/images/houses/houses_img/_notes texas_r8_c2.gif.mno
2005.08.18 12:19 B L:\TBH Website Temp\kids\images\houses\houses_img\_notes\texas_r7_c9.gif.mno --> uts.cc.utexas.edu /export/httpd/vhosts/texasbeyondhistory/data/kids/images/houses/houses_img/_notes texas_r7_c9.gif.mno
2005.08.18 12:19 B L:\TBH Website Temp\kids\images\houses\houses_img\_notes\texas_r7_c12.gif.mno --> uts.cc.utexas.edu /export/httpd/vhosts/texasbeyondhistory/data/kids/images/houses/houses_img/_notes texas_r7_c12.gif.mno
2005.08.18 12:19 B L:\TBH Website Temp\kids\images\houses\houses_img\_notes\texas_r7_c10_f2.gif.mno --> uts.cc.utexas.edu /export/httpd/vhosts/texasbeyondhistory/data/kids/images/houses/houses_img/_notes texas_r7_c10_f2.gif.mno
2005.08.18 12:19 B L:\TBH Website Temp\kids\images\houses\houses_img\_notes\texas_r7_c10.gif.mno --> uts.cc.utexas.edu /export/httpd/vhosts/texasbeyondhistory/data/kids/images/houses/houses_img/_notes texas_r7_c10.gif.mno
2005.08.18 12:19 B L:\TBH Website Temp\kids\images\houses\houses_img\_notes\texas_r6_c11.gif.mno --> uts.cc.utexas.edu /export/httpd/vhosts/texasbeyondhistory/data/kids/images/houses/houses_img/_notes texas_r6_c11.gif.mno
2005.08.18 12:19 B L:\TBH Website Temp\kids\images\houses\houses_img\_notes\texas_r5_c5.gif.mno --> uts.cc.utexas.edu /export/httpd/vhosts/texasbeyondhistory/data/kids/images/houses/houses_img/_notes texas_r5_c5.gif.mno
2005.08.18 12:19 B L:\TBH Website Temp\kids\images\houses\houses_img\_notes\texas_r5_c2_f2.gif.mno --> uts.cc.utexas.edu /export/httpd/vhosts/texasbeyondhistory/data/kids/images/houses/houses_img/_notes texas_r5_c2_f2.gif.mno
2005.08.18 12:19 B L:\TBH Website Temp\kids\images\houses\houses_img\_notes\texas_r5_c2.gif.mno --> uts.cc.utexas.edu /export/httpd/vhosts/texasbeyondhistory/data/kids/images/houses/houses_img/_notes texas_r5_c2.gif.mno
2005.08.18 12:19 B L:\TBH Website Temp\kids\images\houses\houses_img\_notes\texas_r5_c1.gif.mno --> uts.cc.utexas.edu /export/httpd/vhosts/texasbeyondhistory/data/kids/images/houses/houses_img/_notes texas_r5_c1.gif.mno
2005.08.18 12:19 B L:\TBH Website Temp\kids\images\houses\houses_img\_notes\texas_r4_c9.gif.mno --> uts.cc.utexas.edu /export/httpd/vhosts/texasbeyondhistory/data/kids/images/houses/houses_img/_notes texas_r4_c9.gif.mno
2005.08.18 12:19 B L:\TBH Website Temp\kids\images\houses\houses_img\_notes\texas_r4_c13.gif.mno --> uts.cc.utexas.edu /export/httpd/vhosts/texasbeyondhistory/data/kids/images/houses/houses_img/_notes texas_r4_c13.gif.mno
2005.08.18 12:19 B L:\TBH Website Temp\kids\images\houses\houses_img\_notes\texas_r4_c11_f2.gif.mno --> uts.cc.utexas.edu /export/httpd/vhosts/texasbeyondhistory/data/kids/images/houses/houses_img/_notes texas_r4_c11_f2.gif.mno
2005.08.18 12:19 B L:\TBH Website Temp\kids\images\houses\houses_img\_notes\texas_r4_c11.gif.mno --> uts.cc.utexas.edu /export/httpd/vhosts/texasbeyondhistory/data/kids/images/houses/houses_img/_notes texas_r4_c11.gif.mno
2005.08.18 12:19 B L:\TBH Website Temp\kids\images\houses\houses_img\_notes\texas_r3_c9.gif.mno --> uts.cc.utexas.edu /export/httpd/vhosts/texasbeyondhistory/data/kids/images/houses/houses_img/_notes texas_r3_c9.gif.mno
2005.08.18 12:19 B L:\TBH Website Temp\kids\images\houses\houses_img\_notes\texas_r3_c6_f2.gif.mno --> uts.cc.utexas.edu /export/httpd/vhosts/texasbeyondhistory/data/kids/images/houses/houses_img/_notes texas_r3_c6_f2.gif.mno
2005.08.18 12:19 B L:\TBH Website Temp\kids\images\houses\houses_img\_notes\texas_r3_c6.gif.mno --> uts.cc.utexas.edu /export/httpd/vhosts/texasbeyondhistory/data/kids/images/houses/houses_img/_notes texas_r3_c6.gif.mno
2005.08.18 12:19 B L:\TBH Website Temp\kids\images\houses\houses_img\_notes\texas_r3_c4.gif.mno --> uts.cc.utexas.edu /export/httpd/vhosts/texasbeyondhistory/data/kids/images/houses/houses_img/_notes texas_r3_c4.gif.mno
2005.08.18 12:19 B L:\TBH Website Temp\kids\images\houses\houses_img\_notes\texas_r2_c7.gif.mno --> uts.cc.utexas.edu /export/httpd/vhosts/texasbeyondhistory/data/kids/images/houses/houses_img/_notes texas_r2_c7.gif.mno
2005.08.18 12:19 B L:\TBH Website Temp\kids\images\houses\houses_img\_notes\texas_r2_c4_f2.gif.mno --> uts.cc.utexas.edu /export/httpd/vhosts/texasbeyondhistory/data/kids/images/houses/houses_img/_notes texas_r2_c4_f2.gif.mno
2005.08.18 12:19 B L:\TBH Website Temp\kids\images\houses\houses_img\_notes\texas_r2_c4.gif.mno --> uts.cc.utexas.edu /export/httpd/vhosts/texasbeyondhistory/data/kids/images/houses/houses_img/_notes texas_r2_c4.gif.mno
2005.08.18 12:19 B L:\TBH Website Temp\kids\images\houses\houses_img\_notes\texas_r2_c1.gif.mno --> uts.cc.utexas.edu /export/httpd/vhosts/texasbeyondhistory/data/kids/images/houses/houses_img/_notes texas_r2_c1.gif.mno
2005.08.18 12:19 B L:\TBH Website Temp\kids\images\houses\houses_img\_notes\texas_r1_c1.gif.mno --> uts.cc.utexas.edu /export/httpd/vhosts/texasbeyondhistory/data/kids/images/houses/houses_img/_notes texas_r1_c1.gif.mno
2005.08.18 12:19 B L:\TBH Website Temp\kids\images\houses\houses_img\_notes\texas_r12_c3.gif.mno --> uts.cc.utexas.edu /export/httpd/vhosts/texasbeyondhistory/data/kids/images/houses/houses_img/_notes texas_r12_c3.gif.mno
2005.08.18 12:19 B L:\TBH Website Temp\kids\images\houses\houses_img\_notes\texas_r11_c10.gif.mno --> uts.cc.utexas.edu /export/httpd/vhosts/texasbeyondhistory/data/kids/images/houses/houses_img/_notes texas_r11_c10.gif.mno
2005.08.18 12:19 B L:\TBH Website Temp\kids\images\houses\houses_img\_notes\texas_r10_c8.gif.mno --> uts.cc.utexas.edu /export/httpd/vhosts/texasbeyondhistory/data/kids/images/houses/houses_img/_notes texas_r10_c8.gif.mno
2005.08.18 12:19 B L:\TBH Website Temp\kids\images\houses\houses_img\_notes\texas_r10_c3_f2.gif.mno --> uts.cc.utexas.edu /export/httpd/vhosts/texasbeyondhistory/data/kids/images/houses/houses_img/_notes texas_r10_c3_f2.gif.mno
2005.08.18 12:19 B L:\TBH Website Temp\kids\images\houses\houses_img\_notes\texas_r10_c3.gif.mno --> uts.cc.utexas.edu /export/httpd/vhosts/texasbeyondhistory/data/kids/images/houses/houses_img/_notes texas_r10_c3.gif.mno
2005.08.18 12:19 B L:\TBH Website Temp\kids\images\houses\houses_img\_notes\texas_r10_c2.gif.mno --> uts.cc.utexas.edu /export/httpd/vhosts/texasbeyondhistory/data/kids/images/houses/houses_img/_notes texas_r10_c2.gif.mno
2005.08.18 12:19 B L:\TBH Website Temp\kids\images\houses\houses_img\_notes\texas_r9_c13.gif.mno --> uts.cc.utexas.edu /export/httpd/vhosts/texasbeyondhistory/data/kids/images/houses/houses_img/_notes texas_r9_c13.gif.mno
2005.08.18 12:19 B L:\TBH Website Temp\kids\images\houses\houses_img\_notes\texas_r8_c3.gif.mno --> uts.cc.utexas.edu /export/httpd/vhosts/texasbeyondhistory/data/kids/images/houses/houses_img/_notes texas_r8_c3.gif.mno
2005.08.18 12:19 B L:\TBH Website Temp\kids\images\houses\houses_img\_notes\texas_r8_c2_f2.gif.mno --> uts.cc.utexas.edu /export/httpd/vhosts/texasbeyondhistory/data/kids/images/houses/houses_img/_notes texas_r8_c2_f2.gif.mno
2005.08.18 12:19 B L:\TBH Website Temp\kids\images\houses\houses_img\_notes\texas_r8_c1.gif.mno --> uts.cc.utexas.edu /export/httpd/vhosts/texasbeyondhistory/data/kids/images/houses/houses_img/_notes texas_r8_c1.gif.mno
2005.08.18 12:19 B L:\TBH Website Temp\kids\images\houses\houses_img\_notes\texas_r6_c7.gif.mno --> uts.cc.utexas.edu /export/httpd/vhosts/texasbeyondhistory/data/kids/images/houses/houses_img/_notes texas_r6_c7.gif.mno
2005.08.18 12:19 B L:\TBH Website Temp\kids\images\houses\houses_img\_notes\texas_r6_c6_f2.gif.mno --> uts.cc.utexas.edu /export/httpd/vhosts/texasbeyondhistory/data/kids/images/houses/houses_img/_notes texas_r6_c6_f2.gif.mno
2005.08.18 12:19 B L:\TBH Website Temp\kids\images\houses\houses_img\_notes\texas_r6_c6.gif.mno --> uts.cc.utexas.edu /export/httpd/vhosts/texasbeyondhistory/data/kids/images/houses/houses_img/_notes texas_r6_c6.gif.mno
2005.08.18 12:19 B L:\TBH Website Temp\kids\images\houses\houses_img\_notes\texas_r6_c4.gif.mno --> uts.cc.utexas.edu /export/httpd/vhosts/texasbeyondhistory/data/kids/images/houses/houses_img/_notes texas_r6_c4.gif.mno
2005.08.18 12:19 B L:\TBH Website Temp\kids\images\houses\houses_img\_notes\texas_r5_c9_f2.gif.mno --> uts.cc.utexas.edu /export/httpd/vhosts/texasbeyondhistory/data/kids/images/houses/houses_img/_notes texas_r5_c9_f2.gif.mno
2005.08.18 12:19 B L:\TBH Website Temp\kids\images\houses\houses_img\_notes\texas_r5_c9.gif.mno --> uts.cc.utexas.edu /export/httpd/vhosts/texasbeyondhistory/data/kids/images/houses/houses_img/_notes texas_r5_c9.gif.mno
2005.08.18 12:19 B L:\TBH Website Temp\kids\images\houses\houses_img\_notes\texas_r5_c8.gif.mno --> uts.cc.utexas.edu /export/httpd/vhosts/texasbeyondhistory/data/kids/images/houses/houses_img/_notes texas_r5_c8.gif.mno
2005.08.18 12:19 B L:\TBH Website Temp\kids\images\houses\houses_img\_notes\texas_r5_c12.gif.mno --> uts.cc.utexas.edu /export/httpd/vhosts/texasbeyondhistory/data/kids/images/houses/houses_img/_notes texas_r5_c12.gif.mno
2005.08.18 12:19 B L:\TBH Website Temp\kids\images\houses\houses_img\_notes\texas_r4_c8.gif.mno --> uts.cc.utexas.edu /export/httpd/vhosts/texasbeyondhistory/data/kids/images/houses/houses_img/_notes texas_r4_c8.gif.mno
2005.08.18 12:19 B L:\TBH Website Temp\kids\images\houses\houses_img\_notes\texas_r4_c15.gif.mno --> uts.cc.utexas.edu /export/httpd/vhosts/texasbeyondhistory/data/kids/images/houses/houses_img/_notes texas_r4_c15.gif.mno
2005.08.18 12:19 B L:\TBH Website Temp\kids\images\houses\houses_img\_notes\texas_r4_c13_f2.gif.mno --> uts.cc.utexas.edu /export/httpd/vhosts/texasbeyondhistory/data/kids/images/houses/houses_img/_notes texas_r4_c13_f2.gif.mno
2005.08.18 12:19 B L:\TBH Website Temp\kids\images\houses\houses_img\_notes\texas_r2_c8.gif.mno --> uts.cc.utexas.edu /export/httpd/vhosts/texasbeyondhistory/data/kids/images/houses/houses_img/_notes texas_r2_c8.gif.mno
2005.08.18 12:19 B L:\TBH Website Temp\kids\images\houses\houses_img\_notes\texas_r15_c5.gif.mno --> uts.cc.utexas.edu /export/httpd/vhosts/texasbeyondhistory/data/kids/images/houses/houses_img/_notes texas_r15_c5.gif.mno
2005.08.18 12:20 B L:\TBH Website Temp\kids\images\houses\houses_img\_notes\texas_r14_c11.gif.mno --> uts.cc.utexas.edu /export/httpd/vhosts/texasbeyondhistory/data/kids/images/houses/houses_img/_notes texas_r14_c11.gif.mno
2005.08.18 12:20 B L:\TBH Website Temp\kids\images\houses\houses_img\_notes\texas_r13_c2.gif.mno --> uts.cc.utexas.edu /export/httpd/vhosts/texasbeyondhistory/data/kids/images/houses/houses_img/_notes texas_r13_c2.gif.mno
2005.08.18 12:20 B L:\TBH Website Temp\kids\images\houses\houses_img\_notes\texas_r12_c5_f2.gif.mno --> uts.cc.utexas.edu /export/httpd/vhosts/texasbeyondhistory/data/kids/images/houses/houses_img/_notes texas_r12_c5_f2.gif.mno
2005.08.18 12:20 B L:\TBH Website Temp\kids\images\houses\houses_img\_notes\texas_r12_c5.gif.mno --> uts.cc.utexas.edu /export/httpd/vhosts/texasbeyondhistory/data/kids/images/houses/houses_img/_notes texas_r12_c5.gif.mno
2005.08.18 12:20 B L:\TBH Website Temp\kids\images\houses\houses_img\_notes\texas_r12_c4.gif.mno --> uts.cc.utexas.edu /export/httpd/vhosts/texasbeyondhistory/data/kids/images/houses/houses_img/_notes texas_r12_c4.gif.mno
2005.08.18 12:20 B L:\TBH Website Temp\kids\images\houses\houses_img\_notes\texas_r12_c10.gif.mno --> uts.cc.utexas.edu /export/httpd/vhosts/texasbeyondhistory/data/kids/images/houses/houses_img/_notes texas_r12_c10.gif.mno
2005.08.18 12:20 B L:\TBH Website Temp\kids\images\houses\houses_img\_notes\texas_r11_c6.gif.mno --> uts.cc.utexas.edu /export/httpd/vhosts/texasbeyondhistory/data/kids/images/houses/houses_img/_notes texas_r11_c6.gif.mno
2005.08.18 12:20 B L:\TBH Website Temp\kids\images\houses\houses_img\_notes\texas_r10_c9.gif.mno --> uts.cc.utexas.edu /export/httpd/vhosts/texasbeyondhistory/data/kids/images/houses/houses_img/_notes texas_r10_c9.gif.mno
2005.08.18 12:20 B L:\TBH Website Temp\kids\images\houses\houses_img\_notes\texas_r10_c14.gif.mno --> uts.cc.utexas.edu /export/httpd/vhosts/texasbeyondhistory/data/kids/images/houses/houses_img/_notes texas_r10_c14.gif.mno
2005.08.18 12:20 B L:\TBH Website Temp\kids\images\houses\houses_img\_notes\texas_r10_c11_f2.gif.mno --> uts.cc.utexas.edu /export/httpd/vhosts/texasbeyondhistory/data/kids/images/houses/houses_img/_notes texas_r10_c11_f2.gif.mno
2005.08.18 12:20 B L:\TBH Website Temp\kids\images\houses\houses_img\_notes\texas_r10_c11.gif.mno --> uts.cc.utexas.edu /export/httpd/vhosts/texasbeyondhistory/data/kids/images/houses/houses_img/_notes texas_r10_c11.gif.mno
2006.09.29 17:12 B L:\TBH Website Temp\kids\images\houses\houses_img\_notes\WS_FTP.LOG --> uts.cc.utexas.edu /export/httpd/vhosts/texasbeyondhistory/data/kids/images/houses/houses_img/_notes WS_FTP.LOG
2007.05.02 16:08 B V:\TBH Website Temp\kids\images\houses\houses_img\_notes\rockshelter_r1_c1.gif.mno --> uts.cc.utexas.edu /export/httpd/vhosts/texasbeyondhistory/data/kids/images/houses/houses_img/_notes rockshelter_r1_c1.gif.mno
2007.05.02 16:08 B V:\TBH Website Temp\kids\images\houses\houses_img\_notes\rockshelter_r1_c2.gif.mno --> uts.cc.utexas.edu /export/httpd/vhosts/texasbeyondhistory/data/kids/images/houses/houses_img/_notes rockshelter_r1_c2.gif.mno
2007.05.02 16:08 B V:\TBH Website Temp\kids\images\houses\houses_img\_notes\rockshelter_r1_c2_f2.gif.mno --> uts.cc.utexas.edu /export/httpd/vhosts/texasbeyondhistory/data/kids/images/houses/houses_img/_notes rockshelter_r1_c2_f2.gif.mno
2007.05.02 16:08 B V:\TBH Website Temp\kids\images\houses\houses_img\_notes\rockshelter_r1_c7.gif.mno --> uts.cc.utexas.edu /export/httpd/vhosts/texasbeyondhistory/data/kids/images/houses/houses_img/_notes rockshelter_r1_c7.gif.mno
2007.05.02 16:08 B V:\TBH Website Temp\kids\images\houses\houses_img\_notes\rockshelter_r2_c1.gif.mno --> uts.cc.utexas.edu /export/httpd/vhosts/texasbeyondhistory/data/kids/images/houses/houses_img/_notes rockshelter_r2_c1.gif.mno
2007.05.02 16:08 B V:\TBH Website Temp\kids\images\houses\houses_img\_notes\rockshelter_r2_c1_f2.gif.mno --> uts.cc.utexas.edu /export/httpd/vhosts/texasbeyondhistory/data/kids/images/houses/houses_img/_notes rockshelter_r2_c1_f2.gif.mno
2007.05.02 16:08 B V:\TBH Website Temp\kids\images\houses\houses_img\_notes\rockshelter_r2_c2.gif.mno --> uts.cc.utexas.edu /export/httpd/vhosts/texasbeyondhistory/data/kids/images/houses/houses_img/_notes rockshelter_r2_c2.gif.mno
2007.05.02 16:08 B V:\TBH Website Temp\kids\images\houses\houses_img\_notes\rockshelter_r3_c1.gif.mno --> uts.cc.utexas.edu /export/httpd/vhosts/texasbeyondhistory/data/kids/images/houses/houses_img/_notes rockshelter_r3_c1.gif.mno
2007.05.02 16:08 B V:\TBH Website Temp\kids\images\houses\houses_img\_notes\rockshelter_r3_c1_f2.gif.mno --> uts.cc.utexas.edu /export/httpd/vhosts/texasbeyondhistory/data/kids/images/houses/houses_img/_notes rockshelter_r3_c1_f2.gif.mno
2007.05.02 16:08 B V:\TBH Website Temp\kids\images\houses\houses_img\_notes\rockshelter_r3_c3.gif.mno --> uts.cc.utexas.edu /export/httpd/vhosts/texasbeyondhistory/data/kids/images/houses/houses_img/_notes rockshelter_r3_c3.gif.mno
2007.05.02 16:08 B V:\TBH Website Temp\kids\images\houses\houses_img\_notes\rockshelter_r3_c4.gif.mno --> uts.cc.utexas.edu /export/httpd/vhosts/texasbeyondhistory/data/kids/images/houses/houses_img/_notes rockshelter_r3_c4.gif.mno
2007.05.02 16:08 B V:\TBH Website Temp\kids\images\houses\houses_img\_notes\rockshelter_r3_c4_f2.gif.mno --> uts.cc.utexas.edu /export/httpd/vhosts/texasbeyondhistory/data/kids/images/houses/houses_img/_notes rockshelter_r3_c4_f2.gif.mno
2007.05.02 16:08 B V:\TBH Website Temp\kids\images\houses\houses_img\_notes\rockshelter_r3_c5.gif.mno --> uts.cc.utexas.edu /export/httpd/vhosts/texasbeyondhistory/data/kids/images/houses/houses_img/_notes rockshelter_r3_c5.gif.mno
2007.05.02 16:08 B V:\TBH Website Temp\kids\images\houses\houses_img\_notes\rockshelter_r3_c6.gif.mno --> uts.cc.utexas.edu /export/httpd/vhosts/texasbeyondhistory/data/kids/images/houses/houses_img/_notes rockshelter_r3_c6.gif.mno
2007.05.02 16:08 B V:\TBH Website Temp\kids\images\houses\houses_img\_notes\rockshelter_r3_c6_f2.gif.mno --> uts.cc.utexas.edu /export/httpd/vhosts/texasbeyondhistory/data/kids/images/houses/houses_img/_notes rockshelter_r3_c6_f2.gif.mno
2007.05.02 16:08 B V:\TBH Website Temp\kids\images\houses\houses_img\_notes\rockshelter_r3_c8.gif.mno --> uts.cc.utexas.edu /export/httpd/vhosts/texasbeyondhistory/data/kids/images/houses/houses_img/_notes rockshelter_r3_c8.gif.mno
2007.05.02 16:08 B V:\TBH Website Temp\kids\images\houses\houses_img\_notes\rockshelter_r4_c4.gif.mno --> uts.cc.utexas.edu /export/httpd/vhosts/texasbeyondhistory/data/kids/images/houses/houses_img/_notes rockshelter_r4_c4.gif.mno
2007.05.02 16:08 B V:\TBH Website Temp\kids\images\houses\houses_img\_notes\rockshelter_r5_c1.gif.mno --> uts.cc.utexas.edu /export/httpd/vhosts/texasbeyondhistory/data/kids/images/houses/houses_img/_notes rockshelter_r5_c1.gif.mno
2007.05.02 16:08 B V:\TBH Website Temp\kids\images\houses\houses_img\_notes\rockshelter_r5_c6.gif.mno --> uts.cc.utexas.edu /export/httpd/vhosts/texasbeyondhistory/data/kids/images/houses/houses_img/_notes rockshelter_r5_c6.gif.mno
2007.05.02 16:08 B V:\TBH Website Temp\kids\images\houses\houses_img\_notes\texas_r10_c11.gif.mno --> uts.cc.utexas.edu /export/httpd/vhosts/texasbeyondhistory/data/kids/images/houses/houses_img/_notes texas_r10_c11.gif.mno
2007.05.02 16:08 B V:\TBH Website Temp\kids\images\houses\houses_img\_notes\texas_r10_c11_f2.gif.mno --> uts.cc.utexas.edu /export/httpd/vhosts/texasbeyondhistory/data/kids/images/houses/houses_img/_notes texas_r10_c11_f2.gif.mno
2007.05.02 16:08 B V:\TBH Website Temp\kids\images\houses\houses_img\_notes\texas_r10_c14.gif.mno --> uts.cc.utexas.edu /export/httpd/vhosts/texasbeyondhistory/data/kids/images/houses/houses_img/_notes texas_r10_c14.gif.mno
2007.05.02 16:08 B V:\TBH Website Temp\kids\images\houses\houses_img\_notes\texas_r10_c2.gif.mno --> uts.cc.utexas.edu /export/httpd/vhosts/texasbeyondhistory/data/kids/images/houses/houses_img/_notes texas_r10_c2.gif.mno
2007.05.02 16:08 B V:\TBH Website Temp\kids\images\houses\houses_img\_notes\texas_r10_c3.gif.mno --> uts.cc.utexas.edu /export/httpd/vhosts/texasbeyondhistory/data/kids/images/houses/houses_img/_notes texas_r10_c3.gif.mno
2007.05.02 16:08 B V:\TBH Website Temp\kids\images\houses\houses_img\_notes\texas_r10_c3_f2.gif.mno --> uts.cc.utexas.edu /export/httpd/vhosts/texasbeyondhistory/data/kids/images/houses/houses_img/_notes texas_r10_c3_f2.gif.mno
2007.05.02 16:08 B V:\TBH Website Temp\kids\images\houses\houses_img\_notes\texas_r10_c8.gif.mno --> uts.cc.utexas.edu /export/httpd/vhosts/texasbeyondhistory/data/kids/images/houses/houses_img/_notes texas_r10_c8.gif.mno
2007.05.02 16:08 B V:\TBH Website Temp\kids\images\houses\houses_img\_notes\texas_r10_c9.gif.mno --> uts.cc.utexas.edu /export/httpd/vhosts/texasbeyondhistory/data/kids/images/houses/houses_img/_notes texas_r10_c9.gif.mno
2007.05.02 16:08 B V:\TBH Website Temp\kids\images\houses\houses_img\_notes\texas_r11_c10.gif.mno --> uts.cc.utexas.edu /export/httpd/vhosts/texasbeyondhistory/data/kids/images/houses/houses_img/_notes texas_r11_c10.gif.mno
2007.05.02 16:08 B V:\TBH Website Temp\kids\images\houses\houses_img\_notes\texas_r11_c6.gif.mno --> uts.cc.utexas.edu /export/httpd/vhosts/texasbeyondhistory/data/kids/images/houses/houses_img/_notes texas_r11_c6.gif.mno
2007.05.02 16:08 B V:\TBH Website Temp\kids\images\houses\houses_img\_notes\texas_r12_c10.gif.mno --> uts.cc.utexas.edu /export/httpd/vhosts/texasbeyondhistory/data/kids/images/houses/houses_img/_notes texas_r12_c10.gif.mno
2007.05.02 16:08 B V:\TBH Website Temp\kids\images\houses\houses_img\_notes\texas_r12_c3.gif.mno --> uts.cc.utexas.edu /export/httpd/vhosts/texasbeyondhistory/data/kids/images/houses/houses_img/_notes texas_r12_c3.gif.mno
2007.05.02 16:08 B V:\TBH Website Temp\kids\images\houses\houses_img\_notes\texas_r12_c4.gif.mno --> uts.cc.utexas.edu /export/httpd/vhosts/texasbeyondhistory/data/kids/images/houses/houses_img/_notes texas_r12_c4.gif.mno
2007.05.02 16:09 B V:\TBH Website Temp\kids\images\houses\houses_img\_notes\texas_r12_c5.gif.mno --> uts.cc.utexas.edu /export/httpd/vhosts/texasbeyondhistory/data/kids/images/houses/houses_img/_notes texas_r12_c5.gif.mno
2007.05.02 16:09 B V:\TBH Website Temp\kids\images\houses\houses_img\_notes\texas_r12_c5_f2.gif.mno --> uts.cc.utexas.edu /export/httpd/vhosts/texasbeyondhistory/data/kids/images/houses/houses_img/_notes texas_r12_c5_f2.gif.mno
2007.05.02 16:09 B V:\TBH Website Temp\kids\images\houses\houses_img\_notes\texas_r13_c2.gif.mno --> uts.cc.utexas.edu /export/httpd/vhosts/texasbeyondhistory/data/kids/images/houses/houses_img/_notes texas_r13_c2.gif.mno
2007.05.02 16:09 B V:\TBH Website Temp\kids\images\houses\houses_img\_notes\texas_r14_c11.gif.mno --> uts.cc.utexas.edu /export/httpd/vhosts/texasbeyondhistory/data/kids/images/houses/houses_img/_notes texas_r14_c11.gif.mno
2007.05.02 16:09 B V:\TBH Website Temp\kids\images\houses\houses_img\_notes\texas_r15_c5.gif.mno --> uts.cc.utexas.edu /export/httpd/vhosts/texasbeyondhistory/data/kids/images/houses/houses_img/_notes texas_r15_c5.gif.mno
2007.05.02 16:09 B V:\TBH Website Temp\kids\images\houses\houses_img\_notes\texas_r1_c1.gif.mno --> uts.cc.utexas.edu /export/httpd/vhosts/texasbeyondhistory/data/kids/images/houses/houses_img/_notes texas_r1_c1.gif.mno
2007.05.02 16:09 B V:\TBH Website Temp\kids\images\houses\houses_img\_notes\texas_r2_c1.gif.mno --> uts.cc.utexas.edu /export/httpd/vhosts/texasbeyondhistory/data/kids/images/houses/houses_img/_notes texas_r2_c1.gif.mno
2007.05.02 16:09 B V:\TBH Website Temp\kids\images\houses\houses_img\_notes\texas_r2_c4.gif.mno --> uts.cc.utexas.edu /export/httpd/vhosts/texasbeyondhistory/data/kids/images/houses/houses_img/_notes texas_r2_c4.gif.mno
2007.05.02 16:09 B V:\TBH Website Temp\kids\images\houses\houses_img\_notes\texas_r2_c4_f2.gif.mno --> uts.cc.utexas.edu /export/httpd/vhosts/texasbeyondhistory/data/kids/images/houses/houses_img/_notes texas_r2_c4_f2.gif.mno
2007.05.02 16:09 B V:\TBH Website Temp\kids\images\houses\houses_img\_notes\texas_r2_c7.gif.mno --> uts.cc.utexas.edu /export/httpd/vhosts/texasbeyondhistory/data/kids/images/houses/houses_img/_notes texas_r2_c7.gif.mno
2007.05.02 16:09 B V:\TBH Website Temp\kids\images\houses\houses_img\_notes\texas_r2_c8.gif.mno --> uts.cc.utexas.edu /export/httpd/vhosts/texasbeyondhistory/data/kids/images/houses/houses_img/_notes texas_r2_c8.gif.mno
2007.05.02 16:09 B V:\TBH Website Temp\kids\images\houses\houses_img\_notes\texas_r3_c4.gif.mno --> uts.cc.utexas.edu /export/httpd/vhosts/texasbeyondhistory/data/kids/images/houses/houses_img/_notes texas_r3_c4.gif.mno
2007.05.02 16:09 B V:\TBH Website Temp\kids\images\houses\houses_img\_notes\texas_r3_c6.gif.mno --> uts.cc.utexas.edu /export/httpd/vhosts/texasbeyondhistory/data/kids/images/houses/houses_img/_notes texas_r3_c6.gif.mno
2007.05.02 16:09 B V:\TBH Website Temp\kids\images\houses\houses_img\_notes\texas_r3_c6_f2.gif.mno --> uts.cc.utexas.edu /export/httpd/vhosts/texasbeyondhistory/data/kids/images/houses/houses_img/_notes texas_r3_c6_f2.gif.mno
2007.05.02 16:09 B V:\TBH Website Temp\kids\images\houses\houses_img\_notes\texas_r3_c9.gif.mno --> uts.cc.utexas.edu /export/httpd/vhosts/texasbeyondhistory/data/kids/images/houses/houses_img/_notes texas_r3_c9.gif.mno
2007.05.02 16:09 B V:\TBH Website Temp\kids\images\houses\houses_img\_notes\texas_r4_c11.gif.mno --> uts.cc.utexas.edu /export/httpd/vhosts/texasbeyondhistory/data/kids/images/houses/houses_img/_notes texas_r4_c11.gif.mno
2007.05.02 16:09 B V:\TBH Website Temp\kids\images\houses\houses_img\_notes\texas_r4_c11_f2.gif.mno --> uts.cc.utexas.edu /export/httpd/vhosts/texasbeyondhistory/data/kids/images/houses/houses_img/_notes texas_r4_c11_f2.gif.mno
2007.05.02 16:09 B V:\TBH Website Temp\kids\images\houses\houses_img\_notes\texas_r4_c13.gif.mno --> uts.cc.utexas.edu /export/httpd/vhosts/texasbeyondhistory/data/kids/images/houses/houses_img/_notes texas_r4_c13.gif.mno
2007.05.02 16:09 B V:\TBH Website Temp\kids\images\houses\houses_img\_notes\texas_r4_c13_f2.gif.mno --> uts.cc.utexas.edu /export/httpd/vhosts/texasbeyondhistory/data/kids/images/houses/houses_img/_notes texas_r4_c13_f2.gif.mno
2007.05.02 16:09 B V:\TBH Website Temp\kids\images\houses\houses_img\_notes\texas_r4_c15.gif.mno --> uts.cc.utexas.edu /export/httpd/vhosts/texasbeyondhistory/data/kids/images/houses/houses_img/_notes texas_r4_c15.gif.mno
2007.05.02 16:09 B V:\TBH Website Temp\kids\images\houses\houses_img\_notes\texas_r4_c8.gif.mno --> uts.cc.utexas.edu /export/httpd/vhosts/texasbeyondhistory/data/kids/images/houses/houses_img/_notes texas_r4_c8.gif.mno
2007.05.02 16:09 B V:\TBH Website Temp\kids\images\houses\houses_img\_notes\texas_r4_c9.gif.mno --> uts.cc.utexas.edu /export/httpd/vhosts/texasbeyondhistory/data/kids/images/houses/houses_img/_notes texas_r4_c9.gif.mno
2007.05.02 16:09 B V:\TBH Website Temp\kids\images\houses\houses_img\_notes\texas_r5_c1.gif.mno --> uts.cc.utexas.edu /export/httpd/vhosts/texasbeyondhistory/data/kids/images/houses/houses_img/_notes texas_r5_c1.gif.mno
2007.05.02 16:09 B V:\TBH Website Temp\kids\images\houses\houses_img\_notes\texas_r5_c12.gif.mno --> uts.cc.utexas.edu /export/httpd/vhosts/texasbeyondhistory/data/kids/images/houses/houses_img/_notes texas_r5_c12.gif.mno
2007.05.02 16:09 B V:\TBH Website Temp\kids\images\houses\houses_img\_notes\texas_r5_c2.gif.mno --> uts.cc.utexas.edu /export/httpd/vhosts/texasbeyondhistory/data/kids/images/houses/houses_img/_notes texas_r5_c2.gif.mno
2007.05.02 16:09 B V:\TBH Website Temp\kids\images\houses\houses_img\_notes\texas_r5_c2_f2.gif.mno --> uts.cc.utexas.edu /export/httpd/vhosts/texasbeyondhistory/data/kids/images/houses/houses_img/_notes texas_r5_c2_f2.gif.mno
2007.05.02 16:09 B V:\TBH Website Temp\kids\images\houses\houses_img\_notes\texas_r5_c5.gif.mno --> uts.cc.utexas.edu /export/httpd/vhosts/texasbeyondhistory/data/kids/images/houses/houses_img/_notes texas_r5_c5.gif.mno
2007.05.02 16:09 B V:\TBH Website Temp\kids\images\houses\houses_img\_notes\texas_r5_c8.gif.mno --> uts.cc.utexas.edu /export/httpd/vhosts/texasbeyondhistory/data/kids/images/houses/houses_img/_notes texas_r5_c8.gif.mno
2007.05.02 16:09 B V:\TBH Website Temp\kids\images\houses\houses_img\_notes\texas_r5_c9.gif.mno --> uts.cc.utexas.edu /export/httpd/vhosts/texasbeyondhistory/data/kids/images/houses/houses_img/_notes texas_r5_c9.gif.mno
2007.05.02 16:09 B V:\TBH Website Temp\kids\images\houses\houses_img\_notes\texas_r5_c9_f2.gif.mno --> uts.cc.utexas.edu /export/httpd/vhosts/texasbeyondhistory/data/kids/images/houses/houses_img/_notes texas_r5_c9_f2.gif.mno
2007.05.02 16:09 B V:\TBH Website Temp\kids\images\houses\houses_img\_notes\texas_r6_c11.gif.mno --> uts.cc.utexas.edu /export/httpd/vhosts/texasbeyondhistory/data/kids/images/houses/houses_img/_notes texas_r6_c11.gif.mno
2007.05.02 16:09 B V:\TBH Website Temp\kids\images\houses\houses_img\_notes\texas_r6_c4.gif.mno --> uts.cc.utexas.edu /export/httpd/vhosts/texasbeyondhistory/data/kids/images/houses/houses_img/_notes texas_r6_c4.gif.mno
2007.05.02 16:09 B V:\TBH Website Temp\kids\images\houses\houses_img\_notes\texas_r6_c6.gif.mno --> uts.cc.utexas.edu /export/httpd/vhosts/texasbeyondhistory/data/kids/images/houses/houses_img/_notes texas_r6_c6.gif.mno
2007.05.02 16:09 B V:\TBH Website Temp\kids\images\houses\houses_img\_notes\texas_r6_c6_f2.gif.mno --> uts.cc.utexas.edu /export/httpd/vhosts/texasbeyondhistory/data/kids/images/houses/houses_img/_notes texas_r6_c6_f2.gif.mno
2007.05.02 16:09 B V:\TBH Website Temp\kids\images\houses\houses_img\_notes\texas_r6_c7.gif.mno --> uts.cc.utexas.edu /export/httpd/vhosts/texasbeyondhistory/data/kids/images/houses/houses_img/_notes texas_r6_c7.gif.mno
2007.05.02 16:09 B V:\TBH Website Temp\kids\images\houses\houses_img\_notes\texas_r7_c10.gif.mno --> uts.cc.utexas.edu /export/httpd/vhosts/texasbeyondhistory/data/kids/images/houses/houses_img/_notes texas_r7_c10.gif.mno
2007.05.02 16:09 B V:\TBH Website Temp\kids\images\houses\houses_img\_notes\texas_r7_c10_f2.gif.mno --> uts.cc.utexas.edu /export/httpd/vhosts/texasbeyondhistory/data/kids/images/houses/houses_img/_notes texas_r7_c10_f2.gif.mno
2007.05.02 16:09 B V:\TBH Website Temp\kids\images\houses\houses_img\_notes\texas_r7_c12.gif.mno --> uts.cc.utexas.edu /export/httpd/vhosts/texasbeyondhistory/data/kids/images/houses/houses_img/_notes texas_r7_c12.gif.mno
2007.05.02 16:09 B V:\TBH Website Temp\kids\images\houses\houses_img\_notes\texas_r7_c9.gif.mno --> uts.cc.utexas.edu /export/httpd/vhosts/texasbeyondhistory/data/kids/images/houses/houses_img/_notes texas_r7_c9.gif.mno
2007.05.02 16:09 B V:\TBH Website Temp\kids\images\houses\houses_img\_notes\texas_r8_c1.gif.mno --> uts.cc.utexas.edu /export/httpd/vhosts/texasbeyondhistory/data/kids/images/houses/houses_img/_notes texas_r8_c1.gif.mno
2007.05.02 16:09 B V:\TBH Website Temp\kids\images\houses\houses_img\_notes\texas_r8_c2.gif.mno --> uts.cc.utexas.edu /export/httpd/vhosts/texasbeyondhistory/data/kids/images/houses/houses_img/_notes texas_r8_c2.gif.mno
2007.05.02 16:09 B V:\TBH Website Temp\kids\images\houses\houses_img\_notes\texas_r8_c2_f2.gif.mno --> uts.cc.utexas.edu /export/httpd/vhosts/texasbeyondhistory/data/kids/images/houses/houses_img/_notes texas_r8_c2_f2.gif.mno
2007.05.02 16:09 B V:\TBH Website Temp\kids\images\houses\houses_img\_notes\texas_r8_c3.gif.mno --> uts.cc.utexas.edu /export/httpd/vhosts/texasbeyondhistory/data/kids/images/houses/houses_img/_notes texas_r8_c3.gif.mno
2007.05.02 16:09 B V:\TBH Website Temp\kids\images\houses\houses_img\_notes\texas_r9_c13.gif.mno --> uts.cc.utexas.edu /export/httpd/vhosts/texasbeyondhistory/data/kids/images/houses/houses_img/_notes texas_r9_c13.gif.mno
2007.05.02 16:09 B V:\TBH Website Temp\kids\images\houses\houses_img\_notes\texas_r9_c6.gif.mno --> uts.cc.utexas.edu /export/httpd/vhosts/texasbeyondhistory/data/kids/images/houses/houses_img/_notes texas_r9_c6.gif.mno
