2001.08.16 17:28 B C:\WINDOWS\Desktop\TBH\Recent\graham\images\LL419-UN3-lg.jpg <-- TARL /Website Stuff/Transfer to Meg/Graham-Applegate text/main page images LL419-UN3-lg.jpg
2001.08.16 17:28 B C:\WINDOWS\Desktop\TBH\Recent\graham\images\LL419-UN3-sm.jpg <-- TARL /Website Stuff/Transfer to Meg/Graham-Applegate text/main page images LL419-UN3-sm.jpg
2001.08.31 19:59 B D:\TBH Temp\graham\images\WS_FTP.LOG <-- Texas Beyond History /Website Stuff/TBH Website Temp/graham/images WS_FTP.LOG
2001.09.01 21:52 B D:\TBH Temp\graham\images\3053a-lg.jpg --> uts.cc.utexas.edu /usr/pub/www/research/tarl/abouttarl/tbh/graham/images 3053a-lg.jpg
2001.09.01 21:52 B D:\TBH Temp\graham\images\3053a-sm.jpg --> uts.cc.utexas.edu /usr/pub/www/research/tarl/abouttarl/tbh/graham/images 3053a-sm.jpg
2001.09.01 21:52 B D:\TBH Temp\graham\images\3053a.html --> uts.cc.utexas.edu /usr/pub/www/research/tarl/abouttarl/tbh/graham/images 3053a.html
2001.09.01 21:52 B D:\TBH Temp\graham\images\3053b-lg.jpg --> uts.cc.utexas.edu /usr/pub/www/research/tarl/abouttarl/tbh/graham/images 3053b-lg.jpg
2001.09.01 21:52 B D:\TBH Temp\graham\images\3053b-sm.jpg --> uts.cc.utexas.edu /usr/pub/www/research/tarl/abouttarl/tbh/graham/images 3053b-sm.jpg
2001.09.01 21:52 B D:\TBH Temp\graham\images\3053b.html --> uts.cc.utexas.edu /usr/pub/www/research/tarl/abouttarl/tbh/graham/images 3053b.html
2001.09.01 21:52 B D:\TBH Temp\graham\images\Archaic Dart Pts-lg.jpg --> uts.cc.utexas.edu /usr/pub/www/research/tarl/abouttarl/tbh/graham/images Archaic Dart Pts-lg.jpg
2001.09.01 21:52 B D:\TBH Temp\graham\images\Archaic Dart Pts-sm.jpg --> uts.cc.utexas.edu /usr/pub/www/research/tarl/abouttarl/tbh/graham/images Archaic Dart Pts-sm.jpg
2001.09.01 21:52 B D:\TBH Temp\graham\images\Archaic Dart Pts.html --> uts.cc.utexas.edu /usr/pub/www/research/tarl/abouttarl/tbh/graham/images Archaic Dart Pts.html
2001.09.01 21:52 B D:\TBH Temp\graham\images\Atlatl Man-KB1-lg.jpg --> uts.cc.utexas.edu /usr/pub/www/research/tarl/abouttarl/tbh/graham/images Atlatl Man-KB1-lg.jpg
2001.09.01 21:52 B D:\TBH Temp\graham\images\Atlatl Man-KB1-sm.jpg --> uts.cc.utexas.edu /usr/pub/www/research/tarl/abouttarl/tbh/graham/images Atlatl Man-KB1-sm.jpg
2001.09.01 21:52 B D:\TBH Temp\graham\images\Atlatl Man-KB1.html --> uts.cc.utexas.edu /usr/pub/www/research/tarl/abouttarl/tbh/graham/images Atlatl Man-KB1.html
2001.09.01 21:52 B D:\TBH Temp\graham\images\cobble.jpg --> uts.cc.utexas.edu /usr/pub/www/research/tarl/abouttarl/tbh/graham/images cobble.jpg
2001.09.01 21:52 B D:\TBH Temp\graham\images\core.jpg --> uts.cc.utexas.edu /usr/pub/www/research/tarl/abouttarl/tbh/graham/images core.jpg
2001.09.01 21:52 B D:\TBH Temp\graham\images\Darl-like pts-lg.jpg --> uts.cc.utexas.edu /usr/pub/www/research/tarl/abouttarl/tbh/graham/images Darl-like pts-lg.jpg
2001.09.01 21:52 B D:\TBH Temp\graham\images\Darl-like pts-sm.jpg --> uts.cc.utexas.edu /usr/pub/www/research/tarl/abouttarl/tbh/graham/images Darl-like pts-sm.jpg
2001.09.01 21:52 B D:\TBH Temp\graham\images\Darl-like pts.html --> uts.cc.utexas.edu /usr/pub/www/research/tarl/abouttarl/tbh/graham/images Darl-like pts.html
2001.09.01 21:52 B D:\TBH Temp\graham\images\G-A 2-01-3.html --> uts.cc.utexas.edu /usr/pub/www/research/tarl/abouttarl/tbh/graham/images G-A 2-01-3.html
2001.09.01 21:53 B D:\TBH Temp\graham\images\G-A 2-01-3.lg.jpg --> uts.cc.utexas.edu /usr/pub/www/research/tarl/abouttarl/tbh/graham/images G-A 2-01-3.lg.jpg
2001.09.01 21:53 B D:\TBH Temp\graham\images\G-A 2-01-3.sm.jpg --> uts.cc.utexas.edu /usr/pub/www/research/tarl/abouttarl/tbh/graham/images G-A 2-01-3.sm.jpg
2001.09.01 21:53 B D:\TBH Temp\graham\images\G-A 2-01-4.html --> uts.cc.utexas.edu /usr/pub/www/research/tarl/abouttarl/tbh/graham/images G-A 2-01-4.html
2001.09.01 21:53 B D:\TBH Temp\graham\images\G-A 2-01-4.lg.jpg --> uts.cc.utexas.edu /usr/pub/www/research/tarl/abouttarl/tbh/graham/images G-A 2-01-4.lg.jpg
2001.09.01 21:53 B D:\TBH Temp\graham\images\G-A 2-01-4.sm.jpg --> uts.cc.utexas.edu /usr/pub/www/research/tarl/abouttarl/tbh/graham/images G-A 2-01-4.sm.jpg
2001.09.01 21:53 B D:\TBH Temp\graham\images\GA-General-UN11-lg.jpg --> uts.cc.utexas.edu /usr/pub/www/research/tarl/abouttarl/tbh/graham/images GA-General-UN11-lg.jpg
2001.09.01 21:53 B D:\TBH Temp\graham\images\GA-General-UN11-sm.jpg --> uts.cc.utexas.edu /usr/pub/www/research/tarl/abouttarl/tbh/graham/images GA-General-UN11-sm.jpg
2001.09.01 21:53 B D:\TBH Temp\graham\images\GA-General-UN11.html --> uts.cc.utexas.edu /usr/pub/www/research/tarl/abouttarl/tbh/graham/images GA-General-UN11.html
2001.09.01 21:53 B D:\TBH Temp\graham\images\House 1 Darl-like- lg.jpg --> uts.cc.utexas.edu /usr/pub/www/research/tarl/abouttarl/tbh/graham/images House 1 Darl-like- lg.jpg
2001.09.01 21:53 B D:\TBH Temp\graham\images\House 1 Darl-like- sm.jpg --> uts.cc.utexas.edu /usr/pub/www/research/tarl/abouttarl/tbh/graham/images House 1 Darl-like- sm.jpg
2001.09.01 21:53 B D:\TBH Temp\graham\images\House 1 Darl-like.html --> uts.cc.utexas.edu /usr/pub/www/research/tarl/abouttarl/tbh/graham/images House 1 Darl-like.html
2001.09.01 21:53 B D:\TBH Temp\graham\images\House 4 pts-lg.jpg --> uts.cc.utexas.edu /usr/pub/www/research/tarl/abouttarl/tbh/graham/images House 4 pts-lg.jpg
2001.09.01 21:53 B D:\TBH Temp\graham\images\House 4 pts-sm.jpg --> uts.cc.utexas.edu /usr/pub/www/research/tarl/abouttarl/tbh/graham/images House 4 pts-sm.jpg
2001.09.01 21:53 B D:\TBH Temp\graham\images\House 4 pts.html --> uts.cc.utexas.edu /usr/pub/www/research/tarl/abouttarl/tbh/graham/images House 4 pts.html
2001.09.01 21:53 B D:\TBH Temp\graham\images\hut merged-lg.jpg --> uts.cc.utexas.edu /usr/pub/www/research/tarl/abouttarl/tbh/graham/images hut merged-lg.jpg
2001.09.01 21:53 B D:\TBH Temp\graham\images\hut merged-sm.jpg --> uts.cc.utexas.edu /usr/pub/www/research/tarl/abouttarl/tbh/graham/images hut merged-sm.jpg
2001.09.01 21:53 B D:\TBH Temp\graham\images\hut merged.html --> uts.cc.utexas.edu /usr/pub/www/research/tarl/abouttarl/tbh/graham/images hut merged.html
2001.09.01 21:54 B D:\TBH Temp\graham\images\Lions Creek house-1-lg.jpg --> uts.cc.utexas.edu /usr/pub/www/research/tarl/abouttarl/tbh/graham/images Lions Creek house-1-lg.jpg
2001.09.01 21:54 B D:\TBH Temp\graham\images\Lions Creek house-1-sm.jpg --> uts.cc.utexas.edu /usr/pub/www/research/tarl/abouttarl/tbh/graham/images Lions Creek house-1-sm.jpg
2001.09.01 21:54 B D:\TBH Temp\graham\images\Lions Creek house-1.html --> uts.cc.utexas.edu /usr/pub/www/research/tarl/abouttarl/tbh/graham/images Lions Creek house-1.html
2001.09.01 21:54 B D:\TBH Temp\graham\images\Lions Creek-Fig. 18-lg.jpg --> uts.cc.utexas.edu /usr/pub/www/research/tarl/abouttarl/tbh/graham/images Lions Creek-Fig. 18-lg.jpg
2001.09.01 21:54 B D:\TBH Temp\graham\images\Lions Creek-Fig. 18-sm.jpg --> uts.cc.utexas.edu /usr/pub/www/research/tarl/abouttarl/tbh/graham/images Lions Creek-Fig. 18-sm.jpg
2001.09.01 21:54 B D:\TBH Temp\graham\images\Lions Creek-Fig. 18.html --> uts.cc.utexas.edu /usr/pub/www/research/tarl/abouttarl/tbh/graham/images Lions Creek-Fig. 18.html
2001.09.01 21:54 B D:\TBH Temp\graham\images\LL419-AM1-lg.jpg --> uts.cc.utexas.edu /usr/pub/www/research/tarl/abouttarl/tbh/graham/images LL419-AM1-lg.jpg
2001.09.01 21:54 B D:\TBH Temp\graham\images\LL419-AM1-sm.jpg --> uts.cc.utexas.edu /usr/pub/www/research/tarl/abouttarl/tbh/graham/images LL419-AM1-sm.jpg
2001.09.01 21:54 B D:\TBH Temp\graham\images\LL419-AM1.html --> uts.cc.utexas.edu /usr/pub/www/research/tarl/abouttarl/tbh/graham/images LL419-AM1.html
2001.09.01 21:54 B D:\TBH Temp\graham\images\LL419-AM2-crop-lg.jpg --> uts.cc.utexas.edu /usr/pub/www/research/tarl/abouttarl/tbh/graham/images LL419-AM2-crop-lg.jpg
2001.09.01 21:54 B D:\TBH Temp\graham\images\LL419-AM2-crop-sm.jpg --> uts.cc.utexas.edu /usr/pub/www/research/tarl/abouttarl/tbh/graham/images LL419-AM2-crop-sm.jpg
2001.09.01 21:54 B D:\TBH Temp\graham\images\LL419-AM2-crop.html --> uts.cc.utexas.edu /usr/pub/www/research/tarl/abouttarl/tbh/graham/images LL419-AM2-crop.html
2001.09.01 21:54 B D:\TBH Temp\graham\images\LL419-CH1-lg.jpg --> uts.cc.utexas.edu /usr/pub/www/research/tarl/abouttarl/tbh/graham/images LL419-CH1-lg.jpg
2001.09.01 21:54 B D:\TBH Temp\graham\images\LL419-CH1-sm.jpg --> uts.cc.utexas.edu /usr/pub/www/research/tarl/abouttarl/tbh/graham/images LL419-CH1-sm.jpg
2001.09.01 21:54 B D:\TBH Temp\graham\images\LL419-CH1.html --> uts.cc.utexas.edu /usr/pub/www/research/tarl/abouttarl/tbh/graham/images LL419-CH1.html
2001.09.01 21:54 B D:\TBH Temp\graham\images\LL419-CH10-lg.jpg --> uts.cc.utexas.edu /usr/pub/www/research/tarl/abouttarl/tbh/graham/images LL419-CH10-lg.jpg
2001.09.01 21:54 B D:\TBH Temp\graham\images\LL419-CH10-sm.jpg --> uts.cc.utexas.edu /usr/pub/www/research/tarl/abouttarl/tbh/graham/images LL419-CH10-sm.jpg
2001.09.01 21:54 B D:\TBH Temp\graham\images\LL419-CH10.html --> uts.cc.utexas.edu /usr/pub/www/research/tarl/abouttarl/tbh/graham/images LL419-CH10.html
2001.09.01 21:54 B D:\TBH Temp\graham\images\LL419-CH11-lg.jpg --> uts.cc.utexas.edu /usr/pub/www/research/tarl/abouttarl/tbh/graham/images LL419-CH11-lg.jpg
2001.09.01 21:54 B D:\TBH Temp\graham\images\LL419-CH11-sm.jpg --> uts.cc.utexas.edu /usr/pub/www/research/tarl/abouttarl/tbh/graham/images LL419-CH11-sm.jpg
2001.09.01 21:54 B D:\TBH Temp\graham\images\LL419-CH11.html --> uts.cc.utexas.edu /usr/pub/www/research/tarl/abouttarl/tbh/graham/images LL419-CH11.html
2001.09.01 21:54 B D:\TBH Temp\graham\images\LL419-CH12-lg.jpg --> uts.cc.utexas.edu /usr/pub/www/research/tarl/abouttarl/tbh/graham/images LL419-CH12-lg.jpg
2001.09.01 21:54 B D:\TBH Temp\graham\images\LL419-CH12-sm.jpg --> uts.cc.utexas.edu /usr/pub/www/research/tarl/abouttarl/tbh/graham/images LL419-CH12-sm.jpg
2001.09.01 21:54 B D:\TBH Temp\graham\images\LL419-CH12.html --> uts.cc.utexas.edu /usr/pub/www/research/tarl/abouttarl/tbh/graham/images LL419-CH12.html
2001.09.01 21:54 B D:\TBH Temp\graham\images\LL419-CH14-lg.jpg --> uts.cc.utexas.edu /usr/pub/www/research/tarl/abouttarl/tbh/graham/images LL419-CH14-lg.jpg
2001.09.01 21:54 B D:\TBH Temp\graham\images\LL419-CH14-sm.jpg --> uts.cc.utexas.edu /usr/pub/www/research/tarl/abouttarl/tbh/graham/images LL419-CH14-sm.jpg
2001.09.01 21:54 B D:\TBH Temp\graham\images\LL419-CH14.html --> uts.cc.utexas.edu /usr/pub/www/research/tarl/abouttarl/tbh/graham/images LL419-CH14.html
2001.09.01 21:54 B D:\TBH Temp\graham\images\LL419-CH15-lg.jpg --> uts.cc.utexas.edu /usr/pub/www/research/tarl/abouttarl/tbh/graham/images LL419-CH15-lg.jpg
2001.09.01 21:54 B D:\TBH Temp\graham\images\LL419-CH15-sm.jpg --> uts.cc.utexas.edu /usr/pub/www/research/tarl/abouttarl/tbh/graham/images LL419-CH15-sm.jpg
2001.09.01 21:54 B D:\TBH Temp\graham\images\LL419-CH15.html --> uts.cc.utexas.edu /usr/pub/www/research/tarl/abouttarl/tbh/graham/images LL419-CH15.html
2001.09.01 21:54 B D:\TBH Temp\graham\images\LL419-CH18-lg.jpg --> uts.cc.utexas.edu /usr/pub/www/research/tarl/abouttarl/tbh/graham/images LL419-CH18-lg.jpg
2001.09.01 21:54 B D:\TBH Temp\graham\images\LL419-CH18-sm.jpg --> uts.cc.utexas.edu /usr/pub/www/research/tarl/abouttarl/tbh/graham/images LL419-CH18-sm.jpg
2001.09.01 21:54 B D:\TBH Temp\graham\images\LL419-CH18.html --> uts.cc.utexas.edu /usr/pub/www/research/tarl/abouttarl/tbh/graham/images LL419-CH18.html
2001.09.01 21:55 B D:\TBH Temp\graham\images\LL419-CH19-lg.jpg --> uts.cc.utexas.edu /usr/pub/www/research/tarl/abouttarl/tbh/graham/images LL419-CH19-lg.jpg
2001.09.01 21:55 B D:\TBH Temp\graham\images\LL419-CH19-sm.jpg --> uts.cc.utexas.edu /usr/pub/www/research/tarl/abouttarl/tbh/graham/images LL419-CH19-sm.jpg
2001.09.01 21:55 B D:\TBH Temp\graham\images\LL419-CH19.html --> uts.cc.utexas.edu /usr/pub/www/research/tarl/abouttarl/tbh/graham/images LL419-CH19.html
2001.09.01 21:55 B D:\TBH Temp\graham\images\LL419-CH2-lg.jpg --> uts.cc.utexas.edu /usr/pub/www/research/tarl/abouttarl/tbh/graham/images LL419-CH2-lg.jpg
2001.09.01 21:55 B D:\TBH Temp\graham\images\LL419-CH2-sm.jpg --> uts.cc.utexas.edu /usr/pub/www/research/tarl/abouttarl/tbh/graham/images LL419-CH2-sm.jpg
2001.09.01 21:55 B D:\TBH Temp\graham\images\LL419-CH2.html --> uts.cc.utexas.edu /usr/pub/www/research/tarl/abouttarl/tbh/graham/images LL419-CH2.html
2001.09.01 21:55 B D:\TBH Temp\graham\images\LL419-CH20-lg.jpg --> uts.cc.utexas.edu /usr/pub/www/research/tarl/abouttarl/tbh/graham/images LL419-CH20-lg.jpg
2001.09.01 21:55 B D:\TBH Temp\graham\images\LL419-CH20-sm.jpg --> uts.cc.utexas.edu /usr/pub/www/research/tarl/abouttarl/tbh/graham/images LL419-CH20-sm.jpg
2001.09.01 21:55 B D:\TBH Temp\graham\images\LL419-CH20.html --> uts.cc.utexas.edu /usr/pub/www/research/tarl/abouttarl/tbh/graham/images LL419-CH20.html
2001.09.01 21:55 B D:\TBH Temp\graham\images\LL419-CH21-lg.jpg --> uts.cc.utexas.edu /usr/pub/www/research/tarl/abouttarl/tbh/graham/images LL419-CH21-lg.jpg
2001.09.01 21:55 B D:\TBH Temp\graham\images\LL419-CH21-sm.jpg --> uts.cc.utexas.edu /usr/pub/www/research/tarl/abouttarl/tbh/graham/images LL419-CH21-sm.jpg
2001.09.01 21:55 B D:\TBH Temp\graham\images\LL419-CH21.html --> uts.cc.utexas.edu /usr/pub/www/research/tarl/abouttarl/tbh/graham/images LL419-CH21.html
2001.09.01 21:55 B D:\TBH Temp\graham\images\LL419-CH22-lg.jpg --> uts.cc.utexas.edu /usr/pub/www/research/tarl/abouttarl/tbh/graham/images LL419-CH22-lg.jpg
2001.09.01 21:55 B D:\TBH Temp\graham\images\LL419-CH22-sm.jpg --> uts.cc.utexas.edu /usr/pub/www/research/tarl/abouttarl/tbh/graham/images LL419-CH22-sm.jpg
2001.09.01 21:55 B D:\TBH Temp\graham\images\LL419-CH22.html --> uts.cc.utexas.edu /usr/pub/www/research/tarl/abouttarl/tbh/graham/images LL419-CH22.html
2001.09.01 21:55 B D:\TBH Temp\graham\images\LL419-CH23-lg.jpg --> uts.cc.utexas.edu /usr/pub/www/research/tarl/abouttarl/tbh/graham/images LL419-CH23-lg.jpg
2001.09.01 21:55 B D:\TBH Temp\graham\images\LL419-CH23-sm.jpg --> uts.cc.utexas.edu /usr/pub/www/research/tarl/abouttarl/tbh/graham/images LL419-CH23-sm.jpg
2001.09.01 21:55 B D:\TBH Temp\graham\images\LL419-CH23.html --> uts.cc.utexas.edu /usr/pub/www/research/tarl/abouttarl/tbh/graham/images LL419-CH23.html
2001.09.01 21:55 B D:\TBH Temp\graham\images\LL419-CH24-lg.jpg --> uts.cc.utexas.edu /usr/pub/www/research/tarl/abouttarl/tbh/graham/images LL419-CH24-lg.jpg
2001.09.01 21:55 B D:\TBH Temp\graham\images\LL419-CH24-sm.jpg --> uts.cc.utexas.edu /usr/pub/www/research/tarl/abouttarl/tbh/graham/images LL419-CH24-sm.jpg
2001.09.01 21:55 B D:\TBH Temp\graham\images\LL419-CH24.html --> uts.cc.utexas.edu /usr/pub/www/research/tarl/abouttarl/tbh/graham/images LL419-CH24.html
2001.09.01 21:55 B D:\TBH Temp\graham\images\LL419-CH27-lg.jpg --> uts.cc.utexas.edu /usr/pub/www/research/tarl/abouttarl/tbh/graham/images LL419-CH27-lg.jpg
2001.09.01 21:55 B D:\TBH Temp\graham\images\LL419-CH27-sm.jpg --> uts.cc.utexas.edu /usr/pub/www/research/tarl/abouttarl/tbh/graham/images LL419-CH27-sm.jpg
2001.09.01 21:55 B D:\TBH Temp\graham\images\LL419-CH27.html --> uts.cc.utexas.edu /usr/pub/www/research/tarl/abouttarl/tbh/graham/images LL419-CH27.html
2001.09.01 21:55 B D:\TBH Temp\graham\images\LL419-CH28-lg.jpg --> uts.cc.utexas.edu /usr/pub/www/research/tarl/abouttarl/tbh/graham/images LL419-CH28-lg.jpg
2001.09.01 21:55 B D:\TBH Temp\graham\images\LL419-CH28-sm.jpg --> uts.cc.utexas.edu /usr/pub/www/research/tarl/abouttarl/tbh/graham/images LL419-CH28-sm.jpg
2001.09.01 21:55 B D:\TBH Temp\graham\images\LL419-CH28.html --> uts.cc.utexas.edu /usr/pub/www/research/tarl/abouttarl/tbh/graham/images LL419-CH28.html
2001.09.01 21:56 B D:\TBH Temp\graham\images\LL419-CH30-lg.jpg --> uts.cc.utexas.edu /usr/pub/www/research/tarl/abouttarl/tbh/graham/images LL419-CH30-lg.jpg
2001.09.01 21:56 B D:\TBH Temp\graham\images\LL419-CH30-sm.jpg --> uts.cc.utexas.edu /usr/pub/www/research/tarl/abouttarl/tbh/graham/images LL419-CH30-sm.jpg
2001.09.01 21:56 B D:\TBH Temp\graham\images\LL419-CH30.html --> uts.cc.utexas.edu /usr/pub/www/research/tarl/abouttarl/tbh/graham/images LL419-CH30.html
2001.09.01 21:56 B D:\TBH Temp\graham\images\LL419-CH31-lg.jpg --> uts.cc.utexas.edu /usr/pub/www/research/tarl/abouttarl/tbh/graham/images LL419-CH31-lg.jpg
2001.09.01 21:56 B D:\TBH Temp\graham\images\LL419-CH31-sm.jpg --> uts.cc.utexas.edu /usr/pub/www/research/tarl/abouttarl/tbh/graham/images LL419-CH31-sm.jpg
2001.09.01 21:56 B D:\TBH Temp\graham\images\LL419-CH33-lg.jpg --> uts.cc.utexas.edu /usr/pub/www/research/tarl/abouttarl/tbh/graham/images LL419-CH33-lg.jpg
2001.09.01 21:56 B D:\TBH Temp\graham\images\LL419-CH33-sm.jpg --> uts.cc.utexas.edu /usr/pub/www/research/tarl/abouttarl/tbh/graham/images LL419-CH33-sm.jpg
2001.09.01 21:56 B D:\TBH Temp\graham\images\LL419-CH33.html --> uts.cc.utexas.edu /usr/pub/www/research/tarl/abouttarl/tbh/graham/images LL419-CH33.html
2001.09.01 21:56 B D:\TBH Temp\graham\images\LL419-CH34-lg.jpg --> uts.cc.utexas.edu /usr/pub/www/research/tarl/abouttarl/tbh/graham/images LL419-CH34-lg.jpg
2001.09.01 21:56 B D:\TBH Temp\graham\images\LL419-CH34-sm.jpg --> uts.cc.utexas.edu /usr/pub/www/research/tarl/abouttarl/tbh/graham/images LL419-CH34-sm.jpg
2001.09.01 21:56 B D:\TBH Temp\graham\images\LL419-CH34.html --> uts.cc.utexas.edu /usr/pub/www/research/tarl/abouttarl/tbh/graham/images LL419-CH34.html
2001.09.01 21:56 B D:\TBH Temp\graham\images\LL419-CH4-lg.jpg --> uts.cc.utexas.edu /usr/pub/www/research/tarl/abouttarl/tbh/graham/images LL419-CH4-lg.jpg
2001.09.01 21:56 B D:\TBH Temp\graham\images\LL419-CH4-sm.jpg --> uts.cc.utexas.edu /usr/pub/www/research/tarl/abouttarl/tbh/graham/images LL419-CH4-sm.jpg
2001.09.01 21:56 B D:\TBH Temp\graham\images\LL419-CH4.html --> uts.cc.utexas.edu /usr/pub/www/research/tarl/abouttarl/tbh/graham/images LL419-CH4.html
2001.09.01 21:56 B D:\TBH Temp\graham\images\LL419-CH43-lg.jpg --> uts.cc.utexas.edu /usr/pub/www/research/tarl/abouttarl/tbh/graham/images LL419-CH43-lg.jpg
2001.09.01 21:56 B D:\TBH Temp\graham\images\LL419-CH43-sm.jpg --> uts.cc.utexas.edu /usr/pub/www/research/tarl/abouttarl/tbh/graham/images LL419-CH43-sm.jpg
2001.09.01 21:56 B D:\TBH Temp\graham\images\LL419-CH43.html --> uts.cc.utexas.edu /usr/pub/www/research/tarl/abouttarl/tbh/graham/images LL419-CH43.html
2001.09.01 21:56 B D:\TBH Temp\graham\images\LL419-CH44-lg.jpg --> uts.cc.utexas.edu /usr/pub/www/research/tarl/abouttarl/tbh/graham/images LL419-CH44-lg.jpg
2001.09.01 21:56 B D:\TBH Temp\graham\images\LL419-CH44-sm.jpg --> uts.cc.utexas.edu /usr/pub/www/research/tarl/abouttarl/tbh/graham/images LL419-CH44-sm.jpg
2001.09.01 21:56 B D:\TBH Temp\graham\images\LL419-CH44.html --> uts.cc.utexas.edu /usr/pub/www/research/tarl/abouttarl/tbh/graham/images LL419-CH44.html
2001.09.01 21:56 B D:\TBH Temp\graham\images\LL419-CH45-lg.jpg --> uts.cc.utexas.edu /usr/pub/www/research/tarl/abouttarl/tbh/graham/images LL419-CH45-lg.jpg
2001.09.01 21:56 B D:\TBH Temp\graham\images\LL419-CH45-sm.jpg --> uts.cc.utexas.edu /usr/pub/www/research/tarl/abouttarl/tbh/graham/images LL419-CH45-sm.jpg
2001.09.01 21:56 B D:\TBH Temp\graham\images\LL419-CH45.html --> uts.cc.utexas.edu /usr/pub/www/research/tarl/abouttarl/tbh/graham/images LL419-CH45.html
2001.09.01 21:56 B D:\TBH Temp\graham\images\LL419-CH47-lg.jpg --> uts.cc.utexas.edu /usr/pub/www/research/tarl/abouttarl/tbh/graham/images LL419-CH47-lg.jpg
2001.09.01 21:56 B D:\TBH Temp\graham\images\LL419-CH47-sm.jpg --> uts.cc.utexas.edu /usr/pub/www/research/tarl/abouttarl/tbh/graham/images LL419-CH47-sm.jpg
2001.09.01 21:56 B D:\TBH Temp\graham\images\LL419-CH47.html --> uts.cc.utexas.edu /usr/pub/www/research/tarl/abouttarl/tbh/graham/images LL419-CH47.html
2001.09.01 21:57 B D:\TBH Temp\graham\images\LL419-CH48-lg.jpg --> uts.cc.utexas.edu /usr/pub/www/research/tarl/abouttarl/tbh/graham/images LL419-CH48-lg.jpg
2001.09.01 21:57 B D:\TBH Temp\graham\images\LL419-CH48-sm.jpg --> uts.cc.utexas.edu /usr/pub/www/research/tarl/abouttarl/tbh/graham/images LL419-CH48-sm.jpg
2001.09.01 21:57 B D:\TBH Temp\graham\images\LL419-CH48.html --> uts.cc.utexas.edu /usr/pub/www/research/tarl/abouttarl/tbh/graham/images LL419-CH48.html
2001.09.01 21:57 B D:\TBH Temp\graham\images\LL419-CH49-lg.jpg --> uts.cc.utexas.edu /usr/pub/www/research/tarl/abouttarl/tbh/graham/images LL419-CH49-lg.jpg
2001.09.01 21:57 B D:\TBH Temp\graham\images\LL419-CH49-sm.jpg --> uts.cc.utexas.edu /usr/pub/www/research/tarl/abouttarl/tbh/graham/images LL419-CH49-sm.jpg
2001.09.01 21:57 B D:\TBH Temp\graham\images\LL419-CH49.html --> uts.cc.utexas.edu /usr/pub/www/research/tarl/abouttarl/tbh/graham/images LL419-CH49.html
2001.09.01 21:57 B D:\TBH Temp\graham\images\LL419-CH50-lg.jpg --> uts.cc.utexas.edu /usr/pub/www/research/tarl/abouttarl/tbh/graham/images LL419-CH50-lg.jpg
2001.09.01 21:57 B D:\TBH Temp\graham\images\LL419-CH50-sm.jpg --> uts.cc.utexas.edu /usr/pub/www/research/tarl/abouttarl/tbh/graham/images LL419-CH50-sm.jpg
2001.09.01 21:57 B D:\TBH Temp\graham\images\LL419-CH50.html --> uts.cc.utexas.edu /usr/pub/www/research/tarl/abouttarl/tbh/graham/images LL419-CH50.html
2001.09.01 21:57 B D:\TBH Temp\graham\images\LL419-CH51-lg.jpg --> uts.cc.utexas.edu /usr/pub/www/research/tarl/abouttarl/tbh/graham/images LL419-CH51-lg.jpg
2001.09.01 21:57 B D:\TBH Temp\graham\images\LL419-CH51-sm.jpg --> uts.cc.utexas.edu /usr/pub/www/research/tarl/abouttarl/tbh/graham/images LL419-CH51-sm.jpg
2001.09.01 21:57 B D:\TBH Temp\graham\images\LL419-CH51.html --> uts.cc.utexas.edu /usr/pub/www/research/tarl/abouttarl/tbh/graham/images LL419-CH51.html
2001.09.01 21:57 B D:\TBH Temp\graham\images\LL419-CH52-lg.jpg --> uts.cc.utexas.edu /usr/pub/www/research/tarl/abouttarl/tbh/graham/images LL419-CH52-lg.jpg
2001.09.01 21:57 B D:\TBH Temp\graham\images\LL419-CH52-sm.jpg --> uts.cc.utexas.edu /usr/pub/www/research/tarl/abouttarl/tbh/graham/images LL419-CH52-sm.jpg
2001.09.01 21:57 B D:\TBH Temp\graham\images\LL419-CH52.html --> uts.cc.utexas.edu /usr/pub/www/research/tarl/abouttarl/tbh/graham/images LL419-CH52.html
2001.09.01 21:57 B D:\TBH Temp\graham\images\LL419-CH5CROP.html --> uts.cc.utexas.edu /usr/pub/www/research/tarl/abouttarl/tbh/graham/images LL419-CH5CROP.html
2001.09.01 21:57 B D:\TBH Temp\graham\images\LL419-CH5CROP.lg.jpg --> uts.cc.utexas.edu /usr/pub/www/research/tarl/abouttarl/tbh/graham/images LL419-CH5CROP.lg.jpg
2001.09.01 21:57 B D:\TBH Temp\graham\images\LL419-CH5CROP.sm.jpg --> uts.cc.utexas.edu /usr/pub/www/research/tarl/abouttarl/tbh/graham/images LL419-CH5CROP.sm.jpg
2001.09.01 21:57 B D:\TBH Temp\graham\images\LL419-CH7-lg.jpg --> uts.cc.utexas.edu /usr/pub/www/research/tarl/abouttarl/tbh/graham/images LL419-CH7-lg.jpg
2001.09.01 21:57 B D:\TBH Temp\graham\images\LL419-CH7-sm.jpg --> uts.cc.utexas.edu /usr/pub/www/research/tarl/abouttarl/tbh/graham/images LL419-CH7-sm.jpg
2001.09.01 21:57 B D:\TBH Temp\graham\images\LL419-CH7.html --> uts.cc.utexas.edu /usr/pub/www/research/tarl/abouttarl/tbh/graham/images LL419-CH7.html
2001.09.01 21:58 B D:\TBH Temp\graham\images\LL419-CH8-lg.jpg --> uts.cc.utexas.edu /usr/pub/www/research/tarl/abouttarl/tbh/graham/images LL419-CH8-lg.jpg
2001.09.01 21:58 B D:\TBH Temp\graham\images\LL419-CH8-sm.jpg --> uts.cc.utexas.edu /usr/pub/www/research/tarl/abouttarl/tbh/graham/images LL419-CH8-sm.jpg
2001.09.01 21:58 B D:\TBH Temp\graham\images\LL419-CH8.html --> uts.cc.utexas.edu /usr/pub/www/research/tarl/abouttarl/tbh/graham/images LL419-CH8.html
2001.09.01 21:58 B D:\TBH Temp\graham\images\LL419-GS1-lg.jpg --> uts.cc.utexas.edu /usr/pub/www/research/tarl/abouttarl/tbh/graham/images LL419-GS1-lg.jpg
2001.09.01 21:58 B D:\TBH Temp\graham\images\LL419-GS1-sm.jpg --> uts.cc.utexas.edu /usr/pub/www/research/tarl/abouttarl/tbh/graham/images LL419-GS1-sm.jpg
2001.09.01 21:58 B D:\TBH Temp\graham\images\LL419-GS1.html --> uts.cc.utexas.edu /usr/pub/www/research/tarl/abouttarl/tbh/graham/images LL419-GS1.html
2001.09.01 21:58 B D:\TBH Temp\graham\images\LL419-GS10-lg.jpg --> uts.cc.utexas.edu /usr/pub/www/research/tarl/abouttarl/tbh/graham/images LL419-GS10-lg.jpg
2001.09.01 21:58 B D:\TBH Temp\graham\images\LL419-GS10-sm.jpg --> uts.cc.utexas.edu /usr/pub/www/research/tarl/abouttarl/tbh/graham/images LL419-GS10-sm.jpg
2001.09.01 21:58 B D:\TBH Temp\graham\images\LL419-GS10NEW.html --> uts.cc.utexas.edu /usr/pub/www/research/tarl/abouttarl/tbh/graham/images LL419-GS10NEW.html
2001.09.01 21:58 B D:\TBH Temp\graham\images\LL419-GS10NEW.lg.jpg --> uts.cc.utexas.edu /usr/pub/www/research/tarl/abouttarl/tbh/graham/images LL419-GS10NEW.lg.jpg
2001.09.01 21:58 B D:\TBH Temp\graham\images\LL419-GS10NEW.sm.jpg --> uts.cc.utexas.edu /usr/pub/www/research/tarl/abouttarl/tbh/graham/images LL419-GS10NEW.sm.jpg
2001.09.01 21:58 B D:\TBH Temp\graham\images\LL419-GS11-lg.jpg --> uts.cc.utexas.edu /usr/pub/www/research/tarl/abouttarl/tbh/graham/images LL419-GS11-lg.jpg
2001.09.01 21:58 B D:\TBH Temp\graham\images\LL419-GS11-sm.jpg --> uts.cc.utexas.edu /usr/pub/www/research/tarl/abouttarl/tbh/graham/images LL419-GS11-sm.jpg
2001.09.01 21:58 B D:\TBH Temp\graham\images\LL419-GS11.html --> uts.cc.utexas.edu /usr/pub/www/research/tarl/abouttarl/tbh/graham/images LL419-GS11.html
2001.09.01 21:58 B D:\TBH Temp\graham\images\LL419-GS12-lg.jpg --> uts.cc.utexas.edu /usr/pub/www/research/tarl/abouttarl/tbh/graham/images LL419-GS12-lg.jpg
2001.09.01 21:58 B D:\TBH Temp\graham\images\LL419-GS12-sm.jpg --> uts.cc.utexas.edu /usr/pub/www/research/tarl/abouttarl/tbh/graham/images LL419-GS12-sm.jpg
2001.09.01 21:58 B D:\TBH Temp\graham\images\LL419-GS12.html --> uts.cc.utexas.edu /usr/pub/www/research/tarl/abouttarl/tbh/graham/images LL419-GS12.html
2001.09.01 21:58 B D:\TBH Temp\graham\images\LL419-GS14.html --> uts.cc.utexas.edu /usr/pub/www/research/tarl/abouttarl/tbh/graham/images LL419-GS14.html
2001.09.01 21:58 B D:\TBH Temp\graham\images\LL419-GS14.lg.jpg --> uts.cc.utexas.edu /usr/pub/www/research/tarl/abouttarl/tbh/graham/images LL419-GS14.lg.jpg
2001.09.01 21:58 B D:\TBH Temp\graham\images\LL419-GS14.sm.jpg --> uts.cc.utexas.edu /usr/pub/www/research/tarl/abouttarl/tbh/graham/images LL419-GS14.sm.jpg
2001.09.01 21:58 B D:\TBH Temp\graham\images\LL419-GS15-lg.jpg --> uts.cc.utexas.edu /usr/pub/www/research/tarl/abouttarl/tbh/graham/images LL419-GS15-lg.jpg
2001.09.01 21:58 B D:\TBH Temp\graham\images\LL419-GS15-sm.jpg --> uts.cc.utexas.edu /usr/pub/www/research/tarl/abouttarl/tbh/graham/images LL419-GS15-sm.jpg
2001.09.01 21:58 B D:\TBH Temp\graham\images\LL419-GS15.html --> uts.cc.utexas.edu /usr/pub/www/research/tarl/abouttarl/tbh/graham/images LL419-GS15.html
2001.09.01 21:59 B D:\TBH Temp\graham\images\LL419-GS2-lg.jpg --> uts.cc.utexas.edu /usr/pub/www/research/tarl/abouttarl/tbh/graham/images LL419-GS2-lg.jpg
2001.09.01 21:59 B D:\TBH Temp\graham\images\LL419-GS2-sm.jpg --> uts.cc.utexas.edu /usr/pub/www/research/tarl/abouttarl/tbh/graham/images LL419-GS2-sm.jpg
2001.09.01 21:59 B D:\TBH Temp\graham\images\LL419-GS2.html --> uts.cc.utexas.edu /usr/pub/www/research/tarl/abouttarl/tbh/graham/images LL419-GS2.html
2001.09.01 21:59 B D:\TBH Temp\graham\images\LL419-GS3-lg.jpg --> uts.cc.utexas.edu /usr/pub/www/research/tarl/abouttarl/tbh/graham/images LL419-GS3-lg.jpg
2001.09.01 21:59 B D:\TBH Temp\graham\images\LL419-GS3-sm.jpg --> uts.cc.utexas.edu /usr/pub/www/research/tarl/abouttarl/tbh/graham/images LL419-GS3-sm.jpg
2001.09.01 21:59 B D:\TBH Temp\graham\images\LL419-GS3.html --> uts.cc.utexas.edu /usr/pub/www/research/tarl/abouttarl/tbh/graham/images LL419-GS3.html
2001.09.01 21:59 B D:\TBH Temp\graham\images\LL419-GS4-lg.jpg --> uts.cc.utexas.edu /usr/pub/www/research/tarl/abouttarl/tbh/graham/images LL419-GS4-lg.jpg
2001.09.01 21:59 B D:\TBH Temp\graham\images\LL419-GS4-sm.jpg --> uts.cc.utexas.edu /usr/pub/www/research/tarl/abouttarl/tbh/graham/images LL419-GS4-sm.jpg
2001.09.01 21:59 B D:\TBH Temp\graham\images\LL419-GS4.html --> uts.cc.utexas.edu /usr/pub/www/research/tarl/abouttarl/tbh/graham/images LL419-GS4.html
2001.09.01 21:59 B D:\TBH Temp\graham\images\LL419-GS5-lg.jpg --> uts.cc.utexas.edu /usr/pub/www/research/tarl/abouttarl/tbh/graham/images LL419-GS5-lg.jpg
2001.09.01 21:59 B D:\TBH Temp\graham\images\LL419-GS5-sm.jpg --> uts.cc.utexas.edu /usr/pub/www/research/tarl/abouttarl/tbh/graham/images LL419-GS5-sm.jpg
2001.09.01 21:59 B D:\TBH Temp\graham\images\LL419-GS5.html --> uts.cc.utexas.edu /usr/pub/www/research/tarl/abouttarl/tbh/graham/images LL419-GS5.html
2001.09.01 21:59 B D:\TBH Temp\graham\images\LL419-GS6-lg.jpg --> uts.cc.utexas.edu /usr/pub/www/research/tarl/abouttarl/tbh/graham/images LL419-GS6-lg.jpg
2001.09.01 21:59 B D:\TBH Temp\graham\images\LL419-GS6-sm.jpg --> uts.cc.utexas.edu /usr/pub/www/research/tarl/abouttarl/tbh/graham/images LL419-GS6-sm.jpg
2001.09.01 21:59 B D:\TBH Temp\graham\images\LL419-GS6.html --> uts.cc.utexas.edu /usr/pub/www/research/tarl/abouttarl/tbh/graham/images LL419-GS6.html
2001.09.01 21:59 B D:\TBH Temp\graham\images\LL419-GS8-lg.jpg --> uts.cc.utexas.edu /usr/pub/www/research/tarl/abouttarl/tbh/graham/images LL419-GS8-lg.jpg
2001.09.01 21:59 B D:\TBH Temp\graham\images\LL419-GS8-sm.jpg --> uts.cc.utexas.edu /usr/pub/www/research/tarl/abouttarl/tbh/graham/images LL419-GS8-sm.jpg
2001.09.01 21:59 B D:\TBH Temp\graham\images\LL419-GS8.html --> uts.cc.utexas.edu /usr/pub/www/research/tarl/abouttarl/tbh/graham/images LL419-GS8.html
2001.09.01 21:59 B D:\TBH Temp\graham\images\LL419-MB1-lg.jpg --> uts.cc.utexas.edu /usr/pub/www/research/tarl/abouttarl/tbh/graham/images LL419-MB1-lg.jpg
2001.09.01 21:59 B D:\TBH Temp\graham\images\LL419-MB1-sm.jpg --> uts.cc.utexas.edu /usr/pub/www/research/tarl/abouttarl/tbh/graham/images LL419-MB1-sm.jpg
2001.09.01 21:59 B D:\TBH Temp\graham\images\LL419-MB1.html --> uts.cc.utexas.edu /usr/pub/www/research/tarl/abouttarl/tbh/graham/images LL419-MB1.html
2001.09.01 21:59 B D:\TBH Temp\graham\images\LL419-MB10.html --> uts.cc.utexas.edu /usr/pub/www/research/tarl/abouttarl/tbh/graham/images LL419-MB10.html
2001.09.01 21:59 B D:\TBH Temp\graham\images\LL419-MB10.lg.jpg --> uts.cc.utexas.edu /usr/pub/www/research/tarl/abouttarl/tbh/graham/images LL419-MB10.lg.jpg
2001.09.01 21:59 B D:\TBH Temp\graham\images\LL419-MB10.sm.jpg --> uts.cc.utexas.edu /usr/pub/www/research/tarl/abouttarl/tbh/graham/images LL419-MB10.sm.jpg
2001.09.01 21:59 B D:\TBH Temp\graham\images\LL419-MB12-sm.jpg --> uts.cc.utexas.edu /usr/pub/www/research/tarl/abouttarl/tbh/graham/images LL419-MB12-sm.jpg
2001.09.01 21:59 B D:\TBH Temp\graham\images\LL419-MB12.html --> uts.cc.utexas.edu /usr/pub/www/research/tarl/abouttarl/tbh/graham/images LL419-MB12.html
2001.09.01 21:59 B D:\TBH Temp\graham\images\LL419-MB12.lg.jpg --> uts.cc.utexas.edu /usr/pub/www/research/tarl/abouttarl/tbh/graham/images LL419-MB12.lg.jpg
2001.09.01 21:59 B D:\TBH Temp\graham\images\LL419-MB12.sm.jpg --> uts.cc.utexas.edu /usr/pub/www/research/tarl/abouttarl/tbh/graham/images LL419-MB12.sm.jpg
2001.09.01 21:59 B D:\TBH Temp\graham\images\LL419-MB2-lg.jpg --> uts.cc.utexas.edu /usr/pub/www/research/tarl/abouttarl/tbh/graham/images LL419-MB2-lg.jpg
2001.09.01 21:59 B D:\TBH Temp\graham\images\LL419-MB2-sm.jpg --> uts.cc.utexas.edu /usr/pub/www/research/tarl/abouttarl/tbh/graham/images LL419-MB2-sm.jpg
2001.09.01 21:59 B D:\TBH Temp\graham\images\LL419-MB2.html --> uts.cc.utexas.edu /usr/pub/www/research/tarl/abouttarl/tbh/graham/images LL419-MB2.html
2001.09.01 22:00 B D:\TBH Temp\graham\images\LL419-MB3-lg.jpg --> uts.cc.utexas.edu /usr/pub/www/research/tarl/abouttarl/tbh/graham/images LL419-MB3-lg.jpg
2001.09.01 22:00 B D:\TBH Temp\graham\images\LL419-MB3-sm.jpg --> uts.cc.utexas.edu /usr/pub/www/research/tarl/abouttarl/tbh/graham/images LL419-MB3-sm.jpg
2001.09.01 22:00 B D:\TBH Temp\graham\images\LL419-MB3.html --> uts.cc.utexas.edu /usr/pub/www/research/tarl/abouttarl/tbh/graham/images LL419-MB3.html
2001.09.01 22:00 B D:\TBH Temp\graham\images\LL419-MB4-lg.jpg --> uts.cc.utexas.edu /usr/pub/www/research/tarl/abouttarl/tbh/graham/images LL419-MB4-lg.jpg
2001.09.01 22:00 B D:\TBH Temp\graham\images\LL419-MB4-sm.jpg --> uts.cc.utexas.edu /usr/pub/www/research/tarl/abouttarl/tbh/graham/images LL419-MB4-sm.jpg
2001.09.01 22:00 B D:\TBH Temp\graham\images\LL419-MB4.html --> uts.cc.utexas.edu /usr/pub/www/research/tarl/abouttarl/tbh/graham/images LL419-MB4.html
2001.09.01 22:00 B D:\TBH Temp\graham\images\LL419-MB5-lg.jpg --> uts.cc.utexas.edu /usr/pub/www/research/tarl/abouttarl/tbh/graham/images LL419-MB5-lg.jpg
2001.09.01 22:00 B D:\TBH Temp\graham\images\LL419-MB5-sm.jpg --> uts.cc.utexas.edu /usr/pub/www/research/tarl/abouttarl/tbh/graham/images LL419-MB5-sm.jpg
2001.09.01 22:00 B D:\TBH Temp\graham\images\LL419-MB5.html --> uts.cc.utexas.edu /usr/pub/www/research/tarl/abouttarl/tbh/graham/images LL419-MB5.html
2001.09.01 22:00 B D:\TBH Temp\graham\images\LL419-MB7-lg.jpg --> uts.cc.utexas.edu /usr/pub/www/research/tarl/abouttarl/tbh/graham/images LL419-MB7-lg.jpg
2001.09.01 22:00 B D:\TBH Temp\graham\images\LL419-MB7-sm.jpg --> uts.cc.utexas.edu /usr/pub/www/research/tarl/abouttarl/tbh/graham/images LL419-MB7-sm.jpg
2001.09.01 22:00 B D:\TBH Temp\graham\images\LL419-MB7.html --> uts.cc.utexas.edu /usr/pub/www/research/tarl/abouttarl/tbh/graham/images LL419-MB7.html
2001.09.01 22:00 B D:\TBH Temp\graham\images\LL419-MB8-lg.jpg --> uts.cc.utexas.edu /usr/pub/www/research/tarl/abouttarl/tbh/graham/images LL419-MB8-lg.jpg
2001.09.01 22:00 B D:\TBH Temp\graham\images\LL419-MB8-sm.jpg --> uts.cc.utexas.edu /usr/pub/www/research/tarl/abouttarl/tbh/graham/images LL419-MB8-sm.jpg
2001.09.01 22:00 B D:\TBH Temp\graham\images\LL419-MB8.html --> uts.cc.utexas.edu /usr/pub/www/research/tarl/abouttarl/tbh/graham/images LL419-MB8.html
2001.09.01 22:00 B D:\TBH Temp\graham\images\LL419-MB9-lg.jpg --> uts.cc.utexas.edu /usr/pub/www/research/tarl/abouttarl/tbh/graham/images LL419-MB9-lg.jpg
2001.09.01 22:00 B D:\TBH Temp\graham\images\LL419-MB9-sm.jpg --> uts.cc.utexas.edu /usr/pub/www/research/tarl/abouttarl/tbh/graham/images LL419-MB9-sm.jpg
2001.09.01 22:00 B D:\TBH Temp\graham\images\LL419-MB9.html --> uts.cc.utexas.edu /usr/pub/www/research/tarl/abouttarl/tbh/graham/images LL419-MB9.html
2001.09.01 22:00 B D:\TBH Temp\graham\images\LL419-Site Plan Map-lg.jpg --> uts.cc.utexas.edu /usr/pub/www/research/tarl/abouttarl/tbh/graham/images LL419-Site Plan Map-lg.jpg
2001.09.01 22:00 B D:\TBH Temp\graham\images\LL419-Site Plan Map-sm.jpg --> uts.cc.utexas.edu /usr/pub/www/research/tarl/abouttarl/tbh/graham/images LL419-Site Plan Map-sm.jpg
2001.09.01 22:00 B D:\TBH Temp\graham\images\LL419-Site Plan Map.html --> uts.cc.utexas.edu /usr/pub/www/research/tarl/abouttarl/tbh/graham/images LL419-Site Plan Map.html
2001.09.01 22:00 B D:\TBH Temp\graham\images\LL419-UN1-lg.jpg --> uts.cc.utexas.edu /usr/pub/www/research/tarl/abouttarl/tbh/graham/images LL419-UN1-lg.jpg
2001.09.01 22:00 B D:\TBH Temp\graham\images\LL419-UN1-sm.jpg --> uts.cc.utexas.edu /usr/pub/www/research/tarl/abouttarl/tbh/graham/images LL419-UN1-sm.jpg
2001.09.01 22:00 B D:\TBH Temp\graham\images\LL419-UN1.html --> uts.cc.utexas.edu /usr/pub/www/research/tarl/abouttarl/tbh/graham/images LL419-UN1.html
2001.09.01 22:00 B D:\TBH Temp\graham\images\LL419-UN3-lg.jpg --> uts.cc.utexas.edu /usr/pub/www/research/tarl/abouttarl/tbh/graham/images LL419-UN3-lg.jpg
2001.09.01 22:00 B D:\TBH Temp\graham\images\LL419-UN3-sm.jpg --> uts.cc.utexas.edu /usr/pub/www/research/tarl/abouttarl/tbh/graham/images LL419-UN3-sm.jpg
2001.09.01 22:00 B D:\TBH Temp\graham\images\LL419-UN3.html --> uts.cc.utexas.edu /usr/pub/www/research/tarl/abouttarl/tbh/graham/images LL419-UN3.html
2001.09.01 22:00 B D:\TBH Temp\graham\images\LUAS map-lg.jpg --> uts.cc.utexas.edu /usr/pub/www/research/tarl/abouttarl/tbh/graham/images LUAS map-lg.jpg
2001.09.01 22:00 B D:\TBH Temp\graham\images\LUAS map-sm.jpg --> uts.cc.utexas.edu /usr/pub/www/research/tarl/abouttarl/tbh/graham/images LUAS map-sm.jpg
2001.09.01 22:00 B D:\TBH Temp\graham\images\LUAS map.html --> uts.cc.utexas.edu /usr/pub/www/research/tarl/abouttarl/tbh/graham/images LUAS map.html
2001.09.01 22:00 B D:\TBH Temp\graham\images\LUAS membership form-lg.jpg --> uts.cc.utexas.edu /usr/pub/www/research/tarl/abouttarl/tbh/graham/images LUAS membership form-lg.jpg
2001.09.01 22:00 B D:\TBH Temp\graham\images\LUAS membership form-sm.jpg --> uts.cc.utexas.edu /usr/pub/www/research/tarl/abouttarl/tbh/graham/images LUAS membership form-sm.jpg
2001.09.01 22:00 B D:\TBH Temp\graham\images\LUAS membership form.bigger.jpg --> uts.cc.utexas.edu /usr/pub/www/research/tarl/abouttarl/tbh/graham/images LUAS membership form.bigger.jpg
2001.09.01 22:01 B D:\TBH Temp\graham\images\LUAS-GS1-lg.jpg --> uts.cc.utexas.edu /usr/pub/www/research/tarl/abouttarl/tbh/graham/images LUAS-GS1-lg.jpg
2001.09.01 22:01 B D:\TBH Temp\graham\images\LUAS-GS1-sm.jpg --> uts.cc.utexas.edu /usr/pub/www/research/tarl/abouttarl/tbh/graham/images LUAS-GS1-sm.jpg
2001.09.01 22:01 B D:\TBH Temp\graham\images\LUAS-GS2-lg.jpg --> uts.cc.utexas.edu /usr/pub/www/research/tarl/abouttarl/tbh/graham/images LUAS-GS2-lg.jpg
2001.09.01 22:01 B D:\TBH Temp\graham\images\LUAS-GS2-sm.jpg --> uts.cc.utexas.edu /usr/pub/www/research/tarl/abouttarl/tbh/graham/images LUAS-GS2-sm.jpg
2001.09.01 22:01 B D:\TBH Temp\graham\images\LUAS-GS3-lg.jpg --> uts.cc.utexas.edu /usr/pub/www/research/tarl/abouttarl/tbh/graham/images LUAS-GS3-lg.jpg
2001.09.01 22:01 B D:\TBH Temp\graham\images\LUAS-GS3-sm.jpg --> uts.cc.utexas.edu /usr/pub/www/research/tarl/abouttarl/tbh/graham/images LUAS-GS3-sm.jpg
2001.09.01 22:01 B D:\TBH Temp\graham\images\LUAS-GS3.html --> uts.cc.utexas.edu /usr/pub/www/research/tarl/abouttarl/tbh/graham/images LUAS-GS3.html
2001.09.01 22:01 B D:\TBH Temp\graham\images\LUAS-GS4-lg.jpg --> uts.cc.utexas.edu /usr/pub/www/research/tarl/abouttarl/tbh/graham/images LUAS-GS4-lg.jpg
2001.09.01 22:01 B D:\TBH Temp\graham\images\LUAS-GS4-sm.jpg --> uts.cc.utexas.edu /usr/pub/www/research/tarl/abouttarl/tbh/graham/images LUAS-GS4-sm.jpg
2001.09.01 22:01 B D:\TBH Temp\graham\images\LUAS-GS5-lg.jpg --> uts.cc.utexas.edu /usr/pub/www/research/tarl/abouttarl/tbh/graham/images LUAS-GS5-lg.jpg
2001.09.01 22:01 B D:\TBH Temp\graham\images\LUAS-GS5-sm.jpg --> uts.cc.utexas.edu /usr/pub/www/research/tarl/abouttarl/tbh/graham/images LUAS-GS5-sm.jpg
2001.09.01 22:01 B D:\TBH Temp\graham\images\Midden trench-cropped-lg.jpg --> uts.cc.utexas.edu /usr/pub/www/research/tarl/abouttarl/tbh/graham/images Midden trench-cropped-lg.jpg
2001.09.01 22:01 B D:\TBH Temp\graham\images\Midden trench-cropped-sm.jpg --> uts.cc.utexas.edu /usr/pub/www/research/tarl/abouttarl/tbh/graham/images Midden trench-cropped-sm.jpg
2001.09.01 22:01 B D:\TBH Temp\graham\images\Midden trench-cropped.html --> uts.cc.utexas.edu /usr/pub/www/research/tarl/abouttarl/tbh/graham/images Midden trench-cropped.html
2001.09.01 22:01 B D:\TBH Temp\graham\images\Obsidian-lg.jpg --> uts.cc.utexas.edu /usr/pub/www/research/tarl/abouttarl/tbh/graham/images Obsidian-lg.jpg
2001.09.01 22:01 B D:\TBH Temp\graham\images\Obsidian-sm.jpg --> uts.cc.utexas.edu /usr/pub/www/research/tarl/abouttarl/tbh/graham/images Obsidian-sm.jpg
2001.09.01 22:01 B D:\TBH Temp\graham\images\P7280002.html --> uts.cc.utexas.edu /usr/pub/www/research/tarl/abouttarl/tbh/graham/images P7280002.html
2001.09.01 22:01 B D:\TBH Temp\graham\images\P7280002.lg.jpg --> uts.cc.utexas.edu /usr/pub/www/research/tarl/abouttarl/tbh/graham/images P7280002.lg.jpg
2001.09.01 22:01 B D:\TBH Temp\graham\images\P7280002.sm.jpg --> uts.cc.utexas.edu /usr/pub/www/research/tarl/abouttarl/tbh/graham/images P7280002.sm.jpg
2001.09.01 22:02 B D:\TBH Temp\graham\images\Scallorn pts-lg.jpg --> uts.cc.utexas.edu /usr/pub/www/research/tarl/abouttarl/tbh/graham/images Scallorn pts-lg.jpg
2001.09.01 22:02 B D:\TBH Temp\graham\images\Scallorn pts-sm.jpg --> uts.cc.utexas.edu /usr/pub/www/research/tarl/abouttarl/tbh/graham/images Scallorn pts-sm.jpg
2001.09.01 22:02 B D:\TBH Temp\graham\images\Scallorn pts.html --> uts.cc.utexas.edu /usr/pub/www/research/tarl/abouttarl/tbh/graham/images Scallorn pts.html
2001.09.01 22:02 B D:\TBH Temp\graham\images\Shaw_arrow-hunter-lg.jpg --> uts.cc.utexas.edu /usr/pub/www/research/tarl/abouttarl/tbh/graham/images Shaw_arrow-hunter-lg.jpg
2001.09.01 22:02 B D:\TBH Temp\graham\images\Shaw_arrow-hunter-sm.jpg --> uts.cc.utexas.edu /usr/pub/www/research/tarl/abouttarl/tbh/graham/images Shaw_arrow-hunter-sm.jpg
2001.09.01 22:02 B D:\TBH Temp\graham\images\Shaw_arrow-hunter.html --> uts.cc.utexas.edu /usr/pub/www/research/tarl/abouttarl/tbh/graham/images Shaw_arrow-hunter.html
2001.09.01 22:02 B D:\TBH Temp\graham\images\Shaw_arrow-lg.jpg --> uts.cc.utexas.edu /usr/pub/www/research/tarl/abouttarl/tbh/graham/images Shaw_arrow-lg.jpg
2001.09.01 22:02 B D:\TBH Temp\graham\images\Shaw_arrow-sm.jpg --> uts.cc.utexas.edu /usr/pub/www/research/tarl/abouttarl/tbh/graham/images Shaw_arrow-sm.jpg
2001.09.01 22:02 B D:\TBH Temp\graham\images\Shaw_arrow.jpg --> uts.cc.utexas.edu /usr/pub/www/research/tarl/abouttarl/tbh/graham/images Shaw_arrow.jpg
2001.09.01 22:02 B D:\TBH Temp\graham\images\Shaw_rancheria-House 1-lg.jpg --> uts.cc.utexas.edu /usr/pub/www/research/tarl/abouttarl/tbh/graham/images Shaw_rancheria-House 1-lg.jpg
2001.09.01 22:02 B D:\TBH Temp\graham\images\Shaw_rancheria-House 1-sm.jpg --> uts.cc.utexas.edu /usr/pub/www/research/tarl/abouttarl/tbh/graham/images Shaw_rancheria-House 1-sm.jpg
2001.09.01 22:02 B D:\TBH Temp\graham\images\Shaw_rancheria-House 1.html --> uts.cc.utexas.edu /usr/pub/www/research/tarl/abouttarl/tbh/graham/images Shaw_rancheria-House 1.html
2001.09.01 22:02 B D:\TBH Temp\graham\images\Shaw_rancheria-House 2-lg.jpg --> uts.cc.utexas.edu /usr/pub/www/research/tarl/abouttarl/tbh/graham/images Shaw_rancheria-House 2-lg.jpg
2001.09.01 22:02 B D:\TBH Temp\graham\images\Shaw_rancheria-House 2-sm.jpg --> uts.cc.utexas.edu /usr/pub/www/research/tarl/abouttarl/tbh/graham/images Shaw_rancheria-House 2-sm.jpg
2001.09.01 22:02 B D:\TBH Temp\graham\images\Shaw_rancheria-House 2.html --> uts.cc.utexas.edu /usr/pub/www/research/tarl/abouttarl/tbh/graham/images Shaw_rancheria-House 2.html
2001.09.01 22:02 B D:\TBH Temp\graham\images\Shaw_rancheria-House 3,4,5-lg.jpg --> uts.cc.utexas.edu /usr/pub/www/research/tarl/abouttarl/tbh/graham/images Shaw_rancheria-House 3,4,5-lg.jpg
2001.09.01 22:02 B D:\TBH Temp\graham\images\Shaw_rancheria-House 3,4,5-sm.jpg --> uts.cc.utexas.edu /usr/pub/www/research/tarl/abouttarl/tbh/graham/images Shaw_rancheria-House 3,4,5-sm.jpg
2001.09.01 22:02 B D:\TBH Temp\graham\images\Shaw_rancheria-House 3,4,5-sm2.jpg --> uts.cc.utexas.edu /usr/pub/www/research/tarl/abouttarl/tbh/graham/images Shaw_rancheria-House 3,4,5-sm2.jpg
2001.09.01 22:02 B D:\TBH Temp\graham\images\Shaw_rancheria-House 3,4,5.html --> uts.cc.utexas.edu /usr/pub/www/research/tarl/abouttarl/tbh/graham/images Shaw_rancheria-House 3,4,5.html
2001.09.01 22:02 B D:\TBH Temp\graham\images\Shaw_rancheria-lg.jpg --> uts.cc.utexas.edu /usr/pub/www/research/tarl/abouttarl/tbh/graham/images Shaw_rancheria-lg.jpg
2001.09.01 22:02 B D:\TBH Temp\graham\images\Shaw_rancheria-lithic workshop-lg.jpg --> uts.cc.utexas.edu /usr/pub/www/research/tarl/abouttarl/tbh/graham/images Shaw_rancheria-lithic workshop-lg.jpg
2001.09.01 22:02 B D:\TBH Temp\graham\images\Shaw_rancheria-lithic workshop-sm.jpg --> uts.cc.utexas.edu /usr/pub/www/research/tarl/abouttarl/tbh/graham/images Shaw_rancheria-lithic workshop-sm.jpg
2001.09.01 22:02 B D:\TBH Temp\graham\images\Shaw_rancheria-lithic workshop-sm2.jpg --> uts.cc.utexas.edu /usr/pub/www/research/tarl/abouttarl/tbh/graham/images Shaw_rancheria-lithic workshop-sm2.jpg
2001.09.01 22:02 B D:\TBH Temp\graham\images\Shaw_rancheria-lithic workshop.html --> uts.cc.utexas.edu /usr/pub/www/research/tarl/abouttarl/tbh/graham/images Shaw_rancheria-lithic workshop.html
2001.09.01 22:03 B D:\TBH Temp\graham\images\Shaw_rancheria-midden-lg.jpg --> uts.cc.utexas.edu /usr/pub/www/research/tarl/abouttarl/tbh/graham/images Shaw_rancheria-midden-lg.jpg
2001.09.01 22:03 B D:\TBH Temp\graham\images\Shaw_rancheria-midden-sm.jpg --> uts.cc.utexas.edu /usr/pub/www/research/tarl/abouttarl/tbh/graham/images Shaw_rancheria-midden-sm.jpg
2001.09.01 22:03 B D:\TBH Temp\graham\images\Shaw_rancheria-midden-sm2.jpg --> uts.cc.utexas.edu /usr/pub/www/research/tarl/abouttarl/tbh/graham/images Shaw_rancheria-midden-sm2.jpg
2001.09.01 22:03 B D:\TBH Temp\graham\images\Shaw_rancheria-midden.html --> uts.cc.utexas.edu /usr/pub/www/research/tarl/abouttarl/tbh/graham/images Shaw_rancheria-midden.html
2001.09.01 22:03 B D:\TBH Temp\graham\images\Shaw_rancheria-sm.jpg --> uts.cc.utexas.edu /usr/pub/www/research/tarl/abouttarl/tbh/graham/images Shaw_rancheria-sm.jpg
2001.09.01 22:03 B D:\TBH Temp\graham\images\Shaw_rancheria.html --> uts.cc.utexas.edu /usr/pub/www/research/tarl/abouttarl/tbh/graham/images Shaw_rancheria.html
2001.09.01 22:03 B D:\TBH Temp\graham\images\Shaw_rancheria.jpg --> uts.cc.utexas.edu /usr/pub/www/research/tarl/abouttarl/tbh/graham/images Shaw_rancheria.jpg
2001.09.01 22:03 B D:\TBH Temp\graham\images\village merged-lg.jpg --> uts.cc.utexas.edu /usr/pub/www/research/tarl/abouttarl/tbh/graham/images village merged-lg.jpg
2001.09.01 22:03 B D:\TBH Temp\graham\images\village merged-sm.jpg --> uts.cc.utexas.edu /usr/pub/www/research/tarl/abouttarl/tbh/graham/images village merged-sm.jpg
2001.09.01 22:03 B D:\TBH Temp\graham\images\village merged.html --> uts.cc.utexas.edu /usr/pub/www/research/tarl/abouttarl/tbh/graham/images village merged.html
2001.09.04 15:23 B M:\Website Stuff\graham\images\WS_FTP.LOG <-- TARLweb /usr/pub/www/research/tarl/abouttarl/tbh/graham/images WS_FTP.LOG
2001.09.04 16:31 B C:\WINDOWS\Desktop\TBH\TBH on TEXsite\graham\images\WS_FTP.LOG <-- TARL /Website Stuff/graham/images WS_FTP.LOG
2001.10.01 22:59 B C:\WINDOWS\Desktop\TBH\Recent\graham\images\3053a-lg.jpg --> uts.cc.utexas.edu /export/httpd/vhosts/texasbeyondhistory/data/graham/images 3053a-lg.jpg
2001.10.01 22:59 B C:\WINDOWS\Desktop\TBH\Recent\graham\images\3053a-sm.jpg --> uts.cc.utexas.edu /export/httpd/vhosts/texasbeyondhistory/data/graham/images 3053a-sm.jpg
2001.10.01 22:59 B C:\WINDOWS\Desktop\TBH\Recent\graham\images\3053a.html --> uts.cc.utexas.edu /export/httpd/vhosts/texasbeyondhistory/data/graham/images 3053a.html
2001.10.01 23:00 B C:\WINDOWS\Desktop\TBH\Recent\graham\images\3053b-lg.jpg --> uts.cc.utexas.edu /export/httpd/vhosts/texasbeyondhistory/data/graham/images 3053b-lg.jpg
2001.10.01 23:00 B C:\WINDOWS\Desktop\TBH\Recent\graham\images\3053b-sm.jpg --> uts.cc.utexas.edu /export/httpd/vhosts/texasbeyondhistory/data/graham/images 3053b-sm.jpg
2001.10.01 23:00 B C:\WINDOWS\Desktop\TBH\Recent\graham\images\3053b.html --> uts.cc.utexas.edu /export/httpd/vhosts/texasbeyondhistory/data/graham/images 3053b.html
2001.10.01 23:00 B C:\WINDOWS\Desktop\TBH\Recent\graham\images\Archaic Dart Pts-lg.jpg --> uts.cc.utexas.edu /export/httpd/vhosts/texasbeyondhistory/data/graham/images Archaic Dart Pts-lg.jpg
2001.10.01 23:00 B C:\WINDOWS\Desktop\TBH\Recent\graham\images\Archaic Dart Pts-sm.jpg --> uts.cc.utexas.edu /export/httpd/vhosts/texasbeyondhistory/data/graham/images Archaic Dart Pts-sm.jpg
2001.10.01 23:00 B C:\WINDOWS\Desktop\TBH\Recent\graham\images\Archaic Dart Pts.html --> uts.cc.utexas.edu /export/httpd/vhosts/texasbeyondhistory/data/graham/images Archaic Dart Pts.html
2001.10.01 23:00 B C:\WINDOWS\Desktop\TBH\Recent\graham\images\Atlatl Man-KB1-lg.jpg --> uts.cc.utexas.edu /export/httpd/vhosts/texasbeyondhistory/data/graham/images Atlatl Man-KB1-lg.jpg
2001.10.01 23:00 B C:\WINDOWS\Desktop\TBH\Recent\graham\images\Atlatl Man-KB1-sm.jpg --> uts.cc.utexas.edu /export/httpd/vhosts/texasbeyondhistory/data/graham/images Atlatl Man-KB1-sm.jpg
2001.10.01 23:00 B C:\WINDOWS\Desktop\TBH\Recent\graham\images\Atlatl Man-KB1.html --> uts.cc.utexas.edu /export/httpd/vhosts/texasbeyondhistory/data/graham/images Atlatl Man-KB1.html
2001.10.01 23:00 B C:\WINDOWS\Desktop\TBH\Recent\graham\images\cobble.jpg --> uts.cc.utexas.edu /export/httpd/vhosts/texasbeyondhistory/data/graham/images cobble.jpg
2001.10.01 23:00 B C:\WINDOWS\Desktop\TBH\Recent\graham\images\core.jpg --> uts.cc.utexas.edu /export/httpd/vhosts/texasbeyondhistory/data/graham/images core.jpg
2001.10.01 23:00 B C:\WINDOWS\Desktop\TBH\Recent\graham\images\Darl-like pts-lg.jpg --> uts.cc.utexas.edu /export/httpd/vhosts/texasbeyondhistory/data/graham/images Darl-like pts-lg.jpg
2001.10.01 23:00 B C:\WINDOWS\Desktop\TBH\Recent\graham\images\Darl-like pts-sm.jpg --> uts.cc.utexas.edu /export/httpd/vhosts/texasbeyondhistory/data/graham/images Darl-like pts-sm.jpg
2001.10.01 23:00 B C:\WINDOWS\Desktop\TBH\Recent\graham\images\Darl-like pts.html --> uts.cc.utexas.edu /export/httpd/vhosts/texasbeyondhistory/data/graham/images Darl-like pts.html
2001.10.01 23:00 B C:\WINDOWS\Desktop\TBH\Recent\graham\images\G-A 2-01-3.html --> uts.cc.utexas.edu /export/httpd/vhosts/texasbeyondhistory/data/graham/images G-A 2-01-3.html
2001.10.01 23:02 B C:\WINDOWS\Desktop\TBH\Recent\graham\images\G-A 2-01-3.lg.jpg --> uts.cc.utexas.edu /export/httpd/vhosts/texasbeyondhistory/data/graham/images G-A 2-01-3.lg.jpg
2001.10.01 23:02 B C:\WINDOWS\Desktop\TBH\Recent\graham\images\G-A 2-01-3.sm.jpg --> uts.cc.utexas.edu /export/httpd/vhosts/texasbeyondhistory/data/graham/images G-A 2-01-3.sm.jpg
2001.10.01 23:02 B C:\WINDOWS\Desktop\TBH\Recent\graham\images\G-A 2-01-4.html --> uts.cc.utexas.edu /export/httpd/vhosts/texasbeyondhistory/data/graham/images G-A 2-01-4.html
2001.10.01 23:02 B C:\WINDOWS\Desktop\TBH\Recent\graham\images\G-A 2-01-4.lg.jpg --> uts.cc.utexas.edu /export/httpd/vhosts/texasbeyondhistory/data/graham/images G-A 2-01-4.lg.jpg
2001.10.01 23:03 B C:\WINDOWS\Desktop\TBH\Recent\graham\images\G-A 2-01-4.sm.jpg --> uts.cc.utexas.edu /export/httpd/vhosts/texasbeyondhistory/data/graham/images G-A 2-01-4.sm.jpg
2001.10.01 23:03 B C:\WINDOWS\Desktop\TBH\Recent\graham\images\GA-General-UN11-lg.jpg --> uts.cc.utexas.edu /export/httpd/vhosts/texasbeyondhistory/data/graham/images GA-General-UN11-lg.jpg
2001.10.01 23:03 B C:\WINDOWS\Desktop\TBH\Recent\graham\images\GA-General-UN11-sm.jpg --> uts.cc.utexas.edu /export/httpd/vhosts/texasbeyondhistory/data/graham/images GA-General-UN11-sm.jpg
2001.10.01 23:03 B C:\WINDOWS\Desktop\TBH\Recent\graham\images\GA-General-UN11.html --> uts.cc.utexas.edu /export/httpd/vhosts/texasbeyondhistory/data/graham/images GA-General-UN11.html
2001.10.01 23:03 B C:\WINDOWS\Desktop\TBH\Recent\graham\images\House 1 Darl-like- lg.jpg --> uts.cc.utexas.edu /export/httpd/vhosts/texasbeyondhistory/data/graham/images House 1 Darl-like- lg.jpg
2001.10.01 23:03 B C:\WINDOWS\Desktop\TBH\Recent\graham\images\House 1 Darl-like- sm.jpg --> uts.cc.utexas.edu /export/httpd/vhosts/texasbeyondhistory/data/graham/images House 1 Darl-like- sm.jpg
2001.10.01 23:03 B C:\WINDOWS\Desktop\TBH\Recent\graham\images\House 1 Darl-like.html --> uts.cc.utexas.edu /export/httpd/vhosts/texasbeyondhistory/data/graham/images House 1 Darl-like.html
2001.10.01 23:03 B C:\WINDOWS\Desktop\TBH\Recent\graham\images\House 4 pts-lg.jpg --> uts.cc.utexas.edu /export/httpd/vhosts/texasbeyondhistory/data/graham/images House 4 pts-lg.jpg
2001.10.01 23:04 B C:\WINDOWS\Desktop\TBH\Recent\graham\images\House 4 pts-sm.jpg --> uts.cc.utexas.edu /export/httpd/vhosts/texasbeyondhistory/data/graham/images House 4 pts-sm.jpg
2001.10.01 23:04 B C:\WINDOWS\Desktop\TBH\Recent\graham\images\House 4 pts.html --> uts.cc.utexas.edu /export/httpd/vhosts/texasbeyondhistory/data/graham/images House 4 pts.html
2001.10.01 23:04 B C:\WINDOWS\Desktop\TBH\Recent\graham\images\hut merged-lg.jpg --> uts.cc.utexas.edu /export/httpd/vhosts/texasbeyondhistory/data/graham/images hut merged-lg.jpg
2001.10.01 23:04 B C:\WINDOWS\Desktop\TBH\Recent\graham\images\hut merged-sm.jpg --> uts.cc.utexas.edu /export/httpd/vhosts/texasbeyondhistory/data/graham/images hut merged-sm.jpg
2001.10.01 23:04 B C:\WINDOWS\Desktop\TBH\Recent\graham\images\hut merged.html --> uts.cc.utexas.edu /export/httpd/vhosts/texasbeyondhistory/data/graham/images hut merged.html
2001.10.01 23:04 B C:\WINDOWS\Desktop\TBH\Recent\graham\images\Lions Creek house-1-lg.jpg --> uts.cc.utexas.edu /export/httpd/vhosts/texasbeyondhistory/data/graham/images Lions Creek house-1-lg.jpg
2001.10.01 23:04 B C:\WINDOWS\Desktop\TBH\Recent\graham\images\Lions Creek house-1-sm.jpg --> uts.cc.utexas.edu /export/httpd/vhosts/texasbeyondhistory/data/graham/images Lions Creek house-1-sm.jpg
2001.10.01 23:04 B C:\WINDOWS\Desktop\TBH\Recent\graham\images\Lions Creek house-1.html --> uts.cc.utexas.edu /export/httpd/vhosts/texasbeyondhistory/data/graham/images Lions Creek house-1.html
2001.10.01 23:04 B C:\WINDOWS\Desktop\TBH\Recent\graham\images\Lions Creek-Fig. 18-lg.jpg --> uts.cc.utexas.edu /export/httpd/vhosts/texasbeyondhistory/data/graham/images Lions Creek-Fig. 18-lg.jpg
2001.10.01 23:05 B C:\WINDOWS\Desktop\TBH\Recent\graham\images\Lions Creek-Fig. 18-sm.jpg --> uts.cc.utexas.edu /export/httpd/vhosts/texasbeyondhistory/data/graham/images Lions Creek-Fig. 18-sm.jpg
2001.10.01 23:05 B C:\WINDOWS\Desktop\TBH\Recent\graham\images\Lions Creek-Fig. 18.html --> uts.cc.utexas.edu /export/httpd/vhosts/texasbeyondhistory/data/graham/images Lions Creek-Fig. 18.html
2001.10.01 23:05 B C:\WINDOWS\Desktop\TBH\Recent\graham\images\LL419-AM1-lg.jpg --> uts.cc.utexas.edu /export/httpd/vhosts/texasbeyondhistory/data/graham/images LL419-AM1-lg.jpg
2001.10.01 23:05 B C:\WINDOWS\Desktop\TBH\Recent\graham\images\LL419-AM1-sm.jpg --> uts.cc.utexas.edu /export/httpd/vhosts/texasbeyondhistory/data/graham/images LL419-AM1-sm.jpg
2001.10.01 23:05 B C:\WINDOWS\Desktop\TBH\Recent\graham\images\LL419-AM1.html --> uts.cc.utexas.edu /export/httpd/vhosts/texasbeyondhistory/data/graham/images LL419-AM1.html
2001.10.01 23:05 B C:\WINDOWS\Desktop\TBH\Recent\graham\images\LL419-AM2-crop-lg.jpg --> uts.cc.utexas.edu /export/httpd/vhosts/texasbeyondhistory/data/graham/images LL419-AM2-crop-lg.jpg
2001.10.01 23:05 B C:\WINDOWS\Desktop\TBH\Recent\graham\images\LL419-AM2-crop-sm.jpg --> uts.cc.utexas.edu /export/httpd/vhosts/texasbeyondhistory/data/graham/images LL419-AM2-crop-sm.jpg
2001.10.01 23:05 B C:\WINDOWS\Desktop\TBH\Recent\graham\images\LL419-AM2-crop.html --> uts.cc.utexas.edu /export/httpd/vhosts/texasbeyondhistory/data/graham/images LL419-AM2-crop.html
2001.10.01 23:05 B C:\WINDOWS\Desktop\TBH\Recent\graham\images\LL419-CH1-lg.jpg --> uts.cc.utexas.edu /export/httpd/vhosts/texasbeyondhistory/data/graham/images LL419-CH1-lg.jpg
2001.10.01 23:05 B C:\WINDOWS\Desktop\TBH\Recent\graham\images\LL419-CH1-sm.jpg --> uts.cc.utexas.edu /export/httpd/vhosts/texasbeyondhistory/data/graham/images LL419-CH1-sm.jpg
2001.10.01 23:05 B C:\WINDOWS\Desktop\TBH\Recent\graham\images\LL419-CH1.html --> uts.cc.utexas.edu /export/httpd/vhosts/texasbeyondhistory/data/graham/images LL419-CH1.html
2001.10.01 23:06 B C:\WINDOWS\Desktop\TBH\Recent\graham\images\LL419-CH10-lg.jpg --> uts.cc.utexas.edu /export/httpd/vhosts/texasbeyondhistory/data/graham/images LL419-CH10-lg.jpg
2001.10.01 23:06 B C:\WINDOWS\Desktop\TBH\Recent\graham\images\LL419-CH10-sm.jpg --> uts.cc.utexas.edu /export/httpd/vhosts/texasbeyondhistory/data/graham/images LL419-CH10-sm.jpg
2001.10.01 23:06 B C:\WINDOWS\Desktop\TBH\Recent\graham\images\LL419-CH10.html --> uts.cc.utexas.edu /export/httpd/vhosts/texasbeyondhistory/data/graham/images LL419-CH10.html
2001.10.01 23:06 B C:\WINDOWS\Desktop\TBH\Recent\graham\images\LL419-CH11-lg.jpg --> uts.cc.utexas.edu /export/httpd/vhosts/texasbeyondhistory/data/graham/images LL419-CH11-lg.jpg
2001.10.01 23:06 B C:\WINDOWS\Desktop\TBH\Recent\graham\images\LL419-CH11-sm.jpg --> uts.cc.utexas.edu /export/httpd/vhosts/texasbeyondhistory/data/graham/images LL419-CH11-sm.jpg
2001.10.01 23:06 B C:\WINDOWS\Desktop\TBH\Recent\graham\images\LL419-CH11.html --> uts.cc.utexas.edu /export/httpd/vhosts/texasbeyondhistory/data/graham/images LL419-CH11.html
2001.10.01 23:06 B C:\WINDOWS\Desktop\TBH\Recent\graham\images\LL419-CH12-lg.jpg --> uts.cc.utexas.edu /export/httpd/vhosts/texasbeyondhistory/data/graham/images LL419-CH12-lg.jpg
2001.10.01 23:06 B C:\WINDOWS\Desktop\TBH\Recent\graham\images\LL419-CH12-sm.jpg --> uts.cc.utexas.edu /export/httpd/vhosts/texasbeyondhistory/data/graham/images LL419-CH12-sm.jpg
2001.10.01 23:06 B C:\WINDOWS\Desktop\TBH\Recent\graham\images\LL419-CH12.html --> uts.cc.utexas.edu /export/httpd/vhosts/texasbeyondhistory/data/graham/images LL419-CH12.html
2001.10.01 23:06 B C:\WINDOWS\Desktop\TBH\Recent\graham\images\LL419-CH14-lg.jpg --> uts.cc.utexas.edu /export/httpd/vhosts/texasbeyondhistory/data/graham/images LL419-CH14-lg.jpg
2001.10.01 23:06 B C:\WINDOWS\Desktop\TBH\Recent\graham\images\LL419-CH14-sm.jpg --> uts.cc.utexas.edu /export/httpd/vhosts/texasbeyondhistory/data/graham/images LL419-CH14-sm.jpg
2001.10.01 23:06 B C:\WINDOWS\Desktop\TBH\Recent\graham\images\LL419-CH14.html --> uts.cc.utexas.edu /export/httpd/vhosts/texasbeyondhistory/data/graham/images LL419-CH14.html
2001.10.01 23:07 B C:\WINDOWS\Desktop\TBH\Recent\graham\images\LL419-CH15-lg.jpg --> uts.cc.utexas.edu /export/httpd/vhosts/texasbeyondhistory/data/graham/images LL419-CH15-lg.jpg
2001.10.01 23:07 B C:\WINDOWS\Desktop\TBH\Recent\graham\images\LL419-CH15-sm.jpg --> uts.cc.utexas.edu /export/httpd/vhosts/texasbeyondhistory/data/graham/images LL419-CH15-sm.jpg
2001.10.01 23:07 B C:\WINDOWS\Desktop\TBH\Recent\graham\images\LL419-CH15.html --> uts.cc.utexas.edu /export/httpd/vhosts/texasbeyondhistory/data/graham/images LL419-CH15.html
2001.10.01 23:07 B C:\WINDOWS\Desktop\TBH\Recent\graham\images\LL419-CH18-lg.jpg --> uts.cc.utexas.edu /export/httpd/vhosts/texasbeyondhistory/data/graham/images LL419-CH18-lg.jpg
2001.10.01 23:07 B C:\WINDOWS\Desktop\TBH\Recent\graham\images\LL419-CH18-sm.jpg --> uts.cc.utexas.edu /export/httpd/vhosts/texasbeyondhistory/data/graham/images LL419-CH18-sm.jpg
2001.10.01 23:07 B C:\WINDOWS\Desktop\TBH\Recent\graham\images\LL419-CH18.html --> uts.cc.utexas.edu /export/httpd/vhosts/texasbeyondhistory/data/graham/images LL419-CH18.html
2001.10.01 23:07 B C:\WINDOWS\Desktop\TBH\Recent\graham\images\LL419-CH19-lg.jpg --> uts.cc.utexas.edu /export/httpd/vhosts/texasbeyondhistory/data/graham/images LL419-CH19-lg.jpg
2001.10.01 23:07 B C:\WINDOWS\Desktop\TBH\Recent\graham\images\LL419-CH19-sm.jpg --> uts.cc.utexas.edu /export/httpd/vhosts/texasbeyondhistory/data/graham/images LL419-CH19-sm.jpg
2001.10.01 23:07 B C:\WINDOWS\Desktop\TBH\Recent\graham\images\LL419-CH19.html --> uts.cc.utexas.edu /export/httpd/vhosts/texasbeyondhistory/data/graham/images LL419-CH19.html
2001.10.01 23:08 B C:\WINDOWS\Desktop\TBH\Recent\graham\images\LL419-CH2-lg.jpg --> uts.cc.utexas.edu /export/httpd/vhosts/texasbeyondhistory/data/graham/images LL419-CH2-lg.jpg
2001.10.01 23:08 B C:\WINDOWS\Desktop\TBH\Recent\graham\images\LL419-CH2-sm.jpg --> uts.cc.utexas.edu /export/httpd/vhosts/texasbeyondhistory/data/graham/images LL419-CH2-sm.jpg
2001.10.01 23:08 B C:\WINDOWS\Desktop\TBH\Recent\graham\images\LL419-CH2.html --> uts.cc.utexas.edu /export/httpd/vhosts/texasbeyondhistory/data/graham/images LL419-CH2.html
2001.10.01 23:08 B C:\WINDOWS\Desktop\TBH\Recent\graham\images\LL419-CH20-lg.jpg --> uts.cc.utexas.edu /export/httpd/vhosts/texasbeyondhistory/data/graham/images LL419-CH20-lg.jpg
2001.10.01 23:08 B C:\WINDOWS\Desktop\TBH\Recent\graham\images\LL419-CH20-sm.jpg --> uts.cc.utexas.edu /export/httpd/vhosts/texasbeyondhistory/data/graham/images LL419-CH20-sm.jpg
2001.10.01 23:08 B C:\WINDOWS\Desktop\TBH\Recent\graham\images\LL419-CH20.html --> uts.cc.utexas.edu /export/httpd/vhosts/texasbeyondhistory/data/graham/images LL419-CH20.html
2001.10.01 23:08 B C:\WINDOWS\Desktop\TBH\Recent\graham\images\LL419-CH21-lg.jpg --> uts.cc.utexas.edu /export/httpd/vhosts/texasbeyondhistory/data/graham/images LL419-CH21-lg.jpg
2001.10.01 23:09 B C:\WINDOWS\Desktop\TBH\Recent\graham\images\LL419-CH21-sm.jpg --> uts.cc.utexas.edu /export/httpd/vhosts/texasbeyondhistory/data/graham/images LL419-CH21-sm.jpg
2001.10.01 23:09 B C:\WINDOWS\Desktop\TBH\Recent\graham\images\LL419-CH21.html --> uts.cc.utexas.edu /export/httpd/vhosts/texasbeyondhistory/data/graham/images LL419-CH21.html
2001.10.01 23:09 B C:\WINDOWS\Desktop\TBH\Recent\graham\images\LL419-CH22-lg.jpg --> uts.cc.utexas.edu /export/httpd/vhosts/texasbeyondhistory/data/graham/images LL419-CH22-lg.jpg
2001.10.01 23:09 B C:\WINDOWS\Desktop\TBH\Recent\graham\images\LL419-CH22-sm.jpg --> uts.cc.utexas.edu /export/httpd/vhosts/texasbeyondhistory/data/graham/images LL419-CH22-sm.jpg
2001.10.01 23:09 B C:\WINDOWS\Desktop\TBH\Recent\graham\images\LL419-CH22.html --> uts.cc.utexas.edu /export/httpd/vhosts/texasbeyondhistory/data/graham/images LL419-CH22.html
2001.10.01 23:09 B C:\WINDOWS\Desktop\TBH\Recent\graham\images\LL419-CH23-lg.jpg --> uts.cc.utexas.edu /export/httpd/vhosts/texasbeyondhistory/data/graham/images LL419-CH23-lg.jpg
2001.10.01 23:09 B C:\WINDOWS\Desktop\TBH\Recent\graham\images\LL419-CH23-sm.jpg --> uts.cc.utexas.edu /export/httpd/vhosts/texasbeyondhistory/data/graham/images LL419-CH23-sm.jpg
2001.10.01 23:09 B C:\WINDOWS\Desktop\TBH\Recent\graham\images\LL419-CH23.html --> uts.cc.utexas.edu /export/httpd/vhosts/texasbeyondhistory/data/graham/images LL419-CH23.html
2001.10.01 23:09 B C:\WINDOWS\Desktop\TBH\Recent\graham\images\LL419-CH24-lg.jpg --> uts.cc.utexas.edu /export/httpd/vhosts/texasbeyondhistory/data/graham/images LL419-CH24-lg.jpg
2001.10.01 23:09 B C:\WINDOWS\Desktop\TBH\Recent\graham\images\LL419-CH24-sm.jpg --> uts.cc.utexas.edu /export/httpd/vhosts/texasbeyondhistory/data/graham/images LL419-CH24-sm.jpg
2001.10.01 23:09 B C:\WINDOWS\Desktop\TBH\Recent\graham\images\LL419-CH24.html --> uts.cc.utexas.edu /export/httpd/vhosts/texasbeyondhistory/data/graham/images LL419-CH24.html
2001.10.01 23:10 B C:\WINDOWS\Desktop\TBH\Recent\graham\images\LL419-CH27-lg.jpg --> uts.cc.utexas.edu /export/httpd/vhosts/texasbeyondhistory/data/graham/images LL419-CH27-lg.jpg
2001.10.01 23:10 B C:\WINDOWS\Desktop\TBH\Recent\graham\images\LL419-CH27-sm.jpg --> uts.cc.utexas.edu /export/httpd/vhosts/texasbeyondhistory/data/graham/images LL419-CH27-sm.jpg
2001.10.01 23:10 B C:\WINDOWS\Desktop\TBH\Recent\graham\images\LL419-CH27.html --> uts.cc.utexas.edu /export/httpd/vhosts/texasbeyondhistory/data/graham/images LL419-CH27.html
2001.10.01 23:10 B C:\WINDOWS\Desktop\TBH\Recent\graham\images\LL419-CH28-lg.jpg --> uts.cc.utexas.edu /export/httpd/vhosts/texasbeyondhistory/data/graham/images LL419-CH28-lg.jpg
2001.10.01 23:10 B C:\WINDOWS\Desktop\TBH\Recent\graham\images\LL419-CH28-sm.jpg --> uts.cc.utexas.edu /export/httpd/vhosts/texasbeyondhistory/data/graham/images LL419-CH28-sm.jpg
2001.10.01 23:10 B C:\WINDOWS\Desktop\TBH\Recent\graham\images\LL419-CH28.html --> uts.cc.utexas.edu /export/httpd/vhosts/texasbeyondhistory/data/graham/images LL419-CH28.html
2001.10.01 23:10 B C:\WINDOWS\Desktop\TBH\Recent\graham\images\LL419-CH30-lg.jpg --> uts.cc.utexas.edu /export/httpd/vhosts/texasbeyondhistory/data/graham/images LL419-CH30-lg.jpg
2001.10.01 23:10 B C:\WINDOWS\Desktop\TBH\Recent\graham\images\LL419-CH30-sm.jpg --> uts.cc.utexas.edu /export/httpd/vhosts/texasbeyondhistory/data/graham/images LL419-CH30-sm.jpg
2001.10.01 23:10 B C:\WINDOWS\Desktop\TBH\Recent\graham\images\LL419-CH30.html --> uts.cc.utexas.edu /export/httpd/vhosts/texasbeyondhistory/data/graham/images LL419-CH30.html
2001.10.01 23:11 B C:\WINDOWS\Desktop\TBH\Recent\graham\images\LL419-CH31-lg.jpg --> uts.cc.utexas.edu /export/httpd/vhosts/texasbeyondhistory/data/graham/images LL419-CH31-lg.jpg
2001.10.01 23:11 B C:\WINDOWS\Desktop\TBH\Recent\graham\images\LL419-CH31-sm.jpg --> uts.cc.utexas.edu /export/httpd/vhosts/texasbeyondhistory/data/graham/images LL419-CH31-sm.jpg
2001.10.01 23:11 B C:\WINDOWS\Desktop\TBH\Recent\graham\images\LL419-CH33-lg.jpg --> uts.cc.utexas.edu /export/httpd/vhosts/texasbeyondhistory/data/graham/images LL419-CH33-lg.jpg
2001.10.01 23:11 B C:\WINDOWS\Desktop\TBH\Recent\graham\images\LL419-CH33-sm.jpg --> uts.cc.utexas.edu /export/httpd/vhosts/texasbeyondhistory/data/graham/images LL419-CH33-sm.jpg
2001.10.01 23:11 B C:\WINDOWS\Desktop\TBH\Recent\graham\images\LL419-CH33.html --> uts.cc.utexas.edu /export/httpd/vhosts/texasbeyondhistory/data/graham/images LL419-CH33.html
2001.10.01 23:11 B C:\WINDOWS\Desktop\TBH\Recent\graham\images\LL419-CH34-lg.jpg --> uts.cc.utexas.edu /export/httpd/vhosts/texasbeyondhistory/data/graham/images LL419-CH34-lg.jpg
2001.10.01 23:11 B C:\WINDOWS\Desktop\TBH\Recent\graham\images\LL419-CH34-sm.jpg --> uts.cc.utexas.edu /export/httpd/vhosts/texasbeyondhistory/data/graham/images LL419-CH34-sm.jpg
2001.10.01 23:11 B C:\WINDOWS\Desktop\TBH\Recent\graham\images\LL419-CH34.html --> uts.cc.utexas.edu /export/httpd/vhosts/texasbeyondhistory/data/graham/images LL419-CH34.html
2001.10.01 23:12 B C:\WINDOWS\Desktop\TBH\Recent\graham\images\LL419-CH4-lg.jpg --> uts.cc.utexas.edu /export/httpd/vhosts/texasbeyondhistory/data/graham/images LL419-CH4-lg.jpg
2001.10.01 23:12 B C:\WINDOWS\Desktop\TBH\Recent\graham\images\LL419-CH4-sm.jpg --> uts.cc.utexas.edu /export/httpd/vhosts/texasbeyondhistory/data/graham/images LL419-CH4-sm.jpg
2001.10.01 23:12 B C:\WINDOWS\Desktop\TBH\Recent\graham\images\LL419-CH4.html --> uts.cc.utexas.edu /export/httpd/vhosts/texasbeyondhistory/data/graham/images LL419-CH4.html
2001.10.01 23:12 B C:\WINDOWS\Desktop\TBH\Recent\graham\images\LL419-CH43-lg.jpg --> uts.cc.utexas.edu /export/httpd/vhosts/texasbeyondhistory/data/graham/images LL419-CH43-lg.jpg
2001.10.01 23:12 B C:\WINDOWS\Desktop\TBH\Recent\graham\images\LL419-CH43-sm.jpg --> uts.cc.utexas.edu /export/httpd/vhosts/texasbeyondhistory/data/graham/images LL419-CH43-sm.jpg
2001.10.01 23:12 B C:\WINDOWS\Desktop\TBH\Recent\graham\images\LL419-CH43.html --> uts.cc.utexas.edu /export/httpd/vhosts/texasbeyondhistory/data/graham/images LL419-CH43.html
2001.10.01 23:12 B C:\WINDOWS\Desktop\TBH\Recent\graham\images\LL419-CH44-lg.jpg --> uts.cc.utexas.edu /export/httpd/vhosts/texasbeyondhistory/data/graham/images LL419-CH44-lg.jpg
2001.10.01 23:12 B C:\WINDOWS\Desktop\TBH\Recent\graham\images\LL419-CH44-sm.jpg --> uts.cc.utexas.edu /export/httpd/vhosts/texasbeyondhistory/data/graham/images LL419-CH44-sm.jpg
2001.10.01 23:12 B C:\WINDOWS\Desktop\TBH\Recent\graham\images\LL419-CH44.html --> uts.cc.utexas.edu /export/httpd/vhosts/texasbeyondhistory/data/graham/images LL419-CH44.html
2001.10.01 23:13 B C:\WINDOWS\Desktop\TBH\Recent\graham\images\LL419-CH45-lg.jpg --> uts.cc.utexas.edu /export/httpd/vhosts/texasbeyondhistory/data/graham/images LL419-CH45-lg.jpg
2001.10.01 23:13 B C:\WINDOWS\Desktop\TBH\Recent\graham\images\LL419-CH45-sm.jpg --> uts.cc.utexas.edu /export/httpd/vhosts/texasbeyondhistory/data/graham/images LL419-CH45-sm.jpg
2001.10.01 23:13 B C:\WINDOWS\Desktop\TBH\Recent\graham\images\LL419-CH45.html --> uts.cc.utexas.edu /export/httpd/vhosts/texasbeyondhistory/data/graham/images LL419-CH45.html
2001.10.01 23:13 B C:\WINDOWS\Desktop\TBH\Recent\graham\images\LL419-CH47-lg.jpg --> uts.cc.utexas.edu /export/httpd/vhosts/texasbeyondhistory/data/graham/images LL419-CH47-lg.jpg
2001.10.01 23:13 B C:\WINDOWS\Desktop\TBH\Recent\graham\images\LL419-CH47-sm.jpg --> uts.cc.utexas.edu /export/httpd/vhosts/texasbeyondhistory/data/graham/images LL419-CH47-sm.jpg
2001.10.01 23:13 B C:\WINDOWS\Desktop\TBH\Recent\graham\images\LL419-CH47.html --> uts.cc.utexas.edu /export/httpd/vhosts/texasbeyondhistory/data/graham/images LL419-CH47.html
2001.10.01 23:14 B C:\WINDOWS\Desktop\TBH\Recent\graham\images\LL419-CH48-lg.jpg --> uts.cc.utexas.edu /export/httpd/vhosts/texasbeyondhistory/data/graham/images LL419-CH48-lg.jpg
2001.10.01 23:14 B C:\WINDOWS\Desktop\TBH\Recent\graham\images\LL419-CH48-sm.jpg --> uts.cc.utexas.edu /export/httpd/vhosts/texasbeyondhistory/data/graham/images LL419-CH48-sm.jpg
2001.10.01 23:14 B C:\WINDOWS\Desktop\TBH\Recent\graham\images\LL419-CH48.html --> uts.cc.utexas.edu /export/httpd/vhosts/texasbeyondhistory/data/graham/images LL419-CH48.html
2001.10.01 23:14 B C:\WINDOWS\Desktop\TBH\Recent\graham\images\LL419-CH49-lg.jpg --> uts.cc.utexas.edu /export/httpd/vhosts/texasbeyondhistory/data/graham/images LL419-CH49-lg.jpg
2001.10.01 23:14 B C:\WINDOWS\Desktop\TBH\Recent\graham\images\LL419-CH49-sm.jpg --> uts.cc.utexas.edu /export/httpd/vhosts/texasbeyondhistory/data/graham/images LL419-CH49-sm.jpg
2001.10.01 23:14 B C:\WINDOWS\Desktop\TBH\Recent\graham\images\LL419-CH49.html --> uts.cc.utexas.edu /export/httpd/vhosts/texasbeyondhistory/data/graham/images LL419-CH49.html
2001.10.01 23:14 B C:\WINDOWS\Desktop\TBH\Recent\graham\images\LL419-CH50-lg.jpg --> uts.cc.utexas.edu /export/httpd/vhosts/texasbeyondhistory/data/graham/images LL419-CH50-lg.jpg
2001.10.01 23:14 B C:\WINDOWS\Desktop\TBH\Recent\graham\images\LL419-CH50-sm.jpg --> uts.cc.utexas.edu /export/httpd/vhosts/texasbeyondhistory/data/graham/images LL419-CH50-sm.jpg
2001.10.01 23:14 B C:\WINDOWS\Desktop\TBH\Recent\graham\images\LL419-CH50.html --> uts.cc.utexas.edu /export/httpd/vhosts/texasbeyondhistory/data/graham/images LL419-CH50.html
2001.10.01 23:15 B C:\WINDOWS\Desktop\TBH\Recent\graham\images\LL419-CH51-lg.jpg --> uts.cc.utexas.edu /export/httpd/vhosts/texasbeyondhistory/data/graham/images LL419-CH51-lg.jpg
2001.10.01 23:15 B C:\WINDOWS\Desktop\TBH\Recent\graham\images\LL419-CH51-sm.jpg --> uts.cc.utexas.edu /export/httpd/vhosts/texasbeyondhistory/data/graham/images LL419-CH51-sm.jpg
2001.10.01 23:15 B C:\WINDOWS\Desktop\TBH\Recent\graham\images\LL419-CH51.html --> uts.cc.utexas.edu /export/httpd/vhosts/texasbeyondhistory/data/graham/images LL419-CH51.html
2001.10.01 23:15 B C:\WINDOWS\Desktop\TBH\Recent\graham\images\LL419-CH52-lg.jpg --> uts.cc.utexas.edu /export/httpd/vhosts/texasbeyondhistory/data/graham/images LL419-CH52-lg.jpg
2001.10.01 23:15 B C:\WINDOWS\Desktop\TBH\Recent\graham\images\LL419-CH52-sm.jpg --> uts.cc.utexas.edu /export/httpd/vhosts/texasbeyondhistory/data/graham/images LL419-CH52-sm.jpg
2001.10.01 23:15 B C:\WINDOWS\Desktop\TBH\Recent\graham\images\LL419-CH52.html --> uts.cc.utexas.edu /export/httpd/vhosts/texasbeyondhistory/data/graham/images LL419-CH52.html
2001.10.01 23:15 B C:\WINDOWS\Desktop\TBH\Recent\graham\images\LL419-CH5CROP.html --> uts.cc.utexas.edu /export/httpd/vhosts/texasbeyondhistory/data/graham/images LL419-CH5CROP.html
2001.10.01 23:16 B C:\WINDOWS\Desktop\TBH\Recent\graham\images\LL419-CH5CROP.lg.jpg --> uts.cc.utexas.edu /export/httpd/vhosts/texasbeyondhistory/data/graham/images LL419-CH5CROP.lg.jpg
2001.10.01 23:16 B C:\WINDOWS\Desktop\TBH\Recent\graham\images\LL419-CH5CROP.sm.jpg --> uts.cc.utexas.edu /export/httpd/vhosts/texasbeyondhistory/data/graham/images LL419-CH5CROP.sm.jpg
2001.10.01 23:16 B C:\WINDOWS\Desktop\TBH\Recent\graham\images\LL419-CH7-lg.jpg --> uts.cc.utexas.edu /export/httpd/vhosts/texasbeyondhistory/data/graham/images LL419-CH7-lg.jpg
2001.10.01 23:16 B C:\WINDOWS\Desktop\TBH\Recent\graham\images\LL419-CH7-sm.jpg --> uts.cc.utexas.edu /export/httpd/vhosts/texasbeyondhistory/data/graham/images LL419-CH7-sm.jpg
2001.10.01 23:16 B C:\WINDOWS\Desktop\TBH\Recent\graham\images\LL419-CH7.html --> uts.cc.utexas.edu /export/httpd/vhosts/texasbeyondhistory/data/graham/images LL419-CH7.html
2001.10.01 23:16 B C:\WINDOWS\Desktop\TBH\Recent\graham\images\LL419-CH8-lg.jpg --> uts.cc.utexas.edu /export/httpd/vhosts/texasbeyondhistory/data/graham/images LL419-CH8-lg.jpg
2001.10.01 23:16 B C:\WINDOWS\Desktop\TBH\Recent\graham\images\LL419-CH8-sm.jpg --> uts.cc.utexas.edu /export/httpd/vhosts/texasbeyondhistory/data/graham/images LL419-CH8-sm.jpg
2001.10.01 23:16 B C:\WINDOWS\Desktop\TBH\Recent\graham\images\LL419-CH8.html --> uts.cc.utexas.edu /export/httpd/vhosts/texasbeyondhistory/data/graham/images LL419-CH8.html
2001.10.01 23:17 B C:\WINDOWS\Desktop\TBH\Recent\graham\images\LL419-GS1-lg.jpg --> uts.cc.utexas.edu /export/httpd/vhosts/texasbeyondhistory/data/graham/images LL419-GS1-lg.jpg
2001.10.01 23:17 B C:\WINDOWS\Desktop\TBH\Recent\graham\images\LL419-GS1-sm.jpg --> uts.cc.utexas.edu /export/httpd/vhosts/texasbeyondhistory/data/graham/images LL419-GS1-sm.jpg
2001.10.01 23:17 B C:\WINDOWS\Desktop\TBH\Recent\graham\images\LL419-GS1.html --> uts.cc.utexas.edu /export/httpd/vhosts/texasbeyondhistory/data/graham/images LL419-GS1.html
2001.10.01 23:17 B C:\WINDOWS\Desktop\TBH\Recent\graham\images\LL419-GS10-lg.jpg --> uts.cc.utexas.edu /export/httpd/vhosts/texasbeyondhistory/data/graham/images LL419-GS10-lg.jpg
2001.10.01 23:17 B C:\WINDOWS\Desktop\TBH\Recent\graham\images\LL419-GS10-sm.jpg --> uts.cc.utexas.edu /export/httpd/vhosts/texasbeyondhistory/data/graham/images LL419-GS10-sm.jpg
2001.10.01 23:17 B C:\WINDOWS\Desktop\TBH\Recent\graham\images\LL419-GS10NEW.html --> uts.cc.utexas.edu /export/httpd/vhosts/texasbeyondhistory/data/graham/images LL419-GS10NEW.html
2001.10.01 23:18 B C:\WINDOWS\Desktop\TBH\Recent\graham\images\LL419-GS10NEW.lg.jpg --> uts.cc.utexas.edu /export/httpd/vhosts/texasbeyondhistory/data/graham/images LL419-GS10NEW.lg.jpg
2001.10.01 23:18 B C:\WINDOWS\Desktop\TBH\Recent\graham\images\LL419-GS10NEW.sm.jpg --> uts.cc.utexas.edu /export/httpd/vhosts/texasbeyondhistory/data/graham/images LL419-GS10NEW.sm.jpg
2001.10.01 23:18 B C:\WINDOWS\Desktop\TBH\Recent\graham\images\LL419-GS11-lg.jpg --> uts.cc.utexas.edu /export/httpd/vhosts/texasbeyondhistory/data/graham/images LL419-GS11-lg.jpg
2001.10.01 23:18 B C:\WINDOWS\Desktop\TBH\Recent\graham\images\LL419-GS11-sm.jpg --> uts.cc.utexas.edu /export/httpd/vhosts/texasbeyondhistory/data/graham/images LL419-GS11-sm.jpg
2001.10.01 23:18 B C:\WINDOWS\Desktop\TBH\Recent\graham\images\LL419-GS11.html --> uts.cc.utexas.edu /export/httpd/vhosts/texasbeyondhistory/data/graham/images LL419-GS11.html
2001.10.01 23:18 B C:\WINDOWS\Desktop\TBH\Recent\graham\images\LL419-GS12-lg.jpg --> uts.cc.utexas.edu /export/httpd/vhosts/texasbeyondhistory/data/graham/images LL419-GS12-lg.jpg
2001.10.01 23:19 B C:\WINDOWS\Desktop\TBH\Recent\graham\images\LL419-GS12-sm.jpg --> uts.cc.utexas.edu /export/httpd/vhosts/texasbeyondhistory/data/graham/images LL419-GS12-sm.jpg
2001.10.01 23:19 B C:\WINDOWS\Desktop\TBH\Recent\graham\images\LL419-GS12.html --> uts.cc.utexas.edu /export/httpd/vhosts/texasbeyondhistory/data/graham/images LL419-GS12.html
2001.10.01 23:19 B C:\WINDOWS\Desktop\TBH\Recent\graham\images\LL419-GS14.html --> uts.cc.utexas.edu /export/httpd/vhosts/texasbeyondhistory/data/graham/images LL419-GS14.html
2001.10.01 23:19 B C:\WINDOWS\Desktop\TBH\Recent\graham\images\LL419-GS14.lg.jpg --> uts.cc.utexas.edu /export/httpd/vhosts/texasbeyondhistory/data/graham/images LL419-GS14.lg.jpg
2001.10.01 23:19 B C:\WINDOWS\Desktop\TBH\Recent\graham\images\LL419-GS14.sm.jpg --> uts.cc.utexas.edu /export/httpd/vhosts/texasbeyondhistory/data/graham/images LL419-GS14.sm.jpg
2001.10.01 23:19 B C:\WINDOWS\Desktop\TBH\Recent\graham\images\LL419-GS15-lg.jpg --> uts.cc.utexas.edu /export/httpd/vhosts/texasbeyondhistory/data/graham/images LL419-GS15-lg.jpg
2001.10.01 23:19 B C:\WINDOWS\Desktop\TBH\Recent\graham\images\LL419-GS15-sm.jpg --> uts.cc.utexas.edu /export/httpd/vhosts/texasbeyondhistory/data/graham/images LL419-GS15-sm.jpg
2001.10.01 23:19 B C:\WINDOWS\Desktop\TBH\Recent\graham\images\LL419-GS15.html --> uts.cc.utexas.edu /export/httpd/vhosts/texasbeyondhistory/data/graham/images LL419-GS15.html
2001.10.01 23:20 B C:\WINDOWS\Desktop\TBH\Recent\graham\images\LL419-GS2-lg.jpg --> uts.cc.utexas.edu /export/httpd/vhosts/texasbeyondhistory/data/graham/images LL419-GS2-lg.jpg
2001.10.01 23:20 B C:\WINDOWS\Desktop\TBH\Recent\graham\images\LL419-GS2-sm.jpg --> uts.cc.utexas.edu /export/httpd/vhosts/texasbeyondhistory/data/graham/images LL419-GS2-sm.jpg
2001.10.01 23:20 B C:\WINDOWS\Desktop\TBH\Recent\graham\images\LL419-GS2.html --> uts.cc.utexas.edu /export/httpd/vhosts/texasbeyondhistory/data/graham/images LL419-GS2.html
2001.10.01 23:20 B C:\WINDOWS\Desktop\TBH\Recent\graham\images\LL419-GS3-lg.jpg --> uts.cc.utexas.edu /export/httpd/vhosts/texasbeyondhistory/data/graham/images LL419-GS3-lg.jpg
2001.10.01 23:20 B C:\WINDOWS\Desktop\TBH\Recent\graham\images\LL419-GS3-sm.jpg --> uts.cc.utexas.edu /export/httpd/vhosts/texasbeyondhistory/data/graham/images LL419-GS3-sm.jpg
2001.10.01 23:20 B C:\WINDOWS\Desktop\TBH\Recent\graham\images\LL419-GS3.html --> uts.cc.utexas.edu /export/httpd/vhosts/texasbeyondhistory/data/graham/images LL419-GS3.html
2001.10.01 23:20 B C:\WINDOWS\Desktop\TBH\Recent\graham\images\LL419-GS4-lg.jpg --> uts.cc.utexas.edu /export/httpd/vhosts/texasbeyondhistory/data/graham/images LL419-GS4-lg.jpg
2001.10.01 23:20 B C:\WINDOWS\Desktop\TBH\Recent\graham\images\LL419-GS4-sm.jpg --> uts.cc.utexas.edu /export/httpd/vhosts/texasbeyondhistory/data/graham/images LL419-GS4-sm.jpg
2001.10.01 23:20 B C:\WINDOWS\Desktop\TBH\Recent\graham\images\LL419-GS4.html --> uts.cc.utexas.edu /export/httpd/vhosts/texasbeyondhistory/data/graham/images LL419-GS4.html
2001.10.01 23:21 B C:\WINDOWS\Desktop\TBH\Recent\graham\images\LL419-GS5-lg.jpg --> uts.cc.utexas.edu /export/httpd/vhosts/texasbeyondhistory/data/graham/images LL419-GS5-lg.jpg
2001.10.01 23:21 B C:\WINDOWS\Desktop\TBH\Recent\graham\images\LL419-GS5-sm.jpg --> uts.cc.utexas.edu /export/httpd/vhosts/texasbeyondhistory/data/graham/images LL419-GS5-sm.jpg
2001.10.01 23:21 B C:\WINDOWS\Desktop\TBH\Recent\graham\images\LL419-GS5.html --> uts.cc.utexas.edu /export/httpd/vhosts/texasbeyondhistory/data/graham/images LL419-GS5.html
2001.10.01 23:21 B C:\WINDOWS\Desktop\TBH\Recent\graham\images\LL419-GS6-lg.jpg --> uts.cc.utexas.edu /export/httpd/vhosts/texasbeyondhistory/data/graham/images LL419-GS6-lg.jpg
2001.10.01 23:21 B C:\WINDOWS\Desktop\TBH\Recent\graham\images\LL419-GS6-sm.jpg --> uts.cc.utexas.edu /export/httpd/vhosts/texasbeyondhistory/data/graham/images LL419-GS6-sm.jpg
2001.10.01 23:21 B C:\WINDOWS\Desktop\TBH\Recent\graham\images\LL419-GS6.html --> uts.cc.utexas.edu /export/httpd/vhosts/texasbeyondhistory/data/graham/images LL419-GS6.html
2001.10.01 23:22 B C:\WINDOWS\Desktop\TBH\Recent\graham\images\LL419-GS8-lg.jpg --> uts.cc.utexas.edu /export/httpd/vhosts/texasbeyondhistory/data/graham/images LL419-GS8-lg.jpg
2001.10.01 23:22 B C:\WINDOWS\Desktop\TBH\Recent\graham\images\LL419-GS8-sm.jpg --> uts.cc.utexas.edu /export/httpd/vhosts/texasbeyondhistory/data/graham/images LL419-GS8-sm.jpg
2001.10.01 23:22 B C:\WINDOWS\Desktop\TBH\Recent\graham\images\LL419-GS8.html --> uts.cc.utexas.edu /export/httpd/vhosts/texasbeyondhistory/data/graham/images LL419-GS8.html
2001.10.01 23:22 B C:\WINDOWS\Desktop\TBH\Recent\graham\images\LL419-MB1-lg.jpg --> uts.cc.utexas.edu /export/httpd/vhosts/texasbeyondhistory/data/graham/images LL419-MB1-lg.jpg
2001.10.01 23:22 B C:\WINDOWS\Desktop\TBH\Recent\graham\images\LL419-MB1-sm.jpg --> uts.cc.utexas.edu /export/httpd/vhosts/texasbeyondhistory/data/graham/images LL419-MB1-sm.jpg
2001.10.01 23:22 B C:\WINDOWS\Desktop\TBH\Recent\graham\images\LL419-MB1.html --> uts.cc.utexas.edu /export/httpd/vhosts/texasbeyondhistory/data/graham/images LL419-MB1.html
2001.10.01 23:22 B C:\WINDOWS\Desktop\TBH\Recent\graham\images\LL419-MB10.html --> uts.cc.utexas.edu /export/httpd/vhosts/texasbeyondhistory/data/graham/images LL419-MB10.html
2001.10.01 23:22 B C:\WINDOWS\Desktop\TBH\Recent\graham\images\LL419-MB10.lg.jpg --> uts.cc.utexas.edu /export/httpd/vhosts/texasbeyondhistory/data/graham/images LL419-MB10.lg.jpg
2001.10.01 23:22 B C:\WINDOWS\Desktop\TBH\Recent\graham\images\LL419-MB10.sm.jpg --> uts.cc.utexas.edu /export/httpd/vhosts/texasbeyondhistory/data/graham/images LL419-MB10.sm.jpg
2001.10.01 23:22 B C:\WINDOWS\Desktop\TBH\Recent\graham\images\LL419-MB12-sm.jpg --> uts.cc.utexas.edu /export/httpd/vhosts/texasbeyondhistory/data/graham/images LL419-MB12-sm.jpg
2001.10.01 23:22 B C:\WINDOWS\Desktop\TBH\Recent\graham\images\LL419-MB12.html --> uts.cc.utexas.edu /export/httpd/vhosts/texasbeyondhistory/data/graham/images LL419-MB12.html
2001.10.01 23:22 B C:\WINDOWS\Desktop\TBH\Recent\graham\images\LL419-MB12.lg.jpg --> uts.cc.utexas.edu /export/httpd/vhosts/texasbeyondhistory/data/graham/images LL419-MB12.lg.jpg
2001.10.01 23:22 B C:\WINDOWS\Desktop\TBH\Recent\graham\images\LL419-MB12.sm.jpg --> uts.cc.utexas.edu /export/httpd/vhosts/texasbeyondhistory/data/graham/images LL419-MB12.sm.jpg
2001.10.01 23:22 B C:\WINDOWS\Desktop\TBH\Recent\graham\images\LL419-MB2-lg.jpg --> uts.cc.utexas.edu /export/httpd/vhosts/texasbeyondhistory/data/graham/images LL419-MB2-lg.jpg
2001.10.01 23:22 B C:\WINDOWS\Desktop\TBH\Recent\graham\images\LL419-MB2-sm.jpg --> uts.cc.utexas.edu /export/httpd/vhosts/texasbeyondhistory/data/graham/images LL419-MB2-sm.jpg
2001.10.01 23:22 B C:\WINDOWS\Desktop\TBH\Recent\graham\images\LL419-MB2.html --> uts.cc.utexas.edu /export/httpd/vhosts/texasbeyondhistory/data/graham/images LL419-MB2.html
2001.10.01 23:23 B C:\WINDOWS\Desktop\TBH\Recent\graham\images\LL419-MB3-lg.jpg --> uts.cc.utexas.edu /export/httpd/vhosts/texasbeyondhistory/data/graham/images LL419-MB3-lg.jpg
2001.10.01 23:23 B C:\WINDOWS\Desktop\TBH\Recent\graham\images\LL419-MB3-sm.jpg --> uts.cc.utexas.edu /export/httpd/vhosts/texasbeyondhistory/data/graham/images LL419-MB3-sm.jpg
2001.10.01 23:23 B C:\WINDOWS\Desktop\TBH\Recent\graham\images\LL419-MB3.html --> uts.cc.utexas.edu /export/httpd/vhosts/texasbeyondhistory/data/graham/images LL419-MB3.html
2001.10.01 23:23 B C:\WINDOWS\Desktop\TBH\Recent\graham\images\LL419-MB4-lg.jpg --> uts.cc.utexas.edu /export/httpd/vhosts/texasbeyondhistory/data/graham/images LL419-MB4-lg.jpg
2001.10.01 23:23 B C:\WINDOWS\Desktop\TBH\Recent\graham\images\LL419-MB4-sm.jpg --> uts.cc.utexas.edu /export/httpd/vhosts/texasbeyondhistory/data/graham/images LL419-MB4-sm.jpg
2001.10.01 23:23 B C:\WINDOWS\Desktop\TBH\Recent\graham\images\LL419-MB4.html --> uts.cc.utexas.edu /export/httpd/vhosts/texasbeyondhistory/data/graham/images LL419-MB4.html
2001.10.01 23:23 B C:\WINDOWS\Desktop\TBH\Recent\graham\images\LL419-MB5-lg.jpg --> uts.cc.utexas.edu /export/httpd/vhosts/texasbeyondhistory/data/graham/images LL419-MB5-lg.jpg
2001.10.01 23:23 B C:\WINDOWS\Desktop\TBH\Recent\graham\images\LL419-MB5-sm.jpg --> uts.cc.utexas.edu /export/httpd/vhosts/texasbeyondhistory/data/graham/images LL419-MB5-sm.jpg
2001.10.01 23:23 B C:\WINDOWS\Desktop\TBH\Recent\graham\images\LL419-MB5.html --> uts.cc.utexas.edu /export/httpd/vhosts/texasbeyondhistory/data/graham/images LL419-MB5.html
2001.10.01 23:23 B C:\WINDOWS\Desktop\TBH\Recent\graham\images\LL419-MB7-lg.jpg --> uts.cc.utexas.edu /export/httpd/vhosts/texasbeyondhistory/data/graham/images LL419-MB7-lg.jpg
2001.10.01 23:23 B C:\WINDOWS\Desktop\TBH\Recent\graham\images\LL419-MB7-sm.jpg --> uts.cc.utexas.edu /export/httpd/vhosts/texasbeyondhistory/data/graham/images LL419-MB7-sm.jpg
2001.10.01 23:23 B C:\WINDOWS\Desktop\TBH\Recent\graham\images\LL419-MB7.html --> uts.cc.utexas.edu /export/httpd/vhosts/texasbeyondhistory/data/graham/images LL419-MB7.html
2001.10.01 23:24 B C:\WINDOWS\Desktop\TBH\Recent\graham\images\LL419-MB8-lg.jpg --> uts.cc.utexas.edu /export/httpd/vhosts/texasbeyondhistory/data/graham/images LL419-MB8-lg.jpg
2001.10.01 23:24 B C:\WINDOWS\Desktop\TBH\Recent\graham\images\LL419-MB8-sm.jpg --> uts.cc.utexas.edu /export/httpd/vhosts/texasbeyondhistory/data/graham/images LL419-MB8-sm.jpg
2001.10.01 23:24 B C:\WINDOWS\Desktop\TBH\Recent\graham\images\LL419-MB8.html --> uts.cc.utexas.edu /export/httpd/vhosts/texasbeyondhistory/data/graham/images LL419-MB8.html
2001.10.01 23:24 B C:\WINDOWS\Desktop\TBH\Recent\graham\images\LL419-MB9-lg.jpg --> uts.cc.utexas.edu /export/httpd/vhosts/texasbeyondhistory/data/graham/images LL419-MB9-lg.jpg
2001.10.01 23:24 B C:\WINDOWS\Desktop\TBH\Recent\graham\images\LL419-MB9-sm.jpg --> uts.cc.utexas.edu /export/httpd/vhosts/texasbeyondhistory/data/graham/images LL419-MB9-sm.jpg
2001.10.01 23:24 B C:\WINDOWS\Desktop\TBH\Recent\graham\images\LL419-MB9.html --> uts.cc.utexas.edu /export/httpd/vhosts/texasbeyondhistory/data/graham/images LL419-MB9.html
2001.10.01 23:24 B C:\WINDOWS\Desktop\TBH\Recent\graham\images\LL419-Site Plan Map-lg.jpg --> uts.cc.utexas.edu /export/httpd/vhosts/texasbeyondhistory/data/graham/images LL419-Site Plan Map-lg.jpg
2001.10.01 23:24 B C:\WINDOWS\Desktop\TBH\Recent\graham\images\LL419-Site Plan Map-sm.jpg --> uts.cc.utexas.edu /export/httpd/vhosts/texasbeyondhistory/data/graham/images LL419-Site Plan Map-sm.jpg
2001.10.01 23:24 B C:\WINDOWS\Desktop\TBH\Recent\graham\images\LL419-Site Plan Map.html --> uts.cc.utexas.edu /export/httpd/vhosts/texasbeyondhistory/data/graham/images LL419-Site Plan Map.html
2001.10.01 23:24 B C:\WINDOWS\Desktop\TBH\Recent\graham\images\LL419-UN1-lg.jpg --> uts.cc.utexas.edu /export/httpd/vhosts/texasbeyondhistory/data/graham/images LL419-UN1-lg.jpg
2001.10.01 23:24 B C:\WINDOWS\Desktop\TBH\Recent\graham\images\LL419-UN1-sm.jpg --> uts.cc.utexas.edu /export/httpd/vhosts/texasbeyondhistory/data/graham/images LL419-UN1-sm.jpg
2001.10.01 23:24 B C:\WINDOWS\Desktop\TBH\Recent\graham\images\LL419-UN1.html --> uts.cc.utexas.edu /export/httpd/vhosts/texasbeyondhistory/data/graham/images LL419-UN1.html
2001.10.01 23:25 B C:\WINDOWS\Desktop\TBH\Recent\graham\images\LL419-UN3-lg.jpg --> uts.cc.utexas.edu /export/httpd/vhosts/texasbeyondhistory/data/graham/images LL419-UN3-lg.jpg
2001.10.01 23:25 B C:\WINDOWS\Desktop\TBH\Recent\graham\images\LL419-UN3-sm.jpg --> uts.cc.utexas.edu /export/httpd/vhosts/texasbeyondhistory/data/graham/images LL419-UN3-sm.jpg
2001.10.01 23:25 B C:\WINDOWS\Desktop\TBH\Recent\graham\images\LL419-UN3.html --> uts.cc.utexas.edu /export/httpd/vhosts/texasbeyondhistory/data/graham/images LL419-UN3.html
2001.10.01 23:25 B C:\WINDOWS\Desktop\TBH\Recent\graham\images\LUAS map-lg.jpg --> uts.cc.utexas.edu /export/httpd/vhosts/texasbeyondhistory/data/graham/images LUAS map-lg.jpg
2001.10.01 23:25 B C:\WINDOWS\Desktop\TBH\Recent\graham\images\LUAS map-sm.jpg --> uts.cc.utexas.edu /export/httpd/vhosts/texasbeyondhistory/data/graham/images LUAS map-sm.jpg
2001.10.01 23:25 B C:\WINDOWS\Desktop\TBH\Recent\graham\images\LUAS map.html --> uts.cc.utexas.edu /export/httpd/vhosts/texasbeyondhistory/data/graham/images LUAS map.html
2001.10.01 23:25 B C:\WINDOWS\Desktop\TBH\Recent\graham\images\LUAS membership form-lg.jpg --> uts.cc.utexas.edu /export/httpd/vhosts/texasbeyondhistory/data/graham/images LUAS membership form-lg.jpg
2001.10.01 23:25 B C:\WINDOWS\Desktop\TBH\Recent\graham\images\LUAS membership form-sm.jpg --> uts.cc.utexas.edu /export/httpd/vhosts/texasbeyondhistory/data/graham/images LUAS membership form-sm.jpg
2001.10.01 23:25 B C:\WINDOWS\Desktop\TBH\Recent\graham\images\LUAS membership form.bigger.jpg --> uts.cc.utexas.edu /export/httpd/vhosts/texasbeyondhistory/data/graham/images LUAS membership form.bigger.jpg
2001.10.01 23:26 B C:\WINDOWS\Desktop\TBH\Recent\graham\images\LUAS-GS1-lg.jpg --> uts.cc.utexas.edu /export/httpd/vhosts/texasbeyondhistory/data/graham/images LUAS-GS1-lg.jpg
2001.10.01 23:26 B C:\WINDOWS\Desktop\TBH\Recent\graham\images\LUAS-GS1-sm.jpg --> uts.cc.utexas.edu /export/httpd/vhosts/texasbeyondhistory/data/graham/images LUAS-GS1-sm.jpg
2001.10.01 23:26 B C:\WINDOWS\Desktop\TBH\Recent\graham\images\LUAS-GS2-lg.jpg --> uts.cc.utexas.edu /export/httpd/vhosts/texasbeyondhistory/data/graham/images LUAS-GS2-lg.jpg
2001.10.01 23:26 B C:\WINDOWS\Desktop\TBH\Recent\graham\images\LUAS-GS2-sm.jpg --> uts.cc.utexas.edu /export/httpd/vhosts/texasbeyondhistory/data/graham/images LUAS-GS2-sm.jpg
2001.10.01 23:26 B C:\WINDOWS\Desktop\TBH\Recent\graham\images\LUAS-GS3-lg.jpg --> uts.cc.utexas.edu /export/httpd/vhosts/texasbeyondhistory/data/graham/images LUAS-GS3-lg.jpg
2001.10.01 23:26 B C:\WINDOWS\Desktop\TBH\Recent\graham\images\LUAS-GS3-sm.jpg --> uts.cc.utexas.edu /export/httpd/vhosts/texasbeyondhistory/data/graham/images LUAS-GS3-sm.jpg
2001.10.01 23:26 B C:\WINDOWS\Desktop\TBH\Recent\graham\images\LUAS-GS3.html --> uts.cc.utexas.edu /export/httpd/vhosts/texasbeyondhistory/data/graham/images LUAS-GS3.html
2001.10.01 23:27 B C:\WINDOWS\Desktop\TBH\Recent\graham\images\LUAS-GS4-lg.jpg --> uts.cc.utexas.edu /export/httpd/vhosts/texasbeyondhistory/data/graham/images LUAS-GS4-lg.jpg
2001.10.01 23:27 B C:\WINDOWS\Desktop\TBH\Recent\graham\images\LUAS-GS4-sm.jpg --> uts.cc.utexas.edu /export/httpd/vhosts/texasbeyondhistory/data/graham/images LUAS-GS4-sm.jpg
2001.10.01 23:27 B C:\WINDOWS\Desktop\TBH\Recent\graham\images\LUAS-GS5-lg.jpg --> uts.cc.utexas.edu /export/httpd/vhosts/texasbeyondhistory/data/graham/images LUAS-GS5-lg.jpg
2001.10.01 23:27 B C:\WINDOWS\Desktop\TBH\Recent\graham\images\LUAS-GS5-sm.jpg --> uts.cc.utexas.edu /export/httpd/vhosts/texasbeyondhistory/data/graham/images LUAS-GS5-sm.jpg
2001.10.01 23:28 B C:\WINDOWS\Desktop\TBH\Recent\graham\images\Midden trench-cropped-lg.jpg --> uts.cc.utexas.edu /export/httpd/vhosts/texasbeyondhistory/data/graham/images Midden trench-cropped-lg.jpg
2001.10.01 23:28 B C:\WINDOWS\Desktop\TBH\Recent\graham\images\Midden trench-cropped-sm.jpg --> uts.cc.utexas.edu /export/httpd/vhosts/texasbeyondhistory/data/graham/images Midden trench-cropped-sm.jpg
2001.10.01 23:28 B C:\WINDOWS\Desktop\TBH\Recent\graham\images\Midden trench-cropped.html --> uts.cc.utexas.edu /export/httpd/vhosts/texasbeyondhistory/data/graham/images Midden trench-cropped.html
2001.10.01 23:28 B C:\WINDOWS\Desktop\TBH\Recent\graham\images\Obsidian-lg.jpg --> uts.cc.utexas.edu /export/httpd/vhosts/texasbeyondhistory/data/graham/images Obsidian-lg.jpg
2001.10.01 23:28 B C:\WINDOWS\Desktop\TBH\Recent\graham\images\Obsidian-sm.jpg --> uts.cc.utexas.edu /export/httpd/vhosts/texasbeyondhistory/data/graham/images Obsidian-sm.jpg
2001.10.01 23:28 B C:\WINDOWS\Desktop\TBH\Recent\graham\images\obsidian-sm2.jpg --> uts.cc.utexas.edu /export/httpd/vhosts/texasbeyondhistory/data/graham/images obsidian-sm2.jpg
2001.10.01 23:28 B C:\WINDOWS\Desktop\TBH\Recent\graham\images\P7280002.html --> uts.cc.utexas.edu /export/httpd/vhosts/texasbeyondhistory/data/graham/images P7280002.html
2001.10.01 23:28 B C:\WINDOWS\Desktop\TBH\Recent\graham\images\P7280002.lg.jpg --> uts.cc.utexas.edu /export/httpd/vhosts/texasbeyondhistory/data/graham/images P7280002.lg.jpg
2001.10.01 23:28 B C:\WINDOWS\Desktop\TBH\Recent\graham\images\P7280002.sm.jpg --> uts.cc.utexas.edu /export/httpd/vhosts/texasbeyondhistory/data/graham/images P7280002.sm.jpg
2001.10.01 23:29 B C:\WINDOWS\Desktop\TBH\Recent\graham\images\Scallorn pts-lg.jpg --> uts.cc.utexas.edu /export/httpd/vhosts/texasbeyondhistory/data/graham/images Scallorn pts-lg.jpg
2001.10.01 23:29 B C:\WINDOWS\Desktop\TBH\Recent\graham\images\Scallorn pts-sm.jpg --> uts.cc.utexas.edu /export/httpd/vhosts/texasbeyondhistory/data/graham/images Scallorn pts-sm.jpg
2001.10.01 23:29 B C:\WINDOWS\Desktop\TBH\Recent\graham\images\Scallorn pts.html --> uts.cc.utexas.edu /export/httpd/vhosts/texasbeyondhistory/data/graham/images Scallorn pts.html
2001.10.01 23:29 B C:\WINDOWS\Desktop\TBH\Recent\graham\images\Shaw_arrow-hunter-lg.jpg --> uts.cc.utexas.edu /export/httpd/vhosts/texasbeyondhistory/data/graham/images Shaw_arrow-hunter-lg.jpg
2001.10.01 23:29 B C:\WINDOWS\Desktop\TBH\Recent\graham\images\Shaw_arrow-hunter-sm.jpg --> uts.cc.utexas.edu /export/httpd/vhosts/texasbeyondhistory/data/graham/images Shaw_arrow-hunter-sm.jpg
2001.10.01 23:29 B C:\WINDOWS\Desktop\TBH\Recent\graham\images\Shaw_arrow-hunter.html --> uts.cc.utexas.edu /export/httpd/vhosts/texasbeyondhistory/data/graham/images Shaw_arrow-hunter.html
2001.10.01 23:29 B C:\WINDOWS\Desktop\TBH\Recent\graham\images\Shaw_arrow-lg.jpg --> uts.cc.utexas.edu /export/httpd/vhosts/texasbeyondhistory/data/graham/images Shaw_arrow-lg.jpg
2001.10.01 23:29 B C:\WINDOWS\Desktop\TBH\Recent\graham\images\Shaw_arrow-sm.jpg --> uts.cc.utexas.edu /export/httpd/vhosts/texasbeyondhistory/data/graham/images Shaw_arrow-sm.jpg
2001.10.01 23:30 B C:\WINDOWS\Desktop\TBH\Recent\graham\images\Shaw_arrow.jpg --> uts.cc.utexas.edu /export/httpd/vhosts/texasbeyondhistory/data/graham/images Shaw_arrow.jpg
2001.10.01 23:30 B C:\WINDOWS\Desktop\TBH\Recent\graham\images\Shaw_rancheria-House 1-lg.jpg --> uts.cc.utexas.edu /export/httpd/vhosts/texasbeyondhistory/data/graham/images Shaw_rancheria-House 1-lg.jpg
2001.10.01 23:30 B C:\WINDOWS\Desktop\TBH\Recent\graham\images\Shaw_rancheria-House 1-sm.jpg --> uts.cc.utexas.edu /export/httpd/vhosts/texasbeyondhistory/data/graham/images Shaw_rancheria-House 1-sm.jpg
2001.10.01 23:30 B C:\WINDOWS\Desktop\TBH\Recent\graham\images\Shaw_rancheria-House 1.html --> uts.cc.utexas.edu /export/httpd/vhosts/texasbeyondhistory/data/graham/images Shaw_rancheria-House 1.html
2001.10.01 23:30 B C:\WINDOWS\Desktop\TBH\Recent\graham\images\Shaw_rancheria-House 2-lg.jpg --> uts.cc.utexas.edu /export/httpd/vhosts/texasbeyondhistory/data/graham/images Shaw_rancheria-House 2-lg.jpg
2001.10.01 23:30 B C:\WINDOWS\Desktop\TBH\Recent\graham\images\Shaw_rancheria-House 2-sm.jpg --> uts.cc.utexas.edu /export/httpd/vhosts/texasbeyondhistory/data/graham/images Shaw_rancheria-House 2-sm.jpg
2001.10.01 23:30 B C:\WINDOWS\Desktop\TBH\Recent\graham\images\Shaw_rancheria-House 2.html --> uts.cc.utexas.edu /export/httpd/vhosts/texasbeyondhistory/data/graham/images Shaw_rancheria-House 2.html
2001.10.01 23:31 B C:\WINDOWS\Desktop\TBH\Recent\graham\images\Shaw_rancheria-House 3,4,5-lg.jpg --> uts.cc.utexas.edu /export/httpd/vhosts/texasbeyondhistory/data/graham/images Shaw_rancheria-House 3,4,5-lg.jpg
2001.10.01 23:31 B C:\WINDOWS\Desktop\TBH\Recent\graham\images\Shaw_rancheria-House 3,4,5-sm.jpg --> uts.cc.utexas.edu /export/httpd/vhosts/texasbeyondhistory/data/graham/images Shaw_rancheria-House 3,4,5-sm.jpg
2001.10.01 23:31 B C:\WINDOWS\Desktop\TBH\Recent\graham\images\Shaw_rancheria-House 3,4,5-sm2.jpg --> uts.cc.utexas.edu /export/httpd/vhosts/texasbeyondhistory/data/graham/images Shaw_rancheria-House 3,4,5-sm2.jpg
2001.10.01 23:31 B C:\WINDOWS\Desktop\TBH\Recent\graham\images\Shaw_rancheria-House 3,4,5.html --> uts.cc.utexas.edu /export/httpd/vhosts/texasbeyondhistory/data/graham/images Shaw_rancheria-House 3,4,5.html
2001.10.01 23:31 B C:\WINDOWS\Desktop\TBH\Recent\graham\images\Shaw_rancheria-lg.jpg --> uts.cc.utexas.edu /export/httpd/vhosts/texasbeyondhistory/data/graham/images Shaw_rancheria-lg.jpg
2001.10.01 23:31 B C:\WINDOWS\Desktop\TBH\Recent\graham\images\Shaw_rancheria-lithic workshop-lg.jpg --> uts.cc.utexas.edu /export/httpd/vhosts/texasbeyondhistory/data/graham/images Shaw_rancheria-lithic workshop-lg.jpg
2001.10.01 23:31 B C:\WINDOWS\Desktop\TBH\Recent\graham\images\Shaw_rancheria-lithic workshop-sm.jpg --> uts.cc.utexas.edu /export/httpd/vhosts/texasbeyondhistory/data/graham/images Shaw_rancheria-lithic workshop-sm.jpg
2001.10.01 23:32 B C:\WINDOWS\Desktop\TBH\Recent\graham\images\Shaw_rancheria-lithic workshop-sm2.jpg --> uts.cc.utexas.edu /export/httpd/vhosts/texasbeyondhistory/data/graham/images Shaw_rancheria-lithic workshop-sm2.jpg
2001.10.01 23:32 B C:\WINDOWS\Desktop\TBH\Recent\graham\images\Shaw_rancheria-lithic workshop.html --> uts.cc.utexas.edu /export/httpd/vhosts/texasbeyondhistory/data/graham/images Shaw_rancheria-lithic workshop.html
2001.10.01 23:32 B C:\WINDOWS\Desktop\TBH\Recent\graham\images\Shaw_rancheria-midden-lg.jpg --> uts.cc.utexas.edu /export/httpd/vhosts/texasbeyondhistory/data/graham/images Shaw_rancheria-midden-lg.jpg
2001.10.01 23:32 B C:\WINDOWS\Desktop\TBH\Recent\graham\images\Shaw_rancheria-midden-sm.jpg --> uts.cc.utexas.edu /export/httpd/vhosts/texasbeyondhistory/data/graham/images Shaw_rancheria-midden-sm.jpg
2001.10.01 23:32 B C:\WINDOWS\Desktop\TBH\Recent\graham\images\Shaw_rancheria-midden-sm2.jpg --> uts.cc.utexas.edu /export/httpd/vhosts/texasbeyondhistory/data/graham/images Shaw_rancheria-midden-sm2.jpg
2001.10.01 23:32 B C:\WINDOWS\Desktop\TBH\Recent\graham\images\Shaw_rancheria-midden.html --> uts.cc.utexas.edu /export/httpd/vhosts/texasbeyondhistory/data/graham/images Shaw_rancheria-midden.html
2001.10.01 23:32 B C:\WINDOWS\Desktop\TBH\Recent\graham\images\Shaw_rancheria-sm.jpg --> uts.cc.utexas.edu /export/httpd/vhosts/texasbeyondhistory/data/graham/images Shaw_rancheria-sm.jpg
2001.10.01 23:32 B C:\WINDOWS\Desktop\TBH\Recent\graham\images\Shaw_rancheria.html --> uts.cc.utexas.edu /export/httpd/vhosts/texasbeyondhistory/data/graham/images Shaw_rancheria.html
2001.10.01 23:32 B C:\WINDOWS\Desktop\TBH\Recent\graham\images\Shaw_rancheria.jpg --> uts.cc.utexas.edu /export/httpd/vhosts/texasbeyondhistory/data/graham/images Shaw_rancheria.jpg
2001.10.01 23:33 B C:\WINDOWS\Desktop\TBH\Recent\graham\images\village merged-lg.jpg --> uts.cc.utexas.edu /export/httpd/vhosts/texasbeyondhistory/data/graham/images village merged-lg.jpg
2001.10.01 23:33 B C:\WINDOWS\Desktop\TBH\Recent\graham\images\village merged-sm.jpg --> uts.cc.utexas.edu /export/httpd/vhosts/texasbeyondhistory/data/graham/images village merged-sm.jpg
2001.10.01 23:33 B C:\WINDOWS\Desktop\TBH\Recent\graham\images\village merged.html --> uts.cc.utexas.edu /export/httpd/vhosts/texasbeyondhistory/data/graham/images village merged.html
2001.10.11 14:55 B M:\Website Stuff\TBH Website Temp\graham\images\WS_FTP.LOG <-- texasbeyondhistory /export/httpd/vhosts/texasbeyondhistory/data/graham/images WS_FTP.LOG
2001.10.23 11:45 B G:\Website Stuff\TBH Website Temp\graham\images\LL419-GS12.html --> uts.cc.utexas.edu /export/httpd/vhosts/texasbeyondhistory/data/graham/images LL419-GS12.html
2001.10.23 11:46 B G:\Website Stuff\TBH Website Temp\graham\images\LL419-GS5.html --> uts.cc.utexas.edu /export/httpd/vhosts/texasbeyondhistory/data/graham/images LL419-GS5.html
2001.10.23 11:46 B G:\Website Stuff\TBH Website Temp\graham\images\LL419-GS2.html --> uts.cc.utexas.edu /export/httpd/vhosts/texasbeyondhistory/data/graham/images LL419-GS2.html
2001.10.23 11:46 B G:\Website Stuff\TBH Website Temp\graham\images\LL419-MB5.html --> uts.cc.utexas.edu /export/httpd/vhosts/texasbeyondhistory/data/graham/images LL419-MB5.html
2005.04.04 13:09 B L:\TBH Website Temp\graham\images\LL419-AM1.html --> uts.cc.utexas.edu /export/httpd/vhosts/texasbeyondhistory/data/graham/images LL419-AM1.html
2005.04.04 13:09 B L:\TBH Website Temp\graham\images\Shaw_rancheria.jpg --> uts.cc.utexas.edu /export/httpd/vhosts/texasbeyondhistory/data/graham/images Shaw_rancheria.jpg
