2006.01.12 18:13 B Z:\Website Stuff\TBH Website Temp\jbwhite\images\collagemain.jpg --> uts.cc.utexas.edu /export/httpd/vhosts/texasbeyondhistory/data/protect/jbwhite/images collagemain.jpg
2006.01.12 18:13 B Z:\Website Stuff\TBH Website Temp\jbwhite\images\collagemain2.jpg --> uts.cc.utexas.edu /export/httpd/vhosts/texasbeyondhistory/data/protect/jbwhite/images collagemain2.jpg
2006.01.12 18:13 B Z:\Website Stuff\TBH Website Temp\jbwhite\images\cooking-sm.jpg --> uts.cc.utexas.edu /export/httpd/vhosts/texasbeyondhistory/data/protect/jbwhite/images cooking-sm.jpg
2006.01.12 18:13 B Z:\Website Stuff\TBH Website Temp\jbwhite\images\cooking.html --> uts.cc.utexas.edu /export/httpd/vhosts/texasbeyondhistory/data/protect/jbwhite/images cooking.html
2006.01.12 18:13 B Z:\Website Stuff\TBH Website Temp\jbwhite\images\cooking.jpg --> uts.cc.utexas.edu /export/httpd/vhosts/texasbeyondhistory/data/protect/jbwhite/images cooking.jpg
2006.01.12 18:13 B Z:\Website Stuff\TBH Website Temp\jbwhite\images\cover-sm.jpg --> uts.cc.utexas.edu /export/httpd/vhosts/texasbeyondhistory/data/protect/jbwhite/images cover-sm.jpg
2006.01.12 18:13 B Z:\Website Stuff\TBH Website Temp\jbwhite\images\cover.jpg --> uts.cc.utexas.edu /export/httpd/vhosts/texasbeyondhistory/data/protect/jbwhite/images cover.jpg
2006.01.12 18:13 B Z:\Website Stuff\TBH Website Temp\jbwhite\images\credits-icon.jpg --> uts.cc.utexas.edu /export/httpd/vhosts/texasbeyondhistory/data/protect/jbwhite/images credits-icon.jpg
2006.01.12 18:13 B Z:\Website Stuff\TBH Website Temp\jbwhite\images\credits-icon1.jpg --> uts.cc.utexas.edu /export/httpd/vhosts/texasbeyondhistory/data/protect/jbwhite/images credits-icon1.jpg
2006.01.12 18:13 B Z:\Website Stuff\TBH Website Temp\jbwhite\images\credits-icon1a.jpg --> uts.cc.utexas.edu /export/httpd/vhosts/texasbeyondhistory/data/protect/jbwhite/images credits-icon1a.jpg
2006.01.12 18:13 B Z:\Website Stuff\TBH Website Temp\jbwhite\images\davis-m17-sm.jpg --> uts.cc.utexas.edu /export/httpd/vhosts/texasbeyondhistory/data/protect/jbwhite/images davis-m17-sm.jpg
2006.01.12 18:13 B Z:\Website Stuff\TBH Website Temp\jbwhite\images\davis-m17.html --> uts.cc.utexas.edu /export/httpd/vhosts/texasbeyondhistory/data/protect/jbwhite/images davis-m17.html
2006.01.12 18:13 B Z:\Website Stuff\TBH Website Temp\jbwhite\images\davis-m17.jpg --> uts.cc.utexas.edu /export/httpd/vhosts/texasbeyondhistory/data/protect/jbwhite/images davis-m17.jpg
2006.01.12 18:13 B Z:\Website Stuff\TBH Website Temp\jbwhite\images\davis-m27-sm.jpg --> uts.cc.utexas.edu /export/httpd/vhosts/texasbeyondhistory/data/protect/jbwhite/images davis-m27-sm.jpg
2006.01.12 18:13 B Z:\Website Stuff\TBH Website Temp\jbwhite\images\davis-m27.jpg --> uts.cc.utexas.edu /export/httpd/vhosts/texasbeyondhistory/data/protect/jbwhite/images davis-m27.jpg
2006.01.12 18:13 B Z:\Website Stuff\TBH Website Temp\jbwhite\images\drying-sm.jpg --> uts.cc.utexas.edu /export/httpd/vhosts/texasbeyondhistory/data/protect/jbwhite/images drying-sm.jpg
2006.01.12 18:13 B Z:\Website Stuff\TBH Website Temp\jbwhite\images\drying.html --> uts.cc.utexas.edu /export/httpd/vhosts/texasbeyondhistory/data/protect/jbwhite/images drying.html
2006.01.12 18:13 B Z:\Website Stuff\TBH Website Temp\jbwhite\images\drying.jpg --> uts.cc.utexas.edu /export/httpd/vhosts/texasbeyondhistory/data/protect/jbwhite/images drying.jpg
2006.01.12 18:13 B Z:\Website Stuff\TBH Website Temp\jbwhite\images\figure1-sm.jpg --> uts.cc.utexas.edu /export/httpd/vhosts/texasbeyondhistory/data/protect/jbwhite/images figure1-sm.jpg
2006.01.12 18:13 B Z:\Website Stuff\TBH Website Temp\jbwhite\images\figure1.html --> uts.cc.utexas.edu /export/httpd/vhosts/texasbeyondhistory/data/protect/jbwhite/images figure1.html
2006.01.12 18:13 B Z:\Website Stuff\TBH Website Temp\jbwhite\images\figure1.jpg --> uts.cc.utexas.edu /export/httpd/vhosts/texasbeyondhistory/data/protect/jbwhite/images figure1.jpg
2006.01.12 18:13 B Z:\Website Stuff\TBH Website Temp\jbwhite\images\Figure10-sm.jpg --> uts.cc.utexas.edu /export/httpd/vhosts/texasbeyondhistory/data/protect/jbwhite/images Figure10-sm.jpg
2006.01.12 18:13 B Z:\Website Stuff\TBH Website Temp\jbwhite\images\figure10.html --> uts.cc.utexas.edu /export/httpd/vhosts/texasbeyondhistory/data/protect/jbwhite/images figure10.html
2006.01.12 18:13 B Z:\Website Stuff\TBH Website Temp\jbwhite\images\Figure10.jpg --> uts.cc.utexas.edu /export/httpd/vhosts/texasbeyondhistory/data/protect/jbwhite/images Figure10.jpg
2006.01.12 18:13 B Z:\Website Stuff\TBH Website Temp\jbwhite\images\figure11-sm.jpg --> uts.cc.utexas.edu /export/httpd/vhosts/texasbeyondhistory/data/protect/jbwhite/images figure11-sm.jpg
2006.01.12 18:13 B Z:\Website Stuff\TBH Website Temp\jbwhite\images\figure11.html --> uts.cc.utexas.edu /export/httpd/vhosts/texasbeyondhistory/data/protect/jbwhite/images figure11.html
2006.01.12 18:13 B Z:\Website Stuff\TBH Website Temp\jbwhite\images\figure11.jpg --> uts.cc.utexas.edu /export/httpd/vhosts/texasbeyondhistory/data/protect/jbwhite/images figure11.jpg
2006.01.12 18:13 B Z:\Website Stuff\TBH Website Temp\jbwhite\images\figure14-sm.jpg --> uts.cc.utexas.edu /export/httpd/vhosts/texasbeyondhistory/data/protect/jbwhite/images figure14-sm.jpg
2006.01.12 18:13 B Z:\Website Stuff\TBH Website Temp\jbwhite\images\figure14.html --> uts.cc.utexas.edu /export/httpd/vhosts/texasbeyondhistory/data/protect/jbwhite/images figure14.html
2006.01.12 18:13 B Z:\Website Stuff\TBH Website Temp\jbwhite\images\figure14.jpg --> uts.cc.utexas.edu /export/httpd/vhosts/texasbeyondhistory/data/protect/jbwhite/images figure14.jpg
2006.01.12 18:13 B Z:\Website Stuff\TBH Website Temp\jbwhite\images\Figure15-sm.jpg --> uts.cc.utexas.edu /export/httpd/vhosts/texasbeyondhistory/data/protect/jbwhite/images Figure15-sm.jpg
2006.01.12 18:13 B Z:\Website Stuff\TBH Website Temp\jbwhite\images\figure15.html --> uts.cc.utexas.edu /export/httpd/vhosts/texasbeyondhistory/data/protect/jbwhite/images figure15.html
2006.01.12 18:13 B Z:\Website Stuff\TBH Website Temp\jbwhite\images\Figure15.jpg --> uts.cc.utexas.edu /export/httpd/vhosts/texasbeyondhistory/data/protect/jbwhite/images Figure15.jpg
2006.01.12 18:13 B Z:\Website Stuff\TBH Website Temp\jbwhite\images\Figure16-sm.jpg --> uts.cc.utexas.edu /export/httpd/vhosts/texasbeyondhistory/data/protect/jbwhite/images Figure16-sm.jpg
2006.01.12 18:13 B Z:\Website Stuff\TBH Website Temp\jbwhite\images\figure16.html --> uts.cc.utexas.edu /export/httpd/vhosts/texasbeyondhistory/data/protect/jbwhite/images figure16.html
2006.01.12 18:13 B Z:\Website Stuff\TBH Website Temp\jbwhite\images\Figure16.jpg --> uts.cc.utexas.edu /export/httpd/vhosts/texasbeyondhistory/data/protect/jbwhite/images Figure16.jpg
2006.01.12 18:13 B Z:\Website Stuff\TBH Website Temp\jbwhite\images\Figure17-sm.jpg --> uts.cc.utexas.edu /export/httpd/vhosts/texasbeyondhistory/data/protect/jbwhite/images Figure17-sm.jpg
2006.01.12 18:13 B Z:\Website Stuff\TBH Website Temp\jbwhite\images\figure17.html --> uts.cc.utexas.edu /export/httpd/vhosts/texasbeyondhistory/data/protect/jbwhite/images figure17.html
2006.01.12 18:13 B Z:\Website Stuff\TBH Website Temp\jbwhite\images\Figure17.jpg --> uts.cc.utexas.edu /export/httpd/vhosts/texasbeyondhistory/data/protect/jbwhite/images Figure17.jpg
2006.01.12 18:13 B Z:\Website Stuff\TBH Website Temp\jbwhite\images\Figure18a-sm.jpg --> uts.cc.utexas.edu /export/httpd/vhosts/texasbeyondhistory/data/protect/jbwhite/images Figure18a-sm.jpg
2006.01.12 18:13 B Z:\Website Stuff\TBH Website Temp\jbwhite\images\figure18a.html --> uts.cc.utexas.edu /export/httpd/vhosts/texasbeyondhistory/data/protect/jbwhite/images figure18a.html
2006.01.12 18:13 B Z:\Website Stuff\TBH Website Temp\jbwhite\images\Figure18a.jpg --> uts.cc.utexas.edu /export/httpd/vhosts/texasbeyondhistory/data/protect/jbwhite/images Figure18a.jpg
2006.01.12 18:13 B Z:\Website Stuff\TBH Website Temp\jbwhite\images\Figure18b-sm.jpg --> uts.cc.utexas.edu /export/httpd/vhosts/texasbeyondhistory/data/protect/jbwhite/images Figure18b-sm.jpg
2006.01.12 18:14 B Z:\Website Stuff\TBH Website Temp\jbwhite\images\figure18b.html --> uts.cc.utexas.edu /export/httpd/vhosts/texasbeyondhistory/data/protect/jbwhite/images figure18b.html
2006.01.12 18:14 B Z:\Website Stuff\TBH Website Temp\jbwhite\images\Figure18b.jpg --> uts.cc.utexas.edu /export/httpd/vhosts/texasbeyondhistory/data/protect/jbwhite/images Figure18b.jpg
2006.01.12 18:14 B Z:\Website Stuff\TBH Website Temp\jbwhite\images\Figure18c-sm.jpg --> uts.cc.utexas.edu /export/httpd/vhosts/texasbeyondhistory/data/protect/jbwhite/images Figure18c-sm.jpg
2006.01.12 18:14 B Z:\Website Stuff\TBH Website Temp\jbwhite\images\figure18c.html --> uts.cc.utexas.edu /export/httpd/vhosts/texasbeyondhistory/data/protect/jbwhite/images figure18c.html
2006.01.12 18:14 B Z:\Website Stuff\TBH Website Temp\jbwhite\images\Figure18c.jpg --> uts.cc.utexas.edu /export/httpd/vhosts/texasbeyondhistory/data/protect/jbwhite/images Figure18c.jpg
2006.01.12 18:14 B Z:\Website Stuff\TBH Website Temp\jbwhite\images\Figure19-sm.jpg --> uts.cc.utexas.edu /export/httpd/vhosts/texasbeyondhistory/data/protect/jbwhite/images Figure19-sm.jpg
2006.01.12 18:14 B Z:\Website Stuff\TBH Website Temp\jbwhite\images\figure19.html --> uts.cc.utexas.edu /export/httpd/vhosts/texasbeyondhistory/data/protect/jbwhite/images figure19.html
2006.01.12 18:14 B Z:\Website Stuff\TBH Website Temp\jbwhite\images\Figure19.jpg --> uts.cc.utexas.edu /export/httpd/vhosts/texasbeyondhistory/data/protect/jbwhite/images Figure19.jpg
2006.01.12 18:14 B Z:\Website Stuff\TBH Website Temp\jbwhite\images\figure2-sm.jpg --> uts.cc.utexas.edu /export/httpd/vhosts/texasbeyondhistory/data/protect/jbwhite/images figure2-sm.jpg
2006.01.12 18:14 B Z:\Website Stuff\TBH Website Temp\jbwhite\images\figure2.html --> uts.cc.utexas.edu /export/httpd/vhosts/texasbeyondhistory/data/protect/jbwhite/images figure2.html
2006.01.12 18:14 B Z:\Website Stuff\TBH Website Temp\jbwhite\images\figure2.jpg --> uts.cc.utexas.edu /export/httpd/vhosts/texasbeyondhistory/data/protect/jbwhite/images figure2.jpg
2006.01.12 18:14 B Z:\Website Stuff\TBH Website Temp\jbwhite\images\Figure20-sm.jpg --> uts.cc.utexas.edu /export/httpd/vhosts/texasbeyondhistory/data/protect/jbwhite/images Figure20-sm.jpg
2006.01.12 18:14 B Z:\Website Stuff\TBH Website Temp\jbwhite\images\figure20.html --> uts.cc.utexas.edu /export/httpd/vhosts/texasbeyondhistory/data/protect/jbwhite/images figure20.html
2006.01.12 18:14 B Z:\Website Stuff\TBH Website Temp\jbwhite\images\Figure20.jpg --> uts.cc.utexas.edu /export/httpd/vhosts/texasbeyondhistory/data/protect/jbwhite/images Figure20.jpg
2006.01.12 18:14 B Z:\Website Stuff\TBH Website Temp\jbwhite\images\Figure21-sm.jpg --> uts.cc.utexas.edu /export/httpd/vhosts/texasbeyondhistory/data/protect/jbwhite/images Figure21-sm.jpg
2006.01.12 18:14 B Z:\Website Stuff\TBH Website Temp\jbwhite\images\figure21.html --> uts.cc.utexas.edu /export/httpd/vhosts/texasbeyondhistory/data/protect/jbwhite/images figure21.html
2006.01.12 18:14 B Z:\Website Stuff\TBH Website Temp\jbwhite\images\Figure21.jpg --> uts.cc.utexas.edu /export/httpd/vhosts/texasbeyondhistory/data/protect/jbwhite/images Figure21.jpg
2006.01.12 18:14 B Z:\Website Stuff\TBH Website Temp\jbwhite\images\Figure22-sm.jpg --> uts.cc.utexas.edu /export/httpd/vhosts/texasbeyondhistory/data/protect/jbwhite/images Figure22-sm.jpg
2006.01.12 18:14 B Z:\Website Stuff\TBH Website Temp\jbwhite\images\figure22.html --> uts.cc.utexas.edu /export/httpd/vhosts/texasbeyondhistory/data/protect/jbwhite/images figure22.html
2006.01.12 18:14 B Z:\Website Stuff\TBH Website Temp\jbwhite\images\Figure22.jpg --> uts.cc.utexas.edu /export/httpd/vhosts/texasbeyondhistory/data/protect/jbwhite/images Figure22.jpg
2006.01.12 18:14 B Z:\Website Stuff\TBH Website Temp\jbwhite\images\Figure23-sm.jpg --> uts.cc.utexas.edu /export/httpd/vhosts/texasbeyondhistory/data/protect/jbwhite/images Figure23-sm.jpg
2006.01.12 18:14 B Z:\Website Stuff\TBH Website Temp\jbwhite\images\figure23.html --> uts.cc.utexas.edu /export/httpd/vhosts/texasbeyondhistory/data/protect/jbwhite/images figure23.html
2006.01.12 18:14 B Z:\Website Stuff\TBH Website Temp\jbwhite\images\Figure23.jpg --> uts.cc.utexas.edu /export/httpd/vhosts/texasbeyondhistory/data/protect/jbwhite/images Figure23.jpg
2006.01.12 18:14 B Z:\Website Stuff\TBH Website Temp\jbwhite\images\Figure24-sm.jpg --> uts.cc.utexas.edu /export/httpd/vhosts/texasbeyondhistory/data/protect/jbwhite/images Figure24-sm.jpg
2006.01.12 18:14 B Z:\Website Stuff\TBH Website Temp\jbwhite\images\figure24.html --> uts.cc.utexas.edu /export/httpd/vhosts/texasbeyondhistory/data/protect/jbwhite/images figure24.html
2006.01.12 18:14 B Z:\Website Stuff\TBH Website Temp\jbwhite\images\Figure24.jpg --> uts.cc.utexas.edu /export/httpd/vhosts/texasbeyondhistory/data/protect/jbwhite/images Figure24.jpg
2006.01.12 18:14 B Z:\Website Stuff\TBH Website Temp\jbwhite\images\Figure25-sm.jpg --> uts.cc.utexas.edu /export/httpd/vhosts/texasbeyondhistory/data/protect/jbwhite/images Figure25-sm.jpg
2006.01.12 18:14 B Z:\Website Stuff\TBH Website Temp\jbwhite\images\Figure25.html --> uts.cc.utexas.edu /export/httpd/vhosts/texasbeyondhistory/data/protect/jbwhite/images Figure25.html
2006.01.12 18:14 B Z:\Website Stuff\TBH Website Temp\jbwhite\images\Figure25.jpg --> uts.cc.utexas.edu /export/httpd/vhosts/texasbeyondhistory/data/protect/jbwhite/images Figure25.jpg
2006.01.12 18:14 B Z:\Website Stuff\TBH Website Temp\jbwhite\images\Figure26-sm.jpg --> uts.cc.utexas.edu /export/httpd/vhosts/texasbeyondhistory/data/protect/jbwhite/images Figure26-sm.jpg
2006.01.12 18:14 B Z:\Website Stuff\TBH Website Temp\jbwhite\images\figure26.html --> uts.cc.utexas.edu /export/httpd/vhosts/texasbeyondhistory/data/protect/jbwhite/images figure26.html
2006.01.12 18:14 B Z:\Website Stuff\TBH Website Temp\jbwhite\images\Figure26.jpg --> uts.cc.utexas.edu /export/httpd/vhosts/texasbeyondhistory/data/protect/jbwhite/images Figure26.jpg
2006.01.12 18:14 B Z:\Website Stuff\TBH Website Temp\jbwhite\images\Figure27-sm.jpg --> uts.cc.utexas.edu /export/httpd/vhosts/texasbeyondhistory/data/protect/jbwhite/images Figure27-sm.jpg
2006.01.12 18:14 B Z:\Website Stuff\TBH Website Temp\jbwhite\images\figure27.html --> uts.cc.utexas.edu /export/httpd/vhosts/texasbeyondhistory/data/protect/jbwhite/images figure27.html
2006.01.12 18:14 B Z:\Website Stuff\TBH Website Temp\jbwhite\images\Figure27.jpg --> uts.cc.utexas.edu /export/httpd/vhosts/texasbeyondhistory/data/protect/jbwhite/images Figure27.jpg
2006.01.12 18:14 B Z:\Website Stuff\TBH Website Temp\jbwhite\images\figure28-sm.jpg --> uts.cc.utexas.edu /export/httpd/vhosts/texasbeyondhistory/data/protect/jbwhite/images figure28-sm.jpg
2006.01.12 18:14 B Z:\Website Stuff\TBH Website Temp\jbwhite\images\Figure28.html --> uts.cc.utexas.edu /export/httpd/vhosts/texasbeyondhistory/data/protect/jbwhite/images Figure28.html
2006.01.12 18:14 B Z:\Website Stuff\TBH Website Temp\jbwhite\images\figure28.jpg --> uts.cc.utexas.edu /export/httpd/vhosts/texasbeyondhistory/data/protect/jbwhite/images figure28.jpg
2006.01.12 18:14 B Z:\Website Stuff\TBH Website Temp\jbwhite\images\Figure29-sm.jpg --> uts.cc.utexas.edu /export/httpd/vhosts/texasbeyondhistory/data/protect/jbwhite/images Figure29-sm.jpg
2006.01.12 18:14 B Z:\Website Stuff\TBH Website Temp\jbwhite\images\Figure29.jpg --> uts.cc.utexas.edu /export/httpd/vhosts/texasbeyondhistory/data/protect/jbwhite/images Figure29.jpg
2006.01.12 18:14 B Z:\Website Stuff\TBH Website Temp\jbwhite\images\Figure30-sm.jpg --> uts.cc.utexas.edu /export/httpd/vhosts/texasbeyondhistory/data/protect/jbwhite/images Figure30-sm.jpg
2006.01.12 18:14 B Z:\Website Stuff\TBH Website Temp\jbwhite\images\figure30.html --> uts.cc.utexas.edu /export/httpd/vhosts/texasbeyondhistory/data/protect/jbwhite/images figure30.html
2006.01.12 18:14 B Z:\Website Stuff\TBH Website Temp\jbwhite\images\Figure30.jpg --> uts.cc.utexas.edu /export/httpd/vhosts/texasbeyondhistory/data/protect/jbwhite/images Figure30.jpg
2006.01.12 18:14 B Z:\Website Stuff\TBH Website Temp\jbwhite\images\figure30a.htm --> uts.cc.utexas.edu /export/httpd/vhosts/texasbeyondhistory/data/protect/jbwhite/images figure30a.htm
2006.01.12 18:14 B Z:\Website Stuff\TBH Website Temp\jbwhite\images\Figure31-sm.jpg --> uts.cc.utexas.edu /export/httpd/vhosts/texasbeyondhistory/data/protect/jbwhite/images Figure31-sm.jpg
2006.01.12 18:14 B Z:\Website Stuff\TBH Website Temp\jbwhite\images\figure31.html --> uts.cc.utexas.edu /export/httpd/vhosts/texasbeyondhistory/data/protect/jbwhite/images figure31.html
2006.01.12 18:14 B Z:\Website Stuff\TBH Website Temp\jbwhite\images\Figure31.jpg --> uts.cc.utexas.edu /export/httpd/vhosts/texasbeyondhistory/data/protect/jbwhite/images Figure31.jpg
2006.01.12 18:14 B Z:\Website Stuff\TBH Website Temp\jbwhite\images\figure33-sm.jpg --> uts.cc.utexas.edu /export/httpd/vhosts/texasbeyondhistory/data/protect/jbwhite/images figure33-sm.jpg
2006.01.12 18:14 B Z:\Website Stuff\TBH Website Temp\jbwhite\images\figure33.html --> uts.cc.utexas.edu /export/httpd/vhosts/texasbeyondhistory/data/protect/jbwhite/images figure33.html
2006.01.12 18:14 B Z:\Website Stuff\TBH Website Temp\jbwhite\images\figure33.jpg --> uts.cc.utexas.edu /export/httpd/vhosts/texasbeyondhistory/data/protect/jbwhite/images figure33.jpg
2006.01.12 18:14 B Z:\Website Stuff\TBH Website Temp\jbwhite\images\Figure34-sm.jpg --> uts.cc.utexas.edu /export/httpd/vhosts/texasbeyondhistory/data/protect/jbwhite/images Figure34-sm.jpg
2006.01.12 18:14 B Z:\Website Stuff\TBH Website Temp\jbwhite\images\figure34.html --> uts.cc.utexas.edu /export/httpd/vhosts/texasbeyondhistory/data/protect/jbwhite/images figure34.html
2006.01.12 18:14 B Z:\Website Stuff\TBH Website Temp\jbwhite\images\Figure34.jpg --> uts.cc.utexas.edu /export/httpd/vhosts/texasbeyondhistory/data/protect/jbwhite/images Figure34.jpg
2006.01.12 18:14 B Z:\Website Stuff\TBH Website Temp\jbwhite\images\Figure35-sm.jpg --> uts.cc.utexas.edu /export/httpd/vhosts/texasbeyondhistory/data/protect/jbwhite/images Figure35-sm.jpg
2006.01.12 18:14 B Z:\Website Stuff\TBH Website Temp\jbwhite\images\figure35.html --> uts.cc.utexas.edu /export/httpd/vhosts/texasbeyondhistory/data/protect/jbwhite/images figure35.html
2006.01.12 18:14 B Z:\Website Stuff\TBH Website Temp\jbwhite\images\Figure35.jpg --> uts.cc.utexas.edu /export/httpd/vhosts/texasbeyondhistory/data/protect/jbwhite/images Figure35.jpg
2006.01.12 18:14 B Z:\Website Stuff\TBH Website Temp\jbwhite\images\Figure36-sm.jpg --> uts.cc.utexas.edu /export/httpd/vhosts/texasbeyondhistory/data/protect/jbwhite/images Figure36-sm.jpg
2006.01.12 18:14 B Z:\Website Stuff\TBH Website Temp\jbwhite\images\figure36.html --> uts.cc.utexas.edu /export/httpd/vhosts/texasbeyondhistory/data/protect/jbwhite/images figure36.html
2006.01.12 18:14 B Z:\Website Stuff\TBH Website Temp\jbwhite\images\Figure36.jpg --> uts.cc.utexas.edu /export/httpd/vhosts/texasbeyondhistory/data/protect/jbwhite/images Figure36.jpg
2006.01.12 18:14 B Z:\Website Stuff\TBH Website Temp\jbwhite\images\Figure38-sm.jpg --> uts.cc.utexas.edu /export/httpd/vhosts/texasbeyondhistory/data/protect/jbwhite/images Figure38-sm.jpg
2006.01.12 18:14 B Z:\Website Stuff\TBH Website Temp\jbwhite\images\figure38.html --> uts.cc.utexas.edu /export/httpd/vhosts/texasbeyondhistory/data/protect/jbwhite/images figure38.html
2006.01.12 18:14 B Z:\Website Stuff\TBH Website Temp\jbwhite\images\Figure38.jpg --> uts.cc.utexas.edu /export/httpd/vhosts/texasbeyondhistory/data/protect/jbwhite/images Figure38.jpg
2006.01.12 18:14 B Z:\Website Stuff\TBH Website Temp\jbwhite\images\figure39a-sm.jpg --> uts.cc.utexas.edu /export/httpd/vhosts/texasbeyondhistory/data/protect/jbwhite/images figure39a-sm.jpg
2006.01.12 18:14 B Z:\Website Stuff\TBH Website Temp\jbwhite\images\figure39a.html --> uts.cc.utexas.edu /export/httpd/vhosts/texasbeyondhistory/data/protect/jbwhite/images figure39a.html
2006.01.12 18:14 B Z:\Website Stuff\TBH Website Temp\jbwhite\images\figure39a.jpg --> uts.cc.utexas.edu /export/httpd/vhosts/texasbeyondhistory/data/protect/jbwhite/images figure39a.jpg
2006.01.12 18:14 B Z:\Website Stuff\TBH Website Temp\jbwhite\images\figure39b-sm.jpg --> uts.cc.utexas.edu /export/httpd/vhosts/texasbeyondhistory/data/protect/jbwhite/images figure39b-sm.jpg
2006.01.12 18:14 B Z:\Website Stuff\TBH Website Temp\jbwhite\images\figure39b.html --> uts.cc.utexas.edu /export/httpd/vhosts/texasbeyondhistory/data/protect/jbwhite/images figure39b.html
2006.01.12 18:14 B Z:\Website Stuff\TBH Website Temp\jbwhite\images\figure39b.jpg --> uts.cc.utexas.edu /export/httpd/vhosts/texasbeyondhistory/data/protect/jbwhite/images figure39b.jpg
2006.01.12 18:14 B Z:\Website Stuff\TBH Website Temp\jbwhite\images\figure39c-sm.jpg --> uts.cc.utexas.edu /export/httpd/vhosts/texasbeyondhistory/data/protect/jbwhite/images figure39c-sm.jpg
2006.01.12 18:14 B Z:\Website Stuff\TBH Website Temp\jbwhite\images\figure39c.html --> uts.cc.utexas.edu /export/httpd/vhosts/texasbeyondhistory/data/protect/jbwhite/images figure39c.html
2006.01.12 18:14 B Z:\Website Stuff\TBH Website Temp\jbwhite\images\figure39c.jpg --> uts.cc.utexas.edu /export/httpd/vhosts/texasbeyondhistory/data/protect/jbwhite/images figure39c.jpg
2006.01.12 18:14 B Z:\Website Stuff\TBH Website Temp\jbwhite\images\figure3a.jpg --> uts.cc.utexas.edu /export/httpd/vhosts/texasbeyondhistory/data/protect/jbwhite/images figure3a.jpg
2006.01.12 18:14 B Z:\Website Stuff\TBH Website Temp\jbwhite\images\figure3b.jpg --> uts.cc.utexas.edu /export/httpd/vhosts/texasbeyondhistory/data/protect/jbwhite/images figure3b.jpg
2006.01.12 18:14 B Z:\Website Stuff\TBH Website Temp\jbwhite\images\figure3c.jpg --> uts.cc.utexas.edu /export/httpd/vhosts/texasbeyondhistory/data/protect/jbwhite/images figure3c.jpg
2006.01.12 18:14 B Z:\Website Stuff\TBH Website Temp\jbwhite\images\figure4-sm.jpg --> uts.cc.utexas.edu /export/httpd/vhosts/texasbeyondhistory/data/protect/jbwhite/images figure4-sm.jpg
2006.01.12 18:14 B Z:\Website Stuff\TBH Website Temp\jbwhite\images\figure4.html --> uts.cc.utexas.edu /export/httpd/vhosts/texasbeyondhistory/data/protect/jbwhite/images figure4.html
2006.01.12 18:14 B Z:\Website Stuff\TBH Website Temp\jbwhite\images\figure4.jpg --> uts.cc.utexas.edu /export/httpd/vhosts/texasbeyondhistory/data/protect/jbwhite/images figure4.jpg
2006.01.12 18:14 B Z:\Website Stuff\TBH Website Temp\jbwhite\images\Figure41-sm.jpg --> uts.cc.utexas.edu /export/httpd/vhosts/texasbeyondhistory/data/protect/jbwhite/images Figure41-sm.jpg
2006.01.12 18:14 B Z:\Website Stuff\TBH Website Temp\jbwhite\images\Figure41.html --> uts.cc.utexas.edu /export/httpd/vhosts/texasbeyondhistory/data/protect/jbwhite/images Figure41.html
2006.01.12 18:14 B Z:\Website Stuff\TBH Website Temp\jbwhite\images\Figure41.jpg --> uts.cc.utexas.edu /export/httpd/vhosts/texasbeyondhistory/data/protect/jbwhite/images Figure41.jpg
2006.01.12 18:14 B Z:\Website Stuff\TBH Website Temp\jbwhite\images\Figure42a-sm.jpg --> uts.cc.utexas.edu /export/httpd/vhosts/texasbeyondhistory/data/protect/jbwhite/images Figure42a-sm.jpg
2006.01.12 18:14 B Z:\Website Stuff\TBH Website Temp\jbwhite\images\figure42a.html --> uts.cc.utexas.edu /export/httpd/vhosts/texasbeyondhistory/data/protect/jbwhite/images figure42a.html
2006.01.12 18:14 B Z:\Website Stuff\TBH Website Temp\jbwhite\images\Figure42a.jpg --> uts.cc.utexas.edu /export/httpd/vhosts/texasbeyondhistory/data/protect/jbwhite/images Figure42a.jpg
2006.01.12 18:14 B Z:\Website Stuff\TBH Website Temp\jbwhite\images\figure42b-sm.jpg --> uts.cc.utexas.edu /export/httpd/vhosts/texasbeyondhistory/data/protect/jbwhite/images figure42b-sm.jpg
2006.01.12 18:14 B Z:\Website Stuff\TBH Website Temp\jbwhite\images\figure42b.html --> uts.cc.utexas.edu /export/httpd/vhosts/texasbeyondhistory/data/protect/jbwhite/images figure42b.html
2006.01.12 18:14 B Z:\Website Stuff\TBH Website Temp\jbwhite\images\figure42b.jpg --> uts.cc.utexas.edu /export/httpd/vhosts/texasbeyondhistory/data/protect/jbwhite/images figure42b.jpg
2006.01.12 18:14 B Z:\Website Stuff\TBH Website Temp\jbwhite\images\Figure43-sm.jpg --> uts.cc.utexas.edu /export/httpd/vhosts/texasbeyondhistory/data/protect/jbwhite/images Figure43-sm.jpg
2006.01.12 18:14 B Z:\Website Stuff\TBH Website Temp\jbwhite\images\figure43.html --> uts.cc.utexas.edu /export/httpd/vhosts/texasbeyondhistory/data/protect/jbwhite/images figure43.html
2006.01.12 18:14 B Z:\Website Stuff\TBH Website Temp\jbwhite\images\Figure43.jpg --> uts.cc.utexas.edu /export/httpd/vhosts/texasbeyondhistory/data/protect/jbwhite/images Figure43.jpg
2006.01.12 18:14 B Z:\Website Stuff\TBH Website Temp\jbwhite\images\Figure44-sm.jpg --> uts.cc.utexas.edu /export/httpd/vhosts/texasbeyondhistory/data/protect/jbwhite/images Figure44-sm.jpg
2006.01.12 18:14 B Z:\Website Stuff\TBH Website Temp\jbwhite\images\figure44.html --> uts.cc.utexas.edu /export/httpd/vhosts/texasbeyondhistory/data/protect/jbwhite/images figure44.html
2006.01.12 18:14 B Z:\Website Stuff\TBH Website Temp\jbwhite\images\Figure44.jpg --> uts.cc.utexas.edu /export/httpd/vhosts/texasbeyondhistory/data/protect/jbwhite/images Figure44.jpg
2006.01.12 18:14 B Z:\Website Stuff\TBH Website Temp\jbwhite\images\figure45-sm.jpg --> uts.cc.utexas.edu /export/httpd/vhosts/texasbeyondhistory/data/protect/jbwhite/images figure45-sm.jpg
2006.01.12 18:14 B Z:\Website Stuff\TBH Website Temp\jbwhite\images\figure45.html --> uts.cc.utexas.edu /export/httpd/vhosts/texasbeyondhistory/data/protect/jbwhite/images figure45.html
2006.01.12 18:14 B Z:\Website Stuff\TBH Website Temp\jbwhite\images\figure45.jpg --> uts.cc.utexas.edu /export/httpd/vhosts/texasbeyondhistory/data/protect/jbwhite/images figure45.jpg
2006.01.12 18:14 B Z:\Website Stuff\TBH Website Temp\jbwhite\images\figure46a-sm.jpg --> uts.cc.utexas.edu /export/httpd/vhosts/texasbeyondhistory/data/protect/jbwhite/images figure46a-sm.jpg
2006.01.12 18:14 B Z:\Website Stuff\TBH Website Temp\jbwhite\images\figure46a.html --> uts.cc.utexas.edu /export/httpd/vhosts/texasbeyondhistory/data/protect/jbwhite/images figure46a.html
2006.01.12 18:14 B Z:\Website Stuff\TBH Website Temp\jbwhite\images\figure46a.jpg --> uts.cc.utexas.edu /export/httpd/vhosts/texasbeyondhistory/data/protect/jbwhite/images figure46a.jpg
2006.01.12 18:14 B Z:\Website Stuff\TBH Website Temp\jbwhite\images\figure46b-sm.jpg --> uts.cc.utexas.edu /export/httpd/vhosts/texasbeyondhistory/data/protect/jbwhite/images figure46b-sm.jpg
2006.01.12 18:14 B Z:\Website Stuff\TBH Website Temp\jbwhite\images\figure46b.html --> uts.cc.utexas.edu /export/httpd/vhosts/texasbeyondhistory/data/protect/jbwhite/images figure46b.html
2006.01.12 18:14 B Z:\Website Stuff\TBH Website Temp\jbwhite\images\figure46b.jpg --> uts.cc.utexas.edu /export/httpd/vhosts/texasbeyondhistory/data/protect/jbwhite/images figure46b.jpg
2006.01.12 18:14 B Z:\Website Stuff\TBH Website Temp\jbwhite\images\Figure49-sm.jpg --> uts.cc.utexas.edu /export/httpd/vhosts/texasbeyondhistory/data/protect/jbwhite/images Figure49-sm.jpg
2006.01.12 18:14 B Z:\Website Stuff\TBH Website Temp\jbwhite\images\figure49.html --> uts.cc.utexas.edu /export/httpd/vhosts/texasbeyondhistory/data/protect/jbwhite/images figure49.html
2006.01.12 18:14 B Z:\Website Stuff\TBH Website Temp\jbwhite\images\Figure49.jpg --> uts.cc.utexas.edu /export/httpd/vhosts/texasbeyondhistory/data/protect/jbwhite/images Figure49.jpg
2006.01.12 18:14 B Z:\Website Stuff\TBH Website Temp\jbwhite\images\figure5-sm.jpg --> uts.cc.utexas.edu /export/httpd/vhosts/texasbeyondhistory/data/protect/jbwhite/images figure5-sm.jpg
2006.01.12 18:14 B Z:\Website Stuff\TBH Website Temp\jbwhite\images\figure5.html --> uts.cc.utexas.edu /export/httpd/vhosts/texasbeyondhistory/data/protect/jbwhite/images figure5.html
2006.01.12 18:14 B Z:\Website Stuff\TBH Website Temp\jbwhite\images\figure5.jpg --> uts.cc.utexas.edu /export/httpd/vhosts/texasbeyondhistory/data/protect/jbwhite/images figure5.jpg
2006.01.12 18:14 B Z:\Website Stuff\TBH Website Temp\jbwhite\images\figure6-sm.jpg --> uts.cc.utexas.edu /export/httpd/vhosts/texasbeyondhistory/data/protect/jbwhite/images figure6-sm.jpg
2006.01.12 18:14 B Z:\Website Stuff\TBH Website Temp\jbwhite\images\figure6.html --> uts.cc.utexas.edu /export/httpd/vhosts/texasbeyondhistory/data/protect/jbwhite/images figure6.html
2006.01.12 18:14 B Z:\Website Stuff\TBH Website Temp\jbwhite\images\figure6.jpg --> uts.cc.utexas.edu /export/httpd/vhosts/texasbeyondhistory/data/protect/jbwhite/images figure6.jpg
2006.01.12 18:14 B Z:\Website Stuff\TBH Website Temp\jbwhite\images\figure7-sm.jpg --> uts.cc.utexas.edu /export/httpd/vhosts/texasbeyondhistory/data/protect/jbwhite/images figure7-sm.jpg
2006.01.12 18:14 B Z:\Website Stuff\TBH Website Temp\jbwhite\images\figure7.html --> uts.cc.utexas.edu /export/httpd/vhosts/texasbeyondhistory/data/protect/jbwhite/images figure7.html
2006.01.12 18:14 B Z:\Website Stuff\TBH Website Temp\jbwhite\images\figure7.jpg --> uts.cc.utexas.edu /export/httpd/vhosts/texasbeyondhistory/data/protect/jbwhite/images figure7.jpg
2006.01.12 18:14 B Z:\Website Stuff\TBH Website Temp\jbwhite\images\Figure8-sm.jpg --> uts.cc.utexas.edu /export/httpd/vhosts/texasbeyondhistory/data/protect/jbwhite/images Figure8-sm.jpg
2006.01.12 18:14 B Z:\Website Stuff\TBH Website Temp\jbwhite\images\figure8.html --> uts.cc.utexas.edu /export/httpd/vhosts/texasbeyondhistory/data/protect/jbwhite/images figure8.html
2006.01.12 18:14 B Z:\Website Stuff\TBH Website Temp\jbwhite\images\Figure8.jpg --> uts.cc.utexas.edu /export/httpd/vhosts/texasbeyondhistory/data/protect/jbwhite/images Figure8.jpg
2006.01.12 18:14 B Z:\Website Stuff\TBH Website Temp\jbwhite\images\Figure9-sm.jpg --> uts.cc.utexas.edu /export/httpd/vhosts/texasbeyondhistory/data/protect/jbwhite/images Figure9-sm.jpg
2006.01.12 18:14 B Z:\Website Stuff\TBH Website Temp\jbwhite\images\figure9.html --> uts.cc.utexas.edu /export/httpd/vhosts/texasbeyondhistory/data/protect/jbwhite/images figure9.html
2006.01.12 18:14 B Z:\Website Stuff\TBH Website Temp\jbwhite\images\Figure9.jpg --> uts.cc.utexas.edu /export/httpd/vhosts/texasbeyondhistory/data/protect/jbwhite/images Figure9.jpg
2006.01.12 18:14 B Z:\Website Stuff\TBH Website Temp\jbwhite\images\follow.gif --> uts.cc.utexas.edu /export/httpd/vhosts/texasbeyondhistory/data/protect/jbwhite/images follow.gif
2006.01.12 18:14 B Z:\Website Stuff\TBH Website Temp\jbwhite\images\follow.jpg --> uts.cc.utexas.edu /export/httpd/vhosts/texasbeyondhistory/data/protect/jbwhite/images follow.jpg
2006.01.12 18:14 B Z:\Website Stuff\TBH Website Temp\jbwhite\images\frances.jpg --> uts.cc.utexas.edu /export/httpd/vhosts/texasbeyondhistory/data/protect/jbwhite/images frances.jpg
2006.01.12 18:14 B Z:\Website Stuff\TBH Website Temp\jbwhite\images\hearth-sm.jpg --> uts.cc.utexas.edu /export/httpd/vhosts/texasbeyondhistory/data/protect/jbwhite/images hearth-sm.jpg
2006.01.12 18:14 B Z:\Website Stuff\TBH Website Temp\jbwhite\images\hearth.html --> uts.cc.utexas.edu /export/httpd/vhosts/texasbeyondhistory/data/protect/jbwhite/images hearth.html
2006.01.12 18:14 B Z:\Website Stuff\TBH Website Temp\jbwhite\images\hearth.jpg --> uts.cc.utexas.edu /export/httpd/vhosts/texasbeyondhistory/data/protect/jbwhite/images hearth.jpg
2006.01.12 18:14 B Z:\Website Stuff\TBH Website Temp\jbwhite\images\hunter-sm.jpg --> uts.cc.utexas.edu /export/httpd/vhosts/texasbeyondhistory/data/protect/jbwhite/images hunter-sm.jpg
2006.01.12 18:14 B Z:\Website Stuff\TBH Website Temp\jbwhite\images\hunter.html --> uts.cc.utexas.edu /export/httpd/vhosts/texasbeyondhistory/data/protect/jbwhite/images hunter.html
2006.01.12 18:14 B Z:\Website Stuff\TBH Website Temp\jbwhite\images\hunter.jpg --> uts.cc.utexas.edu /export/httpd/vhosts/texasbeyondhistory/data/protect/jbwhite/images hunter.jpg
2006.01.12 18:14 B Z:\Website Stuff\TBH Website Temp\jbwhite\images\icon main1.jpg --> uts.cc.utexas.edu /export/httpd/vhosts/texasbeyondhistory/data/protect/jbwhite/images icon main1.jpg
2006.01.12 18:14 B Z:\Website Stuff\TBH Website Temp\jbwhite\images\icon-exports.jpg --> uts.cc.utexas.edu /export/httpd/vhosts/texasbeyondhistory/data/protect/jbwhite/images icon-exports.jpg
2006.01.12 18:14 B Z:\Website Stuff\TBH Website Temp\jbwhite\images\icon-habitation.jpg --> uts.cc.utexas.edu /export/httpd/vhosts/texasbeyondhistory/data/protect/jbwhite/images icon-habitation.jpg
2006.01.12 18:14 B Z:\Website Stuff\TBH Website Temp\jbwhite\images\icon-invest.jpg --> uts.cc.utexas.edu /export/httpd/vhosts/texasbeyondhistory/data/protect/jbwhite/images icon-invest.jpg
2006.01.12 18:14 B Z:\Website Stuff\TBH Website Temp\jbwhite\images\icon-scratching.jpg --> uts.cc.utexas.edu /export/httpd/vhosts/texasbeyondhistory/data/protect/jbwhite/images icon-scratching.jpg
2006.01.12 18:14 B Z:\Website Stuff\TBH Website Temp\jbwhite\images\image-lgx2b.html --> uts.cc.utexas.edu /export/httpd/vhosts/texasbeyondhistory/data/protect/jbwhite/images image-lgx2b.html
2006.01.12 18:14 B Z:\Website Stuff\TBH Website Temp\jbwhite\images\knappers.jpg --> uts.cc.utexas.edu /export/httpd/vhosts/texasbeyondhistory/data/protect/jbwhite/images knappers.jpg
2006.01.12 18:14 B Z:\Website Stuff\TBH Website Temp\jbwhite\images\mcguires-sm.jpg --> uts.cc.utexas.edu /export/httpd/vhosts/texasbeyondhistory/data/protect/jbwhite/images mcguires-sm.jpg
2006.01.12 18:14 B Z:\Website Stuff\TBH Website Temp\jbwhite\images\mcguires.html --> uts.cc.utexas.edu /export/httpd/vhosts/texasbeyondhistory/data/protect/jbwhite/images mcguires.html
2006.01.12 18:14 B Z:\Website Stuff\TBH Website Temp\jbwhite\images\mcguires.jpg --> uts.cc.utexas.edu /export/httpd/vhosts/texasbeyondhistory/data/protect/jbwhite/images mcguires.jpg
2006.01.12 18:14 B Z:\Website Stuff\TBH Website Temp\jbwhite\images\musselmania-sm.jpg --> uts.cc.utexas.edu /export/httpd/vhosts/texasbeyondhistory/data/protect/jbwhite/images musselmania-sm.jpg
2006.01.12 18:14 B Z:\Website Stuff\TBH Website Temp\jbwhite\images\musselmania.jpg --> uts.cc.utexas.edu /export/httpd/vhosts/texasbeyondhistory/data/protect/jbwhite/images musselmania.jpg
2006.01.12 18:14 B Z:\Website Stuff\TBH Website Temp\jbwhite\images\mussels-sm.jpg --> uts.cc.utexas.edu /export/httpd/vhosts/texasbeyondhistory/data/protect/jbwhite/images mussels-sm.jpg
2006.01.12 18:14 B Z:\Website Stuff\TBH Website Temp\jbwhite\images\mussels.html --> uts.cc.utexas.edu /export/httpd/vhosts/texasbeyondhistory/data/protect/jbwhite/images mussels.html
2006.01.12 18:14 B Z:\Website Stuff\TBH Website Temp\jbwhite\images\mussels.jpg --> uts.cc.utexas.edu /export/httpd/vhosts/texasbeyondhistory/data/protect/jbwhite/images mussels.jpg
2006.01.12 18:14 B Z:\Website Stuff\TBH Website Temp\jbwhite\images\pecantree-sm.jpg --> uts.cc.utexas.edu /export/httpd/vhosts/texasbeyondhistory/data/protect/jbwhite/images pecantree-sm.jpg
2006.01.12 18:14 B Z:\Website Stuff\TBH Website Temp\jbwhite\images\pecantree.html --> uts.cc.utexas.edu /export/httpd/vhosts/texasbeyondhistory/data/protect/jbwhite/images pecantree.html
2006.01.12 18:14 B Z:\Website Stuff\TBH Website Temp\jbwhite\images\pecantree.jpg --> uts.cc.utexas.edu /export/httpd/vhosts/texasbeyondhistory/data/protect/jbwhite/images pecantree.jpg
2006.01.12 18:14 B Z:\Website Stuff\TBH Website Temp\jbwhite\images\shell-sm.jpg --> uts.cc.utexas.edu /export/httpd/vhosts/texasbeyondhistory/data/protect/jbwhite/images shell-sm.jpg
2006.01.12 18:14 B Z:\Website Stuff\TBH Website Temp\jbwhite\images\shell.html --> uts.cc.utexas.edu /export/httpd/vhosts/texasbeyondhistory/data/protect/jbwhite/images shell.html
2006.01.12 18:14 B Z:\Website Stuff\TBH Website Temp\jbwhite\images\shell.jpg --> uts.cc.utexas.edu /export/httpd/vhosts/texasbeyondhistory/data/protect/jbwhite/images shell.jpg
2006.01.12 18:14 B Z:\Website Stuff\TBH Website Temp\jbwhite\images\sidebar.html --> uts.cc.utexas.edu /export/httpd/vhosts/texasbeyondhistory/data/protect/jbwhite/images sidebar.html
2006.01.12 18:14 B Z:\Website Stuff\TBH Website Temp\jbwhite\images\sidebar1-icon-sm.jpg --> uts.cc.utexas.edu /export/httpd/vhosts/texasbeyondhistory/data/protect/jbwhite/images sidebar1-icon-sm.jpg
2006.01.12 18:14 B Z:\Website Stuff\TBH Website Temp\jbwhite\images\sidebar1-icon.html --> uts.cc.utexas.edu /export/httpd/vhosts/texasbeyondhistory/data/protect/jbwhite/images sidebar1-icon.html
2006.01.12 18:14 B Z:\Website Stuff\TBH Website Temp\jbwhite\images\sidebar1-icon.jpg --> uts.cc.utexas.edu /export/httpd/vhosts/texasbeyondhistory/data/protect/jbwhite/images sidebar1-icon.jpg
2006.01.12 18:14 B Z:\Website Stuff\TBH Website Temp\jbwhite\images\sidebar1-iconsm.jpg --> uts.cc.utexas.edu /export/httpd/vhosts/texasbeyondhistory/data/protect/jbwhite/images sidebar1-iconsm.jpg
2006.01.12 18:14 B Z:\Website Stuff\TBH Website Temp\jbwhite\images\sidebarold.html --> uts.cc.utexas.edu /export/httpd/vhosts/texasbeyondhistory/data/protect/jbwhite/images sidebarold.html
2006.01.12 18:14 B Z:\Website Stuff\TBH Website Temp\jbwhite\images\sidebartemp.html --> uts.cc.utexas.edu /export/httpd/vhosts/texasbeyondhistory/data/protect/jbwhite/images sidebartemp.html
2006.01.12 18:14 B Z:\Website Stuff\TBH Website Temp\jbwhite\images\site-sm.jpg --> uts.cc.utexas.edu /export/httpd/vhosts/texasbeyondhistory/data/protect/jbwhite/images site-sm.jpg
2006.01.12 18:14 B Z:\Website Stuff\TBH Website Temp\jbwhite\images\site.html --> uts.cc.utexas.edu /export/httpd/vhosts/texasbeyondhistory/data/protect/jbwhite/images site.html
2006.01.12 18:14 B Z:\Website Stuff\TBH Website Temp\jbwhite\images\site.jpg --> uts.cc.utexas.edu /export/httpd/vhosts/texasbeyondhistory/data/protect/jbwhite/images site.jpg
2006.01.12 18:14 B Z:\Website Stuff\TBH Website Temp\jbwhite\images\textbanner2.html --> uts.cc.utexas.edu /export/httpd/vhosts/texasbeyondhistory/data/protect/jbwhite/images textbanner2.html
2006.01.12 18:14 B Z:\Website Stuff\TBH Website Temp\jbwhite\images\textbanner2old.html --> uts.cc.utexas.edu /export/httpd/vhosts/texasbeyondhistory/data/protect/jbwhite/images textbanner2old.html
2006.01.12 18:14 B Z:\Website Stuff\TBH Website Temp\jbwhite\images\textbanner2temp.html --> uts.cc.utexas.edu /export/httpd/vhosts/texasbeyondhistory/data/protect/jbwhite/images textbanner2temp.html
2006.01.12 18:14 B Z:\Website Stuff\TBH Website Temp\jbwhite\images\textbanner3.html --> uts.cc.utexas.edu /export/httpd/vhosts/texasbeyondhistory/data/protect/jbwhite/images textbanner3.html
2006.01.12 18:14 B Z:\Website Stuff\TBH Website Temp\jbwhite\images\textbox2abanner.jpg --> uts.cc.utexas.edu /export/httpd/vhosts/texasbeyondhistory/data/protect/jbwhite/images textbox2abanner.jpg
2006.01.12 18:14 B Z:\Website Stuff\TBH Website Temp\jbwhite\images\textbox2abanners-sm.jpg --> uts.cc.utexas.edu /export/httpd/vhosts/texasbeyondhistory/data/protect/jbwhite/images textbox2abanners-sm.jpg
2006.01.12 18:14 B Z:\Website Stuff\TBH Website Temp\jbwhite\images\textbox2abanners-sm.png --> uts.cc.utexas.edu /export/httpd/vhosts/texasbeyondhistory/data/protect/jbwhite/images textbox2abanners-sm.png
2006.01.12 18:14 B Z:\Website Stuff\TBH Website Temp\jbwhite\images\textbox2banner.jpg --> uts.cc.utexas.edu /export/httpd/vhosts/texasbeyondhistory/data/protect/jbwhite/images textbox2banner.jpg
2006.01.12 18:14 B Z:\Website Stuff\TBH Website Temp\jbwhite\images\textbox2banners-sm.jpg --> uts.cc.utexas.edu /export/httpd/vhosts/texasbeyondhistory/data/protect/jbwhite/images textbox2banners-sm.jpg
2006.01.12 18:14 B Z:\Website Stuff\TBH Website Temp\jbwhite\images\textbox2bbanner.jpg --> uts.cc.utexas.edu /export/httpd/vhosts/texasbeyondhistory/data/protect/jbwhite/images textbox2bbanner.jpg
2006.01.12 18:14 B Z:\Website Stuff\TBH Website Temp\jbwhite\images\textbox2bbanners-sm.jpg --> uts.cc.utexas.edu /export/httpd/vhosts/texasbeyondhistory/data/protect/jbwhite/images textbox2bbanners-sm.jpg
2006.01.12 18:14 B Z:\Website Stuff\TBH Website Temp\jbwhite\images\textbox2bbanners-sm.png --> uts.cc.utexas.edu /export/httpd/vhosts/texasbeyondhistory/data/protect/jbwhite/images textbox2bbanners-sm.png
2006.01.12 18:14 B Z:\Website Stuff\TBH Website Temp\jbwhite\images\textbox3-image-sm.jpg --> uts.cc.utexas.edu /export/httpd/vhosts/texasbeyondhistory/data/protect/jbwhite/images textbox3-image-sm.jpg
2006.01.12 18:14 B Z:\Website Stuff\TBH Website Temp\jbwhite\images\textbox3-image.jpg --> uts.cc.utexas.edu /export/httpd/vhosts/texasbeyondhistory/data/protect/jbwhite/images textbox3-image.jpg
2006.01.12 18:14 B Z:\Website Stuff\TBH Website Temp\jbwhite\images\Thumbs.db --> uts.cc.utexas.edu /export/httpd/vhosts/texasbeyondhistory/data/protect/jbwhite/images Thumbs.db
2006.01.12 18:14 B Z:\Website Stuff\TBH Website Temp\jbwhite\images\tooldist.html --> uts.cc.utexas.edu /export/httpd/vhosts/texasbeyondhistory/data/protect/jbwhite/images tooldist.html
2006.01.12 18:14 B Z:\Website Stuff\TBH Website Temp\jbwhite\images\tooldistold.html --> uts.cc.utexas.edu /export/httpd/vhosts/texasbeyondhistory/data/protect/jbwhite/images tooldistold.html
2006.01.12 18:14 B Z:\Website Stuff\TBH Website Temp\jbwhite\images\white-37.pdf --> uts.cc.utexas.edu /export/httpd/vhosts/texasbeyondhistory/data/protect/jbwhite/images white-37.pdf
2006.01.12 18:14 B Z:\Website Stuff\TBH Website Temp\jbwhite\images\wm230-c-1222-sm.jpg --> uts.cc.utexas.edu /export/httpd/vhosts/texasbeyondhistory/data/protect/jbwhite/images wm230-c-1222-sm.jpg
2006.01.12 18:14 B Z:\Website Stuff\TBH Website Temp\jbwhite\images\wm230-c-1222.html --> uts.cc.utexas.edu /export/httpd/vhosts/texasbeyondhistory/data/protect/jbwhite/images wm230-c-1222.html
2006.01.12 18:14 B Z:\Website Stuff\TBH Website Temp\jbwhite\images\wm230-c-1222.jpg --> uts.cc.utexas.edu /export/httpd/vhosts/texasbeyondhistory/data/protect/jbwhite/images wm230-c-1222.jpg
2006.01.12 18:28 B Z:\Website Stuff\TBH Website Temp\jbwhite\images\Figure20-sm.jpg --> uts.cc.utexas.edu /export/httpd/vhosts/texasbeyondhistory/data/protect/jbwhite/images Figure20-sm.jpg
2006.01.12 18:30 B Z:\Website Stuff\TBH Website Temp\jbwhite\images\Figure18a.html --> uts.cc.utexas.edu /export/httpd/vhosts/texasbeyondhistory/data/protect/jbwhite/images Figure18a.html
2006.01.12 18:30 B Z:\Website Stuff\TBH Website Temp\jbwhite\images\WS_FTP.LOG --> uts.cc.utexas.edu /export/httpd/vhosts/texasbeyondhistory/data/protect/jbwhite/images WS_FTP.LOG
2006.01.12 18:32 B Z:\Website Stuff\TBH Website Temp\jbwhite\images\figure8.html --> uts.cc.utexas.edu /export/httpd/vhosts/texasbeyondhistory/data/protect/jbwhite/images figure8.html
2006.01.12 18:33 B Z:\Website Stuff\TBH Website Temp\jbwhite\images\Figure20-sm.jpg --> uts.cc.utexas.edu /export/httpd/vhosts/texasbeyondhistory/data/protect/jbwhite/images Figure20-sm.jpg
2006.01.13 09:47 B P:\jbwhite\images\collagemain.jpg --> uts.cc.utexas.edu /export/httpd/vhosts/texasbeyondhistory/data/protect/jbwhite/images collagemain.jpg
2006.01.13 09:47 B P:\jbwhite\images\collagemain2.jpg --> uts.cc.utexas.edu /export/httpd/vhosts/texasbeyondhistory/data/protect/jbwhite/images collagemain2.jpg
2006.01.13 09:47 B P:\jbwhite\images\cooking-sm.jpg --> uts.cc.utexas.edu /export/httpd/vhosts/texasbeyondhistory/data/protect/jbwhite/images cooking-sm.jpg
2006.01.13 09:47 B P:\jbwhite\images\cooking.html --> uts.cc.utexas.edu /export/httpd/vhosts/texasbeyondhistory/data/protect/jbwhite/images cooking.html
2006.01.13 09:47 B P:\jbwhite\images\cooking.jpg --> uts.cc.utexas.edu /export/httpd/vhosts/texasbeyondhistory/data/protect/jbwhite/images cooking.jpg
2006.01.13 09:47 B P:\jbwhite\images\cover-sm.jpg --> uts.cc.utexas.edu /export/httpd/vhosts/texasbeyondhistory/data/protect/jbwhite/images cover-sm.jpg
2006.01.13 09:47 B P:\jbwhite\images\cover.jpg --> uts.cc.utexas.edu /export/httpd/vhosts/texasbeyondhistory/data/protect/jbwhite/images cover.jpg
2006.01.13 09:47 B P:\jbwhite\images\credits-icon.jpg --> uts.cc.utexas.edu /export/httpd/vhosts/texasbeyondhistory/data/protect/jbwhite/images credits-icon.jpg
2006.01.13 09:47 B P:\jbwhite\images\credits-icon1.jpg --> uts.cc.utexas.edu /export/httpd/vhosts/texasbeyondhistory/data/protect/jbwhite/images credits-icon1.jpg
2006.01.13 09:47 B P:\jbwhite\images\credits-icon1a.jpg --> uts.cc.utexas.edu /export/httpd/vhosts/texasbeyondhistory/data/protect/jbwhite/images credits-icon1a.jpg
2006.01.13 09:47 B P:\jbwhite\images\davis-m17-sm.jpg --> uts.cc.utexas.edu /export/httpd/vhosts/texasbeyondhistory/data/protect/jbwhite/images davis-m17-sm.jpg
2006.01.13 09:47 B P:\jbwhite\images\davis-m17.html --> uts.cc.utexas.edu /export/httpd/vhosts/texasbeyondhistory/data/protect/jbwhite/images davis-m17.html
2006.01.13 09:47 B P:\jbwhite\images\davis-m17.jpg --> uts.cc.utexas.edu /export/httpd/vhosts/texasbeyondhistory/data/protect/jbwhite/images davis-m17.jpg
2006.01.13 09:47 B P:\jbwhite\images\davis-m27-sm.jpg --> uts.cc.utexas.edu /export/httpd/vhosts/texasbeyondhistory/data/protect/jbwhite/images davis-m27-sm.jpg
2006.01.13 09:47 B P:\jbwhite\images\davis-m27.jpg --> uts.cc.utexas.edu /export/httpd/vhosts/texasbeyondhistory/data/protect/jbwhite/images davis-m27.jpg
2006.01.13 09:47 B P:\jbwhite\images\drying-sm.jpg --> uts.cc.utexas.edu /export/httpd/vhosts/texasbeyondhistory/data/protect/jbwhite/images drying-sm.jpg
2006.01.13 09:47 B P:\jbwhite\images\drying.html --> uts.cc.utexas.edu /export/httpd/vhosts/texasbeyondhistory/data/protect/jbwhite/images drying.html
2006.01.13 09:47 B P:\jbwhite\images\drying.jpg --> uts.cc.utexas.edu /export/httpd/vhosts/texasbeyondhistory/data/protect/jbwhite/images drying.jpg
2006.01.13 09:47 B P:\jbwhite\images\figure1-sm.jpg --> uts.cc.utexas.edu /export/httpd/vhosts/texasbeyondhistory/data/protect/jbwhite/images figure1-sm.jpg
2006.01.13 09:47 B P:\jbwhite\images\figure1.html --> uts.cc.utexas.edu /export/httpd/vhosts/texasbeyondhistory/data/protect/jbwhite/images figure1.html
2006.01.13 09:47 B P:\jbwhite\images\figure1.jpg --> uts.cc.utexas.edu /export/httpd/vhosts/texasbeyondhistory/data/protect/jbwhite/images figure1.jpg
2006.01.13 09:47 B P:\jbwhite\images\Figure10-sm.jpg --> uts.cc.utexas.edu /export/httpd/vhosts/texasbeyondhistory/data/protect/jbwhite/images Figure10-sm.jpg
2006.01.13 09:47 B P:\jbwhite\images\figure10.html --> uts.cc.utexas.edu /export/httpd/vhosts/texasbeyondhistory/data/protect/jbwhite/images figure10.html
2006.01.13 09:47 B P:\jbwhite\images\Figure10.jpg --> uts.cc.utexas.edu /export/httpd/vhosts/texasbeyondhistory/data/protect/jbwhite/images Figure10.jpg
2006.01.13 09:47 B P:\jbwhite\images\figure11-sm.jpg --> uts.cc.utexas.edu /export/httpd/vhosts/texasbeyondhistory/data/protect/jbwhite/images figure11-sm.jpg
2006.01.13 09:47 B P:\jbwhite\images\figure11.html --> uts.cc.utexas.edu /export/httpd/vhosts/texasbeyondhistory/data/protect/jbwhite/images figure11.html
2006.01.13 09:47 B P:\jbwhite\images\figure11.jpg --> uts.cc.utexas.edu /export/httpd/vhosts/texasbeyondhistory/data/protect/jbwhite/images figure11.jpg
2006.01.13 09:47 B P:\jbwhite\images\figure14-sm.jpg --> uts.cc.utexas.edu /export/httpd/vhosts/texasbeyondhistory/data/protect/jbwhite/images figure14-sm.jpg
2006.01.13 09:47 B P:\jbwhite\images\figure14.html --> uts.cc.utexas.edu /export/httpd/vhosts/texasbeyondhistory/data/protect/jbwhite/images figure14.html
2006.01.13 09:47 B P:\jbwhite\images\figure14.jpg --> uts.cc.utexas.edu /export/httpd/vhosts/texasbeyondhistory/data/protect/jbwhite/images figure14.jpg
2006.01.13 09:47 B P:\jbwhite\images\Figure15-sm.jpg --> uts.cc.utexas.edu /export/httpd/vhosts/texasbeyondhistory/data/protect/jbwhite/images Figure15-sm.jpg
2006.01.13 09:47 B P:\jbwhite\images\figure15.html --> uts.cc.utexas.edu /export/httpd/vhosts/texasbeyondhistory/data/protect/jbwhite/images figure15.html
2006.01.13 09:47 B P:\jbwhite\images\Figure15.jpg --> uts.cc.utexas.edu /export/httpd/vhosts/texasbeyondhistory/data/protect/jbwhite/images Figure15.jpg
2006.01.13 09:47 B P:\jbwhite\images\Figure16-sm.jpg --> uts.cc.utexas.edu /export/httpd/vhosts/texasbeyondhistory/data/protect/jbwhite/images Figure16-sm.jpg
2006.01.13 09:47 B P:\jbwhite\images\figure16.html --> uts.cc.utexas.edu /export/httpd/vhosts/texasbeyondhistory/data/protect/jbwhite/images figure16.html
2006.01.13 09:47 B P:\jbwhite\images\Figure16.jpg --> uts.cc.utexas.edu /export/httpd/vhosts/texasbeyondhistory/data/protect/jbwhite/images Figure16.jpg
2006.01.13 09:47 B P:\jbwhite\images\Figure17-sm.jpg --> uts.cc.utexas.edu /export/httpd/vhosts/texasbeyondhistory/data/protect/jbwhite/images Figure17-sm.jpg
2006.01.13 09:47 B P:\jbwhite\images\figure17.html --> uts.cc.utexas.edu /export/httpd/vhosts/texasbeyondhistory/data/protect/jbwhite/images figure17.html
2006.01.13 09:47 B P:\jbwhite\images\Figure17.jpg --> uts.cc.utexas.edu /export/httpd/vhosts/texasbeyondhistory/data/protect/jbwhite/images Figure17.jpg
2006.01.13 09:47 B P:\jbwhite\images\figure18a-sm.jpg --> uts.cc.utexas.edu /export/httpd/vhosts/texasbeyondhistory/data/protect/jbwhite/images figure18a-sm.jpg
2006.01.13 09:47 B P:\jbwhite\images\figure18a.html --> uts.cc.utexas.edu /export/httpd/vhosts/texasbeyondhistory/data/protect/jbwhite/images figure18a.html
2006.01.13 09:47 B P:\jbwhite\images\figure18a.jpg --> uts.cc.utexas.edu /export/httpd/vhosts/texasbeyondhistory/data/protect/jbwhite/images figure18a.jpg
2006.01.13 09:47 B P:\jbwhite\images\figure18b-sm.jpg --> uts.cc.utexas.edu /export/httpd/vhosts/texasbeyondhistory/data/protect/jbwhite/images figure18b-sm.jpg
2006.01.13 09:47 B P:\jbwhite\images\Figure18b.html --> uts.cc.utexas.edu /export/httpd/vhosts/texasbeyondhistory/data/protect/jbwhite/images Figure18b.html
2006.01.13 09:47 B P:\jbwhite\images\figure18b.jpg --> uts.cc.utexas.edu /export/httpd/vhosts/texasbeyondhistory/data/protect/jbwhite/images figure18b.jpg
2006.01.13 09:47 B P:\jbwhite\images\figure18c-sm.jpg --> uts.cc.utexas.edu /export/httpd/vhosts/texasbeyondhistory/data/protect/jbwhite/images figure18c-sm.jpg
2006.01.13 09:47 B P:\jbwhite\images\Figure18c.html --> uts.cc.utexas.edu /export/httpd/vhosts/texasbeyondhistory/data/protect/jbwhite/images Figure18c.html
2006.01.13 09:47 B P:\jbwhite\images\figure18c.jpg --> uts.cc.utexas.edu /export/httpd/vhosts/texasbeyondhistory/data/protect/jbwhite/images figure18c.jpg
2006.01.13 09:47 B P:\jbwhite\images\Figure19-sm.jpg --> uts.cc.utexas.edu /export/httpd/vhosts/texasbeyondhistory/data/protect/jbwhite/images Figure19-sm.jpg
2006.01.13 09:47 B P:\jbwhite\images\figure19.html --> uts.cc.utexas.edu /export/httpd/vhosts/texasbeyondhistory/data/protect/jbwhite/images figure19.html
2006.01.13 09:47 B P:\jbwhite\images\Figure19.jpg --> uts.cc.utexas.edu /export/httpd/vhosts/texasbeyondhistory/data/protect/jbwhite/images Figure19.jpg
2006.01.13 09:47 B P:\jbwhite\images\figure2-sm.jpg --> uts.cc.utexas.edu /export/httpd/vhosts/texasbeyondhistory/data/protect/jbwhite/images figure2-sm.jpg
2006.01.13 09:47 B P:\jbwhite\images\figure2.html --> uts.cc.utexas.edu /export/httpd/vhosts/texasbeyondhistory/data/protect/jbwhite/images figure2.html
2006.01.13 09:47 B P:\jbwhite\images\figure2.jpg --> uts.cc.utexas.edu /export/httpd/vhosts/texasbeyondhistory/data/protect/jbwhite/images figure2.jpg
2006.01.13 09:47 B P:\jbwhite\images\Figure20-sm.jpg --> uts.cc.utexas.edu /export/httpd/vhosts/texasbeyondhistory/data/protect/jbwhite/images Figure20-sm.jpg
2006.01.13 09:47 B P:\jbwhite\images\figure20.html --> uts.cc.utexas.edu /export/httpd/vhosts/texasbeyondhistory/data/protect/jbwhite/images figure20.html
2006.01.13 09:47 B P:\jbwhite\images\Figure20.jpg --> uts.cc.utexas.edu /export/httpd/vhosts/texasbeyondhistory/data/protect/jbwhite/images Figure20.jpg
2006.01.13 09:47 B P:\jbwhite\images\Figure21-sm.jpg --> uts.cc.utexas.edu /export/httpd/vhosts/texasbeyondhistory/data/protect/jbwhite/images Figure21-sm.jpg
2006.01.13 09:47 B P:\jbwhite\images\figure21.html --> uts.cc.utexas.edu /export/httpd/vhosts/texasbeyondhistory/data/protect/jbwhite/images figure21.html
2006.01.13 09:47 B P:\jbwhite\images\Figure21.jpg --> uts.cc.utexas.edu /export/httpd/vhosts/texasbeyondhistory/data/protect/jbwhite/images Figure21.jpg
2006.01.13 09:47 B P:\jbwhite\images\Figure22-sm.jpg --> uts.cc.utexas.edu /export/httpd/vhosts/texasbeyondhistory/data/protect/jbwhite/images Figure22-sm.jpg
2006.01.13 09:47 B P:\jbwhite\images\figure22.html --> uts.cc.utexas.edu /export/httpd/vhosts/texasbeyondhistory/data/protect/jbwhite/images figure22.html
2006.01.13 09:47 B P:\jbwhite\images\Figure22.jpg --> uts.cc.utexas.edu /export/httpd/vhosts/texasbeyondhistory/data/protect/jbwhite/images Figure22.jpg
2006.01.13 09:47 B P:\jbwhite\images\Figure23-sm.jpg --> uts.cc.utexas.edu /export/httpd/vhosts/texasbeyondhistory/data/protect/jbwhite/images Figure23-sm.jpg
2006.01.13 09:47 B P:\jbwhite\images\figure23.html --> uts.cc.utexas.edu /export/httpd/vhosts/texasbeyondhistory/data/protect/jbwhite/images figure23.html
2006.01.13 09:47 B P:\jbwhite\images\Figure23.jpg --> uts.cc.utexas.edu /export/httpd/vhosts/texasbeyondhistory/data/protect/jbwhite/images Figure23.jpg
2006.01.13 09:47 B P:\jbwhite\images\Figure24-sm.jpg --> uts.cc.utexas.edu /export/httpd/vhosts/texasbeyondhistory/data/protect/jbwhite/images Figure24-sm.jpg
2006.01.13 09:47 B P:\jbwhite\images\figure24.html --> uts.cc.utexas.edu /export/httpd/vhosts/texasbeyondhistory/data/protect/jbwhite/images figure24.html
2006.01.13 09:47 B P:\jbwhite\images\Figure24.jpg --> uts.cc.utexas.edu /export/httpd/vhosts/texasbeyondhistory/data/protect/jbwhite/images Figure24.jpg
2006.01.13 09:47 B P:\jbwhite\images\Figure25-sm.jpg --> uts.cc.utexas.edu /export/httpd/vhosts/texasbeyondhistory/data/protect/jbwhite/images Figure25-sm.jpg
2006.01.13 09:47 B P:\jbwhite\images\Figure25.html --> uts.cc.utexas.edu /export/httpd/vhosts/texasbeyondhistory/data/protect/jbwhite/images Figure25.html
2006.01.13 09:47 B P:\jbwhite\images\Figure25.jpg --> uts.cc.utexas.edu /export/httpd/vhosts/texasbeyondhistory/data/protect/jbwhite/images Figure25.jpg
2006.01.13 09:47 B P:\jbwhite\images\Figure26-sm.jpg --> uts.cc.utexas.edu /export/httpd/vhosts/texasbeyondhistory/data/protect/jbwhite/images Figure26-sm.jpg
2006.01.13 09:47 B P:\jbwhite\images\figure26.html --> uts.cc.utexas.edu /export/httpd/vhosts/texasbeyondhistory/data/protect/jbwhite/images figure26.html
2006.01.13 09:47 B P:\jbwhite\images\Figure26.jpg --> uts.cc.utexas.edu /export/httpd/vhosts/texasbeyondhistory/data/protect/jbwhite/images Figure26.jpg
2006.01.13 09:47 B P:\jbwhite\images\Figure27-sm.jpg --> uts.cc.utexas.edu /export/httpd/vhosts/texasbeyondhistory/data/protect/jbwhite/images Figure27-sm.jpg
2006.01.13 09:47 B P:\jbwhite\images\figure27.html --> uts.cc.utexas.edu /export/httpd/vhosts/texasbeyondhistory/data/protect/jbwhite/images figure27.html
2006.01.13 09:47 B P:\jbwhite\images\Figure27.jpg --> uts.cc.utexas.edu /export/httpd/vhosts/texasbeyondhistory/data/protect/jbwhite/images Figure27.jpg
2006.01.13 09:47 B P:\jbwhite\images\figure28-sm.jpg --> uts.cc.utexas.edu /export/httpd/vhosts/texasbeyondhistory/data/protect/jbwhite/images figure28-sm.jpg
2006.01.13 09:47 B P:\jbwhite\images\Figure28.html --> uts.cc.utexas.edu /export/httpd/vhosts/texasbeyondhistory/data/protect/jbwhite/images Figure28.html
2006.01.13 09:47 B P:\jbwhite\images\figure28.jpg --> uts.cc.utexas.edu /export/httpd/vhosts/texasbeyondhistory/data/protect/jbwhite/images figure28.jpg
2006.01.13 09:47 B P:\jbwhite\images\Figure29-sm.jpg --> uts.cc.utexas.edu /export/httpd/vhosts/texasbeyondhistory/data/protect/jbwhite/images Figure29-sm.jpg
2006.01.13 09:47 B P:\jbwhite\images\Figure29.jpg --> uts.cc.utexas.edu /export/httpd/vhosts/texasbeyondhistory/data/protect/jbwhite/images Figure29.jpg
2006.01.13 09:47 B P:\jbwhite\images\Figure30-sm.jpg --> uts.cc.utexas.edu /export/httpd/vhosts/texasbeyondhistory/data/protect/jbwhite/images Figure30-sm.jpg
2006.01.13 09:47 B P:\jbwhite\images\figure30.html --> uts.cc.utexas.edu /export/httpd/vhosts/texasbeyondhistory/data/protect/jbwhite/images figure30.html
2006.01.13 09:47 B P:\jbwhite\images\Figure30.jpg --> uts.cc.utexas.edu /export/httpd/vhosts/texasbeyondhistory/data/protect/jbwhite/images Figure30.jpg
2006.01.13 09:47 B P:\jbwhite\images\figure30a.htm --> uts.cc.utexas.edu /export/httpd/vhosts/texasbeyondhistory/data/protect/jbwhite/images figure30a.htm
2006.01.13 09:47 B P:\jbwhite\images\Figure31-sm.jpg --> uts.cc.utexas.edu /export/httpd/vhosts/texasbeyondhistory/data/protect/jbwhite/images Figure31-sm.jpg
2006.01.13 09:47 B P:\jbwhite\images\figure31.html --> uts.cc.utexas.edu /export/httpd/vhosts/texasbeyondhistory/data/protect/jbwhite/images figure31.html
2006.01.13 09:47 B P:\jbwhite\images\Figure31.jpg --> uts.cc.utexas.edu /export/httpd/vhosts/texasbeyondhistory/data/protect/jbwhite/images Figure31.jpg
2006.01.13 09:47 B P:\jbwhite\images\figure33-sm.jpg --> uts.cc.utexas.edu /export/httpd/vhosts/texasbeyondhistory/data/protect/jbwhite/images figure33-sm.jpg
2006.01.13 09:47 B P:\jbwhite\images\figure33.html --> uts.cc.utexas.edu /export/httpd/vhosts/texasbeyondhistory/data/protect/jbwhite/images figure33.html
2006.01.13 09:47 B P:\jbwhite\images\figure33.jpg --> uts.cc.utexas.edu /export/httpd/vhosts/texasbeyondhistory/data/protect/jbwhite/images figure33.jpg
2006.01.13 09:47 B P:\jbwhite\images\Figure34-sm.jpg --> uts.cc.utexas.edu /export/httpd/vhosts/texasbeyondhistory/data/protect/jbwhite/images Figure34-sm.jpg
2006.01.13 09:47 B P:\jbwhite\images\figure34.html --> uts.cc.utexas.edu /export/httpd/vhosts/texasbeyondhistory/data/protect/jbwhite/images figure34.html
2006.01.13 09:47 B P:\jbwhite\images\Figure34.jpg --> uts.cc.utexas.edu /export/httpd/vhosts/texasbeyondhistory/data/protect/jbwhite/images Figure34.jpg
2006.01.13 09:47 B P:\jbwhite\images\Figure35-sm.jpg --> uts.cc.utexas.edu /export/httpd/vhosts/texasbeyondhistory/data/protect/jbwhite/images Figure35-sm.jpg
2006.01.13 09:47 B P:\jbwhite\images\figure35.html --> uts.cc.utexas.edu /export/httpd/vhosts/texasbeyondhistory/data/protect/jbwhite/images figure35.html
2006.01.13 09:47 B P:\jbwhite\images\Figure35.jpg --> uts.cc.utexas.edu /export/httpd/vhosts/texasbeyondhistory/data/protect/jbwhite/images Figure35.jpg
2006.01.13 09:47 B P:\jbwhite\images\Figure36-sm.jpg --> uts.cc.utexas.edu /export/httpd/vhosts/texasbeyondhistory/data/protect/jbwhite/images Figure36-sm.jpg
2006.01.13 09:47 B P:\jbwhite\images\figure36.html --> uts.cc.utexas.edu /export/httpd/vhosts/texasbeyondhistory/data/protect/jbwhite/images figure36.html
2006.01.13 09:47 B P:\jbwhite\images\Figure36.jpg --> uts.cc.utexas.edu /export/httpd/vhosts/texasbeyondhistory/data/protect/jbwhite/images Figure36.jpg
2006.01.13 09:47 B P:\jbwhite\images\Figure38-sm.jpg --> uts.cc.utexas.edu /export/httpd/vhosts/texasbeyondhistory/data/protect/jbwhite/images Figure38-sm.jpg
2006.01.13 09:47 B P:\jbwhite\images\figure38.html --> uts.cc.utexas.edu /export/httpd/vhosts/texasbeyondhistory/data/protect/jbwhite/images figure38.html
2006.01.13 09:47 B P:\jbwhite\images\Figure38.jpg --> uts.cc.utexas.edu /export/httpd/vhosts/texasbeyondhistory/data/protect/jbwhite/images Figure38.jpg
2006.01.13 09:47 B P:\jbwhite\images\figure39a-sm.jpg --> uts.cc.utexas.edu /export/httpd/vhosts/texasbeyondhistory/data/protect/jbwhite/images figure39a-sm.jpg
2006.01.13 09:47 B P:\jbwhite\images\figure39a.html --> uts.cc.utexas.edu /export/httpd/vhosts/texasbeyondhistory/data/protect/jbwhite/images figure39a.html
2006.01.13 09:47 B P:\jbwhite\images\figure39a.jpg --> uts.cc.utexas.edu /export/httpd/vhosts/texasbeyondhistory/data/protect/jbwhite/images figure39a.jpg
2006.01.13 09:47 B P:\jbwhite\images\figure39b-sm.jpg --> uts.cc.utexas.edu /export/httpd/vhosts/texasbeyondhistory/data/protect/jbwhite/images figure39b-sm.jpg
2006.01.13 09:47 B P:\jbwhite\images\figure39b.html --> uts.cc.utexas.edu /export/httpd/vhosts/texasbeyondhistory/data/protect/jbwhite/images figure39b.html
2006.01.13 09:47 B P:\jbwhite\images\figure39b.jpg --> uts.cc.utexas.edu /export/httpd/vhosts/texasbeyondhistory/data/protect/jbwhite/images figure39b.jpg
2006.01.13 09:47 B P:\jbwhite\images\figure39c-sm.jpg --> uts.cc.utexas.edu /export/httpd/vhosts/texasbeyondhistory/data/protect/jbwhite/images figure39c-sm.jpg
2006.01.13 09:47 B P:\jbwhite\images\figure39c.html --> uts.cc.utexas.edu /export/httpd/vhosts/texasbeyondhistory/data/protect/jbwhite/images figure39c.html
2006.01.13 09:47 B P:\jbwhite\images\figure39c.jpg --> uts.cc.utexas.edu /export/httpd/vhosts/texasbeyondhistory/data/protect/jbwhite/images figure39c.jpg
2006.01.13 09:47 B P:\jbwhite\images\figure3a.jpg --> uts.cc.utexas.edu /export/httpd/vhosts/texasbeyondhistory/data/protect/jbwhite/images figure3a.jpg
2006.01.13 09:47 B P:\jbwhite\images\figure3b.jpg --> uts.cc.utexas.edu /export/httpd/vhosts/texasbeyondhistory/data/protect/jbwhite/images figure3b.jpg
2006.01.13 09:47 B P:\jbwhite\images\figure3c.jpg --> uts.cc.utexas.edu /export/httpd/vhosts/texasbeyondhistory/data/protect/jbwhite/images figure3c.jpg
2006.01.13 09:47 B P:\jbwhite\images\figure4-sm.jpg --> uts.cc.utexas.edu /export/httpd/vhosts/texasbeyondhistory/data/protect/jbwhite/images figure4-sm.jpg
2006.01.13 09:47 B P:\jbwhite\images\figure4.html --> uts.cc.utexas.edu /export/httpd/vhosts/texasbeyondhistory/data/protect/jbwhite/images figure4.html
2006.01.13 09:47 B P:\jbwhite\images\figure4.jpg --> uts.cc.utexas.edu /export/httpd/vhosts/texasbeyondhistory/data/protect/jbwhite/images figure4.jpg
2006.01.13 09:47 B P:\jbwhite\images\Figure41-sm.jpg --> uts.cc.utexas.edu /export/httpd/vhosts/texasbeyondhistory/data/protect/jbwhite/images Figure41-sm.jpg
2006.01.13 09:47 B P:\jbwhite\images\Figure41.html --> uts.cc.utexas.edu /export/httpd/vhosts/texasbeyondhistory/data/protect/jbwhite/images Figure41.html
2006.01.13 09:47 B P:\jbwhite\images\Figure41.jpg --> uts.cc.utexas.edu /export/httpd/vhosts/texasbeyondhistory/data/protect/jbwhite/images Figure41.jpg
2006.01.13 09:47 B P:\jbwhite\images\Figure42a-sm.jpg --> uts.cc.utexas.edu /export/httpd/vhosts/texasbeyondhistory/data/protect/jbwhite/images Figure42a-sm.jpg
2006.01.13 09:47 B P:\jbwhite\images\figure42a.html --> uts.cc.utexas.edu /export/httpd/vhosts/texasbeyondhistory/data/protect/jbwhite/images figure42a.html
2006.01.13 09:47 B P:\jbwhite\images\Figure42a.jpg --> uts.cc.utexas.edu /export/httpd/vhosts/texasbeyondhistory/data/protect/jbwhite/images Figure42a.jpg
2006.01.13 09:47 B P:\jbwhite\images\figure42b-sm.jpg --> uts.cc.utexas.edu /export/httpd/vhosts/texasbeyondhistory/data/protect/jbwhite/images figure42b-sm.jpg
2006.01.13 09:47 B P:\jbwhite\images\figure42b.html --> uts.cc.utexas.edu /export/httpd/vhosts/texasbeyondhistory/data/protect/jbwhite/images figure42b.html
2006.01.13 09:47 B P:\jbwhite\images\figure42b.jpg --> uts.cc.utexas.edu /export/httpd/vhosts/texasbeyondhistory/data/protect/jbwhite/images figure42b.jpg
2006.01.13 09:47 B P:\jbwhite\images\Figure43-sm.jpg --> uts.cc.utexas.edu /export/httpd/vhosts/texasbeyondhistory/data/protect/jbwhite/images Figure43-sm.jpg
2006.01.13 09:47 B P:\jbwhite\images\figure43.html --> uts.cc.utexas.edu /export/httpd/vhosts/texasbeyondhistory/data/protect/jbwhite/images figure43.html
2006.01.13 09:47 B P:\jbwhite\images\Figure43.jpg --> uts.cc.utexas.edu /export/httpd/vhosts/texasbeyondhistory/data/protect/jbwhite/images Figure43.jpg
2006.01.13 09:47 B P:\jbwhite\images\Figure44-sm.jpg --> uts.cc.utexas.edu /export/httpd/vhosts/texasbeyondhistory/data/protect/jbwhite/images Figure44-sm.jpg
2006.01.13 09:47 B P:\jbwhite\images\figure44.html --> uts.cc.utexas.edu /export/httpd/vhosts/texasbeyondhistory/data/protect/jbwhite/images figure44.html
2006.01.13 09:47 B P:\jbwhite\images\Figure44.jpg --> uts.cc.utexas.edu /export/httpd/vhosts/texasbeyondhistory/data/protect/jbwhite/images Figure44.jpg
2006.01.13 09:47 B P:\jbwhite\images\figure45-sm.jpg --> uts.cc.utexas.edu /export/httpd/vhosts/texasbeyondhistory/data/protect/jbwhite/images figure45-sm.jpg
2006.01.13 09:47 B P:\jbwhite\images\figure45.html --> uts.cc.utexas.edu /export/httpd/vhosts/texasbeyondhistory/data/protect/jbwhite/images figure45.html
2006.01.13 09:47 B P:\jbwhite\images\figure45.jpg --> uts.cc.utexas.edu /export/httpd/vhosts/texasbeyondhistory/data/protect/jbwhite/images figure45.jpg
2006.01.13 09:47 B P:\jbwhite\images\figure46a-sm.jpg --> uts.cc.utexas.edu /export/httpd/vhosts/texasbeyondhistory/data/protect/jbwhite/images figure46a-sm.jpg
2006.01.13 09:47 B P:\jbwhite\images\figure46a.html --> uts.cc.utexas.edu /export/httpd/vhosts/texasbeyondhistory/data/protect/jbwhite/images figure46a.html
2006.01.13 09:47 B P:\jbwhite\images\figure46a.jpg --> uts.cc.utexas.edu /export/httpd/vhosts/texasbeyondhistory/data/protect/jbwhite/images figure46a.jpg
2006.01.13 09:47 B P:\jbwhite\images\figure46b-sm.jpg --> uts.cc.utexas.edu /export/httpd/vhosts/texasbeyondhistory/data/protect/jbwhite/images figure46b-sm.jpg
2006.01.13 09:47 B P:\jbwhite\images\figure46b.html --> uts.cc.utexas.edu /export/httpd/vhosts/texasbeyondhistory/data/protect/jbwhite/images figure46b.html
2006.01.13 09:47 B P:\jbwhite\images\figure46b.jpg --> uts.cc.utexas.edu /export/httpd/vhosts/texasbeyondhistory/data/protect/jbwhite/images figure46b.jpg
2006.01.13 09:47 B P:\jbwhite\images\Figure49-sm.jpg --> uts.cc.utexas.edu /export/httpd/vhosts/texasbeyondhistory/data/protect/jbwhite/images Figure49-sm.jpg
2006.01.13 09:47 B P:\jbwhite\images\figure49.html --> uts.cc.utexas.edu /export/httpd/vhosts/texasbeyondhistory/data/protect/jbwhite/images figure49.html
2006.01.13 09:47 B P:\jbwhite\images\Figure49.jpg --> uts.cc.utexas.edu /export/httpd/vhosts/texasbeyondhistory/data/protect/jbwhite/images Figure49.jpg
2006.01.13 09:47 B P:\jbwhite\images\figure5-sm.jpg --> uts.cc.utexas.edu /export/httpd/vhosts/texasbeyondhistory/data/protect/jbwhite/images figure5-sm.jpg
2006.01.13 09:47 B P:\jbwhite\images\figure5.html --> uts.cc.utexas.edu /export/httpd/vhosts/texasbeyondhistory/data/protect/jbwhite/images figure5.html
2006.01.13 09:47 B P:\jbwhite\images\figure5.jpg --> uts.cc.utexas.edu /export/httpd/vhosts/texasbeyondhistory/data/protect/jbwhite/images figure5.jpg
2006.01.13 09:47 B P:\jbwhite\images\figure6-sm.jpg --> uts.cc.utexas.edu /export/httpd/vhosts/texasbeyondhistory/data/protect/jbwhite/images figure6-sm.jpg
2006.01.13 09:47 B P:\jbwhite\images\figure6.html --> uts.cc.utexas.edu /export/httpd/vhosts/texasbeyondhistory/data/protect/jbwhite/images figure6.html
2006.01.13 09:47 B P:\jbwhite\images\figure6.jpg --> uts.cc.utexas.edu /export/httpd/vhosts/texasbeyondhistory/data/protect/jbwhite/images figure6.jpg
2006.01.13 09:47 B P:\jbwhite\images\figure7-sm.jpg --> uts.cc.utexas.edu /export/httpd/vhosts/texasbeyondhistory/data/protect/jbwhite/images figure7-sm.jpg
2006.01.13 09:47 B P:\jbwhite\images\figure7.html --> uts.cc.utexas.edu /export/httpd/vhosts/texasbeyondhistory/data/protect/jbwhite/images figure7.html
2006.01.13 09:47 B P:\jbwhite\images\figure7.jpg --> uts.cc.utexas.edu /export/httpd/vhosts/texasbeyondhistory/data/protect/jbwhite/images figure7.jpg
2006.01.13 09:47 B P:\jbwhite\images\Figure8-sm.jpg --> uts.cc.utexas.edu /export/httpd/vhosts/texasbeyondhistory/data/protect/jbwhite/images Figure8-sm.jpg
2006.01.13 09:47 B P:\jbwhite\images\figure8.html --> uts.cc.utexas.edu /export/httpd/vhosts/texasbeyondhistory/data/protect/jbwhite/images figure8.html
2006.01.13 09:47 B P:\jbwhite\images\Figure8.jpg --> uts.cc.utexas.edu /export/httpd/vhosts/texasbeyondhistory/data/protect/jbwhite/images Figure8.jpg
2006.01.13 09:47 B P:\jbwhite\images\Figure9-sm.jpg --> uts.cc.utexas.edu /export/httpd/vhosts/texasbeyondhistory/data/protect/jbwhite/images Figure9-sm.jpg
2006.01.13 09:47 B P:\jbwhite\images\figure9.html --> uts.cc.utexas.edu /export/httpd/vhosts/texasbeyondhistory/data/protect/jbwhite/images figure9.html
2006.01.13 09:47 B P:\jbwhite\images\Figure9.jpg --> uts.cc.utexas.edu /export/httpd/vhosts/texasbeyondhistory/data/protect/jbwhite/images Figure9.jpg
2006.01.13 09:47 B P:\jbwhite\images\follow.gif --> uts.cc.utexas.edu /export/httpd/vhosts/texasbeyondhistory/data/protect/jbwhite/images follow.gif
2006.01.13 09:47 B P:\jbwhite\images\follow.jpg --> uts.cc.utexas.edu /export/httpd/vhosts/texasbeyondhistory/data/protect/jbwhite/images follow.jpg
2006.01.13 09:47 B P:\jbwhite\images\frances.jpg --> uts.cc.utexas.edu /export/httpd/vhosts/texasbeyondhistory/data/protect/jbwhite/images frances.jpg
2006.01.13 09:47 B P:\jbwhite\images\hearth-sm.jpg --> uts.cc.utexas.edu /export/httpd/vhosts/texasbeyondhistory/data/protect/jbwhite/images hearth-sm.jpg
2006.01.13 09:47 B P:\jbwhite\images\hearth.html --> uts.cc.utexas.edu /export/httpd/vhosts/texasbeyondhistory/data/protect/jbwhite/images hearth.html
2006.01.13 09:47 B P:\jbwhite\images\hearth.jpg --> uts.cc.utexas.edu /export/httpd/vhosts/texasbeyondhistory/data/protect/jbwhite/images hearth.jpg
2006.01.13 09:47 B P:\jbwhite\images\hunter-sm.jpg --> uts.cc.utexas.edu /export/httpd/vhosts/texasbeyondhistory/data/protect/jbwhite/images hunter-sm.jpg
2006.01.13 09:47 B P:\jbwhite\images\hunter.html --> uts.cc.utexas.edu /export/httpd/vhosts/texasbeyondhistory/data/protect/jbwhite/images hunter.html
2006.01.13 09:47 B P:\jbwhite\images\hunter.jpg --> uts.cc.utexas.edu /export/httpd/vhosts/texasbeyondhistory/data/protect/jbwhite/images hunter.jpg
2006.01.13 09:47 B P:\jbwhite\images\icon main1.jpg --> uts.cc.utexas.edu /export/httpd/vhosts/texasbeyondhistory/data/protect/jbwhite/images icon main1.jpg
2006.01.13 09:47 B P:\jbwhite\images\icon-exports.jpg --> uts.cc.utexas.edu /export/httpd/vhosts/texasbeyondhistory/data/protect/jbwhite/images icon-exports.jpg
2006.01.13 09:47 B P:\jbwhite\images\icon-habitation.jpg --> uts.cc.utexas.edu /export/httpd/vhosts/texasbeyondhistory/data/protect/jbwhite/images icon-habitation.jpg
2006.01.13 09:47 B P:\jbwhite\images\icon-invest.jpg --> uts.cc.utexas.edu /export/httpd/vhosts/texasbeyondhistory/data/protect/jbwhite/images icon-invest.jpg
2006.01.13 09:47 B P:\jbwhite\images\icon-scratching.jpg --> uts.cc.utexas.edu /export/httpd/vhosts/texasbeyondhistory/data/protect/jbwhite/images icon-scratching.jpg
2006.01.13 09:47 B P:\jbwhite\images\image-lgx2b.html --> uts.cc.utexas.edu /export/httpd/vhosts/texasbeyondhistory/data/protect/jbwhite/images image-lgx2b.html
2006.01.13 09:47 B P:\jbwhite\images\knappers.jpg --> uts.cc.utexas.edu /export/httpd/vhosts/texasbeyondhistory/data/protect/jbwhite/images knappers.jpg
2006.01.13 09:47 B P:\jbwhite\images\mcguires-sm.jpg --> uts.cc.utexas.edu /export/httpd/vhosts/texasbeyondhistory/data/protect/jbwhite/images mcguires-sm.jpg
2006.01.13 09:47 B P:\jbwhite\images\mcguires.html --> uts.cc.utexas.edu /export/httpd/vhosts/texasbeyondhistory/data/protect/jbwhite/images mcguires.html
2006.01.13 09:47 B P:\jbwhite\images\mcguires.jpg --> uts.cc.utexas.edu /export/httpd/vhosts/texasbeyondhistory/data/protect/jbwhite/images mcguires.jpg
2006.01.13 09:47 B P:\jbwhite\images\musselmania-sm.jpg --> uts.cc.utexas.edu /export/httpd/vhosts/texasbeyondhistory/data/protect/jbwhite/images musselmania-sm.jpg
2006.01.13 09:47 B P:\jbwhite\images\musselmania.jpg --> uts.cc.utexas.edu /export/httpd/vhosts/texasbeyondhistory/data/protect/jbwhite/images musselmania.jpg
2006.01.13 09:47 B P:\jbwhite\images\mussels-sm.jpg --> uts.cc.utexas.edu /export/httpd/vhosts/texasbeyondhistory/data/protect/jbwhite/images mussels-sm.jpg
2006.01.13 09:47 B P:\jbwhite\images\mussels.html --> uts.cc.utexas.edu /export/httpd/vhosts/texasbeyondhistory/data/protect/jbwhite/images mussels.html
2006.01.13 09:47 B P:\jbwhite\images\mussels.jpg --> uts.cc.utexas.edu /export/httpd/vhosts/texasbeyondhistory/data/protect/jbwhite/images mussels.jpg
2006.01.13 09:47 B P:\jbwhite\images\pecantree-sm.jpg --> uts.cc.utexas.edu /export/httpd/vhosts/texasbeyondhistory/data/protect/jbwhite/images pecantree-sm.jpg
2006.01.13 09:47 B P:\jbwhite\images\pecantree.html --> uts.cc.utexas.edu /export/httpd/vhosts/texasbeyondhistory/data/protect/jbwhite/images pecantree.html
2006.01.13 09:47 B P:\jbwhite\images\pecantree.jpg --> uts.cc.utexas.edu /export/httpd/vhosts/texasbeyondhistory/data/protect/jbwhite/images pecantree.jpg
2006.01.13 09:47 B P:\jbwhite\images\shell-sm.jpg --> uts.cc.utexas.edu /export/httpd/vhosts/texasbeyondhistory/data/protect/jbwhite/images shell-sm.jpg
2006.01.13 09:47 B P:\jbwhite\images\shell.html --> uts.cc.utexas.edu /export/httpd/vhosts/texasbeyondhistory/data/protect/jbwhite/images shell.html
2006.01.13 09:47 B P:\jbwhite\images\shell.jpg --> uts.cc.utexas.edu /export/httpd/vhosts/texasbeyondhistory/data/protect/jbwhite/images shell.jpg
2006.01.13 09:47 B P:\jbwhite\images\sidebar.html --> uts.cc.utexas.edu /export/httpd/vhosts/texasbeyondhistory/data/protect/jbwhite/images sidebar.html
2006.01.13 09:47 B P:\jbwhite\images\sidebar1-icon-sm.jpg --> uts.cc.utexas.edu /export/httpd/vhosts/texasbeyondhistory/data/protect/jbwhite/images sidebar1-icon-sm.jpg
2006.01.13 09:47 B P:\jbwhite\images\sidebar1-icon.html --> uts.cc.utexas.edu /export/httpd/vhosts/texasbeyondhistory/data/protect/jbwhite/images sidebar1-icon.html
2006.01.13 09:47 B P:\jbwhite\images\sidebar1-icon.jpg --> uts.cc.utexas.edu /export/httpd/vhosts/texasbeyondhistory/data/protect/jbwhite/images sidebar1-icon.jpg
2006.01.13 09:47 B P:\jbwhite\images\sidebar1-iconsm.jpg --> uts.cc.utexas.edu /export/httpd/vhosts/texasbeyondhistory/data/protect/jbwhite/images sidebar1-iconsm.jpg
2006.01.13 09:47 B P:\jbwhite\images\sidebarold.html --> uts.cc.utexas.edu /export/httpd/vhosts/texasbeyondhistory/data/protect/jbwhite/images sidebarold.html
2006.01.13 09:47 B P:\jbwhite\images\sidebartemp.html --> uts.cc.utexas.edu /export/httpd/vhosts/texasbeyondhistory/data/protect/jbwhite/images sidebartemp.html
2006.01.13 09:47 B P:\jbwhite\images\site-sm.jpg --> uts.cc.utexas.edu /export/httpd/vhosts/texasbeyondhistory/data/protect/jbwhite/images site-sm.jpg
2006.01.13 09:47 B P:\jbwhite\images\site.html --> uts.cc.utexas.edu /export/httpd/vhosts/texasbeyondhistory/data/protect/jbwhite/images site.html
2006.01.13 09:47 B P:\jbwhite\images\site.jpg --> uts.cc.utexas.edu /export/httpd/vhosts/texasbeyondhistory/data/protect/jbwhite/images site.jpg
2006.01.13 09:47 B P:\jbwhite\images\textbanner2.html --> uts.cc.utexas.edu /export/httpd/vhosts/texasbeyondhistory/data/protect/jbwhite/images textbanner2.html
2006.01.13 09:47 B P:\jbwhite\images\textbanner2old.html --> uts.cc.utexas.edu /export/httpd/vhosts/texasbeyondhistory/data/protect/jbwhite/images textbanner2old.html
2006.01.13 09:47 B P:\jbwhite\images\textbanner2temp.html --> uts.cc.utexas.edu /export/httpd/vhosts/texasbeyondhistory/data/protect/jbwhite/images textbanner2temp.html
2006.01.13 09:47 B P:\jbwhite\images\textbanner3.html --> uts.cc.utexas.edu /export/httpd/vhosts/texasbeyondhistory/data/protect/jbwhite/images textbanner3.html
2006.01.13 09:47 B P:\jbwhite\images\textbox2abanner.jpg --> uts.cc.utexas.edu /export/httpd/vhosts/texasbeyondhistory/data/protect/jbwhite/images textbox2abanner.jpg
2006.01.13 09:47 B P:\jbwhite\images\textbox2abanners-sm.jpg --> uts.cc.utexas.edu /export/httpd/vhosts/texasbeyondhistory/data/protect/jbwhite/images textbox2abanners-sm.jpg
2006.01.13 09:47 B P:\jbwhite\images\textbox2abanners-sm.png --> uts.cc.utexas.edu /export/httpd/vhosts/texasbeyondhistory/data/protect/jbwhite/images textbox2abanners-sm.png
2006.01.13 09:47 B P:\jbwhite\images\textbox2banner.jpg --> uts.cc.utexas.edu /export/httpd/vhosts/texasbeyondhistory/data/protect/jbwhite/images textbox2banner.jpg
2006.01.13 09:47 B P:\jbwhite\images\textbox2banners-sm.jpg --> uts.cc.utexas.edu /export/httpd/vhosts/texasbeyondhistory/data/protect/jbwhite/images textbox2banners-sm.jpg
2006.01.13 09:47 B P:\jbwhite\images\textbox2bbanner.jpg --> uts.cc.utexas.edu /export/httpd/vhosts/texasbeyondhistory/data/protect/jbwhite/images textbox2bbanner.jpg
2006.01.13 09:47 B P:\jbwhite\images\textbox2bbanners-sm.jpg --> uts.cc.utexas.edu /export/httpd/vhosts/texasbeyondhistory/data/protect/jbwhite/images textbox2bbanners-sm.jpg
2006.01.13 09:47 B P:\jbwhite\images\textbox2bbanners-sm.png --> uts.cc.utexas.edu /export/httpd/vhosts/texasbeyondhistory/data/protect/jbwhite/images textbox2bbanners-sm.png
2006.01.13 09:47 B P:\jbwhite\images\textbox3-image-sm.jpg --> uts.cc.utexas.edu /export/httpd/vhosts/texasbeyondhistory/data/protect/jbwhite/images textbox3-image-sm.jpg
2006.01.13 09:48 B P:\jbwhite\images\textbox3-image.jpg --> uts.cc.utexas.edu /export/httpd/vhosts/texasbeyondhistory/data/protect/jbwhite/images textbox3-image.jpg
2006.01.13 09:48 B P:\jbwhite\images\Thumbs.db --> uts.cc.utexas.edu /export/httpd/vhosts/texasbeyondhistory/data/protect/jbwhite/images Thumbs.db
2006.01.13 09:48 B P:\jbwhite\images\tooldist.html --> uts.cc.utexas.edu /export/httpd/vhosts/texasbeyondhistory/data/protect/jbwhite/images tooldist.html
2006.01.13 09:48 B P:\jbwhite\images\tooldistold.html --> uts.cc.utexas.edu /export/httpd/vhosts/texasbeyondhistory/data/protect/jbwhite/images tooldistold.html
2006.01.13 09:48 B P:\jbwhite\images\white-37.pdf --> uts.cc.utexas.edu /export/httpd/vhosts/texasbeyondhistory/data/protect/jbwhite/images white-37.pdf
2006.01.13 09:48 B P:\jbwhite\images\wm230-c-1222-sm.jpg --> uts.cc.utexas.edu /export/httpd/vhosts/texasbeyondhistory/data/protect/jbwhite/images wm230-c-1222-sm.jpg
2006.01.13 09:48 B P:\jbwhite\images\wm230-c-1222.html --> uts.cc.utexas.edu /export/httpd/vhosts/texasbeyondhistory/data/protect/jbwhite/images wm230-c-1222.html
2006.01.13 09:48 B P:\jbwhite\images\wm230-c-1222.jpg --> uts.cc.utexas.edu /export/httpd/vhosts/texasbeyondhistory/data/protect/jbwhite/images wm230-c-1222.jpg
2006.01.13 09:48 B P:\jbwhite\images\WS_FTP.LOG --> uts.cc.utexas.edu /export/httpd/vhosts/texasbeyondhistory/data/protect/jbwhite/images WS_FTP.LOG
2006.01.13 10:03 B Z:\Website Stuff\TBH Website Temp\jbwhite\images\figure10.html --> uts.cc.utexas.edu /export/httpd/vhosts/texasbeyondhistory/data/protect/jbwhite/images figure10.html
2006.01.13 10:09 B Z:\Website Stuff\TBH Website Temp\jbwhite\images\figure10.html --> uts.cc.utexas.edu /export/httpd/vhosts/texasbeyondhistory/data/protect/jbwhite/images figure10.html
2006.01.13 10:10 B Z:\Website Stuff\TBH Website Temp\jbwhite\images\figure11.html --> uts.cc.utexas.edu /export/httpd/vhosts/texasbeyondhistory/data/protect/jbwhite/images figure11.html
2006.01.13 10:13 B Z:\Website Stuff\TBH Website Temp\jbwhite\images\site.html --> uts.cc.utexas.edu /export/httpd/vhosts/texasbeyondhistory/data/protect/jbwhite/images site.html
2006.01.13 10:14 B Z:\Website Stuff\TBH Website Temp\jbwhite\images\site.html --> uts.cc.utexas.edu /export/httpd/vhosts/texasbeyondhistory/data/protect/jbwhite/images site.html
2006.01.13 10:15 B Z:\Website Stuff\TBH Website Temp\jbwhite\images\hunter.html --> uts.cc.utexas.edu /export/httpd/vhosts/texasbeyondhistory/data/protect/jbwhite/images hunter.html
2006.01.13 10:37 B Z:\Website Stuff\TBH Website Temp\jbwhite\images\sidebar.html --> uts.cc.utexas.edu /export/httpd/vhosts/texasbeyondhistory/data/protect/jbwhite/images sidebar.html
2006.01.13 10:43 B Z:\Website Stuff\TBH Website Temp\jbwhite\images\mussels.html --> uts.cc.utexas.edu /export/httpd/vhosts/texasbeyondhistory/data/protect/jbwhite/images mussels.html
2006.01.31 09:59 B Z:\Website Stuff\TBH Website Temp\jbwhite\images\mcguires.html --> uts.cc.utexas.edu /export/httpd/vhosts/texasbeyondhistory/data/protect/jbwhite/images mcguires.html
2006.01.31 10:51 B Z:\Website Stuff\TBH Website Temp\jbwhite\images\figure14.html --> uts.cc.utexas.edu /export/httpd/vhosts/texasbeyondhistory/data/protect/jbwhite/images figure14.html
2006.01.31 10:53 B Z:\Website Stuff\TBH Website Temp\jbwhite\images\Figure49.html --> uts.cc.utexas.edu /export/httpd/vhosts/texasbeyondhistory/data/protect/jbwhite/images Figure49.html
2006.02.02 09:57 B P:\jbwhite\images\sidebar.html --> uts.cc.utexas.edu /export/httpd/vhosts/texasbeyondhistory/data/jbwhite/images sidebar.html
2006.02.02 09:57 B P:\jbwhite\images\jbwh.jpg --> uts.cc.utexas.edu /export/httpd/vhosts/texasbeyondhistory/data/jbwhite/images jbwh.jpg
