2007.12.11 15:22 B K:\TBH Website Temp\hueco\credits.html --> uts.cc.utexas.edu /export/httpd/vhosts/texasbeyondhistory/data/protect/hueco credits.html
2007.12.11 15:22 B K:\TBH Website Temp\hueco\explorations-old.html --> uts.cc.utexas.edu /export/httpd/vhosts/texasbeyondhistory/data/protect/hueco explorations-old.html
2007.12.11 15:22 B K:\TBH Website Temp\hueco\explorations.html --> uts.cc.utexas.edu /export/httpd/vhosts/texasbeyondhistory/data/protect/hueco explorations.html
2007.12.11 15:22 B K:\TBH Website Temp\hueco\gallery.html --> uts.cc.utexas.edu /export/httpd/vhosts/texasbeyondhistory/data/protect/hueco gallery.html
2007.12.11 15:22 B K:\TBH Website Temp\hueco\iconsetting.fla --> uts.cc.utexas.edu /export/httpd/vhosts/texasbeyondhistory/data/protect/hueco iconsetting.fla
2007.12.11 15:22 B K:\TBH Website Temp\hueco\iconsetting.swf --> uts.cc.utexas.edu /export/httpd/vhosts/texasbeyondhistory/data/protect/hueco iconsetting.swf
2007.12.11 15:22 B K:\TBH Website Temp\hueco\index.html --> uts.cc.utexas.edu /export/httpd/vhosts/texasbeyondhistory/data/protect/hueco index.html
2007.12.11 15:22 B K:\TBH Website Temp\hueco\kids.html --> uts.cc.utexas.edu /export/httpd/vhosts/texasbeyondhistory/data/protect/hueco kids.html
2007.12.11 15:22 B K:\TBH Website Temp\hueco\life.html --> uts.cc.utexas.edu /export/httpd/vhosts/texasbeyondhistory/data/protect/hueco life.html
2007.12.11 15:22 B K:\TBH Website Temp\hueco\paleoclimate.html --> uts.cc.utexas.edu /export/httpd/vhosts/texasbeyondhistory/data/protect/hueco paleoclimate.html
2007.12.11 15:22 B K:\TBH Website Temp\hueco\rockart.html --> uts.cc.utexas.edu /export/httpd/vhosts/texasbeyondhistory/data/protect/hueco rockart.html
2007.12.11 15:22 B K:\TBH Website Temp\hueco\setting.html --> uts.cc.utexas.edu /export/httpd/vhosts/texasbeyondhistory/data/protect/hueco setting.html
2007.12.21 18:11 B L:\TBH Website Temp\hueco\credits.html --> uts.cc.utexas.edu /export/httpd/vhosts/texasbeyondhistory/data/protect/hueco credits.html
2007.12.21 18:11 B L:\TBH Website Temp\hueco\credits_1.html --> uts.cc.utexas.edu /export/httpd/vhosts/texasbeyondhistory/data/protect/hueco credits_1.html
2007.12.21 18:11 B L:\TBH Website Temp\hueco\explorations-old.html --> uts.cc.utexas.edu /export/httpd/vhosts/texasbeyondhistory/data/protect/hueco explorations-old.html
2007.12.21 18:11 B L:\TBH Website Temp\hueco\explorations.html --> uts.cc.utexas.edu /export/httpd/vhosts/texasbeyondhistory/data/protect/hueco explorations.html
2007.12.21 18:11 B L:\TBH Website Temp\hueco\gallery.html --> uts.cc.utexas.edu /export/httpd/vhosts/texasbeyondhistory/data/protect/hueco gallery.html
2007.12.21 18:11 B L:\TBH Website Temp\hueco\Hueco Tanks.mht --> uts.cc.utexas.edu /export/httpd/vhosts/texasbeyondhistory/data/protect/hueco Hueco Tanks.mht
2007.12.21 18:11 B L:\TBH Website Temp\hueco\iconsetting.fla --> uts.cc.utexas.edu /export/httpd/vhosts/texasbeyondhistory/data/protect/hueco iconsetting.fla
2007.12.21 18:11 B L:\TBH Website Temp\hueco\iconsetting.swf --> uts.cc.utexas.edu /export/httpd/vhosts/texasbeyondhistory/data/protect/hueco iconsetting.swf
2007.12.21 18:11 B L:\TBH Website Temp\hueco\index.html --> uts.cc.utexas.edu /export/httpd/vhosts/texasbeyondhistory/data/protect/hueco index.html
2007.12.21 18:11 B L:\TBH Website Temp\hueco\kids.html --> uts.cc.utexas.edu /export/httpd/vhosts/texasbeyondhistory/data/protect/hueco kids.html
2007.12.21 18:11 B L:\TBH Website Temp\hueco\life.html --> uts.cc.utexas.edu /export/httpd/vhosts/texasbeyondhistory/data/protect/hueco life.html
2007.12.21 18:11 B L:\TBH Website Temp\hueco\paleoclimate.html --> uts.cc.utexas.edu /export/httpd/vhosts/texasbeyondhistory/data/protect/hueco paleoclimate.html
2007.12.21 18:11 B L:\TBH Website Temp\hueco\rockart.html --> uts.cc.utexas.edu /export/httpd/vhosts/texasbeyondhistory/data/protect/hueco rockart.html
2007.12.21 18:11 B L:\TBH Website Temp\hueco\setting.html --> uts.cc.utexas.edu /export/httpd/vhosts/texasbeyondhistory/data/protect/hueco setting.html
2007.12.21 18:11 B L:\TBH Website Temp\hueco\story.html --> uts.cc.utexas.edu /export/httpd/vhosts/texasbeyondhistory/data/protect/hueco story.html
2007.12.21 18:11 B L:\TBH Website Temp\hueco\WS_FTP.LOG --> uts.cc.utexas.edu /export/httpd/vhosts/texasbeyondhistory/data/protect/hueco WS_FTP.LOG
2008.01.02 17:29 B K:\TBH Website Temp\hueco\explorations.html --> uts.cc.utexas.edu /export/httpd/vhosts/texasbeyondhistory/data/protect/hueco explorations.html
2008.01.03 15:37 B K:\TBH Website Temp\hueco\life.html --> uts.cc.utexas.edu /export/httpd/vhosts/texasbeyondhistory/data/protect/hueco life.html
2008.01.03 15:37 B K:\TBH Website Temp\hueco\story.html --> uts.cc.utexas.edu /export/httpd/vhosts/texasbeyondhistory/data/protect/hueco story.html
2008.01.03 15:37 B K:\TBH Website Temp\hueco\setting.html --> uts.cc.utexas.edu /export/httpd/vhosts/texasbeyondhistory/data/protect/hueco setting.html
2008.01.03 15:37 B K:\TBH Website Temp\hueco\rockart.html --> uts.cc.utexas.edu /export/httpd/vhosts/texasbeyondhistory/data/protect/hueco rockart.html
2008.01.07 17:42 B K:\TBH Website Temp\hueco\life.html --> uts.cc.utexas.edu /export/httpd/vhosts/texasbeyondhistory/data/protect/hueco life.html
2008.01.07 17:42 B K:\TBH Website Temp\hueco\explorations.html --> uts.cc.utexas.edu /export/httpd/vhosts/texasbeyondhistory/data/protect/hueco explorations.html
2008.01.07 17:42 B K:\TBH Website Temp\hueco\kids.html --> uts.cc.utexas.edu /export/httpd/vhosts/texasbeyondhistory/data/protect/hueco kids.html
2008.01.07 17:42 B K:\TBH Website Temp\hueco\story.html --> uts.cc.utexas.edu /export/httpd/vhosts/texasbeyondhistory/data/protect/hueco story.html
2008.01.07 17:42 B K:\TBH Website Temp\hueco\rockart.html --> uts.cc.utexas.edu /export/httpd/vhosts/texasbeyondhistory/data/protect/hueco rockart.html
2008.01.07 17:42 B K:\TBH Website Temp\hueco\paleoclimate.html --> uts.cc.utexas.edu /export/httpd/vhosts/texasbeyondhistory/data/protect/hueco paleoclimate.html
2008.01.07 17:42 B K:\TBH Website Temp\hueco\setting.html --> uts.cc.utexas.edu /export/httpd/vhosts/texasbeyondhistory/data/protect/hueco setting.html
2008.01.07 17:42 B K:\TBH Website Temp\hueco\index.html --> uts.cc.utexas.edu /export/httpd/vhosts/texasbeyondhistory/data/protect/hueco index.html
2008.01.09 13:10 B K:\TBH Website Temp\hueco\life.html --> uts.cc.utexas.edu /export/httpd/vhosts/texasbeyondhistory/data/protect/hueco life.html
2008.01.09 17:04 B K:\TBH Website Temp\hueco\life.html --> uts.cc.utexas.edu /export/httpd/vhosts/texasbeyondhistory/data/protect/hueco life.html
2008.01.09 17:04 B K:\TBH Website Temp\hueco\index.html --> uts.cc.utexas.edu /export/httpd/vhosts/texasbeyondhistory/data/protect/hueco index.html
2008.01.10 10:37 B K:\TBH Website Temp\hueco\life.html --> uts.cc.utexas.edu /export/httpd/vhosts/texasbeyondhistory/data/protect/hueco life.html
2008.01.10 10:37 B K:\TBH Website Temp\hueco\index.html --> uts.cc.utexas.edu /export/httpd/vhosts/texasbeyondhistory/data/protect/hueco index.html
2008.01.10 15:22 B K:\TBH Website Temp\hueco\story.html --> uts.cc.utexas.edu /export/httpd/vhosts/texasbeyondhistory/data/protect/hueco story.html
2008.01.10 16:25 B K:\TBH Website Temp\hueco\explorations.html --> uts.cc.utexas.edu /export/httpd/vhosts/texasbeyondhistory/data/protect/hueco explorations.html
2008.01.10 16:33 B K:\TBH Website Temp\hueco\life.html --> uts.cc.utexas.edu /export/httpd/vhosts/texasbeyondhistory/data/protect/hueco life.html
2008.01.10 16:56 B K:\TBH Website Temp\hueco\life.html --> uts.cc.utexas.edu /export/httpd/vhosts/texasbeyondhistory/data/protect/hueco life.html
2008.01.11 11:23 B K:\TBH Website Temp\hueco\credits.html --> uts.cc.utexas.edu /export/httpd/vhosts/texasbeyondhistory/data/protect/hueco credits.html
2008.01.14 08:22 B K:\TBH Website Temp\hueco\credits.html --> uts.cc.utexas.edu /export/httpd/vhosts/texasbeyondhistory/data/protect/hueco credits.html
2008.01.14 08:22 B K:\TBH Website Temp\hueco\life.html --> uts.cc.utexas.edu /export/httpd/vhosts/texasbeyondhistory/data/protect/hueco life.html
2008.01.16 16:27 B K:\TBH Website Temp\hueco\life.html --> uts.cc.utexas.edu /export/httpd/vhosts/texasbeyondhistory/data/protect/hueco life.html
2008.01.16 16:27 B K:\TBH Website Temp\hueco\index.html --> uts.cc.utexas.edu /export/httpd/vhosts/texasbeyondhistory/data/protect/hueco index.html
2008.01.19 12:05 B K:\TBH Website Temp\hueco\paleoclimate.html --> uts.cc.utexas.edu /export/httpd/vhosts/texasbeyondhistory/data/protect/hueco paleoclimate.html
2008.01.19 12:05 B K:\TBH Website Temp\hueco\story.html --> uts.cc.utexas.edu /export/httpd/vhosts/texasbeyondhistory/data/protect/hueco story.html
2008.01.19 12:05 B K:\TBH Website Temp\hueco\credits.html --> uts.cc.utexas.edu /export/httpd/vhosts/texasbeyondhistory/data/protect/hueco credits.html
2008.01.22 14:18 B K:\TBH Website Temp\hueco\rockart.html --> uts.cc.utexas.edu /export/httpd/vhosts/texasbeyondhistory/data/protect/hueco rockart.html
2008.01.22 15:10 B K:\TBH Website Temp\hueco\rockart.html --> uts.cc.utexas.edu /export/httpd/vhosts/texasbeyondhistory/data/protect/hueco/images rockart.html
2008.01.22 15:59 B K:\TBH Website Temp\hueco\credits.html --> uts.cc.utexas.edu /export/httpd/vhosts/texasbeyondhistory/data/protect/hueco credits.html
