2002.09.05 15:29 B G:\Website Stuff\TBH Website Temp\kids\hunting\atlatl.html --> uts.cc.utexas.edu /export/httpd/vhosts/texasbeyondhistory/data/kids/hunting atlatl.html
2002.09.17 14:46 B J:\TBH Website Temp\kids\hunting\arrow.html --> uts.cc.utexas.edu /export/httpd/vhosts/texasbeyondhistory/data/kids/hunting arrow.html
2002.09.17 14:46 B J:\TBH Website Temp\kids\hunting\atlatl.html --> uts.cc.utexas.edu /export/httpd/vhosts/texasbeyondhistory/data/kids/hunting atlatl.html
2002.09.17 14:46 B J:\TBH Website Temp\kids\hunting\index.html --> uts.cc.utexas.edu /export/httpd/vhosts/texasbeyondhistory/data/kids/hunting index.html
2002.09.17 14:46 B J:\TBH Website Temp\kids\hunting\mass.html --> uts.cc.utexas.edu /export/httpd/vhosts/texasbeyondhistory/data/kids/hunting mass.html
2002.09.17 14:46 B J:\TBH Website Temp\kids\hunting\trap.html --> uts.cc.utexas.edu /export/httpd/vhosts/texasbeyondhistory/data/kids/hunting trap.html
2002.10.09 13:14 B G:\Website Stuff\TBH Website Temp\kids\hunting\atlatl.html --> uts.cc.utexas.edu /export/httpd/vhosts/texasbeyondhistory/data/kids/hunting atlatl.html
2005.06.19 11:25 B L:\TBH Website Temp\kids\hunting\WS_FTP.LOG <-- texasbeyondhistory /export/httpd/vhosts/texasbeyondhistory/data/kids/hunting WS_FTP.LOG
2005.08.18 12:25 B L:\TBH Website Temp\kids\hunting\WS_FTP.LOG --> uts.cc.utexas.edu /export/httpd/vhosts/texasbeyondhistory/data/kids/hunting WS_FTP.LOG
2006.09.29 17:12 B L:\TBH Website Temp\kids\hunting\index.html --> uts.cc.utexas.edu /export/httpd/vhosts/texasbeyondhistory/data/kids/hunting index.html
2006.09.29 17:12 B L:\TBH Website Temp\kids\hunting\WS_FTP.LOG --> uts.cc.utexas.edu /export/httpd/vhosts/texasbeyondhistory/data/kids/hunting WS_FTP.LOG
2006.09.29 17:12 B L:\TBH Website Temp\kids\hunting\trap.html --> uts.cc.utexas.edu /export/httpd/vhosts/texasbeyondhistory/data/kids/hunting trap.html
2006.09.29 17:12 B L:\TBH Website Temp\kids\hunting\mass.html --> uts.cc.utexas.edu /export/httpd/vhosts/texasbeyondhistory/data/kids/hunting mass.html
2006.09.29 17:12 B L:\TBH Website Temp\kids\hunting\atlatl.html --> uts.cc.utexas.edu /export/httpd/vhosts/texasbeyondhistory/data/kids/hunting atlatl.html
2006.09.29 17:12 B L:\TBH Website Temp\kids\hunting\arrow.html --> uts.cc.utexas.edu /export/httpd/vhosts/texasbeyondhistory/data/kids/hunting arrow.html
2006.10.11 18:21 B L:\TBH Website Temp\kids\hunting\index.html --> uts.cc.utexas.edu /export/httpd/vhosts/texasbeyondhistory/data/kids/hunting index.html
2006.11.02 10:30 B L:\TBH Website Temp\kids\hunting\index.html --> uts.cc.utexas.edu /export/httpd/vhosts/texasbeyondhistory/data/kids/hunting index.html
2007.05.02 16:07 B V:\TBH Website Temp\kids\hunting\arrow.html --> uts.cc.utexas.edu /export/httpd/vhosts/texasbeyondhistory/data/kids/hunting arrow.html
2007.05.02 16:07 B V:\TBH Website Temp\kids\hunting\atlatl.html --> uts.cc.utexas.edu /export/httpd/vhosts/texasbeyondhistory/data/kids/hunting atlatl.html
2007.05.02 16:07 B V:\TBH Website Temp\kids\hunting\index.html --> uts.cc.utexas.edu /export/httpd/vhosts/texasbeyondhistory/data/kids/hunting index.html
2007.05.02 16:07 B V:\TBH Website Temp\kids\hunting\mass.html --> uts.cc.utexas.edu /export/httpd/vhosts/texasbeyondhistory/data/kids/hunting mass.html
2007.05.02 16:07 B V:\TBH Website Temp\kids\hunting\trap.html --> uts.cc.utexas.edu /export/httpd/vhosts/texasbeyondhistory/data/kids/hunting trap.html
