2001.07.25 17:04 B C:\WINDOWS\Desktop\TBH\Recent\bonfire\images\_notes\bonfire.gif.mno --> ccwf.cc.utexas.edu /home/ccwf/if/ifqv/meg/public_html/tbh/images/_notes bonfire.gif.mno
2001.07.25 17:05 B C:\WINDOWS\Desktop\TBH\Recent\bonfire\images\_notes\bonfire.gif.mno --> ccwf.cc.utexas.edu /home/ccwf/if/ifqv/meg/public_html/tbh/bonfire/images/_notes bonfire.gif.mno
2001.07.25 17:05 B C:\WINDOWS\Desktop\TBH\Recent\bonfire\images\_notes\WS_FTP.LOG --> ccwf.cc.utexas.edu /home/ccwf/if/ifqv/meg/public_html/tbh/bonfire/images/_notes WS_FTP.LOG
2001.07.31 14:07 B C:\WINDOWS\desktop\TBH\Recent\bonfire\images\_notes\bonfire.gif.mno --> tarlserver.tarl.utexas.edu /Website Stuff/TBH Website Temp/bonfire/images/_notes bonfire.gif.mno
2001.07.31 14:07 B C:\WINDOWS\desktop\TBH\Recent\bonfire\images\_notes\WS_FTP.LOG --> tarlserver.tarl.utexas.edu /Website Stuff/TBH Website Temp/bonfire/images/_notes WS_FTP.LOG
2001.10.01 21:38 B C:\WINDOWS\Desktop\TBH\Recent\bonfire\images\_notes\archeology_r10_c8.gif.mno --> uts.cc.utexas.edu /export/httpd/vhosts/texasbeyondhistory/data/bonfire/images/_notes archeology_r10_c8.gif.mno
2001.10.01 21:38 B C:\WINDOWS\Desktop\TBH\Recent\bonfire\images\_notes\archeology_r11_c10.gif.mno --> uts.cc.utexas.edu /export/httpd/vhosts/texasbeyondhistory/data/bonfire/images/_notes archeology_r11_c10.gif.mno
2001.10.01 21:38 B C:\WINDOWS\Desktop\TBH\Recent\bonfire\images\_notes\archeology_r1_c1.gif.mno --> uts.cc.utexas.edu /export/httpd/vhosts/texasbeyondhistory/data/bonfire/images/_notes archeology_r1_c1.gif.mno
2001.10.01 21:38 B C:\WINDOWS\Desktop\TBH\Recent\bonfire\images\_notes\archeology_r2_c1.gif.mno --> uts.cc.utexas.edu /export/httpd/vhosts/texasbeyondhistory/data/bonfire/images/_notes archeology_r2_c1.gif.mno
2001.10.01 21:38 B C:\WINDOWS\Desktop\TBH\Recent\bonfire\images\_notes\archeology_r2_c4.gif.mno --> uts.cc.utexas.edu /export/httpd/vhosts/texasbeyondhistory/data/bonfire/images/_notes archeology_r2_c4.gif.mno
2001.10.01 21:38 B C:\WINDOWS\Desktop\TBH\Recent\bonfire\images\_notes\archeology_r2_c4_f2.gif.mno --> uts.cc.utexas.edu /export/httpd/vhosts/texasbeyondhistory/data/bonfire/images/_notes archeology_r2_c4_f2.gif.mno
2001.10.01 21:38 B C:\WINDOWS\Desktop\TBH\Recent\bonfire\images\_notes\archeology_r2_c5.gif.mno --> uts.cc.utexas.edu /export/httpd/vhosts/texasbeyondhistory/data/bonfire/images/_notes archeology_r2_c5.gif.mno
2001.10.01 21:38 B C:\WINDOWS\Desktop\TBH\Recent\bonfire\images\_notes\archeology_r3_c1.gif.mno --> uts.cc.utexas.edu /export/httpd/vhosts/texasbeyondhistory/data/bonfire/images/_notes archeology_r3_c1.gif.mno
2001.10.01 21:38 B C:\WINDOWS\Desktop\TBH\Recent\bonfire\images\_notes\archeology_r3_c2.gif.mno --> uts.cc.utexas.edu /export/httpd/vhosts/texasbeyondhistory/data/bonfire/images/_notes archeology_r3_c2.gif.mno
2001.10.01 21:38 B C:\WINDOWS\Desktop\TBH\Recent\bonfire\images\_notes\archeology_r3_c2_f2.gif.mno --> uts.cc.utexas.edu /export/httpd/vhosts/texasbeyondhistory/data/bonfire/images/_notes archeology_r3_c2_f2.gif.mno
2001.10.01 21:38 B C:\WINDOWS\Desktop\TBH\Recent\bonfire\images\_notes\archeology_r3_c3.gif.mno --> uts.cc.utexas.edu /export/httpd/vhosts/texasbeyondhistory/data/bonfire/images/_notes archeology_r3_c3.gif.mno
2001.10.01 21:38 B C:\WINDOWS\Desktop\TBH\Recent\bonfire\images\_notes\archeology_r4_c5.gif.mno --> uts.cc.utexas.edu /export/httpd/vhosts/texasbeyondhistory/data/bonfire/images/_notes archeology_r4_c5.gif.mno
2001.10.01 21:38 B C:\WINDOWS\Desktop\TBH\Recent\bonfire\images\_notes\archeology_r4_c6.gif.mno --> uts.cc.utexas.edu /export/httpd/vhosts/texasbeyondhistory/data/bonfire/images/_notes archeology_r4_c6.gif.mno
2001.10.01 21:38 B C:\WINDOWS\Desktop\TBH\Recent\bonfire\images\_notes\archeology_r4_c6_f2.gif.mno --> uts.cc.utexas.edu /export/httpd/vhosts/texasbeyondhistory/data/bonfire/images/_notes archeology_r4_c6_f2.gif.mno
2001.10.01 21:38 B C:\WINDOWS\Desktop\TBH\Recent\bonfire\images\_notes\archeology_r4_c7.gif.mno --> uts.cc.utexas.edu /export/httpd/vhosts/texasbeyondhistory/data/bonfire/images/_notes archeology_r4_c7.gif.mno
2001.10.01 21:38 B C:\WINDOWS\Desktop\TBH\Recent\bonfire\images\_notes\archeology_r5_c7.gif.mno --> uts.cc.utexas.edu /export/httpd/vhosts/texasbeyondhistory/data/bonfire/images/_notes archeology_r5_c7.gif.mno
2001.10.01 21:38 B C:\WINDOWS\Desktop\TBH\Recent\bonfire\images\_notes\archeology_r5_c8.gif.mno --> uts.cc.utexas.edu /export/httpd/vhosts/texasbeyondhistory/data/bonfire/images/_notes archeology_r5_c8.gif.mno
2001.10.01 21:38 B C:\WINDOWS\Desktop\TBH\Recent\bonfire\images\_notes\archeology_r5_c8_f2.gif.mno --> uts.cc.utexas.edu /export/httpd/vhosts/texasbeyondhistory/data/bonfire/images/_notes archeology_r5_c8_f2.gif.mno
2001.10.01 21:38 B C:\WINDOWS\Desktop\TBH\Recent\bonfire\images\_notes\archeology_r5_c9.gif.mno --> uts.cc.utexas.edu /export/httpd/vhosts/texasbeyondhistory/data/bonfire/images/_notes archeology_r5_c9.gif.mno
2001.10.01 21:38 B C:\WINDOWS\Desktop\TBH\Recent\bonfire\images\_notes\archeology_r6_c2.gif.mno --> uts.cc.utexas.edu /export/httpd/vhosts/texasbeyondhistory/data/bonfire/images/_notes archeology_r6_c2.gif.mno
2001.10.01 21:38 B C:\WINDOWS\Desktop\TBH\Recent\bonfire\images\_notes\archeology_r7_c4.gif.mno --> uts.cc.utexas.edu /export/httpd/vhosts/texasbeyondhistory/data/bonfire/images/_notes archeology_r7_c4.gif.mno
2001.10.01 21:38 B C:\WINDOWS\Desktop\TBH\Recent\bonfire\images\_notes\archeology_r8_c10.gif.mno --> uts.cc.utexas.edu /export/httpd/vhosts/texasbeyondhistory/data/bonfire/images/_notes archeology_r8_c10.gif.mno
2001.10.01 21:38 B C:\WINDOWS\Desktop\TBH\Recent\bonfire\images\_notes\archeology_r8_c10_f2.gif.mno --> uts.cc.utexas.edu /export/httpd/vhosts/texasbeyondhistory/data/bonfire/images/_notes archeology_r8_c10_f2.gif.mno
2001.10.01 21:38 B C:\WINDOWS\Desktop\TBH\Recent\bonfire\images\_notes\archeology_r8_c11.gif.mno --> uts.cc.utexas.edu /export/httpd/vhosts/texasbeyondhistory/data/bonfire/images/_notes archeology_r8_c11.gif.mno
2001.10.01 21:38 B C:\WINDOWS\Desktop\TBH\Recent\bonfire\images\_notes\archeology_r8_c9.gif.mno --> uts.cc.utexas.edu /export/httpd/vhosts/texasbeyondhistory/data/bonfire/images/_notes archeology_r8_c9.gif.mno
2001.10.01 21:38 B C:\WINDOWS\Desktop\TBH\Recent\bonfire\images\_notes\archeology_r9_c6.gif.mno --> uts.cc.utexas.edu /export/httpd/vhosts/texasbeyondhistory/data/bonfire/images/_notes archeology_r9_c6.gif.mno
2001.10.01 21:38 B C:\WINDOWS\Desktop\TBH\Recent\bonfire\images\_notes\bonfire.gif.mno --> uts.cc.utexas.edu /export/httpd/vhosts/texasbeyondhistory/data/bonfire/images/_notes bonfire.gif.mno
2001.10.01 21:38 B C:\WINDOWS\Desktop\TBH\Recent\bonfire\images\_notes\map.gif.mno --> uts.cc.utexas.edu /export/httpd/vhosts/texasbeyondhistory/data/bonfire/images/_notes map.gif.mno
2001.10.01 21:38 B C:\WINDOWS\Desktop\TBH\Recent\bonfire\images\_notes\map_r10_c9.gif.mno --> uts.cc.utexas.edu /export/httpd/vhosts/texasbeyondhistory/data/bonfire/images/_notes map_r10_c9.gif.mno
2001.10.01 21:38 B C:\WINDOWS\Desktop\TBH\Recent\bonfire\images\_notes\map_r11_c10.gif.mno --> uts.cc.utexas.edu /export/httpd/vhosts/texasbeyondhistory/data/bonfire/images/_notes map_r11_c10.gif.mno
2001.10.01 21:38 B C:\WINDOWS\Desktop\TBH\Recent\bonfire\images\_notes\map_r11_c10_f2.gif.mno --> uts.cc.utexas.edu /export/httpd/vhosts/texasbeyondhistory/data/bonfire/images/_notes map_r11_c10_f2.gif.mno
2001.10.01 21:38 B C:\WINDOWS\Desktop\TBH\Recent\bonfire\images\_notes\map_r11_c14.gif.mno --> uts.cc.utexas.edu /export/httpd/vhosts/texasbeyondhistory/data/bonfire/images/_notes map_r11_c14.gif.mno
2001.10.01 21:38 B C:\WINDOWS\Desktop\TBH\Recent\bonfire\images\_notes\map_r11_c9.gif.mno --> uts.cc.utexas.edu /export/httpd/vhosts/texasbeyondhistory/data/bonfire/images/_notes map_r11_c9.gif.mno
2001.10.01 21:38 B C:\WINDOWS\Desktop\TBH\Recent\bonfire\images\_notes\map_r12_c10.gif.mno --> uts.cc.utexas.edu /export/httpd/vhosts/texasbeyondhistory/data/bonfire/images/_notes map_r12_c10.gif.mno
2001.10.01 21:38 B C:\WINDOWS\Desktop\TBH\Recent\bonfire\images\_notes\map_r13_c10.gif.mno --> uts.cc.utexas.edu /export/httpd/vhosts/texasbeyondhistory/data/bonfire/images/_notes map_r13_c10.gif.mno
2001.10.01 21:38 B C:\WINDOWS\Desktop\TBH\Recent\bonfire\images\_notes\map_r13_c10_f2.gif.mno --> uts.cc.utexas.edu /export/httpd/vhosts/texasbeyondhistory/data/bonfire/images/_notes map_r13_c10_f2.gif.mno
2001.10.01 21:38 B C:\WINDOWS\Desktop\TBH\Recent\bonfire\images\_notes\map_r13_c12.gif.mno --> uts.cc.utexas.edu /export/httpd/vhosts/texasbeyondhistory/data/bonfire/images/_notes map_r13_c12.gif.mno
2001.10.01 21:38 B C:\WINDOWS\Desktop\TBH\Recent\bonfire\images\_notes\map_r14_c10.gif.mno --> uts.cc.utexas.edu /export/httpd/vhosts/texasbeyondhistory/data/bonfire/images/_notes map_r14_c10.gif.mno
2001.10.01 21:38 B C:\WINDOWS\Desktop\TBH\Recent\bonfire\images\_notes\map_r1_c1.gif.mno --> uts.cc.utexas.edu /export/httpd/vhosts/texasbeyondhistory/data/bonfire/images/_notes map_r1_c1.gif.mno
2001.10.01 21:38 B C:\WINDOWS\Desktop\TBH\Recent\bonfire\images\_notes\map_r1_c11.gif.mno --> uts.cc.utexas.edu /export/httpd/vhosts/texasbeyondhistory/data/bonfire/images/_notes map_r1_c11.gif.mno
2001.10.01 21:38 B C:\WINDOWS\Desktop\TBH\Recent\bonfire\images\_notes\map_r1_c8.gif.mno --> uts.cc.utexas.edu /export/httpd/vhosts/texasbeyondhistory/data/bonfire/images/_notes map_r1_c8.gif.mno
2001.10.01 21:38 B C:\WINDOWS\Desktop\TBH\Recent\bonfire\images\_notes\map_r1_c8_f2.gif.mno --> uts.cc.utexas.edu /export/httpd/vhosts/texasbeyondhistory/data/bonfire/images/_notes map_r1_c8_f2.gif.mno
2001.10.01 21:38 B C:\WINDOWS\Desktop\TBH\Recent\bonfire\images\_notes\map_r2_c1.gif.mno --> uts.cc.utexas.edu /export/httpd/vhosts/texasbeyondhistory/data/bonfire/images/_notes map_r2_c1.gif.mno
2001.10.01 21:38 B C:\WINDOWS\Desktop\TBH\Recent\bonfire\images\_notes\map_r2_c4.gif.mno --> uts.cc.utexas.edu /export/httpd/vhosts/texasbeyondhistory/data/bonfire/images/_notes map_r2_c4.gif.mno
2001.10.01 21:38 B C:\WINDOWS\Desktop\TBH\Recent\bonfire\images\_notes\map_r2_c4_f2.gif.mno --> uts.cc.utexas.edu /export/httpd/vhosts/texasbeyondhistory/data/bonfire/images/_notes map_r2_c4_f2.gif.mno
2001.10.01 21:38 B C:\WINDOWS\Desktop\TBH\Recent\bonfire\images\_notes\map_r2_c5.gif.mno --> uts.cc.utexas.edu /export/httpd/vhosts/texasbeyondhistory/data/bonfire/images/_notes map_r2_c5.gif.mno
2001.10.01 21:38 B C:\WINDOWS\Desktop\TBH\Recent\bonfire\images\_notes\map_r3_c5.gif.mno --> uts.cc.utexas.edu /export/httpd/vhosts/texasbeyondhistory/data/bonfire/images/_notes map_r3_c5.gif.mno
2001.10.01 21:38 B C:\WINDOWS\Desktop\TBH\Recent\bonfire\images\_notes\map_r3_c6.gif.mno --> uts.cc.utexas.edu /export/httpd/vhosts/texasbeyondhistory/data/bonfire/images/_notes map_r3_c6.gif.mno
2001.10.01 21:38 B C:\WINDOWS\Desktop\TBH\Recent\bonfire\images\_notes\map_r3_c6_f2.gif.mno --> uts.cc.utexas.edu /export/httpd/vhosts/texasbeyondhistory/data/bonfire/images/_notes map_r3_c6_f2.gif.mno
2001.10.01 21:38 B C:\WINDOWS\Desktop\TBH\Recent\bonfire\images\_notes\map_r3_c7.gif.mno --> uts.cc.utexas.edu /export/httpd/vhosts/texasbeyondhistory/data/bonfire/images/_notes map_r3_c7.gif.mno
2001.10.01 21:38 B C:\WINDOWS\Desktop\TBH\Recent\bonfire\images\_notes\map_r4_c1.gif.mno --> uts.cc.utexas.edu /export/httpd/vhosts/texasbeyondhistory/data/bonfire/images/_notes map_r4_c1.gif.mno
2001.10.01 21:38 B C:\WINDOWS\Desktop\TBH\Recent\bonfire\images\_notes\map_r4_c2.gif.mno --> uts.cc.utexas.edu /export/httpd/vhosts/texasbeyondhistory/data/bonfire/images/_notes map_r4_c2.gif.mno
2001.10.01 21:38 B C:\WINDOWS\Desktop\TBH\Recent\bonfire\images\_notes\map_r4_c2_f2.gif.mno --> uts.cc.utexas.edu /export/httpd/vhosts/texasbeyondhistory/data/bonfire/images/_notes map_r4_c2_f2.gif.mno
2001.10.01 21:38 B C:\WINDOWS\Desktop\TBH\Recent\bonfire\images\_notes\map_r4_c3.gif.mno --> uts.cc.utexas.edu /export/httpd/vhosts/texasbeyondhistory/data/bonfire/images/_notes map_r4_c3.gif.mno
2001.10.01 21:38 B C:\WINDOWS\Desktop\TBH\Recent\bonfire\images\_notes\map_r5_c6.gif.mno --> uts.cc.utexas.edu /export/httpd/vhosts/texasbeyondhistory/data/bonfire/images/_notes map_r5_c6.gif.mno
2001.10.01 21:38 B C:\WINDOWS\Desktop\TBH\Recent\bonfire\images\_notes\map_r6_c4.gif.mno --> uts.cc.utexas.edu /export/httpd/vhosts/texasbeyondhistory/data/bonfire/images/_notes map_r6_c4.gif.mno
2001.10.01 21:38 B C:\WINDOWS\Desktop\TBH\Recent\bonfire\images\_notes\map_r7_c2.gif.mno --> uts.cc.utexas.edu /export/httpd/vhosts/texasbeyondhistory/data/bonfire/images/_notes map_r7_c2.gif.mno
2001.10.01 21:38 B C:\WINDOWS\Desktop\TBH\Recent\bonfire\images\_notes\map_r8_c8.gif.mno --> uts.cc.utexas.edu /export/httpd/vhosts/texasbeyondhistory/data/bonfire/images/_notes map_r8_c8.gif.mno
2001.10.01 21:38 B C:\WINDOWS\Desktop\TBH\Recent\bonfire\images\_notes\map_r9_c13.gif.mno --> uts.cc.utexas.edu /export/httpd/vhosts/texasbeyondhistory/data/bonfire/images/_notes map_r9_c13.gif.mno
2001.10.01 21:38 B C:\WINDOWS\Desktop\TBH\Recent\bonfire\images\_notes\map_r9_c8.gif.mno --> uts.cc.utexas.edu /export/httpd/vhosts/texasbeyondhistory/data/bonfire/images/_notes map_r9_c8.gif.mno
2001.10.01 21:38 B C:\WINDOWS\Desktop\TBH\Recent\bonfire\images\_notes\map_r9_c9.gif.mno --> uts.cc.utexas.edu /export/httpd/vhosts/texasbeyondhistory/data/bonfire/images/_notes map_r9_c9.gif.mno
2001.10.01 21:38 B C:\WINDOWS\Desktop\TBH\Recent\bonfire\images\_notes\map_r9_c9_f2.gif.mno --> uts.cc.utexas.edu /export/httpd/vhosts/texasbeyondhistory/data/bonfire/images/_notes map_r9_c9_f2.gif.mno
2001.10.01 21:38 B C:\WINDOWS\Desktop\TBH\Recent\bonfire\images\_notes\photos1.gif.mno --> uts.cc.utexas.edu /export/httpd/vhosts/texasbeyondhistory/data/bonfire/images/_notes photos1.gif.mno
2001.10.01 21:38 B C:\WINDOWS\Desktop\TBH\Recent\bonfire\images\_notes\photos1_r10_c10.gif.mno --> uts.cc.utexas.edu /export/httpd/vhosts/texasbeyondhistory/data/bonfire/images/_notes photos1_r10_c10.gif.mno
2001.10.01 21:38 B C:\WINDOWS\Desktop\TBH\Recent\bonfire\images\_notes\photos1_r10_c12.gif.mno --> uts.cc.utexas.edu /export/httpd/vhosts/texasbeyondhistory/data/bonfire/images/_notes photos1_r10_c12.gif.mno
2001.10.01 21:38 B C:\WINDOWS\Desktop\TBH\Recent\bonfire\images\_notes\photos1_r10_c13.gif.mno --> uts.cc.utexas.edu /export/httpd/vhosts/texasbeyondhistory/data/bonfire/images/_notes photos1_r10_c13.gif.mno
2001.10.01 21:38 B C:\WINDOWS\Desktop\TBH\Recent\bonfire\images\_notes\photos1_r10_c13_f2.gif.mno --> uts.cc.utexas.edu /export/httpd/vhosts/texasbeyondhistory/data/bonfire/images/_notes photos1_r10_c13_f2.gif.mno
2001.10.01 21:38 B C:\WINDOWS\Desktop\TBH\Recent\bonfire\images\_notes\photos1_r10_c16.gif.mno --> uts.cc.utexas.edu /export/httpd/vhosts/texasbeyondhistory/data/bonfire/images/_notes photos1_r10_c16.gif.mno
2001.10.01 21:38 B C:\WINDOWS\Desktop\TBH\Recent\bonfire\images\_notes\photos1_r10_c6.gif.mno --> uts.cc.utexas.edu /export/httpd/vhosts/texasbeyondhistory/data/bonfire/images/_notes photos1_r10_c6.gif.mno
2001.10.01 21:38 B C:\WINDOWS\Desktop\TBH\Recent\bonfire\images\_notes\photos1_r10_c7.gif.mno --> uts.cc.utexas.edu /export/httpd/vhosts/texasbeyondhistory/data/bonfire/images/_notes photos1_r10_c7.gif.mno
2001.10.01 21:38 B C:\WINDOWS\Desktop\TBH\Recent\bonfire\images\_notes\photos1_r10_c7_f2.gif.mno --> uts.cc.utexas.edu /export/httpd/vhosts/texasbeyondhistory/data/bonfire/images/_notes photos1_r10_c7_f2.gif.mno
2001.10.01 21:38 B C:\WINDOWS\Desktop\TBH\Recent\bonfire\images\_notes\photos1_r11_c10.gif.mno --> uts.cc.utexas.edu /export/httpd/vhosts/texasbeyondhistory/data/bonfire/images/_notes photos1_r11_c10.gif.mno
2001.10.01 21:38 B C:\WINDOWS\Desktop\TBH\Recent\bonfire\images\_notes\photos1_r11_c4.gif.mno --> uts.cc.utexas.edu /export/httpd/vhosts/texasbeyondhistory/data/bonfire/images/_notes photos1_r11_c4.gif.mno
2001.10.01 21:38 B C:\WINDOWS\Desktop\TBH\Recent\bonfire\images\_notes\photos1_r11_c6.gif.mno --> uts.cc.utexas.edu /export/httpd/vhosts/texasbeyondhistory/data/bonfire/images/_notes photos1_r11_c6.gif.mno
2001.10.01 21:38 B C:\WINDOWS\Desktop\TBH\Recent\bonfire\images\_notes\photos1_r11_c7.gif.mno --> uts.cc.utexas.edu /export/httpd/vhosts/texasbeyondhistory/data/bonfire/images/_notes photos1_r11_c7.gif.mno
2001.10.01 21:38 B C:\WINDOWS\Desktop\TBH\Recent\bonfire\images\_notes\photos1_r11_c7_f2.gif.mno --> uts.cc.utexas.edu /export/httpd/vhosts/texasbeyondhistory/data/bonfire/images/_notes photos1_r11_c7_f2.gif.mno
2001.10.01 21:38 B C:\WINDOWS\Desktop\TBH\Recent\bonfire\images\_notes\photos1_r12_c2.gif.mno --> uts.cc.utexas.edu /export/httpd/vhosts/texasbeyondhistory/data/bonfire/images/_notes photos1_r12_c2.gif.mno
2001.10.01 21:38 B C:\WINDOWS\Desktop\TBH\Recent\bonfire\images\_notes\photos1_r12_c4.gif.mno --> uts.cc.utexas.edu /export/httpd/vhosts/texasbeyondhistory/data/bonfire/images/_notes photos1_r12_c4.gif.mno
2001.10.01 21:39 B C:\WINDOWS\Desktop\TBH\Recent\bonfire\images\_notes\photos1_r13_c13.gif.mno --> uts.cc.utexas.edu /export/httpd/vhosts/texasbeyondhistory/data/bonfire/images/_notes photos1_r13_c13.gif.mno
2001.10.01 21:39 B C:\WINDOWS\Desktop\TBH\Recent\bonfire\images\_notes\photos1_r13_c2.gif.mno --> uts.cc.utexas.edu /export/httpd/vhosts/texasbeyondhistory/data/bonfire/images/_notes photos1_r13_c2.gif.mno
2001.10.01 21:39 B C:\WINDOWS\Desktop\TBH\Recent\bonfire\images\_notes\photos1_r14_c13.gif.mno --> uts.cc.utexas.edu /export/httpd/vhosts/texasbeyondhistory/data/bonfire/images/_notes photos1_r14_c13.gif.mno
2001.10.01 21:39 B C:\WINDOWS\Desktop\TBH\Recent\bonfire\images\_notes\photos1_r14_c13_f2.gif.mno --> uts.cc.utexas.edu /export/httpd/vhosts/texasbeyondhistory/data/bonfire/images/_notes photos1_r14_c13_f2.gif.mno
2001.10.01 21:39 B C:\WINDOWS\Desktop\TBH\Recent\bonfire\images\_notes\photos1_r15_c13.gif.mno --> uts.cc.utexas.edu /export/httpd/vhosts/texasbeyondhistory/data/bonfire/images/_notes photos1_r15_c13.gif.mno
2001.10.01 21:39 B C:\WINDOWS\Desktop\TBH\Recent\bonfire\images\_notes\photos1_r15_c13_f2.gif.mno --> uts.cc.utexas.edu /export/httpd/vhosts/texasbeyondhistory/data/bonfire/images/_notes photos1_r15_c13_f2.gif.mno
2001.10.01 21:39 B C:\WINDOWS\Desktop\TBH\Recent\bonfire\images\_notes\photos1_r15_c7.gif.mno --> uts.cc.utexas.edu /export/httpd/vhosts/texasbeyondhistory/data/bonfire/images/_notes photos1_r15_c7.gif.mno
2001.10.01 21:39 B C:\WINDOWS\Desktop\TBH\Recent\bonfire\images\_notes\photos1_r16_c11.gif.mno --> uts.cc.utexas.edu /export/httpd/vhosts/texasbeyondhistory/data/bonfire/images/_notes photos1_r16_c11.gif.mno
2001.10.01 21:39 B C:\WINDOWS\Desktop\TBH\Recent\bonfire\images\_notes\photos1_r16_c7.gif.mno --> uts.cc.utexas.edu /export/httpd/vhosts/texasbeyondhistory/data/bonfire/images/_notes photos1_r16_c7.gif.mno
2001.10.01 21:39 B C:\WINDOWS\Desktop\TBH\Recent\bonfire\images\_notes\photos1_r16_c8.gif.mno --> uts.cc.utexas.edu /export/httpd/vhosts/texasbeyondhistory/data/bonfire/images/_notes photos1_r16_c8.gif.mno
2001.10.01 21:39 B C:\WINDOWS\Desktop\TBH\Recent\bonfire\images\_notes\photos1_r16_c8_f2.gif.mno --> uts.cc.utexas.edu /export/httpd/vhosts/texasbeyondhistory/data/bonfire/images/_notes photos1_r16_c8_f2.gif.mno
2001.10.01 21:39 B C:\WINDOWS\Desktop\TBH\Recent\bonfire\images\_notes\photos1_r17_c11.gif.mno --> uts.cc.utexas.edu /export/httpd/vhosts/texasbeyondhistory/data/bonfire/images/_notes photos1_r17_c11.gif.mno
2001.10.01 21:39 B C:\WINDOWS\Desktop\TBH\Recent\bonfire\images\_notes\photos1_r17_c13.gif.mno --> uts.cc.utexas.edu /export/httpd/vhosts/texasbeyondhistory/data/bonfire/images/_notes photos1_r17_c13.gif.mno
2001.10.01 21:39 B C:\WINDOWS\Desktop\TBH\Recent\bonfire\images\_notes\photos1_r17_c7.gif.mno --> uts.cc.utexas.edu /export/httpd/vhosts/texasbeyondhistory/data/bonfire/images/_notes photos1_r17_c7.gif.mno
2001.10.01 21:39 B C:\WINDOWS\Desktop\TBH\Recent\bonfire\images\_notes\photos1_r17_c8.gif.mno --> uts.cc.utexas.edu /export/httpd/vhosts/texasbeyondhistory/data/bonfire/images/_notes photos1_r17_c8.gif.mno
2001.10.01 21:39 B C:\WINDOWS\Desktop\TBH\Recent\bonfire\images\_notes\photos1_r17_c8_f2.gif.mno --> uts.cc.utexas.edu /export/httpd/vhosts/texasbeyondhistory/data/bonfire/images/_notes photos1_r17_c8_f2.gif.mno
2001.10.01 21:39 B C:\WINDOWS\Desktop\TBH\Recent\bonfire\images\_notes\photos1_r18_c13.gif.mno --> uts.cc.utexas.edu /export/httpd/vhosts/texasbeyondhistory/data/bonfire/images/_notes photos1_r18_c13.gif.mno
2001.10.01 21:39 B C:\WINDOWS\Desktop\TBH\Recent\bonfire\images\_notes\photos1_r18_c14.gif.mno --> uts.cc.utexas.edu /export/httpd/vhosts/texasbeyondhistory/data/bonfire/images/_notes photos1_r18_c14.gif.mno
2001.10.01 21:39 B C:\WINDOWS\Desktop\TBH\Recent\bonfire\images\_notes\photos1_r18_c14_f2.gif.mno --> uts.cc.utexas.edu /export/httpd/vhosts/texasbeyondhistory/data/bonfire/images/_notes photos1_r18_c14_f2.gif.mno
2001.10.01 21:39 B C:\WINDOWS\Desktop\TBH\Recent\bonfire\images\_notes\photos1_r18_c17.gif.mno --> uts.cc.utexas.edu /export/httpd/vhosts/texasbeyondhistory/data/bonfire/images/_notes photos1_r18_c17.gif.mno
2001.10.01 21:39 B C:\WINDOWS\Desktop\TBH\Recent\bonfire\images\_notes\photos1_r19_c13.gif.mno --> uts.cc.utexas.edu /export/httpd/vhosts/texasbeyondhistory/data/bonfire/images/_notes photos1_r19_c13.gif.mno
2001.10.01 21:39 B C:\WINDOWS\Desktop\TBH\Recent\bonfire\images\_notes\photos1_r19_c14.gif.mno --> uts.cc.utexas.edu /export/httpd/vhosts/texasbeyondhistory/data/bonfire/images/_notes photos1_r19_c14.gif.mno
2001.10.01 21:39 B C:\WINDOWS\Desktop\TBH\Recent\bonfire\images\_notes\photos1_r19_c14_f2.gif.mno --> uts.cc.utexas.edu /export/httpd/vhosts/texasbeyondhistory/data/bonfire/images/_notes photos1_r19_c14_f2.gif.mno
2001.10.01 21:39 B C:\WINDOWS\Desktop\TBH\Recent\bonfire\images\_notes\photos1_r19_c17.gif.mno --> uts.cc.utexas.edu /export/httpd/vhosts/texasbeyondhistory/data/bonfire/images/_notes photos1_r19_c17.gif.mno
2001.10.01 21:39 B C:\WINDOWS\Desktop\TBH\Recent\bonfire\images\_notes\photos1_r19_c8.gif.mno --> uts.cc.utexas.edu /export/httpd/vhosts/texasbeyondhistory/data/bonfire/images/_notes photos1_r19_c8.gif.mno
2001.10.01 21:39 B C:\WINDOWS\Desktop\TBH\Recent\bonfire\images\_notes\photos1_r1_c1.gif.mno --> uts.cc.utexas.edu /export/httpd/vhosts/texasbeyondhistory/data/bonfire/images/_notes photos1_r1_c1.gif.mno
2001.10.01 21:39 B C:\WINDOWS\Desktop\TBH\Recent\bonfire\images\_notes\photos1_r20_c14.gif.mno --> uts.cc.utexas.edu /export/httpd/vhosts/texasbeyondhistory/data/bonfire/images/_notes photos1_r20_c14.gif.mno
2001.10.01 21:39 B C:\WINDOWS\Desktop\TBH\Recent\bonfire\images\_notes\photos1_r20_c8.gif.mno --> uts.cc.utexas.edu /export/httpd/vhosts/texasbeyondhistory/data/bonfire/images/_notes photos1_r20_c8.gif.mno
2001.10.01 21:39 B C:\WINDOWS\Desktop\TBH\Recent\bonfire\images\_notes\photos1_r21_c14.gif.mno --> uts.cc.utexas.edu /export/httpd/vhosts/texasbeyondhistory/data/bonfire/images/_notes photos1_r21_c14.gif.mno
2001.10.01 21:39 B C:\WINDOWS\Desktop\TBH\Recent\bonfire\images\_notes\photos1_r2_c1.gif.mno --> uts.cc.utexas.edu /export/httpd/vhosts/texasbeyondhistory/data/bonfire/images/_notes photos1_r2_c1.gif.mno
2001.10.01 21:39 B C:\WINDOWS\Desktop\TBH\Recent\bonfire\images\_notes\photos1_r2_c6.gif.mno --> uts.cc.utexas.edu /export/httpd/vhosts/texasbeyondhistory/data/bonfire/images/_notes photos1_r2_c6.gif.mno
2001.10.01 21:39 B C:\WINDOWS\Desktop\TBH\Recent\bonfire\images\_notes\photos1_r2_c6_f2.gif.mno --> uts.cc.utexas.edu /export/httpd/vhosts/texasbeyondhistory/data/bonfire/images/_notes photos1_r2_c6_f2.gif.mno
2001.10.01 21:39 B C:\WINDOWS\Desktop\TBH\Recent\bonfire\images\_notes\photos1_r2_c9.gif.mno --> uts.cc.utexas.edu /export/httpd/vhosts/texasbeyondhistory/data/bonfire/images/_notes photos1_r2_c9.gif.mno
2001.10.01 21:39 B C:\WINDOWS\Desktop\TBH\Recent\bonfire\images\_notes\photos1_r3_c1.gif.mno --> uts.cc.utexas.edu /export/httpd/vhosts/texasbeyondhistory/data/bonfire/images/_notes photos1_r3_c1.gif.mno
2001.10.01 21:39 B C:\WINDOWS\Desktop\TBH\Recent\bonfire\images\_notes\photos1_r3_c4.gif.mno --> uts.cc.utexas.edu /export/httpd/vhosts/texasbeyondhistory/data/bonfire/images/_notes photos1_r3_c4.gif.mno
2001.10.01 21:39 B C:\WINDOWS\Desktop\TBH\Recent\bonfire\images\_notes\photos1_r3_c4_f2.gif.mno --> uts.cc.utexas.edu /export/httpd/vhosts/texasbeyondhistory/data/bonfire/images/_notes photos1_r3_c4_f2.gif.mno
2001.10.01 21:39 B C:\WINDOWS\Desktop\TBH\Recent\bonfire\images\_notes\photos1_r3_c5.gif.mno --> uts.cc.utexas.edu /export/httpd/vhosts/texasbeyondhistory/data/bonfire/images/_notes photos1_r3_c5.gif.mno
2001.10.01 21:39 B C:\WINDOWS\Desktop\TBH\Recent\bonfire\images\_notes\photos1_r4_c12.gif.mno --> uts.cc.utexas.edu /export/httpd/vhosts/texasbeyondhistory/data/bonfire/images/_notes photos1_r4_c12.gif.mno
2001.10.01 21:39 B C:\WINDOWS\Desktop\TBH\Recent\bonfire\images\_notes\photos1_r4_c12_f2.gif.mno --> uts.cc.utexas.edu /export/httpd/vhosts/texasbeyondhistory/data/bonfire/images/_notes photos1_r4_c12_f2.gif.mno
2001.10.01 21:39 B C:\WINDOWS\Desktop\TBH\Recent\bonfire\images\_notes\photos1_r4_c15.gif.mno --> uts.cc.utexas.edu /export/httpd/vhosts/texasbeyondhistory/data/bonfire/images/_notes photos1_r4_c15.gif.mno
2001.10.01 21:39 B C:\WINDOWS\Desktop\TBH\Recent\bonfire\images\_notes\photos1_r4_c9.gif.mno --> uts.cc.utexas.edu /export/httpd/vhosts/texasbeyondhistory/data/bonfire/images/_notes photos1_r4_c9.gif.mno
2001.10.01 21:39 B C:\WINDOWS\Desktop\TBH\Recent\bonfire\images\_notes\photos1_r5_c6.gif.mno --> uts.cc.utexas.edu /export/httpd/vhosts/texasbeyondhistory/data/bonfire/images/_notes photos1_r5_c6.gif.mno
2001.10.01 21:39 B C:\WINDOWS\Desktop\TBH\Recent\bonfire\images\_notes\photos1_r6_c12.gif.mno --> uts.cc.utexas.edu /export/httpd/vhosts/texasbeyondhistory/data/bonfire/images/_notes photos1_r6_c12.gif.mno
2001.10.01 21:39 B C:\WINDOWS\Desktop\TBH\Recent\bonfire\images\_notes\photos1_r6_c4.gif.mno --> uts.cc.utexas.edu /export/httpd/vhosts/texasbeyondhistory/data/bonfire/images/_notes photos1_r6_c4.gif.mno
2001.10.01 21:39 B C:\WINDOWS\Desktop\TBH\Recent\bonfire\images\_notes\photos1_r7_c1.gif.mno --> uts.cc.utexas.edu /export/httpd/vhosts/texasbeyondhistory/data/bonfire/images/_notes photos1_r7_c1.gif.mno
2001.10.01 21:39 B C:\WINDOWS\Desktop\TBH\Recent\bonfire\images\_notes\photos1_r7_c12.gif.mno --> uts.cc.utexas.edu /export/httpd/vhosts/texasbeyondhistory/data/bonfire/images/_notes photos1_r7_c12.gif.mno
2001.10.01 21:39 B C:\WINDOWS\Desktop\TBH\Recent\bonfire\images\_notes\photos1_r7_c2.gif.mno --> uts.cc.utexas.edu /export/httpd/vhosts/texasbeyondhistory/data/bonfire/images/_notes photos1_r7_c2.gif.mno
2001.10.01 21:39 B C:\WINDOWS\Desktop\TBH\Recent\bonfire\images\_notes\photos1_r7_c2_f2.gif.mno --> uts.cc.utexas.edu /export/httpd/vhosts/texasbeyondhistory/data/bonfire/images/_notes photos1_r7_c2_f2.gif.mno
2001.10.01 21:39 B C:\WINDOWS\Desktop\TBH\Recent\bonfire\images\_notes\photos1_r7_c3.gif.mno --> uts.cc.utexas.edu /export/httpd/vhosts/texasbeyondhistory/data/bonfire/images/_notes photos1_r7_c3.gif.mno
2001.10.01 21:39 B C:\WINDOWS\Desktop\TBH\Recent\bonfire\images\_notes\photos1_r8_c1.gif.mno --> uts.cc.utexas.edu /export/httpd/vhosts/texasbeyondhistory/data/bonfire/images/_notes photos1_r8_c1.gif.mno
2001.10.01 21:39 B C:\WINDOWS\Desktop\TBH\Recent\bonfire\images\_notes\photos1_r8_c2.gif.mno --> uts.cc.utexas.edu /export/httpd/vhosts/texasbeyondhistory/data/bonfire/images/_notes photos1_r8_c2.gif.mno
2001.10.01 21:39 B C:\WINDOWS\Desktop\TBH\Recent\bonfire\images\_notes\photos1_r8_c2_f2.gif.mno --> uts.cc.utexas.edu /export/httpd/vhosts/texasbeyondhistory/data/bonfire/images/_notes photos1_r8_c2_f2.gif.mno
2001.10.01 21:39 B C:\WINDOWS\Desktop\TBH\Recent\bonfire\images\_notes\photos1_r8_c3.gif.mno --> uts.cc.utexas.edu /export/httpd/vhosts/texasbeyondhistory/data/bonfire/images/_notes photos1_r8_c3.gif.mno
2001.10.01 21:39 B C:\WINDOWS\Desktop\TBH\Recent\bonfire\images\_notes\photos1_r8_c4.gif.mno --> uts.cc.utexas.edu /export/httpd/vhosts/texasbeyondhistory/data/bonfire/images/_notes photos1_r8_c4.gif.mno
2001.10.01 21:39 B C:\WINDOWS\Desktop\TBH\Recent\bonfire\images\_notes\photos1_r8_c4_f2.gif.mno --> uts.cc.utexas.edu /export/httpd/vhosts/texasbeyondhistory/data/bonfire/images/_notes photos1_r8_c4_f2.gif.mno
2001.10.01 21:39 B C:\WINDOWS\Desktop\TBH\Recent\bonfire\images\_notes\photos1_r9_c12.gif.mno --> uts.cc.utexas.edu /export/httpd/vhosts/texasbeyondhistory/data/bonfire/images/_notes photos1_r9_c12.gif.mno
2001.10.01 21:39 B C:\WINDOWS\Desktop\TBH\Recent\bonfire\images\_notes\photos1_r9_c13.gif.mno --> uts.cc.utexas.edu /export/httpd/vhosts/texasbeyondhistory/data/bonfire/images/_notes photos1_r9_c13.gif.mno
2001.10.01 21:39 B C:\WINDOWS\Desktop\TBH\Recent\bonfire\images\_notes\photos1_r9_c13_f2.gif.mno --> uts.cc.utexas.edu /export/httpd/vhosts/texasbeyondhistory/data/bonfire/images/_notes photos1_r9_c13_f2.gif.mno
2001.10.01 21:39 B C:\WINDOWS\Desktop\TBH\Recent\bonfire\images\_notes\photos1_r9_c16.gif.mno --> uts.cc.utexas.edu /export/httpd/vhosts/texasbeyondhistory/data/bonfire/images/_notes photos1_r9_c16.gif.mno
2001.10.01 21:39 B C:\WINDOWS\Desktop\TBH\Recent\bonfire\images\_notes\photos1_r9_c4.gif.mno --> uts.cc.utexas.edu /export/httpd/vhosts/texasbeyondhistory/data/bonfire/images/_notes photos1_r9_c4.gif.mno
2001.10.01 21:39 B C:\WINDOWS\Desktop\TBH\Recent\bonfire\images\_notes\photos1_r9_c4_f2.gif.mno --> uts.cc.utexas.edu /export/httpd/vhosts/texasbeyondhistory/data/bonfire/images/_notes photos1_r9_c4_f2.gif.mno
2001.10.01 21:39 B C:\WINDOWS\Desktop\TBH\Recent\bonfire\images\_notes\photos2.gif.mno --> uts.cc.utexas.edu /export/httpd/vhosts/texasbeyondhistory/data/bonfire/images/_notes photos2.gif.mno
2001.10.01 21:39 B C:\WINDOWS\Desktop\TBH\Recent\bonfire\images\_notes\photos2_r10_c12.gif.mno --> uts.cc.utexas.edu /export/httpd/vhosts/texasbeyondhistory/data/bonfire/images/_notes photos2_r10_c12.gif.mno
2001.10.01 21:39 B C:\WINDOWS\Desktop\TBH\Recent\bonfire\images\_notes\photos2_r11_c11.gif.mno --> uts.cc.utexas.edu /export/httpd/vhosts/texasbeyondhistory/data/bonfire/images/_notes photos2_r11_c11.gif.mno
2001.10.01 21:39 B C:\WINDOWS\Desktop\TBH\Recent\bonfire\images\_notes\photos2_r11_c11_f2.gif.mno --> uts.cc.utexas.edu /export/httpd/vhosts/texasbeyondhistory/data/bonfire/images/_notes photos2_r11_c11_f2.gif.mno
2001.10.01 21:39 B C:\WINDOWS\Desktop\TBH\Recent\bonfire\images\_notes\photos2_r11_c15.gif.mno --> uts.cc.utexas.edu /export/httpd/vhosts/texasbeyondhistory/data/bonfire/images/_notes photos2_r11_c15.gif.mno
2001.10.01 21:39 B C:\WINDOWS\Desktop\TBH\Recent\bonfire\images\_notes\photos2_r11_c9.gif.mno --> uts.cc.utexas.edu /export/httpd/vhosts/texasbeyondhistory/data/bonfire/images/_notes photos2_r11_c9.gif.mno
2001.10.01 21:39 B C:\WINDOWS\Desktop\TBH\Recent\bonfire\images\_notes\photos2_r12_c11.gif.mno --> uts.cc.utexas.edu /export/httpd/vhosts/texasbeyondhistory/data/bonfire/images/_notes photos2_r12_c11.gif.mno
2001.10.01 21:39 B C:\WINDOWS\Desktop\TBH\Recent\bonfire\images\_notes\photos2_r12_c6.gif.mno --> uts.cc.utexas.edu /export/httpd/vhosts/texasbeyondhistory/data/bonfire/images/_notes photos2_r12_c6.gif.mno
2001.10.01 21:39 B C:\WINDOWS\Desktop\TBH\Recent\bonfire\images\_notes\photos2_r1_c1.gif.mno --> uts.cc.utexas.edu /export/httpd/vhosts/texasbeyondhistory/data/bonfire/images/_notes photos2_r1_c1.gif.mno
2001.10.01 21:39 B C:\WINDOWS\Desktop\TBH\Recent\bonfire\images\_notes\photos2_r1_c10.gif.mno --> uts.cc.utexas.edu /export/httpd/vhosts/texasbeyondhistory/data/bonfire/images/_notes photos2_r1_c10.gif.mno
2001.10.01 21:39 B C:\WINDOWS\Desktop\TBH\Recent\bonfire\images\_notes\photos2_r1_c10_f2.gif.mno --> uts.cc.utexas.edu /export/httpd/vhosts/texasbeyondhistory/data/bonfire/images/_notes photos2_r1_c10_f2.gif.mno
2001.10.01 21:39 B C:\WINDOWS\Desktop\TBH\Recent\bonfire\images\_notes\photos2_r1_c13.gif.mno --> uts.cc.utexas.edu /export/httpd/vhosts/texasbeyondhistory/data/bonfire/images/_notes photos2_r1_c13.gif.mno
2001.10.01 21:39 B C:\WINDOWS\Desktop\TBH\Recent\bonfire\images\_notes\photos2_r2_c1.gif.mno --> uts.cc.utexas.edu /export/httpd/vhosts/texasbeyondhistory/data/bonfire/images/_notes photos2_r2_c1.gif.mno
2001.10.01 21:39 B C:\WINDOWS\Desktop\TBH\Recent\bonfire\images\_notes\photos2_r2_c2.gif.mno --> uts.cc.utexas.edu /export/httpd/vhosts/texasbeyondhistory/data/bonfire/images/_notes photos2_r2_c2.gif.mno
2001.10.01 21:39 B C:\WINDOWS\Desktop\TBH\Recent\bonfire\images\_notes\photos2_r2_c2_f2.gif.mno --> uts.cc.utexas.edu /export/httpd/vhosts/texasbeyondhistory/data/bonfire/images/_notes photos2_r2_c2_f2.gif.mno
2001.10.01 21:39 B C:\WINDOWS\Desktop\TBH\Recent\bonfire\images\_notes\photos2_r2_c3.gif.mno --> uts.cc.utexas.edu /export/httpd/vhosts/texasbeyondhistory/data/bonfire/images/_notes photos2_r2_c3.gif.mno
2001.10.01 21:39 B C:\WINDOWS\Desktop\TBH\Recent\bonfire\images\_notes\photos2_r3_c3.gif.mno --> uts.cc.utexas.edu /export/httpd/vhosts/texasbeyondhistory/data/bonfire/images/_notes photos2_r3_c3.gif.mno
2001.10.01 21:39 B C:\WINDOWS\Desktop\TBH\Recent\bonfire\images\_notes\photos2_r3_c4.gif.mno --> uts.cc.utexas.edu /export/httpd/vhosts/texasbeyondhistory/data/bonfire/images/_notes photos2_r3_c4.gif.mno
2001.10.01 21:39 B C:\WINDOWS\Desktop\TBH\Recent\bonfire\images\_notes\photos2_r3_c4_f2.gif.mno --> uts.cc.utexas.edu /export/httpd/vhosts/texasbeyondhistory/data/bonfire/images/_notes photos2_r3_c4_f2.gif.mno
2001.10.01 21:39 B C:\WINDOWS\Desktop\TBH\Recent\bonfire\images\_notes\photos2_r3_c7.gif.mno --> uts.cc.utexas.edu /export/httpd/vhosts/texasbeyondhistory/data/bonfire/images/_notes photos2_r3_c7.gif.mno
2001.10.01 21:39 B C:\WINDOWS\Desktop\TBH\Recent\bonfire\images\_notes\photos2_r4_c4.gif.mno --> uts.cc.utexas.edu /export/httpd/vhosts/texasbeyondhistory/data/bonfire/images/_notes photos2_r4_c4.gif.mno
2001.10.01 21:39 B C:\WINDOWS\Desktop\TBH\Recent\bonfire\images\_notes\photos2_r5_c2.gif.mno --> uts.cc.utexas.edu /export/httpd/vhosts/texasbeyondhistory/data/bonfire/images/_notes photos2_r5_c2.gif.mno
2001.10.01 21:39 B C:\WINDOWS\Desktop\TBH\Recent\bonfire\images\_notes\photos2_r6_c10.gif.mno --> uts.cc.utexas.edu /export/httpd/vhosts/texasbeyondhistory/data/bonfire/images/_notes photos2_r6_c10.gif.mno
2001.10.01 21:39 B C:\WINDOWS\Desktop\TBH\Recent\bonfire\images\_notes\photos2_r7_c12.gif.mno --> uts.cc.utexas.edu /export/httpd/vhosts/texasbeyondhistory/data/bonfire/images/_notes photos2_r7_c12.gif.mno
2001.10.01 21:39 B C:\WINDOWS\Desktop\TBH\Recent\bonfire\images\_notes\photos2_r7_c12_f2.gif.mno --> uts.cc.utexas.edu /export/httpd/vhosts/texasbeyondhistory/data/bonfire/images/_notes photos2_r7_c12_f2.gif.mno
2001.10.01 21:39 B C:\WINDOWS\Desktop\TBH\Recent\bonfire\images\_notes\photos2_r7_c14.gif.mno --> uts.cc.utexas.edu /export/httpd/vhosts/texasbeyondhistory/data/bonfire/images/_notes photos2_r7_c14.gif.mno
2001.10.01 21:39 B C:\WINDOWS\Desktop\TBH\Recent\bonfire\images\_notes\photos2_r7_c4.gif.mno --> uts.cc.utexas.edu /export/httpd/vhosts/texasbeyondhistory/data/bonfire/images/_notes photos2_r7_c4.gif.mno
2001.10.01 21:39 B C:\WINDOWS\Desktop\TBH\Recent\bonfire\images\_notes\photos2_r7_c5.gif.mno --> uts.cc.utexas.edu /export/httpd/vhosts/texasbeyondhistory/data/bonfire/images/_notes photos2_r7_c5.gif.mno
2001.10.01 21:39 B C:\WINDOWS\Desktop\TBH\Recent\bonfire\images\_notes\photos2_r7_c5_f2.gif.mno --> uts.cc.utexas.edu /export/httpd/vhosts/texasbeyondhistory/data/bonfire/images/_notes photos2_r7_c5_f2.gif.mno
2001.10.01 21:39 B C:\WINDOWS\Desktop\TBH\Recent\bonfire\images\_notes\photos2_r7_c9.gif.mno --> uts.cc.utexas.edu /export/httpd/vhosts/texasbeyondhistory/data/bonfire/images/_notes photos2_r7_c9.gif.mno
2001.10.01 21:39 B C:\WINDOWS\Desktop\TBH\Recent\bonfire\images\_notes\photos2_r8_c5.gif.mno --> uts.cc.utexas.edu /export/httpd/vhosts/texasbeyondhistory/data/bonfire/images/_notes photos2_r8_c5.gif.mno
2001.10.01 21:39 B C:\WINDOWS\Desktop\TBH\Recent\bonfire\images\_notes\photos2_r9_c5.gif.mno --> uts.cc.utexas.edu /export/httpd/vhosts/texasbeyondhistory/data/bonfire/images/_notes photos2_r9_c5.gif.mno
2001.10.01 21:39 B C:\WINDOWS\Desktop\TBH\Recent\bonfire\images\_notes\photos2_r9_c6.gif.mno --> uts.cc.utexas.edu /export/httpd/vhosts/texasbeyondhistory/data/bonfire/images/_notes photos2_r9_c6.gif.mno
2001.10.01 21:39 B C:\WINDOWS\Desktop\TBH\Recent\bonfire\images\_notes\photos2_r9_c6_f2.gif.mno --> uts.cc.utexas.edu /export/httpd/vhosts/texasbeyondhistory/data/bonfire/images/_notes photos2_r9_c6_f2.gif.mno
2001.10.01 21:39 B C:\WINDOWS\Desktop\TBH\Recent\bonfire\images\_notes\photos2_r9_c8.gif.mno --> uts.cc.utexas.edu /export/httpd/vhosts/texasbeyondhistory/data/bonfire/images/_notes photos2_r9_c8.gif.mno
