2007.09.25 07:55 B K:\TBH Website Temp\hueco\hueco-kids\where\images\back-button.png --> uts.cc.utexas.edu /export/httpd/vhosts/texasbeyondhistory/data/protect/hueco-kids/where/images back-button.png
2007.09.25 07:55 B K:\TBH Website Temp\hueco\hueco-kids\where\images\chihuahua.jpg --> uts.cc.utexas.edu /export/httpd/vhosts/texasbeyondhistory/data/protect/hueco-kids/where/images chihuahua.jpg
2007.09.25 07:55 B K:\TBH Website Temp\hueco\hueco-kids\where\images\cross-section.jpg --> uts.cc.utexas.edu /export/httpd/vhosts/texasbeyondhistory/data/protect/hueco-kids/where/images cross-section.jpg
2007.09.25 07:55 B K:\TBH Website Temp\hueco\hueco-kids\where\images\guadalupe.jpg --> uts.cc.utexas.edu /export/httpd/vhosts/texasbeyondhistory/data/protect/hueco-kids/where/images guadalupe.jpg
2007.09.25 07:55 B K:\TBH Website Temp\hueco\hueco-kids\where\images\HuecoTanks.mp3 --> uts.cc.utexas.edu /export/httpd/vhosts/texasbeyondhistory/data/protect/hueco-kids/where/images HuecoTanks.mp3
2007.09.25 07:55 B K:\TBH Website Temp\hueco\hueco-kids\where\images\mesa1.jpg --> uts.cc.utexas.edu /export/httpd/vhosts/texasbeyondhistory/data/protect/hueco-kids/where/images mesa1.jpg
2007.09.25 07:55 B K:\TBH Website Temp\hueco\hueco-kids\where\images\mtnandbasin.html --> uts.cc.utexas.edu /export/httpd/vhosts/texasbeyondhistory/data/protect/hueco-kids/where/images mtnandbasin.html
2007.09.25 07:55 B K:\TBH Website Temp\hueco\hueco-kids\where\images\next.png --> uts.cc.utexas.edu /export/httpd/vhosts/texasbeyondhistory/data/protect/hueco-kids/where/images next.png
2007.09.25 07:55 B K:\TBH Website Temp\hueco\hueco-kids\where\images\salt-basin.jpg --> uts.cc.utexas.edu /export/httpd/vhosts/texasbeyondhistory/data/protect/hueco-kids/where/images salt-basin.jpg
2007.09.25 07:55 B K:\TBH Website Temp\hueco\hueco-kids\where\images\sayhueco.jpg --> uts.cc.utexas.edu /export/httpd/vhosts/texasbeyondhistory/data/protect/hueco-kids/where/images sayhueco.jpg
2007.09.25 07:55 B K:\TBH Website Temp\hueco\hueco-kids\where\images\sayhueco.png --> uts.cc.utexas.edu /export/httpd/vhosts/texasbeyondhistory/data/protect/hueco-kids/where/images sayhueco.png
2007.09.25 07:55 B K:\TBH Website Temp\hueco\hueco-kids\where\images\t-p-east.jpg --> uts.cc.utexas.edu /export/httpd/vhosts/texasbeyondhistory/data/protect/hueco-kids/where/images t-p-east.jpg
2007.09.25 07:55 B K:\TBH Website Temp\hueco\hueco-kids\where\images\t-p-north.jpg --> uts.cc.utexas.edu /export/httpd/vhosts/texasbeyondhistory/data/protect/hueco-kids/where/images t-p-north.jpg
2007.09.25 07:55 B K:\TBH Website Temp\hueco\hueco-kids\where\images\t-p-south.jpg --> uts.cc.utexas.edu /export/httpd/vhosts/texasbeyondhistory/data/protect/hueco-kids/where/images t-p-south.jpg
2007.09.25 07:55 B K:\TBH Website Temp\hueco\hueco-kids\where\images\t-p-west.jpg --> uts.cc.utexas.edu /export/httpd/vhosts/texasbeyondhistory/data/protect/hueco-kids/where/images t-p-west.jpg
2007.09.25 07:55 B K:\TBH Website Temp\hueco\hueco-kids\where\images\Thumbs.db --> uts.cc.utexas.edu /export/httpd/vhosts/texasbeyondhistory/data/protect/hueco-kids/where/images Thumbs.db
2007.09.25 07:55 B K:\TBH Website Temp\hueco\hueco-kids\where\images\topo-sm.jpg --> uts.cc.utexas.edu /export/httpd/vhosts/texasbeyondhistory/data/protect/hueco-kids/where/images topo-sm.jpg
2007.09.25 07:55 B K:\TBH Website Temp\hueco\hueco-kids\where\images\topo.jpg --> uts.cc.utexas.edu /export/httpd/vhosts/texasbeyondhistory/data/protect/hueco-kids/where/images topo.jpg
2007.12.11 15:20 B K:\TBH Website Temp\hueco\hueco-kids\where\images\back-button.png --> uts.cc.utexas.edu /export/httpd/vhosts/texasbeyondhistory/data/protect/hueco/hueco-kids/where/images back-button.png
2007.12.11 15:20 B K:\TBH Website Temp\hueco\hueco-kids\where\images\chihuahua.jpg --> uts.cc.utexas.edu /export/httpd/vhosts/texasbeyondhistory/data/protect/hueco/hueco-kids/where/images chihuahua.jpg
2007.12.11 15:20 B K:\TBH Website Temp\hueco\hueco-kids\where\images\cross-section.jpg --> uts.cc.utexas.edu /export/httpd/vhosts/texasbeyondhistory/data/protect/hueco/hueco-kids/where/images cross-section.jpg
2007.12.11 15:20 B K:\TBH Website Temp\hueco\hueco-kids\where\images\guadalupe.jpg --> uts.cc.utexas.edu /export/httpd/vhosts/texasbeyondhistory/data/protect/hueco/hueco-kids/where/images guadalupe.jpg
2007.12.11 15:20 B K:\TBH Website Temp\hueco\hueco-kids\where\images\HuecoTanks.mp3 --> uts.cc.utexas.edu /export/httpd/vhosts/texasbeyondhistory/data/protect/hueco/hueco-kids/where/images HuecoTanks.mp3
2007.12.11 15:20 B K:\TBH Website Temp\hueco\hueco-kids\where\images\mesa1.jpg --> uts.cc.utexas.edu /export/httpd/vhosts/texasbeyondhistory/data/protect/hueco/hueco-kids/where/images mesa1.jpg
2007.12.11 15:20 B K:\TBH Website Temp\hueco\hueco-kids\where\images\mtnandbasin.html --> uts.cc.utexas.edu /export/httpd/vhosts/texasbeyondhistory/data/protect/hueco/hueco-kids/where/images mtnandbasin.html
2007.12.11 15:20 B K:\TBH Website Temp\hueco\hueco-kids\where\images\next.png --> uts.cc.utexas.edu /export/httpd/vhosts/texasbeyondhistory/data/protect/hueco/hueco-kids/where/images next.png
2007.12.11 15:20 B K:\TBH Website Temp\hueco\hueco-kids\where\images\salt-basin.jpg --> uts.cc.utexas.edu /export/httpd/vhosts/texasbeyondhistory/data/protect/hueco/hueco-kids/where/images salt-basin.jpg
2007.12.11 15:20 B K:\TBH Website Temp\hueco\hueco-kids\where\images\sayhueco.jpg --> uts.cc.utexas.edu /export/httpd/vhosts/texasbeyondhistory/data/protect/hueco/hueco-kids/where/images sayhueco.jpg
2007.12.11 15:20 B K:\TBH Website Temp\hueco\hueco-kids\where\images\sayhueco.png --> uts.cc.utexas.edu /export/httpd/vhosts/texasbeyondhistory/data/protect/hueco/hueco-kids/where/images sayhueco.png
2007.12.11 15:20 B K:\TBH Website Temp\hueco\hueco-kids\where\images\t-p-east.jpg --> uts.cc.utexas.edu /export/httpd/vhosts/texasbeyondhistory/data/protect/hueco/hueco-kids/where/images t-p-east.jpg
2007.12.11 15:20 B K:\TBH Website Temp\hueco\hueco-kids\where\images\t-p-north.jpg --> uts.cc.utexas.edu /export/httpd/vhosts/texasbeyondhistory/data/protect/hueco/hueco-kids/where/images t-p-north.jpg
2007.12.11 15:20 B K:\TBH Website Temp\hueco\hueco-kids\where\images\t-p-south.jpg --> uts.cc.utexas.edu /export/httpd/vhosts/texasbeyondhistory/data/protect/hueco/hueco-kids/where/images t-p-south.jpg
2007.12.11 15:20 B K:\TBH Website Temp\hueco\hueco-kids\where\images\t-p-west.jpg --> uts.cc.utexas.edu /export/httpd/vhosts/texasbeyondhistory/data/protect/hueco/hueco-kids/where/images t-p-west.jpg
2007.12.11 15:20 B K:\TBH Website Temp\hueco\hueco-kids\where\images\Thumbs.db --> uts.cc.utexas.edu /export/httpd/vhosts/texasbeyondhistory/data/protect/hueco/hueco-kids/where/images Thumbs.db
2007.12.11 15:20 B K:\TBH Website Temp\hueco\hueco-kids\where\images\topo-sm.jpg --> uts.cc.utexas.edu /export/httpd/vhosts/texasbeyondhistory/data/protect/hueco/hueco-kids/where/images topo-sm.jpg
2007.12.11 15:20 B K:\TBH Website Temp\hueco\hueco-kids\where\images\topo.jpg --> uts.cc.utexas.edu /export/httpd/vhosts/texasbeyondhistory/data/protect/hueco/hueco-kids/where/images topo.jpg
2007.12.11 15:20 B K:\TBH Website Temp\hueco\hueco-kids\where\images\WS_FTP.LOG --> uts.cc.utexas.edu /export/httpd/vhosts/texasbeyondhistory/data/protect/hueco/hueco-kids/where/images WS_FTP.LOG
2007.12.21 18:08 B L:\TBH Website Temp\hueco\hueco-kids\where\images\back-button.png --> uts.cc.utexas.edu /export/httpd/vhosts/texasbeyondhistory/data/protect/hueco/hueco-kids/where/images back-button.png
2007.12.21 18:08 B L:\TBH Website Temp\hueco\hueco-kids\where\images\basin.gif --> uts.cc.utexas.edu /export/httpd/vhosts/texasbeyondhistory/data/protect/hueco/hueco-kids/where/images basin.gif
2007.12.21 18:08 B L:\TBH Website Temp\hueco\hueco-kids\where\images\chihuahua.jpg --> uts.cc.utexas.edu /export/httpd/vhosts/texasbeyondhistory/data/protect/hueco/hueco-kids/where/images chihuahua.jpg
2007.12.21 18:08 B L:\TBH Website Temp\hueco\hueco-kids\where\images\cross-section.jpg --> uts.cc.utexas.edu /export/httpd/vhosts/texasbeyondhistory/data/protect/hueco/hueco-kids/where/images cross-section.jpg
2007.12.21 18:08 B L:\TBH Website Temp\hueco\hueco-kids\where\images\guad.gif --> uts.cc.utexas.edu /export/httpd/vhosts/texasbeyondhistory/data/protect/hueco/hueco-kids/where/images guad.gif
2007.12.21 18:08 B L:\TBH Website Temp\hueco\hueco-kids\where\images\guadalupe.jpg --> uts.cc.utexas.edu /export/httpd/vhosts/texasbeyondhistory/data/protect/hueco/hueco-kids/where/images guadalupe.jpg
2007.12.21 18:08 B L:\TBH Website Temp\hueco\hueco-kids\where\images\HuecoTanks.mp3 --> uts.cc.utexas.edu /export/httpd/vhosts/texasbeyondhistory/data/protect/hueco/hueco-kids/where/images HuecoTanks.mp3
2007.12.21 18:08 B L:\TBH Website Temp\hueco\hueco-kids\where\images\mesa1.jpg --> uts.cc.utexas.edu /export/httpd/vhosts/texasbeyondhistory/data/protect/hueco/hueco-kids/where/images mesa1.jpg
2007.12.21 18:08 B L:\TBH Website Temp\hueco\hueco-kids\where\images\mesas.gif --> uts.cc.utexas.edu /export/httpd/vhosts/texasbeyondhistory/data/protect/hueco/hueco-kids/where/images mesas.gif
2007.12.21 18:08 B L:\TBH Website Temp\hueco\hueco-kids\where\images\mtnandbasin.html --> uts.cc.utexas.edu /export/httpd/vhosts/texasbeyondhistory/data/protect/hueco/hueco-kids/where/images mtnandbasin.html
2007.12.21 18:08 B L:\TBH Website Temp\hueco\hueco-kids\where\images\next.png --> uts.cc.utexas.edu /export/httpd/vhosts/texasbeyondhistory/data/protect/hueco/hueco-kids/where/images next.png
2007.12.21 18:08 B L:\TBH Website Temp\hueco\hueco-kids\where\images\salt-basin.jpg --> uts.cc.utexas.edu /export/httpd/vhosts/texasbeyondhistory/data/protect/hueco/hueco-kids/where/images salt-basin.jpg
2007.12.21 18:08 B L:\TBH Website Temp\hueco\hueco-kids\where\images\sayhueco.jpg --> uts.cc.utexas.edu /export/httpd/vhosts/texasbeyondhistory/data/protect/hueco/hueco-kids/where/images sayhueco.jpg
2007.12.21 18:08 B L:\TBH Website Temp\hueco\hueco-kids\where\images\sayhueco.png --> uts.cc.utexas.edu /export/httpd/vhosts/texasbeyondhistory/data/protect/hueco/hueco-kids/where/images sayhueco.png
2007.12.21 18:08 B L:\TBH Website Temp\hueco\hueco-kids\where\images\t-p-east.jpg --> uts.cc.utexas.edu /export/httpd/vhosts/texasbeyondhistory/data/protect/hueco/hueco-kids/where/images t-p-east.jpg
2007.12.21 18:08 B L:\TBH Website Temp\hueco\hueco-kids\where\images\t-p-north.jpg --> uts.cc.utexas.edu /export/httpd/vhosts/texasbeyondhistory/data/protect/hueco/hueco-kids/where/images t-p-north.jpg
2007.12.21 18:08 B L:\TBH Website Temp\hueco\hueco-kids\where\images\t-p-south.jpg --> uts.cc.utexas.edu /export/httpd/vhosts/texasbeyondhistory/data/protect/hueco/hueco-kids/where/images t-p-south.jpg
2007.12.21 18:08 B L:\TBH Website Temp\hueco\hueco-kids\where\images\t-p-west.jpg --> uts.cc.utexas.edu /export/httpd/vhosts/texasbeyondhistory/data/protect/hueco/hueco-kids/where/images t-p-west.jpg
2007.12.21 18:08 B L:\TBH Website Temp\hueco\hueco-kids\where\images\Thumbs.db --> uts.cc.utexas.edu /export/httpd/vhosts/texasbeyondhistory/data/protect/hueco/hueco-kids/where/images Thumbs.db
2007.12.21 18:08 B L:\TBH Website Temp\hueco\hueco-kids\where\images\topo-sm.jpg --> uts.cc.utexas.edu /export/httpd/vhosts/texasbeyondhistory/data/protect/hueco/hueco-kids/where/images topo-sm.jpg
2007.12.21 18:08 B L:\TBH Website Temp\hueco\hueco-kids\where\images\topo.jpg --> uts.cc.utexas.edu /export/httpd/vhosts/texasbeyondhistory/data/protect/hueco/hueco-kids/where/images topo.jpg
2007.12.21 18:08 B L:\TBH Website Temp\hueco\hueco-kids\where\images\WS_FTP.LOG --> uts.cc.utexas.edu /export/httpd/vhosts/texasbeyondhistory/data/protect/hueco/hueco-kids/where/images WS_FTP.LOG
