2007.03.12 16:06 B V:\TBH Website Temp\cabeza-cooking\coastal.html --> uts.cc.utexas.edu /export/httpd/vhosts/texasbeyondhistory/data/protect/cabeza-cooking coastal.html
2007.03.12 16:06 B V:\TBH Website Temp\cabeza-cooking\credits.html --> uts.cc.utexas.edu /export/httpd/vhosts/texasbeyondhistory/data/protect/cabeza-cooking credits.html
2007.03.12 16:06 B V:\TBH Website Temp\cabeza-cooking\deepsouth.html --> uts.cc.utexas.edu /export/httpd/vhosts/texasbeyondhistory/data/protect/cabeza-cooking deepsouth.html
2007.03.12 16:06 B V:\TBH Website Temp\cabeza-cooking\encounters.html --> uts.cc.utexas.edu /export/httpd/vhosts/texasbeyondhistory/data/protect/cabeza-cooking encounters.html
2007.03.12 16:06 B V:\TBH Website Temp\cabeza-cooking\index.html --> uts.cc.utexas.edu /export/httpd/vhosts/texasbeyondhistory/data/protect/cabeza-cooking index.html
2007.03.12 16:06 B V:\TBH Website Temp\cabeza-cooking\inland.html --> uts.cc.utexas.edu /export/httpd/vhosts/texasbeyondhistory/data/protect/cabeza-cooking inland.html
2007.03.12 16:06 B V:\TBH Website Temp\cabeza-cooking\kids.html --> uts.cc.utexas.edu /export/httpd/vhosts/texasbeyondhistory/data/protect/cabeza-cooking kids.html
2007.03.12 16:06 B V:\TBH Website Temp\cabeza-cooking\rediscovery.html --> uts.cc.utexas.edu /export/httpd/vhosts/texasbeyondhistory/data/protect/cabeza-cooking rediscovery.html
2007.03.12 16:06 B V:\TBH Website Temp\cabeza-cooking\survivors.html --> uts.cc.utexas.edu /export/httpd/vhosts/texasbeyondhistory/data/protect/cabeza-cooking survivors.html
2007.03.12 16:06 B V:\TBH Website Temp\cabeza-cooking\teachers.html --> uts.cc.utexas.edu /export/httpd/vhosts/texasbeyondhistory/data/protect/cabeza-cooking teachers.html
2007.03.16 11:42 B V:\TBH Website Temp\cabeza-cooking\coastal.html --> uts.cc.utexas.edu /export/httpd/vhosts/texasbeyondhistory/data/protect/cabeza-cooking coastal.html
2007.08.15 11:44 B L:\TBH Website Temp\cabeza-cooking\rediscovery.html --> uts.cc.utexas.edu /export/httpd/vhosts/texasbeyondhistory/data/cabeza-cooking rediscovery.html
2007.08.15 11:44 B L:\TBH Website Temp\cabeza-cooking\inland.html --> uts.cc.utexas.edu /export/httpd/vhosts/texasbeyondhistory/data/cabeza-cooking inland.html
2007.08.15 11:44 B L:\TBH Website Temp\cabeza-cooking\deepsouth.html --> uts.cc.utexas.edu /export/httpd/vhosts/texasbeyondhistory/data/cabeza-cooking deepsouth.html
2007.08.15 11:44 B L:\TBH Website Temp\cabeza-cooking\survivors.html --> uts.cc.utexas.edu /export/httpd/vhosts/texasbeyondhistory/data/cabeza-cooking survivors.html
2007.08.15 11:44 B L:\TBH Website Temp\cabeza-cooking\credits.html --> uts.cc.utexas.edu /export/httpd/vhosts/texasbeyondhistory/data/cabeza-cooking credits.html
2007.08.15 11:44 B L:\TBH Website Temp\cabeza-cooking\index.html --> uts.cc.utexas.edu /export/httpd/vhosts/texasbeyondhistory/data/cabeza-cooking index.html
2007.08.15 11:44 B L:\TBH Website Temp\cabeza-cooking\coastal.html --> uts.cc.utexas.edu /export/httpd/vhosts/texasbeyondhistory/data/cabeza-cooking coastal.html
2007.08.15 11:44 B L:\TBH Website Temp\cabeza-cooking\encounters.html --> uts.cc.utexas.edu /export/httpd/vhosts/texasbeyondhistory/data/cabeza-cooking encounters.html
2007.08.15 11:44 B L:\TBH Website Temp\cabeza-cooking\WS_FTP.LOG --> uts.cc.utexas.edu /export/httpd/vhosts/texasbeyondhistory/data/cabeza-cooking WS_FTP.LOG
2007.08.15 11:44 B L:\TBH Website Temp\cabeza-cooking\kids.html --> uts.cc.utexas.edu /export/httpd/vhosts/texasbeyondhistory/data/cabeza-cooking kids.html
2007.08.15 11:44 B L:\TBH Website Temp\cabeza-cooking\teachers.html --> uts.cc.utexas.edu /export/httpd/vhosts/texasbeyondhistory/data/cabeza-cooking teachers.html
2007.08.15 10:15 B K:\TBH Website Temp\cabeza-cooking\rediscovery.html --> uts.cc.utexas.edu /export/httpd/vhosts/texasbeyondhistory/data/cabeza-cooking rediscovery.html
2007.08.16 08:13 B K:\TBH Website Temp\cabeza-cooking\credits.html --> uts.cc.utexas.edu /export/httpd/vhosts/texasbeyondhistory/data/cabeza-cooking credits.html
2007.08.16 08:13 B K:\TBH Website Temp\cabeza-cooking\coastal.html --> uts.cc.utexas.edu /export/httpd/vhosts/texasbeyondhistory/data/cabeza-cooking coastal.html
2007.08.16 08:34 B K:\TBH Website Temp\cabeza-cooking\survivors.html --> uts.cc.utexas.edu /export/httpd/vhosts/texasbeyondhistory/data/cabeza-cooking survivors.html
2007.08.17 12:26 B K:\TBH Website Temp\cabeza-cooking\credits.html --> uts.cc.utexas.edu /export/httpd/vhosts/texasbeyondhistory/data/cabeza-cooking credits.html
2007.08.20 08:32 B K:\TBH Website Temp\cabeza-cooking\credits.html --> uts.cc.utexas.edu /export/httpd/vhosts/texasbeyondhistory/data/cabeza-cooking credits.html
2007.08.20 12:44 B L:\TBH Website Temp\cabeza-cooking\credits.html --> uts.cc.utexas.edu /export/httpd/vhosts/texasbeyondhistory/data/cabeza-cooking credits.html
2008.01.14 08:44 B K:\TBH Website Temp\cabeza-cooking\credits.html --> uts.cc.utexas.edu /export/httpd/vhosts/texasbeyondhistory/data/cabeza-cooking credits.html
