2007.06.12 08:51 B V:\TBH Website Temp\trans-p\kids\sandals\background4-2.png --> uts.cc.utexas.edu /export/httpd/vhosts/texasbeyondhistory/data/protect/sandals background4-2.png
2007.06.12 08:51 B V:\TBH Website Temp\trans-p\kids\sandals\background4.png --> uts.cc.utexas.edu /export/httpd/vhosts/texasbeyondhistory/data/protect/sandals background4.png
2007.06.12 08:51 B V:\TBH Website Temp\trans-p\kids\sandals\bubble-2.png --> uts.cc.utexas.edu /export/httpd/vhosts/texasbeyondhistory/data/protect/sandals bubble-2.png
2007.06.12 08:51 B V:\TBH Website Temp\trans-p\kids\sandals\bubble.png --> uts.cc.utexas.edu /export/httpd/vhosts/texasbeyondhistory/data/protect/sandals bubble.png
2007.06.12 08:51 B V:\TBH Website Temp\trans-p\kids\sandals\dr-dirt-1a.png --> uts.cc.utexas.edu /export/httpd/vhosts/texasbeyondhistory/data/protect/sandals dr-dirt-1a.png
2007.06.12 08:51 B V:\TBH Website Temp\trans-p\kids\sandals\dr-dirt-1b.png --> uts.cc.utexas.edu /export/httpd/vhosts/texasbeyondhistory/data/protect/sandals dr-dirt-1b.png
2007.06.12 08:51 B V:\TBH Website Temp\trans-p\kids\sandals\dr-dirt-stand1-sm.png --> uts.cc.utexas.edu /export/httpd/vhosts/texasbeyondhistory/data/protect/sandals dr-dirt-stand1-sm.png
2007.06.12 08:51 B V:\TBH Website Temp\trans-p\kids\sandals\dr-dirt-stand1.png --> uts.cc.utexas.edu /export/httpd/vhosts/texasbeyondhistory/data/protect/sandals dr-dirt-stand1.png
2007.06.12 08:51 B V:\TBH Website Temp\trans-p\kids\sandals\dr-dirt-stand2-sm.png --> uts.cc.utexas.edu /export/httpd/vhosts/texasbeyondhistory/data/protect/sandals dr-dirt-stand2-sm.png
2007.06.12 08:51 B V:\TBH Website Temp\trans-p\kids\sandals\dr-dirt-stand2.png --> uts.cc.utexas.edu /export/httpd/vhosts/texasbeyondhistory/data/protect/sandals dr-dirt-stand2.png
2007.06.12 08:51 B V:\TBH Website Temp\trans-p\kids\sandals\dr-dirt-trowel.png --> uts.cc.utexas.edu /export/httpd/vhosts/texasbeyondhistory/data/protect/sandals dr-dirt-trowel.png
2007.06.12 08:51 B V:\TBH Website Temp\trans-p\kids\sandals\dr-dirt-yucca1.png --> uts.cc.utexas.edu /export/httpd/vhosts/texasbeyondhistory/data/protect/sandals dr-dirt-yucca1.png
2007.06.12 08:51 B V:\TBH Website Temp\trans-p\kids\sandals\dr-dirt-yucca2.png --> uts.cc.utexas.edu /export/httpd/vhosts/texasbeyondhistory/data/protect/sandals dr-dirt-yucca2.png
2007.06.12 08:51 B V:\TBH Website Temp\trans-p\kids\sandals\dr-dirt1.png --> uts.cc.utexas.edu /export/httpd/vhosts/texasbeyondhistory/data/protect/sandals dr-dirt1.png
2007.06.12 08:51 B V:\TBH Website Temp\trans-p\kids\sandals\dr-dirt2-sm.png --> uts.cc.utexas.edu /export/httpd/vhosts/texasbeyondhistory/data/protect/sandals dr-dirt2-sm.png
2007.06.12 08:51 B V:\TBH Website Temp\trans-p\kids\sandals\dr-dirt2.png --> uts.cc.utexas.edu /export/httpd/vhosts/texasbeyondhistory/data/protect/sandals dr-dirt2.png
2007.06.12 08:51 B V:\TBH Website Temp\trans-p\kids\sandals\dr-dirt2a.png --> uts.cc.utexas.edu /export/httpd/vhosts/texasbeyondhistory/data/protect/sandals dr-dirt2a.png
2007.06.12 08:51 B V:\TBH Website Temp\trans-p\kids\sandals\dr-dirt3-sm.png --> uts.cc.utexas.edu /export/httpd/vhosts/texasbeyondhistory/data/protect/sandals dr-dirt3-sm.png
2007.06.12 08:51 B V:\TBH Website Temp\trans-p\kids\sandals\dr-dirt3.png --> uts.cc.utexas.edu /export/httpd/vhosts/texasbeyondhistory/data/protect/sandals dr-dirt3.png
2007.06.12 08:51 B V:\TBH Website Temp\trans-p\kids\sandals\drdirt-sandals.gif --> uts.cc.utexas.edu /export/httpd/vhosts/texasbeyondhistory/data/protect/sandals drdirt-sandals.gif
2007.06.12 08:51 B V:\TBH Website Temp\trans-p\kids\sandals\drdirt-sandals.html --> uts.cc.utexas.edu /export/httpd/vhosts/texasbeyondhistory/data/protect/sandals drdirt-sandals.html
2007.06.12 08:51 B V:\TBH Website Temp\trans-p\kids\sandals\drdirt-yucca.gif --> uts.cc.utexas.edu /export/httpd/vhosts/texasbeyondhistory/data/protect/sandals drdirt-yucca.gif
2007.06.12 08:51 B V:\TBH Website Temp\trans-p\kids\sandals\drdirt-yucca.html --> uts.cc.utexas.edu /export/httpd/vhosts/texasbeyondhistory/data/protect/sandals drdirt-yucca.html
2007.06.12 08:51 B V:\TBH Website Temp\trans-p\kids\sandals\fishies.gif --> uts.cc.utexas.edu /export/httpd/vhosts/texasbeyondhistory/data/protect/sandals fishies.gif
2007.06.12 08:51 B V:\TBH Website Temp\trans-p\kids\sandals\fishies.htm --> uts.cc.utexas.edu /export/httpd/vhosts/texasbeyondhistory/data/protect/sandals fishies.htm
2007.06.12 08:51 B V:\TBH Website Temp\trans-p\kids\sandals\index.html --> uts.cc.utexas.edu /export/httpd/vhosts/texasbeyondhistory/data/protect/sandals index.html
2007.06.12 08:51 B V:\TBH Website Temp\trans-p\kids\sandals\next.png --> uts.cc.utexas.edu /export/httpd/vhosts/texasbeyondhistory/data/protect/sandals next.png
2007.06.12 08:51 B V:\TBH Website Temp\trans-p\kids\sandals\sandals1.html --> uts.cc.utexas.edu /export/httpd/vhosts/texasbeyondhistory/data/protect/sandals sandals1.html
2007.06.12 08:51 B V:\TBH Website Temp\trans-p\kids\sandals\sandals2.html --> uts.cc.utexas.edu /export/httpd/vhosts/texasbeyondhistory/data/protect/sandals sandals2.html
2007.06.12 08:51 B V:\TBH Website Temp\trans-p\kids\sandals\sandals3.html --> uts.cc.utexas.edu /export/httpd/vhosts/texasbeyondhistory/data/protect/sandals sandals3.html
2007.06.12 08:51 B V:\TBH Website Temp\trans-p\kids\sandals\sandals4.fla --> uts.cc.utexas.edu /export/httpd/vhosts/texasbeyondhistory/data/protect/sandals sandals4.fla
2007.06.12 08:51 B V:\TBH Website Temp\trans-p\kids\sandals\sandals4.html --> uts.cc.utexas.edu /export/httpd/vhosts/texasbeyondhistory/data/protect/sandals sandals4.html
2007.06.12 08:51 B V:\TBH Website Temp\trans-p\kids\sandals\sandals4.swf --> uts.cc.utexas.edu /export/httpd/vhosts/texasbeyondhistory/data/protect/sandals sandals4.swf
2007.06.12 08:51 B V:\TBH Website Temp\trans-p\kids\sandals\sandals5.html --> uts.cc.utexas.edu /export/httpd/vhosts/texasbeyondhistory/data/protect/sandals sandals5.html
2007.06.12 08:51 B V:\TBH Website Temp\trans-p\kids\sandals\sandals6.html --> uts.cc.utexas.edu /export/httpd/vhosts/texasbeyondhistory/data/protect/sandals sandals6.html
2007.06.12 08:51 B V:\TBH Website Temp\trans-p\kids\sandals\sandals7.html --> uts.cc.utexas.edu /export/httpd/vhosts/texasbeyondhistory/data/protect/sandals sandals7.html
2007.06.12 08:51 B V:\TBH Website Temp\trans-p\kids\sandals\sandals8.html --> uts.cc.utexas.edu /export/httpd/vhosts/texasbeyondhistory/data/protect/sandals sandals8.html
2007.06.12 08:51 B V:\TBH Website Temp\trans-p\kids\sandals\swfobject.js --> uts.cc.utexas.edu /export/httpd/vhosts/texasbeyondhistory/data/protect/sandals swfobject.js
2007.06.12 08:51 B V:\TBH Website Temp\trans-p\kids\sandals\Thumbs.db --> uts.cc.utexas.edu /export/httpd/vhosts/texasbeyondhistory/data/protect/sandals Thumbs.db
2007.06.12 08:51 B V:\TBH Website Temp\trans-p\kids\sandals\title1.png --> uts.cc.utexas.edu /export/httpd/vhosts/texasbeyondhistory/data/protect/sandals title1.png
2007.06.12 08:51 B V:\TBH Website Temp\trans-p\kids\sandals\title1a.png --> uts.cc.utexas.edu /export/httpd/vhosts/texasbeyondhistory/data/protect/sandals title1a.png
2007.06.12 08:51 B V:\TBH Website Temp\trans-p\kids\sandals\title2.png --> uts.cc.utexas.edu /export/httpd/vhosts/texasbeyondhistory/data/protect/sandals title2.png
2007.06.12 08:51 B V:\TBH Website Temp\trans-p\kids\sandals\track-lft.png --> uts.cc.utexas.edu /export/httpd/vhosts/texasbeyondhistory/data/protect/sandals track-lft.png
2007.06.12 08:51 B V:\TBH Website Temp\trans-p\kids\sandals\track-rt.png --> uts.cc.utexas.edu /export/httpd/vhosts/texasbeyondhistory/data/protect/sandals track-rt.png
2007.06.12 08:57 B V:\TBH Website Temp\trans-p\kids\sandals\sandals4.swf --> uts.cc.utexas.edu /export/httpd/vhosts/texasbeyondhistory/data/protect/sandals sandals4.swf
2007.11.08 09:24 B L:\TBH Website Temp\trans-p\kids\sandals\Thumbs.db --> uts.cc.utexas.edu /export/httpd/vhosts/texasbeyondhistory/data/protect/trans-p/kids/sandals Thumbs.db
2007.11.08 09:24 B L:\TBH Website Temp\trans-p\kids\sandals\WS_FTP.LOG --> uts.cc.utexas.edu /export/httpd/vhosts/texasbeyondhistory/data/protect/trans-p/kids/sandals WS_FTP.LOG
2007.11.08 09:24 B L:\TBH Website Temp\trans-p\kids\sandals\sandals4.swf --> uts.cc.utexas.edu /export/httpd/vhosts/texasbeyondhistory/data/protect/trans-p/kids/sandals sandals4.swf
2007.11.08 09:24 B L:\TBH Website Temp\trans-p\kids\sandals\sandals4.fla --> uts.cc.utexas.edu /export/httpd/vhosts/texasbeyondhistory/data/protect/trans-p/kids/sandals sandals4.fla
2007.11.08 09:24 B L:\TBH Website Temp\trans-p\kids\sandals\sandals4.html --> uts.cc.utexas.edu /export/httpd/vhosts/texasbeyondhistory/data/protect/trans-p/kids/sandals sandals4.html
2007.11.08 09:24 B L:\TBH Website Temp\trans-p\kids\sandals\sandals2.html --> uts.cc.utexas.edu /export/httpd/vhosts/texasbeyondhistory/data/protect/trans-p/kids/sandals sandals2.html
2007.11.08 09:24 B L:\TBH Website Temp\trans-p\kids\sandals\sandals1.html --> uts.cc.utexas.edu /export/httpd/vhosts/texasbeyondhistory/data/protect/trans-p/kids/sandals sandals1.html
2007.11.08 09:24 B L:\TBH Website Temp\trans-p\kids\sandals\sandals8.html --> uts.cc.utexas.edu /export/httpd/vhosts/texasbeyondhistory/data/protect/trans-p/kids/sandals sandals8.html
2007.11.08 09:24 B L:\TBH Website Temp\trans-p\kids\sandals\title1a.png --> uts.cc.utexas.edu /export/httpd/vhosts/texasbeyondhistory/data/protect/trans-p/kids/sandals title1a.png
2007.11.08 09:24 B L:\TBH Website Temp\trans-p\kids\sandals\sandals6.html --> uts.cc.utexas.edu /export/httpd/vhosts/texasbeyondhistory/data/protect/trans-p/kids/sandals sandals6.html
2007.11.08 09:24 B L:\TBH Website Temp\trans-p\kids\sandals\sandals3.html --> uts.cc.utexas.edu /export/httpd/vhosts/texasbeyondhistory/data/protect/trans-p/kids/sandals sandals3.html
2007.11.08 09:24 B L:\TBH Website Temp\trans-p\kids\sandals\sandals7.html --> uts.cc.utexas.edu /export/httpd/vhosts/texasbeyondhistory/data/protect/trans-p/kids/sandals sandals7.html
2007.11.08 09:24 B L:\TBH Website Temp\trans-p\kids\sandals\drdirt-sandals.gif --> uts.cc.utexas.edu /export/httpd/vhosts/texasbeyondhistory/data/protect/trans-p/kids/sandals drdirt-sandals.gif
2007.11.08 09:24 B L:\TBH Website Temp\trans-p\kids\sandals\fishies.gif --> uts.cc.utexas.edu /export/httpd/vhosts/texasbeyondhistory/data/protect/trans-p/kids/sandals fishies.gif
2007.11.08 09:24 B L:\TBH Website Temp\trans-p\kids\sandals\fishies.htm --> uts.cc.utexas.edu /export/httpd/vhosts/texasbeyondhistory/data/protect/trans-p/kids/sandals fishies.htm
2007.11.08 09:24 B L:\TBH Website Temp\trans-p\kids\sandals\drdirt-sandals.html --> uts.cc.utexas.edu /export/httpd/vhosts/texasbeyondhistory/data/protect/trans-p/kids/sandals drdirt-sandals.html
2007.11.08 09:24 B L:\TBH Website Temp\trans-p\kids\sandals\sandals5.html --> uts.cc.utexas.edu /export/httpd/vhosts/texasbeyondhistory/data/protect/trans-p/kids/sandals sandals5.html
2007.11.08 09:24 B L:\TBH Website Temp\trans-p\kids\sandals\drdirt-yucca.html --> uts.cc.utexas.edu /export/httpd/vhosts/texasbeyondhistory/data/protect/trans-p/kids/sandals drdirt-yucca.html
2007.11.08 09:24 B L:\TBH Website Temp\trans-p\kids\sandals\drdirt-yucca.gif --> uts.cc.utexas.edu /export/httpd/vhosts/texasbeyondhistory/data/protect/trans-p/kids/sandals drdirt-yucca.gif
2007.11.08 09:24 B L:\TBH Website Temp\trans-p\kids\sandals\index.html --> uts.cc.utexas.edu /export/httpd/vhosts/texasbeyondhistory/data/protect/trans-p/kids/sandals index.html
2007.11.08 09:24 B L:\TBH Website Temp\trans-p\kids\sandals\dr-dirt-yucca2.png --> uts.cc.utexas.edu /export/httpd/vhosts/texasbeyondhistory/data/protect/trans-p/kids/sandals dr-dirt-yucca2.png
2007.11.08 09:24 B L:\TBH Website Temp\trans-p\kids\sandals\dr-dirt-yucca1.png --> uts.cc.utexas.edu /export/httpd/vhosts/texasbeyondhistory/data/protect/trans-p/kids/sandals dr-dirt-yucca1.png
2007.11.08 09:24 B L:\TBH Website Temp\trans-p\kids\sandals\next.png --> uts.cc.utexas.edu /export/httpd/vhosts/texasbeyondhistory/data/protect/trans-p/kids/sandals next.png
2007.11.08 09:24 B L:\TBH Website Temp\trans-p\kids\sandals\bubble-2.png --> uts.cc.utexas.edu /export/httpd/vhosts/texasbeyondhistory/data/protect/trans-p/kids/sandals bubble-2.png
2007.11.08 09:24 B L:\TBH Website Temp\trans-p\kids\sandals\dr-dirt-trowel.png --> uts.cc.utexas.edu /export/httpd/vhosts/texasbeyondhistory/data/protect/trans-p/kids/sandals dr-dirt-trowel.png
2007.11.08 09:24 B L:\TBH Website Temp\trans-p\kids\sandals\background4-2.png --> uts.cc.utexas.edu /export/httpd/vhosts/texasbeyondhistory/data/protect/trans-p/kids/sandals background4-2.png
2007.11.08 09:24 B L:\TBH Website Temp\trans-p\kids\sandals\bubble.png --> uts.cc.utexas.edu /export/httpd/vhosts/texasbeyondhistory/data/protect/trans-p/kids/sandals bubble.png
2007.11.08 09:24 B L:\TBH Website Temp\trans-p\kids\sandals\dr-dirt3-sm.png --> uts.cc.utexas.edu /export/httpd/vhosts/texasbeyondhistory/data/protect/trans-p/kids/sandals dr-dirt3-sm.png
2007.11.08 09:24 B L:\TBH Website Temp\trans-p\kids\sandals\dr-dirt2.png --> uts.cc.utexas.edu /export/httpd/vhosts/texasbeyondhistory/data/protect/trans-p/kids/sandals dr-dirt2.png
2007.11.08 09:24 B L:\TBH Website Temp\trans-p\kids\sandals\dr-dirt2-sm.png --> uts.cc.utexas.edu /export/httpd/vhosts/texasbeyondhistory/data/protect/trans-p/kids/sandals dr-dirt2-sm.png
2007.11.08 09:24 B L:\TBH Website Temp\trans-p\kids\sandals\dr-dirt-stand2-sm.png --> uts.cc.utexas.edu /export/httpd/vhosts/texasbeyondhistory/data/protect/trans-p/kids/sandals dr-dirt-stand2-sm.png
2007.11.08 09:24 B L:\TBH Website Temp\trans-p\kids\sandals\dr-dirt-stand1-sm.png --> uts.cc.utexas.edu /export/httpd/vhosts/texasbeyondhistory/data/protect/trans-p/kids/sandals dr-dirt-stand1-sm.png
2007.11.08 09:24 B L:\TBH Website Temp\trans-p\kids\sandals\dr-dirt2a.png --> uts.cc.utexas.edu /export/httpd/vhosts/texasbeyondhistory/data/protect/trans-p/kids/sandals dr-dirt2a.png
2007.11.08 09:24 B L:\TBH Website Temp\trans-p\kids\sandals\dr-dirt-1b.png --> uts.cc.utexas.edu /export/httpd/vhosts/texasbeyondhistory/data/protect/trans-p/kids/sandals dr-dirt-1b.png
2007.11.08 09:24 B L:\TBH Website Temp\trans-p\kids\sandals\track-lft.png --> uts.cc.utexas.edu /export/httpd/vhosts/texasbeyondhistory/data/protect/trans-p/kids/sandals track-lft.png
2007.11.08 09:24 B L:\TBH Website Temp\trans-p\kids\sandals\track-rt.png --> uts.cc.utexas.edu /export/httpd/vhosts/texasbeyondhistory/data/protect/trans-p/kids/sandals track-rt.png
2007.11.08 09:24 B L:\TBH Website Temp\trans-p\kids\sandals\title2.png --> uts.cc.utexas.edu /export/httpd/vhosts/texasbeyondhistory/data/protect/trans-p/kids/sandals title2.png
2007.11.08 09:24 B L:\TBH Website Temp\trans-p\kids\sandals\title1.png --> uts.cc.utexas.edu /export/httpd/vhosts/texasbeyondhistory/data/protect/trans-p/kids/sandals title1.png
2007.11.08 09:24 B L:\TBH Website Temp\trans-p\kids\sandals\dr-dirt-1a.png --> uts.cc.utexas.edu /export/httpd/vhosts/texasbeyondhistory/data/protect/trans-p/kids/sandals dr-dirt-1a.png
2007.11.08 09:24 B L:\TBH Website Temp\trans-p\kids\sandals\background4.png --> uts.cc.utexas.edu /export/httpd/vhosts/texasbeyondhistory/data/protect/trans-p/kids/sandals background4.png
2007.11.08 09:24 B L:\TBH Website Temp\trans-p\kids\sandals\dr-dirt-stand2.png --> uts.cc.utexas.edu /export/httpd/vhosts/texasbeyondhistory/data/protect/trans-p/kids/sandals dr-dirt-stand2.png
2007.11.08 09:24 B L:\TBH Website Temp\trans-p\kids\sandals\dr-dirt-stand1.png --> uts.cc.utexas.edu /export/httpd/vhosts/texasbeyondhistory/data/protect/trans-p/kids/sandals dr-dirt-stand1.png
2007.11.08 09:24 B L:\TBH Website Temp\trans-p\kids\sandals\dr-dirt3.png --> uts.cc.utexas.edu /export/httpd/vhosts/texasbeyondhistory/data/protect/trans-p/kids/sandals dr-dirt3.png
2007.11.08 09:24 B L:\TBH Website Temp\trans-p\kids\sandals\dr-dirt1.png --> uts.cc.utexas.edu /export/httpd/vhosts/texasbeyondhistory/data/protect/trans-p/kids/sandals dr-dirt1.png
2007.11.08 09:24 B L:\TBH Website Temp\trans-p\kids\sandals\swfobject.js --> uts.cc.utexas.edu /export/httpd/vhosts/texasbeyondhistory/data/protect/trans-p/kids/sandals swfobject.js
2007.11.13 16:32 B K:\TBH Website Temp\granado\sandals\background4-2.png --> uts.cc.utexas.edu /export/httpd/vhosts/texasbeyondhistory/data/granado/sandals background4-2.png
2007.11.13 16:32 B K:\TBH Website Temp\granado\sandals\background4.png --> uts.cc.utexas.edu /export/httpd/vhosts/texasbeyondhistory/data/granado/sandals background4.png
2007.11.13 16:32 B K:\TBH Website Temp\granado\sandals\bubble-2.png --> uts.cc.utexas.edu /export/httpd/vhosts/texasbeyondhistory/data/granado/sandals bubble-2.png
2007.11.13 16:32 B K:\TBH Website Temp\granado\sandals\bubble.png --> uts.cc.utexas.edu /export/httpd/vhosts/texasbeyondhistory/data/granado/sandals bubble.png
2007.11.13 16:32 B K:\TBH Website Temp\granado\sandals\dr-dirt-1a.png --> uts.cc.utexas.edu /export/httpd/vhosts/texasbeyondhistory/data/granado/sandals dr-dirt-1a.png
2007.11.13 16:32 B K:\TBH Website Temp\granado\sandals\dr-dirt-1b.png --> uts.cc.utexas.edu /export/httpd/vhosts/texasbeyondhistory/data/granado/sandals dr-dirt-1b.png
2007.11.13 16:32 B K:\TBH Website Temp\granado\sandals\dr-dirt-stand1-sm.png --> uts.cc.utexas.edu /export/httpd/vhosts/texasbeyondhistory/data/granado/sandals dr-dirt-stand1-sm.png
2007.11.13 16:32 B K:\TBH Website Temp\granado\sandals\dr-dirt-stand1.png --> uts.cc.utexas.edu /export/httpd/vhosts/texasbeyondhistory/data/granado/sandals dr-dirt-stand1.png
2007.11.13 16:32 B K:\TBH Website Temp\granado\sandals\dr-dirt-stand2-sm.png --> uts.cc.utexas.edu /export/httpd/vhosts/texasbeyondhistory/data/granado/sandals dr-dirt-stand2-sm.png
2007.11.13 16:32 B K:\TBH Website Temp\granado\sandals\dr-dirt-stand2.png --> uts.cc.utexas.edu /export/httpd/vhosts/texasbeyondhistory/data/granado/sandals dr-dirt-stand2.png
2007.11.13 16:32 B K:\TBH Website Temp\granado\sandals\dr-dirt-trowel.png --> uts.cc.utexas.edu /export/httpd/vhosts/texasbeyondhistory/data/granado/sandals dr-dirt-trowel.png
2007.11.13 16:32 B K:\TBH Website Temp\granado\sandals\dr-dirt-yucca1.png --> uts.cc.utexas.edu /export/httpd/vhosts/texasbeyondhistory/data/granado/sandals dr-dirt-yucca1.png
2007.11.13 16:32 B K:\TBH Website Temp\granado\sandals\dr-dirt-yucca2.png --> uts.cc.utexas.edu /export/httpd/vhosts/texasbeyondhistory/data/granado/sandals dr-dirt-yucca2.png
2007.11.13 16:32 B K:\TBH Website Temp\granado\sandals\dr-dirt1.png --> uts.cc.utexas.edu /export/httpd/vhosts/texasbeyondhistory/data/granado/sandals dr-dirt1.png
2007.11.13 16:32 B K:\TBH Website Temp\granado\sandals\dr-dirt2-sm.png --> uts.cc.utexas.edu /export/httpd/vhosts/texasbeyondhistory/data/granado/sandals dr-dirt2-sm.png
2007.11.13 16:32 B K:\TBH Website Temp\granado\sandals\dr-dirt2.png --> uts.cc.utexas.edu /export/httpd/vhosts/texasbeyondhistory/data/granado/sandals dr-dirt2.png
2007.11.13 16:32 B K:\TBH Website Temp\granado\sandals\dr-dirt2a.png --> uts.cc.utexas.edu /export/httpd/vhosts/texasbeyondhistory/data/granado/sandals dr-dirt2a.png
2007.11.13 16:32 B K:\TBH Website Temp\granado\sandals\dr-dirt3-sm.png --> uts.cc.utexas.edu /export/httpd/vhosts/texasbeyondhistory/data/granado/sandals dr-dirt3-sm.png
2007.11.13 16:32 B K:\TBH Website Temp\granado\sandals\dr-dirt3.png --> uts.cc.utexas.edu /export/httpd/vhosts/texasbeyondhistory/data/granado/sandals dr-dirt3.png
2007.11.13 16:32 B K:\TBH Website Temp\granado\sandals\drdirt-sandals.gif --> uts.cc.utexas.edu /export/httpd/vhosts/texasbeyondhistory/data/granado/sandals drdirt-sandals.gif
2007.11.13 16:32 B K:\TBH Website Temp\granado\sandals\drdirt-sandals.html --> uts.cc.utexas.edu /export/httpd/vhosts/texasbeyondhistory/data/granado/sandals drdirt-sandals.html
2007.11.13 16:32 B K:\TBH Website Temp\granado\sandals\drdirt-yucca.gif --> uts.cc.utexas.edu /export/httpd/vhosts/texasbeyondhistory/data/granado/sandals drdirt-yucca.gif
2007.11.13 16:32 B K:\TBH Website Temp\granado\sandals\drdirt-yucca.html --> uts.cc.utexas.edu /export/httpd/vhosts/texasbeyondhistory/data/granado/sandals drdirt-yucca.html
2007.11.13 16:32 B K:\TBH Website Temp\granado\sandals\fishies.gif --> uts.cc.utexas.edu /export/httpd/vhosts/texasbeyondhistory/data/granado/sandals fishies.gif
2007.11.13 16:32 B K:\TBH Website Temp\granado\sandals\fishies.htm --> uts.cc.utexas.edu /export/httpd/vhosts/texasbeyondhistory/data/granado/sandals fishies.htm
2007.11.13 16:32 B K:\TBH Website Temp\granado\sandals\index.html --> uts.cc.utexas.edu /export/httpd/vhosts/texasbeyondhistory/data/granado/sandals index.html
2007.11.13 16:32 B K:\TBH Website Temp\granado\sandals\next.png --> uts.cc.utexas.edu /export/httpd/vhosts/texasbeyondhistory/data/granado/sandals next.png
2007.11.13 16:32 B K:\TBH Website Temp\granado\sandals\sandals1.html --> uts.cc.utexas.edu /export/httpd/vhosts/texasbeyondhistory/data/granado/sandals sandals1.html
2007.11.13 16:32 B K:\TBH Website Temp\granado\sandals\sandals2.html --> uts.cc.utexas.edu /export/httpd/vhosts/texasbeyondhistory/data/granado/sandals sandals2.html
2007.11.13 16:32 B K:\TBH Website Temp\granado\sandals\sandals3.html --> uts.cc.utexas.edu /export/httpd/vhosts/texasbeyondhistory/data/granado/sandals sandals3.html
2007.11.13 16:32 B K:\TBH Website Temp\granado\sandals\sandals4.fla --> uts.cc.utexas.edu /export/httpd/vhosts/texasbeyondhistory/data/granado/sandals sandals4.fla
2007.11.13 16:32 B K:\TBH Website Temp\granado\sandals\sandals4.html --> uts.cc.utexas.edu /export/httpd/vhosts/texasbeyondhistory/data/granado/sandals sandals4.html
2007.11.13 16:32 B K:\TBH Website Temp\granado\sandals\sandals4.swf --> uts.cc.utexas.edu /export/httpd/vhosts/texasbeyondhistory/data/granado/sandals sandals4.swf
2007.11.13 16:32 B K:\TBH Website Temp\granado\sandals\sandals5.html --> uts.cc.utexas.edu /export/httpd/vhosts/texasbeyondhistory/data/granado/sandals sandals5.html
2007.11.13 16:32 B K:\TBH Website Temp\granado\sandals\sandals6.html --> uts.cc.utexas.edu /export/httpd/vhosts/texasbeyondhistory/data/granado/sandals sandals6.html
2007.11.13 16:32 B K:\TBH Website Temp\granado\sandals\sandals7.html --> uts.cc.utexas.edu /export/httpd/vhosts/texasbeyondhistory/data/granado/sandals sandals7.html
2007.11.13 16:32 B K:\TBH Website Temp\granado\sandals\sandals8.html --> uts.cc.utexas.edu /export/httpd/vhosts/texasbeyondhistory/data/granado/sandals sandals8.html
2007.11.13 16:32 B K:\TBH Website Temp\granado\sandals\swfobject.js --> uts.cc.utexas.edu /export/httpd/vhosts/texasbeyondhistory/data/granado/sandals swfobject.js
2007.11.13 16:32 B K:\TBH Website Temp\granado\sandals\Thumbs.db --> uts.cc.utexas.edu /export/httpd/vhosts/texasbeyondhistory/data/granado/sandals Thumbs.db
2007.11.13 16:32 B K:\TBH Website Temp\granado\sandals\title1.png --> uts.cc.utexas.edu /export/httpd/vhosts/texasbeyondhistory/data/granado/sandals title1.png
2007.11.13 16:32 B K:\TBH Website Temp\granado\sandals\title1a.png --> uts.cc.utexas.edu /export/httpd/vhosts/texasbeyondhistory/data/granado/sandals title1a.png
2007.11.13 16:32 B K:\TBH Website Temp\granado\sandals\title2.png --> uts.cc.utexas.edu /export/httpd/vhosts/texasbeyondhistory/data/granado/sandals title2.png
2007.11.13 16:32 B K:\TBH Website Temp\granado\sandals\track-lft.png --> uts.cc.utexas.edu /export/httpd/vhosts/texasbeyondhistory/data/granado/sandals track-lft.png
2007.11.13 16:32 B K:\TBH Website Temp\granado\sandals\track-rt.png --> uts.cc.utexas.edu /export/httpd/vhosts/texasbeyondhistory/data/granado/sandals track-rt.png
