2003.06.30 10:27 B G:\Website Stuff\TBH Website Temp\forts\index.html --> uts.cc.utexas.edu /export/httpd/vhosts/texasbeyondhistory/data/forts index.html
2003.06.30 10:27 B G:\Website Stuff\TBH Website Temp\forts\frontier.html --> uts.cc.utexas.edu /export/httpd/vhosts/texasbeyondhistory/data/forts frontier.html
2003.06.30 10:59 B G:\Website Stuff\TBH Website Temp\forts\index.html --> uts.cc.utexas.edu /export/httpd/vhosts/texasbeyondhistory/data/forts index.html
2003.06.30 11:29 B G:\Website Stuff\TBH Website Temp\forts\dieiscast.html --> uts.cc.utexas.edu /export/httpd/vhosts/texasbeyondhistory/data/forts dieiscast.html
2003.06.30 12:15 B G:\Website Stuff\TBH Website Temp\forts\dieiscast.html --> uts.cc.utexas.edu /export/httpd/vhosts/texasbeyondhistory/data/forts dieiscast.html
2003.06.30 15:04 B G:\Website Stuff\TBH Website Temp\forts\supporters.html --> uts.cc.utexas.edu /export/httpd/vhosts/texasbeyondhistory/data/forts supporters.html
2003.06.30 15:55 B G:\Website Stuff\TBH Website Temp\forts\36-44.html --> uts.cc.utexas.edu /export/httpd/vhosts/texasbeyondhistory/data/forts 36-44.html
2003.06.30 15:55 B G:\Website Stuff\TBH Website Temp\forts\45-55.html --> uts.cc.utexas.edu /export/httpd/vhosts/texasbeyondhistory/data/forts 45-55.html
2003.06.30 15:55 B G:\Website Stuff\TBH Website Temp\forts\56-65.html --> uts.cc.utexas.edu /export/httpd/vhosts/texasbeyondhistory/data/forts 56-65.html
2003.06.30 15:55 B G:\Website Stuff\TBH Website Temp\forts\66-75.html --> uts.cc.utexas.edu /export/httpd/vhosts/texasbeyondhistory/data/forts 66-75.html
2003.06.30 15:56 B G:\Website Stuff\TBH Website Temp\forts\76-82.html --> uts.cc.utexas.edu /export/httpd/vhosts/texasbeyondhistory/data/forts 76-82.html
2003.06.30 19:31 B G:\Website Stuff\TBH Website Temp\forts\76-82.html --> uts.cc.utexas.edu /export/httpd/vhosts/texasbeyondhistory/data/forts 76-82.html
2003.06.30 19:31 B G:\Website Stuff\TBH Website Temp\forts\dieiscast.html --> uts.cc.utexas.edu /export/httpd/vhosts/texasbeyondhistory/data/forts dieiscast.html
2003.06.30 19:31 B G:\Website Stuff\TBH Website Temp\forts\frontier.html --> uts.cc.utexas.edu /export/httpd/vhosts/texasbeyondhistory/data/forts frontier.html
2003.06.30 19:31 B G:\Website Stuff\TBH Website Temp\forts\indians.html --> uts.cc.utexas.edu /export/httpd/vhosts/texasbeyondhistory/data/forts indians.html
2003.06.30 19:31 B G:\Website Stuff\TBH Website Temp\forts\military.html --> uts.cc.utexas.edu /export/httpd/vhosts/texasbeyondhistory/data/forts military.html
2003.06.30 20:27 B G:\Website Stuff\TBH Website Temp\forts\supporters.html --> uts.cc.utexas.edu /export/httpd/vhosts/texasbeyondhistory/data/forts supporters.html
2003.06.30 20:27 B G:\Website Stuff\TBH Website Temp\forts\index.html --> uts.cc.utexas.edu /export/httpd/vhosts/texasbeyondhistory/data/forts index.html
2003.06.30 20:28 B G:\Website Stuff\TBH Website Temp\forts\indians.html --> uts.cc.utexas.edu /export/httpd/vhosts/texasbeyondhistory/data/forts indians.html
2003.07.01 09:37 B G:\Website Stuff\TBH Website Temp\forts\frontier.html --> uts.cc.utexas.edu /export/httpd/vhosts/texasbeyondhistory/data/forts frontier.html
2003.07.01 10:05 B G:\Website Stuff\TBH Website Temp\forts\indians.html --> uts.cc.utexas.edu /export/httpd/vhosts/texasbeyondhistory/data/forts indians.html
2003.07.01 11:13 B G:\Website Stuff\TBH Website Temp\forts\supporters.html --> uts.cc.utexas.edu /export/httpd/vhosts/texasbeyondhistory/data/forts supporters.html
2003.07.03 10:02 B G:\Website Stuff\TBH Website Temp\forts\supporters.html --> uts.cc.utexas.edu /export/httpd/vhosts/texasbeyondhistory/data/forts supporters.html
2003.07.03 13:00 B G:\Website Stuff\TBH Website Temp\forts\supporters.html --> uts.cc.utexas.edu /export/httpd/vhosts/texasbeyondhistory/data/forts supporters.html
2003.07.03 14:41 B G:\Website Stuff\TBH Website Temp\forts\supporters.html --> uts.cc.utexas.edu /export/httpd/vhosts/texasbeyondhistory/data/forts supporters.html
2003.07.04 11:57 B G:\Website Stuff\TBH Website Temp\forts\index.html --> uts.cc.utexas.edu /export/httpd/vhosts/texasbeyondhistory/data/forts index.html
2003.07.04 11:57 B G:\Website Stuff\TBH Website Temp\forts\supporters.html --> uts.cc.utexas.edu /export/httpd/vhosts/texasbeyondhistory/data/forts supporters.html
2003.07.08 15:06 B G:\Website Stuff\TBH Website Temp\forts\indians.html --> uts.cc.utexas.edu /export/httpd/vhosts/texasbeyondhistory/data/forts indians.html
2003.07.15 09:57 B G:\Website Stuff\TBH Website Temp\forts\indians.html --> uts.cc.utexas.edu /export/httpd/vhosts/texasbeyondhistory/data/forts indians.html
2003.07.20 13:43 B G:\Website Stuff\TBH Website Temp\forts\supporters.html --> uts.cc.utexas.edu /export/httpd/vhosts/texasbeyondhistory/data/forts supporters.html
2003.07.22 09:35 B G:\Website Stuff\TBH Website Temp\forts\supporters.html --> uts.cc.utexas.edu /export/httpd/vhosts/texasbeyondhistory/data/forts supporters.html
2003.07.22 09:43 B G:\Website Stuff\TBH Website Temp\forts\kids.html --> uts.cc.utexas.edu /export/httpd/vhosts/texasbeyondhistory/data/forts kids.html
2003.07.22 11:43 B G:\Website Stuff\TBH Website Temp\forts\kids.html --> uts.cc.utexas.edu /export/httpd/vhosts/texasbeyondhistory/data/forts kids.html
2003.07.22 11:43 B G:\Website Stuff\TBH Website Temp\forts\supporters.html --> uts.cc.utexas.edu /export/httpd/vhosts/texasbeyondhistory/data/forts supporters.html
2003.08.20 17:36 B G:\Website Stuff\TBH Website Temp\forts\teachers.html --> uts.cc.utexas.edu /export/httpd/vhosts/texasbeyondhistory/data/forts teachers.html
2003.09.08 15:18 B G:\Website Stuff\TBH Website Temp\forts\supporters.html --> uts.cc.utexas.edu /export/httpd/vhosts/texasbeyondhistory/data/forts supporters.html
2003.09.08 15:18 B G:\Website Stuff\TBH Website Temp\forts\teachers.html --> uts.cc.utexas.edu /export/httpd/vhosts/texasbeyondhistory/data/forts teachers.html
2003.09.08 15:33 B G:\Website Stuff\TBH Website Temp\forts\supporters.html --> uts.cc.utexas.edu /export/httpd/vhosts/texasbeyondhistory/data/forts supporters.html
2003.09.09 10:33 B G:\Website Stuff\TBH Website Temp\forts\supporters.html --> uts.cc.utexas.edu /export/httpd/vhosts/texasbeyondhistory/data/forts supporters.html
2003.09.09 10:33 B G:\Website Stuff\TBH Website Temp\forts\teachers.html --> uts.cc.utexas.edu /export/httpd/vhosts/texasbeyondhistory/data/forts teachers.html
2003.09.09 16:18 B K:\TBH Website Temp\forts\index.html --> uts.cc.utexas.edu /export/httpd/vhosts/texasbeyondhistory/data/forts index.html
2003.09.09 16:57 B K:\TBH Website Temp\forts\index.html --> uts.cc.utexas.edu /export/httpd/vhosts/texasbeyondhistory/data/forts index.html
2003.09.24 18:13 B G:\Website Stuff\TBH Website Temp\forts\supporters.html --> uts.cc.utexas.edu /export/httpd/vhosts/texasbeyondhistory/data/forts supporters.html
2003.10.30 16:22 B G:\Website Stuff\TBH Website Temp\forts\index.html --> uts.cc.utexas.edu /export/httpd/vhosts/texasbeyondhistory/data/forts index.html
2004.01.27 10:56 B G:\Website Stuff\TBH Website Temp\forts\indians.html --> uts.cc.utexas.edu /export/httpd/vhosts/texasbeyondhistory/data/forts indians.html
2004.04.21 14:42 B G:\TBH Website Temp\forts\dieiscast.html --> uts.cc.utexas.edu /export/httpd/vhosts/texasbeyondhistory/data/forts dieiscast.html
2004.05.27 11:30 B G:\TBH Website Temp\forts\supporters.html --> uts.cc.utexas.edu /export/httpd/vhosts/texasbeyondhistory/data/forts supporters.html
2004.09.13 15:48 B G:\TBH Website Temp\forts\supporters.html --> uts.cc.utexas.edu /export/httpd/vhosts/texasbeyondhistory/data/forts supporters.html
2005.04.04 13:00 B L:\TBH Website Temp\forts\36-44.html --> uts.cc.utexas.edu /export/httpd/vhosts/texasbeyondhistory/data/forts 36-44.html
2005.04.04 13:00 B L:\TBH Website Temp\forts\45-55.html --> uts.cc.utexas.edu /export/httpd/vhosts/texasbeyondhistory/data/forts 45-55.html
2005.04.04 13:00 B L:\TBH Website Temp\forts\56-65.html --> uts.cc.utexas.edu /export/httpd/vhosts/texasbeyondhistory/data/forts 56-65.html
2005.04.04 13:00 B L:\TBH Website Temp\forts\66-75.html --> uts.cc.utexas.edu /export/httpd/vhosts/texasbeyondhistory/data/forts 66-75.html
2005.04.04 13:00 B L:\TBH Website Temp\forts\76-82.html --> uts.cc.utexas.edu /export/httpd/vhosts/texasbeyondhistory/data/forts 76-82.html
2005.04.04 13:00 B L:\TBH Website Temp\forts\dieiscast.html --> uts.cc.utexas.edu /export/httpd/vhosts/texasbeyondhistory/data/forts dieiscast.html
2005.04.04 13:00 B L:\TBH Website Temp\forts\frontier.html --> uts.cc.utexas.edu /export/httpd/vhosts/texasbeyondhistory/data/forts frontier.html
2005.04.04 13:00 B L:\TBH Website Temp\forts\index.html --> uts.cc.utexas.edu /export/httpd/vhosts/texasbeyondhistory/data/forts index.html
2005.04.04 13:00 B L:\TBH Website Temp\forts\indians.html --> uts.cc.utexas.edu /export/httpd/vhosts/texasbeyondhistory/data/forts indians.html
2005.04.04 13:00 B L:\TBH Website Temp\forts\kids.html --> uts.cc.utexas.edu /export/httpd/vhosts/texasbeyondhistory/data/forts kids.html
2005.04.04 13:00 B L:\TBH Website Temp\forts\military.html --> uts.cc.utexas.edu /export/httpd/vhosts/texasbeyondhistory/data/forts military.html
2005.04.04 13:00 B L:\TBH Website Temp\forts\supporters.html --> uts.cc.utexas.edu /export/httpd/vhosts/texasbeyondhistory/data/forts supporters.html
2005.04.04 13:00 B L:\TBH Website Temp\forts\teachers.html --> uts.cc.utexas.edu /export/httpd/vhosts/texasbeyondhistory/data/forts teachers.html
2005.04.18 10:39 B G:\TBH Website Temp\forts\supporters.html --> uts.cc.utexas.edu /export/httpd/vhosts/texasbeyondhistory/data/forts supporters.html
2005.04.18 11:08 B L:\TBH Website Temp\forts\military.html --> uts.cc.utexas.edu /export/httpd/vhosts/texasbeyondhistory/data/forts military.html
