2003.08.28 09:12 B K:\TBH Website Temp\pavoreal\images\archaic-features-sm.jpg --> uts.cc.utexas.edu /export/httpd/vhosts/texasbeyondhistory/data/pavoreal/images archaic-features-sm.jpg
2003.08.28 09:12 B K:\TBH Website Temp\pavoreal\images\archaic-features.html --> uts.cc.utexas.edu /export/httpd/vhosts/texasbeyondhistory/data/pavoreal/images archaic-features.html
2003.08.28 09:12 B K:\TBH Website Temp\pavoreal\images\archaic-features.jpg --> uts.cc.utexas.edu /export/httpd/vhosts/texasbeyondhistory/data/pavoreal/images archaic-features.jpg
2003.08.28 09:12 B K:\TBH Website Temp\pavoreal\images\archaic-icon.jpg --> uts.cc.utexas.edu /export/httpd/vhosts/texasbeyondhistory/data/pavoreal/images archaic-icon.jpg
2003.08.28 09:12 B K:\TBH Website Temp\pavoreal\images\bx52-1082-sm.jpg --> uts.cc.utexas.edu /export/httpd/vhosts/texasbeyondhistory/data/pavoreal/images bx52-1082-sm.jpg
2003.08.28 09:12 B K:\TBH Website Temp\pavoreal\images\bx52-1082.html --> uts.cc.utexas.edu /export/httpd/vhosts/texasbeyondhistory/data/pavoreal/images bx52-1082.html
2003.08.28 09:12 B K:\TBH Website Temp\pavoreal\images\bx52-1082.jpg --> uts.cc.utexas.edu /export/httpd/vhosts/texasbeyondhistory/data/pavoreal/images bx52-1082.jpg
2003.08.28 09:12 B K:\TBH Website Temp\pavoreal\images\bx52-1104-sm.jpg --> uts.cc.utexas.edu /export/httpd/vhosts/texasbeyondhistory/data/pavoreal/images bx52-1104-sm.jpg
2003.08.28 09:12 B K:\TBH Website Temp\pavoreal\images\bx52-1104.html --> uts.cc.utexas.edu /export/httpd/vhosts/texasbeyondhistory/data/pavoreal/images bx52-1104.html
2003.08.28 09:12 B K:\TBH Website Temp\pavoreal\images\bx52-1104.jpg --> uts.cc.utexas.edu /export/httpd/vhosts/texasbeyondhistory/data/pavoreal/images bx52-1104.jpg
2003.08.28 09:12 B K:\TBH Website Temp\pavoreal\images\bx52-1135-sm.jpg --> uts.cc.utexas.edu /export/httpd/vhosts/texasbeyondhistory/data/pavoreal/images bx52-1135-sm.jpg
2003.08.28 09:12 B K:\TBH Website Temp\pavoreal\images\bx52-1135.html --> uts.cc.utexas.edu /export/httpd/vhosts/texasbeyondhistory/data/pavoreal/images bx52-1135.html
2003.08.28 09:12 B K:\TBH Website Temp\pavoreal\images\bx52-1135.jpg --> uts.cc.utexas.edu /export/httpd/vhosts/texasbeyondhistory/data/pavoreal/images bx52-1135.jpg
2003.08.28 09:12 B K:\TBH Website Temp\pavoreal\images\bx52-1149-sm.jpg --> uts.cc.utexas.edu /export/httpd/vhosts/texasbeyondhistory/data/pavoreal/images bx52-1149-sm.jpg
2003.08.28 09:12 B K:\TBH Website Temp\pavoreal\images\bx52-1149.html --> uts.cc.utexas.edu /export/httpd/vhosts/texasbeyondhistory/data/pavoreal/images bx52-1149.html
2003.08.28 09:12 B K:\TBH Website Temp\pavoreal\images\bx52-1149.jpg --> uts.cc.utexas.edu /export/httpd/vhosts/texasbeyondhistory/data/pavoreal/images bx52-1149.jpg
2003.08.28 09:12 B K:\TBH Website Temp\pavoreal\images\bx52-1159-sm.jpg --> uts.cc.utexas.edu /export/httpd/vhosts/texasbeyondhistory/data/pavoreal/images bx52-1159-sm.jpg
2003.08.28 09:12 B K:\TBH Website Temp\pavoreal\images\bx52-1159.html --> uts.cc.utexas.edu /export/httpd/vhosts/texasbeyondhistory/data/pavoreal/images bx52-1159.html
2003.08.28 09:12 B K:\TBH Website Temp\pavoreal\images\bx52-1159.jpg --> uts.cc.utexas.edu /export/httpd/vhosts/texasbeyondhistory/data/pavoreal/images bx52-1159.jpg
2003.08.28 09:12 B K:\TBH Website Temp\pavoreal\images\bx52-1163-sm.jpg --> uts.cc.utexas.edu /export/httpd/vhosts/texasbeyondhistory/data/pavoreal/images bx52-1163-sm.jpg
2003.08.28 09:12 B K:\TBH Website Temp\pavoreal\images\bx52-1163.html --> uts.cc.utexas.edu /export/httpd/vhosts/texasbeyondhistory/data/pavoreal/images bx52-1163.html
2003.08.28 09:12 B K:\TBH Website Temp\pavoreal\images\bx52-1163.jpg --> uts.cc.utexas.edu /export/httpd/vhosts/texasbeyondhistory/data/pavoreal/images bx52-1163.jpg
2003.08.28 09:12 B K:\TBH Website Temp\pavoreal\images\bx52-1183-sm.jpg --> uts.cc.utexas.edu /export/httpd/vhosts/texasbeyondhistory/data/pavoreal/images bx52-1183-sm.jpg
2003.08.28 09:12 B K:\TBH Website Temp\pavoreal\images\bx52-1183.html --> uts.cc.utexas.edu /export/httpd/vhosts/texasbeyondhistory/data/pavoreal/images bx52-1183.html
2003.08.28 09:12 B K:\TBH Website Temp\pavoreal\images\bx52-1183.jpg --> uts.cc.utexas.edu /export/httpd/vhosts/texasbeyondhistory/data/pavoreal/images bx52-1183.jpg
2003.08.28 09:12 B K:\TBH Website Temp\pavoreal\images\bx52-120-sm.jpg --> uts.cc.utexas.edu /export/httpd/vhosts/texasbeyondhistory/data/pavoreal/images bx52-120-sm.jpg
2003.08.28 09:12 B K:\TBH Website Temp\pavoreal\images\bx52-120.html --> uts.cc.utexas.edu /export/httpd/vhosts/texasbeyondhistory/data/pavoreal/images bx52-120.html
2003.08.28 09:12 B K:\TBH Website Temp\pavoreal\images\bx52-120.jpg --> uts.cc.utexas.edu /export/httpd/vhosts/texasbeyondhistory/data/pavoreal/images bx52-120.jpg
2003.08.28 09:12 B K:\TBH Website Temp\pavoreal\images\bx52-121-sm.jpg --> uts.cc.utexas.edu /export/httpd/vhosts/texasbeyondhistory/data/pavoreal/images bx52-121-sm.jpg
2003.08.28 09:12 B K:\TBH Website Temp\pavoreal\images\bx52-121.html --> uts.cc.utexas.edu /export/httpd/vhosts/texasbeyondhistory/data/pavoreal/images bx52-121.html
2003.08.28 09:12 B K:\TBH Website Temp\pavoreal\images\bx52-121.jpg --> uts.cc.utexas.edu /export/httpd/vhosts/texasbeyondhistory/data/pavoreal/images bx52-121.jpg
2003.08.28 09:12 B K:\TBH Website Temp\pavoreal\images\bx52-122-sm.jpg --> uts.cc.utexas.edu /export/httpd/vhosts/texasbeyondhistory/data/pavoreal/images bx52-122-sm.jpg
2003.08.28 09:12 B K:\TBH Website Temp\pavoreal\images\bx52-122.html --> uts.cc.utexas.edu /export/httpd/vhosts/texasbeyondhistory/data/pavoreal/images bx52-122.html
2003.08.28 09:12 B K:\TBH Website Temp\pavoreal\images\bx52-122.jpg --> uts.cc.utexas.edu /export/httpd/vhosts/texasbeyondhistory/data/pavoreal/images bx52-122.jpg
2003.08.28 09:12 B K:\TBH Website Temp\pavoreal\images\bx52-1220-sm.jpg --> uts.cc.utexas.edu /export/httpd/vhosts/texasbeyondhistory/data/pavoreal/images bx52-1220-sm.jpg
2003.08.28 09:12 B K:\TBH Website Temp\pavoreal\images\bx52-1220.html --> uts.cc.utexas.edu /export/httpd/vhosts/texasbeyondhistory/data/pavoreal/images bx52-1220.html
2003.08.28 09:12 B K:\TBH Website Temp\pavoreal\images\bx52-1220.jpg --> uts.cc.utexas.edu /export/httpd/vhosts/texasbeyondhistory/data/pavoreal/images bx52-1220.jpg
2003.08.28 09:12 B K:\TBH Website Temp\pavoreal\images\bx52-1235-sm.jpg --> uts.cc.utexas.edu /export/httpd/vhosts/texasbeyondhistory/data/pavoreal/images bx52-1235-sm.jpg
2003.08.28 09:12 B K:\TBH Website Temp\pavoreal\images\bx52-1235.html --> uts.cc.utexas.edu /export/httpd/vhosts/texasbeyondhistory/data/pavoreal/images bx52-1235.html
2003.08.28 09:12 B K:\TBH Website Temp\pavoreal\images\bx52-1235.jpg --> uts.cc.utexas.edu /export/httpd/vhosts/texasbeyondhistory/data/pavoreal/images bx52-1235.jpg
2003.08.28 09:12 B K:\TBH Website Temp\pavoreal\images\bx52-1270-sm.jpg --> uts.cc.utexas.edu /export/httpd/vhosts/texasbeyondhistory/data/pavoreal/images bx52-1270-sm.jpg
2003.08.28 09:12 B K:\TBH Website Temp\pavoreal\images\bx52-1270.html --> uts.cc.utexas.edu /export/httpd/vhosts/texasbeyondhistory/data/pavoreal/images bx52-1270.html
2003.08.28 09:12 B K:\TBH Website Temp\pavoreal\images\bx52-1270.jpg --> uts.cc.utexas.edu /export/httpd/vhosts/texasbeyondhistory/data/pavoreal/images bx52-1270.jpg
2003.08.28 09:12 B K:\TBH Website Temp\pavoreal\images\bx52-1289-sm.jpg --> uts.cc.utexas.edu /export/httpd/vhosts/texasbeyondhistory/data/pavoreal/images bx52-1289-sm.jpg
2003.08.28 09:12 B K:\TBH Website Temp\pavoreal\images\bx52-1289.html --> uts.cc.utexas.edu /export/httpd/vhosts/texasbeyondhistory/data/pavoreal/images bx52-1289.html
2003.08.28 09:12 B K:\TBH Website Temp\pavoreal\images\bx52-1289.jpg --> uts.cc.utexas.edu /export/httpd/vhosts/texasbeyondhistory/data/pavoreal/images bx52-1289.jpg
2003.08.28 09:12 B K:\TBH Website Temp\pavoreal\images\bx52-1297-sm.jpg --> uts.cc.utexas.edu /export/httpd/vhosts/texasbeyondhistory/data/pavoreal/images bx52-1297-sm.jpg
2003.08.28 09:12 B K:\TBH Website Temp\pavoreal\images\bx52-1297.html --> uts.cc.utexas.edu /export/httpd/vhosts/texasbeyondhistory/data/pavoreal/images bx52-1297.html
2003.08.28 09:12 B K:\TBH Website Temp\pavoreal\images\bx52-1297.jpg --> uts.cc.utexas.edu /export/httpd/vhosts/texasbeyondhistory/data/pavoreal/images bx52-1297.jpg
2003.08.28 09:12 B K:\TBH Website Temp\pavoreal\images\bx52-1299-sm.jpg --> uts.cc.utexas.edu /export/httpd/vhosts/texasbeyondhistory/data/pavoreal/images bx52-1299-sm.jpg
2003.08.28 09:12 B K:\TBH Website Temp\pavoreal\images\bx52-1299.html --> uts.cc.utexas.edu /export/httpd/vhosts/texasbeyondhistory/data/pavoreal/images bx52-1299.html
2003.08.28 09:12 B K:\TBH Website Temp\pavoreal\images\bx52-1299.jpg --> uts.cc.utexas.edu /export/httpd/vhosts/texasbeyondhistory/data/pavoreal/images bx52-1299.jpg
2003.08.28 09:12 B K:\TBH Website Temp\pavoreal\images\bx52-1885-sm.jpg --> uts.cc.utexas.edu /export/httpd/vhosts/texasbeyondhistory/data/pavoreal/images bx52-1885-sm.jpg
2003.08.28 09:12 B K:\TBH Website Temp\pavoreal\images\bx52-1885.html --> uts.cc.utexas.edu /export/httpd/vhosts/texasbeyondhistory/data/pavoreal/images bx52-1885.html
2003.08.28 09:12 B K:\TBH Website Temp\pavoreal\images\bx52-1885.jpg --> uts.cc.utexas.edu /export/httpd/vhosts/texasbeyondhistory/data/pavoreal/images bx52-1885.jpg
2003.08.28 09:12 B K:\TBH Website Temp\pavoreal\images\bx52-295-sm.jpg --> uts.cc.utexas.edu /export/httpd/vhosts/texasbeyondhistory/data/pavoreal/images bx52-295-sm.jpg
2003.08.28 09:12 B K:\TBH Website Temp\pavoreal\images\bx52-295.html --> uts.cc.utexas.edu /export/httpd/vhosts/texasbeyondhistory/data/pavoreal/images bx52-295.html
2003.08.28 09:12 B K:\TBH Website Temp\pavoreal\images\bx52-295.jpg --> uts.cc.utexas.edu /export/httpd/vhosts/texasbeyondhistory/data/pavoreal/images bx52-295.jpg
2003.08.28 09:12 B K:\TBH Website Temp\pavoreal\images\bx52-355-sm.jpg --> uts.cc.utexas.edu /export/httpd/vhosts/texasbeyondhistory/data/pavoreal/images bx52-355-sm.jpg
2003.08.28 09:12 B K:\TBH Website Temp\pavoreal\images\bx52-355.html --> uts.cc.utexas.edu /export/httpd/vhosts/texasbeyondhistory/data/pavoreal/images bx52-355.html
2003.08.28 09:12 B K:\TBH Website Temp\pavoreal\images\bx52-355.jpg --> uts.cc.utexas.edu /export/httpd/vhosts/texasbeyondhistory/data/pavoreal/images bx52-355.jpg
2003.08.28 09:12 B K:\TBH Website Temp\pavoreal\images\bx52-4-sm.jpg --> uts.cc.utexas.edu /export/httpd/vhosts/texasbeyondhistory/data/pavoreal/images bx52-4-sm.jpg
2003.08.28 09:12 B K:\TBH Website Temp\pavoreal\images\bx52-4.html --> uts.cc.utexas.edu /export/httpd/vhosts/texasbeyondhistory/data/pavoreal/images bx52-4.html
2003.08.28 09:12 B K:\TBH Website Temp\pavoreal\images\bx52-4.jpg --> uts.cc.utexas.edu /export/httpd/vhosts/texasbeyondhistory/data/pavoreal/images bx52-4.jpg
2003.08.28 09:12 B K:\TBH Website Temp\pavoreal\images\bx52-700-sm.jpg --> uts.cc.utexas.edu /export/httpd/vhosts/texasbeyondhistory/data/pavoreal/images bx52-700-sm.jpg
2003.08.28 09:12 B K:\TBH Website Temp\pavoreal\images\bx52-700.html --> uts.cc.utexas.edu /export/httpd/vhosts/texasbeyondhistory/data/pavoreal/images bx52-700.html
2003.08.28 09:12 B K:\TBH Website Temp\pavoreal\images\bx52-700.jpg --> uts.cc.utexas.edu /export/httpd/vhosts/texasbeyondhistory/data/pavoreal/images bx52-700.jpg
2003.08.28 09:12 B K:\TBH Website Temp\pavoreal\images\bx52-701-sm.jpg --> uts.cc.utexas.edu /export/httpd/vhosts/texasbeyondhistory/data/pavoreal/images bx52-701-sm.jpg
2003.08.28 09:12 B K:\TBH Website Temp\pavoreal\images\bx52-701.html --> uts.cc.utexas.edu /export/httpd/vhosts/texasbeyondhistory/data/pavoreal/images bx52-701.html
2003.08.28 09:12 B K:\TBH Website Temp\pavoreal\images\bx52-701.jpg --> uts.cc.utexas.edu /export/httpd/vhosts/texasbeyondhistory/data/pavoreal/images bx52-701.jpg
2003.08.28 09:12 B K:\TBH Website Temp\pavoreal\images\bx52-925-sm.jpg --> uts.cc.utexas.edu /export/httpd/vhosts/texasbeyondhistory/data/pavoreal/images bx52-925-sm.jpg
2003.08.28 09:12 B K:\TBH Website Temp\pavoreal\images\bx52-925.html --> uts.cc.utexas.edu /export/httpd/vhosts/texasbeyondhistory/data/pavoreal/images bx52-925.html
2003.08.28 09:12 B K:\TBH Website Temp\pavoreal\images\bx52-925.jpg --> uts.cc.utexas.edu /export/httpd/vhosts/texasbeyondhistory/data/pavoreal/images bx52-925.jpg
2003.08.28 09:12 B K:\TBH Website Temp\pavoreal\images\bx52-929-sm.jpg --> uts.cc.utexas.edu /export/httpd/vhosts/texasbeyondhistory/data/pavoreal/images bx52-929-sm.jpg
2003.08.28 09:12 B K:\TBH Website Temp\pavoreal\images\bx52-929.html --> uts.cc.utexas.edu /export/httpd/vhosts/texasbeyondhistory/data/pavoreal/images bx52-929.html
2003.08.28 09:12 B K:\TBH Website Temp\pavoreal\images\bx52-929.jpg --> uts.cc.utexas.edu /export/httpd/vhosts/texasbeyondhistory/data/pavoreal/images bx52-929.jpg
2003.08.28 09:12 B K:\TBH Website Temp\pavoreal\images\bx52-991-sm.jpg --> uts.cc.utexas.edu /export/httpd/vhosts/texasbeyondhistory/data/pavoreal/images bx52-991-sm.jpg
2003.08.28 09:12 B K:\TBH Website Temp\pavoreal\images\bx52-991.html --> uts.cc.utexas.edu /export/httpd/vhosts/texasbeyondhistory/data/pavoreal/images bx52-991.html
2003.08.28 09:12 B K:\TBH Website Temp\pavoreal\images\bx52-991.jpg --> uts.cc.utexas.edu /export/httpd/vhosts/texasbeyondhistory/data/pavoreal/images bx52-991.jpg
2003.08.28 09:12 B K:\TBH Website Temp\pavoreal\images\bx52-blades-core-sm.jpg --> uts.cc.utexas.edu /export/httpd/vhosts/texasbeyondhistory/data/pavoreal/images bx52-blades-core-sm.jpg
2003.08.28 09:12 B K:\TBH Website Temp\pavoreal\images\bx52-blades-core.html --> uts.cc.utexas.edu /export/httpd/vhosts/texasbeyondhistory/data/pavoreal/images bx52-blades-core.html
2003.08.28 09:12 B K:\TBH Website Temp\pavoreal\images\bx52-blades-core.jpg --> uts.cc.utexas.edu /export/httpd/vhosts/texasbeyondhistory/data/pavoreal/images bx52-blades-core.jpg
2003.08.28 09:12 B K:\TBH Website Temp\pavoreal\images\bx52-clovis-pts-sm.jpg --> uts.cc.utexas.edu /export/httpd/vhosts/texasbeyondhistory/data/pavoreal/images bx52-clovis-pts-sm.jpg
2003.08.28 09:12 B K:\TBH Website Temp\pavoreal\images\bx52-clovis-pts.html --> uts.cc.utexas.edu /export/httpd/vhosts/texasbeyondhistory/data/pavoreal/images bx52-clovis-pts.html
2003.08.28 09:12 B K:\TBH Website Temp\pavoreal\images\bx52-clovis-pts.jpg --> uts.cc.utexas.edu /export/httpd/vhosts/texasbeyondhistory/data/pavoreal/images bx52-clovis-pts.jpg
2003.08.28 09:12 B K:\TBH Website Temp\pavoreal\images\bx52-icon.jpg --> uts.cc.utexas.edu /export/httpd/vhosts/texasbeyondhistory/data/pavoreal/images bx52-icon.jpg
2003.08.28 09:12 B K:\TBH Website Temp\pavoreal\images\bx52-profile-sm.jpg --> uts.cc.utexas.edu /export/httpd/vhosts/texasbeyondhistory/data/pavoreal/images bx52-profile-sm.jpg
2003.08.28 09:12 B K:\TBH Website Temp\pavoreal\images\bx52-profile.html --> uts.cc.utexas.edu /export/httpd/vhosts/texasbeyondhistory/data/pavoreal/images bx52-profile.html
2003.08.28 09:12 B K:\TBH Website Temp\pavoreal\images\bx52-profile.jpg --> uts.cc.utexas.edu /export/httpd/vhosts/texasbeyondhistory/data/pavoreal/images bx52-profile.jpg
2003.08.28 09:12 B K:\TBH Website Temp\pavoreal\images\clear-fork-sm.jpg --> uts.cc.utexas.edu /export/httpd/vhosts/texasbeyondhistory/data/pavoreal/images clear-fork-sm.jpg
2003.08.28 09:12 B K:\TBH Website Temp\pavoreal\images\clear-fork.html --> uts.cc.utexas.edu /export/httpd/vhosts/texasbeyondhistory/data/pavoreal/images clear-fork.html
2003.08.28 09:12 B K:\TBH Website Temp\pavoreal\images\clear-fork.jpg --> uts.cc.utexas.edu /export/httpd/vhosts/texasbeyondhistory/data/pavoreal/images clear-fork.jpg
2003.08.28 09:12 B K:\TBH Website Temp\pavoreal\images\clear-fork2-sm.jpg --> uts.cc.utexas.edu /export/httpd/vhosts/texasbeyondhistory/data/pavoreal/images clear-fork2-sm.jpg
2003.08.28 09:12 B K:\TBH Website Temp\pavoreal\images\clear-fork2.html --> uts.cc.utexas.edu /export/httpd/vhosts/texasbeyondhistory/data/pavoreal/images clear-fork2.html
2003.08.28 09:12 B K:\TBH Website Temp\pavoreal\images\clear-fork2.jpg --> uts.cc.utexas.edu /export/httpd/vhosts/texasbeyondhistory/data/pavoreal/images clear-fork2.jpg
2003.08.28 09:12 B K:\TBH Website Temp\pavoreal\images\clovis-blades-sm.jpg --> uts.cc.utexas.edu /export/httpd/vhosts/texasbeyondhistory/data/pavoreal/images clovis-blades-sm.jpg
2003.08.28 09:12 B K:\TBH Website Temp\pavoreal\images\clovis-blades.jpg --> uts.cc.utexas.edu /export/httpd/vhosts/texasbeyondhistory/data/pavoreal/images clovis-blades.jpg
2003.08.28 09:12 B K:\TBH Website Temp\pavoreal\images\column2-lg.jpg --> uts.cc.utexas.edu /export/httpd/vhosts/texasbeyondhistory/data/pavoreal/images column2-lg.jpg
2003.08.28 09:12 B K:\TBH Website Temp\pavoreal\images\column2-sm.jpg --> uts.cc.utexas.edu /export/httpd/vhosts/texasbeyondhistory/data/pavoreal/images column2-sm.jpg
2003.08.28 09:12 B K:\TBH Website Temp\pavoreal\images\column2.html --> uts.cc.utexas.edu /export/httpd/vhosts/texasbeyondhistory/data/pavoreal/images column2.html
2003.08.28 09:12 B K:\TBH Website Temp\pavoreal\images\eccentric-lg.jpg --> uts.cc.utexas.edu /export/httpd/vhosts/texasbeyondhistory/data/pavoreal/images eccentric-lg.jpg
2003.08.28 09:12 B K:\TBH Website Temp\pavoreal\images\eccentric.html --> uts.cc.utexas.edu /export/httpd/vhosts/texasbeyondhistory/data/pavoreal/images eccentric.html
2003.08.28 09:12 B K:\TBH Website Temp\pavoreal\images\eccentric.jpg --> uts.cc.utexas.edu /export/httpd/vhosts/texasbeyondhistory/data/pavoreal/images eccentric.jpg
2003.08.28 09:12 B K:\TBH Website Temp\pavoreal\images\excavations-sm.jpg --> uts.cc.utexas.edu /export/httpd/vhosts/texasbeyondhistory/data/pavoreal/images excavations-sm.jpg
2003.08.28 09:12 B K:\TBH Website Temp\pavoreal\images\excavations.html --> uts.cc.utexas.edu /export/httpd/vhosts/texasbeyondhistory/data/pavoreal/images excavations.html
2003.08.28 09:12 B K:\TBH Website Temp\pavoreal\images\excavations.jpg --> uts.cc.utexas.edu /export/httpd/vhosts/texasbeyondhistory/data/pavoreal/images excavations.jpg
2003.08.28 09:12 B K:\TBH Website Temp\pavoreal\images\f2-2-sm.jpg --> uts.cc.utexas.edu /export/httpd/vhosts/texasbeyondhistory/data/pavoreal/images f2-2-sm.jpg
2003.08.28 09:12 B K:\TBH Website Temp\pavoreal\images\f2-2.html --> uts.cc.utexas.edu /export/httpd/vhosts/texasbeyondhistory/data/pavoreal/images f2-2.html
2003.08.28 09:12 B K:\TBH Website Temp\pavoreal\images\f2-2.jpg --> uts.cc.utexas.edu /export/httpd/vhosts/texasbeyondhistory/data/pavoreal/images f2-2.jpg
2003.08.28 09:12 B K:\TBH Website Temp\pavoreal\images\f3-3-lg.jpg --> uts.cc.utexas.edu /export/httpd/vhosts/texasbeyondhistory/data/pavoreal/images f3-3-lg.jpg
2003.08.28 09:12 B K:\TBH Website Temp\pavoreal\images\f3-3.html --> uts.cc.utexas.edu /export/httpd/vhosts/texasbeyondhistory/data/pavoreal/images f3-3.html
2003.08.28 09:12 B K:\TBH Website Temp\pavoreal\images\f3-3.jpg --> uts.cc.utexas.edu /export/httpd/vhosts/texasbeyondhistory/data/pavoreal/images f3-3.jpg
2003.08.28 09:12 B K:\TBH Website Temp\pavoreal\images\f4-1-sm.jpg --> uts.cc.utexas.edu /export/httpd/vhosts/texasbeyondhistory/data/pavoreal/images f4-1-sm.jpg
2003.08.28 09:12 B K:\TBH Website Temp\pavoreal\images\f4-1.html --> uts.cc.utexas.edu /export/httpd/vhosts/texasbeyondhistory/data/pavoreal/images f4-1.html
2003.08.28 09:12 B K:\TBH Website Temp\pavoreal\images\f4-1.jpg --> uts.cc.utexas.edu /export/httpd/vhosts/texasbeyondhistory/data/pavoreal/images f4-1.jpg
2003.08.28 09:12 B K:\TBH Website Temp\pavoreal\images\f4-17-sm.jpg --> uts.cc.utexas.edu /export/httpd/vhosts/texasbeyondhistory/data/pavoreal/images f4-17-sm.jpg
2003.08.28 09:12 B K:\TBH Website Temp\pavoreal\images\f4-17.html --> uts.cc.utexas.edu /export/httpd/vhosts/texasbeyondhistory/data/pavoreal/images f4-17.html
2003.08.28 09:12 B K:\TBH Website Temp\pavoreal\images\f4-17.jpg --> uts.cc.utexas.edu /export/httpd/vhosts/texasbeyondhistory/data/pavoreal/images f4-17.jpg
2003.08.28 09:12 B K:\TBH Website Temp\pavoreal\images\F4-26-sm.jpg --> uts.cc.utexas.edu /export/httpd/vhosts/texasbeyondhistory/data/pavoreal/images F4-26-sm.jpg
2003.08.28 09:12 B K:\TBH Website Temp\pavoreal\images\f4-26.html --> uts.cc.utexas.edu /export/httpd/vhosts/texasbeyondhistory/data/pavoreal/images f4-26.html
2003.08.28 09:12 B K:\TBH Website Temp\pavoreal\images\F4-26.jpg --> uts.cc.utexas.edu /export/httpd/vhosts/texasbeyondhistory/data/pavoreal/images F4-26.jpg
2003.08.28 09:12 B K:\TBH Website Temp\pavoreal\images\f4-5-sm.jpg --> uts.cc.utexas.edu /export/httpd/vhosts/texasbeyondhistory/data/pavoreal/images f4-5-sm.jpg
2003.08.28 09:12 B K:\TBH Website Temp\pavoreal\images\f4-5.html --> uts.cc.utexas.edu /export/httpd/vhosts/texasbeyondhistory/data/pavoreal/images f4-5.html
2003.08.28 09:12 B K:\TBH Website Temp\pavoreal\images\f4-5.jpg --> uts.cc.utexas.edu /export/httpd/vhosts/texasbeyondhistory/data/pavoreal/images f4-5.jpg
2003.08.28 09:13 B K:\TBH Website Temp\pavoreal\images\f4-8-sm.jpg --> uts.cc.utexas.edu /export/httpd/vhosts/texasbeyondhistory/data/pavoreal/images f4-8-sm.jpg
2003.08.28 09:13 B K:\TBH Website Temp\pavoreal\images\f4-8.html --> uts.cc.utexas.edu /export/httpd/vhosts/texasbeyondhistory/data/pavoreal/images f4-8.html
2003.08.28 09:13 B K:\TBH Website Temp\pavoreal\images\f4-8.jpg --> uts.cc.utexas.edu /export/httpd/vhosts/texasbeyondhistory/data/pavoreal/images f4-8.jpg
2003.08.28 09:13 B K:\TBH Website Temp\pavoreal\images\f6-2-sm.jpg --> uts.cc.utexas.edu /export/httpd/vhosts/texasbeyondhistory/data/pavoreal/images f6-2-sm.jpg
2003.08.28 09:13 B K:\TBH Website Temp\pavoreal\images\f6-2.html --> uts.cc.utexas.edu /export/httpd/vhosts/texasbeyondhistory/data/pavoreal/images f6-2.html
2003.08.28 09:13 B K:\TBH Website Temp\pavoreal\images\f6-2.jpg --> uts.cc.utexas.edu /export/httpd/vhosts/texasbeyondhistory/data/pavoreal/images f6-2.jpg
2003.08.28 09:13 B K:\TBH Website Temp\pavoreal\images\f6-8.html --> uts.cc.utexas.edu /export/httpd/vhosts/texasbeyondhistory/data/pavoreal/images f6-8.html
2003.08.28 09:13 B K:\TBH Website Temp\pavoreal\images\f6-f8-lg.jpg --> uts.cc.utexas.edu /export/httpd/vhosts/texasbeyondhistory/data/pavoreal/images f6-f8-lg.jpg
2003.08.28 09:13 B K:\TBH Website Temp\pavoreal\images\f6-f8.jpg --> uts.cc.utexas.edu /export/httpd/vhosts/texasbeyondhistory/data/pavoreal/images f6-f8.jpg
2003.08.28 09:13 B K:\TBH Website Temp\pavoreal\images\f7-40.html --> uts.cc.utexas.edu /export/httpd/vhosts/texasbeyondhistory/data/pavoreal/images f7-40.html
2003.08.28 09:13 B K:\TBH Website Temp\pavoreal\images\f8-1-sm.jpg --> uts.cc.utexas.edu /export/httpd/vhosts/texasbeyondhistory/data/pavoreal/images f8-1-sm.jpg
2003.08.28 09:13 B K:\TBH Website Temp\pavoreal\images\f8-1.html --> uts.cc.utexas.edu /export/httpd/vhosts/texasbeyondhistory/data/pavoreal/images f8-1.html
2003.08.28 09:13 B K:\TBH Website Temp\pavoreal\images\f8-1.jpg --> uts.cc.utexas.edu /export/httpd/vhosts/texasbeyondhistory/data/pavoreal/images f8-1.jpg
2003.08.28 09:13 B K:\TBH Website Temp\pavoreal\images\faq1.html --> uts.cc.utexas.edu /export/httpd/vhosts/texasbeyondhistory/data/pavoreal/images faq1.html
2003.08.28 09:13 B K:\TBH Website Temp\pavoreal\images\faq2.html --> uts.cc.utexas.edu /export/httpd/vhosts/texasbeyondhistory/data/pavoreal/images faq2.html
2003.08.28 09:13 B K:\TBH Website Temp\pavoreal\images\faq3.html --> uts.cc.utexas.edu /export/httpd/vhosts/texasbeyondhistory/data/pavoreal/images faq3.html
2003.08.28 09:13 B K:\TBH Website Temp\pavoreal\images\faq4.html --> uts.cc.utexas.edu /export/httpd/vhosts/texasbeyondhistory/data/pavoreal/images faq4.html
2003.08.28 09:13 B K:\TBH Website Temp\pavoreal\images\faq5.html --> uts.cc.utexas.edu /export/httpd/vhosts/texasbeyondhistory/data/pavoreal/images faq5.html
2003.08.28 09:13 B K:\TBH Website Temp\pavoreal\images\fig 7-40-sm.jpg --> uts.cc.utexas.edu /export/httpd/vhosts/texasbeyondhistory/data/pavoreal/images fig 7-40-sm.jpg
2003.08.28 09:13 B K:\TBH Website Temp\pavoreal\images\fig 7-40.jpg --> uts.cc.utexas.edu /export/httpd/vhosts/texasbeyondhistory/data/pavoreal/images fig 7-40.jpg
2003.08.28 09:13 B K:\TBH Website Temp\pavoreal\images\fig 7-69-sm.jpg --> uts.cc.utexas.edu /export/httpd/vhosts/texasbeyondhistory/data/pavoreal/images fig 7-69-sm.jpg
2003.08.28 09:13 B K:\TBH Website Temp\pavoreal\images\fig 7-69.jpg --> uts.cc.utexas.edu /export/httpd/vhosts/texasbeyondhistory/data/pavoreal/images fig 7-69.jpg
2003.08.28 09:13 B K:\TBH Website Temp\pavoreal\images\fig 7-71-sm.jpg --> uts.cc.utexas.edu /export/httpd/vhosts/texasbeyondhistory/data/pavoreal/images fig 7-71-sm.jpg
2003.08.28 09:13 B K:\TBH Website Temp\pavoreal\images\fig 7-71.jpg --> uts.cc.utexas.edu /export/httpd/vhosts/texasbeyondhistory/data/pavoreal/images fig 7-71.jpg
2003.08.28 09:13 B K:\TBH Website Temp\pavoreal\images\fig 7-74-sm.jpg --> uts.cc.utexas.edu /export/httpd/vhosts/texasbeyondhistory/data/pavoreal/images fig 7-74-sm.jpg
2003.08.28 09:13 B K:\TBH Website Temp\pavoreal\images\fig 7-74.jpg --> uts.cc.utexas.edu /export/httpd/vhosts/texasbeyondhistory/data/pavoreal/images fig 7-74.jpg
2003.08.28 09:13 B K:\TBH Website Temp\pavoreal\images\fig 7-76-sm.jpg --> uts.cc.utexas.edu /export/httpd/vhosts/texasbeyondhistory/data/pavoreal/images fig 7-76-sm.jpg
2003.08.28 09:13 B K:\TBH Website Temp\pavoreal\images\fig 7-76.jpg --> uts.cc.utexas.edu /export/httpd/vhosts/texasbeyondhistory/data/pavoreal/images fig 7-76.jpg
2003.08.28 09:13 B K:\TBH Website Temp\pavoreal\images\fig 7-77-sm.jpg --> uts.cc.utexas.edu /export/httpd/vhosts/texasbeyondhistory/data/pavoreal/images fig 7-77-sm.jpg
2003.08.28 09:13 B K:\TBH Website Temp\pavoreal\images\fig 7-77.jpg --> uts.cc.utexas.edu /export/httpd/vhosts/texasbeyondhistory/data/pavoreal/images fig 7-77.jpg
2003.08.28 09:13 B K:\TBH Website Temp\pavoreal\images\fig-7-72-sm.jpg --> uts.cc.utexas.edu /export/httpd/vhosts/texasbeyondhistory/data/pavoreal/images fig-7-72-sm.jpg
2003.08.28 09:13 B K:\TBH Website Temp\pavoreal\images\fig-7-72.jpg --> uts.cc.utexas.edu /export/httpd/vhosts/texasbeyondhistory/data/pavoreal/images fig-7-72.jpg
2003.08.28 09:13 B K:\TBH Website Temp\pavoreal\images\fig3-1-sm.jpg --> uts.cc.utexas.edu /export/httpd/vhosts/texasbeyondhistory/data/pavoreal/images fig3-1-sm.jpg
2003.08.28 09:13 B K:\TBH Website Temp\pavoreal\images\fig3-1.html --> uts.cc.utexas.edu /export/httpd/vhosts/texasbeyondhistory/data/pavoreal/images fig3-1.html
2003.08.28 09:13 B K:\TBH Website Temp\pavoreal\images\fig3-1.jpg --> uts.cc.utexas.edu /export/httpd/vhosts/texasbeyondhistory/data/pavoreal/images fig3-1.jpg
2003.08.28 09:13 B K:\TBH Website Temp\pavoreal\images\fig7-69.html --> uts.cc.utexas.edu /export/httpd/vhosts/texasbeyondhistory/data/pavoreal/images fig7-69.html
2003.08.28 09:13 B K:\TBH Website Temp\pavoreal\images\fig7-71.html --> uts.cc.utexas.edu /export/httpd/vhosts/texasbeyondhistory/data/pavoreal/images fig7-71.html
2003.08.28 09:13 B K:\TBH Website Temp\pavoreal\images\fig7-72.html --> uts.cc.utexas.edu /export/httpd/vhosts/texasbeyondhistory/data/pavoreal/images fig7-72.html
2003.08.28 09:13 B K:\TBH Website Temp\pavoreal\images\fig7-74.html --> uts.cc.utexas.edu /export/httpd/vhosts/texasbeyondhistory/data/pavoreal/images fig7-74.html
2003.08.28 09:13 B K:\TBH Website Temp\pavoreal\images\fig7-76.html --> uts.cc.utexas.edu /export/httpd/vhosts/texasbeyondhistory/data/pavoreal/images fig7-76.html
2003.08.28 09:13 B K:\TBH Website Temp\pavoreal\images\fig7-77.html --> uts.cc.utexas.edu /export/httpd/vhosts/texasbeyondhistory/data/pavoreal/images fig7-77.html
2003.08.28 09:13 B K:\TBH Website Temp\pavoreal\images\folsom-points-sm.jpg --> uts.cc.utexas.edu /export/httpd/vhosts/texasbeyondhistory/data/pavoreal/images folsom-points-sm.jpg
2003.08.28 09:13 B K:\TBH Website Temp\pavoreal\images\folsom-points.jpg --> uts.cc.utexas.edu /export/httpd/vhosts/texasbeyondhistory/data/pavoreal/images folsom-points.jpg
2003.08.28 09:13 B K:\TBH Website Temp\pavoreal\images\folsom-pts.html --> uts.cc.utexas.edu /export/httpd/vhosts/texasbeyondhistory/data/pavoreal/images folsom-pts.html
2003.08.28 09:13 B K:\TBH Website Temp\pavoreal\images\general-location-sm.jpg --> uts.cc.utexas.edu /export/httpd/vhosts/texasbeyondhistory/data/pavoreal/images general-location-sm.jpg
2003.08.28 09:13 B K:\TBH Website Temp\pavoreal\images\general-location.html --> uts.cc.utexas.edu /export/httpd/vhosts/texasbeyondhistory/data/pavoreal/images general-location.html
2003.08.28 09:13 B K:\TBH Website Temp\pavoreal\images\general-location.jpg --> uts.cc.utexas.edu /export/httpd/vhosts/texasbeyondhistory/data/pavoreal/images general-location.jpg
2003.08.28 09:13 B K:\TBH Website Temp\pavoreal\images\gradall-sm.jpg --> uts.cc.utexas.edu /export/httpd/vhosts/texasbeyondhistory/data/pavoreal/images gradall-sm.jpg
2003.08.28 09:13 B K:\TBH Website Temp\pavoreal\images\gradall.html --> uts.cc.utexas.edu /export/httpd/vhosts/texasbeyondhistory/data/pavoreal/images gradall.html
2003.08.28 09:13 B K:\TBH Website Temp\pavoreal\images\gradall.jpg --> uts.cc.utexas.edu /export/httpd/vhosts/texasbeyondhistory/data/pavoreal/images gradall.jpg
2003.08.28 09:13 B K:\TBH Website Temp\pavoreal\images\higgins-sm.jpg --> uts.cc.utexas.edu /export/httpd/vhosts/texasbeyondhistory/data/pavoreal/images higgins-sm.jpg
2003.08.28 09:13 B K:\TBH Website Temp\pavoreal\images\higgins.html --> uts.cc.utexas.edu /export/httpd/vhosts/texasbeyondhistory/data/pavoreal/images higgins.html
2003.08.28 09:13 B K:\TBH Website Temp\pavoreal\images\higgins.jpg --> uts.cc.utexas.edu /export/httpd/vhosts/texasbeyondhistory/data/pavoreal/images higgins.jpg
2003.08.28 09:13 B K:\TBH Website Temp\pavoreal\images\knife-sm.jpg --> uts.cc.utexas.edu /export/httpd/vhosts/texasbeyondhistory/data/pavoreal/images knife-sm.jpg
2003.08.28 09:13 B K:\TBH Website Temp\pavoreal\images\knife.html --> uts.cc.utexas.edu /export/httpd/vhosts/texasbeyondhistory/data/pavoreal/images knife.html
2003.08.28 09:13 B K:\TBH Website Temp\pavoreal\images\knife.jpg --> uts.cc.utexas.edu /export/httpd/vhosts/texasbeyondhistory/data/pavoreal/images knife.jpg
2003.08.28 09:13 B K:\TBH Website Temp\pavoreal\images\knife2-sm.jpg --> uts.cc.utexas.edu /export/httpd/vhosts/texasbeyondhistory/data/pavoreal/images knife2-sm.jpg
2003.08.28 09:13 B K:\TBH Website Temp\pavoreal\images\knife2.html --> uts.cc.utexas.edu /export/httpd/vhosts/texasbeyondhistory/data/pavoreal/images knife2.html
2003.08.28 09:13 B K:\TBH Website Temp\pavoreal\images\knife2.jpg --> uts.cc.utexas.edu /export/httpd/vhosts/texasbeyondhistory/data/pavoreal/images knife2.jpg
2003.08.28 09:13 B K:\TBH Website Temp\pavoreal\images\micromorph-sm.jpg --> uts.cc.utexas.edu /export/httpd/vhosts/texasbeyondhistory/data/pavoreal/images micromorph-sm.jpg
2003.08.28 09:13 B K:\TBH Website Temp\pavoreal\images\micromorph.html --> uts.cc.utexas.edu /export/httpd/vhosts/texasbeyondhistory/data/pavoreal/images micromorph.html
2003.08.28 09:13 B K:\TBH Website Temp\pavoreal\images\micromorph.jpg --> uts.cc.utexas.edu /export/httpd/vhosts/texasbeyondhistory/data/pavoreal/images micromorph.jpg
2003.08.28 09:13 B K:\TBH Website Temp\pavoreal\images\mini-fist-sm.jpg --> uts.cc.utexas.edu /export/httpd/vhosts/texasbeyondhistory/data/pavoreal/images mini-fist-sm.jpg
2003.08.28 09:13 B K:\TBH Website Temp\pavoreal\images\mini-fist.html --> uts.cc.utexas.edu /export/httpd/vhosts/texasbeyondhistory/data/pavoreal/images mini-fist.html
2003.08.28 09:13 B K:\TBH Website Temp\pavoreal\images\mini-fist.jpg --> uts.cc.utexas.edu /export/httpd/vhosts/texasbeyondhistory/data/pavoreal/images mini-fist.jpg
2003.08.28 09:13 B K:\TBH Website Temp\pavoreal\images\monolith-4.jpg --> uts.cc.utexas.edu /export/httpd/vhosts/texasbeyondhistory/data/pavoreal/images monolith-4.jpg
2003.08.28 09:13 B K:\TBH Website Temp\pavoreal\images\osl.html --> uts.cc.utexas.edu /export/httpd/vhosts/texasbeyondhistory/data/pavoreal/images osl.html
2003.08.28 09:13 B K:\TBH Website Temp\pavoreal\images\paleo-distrib-sm.jpg --> uts.cc.utexas.edu /export/httpd/vhosts/texasbeyondhistory/data/pavoreal/images paleo-distrib-sm.jpg
2003.08.28 09:13 B K:\TBH Website Temp\pavoreal\images\paleo-distrib.html --> uts.cc.utexas.edu /export/httpd/vhosts/texasbeyondhistory/data/pavoreal/images paleo-distrib.html
2003.08.28 09:13 B K:\TBH Website Temp\pavoreal\images\paleo-distrib.jpg --> uts.cc.utexas.edu /export/httpd/vhosts/texasbeyondhistory/data/pavoreal/images paleo-distrib.jpg
2003.08.28 09:13 B K:\TBH Website Temp\pavoreal\images\paleo-feat-sm.jpg --> uts.cc.utexas.edu /export/httpd/vhosts/texasbeyondhistory/data/pavoreal/images paleo-feat-sm.jpg
2003.08.28 09:13 B K:\TBH Website Temp\pavoreal\images\paleo-feat.html --> uts.cc.utexas.edu /export/httpd/vhosts/texasbeyondhistory/data/pavoreal/images paleo-feat.html
2003.08.28 09:13 B K:\TBH Website Temp\pavoreal\images\paleo-feat.jpg --> uts.cc.utexas.edu /export/httpd/vhosts/texasbeyondhistory/data/pavoreal/images paleo-feat.jpg
2003.08.28 09:13 B K:\TBH Website Temp\pavoreal\images\pavo-real-column2.jpg --> uts.cc.utexas.edu /export/httpd/vhosts/texasbeyondhistory/data/pavoreal/images pavo-real-column2.jpg
2003.08.28 09:13 B K:\TBH Website Temp\pavoreal\images\prvec-sm.jpg --> uts.cc.utexas.edu /export/httpd/vhosts/texasbeyondhistory/data/pavoreal/images prvec-sm.jpg
2003.08.28 09:13 B K:\TBH Website Temp\pavoreal\images\prvec.jpg --> uts.cc.utexas.edu /export/httpd/vhosts/texasbeyondhistory/data/pavoreal/images prvec.jpg
2003.08.28 09:13 B K:\TBH Website Temp\pavoreal\images\site-aerial-sm.jpg --> uts.cc.utexas.edu /export/httpd/vhosts/texasbeyondhistory/data/pavoreal/images site-aerial-sm.jpg
2003.08.28 09:13 B K:\TBH Website Temp\pavoreal\images\site-aerial.jpg --> uts.cc.utexas.edu /export/httpd/vhosts/texasbeyondhistory/data/pavoreal/images site-aerial.jpg
2003.08.28 09:13 B K:\TBH Website Temp\pavoreal\images\site-arial.html --> uts.cc.utexas.edu /export/httpd/vhosts/texasbeyondhistory/data/pavoreal/images site-arial.html
2003.08.28 09:13 B K:\TBH Website Temp\pavoreal\images\site-formation-sm.jpg --> uts.cc.utexas.edu /export/httpd/vhosts/texasbeyondhistory/data/pavoreal/images site-formation-sm.jpg
2003.08.28 09:13 B K:\TBH Website Temp\pavoreal\images\site-formation.html --> uts.cc.utexas.edu /export/httpd/vhosts/texasbeyondhistory/data/pavoreal/images site-formation.html
2003.08.28 09:13 B K:\TBH Website Temp\pavoreal\images\site-formation.jpg --> uts.cc.utexas.edu /export/httpd/vhosts/texasbeyondhistory/data/pavoreal/images site-formation.jpg
2003.08.28 09:13 B K:\TBH Website Temp\pavoreal\images\sotol-sm.jpg --> uts.cc.utexas.edu /export/httpd/vhosts/texasbeyondhistory/data/pavoreal/images sotol-sm.jpg
2003.08.28 09:13 B K:\TBH Website Temp\pavoreal\images\sotol.html --> uts.cc.utexas.edu /export/httpd/vhosts/texasbeyondhistory/data/pavoreal/images sotol.html
2003.08.28 09:13 B K:\TBH Website Temp\pavoreal\images\sotol.jpg --> uts.cc.utexas.edu /export/httpd/vhosts/texasbeyondhistory/data/pavoreal/images sotol.jpg
2003.08.28 09:13 B K:\TBH Website Temp\pavoreal\images\work-shot-sm.jpg --> uts.cc.utexas.edu /export/httpd/vhosts/texasbeyondhistory/data/pavoreal/images work-shot-sm.jpg
2003.08.28 09:13 B K:\TBH Website Temp\pavoreal\images\work-shot.html --> uts.cc.utexas.edu /export/httpd/vhosts/texasbeyondhistory/data/pavoreal/images work-shot.html
2003.08.28 09:13 B K:\TBH Website Temp\pavoreal\images\work-shot.jpg --> uts.cc.utexas.edu /export/httpd/vhosts/texasbeyondhistory/data/pavoreal/images work-shot.jpg
2003.08.29 15:06 B K:\TBH Website Temp\pavoreal\images\bx52-1163.html --> uts.cc.utexas.edu /export/httpd/vhosts/texasbeyondhistory/data/pavoreal/images bx52-1163.html
2003.09.13 18:59 B K:\TBH Website Temp\pavoreal\images\bx52-04-sm.jpg --> uts.cc.utexas.edu /export/httpd/vhosts/texasbeyondhistory/data/pavoreal/images bx52-04-sm.jpg
2003.09.13 18:59 B K:\TBH Website Temp\pavoreal\images\bx52-04.html --> uts.cc.utexas.edu /export/httpd/vhosts/texasbeyondhistory/data/pavoreal/images bx52-04.html
2003.09.13 18:59 B K:\TBH Website Temp\pavoreal\images\bx52-04.jpg --> uts.cc.utexas.edu /export/httpd/vhosts/texasbeyondhistory/data/pavoreal/images bx52-04.jpg
2003.09.13 18:59 B K:\TBH Website Temp\pavoreal\images\bx52-10-sm.jpg --> uts.cc.utexas.edu /export/httpd/vhosts/texasbeyondhistory/data/pavoreal/images bx52-10-sm.jpg
2003.09.13 18:59 B K:\TBH Website Temp\pavoreal\images\bx52-10.html --> uts.cc.utexas.edu /export/httpd/vhosts/texasbeyondhistory/data/pavoreal/images bx52-10.html
2003.09.13 18:59 B K:\TBH Website Temp\pavoreal\images\bx52-10.jpg --> uts.cc.utexas.edu /export/httpd/vhosts/texasbeyondhistory/data/pavoreal/images bx52-10.jpg
2003.09.13 18:59 B K:\TBH Website Temp\pavoreal\images\bx52-1020-sm.jpg --> uts.cc.utexas.edu /export/httpd/vhosts/texasbeyondhistory/data/pavoreal/images bx52-1020-sm.jpg
2003.09.13 18:59 B K:\TBH Website Temp\pavoreal\images\bx52-1020.html --> uts.cc.utexas.edu /export/httpd/vhosts/texasbeyondhistory/data/pavoreal/images bx52-1020.html
2003.09.13 18:59 B K:\TBH Website Temp\pavoreal\images\bx52-1020.jpg --> uts.cc.utexas.edu /export/httpd/vhosts/texasbeyondhistory/data/pavoreal/images bx52-1020.jpg
2003.09.13 18:59 B K:\TBH Website Temp\pavoreal\images\bx52-1082-sm.jpg --> uts.cc.utexas.edu /export/httpd/vhosts/texasbeyondhistory/data/pavoreal/images bx52-1082-sm.jpg
2003.09.13 18:59 B K:\TBH Website Temp\pavoreal\images\bx52-1082.html --> uts.cc.utexas.edu /export/httpd/vhosts/texasbeyondhistory/data/pavoreal/images bx52-1082.html
2003.09.13 18:59 B K:\TBH Website Temp\pavoreal\images\bx52-1082.jpg --> uts.cc.utexas.edu /export/httpd/vhosts/texasbeyondhistory/data/pavoreal/images bx52-1082.jpg
2003.09.13 18:59 B K:\TBH Website Temp\pavoreal\images\bx52-1104.html --> uts.cc.utexas.edu /export/httpd/vhosts/texasbeyondhistory/data/pavoreal/images bx52-1104.html
2003.09.13 18:59 B K:\TBH Website Temp\pavoreal\images\bx52-1137-sm.jpg --> uts.cc.utexas.edu /export/httpd/vhosts/texasbeyondhistory/data/pavoreal/images bx52-1137-sm.jpg
2003.09.13 18:59 B K:\TBH Website Temp\pavoreal\images\bx52-1137.html --> uts.cc.utexas.edu /export/httpd/vhosts/texasbeyondhistory/data/pavoreal/images bx52-1137.html
2003.09.13 18:59 B K:\TBH Website Temp\pavoreal\images\bx52-1137.jpg --> uts.cc.utexas.edu /export/httpd/vhosts/texasbeyondhistory/data/pavoreal/images bx52-1137.jpg
2003.09.13 18:59 B K:\TBH Website Temp\pavoreal\images\bx52-1163-sm.jpg --> uts.cc.utexas.edu /export/httpd/vhosts/texasbeyondhistory/data/pavoreal/images bx52-1163-sm.jpg
2003.09.13 18:59 B K:\TBH Website Temp\pavoreal\images\bx52-1163.jpg --> uts.cc.utexas.edu /export/httpd/vhosts/texasbeyondhistory/data/pavoreal/images bx52-1163.jpg
2003.09.13 18:59 B K:\TBH Website Temp\pavoreal\images\bx52-1183.html --> uts.cc.utexas.edu /export/httpd/vhosts/texasbeyondhistory/data/pavoreal/images bx52-1183.html
2003.09.13 18:59 B K:\TBH Website Temp\pavoreal\images\bx52-1202-sm.jpg --> uts.cc.utexas.edu /export/httpd/vhosts/texasbeyondhistory/data/pavoreal/images bx52-1202-sm.jpg
2003.09.13 18:59 B K:\TBH Website Temp\pavoreal\images\bx52-1202.html --> uts.cc.utexas.edu /export/httpd/vhosts/texasbeyondhistory/data/pavoreal/images bx52-1202.html
2003.09.13 18:59 B K:\TBH Website Temp\pavoreal\images\bx52-1202.jpg --> uts.cc.utexas.edu /export/httpd/vhosts/texasbeyondhistory/data/pavoreal/images bx52-1202.jpg
2003.09.13 18:59 B K:\TBH Website Temp\pavoreal\images\bx52-1204-sm.jpg --> uts.cc.utexas.edu /export/httpd/vhosts/texasbeyondhistory/data/pavoreal/images bx52-1204-sm.jpg
2003.09.13 18:59 B K:\TBH Website Temp\pavoreal\images\bx52-1204.html --> uts.cc.utexas.edu /export/httpd/vhosts/texasbeyondhistory/data/pavoreal/images bx52-1204.html
2003.09.13 19:00 B K:\TBH Website Temp\pavoreal\images\bx52-1204.jpg --> uts.cc.utexas.edu /export/httpd/vhosts/texasbeyondhistory/data/pavoreal/images bx52-1204.jpg
2003.09.13 19:00 B K:\TBH Website Temp\pavoreal\images\bx52-1273-sm.jpg --> uts.cc.utexas.edu /export/httpd/vhosts/texasbeyondhistory/data/pavoreal/images bx52-1273-sm.jpg
2003.09.13 19:00 B K:\TBH Website Temp\pavoreal\images\bx52-1273.jpg --> uts.cc.utexas.edu /export/httpd/vhosts/texasbeyondhistory/data/pavoreal/images bx52-1273.jpg
2003.09.13 19:00 B K:\TBH Website Temp\pavoreal\images\bx52-24-sm.jpg --> uts.cc.utexas.edu /export/httpd/vhosts/texasbeyondhistory/data/pavoreal/images bx52-24-sm.jpg
2003.09.13 19:00 B K:\TBH Website Temp\pavoreal\images\bx52-24.html --> uts.cc.utexas.edu /export/httpd/vhosts/texasbeyondhistory/data/pavoreal/images bx52-24.html
2003.09.13 19:00 B K:\TBH Website Temp\pavoreal\images\bx52-24.jpg --> uts.cc.utexas.edu /export/httpd/vhosts/texasbeyondhistory/data/pavoreal/images bx52-24.jpg
2003.09.13 19:00 B K:\TBH Website Temp\pavoreal\images\bx52-295-sm.jpg --> uts.cc.utexas.edu /export/httpd/vhosts/texasbeyondhistory/data/pavoreal/images bx52-295-sm.jpg
2003.09.13 19:00 B K:\TBH Website Temp\pavoreal\images\bx52-295.jpg --> uts.cc.utexas.edu /export/httpd/vhosts/texasbeyondhistory/data/pavoreal/images bx52-295.jpg
2003.09.13 19:00 B K:\TBH Website Temp\pavoreal\images\bx52-729-sm.jpg --> uts.cc.utexas.edu /export/httpd/vhosts/texasbeyondhistory/data/pavoreal/images bx52-729-sm.jpg
2003.09.13 19:00 B K:\TBH Website Temp\pavoreal\images\bx52-729.html --> uts.cc.utexas.edu /export/httpd/vhosts/texasbeyondhistory/data/pavoreal/images bx52-729.html
2003.09.13 19:00 B K:\TBH Website Temp\pavoreal\images\bx52-729.jpg --> uts.cc.utexas.edu /export/httpd/vhosts/texasbeyondhistory/data/pavoreal/images bx52-729.jpg
2003.09.13 19:00 B K:\TBH Website Temp\pavoreal\images\bx52-83-sm.jpg --> uts.cc.utexas.edu /export/httpd/vhosts/texasbeyondhistory/data/pavoreal/images bx52-83-sm.jpg
2003.09.13 19:00 B K:\TBH Website Temp\pavoreal\images\bx52-83.html --> uts.cc.utexas.edu /export/httpd/vhosts/texasbeyondhistory/data/pavoreal/images bx52-83.html
2003.09.13 19:00 B K:\TBH Website Temp\pavoreal\images\bx52-83.jpg --> uts.cc.utexas.edu /export/httpd/vhosts/texasbeyondhistory/data/pavoreal/images bx52-83.jpg
2003.09.13 19:00 B K:\TBH Website Temp\pavoreal\images\column2.html --> uts.cc.utexas.edu /export/httpd/vhosts/texasbeyondhistory/data/pavoreal/images column2.html
2003.09.13 19:00 B K:\TBH Website Temp\pavoreal\images\faq6.html --> uts.cc.utexas.edu /export/httpd/vhosts/texasbeyondhistory/data/pavoreal/images faq6.html
2003.09.13 19:00 B K:\TBH Website Temp\pavoreal\images\micromorph.html --> uts.cc.utexas.edu /export/httpd/vhosts/texasbeyondhistory/data/pavoreal/images micromorph.html
2003.09.13 19:00 B K:\TBH Website Temp\pavoreal\images\monolith-4.html --> uts.cc.utexas.edu /export/httpd/vhosts/texasbeyondhistory/data/pavoreal/images monolith-4.html
