2001.09.18 13:06 B C:\WINDOWS\Desktop\TBH\Recent\falcon\images\jacknuevo.lg.jpg <-- TARL /Website Stuff/Transfer to Meg/falconFinal/new falcon images jacknuevo.lg.jpg
2001.09.18 13:06 B C:\WINDOWS\Desktop\TBH\Recent\falcon\images\jacknuevo.sm.jpg <-- TARL /Website Stuff/Transfer to Meg/falconFinal/new falcon images jacknuevo.sm.jpg
2001.09.18 13:13 B C:\WINDOWS\Desktop\TBH\Recent\falcon\images\sr39-1-lg.jpg <-- TARL /Website Stuff/Transfer to Meg/latest falcon agony sr39-1-lg.jpg
2001.09.18 13:13 B C:\WINDOWS\Desktop\TBH\Recent\falcon\images\sr39-1.sm.jpg <-- TARL /Website Stuff/Transfer to Meg/latest falcon agony sr39-1.sm.jpg
2001.09.18 13:13 B C:\WINDOWS\Desktop\TBH\Recent\falcon\images\zp88-lg.jpg <-- TARL /Website Stuff/Transfer to Meg/latest falcon agony zp88-lg.jpg
2001.09.18 13:13 B C:\WINDOWS\Desktop\TBH\Recent\falcon\images\zp88.sm.jpg <-- TARL /Website Stuff/Transfer to Meg/latest falcon agony zp88.sm.jpg
2001.09.18 13:24 B C:\WINDOWS\Desktop\TBH\Recent\falcon\images\ramireno-lg.jpg <-- TARL /Website Stuff/Transfer to Meg/latest falcon agony ramireno-lg.jpg
2001.09.18 13:24 B C:\WINDOWS\Desktop\TBH\Recent\falcon\images\ramireno-sm.jpg <-- TARL /Website Stuff/Transfer to Meg/latest falcon agony ramireno-sm.jpg
2001.09.18 13:54 B C:\WINDOWS\Desktop\TBH\Recent\falcon\images\oldzp90.lg.jpg <-- TARL /Website Stuff/Transfer to Meg/latest falcon agony oldzp90.lg.jpg
2001.09.18 13:54 B C:\WINDOWS\Desktop\TBH\Recent\falcon\images\oldzp90.sm.jpg <-- TARL /Website Stuff/Transfer to Meg/latest falcon agony oldzp90.sm.jpg
2001.09.18 13:57 B C:\WINDOWS\Desktop\TBH\Recent\falcon\images\zp90now.lg.jpg <-- TARL /Website Stuff/Transfer to Meg/latest falcon agony zp90now.lg.jpg
2001.09.18 13:57 B C:\WINDOWS\Desktop\TBH\Recent\falcon\images\zp90now.sm.jpg <-- TARL /Website Stuff/Transfer to Meg/latest falcon agony zp90now.sm.jpg
2001.09.18 14:00 B C:\WINDOWS\Desktop\TBH\Recent\falcon\images\boat-lg.jpg <-- TARL /Website Stuff/Transfer to Meg/latest falcon agony boat-lg.jpg
2001.09.18 14:00 B C:\WINDOWS\Desktop\TBH\Recent\falcon\images\boat-sm.jpg <-- TARL /Website Stuff/Transfer to Meg/latest falcon agony boat-sm.jpg
2001.09.18 14:02 B C:\WINDOWS\Desktop\TBH\Recent\falcon\images\96-2-lg.jpg <-- TARL /Website Stuff/Transfer to Meg/latest falcon agony 96-2-lg.jpg
2001.09.18 14:02 B C:\WINDOWS\Desktop\TBH\Recent\falcon\images\96-2-sm.jpg <-- TARL /Website Stuff/Transfer to Meg/latest falcon agony 96-2-sm.jpg
2001.09.18 14:02 B C:\WINDOWS\Desktop\TBH\Recent\falcon\images\george-lg.jpg <-- TARL /Website Stuff/Transfer to Meg/latest falcon agony george-lg.jpg
2001.09.18 14:02 B C:\WINDOWS\Desktop\TBH\Recent\falcon\images\george-sm.jpg <-- TARL /Website Stuff/Transfer to Meg/latest falcon agony george-sm.jpg
2001.10.01 21:41 B C:\WINDOWS\Desktop\TBH\Recent\falcon\images\96-2-lg.jpg --> uts.cc.utexas.edu /export/httpd/vhosts/texasbeyondhistory/data/falcon/images 96-2-lg.jpg
2001.10.01 21:41 B C:\WINDOWS\Desktop\TBH\Recent\falcon\images\96-2-sm.jpg --> uts.cc.utexas.edu /export/httpd/vhosts/texasbeyondhistory/data/falcon/images 96-2-sm.jpg
2001.10.01 21:41 B C:\WINDOWS\Desktop\TBH\Recent\falcon\images\96-2.html --> uts.cc.utexas.edu /export/httpd/vhosts/texasbeyondhistory/data/falcon/images 96-2.html
2001.10.01 21:41 B C:\WINDOWS\Desktop\TBH\Recent\falcon\images\boat-lg.jpg --> uts.cc.utexas.edu /export/httpd/vhosts/texasbeyondhistory/data/falcon/images boat-lg.jpg
2001.10.01 21:41 B C:\WINDOWS\Desktop\TBH\Recent\falcon\images\boat-sm.jpg --> uts.cc.utexas.edu /export/httpd/vhosts/texasbeyondhistory/data/falcon/images boat-sm.jpg
2001.10.01 21:41 B C:\WINDOWS\Desktop\TBH\Recent\falcon\images\boat.html --> uts.cc.utexas.edu /export/httpd/vhosts/texasbeyondhistory/data/falcon/images boat.html
2001.10.01 21:41 B C:\WINDOWS\Desktop\TBH\Recent\falcon\images\brownglazed-lg.jpg --> uts.cc.utexas.edu /export/httpd/vhosts/texasbeyondhistory/data/falcon/images brownglazed-lg.jpg
2001.10.01 21:41 B C:\WINDOWS\Desktop\TBH\Recent\falcon\images\brownglazed-sm.jpg --> uts.cc.utexas.edu /export/httpd/vhosts/texasbeyondhistory/data/falcon/images brownglazed-sm.jpg
2001.10.01 21:41 B C:\WINDOWS\Desktop\TBH\Recent\falcon\images\brownglazed.html --> uts.cc.utexas.edu /export/httpd/vhosts/texasbeyondhistory/data/falcon/images brownglazed.html
2001.10.01 21:42 B C:\WINDOWS\Desktop\TBH\Recent\falcon\images\button1-lg.jpg --> uts.cc.utexas.edu /export/httpd/vhosts/texasbeyondhistory/data/falcon/images button1-lg.jpg
2001.10.01 21:42 B C:\WINDOWS\Desktop\TBH\Recent\falcon\images\button1-sm.jpg --> uts.cc.utexas.edu /export/httpd/vhosts/texasbeyondhistory/data/falcon/images button1-sm.jpg
2001.10.01 21:42 B C:\WINDOWS\Desktop\TBH\Recent\falcon\images\button1-sm2.jpg --> uts.cc.utexas.edu /export/httpd/vhosts/texasbeyondhistory/data/falcon/images button1-sm2.jpg
2001.10.01 21:42 B C:\WINDOWS\Desktop\TBH\Recent\falcon\images\button1.html --> uts.cc.utexas.edu /export/httpd/vhosts/texasbeyondhistory/data/falcon/images button1.html
2001.10.01 21:42 B C:\WINDOWS\Desktop\TBH\Recent\falcon\images\choc2-lg.jpg --> uts.cc.utexas.edu /export/httpd/vhosts/texasbeyondhistory/data/falcon/images choc2-lg.jpg
2001.10.01 21:42 B C:\WINDOWS\Desktop\TBH\Recent\falcon\images\choc2-sm.jpg --> uts.cc.utexas.edu /export/httpd/vhosts/texasbeyondhistory/data/falcon/images choc2-sm.jpg
2001.10.01 21:42 B C:\WINDOWS\Desktop\TBH\Recent\falcon\images\choc2.html --> uts.cc.utexas.edu /export/httpd/vhosts/texasbeyondhistory/data/falcon/images choc2.html
2001.10.01 21:42 B C:\WINDOWS\Desktop\TBH\Recent\falcon\images\dam1950-lg.jpg --> uts.cc.utexas.edu /export/httpd/vhosts/texasbeyondhistory/data/falcon/images dam1950-lg.jpg
2001.10.01 21:42 B C:\WINDOWS\Desktop\TBH\Recent\falcon\images\dam1950-sm.jpg --> uts.cc.utexas.edu /export/httpd/vhosts/texasbeyondhistory/data/falcon/images dam1950-sm.jpg
2001.10.01 21:42 B C:\WINDOWS\Desktop\TBH\Recent\falcon\images\dam1950.html --> uts.cc.utexas.edu /export/httpd/vhosts/texasbeyondhistory/data/falcon/images dam1950.html
2001.10.01 21:42 B C:\WINDOWS\Desktop\TBH\Recent\falcon\images\damnow-lg.jpg --> uts.cc.utexas.edu /export/httpd/vhosts/texasbeyondhistory/data/falcon/images damnow-lg.jpg
2001.10.01 21:42 B C:\WINDOWS\Desktop\TBH\Recent\falcon\images\damnow-sm.jpg --> uts.cc.utexas.edu /export/httpd/vhosts/texasbeyondhistory/data/falcon/images damnow-sm.jpg
2001.10.01 21:42 B C:\WINDOWS\Desktop\TBH\Recent\falcon\images\damnow.html --> uts.cc.utexas.edu /export/httpd/vhosts/texasbeyondhistory/data/falcon/images damnow.html
2001.10.01 21:42 B C:\WINDOWS\Desktop\TBH\Recent\falcon\images\falcon-lg.gif --> uts.cc.utexas.edu /export/httpd/vhosts/texasbeyondhistory/data/falcon/images falcon-lg.gif
2001.10.01 21:42 B C:\WINDOWS\Desktop\TBH\Recent\falcon\images\falcon-sm.gif --> uts.cc.utexas.edu /export/httpd/vhosts/texasbeyondhistory/data/falcon/images falcon-sm.gif
2001.10.01 21:42 B C:\WINDOWS\Desktop\TBH\Recent\falcon\images\falcon.html --> uts.cc.utexas.edu /export/httpd/vhosts/texasbeyondhistory/data/falcon/images falcon.html
2001.10.01 21:42 B C:\WINDOWS\Desktop\TBH\Recent\falcon\images\flatroof-lg.jpg --> uts.cc.utexas.edu /export/httpd/vhosts/texasbeyondhistory/data/falcon/images flatroof-lg.jpg
2001.10.01 21:42 B C:\WINDOWS\Desktop\TBH\Recent\falcon\images\flatroof-sm.jpg --> uts.cc.utexas.edu /export/httpd/vhosts/texasbeyondhistory/data/falcon/images flatroof-sm.jpg
2001.10.01 21:42 B C:\WINDOWS\Desktop\TBH\Recent\falcon\images\flatroof.html --> uts.cc.utexas.edu /export/httpd/vhosts/texasbeyondhistory/data/falcon/images flatroof.html
2001.10.01 21:43 B C:\WINDOWS\Desktop\TBH\Recent\falcon\images\george-lg.jpg --> uts.cc.utexas.edu /export/httpd/vhosts/texasbeyondhistory/data/falcon/images george-lg.jpg
2001.10.01 21:43 B C:\WINDOWS\Desktop\TBH\Recent\falcon\images\george-sm.jpg --> uts.cc.utexas.edu /export/httpd/vhosts/texasbeyondhistory/data/falcon/images george-sm.jpg
2001.10.01 21:43 B C:\WINDOWS\Desktop\TBH\Recent\falcon\images\george.html --> uts.cc.utexas.edu /export/httpd/vhosts/texasbeyondhistory/data/falcon/images george.html
2001.10.01 21:43 B C:\WINDOWS\Desktop\TBH\Recent\falcon\images\glazedbowl-lg.jpg --> uts.cc.utexas.edu /export/httpd/vhosts/texasbeyondhistory/data/falcon/images glazedbowl-lg.jpg
2001.10.01 21:43 B C:\WINDOWS\Desktop\TBH\Recent\falcon\images\glazedbowl-sm.jpg --> uts.cc.utexas.edu /export/httpd/vhosts/texasbeyondhistory/data/falcon/images glazedbowl-sm.jpg
2001.10.01 21:43 B C:\WINDOWS\Desktop\TBH\Recent\falcon\images\greenglazed-lg.jpg --> uts.cc.utexas.edu /export/httpd/vhosts/texasbeyondhistory/data/falcon/images greenglazed-lg.jpg
2001.10.01 21:43 B C:\WINDOWS\Desktop\TBH\Recent\falcon\images\greenglazed-sm.jpg --> uts.cc.utexas.edu /export/httpd/vhosts/texasbeyondhistory/data/falcon/images greenglazed-sm.jpg
2001.10.01 21:43 B C:\WINDOWS\Desktop\TBH\Recent\falcon\images\greenglazed.html --> uts.cc.utexas.edu /export/httpd/vhosts/texasbeyondhistory/data/falcon/images greenglazed.html
2001.10.01 21:43 B C:\WINDOWS\Desktop\TBH\Recent\falcon\images\house2-lg.jpg --> uts.cc.utexas.edu /export/httpd/vhosts/texasbeyondhistory/data/falcon/images house2-lg.jpg
2001.10.01 21:43 B C:\WINDOWS\Desktop\TBH\Recent\falcon\images\house2-sm.jpg --> uts.cc.utexas.edu /export/httpd/vhosts/texasbeyondhistory/data/falcon/images house2-sm.jpg
2001.10.01 21:43 B C:\WINDOWS\Desktop\TBH\Recent\falcon\images\house2.html --> uts.cc.utexas.edu /export/httpd/vhosts/texasbeyondhistory/data/falcon/images house2.html
2001.10.01 21:43 B C:\WINDOWS\Desktop\TBH\Recent\falcon\images\house4-lg.jpg --> uts.cc.utexas.edu /export/httpd/vhosts/texasbeyondhistory/data/falcon/images house4-lg.jpg
2001.10.01 21:43 B C:\WINDOWS\Desktop\TBH\Recent\falcon\images\house4-sm.jpg --> uts.cc.utexas.edu /export/httpd/vhosts/texasbeyondhistory/data/falcon/images house4-sm.jpg
2001.10.01 21:43 B C:\WINDOWS\Desktop\TBH\Recent\falcon\images\house4.html --> uts.cc.utexas.edu /export/httpd/vhosts/texasbeyondhistory/data/falcon/images house4.html
2001.10.01 21:43 B C:\WINDOWS\Desktop\TBH\Recent\falcon\images\jacknuevo.html --> uts.cc.utexas.edu /export/httpd/vhosts/texasbeyondhistory/data/falcon/images jacknuevo.html
2001.10.01 21:43 B C:\WINDOWS\Desktop\TBH\Recent\falcon\images\jacknuevo.lg.jpg --> uts.cc.utexas.edu /export/httpd/vhosts/texasbeyondhistory/data/falcon/images jacknuevo.lg.jpg
2001.10.01 21:43 B C:\WINDOWS\Desktop\TBH\Recent\falcon\images\jacknuevo.sm.jpg --> uts.cc.utexas.edu /export/httpd/vhosts/texasbeyondhistory/data/falcon/images jacknuevo.sm.jpg
2001.10.01 21:43 B C:\WINDOWS\Desktop\TBH\Recent\falcon\images\majolica1-lg.jpg --> uts.cc.utexas.edu /export/httpd/vhosts/texasbeyondhistory/data/falcon/images majolica1-lg.jpg
2001.10.01 21:43 B C:\WINDOWS\Desktop\TBH\Recent\falcon\images\majolica1-sm.jpg --> uts.cc.utexas.edu /export/httpd/vhosts/texasbeyondhistory/data/falcon/images majolica1-sm.jpg
2001.10.01 21:43 B C:\WINDOWS\Desktop\TBH\Recent\falcon\images\majolica1.html --> uts.cc.utexas.edu /export/httpd/vhosts/texasbeyondhistory/data/falcon/images majolica1.html
2001.10.01 21:43 B C:\WINDOWS\Desktop\TBH\Recent\falcon\images\majolica2-lg.jpg --> uts.cc.utexas.edu /export/httpd/vhosts/texasbeyondhistory/data/falcon/images majolica2-lg.jpg
2001.10.01 21:43 B C:\WINDOWS\Desktop\TBH\Recent\falcon\images\majolica2-sm.jpg --> uts.cc.utexas.edu /export/httpd/vhosts/texasbeyondhistory/data/falcon/images majolica2-sm.jpg
2001.10.01 21:43 B C:\WINDOWS\Desktop\TBH\Recent\falcon\images\majolica2.html --> uts.cc.utexas.edu /export/httpd/vhosts/texasbeyondhistory/data/falcon/images majolica2.html
2001.10.01 21:44 B C:\WINDOWS\Desktop\TBH\Recent\falcon\images\mano-lg.jpg --> uts.cc.utexas.edu /export/httpd/vhosts/texasbeyondhistory/data/falcon/images mano-lg.jpg
2001.10.01 21:44 B C:\WINDOWS\Desktop\TBH\Recent\falcon\images\mano-sm.jpg --> uts.cc.utexas.edu /export/httpd/vhosts/texasbeyondhistory/data/falcon/images mano-sm.jpg
2001.10.01 21:44 B C:\WINDOWS\Desktop\TBH\Recent\falcon\images\mano.html --> uts.cc.utexas.edu /export/httpd/vhosts/texasbeyondhistory/data/falcon/images mano.html
2001.10.01 21:44 B C:\WINDOWS\Desktop\TBH\Recent\falcon\images\metal-lg.jpg --> uts.cc.utexas.edu /export/httpd/vhosts/texasbeyondhistory/data/falcon/images metal-lg.jpg
2001.10.01 21:44 B C:\WINDOWS\Desktop\TBH\Recent\falcon\images\metal-sm.jpg --> uts.cc.utexas.edu /export/httpd/vhosts/texasbeyondhistory/data/falcon/images metal-sm.jpg
2001.10.01 21:44 B C:\WINDOWS\Desktop\TBH\Recent\falcon\images\metal.html --> uts.cc.utexas.edu /export/httpd/vhosts/texasbeyondhistory/data/falcon/images metal.html
2001.10.01 21:44 B C:\WINDOWS\Desktop\TBH\Recent\falcon\images\nuevosan.html --> uts.cc.utexas.edu /export/httpd/vhosts/texasbeyondhistory/data/falcon/images nuevosan.html
2001.10.01 21:44 B C:\WINDOWS\Desktop\TBH\Recent\falcon\images\nuevosan.lg.jpg --> uts.cc.utexas.edu /export/httpd/vhosts/texasbeyondhistory/data/falcon/images nuevosan.lg.jpg
2001.10.01 21:44 B C:\WINDOWS\Desktop\TBH\Recent\falcon\images\nuevosan.sm.jpg --> uts.cc.utexas.edu /export/httpd/vhosts/texasbeyondhistory/data/falcon/images nuevosan.sm.jpg
2001.10.01 21:44 B C:\WINDOWS\Desktop\TBH\Recent\falcon\images\oldzp90.html --> uts.cc.utexas.edu /export/httpd/vhosts/texasbeyondhistory/data/falcon/images oldzp90.html
2001.10.01 21:44 B C:\WINDOWS\Desktop\TBH\Recent\falcon\images\oldzp90.lg.jpg --> uts.cc.utexas.edu /export/httpd/vhosts/texasbeyondhistory/data/falcon/images oldzp90.lg.jpg
2001.10.01 21:44 B C:\WINDOWS\Desktop\TBH\Recent\falcon\images\oldzp90.sm.jpg --> uts.cc.utexas.edu /export/httpd/vhosts/texasbeyondhistory/data/falcon/images oldzp90.sm.jpg
2001.10.01 21:45 B C:\WINDOWS\Desktop\TBH\Recent\falcon\images\pitchroof-lg.jpg --> uts.cc.utexas.edu /export/httpd/vhosts/texasbeyondhistory/data/falcon/images pitchroof-lg.jpg
2001.10.01 21:45 B C:\WINDOWS\Desktop\TBH\Recent\falcon\images\pitchroof-sm.jpg --> uts.cc.utexas.edu /export/httpd/vhosts/texasbeyondhistory/data/falcon/images pitchroof-sm.jpg
2001.10.01 21:45 B C:\WINDOWS\Desktop\TBH\Recent\falcon\images\pitchroof.html --> uts.cc.utexas.edu /export/httpd/vhosts/texasbeyondhistory/data/falcon/images pitchroof.html
2001.10.01 21:45 B C:\WINDOWS\Desktop\TBH\Recent\falcon\images\porcion-lg.gif --> uts.cc.utexas.edu /export/httpd/vhosts/texasbeyondhistory/data/falcon/images porcion-lg.gif
2001.10.01 21:45 B C:\WINDOWS\Desktop\TBH\Recent\falcon\images\porcion-sm.gif --> uts.cc.utexas.edu /export/httpd/vhosts/texasbeyondhistory/data/falcon/images porcion-sm.gif
2001.10.01 21:45 B C:\WINDOWS\Desktop\TBH\Recent\falcon\images\porcion.html --> uts.cc.utexas.edu /export/httpd/vhosts/texasbeyondhistory/data/falcon/images porcion.html
2001.10.01 21:45 B C:\WINDOWS\Desktop\TBH\Recent\falcon\images\ramireno-lg.jpg --> uts.cc.utexas.edu /export/httpd/vhosts/texasbeyondhistory/data/falcon/images ramireno-lg.jpg
2001.10.01 21:45 B C:\WINDOWS\Desktop\TBH\Recent\falcon\images\ramireno-sm.jpg --> uts.cc.utexas.edu /export/httpd/vhosts/texasbeyondhistory/data/falcon/images ramireno-sm.jpg
2001.10.01 21:45 B C:\WINDOWS\Desktop\TBH\Recent\falcon\images\ramireno.html --> uts.cc.utexas.edu /export/httpd/vhosts/texasbeyondhistory/data/falcon/images ramireno.html
2001.10.01 21:45 B C:\WINDOWS\Desktop\TBH\Recent\falcon\images\rock-lg.jpg --> uts.cc.utexas.edu /export/httpd/vhosts/texasbeyondhistory/data/falcon/images rock-lg.jpg
2001.10.01 21:45 B C:\WINDOWS\Desktop\TBH\Recent\falcon\images\rock-sm.jpg --> uts.cc.utexas.edu /export/httpd/vhosts/texasbeyondhistory/data/falcon/images rock-sm.jpg
2001.10.01 21:45 B C:\WINDOWS\Desktop\TBH\Recent\falcon\images\rock.html --> uts.cc.utexas.edu /export/httpd/vhosts/texasbeyondhistory/data/falcon/images rock.html
2001.10.01 21:45 B C:\WINDOWS\Desktop\TBH\Recent\falcon\images\ruins1-lg.jpg --> uts.cc.utexas.edu /export/httpd/vhosts/texasbeyondhistory/data/falcon/images ruins1-lg.jpg
2001.10.01 21:45 B C:\WINDOWS\Desktop\TBH\Recent\falcon\images\ruins1-sm.jpg --> uts.cc.utexas.edu /export/httpd/vhosts/texasbeyondhistory/data/falcon/images ruins1-sm.jpg
2001.10.01 21:45 B C:\WINDOWS\Desktop\TBH\Recent\falcon\images\ruins1.html --> uts.cc.utexas.edu /export/httpd/vhosts/texasbeyondhistory/data/falcon/images ruins1.html
2001.10.01 21:45 B C:\WINDOWS\Desktop\TBH\Recent\falcon\images\ruins2-lg.jpg --> uts.cc.utexas.edu /export/httpd/vhosts/texasbeyondhistory/data/falcon/images ruins2-lg.jpg
2001.10.01 21:45 B C:\WINDOWS\Desktop\TBH\Recent\falcon\images\ruins2-sm.jpg --> uts.cc.utexas.edu /export/httpd/vhosts/texasbeyondhistory/data/falcon/images ruins2-sm.jpg
2001.10.01 21:45 B C:\WINDOWS\Desktop\TBH\Recent\falcon\images\ruins2.html --> uts.cc.utexas.edu /export/httpd/vhosts/texasbeyondhistory/data/falcon/images ruins2.html
2001.10.01 21:45 B C:\WINDOWS\Desktop\TBH\Recent\falcon\images\shell-lg.jpg --> uts.cc.utexas.edu /export/httpd/vhosts/texasbeyondhistory/data/falcon/images shell-lg.jpg
2001.10.01 21:45 B C:\WINDOWS\Desktop\TBH\Recent\falcon\images\shell-sm.jpg --> uts.cc.utexas.edu /export/httpd/vhosts/texasbeyondhistory/data/falcon/images shell-sm.jpg
2001.10.01 21:45 B C:\WINDOWS\Desktop\TBH\Recent\falcon\images\shell.html --> uts.cc.utexas.edu /export/httpd/vhosts/texasbeyondhistory/data/falcon/images shell.html
2001.10.01 21:46 B C:\WINDOWS\Desktop\TBH\Recent\falcon\images\sr39-1-lg.jpg --> uts.cc.utexas.edu /export/httpd/vhosts/texasbeyondhistory/data/falcon/images sr39-1-lg.jpg
2001.10.01 21:46 B C:\WINDOWS\Desktop\TBH\Recent\falcon\images\sr39-1-sm.jpg --> uts.cc.utexas.edu /export/httpd/vhosts/texasbeyondhistory/data/falcon/images sr39-1-sm.jpg
2001.10.01 21:46 B C:\WINDOWS\Desktop\TBH\Recent\falcon\images\toys-lg.jpg --> uts.cc.utexas.edu /export/httpd/vhosts/texasbeyondhistory/data/falcon/images toys-lg.jpg
2001.10.01 21:46 B C:\WINDOWS\Desktop\TBH\Recent\falcon\images\toys-sm.jpg --> uts.cc.utexas.edu /export/httpd/vhosts/texasbeyondhistory/data/falcon/images toys-sm.jpg
2001.10.01 21:46 B C:\WINDOWS\Desktop\TBH\Recent\falcon\images\toys.html --> uts.cc.utexas.edu /export/httpd/vhosts/texasbeyondhistory/data/falcon/images toys.html
2001.10.01 21:46 B C:\WINDOWS\Desktop\TBH\Recent\falcon\images\vaquero-lg.jpg --> uts.cc.utexas.edu /export/httpd/vhosts/texasbeyondhistory/data/falcon/images vaquero-lg.jpg
2001.10.01 21:46 B C:\WINDOWS\Desktop\TBH\Recent\falcon\images\vaquero-sm.jpg --> uts.cc.utexas.edu /export/httpd/vhosts/texasbeyondhistory/data/falcon/images vaquero-sm.jpg
2001.10.01 21:46 B C:\WINDOWS\Desktop\TBH\Recent\falcon\images\vaquero.html --> uts.cc.utexas.edu /export/httpd/vhosts/texasbeyondhistory/data/falcon/images vaquero.html
2001.10.01 21:46 B C:\WINDOWS\Desktop\TBH\Recent\falcon\images\whole-lg.jpg --> uts.cc.utexas.edu /export/httpd/vhosts/texasbeyondhistory/data/falcon/images whole-lg.jpg
2001.10.01 21:46 B C:\WINDOWS\Desktop\TBH\Recent\falcon\images\whole-sm.jpg --> uts.cc.utexas.edu /export/httpd/vhosts/texasbeyondhistory/data/falcon/images whole-sm.jpg
2001.10.01 21:46 B C:\WINDOWS\Desktop\TBH\Recent\falcon\images\whole.html --> uts.cc.utexas.edu /export/httpd/vhosts/texasbeyondhistory/data/falcon/images whole.html
