2001.08.11 17:00 B D:\TBH Temp\glossary\images\Lower-Pecos-Map-lg.gif <-- Texas Beyond History /Website Stuff/TBH Website Temp/glossary/images Lower-Pecos-Map-lg.gif
2001.08.11 17:00 B D:\TBH Temp\glossary\images\Lower-Pecos-Map-sm.gif <-- Texas Beyond History /Website Stuff/TBH Website Temp/glossary/images Lower-Pecos-Map-sm.gif
2001.08.11 17:00 B D:\TBH Temp\glossary\images\Lower-Pecos-Map.html <-- Texas Beyond History /Website Stuff/TBH Website Temp/glossary/images Lower-Pecos-Map.html
2001.08.11 17:00 B D:\TBH Temp\glossary\images\painted-pebbles-in situ-lg.jpg <-- Texas Beyond History /Website Stuff/TBH Website Temp/glossary/images painted-pebbles-in situ-lg.jpg
2001.08.11 17:00 B D:\TBH Temp\glossary\images\painted-pebbles-in situs-sm.jpg <-- Texas Beyond History /Website Stuff/TBH Website Temp/glossary/images painted-pebbles-in situs-sm.jpg
2001.08.11 17:00 B D:\TBH Temp\glossary\images\painted-pebbles-in situs.html <-- Texas Beyond History /Website Stuff/TBH Website Temp/glossary/images painted-pebbles-in situs.html
2001.08.11 17:00 B D:\TBH Temp\glossary\images\White-Shaman-pictograph-lg.jpg <-- Texas Beyond History /Website Stuff/TBH Website Temp/glossary/images White-Shaman-pictograph-lg.jpg
2001.08.11 17:00 B D:\TBH Temp\glossary\images\White-Shaman-pictograph-sm.jpg <-- Texas Beyond History /Website Stuff/TBH Website Temp/glossary/images White-Shaman-pictograph-sm.jpg
2001.08.11 17:00 B D:\TBH Temp\glossary\images\White-Shaman-pictograph.html <-- Texas Beyond History /Website Stuff/TBH Website Temp/glossary/images White-Shaman-pictograph.html
2001.09.01 21:51 B D:\TBH Temp\glossary\images\brass-points-lg.jpg --> uts.cc.utexas.edu /usr/pub/www/research/tarl/abouttarl/tbh/glossary/images brass-points-lg.jpg
2001.09.01 21:51 B D:\TBH Temp\glossary\images\brass-points-sm.jpg --> uts.cc.utexas.edu /usr/pub/www/research/tarl/abouttarl/tbh/glossary/images brass-points-sm.jpg
2001.09.01 21:51 B D:\TBH Temp\glossary\images\brass-points.html --> uts.cc.utexas.edu /usr/pub/www/research/tarl/abouttarl/tbh/glossary/images brass-points.html
2001.09.01 21:51 B D:\TBH Temp\glossary\images\JB6-lg.jpg --> uts.cc.utexas.edu /usr/pub/www/research/tarl/abouttarl/tbh/glossary/images JB6-lg.jpg
2001.09.01 21:51 B D:\TBH Temp\glossary\images\JB6-sm.jpg --> uts.cc.utexas.edu /usr/pub/www/research/tarl/abouttarl/tbh/glossary/images JB6-sm.jpg
2001.09.01 21:51 B D:\TBH Temp\glossary\images\JB6.html --> uts.cc.utexas.edu /usr/pub/www/research/tarl/abouttarl/tbh/glossary/images JB6.html
2001.09.01 21:52 B D:\TBH Temp\glossary\images\LL419-MB8-lg.jpg --> uts.cc.utexas.edu /usr/pub/www/research/tarl/abouttarl/tbh/glossary/images LL419-MB8-lg.jpg
2001.09.01 21:52 B D:\TBH Temp\glossary\images\LL419-MB8-sm.jpg --> uts.cc.utexas.edu /usr/pub/www/research/tarl/abouttarl/tbh/glossary/images LL419-MB8-sm.jpg
2001.09.01 21:52 B D:\TBH Temp\glossary\images\LL419-MB8.html --> uts.cc.utexas.edu /usr/pub/www/research/tarl/abouttarl/tbh/glossary/images LL419-MB8.html
2001.09.01 21:52 B D:\TBH Temp\glossary\images\Lower-Pecos-Map-lg.gif --> uts.cc.utexas.edu /usr/pub/www/research/tarl/abouttarl/tbh/glossary/images Lower-Pecos-Map-lg.gif
2001.09.01 21:52 B D:\TBH Temp\glossary\images\Lower-Pecos-Map-sm.gif --> uts.cc.utexas.edu /usr/pub/www/research/tarl/abouttarl/tbh/glossary/images Lower-Pecos-Map-sm.gif
2001.09.01 21:52 B D:\TBH Temp\glossary\images\Lower-Pecos-Map.html --> uts.cc.utexas.edu /usr/pub/www/research/tarl/abouttarl/tbh/glossary/images Lower-Pecos-Map.html
2001.09.01 21:52 B D:\TBH Temp\glossary\images\painted-pebbles-in situ-lg.jpg --> uts.cc.utexas.edu /usr/pub/www/research/tarl/abouttarl/tbh/glossary/images painted-pebbles-in situ-lg.jpg
2001.09.01 21:52 B D:\TBH Temp\glossary\images\painted-pebbles-in situs-sm.jpg --> uts.cc.utexas.edu /usr/pub/www/research/tarl/abouttarl/tbh/glossary/images painted-pebbles-in situs-sm.jpg
2001.09.01 21:52 B D:\TBH Temp\glossary\images\painted-pebbles-in situs.html --> uts.cc.utexas.edu /usr/pub/www/research/tarl/abouttarl/tbh/glossary/images painted-pebbles-in situs.html
2001.09.01 21:52 B D:\TBH Temp\glossary\images\White-Shaman-pictograph-lg.jpg --> uts.cc.utexas.edu /usr/pub/www/research/tarl/abouttarl/tbh/glossary/images White-Shaman-pictograph-lg.jpg
2001.09.01 21:52 B D:\TBH Temp\glossary\images\White-Shaman-pictograph-sm.jpg --> uts.cc.utexas.edu /usr/pub/www/research/tarl/abouttarl/tbh/glossary/images White-Shaman-pictograph-sm.jpg
2001.09.01 21:52 B D:\TBH Temp\glossary\images\White-Shaman-pictograph.html --> uts.cc.utexas.edu /usr/pub/www/research/tarl/abouttarl/tbh/glossary/images White-Shaman-pictograph.html
2001.09.04 15:22 B M:\Website Stuff\glossary\images\WS_FTP.LOG <-- TARLweb /usr/pub/www/research/tarl/abouttarl/tbh/glossary/images WS_FTP.LOG
2001.09.04 16:26 B C:\WINDOWS\Desktop\TBH\TBH on TEXsite\glossary\images\WS_FTP.LOG <-- TARL /Website Stuff/glossary/images WS_FTP.LOG
2001.09.28 14:24 B C:\WINDOWS\Desktop\TBH\Recent\glossary\images\atlatl-man-lg.jpg <-- TARL /Website Stuff/Transfer to Meg/Misc New atlatl-man-lg.jpg
2001.09.28 14:24 B C:\WINDOWS\Desktop\TBH\Recent\glossary\images\atlatl-man-sm.jpg <-- TARL /Website Stuff/Transfer to Meg/Misc New atlatl-man-sm.jpg
2001.09.28 15:12 B C:\WINDOWS\Desktop\TBH\Recent\glossary\images\map-lg.gif <-- TARL /Website Stuff/Transfer to Meg/Misc New map-lg.gif
2001.09.28 15:12 B C:\WINDOWS\Desktop\TBH\Recent\glossary\images\map-sm.gif <-- TARL /Website Stuff/Transfer to Meg/Misc New map-sm.gif
2001.10.01 22:57 B C:\WINDOWS\Desktop\TBH\Recent\glossary\images\atlatl-man-lg.jpg --> uts.cc.utexas.edu /export/httpd/vhosts/texasbeyondhistory/data/glossary/images atlatl-man-lg.jpg
2001.10.01 22:57 B C:\WINDOWS\Desktop\TBH\Recent\glossary\images\atlatl-man-sm.jpg --> uts.cc.utexas.edu /export/httpd/vhosts/texasbeyondhistory/data/glossary/images atlatl-man-sm.jpg
2001.10.01 22:57 B C:\WINDOWS\Desktop\TBH\Recent\glossary\images\atlatl-man.html --> uts.cc.utexas.edu /export/httpd/vhosts/texasbeyondhistory/data/glossary/images atlatl-man.html
2001.10.01 22:58 B C:\WINDOWS\Desktop\TBH\Recent\glossary\images\brass-points-lg.jpg --> uts.cc.utexas.edu /export/httpd/vhosts/texasbeyondhistory/data/glossary/images brass-points-lg.jpg
2001.10.01 22:58 B C:\WINDOWS\Desktop\TBH\Recent\glossary\images\brass-points-sm.jpg --> uts.cc.utexas.edu /export/httpd/vhosts/texasbeyondhistory/data/glossary/images brass-points-sm.jpg
2001.10.01 22:58 B C:\WINDOWS\Desktop\TBH\Recent\glossary\images\brass-points.html --> uts.cc.utexas.edu /export/httpd/vhosts/texasbeyondhistory/data/glossary/images brass-points.html
2001.10.01 22:58 B C:\WINDOWS\Desktop\TBH\Recent\glossary\images\JB6-lg.jpg --> uts.cc.utexas.edu /export/httpd/vhosts/texasbeyondhistory/data/glossary/images JB6-lg.jpg
2001.10.01 22:58 B C:\WINDOWS\Desktop\TBH\Recent\glossary\images\JB6-sm.jpg --> uts.cc.utexas.edu /export/httpd/vhosts/texasbeyondhistory/data/glossary/images JB6-sm.jpg
2001.10.01 22:58 B C:\WINDOWS\Desktop\TBH\Recent\glossary\images\JB6.html --> uts.cc.utexas.edu /export/httpd/vhosts/texasbeyondhistory/data/glossary/images JB6.html
2001.10.01 22:58 B C:\WINDOWS\Desktop\TBH\Recent\glossary\images\LL419-MB8-lg.jpg --> uts.cc.utexas.edu /export/httpd/vhosts/texasbeyondhistory/data/glossary/images LL419-MB8-lg.jpg
2001.10.01 22:58 B C:\WINDOWS\Desktop\TBH\Recent\glossary\images\LL419-MB8-sm.jpg --> uts.cc.utexas.edu /export/httpd/vhosts/texasbeyondhistory/data/glossary/images LL419-MB8-sm.jpg
2001.10.01 22:58 B C:\WINDOWS\Desktop\TBH\Recent\glossary\images\LL419-MB8.html --> uts.cc.utexas.edu /export/httpd/vhosts/texasbeyondhistory/data/glossary/images LL419-MB8.html
2001.10.01 22:58 B C:\WINDOWS\Desktop\TBH\Recent\glossary\images\Lower-Pecos-Map-lg.gif --> uts.cc.utexas.edu /export/httpd/vhosts/texasbeyondhistory/data/glossary/images Lower-Pecos-Map-lg.gif
2001.10.01 22:58 B C:\WINDOWS\Desktop\TBH\Recent\glossary\images\Lower-Pecos-Map.html --> uts.cc.utexas.edu /export/httpd/vhosts/texasbeyondhistory/data/glossary/images Lower-Pecos-Map.html
2001.10.01 22:58 B C:\WINDOWS\Desktop\TBH\Recent\glossary\images\map-lg.gif --> uts.cc.utexas.edu /export/httpd/vhosts/texasbeyondhistory/data/glossary/images map-lg.gif
2001.10.01 22:58 B C:\WINDOWS\Desktop\TBH\Recent\glossary\images\map-sm.gif --> uts.cc.utexas.edu /export/httpd/vhosts/texasbeyondhistory/data/glossary/images map-sm.gif
2001.10.01 22:58 B C:\WINDOWS\Desktop\TBH\Recent\glossary\images\map.html --> uts.cc.utexas.edu /export/httpd/vhosts/texasbeyondhistory/data/glossary/images map.html
2001.10.01 22:59 B C:\WINDOWS\Desktop\TBH\Recent\glossary\images\painted-pebbles-in situ-lg.jpg --> uts.cc.utexas.edu /export/httpd/vhosts/texasbeyondhistory/data/glossary/images painted-pebbles-in situ-lg.jpg
2001.10.01 22:59 B C:\WINDOWS\Desktop\TBH\Recent\glossary\images\painted-pebbles-in situs-sm.jpg --> uts.cc.utexas.edu /export/httpd/vhosts/texasbeyondhistory/data/glossary/images painted-pebbles-in situs-sm.jpg
2001.10.01 22:59 B C:\WINDOWS\Desktop\TBH\Recent\glossary\images\painted-pebbles-in situs.html --> uts.cc.utexas.edu /export/httpd/vhosts/texasbeyondhistory/data/glossary/images painted-pebbles-in situs.html
2001.10.01 22:59 B C:\WINDOWS\Desktop\TBH\Recent\glossary\images\White-Shaman-pictograph-lg.jpg --> uts.cc.utexas.edu /export/httpd/vhosts/texasbeyondhistory/data/glossary/images White-Shaman-pictograph-lg.jpg
2001.10.01 22:59 B C:\WINDOWS\Desktop\TBH\Recent\glossary\images\White-Shaman-pictograph-sm.jpg --> uts.cc.utexas.edu /export/httpd/vhosts/texasbeyondhistory/data/glossary/images White-Shaman-pictograph-sm.jpg
2001.10.01 22:59 B C:\WINDOWS\Desktop\TBH\Recent\glossary\images\White-Shaman-pictograph.html --> uts.cc.utexas.edu /export/httpd/vhosts/texasbeyondhistory/data/glossary/images White-Shaman-pictograph.html
