2001.08.30 19:17 B D:\TBH Temp\teach\images\img\pie_r1_c1.gif <-- Texas Beyond History /Website Stuff/TBH Website Temp/teach/images/img pie_r1_c1.gif
2001.08.30 19:17 B D:\TBH Temp\teach\images\img\pie_r1_c1.gif.LCK <-- Texas Beyond History /Website Stuff/TBH Website Temp/teach/images/img pie_r1_c1.gif.LCK
2001.08.30 19:17 B D:\TBH Temp\teach\images\img\pie_r1_c2.gif <-- Texas Beyond History /Website Stuff/TBH Website Temp/teach/images/img pie_r1_c2.gif
2001.08.30 19:17 B D:\TBH Temp\teach\images\img\pie_r1_c2.gif.LCK <-- Texas Beyond History /Website Stuff/TBH Website Temp/teach/images/img pie_r1_c2.gif.LCK
2001.08.30 19:17 B D:\TBH Temp\teach\images\img\pie_r1_c3.gif <-- Texas Beyond History /Website Stuff/TBH Website Temp/teach/images/img pie_r1_c3.gif
2001.08.30 19:17 B D:\TBH Temp\teach\images\img\pie_r1_c3.gif.LCK <-- Texas Beyond History /Website Stuff/TBH Website Temp/teach/images/img pie_r1_c3.gif.LCK
2001.08.30 19:17 B D:\TBH Temp\teach\images\img\pie_r1_c5.gif <-- Texas Beyond History /Website Stuff/TBH Website Temp/teach/images/img pie_r1_c5.gif
2001.08.30 19:17 B D:\TBH Temp\teach\images\img\pie_r1_c5.gif.LCK <-- Texas Beyond History /Website Stuff/TBH Website Temp/teach/images/img pie_r1_c5.gif.LCK
2001.08.30 19:17 B D:\TBH Temp\teach\images\img\pie_r1_c6.gif <-- Texas Beyond History /Website Stuff/TBH Website Temp/teach/images/img pie_r1_c6.gif
2001.08.30 19:17 B D:\TBH Temp\teach\images\img\pie_r1_c6.gif.LCK <-- Texas Beyond History /Website Stuff/TBH Website Temp/teach/images/img pie_r1_c6.gif.LCK
2001.08.30 19:17 B D:\TBH Temp\teach\images\img\pie_r2_c1.gif <-- Texas Beyond History /Website Stuff/TBH Website Temp/teach/images/img pie_r2_c1.gif
2001.08.30 19:17 B D:\TBH Temp\teach\images\img\pie_r2_c1.gif.LCK <-- Texas Beyond History /Website Stuff/TBH Website Temp/teach/images/img pie_r2_c1.gif.LCK
2001.08.30 19:17 B D:\TBH Temp\teach\images\img\pie_r2_c2.gif <-- Texas Beyond History /Website Stuff/TBH Website Temp/teach/images/img pie_r2_c2.gif
2001.08.30 19:17 B D:\TBH Temp\teach\images\img\pie_r2_c2.gif.LCK <-- Texas Beyond History /Website Stuff/TBH Website Temp/teach/images/img pie_r2_c2.gif.LCK
2001.08.30 19:17 B D:\TBH Temp\teach\images\img\pie_r2_c5.gif <-- Texas Beyond History /Website Stuff/TBH Website Temp/teach/images/img pie_r2_c5.gif
2001.08.30 19:17 B D:\TBH Temp\teach\images\img\pie_r2_c5.gif.LCK <-- Texas Beyond History /Website Stuff/TBH Website Temp/teach/images/img pie_r2_c5.gif.LCK
2001.08.30 19:17 B D:\TBH Temp\teach\images\img\pie_r3_c2.gif <-- Texas Beyond History /Website Stuff/TBH Website Temp/teach/images/img pie_r3_c2.gif
2001.08.30 19:17 B D:\TBH Temp\teach\images\img\pie_r3_c2.gif.LCK <-- Texas Beyond History /Website Stuff/TBH Website Temp/teach/images/img pie_r3_c2.gif.LCK
2001.08.30 19:17 B D:\TBH Temp\teach\images\img\pie_r3_c3.gif <-- Texas Beyond History /Website Stuff/TBH Website Temp/teach/images/img pie_r3_c3.gif
2001.08.30 19:17 B D:\TBH Temp\teach\images\img\pie_r3_c3.gif.LCK <-- Texas Beyond History /Website Stuff/TBH Website Temp/teach/images/img pie_r3_c3.gif.LCK
2001.08.30 19:17 B D:\TBH Temp\teach\images\img\pie_r3_c4.gif <-- Texas Beyond History /Website Stuff/TBH Website Temp/teach/images/img pie_r3_c4.gif
2001.08.30 19:17 B D:\TBH Temp\teach\images\img\pie_r3_c4.gif.LCK <-- Texas Beyond History /Website Stuff/TBH Website Temp/teach/images/img pie_r3_c4.gif.LCK
2001.08.30 19:17 B D:\TBH Temp\teach\images\img\pie_r3_c5.gif <-- Texas Beyond History /Website Stuff/TBH Website Temp/teach/images/img pie_r3_c5.gif
2001.08.30 19:17 B D:\TBH Temp\teach\images\img\pie_r3_c5.gif.LCK <-- Texas Beyond History /Website Stuff/TBH Website Temp/teach/images/img pie_r3_c5.gif.LCK
2001.08.30 19:17 B D:\TBH Temp\teach\images\img\pie_r4_c2.gif <-- Texas Beyond History /Website Stuff/TBH Website Temp/teach/images/img pie_r4_c2.gif
2001.08.30 19:17 B D:\TBH Temp\teach\images\img\pie_r4_c2.gif.LCK <-- Texas Beyond History /Website Stuff/TBH Website Temp/teach/images/img pie_r4_c2.gif.LCK
2001.08.30 19:17 B D:\TBH Temp\teach\images\img\pie_r4_c3.gif <-- Texas Beyond History /Website Stuff/TBH Website Temp/teach/images/img pie_r4_c3.gif
2001.08.30 19:17 B D:\TBH Temp\teach\images\img\pie_r4_c3.gif.LCK <-- Texas Beyond History /Website Stuff/TBH Website Temp/teach/images/img pie_r4_c3.gif.LCK
2001.08.30 19:17 B D:\TBH Temp\teach\images\img\pie_r4_c4.gif <-- Texas Beyond History /Website Stuff/TBH Website Temp/teach/images/img pie_r4_c4.gif
2001.08.30 19:17 B D:\TBH Temp\teach\images\img\pie_r4_c4.gif.LCK <-- Texas Beyond History /Website Stuff/TBH Website Temp/teach/images/img pie_r4_c4.gif.LCK
2001.08.30 19:17 B D:\TBH Temp\teach\images\img\spacer.gif <-- Texas Beyond History /Website Stuff/TBH Website Temp/teach/images/img spacer.gif
2001.08.30 19:17 B D:\TBH Temp\teach\images\img\spacer.gif.LCK <-- Texas Beyond History /Website Stuff/TBH Website Temp/teach/images/img spacer.gif.LCK
2001.08.30 19:17 B D:\TBH Temp\teach\images\img\Untitled-2_r2_c2.gif <-- Texas Beyond History /Website Stuff/TBH Website Temp/teach/images/img Untitled-2_r2_c2.gif
2001.08.30 19:17 B D:\TBH Temp\teach\images\img\Untitled-2_r2_c2.gif.LCK <-- Texas Beyond History /Website Stuff/TBH Website Temp/teach/images/img Untitled-2_r2_c2.gif.LCK
2001.09.01 22:34 B D:\TBH Temp\teach\images\img\pie_r1_c1.gif --> uts.cc.utexas.edu /usr/pub/www/research/tarl/abouttarl/tbh/teach/images/img pie_r1_c1.gif
2001.09.01 22:34 B D:\TBH Temp\teach\images\img\pie_r1_c1.gif.LCK --> uts.cc.utexas.edu /usr/pub/www/research/tarl/abouttarl/tbh/teach/images/img pie_r1_c1.gif.LCK
2001.09.01 22:34 B D:\TBH Temp\teach\images\img\pie_r1_c2.gif --> uts.cc.utexas.edu /usr/pub/www/research/tarl/abouttarl/tbh/teach/images/img pie_r1_c2.gif
2001.09.01 22:34 B D:\TBH Temp\teach\images\img\pie_r1_c2.gif.LCK --> uts.cc.utexas.edu /usr/pub/www/research/tarl/abouttarl/tbh/teach/images/img pie_r1_c2.gif.LCK
2001.09.01 22:34 B D:\TBH Temp\teach\images\img\pie_r1_c3.gif --> uts.cc.utexas.edu /usr/pub/www/research/tarl/abouttarl/tbh/teach/images/img pie_r1_c3.gif
2001.09.01 22:34 B D:\TBH Temp\teach\images\img\pie_r1_c3.gif.LCK --> uts.cc.utexas.edu /usr/pub/www/research/tarl/abouttarl/tbh/teach/images/img pie_r1_c3.gif.LCK
2001.09.01 22:34 B D:\TBH Temp\teach\images\img\pie_r1_c5.gif --> uts.cc.utexas.edu /usr/pub/www/research/tarl/abouttarl/tbh/teach/images/img pie_r1_c5.gif
2001.09.01 22:34 B D:\TBH Temp\teach\images\img\pie_r1_c5.gif.LCK --> uts.cc.utexas.edu /usr/pub/www/research/tarl/abouttarl/tbh/teach/images/img pie_r1_c5.gif.LCK
2001.09.01 22:34 B D:\TBH Temp\teach\images\img\pie_r1_c6.gif --> uts.cc.utexas.edu /usr/pub/www/research/tarl/abouttarl/tbh/teach/images/img pie_r1_c6.gif
2001.09.01 22:34 B D:\TBH Temp\teach\images\img\pie_r1_c6.gif.LCK --> uts.cc.utexas.edu /usr/pub/www/research/tarl/abouttarl/tbh/teach/images/img pie_r1_c6.gif.LCK
2001.09.01 22:34 B D:\TBH Temp\teach\images\img\pie_r2_c1.gif --> uts.cc.utexas.edu /usr/pub/www/research/tarl/abouttarl/tbh/teach/images/img pie_r2_c1.gif
2001.09.01 22:34 B D:\TBH Temp\teach\images\img\pie_r2_c1.gif.LCK --> uts.cc.utexas.edu /usr/pub/www/research/tarl/abouttarl/tbh/teach/images/img pie_r2_c1.gif.LCK
2001.09.01 22:34 B D:\TBH Temp\teach\images\img\pie_r2_c2.gif --> uts.cc.utexas.edu /usr/pub/www/research/tarl/abouttarl/tbh/teach/images/img pie_r2_c2.gif
2001.09.01 22:34 B D:\TBH Temp\teach\images\img\pie_r2_c2.gif.LCK --> uts.cc.utexas.edu /usr/pub/www/research/tarl/abouttarl/tbh/teach/images/img pie_r2_c2.gif.LCK
2001.09.01 22:34 B D:\TBH Temp\teach\images\img\pie_r2_c5.gif --> uts.cc.utexas.edu /usr/pub/www/research/tarl/abouttarl/tbh/teach/images/img pie_r2_c5.gif
2001.09.01 22:34 B D:\TBH Temp\teach\images\img\pie_r2_c5.gif.LCK --> uts.cc.utexas.edu /usr/pub/www/research/tarl/abouttarl/tbh/teach/images/img pie_r2_c5.gif.LCK
2001.09.01 22:34 B D:\TBH Temp\teach\images\img\pie_r3_c2.gif --> uts.cc.utexas.edu /usr/pub/www/research/tarl/abouttarl/tbh/teach/images/img pie_r3_c2.gif
2001.09.01 22:34 B D:\TBH Temp\teach\images\img\pie_r3_c2.gif.LCK --> uts.cc.utexas.edu /usr/pub/www/research/tarl/abouttarl/tbh/teach/images/img pie_r3_c2.gif.LCK
2001.09.01 22:34 B D:\TBH Temp\teach\images\img\pie_r3_c3.gif --> uts.cc.utexas.edu /usr/pub/www/research/tarl/abouttarl/tbh/teach/images/img pie_r3_c3.gif
2001.09.01 22:34 B D:\TBH Temp\teach\images\img\pie_r3_c3.gif.LCK --> uts.cc.utexas.edu /usr/pub/www/research/tarl/abouttarl/tbh/teach/images/img pie_r3_c3.gif.LCK
2001.09.01 22:34 B D:\TBH Temp\teach\images\img\pie_r3_c4.gif --> uts.cc.utexas.edu /usr/pub/www/research/tarl/abouttarl/tbh/teach/images/img pie_r3_c4.gif
2001.09.01 22:34 B D:\TBH Temp\teach\images\img\pie_r3_c4.gif.LCK --> uts.cc.utexas.edu /usr/pub/www/research/tarl/abouttarl/tbh/teach/images/img pie_r3_c4.gif.LCK
2001.09.01 22:34 B D:\TBH Temp\teach\images\img\pie_r3_c5.gif --> uts.cc.utexas.edu /usr/pub/www/research/tarl/abouttarl/tbh/teach/images/img pie_r3_c5.gif
2001.09.01 22:34 B D:\TBH Temp\teach\images\img\pie_r3_c5.gif.LCK --> uts.cc.utexas.edu /usr/pub/www/research/tarl/abouttarl/tbh/teach/images/img pie_r3_c5.gif.LCK
2001.09.01 22:34 B D:\TBH Temp\teach\images\img\pie_r4_c2.gif --> uts.cc.utexas.edu /usr/pub/www/research/tarl/abouttarl/tbh/teach/images/img pie_r4_c2.gif
2001.09.01 22:34 B D:\TBH Temp\teach\images\img\pie_r4_c2.gif.LCK --> uts.cc.utexas.edu /usr/pub/www/research/tarl/abouttarl/tbh/teach/images/img pie_r4_c2.gif.LCK
2001.09.01 22:34 B D:\TBH Temp\teach\images\img\pie_r4_c3.gif --> uts.cc.utexas.edu /usr/pub/www/research/tarl/abouttarl/tbh/teach/images/img pie_r4_c3.gif
2001.09.01 22:34 B D:\TBH Temp\teach\images\img\pie_r4_c3.gif.LCK --> uts.cc.utexas.edu /usr/pub/www/research/tarl/abouttarl/tbh/teach/images/img pie_r4_c3.gif.LCK
2001.09.01 22:34 B D:\TBH Temp\teach\images\img\pie_r4_c4.gif --> uts.cc.utexas.edu /usr/pub/www/research/tarl/abouttarl/tbh/teach/images/img pie_r4_c4.gif
2001.09.01 22:34 B D:\TBH Temp\teach\images\img\pie_r4_c4.gif.LCK --> uts.cc.utexas.edu /usr/pub/www/research/tarl/abouttarl/tbh/teach/images/img pie_r4_c4.gif.LCK
2001.09.01 22:34 B D:\TBH Temp\teach\images\img\spacer.gif --> uts.cc.utexas.edu /usr/pub/www/research/tarl/abouttarl/tbh/teach/images/img spacer.gif
2001.09.01 22:34 B D:\TBH Temp\teach\images\img\spacer.gif.LCK --> uts.cc.utexas.edu /usr/pub/www/research/tarl/abouttarl/tbh/teach/images/img spacer.gif.LCK
2001.09.01 22:34 B D:\TBH Temp\teach\images\img\Untitled-2_r2_c2.gif --> uts.cc.utexas.edu /usr/pub/www/research/tarl/abouttarl/tbh/teach/images/img Untitled-2_r2_c2.gif
2001.09.01 22:34 B D:\TBH Temp\teach\images\img\Untitled-2_r2_c2.gif.LCK --> uts.cc.utexas.edu /usr/pub/www/research/tarl/abouttarl/tbh/teach/images/img Untitled-2_r2_c2.gif.LCK
2001.09.04 15:38 B M:\Website Stuff\teach\images\img\WS_FTP.LOG <-- TARLweb /usr/pub/www/research/tarl/abouttarl/tbh/teach/images/img WS_FTP.LOG
2001.09.04 16:53 B C:\WINDOWS\Desktop\TBH\TBH on TEXsite\teach\images\img\WS_FTP.LOG <-- TARL /Website Stuff/teach/images/img WS_FTP.LOG
2001.10.02 02:58 B C:\WINDOWS\Desktop\TBH\Recent\teach\images\img\pie_r1_c1.gif --> uts.cc.utexas.edu /export/httpd/vhosts/texasbeyondhistory/data/teach/images/img pie_r1_c1.gif
2001.10.02 02:58 B C:\WINDOWS\Desktop\TBH\Recent\teach\images\img\pie_r1_c1.gif.LCK.LCK --> uts.cc.utexas.edu /export/httpd/vhosts/texasbeyondhistory/data/teach/images/img pie_r1_c1.gif.LCK.LCK
2001.10.02 02:58 B C:\WINDOWS\Desktop\TBH\Recent\teach\images\img\pie_r1_c2.gif --> uts.cc.utexas.edu /export/httpd/vhosts/texasbeyondhistory/data/teach/images/img pie_r1_c2.gif
2001.10.02 02:58 B C:\WINDOWS\Desktop\TBH\Recent\teach\images\img\pie_r1_c2.gif.LCK.LCK --> uts.cc.utexas.edu /export/httpd/vhosts/texasbeyondhistory/data/teach/images/img pie_r1_c2.gif.LCK.LCK
2001.10.02 02:58 B C:\WINDOWS\Desktop\TBH\Recent\teach\images\img\pie_r1_c3.gif --> uts.cc.utexas.edu /export/httpd/vhosts/texasbeyondhistory/data/teach/images/img pie_r1_c3.gif
2001.10.02 02:58 B C:\WINDOWS\Desktop\TBH\Recent\teach\images\img\pie_r1_c3.gif.LCK.LCK --> uts.cc.utexas.edu /export/httpd/vhosts/texasbeyondhistory/data/teach/images/img pie_r1_c3.gif.LCK.LCK
2001.10.02 02:58 B C:\WINDOWS\Desktop\TBH\Recent\teach\images\img\pie_r1_c4.gif --> uts.cc.utexas.edu /export/httpd/vhosts/texasbeyondhistory/data/teach/images/img pie_r1_c4.gif
2001.10.02 02:59 B C:\WINDOWS\Desktop\TBH\Recent\teach\images\img\pie_r1_c5.gif --> uts.cc.utexas.edu /export/httpd/vhosts/texasbeyondhistory/data/teach/images/img pie_r1_c5.gif
2001.10.02 02:59 B C:\WINDOWS\Desktop\TBH\Recent\teach\images\img\pie_r1_c5.gif.LCK.LCK --> uts.cc.utexas.edu /export/httpd/vhosts/texasbeyondhistory/data/teach/images/img pie_r1_c5.gif.LCK.LCK
2001.10.02 02:59 B C:\WINDOWS\Desktop\TBH\Recent\teach\images\img\pie_r1_c6.gif --> uts.cc.utexas.edu /export/httpd/vhosts/texasbeyondhistory/data/teach/images/img pie_r1_c6.gif
2001.10.02 02:59 B C:\WINDOWS\Desktop\TBH\Recent\teach\images\img\pie_r1_c6.gif.LCK.LCK --> uts.cc.utexas.edu /export/httpd/vhosts/texasbeyondhistory/data/teach/images/img pie_r1_c6.gif.LCK.LCK
2001.10.02 02:59 B C:\WINDOWS\Desktop\TBH\Recent\teach\images\img\pie_r2_c1.gif --> uts.cc.utexas.edu /export/httpd/vhosts/texasbeyondhistory/data/teach/images/img pie_r2_c1.gif
2001.10.02 02:59 B C:\WINDOWS\Desktop\TBH\Recent\teach\images\img\pie_r2_c1.gif.LCK.LCK --> uts.cc.utexas.edu /export/httpd/vhosts/texasbeyondhistory/data/teach/images/img pie_r2_c1.gif.LCK.LCK
2001.10.02 02:59 B C:\WINDOWS\Desktop\TBH\Recent\teach\images\img\pie_r2_c2.gif --> uts.cc.utexas.edu /export/httpd/vhosts/texasbeyondhistory/data/teach/images/img pie_r2_c2.gif
2001.10.02 02:59 B C:\WINDOWS\Desktop\TBH\Recent\teach\images\img\pie_r2_c2.gif.LCK.LCK --> uts.cc.utexas.edu /export/httpd/vhosts/texasbeyondhistory/data/teach/images/img pie_r2_c2.gif.LCK.LCK
2001.10.02 02:59 B C:\WINDOWS\Desktop\TBH\Recent\teach\images\img\pie_r2_c5.gif --> uts.cc.utexas.edu /export/httpd/vhosts/texasbeyondhistory/data/teach/images/img pie_r2_c5.gif
2001.10.02 02:59 B C:\WINDOWS\Desktop\TBH\Recent\teach\images\img\pie_r2_c5.gif.LCK.LCK --> uts.cc.utexas.edu /export/httpd/vhosts/texasbeyondhistory/data/teach/images/img pie_r2_c5.gif.LCK.LCK
2001.10.02 02:59 B C:\WINDOWS\Desktop\TBH\Recent\teach\images\img\pie_r3_c2.gif --> uts.cc.utexas.edu /export/httpd/vhosts/texasbeyondhistory/data/teach/images/img pie_r3_c2.gif
2001.10.02 02:59 B C:\WINDOWS\Desktop\TBH\Recent\teach\images\img\pie_r3_c2.gif.LCK.LCK --> uts.cc.utexas.edu /export/httpd/vhosts/texasbeyondhistory/data/teach/images/img pie_r3_c2.gif.LCK.LCK
2001.10.02 02:59 B C:\WINDOWS\Desktop\TBH\Recent\teach\images\img\pie_r3_c3.gif --> uts.cc.utexas.edu /export/httpd/vhosts/texasbeyondhistory/data/teach/images/img pie_r3_c3.gif
2001.10.02 02:59 B C:\WINDOWS\Desktop\TBH\Recent\teach\images\img\pie_r3_c3.gif.LCK.LCK --> uts.cc.utexas.edu /export/httpd/vhosts/texasbeyondhistory/data/teach/images/img pie_r3_c3.gif.LCK.LCK
2001.10.02 02:59 B C:\WINDOWS\Desktop\TBH\Recent\teach\images\img\pie_r3_c4.gif --> uts.cc.utexas.edu /export/httpd/vhosts/texasbeyondhistory/data/teach/images/img pie_r3_c4.gif
2001.10.02 02:59 B C:\WINDOWS\Desktop\TBH\Recent\teach\images\img\pie_r3_c4.gif.LCK.LCK --> uts.cc.utexas.edu /export/httpd/vhosts/texasbeyondhistory/data/teach/images/img pie_r3_c4.gif.LCK.LCK
2001.10.02 02:59 B C:\WINDOWS\Desktop\TBH\Recent\teach\images\img\pie_r3_c5.gif --> uts.cc.utexas.edu /export/httpd/vhosts/texasbeyondhistory/data/teach/images/img pie_r3_c5.gif
2001.10.02 02:59 B C:\WINDOWS\Desktop\TBH\Recent\teach\images\img\pie_r3_c5.gif.LCK.LCK --> uts.cc.utexas.edu /export/httpd/vhosts/texasbeyondhistory/data/teach/images/img pie_r3_c5.gif.LCK.LCK
2001.10.02 02:59 B C:\WINDOWS\Desktop\TBH\Recent\teach\images\img\pie_r4_c1.gif --> uts.cc.utexas.edu /export/httpd/vhosts/texasbeyondhistory/data/teach/images/img pie_r4_c1.gif
2001.10.02 02:59 B C:\WINDOWS\Desktop\TBH\Recent\teach\images\img\pie_r4_c2.gif --> uts.cc.utexas.edu /export/httpd/vhosts/texasbeyondhistory/data/teach/images/img pie_r4_c2.gif
2001.10.02 02:59 B C:\WINDOWS\Desktop\TBH\Recent\teach\images\img\pie_r4_c2.gif.LCK.LCK --> uts.cc.utexas.edu /export/httpd/vhosts/texasbeyondhistory/data/teach/images/img pie_r4_c2.gif.LCK.LCK
2001.10.02 02:59 B C:\WINDOWS\Desktop\TBH\Recent\teach\images\img\pie_r4_c3.gif --> uts.cc.utexas.edu /export/httpd/vhosts/texasbeyondhistory/data/teach/images/img pie_r4_c3.gif
2001.10.02 02:59 B C:\WINDOWS\Desktop\TBH\Recent\teach\images\img\pie_r4_c3.gif.LCK.LCK --> uts.cc.utexas.edu /export/httpd/vhosts/texasbeyondhistory/data/teach/images/img pie_r4_c3.gif.LCK.LCK
2001.10.02 02:59 B C:\WINDOWS\Desktop\TBH\Recent\teach\images\img\pie_r4_c4.gif --> uts.cc.utexas.edu /export/httpd/vhosts/texasbeyondhistory/data/teach/images/img pie_r4_c4.gif
2001.10.02 02:59 B C:\WINDOWS\Desktop\TBH\Recent\teach\images\img\pie_r4_c4.gif.LCK.LCK --> uts.cc.utexas.edu /export/httpd/vhosts/texasbeyondhistory/data/teach/images/img pie_r4_c4.gif.LCK.LCK
2001.10.02 02:59 B C:\WINDOWS\Desktop\TBH\Recent\teach\images\img\spacer.gif --> uts.cc.utexas.edu /export/httpd/vhosts/texasbeyondhistory/data/teach/images/img spacer.gif
2001.10.02 02:59 B C:\WINDOWS\Desktop\TBH\Recent\teach\images\img\spacer.gif.LCK.LCK --> uts.cc.utexas.edu /export/httpd/vhosts/texasbeyondhistory/data/teach/images/img spacer.gif.LCK.LCK
2001.10.02 02:59 B C:\WINDOWS\Desktop\TBH\Recent\teach\images\img\Untitled-2_r2_c2.gif --> uts.cc.utexas.edu /export/httpd/vhosts/texasbeyondhistory/data/teach/images/img Untitled-2_r2_c2.gif
2001.10.02 02:59 B C:\WINDOWS\Desktop\TBH\Recent\teach\images\img\Untitled-2_r2_c2.gif.LCK.LCK --> uts.cc.utexas.edu /export/httpd/vhosts/texasbeyondhistory/data/teach/images/img Untitled-2_r2_c2.gif.LCK.LCK
