2001.09.26 08:22 B M:\Website Stuff\TBH Website Temp\pecos\archeology.html --> uts.cc.utexas.edu /usr/pub/www/research/tarl/abouttarl/tbh/pecos archeology.html
2001.09.26 08:22 B M:\Website Stuff\TBH Website Temp\pecos\archeology.html.LCK --> uts.cc.utexas.edu /usr/pub/www/research/tarl/abouttarl/tbh/pecos archeology.html.LCK
2001.09.26 08:22 B M:\Website Stuff\TBH Website Temp\pecos\art.html --> uts.cc.utexas.edu /usr/pub/www/research/tarl/abouttarl/tbh/pecos art.html
2001.09.26 08:22 B M:\Website Stuff\TBH Website Temp\pecos\credits.html --> uts.cc.utexas.edu /usr/pub/www/research/tarl/abouttarl/tbh/pecos credits.html
2001.09.26 08:22 B M:\Website Stuff\TBH Website Temp\pecos\credits.html.LCK --> uts.cc.utexas.edu /usr/pub/www/research/tarl/abouttarl/tbh/pecos credits.html.LCK
2001.09.26 08:22 B M:\Website Stuff\TBH Website Temp\pecos\economy.html --> uts.cc.utexas.edu /usr/pub/www/research/tarl/abouttarl/tbh/pecos economy.html
2001.09.26 08:22 B M:\Website Stuff\TBH Website Temp\pecos\economy.html.LCK --> uts.cc.utexas.edu /usr/pub/www/research/tarl/abouttarl/tbh/pecos economy.html.LCK
2001.09.26 08:22 B M:\Website Stuff\TBH Website Temp\pecos\everyday.html --> uts.cc.utexas.edu /usr/pub/www/research/tarl/abouttarl/tbh/pecos everyday.html
2001.09.26 08:22 B M:\Website Stuff\TBH Website Temp\pecos\everyday.html.LCK --> uts.cc.utexas.edu /usr/pub/www/research/tarl/abouttarl/tbh/pecos everyday.html.LCK
2001.09.26 08:22 B M:\Website Stuff\TBH Website Temp\pecos\index.html --> uts.cc.utexas.edu /usr/pub/www/research/tarl/abouttarl/tbh/pecos index.html
2001.09.26 08:22 B M:\Website Stuff\TBH Website Temp\pecos\index.html.LCK --> uts.cc.utexas.edu /usr/pub/www/research/tarl/abouttarl/tbh/pecos index.html.LCK
2001.09.26 08:22 B M:\Website Stuff\TBH Website Temp\pecos\natural.html --> uts.cc.utexas.edu /usr/pub/www/research/tarl/abouttarl/tbh/pecos natural.html
2001.09.26 08:22 B M:\Website Stuff\TBH Website Temp\pecos\natural.html.LCK --> uts.cc.utexas.edu /usr/pub/www/research/tarl/abouttarl/tbh/pecos natural.html.LCK
2001.09.26 08:22 B M:\Website Stuff\TBH Website Temp\pecos\rockshelters.html --> uts.cc.utexas.edu /usr/pub/www/research/tarl/abouttarl/tbh/pecos rockshelters.html
2001.09.26 08:22 B M:\Website Stuff\TBH Website Temp\pecos\rockshelters.html.LCK --> uts.cc.utexas.edu /usr/pub/www/research/tarl/abouttarl/tbh/pecos rockshelters.html.LCK
2001.09.28 21:21 B D:\TBH Temp\tbh\pecos\WS_FTP.LOG <-- Texas Beyond History /Website Stuff/TBH Website Temp/pecos WS_FTP.LOG
2001.10.01 00:00 B D:\TBH Temp\tbh\pecos\archeology.html --> tarlserver.tarl.utexas.edu /Website Stuff/TBH Website Temp/pecos archeology.html
2001.10.01 00:00 B D:\TBH Temp\tbh\pecos\art.html --> tarlserver.tarl.utexas.edu /Website Stuff/TBH Website Temp/pecos art.html
2001.10.01 00:00 B D:\TBH Temp\tbh\pecos\credits.html --> tarlserver.tarl.utexas.edu /Website Stuff/TBH Website Temp/pecos credits.html
2001.10.01 00:00 B D:\TBH Temp\tbh\pecos\economy.html --> tarlserver.tarl.utexas.edu /Website Stuff/TBH Website Temp/pecos economy.html
2001.10.01 00:00 B D:\TBH Temp\tbh\pecos\everyday.html --> tarlserver.tarl.utexas.edu /Website Stuff/TBH Website Temp/pecos everyday.html
2001.10.01 00:00 B D:\TBH Temp\tbh\pecos\index.html --> tarlserver.tarl.utexas.edu /Website Stuff/TBH Website Temp/pecos index.html
2001.10.01 00:00 B D:\TBH Temp\tbh\pecos\natural.html --> tarlserver.tarl.utexas.edu /Website Stuff/TBH Website Temp/pecos natural.html
2001.10.01 00:00 B D:\TBH Temp\tbh\pecos\rockshelters.html --> tarlserver.tarl.utexas.edu /Website Stuff/TBH Website Temp/pecos rockshelters.html
2001.10.01 00:00 B D:\TBH Temp\tbh\pecos\TMPshsz5kiexe.htm --> tarlserver.tarl.utexas.edu /Website Stuff/TBH Website Temp/pecos TMPshsz5kiexe.htm
2001.10.02 01:42 B C:\WINDOWS\Desktop\TBH\Recent\pecos\archeology.html --> uts.cc.utexas.edu /export/httpd/vhosts/texasbeyondhistory/data/pecos archeology.html
2001.10.02 01:42 B C:\WINDOWS\Desktop\TBH\Recent\pecos\art.html --> uts.cc.utexas.edu /export/httpd/vhosts/texasbeyondhistory/data/pecos art.html
2001.10.02 01:42 B C:\WINDOWS\Desktop\TBH\Recent\pecos\credits.html --> uts.cc.utexas.edu /export/httpd/vhosts/texasbeyondhistory/data/pecos credits.html
2001.10.02 01:42 B C:\WINDOWS\Desktop\TBH\Recent\pecos\economy.html --> uts.cc.utexas.edu /export/httpd/vhosts/texasbeyondhistory/data/pecos economy.html
2001.10.02 01:42 B C:\WINDOWS\Desktop\TBH\Recent\pecos\everyday.html --> uts.cc.utexas.edu /export/httpd/vhosts/texasbeyondhistory/data/pecos everyday.html
2001.10.02 01:42 B C:\WINDOWS\Desktop\TBH\Recent\pecos\index.html --> uts.cc.utexas.edu /export/httpd/vhosts/texasbeyondhistory/data/pecos index.html
2001.10.02 01:42 B C:\WINDOWS\Desktop\TBH\Recent\pecos\index.html.LCK --> uts.cc.utexas.edu /export/httpd/vhosts/texasbeyondhistory/data/pecos index.html.LCK
2001.10.02 01:42 B C:\WINDOWS\Desktop\TBH\Recent\pecos\index2.html --> uts.cc.utexas.edu /export/httpd/vhosts/texasbeyondhistory/data/pecos index2.html
2001.10.02 01:42 B C:\WINDOWS\Desktop\TBH\Recent\pecos\index2.html.LCK --> uts.cc.utexas.edu /export/httpd/vhosts/texasbeyondhistory/data/pecos index2.html.LCK
2001.10.02 01:42 B C:\WINDOWS\Desktop\TBH\Recent\pecos\natural.html --> uts.cc.utexas.edu /export/httpd/vhosts/texasbeyondhistory/data/pecos natural.html
2001.10.02 01:42 B C:\WINDOWS\Desktop\TBH\Recent\pecos\rockshelters.html --> uts.cc.utexas.edu /export/httpd/vhosts/texasbeyondhistory/data/pecos rockshelters.html
2001.10.11 15:10 B M:\Website Stuff\TBH Website Temp\pecos\WS_FTP.LOG <-- texasbeyondhistory /export/httpd/vhosts/texasbeyondhistory/data/pecos WS_FTP.LOG
2001.10.17 10:22 B M:\Website Stuff\TBH Website Temp\pecos\credits.html --> uts.cc.utexas.edu /export/httpd/vhosts/texasbeyondhistory/data/pecos credits.html
2001.10.17 10:22 B M:\Website Stuff\TBH Website Temp\pecos\archeology.html --> uts.cc.utexas.edu /export/httpd/vhosts/texasbeyondhistory/data/pecos archeology.html
2001.10.17 10:22 B M:\Website Stuff\TBH Website Temp\pecos\everyday.html --> uts.cc.utexas.edu /export/httpd/vhosts/texasbeyondhistory/data/pecos everyday.html
2001.10.17 10:22 B M:\Website Stuff\TBH Website Temp\pecos\economy.html --> uts.cc.utexas.edu /export/httpd/vhosts/texasbeyondhistory/data/pecos economy.html
2001.10.17 10:22 B M:\Website Stuff\TBH Website Temp\pecos\art.html --> uts.cc.utexas.edu /export/httpd/vhosts/texasbeyondhistory/data/pecos art.html
2001.10.17 10:22 B M:\Website Stuff\TBH Website Temp\pecos\rockshelters.html --> uts.cc.utexas.edu /export/httpd/vhosts/texasbeyondhistory/data/pecos rockshelters.html
2001.10.17 10:22 B M:\Website Stuff\TBH Website Temp\pecos\natural.html --> uts.cc.utexas.edu /export/httpd/vhosts/texasbeyondhistory/data/pecos natural.html
2001.10.17 10:22 B M:\Website Stuff\TBH Website Temp\pecos\index2.html --> uts.cc.utexas.edu /export/httpd/vhosts/texasbeyondhistory/data/pecos index2.html
2001.10.17 11:00 B M:\Website Stuff\TBH Website Temp\pecos\archeology.html --> uts.cc.utexas.edu /export/httpd/vhosts/texasbeyondhistory/data/pecos archeology.html
2001.10.18 19:35 B M:\Website Stuff\TBH Website Temp\pecos\archeology.html --> uts.cc.utexas.edu /export/httpd/vhosts/texasbeyondhistory/data/pecos archeology.html
2001.10.18 19:35 B M:\Website Stuff\TBH Website Temp\pecos\art.html --> uts.cc.utexas.edu /export/httpd/vhosts/texasbeyondhistory/data/pecos art.html
2001.10.18 19:35 B M:\Website Stuff\TBH Website Temp\pecos\credits.html --> uts.cc.utexas.edu /export/httpd/vhosts/texasbeyondhistory/data/pecos credits.html
2001.10.18 19:35 B M:\Website Stuff\TBH Website Temp\pecos\economy.html --> uts.cc.utexas.edu /export/httpd/vhosts/texasbeyondhistory/data/pecos economy.html
2001.10.18 19:35 B M:\Website Stuff\TBH Website Temp\pecos\everyday.html --> uts.cc.utexas.edu /export/httpd/vhosts/texasbeyondhistory/data/pecos everyday.html
2001.10.18 19:35 B M:\Website Stuff\TBH Website Temp\pecos\index.html --> uts.cc.utexas.edu /export/httpd/vhosts/texasbeyondhistory/data/pecos index.html
2001.10.18 19:35 B M:\Website Stuff\TBH Website Temp\pecos\index2.html --> uts.cc.utexas.edu /export/httpd/vhosts/texasbeyondhistory/data/pecos index2.html
2001.10.18 19:35 B M:\Website Stuff\TBH Website Temp\pecos\natural.html --> uts.cc.utexas.edu /export/httpd/vhosts/texasbeyondhistory/data/pecos natural.html
2001.10.18 19:35 B M:\Website Stuff\TBH Website Temp\pecos\rockshelters.html --> uts.cc.utexas.edu /export/httpd/vhosts/texasbeyondhistory/data/pecos rockshelters.html
2001.10.18 19:45 B M:\Website Stuff\TBH Website Temp\pecos\archeology.html --> uts.cc.utexas.edu /export/httpd/vhosts/texasbeyondhistory/data/pecos archeology.html
2001.11.06 14:42 B G:\Website Stuff\TBH Website Temp\pecos\rockshelters.html --> uts.cc.utexas.edu /export/httpd/vhosts/texasbeyondhistory/data/pecos rockshelters.html
2001.11.06 14:48 B G:\Website Stuff\TBH Website Temp\pecos\index.html --> uts.cc.utexas.edu /export/httpd/vhosts/texasbeyondhistory/data/pecos index.html
2001.11.06 14:52 B G:\Website Stuff\TBH Website Temp\pecos\economy.html --> uts.cc.utexas.edu /export/httpd/vhosts/texasbeyondhistory/data/pecos economy.html
2001.11.06 14:52 B G:\Website Stuff\TBH Website Temp\pecos\archeology.html --> uts.cc.utexas.edu /export/httpd/vhosts/texasbeyondhistory/data/pecos archeology.html
2001.11.06 14:52 B G:\Website Stuff\TBH Website Temp\pecos\everyday.html --> uts.cc.utexas.edu /export/httpd/vhosts/texasbeyondhistory/data/pecos everyday.html
2001.11.28 16:50 B G:\Website Stuff\TBH Website Temp\pecos\archeology.html --> uts.cc.utexas.edu /export/httpd/vhosts/texasbeyondhistory/data/pecos archeology.html
2001.11.28 16:50 B G:\Website Stuff\TBH Website Temp\pecos\everyday.html --> uts.cc.utexas.edu /export/httpd/vhosts/texasbeyondhistory/data/pecos everyday.html
2002.02.22 11:03 B G:\Website Stuff\TBH Website Temp\pecos\index.html --> uts.cc.utexas.edu /export/httpd/vhosts/texasbeyondhistory/data/pecos index.html
2002.02.22 15:05 B L:\Website Stuff\TBH Website Temp\pecos\credits.html --> uts.cc.utexas.edu /export/httpd/vhosts/texasbeyondhistory/data/pecos credits.html
2002.07.10 14:24 B G:\Website Stuff\TBH Website Temp\pecos\natural.html --> uts.cc.utexas.edu /export/httpd/vhosts/texasbeyondhistory/data/pecos natural.html
2002.07.10 14:24 B G:\Website Stuff\TBH Website Temp\pecos\rockshelters.html --> uts.cc.utexas.edu /export/httpd/vhosts/texasbeyondhistory/data/pecos rockshelters.html
2004.10.22 12:29 B K:\TBH Website Temp\pecos\before.html --> uts.cc.utexas.edu /export/httpd/vhosts/texasbeyondhistory/data/pecos before.html
2004.12.01 11:11 B L:\TBH Website Temp\pecos\before.html --> uts.cc.utexas.edu /export/httpd/vhosts/texasbeyondhistory/data/pecos before.html
2004.12.01 14:39 B L:\TBH Website Temp\pecos\archeology.html --> uts.cc.utexas.edu /export/httpd/vhosts/texasbeyondhistory/data/pecos archeology.html
2004.12.30 11:59 B L:\TBH Website Temp\pecos\before.html --> uts.cc.utexas.edu /export/httpd/vhosts/texasbeyondhistory/data/pecos before.html
2004.12.30 12:00 B L:\TBH Website Temp\pecos\credits.html --> uts.cc.utexas.edu /export/httpd/vhosts/texasbeyondhistory/data/pecos credits.html
2004.12.30 12:00 B L:\TBH Website Temp\pecos\index.html --> uts.cc.utexas.edu /export/httpd/vhosts/texasbeyondhistory/data/pecos index.html
2004.12.30 12:14 B L:\TBH Website Temp\pecos\credits.html --> uts.cc.utexas.edu /export/httpd/vhosts/texasbeyondhistory/data/pecos credits.html
2004.12.30 12:14 B L:\TBH Website Temp\pecos\index.html --> uts.cc.utexas.edu /export/httpd/vhosts/texasbeyondhistory/data/pecos index.html
2004.12.30 12:14 B L:\TBH Website Temp\pecos\before.html --> uts.cc.utexas.edu /export/httpd/vhosts/texasbeyondhistory/data/pecos before.html
2005.01.04 11:49 B L:\TBH Website Temp\pecos\before.html --> uts.cc.utexas.edu /export/httpd/vhosts/texasbeyondhistory/data/pecos before.html
2005.04.04 13:24 B L:\TBH Website Temp\pecos\baker-p1-lg.jpg --> uts.cc.utexas.edu /export/httpd/vhosts/texasbeyondhistory/data/pecos baker-p1-lg.jpg
2005.04.04 13:24 B L:\TBH Website Temp\pecos\archeology.html --> uts.cc.utexas.edu /export/httpd/vhosts/texasbeyondhistory/data/pecos archeology.html
2005.04.04 13:24 B L:\TBH Website Temp\pecos\art.html --> uts.cc.utexas.edu /export/httpd/vhosts/texasbeyondhistory/data/pecos art.html
2005.04.04 13:24 B L:\TBH Website Temp\pecos\before.html --> uts.cc.utexas.edu /export/httpd/vhosts/texasbeyondhistory/data/pecos before.html
2005.04.04 13:24 B L:\TBH Website Temp\pecos\before2.html --> uts.cc.utexas.edu /export/httpd/vhosts/texasbeyondhistory/data/pecos before2.html
2005.04.04 13:24 B L:\TBH Website Temp\pecos\credits.html --> uts.cc.utexas.edu /export/httpd/vhosts/texasbeyondhistory/data/pecos credits.html
2005.04.04 13:24 B L:\TBH Website Temp\pecos\economy.html --> uts.cc.utexas.edu /export/httpd/vhosts/texasbeyondhistory/data/pecos economy.html
2005.04.04 13:24 B L:\TBH Website Temp\pecos\everyday.html --> uts.cc.utexas.edu /export/httpd/vhosts/texasbeyondhistory/data/pecos everyday.html
2005.04.04 13:24 B L:\TBH Website Temp\pecos\index.html --> uts.cc.utexas.edu /export/httpd/vhosts/texasbeyondhistory/data/pecos index.html
2005.04.04 13:24 B L:\TBH Website Temp\pecos\index2.html --> uts.cc.utexas.edu /export/httpd/vhosts/texasbeyondhistory/data/pecos index2.html
2005.04.04 13:25 B L:\TBH Website Temp\pecos\natural.html --> uts.cc.utexas.edu /export/httpd/vhosts/texasbeyondhistory/data/pecos natural.html
2005.04.04 13:25 B L:\TBH Website Temp\pecos\rockshelters.html --> uts.cc.utexas.edu /export/httpd/vhosts/texasbeyondhistory/data/pecos rockshelters.html
2005.04.04 17:53 B L:\TBH Website Temp\pecos\credits.html --> uts.cc.utexas.edu /export/httpd/vhosts/texasbeyondhistory/data/pecos credits.html
2005.04.04 17:53 B L:\TBH Website Temp\pecos\before2.html --> uts.cc.utexas.edu /export/httpd/vhosts/texasbeyondhistory/data/pecos before2.html
2005.04.04 17:53 B L:\TBH Website Temp\pecos\archeology.html --> uts.cc.utexas.edu /export/httpd/vhosts/texasbeyondhistory/data/pecos archeology.html
2005.04.04 17:53 B L:\TBH Website Temp\pecos\everyday.html --> uts.cc.utexas.edu /export/httpd/vhosts/texasbeyondhistory/data/pecos everyday.html
2005.04.04 17:53 B L:\TBH Website Temp\pecos\economy.html --> uts.cc.utexas.edu /export/httpd/vhosts/texasbeyondhistory/data/pecos economy.html
2005.04.04 17:53 B L:\TBH Website Temp\pecos\art.html --> uts.cc.utexas.edu /export/httpd/vhosts/texasbeyondhistory/data/pecos art.html
2005.04.04 17:53 B L:\TBH Website Temp\pecos\rockshelters.html --> uts.cc.utexas.edu /export/httpd/vhosts/texasbeyondhistory/data/pecos rockshelters.html
