2001.09.30 11:26 B D:\TBH Text Backup\San Saba\Images\Last\GH31-lg.jpg --> tarlserver.tarl.utexas.edu /Website Stuff/Transfer to Meg/San Saba/Last GH31-lg.jpg
2001.09.30 11:26 B D:\TBH Text Backup\San Saba\Images\Last\GH31-sm.jpg --> tarlserver.tarl.utexas.edu /Website Stuff/Transfer to Meg/San Saba/Last GH31-sm.jpg
2001.09.30 11:26 B D:\TBH Text Backup\San Saba\Images\Last\GH32-lg.jpg --> tarlserver.tarl.utexas.edu /Website Stuff/Transfer to Meg/San Saba/Last GH32-lg.jpg
2001.09.30 11:26 B D:\TBH Text Backup\San Saba\Images\Last\GH32-sm.jpg --> tarlserver.tarl.utexas.edu /Website Stuff/Transfer to Meg/San Saba/Last GH32-sm.jpg
2001.09.30 11:26 B D:\TBH Text Backup\San Saba\Images\Last\priest2.jpg --> tarlserver.tarl.utexas.edu /Website Stuff/Transfer to Meg/San Saba/Last priest2.jpg
2001.09.30 11:27 B D:\TBH Text Backup\San Saba\Images\Last\R12-lg.jpg --> tarlserver.tarl.utexas.edu /Website Stuff/Transfer to Meg/San Saba/Last R12-lg.jpg
2001.09.30 11:27 B D:\TBH Text Backup\San Saba\Images\Last\R12-sm.jpg --> tarlserver.tarl.utexas.edu /Website Stuff/Transfer to Meg/San Saba/Last R12-sm.jpg
2001.09.30 11:27 B D:\TBH Text Backup\San Saba\Images\Last\R18-lg.jpg --> tarlserver.tarl.utexas.edu /Website Stuff/Transfer to Meg/San Saba/Last R18-lg.jpg
2001.09.30 12:31 B D:\TBH Text Backup\San Saba\Images\Last\GH29-lg.jpg --> tarlserver.tarl.utexas.edu /Website Stuff/Transfer to Meg/San Saba/Last GH29-lg.jpg
2001.09.30 12:31 B D:\TBH Text Backup\San Saba\Images\Last\GH29-sm.jpg --> tarlserver.tarl.utexas.edu /Website Stuff/Transfer to Meg/San Saba/Last GH29-sm.jpg
2001.09.30 12:31 B D:\TBH Text Backup\San Saba\Images\Last\GH41-lg.jpg --> tarlserver.tarl.utexas.edu /Website Stuff/Transfer to Meg/San Saba/Last GH41-lg.jpg
2001.09.30 12:47 B C:\WINDOWS\Desktop\TBH\Recent\sansaba\images\WS_FTP.LOG <-- TARL /Website Stuff/Transfer to Meg/San Saba/Last WS_FTP.LOG
2001.10.02 02:23 B C:\WINDOWS\Desktop\TBH\Recent\sansaba\images\discovers-lg.jpg --> uts.cc.utexas.edu /export/httpd/vhosts/texasbeyondhistory/data/sansaba/images discovers-lg.jpg
2001.10.02 02:23 B C:\WINDOWS\Desktop\TBH\Recent\sansaba\images\discovers-sm.jpg --> uts.cc.utexas.edu /export/httpd/vhosts/texasbeyondhistory/data/sansaba/images discovers-sm.jpg
2001.10.02 02:23 B C:\WINDOWS\Desktop\TBH\Recent\sansaba\images\discovers.html --> uts.cc.utexas.edu /export/httpd/vhosts/texasbeyondhistory/data/sansaba/images discovers.html
2001.10.02 02:23 B C:\WINDOWS\Desktop\TBH\Recent\sansaba\images\gh12-lg.jpg --> uts.cc.utexas.edu /export/httpd/vhosts/texasbeyondhistory/data/sansaba/images gh12-lg.jpg
2001.10.02 02:23 B C:\WINDOWS\Desktop\TBH\Recent\sansaba\images\gh12-sm.jpg --> uts.cc.utexas.edu /export/httpd/vhosts/texasbeyondhistory/data/sansaba/images gh12-sm.jpg
2001.10.02 02:23 B C:\WINDOWS\Desktop\TBH\Recent\sansaba\images\gh12.html --> uts.cc.utexas.edu /export/httpd/vhosts/texasbeyondhistory/data/sansaba/images gh12.html
2001.10.02 02:23 B C:\WINDOWS\Desktop\TBH\Recent\sansaba\images\gh13-lg.jpg --> uts.cc.utexas.edu /export/httpd/vhosts/texasbeyondhistory/data/sansaba/images gh13-lg.jpg
2001.10.02 02:23 B C:\WINDOWS\Desktop\TBH\Recent\sansaba\images\gh13-sm.jpg --> uts.cc.utexas.edu /export/httpd/vhosts/texasbeyondhistory/data/sansaba/images gh13-sm.jpg
2001.10.02 02:23 B C:\WINDOWS\Desktop\TBH\Recent\sansaba\images\GH13.html --> uts.cc.utexas.edu /export/httpd/vhosts/texasbeyondhistory/data/sansaba/images GH13.html
2001.10.02 02:23 B C:\WINDOWS\Desktop\TBH\Recent\sansaba\images\gh18-lg.jpg --> uts.cc.utexas.edu /export/httpd/vhosts/texasbeyondhistory/data/sansaba/images gh18-lg.jpg
2001.10.02 02:23 B C:\WINDOWS\Desktop\TBH\Recent\sansaba\images\gh18-sm.jpg --> uts.cc.utexas.edu /export/httpd/vhosts/texasbeyondhistory/data/sansaba/images gh18-sm.jpg
2001.10.02 02:23 B C:\WINDOWS\Desktop\TBH\Recent\sansaba\images\GH18.html --> uts.cc.utexas.edu /export/httpd/vhosts/texasbeyondhistory/data/sansaba/images GH18.html
2001.10.02 02:23 B C:\WINDOWS\Desktop\TBH\Recent\sansaba\images\gh19-lg.jpg --> uts.cc.utexas.edu /export/httpd/vhosts/texasbeyondhistory/data/sansaba/images gh19-lg.jpg
2001.10.02 02:23 B C:\WINDOWS\Desktop\TBH\Recent\sansaba\images\gh19-sm.jpg --> uts.cc.utexas.edu /export/httpd/vhosts/texasbeyondhistory/data/sansaba/images gh19-sm.jpg
2001.10.02 02:23 B C:\WINDOWS\Desktop\TBH\Recent\sansaba\images\GH19.html --> uts.cc.utexas.edu /export/httpd/vhosts/texasbeyondhistory/data/sansaba/images GH19.html
2001.10.02 02:24 B C:\WINDOWS\Desktop\TBH\Recent\sansaba\images\GH20-lg.jpg --> uts.cc.utexas.edu /export/httpd/vhosts/texasbeyondhistory/data/sansaba/images GH20-lg.jpg
2001.10.02 02:24 B C:\WINDOWS\Desktop\TBH\Recent\sansaba\images\GH20-sm.jpg --> uts.cc.utexas.edu /export/httpd/vhosts/texasbeyondhistory/data/sansaba/images GH20-sm.jpg
2001.10.02 02:24 B C:\WINDOWS\Desktop\TBH\Recent\sansaba\images\gh20.html --> uts.cc.utexas.edu /export/httpd/vhosts/texasbeyondhistory/data/sansaba/images gh20.html
2001.10.02 02:24 B C:\WINDOWS\Desktop\TBH\Recent\sansaba\images\gh22-lg.jpg --> uts.cc.utexas.edu /export/httpd/vhosts/texasbeyondhistory/data/sansaba/images gh22-lg.jpg
2001.10.02 02:24 B C:\WINDOWS\Desktop\TBH\Recent\sansaba\images\gh22-sm.jpg --> uts.cc.utexas.edu /export/httpd/vhosts/texasbeyondhistory/data/sansaba/images gh22-sm.jpg
2001.10.02 02:24 B C:\WINDOWS\Desktop\TBH\Recent\sansaba\images\GH22.html --> uts.cc.utexas.edu /export/httpd/vhosts/texasbeyondhistory/data/sansaba/images GH22.html
2001.10.02 02:24 B C:\WINDOWS\Desktop\TBH\Recent\sansaba\images\gh23-lg.jpg --> uts.cc.utexas.edu /export/httpd/vhosts/texasbeyondhistory/data/sansaba/images gh23-lg.jpg
2001.10.02 02:24 B C:\WINDOWS\Desktop\TBH\Recent\sansaba\images\gh23-sm.jpg --> uts.cc.utexas.edu /export/httpd/vhosts/texasbeyondhistory/data/sansaba/images gh23-sm.jpg
2001.10.02 02:24 B C:\WINDOWS\Desktop\TBH\Recent\sansaba\images\GH23.html --> uts.cc.utexas.edu /export/httpd/vhosts/texasbeyondhistory/data/sansaba/images GH23.html
2001.10.02 02:24 B C:\WINDOWS\Desktop\TBH\Recent\sansaba\images\GH23.jpg --> uts.cc.utexas.edu /export/httpd/vhosts/texasbeyondhistory/data/sansaba/images GH23.jpg
2001.10.02 02:24 B C:\WINDOWS\Desktop\TBH\Recent\sansaba\images\gh25-lg.jpg --> uts.cc.utexas.edu /export/httpd/vhosts/texasbeyondhistory/data/sansaba/images gh25-lg.jpg
2001.10.02 02:24 B C:\WINDOWS\Desktop\TBH\Recent\sansaba\images\gh25-sm.jpg --> uts.cc.utexas.edu /export/httpd/vhosts/texasbeyondhistory/data/sansaba/images gh25-sm.jpg
2001.10.02 02:24 B C:\WINDOWS\Desktop\TBH\Recent\sansaba\images\GH25.html --> uts.cc.utexas.edu /export/httpd/vhosts/texasbeyondhistory/data/sansaba/images GH25.html
2001.10.02 02:25 B C:\WINDOWS\Desktop\TBH\Recent\sansaba\images\GH27-lg.jpg --> uts.cc.utexas.edu /export/httpd/vhosts/texasbeyondhistory/data/sansaba/images GH27-lg.jpg
2001.10.02 02:25 B C:\WINDOWS\Desktop\TBH\Recent\sansaba\images\GH27-sm.jpg --> uts.cc.utexas.edu /export/httpd/vhosts/texasbeyondhistory/data/sansaba/images GH27-sm.jpg
2001.10.02 02:25 B C:\WINDOWS\Desktop\TBH\Recent\sansaba\images\GH29-lg.jpg --> uts.cc.utexas.edu /export/httpd/vhosts/texasbeyondhistory/data/sansaba/images GH29-lg.jpg
2001.10.02 02:25 B C:\WINDOWS\Desktop\TBH\Recent\sansaba\images\GH29-sm.jpg --> uts.cc.utexas.edu /export/httpd/vhosts/texasbeyondhistory/data/sansaba/images GH29-sm.jpg
2001.10.02 02:25 B C:\WINDOWS\Desktop\TBH\Recent\sansaba\images\GH3-lg.jpg --> uts.cc.utexas.edu /export/httpd/vhosts/texasbeyondhistory/data/sansaba/images GH3-lg.jpg
2001.10.02 02:25 B C:\WINDOWS\Desktop\TBH\Recent\sansaba\images\GH3-sm.jpg --> uts.cc.utexas.edu /export/httpd/vhosts/texasbeyondhistory/data/sansaba/images GH3-sm.jpg
2001.10.02 02:25 B C:\WINDOWS\Desktop\TBH\Recent\sansaba\images\GH3.html --> uts.cc.utexas.edu /export/httpd/vhosts/texasbeyondhistory/data/sansaba/images GH3.html
2001.10.02 02:25 B C:\WINDOWS\Desktop\TBH\Recent\sansaba\images\gh31-lg.jpg --> uts.cc.utexas.edu /export/httpd/vhosts/texasbeyondhistory/data/sansaba/images gh31-lg.jpg
2001.10.02 02:25 B C:\WINDOWS\Desktop\TBH\Recent\sansaba\images\gh31-sm.jpg --> uts.cc.utexas.edu /export/httpd/vhosts/texasbeyondhistory/data/sansaba/images gh31-sm.jpg
2001.10.02 02:25 B C:\WINDOWS\Desktop\TBH\Recent\sansaba\images\GH31.html --> uts.cc.utexas.edu /export/httpd/vhosts/texasbeyondhistory/data/sansaba/images GH31.html
2001.10.02 02:25 B C:\WINDOWS\Desktop\TBH\Recent\sansaba\images\gh32-lg.jpg --> uts.cc.utexas.edu /export/httpd/vhosts/texasbeyondhistory/data/sansaba/images gh32-lg.jpg
2001.10.02 02:25 B C:\WINDOWS\Desktop\TBH\Recent\sansaba\images\gh32-sm.jpg --> uts.cc.utexas.edu /export/httpd/vhosts/texasbeyondhistory/data/sansaba/images gh32-sm.jpg
2001.10.02 02:25 B C:\WINDOWS\Desktop\TBH\Recent\sansaba\images\GH32.html --> uts.cc.utexas.edu /export/httpd/vhosts/texasbeyondhistory/data/sansaba/images GH32.html
2001.10.02 02:26 B C:\WINDOWS\Desktop\TBH\Recent\sansaba\images\GH34-lg.jpg --> uts.cc.utexas.edu /export/httpd/vhosts/texasbeyondhistory/data/sansaba/images GH34-lg.jpg
2001.10.02 02:26 B C:\WINDOWS\Desktop\TBH\Recent\sansaba\images\GH34-sm.jpg --> uts.cc.utexas.edu /export/httpd/vhosts/texasbeyondhistory/data/sansaba/images GH34-sm.jpg
2001.10.02 02:26 B C:\WINDOWS\Desktop\TBH\Recent\sansaba\images\GH34.html --> uts.cc.utexas.edu /export/httpd/vhosts/texasbeyondhistory/data/sansaba/images GH34.html
2001.10.02 02:26 B C:\WINDOWS\Desktop\TBH\Recent\sansaba\images\gh35-lg.jpg --> uts.cc.utexas.edu /export/httpd/vhosts/texasbeyondhistory/data/sansaba/images gh35-lg.jpg
2001.10.02 02:26 B C:\WINDOWS\Desktop\TBH\Recent\sansaba\images\gh38-lg.jpg --> uts.cc.utexas.edu /export/httpd/vhosts/texasbeyondhistory/data/sansaba/images gh38-lg.jpg
2001.10.02 02:26 B C:\WINDOWS\Desktop\TBH\Recent\sansaba\images\gh38-sm.jpg --> uts.cc.utexas.edu /export/httpd/vhosts/texasbeyondhistory/data/sansaba/images gh38-sm.jpg
2001.10.02 02:26 B C:\WINDOWS\Desktop\TBH\Recent\sansaba\images\GH38.html --> uts.cc.utexas.edu /export/httpd/vhosts/texasbeyondhistory/data/sansaba/images GH38.html
2001.10.02 02:26 B C:\WINDOWS\Desktop\TBH\Recent\sansaba\images\gh39-lg.jpg --> uts.cc.utexas.edu /export/httpd/vhosts/texasbeyondhistory/data/sansaba/images gh39-lg.jpg
2001.10.02 02:26 B C:\WINDOWS\Desktop\TBH\Recent\sansaba\images\gh39-sm.jpg --> uts.cc.utexas.edu /export/httpd/vhosts/texasbeyondhistory/data/sansaba/images gh39-sm.jpg
2001.10.02 02:26 B C:\WINDOWS\Desktop\TBH\Recent\sansaba\images\gh39.html --> uts.cc.utexas.edu /export/httpd/vhosts/texasbeyondhistory/data/sansaba/images gh39.html
2001.10.02 02:26 B C:\WINDOWS\Desktop\TBH\Recent\sansaba\images\gh40-lg.jpg --> uts.cc.utexas.edu /export/httpd/vhosts/texasbeyondhistory/data/sansaba/images gh40-lg.jpg
2001.10.02 02:26 B C:\WINDOWS\Desktop\TBH\Recent\sansaba\images\gh40-sm.jpg --> uts.cc.utexas.edu /export/httpd/vhosts/texasbeyondhistory/data/sansaba/images gh40-sm.jpg
2001.10.02 02:26 B C:\WINDOWS\Desktop\TBH\Recent\sansaba\images\GH40.html --> uts.cc.utexas.edu /export/httpd/vhosts/texasbeyondhistory/data/sansaba/images GH40.html
2001.10.02 02:27 B C:\WINDOWS\Desktop\TBH\Recent\sansaba\images\gh41-lg.jpg --> uts.cc.utexas.edu /export/httpd/vhosts/texasbeyondhistory/data/sansaba/images gh41-lg.jpg
2001.10.02 02:27 B C:\WINDOWS\Desktop\TBH\Recent\sansaba\images\gh41-sm.jpg --> uts.cc.utexas.edu /export/httpd/vhosts/texasbeyondhistory/data/sansaba/images gh41-sm.jpg
2001.10.02 02:27 B C:\WINDOWS\Desktop\TBH\Recent\sansaba\images\GH41.html --> uts.cc.utexas.edu /export/httpd/vhosts/texasbeyondhistory/data/sansaba/images GH41.html
2001.10.02 02:27 B C:\WINDOWS\Desktop\TBH\Recent\sansaba\images\gh42-lg.jpg --> uts.cc.utexas.edu /export/httpd/vhosts/texasbeyondhistory/data/sansaba/images gh42-lg.jpg
2001.10.02 02:27 B C:\WINDOWS\Desktop\TBH\Recent\sansaba\images\gh42-sm.jpg --> uts.cc.utexas.edu /export/httpd/vhosts/texasbeyondhistory/data/sansaba/images gh42-sm.jpg
2001.10.02 02:27 B C:\WINDOWS\Desktop\TBH\Recent\sansaba\images\GH42.html --> uts.cc.utexas.edu /export/httpd/vhosts/texasbeyondhistory/data/sansaba/images GH42.html
2001.10.02 02:27 B C:\WINDOWS\Desktop\TBH\Recent\sansaba\images\gh44-lg.jpg --> uts.cc.utexas.edu /export/httpd/vhosts/texasbeyondhistory/data/sansaba/images gh44-lg.jpg
2001.10.02 02:27 B C:\WINDOWS\Desktop\TBH\Recent\sansaba\images\gh44-sm.jpg --> uts.cc.utexas.edu /export/httpd/vhosts/texasbeyondhistory/data/sansaba/images gh44-sm.jpg
2001.10.02 02:27 B C:\WINDOWS\Desktop\TBH\Recent\sansaba\images\GH45-sm.jpg --> uts.cc.utexas.edu /export/httpd/vhosts/texasbeyondhistory/data/sansaba/images GH45-sm.jpg
2001.10.02 02:27 B C:\WINDOWS\Desktop\TBH\Recent\sansaba\images\gh45.jpg --> uts.cc.utexas.edu /export/httpd/vhosts/texasbeyondhistory/data/sansaba/images gh45.jpg
2001.10.02 02:27 B C:\WINDOWS\Desktop\TBH\Recent\sansaba\images\gh46-lg.jpg --> uts.cc.utexas.edu /export/httpd/vhosts/texasbeyondhistory/data/sansaba/images gh46-lg.jpg
2001.10.02 02:27 B C:\WINDOWS\Desktop\TBH\Recent\sansaba\images\gh46-sm.jpg --> uts.cc.utexas.edu /export/httpd/vhosts/texasbeyondhistory/data/sansaba/images gh46-sm.jpg
2001.10.02 02:27 B C:\WINDOWS\Desktop\TBH\Recent\sansaba\images\GH46.html --> uts.cc.utexas.edu /export/httpd/vhosts/texasbeyondhistory/data/sansaba/images GH46.html
2001.10.02 02:28 B C:\WINDOWS\Desktop\TBH\Recent\sansaba\images\gh48-lg.jpg --> uts.cc.utexas.edu /export/httpd/vhosts/texasbeyondhistory/data/sansaba/images gh48-lg.jpg
2001.10.02 02:28 B C:\WINDOWS\Desktop\TBH\Recent\sansaba\images\gh48-sm.jpg --> uts.cc.utexas.edu /export/httpd/vhosts/texasbeyondhistory/data/sansaba/images gh48-sm.jpg
2001.10.02 02:28 B C:\WINDOWS\Desktop\TBH\Recent\sansaba\images\GH48.html --> uts.cc.utexas.edu /export/httpd/vhosts/texasbeyondhistory/data/sansaba/images GH48.html
2001.10.02 02:28 B C:\WINDOWS\Desktop\TBH\Recent\sansaba\images\gh50-lg.jpg --> uts.cc.utexas.edu /export/httpd/vhosts/texasbeyondhistory/data/sansaba/images gh50-lg.jpg
2001.10.02 02:28 B C:\WINDOWS\Desktop\TBH\Recent\sansaba\images\gh50-sm.jpg --> uts.cc.utexas.edu /export/httpd/vhosts/texasbeyondhistory/data/sansaba/images gh50-sm.jpg
2001.10.02 02:28 B C:\WINDOWS\Desktop\TBH\Recent\sansaba\images\GH50.html --> uts.cc.utexas.edu /export/httpd/vhosts/texasbeyondhistory/data/sansaba/images GH50.html
2001.10.02 02:28 B C:\WINDOWS\Desktop\TBH\Recent\sansaba\images\gh52-lg.jpg --> uts.cc.utexas.edu /export/httpd/vhosts/texasbeyondhistory/data/sansaba/images gh52-lg.jpg
2001.10.02 02:28 B C:\WINDOWS\Desktop\TBH\Recent\sansaba\images\gh52-sm.jpg --> uts.cc.utexas.edu /export/httpd/vhosts/texasbeyondhistory/data/sansaba/images gh52-sm.jpg
2001.10.02 02:28 B C:\WINDOWS\Desktop\TBH\Recent\sansaba\images\GH52.html --> uts.cc.utexas.edu /export/httpd/vhosts/texasbeyondhistory/data/sansaba/images GH52.html
2001.10.02 02:28 B C:\WINDOWS\Desktop\TBH\Recent\sansaba\images\GH6-lg.jpg --> uts.cc.utexas.edu /export/httpd/vhosts/texasbeyondhistory/data/sansaba/images GH6-lg.jpg
2001.10.02 02:28 B C:\WINDOWS\Desktop\TBH\Recent\sansaba\images\GH6-sm.jpg --> uts.cc.utexas.edu /export/httpd/vhosts/texasbeyondhistory/data/sansaba/images GH6-sm.jpg
2001.10.02 02:29 B C:\WINDOWS\Desktop\TBH\Recent\sansaba\images\gh7-lg.jpg --> uts.cc.utexas.edu /export/httpd/vhosts/texasbeyondhistory/data/sansaba/images gh7-lg.jpg
2001.10.02 02:29 B C:\WINDOWS\Desktop\TBH\Recent\sansaba\images\gh7-sm.jpg --> uts.cc.utexas.edu /export/httpd/vhosts/texasbeyondhistory/data/sansaba/images gh7-sm.jpg
2001.10.02 02:29 B C:\WINDOWS\Desktop\TBH\Recent\sansaba\images\gh7.html --> uts.cc.utexas.edu /export/httpd/vhosts/texasbeyondhistory/data/sansaba/images gh7.html
2001.10.02 02:29 B C:\WINDOWS\Desktop\TBH\Recent\sansaba\images\gh9-lg.jpg --> uts.cc.utexas.edu /export/httpd/vhosts/texasbeyondhistory/data/sansaba/images gh9-lg.jpg
2001.10.02 02:29 B C:\WINDOWS\Desktop\TBH\Recent\sansaba\images\gh9-sm.jpg --> uts.cc.utexas.edu /export/httpd/vhosts/texasbeyondhistory/data/sansaba/images gh9-sm.jpg
2001.10.02 02:29 B C:\WINDOWS\Desktop\TBH\Recent\sansaba\images\gh9.html --> uts.cc.utexas.edu /export/httpd/vhosts/texasbeyondhistory/data/sansaba/images gh9.html
2001.10.02 02:29 B C:\WINDOWS\Desktop\TBH\Recent\sansaba\images\grant1-lg.jpg --> uts.cc.utexas.edu /export/httpd/vhosts/texasbeyondhistory/data/sansaba/images grant1-lg.jpg
2001.10.02 02:29 B C:\WINDOWS\Desktop\TBH\Recent\sansaba\images\grant1-sm.jpg --> uts.cc.utexas.edu /export/httpd/vhosts/texasbeyondhistory/data/sansaba/images grant1-sm.jpg
2001.10.02 02:29 B C:\WINDOWS\Desktop\TBH\Recent\sansaba\images\grant1.html --> uts.cc.utexas.edu /export/httpd/vhosts/texasbeyondhistory/data/sansaba/images grant1.html
2001.10.02 02:29 B C:\WINDOWS\Desktop\TBH\Recent\sansaba\images\MN23-R28.jpg --> uts.cc.utexas.edu /export/httpd/vhosts/texasbeyondhistory/data/sansaba/images MN23-R28.jpg
2001.10.02 02:29 B C:\WINDOWS\Desktop\TBH\Recent\sansaba\images\mural-crop2-lg.jpg --> uts.cc.utexas.edu /export/httpd/vhosts/texasbeyondhistory/data/sansaba/images mural-crop2-lg.jpg
2001.10.02 02:30 B C:\WINDOWS\Desktop\TBH\Recent\sansaba\images\mural-lg.jpg --> uts.cc.utexas.edu /export/httpd/vhosts/texasbeyondhistory/data/sansaba/images mural-lg.jpg
2001.10.02 02:30 B C:\WINDOWS\Desktop\TBH\Recent\sansaba\images\mural-sm.jpg --> uts.cc.utexas.edu /export/httpd/vhosts/texasbeyondhistory/data/sansaba/images mural-sm.jpg
2001.10.02 02:30 B C:\WINDOWS\Desktop\TBH\Recent\sansaba\images\mural-sm2.jpg --> uts.cc.utexas.edu /export/httpd/vhosts/texasbeyondhistory/data/sansaba/images mural-sm2.jpg
2001.10.02 02:30 B C:\WINDOWS\Desktop\TBH\Recent\sansaba\images\presidio1-lg.jpg --> uts.cc.utexas.edu /export/httpd/vhosts/texasbeyondhistory/data/sansaba/images presidio1-lg.jpg
2001.10.02 02:30 B C:\WINDOWS\Desktop\TBH\Recent\sansaba\images\presidio1-sm.jpg --> uts.cc.utexas.edu /export/httpd/vhosts/texasbeyondhistory/data/sansaba/images presidio1-sm.jpg
2001.10.02 02:30 B C:\WINDOWS\Desktop\TBH\Recent\sansaba\images\presidio1.html --> uts.cc.utexas.edu /export/httpd/vhosts/texasbeyondhistory/data/sansaba/images presidio1.html
2001.10.02 02:30 B C:\WINDOWS\Desktop\TBH\Recent\sansaba\images\presidio2-lg.jpg --> uts.cc.utexas.edu /export/httpd/vhosts/texasbeyondhistory/data/sansaba/images presidio2-lg.jpg
2001.10.02 02:30 B C:\WINDOWS\Desktop\TBH\Recent\sansaba\images\presidio2-sm.jpg --> uts.cc.utexas.edu /export/httpd/vhosts/texasbeyondhistory/data/sansaba/images presidio2-sm.jpg
2001.10.02 02:30 B C:\WINDOWS\Desktop\TBH\Recent\sansaba\images\presidio2.html --> uts.cc.utexas.edu /export/httpd/vhosts/texasbeyondhistory/data/sansaba/images presidio2.html
2001.10.02 02:30 B C:\WINDOWS\Desktop\TBH\Recent\sansaba\images\priest-lg.jpg --> uts.cc.utexas.edu /export/httpd/vhosts/texasbeyondhistory/data/sansaba/images priest-lg.jpg
2001.10.02 02:30 B C:\WINDOWS\Desktop\TBH\Recent\sansaba\images\priest-sm.jpg --> uts.cc.utexas.edu /export/httpd/vhosts/texasbeyondhistory/data/sansaba/images priest-sm.jpg
2001.10.02 02:30 B C:\WINDOWS\Desktop\TBH\Recent\sansaba\images\priest.html --> uts.cc.utexas.edu /export/httpd/vhosts/texasbeyondhistory/data/sansaba/images priest.html
2001.10.02 02:30 B C:\WINDOWS\Desktop\TBH\Recent\sansaba\images\priest2-lg.jpg --> uts.cc.utexas.edu /export/httpd/vhosts/texasbeyondhistory/data/sansaba/images priest2-lg.jpg
2001.10.02 02:30 B C:\WINDOWS\Desktop\TBH\Recent\sansaba\images\priest2-sm.jpg --> uts.cc.utexas.edu /export/httpd/vhosts/texasbeyondhistory/data/sansaba/images priest2-sm.jpg
2001.10.02 02:30 B C:\WINDOWS\Desktop\TBH\Recent\sansaba\images\priest2.html --> uts.cc.utexas.edu /export/httpd/vhosts/texasbeyondhistory/data/sansaba/images priest2.html
2001.10.02 02:30 B C:\WINDOWS\Desktop\TBH\Recent\sansaba\images\priest2.jpg --> uts.cc.utexas.edu /export/httpd/vhosts/texasbeyondhistory/data/sansaba/images priest2.jpg
2001.10.02 02:31 B C:\WINDOWS\Desktop\TBH\Recent\sansaba\images\R11-lg.jpg --> uts.cc.utexas.edu /export/httpd/vhosts/texasbeyondhistory/data/sansaba/images R11-lg.jpg
2001.10.02 02:31 B C:\WINDOWS\Desktop\TBH\Recent\sansaba\images\R11-sm.jpg --> uts.cc.utexas.edu /export/httpd/vhosts/texasbeyondhistory/data/sansaba/images R11-sm.jpg
2001.10.02 02:31 B C:\WINDOWS\Desktop\TBH\Recent\sansaba\images\R11.html --> uts.cc.utexas.edu /export/httpd/vhosts/texasbeyondhistory/data/sansaba/images R11.html
2001.10.02 02:31 B C:\WINDOWS\Desktop\TBH\Recent\sansaba\images\r12-lg.jpg --> uts.cc.utexas.edu /export/httpd/vhosts/texasbeyondhistory/data/sansaba/images r12-lg.jpg
2001.10.02 02:31 B C:\WINDOWS\Desktop\TBH\Recent\sansaba\images\r12-sm.jpg --> uts.cc.utexas.edu /export/httpd/vhosts/texasbeyondhistory/data/sansaba/images r12-sm.jpg
2001.10.02 02:31 B C:\WINDOWS\Desktop\TBH\Recent\sansaba\images\r12.html --> uts.cc.utexas.edu /export/httpd/vhosts/texasbeyondhistory/data/sansaba/images r12.html
2001.10.02 02:31 B C:\WINDOWS\Desktop\TBH\Recent\sansaba\images\r13-lg.jpg --> uts.cc.utexas.edu /export/httpd/vhosts/texasbeyondhistory/data/sansaba/images r13-lg.jpg
2001.10.02 02:31 B C:\WINDOWS\Desktop\TBH\Recent\sansaba\images\r13-lsm.jpg --> uts.cc.utexas.edu /export/httpd/vhosts/texasbeyondhistory/data/sansaba/images r13-lsm.jpg
2001.10.02 02:31 B C:\WINDOWS\Desktop\TBH\Recent\sansaba\images\R13-sm.jpg --> uts.cc.utexas.edu /export/httpd/vhosts/texasbeyondhistory/data/sansaba/images R13-sm.jpg
2001.10.02 02:31 B C:\WINDOWS\Desktop\TBH\Recent\sansaba\images\R13.html --> uts.cc.utexas.edu /export/httpd/vhosts/texasbeyondhistory/data/sansaba/images R13.html
2001.10.02 02:31 B C:\WINDOWS\Desktop\TBH\Recent\sansaba\images\R18-lg.jpg --> uts.cc.utexas.edu /export/httpd/vhosts/texasbeyondhistory/data/sansaba/images R18-lg.jpg
2001.10.02 02:31 B C:\WINDOWS\Desktop\TBH\Recent\sansaba\images\R18-sm.jpg --> uts.cc.utexas.edu /export/httpd/vhosts/texasbeyondhistory/data/sansaba/images R18-sm.jpg
2001.10.02 02:31 B C:\WINDOWS\Desktop\TBH\Recent\sansaba\images\R18.html --> uts.cc.utexas.edu /export/httpd/vhosts/texasbeyondhistory/data/sansaba/images R18.html
2001.10.02 02:31 B C:\WINDOWS\Desktop\TBH\Recent\sansaba\images\R18.html.LCK --> uts.cc.utexas.edu /export/httpd/vhosts/texasbeyondhistory/data/sansaba/images R18.html.LCK
2001.10.02 02:31 B C:\WINDOWS\Desktop\TBH\Recent\sansaba\images\r21-lg.jpg --> uts.cc.utexas.edu /export/httpd/vhosts/texasbeyondhistory/data/sansaba/images r21-lg.jpg
2001.10.02 02:31 B C:\WINDOWS\Desktop\TBH\Recent\sansaba\images\r21-sm.jpg --> uts.cc.utexas.edu /export/httpd/vhosts/texasbeyondhistory/data/sansaba/images r21-sm.jpg
2001.10.02 02:31 B C:\WINDOWS\Desktop\TBH\Recent\sansaba\images\r21.html --> uts.cc.utexas.edu /export/httpd/vhosts/texasbeyondhistory/data/sansaba/images r21.html
2001.10.02 02:31 B C:\WINDOWS\Desktop\TBH\Recent\sansaba\images\R26-lg.jpg --> uts.cc.utexas.edu /export/httpd/vhosts/texasbeyondhistory/data/sansaba/images R26-lg.jpg
2001.10.02 02:31 B C:\WINDOWS\Desktop\TBH\Recent\sansaba\images\R26-sm.jpg --> uts.cc.utexas.edu /export/httpd/vhosts/texasbeyondhistory/data/sansaba/images R26-sm.jpg
2001.10.02 02:31 B C:\WINDOWS\Desktop\TBH\Recent\sansaba\images\R26.html --> uts.cc.utexas.edu /export/httpd/vhosts/texasbeyondhistory/data/sansaba/images R26.html
2001.10.02 02:31 B C:\WINDOWS\Desktop\TBH\Recent\sansaba\images\R28-sm.jpg --> uts.cc.utexas.edu /export/httpd/vhosts/texasbeyondhistory/data/sansaba/images R28-sm.jpg
2001.10.02 02:32 B C:\WINDOWS\Desktop\TBH\Recent\sansaba\images\r9-lg.jpg --> uts.cc.utexas.edu /export/httpd/vhosts/texasbeyondhistory/data/sansaba/images r9-lg.jpg
2001.10.02 02:32 B C:\WINDOWS\Desktop\TBH\Recent\sansaba\images\r9-sm.jpg --> uts.cc.utexas.edu /export/httpd/vhosts/texasbeyondhistory/data/sansaba/images r9-sm.jpg
2001.10.02 02:32 B C:\WINDOWS\Desktop\TBH\Recent\sansaba\images\R9.html --> uts.cc.utexas.edu /export/httpd/vhosts/texasbeyondhistory/data/sansaba/images R9.html
2001.10.02 02:32 B C:\WINDOWS\Desktop\TBH\Recent\sansaba\images\sundial1-lg.jpg --> uts.cc.utexas.edu /export/httpd/vhosts/texasbeyondhistory/data/sansaba/images sundial1-lg.jpg
2001.10.02 02:32 B C:\WINDOWS\Desktop\TBH\Recent\sansaba\images\sundial1-sm.jpg --> uts.cc.utexas.edu /export/httpd/vhosts/texasbeyondhistory/data/sansaba/images sundial1-sm.jpg
2001.10.02 02:32 B C:\WINDOWS\Desktop\TBH\Recent\sansaba\images\sundial1.html --> uts.cc.utexas.edu /export/httpd/vhosts/texasbeyondhistory/data/sansaba/images sundial1.html
2001.10.02 02:32 B C:\WINDOWS\Desktop\TBH\Recent\sansaba\images\sundial2-lg.jpg --> uts.cc.utexas.edu /export/httpd/vhosts/texasbeyondhistory/data/sansaba/images sundial2-lg.jpg
2001.10.02 02:32 B C:\WINDOWS\Desktop\TBH\Recent\sansaba\images\sundial2-sm.jpg --> uts.cc.utexas.edu /export/httpd/vhosts/texasbeyondhistory/data/sansaba/images sundial2-sm.jpg
2001.10.02 02:32 B C:\WINDOWS\Desktop\TBH\Recent\sansaba\images\sundial2.html --> uts.cc.utexas.edu /export/httpd/vhosts/texasbeyondhistory/data/sansaba/images sundial2.html
2001.10.11 15:13 B M:\Website Stuff\TBH Website Temp\sansaba\images\WS_FTP.LOG <-- texasbeyondhistory /export/httpd/vhosts/texasbeyondhistory/data/sansaba/images WS_FTP.LOG
