2007.12.21 17:53 B L:\TBH Website Temp\trans-p\peoples\images\Ojinaga-revolt.html --> uts.cc.utexas.edu /export/httpd/vhosts/texasbeyondhistory/data/protect/trans-p/peoples/images Ojinaga-revolt.html
2007.12.21 17:53 B L:\TBH Website Temp\trans-p\peoples\images\nasoni-sm.jpg --> uts.cc.utexas.edu /export/httpd/vhosts/texasbeyondhistory/data/protect/trans-p/peoples/images nasoni-sm.jpg
2007.12.21 17:53 B L:\TBH Website Temp\trans-p\peoples\images\nasoni.html --> uts.cc.utexas.edu /export/httpd/vhosts/texasbeyondhistory/data/protect/trans-p/peoples/images nasoni.html
2007.12.21 17:53 B L:\TBH Website Temp\trans-p\peoples\images\nasoni-lg.jpg --> uts.cc.utexas.edu /export/httpd/vhosts/texasbeyondhistory/data/protect/trans-p/peoples/images nasoni-lg.jpg
2007.12.21 17:53 B L:\TBH Website Temp\trans-p\peoples\images\Ojinaga-revolt.jpg --> uts.cc.utexas.edu /export/httpd/vhosts/texasbeyondhistory/data/protect/trans-p/peoples/images Ojinaga-revolt.jpg
2007.12.21 17:53 B L:\TBH Website Temp\trans-p\peoples\images\Ojinaga-revolt-sm.jpg --> uts.cc.utexas.edu /export/httpd/vhosts/texasbeyondhistory/data/protect/trans-p/peoples/images Ojinaga-revolt-sm.jpg
2007.12.21 17:53 B L:\TBH Website Temp\trans-p\peoples\images\Ojinaga-hunting-bison.html --> uts.cc.utexas.edu /export/httpd/vhosts/texasbeyondhistory/data/protect/trans-p/peoples/images Ojinaga-hunting-bison.html
2007.12.21 17:53 B L:\TBH Website Temp\trans-p\peoples\images\Jumano-Story.html --> uts.cc.utexas.edu /export/httpd/vhosts/texasbeyondhistory/data/protect/trans-p/peoples/images Jumano-Story.html
2007.12.21 17:53 B L:\TBH Website Temp\trans-p\peoples\images\jumano-weir.html --> uts.cc.utexas.edu /export/httpd/vhosts/texasbeyondhistory/data/protect/trans-p/peoples/images jumano-weir.html
2007.12.21 17:53 B L:\TBH Website Temp\trans-p\peoples\images\Ojinaga-hunting-bison.jpg --> uts.cc.utexas.edu /export/httpd/vhosts/texasbeyondhistory/data/protect/trans-p/peoples/images Ojinaga-hunting-bison.jpg
2007.12.21 17:53 B L:\TBH Website Temp\trans-p\peoples\images\Ojinaga-hunting-bison-sm.jpg --> uts.cc.utexas.edu /export/httpd/vhosts/texasbeyondhistory/data/protect/trans-p/peoples/images Ojinaga-hunting-bison-sm.jpg
2007.12.21 17:53 B L:\TBH Website Temp\trans-p\peoples\images\Jumano-Story.jpg --> uts.cc.utexas.edu /export/httpd/vhosts/texasbeyondhistory/data/protect/trans-p/peoples/images Jumano-Story.jpg
2007.12.21 17:53 B L:\TBH Website Temp\trans-p\peoples\images\Jumano-Story-sm.jpg --> uts.cc.utexas.edu /export/httpd/vhosts/texasbeyondhistory/data/protect/trans-p/peoples/images Jumano-Story-sm.jpg
2007.12.21 17:53 B L:\TBH Website Temp\trans-p\peoples\images\Kelley-1937-revival-dance.jpg --> uts.cc.utexas.edu /export/httpd/vhosts/texasbeyondhistory/data/protect/trans-p/peoples/images Kelley-1937-revival-dance.jpg
2007.12.21 17:53 B L:\TBH Website Temp\trans-p\peoples\images\Kelley-1937-revival-dance.html --> uts.cc.utexas.edu /export/httpd/vhosts/texasbeyondhistory/data/protect/trans-p/peoples/images Kelley-1937-revival-dance.html
2007.12.21 17:53 B L:\TBH Website Temp\trans-p\peoples\images\Kelley-1937-revival-dance-sm.jpg --> uts.cc.utexas.edu /export/httpd/vhosts/texasbeyondhistory/data/protect/trans-p/peoples/images Kelley-1937-revival-dance-sm.jpg
2007.12.21 17:53 B L:\TBH Website Temp\trans-p\peoples\images\disease.html --> uts.cc.utexas.edu /export/httpd/vhosts/texasbeyondhistory/data/protect/trans-p/peoples/images disease.html
2007.12.21 17:53 B L:\TBH Website Temp\trans-p\peoples\images\Thumbs.db --> uts.cc.utexas.edu /export/httpd/vhosts/texasbeyondhistory/data/protect/trans-p/peoples/images Thumbs.db
2007.12.21 17:53 B L:\TBH Website Temp\trans-p\peoples\images\slaves.jpg --> uts.cc.utexas.edu /export/httpd/vhosts/texasbeyondhistory/data/protect/trans-p/peoples/images slaves.jpg
2007.12.21 17:53 B L:\TBH Website Temp\trans-p\peoples\images\tigua-albaeza-sm.jpg --> uts.cc.utexas.edu /export/httpd/vhosts/texasbeyondhistory/data/protect/trans-p/peoples/images tigua-albaeza-sm.jpg
2007.12.21 17:53 B L:\TBH Website Temp\trans-p\peoples\images\potter-sm.jpg --> uts.cc.utexas.edu /export/httpd/vhosts/texasbeyondhistory/data/protect/trans-p/peoples/images potter-sm.jpg
2007.12.21 17:53 B L:\TBH Website Temp\trans-p\peoples\images\tigua-albaeza.html --> uts.cc.utexas.edu /export/httpd/vhosts/texasbeyondhistory/data/protect/trans-p/peoples/images tigua-albaeza.html
2007.12.21 17:53 B L:\TBH Website Temp\trans-p\peoples\images\shrine-ysleta-swd.html --> uts.cc.utexas.edu /export/httpd/vhosts/texasbeyondhistory/data/protect/trans-p/peoples/images shrine-ysleta-swd.html
2007.12.21 17:53 B L:\TBH Website Temp\trans-p\peoples\images\Handbook-Tigua-Fig6.html --> uts.cc.utexas.edu /export/httpd/vhosts/texasbeyondhistory/data/protect/trans-p/peoples/images Handbook-Tigua-Fig6.html
2007.12.21 17:53 B L:\TBH Website Temp\trans-p\peoples\images\ysleta-del-sur-pueblo-tiguacc.html --> uts.cc.utexas.edu /export/httpd/vhosts/texasbeyondhistory/data/protect/trans-p/peoples/images ysleta-del-sur-pueblo-tiguacc.html
2007.12.21 17:53 B L:\TBH Website Temp\trans-p\peoples\images\FirstPeoples-Fig13.html --> uts.cc.utexas.edu /export/httpd/vhosts/texasbeyondhistory/data/protect/trans-p/peoples/images FirstPeoples-Fig13.html
2007.12.21 17:53 B L:\TBH Website Temp\trans-p\peoples\images\saint.html --> uts.cc.utexas.edu /export/httpd/vhosts/texasbeyondhistory/data/protect/trans-p/peoples/images saint.html
2007.12.21 17:53 B L:\TBH Website Temp\trans-p\peoples\images\potter.html --> uts.cc.utexas.edu /export/httpd/vhosts/texasbeyondhistory/data/protect/trans-p/peoples/images potter.html
2007.12.21 17:53 B L:\TBH Website Temp\trans-p\peoples\images\jacal.html --> uts.cc.utexas.edu /export/httpd/vhosts/texasbeyondhistory/data/protect/trans-p/peoples/images jacal.html
2007.12.21 17:53 B L:\TBH Website Temp\trans-p\peoples\images\ysleta.html --> uts.cc.utexas.edu /export/httpd/vhosts/texasbeyondhistory/data/protect/trans-p/peoples/images ysleta.html
2007.12.21 17:53 B L:\TBH Website Temp\trans-p\peoples\images\Sld17.html --> uts.cc.utexas.edu /export/httpd/vhosts/texasbeyondhistory/data/protect/trans-p/peoples/images Sld17.html
2007.12.21 17:53 B L:\TBH Website Temp\trans-p\peoples\images\map-epcf.html --> uts.cc.utexas.edu /export/httpd/vhosts/texasbeyondhistory/data/protect/trans-p/peoples/images map-epcf.html
2007.12.21 17:53 B L:\TBH Website Temp\trans-p\peoples\images\Handbook-Tigua-Fig6.jpg --> uts.cc.utexas.edu /export/httpd/vhosts/texasbeyondhistory/data/protect/trans-p/peoples/images Handbook-Tigua-Fig6.jpg
2007.12.21 17:53 B L:\TBH Website Temp\trans-p\peoples\images\Handbook-Tigua-Fig6-sm.jpg --> uts.cc.utexas.edu /export/httpd/vhosts/texasbeyondhistory/data/protect/trans-p/peoples/images Handbook-Tigua-Fig6-sm.jpg
2007.12.21 17:53 B L:\TBH Website Temp\trans-p\peoples\images\FirstPeoples-Fig13.jpg --> uts.cc.utexas.edu /export/httpd/vhosts/texasbeyondhistory/data/protect/trans-p/peoples/images FirstPeoples-Fig13.jpg
2007.12.21 17:53 B L:\TBH Website Temp\trans-p\peoples\images\FirstPeoples-Fig13-sm.jpg --> uts.cc.utexas.edu /export/httpd/vhosts/texasbeyondhistory/data/protect/trans-p/peoples/images FirstPeoples-Fig13-sm.jpg
2007.12.21 17:53 B L:\TBH Website Temp\trans-p\peoples\images\camera-button-sm.jpg --> uts.cc.utexas.edu /export/httpd/vhosts/texasbeyondhistory/data/protect/trans-p/peoples/images camera-button-sm.jpg
2007.12.21 17:53 B L:\TBH Website Temp\trans-p\peoples\images\camera-button-ro-sm.jpg --> uts.cc.utexas.edu /export/httpd/vhosts/texasbeyondhistory/data/protect/trans-p/peoples/images camera-button-ro-sm.jpg
2007.12.21 17:53 B L:\TBH Website Temp\trans-p\peoples\images\Luxan-1582-cover.html --> uts.cc.utexas.edu /export/httpd/vhosts/texasbeyondhistory/data/protect/trans-p/peoples/images Luxan-1582-cover.html
2007.12.21 17:53 B L:\TBH Website Temp\trans-p\peoples\images\onate-utep.html --> uts.cc.utexas.edu /export/httpd/vhosts/texasbeyondhistory/data/protect/trans-p/peoples/images onate-utep.html
2007.12.21 17:53 B L:\TBH Website Temp\trans-p\peoples\images\Lafora-1771-Texas-Tides.html --> uts.cc.utexas.edu /export/httpd/vhosts/texasbeyondhistory/data/protect/trans-p/peoples/images Lafora-1771-Texas-Tides.html
2007.12.21 17:53 B L:\TBH Website Temp\trans-p\peoples\images\Lafora-1771-Texas-Tides-sm.jpg --> uts.cc.utexas.edu /export/httpd/vhosts/texasbeyondhistory/data/protect/trans-p/peoples/images Lafora-1771-Texas-Tides-sm.jpg
2007.12.21 17:53 B L:\TBH Website Temp\trans-p\peoples\images\Lafora-1771-Texas-Tides.jpg --> uts.cc.utexas.edu /export/httpd/vhosts/texasbeyondhistory/data/protect/trans-p/peoples/images Lafora-1771-Texas-Tides.jpg
2007.12.21 17:53 B L:\TBH Website Temp\trans-p\peoples\images\Sld19.jpg --> uts.cc.utexas.edu /export/httpd/vhosts/texasbeyondhistory/data/protect/trans-p/peoples/images Sld19.jpg
2007.12.21 17:53 B L:\TBH Website Temp\trans-p\peoples\images\icon-peoples-main.jpg --> uts.cc.utexas.edu /export/httpd/vhosts/texasbeyondhistory/data/protect/trans-p/peoples/images icon-peoples-main.jpg
2007.12.21 17:53 B L:\TBH Website Temp\trans-p\peoples\images\Flint-Flint-2005.jpg --> uts.cc.utexas.edu /export/httpd/vhosts/texasbeyondhistory/data/protect/trans-p/peoples/images Flint-Flint-2005.jpg
2007.12.21 17:53 B L:\TBH Website Temp\trans-p\peoples\images\Luxan-1582-cover-sm.jpg --> uts.cc.utexas.edu /export/httpd/vhosts/texasbeyondhistory/data/protect/trans-p/peoples/images Luxan-1582-cover-sm.jpg
2007.12.21 17:53 B L:\TBH Website Temp\trans-p\peoples\images\Jumano-map-Kenmotsu.html --> uts.cc.utexas.edu /export/httpd/vhosts/texasbeyondhistory/data/protect/trans-p/peoples/images Jumano-map-Kenmotsu.html
2007.12.21 17:53 B L:\TBH Website Temp\trans-p\peoples\images\Sanson-1650.html --> uts.cc.utexas.edu /export/httpd/vhosts/texasbeyondhistory/data/protect/trans-p/peoples/images Sanson-1650.html
2007.12.21 17:53 B L:\TBH Website Temp\trans-p\peoples\images\icon-who.jpg --> uts.cc.utexas.edu /export/httpd/vhosts/texasbeyondhistory/data/protect/trans-p/peoples/images icon-who.jpg
2007.12.21 17:53 B L:\TBH Website Temp\trans-p\peoples\images\nations.html --> uts.cc.utexas.edu /export/httpd/vhosts/texasbeyondhistory/data/protect/trans-p/peoples/images nations.html
2007.12.21 17:53 B L:\TBH Website Temp\trans-p\peoples\images\Jumano-Apache-House.html --> uts.cc.utexas.edu /export/httpd/vhosts/texasbeyondhistory/data/protect/trans-p/peoples/images Jumano-Apache-House.html
2007.12.21 17:53 B L:\TBH Website Temp\trans-p\peoples\images\mendoza-sm.jpg --> uts.cc.utexas.edu /export/httpd/vhosts/texasbeyondhistory/data/protect/trans-p/peoples/images mendoza-sm.jpg
2007.12.21 17:53 B L:\TBH Website Temp\trans-p\peoples\images\Arrowsmith-1841.html --> uts.cc.utexas.edu /export/httpd/vhosts/texasbeyondhistory/data/protect/trans-p/peoples/images Arrowsmith-1841.html
2007.12.21 17:53 B L:\TBH Website Temp\trans-p\peoples\images\Jeffreys-1776-T-P.html --> uts.cc.utexas.edu /export/httpd/vhosts/texasbeyondhistory/data/protect/trans-p/peoples/images Jeffreys-1776-T-P.html
2007.12.21 17:53 B L:\TBH Website Temp\trans-p\peoples\images\alzata-ramirez-1768-T-P.html --> uts.cc.utexas.edu /export/httpd/vhosts/texasbeyondhistory/data/protect/trans-p/peoples/images alzata-ramirez-1768-T-P.html
2007.12.21 17:53 B L:\TBH Website Temp\trans-p\peoples\images\Martinez-1602.html --> uts.cc.utexas.edu /export/httpd/vhosts/texasbeyondhistory/data/protect/trans-p/peoples/images Martinez-1602.html
2007.12.21 17:53 B L:\TBH Website Temp\trans-p\peoples\images\Jumano-Apache-house-sm.jpg --> uts.cc.utexas.edu /export/httpd/vhosts/texasbeyondhistory/data/protect/trans-p/peoples/images Jumano-Apache-house-sm.jpg
2007.12.21 17:53 B L:\TBH Website Temp\trans-p\peoples\images\Jumano-Apache-house.jpg --> uts.cc.utexas.edu /export/httpd/vhosts/texasbeyondhistory/data/protect/trans-p/peoples/images Jumano-Apache-house.jpg
2007.12.21 17:53 B L:\TBH Website Temp\trans-p\peoples\images\jumano-weir.jpg --> uts.cc.utexas.edu /export/httpd/vhosts/texasbeyondhistory/data/protect/trans-p/peoples/images jumano-weir.jpg
2007.12.21 17:53 B L:\TBH Website Temp\trans-p\peoples\images\Jumano-map-Kenmotsu.jpg --> uts.cc.utexas.edu /export/httpd/vhosts/texasbeyondhistory/data/protect/trans-p/peoples/images Jumano-map-Kenmotsu.jpg
2007.12.21 17:53 B L:\TBH Website Temp\trans-p\peoples\images\jumano-weir-sm.jpg --> uts.cc.utexas.edu /export/httpd/vhosts/texasbeyondhistory/data/protect/trans-p/peoples/images jumano-weir-sm.jpg
2007.12.21 17:53 B L:\TBH Website Temp\trans-p\peoples\images\Arrowsmith-1841-sm.jpg --> uts.cc.utexas.edu /export/httpd/vhosts/texasbeyondhistory/data/protect/trans-p/peoples/images Arrowsmith-1841-sm.jpg
2007.12.21 17:53 B L:\TBH Website Temp\trans-p\peoples\images\Arrowsmith-1841.jpg --> uts.cc.utexas.edu /export/httpd/vhosts/texasbeyondhistory/data/protect/trans-p/peoples/images Arrowsmith-1841.jpg
2007.12.21 17:53 B L:\TBH Website Temp\trans-p\peoples\images\Jeffreys-1776-T-P-sm.jpg --> uts.cc.utexas.edu /export/httpd/vhosts/texasbeyondhistory/data/protect/trans-p/peoples/images Jeffreys-1776-T-P-sm.jpg
2007.12.21 17:53 B L:\TBH Website Temp\trans-p\peoples\images\Jeffreys-1776-T-P.jpg --> uts.cc.utexas.edu /export/httpd/vhosts/texasbeyondhistory/data/protect/trans-p/peoples/images Jeffreys-1776-T-P.jpg
2007.12.21 17:53 B L:\TBH Website Temp\trans-p\peoples\images\alzata-ramirez-1768-T-P-sm.jpg --> uts.cc.utexas.edu /export/httpd/vhosts/texasbeyondhistory/data/protect/trans-p/peoples/images alzata-ramirez-1768-T-P-sm.jpg
2007.12.21 17:53 B L:\TBH Website Temp\trans-p\peoples\images\alzata-ramirez-1768-T-P.jpg --> uts.cc.utexas.edu /export/httpd/vhosts/texasbeyondhistory/data/protect/trans-p/peoples/images alzata-ramirez-1768-T-P.jpg
2007.12.21 17:53 B L:\TBH Website Temp\trans-p\peoples\images\sabeata-cross-sm.jpg --> uts.cc.utexas.edu /export/httpd/vhosts/texasbeyondhistory/data/protect/trans-p/peoples/images sabeata-cross-sm.jpg
2007.12.21 17:53 B L:\TBH Website Temp\trans-p\peoples\images\Jumano-map-Kenmotsu-sm.jpg --> uts.cc.utexas.edu /export/httpd/vhosts/texasbeyondhistory/data/protect/trans-p/peoples/images Jumano-map-Kenmotsu-sm.jpg
2007.12.21 17:53 B L:\TBH Website Temp\trans-p\peoples\images\Sanson-1650-sm.jpg --> uts.cc.utexas.edu /export/httpd/vhosts/texasbeyondhistory/data/protect/trans-p/peoples/images Sanson-1650-sm.jpg
2007.12.21 17:53 B L:\TBH Website Temp\trans-p\peoples\images\Sanson-1650.jpg --> uts.cc.utexas.edu /export/httpd/vhosts/texasbeyondhistory/data/protect/trans-p/peoples/images Sanson-1650.jpg
2007.12.21 17:53 B L:\TBH Website Temp\trans-p\peoples\images\Martinez-1602-sm.jpg --> uts.cc.utexas.edu /export/httpd/vhosts/texasbeyondhistory/data/protect/trans-p/peoples/images Martinez-1602-sm.jpg
2007.12.21 17:53 B L:\TBH Website Temp\trans-p\peoples\images\Martinez-1602.jpg --> uts.cc.utexas.edu /export/httpd/vhosts/texasbeyondhistory/data/protect/trans-p/peoples/images Martinez-1602.jpg
2007.12.21 17:53 B L:\TBH Website Temp\trans-p\peoples\images\ysleta-del-sur-pueblo-tiguacc-sm.jpg --> uts.cc.utexas.edu /export/httpd/vhosts/texasbeyondhistory/data/protect/trans-p/peoples/images ysleta-del-sur-pueblo-tiguacc-sm.jpg
2007.12.21 17:53 B L:\TBH Website Temp\trans-p\peoples\images\FirstThanksgiving1-sm.jpg --> uts.cc.utexas.edu /export/httpd/vhosts/texasbeyondhistory/data/protect/trans-p/peoples/images FirstThanksgiving1-sm.jpg
2007.12.21 17:53 B L:\TBH Website Temp\trans-p\peoples\images\map-epcf-sm.jpg --> uts.cc.utexas.edu /export/httpd/vhosts/texasbeyondhistory/data/protect/trans-p/peoples/images map-epcf-sm.jpg
2007.12.21 17:53 B L:\TBH Website Temp\trans-p\peoples\images\map-epcf.jpg --> uts.cc.utexas.edu /export/httpd/vhosts/texasbeyondhistory/data/protect/trans-p/peoples/images map-epcf.jpg
2007.12.21 17:53 B L:\TBH Website Temp\trans-p\peoples\images\Luxan-1582-cover.jpg --> uts.cc.utexas.edu /export/httpd/vhosts/texasbeyondhistory/data/protect/trans-p/peoples/images Luxan-1582-cover.jpg
2007.12.21 17:53 B L:\TBH Website Temp\trans-p\peoples\images\FirstThanksgiving1.jpg --> uts.cc.utexas.edu /export/httpd/vhosts/texasbeyondhistory/data/protect/trans-p/peoples/images FirstThanksgiving1.jpg
2007.12.21 17:53 B L:\TBH Website Temp\trans-p\peoples\images\potter.jpg --> uts.cc.utexas.edu /export/httpd/vhosts/texasbeyondhistory/data/protect/trans-p/peoples/images potter.jpg
2007.12.21 17:53 B L:\TBH Website Temp\trans-p\peoples\images\tigua-albaeza.jpg --> uts.cc.utexas.edu /export/httpd/vhosts/texasbeyondhistory/data/protect/trans-p/peoples/images tigua-albaeza.jpg
2007.12.21 17:53 B L:\TBH Website Temp\trans-p\peoples\images\onate-utep.jpg --> uts.cc.utexas.edu /export/httpd/vhosts/texasbeyondhistory/data/protect/trans-p/peoples/images onate-utep.jpg
2007.12.21 17:53 B L:\TBH Website Temp\trans-p\peoples\images\onate-utep-sm.jpg --> uts.cc.utexas.edu /export/httpd/vhosts/texasbeyondhistory/data/protect/trans-p/peoples/images onate-utep-sm.jpg
2007.12.21 17:53 B L:\TBH Website Temp\trans-p\peoples\images\saint.jpg --> uts.cc.utexas.edu /export/httpd/vhosts/texasbeyondhistory/data/protect/trans-p/peoples/images saint.jpg
2007.12.21 17:53 B L:\TBH Website Temp\trans-p\peoples\images\Sld17.jpg --> uts.cc.utexas.edu /export/httpd/vhosts/texasbeyondhistory/data/protect/trans-p/peoples/images Sld17.jpg
2007.12.21 17:53 B L:\TBH Website Temp\trans-p\peoples\images\Sld17-sm.jpg --> uts.cc.utexas.edu /export/httpd/vhosts/texasbeyondhistory/data/protect/trans-p/peoples/images Sld17-sm.jpg
2007.12.21 17:53 B L:\TBH Website Temp\trans-p\peoples\images\shrine-ysleta-swd.jpg --> uts.cc.utexas.edu /export/httpd/vhosts/texasbeyondhistory/data/protect/trans-p/peoples/images shrine-ysleta-swd.jpg
2007.12.21 17:53 B L:\TBH Website Temp\trans-p\peoples\images\shrine-ysleta-sm.jpg --> uts.cc.utexas.edu /export/httpd/vhosts/texasbeyondhistory/data/protect/trans-p/peoples/images shrine-ysleta-sm.jpg
2007.12.21 17:53 B L:\TBH Website Temp\trans-p\peoples\images\ysleta-sm.jpg --> uts.cc.utexas.edu /export/httpd/vhosts/texasbeyondhistory/data/protect/trans-p/peoples/images ysleta-sm.jpg
2007.12.21 17:53 B L:\TBH Website Temp\trans-p\peoples\images\ysleta.jpg --> uts.cc.utexas.edu /export/httpd/vhosts/texasbeyondhistory/data/protect/trans-p/peoples/images ysleta.jpg
2007.12.21 17:53 B L:\TBH Website Temp\trans-p\peoples\images\jacal.jpg --> uts.cc.utexas.edu /export/httpd/vhosts/texasbeyondhistory/data/protect/trans-p/peoples/images jacal.jpg
2007.12.21 17:53 B L:\TBH Website Temp\trans-p\peoples\images\jacal-sm.jpg --> uts.cc.utexas.edu /export/httpd/vhosts/texasbeyondhistory/data/protect/trans-p/peoples/images jacal-sm.jpg
2007.12.21 17:53 B L:\TBH Website Temp\trans-p\peoples\images\ysleta-del-sur-pueblo-tiguacc.jpg --> uts.cc.utexas.edu /export/httpd/vhosts/texasbeyondhistory/data/protect/trans-p/peoples/images ysleta-del-sur-pueblo-tiguacc.jpg
2007.12.21 17:53 B L:\TBH Website Temp\trans-p\peoples\images\interior-ysleta-swd.jpg --> uts.cc.utexas.edu /export/httpd/vhosts/texasbeyondhistory/data/protect/trans-p/peoples/images interior-ysleta-swd.jpg
2007.12.21 17:53 B L:\TBH Website Temp\trans-p\peoples\images\mendoza.html --> uts.cc.utexas.edu /export/httpd/vhosts/texasbeyondhistory/data/protect/trans-p/peoples/images mendoza.html
2007.12.21 17:53 B L:\TBH Website Temp\trans-p\peoples\images\disease.jpg --> uts.cc.utexas.edu /export/httpd/vhosts/texasbeyondhistory/data/protect/trans-p/peoples/images disease.jpg
2007.12.21 17:53 B L:\TBH Website Temp\trans-p\peoples\images\disease-sm.jpg --> uts.cc.utexas.edu /export/httpd/vhosts/texasbeyondhistory/data/protect/trans-p/peoples/images disease-sm.jpg
2007.12.21 17:53 B L:\TBH Website Temp\trans-p\peoples\images\mendoza.jpg --> uts.cc.utexas.edu /export/httpd/vhosts/texasbeyondhistory/data/protect/trans-p/peoples/images mendoza.jpg
