2006.08.28 11:09 B L:\TBH Website Temp\choke\index.html --> uts.cc.utexas.edu /export/httpd/vhosts/texasbeyondhistory/data/protect/choke index.html
2006.09.07 13:38 B L:\TBH Website Temp\choke\index.html --> uts.cc.utexas.edu /export/httpd/vhosts/texasbeyondhistory/data/protect/choke index.html
2006.09.07 13:38 B L:\TBH Website Temp\choke\WS_FTP.LOG --> uts.cc.utexas.edu /export/httpd/vhosts/texasbeyondhistory/data/protect/choke WS_FTP.LOG
2006.09.10 15:18 B L:\TBH Website Temp\choke\index.html --> uts.cc.utexas.edu /export/httpd/vhosts/texasbeyondhistory/data/protect/choke index.html
2006.09.10 16:49 B L:\TBH Website Temp\choke\index.html --> uts.cc.utexas.edu /export/httpd/vhosts/texasbeyondhistory/data/protect/choke index.html
2006.09.11 10:22 B L:\TBH Website Temp\choke\index.html --> uts.cc.utexas.edu /export/httpd/vhosts/texasbeyondhistory/data/protect/choke index.html
2006.09.12 11:30 B L:\TBH Website Temp\choke\index.html --> uts.cc.utexas.edu /export/httpd/vhosts/texasbeyondhistory/data/protect/choke index.html
2006.09.12 11:30 B L:\TBH Website Temp\choke\WS_FTP.LOG --> uts.cc.utexas.edu /export/httpd/vhosts/texasbeyondhistory/data/protect/choke WS_FTP.LOG
2006.09.14 10:59 B L:\TBH Website Temp\choke\index.html <-- TBH /export/httpd/vhosts/texasbeyondhistory/data/protect/choke index.html
2006.09.15 09:49 B L:\TBH Website Temp\choke\OLD14index.html <-- TBH /export/httpd/vhosts/texasbeyondhistory/data/protect/choke OLD14index.html
2006.09.15 09:49 B L:\TBH Website Temp\choke\index.html --> uts.cc.utexas.edu /export/httpd/vhosts/texasbeyondhistory/data/protect/choke index.html
2006.09.18 14:28 B L:\TBH Website Temp\choke\index.html --> uts.cc.utexas.edu /export/httpd/vhosts/texasbeyondhistory/data/choke index.html
2006.09.18 14:28 B L:\TBH Website Temp\choke\WS_FTP.LOG --> uts.cc.utexas.edu /export/httpd/vhosts/texasbeyondhistory/data/choke WS_FTP.LOG
2006.09.18 16:49 B L:\TBH Website Temp\choke\index.html --> uts.cc.utexas.edu /export/httpd/vhosts/texasbeyondhistory/data/choke index.html
2006.09.19 21:01 B L:\TBH Website Temp\choke\index.html --> uts.cc.utexas.edu /export/httpd/vhosts/texasbeyondhistory/data/choke index.html
2006.09.19 21:01 B L:\TBH Website Temp\choke\WS_FTP.LOG --> uts.cc.utexas.edu /export/httpd/vhosts/texasbeyondhistory/data/choke WS_FTP.LOG
2006.09.20 15:40 B L:\TBH Website Temp\choke\index.html --> uts.cc.utexas.edu /export/httpd/vhosts/texasbeyondhistory/data/choke index.html
2006.09.20 15:40 B L:\TBH Website Temp\choke\WS_FTP.LOG --> uts.cc.utexas.edu /export/httpd/vhosts/texasbeyondhistory/data/choke WS_FTP.LOG
2006.09.27 16:44 B L:\TBH Website Temp\choke\archeology.html --> uts.cc.utexas.edu /export/httpd/vhosts/texasbeyondhistory/data/choke archeology.html
2006.09.27 16:44 B L:\TBH Website Temp\choke\credits.html --> uts.cc.utexas.edu /export/httpd/vhosts/texasbeyondhistory/data/choke credits.html
2006.09.27 16:44 B L:\TBH Website Temp\choke\gates-rowell.html --> uts.cc.utexas.edu /export/httpd/vhosts/texasbeyondhistory/data/choke gates-rowell.html
2006.09.27 16:44 B L:\TBH Website Temp\choke\index.html --> uts.cc.utexas.edu /export/httpd/vhosts/texasbeyondhistory/data/choke index.html
2006.09.27 16:44 B L:\TBH Website Temp\choke\possumhollow.html --> uts.cc.utexas.edu /export/httpd/vhosts/texasbeyondhistory/data/choke possumhollow.html
2006.09.27 16:44 B L:\TBH Website Temp\choke\skillet-mtn.html --> uts.cc.utexas.edu /export/httpd/vhosts/texasbeyondhistory/data/choke skillet-mtn.html
2006.09.27 16:44 B L:\TBH Website Temp\choke\WS_FTP.LOG --> uts.cc.utexas.edu /export/httpd/vhosts/texasbeyondhistory/data/choke WS_FTP.LOG
2006.09.29 17:24 B L:\TBH Website Temp\choke\skillet-mtn.html --> uts.cc.utexas.edu /export/httpd/vhosts/texasbeyondhistory/data/choke skillet-mtn.html
2006.09.29 17:24 B L:\TBH Website Temp\choke\possumhollow.html --> uts.cc.utexas.edu /export/httpd/vhosts/texasbeyondhistory/data/choke possumhollow.html
2006.09.29 17:24 B L:\TBH Website Temp\choke\index.html --> uts.cc.utexas.edu /export/httpd/vhosts/texasbeyondhistory/data/choke index.html
2006.09.29 17:24 B L:\TBH Website Temp\choke\gates-rowell.html --> uts.cc.utexas.edu /export/httpd/vhosts/texasbeyondhistory/data/choke gates-rowell.html
2006.09.29 17:24 B L:\TBH Website Temp\choke\credits.html --> uts.cc.utexas.edu /export/httpd/vhosts/texasbeyondhistory/data/choke credits.html
2006.09.29 17:24 B L:\TBH Website Temp\choke\archeology.html --> uts.cc.utexas.edu /export/httpd/vhosts/texasbeyondhistory/data/choke archeology.html
2006.10.02 16:11 B L:\TBH Website Temp\choke\credits.html --> uts.cc.utexas.edu /export/httpd/vhosts/texasbeyondhistory/data/choke credits.html
2006.10.02 16:11 B L:\TBH Website Temp\choke\skillet-mtn.html --> uts.cc.utexas.edu /export/httpd/vhosts/texasbeyondhistory/data/choke skillet-mtn.html
2006.10.02 16:11 B L:\TBH Website Temp\choke\index.html --> uts.cc.utexas.edu /export/httpd/vhosts/texasbeyondhistory/data/choke index.html
2006.10.02 16:11 B L:\TBH Website Temp\choke\archeology.html --> uts.cc.utexas.edu /export/httpd/vhosts/texasbeyondhistory/data/choke archeology.html
