2007.11.08 09:24 B L:\TBH Website Temp\trans-p\patterns\images\Thumbs.db --> uts.cc.utexas.edu /export/httpd/vhosts/texasbeyondhistory/data/protect/trans-p/patterns/images Thumbs.db
2007.11.08 09:24 B L:\TBH Website Temp\trans-p\patterns\images\patterns-nelson-sm.jpg --> uts.cc.utexas.edu /export/httpd/vhosts/texasbeyondhistory/data/protect/trans-p/patterns/images patterns-nelson-sm.jpg
2007.11.08 09:24 B L:\TBH Website Temp\trans-p\patterns\images\arrow-points.html --> uts.cc.utexas.edu /export/httpd/vhosts/texasbeyondhistory/data/protect/trans-p/patterns/images arrow-points.html
2007.11.08 09:24 B L:\TBH Website Temp\trans-p\patterns\images\basketry-clay.html --> uts.cc.utexas.edu /export/httpd/vhosts/texasbeyondhistory/data/protect/trans-p/patterns/images basketry-clay.html
2007.11.08 09:24 B L:\TBH Website Temp\trans-p\patterns\images\chupadero.html --> uts.cc.utexas.edu /export/httpd/vhosts/texasbeyondhistory/data/protect/trans-p/patterns/images chupadero.html
2007.11.08 09:24 B L:\TBH Website Temp\trans-p\patterns\images\cooking-jar.html --> uts.cc.utexas.edu /export/httpd/vhosts/texasbeyondhistory/data/protect/trans-p/patterns/images cooking-jar.html
2007.11.08 09:24 B L:\TBH Website Temp\trans-p\patterns\images\corn-beans.jpg --> uts.cc.utexas.edu /export/httpd/vhosts/texasbeyondhistory/data/protect/trans-p/patterns/images corn-beans.jpg
2007.11.08 09:24 B L:\TBH Website Temp\trans-p\patterns\images\corn-beans.html --> uts.cc.utexas.edu /export/httpd/vhosts/texasbeyondhistory/data/protect/trans-p/patterns/images corn-beans.html
2007.11.08 09:24 B L:\TBH Website Temp\trans-p\patterns\images\elpaso-poly.jpg --> uts.cc.utexas.edu /export/httpd/vhosts/texasbeyondhistory/data/protect/trans-p/patterns/images elpaso-poly.jpg
2007.11.08 09:24 B L:\TBH Website Temp\trans-p\patterns\images\elpaso-poly.html --> uts.cc.utexas.edu /export/httpd/vhosts/texasbeyondhistory/data/protect/trans-p/patterns/images elpaso-poly.html
2007.11.08 09:24 B L:\TBH Website Temp\trans-p\patterns\images\jewelry-exotics.html --> uts.cc.utexas.edu /export/httpd/vhosts/texasbeyondhistory/data/protect/trans-p/patterns/images jewelry-exotics.html
2007.11.08 09:24 B L:\TBH Website Temp\trans-p\patterns\images\mano-metate.html --> uts.cc.utexas.edu /export/httpd/vhosts/texasbeyondhistory/data/protect/trans-p/patterns/images mano-metate.html
2007.11.08 09:24 B L:\TBH Website Temp\trans-p\patterns\images\grinding.jpg --> uts.cc.utexas.edu /export/httpd/vhosts/texasbeyondhistory/data/protect/trans-p/patterns/images grinding.jpg
2007.11.08 09:24 B L:\TBH Website Temp\trans-p\patterns\images\polishers-smoothers.html --> uts.cc.utexas.edu /export/httpd/vhosts/texasbeyondhistory/data/protect/trans-p/patterns/images polishers-smoothers.html
2007.11.08 09:24 B L:\TBH Website Temp\trans-p\patterns\images\pueblo-footprint.html --> uts.cc.utexas.edu /export/httpd/vhosts/texasbeyondhistory/data/protect/trans-p/patterns/images pueblo-footprint.html
2007.11.08 09:24 B L:\TBH Website Temp\trans-p\patterns\images\trans-patterns2.swf --> uts.cc.utexas.edu /export/httpd/vhosts/texasbeyondhistory/data/protect/trans-p/patterns/images trans-patterns2.swf
2007.11.08 09:24 B L:\TBH Website Temp\trans-p\patterns\images\jewelry-exotics.jpg --> uts.cc.utexas.edu /export/httpd/vhosts/texasbeyondhistory/data/protect/trans-p/patterns/images jewelry-exotics.jpg
2007.11.08 09:24 B L:\TBH Website Temp\trans-p\patterns\images\polishers-smoothers.jpg --> uts.cc.utexas.edu /export/httpd/vhosts/texasbeyondhistory/data/protect/trans-p/patterns/images polishers-smoothers.jpg
2007.11.08 09:24 B L:\TBH Website Temp\trans-p\patterns\images\patterns-nelson.jpg --> uts.cc.utexas.edu /export/httpd/vhosts/texasbeyondhistory/data/protect/trans-p/patterns/images patterns-nelson.jpg
2007.11.08 09:24 B L:\TBH Website Temp\trans-p\patterns\images\palette-polishers.jpg --> uts.cc.utexas.edu /export/httpd/vhosts/texasbeyondhistory/data/protect/trans-p/patterns/images palette-polishers.jpg
2007.11.08 09:24 B L:\TBH Website Temp\trans-p\patterns\images\pueblo-footprint.jpg --> uts.cc.utexas.edu /export/httpd/vhosts/texasbeyondhistory/data/protect/trans-p/patterns/images pueblo-footprint.jpg
2007.11.08 09:24 B L:\TBH Website Temp\trans-p\patterns\images\pottery-smoothers.jpg --> uts.cc.utexas.edu /export/httpd/vhosts/texasbeyondhistory/data/protect/trans-p/patterns/images pottery-smoothers.jpg
2007.11.08 09:24 B L:\TBH Website Temp\trans-p\patterns\images\shell.jpg --> uts.cc.utexas.edu /export/httpd/vhosts/texasbeyondhistory/data/protect/trans-p/patterns/images shell.jpg
2007.11.08 09:24 B L:\TBH Website Temp\trans-p\patterns\images\sherds.jpg --> uts.cc.utexas.edu /export/httpd/vhosts/texasbeyondhistory/data/protect/trans-p/patterns/images sherds.jpg
2007.11.08 09:24 B L:\TBH Website Temp\trans-p\patterns\images\arrow-points.jpg --> uts.cc.utexas.edu /export/httpd/vhosts/texasbeyondhistory/data/protect/trans-p/patterns/images arrow-points.jpg
2007.11.08 09:24 B L:\TBH Website Temp\trans-p\patterns\images\chupadero.jpg --> uts.cc.utexas.edu /export/httpd/vhosts/texasbeyondhistory/data/protect/trans-p/patterns/images chupadero.jpg
2007.11.08 09:24 B L:\TBH Website Temp\trans-p\patterns\images\basketry-clay.jpg --> uts.cc.utexas.edu /export/httpd/vhosts/texasbeyondhistory/data/protect/trans-p/patterns/images basketry-clay.jpg
2007.11.08 09:24 B L:\TBH Website Temp\trans-p\patterns\images\exotics.jpg --> uts.cc.utexas.edu /export/httpd/vhosts/texasbeyondhistory/data/protect/trans-p/patterns/images exotics.jpg
2007.11.08 09:24 B L:\TBH Website Temp\trans-p\patterns\images\Fire-107.jpg --> uts.cc.utexas.edu /export/httpd/vhosts/texasbeyondhistory/data/protect/trans-p/patterns/images Fire-107.jpg
2007.11.08 09:24 B L:\TBH Website Temp\trans-p\patterns\images\jewelry.jpg --> uts.cc.utexas.edu /export/httpd/vhosts/texasbeyondhistory/data/protect/trans-p/patterns/images jewelry.jpg
2007.11.08 09:24 B L:\TBH Website Temp\trans-p\patterns\images\patterns-nelson.bmp --> uts.cc.utexas.edu /export/httpd/vhosts/texasbeyondhistory/data/protect/trans-p/patterns/images patterns-nelson.bmp
2007.12.21 17:56 B L:\TBH Website Temp\trans-p\patterns\images\Thumbs.db --> uts.cc.utexas.edu /export/httpd/vhosts/texasbeyondhistory/data/protect/trans-p/patterns/images Thumbs.db
2007.12.21 17:56 B L:\TBH Website Temp\trans-p\patterns\images\WS_FTP.LOG --> uts.cc.utexas.edu /export/httpd/vhosts/texasbeyondhistory/data/protect/trans-p/patterns/images WS_FTP.LOG
2007.12.21 17:56 B L:\TBH Website Temp\trans-p\patterns\images\patterns-nelson-sm.jpg --> uts.cc.utexas.edu /export/httpd/vhosts/texasbeyondhistory/data/protect/trans-p/patterns/images patterns-nelson-sm.jpg
2007.12.21 17:56 B L:\TBH Website Temp\trans-p\patterns\images\arrow-points.html --> uts.cc.utexas.edu /export/httpd/vhosts/texasbeyondhistory/data/protect/trans-p/patterns/images arrow-points.html
2007.12.21 17:56 B L:\TBH Website Temp\trans-p\patterns\images\basketry-clay.html --> uts.cc.utexas.edu /export/httpd/vhosts/texasbeyondhistory/data/protect/trans-p/patterns/images basketry-clay.html
2007.12.21 17:56 B L:\TBH Website Temp\trans-p\patterns\images\chupadero.html --> uts.cc.utexas.edu /export/httpd/vhosts/texasbeyondhistory/data/protect/trans-p/patterns/images chupadero.html
2007.12.21 17:56 B L:\TBH Website Temp\trans-p\patterns\images\cooking-jar.html --> uts.cc.utexas.edu /export/httpd/vhosts/texasbeyondhistory/data/protect/trans-p/patterns/images cooking-jar.html
2007.12.21 17:56 B L:\TBH Website Temp\trans-p\patterns\images\corn-beans.jpg --> uts.cc.utexas.edu /export/httpd/vhosts/texasbeyondhistory/data/protect/trans-p/patterns/images corn-beans.jpg
2007.12.21 17:56 B L:\TBH Website Temp\trans-p\patterns\images\corn-beans.html --> uts.cc.utexas.edu /export/httpd/vhosts/texasbeyondhistory/data/protect/trans-p/patterns/images corn-beans.html
2007.12.21 17:56 B L:\TBH Website Temp\trans-p\patterns\images\elpaso-poly.jpg --> uts.cc.utexas.edu /export/httpd/vhosts/texasbeyondhistory/data/protect/trans-p/patterns/images elpaso-poly.jpg
2007.12.21 17:56 B L:\TBH Website Temp\trans-p\patterns\images\elpaso-poly.html --> uts.cc.utexas.edu /export/httpd/vhosts/texasbeyondhistory/data/protect/trans-p/patterns/images elpaso-poly.html
2007.12.21 17:56 B L:\TBH Website Temp\trans-p\patterns\images\jewelry-exotics.html --> uts.cc.utexas.edu /export/httpd/vhosts/texasbeyondhistory/data/protect/trans-p/patterns/images jewelry-exotics.html
2007.12.21 17:56 B L:\TBH Website Temp\trans-p\patterns\images\mano-metate.html --> uts.cc.utexas.edu /export/httpd/vhosts/texasbeyondhistory/data/protect/trans-p/patterns/images mano-metate.html
2007.12.21 17:56 B L:\TBH Website Temp\trans-p\patterns\images\grinding.jpg --> uts.cc.utexas.edu /export/httpd/vhosts/texasbeyondhistory/data/protect/trans-p/patterns/images grinding.jpg
2007.12.21 17:56 B L:\TBH Website Temp\trans-p\patterns\images\polishers-smoothers.html --> uts.cc.utexas.edu /export/httpd/vhosts/texasbeyondhistory/data/protect/trans-p/patterns/images polishers-smoothers.html
2007.12.21 17:56 B L:\TBH Website Temp\trans-p\patterns\images\pueblo-footprint.html --> uts.cc.utexas.edu /export/httpd/vhosts/texasbeyondhistory/data/protect/trans-p/patterns/images pueblo-footprint.html
2007.12.21 17:56 B L:\TBH Website Temp\trans-p\patterns\images\trans-patterns2.swf --> uts.cc.utexas.edu /export/httpd/vhosts/texasbeyondhistory/data/protect/trans-p/patterns/images trans-patterns2.swf
2007.12.21 17:56 B L:\TBH Website Temp\trans-p\patterns\images\jewelry-exotics.jpg --> uts.cc.utexas.edu /export/httpd/vhosts/texasbeyondhistory/data/protect/trans-p/patterns/images jewelry-exotics.jpg
2007.12.21 17:56 B L:\TBH Website Temp\trans-p\patterns\images\polishers-smoothers.jpg --> uts.cc.utexas.edu /export/httpd/vhosts/texasbeyondhistory/data/protect/trans-p/patterns/images polishers-smoothers.jpg
2007.12.21 17:56 B L:\TBH Website Temp\trans-p\patterns\images\patterns-nelson.jpg --> uts.cc.utexas.edu /export/httpd/vhosts/texasbeyondhistory/data/protect/trans-p/patterns/images patterns-nelson.jpg
2007.12.21 17:56 B L:\TBH Website Temp\trans-p\patterns\images\palette-polishers.jpg --> uts.cc.utexas.edu /export/httpd/vhosts/texasbeyondhistory/data/protect/trans-p/patterns/images palette-polishers.jpg
2007.12.21 17:56 B L:\TBH Website Temp\trans-p\patterns\images\pueblo-footprint.jpg --> uts.cc.utexas.edu /export/httpd/vhosts/texasbeyondhistory/data/protect/trans-p/patterns/images pueblo-footprint.jpg
2007.12.21 17:56 B L:\TBH Website Temp\trans-p\patterns\images\pottery-smoothers.jpg --> uts.cc.utexas.edu /export/httpd/vhosts/texasbeyondhistory/data/protect/trans-p/patterns/images pottery-smoothers.jpg
2007.12.21 17:56 B L:\TBH Website Temp\trans-p\patterns\images\shell.jpg --> uts.cc.utexas.edu /export/httpd/vhosts/texasbeyondhistory/data/protect/trans-p/patterns/images shell.jpg
2007.12.21 17:56 B L:\TBH Website Temp\trans-p\patterns\images\sherds.jpg --> uts.cc.utexas.edu /export/httpd/vhosts/texasbeyondhistory/data/protect/trans-p/patterns/images sherds.jpg
2007.12.21 17:56 B L:\TBH Website Temp\trans-p\patterns\images\arrow-points.jpg --> uts.cc.utexas.edu /export/httpd/vhosts/texasbeyondhistory/data/protect/trans-p/patterns/images arrow-points.jpg
2007.12.21 17:56 B L:\TBH Website Temp\trans-p\patterns\images\chupadero.jpg --> uts.cc.utexas.edu /export/httpd/vhosts/texasbeyondhistory/data/protect/trans-p/patterns/images chupadero.jpg
2007.12.21 17:56 B L:\TBH Website Temp\trans-p\patterns\images\basketry-clay.jpg --> uts.cc.utexas.edu /export/httpd/vhosts/texasbeyondhistory/data/protect/trans-p/patterns/images basketry-clay.jpg
2007.12.21 17:56 B L:\TBH Website Temp\trans-p\patterns\images\exotics.jpg --> uts.cc.utexas.edu /export/httpd/vhosts/texasbeyondhistory/data/protect/trans-p/patterns/images exotics.jpg
2007.12.21 17:56 B L:\TBH Website Temp\trans-p\patterns\images\Fire-107.jpg --> uts.cc.utexas.edu /export/httpd/vhosts/texasbeyondhistory/data/protect/trans-p/patterns/images Fire-107.jpg
2007.12.21 17:56 B L:\TBH Website Temp\trans-p\patterns\images\jewelry.jpg --> uts.cc.utexas.edu /export/httpd/vhosts/texasbeyondhistory/data/protect/trans-p/patterns/images jewelry.jpg
2007.12.21 17:56 B L:\TBH Website Temp\trans-p\patterns\images\patterns-nelson.bmp --> uts.cc.utexas.edu /export/httpd/vhosts/texasbeyondhistory/data/protect/trans-p/patterns/images patterns-nelson.bmp
2008.01.07 17:40 B K:\TBH Website Temp\trans-p\patterns\images\trans-patterns2.swf --> uts.cc.utexas.edu /export/httpd/vhosts/texasbeyondhistory/data/protect/trans-p/patterns/images trans-patterns2.swf
