2005.08.09 16:30 B L:\TBH Website Temp\hinds\images\Cop67-fur.html --> uts.cc.utexas.edu /export/httpd/vhosts/texasbeyondhistory/data/hinds/images Cop67-fur.html
2005.08.09 16:30 B L:\TBH Website Temp\hinds\images\lech-plant2.html --> uts.cc.utexas.edu /export/httpd/vhosts/texasbeyondhistory/data/hinds/images lech-plant2.html
2005.08.09 16:30 B L:\TBH Website Temp\hinds\images\landscape-map-sm.jpg --> uts.cc.utexas.edu /export/httpd/vhosts/texasbeyondhistory/data/hinds/images landscape-map-sm.jpg
2005.08.09 16:30 B L:\TBH Website Temp\hinds\images\landscape-map.jpg --> uts.cc.utexas.edu /export/httpd/vhosts/texasbeyondhistory/data/hinds/images landscape-map.jpg
2005.08.09 16:30 B L:\TBH Website Temp\hinds\images\landscape-map.html --> uts.cc.utexas.edu /export/httpd/vhosts/texasbeyondhistory/data/hinds/images landscape-map.html
2005.08.09 16:30 B L:\TBH Website Temp\hinds\images\hammerstone.html --> uts.cc.utexas.edu /export/httpd/vhosts/texasbeyondhistory/data/hinds/images hammerstone.html
2005.08.09 16:30 B L:\TBH Website Temp\hinds\images\results.html --> uts.cc.utexas.edu /export/httpd/vhosts/texasbeyondhistory/data/hinds/images results.html
2005.08.09 16:30 B L:\TBH Website Temp\hinds\images\sequence.html --> uts.cc.utexas.edu /export/httpd/vhosts/texasbeyondhistory/data/hinds/images sequence.html
2005.08.09 16:30 B L:\TBH Website Temp\hinds\images\hc-74-map.html --> uts.cc.utexas.edu /export/httpd/vhosts/texasbeyondhistory/data/hinds/images hc-74-map.html
2005.08.09 16:30 B L:\TBH Website Temp\hinds\images\hc-c14-au3-6.html --> uts.cc.utexas.edu /export/httpd/vhosts/texasbeyondhistory/data/hinds/images hc-c14-au3-6.html
2005.08.09 16:30 B L:\TBH Website Temp\hinds\images\dating.html --> uts.cc.utexas.edu /export/httpd/vhosts/texasbeyondhistory/data/hinds/images dating.html
2005.08.09 16:30 B L:\TBH Website Temp\hinds\images\analysis.html --> uts.cc.utexas.edu /export/httpd/vhosts/texasbeyondhistory/data/hinds/images analysis.html
2005.08.09 16:30 B L:\TBH Website Temp\hinds\images\strat.html --> uts.cc.utexas.edu /export/httpd/vhosts/texasbeyondhistory/data/hinds/images strat.html
2005.08.09 16:30 B L:\TBH Website Temp\hinds\images\HC76-AC-3-Nwall.html --> uts.cc.utexas.edu /export/httpd/vhosts/texasbeyondhistory/data/hinds/images HC76-AC-3-Nwall.html
2005.08.09 16:30 B L:\TBH Website Temp\hinds\images\HC76-AC-3-Nwall-sm.jpg --> uts.cc.utexas.edu /export/httpd/vhosts/texasbeyondhistory/data/hinds/images HC76-AC-3-Nwall-sm.jpg
2005.08.09 16:30 B L:\TBH Website Temp\hinds\images\HC76-AC-3-Nwall.jpg --> uts.cc.utexas.edu /export/httpd/vhosts/texasbeyondhistory/data/hinds/images HC76-AC-3-Nwall.jpg
2005.08.09 16:30 B L:\TBH Website Temp\hinds\images\methods.html --> uts.cc.utexas.edu /export/httpd/vhosts/texasbeyondhistory/data/hinds/images methods.html
2005.08.09 16:30 B L:\TBH Website Temp\hinds\images\strategy.html --> uts.cc.utexas.edu /export/httpd/vhosts/texasbeyondhistory/data/hinds/images strategy.html
2005.08.09 16:30 B L:\TBH Website Temp\hinds\images\areaa-c.html --> uts.cc.utexas.edu /export/httpd/vhosts/texasbeyondhistory/data/hinds/images areaa-c.html
2005.08.16 17:15 B L:\TBH Website Temp\hinds\images\hindskids.jpg --> uts.cc.utexas.edu /export/httpd/vhosts/texasbeyondhistory/data/hinds/images hindskids.jpg
2005.11.23 13:17 B P:\hinds\images\exploremain.swf <-- TBH /export/httpd/vhosts/texasbeyondhistory/data/hinds exploremain.swf
2006.10.02 16:47 B V:\TBH Website Temp\hinds\images\hindslesson.pdf --> uts.cc.utexas.edu /export/httpd/vhosts/texasbeyondhistory/data/hinds/images hindslesson.pdf
