2007.11.08 09:23 B L:\TBH Website Temp\trans-p\kids\make\Thumbs.db --> uts.cc.utexas.edu /export/httpd/vhosts/texasbeyondhistory/data/protect/trans-p/kids/make Thumbs.db
2007.11.08 09:23 B L:\TBH Website Temp\trans-p\kids\make\yucca-brush.htm --> uts.cc.utexas.edu /export/httpd/vhosts/texasbeyondhistory/data/protect/trans-p/kids/make yucca-brush.htm
2007.11.08 09:23 B L:\TBH Website Temp\trans-p\kids\make\design5.html --> uts.cc.utexas.edu /export/httpd/vhosts/texasbeyondhistory/data/protect/trans-p/kids/make design5.html
2007.11.08 09:23 B L:\TBH Website Temp\trans-p\kids\make\design4.html --> uts.cc.utexas.edu /export/httpd/vhosts/texasbeyondhistory/data/protect/trans-p/kids/make design4.html
2007.11.08 09:23 B L:\TBH Website Temp\trans-p\kids\make\design3.html --> uts.cc.utexas.edu /export/httpd/vhosts/texasbeyondhistory/data/protect/trans-p/kids/make design3.html
2007.11.08 09:23 B L:\TBH Website Temp\trans-p\kids\make\design2.html --> uts.cc.utexas.edu /export/httpd/vhosts/texasbeyondhistory/data/protect/trans-p/kids/make design2.html
2007.11.08 09:23 B L:\TBH Website Temp\trans-p\kids\make\design1.html --> uts.cc.utexas.edu /export/httpd/vhosts/texasbeyondhistory/data/protect/trans-p/kids/make design1.html
2007.11.08 09:23 B L:\TBH Website Temp\trans-p\kids\make\design.html --> uts.cc.utexas.edu /export/httpd/vhosts/texasbeyondhistory/data/protect/trans-p/kids/make design.html
2007.11.08 09:23 B L:\TBH Website Temp\trans-p\kids\make\design-brushes.htm --> uts.cc.utexas.edu /export/httpd/vhosts/texasbeyondhistory/data/protect/trans-p/kids/make design-brushes.htm
2007.11.08 09:23 B L:\TBH Website Temp\trans-p\kids\make\where.gif --> uts.cc.utexas.edu /export/httpd/vhosts/texasbeyondhistory/data/protect/trans-p/kids/make where.gif
2007.11.08 09:23 B L:\TBH Website Temp\trans-p\kids\make\credits.gif --> uts.cc.utexas.edu /export/httpd/vhosts/texasbeyondhistory/data/protect/trans-p/kids/make credits.gif
2007.11.08 09:23 B L:\TBH Website Temp\trans-p\kids\make\discover.gif --> uts.cc.utexas.edu /export/httpd/vhosts/texasbeyondhistory/data/protect/trans-p/kids/make discover.gif
2007.11.08 09:23 B L:\TBH Website Temp\trans-p\kids\make\who.html --> uts.cc.utexas.edu /export/httpd/vhosts/texasbeyondhistory/data/protect/trans-p/kids/make who.html
2007.11.08 09:23 B L:\TBH Website Temp\trans-p\kids\make\find.html --> uts.cc.utexas.edu /export/httpd/vhosts/texasbeyondhistory/data/protect/trans-p/kids/make find.html
2007.11.08 09:23 B L:\TBH Website Temp\trans-p\kids\make\explore.html --> uts.cc.utexas.edu /export/httpd/vhosts/texasbeyondhistory/data/protect/trans-p/kids/make explore.html
2007.11.08 09:23 B L:\TBH Website Temp\trans-p\kids\make\color.html --> uts.cc.utexas.edu /export/httpd/vhosts/texasbeyondhistory/data/protect/trans-p/kids/make color.html
2007.11.08 09:23 B L:\TBH Website Temp\trans-p\kids\make\design-brushes.jpg --> uts.cc.utexas.edu /export/httpd/vhosts/texasbeyondhistory/data/protect/trans-p/kids/make design-brushes.jpg
2007.11.08 09:23 B L:\TBH Website Temp\trans-p\kids\make\design-credits.jpg --> uts.cc.utexas.edu /export/httpd/vhosts/texasbeyondhistory/data/protect/trans-p/kids/make design-credits.jpg
2007.11.08 09:23 B L:\TBH Website Temp\trans-p\kids\make\design-paint.jpg --> uts.cc.utexas.edu /export/httpd/vhosts/texasbeyondhistory/data/protect/trans-p/kids/make design-paint.jpg
2007.11.08 09:23 B L:\TBH Website Temp\trans-p\kids\make\design-pigments.jpg --> uts.cc.utexas.edu /export/httpd/vhosts/texasbeyondhistory/data/protect/trans-p/kids/make design-pigments.jpg
2007.11.08 09:23 B L:\TBH Website Temp\trans-p\kids\make\design-create.jpg --> uts.cc.utexas.edu /export/httpd/vhosts/texasbeyondhistory/data/protect/trans-p/kids/make design-create.jpg
2007.11.08 09:23 B L:\TBH Website Temp\trans-p\kids\make\design-brushes.gif --> uts.cc.utexas.edu /export/httpd/vhosts/texasbeyondhistory/data/protect/trans-p/kids/make design-brushes.gif
2007.11.08 09:23 B L:\TBH Website Temp\trans-p\kids\make\neg1.png --> uts.cc.utexas.edu /export/httpd/vhosts/texasbeyondhistory/data/protect/trans-p/kids/make neg1.png
2007.11.08 09:23 B L:\TBH Website Temp\trans-p\kids\make\neg2.png --> uts.cc.utexas.edu /export/httpd/vhosts/texasbeyondhistory/data/protect/trans-p/kids/make neg2.png
2007.11.08 09:23 B L:\TBH Website Temp\trans-p\kids\make\handprint1.png --> uts.cc.utexas.edu /export/httpd/vhosts/texasbeyondhistory/data/protect/trans-p/kids/make handprint1.png
2007.11.08 09:23 B L:\TBH Website Temp\trans-p\kids\make\section-brushes.jpg --> uts.cc.utexas.edu /export/httpd/vhosts/texasbeyondhistory/data/protect/trans-p/kids/make section-brushes.jpg
2007.11.08 09:23 B L:\TBH Website Temp\trans-p\kids\make\design-banner.swf --> uts.cc.utexas.edu /export/httpd/vhosts/texasbeyondhistory/data/protect/trans-p/kids/make design-banner.swf
2007.11.08 09:23 B L:\TBH Website Temp\trans-p\kids\make\design-banner.fla --> uts.cc.utexas.edu /export/httpd/vhosts/texasbeyondhistory/data/protect/trans-p/kids/make design-banner.fla
2007.11.08 09:23 B L:\TBH Website Temp\trans-p\kids\make\artist.png --> uts.cc.utexas.edu /export/httpd/vhosts/texasbeyondhistory/data/protect/trans-p/kids/make artist.png
2007.11.08 09:23 B L:\TBH Website Temp\trans-p\kids\make\ocher.png --> uts.cc.utexas.edu /export/httpd/vhosts/texasbeyondhistory/data/protect/trans-p/kids/make ocher.png
2007.11.08 09:23 B L:\TBH Website Temp\trans-p\kids\make\brush.png --> uts.cc.utexas.edu /export/httpd/vhosts/texasbeyondhistory/data/protect/trans-p/kids/make brush.png
2007.11.08 09:23 B L:\TBH Website Temp\trans-p\kids\make\crush.png --> uts.cc.utexas.edu /export/httpd/vhosts/texasbeyondhistory/data/protect/trans-p/kids/make crush.png
2007.11.08 09:23 B L:\TBH Website Temp\trans-p\kids\make\hands.png --> uts.cc.utexas.edu /export/httpd/vhosts/texasbeyondhistory/data/protect/trans-p/kids/make hands.png
2007.11.08 09:23 B L:\TBH Website Temp\trans-p\kids\make\haley.png --> uts.cc.utexas.edu /export/httpd/vhosts/texasbeyondhistory/data/protect/trans-p/kids/make haley.png
2007.11.08 09:23 B L:\TBH Website Temp\trans-p\kids\make\ryan.png --> uts.cc.utexas.edu /export/httpd/vhosts/texasbeyondhistory/data/protect/trans-p/kids/make ryan.png
2007.11.08 09:23 B L:\TBH Website Temp\trans-p\kids\make\fruit.png --> uts.cc.utexas.edu /export/httpd/vhosts/texasbeyondhistory/data/protect/trans-p/kids/make fruit.png
2007.11.08 09:23 B L:\TBH Website Temp\trans-p\kids\make\jacob.png --> uts.cc.utexas.edu /export/httpd/vhosts/texasbeyondhistory/data/protect/trans-p/kids/make jacob.png
2007.11.08 09:23 B L:\TBH Website Temp\trans-p\kids\make\metate.png --> uts.cc.utexas.edu /export/httpd/vhosts/texasbeyondhistory/data/protect/trans-p/kids/make metate.png
2007.11.08 09:23 B L:\TBH Website Temp\trans-p\kids\make\paint.png --> uts.cc.utexas.edu /export/httpd/vhosts/texasbeyondhistory/data/protect/trans-p/kids/make paint.png
2007.11.08 09:23 B L:\TBH Website Temp\trans-p\kids\make\print.png --> uts.cc.utexas.edu /export/httpd/vhosts/texasbeyondhistory/data/protect/trans-p/kids/make print.png
2007.11.08 09:23 B L:\TBH Website Temp\trans-p\kids\make\title.png --> uts.cc.utexas.edu /export/httpd/vhosts/texasbeyondhistory/data/protect/trans-p/kids/make title.png
2007.11.08 09:23 B L:\TBH Website Temp\trans-p\kids\make\yucca.jpg --> uts.cc.utexas.edu /export/httpd/vhosts/texasbeyondhistory/data/protect/trans-p/kids/make yucca.jpg
2007.11.08 09:23 B L:\TBH Website Temp\trans-p\kids\make\yucca-brush.gif --> uts.cc.utexas.edu /export/httpd/vhosts/texasbeyondhistory/data/protect/trans-p/kids/make yucca-brush.gif
2007.11.08 09:23 B L:\TBH Website Temp\trans-p\kids\make\dr-dirt-artist.jpg --> uts.cc.utexas.edu /export/httpd/vhosts/texasbeyondhistory/data/protect/trans-p/kids/make dr-dirt-artist.jpg
2007.11.08 09:23 B L:\TBH Website Temp\trans-p\kids\make\why.gif --> uts.cc.utexas.edu /export/httpd/vhosts/texasbeyondhistory/data/protect/trans-p/kids/make why.gif
2007.11.08 09:23 B L:\TBH Website Temp\trans-p\kids\make\title.jpg --> uts.cc.utexas.edu /export/httpd/vhosts/texasbeyondhistory/data/protect/trans-p/kids/make title.jpg
2007.11.08 09:23 B L:\TBH Website Temp\trans-p\kids\make\mask.gif --> uts.cc.utexas.edu /export/httpd/vhosts/texasbeyondhistory/data/protect/trans-p/kids/make mask.gif
2007.11.08 09:23 B L:\TBH Website Temp\trans-p\kids\make\turtle.gif --> uts.cc.utexas.edu /export/httpd/vhosts/texasbeyondhistory/data/protect/trans-p/kids/make turtle.gif
2007.11.08 09:23 B L:\TBH Website Temp\trans-p\kids\make\color.gif --> uts.cc.utexas.edu /export/httpd/vhosts/texasbeyondhistory/data/protect/trans-p/kids/make color.gif
2007.11.08 09:23 B L:\TBH Website Temp\trans-p\kids\make\design.gif --> uts.cc.utexas.edu /export/httpd/vhosts/texasbeyondhistory/data/protect/trans-p/kids/make design.gif
2007.11.08 09:23 B L:\TBH Website Temp\trans-p\kids\make\find.gif --> uts.cc.utexas.edu /export/httpd/vhosts/texasbeyondhistory/data/protect/trans-p/kids/make find.gif
2007.11.08 09:23 B L:\TBH Website Temp\trans-p\kids\make\explore.gif --> uts.cc.utexas.edu /export/httpd/vhosts/texasbeyondhistory/data/protect/trans-p/kids/make explore.gif
2007.11.08 09:23 B L:\TBH Website Temp\trans-p\kids\make\who.gif --> uts.cc.utexas.edu /export/httpd/vhosts/texasbeyondhistory/data/protect/trans-p/kids/make who.gif
2007.11.08 09:23 B L:\TBH Website Temp\trans-p\kids\make\owl.gif --> uts.cc.utexas.edu /export/httpd/vhosts/texasbeyondhistory/data/protect/trans-p/kids/make owl.gif
2007.11.08 09:23 B L:\TBH Website Temp\trans-p\kids\make\cave-bckgrd.jpg --> uts.cc.utexas.edu /export/httpd/vhosts/texasbeyondhistory/data/protect/trans-p/kids/make cave-bckgrd.jpg
2007.11.08 09:23 B L:\TBH Website Temp\trans-p\kids\make\swfobject.js --> uts.cc.utexas.edu /export/httpd/vhosts/texasbeyondhistory/data/protect/trans-p/kids/make swfobject.js
2007.12.21 17:56 B L:\TBH Website Temp\trans-p\kids\make\WS_FTP.LOG --> uts.cc.utexas.edu /export/httpd/vhosts/texasbeyondhistory/data/protect/trans-p/kids/make WS_FTP.LOG
2007.12.21 17:56 B L:\TBH Website Temp\trans-p\kids\make\Thumbs.db --> uts.cc.utexas.edu /export/httpd/vhosts/texasbeyondhistory/data/protect/trans-p/kids/make Thumbs.db
2007.12.21 17:56 B L:\TBH Website Temp\trans-p\kids\make\yucca-brush.htm --> uts.cc.utexas.edu /export/httpd/vhosts/texasbeyondhistory/data/protect/trans-p/kids/make yucca-brush.htm
2007.12.21 17:56 B L:\TBH Website Temp\trans-p\kids\make\design5.html --> uts.cc.utexas.edu /export/httpd/vhosts/texasbeyondhistory/data/protect/trans-p/kids/make design5.html
2007.12.21 17:56 B L:\TBH Website Temp\trans-p\kids\make\design4.html --> uts.cc.utexas.edu /export/httpd/vhosts/texasbeyondhistory/data/protect/trans-p/kids/make design4.html
2007.12.21 17:56 B L:\TBH Website Temp\trans-p\kids\make\design3.html --> uts.cc.utexas.edu /export/httpd/vhosts/texasbeyondhistory/data/protect/trans-p/kids/make design3.html
2007.12.21 17:56 B L:\TBH Website Temp\trans-p\kids\make\design2.html --> uts.cc.utexas.edu /export/httpd/vhosts/texasbeyondhistory/data/protect/trans-p/kids/make design2.html
2007.12.21 17:56 B L:\TBH Website Temp\trans-p\kids\make\design1.html --> uts.cc.utexas.edu /export/httpd/vhosts/texasbeyondhistory/data/protect/trans-p/kids/make design1.html
2007.12.21 17:56 B L:\TBH Website Temp\trans-p\kids\make\design.html --> uts.cc.utexas.edu /export/httpd/vhosts/texasbeyondhistory/data/protect/trans-p/kids/make design.html
2007.12.21 17:56 B L:\TBH Website Temp\trans-p\kids\make\design-brushes.htm --> uts.cc.utexas.edu /export/httpd/vhosts/texasbeyondhistory/data/protect/trans-p/kids/make design-brushes.htm
2007.12.21 17:56 B L:\TBH Website Temp\trans-p\kids\make\where.gif --> uts.cc.utexas.edu /export/httpd/vhosts/texasbeyondhistory/data/protect/trans-p/kids/make where.gif
2007.12.21 17:56 B L:\TBH Website Temp\trans-p\kids\make\credits.gif --> uts.cc.utexas.edu /export/httpd/vhosts/texasbeyondhistory/data/protect/trans-p/kids/make credits.gif
2007.12.21 17:56 B L:\TBH Website Temp\trans-p\kids\make\discover.gif --> uts.cc.utexas.edu /export/httpd/vhosts/texasbeyondhistory/data/protect/trans-p/kids/make discover.gif
2007.12.21 17:56 B L:\TBH Website Temp\trans-p\kids\make\who.html --> uts.cc.utexas.edu /export/httpd/vhosts/texasbeyondhistory/data/protect/trans-p/kids/make who.html
2007.12.21 17:56 B L:\TBH Website Temp\trans-p\kids\make\find.html --> uts.cc.utexas.edu /export/httpd/vhosts/texasbeyondhistory/data/protect/trans-p/kids/make find.html
2007.12.21 17:56 B L:\TBH Website Temp\trans-p\kids\make\explore.html --> uts.cc.utexas.edu /export/httpd/vhosts/texasbeyondhistory/data/protect/trans-p/kids/make explore.html
2007.12.21 17:56 B L:\TBH Website Temp\trans-p\kids\make\color.html --> uts.cc.utexas.edu /export/httpd/vhosts/texasbeyondhistory/data/protect/trans-p/kids/make color.html
2007.12.21 17:56 B L:\TBH Website Temp\trans-p\kids\make\design-brushes.jpg --> uts.cc.utexas.edu /export/httpd/vhosts/texasbeyondhistory/data/protect/trans-p/kids/make design-brushes.jpg
2007.12.21 17:56 B L:\TBH Website Temp\trans-p\kids\make\design-credits.jpg --> uts.cc.utexas.edu /export/httpd/vhosts/texasbeyondhistory/data/protect/trans-p/kids/make design-credits.jpg
2007.12.21 17:56 B L:\TBH Website Temp\trans-p\kids\make\design-paint.jpg --> uts.cc.utexas.edu /export/httpd/vhosts/texasbeyondhistory/data/protect/trans-p/kids/make design-paint.jpg
2007.12.21 17:56 B L:\TBH Website Temp\trans-p\kids\make\design-pigments.jpg --> uts.cc.utexas.edu /export/httpd/vhosts/texasbeyondhistory/data/protect/trans-p/kids/make design-pigments.jpg
2007.12.21 17:56 B L:\TBH Website Temp\trans-p\kids\make\design-create.jpg --> uts.cc.utexas.edu /export/httpd/vhosts/texasbeyondhistory/data/protect/trans-p/kids/make design-create.jpg
2007.12.21 17:56 B L:\TBH Website Temp\trans-p\kids\make\design-brushes.gif --> uts.cc.utexas.edu /export/httpd/vhosts/texasbeyondhistory/data/protect/trans-p/kids/make design-brushes.gif
2007.12.21 17:56 B L:\TBH Website Temp\trans-p\kids\make\neg1.png --> uts.cc.utexas.edu /export/httpd/vhosts/texasbeyondhistory/data/protect/trans-p/kids/make neg1.png
2007.12.21 17:56 B L:\TBH Website Temp\trans-p\kids\make\neg2.png --> uts.cc.utexas.edu /export/httpd/vhosts/texasbeyondhistory/data/protect/trans-p/kids/make neg2.png
2007.12.21 17:56 B L:\TBH Website Temp\trans-p\kids\make\handprint1.png --> uts.cc.utexas.edu /export/httpd/vhosts/texasbeyondhistory/data/protect/trans-p/kids/make handprint1.png
2007.12.21 17:56 B L:\TBH Website Temp\trans-p\kids\make\section-brushes.jpg --> uts.cc.utexas.edu /export/httpd/vhosts/texasbeyondhistory/data/protect/trans-p/kids/make section-brushes.jpg
2007.12.21 17:56 B L:\TBH Website Temp\trans-p\kids\make\design-banner.swf --> uts.cc.utexas.edu /export/httpd/vhosts/texasbeyondhistory/data/protect/trans-p/kids/make design-banner.swf
2007.12.21 17:56 B L:\TBH Website Temp\trans-p\kids\make\design-banner.fla --> uts.cc.utexas.edu /export/httpd/vhosts/texasbeyondhistory/data/protect/trans-p/kids/make design-banner.fla
2007.12.21 17:56 B L:\TBH Website Temp\trans-p\kids\make\artist.png --> uts.cc.utexas.edu /export/httpd/vhosts/texasbeyondhistory/data/protect/trans-p/kids/make artist.png
2007.12.21 17:56 B L:\TBH Website Temp\trans-p\kids\make\ocher.png --> uts.cc.utexas.edu /export/httpd/vhosts/texasbeyondhistory/data/protect/trans-p/kids/make ocher.png
2007.12.21 17:56 B L:\TBH Website Temp\trans-p\kids\make\brush.png --> uts.cc.utexas.edu /export/httpd/vhosts/texasbeyondhistory/data/protect/trans-p/kids/make brush.png
2007.12.21 17:56 B L:\TBH Website Temp\trans-p\kids\make\crush.png --> uts.cc.utexas.edu /export/httpd/vhosts/texasbeyondhistory/data/protect/trans-p/kids/make crush.png
2007.12.21 17:56 B L:\TBH Website Temp\trans-p\kids\make\hands.png --> uts.cc.utexas.edu /export/httpd/vhosts/texasbeyondhistory/data/protect/trans-p/kids/make hands.png
2007.12.21 17:56 B L:\TBH Website Temp\trans-p\kids\make\haley.png --> uts.cc.utexas.edu /export/httpd/vhosts/texasbeyondhistory/data/protect/trans-p/kids/make haley.png
2007.12.21 17:56 B L:\TBH Website Temp\trans-p\kids\make\ryan.png --> uts.cc.utexas.edu /export/httpd/vhosts/texasbeyondhistory/data/protect/trans-p/kids/make ryan.png
2007.12.21 17:56 B L:\TBH Website Temp\trans-p\kids\make\fruit.png --> uts.cc.utexas.edu /export/httpd/vhosts/texasbeyondhistory/data/protect/trans-p/kids/make fruit.png
2007.12.21 17:56 B L:\TBH Website Temp\trans-p\kids\make\jacob.png --> uts.cc.utexas.edu /export/httpd/vhosts/texasbeyondhistory/data/protect/trans-p/kids/make jacob.png
2007.12.21 17:56 B L:\TBH Website Temp\trans-p\kids\make\metate.png --> uts.cc.utexas.edu /export/httpd/vhosts/texasbeyondhistory/data/protect/trans-p/kids/make metate.png
2007.12.21 17:56 B L:\TBH Website Temp\trans-p\kids\make\paint.png --> uts.cc.utexas.edu /export/httpd/vhosts/texasbeyondhistory/data/protect/trans-p/kids/make paint.png
2007.12.21 17:56 B L:\TBH Website Temp\trans-p\kids\make\print.png --> uts.cc.utexas.edu /export/httpd/vhosts/texasbeyondhistory/data/protect/trans-p/kids/make print.png
2007.12.21 17:56 B L:\TBH Website Temp\trans-p\kids\make\title.png --> uts.cc.utexas.edu /export/httpd/vhosts/texasbeyondhistory/data/protect/trans-p/kids/make title.png
2007.12.21 17:56 B L:\TBH Website Temp\trans-p\kids\make\yucca.jpg --> uts.cc.utexas.edu /export/httpd/vhosts/texasbeyondhistory/data/protect/trans-p/kids/make yucca.jpg
2007.12.21 17:56 B L:\TBH Website Temp\trans-p\kids\make\yucca-brush.gif --> uts.cc.utexas.edu /export/httpd/vhosts/texasbeyondhistory/data/protect/trans-p/kids/make yucca-brush.gif
2007.12.21 17:56 B L:\TBH Website Temp\trans-p\kids\make\dr-dirt-artist.jpg --> uts.cc.utexas.edu /export/httpd/vhosts/texasbeyondhistory/data/protect/trans-p/kids/make dr-dirt-artist.jpg
2007.12.21 17:56 B L:\TBH Website Temp\trans-p\kids\make\why.gif --> uts.cc.utexas.edu /export/httpd/vhosts/texasbeyondhistory/data/protect/trans-p/kids/make why.gif
2007.12.21 17:56 B L:\TBH Website Temp\trans-p\kids\make\title.jpg --> uts.cc.utexas.edu /export/httpd/vhosts/texasbeyondhistory/data/protect/trans-p/kids/make title.jpg
2007.12.21 17:56 B L:\TBH Website Temp\trans-p\kids\make\mask.gif --> uts.cc.utexas.edu /export/httpd/vhosts/texasbeyondhistory/data/protect/trans-p/kids/make mask.gif
2007.12.21 17:56 B L:\TBH Website Temp\trans-p\kids\make\turtle.gif --> uts.cc.utexas.edu /export/httpd/vhosts/texasbeyondhistory/data/protect/trans-p/kids/make turtle.gif
2007.12.21 17:56 B L:\TBH Website Temp\trans-p\kids\make\color.gif --> uts.cc.utexas.edu /export/httpd/vhosts/texasbeyondhistory/data/protect/trans-p/kids/make color.gif
2007.12.21 17:56 B L:\TBH Website Temp\trans-p\kids\make\design.gif --> uts.cc.utexas.edu /export/httpd/vhosts/texasbeyondhistory/data/protect/trans-p/kids/make design.gif
2007.12.21 17:56 B L:\TBH Website Temp\trans-p\kids\make\find.gif --> uts.cc.utexas.edu /export/httpd/vhosts/texasbeyondhistory/data/protect/trans-p/kids/make find.gif
2007.12.21 17:56 B L:\TBH Website Temp\trans-p\kids\make\explore.gif --> uts.cc.utexas.edu /export/httpd/vhosts/texasbeyondhistory/data/protect/trans-p/kids/make explore.gif
2007.12.21 17:56 B L:\TBH Website Temp\trans-p\kids\make\who.gif --> uts.cc.utexas.edu /export/httpd/vhosts/texasbeyondhistory/data/protect/trans-p/kids/make who.gif
2007.12.21 17:56 B L:\TBH Website Temp\trans-p\kids\make\owl.gif --> uts.cc.utexas.edu /export/httpd/vhosts/texasbeyondhistory/data/protect/trans-p/kids/make owl.gif
2007.12.21 17:56 B L:\TBH Website Temp\trans-p\kids\make\cave-bckgrd.jpg --> uts.cc.utexas.edu /export/httpd/vhosts/texasbeyondhistory/data/protect/trans-p/kids/make cave-bckgrd.jpg
2007.12.21 17:56 B L:\TBH Website Temp\trans-p\kids\make\swfobject.js --> uts.cc.utexas.edu /export/httpd/vhosts/texasbeyondhistory/data/protect/trans-p/kids/make swfobject.js
2008.01.07 17:38 B K:\TBH Website Temp\trans-p\kids\make\design5.html --> uts.cc.utexas.edu /export/httpd/vhosts/texasbeyondhistory/data/protect/trans-p/kids/make design5.html
2008.01.07 17:38 B K:\TBH Website Temp\trans-p\kids\make\design-pigments.jpg --> uts.cc.utexas.edu /export/httpd/vhosts/texasbeyondhistory/data/protect/trans-p/kids/make design-pigments.jpg
2008.01.07 17:38 B K:\TBH Website Temp\trans-p\kids\make\design1.html --> uts.cc.utexas.edu /export/httpd/vhosts/texasbeyondhistory/data/protect/trans-p/kids/make design1.html
