2001.10.11 14:52 B M:\Website Stuff\TBH Website Temp\gault\clovis.html <-- texasbeyondhistory /export/httpd/vhosts/texasbeyondhistory/data/gault clovis.html
2001.10.11 14:52 B M:\Website Stuff\TBH Website Temp\gault\clovis.html.LCK <-- texasbeyondhistory /export/httpd/vhosts/texasbeyondhistory/data/gault clovis.html.LCK
2001.10.11 14:52 B M:\Website Stuff\TBH Website Temp\gault\credits.html <-- texasbeyondhistory /export/httpd/vhosts/texasbeyondhistory/data/gault credits.html
2001.10.11 14:52 B M:\Website Stuff\TBH Website Temp\gault\credits.html.LCK <-- texasbeyondhistory /export/httpd/vhosts/texasbeyondhistory/data/gault credits.html.LCK
2001.10.11 14:52 B M:\Website Stuff\TBH Website Temp\gault\index.html <-- texasbeyondhistory /export/httpd/vhosts/texasbeyondhistory/data/gault index.html
2001.10.11 14:52 B M:\Website Stuff\TBH Website Temp\gault\index.html.LCK <-- texasbeyondhistory /export/httpd/vhosts/texasbeyondhistory/data/gault index.html.LCK
2001.10.11 14:52 B M:\Website Stuff\TBH Website Temp\gault\tas.html <-- texasbeyondhistory /export/httpd/vhosts/texasbeyondhistory/data/gault tas.html
2001.10.11 14:52 B M:\Website Stuff\TBH Website Temp\gault\tas.html.LCK <-- texasbeyondhistory /export/httpd/vhosts/texasbeyondhistory/data/gault tas.html.LCK
2001.10.17 10:14 B M:\Website Stuff\TBH Website Temp\gault\clovis.html --> uts.cc.utexas.edu /export/httpd/vhosts/texasbeyondhistory/data/gault clovis.html
2001.10.17 10:15 B M:\Website Stuff\TBH Website Temp\gault\index.html --> uts.cc.utexas.edu /export/httpd/vhosts/texasbeyondhistory/data/gault index.html
2001.10.17 10:15 B M:\Website Stuff\TBH Website Temp\gault\tas.html --> uts.cc.utexas.edu /export/httpd/vhosts/texasbeyondhistory/data/gault tas.html
2001.10.17 11:00 B M:\Website Stuff\TBH Website Temp\gault\clovis.html --> uts.cc.utexas.edu /export/httpd/vhosts/texasbeyondhistory/data/gault clovis.html
2001.10.17 11:06 B M:\Website Stuff\TBH Website Temp\gault\clovis.html --> uts.cc.utexas.edu /export/httpd/vhosts/texasbeyondhistory/data/gault clovis.html
2001.12.19 11:29 B G:\Website Stuff\TBH Website Temp\gault\clovis.html --> uts.cc.utexas.edu /export/httpd/vhosts/texasbeyondhistory/data/gault clovis.html
2003.11.19 16:47 B K:\TBH Website Temp\gault\WS_FTP.LOG <-- texasbeyondhistory /export/httpd/vhosts/texasbeyondhistory/data/gault WS_FTP.LOG
2004.06.24 10:50 B G:\TBH Website Temp\gault\index.html --> uts.cc.utexas.edu /export/httpd/vhosts/texasbeyondhistory/data/gault index.html
2004.08.16 09:42 B G:\TBH Website Temp\gault\index.html --> uts.cc.utexas.edu /export/httpd/vhosts/texasbeyondhistory/data/gault index.html
2005.04.04 12:59 B L:\TBH Website Temp\gault\1930work-lg.jpg --> uts.cc.utexas.edu /export/httpd/vhosts/texasbeyondhistory/data/gault 1930work-lg.jpg
2005.04.04 12:59 B L:\TBH Website Temp\gault\clovis.html --> uts.cc.utexas.edu /export/httpd/vhosts/texasbeyondhistory/data/gault clovis.html
2005.04.04 12:59 B L:\TBH Website Temp\gault\credits.html --> uts.cc.utexas.edu /export/httpd/vhosts/texasbeyondhistory/data/gault credits.html
2005.04.04 12:59 B L:\TBH Website Temp\gault\house.htm --> uts.cc.utexas.edu /export/httpd/vhosts/texasbeyondhistory/data/gault house.htm
2005.04.04 12:59 B L:\TBH Website Temp\gault\index.html --> uts.cc.utexas.edu /export/httpd/vhosts/texasbeyondhistory/data/gault index.html
2005.04.04 12:59 B L:\TBH Website Temp\gault\tas.html --> uts.cc.utexas.edu /export/httpd/vhosts/texasbeyondhistory/data/gault tas.html
