2001.07.25 17:06 B C:\WINDOWS\Desktop\TBH\Recent\source\_notes\head.gif.mno --> ccwf.cc.utexas.edu /home/ccwf/if/ifqv/meg/public_html/tbh/source/_notes head.gif.mno
2001.07.25 17:06 B C:\WINDOWS\Desktop\TBH\Recent\source\_notes\head_r1_c1.gif.mno --> ccwf.cc.utexas.edu /home/ccwf/if/ifqv/meg/public_html/tbh/source/_notes head_r1_c1.gif.mno
2001.07.25 17:06 B C:\WINDOWS\Desktop\TBH\Recent\source\_notes\head_r2_c1.gif.mno --> ccwf.cc.utexas.edu /home/ccwf/if/ifqv/meg/public_html/tbh/source/_notes head_r2_c1.gif.mno
2001.07.25 17:06 B C:\WINDOWS\Desktop\TBH\Recent\source\_notes\head_r2_c4.gif.mno --> ccwf.cc.utexas.edu /home/ccwf/if/ifqv/meg/public_html/tbh/source/_notes head_r2_c4.gif.mno
2001.07.25 17:06 B C:\WINDOWS\Desktop\TBH\Recent\source\_notes\head_r2_c4.jpg.mno --> ccwf.cc.utexas.edu /home/ccwf/if/ifqv/meg/public_html/tbh/source/_notes head_r2_c4.jpg.mno
2001.07.25 17:06 B C:\WINDOWS\Desktop\TBH\Recent\source\_notes\head_r2_c4_f2.gif.mno --> ccwf.cc.utexas.edu /home/ccwf/if/ifqv/meg/public_html/tbh/source/_notes head_r2_c4_f2.gif.mno
2001.07.25 17:06 B C:\WINDOWS\Desktop\TBH\Recent\source\_notes\head_r2_c4_f2.jpg.mno --> ccwf.cc.utexas.edu /home/ccwf/if/ifqv/meg/public_html/tbh/source/_notes head_r2_c4_f2.jpg.mno
2001.07.25 17:06 B C:\WINDOWS\Desktop\TBH\Recent\source\_notes\head_r2_c4_f3.jpg.mno --> ccwf.cc.utexas.edu /home/ccwf/if/ifqv/meg/public_html/tbh/source/_notes head_r2_c4_f3.jpg.mno
2001.07.25 17:06 B C:\WINDOWS\Desktop\TBH\Recent\source\_notes\head_r2_c5.gif.mno --> ccwf.cc.utexas.edu /home/ccwf/if/ifqv/meg/public_html/tbh/source/_notes head_r2_c5.gif.mno
2001.07.25 17:06 B C:\WINDOWS\Desktop\TBH\Recent\source\_notes\head_r3_c1.gif.mno --> ccwf.cc.utexas.edu /home/ccwf/if/ifqv/meg/public_html/tbh/source/_notes head_r3_c1.gif.mno
2001.07.25 17:06 B C:\WINDOWS\Desktop\TBH\Recent\source\_notes\head_r3_c2.gif.mno --> ccwf.cc.utexas.edu /home/ccwf/if/ifqv/meg/public_html/tbh/source/_notes head_r3_c2.gif.mno
2001.07.25 17:06 B C:\WINDOWS\Desktop\TBH\Recent\source\_notes\head_r3_c2.jpg.mno --> ccwf.cc.utexas.edu /home/ccwf/if/ifqv/meg/public_html/tbh/source/_notes head_r3_c2.jpg.mno
2001.07.25 17:06 B C:\WINDOWS\Desktop\TBH\Recent\source\_notes\head_r3_c2_f2.gif.mno --> ccwf.cc.utexas.edu /home/ccwf/if/ifqv/meg/public_html/tbh/source/_notes head_r3_c2_f2.gif.mno
2001.07.25 17:06 B C:\WINDOWS\Desktop\TBH\Recent\source\_notes\head_r3_c2_f2.jpg.mno --> ccwf.cc.utexas.edu /home/ccwf/if/ifqv/meg/public_html/tbh/source/_notes head_r3_c2_f2.jpg.mno
2001.07.25 17:06 B C:\WINDOWS\Desktop\TBH\Recent\source\_notes\head_r3_c2_f3.jpg.mno --> ccwf.cc.utexas.edu /home/ccwf/if/ifqv/meg/public_html/tbh/source/_notes head_r3_c2_f3.jpg.mno
2001.07.25 17:06 B C:\WINDOWS\Desktop\TBH\Recent\source\_notes\head_r3_c3.gif.mno --> ccwf.cc.utexas.edu /home/ccwf/if/ifqv/meg/public_html/tbh/source/_notes head_r3_c3.gif.mno
2001.07.25 17:06 B C:\WINDOWS\Desktop\TBH\Recent\source\_notes\head_r4_c2.gif.mno --> ccwf.cc.utexas.edu /home/ccwf/if/ifqv/meg/public_html/tbh/source/_notes head_r4_c2.gif.mno
2001.07.25 17:06 B C:\WINDOWS\Desktop\TBH\Recent\source\_notes\head_r4_c4.gif.mno --> ccwf.cc.utexas.edu /home/ccwf/if/ifqv/meg/public_html/tbh/source/_notes head_r4_c4.gif.mno
2001.07.25 17:06 B C:\WINDOWS\Desktop\TBH\Recent\source\_notes\head_r5_c4.gif.mno --> ccwf.cc.utexas.edu /home/ccwf/if/ifqv/meg/public_html/tbh/source/_notes head_r5_c4.gif.mno
2001.07.31 14:09 B C:\WINDOWS\desktop\TBH\Recent\source\_notes\head.gif.mno --> tarlserver.tarl.utexas.edu /Website Stuff/TBH Website Temp/source/_notes head.gif.mno
2001.07.31 14:09 B C:\WINDOWS\desktop\TBH\Recent\source\_notes\head_r1_c1.gif.mno --> tarlserver.tarl.utexas.edu /Website Stuff/TBH Website Temp/source/_notes head_r1_c1.gif.mno
2001.07.31 14:10 B C:\WINDOWS\desktop\TBH\Recent\source\_notes\head_r2_c1.gif.mno --> tarlserver.tarl.utexas.edu /Website Stuff/TBH Website Temp/source/_notes head_r2_c1.gif.mno
2001.07.31 14:10 B C:\WINDOWS\desktop\TBH\Recent\source\_notes\head_r2_c4.gif.mno --> tarlserver.tarl.utexas.edu /Website Stuff/TBH Website Temp/source/_notes head_r2_c4.gif.mno
2001.07.31 14:10 B C:\WINDOWS\desktop\TBH\Recent\source\_notes\head_r2_c4.jpg.mno --> tarlserver.tarl.utexas.edu /Website Stuff/TBH Website Temp/source/_notes head_r2_c4.jpg.mno
2001.07.31 14:10 B C:\WINDOWS\desktop\TBH\Recent\source\_notes\head_r2_c4_f2.gif.mno --> tarlserver.tarl.utexas.edu /Website Stuff/TBH Website Temp/source/_notes head_r2_c4_f2.gif.mno
2001.07.31 14:10 B C:\WINDOWS\desktop\TBH\Recent\source\_notes\head_r2_c4_f2.jpg.mno --> tarlserver.tarl.utexas.edu /Website Stuff/TBH Website Temp/source/_notes head_r2_c4_f2.jpg.mno
2001.07.31 14:10 B C:\WINDOWS\desktop\TBH\Recent\source\_notes\head_r2_c4_f3.jpg.mno --> tarlserver.tarl.utexas.edu /Website Stuff/TBH Website Temp/source/_notes head_r2_c4_f3.jpg.mno
2001.07.31 14:10 B C:\WINDOWS\desktop\TBH\Recent\source\_notes\head_r2_c5.gif.mno --> tarlserver.tarl.utexas.edu /Website Stuff/TBH Website Temp/source/_notes head_r2_c5.gif.mno
2001.07.31 14:10 B C:\WINDOWS\desktop\TBH\Recent\source\_notes\head_r3_c1.gif.mno --> tarlserver.tarl.utexas.edu /Website Stuff/TBH Website Temp/source/_notes head_r3_c1.gif.mno
2001.07.31 14:10 B C:\WINDOWS\desktop\TBH\Recent\source\_notes\head_r3_c2.gif.mno --> tarlserver.tarl.utexas.edu /Website Stuff/TBH Website Temp/source/_notes head_r3_c2.gif.mno
2001.07.31 14:10 B C:\WINDOWS\desktop\TBH\Recent\source\_notes\head_r3_c2.jpg.mno --> tarlserver.tarl.utexas.edu /Website Stuff/TBH Website Temp/source/_notes head_r3_c2.jpg.mno
2001.07.31 14:10 B C:\WINDOWS\desktop\TBH\Recent\source\_notes\head_r3_c2_f2.gif.mno --> tarlserver.tarl.utexas.edu /Website Stuff/TBH Website Temp/source/_notes head_r3_c2_f2.gif.mno
2001.07.31 14:10 B C:\WINDOWS\desktop\TBH\Recent\source\_notes\head_r3_c2_f2.jpg.mno --> tarlserver.tarl.utexas.edu /Website Stuff/TBH Website Temp/source/_notes head_r3_c2_f2.jpg.mno
2001.07.31 14:10 B C:\WINDOWS\desktop\TBH\Recent\source\_notes\head_r3_c2_f3.jpg.mno --> tarlserver.tarl.utexas.edu /Website Stuff/TBH Website Temp/source/_notes head_r3_c2_f3.jpg.mno
2001.07.31 14:10 B C:\WINDOWS\desktop\TBH\Recent\source\_notes\head_r3_c3.gif.mno --> tarlserver.tarl.utexas.edu /Website Stuff/TBH Website Temp/source/_notes head_r3_c3.gif.mno
2001.07.31 14:10 B C:\WINDOWS\desktop\TBH\Recent\source\_notes\head_r4_c2.gif.mno --> tarlserver.tarl.utexas.edu /Website Stuff/TBH Website Temp/source/_notes head_r4_c2.gif.mno
2001.07.31 14:10 B C:\WINDOWS\desktop\TBH\Recent\source\_notes\head_r4_c4.gif.mno --> tarlserver.tarl.utexas.edu /Website Stuff/TBH Website Temp/source/_notes head_r4_c4.gif.mno
2001.07.31 14:10 B C:\WINDOWS\desktop\TBH\Recent\source\_notes\head_r5_c4.gif.mno --> tarlserver.tarl.utexas.edu /Website Stuff/TBH Website Temp/source/_notes head_r5_c4.gif.mno
2001.07.31 14:10 B C:\WINDOWS\desktop\TBH\Recent\source\_notes\WS_FTP.LOG --> tarlserver.tarl.utexas.edu /Website Stuff/TBH Website Temp/source/_notes WS_FTP.LOG
2001.10.02 02:32 B C:\WINDOWS\Desktop\TBH\Recent\source\_notes\head.gif.mno --> uts.cc.utexas.edu /export/httpd/vhosts/texasbeyondhistory/data/source/_notes head.gif.mno
2001.10.02 02:32 B C:\WINDOWS\Desktop\TBH\Recent\source\_notes\head_r1_c1.gif.mno --> uts.cc.utexas.edu /export/httpd/vhosts/texasbeyondhistory/data/source/_notes head_r1_c1.gif.mno
2001.10.02 02:32 B C:\WINDOWS\Desktop\TBH\Recent\source\_notes\head_r2_c1.gif.mno --> uts.cc.utexas.edu /export/httpd/vhosts/texasbeyondhistory/data/source/_notes head_r2_c1.gif.mno
2001.10.02 02:32 B C:\WINDOWS\Desktop\TBH\Recent\source\_notes\head_r2_c4.gif.mno --> uts.cc.utexas.edu /export/httpd/vhosts/texasbeyondhistory/data/source/_notes head_r2_c4.gif.mno
2001.10.02 02:32 B C:\WINDOWS\Desktop\TBH\Recent\source\_notes\head_r2_c4_f2.gif.mno --> uts.cc.utexas.edu /export/httpd/vhosts/texasbeyondhistory/data/source/_notes head_r2_c4_f2.gif.mno
2001.10.02 02:32 B C:\WINDOWS\Desktop\TBH\Recent\source\_notes\head_r2_c5.gif.mno --> uts.cc.utexas.edu /export/httpd/vhosts/texasbeyondhistory/data/source/_notes head_r2_c5.gif.mno
2001.10.02 02:32 B C:\WINDOWS\Desktop\TBH\Recent\source\_notes\head_r3_c1.gif.mno --> uts.cc.utexas.edu /export/httpd/vhosts/texasbeyondhistory/data/source/_notes head_r3_c1.gif.mno
2001.10.02 02:32 B C:\WINDOWS\Desktop\TBH\Recent\source\_notes\head_r3_c2.gif.mno --> uts.cc.utexas.edu /export/httpd/vhosts/texasbeyondhistory/data/source/_notes head_r3_c2.gif.mno
2001.10.02 02:32 B C:\WINDOWS\Desktop\TBH\Recent\source\_notes\head_r3_c2_f2.gif.mno --> uts.cc.utexas.edu /export/httpd/vhosts/texasbeyondhistory/data/source/_notes head_r3_c2_f2.gif.mno
2001.10.02 02:32 B C:\WINDOWS\Desktop\TBH\Recent\source\_notes\head_r3_c3.gif.mno --> uts.cc.utexas.edu /export/httpd/vhosts/texasbeyondhistory/data/source/_notes head_r3_c3.gif.mno
2001.10.02 02:32 B C:\WINDOWS\Desktop\TBH\Recent\source\_notes\head_r4_c2.gif.mno --> uts.cc.utexas.edu /export/httpd/vhosts/texasbeyondhistory/data/source/_notes head_r4_c2.gif.mno
2001.10.02 02:32 B C:\WINDOWS\Desktop\TBH\Recent\source\_notes\head_r4_c4.gif.mno --> uts.cc.utexas.edu /export/httpd/vhosts/texasbeyondhistory/data/source/_notes head_r4_c4.gif.mno
2001.10.02 02:32 B C:\WINDOWS\Desktop\TBH\Recent\source\_notes\head_r5_c4.gif.mno --> uts.cc.utexas.edu /export/httpd/vhosts/texasbeyondhistory/data/source/_notes head_r5_c4.gif.mno
2001.10.11 15:14 B M:\Website Stuff\TBH Website Temp\source\_notes\WS_FTP.LOG <-- texasbeyondhistory /export/httpd/vhosts/texasbeyondhistory/data/source/_notes WS_FTP.LOG
2005.04.04 13:37 B L:\TBH Website Temp\source\_notes\head.gif.mno --> uts.cc.utexas.edu /export/httpd/vhosts/texasbeyondhistory/data/source/_notes head.gif.mno
2005.04.04 13:37 B L:\TBH Website Temp\source\_notes\head_r1_c1.gif.mno --> uts.cc.utexas.edu /export/httpd/vhosts/texasbeyondhistory/data/source/_notes head_r1_c1.gif.mno
2005.04.04 13:37 B L:\TBH Website Temp\source\_notes\head_r2_c1.gif.mno --> uts.cc.utexas.edu /export/httpd/vhosts/texasbeyondhistory/data/source/_notes head_r2_c1.gif.mno
2005.04.04 13:37 B L:\TBH Website Temp\source\_notes\head_r2_c4.gif.mno --> uts.cc.utexas.edu /export/httpd/vhosts/texasbeyondhistory/data/source/_notes head_r2_c4.gif.mno
2005.04.04 13:37 B L:\TBH Website Temp\source\_notes\head_r2_c4.jpg.mno --> uts.cc.utexas.edu /export/httpd/vhosts/texasbeyondhistory/data/source/_notes head_r2_c4.jpg.mno
2005.04.04 13:37 B L:\TBH Website Temp\source\_notes\head_r2_c4_f2.gif.mno --> uts.cc.utexas.edu /export/httpd/vhosts/texasbeyondhistory/data/source/_notes head_r2_c4_f2.gif.mno
2005.04.04 13:37 B L:\TBH Website Temp\source\_notes\head_r2_c4_f2.jpg.mno --> uts.cc.utexas.edu /export/httpd/vhosts/texasbeyondhistory/data/source/_notes head_r2_c4_f2.jpg.mno
2005.04.04 13:37 B L:\TBH Website Temp\source\_notes\head_r2_c4_f3.jpg.mno --> uts.cc.utexas.edu /export/httpd/vhosts/texasbeyondhistory/data/source/_notes head_r2_c4_f3.jpg.mno
2005.04.04 13:37 B L:\TBH Website Temp\source\_notes\head_r2_c5.gif.mno --> uts.cc.utexas.edu /export/httpd/vhosts/texasbeyondhistory/data/source/_notes head_r2_c5.gif.mno
2005.04.04 13:37 B L:\TBH Website Temp\source\_notes\head_r3_c1.gif.mno --> uts.cc.utexas.edu /export/httpd/vhosts/texasbeyondhistory/data/source/_notes head_r3_c1.gif.mno
2005.04.04 13:37 B L:\TBH Website Temp\source\_notes\head_r3_c2.gif.mno --> uts.cc.utexas.edu /export/httpd/vhosts/texasbeyondhistory/data/source/_notes head_r3_c2.gif.mno
2005.04.04 13:37 B L:\TBH Website Temp\source\_notes\head_r3_c2.jpg.mno --> uts.cc.utexas.edu /export/httpd/vhosts/texasbeyondhistory/data/source/_notes head_r3_c2.jpg.mno
2005.04.04 13:37 B L:\TBH Website Temp\source\_notes\head_r3_c2_f2.gif.mno --> uts.cc.utexas.edu /export/httpd/vhosts/texasbeyondhistory/data/source/_notes head_r3_c2_f2.gif.mno
2005.04.04 13:37 B L:\TBH Website Temp\source\_notes\head_r3_c2_f2.jpg.mno --> uts.cc.utexas.edu /export/httpd/vhosts/texasbeyondhistory/data/source/_notes head_r3_c2_f2.jpg.mno
2005.04.04 13:37 B L:\TBH Website Temp\source\_notes\head_r3_c2_f3.jpg.mno --> uts.cc.utexas.edu /export/httpd/vhosts/texasbeyondhistory/data/source/_notes head_r3_c2_f3.jpg.mno
2005.04.04 13:37 B L:\TBH Website Temp\source\_notes\head_r3_c3.gif.mno --> uts.cc.utexas.edu /export/httpd/vhosts/texasbeyondhistory/data/source/_notes head_r3_c3.gif.mno
2005.04.04 13:37 B L:\TBH Website Temp\source\_notes\head_r4_c2.gif.mno --> uts.cc.utexas.edu /export/httpd/vhosts/texasbeyondhistory/data/source/_notes head_r4_c2.gif.mno
2005.04.04 13:37 B L:\TBH Website Temp\source\_notes\head_r4_c4.gif.mno --> uts.cc.utexas.edu /export/httpd/vhosts/texasbeyondhistory/data/source/_notes head_r4_c4.gif.mno
2005.04.04 13:37 B L:\TBH Website Temp\source\_notes\head_r5_c4.gif.mno --> uts.cc.utexas.edu /export/httpd/vhosts/texasbeyondhistory/data/source/_notes head_r5_c4.gif.mno
2005.04.04 13:37 B L:\TBH Website Temp\source\_notes\kidshead_r10_c1.gif.mno --> uts.cc.utexas.edu /export/httpd/vhosts/texasbeyondhistory/data/source/_notes kidshead_r10_c1.gif.mno
2005.04.04 13:37 B L:\TBH Website Temp\source\_notes\kidshead_r10_c3.gif.mno --> uts.cc.utexas.edu /export/httpd/vhosts/texasbeyondhistory/data/source/_notes kidshead_r10_c3.gif.mno
2005.04.04 13:37 B L:\TBH Website Temp\source\_notes\kidshead_r10_c3_f2.gif.mno --> uts.cc.utexas.edu /export/httpd/vhosts/texasbeyondhistory/data/source/_notes kidshead_r10_c3_f2.gif.mno
2005.04.04 13:37 B L:\TBH Website Temp\source\_notes\kidshead_r10_c3_f3.gif.mno --> uts.cc.utexas.edu /export/httpd/vhosts/texasbeyondhistory/data/source/_notes kidshead_r10_c3_f3.gif.mno
2005.04.04 13:37 B L:\TBH Website Temp\source\_notes\kidshead_r10_c3_f4.gif.mno --> uts.cc.utexas.edu /export/httpd/vhosts/texasbeyondhistory/data/source/_notes kidshead_r10_c3_f4.gif.mno
2005.04.04 13:37 B L:\TBH Website Temp\source\_notes\kidshead_r10_c6.gif.mno --> uts.cc.utexas.edu /export/httpd/vhosts/texasbeyondhistory/data/source/_notes kidshead_r10_c6.gif.mno
2005.04.04 13:37 B L:\TBH Website Temp\source\_notes\kidshead_r11_c11.gif.mno --> uts.cc.utexas.edu /export/httpd/vhosts/texasbeyondhistory/data/source/_notes kidshead_r11_c11.gif.mno
2005.04.04 13:37 B L:\TBH Website Temp\source\_notes\kidshead_r11_c13.gif.mno --> uts.cc.utexas.edu /export/httpd/vhosts/texasbeyondhistory/data/source/_notes kidshead_r11_c13.gif.mno
2005.04.04 13:37 B L:\TBH Website Temp\source\_notes\kidshead_r11_c13_f2.gif.mno --> uts.cc.utexas.edu /export/httpd/vhosts/texasbeyondhistory/data/source/_notes kidshead_r11_c13_f2.gif.mno
2005.04.04 13:37 B L:\TBH Website Temp\source\_notes\kidshead_r11_c13_f3.gif.mno --> uts.cc.utexas.edu /export/httpd/vhosts/texasbeyondhistory/data/source/_notes kidshead_r11_c13_f3.gif.mno
2005.04.04 13:37 B L:\TBH Website Temp\source\_notes\kidshead_r11_c13_f4.gif.mno --> uts.cc.utexas.edu /export/httpd/vhosts/texasbeyondhistory/data/source/_notes kidshead_r11_c13_f4.gif.mno
2005.04.04 13:37 B L:\TBH Website Temp\source\_notes\kidshead_r11_c15.gif.mno --> uts.cc.utexas.edu /export/httpd/vhosts/texasbeyondhistory/data/source/_notes kidshead_r11_c15.gif.mno
2005.04.04 13:37 B L:\TBH Website Temp\source\_notes\kidshead_r11_c9.gif.mno --> uts.cc.utexas.edu /export/httpd/vhosts/texasbeyondhistory/data/source/_notes kidshead_r11_c9.gif.mno
2005.04.04 13:37 B L:\TBH Website Temp\source\_notes\kidshead_r12_c18.gif.mno --> uts.cc.utexas.edu /export/httpd/vhosts/texasbeyondhistory/data/source/_notes kidshead_r12_c18.gif.mno
2005.04.04 13:37 B L:\TBH Website Temp\source\_notes\kidshead_r13_c12.gif.mno --> uts.cc.utexas.edu /export/httpd/vhosts/texasbeyondhistory/data/source/_notes kidshead_r13_c12.gif.mno
2005.04.04 13:37 B L:\TBH Website Temp\source\_notes\kidshead_r13_c6.gif.mno --> uts.cc.utexas.edu /export/httpd/vhosts/texasbeyondhistory/data/source/_notes kidshead_r13_c6.gif.mno
2005.04.04 13:37 B L:\TBH Website Temp\source\_notes\kidshead_r13_c7.gif.mno --> uts.cc.utexas.edu /export/httpd/vhosts/texasbeyondhistory/data/source/_notes kidshead_r13_c7.gif.mno
2005.04.04 13:37 B L:\TBH Website Temp\source\_notes\kidshead_r13_c7_f2.gif.mno --> uts.cc.utexas.edu /export/httpd/vhosts/texasbeyondhistory/data/source/_notes kidshead_r13_c7_f2.gif.mno
2005.04.04 13:37 B L:\TBH Website Temp\source\_notes\kidshead_r13_c7_f3.gif.mno --> uts.cc.utexas.edu /export/httpd/vhosts/texasbeyondhistory/data/source/_notes kidshead_r13_c7_f3.gif.mno
2005.04.04 13:37 B L:\TBH Website Temp\source\_notes\kidshead_r13_c7_f4.gif.mno --> uts.cc.utexas.edu /export/httpd/vhosts/texasbeyondhistory/data/source/_notes kidshead_r13_c7_f4.gif.mno
2005.04.04 13:37 B L:\TBH Website Temp\source\_notes\kidshead_r14_c16.gif.mno --> uts.cc.utexas.edu /export/httpd/vhosts/texasbeyondhistory/data/source/_notes kidshead_r14_c16.gif.mno
2005.04.04 13:37 B L:\TBH Website Temp\source\_notes\kidshead_r14_c17.gif.mno --> uts.cc.utexas.edu /export/httpd/vhosts/texasbeyondhistory/data/source/_notes kidshead_r14_c17.gif.mno
2005.04.04 13:37 B L:\TBH Website Temp\source\_notes\kidshead_r14_c17_f2.gif.mno --> uts.cc.utexas.edu /export/httpd/vhosts/texasbeyondhistory/data/source/_notes kidshead_r14_c17_f2.gif.mno
2005.04.04 13:37 B L:\TBH Website Temp\source\_notes\kidshead_r14_c17_f3.gif.mno --> uts.cc.utexas.edu /export/httpd/vhosts/texasbeyondhistory/data/source/_notes kidshead_r14_c17_f3.gif.mno
2005.04.04 13:37 B L:\TBH Website Temp\source\_notes\kidshead_r14_c17_f4.gif.mno --> uts.cc.utexas.edu /export/httpd/vhosts/texasbeyondhistory/data/source/_notes kidshead_r14_c17_f4.gif.mno
2005.04.04 13:37 B L:\TBH Website Temp\source\_notes\kidshead_r15_c13.gif.mno --> uts.cc.utexas.edu /export/httpd/vhosts/texasbeyondhistory/data/source/_notes kidshead_r15_c13.gif.mno
2005.04.04 13:37 B L:\TBH Website Temp\source\_notes\kidshead_r16_c3.gif.mno --> uts.cc.utexas.edu /export/httpd/vhosts/texasbeyondhistory/data/source/_notes kidshead_r16_c3.gif.mno
2005.04.04 13:37 B L:\TBH Website Temp\source\_notes\kidshead_r17_c17.gif.mno --> uts.cc.utexas.edu /export/httpd/vhosts/texasbeyondhistory/data/source/_notes kidshead_r17_c17.gif.mno
2005.04.04 13:37 B L:\TBH Website Temp\source\_notes\kidshead_r1_c1.gif.mno --> uts.cc.utexas.edu /export/httpd/vhosts/texasbeyondhistory/data/source/_notes kidshead_r1_c1.gif.mno
2005.04.04 13:37 B L:\TBH Website Temp\source\_notes\kidshead_r1_c14.gif.mno --> uts.cc.utexas.edu /export/httpd/vhosts/texasbeyondhistory/data/source/_notes kidshead_r1_c14.gif.mno
2005.04.04 13:37 B L:\TBH Website Temp\source\_notes\kidshead_r1_c14_f2.gif.mno --> uts.cc.utexas.edu /export/httpd/vhosts/texasbeyondhistory/data/source/_notes kidshead_r1_c14_f2.gif.mno
2005.04.04 13:38 B L:\TBH Website Temp\source\_notes\kidshead_r1_c14_f3.gif.mno --> uts.cc.utexas.edu /export/httpd/vhosts/texasbeyondhistory/data/source/_notes kidshead_r1_c14_f3.gif.mno
2005.04.04 13:38 B L:\TBH Website Temp\source\_notes\kidshead_r1_c14_f4.gif.mno --> uts.cc.utexas.edu /export/httpd/vhosts/texasbeyondhistory/data/source/_notes kidshead_r1_c14_f4.gif.mno
2005.04.04 13:38 B L:\TBH Website Temp\source\_notes\kidshead_r1_c19.gif.mno --> uts.cc.utexas.edu /export/httpd/vhosts/texasbeyondhistory/data/source/_notes kidshead_r1_c19.gif.mno
2005.04.04 13:38 B L:\TBH Website Temp\source\_notes\kidshead_r1_c5.gif.mno --> uts.cc.utexas.edu /export/httpd/vhosts/texasbeyondhistory/data/source/_notes kidshead_r1_c5.gif.mno
2005.04.04 13:38 B L:\TBH Website Temp\source\_notes\kidshead_r1_c5_f2.gif.mno --> uts.cc.utexas.edu /export/httpd/vhosts/texasbeyondhistory/data/source/_notes kidshead_r1_c5_f2.gif.mno
2005.04.04 13:38 B L:\TBH Website Temp\source\_notes\kidshead_r1_c5_f3.gif.mno --> uts.cc.utexas.edu /export/httpd/vhosts/texasbeyondhistory/data/source/_notes kidshead_r1_c5_f3.gif.mno
2005.04.04 13:38 B L:\TBH Website Temp\source\_notes\kidshead_r1_c5_f4.gif.mno --> uts.cc.utexas.edu /export/httpd/vhosts/texasbeyondhistory/data/source/_notes kidshead_r1_c5_f4.gif.mno
2005.04.04 13:38 B L:\TBH Website Temp\source\_notes\kidshead_r2_c1.gif.mno --> uts.cc.utexas.edu /export/httpd/vhosts/texasbeyondhistory/data/source/_notes kidshead_r2_c1.gif.mno
2005.04.04 13:38 B L:\TBH Website Temp\source\_notes\kidshead_r2_c2.gif.mno --> uts.cc.utexas.edu /export/httpd/vhosts/texasbeyondhistory/data/source/_notes kidshead_r2_c2.gif.mno
2005.04.04 13:38 B L:\TBH Website Temp\source\_notes\kidshead_r2_c2_f2.gif.mno --> uts.cc.utexas.edu /export/httpd/vhosts/texasbeyondhistory/data/source/_notes kidshead_r2_c2_f2.gif.mno
2005.04.04 13:38 B L:\TBH Website Temp\source\_notes\kidshead_r2_c2_f3.gif.mno --> uts.cc.utexas.edu /export/httpd/vhosts/texasbeyondhistory/data/source/_notes kidshead_r2_c2_f3.gif.mno
2005.04.04 13:38 B L:\TBH Website Temp\source\_notes\kidshead_r2_c2_f4.gif.mno --> uts.cc.utexas.edu /export/httpd/vhosts/texasbeyondhistory/data/source/_notes kidshead_r2_c2_f4.gif.mno
2005.04.04 13:38 B L:\TBH Website Temp\source\_notes\kidshead_r2_c4.gif.mno --> uts.cc.utexas.edu /export/httpd/vhosts/texasbeyondhistory/data/source/_notes kidshead_r2_c4.gif.mno
2005.04.04 13:38 B L:\TBH Website Temp\source\_notes\kidshead_r3_c5.gif.mno --> uts.cc.utexas.edu /export/httpd/vhosts/texasbeyondhistory/data/source/_notes kidshead_r3_c5.gif.mno
2005.04.04 13:38 B L:\TBH Website Temp\source\_notes\kidshead_r4_c2.gif.mno --> uts.cc.utexas.edu /export/httpd/vhosts/texasbeyondhistory/data/source/_notes kidshead_r4_c2.gif.mno
2005.04.04 13:38 B L:\TBH Website Temp\source\_notes\kidshead_r5_c1.gif.mno --> uts.cc.utexas.edu /export/httpd/vhosts/texasbeyondhistory/data/source/_notes kidshead_r5_c1.gif.mno
2005.04.04 13:38 B L:\TBH Website Temp\source\_notes\kidshead_r5_c1_f2.gif.mno --> uts.cc.utexas.edu /export/httpd/vhosts/texasbeyondhistory/data/source/_notes kidshead_r5_c1_f2.gif.mno
2005.04.04 13:38 B L:\TBH Website Temp\source\_notes\kidshead_r5_c1_f3.gif.mno --> uts.cc.utexas.edu /export/httpd/vhosts/texasbeyondhistory/data/source/_notes kidshead_r5_c1_f3.gif.mno
2005.04.04 13:38 B L:\TBH Website Temp\source\_notes\kidshead_r5_c1_f4.gif.mno --> uts.cc.utexas.edu /export/httpd/vhosts/texasbeyondhistory/data/source/_notes kidshead_r5_c1_f4.gif.mno
2005.04.04 13:38 B L:\TBH Website Temp\source\_notes\kidshead_r5_c8.gif.mno --> uts.cc.utexas.edu /export/httpd/vhosts/texasbeyondhistory/data/source/_notes kidshead_r5_c8.gif.mno
2005.04.04 13:38 B L:\TBH Website Temp\source\_notes\kidshead_r6_c11.gif.mno --> uts.cc.utexas.edu /export/httpd/vhosts/texasbeyondhistory/data/source/_notes kidshead_r6_c11.gif.mno
2005.04.04 13:38 B L:\TBH Website Temp\source\_notes\kidshead_r6_c11_f2.gif.mno --> uts.cc.utexas.edu /export/httpd/vhosts/texasbeyondhistory/data/source/_notes kidshead_r6_c11_f2.gif.mno
2005.04.04 13:38 B L:\TBH Website Temp\source\_notes\kidshead_r6_c11_f3.gif.mno --> uts.cc.utexas.edu /export/httpd/vhosts/texasbeyondhistory/data/source/_notes kidshead_r6_c11_f3.gif.mno
2005.04.04 13:38 B L:\TBH Website Temp\source\_notes\kidshead_r6_c11_f4.gif.mno --> uts.cc.utexas.edu /export/httpd/vhosts/texasbeyondhistory/data/source/_notes kidshead_r6_c11_f4.gif.mno
2005.04.04 13:38 B L:\TBH Website Temp\source\_notes\kidshead_r6_c16.gif.mno --> uts.cc.utexas.edu /export/httpd/vhosts/texasbeyondhistory/data/source/_notes kidshead_r6_c16.gif.mno
2005.04.04 13:38 B L:\TBH Website Temp\source\_notes\kidshead_r6_c8.gif.mno --> uts.cc.utexas.edu /export/httpd/vhosts/texasbeyondhistory/data/source/_notes kidshead_r6_c8.gif.mno
2005.04.04 13:38 B L:\TBH Website Temp\source\_notes\kidshead_r7_c10.gif.mno --> uts.cc.utexas.edu /export/httpd/vhosts/texasbeyondhistory/data/source/_notes kidshead_r7_c10.gif.mno
2005.04.04 13:38 B L:\TBH Website Temp\source\_notes\kidshead_r7_c16.gif.mno --> uts.cc.utexas.edu /export/httpd/vhosts/texasbeyondhistory/data/source/_notes kidshead_r7_c16.gif.mno
2005.04.04 13:38 B L:\TBH Website Temp\source\_notes\kidshead_r7_c18.gif.mno --> uts.cc.utexas.edu /export/httpd/vhosts/texasbeyondhistory/data/source/_notes kidshead_r7_c18.gif.mno
2005.04.04 13:38 B L:\TBH Website Temp\source\_notes\kidshead_r7_c18_f2.gif.mno --> uts.cc.utexas.edu /export/httpd/vhosts/texasbeyondhistory/data/source/_notes kidshead_r7_c18_f2.gif.mno
2005.04.04 13:38 B L:\TBH Website Temp\source\_notes\kidshead_r7_c18_f3.gif.mno --> uts.cc.utexas.edu /export/httpd/vhosts/texasbeyondhistory/data/source/_notes kidshead_r7_c18_f3.gif.mno
2005.04.04 13:38 B L:\TBH Website Temp\source\_notes\kidshead_r7_c18_f4.gif.mno --> uts.cc.utexas.edu /export/httpd/vhosts/texasbeyondhistory/data/source/_notes kidshead_r7_c18_f4.gif.mno
2005.04.04 13:38 B L:\TBH Website Temp\source\_notes\kidshead_r7_c20.gif.mno --> uts.cc.utexas.edu /export/httpd/vhosts/texasbeyondhistory/data/source/_notes kidshead_r7_c20.gif.mno
2005.04.04 13:38 B L:\TBH Website Temp\source\_notes\kidshead_r7_c8.gif.mno --> uts.cc.utexas.edu /export/httpd/vhosts/texasbeyondhistory/data/source/_notes kidshead_r7_c8.gif.mno
2005.04.04 13:38 B L:\TBH Website Temp\source\_notes\kidshead_r7_c9.gif.mno --> uts.cc.utexas.edu /export/httpd/vhosts/texasbeyondhistory/data/source/_notes kidshead_r7_c9.gif.mno
2005.04.04 13:38 B L:\TBH Website Temp\source\_notes\kidshead_r7_c9_f2.gif.mno --> uts.cc.utexas.edu /export/httpd/vhosts/texasbeyondhistory/data/source/_notes kidshead_r7_c9_f2.gif.mno
2005.04.04 13:38 B L:\TBH Website Temp\source\_notes\kidshead_r7_c9_f3.gif.mno --> uts.cc.utexas.edu /export/httpd/vhosts/texasbeyondhistory/data/source/_notes kidshead_r7_c9_f3.gif.mno
2005.04.04 13:38 B L:\TBH Website Temp\source\_notes\kidshead_r7_c9_f4.gif.mno --> uts.cc.utexas.edu /export/httpd/vhosts/texasbeyondhistory/data/source/_notes kidshead_r7_c9_f4.gif.mno
2005.04.04 13:38 B L:\TBH Website Temp\source\_notes\kidshead_r8_c1.gif.mno --> uts.cc.utexas.edu /export/httpd/vhosts/texasbeyondhistory/data/source/_notes kidshead_r8_c1.gif.mno
2005.04.04 13:38 B L:\TBH Website Temp\source\_notes\kidshead_r9_c11.gif.mno --> uts.cc.utexas.edu /export/httpd/vhosts/texasbeyondhistory/data/source/_notes kidshead_r9_c11.gif.mno
