2001.10.11 15:14 B M:\Website Stuff\TBH Website Temp\special\tools\images\alibates-lg.jpg <-- texasbeyondhistory /export/httpd/vhosts/texasbeyondhistory/data/special/tools/images alibates-lg.jpg
2001.10.11 15:14 B M:\Website Stuff\TBH Website Temp\special\tools\images\alibates-sm.jpg <-- texasbeyondhistory /export/httpd/vhosts/texasbeyondhistory/data/special/tools/images alibates-sm.jpg
2001.10.11 15:14 B M:\Website Stuff\TBH Website Temp\special\tools\images\alibates.html <-- texasbeyondhistory /export/httpd/vhosts/texasbeyondhistory/data/special/tools/images alibates.html
2001.10.11 15:14 B M:\Website Stuff\TBH Website Temp\special\tools\images\cruciform-lg.jpg <-- texasbeyondhistory /export/httpd/vhosts/texasbeyondhistory/data/special/tools/images cruciform-lg.jpg
2001.10.11 15:14 B M:\Website Stuff\TBH Website Temp\special\tools\images\cruciform-sm.jpg <-- texasbeyondhistory /export/httpd/vhosts/texasbeyondhistory/data/special/tools/images cruciform-sm.jpg
2001.10.11 15:14 B M:\Website Stuff\TBH Website Temp\special\tools\images\cruciform.html <-- texasbeyondhistory /export/httpd/vhosts/texasbeyondhistory/data/special/tools/images cruciform.html
2001.10.11 15:14 B M:\Website Stuff\TBH Website Temp\special\tools\images\Lithics-MB1-lg.jpg <-- texasbeyondhistory /export/httpd/vhosts/texasbeyondhistory/data/special/tools/images Lithics-MB1-lg.jpg
2001.10.11 15:14 B M:\Website Stuff\TBH Website Temp\special\tools\images\Lithics-MB1-sm.jpg <-- texasbeyondhistory /export/httpd/vhosts/texasbeyondhistory/data/special/tools/images Lithics-MB1-sm.jpg
2001.10.11 15:14 B M:\Website Stuff\TBH Website Temp\special\tools\images\Lithics-MB1.html <-- texasbeyondhistory /export/httpd/vhosts/texasbeyondhistory/data/special/tools/images Lithics-MB1.html
2001.10.11 15:14 B M:\Website Stuff\TBH Website Temp\special\tools\images\lithics-mb10-lg.jpg <-- texasbeyondhistory /export/httpd/vhosts/texasbeyondhistory/data/special/tools/images lithics-mb10-lg.jpg
2001.10.11 15:14 B M:\Website Stuff\TBH Website Temp\special\tools\images\Lithics-MB10-sm.jpg <-- texasbeyondhistory /export/httpd/vhosts/texasbeyondhistory/data/special/tools/images Lithics-MB10-sm.jpg
2001.10.11 15:14 B M:\Website Stuff\TBH Website Temp\special\tools\images\Lithics-MB10.html <-- texasbeyondhistory /export/httpd/vhosts/texasbeyondhistory/data/special/tools/images Lithics-MB10.html
2001.10.11 15:14 B M:\Website Stuff\TBH Website Temp\special\tools\images\Lithics-MB11-lg.jpg <-- texasbeyondhistory /export/httpd/vhosts/texasbeyondhistory/data/special/tools/images Lithics-MB11-lg.jpg
2001.10.11 15:14 B M:\Website Stuff\TBH Website Temp\special\tools\images\Lithics-MB11-sm.jpg <-- texasbeyondhistory /export/httpd/vhosts/texasbeyondhistory/data/special/tools/images Lithics-MB11-sm.jpg
2001.10.11 15:14 B M:\Website Stuff\TBH Website Temp\special\tools\images\Lithics-MB11.html <-- texasbeyondhistory /export/httpd/vhosts/texasbeyondhistory/data/special/tools/images Lithics-MB11.html
2001.10.11 15:14 B M:\Website Stuff\TBH Website Temp\special\tools\images\Lithics-MB12-lg.jpg <-- texasbeyondhistory /export/httpd/vhosts/texasbeyondhistory/data/special/tools/images Lithics-MB12-lg.jpg
2001.10.11 15:14 B M:\Website Stuff\TBH Website Temp\special\tools\images\Lithics-MB12-sm.jpg <-- texasbeyondhistory /export/httpd/vhosts/texasbeyondhistory/data/special/tools/images Lithics-MB12-sm.jpg
2001.10.11 15:14 B M:\Website Stuff\TBH Website Temp\special\tools\images\Lithics-MB12.html <-- texasbeyondhistory /export/httpd/vhosts/texasbeyondhistory/data/special/tools/images Lithics-MB12.html
2001.10.11 15:14 B M:\Website Stuff\TBH Website Temp\special\tools\images\Lithics-MB13-lg.jpg <-- texasbeyondhistory /export/httpd/vhosts/texasbeyondhistory/data/special/tools/images Lithics-MB13-lg.jpg
2001.10.11 15:14 B M:\Website Stuff\TBH Website Temp\special\tools\images\Lithics-MB13-sm.jpg <-- texasbeyondhistory /export/httpd/vhosts/texasbeyondhistory/data/special/tools/images Lithics-MB13-sm.jpg
2001.10.11 15:14 B M:\Website Stuff\TBH Website Temp\special\tools\images\Lithics-MB13.html <-- texasbeyondhistory /export/httpd/vhosts/texasbeyondhistory/data/special/tools/images Lithics-MB13.html
2001.10.11 15:14 B M:\Website Stuff\TBH Website Temp\special\tools\images\Lithics-MB14-lg.jpg <-- texasbeyondhistory /export/httpd/vhosts/texasbeyondhistory/data/special/tools/images Lithics-MB14-lg.jpg
2001.10.11 15:14 B M:\Website Stuff\TBH Website Temp\special\tools\images\Lithics-MB14-sm.jpg <-- texasbeyondhistory /export/httpd/vhosts/texasbeyondhistory/data/special/tools/images Lithics-MB14-sm.jpg
2001.10.11 15:14 B M:\Website Stuff\TBH Website Temp\special\tools\images\Lithics-MB14.html <-- texasbeyondhistory /export/httpd/vhosts/texasbeyondhistory/data/special/tools/images Lithics-MB14.html
2001.10.11 15:14 B M:\Website Stuff\TBH Website Temp\special\tools\images\Lithics-MB15-lg.jpg <-- texasbeyondhistory /export/httpd/vhosts/texasbeyondhistory/data/special/tools/images Lithics-MB15-lg.jpg
2001.10.11 15:14 B M:\Website Stuff\TBH Website Temp\special\tools\images\Lithics-MB15-sm.jpg <-- texasbeyondhistory /export/httpd/vhosts/texasbeyondhistory/data/special/tools/images Lithics-MB15-sm.jpg
2001.10.11 15:14 B M:\Website Stuff\TBH Website Temp\special\tools\images\Lithics-MB15.html <-- texasbeyondhistory /export/httpd/vhosts/texasbeyondhistory/data/special/tools/images Lithics-MB15.html
2001.10.11 15:14 B M:\Website Stuff\TBH Website Temp\special\tools\images\Lithics-MB16-lg.jpg <-- texasbeyondhistory /export/httpd/vhosts/texasbeyondhistory/data/special/tools/images Lithics-MB16-lg.jpg
2001.10.11 15:14 B M:\Website Stuff\TBH Website Temp\special\tools\images\Lithics-MB16-sm.jpg <-- texasbeyondhistory /export/httpd/vhosts/texasbeyondhistory/data/special/tools/images Lithics-MB16-sm.jpg
2001.10.11 15:14 B M:\Website Stuff\TBH Website Temp\special\tools\images\Lithics-MB16.html <-- texasbeyondhistory /export/httpd/vhosts/texasbeyondhistory/data/special/tools/images Lithics-MB16.html
2001.10.11 15:14 B M:\Website Stuff\TBH Website Temp\special\tools\images\Lithics-MB17-lg.jpg <-- texasbeyondhistory /export/httpd/vhosts/texasbeyondhistory/data/special/tools/images Lithics-MB17-lg.jpg
2001.10.11 15:14 B M:\Website Stuff\TBH Website Temp\special\tools\images\Lithics-MB17-sm.jpg <-- texasbeyondhistory /export/httpd/vhosts/texasbeyondhistory/data/special/tools/images Lithics-MB17-sm.jpg
2001.10.11 15:14 B M:\Website Stuff\TBH Website Temp\special\tools\images\Lithics-MB17.html <-- texasbeyondhistory /export/httpd/vhosts/texasbeyondhistory/data/special/tools/images Lithics-MB17.html
2001.10.11 15:14 B M:\Website Stuff\TBH Website Temp\special\tools\images\Lithics-MB18-lg.jpg <-- texasbeyondhistory /export/httpd/vhosts/texasbeyondhistory/data/special/tools/images Lithics-MB18-lg.jpg
2001.10.11 15:14 B M:\Website Stuff\TBH Website Temp\special\tools\images\Lithics-MB18-sm.jpg <-- texasbeyondhistory /export/httpd/vhosts/texasbeyondhistory/data/special/tools/images Lithics-MB18-sm.jpg
2001.10.11 15:14 B M:\Website Stuff\TBH Website Temp\special\tools\images\Lithics-MB18.html <-- texasbeyondhistory /export/httpd/vhosts/texasbeyondhistory/data/special/tools/images Lithics-MB18.html
2001.10.11 15:14 B M:\Website Stuff\TBH Website Temp\special\tools\images\Lithics-MB19-lg.jpg <-- texasbeyondhistory /export/httpd/vhosts/texasbeyondhistory/data/special/tools/images Lithics-MB19-lg.jpg
2001.10.11 15:14 B M:\Website Stuff\TBH Website Temp\special\tools\images\Lithics-MB19-sm.jpg <-- texasbeyondhistory /export/httpd/vhosts/texasbeyondhistory/data/special/tools/images Lithics-MB19-sm.jpg
2001.10.11 15:14 B M:\Website Stuff\TBH Website Temp\special\tools\images\Lithics-MB19.html <-- texasbeyondhistory /export/httpd/vhosts/texasbeyondhistory/data/special/tools/images Lithics-MB19.html
2001.10.11 15:14 B M:\Website Stuff\TBH Website Temp\special\tools\images\Lithics-MB2-lg.jpg <-- texasbeyondhistory /export/httpd/vhosts/texasbeyondhistory/data/special/tools/images Lithics-MB2-lg.jpg
2001.10.11 15:14 B M:\Website Stuff\TBH Website Temp\special\tools\images\Lithics-MB2-sm.jpg <-- texasbeyondhistory /export/httpd/vhosts/texasbeyondhistory/data/special/tools/images Lithics-MB2-sm.jpg
2001.10.11 15:14 B M:\Website Stuff\TBH Website Temp\special\tools\images\Lithics-MB2.html <-- texasbeyondhistory /export/httpd/vhosts/texasbeyondhistory/data/special/tools/images Lithics-MB2.html
2001.10.11 15:14 B M:\Website Stuff\TBH Website Temp\special\tools\images\Lithics-MB20-lg.jpg <-- texasbeyondhistory /export/httpd/vhosts/texasbeyondhistory/data/special/tools/images Lithics-MB20-lg.jpg
2001.10.11 15:14 B M:\Website Stuff\TBH Website Temp\special\tools\images\Lithics-MB20-sm.jpg <-- texasbeyondhistory /export/httpd/vhosts/texasbeyondhistory/data/special/tools/images Lithics-MB20-sm.jpg
2001.10.11 15:14 B M:\Website Stuff\TBH Website Temp\special\tools\images\Lithics-MB20.html <-- texasbeyondhistory /export/httpd/vhosts/texasbeyondhistory/data/special/tools/images Lithics-MB20.html
2001.10.11 15:14 B M:\Website Stuff\TBH Website Temp\special\tools\images\Lithics-MB21-lg.jpg <-- texasbeyondhistory /export/httpd/vhosts/texasbeyondhistory/data/special/tools/images Lithics-MB21-lg.jpg
2001.10.11 15:14 B M:\Website Stuff\TBH Website Temp\special\tools\images\Lithics-MB21-sm.jpg <-- texasbeyondhistory /export/httpd/vhosts/texasbeyondhistory/data/special/tools/images Lithics-MB21-sm.jpg
2001.10.11 15:14 B M:\Website Stuff\TBH Website Temp\special\tools\images\Lithics-MB21.html <-- texasbeyondhistory /export/httpd/vhosts/texasbeyondhistory/data/special/tools/images Lithics-MB21.html
2001.10.11 15:14 B M:\Website Stuff\TBH Website Temp\special\tools\images\Lithics-MB22-lg.jpg <-- texasbeyondhistory /export/httpd/vhosts/texasbeyondhistory/data/special/tools/images Lithics-MB22-lg.jpg
2001.10.11 15:14 B M:\Website Stuff\TBH Website Temp\special\tools\images\Lithics-MB22-sm.jpg <-- texasbeyondhistory /export/httpd/vhosts/texasbeyondhistory/data/special/tools/images Lithics-MB22-sm.jpg
2001.10.11 15:14 B M:\Website Stuff\TBH Website Temp\special\tools\images\Lithics-MB22.html <-- texasbeyondhistory /export/httpd/vhosts/texasbeyondhistory/data/special/tools/images Lithics-MB22.html
2001.10.11 15:14 B M:\Website Stuff\TBH Website Temp\special\tools\images\Lithics-MB23-lg.jpg <-- texasbeyondhistory /export/httpd/vhosts/texasbeyondhistory/data/special/tools/images Lithics-MB23-lg.jpg
2001.10.11 15:14 B M:\Website Stuff\TBH Website Temp\special\tools\images\Lithics-MB23-sm.jpg <-- texasbeyondhistory /export/httpd/vhosts/texasbeyondhistory/data/special/tools/images Lithics-MB23-sm.jpg
2001.10.11 15:14 B M:\Website Stuff\TBH Website Temp\special\tools\images\Lithics-MB23.html <-- texasbeyondhistory /export/httpd/vhosts/texasbeyondhistory/data/special/tools/images Lithics-MB23.html
2001.10.11 15:14 B M:\Website Stuff\TBH Website Temp\special\tools\images\Lithics-MB24-lg.jpg <-- texasbeyondhistory /export/httpd/vhosts/texasbeyondhistory/data/special/tools/images Lithics-MB24-lg.jpg
2001.10.11 15:14 B M:\Website Stuff\TBH Website Temp\special\tools\images\Lithics-MB24-sm.jpg <-- texasbeyondhistory /export/httpd/vhosts/texasbeyondhistory/data/special/tools/images Lithics-MB24-sm.jpg
2001.10.11 15:14 B M:\Website Stuff\TBH Website Temp\special\tools\images\Lithics-MB24.html <-- texasbeyondhistory /export/httpd/vhosts/texasbeyondhistory/data/special/tools/images Lithics-MB24.html
2001.10.11 15:14 B M:\Website Stuff\TBH Website Temp\special\tools\images\Lithics-MB25-lg.jpg <-- texasbeyondhistory /export/httpd/vhosts/texasbeyondhistory/data/special/tools/images Lithics-MB25-lg.jpg
2001.10.11 15:14 B M:\Website Stuff\TBH Website Temp\special\tools\images\Lithics-MB25-sm.jpg <-- texasbeyondhistory /export/httpd/vhosts/texasbeyondhistory/data/special/tools/images Lithics-MB25-sm.jpg
2001.10.11 15:14 B M:\Website Stuff\TBH Website Temp\special\tools\images\Lithics-MB25.html <-- texasbeyondhistory /export/httpd/vhosts/texasbeyondhistory/data/special/tools/images Lithics-MB25.html
2001.10.11 15:14 B M:\Website Stuff\TBH Website Temp\special\tools\images\Lithics-MB26-lg.jpg <-- texasbeyondhistory /export/httpd/vhosts/texasbeyondhistory/data/special/tools/images Lithics-MB26-lg.jpg
2001.10.11 15:15 B M:\Website Stuff\TBH Website Temp\special\tools\images\Lithics-MB26-sm.jpg <-- texasbeyondhistory /export/httpd/vhosts/texasbeyondhistory/data/special/tools/images Lithics-MB26-sm.jpg
2001.10.11 15:15 B M:\Website Stuff\TBH Website Temp\special\tools\images\Lithics-MB26.html <-- texasbeyondhistory /export/httpd/vhosts/texasbeyondhistory/data/special/tools/images Lithics-MB26.html
2001.10.11 15:15 B M:\Website Stuff\TBH Website Temp\special\tools\images\Lithics-MB27-lg.jpg <-- texasbeyondhistory /export/httpd/vhosts/texasbeyondhistory/data/special/tools/images Lithics-MB27-lg.jpg
2001.10.11 15:15 B M:\Website Stuff\TBH Website Temp\special\tools\images\Lithics-MB27-sm.jpg <-- texasbeyondhistory /export/httpd/vhosts/texasbeyondhistory/data/special/tools/images Lithics-MB27-sm.jpg
2001.10.11 15:15 B M:\Website Stuff\TBH Website Temp\special\tools\images\Lithics-MB27.html <-- texasbeyondhistory /export/httpd/vhosts/texasbeyondhistory/data/special/tools/images Lithics-MB27.html
2001.10.11 15:15 B M:\Website Stuff\TBH Website Temp\special\tools\images\Lithics-MB28-lg.jpg <-- texasbeyondhistory /export/httpd/vhosts/texasbeyondhistory/data/special/tools/images Lithics-MB28-lg.jpg
2001.10.11 15:15 B M:\Website Stuff\TBH Website Temp\special\tools\images\Lithics-MB28-sm.jpg <-- texasbeyondhistory /export/httpd/vhosts/texasbeyondhistory/data/special/tools/images Lithics-MB28-sm.jpg
2001.10.11 15:15 B M:\Website Stuff\TBH Website Temp\special\tools\images\Lithics-MB28.html <-- texasbeyondhistory /export/httpd/vhosts/texasbeyondhistory/data/special/tools/images Lithics-MB28.html
2001.10.11 15:15 B M:\Website Stuff\TBH Website Temp\special\tools\images\Lithics-MB29-lg.jpg <-- texasbeyondhistory /export/httpd/vhosts/texasbeyondhistory/data/special/tools/images Lithics-MB29-lg.jpg
2001.10.11 15:15 B M:\Website Stuff\TBH Website Temp\special\tools\images\Lithics-MB29-sm.jpg <-- texasbeyondhistory /export/httpd/vhosts/texasbeyondhistory/data/special/tools/images Lithics-MB29-sm.jpg
2001.10.11 15:15 B M:\Website Stuff\TBH Website Temp\special\tools\images\Lithics-MB29.html <-- texasbeyondhistory /export/httpd/vhosts/texasbeyondhistory/data/special/tools/images Lithics-MB29.html
2001.10.11 15:15 B M:\Website Stuff\TBH Website Temp\special\tools\images\Lithics-MB3-lg.jpg <-- texasbeyondhistory /export/httpd/vhosts/texasbeyondhistory/data/special/tools/images Lithics-MB3-lg.jpg
2001.10.11 15:15 B M:\Website Stuff\TBH Website Temp\special\tools\images\Lithics-MB3-sm.jpg <-- texasbeyondhistory /export/httpd/vhosts/texasbeyondhistory/data/special/tools/images Lithics-MB3-sm.jpg
2001.10.11 15:15 B M:\Website Stuff\TBH Website Temp\special\tools\images\Lithics-MB3.html <-- texasbeyondhistory /export/httpd/vhosts/texasbeyondhistory/data/special/tools/images Lithics-MB3.html
2001.10.11 15:15 B M:\Website Stuff\TBH Website Temp\special\tools\images\Lithics-MB30-lg.jpg <-- texasbeyondhistory /export/httpd/vhosts/texasbeyondhistory/data/special/tools/images Lithics-MB30-lg.jpg
2001.10.11 15:15 B M:\Website Stuff\TBH Website Temp\special\tools\images\Lithics-MB30-sm.jpg <-- texasbeyondhistory /export/httpd/vhosts/texasbeyondhistory/data/special/tools/images Lithics-MB30-sm.jpg
2001.10.11 15:15 B M:\Website Stuff\TBH Website Temp\special\tools\images\Lithics-MB30.html <-- texasbeyondhistory /export/httpd/vhosts/texasbeyondhistory/data/special/tools/images Lithics-MB30.html
2001.10.11 15:15 B M:\Website Stuff\TBH Website Temp\special\tools\images\Lithics-MB31-lg.jpg <-- texasbeyondhistory /export/httpd/vhosts/texasbeyondhistory/data/special/tools/images Lithics-MB31-lg.jpg
2001.10.11 15:15 B M:\Website Stuff\TBH Website Temp\special\tools\images\Lithics-MB31-sm.jpg <-- texasbeyondhistory /export/httpd/vhosts/texasbeyondhistory/data/special/tools/images Lithics-MB31-sm.jpg
2001.10.11 15:15 B M:\Website Stuff\TBH Website Temp\special\tools\images\Lithics-MB31.html <-- texasbeyondhistory /export/httpd/vhosts/texasbeyondhistory/data/special/tools/images Lithics-MB31.html
2001.10.11 15:15 B M:\Website Stuff\TBH Website Temp\special\tools\images\Lithics-MB32-lg.jpg <-- texasbeyondhistory /export/httpd/vhosts/texasbeyondhistory/data/special/tools/images Lithics-MB32-lg.jpg
2001.10.11 15:15 B M:\Website Stuff\TBH Website Temp\special\tools\images\Lithics-MB32-sm.jpg <-- texasbeyondhistory /export/httpd/vhosts/texasbeyondhistory/data/special/tools/images Lithics-MB32-sm.jpg
2001.10.11 15:15 B M:\Website Stuff\TBH Website Temp\special\tools\images\Lithics-MB32.html <-- texasbeyondhistory /export/httpd/vhosts/texasbeyondhistory/data/special/tools/images Lithics-MB32.html
2001.10.11 15:15 B M:\Website Stuff\TBH Website Temp\special\tools\images\Lithics-MB33-lg.jpg <-- texasbeyondhistory /export/httpd/vhosts/texasbeyondhistory/data/special/tools/images Lithics-MB33-lg.jpg
2001.10.11 15:15 B M:\Website Stuff\TBH Website Temp\special\tools\images\Lithics-MB33-sm.jpg <-- texasbeyondhistory /export/httpd/vhosts/texasbeyondhistory/data/special/tools/images Lithics-MB33-sm.jpg
2001.10.11 15:15 B M:\Website Stuff\TBH Website Temp\special\tools\images\Lithics-MB33.html <-- texasbeyondhistory /export/httpd/vhosts/texasbeyondhistory/data/special/tools/images Lithics-MB33.html
2001.10.11 15:15 B M:\Website Stuff\TBH Website Temp\special\tools\images\Lithics-MB34-lg.jpg <-- texasbeyondhistory /export/httpd/vhosts/texasbeyondhistory/data/special/tools/images Lithics-MB34-lg.jpg
2001.10.11 15:15 B M:\Website Stuff\TBH Website Temp\special\tools\images\Lithics-MB34-sm.jpg <-- texasbeyondhistory /export/httpd/vhosts/texasbeyondhistory/data/special/tools/images Lithics-MB34-sm.jpg
2001.10.11 15:15 B M:\Website Stuff\TBH Website Temp\special\tools\images\Lithics-MB34.html <-- texasbeyondhistory /export/httpd/vhosts/texasbeyondhistory/data/special/tools/images Lithics-MB34.html
2001.10.11 15:15 B M:\Website Stuff\TBH Website Temp\special\tools\images\Lithics-MB35-lg.jpg <-- texasbeyondhistory /export/httpd/vhosts/texasbeyondhistory/data/special/tools/images Lithics-MB35-lg.jpg
2001.10.11 15:15 B M:\Website Stuff\TBH Website Temp\special\tools\images\Lithics-MB35-sm.jpg <-- texasbeyondhistory /export/httpd/vhosts/texasbeyondhistory/data/special/tools/images Lithics-MB35-sm.jpg
2001.10.11 15:15 B M:\Website Stuff\TBH Website Temp\special\tools\images\Lithics-MB35.html <-- texasbeyondhistory /export/httpd/vhosts/texasbeyondhistory/data/special/tools/images Lithics-MB35.html
2001.10.11 15:15 B M:\Website Stuff\TBH Website Temp\special\tools\images\Lithics-MB36-lg.jpg <-- texasbeyondhistory /export/httpd/vhosts/texasbeyondhistory/data/special/tools/images Lithics-MB36-lg.jpg
2001.10.11 15:15 B M:\Website Stuff\TBH Website Temp\special\tools\images\Lithics-MB36-sm.jpg <-- texasbeyondhistory /export/httpd/vhosts/texasbeyondhistory/data/special/tools/images Lithics-MB36-sm.jpg
2001.10.11 15:15 B M:\Website Stuff\TBH Website Temp\special\tools\images\Lithics-MB36.html <-- texasbeyondhistory /export/httpd/vhosts/texasbeyondhistory/data/special/tools/images Lithics-MB36.html
2001.10.11 15:15 B M:\Website Stuff\TBH Website Temp\special\tools\images\Lithics-MB37-lg.jpg <-- texasbeyondhistory /export/httpd/vhosts/texasbeyondhistory/data/special/tools/images Lithics-MB37-lg.jpg
2001.10.11 15:15 B M:\Website Stuff\TBH Website Temp\special\tools\images\Lithics-MB37-sm.jpg <-- texasbeyondhistory /export/httpd/vhosts/texasbeyondhistory/data/special/tools/images Lithics-MB37-sm.jpg
2001.10.11 15:15 B M:\Website Stuff\TBH Website Temp\special\tools\images\Lithics-MB37.html <-- texasbeyondhistory /export/httpd/vhosts/texasbeyondhistory/data/special/tools/images Lithics-MB37.html
2001.10.11 15:15 B M:\Website Stuff\TBH Website Temp\special\tools\images\Lithics-MB38-lg.jpg <-- texasbeyondhistory /export/httpd/vhosts/texasbeyondhistory/data/special/tools/images Lithics-MB38-lg.jpg
2001.10.11 15:15 B M:\Website Stuff\TBH Website Temp\special\tools\images\Lithics-MB38-sm.jpg <-- texasbeyondhistory /export/httpd/vhosts/texasbeyondhistory/data/special/tools/images Lithics-MB38-sm.jpg
2001.10.11 15:15 B M:\Website Stuff\TBH Website Temp\special\tools\images\Lithics-MB38.html <-- texasbeyondhistory /export/httpd/vhosts/texasbeyondhistory/data/special/tools/images Lithics-MB38.html
2001.10.11 15:15 B M:\Website Stuff\TBH Website Temp\special\tools\images\Lithics-MB39-lg.jpg <-- texasbeyondhistory /export/httpd/vhosts/texasbeyondhistory/data/special/tools/images Lithics-MB39-lg.jpg
2001.10.11 15:15 B M:\Website Stuff\TBH Website Temp\special\tools\images\Lithics-MB39-sm.jpg <-- texasbeyondhistory /export/httpd/vhosts/texasbeyondhistory/data/special/tools/images Lithics-MB39-sm.jpg
2001.10.11 15:15 B M:\Website Stuff\TBH Website Temp\special\tools\images\Lithics-MB39.html <-- texasbeyondhistory /export/httpd/vhosts/texasbeyondhistory/data/special/tools/images Lithics-MB39.html
2001.10.11 15:15 B M:\Website Stuff\TBH Website Temp\special\tools\images\Lithics-MB4-lg.jpg <-- texasbeyondhistory /export/httpd/vhosts/texasbeyondhistory/data/special/tools/images Lithics-MB4-lg.jpg
2001.10.11 15:15 B M:\Website Stuff\TBH Website Temp\special\tools\images\Lithics-MB4-sm.jpg <-- texasbeyondhistory /export/httpd/vhosts/texasbeyondhistory/data/special/tools/images Lithics-MB4-sm.jpg
2001.10.11 15:15 B M:\Website Stuff\TBH Website Temp\special\tools\images\Lithics-MB4.html <-- texasbeyondhistory /export/httpd/vhosts/texasbeyondhistory/data/special/tools/images Lithics-MB4.html
2001.10.11 15:15 B M:\Website Stuff\TBH Website Temp\special\tools\images\Lithics-MB40-lg.jpg <-- texasbeyondhistory /export/httpd/vhosts/texasbeyondhistory/data/special/tools/images Lithics-MB40-lg.jpg
2001.10.11 15:15 B M:\Website Stuff\TBH Website Temp\special\tools\images\Lithics-MB40-sm.jpg <-- texasbeyondhistory /export/httpd/vhosts/texasbeyondhistory/data/special/tools/images Lithics-MB40-sm.jpg
2001.10.11 15:15 B M:\Website Stuff\TBH Website Temp\special\tools\images\Lithics-MB40.html <-- texasbeyondhistory /export/httpd/vhosts/texasbeyondhistory/data/special/tools/images Lithics-MB40.html
2001.10.11 15:15 B M:\Website Stuff\TBH Website Temp\special\tools\images\Lithics-MB41-lg.jpg <-- texasbeyondhistory /export/httpd/vhosts/texasbeyondhistory/data/special/tools/images Lithics-MB41-lg.jpg
2001.10.11 15:15 B M:\Website Stuff\TBH Website Temp\special\tools\images\Lithics-MB41-sm.jpg <-- texasbeyondhistory /export/httpd/vhosts/texasbeyondhistory/data/special/tools/images Lithics-MB41-sm.jpg
2001.10.11 15:15 B M:\Website Stuff\TBH Website Temp\special\tools\images\Lithics-MB41.html <-- texasbeyondhistory /export/httpd/vhosts/texasbeyondhistory/data/special/tools/images Lithics-MB41.html
2001.10.11 15:15 B M:\Website Stuff\TBH Website Temp\special\tools\images\Lithics-MB42-lg.jpg <-- texasbeyondhistory /export/httpd/vhosts/texasbeyondhistory/data/special/tools/images Lithics-MB42-lg.jpg
2001.10.11 15:15 B M:\Website Stuff\TBH Website Temp\special\tools\images\Lithics-MB42-sm.jpg <-- texasbeyondhistory /export/httpd/vhosts/texasbeyondhistory/data/special/tools/images Lithics-MB42-sm.jpg
2001.10.11 15:15 B M:\Website Stuff\TBH Website Temp\special\tools\images\Lithics-MB42.html <-- texasbeyondhistory /export/httpd/vhosts/texasbeyondhistory/data/special/tools/images Lithics-MB42.html
2001.10.11 15:15 B M:\Website Stuff\TBH Website Temp\special\tools\images\Lithics-MB43-lg.jpg <-- texasbeyondhistory /export/httpd/vhosts/texasbeyondhistory/data/special/tools/images Lithics-MB43-lg.jpg
2001.10.11 15:15 B M:\Website Stuff\TBH Website Temp\special\tools\images\Lithics-MB43-sm.jpg <-- texasbeyondhistory /export/httpd/vhosts/texasbeyondhistory/data/special/tools/images Lithics-MB43-sm.jpg
2001.10.11 15:15 B M:\Website Stuff\TBH Website Temp\special\tools\images\Lithics-MB43.html <-- texasbeyondhistory /export/httpd/vhosts/texasbeyondhistory/data/special/tools/images Lithics-MB43.html
2001.10.11 15:15 B M:\Website Stuff\TBH Website Temp\special\tools\images\Lithics-MB44-lg.jpg <-- texasbeyondhistory /export/httpd/vhosts/texasbeyondhistory/data/special/tools/images Lithics-MB44-lg.jpg
2001.10.11 15:15 B M:\Website Stuff\TBH Website Temp\special\tools\images\Lithics-MB44-sm.jpg <-- texasbeyondhistory /export/httpd/vhosts/texasbeyondhistory/data/special/tools/images Lithics-MB44-sm.jpg
2001.10.11 15:15 B M:\Website Stuff\TBH Website Temp\special\tools\images\Lithics-MB44.html <-- texasbeyondhistory /export/httpd/vhosts/texasbeyondhistory/data/special/tools/images Lithics-MB44.html
2001.10.11 15:15 B M:\Website Stuff\TBH Website Temp\special\tools\images\Lithics-MB45-lg.jpg <-- texasbeyondhistory /export/httpd/vhosts/texasbeyondhistory/data/special/tools/images Lithics-MB45-lg.jpg
2001.10.11 15:15 B M:\Website Stuff\TBH Website Temp\special\tools\images\Lithics-MB45-sm.jpg <-- texasbeyondhistory /export/httpd/vhosts/texasbeyondhistory/data/special/tools/images Lithics-MB45-sm.jpg
2001.10.11 15:15 B M:\Website Stuff\TBH Website Temp\special\tools\images\Lithics-MB45.html <-- texasbeyondhistory /export/httpd/vhosts/texasbeyondhistory/data/special/tools/images Lithics-MB45.html
2001.10.11 15:15 B M:\Website Stuff\TBH Website Temp\special\tools\images\Lithics-MB46-lg.jpg <-- texasbeyondhistory /export/httpd/vhosts/texasbeyondhistory/data/special/tools/images Lithics-MB46-lg.jpg
2001.10.11 15:15 B M:\Website Stuff\TBH Website Temp\special\tools\images\Lithics-MB46-sm.jpg <-- texasbeyondhistory /export/httpd/vhosts/texasbeyondhistory/data/special/tools/images Lithics-MB46-sm.jpg
2001.10.11 15:15 B M:\Website Stuff\TBH Website Temp\special\tools\images\Lithics-MB46.html <-- texasbeyondhistory /export/httpd/vhosts/texasbeyondhistory/data/special/tools/images Lithics-MB46.html
2001.10.11 15:15 B M:\Website Stuff\TBH Website Temp\special\tools\images\Lithics-MB47-lg.jpg <-- texasbeyondhistory /export/httpd/vhosts/texasbeyondhistory/data/special/tools/images Lithics-MB47-lg.jpg
2001.10.11 15:15 B M:\Website Stuff\TBH Website Temp\special\tools\images\Lithics-MB47-sm.jpg <-- texasbeyondhistory /export/httpd/vhosts/texasbeyondhistory/data/special/tools/images Lithics-MB47-sm.jpg
2001.10.11 15:15 B M:\Website Stuff\TBH Website Temp\special\tools\images\Lithics-MB47.html <-- texasbeyondhistory /export/httpd/vhosts/texasbeyondhistory/data/special/tools/images Lithics-MB47.html
2001.10.11 15:15 B M:\Website Stuff\TBH Website Temp\special\tools\images\Lithics-MB50-lg.jpg <-- texasbeyondhistory /export/httpd/vhosts/texasbeyondhistory/data/special/tools/images Lithics-MB50-lg.jpg
2001.10.11 15:15 B M:\Website Stuff\TBH Website Temp\special\tools\images\Lithics-MB50-sm.jpg <-- texasbeyondhistory /export/httpd/vhosts/texasbeyondhistory/data/special/tools/images Lithics-MB50-sm.jpg
2001.10.11 15:15 B M:\Website Stuff\TBH Website Temp\special\tools\images\Lithics-MB50.html <-- texasbeyondhistory /export/httpd/vhosts/texasbeyondhistory/data/special/tools/images Lithics-MB50.html
2001.10.11 15:15 B M:\Website Stuff\TBH Website Temp\special\tools\images\Lithics-MB51-lg.jpg <-- texasbeyondhistory /export/httpd/vhosts/texasbeyondhistory/data/special/tools/images Lithics-MB51-lg.jpg
2001.10.11 15:15 B M:\Website Stuff\TBH Website Temp\special\tools\images\Lithics-MB51-sm.jpg <-- texasbeyondhistory /export/httpd/vhosts/texasbeyondhistory/data/special/tools/images Lithics-MB51-sm.jpg
2001.10.11 15:15 B M:\Website Stuff\TBH Website Temp\special\tools\images\Lithics-MB51.html <-- texasbeyondhistory /export/httpd/vhosts/texasbeyondhistory/data/special/tools/images Lithics-MB51.html
2001.10.11 15:15 B M:\Website Stuff\TBH Website Temp\special\tools\images\Lithics-MB52-lg.jpg <-- texasbeyondhistory /export/httpd/vhosts/texasbeyondhistory/data/special/tools/images Lithics-MB52-lg.jpg
2001.10.11 15:15 B M:\Website Stuff\TBH Website Temp\special\tools\images\Lithics-MB52-sm.jpg <-- texasbeyondhistory /export/httpd/vhosts/texasbeyondhistory/data/special/tools/images Lithics-MB52-sm.jpg
2001.10.11 15:15 B M:\Website Stuff\TBH Website Temp\special\tools\images\Lithics-MB52.html <-- texasbeyondhistory /export/httpd/vhosts/texasbeyondhistory/data/special/tools/images Lithics-MB52.html
2001.10.11 15:15 B M:\Website Stuff\TBH Website Temp\special\tools\images\Lithics-MB53-lg.jpg <-- texasbeyondhistory /export/httpd/vhosts/texasbeyondhistory/data/special/tools/images Lithics-MB53-lg.jpg
2001.10.11 15:15 B M:\Website Stuff\TBH Website Temp\special\tools\images\Lithics-MB53-sm.jpg <-- texasbeyondhistory /export/httpd/vhosts/texasbeyondhistory/data/special/tools/images Lithics-MB53-sm.jpg
2001.10.11 15:15 B M:\Website Stuff\TBH Website Temp\special\tools\images\Lithics-MB53.html <-- texasbeyondhistory /export/httpd/vhosts/texasbeyondhistory/data/special/tools/images Lithics-MB53.html
2001.10.11 15:15 B M:\Website Stuff\TBH Website Temp\special\tools\images\Lithics-MB54-lg.jpg <-- texasbeyondhistory /export/httpd/vhosts/texasbeyondhistory/data/special/tools/images Lithics-MB54-lg.jpg
2001.10.11 15:15 B M:\Website Stuff\TBH Website Temp\special\tools\images\Lithics-MB54-sm.jpg <-- texasbeyondhistory /export/httpd/vhosts/texasbeyondhistory/data/special/tools/images Lithics-MB54-sm.jpg
2001.10.11 15:15 B M:\Website Stuff\TBH Website Temp\special\tools\images\Lithics-MB54.html <-- texasbeyondhistory /export/httpd/vhosts/texasbeyondhistory/data/special/tools/images Lithics-MB54.html
2001.10.11 15:15 B M:\Website Stuff\TBH Website Temp\special\tools\images\Lithics-MB55-lg.jpg <-- texasbeyondhistory /export/httpd/vhosts/texasbeyondhistory/data/special/tools/images Lithics-MB55-lg.jpg
2001.10.11 15:15 B M:\Website Stuff\TBH Website Temp\special\tools\images\Lithics-MB55-sm.jpg <-- texasbeyondhistory /export/httpd/vhosts/texasbeyondhistory/data/special/tools/images Lithics-MB55-sm.jpg
2001.10.11 15:15 B M:\Website Stuff\TBH Website Temp\special\tools\images\Lithics-MB55.html <-- texasbeyondhistory /export/httpd/vhosts/texasbeyondhistory/data/special/tools/images Lithics-MB55.html
2001.10.11 15:15 B M:\Website Stuff\TBH Website Temp\special\tools\images\Lithics-MB56-lg.jpg <-- texasbeyondhistory /export/httpd/vhosts/texasbeyondhistory/data/special/tools/images Lithics-MB56-lg.jpg
2001.10.11 15:15 B M:\Website Stuff\TBH Website Temp\special\tools\images\Lithics-MB56-sm.jpg <-- texasbeyondhistory /export/httpd/vhosts/texasbeyondhistory/data/special/tools/images Lithics-MB56-sm.jpg
2001.10.11 15:15 B M:\Website Stuff\TBH Website Temp\special\tools\images\Lithics-MB56.html <-- texasbeyondhistory /export/httpd/vhosts/texasbeyondhistory/data/special/tools/images Lithics-MB56.html
2001.10.11 15:15 B M:\Website Stuff\TBH Website Temp\special\tools\images\Lithics-MB57-lg.jpg <-- texasbeyondhistory /export/httpd/vhosts/texasbeyondhistory/data/special/tools/images Lithics-MB57-lg.jpg
2001.10.11 15:15 B M:\Website Stuff\TBH Website Temp\special\tools\images\Lithics-MB57-sm.jpg <-- texasbeyondhistory /export/httpd/vhosts/texasbeyondhistory/data/special/tools/images Lithics-MB57-sm.jpg
2001.10.11 15:15 B M:\Website Stuff\TBH Website Temp\special\tools\images\Lithics-MB57.html <-- texasbeyondhistory /export/httpd/vhosts/texasbeyondhistory/data/special/tools/images Lithics-MB57.html
2001.10.11 15:15 B M:\Website Stuff\TBH Website Temp\special\tools\images\Lithics-MB58-lg.jpg <-- texasbeyondhistory /export/httpd/vhosts/texasbeyondhistory/data/special/tools/images Lithics-MB58-lg.jpg
2001.10.11 15:15 B M:\Website Stuff\TBH Website Temp\special\tools\images\Lithics-MB58-sm.jpg <-- texasbeyondhistory /export/httpd/vhosts/texasbeyondhistory/data/special/tools/images Lithics-MB58-sm.jpg
2001.10.11 15:15 B M:\Website Stuff\TBH Website Temp\special\tools\images\Lithics-MB58.html <-- texasbeyondhistory /export/httpd/vhosts/texasbeyondhistory/data/special/tools/images Lithics-MB58.html
2001.10.11 15:15 B M:\Website Stuff\TBH Website Temp\special\tools\images\Lithics-MB6-lg.jpg <-- texasbeyondhistory /export/httpd/vhosts/texasbeyondhistory/data/special/tools/images Lithics-MB6-lg.jpg
2001.10.11 15:15 B M:\Website Stuff\TBH Website Temp\special\tools\images\Lithics-MB6-sm.jpg <-- texasbeyondhistory /export/httpd/vhosts/texasbeyondhistory/data/special/tools/images Lithics-MB6-sm.jpg
2001.10.11 15:15 B M:\Website Stuff\TBH Website Temp\special\tools\images\Lithics-MB6.html <-- texasbeyondhistory /export/httpd/vhosts/texasbeyondhistory/data/special/tools/images Lithics-MB6.html
2001.10.11 15:15 B M:\Website Stuff\TBH Website Temp\special\tools\images\Lithics-MB7-lg.jpg <-- texasbeyondhistory /export/httpd/vhosts/texasbeyondhistory/data/special/tools/images Lithics-MB7-lg.jpg
2001.10.11 15:15 B M:\Website Stuff\TBH Website Temp\special\tools\images\Lithics-MB7-sm.jpg <-- texasbeyondhistory /export/httpd/vhosts/texasbeyondhistory/data/special/tools/images Lithics-MB7-sm.jpg
2001.10.11 15:15 B M:\Website Stuff\TBH Website Temp\special\tools\images\Lithics-MB7.html <-- texasbeyondhistory /export/httpd/vhosts/texasbeyondhistory/data/special/tools/images Lithics-MB7.html
2001.10.11 15:15 B M:\Website Stuff\TBH Website Temp\special\tools\images\Lithics-MB8-lg.jpg <-- texasbeyondhistory /export/httpd/vhosts/texasbeyondhistory/data/special/tools/images Lithics-MB8-lg.jpg
2001.10.11 15:15 B M:\Website Stuff\TBH Website Temp\special\tools\images\Lithics-MB8-sm.jpg <-- texasbeyondhistory /export/httpd/vhosts/texasbeyondhistory/data/special/tools/images Lithics-MB8-sm.jpg
2001.10.11 15:15 B M:\Website Stuff\TBH Website Temp\special\tools\images\Lithics-MB8.html <-- texasbeyondhistory /export/httpd/vhosts/texasbeyondhistory/data/special/tools/images Lithics-MB8.html
2001.10.11 15:15 B M:\Website Stuff\TBH Website Temp\special\tools\images\Lithics-MB9-lg.jpg <-- texasbeyondhistory /export/httpd/vhosts/texasbeyondhistory/data/special/tools/images Lithics-MB9-lg.jpg
2001.10.11 15:15 B M:\Website Stuff\TBH Website Temp\special\tools\images\Lithics-MB9-sm.jpg <-- texasbeyondhistory /export/httpd/vhosts/texasbeyondhistory/data/special/tools/images Lithics-MB9-sm.jpg
2001.10.11 15:15 B M:\Website Stuff\TBH Website Temp\special\tools\images\Lithics-MB9.html <-- texasbeyondhistory /export/httpd/vhosts/texasbeyondhistory/data/special/tools/images Lithics-MB9.html
2001.10.11 15:15 B M:\Website Stuff\TBH Website Temp\special\tools\images\mb10-lg.jpg <-- texasbeyondhistory /export/httpd/vhosts/texasbeyondhistory/data/special/tools/images mb10-lg.jpg
2001.10.11 15:15 B M:\Website Stuff\TBH Website Temp\special\tools\images\obsidian-lg.jpg <-- texasbeyondhistory /export/httpd/vhosts/texasbeyondhistory/data/special/tools/images obsidian-lg.jpg
2001.10.11 15:15 B M:\Website Stuff\TBH Website Temp\special\tools\images\obsidian-sm.jpg <-- texasbeyondhistory /export/httpd/vhosts/texasbeyondhistory/data/special/tools/images obsidian-sm.jpg
2001.10.11 15:15 B M:\Website Stuff\TBH Website Temp\special\tools\images\obsidian.html <-- texasbeyondhistory /export/httpd/vhosts/texasbeyondhistory/data/special/tools/images obsidian.html
2001.10.11 15:15 B M:\Website Stuff\TBH Website Temp\special\tools\images\toolshead.jpg <-- texasbeyondhistory /export/httpd/vhosts/texasbeyondhistory/data/special/tools/images toolshead.jpg
