2003.07.08 14:33 B G:\Website Stuff\TBH Website Temp\forts\davis\images\barracks.html --> uts.cc.utexas.edu /export/httpd/vhosts/texasbeyondhistory/data/forts/davis/images barracks.html
2003.07.08 14:33 B G:\Website Stuff\TBH Website Temp\forts\davis\images\barracksinterior.html --> uts.cc.utexas.edu /export/httpd/vhosts/texasbeyondhistory/data/forts/davis/images barracksinterior.html
2003.07.08 14:33 B G:\Website Stuff\TBH Website Temp\forts\davis\images\jrofficers.html --> uts.cc.utexas.edu /export/httpd/vhosts/texasbeyondhistory/data/forts/davis/images jrofficers.html
2003.07.08 14:34 B G:\Website Stuff\TBH Website Temp\forts\davis\images\merritt.html --> uts.cc.utexas.edu /export/httpd/vhosts/texasbeyondhistory/data/forts/davis/images merritt.html
2003.07.08 14:34 B G:\Website Stuff\TBH Website Temp\forts\davis\images\officersrow.html --> uts.cc.utexas.edu /export/httpd/vhosts/texasbeyondhistory/data/forts/davis/images officersrow.html
2003.07.08 14:34 B G:\Website Stuff\TBH Website Temp\forts\davis\images\grierson.html --> uts.cc.utexas.edu /export/httpd/vhosts/texasbeyondhistory/data/forts/davis/images grierson.html
2003.07.08 14:40 B G:\Website Stuff\TBH Website Temp\forts\davis\images\victorio.html --> uts.cc.utexas.edu /export/httpd/vhosts/texasbeyondhistory/data/forts/davis/images victorio.html
2003.07.08 14:42 B G:\Website Stuff\TBH Website Temp\forts\davis\images\surgeon.html --> uts.cc.utexas.edu /export/httpd/vhosts/texasbeyondhistory/data/forts/davis/images surgeon.html
2003.07.11 14:54 B G:\Website Stuff\TBH Website Temp\forts\davis\images\cottonwoods.html --> uts.cc.utexas.edu /export/httpd/vhosts/texasbeyondhistory/data/forts/davis/images cottonwoods.html
2005.01.10 14:47 B G:\TBH Website Temp\forts\davis\images\comanchemap-lg.gif --> uts.cc.utexas.edu /export/httpd/vhosts/texasbeyondhistory/data/forts/davis/images comanchemap-lg.gif
2005.01.10 14:48 B G:\TBH Website Temp\forts\davis\images\comanchemap-sm.gif --> uts.cc.utexas.edu /export/httpd/vhosts/texasbeyondhistory/data/forts/davis/images comanchemap-sm.gif
2005.04.04 13:01 B L:\TBH Website Temp\forts\davis\images\surgeon-sm.jpg --> uts.cc.utexas.edu /export/httpd/vhosts/texasbeyondhistory/data/forts/davis/images surgeon-sm.jpg
2005.04.04 13:01 B L:\TBH Website Temp\forts\davis\images\surgeon-lg.jpg --> uts.cc.utexas.edu /export/httpd/vhosts/texasbeyondhistory/data/forts/davis/images surgeon-lg.jpg
2005.04.04 13:01 B L:\TBH Website Temp\forts\davis\images\officersrow.html --> uts.cc.utexas.edu /export/httpd/vhosts/texasbeyondhistory/data/forts/davis/images officersrow.html
2005.04.04 13:01 B L:\TBH Website Temp\forts\davis\images\parade.html --> uts.cc.utexas.edu /export/httpd/vhosts/texasbeyondhistory/data/forts/davis/images parade.html
2005.04.04 13:01 B L:\TBH Website Temp\forts\davis\images\cottonwoods.html --> uts.cc.utexas.edu /export/httpd/vhosts/texasbeyondhistory/data/forts/davis/images cottonwoods.html
2005.04.04 13:01 B L:\TBH Website Temp\forts\davis\images\barracksinterior.html --> uts.cc.utexas.edu /export/httpd/vhosts/texasbeyondhistory/data/forts/davis/images barracksinterior.html
2005.04.04 13:01 B L:\TBH Website Temp\forts\davis\images\wildrose.html --> uts.cc.utexas.edu /export/httpd/vhosts/texasbeyondhistory/data/forts/davis/images wildrose.html
2005.04.04 13:01 B L:\TBH Website Temp\forts\davis\images\merritt-sm.jpg --> uts.cc.utexas.edu /export/httpd/vhosts/texasbeyondhistory/data/forts/davis/images merritt-sm.jpg
2005.04.04 13:01 B L:\TBH Website Temp\forts\davis\images\merritt-lg.jpg --> uts.cc.utexas.edu /export/httpd/vhosts/texasbeyondhistory/data/forts/davis/images merritt-lg.jpg
