2001.08.30 19:17 B D:\TBH Temp\teach\images\Artifact-Bingo.pdf <-- Texas Beyond History /Website Stuff/TBH Website Temp/teach/images Artifact-Bingo.pdf
2001.08.30 19:17 B D:\TBH Temp\teach\images\Artifact-Bingo.pdf.LCK <-- Texas Beyond History /Website Stuff/TBH Website Temp/teach/images Artifact-Bingo.pdf.LCK
2001.08.30 19:17 B D:\TBH Temp\teach\images\Atlatl.pdf <-- Texas Beyond History /Website Stuff/TBH Website Temp/teach/images Atlatl.pdf
2001.08.30 19:17 B D:\TBH Temp\teach\images\Atlatl.pdf.LCK <-- Texas Beyond History /Website Stuff/TBH Website Temp/teach/images Atlatl.pdf.LCK
2001.08.30 19:17 B D:\TBH Temp\teach\images\Coordinate-Grid.pdf <-- Texas Beyond History /Website Stuff/TBH Website Temp/teach/images Coordinate-Grid.pdf
2001.08.30 19:17 B D:\TBH Temp\teach\images\Coordinate-Grid.pdf.LCK <-- Texas Beyond History /Website Stuff/TBH Website Temp/teach/images Coordinate-Grid.pdf.LCK
2001.08.30 19:17 B D:\TBH Temp\teach\images\Coordinate-Plane.pdf <-- Texas Beyond History /Website Stuff/TBH Website Temp/teach/images Coordinate-Plane.pdf
2001.08.30 19:17 B D:\TBH Temp\teach\images\Coordinate-Plane.pdf.LCK <-- Texas Beyond History /Website Stuff/TBH Website Temp/teach/images Coordinate-Plane.pdf.LCK
2001.08.30 19:17 B D:\TBH Temp\teach\images\Discovering-Pi.pdf <-- Texas Beyond History /Website Stuff/TBH Website Temp/teach/images Discovering-Pi.pdf
2001.08.30 19:17 B D:\TBH Temp\teach\images\Discovering-Pi.pdf.LCK <-- Texas Beyond History /Website Stuff/TBH Website Temp/teach/images Discovering-Pi.pdf.LCK
2001.08.30 19:17 B D:\TBH Temp\teach\images\Investigation-sherds.pdf <-- Texas Beyond History /Website Stuff/TBH Website Temp/teach/images Investigation-sherds.pdf
2001.08.30 19:17 B D:\TBH Temp\teach\images\Investigation-sherds.pdf.LCK <-- Texas Beyond History /Website Stuff/TBH Website Temp/teach/images Investigation-sherds.pdf.LCK
2001.08.30 19:17 B D:\TBH Temp\teach\images\Personal-Chronology.pdf <-- Texas Beyond History /Website Stuff/TBH Website Temp/teach/images Personal-Chronology.pdf
2001.08.30 19:17 B D:\TBH Temp\teach\images\Personal-Chronology.pdf.LCK <-- Texas Beyond History /Website Stuff/TBH Website Temp/teach/images Personal-Chronology.pdf.LCK
2001.08.30 19:17 B D:\TBH Temp\teach\images\pie.htm <-- Texas Beyond History /Website Stuff/TBH Website Temp/teach/images pie.htm
2001.08.30 19:17 B D:\TBH Temp\teach\images\pie.htm.LCK <-- Texas Beyond History /Website Stuff/TBH Website Temp/teach/images pie.htm.LCK
2001.08.30 19:17 B D:\TBH Temp\teach\images\Save-Our-Past.pdf <-- Texas Beyond History /Website Stuff/TBH Website Temp/teach/images Save-Our-Past.pdf
2001.08.30 19:17 B D:\TBH Temp\teach\images\Save-Our-Past.pdf.LCK <-- Texas Beyond History /Website Stuff/TBH Website Temp/teach/images Save-Our-Past.pdf.LCK
2001.08.30 19:17 B D:\TBH Temp\teach\images\Surf-Into-the-Past.pdf <-- Texas Beyond History /Website Stuff/TBH Website Temp/teach/images Surf-Into-the-Past.pdf
2001.08.30 19:17 B D:\TBH Temp\teach\images\Surf-Into-the-Past.pdf.LCK <-- Texas Beyond History /Website Stuff/TBH Website Temp/teach/images Surf-Into-the-Past.pdf.LCK
2001.08.30 19:17 B D:\TBH Temp\teach\images\Two-Sides.pdf <-- Texas Beyond History /Website Stuff/TBH Website Temp/teach/images Two-Sides.pdf
2001.08.30 19:17 B D:\TBH Temp\teach\images\Two-Sides.pdf.LCK <-- Texas Beyond History /Website Stuff/TBH Website Temp/teach/images Two-Sides.pdf.LCK
2001.08.30 19:17 B D:\TBH Temp\teach\images\Virtual-Day.pdf <-- Texas Beyond History /Website Stuff/TBH Website Temp/teach/images Virtual-Day.pdf
2001.08.30 19:17 B D:\TBH Temp\teach\images\Virtual-Day.pdf.LCK <-- Texas Beyond History /Website Stuff/TBH Website Temp/teach/images Virtual-Day.pdf.LCK
2001.08.30 19:17 B D:\TBH Temp\teach\images\Vocabulary-Charts.pdf <-- Texas Beyond History /Website Stuff/TBH Website Temp/teach/images Vocabulary-Charts.pdf
2001.08.30 19:17 B D:\TBH Temp\teach\images\Vocabulary-Charts.pdf.LCK <-- Texas Beyond History /Website Stuff/TBH Website Temp/teach/images Vocabulary-Charts.pdf.LCK
2001.08.31 07:21 B D:\TBH Temp\teach\images\Artifact-Bingo.html <-- Texas Beyond History /Website Stuff/TBH Website Temp/teach/images Artifact-Bingo.html
2001.08.31 07:21 B D:\TBH Temp\teach\images\Atlatl.html <-- Texas Beyond History /Website Stuff/TBH Website Temp/teach/images Atlatl.html
2001.08.31 07:21 B D:\TBH Temp\teach\images\Coordinate-Grid.html <-- Texas Beyond History /Website Stuff/TBH Website Temp/teach/images Coordinate-Grid.html
2001.08.31 07:21 B D:\TBH Temp\teach\images\Coordinate-Plane.html <-- Texas Beyond History /Website Stuff/TBH Website Temp/teach/images Coordinate-Plane.html
2001.08.31 07:21 B D:\TBH Temp\teach\images\Discovering-Pi.html <-- Texas Beyond History /Website Stuff/TBH Website Temp/teach/images Discovering-Pi.html
2001.08.31 07:21 B D:\TBH Temp\teach\images\Investigation-sherds.html <-- Texas Beyond History /Website Stuff/TBH Website Temp/teach/images Investigation-sherds.html
2001.08.31 07:21 B D:\TBH Temp\teach\images\Personal-Chronology.html <-- Texas Beyond History /Website Stuff/TBH Website Temp/teach/images Personal-Chronology.html
2001.08.31 07:21 B D:\TBH Temp\teach\images\Save-Our-Past.html <-- Texas Beyond History /Website Stuff/TBH Website Temp/teach/images Save-Our-Past.html
2001.08.31 07:21 B D:\TBH Temp\teach\images\Surf-Into-the-Past.html <-- Texas Beyond History /Website Stuff/TBH Website Temp/teach/images Surf-Into-the-Past.html
2001.08.31 07:21 B D:\TBH Temp\teach\images\Two-Sides.html <-- Texas Beyond History /Website Stuff/TBH Website Temp/teach/images Two-Sides.html
2001.08.31 07:21 B D:\TBH Temp\teach\images\Two-Sides.pdf <-- Texas Beyond History /Website Stuff/TBH Website Temp/teach/images Two-Sides.pdf
2001.08.31 07:21 B D:\TBH Temp\teach\images\Virtual-Day.html <-- Texas Beyond History /Website Stuff/TBH Website Temp/teach/images Virtual-Day.html
2001.08.31 07:21 B D:\TBH Temp\teach\images\Vocabulary-Charts.html <-- Texas Beyond History /Website Stuff/TBH Website Temp/teach/images Vocabulary-Charts.html
2001.09.01 22:34 B D:\TBH Temp\teach\images\Artifact-Bingo.html --> uts.cc.utexas.edu /usr/pub/www/research/tarl/abouttarl/tbh/teach/images Artifact-Bingo.html
2001.09.01 22:34 B D:\TBH Temp\teach\images\Artifact-Bingo.pdf --> uts.cc.utexas.edu /usr/pub/www/research/tarl/abouttarl/tbh/teach/images Artifact-Bingo.pdf
2001.09.01 22:34 B D:\TBH Temp\teach\images\Artifact-Bingo.pdf.LCK --> uts.cc.utexas.edu /usr/pub/www/research/tarl/abouttarl/tbh/teach/images Artifact-Bingo.pdf.LCK
2001.09.01 22:34 B D:\TBH Temp\teach\images\Atlatl.html --> uts.cc.utexas.edu /usr/pub/www/research/tarl/abouttarl/tbh/teach/images Atlatl.html
2001.09.01 22:35 B D:\TBH Temp\teach\images\Atlatl.pdf --> uts.cc.utexas.edu /usr/pub/www/research/tarl/abouttarl/tbh/teach/images Atlatl.pdf
2001.09.01 22:35 B D:\TBH Temp\teach\images\Atlatl.pdf.LCK --> uts.cc.utexas.edu /usr/pub/www/research/tarl/abouttarl/tbh/teach/images Atlatl.pdf.LCK
2001.09.01 22:35 B D:\TBH Temp\teach\images\Coordinate-Grid.html --> uts.cc.utexas.edu /usr/pub/www/research/tarl/abouttarl/tbh/teach/images Coordinate-Grid.html
2001.09.01 22:35 B D:\TBH Temp\teach\images\Coordinate-Grid.pdf --> uts.cc.utexas.edu /usr/pub/www/research/tarl/abouttarl/tbh/teach/images Coordinate-Grid.pdf
2001.09.01 22:35 B D:\TBH Temp\teach\images\Coordinate-Grid.pdf.LCK --> uts.cc.utexas.edu /usr/pub/www/research/tarl/abouttarl/tbh/teach/images Coordinate-Grid.pdf.LCK
2001.09.01 22:35 B D:\TBH Temp\teach\images\Coordinate-Plane.html --> uts.cc.utexas.edu /usr/pub/www/research/tarl/abouttarl/tbh/teach/images Coordinate-Plane.html
2001.09.01 22:35 B D:\TBH Temp\teach\images\Coordinate-Plane.pdf --> uts.cc.utexas.edu /usr/pub/www/research/tarl/abouttarl/tbh/teach/images Coordinate-Plane.pdf
2001.09.01 22:35 B D:\TBH Temp\teach\images\Coordinate-Plane.pdf.LCK --> uts.cc.utexas.edu /usr/pub/www/research/tarl/abouttarl/tbh/teach/images Coordinate-Plane.pdf.LCK
2001.09.01 22:35 B D:\TBH Temp\teach\images\Discovering-Pi.html --> uts.cc.utexas.edu /usr/pub/www/research/tarl/abouttarl/tbh/teach/images Discovering-Pi.html
2001.09.01 22:35 B D:\TBH Temp\teach\images\Discovering-Pi.pdf --> uts.cc.utexas.edu /usr/pub/www/research/tarl/abouttarl/tbh/teach/images Discovering-Pi.pdf
2001.09.01 22:35 B D:\TBH Temp\teach\images\Discovering-Pi.pdf.LCK --> uts.cc.utexas.edu /usr/pub/www/research/tarl/abouttarl/tbh/teach/images Discovering-Pi.pdf.LCK
2001.09.01 22:35 B D:\TBH Temp\teach\images\Investigation-sherds.html --> uts.cc.utexas.edu /usr/pub/www/research/tarl/abouttarl/tbh/teach/images Investigation-sherds.html
2001.09.01 22:35 B D:\TBH Temp\teach\images\Investigation-sherds.pdf --> uts.cc.utexas.edu /usr/pub/www/research/tarl/abouttarl/tbh/teach/images Investigation-sherds.pdf
2001.09.01 22:35 B D:\TBH Temp\teach\images\Investigation-sherds.pdf.LCK --> uts.cc.utexas.edu /usr/pub/www/research/tarl/abouttarl/tbh/teach/images Investigation-sherds.pdf.LCK
2001.09.01 22:35 B D:\TBH Temp\teach\images\Personal-Chronology.html --> uts.cc.utexas.edu /usr/pub/www/research/tarl/abouttarl/tbh/teach/images Personal-Chronology.html
2001.09.01 22:35 B D:\TBH Temp\teach\images\Personal-Chronology.pdf --> uts.cc.utexas.edu /usr/pub/www/research/tarl/abouttarl/tbh/teach/images Personal-Chronology.pdf
2001.09.01 22:35 B D:\TBH Temp\teach\images\Personal-Chronology.pdf.LCK --> uts.cc.utexas.edu /usr/pub/www/research/tarl/abouttarl/tbh/teach/images Personal-Chronology.pdf.LCK
2001.09.01 22:35 B D:\TBH Temp\teach\images\pie.htm --> uts.cc.utexas.edu /usr/pub/www/research/tarl/abouttarl/tbh/teach/images pie.htm
2001.09.01 22:35 B D:\TBH Temp\teach\images\pie.htm.LCK --> uts.cc.utexas.edu /usr/pub/www/research/tarl/abouttarl/tbh/teach/images pie.htm.LCK
2001.09.01 22:35 B D:\TBH Temp\teach\images\Save-Our-Past.html --> uts.cc.utexas.edu /usr/pub/www/research/tarl/abouttarl/tbh/teach/images Save-Our-Past.html
2001.09.01 22:35 B D:\TBH Temp\teach\images\Save-Our-Past.pdf --> uts.cc.utexas.edu /usr/pub/www/research/tarl/abouttarl/tbh/teach/images Save-Our-Past.pdf
2001.09.01 22:35 B D:\TBH Temp\teach\images\Save-Our-Past.pdf.LCK --> uts.cc.utexas.edu /usr/pub/www/research/tarl/abouttarl/tbh/teach/images Save-Our-Past.pdf.LCK
2001.09.01 22:35 B D:\TBH Temp\teach\images\Surf-Into-the-Past.html --> uts.cc.utexas.edu /usr/pub/www/research/tarl/abouttarl/tbh/teach/images Surf-Into-the-Past.html
2001.09.01 22:36 B D:\TBH Temp\teach\images\Surf-Into-the-Past.pdf --> uts.cc.utexas.edu /usr/pub/www/research/tarl/abouttarl/tbh/teach/images Surf-Into-the-Past.pdf
2001.09.01 22:36 B D:\TBH Temp\teach\images\Surf-Into-the-Past.pdf.LCK --> uts.cc.utexas.edu /usr/pub/www/research/tarl/abouttarl/tbh/teach/images Surf-Into-the-Past.pdf.LCK
2001.09.01 22:36 B D:\TBH Temp\teach\images\Two-Sides.html --> uts.cc.utexas.edu /usr/pub/www/research/tarl/abouttarl/tbh/teach/images Two-Sides.html
2001.09.01 22:36 B D:\TBH Temp\teach\images\Two-Sides.pdf --> uts.cc.utexas.edu /usr/pub/www/research/tarl/abouttarl/tbh/teach/images Two-Sides.pdf
2001.09.01 22:36 B D:\TBH Temp\teach\images\Two-Sides.pdf.LCK --> uts.cc.utexas.edu /usr/pub/www/research/tarl/abouttarl/tbh/teach/images Two-Sides.pdf.LCK
2001.09.01 22:36 B D:\TBH Temp\teach\images\Virtual-Day.html --> uts.cc.utexas.edu /usr/pub/www/research/tarl/abouttarl/tbh/teach/images Virtual-Day.html
2001.09.01 22:36 B D:\TBH Temp\teach\images\Virtual-Day.pdf --> uts.cc.utexas.edu /usr/pub/www/research/tarl/abouttarl/tbh/teach/images Virtual-Day.pdf
2001.09.01 22:36 B D:\TBH Temp\teach\images\Virtual-Day.pdf.LCK --> uts.cc.utexas.edu /usr/pub/www/research/tarl/abouttarl/tbh/teach/images Virtual-Day.pdf.LCK
2001.09.01 22:36 B D:\TBH Temp\teach\images\Vocabulary-Charts.html --> uts.cc.utexas.edu /usr/pub/www/research/tarl/abouttarl/tbh/teach/images Vocabulary-Charts.html
2001.09.01 22:36 B D:\TBH Temp\teach\images\Vocabulary-Charts.pdf --> uts.cc.utexas.edu /usr/pub/www/research/tarl/abouttarl/tbh/teach/images Vocabulary-Charts.pdf
2001.09.01 22:36 B D:\TBH Temp\teach\images\Vocabulary-Charts.pdf.LCK --> uts.cc.utexas.edu /usr/pub/www/research/tarl/abouttarl/tbh/teach/images Vocabulary-Charts.pdf.LCK
2001.09.04 15:39 B M:\Website Stuff\teach\images\WS_FTP.LOG <-- TARLweb /usr/pub/www/research/tarl/abouttarl/tbh/teach/images WS_FTP.LOG
2001.09.04 16:54 B C:\WINDOWS\Desktop\TBH\TBH on TEXsite\teach\images\WS_FTP.LOG <-- TARL /Website Stuff/teach/images WS_FTP.LOG
2001.10.02 02:59 B C:\WINDOWS\Desktop\TBH\Recent\teach\images\Archeology-2500.pdf --> uts.cc.utexas.edu /export/httpd/vhosts/texasbeyondhistory/data/teach/images Archeology-2500.pdf
2001.10.02 03:00 B C:\WINDOWS\Desktop\TBH\Recent\teach\images\Archeology-Future.pdf --> uts.cc.utexas.edu /export/httpd/vhosts/texasbeyondhistory/data/teach/images Archeology-Future.pdf
2001.10.02 03:00 B C:\WINDOWS\Desktop\TBH\Recent\teach\images\Artifact-Bingo.html --> uts.cc.utexas.edu /export/httpd/vhosts/texasbeyondhistory/data/teach/images Artifact-Bingo.html
2001.10.02 03:01 B C:\WINDOWS\Desktop\TBH\Recent\teach\images\Artifact-Bingo.pdf --> uts.cc.utexas.edu /export/httpd/vhosts/texasbeyondhistory/data/teach/images Artifact-Bingo.pdf
2001.10.02 03:01 B C:\WINDOWS\Desktop\TBH\Recent\teach\images\Atlatl.html --> uts.cc.utexas.edu /export/httpd/vhosts/texasbeyondhistory/data/teach/images Atlatl.html
2001.10.02 03:03 B C:\WINDOWS\Desktop\TBH\Recent\teach\images\Atlatl.pdf --> uts.cc.utexas.edu /export/httpd/vhosts/texasbeyondhistory/data/teach/images Atlatl.pdf
2001.10.02 03:03 B C:\WINDOWS\Desktop\TBH\Recent\teach\images\Coordinate-Grid.html --> uts.cc.utexas.edu /export/httpd/vhosts/texasbeyondhistory/data/teach/images Coordinate-Grid.html
2001.10.02 03:03 B C:\WINDOWS\Desktop\TBH\Recent\teach\images\Coordinate-Grid.pdf --> uts.cc.utexas.edu /export/httpd/vhosts/texasbeyondhistory/data/teach/images Coordinate-Grid.pdf
2001.10.02 03:03 B C:\WINDOWS\Desktop\TBH\Recent\teach\images\Coordinate-Plane.html --> uts.cc.utexas.edu /export/httpd/vhosts/texasbeyondhistory/data/teach/images Coordinate-Plane.html
2001.10.02 03:03 B C:\WINDOWS\Desktop\TBH\Recent\teach\images\Coordinate-Plane.pdf --> uts.cc.utexas.edu /export/httpd/vhosts/texasbeyondhistory/data/teach/images Coordinate-Plane.pdf
2001.10.02 03:03 B C:\WINDOWS\Desktop\TBH\Recent\teach\images\Discovering-Pi.html --> uts.cc.utexas.edu /export/httpd/vhosts/texasbeyondhistory/data/teach/images Discovering-Pi.html
2001.10.02 03:03 B C:\WINDOWS\Desktop\TBH\Recent\teach\images\Discovering-Pi.pdf --> uts.cc.utexas.edu /export/httpd/vhosts/texasbeyondhistory/data/teach/images Discovering-Pi.pdf
2001.10.02 03:03 B C:\WINDOWS\Desktop\TBH\Recent\teach\images\Ethics-Lesson2.pdf --> uts.cc.utexas.edu /export/httpd/vhosts/texasbeyondhistory/data/teach/images Ethics-Lesson2.pdf
2001.10.02 03:03 B C:\WINDOWS\Desktop\TBH\Recent\teach\images\Inventions-Over-Time.pdf --> uts.cc.utexas.edu /export/httpd/vhosts/texasbeyondhistory/data/teach/images Inventions-Over-Time.pdf
2001.10.02 03:03 B C:\WINDOWS\Desktop\TBH\Recent\teach\images\Investigation-sherds.html --> uts.cc.utexas.edu /export/httpd/vhosts/texasbeyondhistory/data/teach/images Investigation-sherds.html
2001.10.02 03:03 B C:\WINDOWS\Desktop\TBH\Recent\teach\images\Investigation-sherds.pdf --> uts.cc.utexas.edu /export/httpd/vhosts/texasbeyondhistory/data/teach/images Investigation-sherds.pdf
2001.10.02 03:03 B C:\WINDOWS\Desktop\TBH\Recent\teach\images\Jello-Mold.pdf --> uts.cc.utexas.edu /export/httpd/vhosts/texasbeyondhistory/data/teach/images Jello-Mold.pdf
2001.10.02 03:03 B C:\WINDOWS\Desktop\TBH\Recent\teach\images\Learn-From-Past.pdf --> uts.cc.utexas.edu /export/httpd/vhosts/texasbeyondhistory/data/teach/images Learn-From-Past.pdf
2001.10.02 03:04 B C:\WINDOWS\Desktop\TBH\Recent\teach\images\Mapping-Compass.pdf --> uts.cc.utexas.edu /export/httpd/vhosts/texasbeyondhistory/data/teach/images Mapping-Compass.pdf
2001.10.02 03:07 B C:\WINDOWS\Desktop\TBH\Recent\teach\images\Meet-Midden.pdf --> uts.cc.utexas.edu /export/httpd/vhosts/texasbeyondhistory/data/teach/images Meet-Midden.pdf
2001.10.02 03:07 B C:\WINDOWS\Desktop\TBH\Recent\teach\images\Natural-Regions.pdf --> uts.cc.utexas.edu /export/httpd/vhosts/texasbeyondhistory/data/teach/images Natural-Regions.pdf
2001.10.02 03:07 B C:\WINDOWS\Desktop\TBH\Recent\teach\images\Personal-Chronology.html --> uts.cc.utexas.edu /export/httpd/vhosts/texasbeyondhistory/data/teach/images Personal-Chronology.html
2001.10.02 03:07 B C:\WINDOWS\Desktop\TBH\Recent\teach\images\Personal-Chronology.pdf --> uts.cc.utexas.edu /export/httpd/vhosts/texasbeyondhistory/data/teach/images Personal-Chronology.pdf
2001.10.02 03:07 B C:\WINDOWS\Desktop\TBH\Recent\teach\images\Pesonal-Painted-Pebble.pdf --> uts.cc.utexas.edu /export/httpd/vhosts/texasbeyondhistory/data/teach/images Pesonal-Painted-Pebble.pdf
2001.10.02 03:07 B C:\WINDOWS\Desktop\TBH\Recent\teach\images\pie.htm --> uts.cc.utexas.edu /export/httpd/vhosts/texasbeyondhistory/data/teach/images pie.htm
2001.10.02 03:08 B C:\WINDOWS\Desktop\TBH\Recent\teach\images\River-People.pdf --> uts.cc.utexas.edu /export/httpd/vhosts/texasbeyondhistory/data/teach/images River-People.pdf
2001.10.02 03:08 B C:\WINDOWS\Desktop\TBH\Recent\teach\images\Rock-Art-Caves.pdf --> uts.cc.utexas.edu /export/httpd/vhosts/texasbeyondhistory/data/teach/images Rock-Art-Caves.pdf
2001.10.02 03:08 B C:\WINDOWS\Desktop\TBH\Recent\teach\images\Rock-Art-Styles.pdf --> uts.cc.utexas.edu /export/httpd/vhosts/texasbeyondhistory/data/teach/images Rock-Art-Styles.pdf
2001.10.02 03:08 B C:\WINDOWS\Desktop\TBH\Recent\teach\images\Save-Our-Past.html --> uts.cc.utexas.edu /export/httpd/vhosts/texasbeyondhistory/data/teach/images Save-Our-Past.html
2001.10.02 03:09 B C:\WINDOWS\Desktop\TBH\Recent\teach\images\Save-Our-Past.pdf --> uts.cc.utexas.edu /export/httpd/vhosts/texasbeyondhistory/data/teach/images Save-Our-Past.pdf
2001.10.02 03:09 B C:\WINDOWS\Desktop\TBH\Recent\teach\images\Surf-Into-the-Past.html --> uts.cc.utexas.edu /export/httpd/vhosts/texasbeyondhistory/data/teach/images Surf-Into-the-Past.html
2001.10.02 03:09 B C:\WINDOWS\Desktop\TBH\Recent\teach\images\Surf-Into-the-Past.pdf --> uts.cc.utexas.edu /export/httpd/vhosts/texasbeyondhistory/data/teach/images Surf-Into-the-Past.pdf
2001.10.02 03:09 B C:\WINDOWS\Desktop\TBH\Recent\teach\images\Timeline.pdf --> uts.cc.utexas.edu /export/httpd/vhosts/texasbeyondhistory/data/teach/images Timeline.pdf
2001.10.02 03:09 B C:\WINDOWS\Desktop\TBH\Recent\teach\images\Two-Sides.html --> uts.cc.utexas.edu /export/httpd/vhosts/texasbeyondhistory/data/teach/images Two-Sides.html
2001.10.02 03:10 B C:\WINDOWS\Desktop\TBH\Recent\teach\images\Two-Sides.pdf --> uts.cc.utexas.edu /export/httpd/vhosts/texasbeyondhistory/data/teach/images Two-Sides.pdf
2001.10.02 03:10 B C:\WINDOWS\Desktop\TBH\Recent\teach\images\Virtual-Day.html --> uts.cc.utexas.edu /export/httpd/vhosts/texasbeyondhistory/data/teach/images Virtual-Day.html
2001.10.02 03:10 B C:\WINDOWS\Desktop\TBH\Recent\teach\images\Virtual-Day.pdf --> uts.cc.utexas.edu /export/httpd/vhosts/texasbeyondhistory/data/teach/images Virtual-Day.pdf
2001.10.02 03:10 B C:\WINDOWS\Desktop\TBH\Recent\teach\images\Vocabulary-Charts.html --> uts.cc.utexas.edu /export/httpd/vhosts/texasbeyondhistory/data/teach/images Vocabulary-Charts.html
2001.10.02 03:10 B C:\WINDOWS\Desktop\TBH\Recent\teach\images\Vocabulary-Charts.pdf --> uts.cc.utexas.edu /export/httpd/vhosts/texasbeyondhistory/data/teach/images Vocabulary-Charts.pdf
