2004.03.25 16:38 B K:\TBH Website Temp\waxcamps\images\abandoned.jpg --> uts.cc.utexas.edu /export/httpd/vhosts/texasbeyondhistory/data/waxcamps/images abandoned.jpg
2004.03.25 16:38 B K:\TBH Website Temp\waxcamps\images\antonia-lg.jpg --> uts.cc.utexas.edu /export/httpd/vhosts/texasbeyondhistory/data/waxcamps/images antonia-lg.jpg
2004.03.25 16:38 B K:\TBH Website Temp\waxcamps\images\antonia-sm.jpg --> uts.cc.utexas.edu /export/httpd/vhosts/texasbeyondhistory/data/waxcamps/images antonia-sm.jpg
2004.03.25 16:38 B K:\TBH Website Temp\waxcamps\images\antonia.html --> uts.cc.utexas.edu /export/httpd/vhosts/texasbeyondhistory/data/waxcamps/images antonia.html
2004.03.25 16:38 B K:\TBH Website Temp\waxcamps\images\avila-lg.jpg --> uts.cc.utexas.edu /export/httpd/vhosts/texasbeyondhistory/data/waxcamps/images avila-lg.jpg
2004.03.25 16:38 B K:\TBH Website Temp\waxcamps\images\avila-sm.jpg --> uts.cc.utexas.edu /export/httpd/vhosts/texasbeyondhistory/data/waxcamps/images avila-sm.jpg
2004.03.25 16:38 B K:\TBH Website Temp\waxcamps\images\avila.html --> uts.cc.utexas.edu /export/httpd/vhosts/texasbeyondhistory/data/waxcamps/images avila.html
2004.03.25 16:38 B K:\TBH Website Temp\waxcamps\images\bag-lg.jpg --> uts.cc.utexas.edu /export/httpd/vhosts/texasbeyondhistory/data/waxcamps/images bag-lg.jpg
2004.03.25 16:38 B K:\TBH Website Temp\waxcamps\images\bag-sm.jpg --> uts.cc.utexas.edu /export/httpd/vhosts/texasbeyondhistory/data/waxcamps/images bag-sm.jpg
2004.03.25 16:38 B K:\TBH Website Temp\waxcamps\images\bag.html --> uts.cc.utexas.edu /export/httpd/vhosts/texasbeyondhistory/data/waxcamps/images bag.html
2004.03.25 16:38 B K:\TBH Website Temp\waxcamps\images\bag.jpg --> uts.cc.utexas.edu /export/httpd/vhosts/texasbeyondhistory/data/waxcamps/images bag.jpg
2004.03.25 16:38 B K:\TBH Website Temp\waxcamps\images\bag1-sm.jpg --> uts.cc.utexas.edu /export/httpd/vhosts/texasbeyondhistory/data/waxcamps/images bag1-sm.jpg
2004.03.25 16:38 B K:\TBH Website Temp\waxcamps\images\bag1.html --> uts.cc.utexas.edu /export/httpd/vhosts/texasbeyondhistory/data/waxcamps/images bag1.html
2004.03.25 16:38 B K:\TBH Website Temp\waxcamps\images\beans-sm.jpg --> uts.cc.utexas.edu /export/httpd/vhosts/texasbeyondhistory/data/waxcamps/images beans-sm.jpg
2004.03.25 16:38 B K:\TBH Website Temp\waxcamps\images\beans.html --> uts.cc.utexas.edu /export/httpd/vhosts/texasbeyondhistory/data/waxcamps/images beans.html
2004.03.25 16:38 B K:\TBH Website Temp\waxcamps\images\beans.jpg --> uts.cc.utexas.edu /export/httpd/vhosts/texasbeyondhistory/data/waxcamps/images beans.jpg
2004.03.25 16:38 B K:\TBH Website Temp\waxcamps\images\bloom-lg.jpg --> uts.cc.utexas.edu /export/httpd/vhosts/texasbeyondhistory/data/waxcamps/images bloom-lg.jpg
2004.03.25 16:38 B K:\TBH Website Temp\waxcamps\images\bloom-sm.jpg --> uts.cc.utexas.edu /export/httpd/vhosts/texasbeyondhistory/data/waxcamps/images bloom-sm.jpg
2004.03.25 16:38 B K:\TBH Website Temp\waxcamps\images\bloom.html --> uts.cc.utexas.edu /export/httpd/vhosts/texasbeyondhistory/data/waxcamps/images bloom.html
2004.03.25 16:38 B K:\TBH Website Temp\waxcamps\images\blooming-lg.jpg --> uts.cc.utexas.edu /export/httpd/vhosts/texasbeyondhistory/data/waxcamps/images blooming-lg.jpg
2004.03.25 16:38 B K:\TBH Website Temp\waxcamps\images\blooming-sm.jpg --> uts.cc.utexas.edu /export/httpd/vhosts/texasbeyondhistory/data/waxcamps/images blooming-sm.jpg
2004.03.25 16:38 B K:\TBH Website Temp\waxcamps\images\blooming.html --> uts.cc.utexas.edu /export/httpd/vhosts/texasbeyondhistory/data/waxcamps/images blooming.html
2004.03.25 16:38 B K:\TBH Website Temp\waxcamps\images\blooming1-sm.jpg --> uts.cc.utexas.edu /export/httpd/vhosts/texasbeyondhistory/data/waxcamps/images blooming1-sm.jpg
2004.03.25 16:38 B K:\TBH Website Temp\waxcamps\images\blooming1.html --> uts.cc.utexas.edu /export/httpd/vhosts/texasbeyondhistory/data/waxcamps/images blooming1.html
2004.03.25 16:38 B K:\TBH Website Temp\waxcamps\images\blooming1.jpg --> uts.cc.utexas.edu /export/httpd/vhosts/texasbeyondhistory/data/waxcamps/images blooming1.jpg
2004.03.25 16:38 B K:\TBH Website Temp\waxcamps\images\boat-lg.jpg --> uts.cc.utexas.edu /export/httpd/vhosts/texasbeyondhistory/data/waxcamps/images boat-lg.jpg
2004.03.25 16:38 B K:\TBH Website Temp\waxcamps\images\boat-sm.jpg --> uts.cc.utexas.edu /export/httpd/vhosts/texasbeyondhistory/data/waxcamps/images boat-sm.jpg
2004.03.25 16:38 B K:\TBH Website Temp\waxcamps\images\boat.html --> uts.cc.utexas.edu /export/httpd/vhosts/texasbeyondhistory/data/waxcamps/images boat.html
2004.03.25 16:38 B K:\TBH Website Temp\waxcamps\images\boquillas-lg.jpg --> uts.cc.utexas.edu /export/httpd/vhosts/texasbeyondhistory/data/waxcamps/images boquillas-lg.jpg
2004.03.25 16:38 B K:\TBH Website Temp\waxcamps\images\boquillas-sm.jpg --> uts.cc.utexas.edu /export/httpd/vhosts/texasbeyondhistory/data/waxcamps/images boquillas-sm.jpg
2004.03.25 16:38 B K:\TBH Website Temp\waxcamps\images\boquillas.html --> uts.cc.utexas.edu /export/httpd/vhosts/texasbeyondhistory/data/waxcamps/images boquillas.html
2004.03.25 16:38 B K:\TBH Website Temp\waxcamps\images\breakfast-sm.jpg --> uts.cc.utexas.edu /export/httpd/vhosts/texasbeyondhistory/data/waxcamps/images breakfast-sm.jpg
2004.03.25 16:38 B K:\TBH Website Temp\waxcamps\images\breakfast.html --> uts.cc.utexas.edu /export/httpd/vhosts/texasbeyondhistory/data/waxcamps/images breakfast.html
2004.03.25 16:38 B K:\TBH Website Temp\waxcamps\images\breakfast.jpg --> uts.cc.utexas.edu /export/httpd/vhosts/texasbeyondhistory/data/waxcamps/images breakfast.jpg
2004.03.25 16:38 B K:\TBH Website Temp\waxcamps\images\buckets.jpg --> uts.cc.utexas.edu /export/httpd/vhosts/texasbeyondhistory/data/waxcamps/images buckets.jpg
2004.03.25 16:38 B K:\TBH Website Temp\waxcamps\images\bundles-lg.jpg --> uts.cc.utexas.edu /export/httpd/vhosts/texasbeyondhistory/data/waxcamps/images bundles-lg.jpg
2004.03.25 16:38 B K:\TBH Website Temp\waxcamps\images\bundles-sm.jpg --> uts.cc.utexas.edu /export/httpd/vhosts/texasbeyondhistory/data/waxcamps/images bundles-sm.jpg
2004.03.25 16:38 B K:\TBH Website Temp\waxcamps\images\bundles.html --> uts.cc.utexas.edu /export/httpd/vhosts/texasbeyondhistory/data/waxcamps/images bundles.html
2004.03.25 16:38 B K:\TBH Website Temp\waxcamps\images\burro-lg.jpg --> uts.cc.utexas.edu /export/httpd/vhosts/texasbeyondhistory/data/waxcamps/images burro-lg.jpg
2004.03.25 16:38 B K:\TBH Website Temp\waxcamps\images\burro-sm.jpg --> uts.cc.utexas.edu /export/httpd/vhosts/texasbeyondhistory/data/waxcamps/images burro-sm.jpg
2004.03.25 16:38 B K:\TBH Website Temp\waxcamps\images\burro.html --> uts.cc.utexas.edu /export/httpd/vhosts/texasbeyondhistory/data/waxcamps/images burro.html
2004.03.25 16:38 B K:\TBH Website Temp\waxcamps\images\campscene-sepia.jpg --> uts.cc.utexas.edu /export/httpd/vhosts/texasbeyondhistory/data/waxcamps/images campscene-sepia.jpg
2004.03.25 16:38 B K:\TBH Website Temp\waxcamps\images\candel.html --> uts.cc.utexas.edu /export/httpd/vhosts/texasbeyondhistory/data/waxcamps/images candel.html
2004.03.25 16:38 B K:\TBH Website Temp\waxcamps\images\candelmap1.html --> uts.cc.utexas.edu /export/httpd/vhosts/texasbeyondhistory/data/waxcamps/images candelmap1.html
2004.03.25 16:38 B K:\TBH Website Temp\waxcamps\images\candle-sm.jpg --> uts.cc.utexas.edu /export/httpd/vhosts/texasbeyondhistory/data/waxcamps/images candle-sm.jpg
2004.03.25 16:38 B K:\TBH Website Temp\waxcamps\images\candle.jpg --> uts.cc.utexas.edu /export/httpd/vhosts/texasbeyondhistory/data/waxcamps/images candle.jpg
2004.03.25 16:38 B K:\TBH Website Temp\waxcamps\images\candlemap-lg.gif --> uts.cc.utexas.edu /export/httpd/vhosts/texasbeyondhistory/data/waxcamps/images candlemap-lg.gif
2004.03.25 16:38 B K:\TBH Website Temp\waxcamps\images\candlemap-sm.gif --> uts.cc.utexas.edu /export/httpd/vhosts/texasbeyondhistory/data/waxcamps/images candlemap-sm.gif
2004.03.25 16:38 B K:\TBH Website Temp\waxcamps\images\candlemap.html --> uts.cc.utexas.edu /export/httpd/vhosts/texasbeyondhistory/data/waxcamps/images candlemap.html
2004.03.25 16:38 B K:\TBH Website Temp\waxcamps\images\candlemap1-lg.gif --> uts.cc.utexas.edu /export/httpd/vhosts/texasbeyondhistory/data/waxcamps/images candlemap1-lg.gif
2004.03.25 16:38 B K:\TBH Website Temp\waxcamps\images\candlemap1-sm.gif --> uts.cc.utexas.edu /export/httpd/vhosts/texasbeyondhistory/data/waxcamps/images candlemap1-sm.gif
2004.03.25 16:38 B K:\TBH Website Temp\waxcamps\images\candles.jpg --> uts.cc.utexas.edu /export/httpd/vhosts/texasbeyondhistory/data/waxcamps/images candles.jpg
2004.03.25 16:38 B K:\TBH Website Temp\waxcamps\images\canyons-lg.jpg --> uts.cc.utexas.edu /export/httpd/vhosts/texasbeyondhistory/data/waxcamps/images canyons-lg.jpg
2004.03.25 16:38 B K:\TBH Website Temp\waxcamps\images\canyons-sm.jpg --> uts.cc.utexas.edu /export/httpd/vhosts/texasbeyondhistory/data/waxcamps/images canyons-sm.jpg
2004.03.25 16:38 B K:\TBH Website Temp\waxcamps\images\canyons.html --> uts.cc.utexas.edu /export/httpd/vhosts/texasbeyondhistory/data/waxcamps/images canyons.html
2004.03.25 16:38 B K:\TBH Website Temp\waxcamps\images\carnuba.jpg --> uts.cc.utexas.edu /export/httpd/vhosts/texasbeyondhistory/data/waxcamps/images carnuba.jpg
2004.03.25 16:38 B K:\TBH Website Temp\waxcamps\images\carrying-lg.jpg --> uts.cc.utexas.edu /export/httpd/vhosts/texasbeyondhistory/data/waxcamps/images carrying-lg.jpg
2004.03.25 16:38 B K:\TBH Website Temp\waxcamps\images\carrying-sm.jpg --> uts.cc.utexas.edu /export/httpd/vhosts/texasbeyondhistory/data/waxcamps/images carrying-sm.jpg
2004.03.25 16:38 B K:\TBH Website Temp\waxcamps\images\carrying.html --> uts.cc.utexas.edu /export/httpd/vhosts/texasbeyondhistory/data/waxcamps/images carrying.html
2004.03.25 16:38 B K:\TBH Website Temp\waxcamps\images\casner-lg.jpg --> uts.cc.utexas.edu /export/httpd/vhosts/texasbeyondhistory/data/waxcamps/images casner-lg.jpg
2004.03.25 16:38 B K:\TBH Website Temp\waxcamps\images\casner-sm.jpg --> uts.cc.utexas.edu /export/httpd/vhosts/texasbeyondhistory/data/waxcamps/images casner-sm.jpg
2004.03.25 16:38 B K:\TBH Website Temp\waxcamps\images\casner.html --> uts.cc.utexas.edu /export/httpd/vhosts/texasbeyondhistory/data/waxcamps/images casner.html
2004.03.25 16:38 B K:\TBH Website Temp\waxcamps\images\circle-lg.jpg --> uts.cc.utexas.edu /export/httpd/vhosts/texasbeyondhistory/data/waxcamps/images circle-lg.jpg
2004.03.25 16:38 B K:\TBH Website Temp\waxcamps\images\circle-sm.jpg --> uts.cc.utexas.edu /export/httpd/vhosts/texasbeyondhistory/data/waxcamps/images circle-sm.jpg
2004.03.25 16:38 B K:\TBH Website Temp\waxcamps\images\circle.html --> uts.cc.utexas.edu /export/httpd/vhosts/texasbeyondhistory/data/waxcamps/images circle.html
2004.03.25 16:38 B K:\TBH Website Temp\waxcamps\images\cliffshelter-lg.jpg --> uts.cc.utexas.edu /export/httpd/vhosts/texasbeyondhistory/data/waxcamps/images cliffshelter-lg.jpg
2004.03.25 16:38 B K:\TBH Website Temp\waxcamps\images\cliffshelter-sm.jpg --> uts.cc.utexas.edu /export/httpd/vhosts/texasbeyondhistory/data/waxcamps/images cliffshelter-sm.jpg
2004.03.25 16:38 B K:\TBH Website Temp\waxcamps\images\cliffshelter.html --> uts.cc.utexas.edu /export/httpd/vhosts/texasbeyondhistory/data/waxcamps/images cliffshelter.html
2004.03.25 16:38 B K:\TBH Website Temp\waxcamps\images\comanchemap-lg.gif --> uts.cc.utexas.edu /export/httpd/vhosts/texasbeyondhistory/data/waxcamps/images comanchemap-lg.gif
2004.03.25 16:38 B K:\TBH Website Temp\waxcamps\images\comanchemap-sm.gif --> uts.cc.utexas.edu /export/httpd/vhosts/texasbeyondhistory/data/waxcamps/images comanchemap-sm.gif
2004.03.25 16:38 B K:\TBH Website Temp\waxcamps\images\comanchemap.html --> uts.cc.utexas.edu /export/httpd/vhosts/texasbeyondhistory/data/waxcamps/images comanchemap.html
2004.03.25 16:38 B K:\TBH Website Temp\waxcamps\images\commissary-lg.jpg --> uts.cc.utexas.edu /export/httpd/vhosts/texasbeyondhistory/data/waxcamps/images commissary-lg.jpg
2004.03.25 16:38 B K:\TBH Website Temp\waxcamps\images\commissary-sm.jpg --> uts.cc.utexas.edu /export/httpd/vhosts/texasbeyondhistory/data/waxcamps/images commissary-sm.jpg
2004.03.25 16:38 B K:\TBH Website Temp\waxcamps\images\commissary.html --> uts.cc.utexas.edu /export/httpd/vhosts/texasbeyondhistory/data/waxcamps/images commissary.html
2004.03.25 16:38 B K:\TBH Website Temp\waxcamps\images\contract-lg.jpg --> uts.cc.utexas.edu /export/httpd/vhosts/texasbeyondhistory/data/waxcamps/images contract-lg.jpg
2004.03.25 16:38 B K:\TBH Website Temp\waxcamps\images\contract-sm.jpg --> uts.cc.utexas.edu /export/httpd/vhosts/texasbeyondhistory/data/waxcamps/images contract-sm.jpg
2004.03.25 16:38 B K:\TBH Website Temp\waxcamps\images\contract.html --> uts.cc.utexas.edu /export/httpd/vhosts/texasbeyondhistory/data/waxcamps/images contract.html
2004.03.25 16:38 B K:\TBH Website Temp\waxcamps\images\creosote-lg.jpg --> uts.cc.utexas.edu /export/httpd/vhosts/texasbeyondhistory/data/waxcamps/images creosote-lg.jpg
2004.03.25 16:38 B K:\TBH Website Temp\waxcamps\images\creosote-sm.jpg --> uts.cc.utexas.edu /export/httpd/vhosts/texasbeyondhistory/data/waxcamps/images creosote-sm.jpg
2004.03.25 16:38 B K:\TBH Website Temp\waxcamps\images\creosote.html --> uts.cc.utexas.edu /export/httpd/vhosts/texasbeyondhistory/data/waxcamps/images creosote.html
2004.03.25 16:38 B K:\TBH Website Temp\waxcamps\images\dosburros-sm.jpg --> uts.cc.utexas.edu /export/httpd/vhosts/texasbeyondhistory/data/waxcamps/images dosburros-sm.jpg
2004.03.25 16:38 B K:\TBH Website Temp\waxcamps\images\dosburros.html --> uts.cc.utexas.edu /export/httpd/vhosts/texasbeyondhistory/data/waxcamps/images dosburros.html
2004.03.25 16:38 B K:\TBH Website Temp\waxcamps\images\dosburros.jpg --> uts.cc.utexas.edu /export/httpd/vhosts/texasbeyondhistory/data/waxcamps/images dosburros.jpg
2004.03.25 16:38 B K:\TBH Website Temp\waxcamps\images\eating-lg.jpg --> uts.cc.utexas.edu /export/httpd/vhosts/texasbeyondhistory/data/waxcamps/images eating-lg.jpg
2004.03.25 16:38 B K:\TBH Website Temp\waxcamps\images\eating.html --> uts.cc.utexas.edu /export/httpd/vhosts/texasbeyondhistory/data/waxcamps/images eating.html
2004.03.25 16:38 B K:\TBH Website Temp\waxcamps\images\eating.jpg --> uts.cc.utexas.edu /export/httpd/vhosts/texasbeyondhistory/data/waxcamps/images eating.jpg
2004.03.25 16:38 B K:\TBH Website Temp\waxcamps\images\fig29-sm.jpg --> uts.cc.utexas.edu /export/httpd/vhosts/texasbeyondhistory/data/waxcamps/images fig29-sm.jpg
2004.03.25 16:38 B K:\TBH Website Temp\waxcamps\images\fig29.html --> uts.cc.utexas.edu /export/httpd/vhosts/texasbeyondhistory/data/waxcamps/images fig29.html
2004.03.25 16:38 B K:\TBH Website Temp\waxcamps\images\fig29.jpg --> uts.cc.utexas.edu /export/httpd/vhosts/texasbeyondhistory/data/waxcamps/images fig29.jpg
2004.03.25 16:38 B K:\TBH Website Temp\waxcamps\images\fisher-lg.jpg --> uts.cc.utexas.edu /export/httpd/vhosts/texasbeyondhistory/data/waxcamps/images fisher-lg.jpg
2004.03.25 16:38 B K:\TBH Website Temp\waxcamps\images\fisher-sm.jpg --> uts.cc.utexas.edu /export/httpd/vhosts/texasbeyondhistory/data/waxcamps/images fisher-sm.jpg
2004.03.25 16:38 B K:\TBH Website Temp\waxcamps\images\fisher.html --> uts.cc.utexas.edu /export/httpd/vhosts/texasbeyondhistory/data/waxcamps/images fisher.html
2004.03.25 16:38 B K:\TBH Website Temp\waxcamps\images\flood-lg.jpg --> uts.cc.utexas.edu /export/httpd/vhosts/texasbeyondhistory/data/waxcamps/images flood-lg.jpg
2004.03.25 16:38 B K:\TBH Website Temp\waxcamps\images\flood.html --> uts.cc.utexas.edu /export/httpd/vhosts/texasbeyondhistory/data/waxcamps/images flood.html
2004.03.25 16:38 B K:\TBH Website Temp\waxcamps\images\flood.jpg --> uts.cc.utexas.edu /export/httpd/vhosts/texasbeyondhistory/data/waxcamps/images flood.jpg
2004.03.25 16:38 B K:\TBH Website Temp\waxcamps\images\flora-lg.jpg --> uts.cc.utexas.edu /export/httpd/vhosts/texasbeyondhistory/data/waxcamps/images flora-lg.jpg
2004.03.25 16:38 B K:\TBH Website Temp\waxcamps\images\flora-sm.jpg --> uts.cc.utexas.edu /export/httpd/vhosts/texasbeyondhistory/data/waxcamps/images flora-sm.jpg
2004.03.25 16:38 B K:\TBH Website Temp\waxcamps\images\flora.html --> uts.cc.utexas.edu /export/httpd/vhosts/texasbeyondhistory/data/waxcamps/images flora.html
2004.03.25 16:38 B K:\TBH Website Temp\waxcamps\images\footbridge-1.jpg --> uts.cc.utexas.edu /export/httpd/vhosts/texasbeyondhistory/data/waxcamps/images footbridge-1.jpg
2004.03.25 16:38 B K:\TBH Website Temp\waxcamps\images\footbridge-sm.jpg --> uts.cc.utexas.edu /export/httpd/vhosts/texasbeyondhistory/data/waxcamps/images footbridge-sm.jpg
2004.03.25 16:38 B K:\TBH Website Temp\waxcamps\images\footbridge.html --> uts.cc.utexas.edu /export/httpd/vhosts/texasbeyondhistory/data/waxcamps/images footbridge.html
2004.03.25 16:38 B K:\TBH Website Temp\waxcamps\images\footbridge.jpg --> uts.cc.utexas.edu /export/httpd/vhosts/texasbeyondhistory/data/waxcamps/images footbridge.jpg
2004.03.25 16:38 B K:\TBH Website Temp\waxcamps\images\forking.jpg --> uts.cc.utexas.edu /export/httpd/vhosts/texasbeyondhistory/data/waxcamps/images forking.jpg
2004.03.25 16:38 B K:\TBH Website Temp\waxcamps\images\forks-lg.gif --> uts.cc.utexas.edu /export/httpd/vhosts/texasbeyondhistory/data/waxcamps/images forks-lg.gif
2004.03.25 16:38 B K:\TBH Website Temp\waxcamps\images\forks-sm.gif --> uts.cc.utexas.edu /export/httpd/vhosts/texasbeyondhistory/data/waxcamps/images forks-sm.gif
2004.03.25 16:38 B K:\TBH Website Temp\waxcamps\images\forks.html --> uts.cc.utexas.edu /export/httpd/vhosts/texasbeyondhistory/data/waxcamps/images forks.html
2004.03.25 16:38 B K:\TBH Website Temp\waxcamps\images\glennsprings.jpg --> uts.cc.utexas.edu /export/httpd/vhosts/texasbeyondhistory/data/waxcamps/images glennsprings.jpg
2004.03.25 16:38 B K:\TBH Website Temp\waxcamps\images\graph-lg.gif --> uts.cc.utexas.edu /export/httpd/vhosts/texasbeyondhistory/data/waxcamps/images graph-lg.gif
2004.03.25 16:38 B K:\TBH Website Temp\waxcamps\images\graph-sm.gif --> uts.cc.utexas.edu /export/httpd/vhosts/texasbeyondhistory/data/waxcamps/images graph-sm.gif
2004.03.25 16:38 B K:\TBH Website Temp\waxcamps\images\graph.html --> uts.cc.utexas.edu /export/httpd/vhosts/texasbeyondhistory/data/waxcamps/images graph.html
2004.03.25 16:38 B K:\TBH Website Temp\waxcamps\images\griddle-lg.gif --> uts.cc.utexas.edu /export/httpd/vhosts/texasbeyondhistory/data/waxcamps/images griddle-lg.gif
2004.03.25 16:38 B K:\TBH Website Temp\waxcamps\images\griddle-sm.gif --> uts.cc.utexas.edu /export/httpd/vhosts/texasbeyondhistory/data/waxcamps/images griddle-sm.gif
2004.03.25 16:38 B K:\TBH Website Temp\waxcamps\images\griddle.html --> uts.cc.utexas.edu /export/httpd/vhosts/texasbeyondhistory/data/waxcamps/images griddle.html
2004.03.25 16:38 B K:\TBH Website Temp\waxcamps\images\intro-main.jpg --> uts.cc.utexas.edu /export/httpd/vhosts/texasbeyondhistory/data/waxcamps/images intro-main.jpg
2004.03.25 16:38 B K:\TBH Website Temp\waxcamps\images\jose-lg.jpg --> uts.cc.utexas.edu /export/httpd/vhosts/texasbeyondhistory/data/waxcamps/images jose-lg.jpg
2004.03.25 16:38 B K:\TBH Website Temp\waxcamps\images\jose-sm.jpg --> uts.cc.utexas.edu /export/httpd/vhosts/texasbeyondhistory/data/waxcamps/images jose-sm.jpg
2004.03.25 16:38 B K:\TBH Website Temp\waxcamps\images\jose.html --> uts.cc.utexas.edu /export/httpd/vhosts/texasbeyondhistory/data/waxcamps/images jose.html
2004.03.25 16:38 B K:\TBH Website Temp\waxcamps\images\knot-glennevans-sm.jpg --> uts.cc.utexas.edu /export/httpd/vhosts/texasbeyondhistory/data/waxcamps/images knot-glennevans-sm.jpg
2004.03.25 16:38 B K:\TBH Website Temp\waxcamps\images\knot-glennevans.html --> uts.cc.utexas.edu /export/httpd/vhosts/texasbeyondhistory/data/waxcamps/images knot-glennevans.html
2004.03.25 16:38 B K:\TBH Website Temp\waxcamps\images\knot-glennevans.jpg --> uts.cc.utexas.edu /export/httpd/vhosts/texasbeyondhistory/data/waxcamps/images knot-glennevans.jpg
2004.03.25 16:38 B K:\TBH Website Temp\waxcamps\images\landscape-lg.jpg --> uts.cc.utexas.edu /export/httpd/vhosts/texasbeyondhistory/data/waxcamps/images landscape-lg.jpg
2004.03.25 16:38 B K:\TBH Website Temp\waxcamps\images\layout-lg.jpg --> uts.cc.utexas.edu /export/httpd/vhosts/texasbeyondhistory/data/waxcamps/images layout-lg.jpg
2004.03.25 16:38 B K:\TBH Website Temp\waxcamps\images\layout.jpg --> uts.cc.utexas.edu /export/httpd/vhosts/texasbeyondhistory/data/waxcamps/images layout.jpg
2004.03.25 16:38 B K:\TBH Website Temp\waxcamps\images\lech-sm.jpg --> uts.cc.utexas.edu /export/httpd/vhosts/texasbeyondhistory/data/waxcamps/images lech-sm.jpg
2004.03.25 16:38 B K:\TBH Website Temp\waxcamps\images\lech.html --> uts.cc.utexas.edu /export/httpd/vhosts/texasbeyondhistory/data/waxcamps/images lech.html
2004.03.25 16:38 B K:\TBH Website Temp\waxcamps\images\lech.jpg --> uts.cc.utexas.edu /export/httpd/vhosts/texasbeyondhistory/data/waxcamps/images lech.jpg
2004.03.25 16:38 B K:\TBH Website Temp\waxcamps\images\lechugilla.html --> uts.cc.utexas.edu /export/httpd/vhosts/texasbeyondhistory/data/waxcamps/images lechugilla.html
2004.03.25 16:38 B K:\TBH Website Temp\waxcamps\images\lechuguilla-sm.jpg --> uts.cc.utexas.edu /export/httpd/vhosts/texasbeyondhistory/data/waxcamps/images lechuguilla-sm.jpg
2004.03.25 16:38 B K:\TBH Website Temp\waxcamps\images\lechuguilla.jpg --> uts.cc.utexas.edu /export/httpd/vhosts/texasbeyondhistory/data/waxcamps/images lechuguilla.jpg
2004.03.25 16:38 B K:\TBH Website Temp\waxcamps\images\loaded-lg.jpg --> uts.cc.utexas.edu /export/httpd/vhosts/texasbeyondhistory/data/waxcamps/images loaded-lg.jpg
2004.03.25 16:38 B K:\TBH Website Temp\waxcamps\images\loaded-sm.jpg --> uts.cc.utexas.edu /export/httpd/vhosts/texasbeyondhistory/data/waxcamps/images loaded-sm.jpg
2004.03.25 16:38 B K:\TBH Website Temp\waxcamps\images\loaded.html --> uts.cc.utexas.edu /export/httpd/vhosts/texasbeyondhistory/data/waxcamps/images loaded.html
2004.03.25 16:38 B K:\TBH Website Temp\waxcamps\images\maincollage.jpg --> uts.cc.utexas.edu /export/httpd/vhosts/texasbeyondhistory/data/waxcamps/images maincollage.jpg
2004.03.25 16:38 B K:\TBH Website Temp\waxcamps\images\map.gif --> uts.cc.utexas.edu /export/httpd/vhosts/texasbeyondhistory/data/waxcamps/images map.gif
2004.03.25 16:38 B K:\TBH Website Temp\waxcamps\images\maria-lg.jpg --> uts.cc.utexas.edu /export/httpd/vhosts/texasbeyondhistory/data/waxcamps/images maria-lg.jpg
2004.03.25 16:38 B K:\TBH Website Temp\waxcamps\images\maria-sm.jpg --> uts.cc.utexas.edu /export/httpd/vhosts/texasbeyondhistory/data/waxcamps/images maria-sm.jpg
2004.03.25 16:38 B K:\TBH Website Temp\waxcamps\images\maria.html --> uts.cc.utexas.edu /export/httpd/vhosts/texasbeyondhistory/data/waxcamps/images maria.html
2004.03.25 16:38 B K:\TBH Website Temp\waxcamps\images\marketing-lg.gif --> uts.cc.utexas.edu /export/httpd/vhosts/texasbeyondhistory/data/waxcamps/images marketing-lg.gif
2004.03.25 16:38 B K:\TBH Website Temp\waxcamps\images\marketing-sm.gif --> uts.cc.utexas.edu /export/httpd/vhosts/texasbeyondhistory/data/waxcamps/images marketing-sm.gif
2004.03.25 16:38 B K:\TBH Website Temp\waxcamps\images\marketing.html --> uts.cc.utexas.edu /export/httpd/vhosts/texasbeyondhistory/data/waxcamps/images marketing.html
2004.03.25 16:38 B K:\TBH Website Temp\waxcamps\images\mordida-lg.jpg --> uts.cc.utexas.edu /export/httpd/vhosts/texasbeyondhistory/data/waxcamps/images mordida-lg.jpg
2004.03.25 16:39 B K:\TBH Website Temp\waxcamps\images\mordida-sm.jpg --> uts.cc.utexas.edu /export/httpd/vhosts/texasbeyondhistory/data/waxcamps/images mordida-sm.jpg
2004.03.25 16:39 B K:\TBH Website Temp\waxcamps\images\mordida.html --> uts.cc.utexas.edu /export/httpd/vhosts/texasbeyondhistory/data/waxcamps/images mordida.html
2004.03.25 16:39 B K:\TBH Website Temp\waxcamps\images\mule-lg.jpg --> uts.cc.utexas.edu /export/httpd/vhosts/texasbeyondhistory/data/waxcamps/images mule-lg.jpg
2004.03.25 16:39 B K:\TBH Website Temp\waxcamps\images\mule-sm.jpg --> uts.cc.utexas.edu /export/httpd/vhosts/texasbeyondhistory/data/waxcamps/images mule-sm.jpg
2004.03.25 16:39 B K:\TBH Website Temp\waxcamps\images\mule.html --> uts.cc.utexas.edu /export/httpd/vhosts/texasbeyondhistory/data/waxcamps/images mule.html
2004.03.25 16:39 B K:\TBH Website Temp\waxcamps\images\ocotillo-lg.jpg --> uts.cc.utexas.edu /export/httpd/vhosts/texasbeyondhistory/data/waxcamps/images ocotillo-lg.jpg
2004.03.25 16:39 B K:\TBH Website Temp\waxcamps\images\ocotillo-sm.jpg --> uts.cc.utexas.edu /export/httpd/vhosts/texasbeyondhistory/data/waxcamps/images ocotillo-sm.jpg
2004.03.25 16:39 B K:\TBH Website Temp\waxcamps\images\ocotillo.html --> uts.cc.utexas.edu /export/httpd/vhosts/texasbeyondhistory/data/waxcamps/images ocotillo.html
2004.03.25 16:39 B K:\TBH Website Temp\waxcamps\images\overview-sm.jpg --> uts.cc.utexas.edu /export/httpd/vhosts/texasbeyondhistory/data/waxcamps/images overview-sm.jpg
2004.03.25 16:39 B K:\TBH Website Temp\waxcamps\images\overview.jpg --> uts.cc.utexas.edu /export/httpd/vhosts/texasbeyondhistory/data/waxcamps/images overview.jpg
2004.03.25 16:39 B K:\TBH Website Temp\waxcamps\images\pack-lg.jpg --> uts.cc.utexas.edu /export/httpd/vhosts/texasbeyondhistory/data/waxcamps/images pack-lg.jpg
2004.03.25 16:39 B K:\TBH Website Temp\waxcamps\images\pack-sm.jpg --> uts.cc.utexas.edu /export/httpd/vhosts/texasbeyondhistory/data/waxcamps/images pack-sm.jpg
2004.03.25 16:39 B K:\TBH Website Temp\waxcamps\images\pack.html --> uts.cc.utexas.edu /export/httpd/vhosts/texasbeyondhistory/data/waxcamps/images pack.html
2004.03.25 16:39 B K:\TBH Website Temp\waxcamps\images\pershing-lg.jpg --> uts.cc.utexas.edu /export/httpd/vhosts/texasbeyondhistory/data/waxcamps/images pershing-lg.jpg
2004.03.25 16:39 B K:\TBH Website Temp\waxcamps\images\pershing-sm.jpg --> uts.cc.utexas.edu /export/httpd/vhosts/texasbeyondhistory/data/waxcamps/images pershing-sm.jpg
2004.03.25 16:39 B K:\TBH Website Temp\waxcamps\images\pershing.html --> uts.cc.utexas.edu /export/httpd/vhosts/texasbeyondhistory/data/waxcamps/images pershing.html
2004.03.25 16:39 B K:\TBH Website Temp\waxcamps\images\plant-lg.jpg --> uts.cc.utexas.edu /export/httpd/vhosts/texasbeyondhistory/data/waxcamps/images plant-lg.jpg
2004.03.25 16:39 B K:\TBH Website Temp\waxcamps\images\plant-sm.jpg --> uts.cc.utexas.edu /export/httpd/vhosts/texasbeyondhistory/data/waxcamps/images plant-sm.jpg
2004.03.25 16:39 B K:\TBH Website Temp\waxcamps\images\plant.html --> uts.cc.utexas.edu /export/httpd/vhosts/texasbeyondhistory/data/waxcamps/images plant.html
2004.03.25 16:39 B K:\TBH Website Temp\waxcamps\images\plume-lg.jpg --> uts.cc.utexas.edu /export/httpd/vhosts/texasbeyondhistory/data/waxcamps/images plume-lg.jpg
2004.03.25 16:39 B K:\TBH Website Temp\waxcamps\images\plume-sm.jpg --> uts.cc.utexas.edu /export/httpd/vhosts/texasbeyondhistory/data/waxcamps/images plume-sm.jpg
2004.03.25 16:39 B K:\TBH Website Temp\waxcamps\images\plume.html --> uts.cc.utexas.edu /export/httpd/vhosts/texasbeyondhistory/data/waxcamps/images plume.html
2004.03.25 16:39 B K:\TBH Website Temp\waxcamps\images\portrait-lg.jpg --> uts.cc.utexas.edu /export/httpd/vhosts/texasbeyondhistory/data/waxcamps/images portrait-lg.jpg
2004.03.25 16:39 B K:\TBH Website Temp\waxcamps\images\portrait-sm.jpg --> uts.cc.utexas.edu /export/httpd/vhosts/texasbeyondhistory/data/waxcamps/images portrait-sm.jpg
2004.03.25 16:39 B K:\TBH Website Temp\waxcamps\images\portrait.html --> uts.cc.utexas.edu /export/httpd/vhosts/texasbeyondhistory/data/waxcamps/images portrait.html
2004.03.25 16:39 B K:\TBH Website Temp\waxcamps\images\products-lg.jpg --> uts.cc.utexas.edu /export/httpd/vhosts/texasbeyondhistory/data/waxcamps/images products-lg.jpg
2004.03.25 16:39 B K:\TBH Website Temp\waxcamps\images\products-sm.jpg --> uts.cc.utexas.edu /export/httpd/vhosts/texasbeyondhistory/data/waxcamps/images products-sm.jpg
2004.03.25 16:39 B K:\TBH Website Temp\waxcamps\images\products.html --> uts.cc.utexas.edu /export/httpd/vhosts/texasbeyondhistory/data/waxcamps/images products.html
2004.03.25 16:39 B K:\TBH Website Temp\waxcamps\images\pumphouse-lg.jpg --> uts.cc.utexas.edu /export/httpd/vhosts/texasbeyondhistory/data/waxcamps/images pumphouse-lg.jpg
2004.03.25 16:39 B K:\TBH Website Temp\waxcamps\images\pumphouse-sm.jpg --> uts.cc.utexas.edu /export/httpd/vhosts/texasbeyondhistory/data/waxcamps/images pumphouse-sm.jpg
2004.03.25 16:39 B K:\TBH Website Temp\waxcamps\images\pumphouse.html --> uts.cc.utexas.edu /export/httpd/vhosts/texasbeyondhistory/data/waxcamps/images pumphouse.html
2004.03.25 16:39 B K:\TBH Website Temp\waxcamps\images\puptent-lg.gif --> uts.cc.utexas.edu /export/httpd/vhosts/texasbeyondhistory/data/waxcamps/images puptent-lg.gif
2004.03.25 16:39 B K:\TBH Website Temp\waxcamps\images\puptent-sm.gif --> uts.cc.utexas.edu /export/httpd/vhosts/texasbeyondhistory/data/waxcamps/images puptent-sm.gif
2004.03.25 16:39 B K:\TBH Website Temp\waxcamps\images\puptent.html --> uts.cc.utexas.edu /export/httpd/vhosts/texasbeyondhistory/data/waxcamps/images puptent.html
2004.03.25 16:39 B K:\TBH Website Temp\waxcamps\images\quilt-lg.jpg --> uts.cc.utexas.edu /export/httpd/vhosts/texasbeyondhistory/data/waxcamps/images quilt-lg.jpg
2004.03.25 16:39 B K:\TBH Website Temp\waxcamps\images\quilt-sm.jpg --> uts.cc.utexas.edu /export/httpd/vhosts/texasbeyondhistory/data/waxcamps/images quilt-sm.jpg
2004.03.25 16:39 B K:\TBH Website Temp\waxcamps\images\quilt.html --> uts.cc.utexas.edu /export/httpd/vhosts/texasbeyondhistory/data/waxcamps/images quilt.html
2004.03.25 16:39 B K:\TBH Website Temp\waxcamps\images\riding-lg.jpg --> uts.cc.utexas.edu /export/httpd/vhosts/texasbeyondhistory/data/waxcamps/images riding-lg.jpg
2004.03.25 16:39 B K:\TBH Website Temp\waxcamps\images\riding-sm.jpg --> uts.cc.utexas.edu /export/httpd/vhosts/texasbeyondhistory/data/waxcamps/images riding-sm.jpg
2004.03.25 16:39 B K:\TBH Website Temp\waxcamps\images\riding.html --> uts.cc.utexas.edu /export/httpd/vhosts/texasbeyondhistory/data/waxcamps/images riding.html
2004.03.25 16:39 B K:\TBH Website Temp\waxcamps\images\riverbank-lg.jpg --> uts.cc.utexas.edu /export/httpd/vhosts/texasbeyondhistory/data/waxcamps/images riverbank-lg.jpg
2004.03.25 16:39 B K:\TBH Website Temp\waxcamps\images\riverbank-sm.jpg --> uts.cc.utexas.edu /export/httpd/vhosts/texasbeyondhistory/data/waxcamps/images riverbank-sm.jpg
2004.03.25 16:39 B K:\TBH Website Temp\waxcamps\images\riverbank.html --> uts.cc.utexas.edu /export/httpd/vhosts/texasbeyondhistory/data/waxcamps/images riverbank.html
2004.03.25 16:39 B K:\TBH Website Temp\waxcamps\images\rope-lg.jpg --> uts.cc.utexas.edu /export/httpd/vhosts/texasbeyondhistory/data/waxcamps/images rope-lg.jpg
2004.03.25 16:39 B K:\TBH Website Temp\waxcamps\images\rope-sm.jpg --> uts.cc.utexas.edu /export/httpd/vhosts/texasbeyondhistory/data/waxcamps/images rope-sm.jpg
2004.03.25 16:39 B K:\TBH Website Temp\waxcamps\images\rope.html --> uts.cc.utexas.edu /export/httpd/vhosts/texasbeyondhistory/data/waxcamps/images rope.html
2004.03.25 16:39 B K:\TBH Website Temp\waxcamps\images\sacks-lg.jpg --> uts.cc.utexas.edu /export/httpd/vhosts/texasbeyondhistory/data/waxcamps/images sacks-lg.jpg
2004.03.25 16:39 B K:\TBH Website Temp\waxcamps\images\sacks-sm.jpg --> uts.cc.utexas.edu /export/httpd/vhosts/texasbeyondhistory/data/waxcamps/images sacks-sm.jpg
2004.03.25 16:39 B K:\TBH Website Temp\waxcamps\images\sacks.html --> uts.cc.utexas.edu /export/httpd/vhosts/texasbeyondhistory/data/waxcamps/images sacks.html
2004.03.25 16:39 B K:\TBH Website Temp\waxcamps\images\seasoned-lg.jpg --> uts.cc.utexas.edu /export/httpd/vhosts/texasbeyondhistory/data/waxcamps/images seasoned-lg.jpg
2004.03.25 16:39 B K:\TBH Website Temp\waxcamps\images\seasoned-sm.jpg --> uts.cc.utexas.edu /export/httpd/vhosts/texasbeyondhistory/data/waxcamps/images seasoned-sm.jpg
2004.03.25 16:39 B K:\TBH Website Temp\waxcamps\images\seasoned.html --> uts.cc.utexas.edu /export/httpd/vhosts/texasbeyondhistory/data/waxcamps/images seasoned.html
2004.03.25 16:39 B K:\TBH Website Temp\waxcamps\images\shelter-sm.gif --> uts.cc.utexas.edu /export/httpd/vhosts/texasbeyondhistory/data/waxcamps/images shelter-sm.gif
2004.03.25 16:39 B K:\TBH Website Temp\waxcamps\images\shelter.gif --> uts.cc.utexas.edu /export/httpd/vhosts/texasbeyondhistory/data/waxcamps/images shelter.gif
2004.03.25 16:39 B K:\TBH Website Temp\waxcamps\images\shelter.html --> uts.cc.utexas.edu /export/httpd/vhosts/texasbeyondhistory/data/waxcamps/images shelter.html
2004.03.25 16:39 B K:\TBH Website Temp\waxcamps\images\sierra-lg-rev.jpg --> uts.cc.utexas.edu /export/httpd/vhosts/texasbeyondhistory/data/waxcamps/images sierra-lg-rev.jpg
2004.03.25 16:39 B K:\TBH Website Temp\waxcamps\images\sierra-sm.jpg --> uts.cc.utexas.edu /export/httpd/vhosts/texasbeyondhistory/data/waxcamps/images sierra-sm.jpg
2004.03.25 16:39 B K:\TBH Website Temp\waxcamps\images\sierra.html --> uts.cc.utexas.edu /export/httpd/vhosts/texasbeyondhistory/data/waxcamps/images sierra.html
2004.03.25 16:39 B K:\TBH Website Temp\waxcamps\images\sitiing-lg.jpg --> uts.cc.utexas.edu /export/httpd/vhosts/texasbeyondhistory/data/waxcamps/images sitiing-lg.jpg
2004.03.25 16:39 B K:\TBH Website Temp\waxcamps\images\sitting-sm.jpg --> uts.cc.utexas.edu /export/httpd/vhosts/texasbeyondhistory/data/waxcamps/images sitting-sm.jpg
2004.03.25 16:39 B K:\TBH Website Temp\waxcamps\images\sitting.html --> uts.cc.utexas.edu /export/httpd/vhosts/texasbeyondhistory/data/waxcamps/images sitting.html
2004.03.25 16:39 B K:\TBH Website Temp\waxcamps\images\sketch-lg.gif --> uts.cc.utexas.edu /export/httpd/vhosts/texasbeyondhistory/data/waxcamps/images sketch-lg.gif
2004.03.25 16:39 B K:\TBH Website Temp\waxcamps\images\sketch-sm.gif --> uts.cc.utexas.edu /export/httpd/vhosts/texasbeyondhistory/data/waxcamps/images sketch-sm.gif
2004.03.25 16:39 B K:\TBH Website Temp\waxcamps\images\sketch.html --> uts.cc.utexas.edu /export/httpd/vhosts/texasbeyondhistory/data/waxcamps/images sketch.html
2004.03.25 16:39 B K:\TBH Website Temp\waxcamps\images\skimmer-sm.jpg --> uts.cc.utexas.edu /export/httpd/vhosts/texasbeyondhistory/data/waxcamps/images skimmer-sm.jpg
2004.03.25 16:39 B K:\TBH Website Temp\waxcamps\images\slope-lg.jpg --> uts.cc.utexas.edu /export/httpd/vhosts/texasbeyondhistory/data/waxcamps/images slope-lg.jpg
2004.03.25 16:39 B K:\TBH Website Temp\waxcamps\images\slope-sm.jpg --> uts.cc.utexas.edu /export/httpd/vhosts/texasbeyondhistory/data/waxcamps/images slope-sm.jpg
2004.03.25 16:39 B K:\TBH Website Temp\waxcamps\images\slope.html --> uts.cc.utexas.edu /export/httpd/vhosts/texasbeyondhistory/data/waxcamps/images slope.html
2004.03.25 16:39 B K:\TBH Website Temp\waxcamps\images\smoke-sm.jpg --> uts.cc.utexas.edu /export/httpd/vhosts/texasbeyondhistory/data/waxcamps/images smoke-sm.jpg
2004.03.25 16:39 B K:\TBH Website Temp\waxcamps\images\smoke.html --> uts.cc.utexas.edu /export/httpd/vhosts/texasbeyondhistory/data/waxcamps/images smoke.html
2004.03.25 16:39 B K:\TBH Website Temp\waxcamps\images\smoke.jpg --> uts.cc.utexas.edu /export/httpd/vhosts/texasbeyondhistory/data/waxcamps/images smoke.jpg
2004.03.25 16:39 B K:\TBH Website Temp\waxcamps\images\sylvia-lg.jpg --> uts.cc.utexas.edu /export/httpd/vhosts/texasbeyondhistory/data/waxcamps/images sylvia-lg.jpg
2004.03.25 16:39 B K:\TBH Website Temp\waxcamps\images\sylvia-sm.jpg --> uts.cc.utexas.edu /export/httpd/vhosts/texasbeyondhistory/data/waxcamps/images sylvia-sm.jpg
2004.03.25 16:39 B K:\TBH Website Temp\waxcamps\images\techmain.jpg --> uts.cc.utexas.edu /export/httpd/vhosts/texasbeyondhistory/data/waxcamps/images techmain.jpg
2004.03.25 16:39 B K:\TBH Website Temp\waxcamps\images\tent-camp-lg.jpg --> uts.cc.utexas.edu /export/httpd/vhosts/texasbeyondhistory/data/waxcamps/images tent-camp-lg.jpg
2004.03.25 16:39 B K:\TBH Website Temp\waxcamps\images\tent-camp-sm.jpg --> uts.cc.utexas.edu /export/httpd/vhosts/texasbeyondhistory/data/waxcamps/images tent-camp-sm.jpg
2004.03.25 16:39 B K:\TBH Website Temp\waxcamps\images\tentcamp.html --> uts.cc.utexas.edu /export/httpd/vhosts/texasbeyondhistory/data/waxcamps/images tentcamp.html
2004.03.25 16:39 B K:\TBH Website Temp\waxcamps\images\tough-lg.jpg --> uts.cc.utexas.edu /export/httpd/vhosts/texasbeyondhistory/data/waxcamps/images tough-lg.jpg
2004.03.25 16:39 B K:\TBH Website Temp\waxcamps\images\tough-sm.jpg --> uts.cc.utexas.edu /export/httpd/vhosts/texasbeyondhistory/data/waxcamps/images tough-sm.jpg
2004.03.25 16:39 B K:\TBH Website Temp\waxcamps\images\tough.html --> uts.cc.utexas.edu /export/httpd/vhosts/texasbeyondhistory/data/waxcamps/images tough.html
2004.03.25 16:39 B K:\TBH Website Temp\waxcamps\images\trade-sm.jpg --> uts.cc.utexas.edu /export/httpd/vhosts/texasbeyondhistory/data/waxcamps/images trade-sm.jpg
2004.03.25 16:39 B K:\TBH Website Temp\waxcamps\images\trade.html --> uts.cc.utexas.edu /export/httpd/vhosts/texasbeyondhistory/data/waxcamps/images trade.html
2004.03.25 16:39 B K:\TBH Website Temp\waxcamps\images\trade.jpg --> uts.cc.utexas.edu /export/httpd/vhosts/texasbeyondhistory/data/waxcamps/images trade.jpg
2004.03.25 16:39 B K:\TBH Website Temp\waxcamps\images\treads-sm.jpg --> uts.cc.utexas.edu /export/httpd/vhosts/texasbeyondhistory/data/waxcamps/images treads-sm.jpg
2004.03.25 16:39 B K:\TBH Website Temp\waxcamps\images\treads.html --> uts.cc.utexas.edu /export/httpd/vhosts/texasbeyondhistory/data/waxcamps/images treads.html
2004.03.25 16:39 B K:\TBH Website Temp\waxcamps\images\treads.jpg --> uts.cc.utexas.edu /export/httpd/vhosts/texasbeyondhistory/data/waxcamps/images treads.jpg
2004.03.25 16:39 B K:\TBH Website Temp\waxcamps\images\tree-lg.jpg --> uts.cc.utexas.edu /export/httpd/vhosts/texasbeyondhistory/data/waxcamps/images tree-lg.jpg
2004.03.25 16:39 B K:\TBH Website Temp\waxcamps\images\tree-sm.jpg --> uts.cc.utexas.edu /export/httpd/vhosts/texasbeyondhistory/data/waxcamps/images tree-sm.jpg
2004.03.25 16:39 B K:\TBH Website Temp\waxcamps\images\tree.html --> uts.cc.utexas.edu /export/httpd/vhosts/texasbeyondhistory/data/waxcamps/images tree.html
2004.03.25 16:39 B K:\TBH Website Temp\waxcamps\images\trekmap-lg.gif --> uts.cc.utexas.edu /export/httpd/vhosts/texasbeyondhistory/data/waxcamps/images trekmap-lg.gif
2004.03.25 16:39 B K:\TBH Website Temp\waxcamps\images\trekmap-sm.jpg --> uts.cc.utexas.edu /export/httpd/vhosts/texasbeyondhistory/data/waxcamps/images trekmap-sm.jpg
2004.03.25 16:39 B K:\TBH Website Temp\waxcamps\images\trekmap.html --> uts.cc.utexas.edu /export/httpd/vhosts/texasbeyondhistory/data/waxcamps/images trekmap.html
2004.03.25 16:39 B K:\TBH Website Temp\waxcamps\images\uses-lg.gif --> uts.cc.utexas.edu /export/httpd/vhosts/texasbeyondhistory/data/waxcamps/images uses-lg.gif
2004.03.25 16:39 B K:\TBH Website Temp\waxcamps\images\uses-sm.gif --> uts.cc.utexas.edu /export/httpd/vhosts/texasbeyondhistory/data/waxcamps/images uses-sm.gif
2004.03.25 16:39 B K:\TBH Website Temp\waxcamps\images\uses.html --> uts.cc.utexas.edu /export/httpd/vhosts/texasbeyondhistory/data/waxcamps/images uses.html
2004.03.25 16:39 B K:\TBH Website Temp\waxcamps\images\vat-lg.jpg --> uts.cc.utexas.edu /export/httpd/vhosts/texasbeyondhistory/data/waxcamps/images vat-lg.jpg
2004.03.25 16:39 B K:\TBH Website Temp\waxcamps\images\vat-sm.jpg --> uts.cc.utexas.edu /export/httpd/vhosts/texasbeyondhistory/data/waxcamps/images vat-sm.jpg
2004.03.25 16:39 B K:\TBH Website Temp\waxcamps\images\vat.html --> uts.cc.utexas.edu /export/httpd/vhosts/texasbeyondhistory/data/waxcamps/images vat.html
2004.03.25 16:39 B K:\TBH Website Temp\waxcamps\images\victorio-lg.jpg --> uts.cc.utexas.edu /export/httpd/vhosts/texasbeyondhistory/data/waxcamps/images victorio-lg.jpg
2004.03.25 16:39 B K:\TBH Website Temp\waxcamps\images\victorio-sm.jpg --> uts.cc.utexas.edu /export/httpd/vhosts/texasbeyondhistory/data/waxcamps/images victorio-sm.jpg
2004.03.25 16:39 B K:\TBH Website Temp\waxcamps\images\victorio.html --> uts.cc.utexas.edu /export/httpd/vhosts/texasbeyondhistory/data/waxcamps/images victorio.html
2004.03.25 16:39 B K:\TBH Website Temp\waxcamps\images\wax17-lg.jpg --> uts.cc.utexas.edu /export/httpd/vhosts/texasbeyondhistory/data/waxcamps/images wax17-lg.jpg
2004.03.25 16:39 B K:\TBH Website Temp\waxcamps\images\wax17-sm.jpg --> uts.cc.utexas.edu /export/httpd/vhosts/texasbeyondhistory/data/waxcamps/images wax17-sm.jpg
2004.03.25 16:39 B K:\TBH Website Temp\waxcamps\images\wax17.html --> uts.cc.utexas.edu /export/httpd/vhosts/texasbeyondhistory/data/waxcamps/images wax17.html
2004.03.25 16:39 B K:\TBH Website Temp\waxcamps\images\workers.jpg --> uts.cc.utexas.edu /export/httpd/vhosts/texasbeyondhistory/data/waxcamps/images workers.jpg
2004.03.25 16:39 B K:\TBH Website Temp\waxcamps\images\yellomap-lg.gif --> uts.cc.utexas.edu /export/httpd/vhosts/texasbeyondhistory/data/waxcamps/images yellomap-lg.gif
2004.03.25 16:39 B K:\TBH Website Temp\waxcamps\images\yellomap.gif --> uts.cc.utexas.edu /export/httpd/vhosts/texasbeyondhistory/data/waxcamps/images yellomap.gif
2004.03.25 16:39 B K:\TBH Website Temp\waxcamps\images\yellowmap.html --> uts.cc.utexas.edu /export/httpd/vhosts/texasbeyondhistory/data/waxcamps/images yellowmap.html
2004.03.25 16:39 B K:\TBH Website Temp\waxcamps\images\zubia-lg.jpg --> uts.cc.utexas.edu /export/httpd/vhosts/texasbeyondhistory/data/waxcamps/images zubia-lg.jpg
2004.03.25 16:39 B K:\TBH Website Temp\waxcamps\images\zubia-sm.jpg --> uts.cc.utexas.edu /export/httpd/vhosts/texasbeyondhistory/data/waxcamps/images zubia-sm.jpg
2004.03.25 16:39 B K:\TBH Website Temp\waxcamps\images\zubia.html --> uts.cc.utexas.edu /export/httpd/vhosts/texasbeyondhistory/data/waxcamps/images zubia.html
2004.04.08 12:09 B K:\TBH Website Temp\waxcamps\images\yellowmap.html --> uts.cc.utexas.edu /export/httpd/vhosts/texasbeyondhistory/data/waxcamps/images yellowmap.html
2004.04.08 12:09 B K:\TBH Website Temp\waxcamps\images\lock.html --> uts.cc.utexas.edu /export/httpd/vhosts/texasbeyondhistory/data/waxcamps/images lock.html
2004.04.08 12:09 B K:\TBH Website Temp\waxcamps\images\grate.html --> uts.cc.utexas.edu /export/httpd/vhosts/texasbeyondhistory/data/waxcamps/images grate.html
2004.04.08 12:09 B K:\TBH Website Temp\waxcamps\images\quilt.html --> uts.cc.utexas.edu /export/httpd/vhosts/texasbeyondhistory/data/waxcamps/images quilt.html
2004.04.08 12:09 B K:\TBH Website Temp\waxcamps\images\footbridge.html --> uts.cc.utexas.edu /export/httpd/vhosts/texasbeyondhistory/data/waxcamps/images footbridge.html
2004.04.08 12:09 B K:\TBH Website Temp\waxcamps\images\flora.html --> uts.cc.utexas.edu /export/httpd/vhosts/texasbeyondhistory/data/waxcamps/images flora.html
2004.04.08 12:09 B K:\TBH Website Temp\waxcamps\images\boquillas.html --> uts.cc.utexas.edu /export/httpd/vhosts/texasbeyondhistory/data/waxcamps/images boquillas.html
2004.04.08 12:09 B K:\TBH Website Temp\waxcamps\images\zubia.html --> uts.cc.utexas.edu /export/httpd/vhosts/texasbeyondhistory/data/waxcamps/images zubia.html
2004.04.08 12:09 B K:\TBH Website Temp\waxcamps\images\maria.html --> uts.cc.utexas.edu /export/httpd/vhosts/texasbeyondhistory/data/waxcamps/images maria.html
2004.04.08 12:09 B K:\TBH Website Temp\waxcamps\images\uses.html --> uts.cc.utexas.edu /export/httpd/vhosts/texasbeyondhistory/data/waxcamps/images uses.html
2004.04.08 12:09 B K:\TBH Website Temp\waxcamps\images\antonia.html --> uts.cc.utexas.edu /export/httpd/vhosts/texasbeyondhistory/data/waxcamps/images antonia.html
2004.04.08 12:09 B K:\TBH Website Temp\waxcamps\images\burro.html --> uts.cc.utexas.edu /export/httpd/vhosts/texasbeyondhistory/data/waxcamps/images burro.html
2004.04.08 12:09 B K:\TBH Website Temp\waxcamps\images\graph.html --> uts.cc.utexas.edu /export/httpd/vhosts/texasbeyondhistory/data/waxcamps/images graph.html
2004.04.08 12:09 B K:\TBH Website Temp\waxcamps\images\knot-glennevans.html --> uts.cc.utexas.edu /export/httpd/vhosts/texasbeyondhistory/data/waxcamps/images knot-glennevans.html
2004.04.08 12:09 B K:\TBH Website Temp\waxcamps\images\slope.html --> uts.cc.utexas.edu /export/httpd/vhosts/texasbeyondhistory/data/waxcamps/images slope.html
2004.04.08 12:09 B K:\TBH Website Temp\waxcamps\images\avila.html --> uts.cc.utexas.edu /export/httpd/vhosts/texasbeyondhistory/data/waxcamps/images avila.html
2004.04.08 12:09 B K:\TBH Website Temp\waxcamps\images\jose.html --> uts.cc.utexas.edu /export/httpd/vhosts/texasbeyondhistory/data/waxcamps/images jose.html
2004.04.08 12:09 B K:\TBH Website Temp\waxcamps\images\trekmap.html --> uts.cc.utexas.edu /export/httpd/vhosts/texasbeyondhistory/data/waxcamps/images trekmap.html
2004.04.08 12:09 B K:\TBH Website Temp\waxcamps\images\trekmap-biggest.jpg --> uts.cc.utexas.edu /export/httpd/vhosts/texasbeyondhistory/data/waxcamps/images trekmap-biggest.jpg
2004.04.08 12:09 B K:\TBH Website Temp\waxcamps\images\squat.html --> uts.cc.utexas.edu /export/httpd/vhosts/texasbeyondhistory/data/waxcamps/images squat.html
2004.04.08 12:09 B K:\TBH Website Temp\waxcamps\images\squat-sm.jpg --> uts.cc.utexas.edu /export/httpd/vhosts/texasbeyondhistory/data/waxcamps/images squat-sm.jpg
2004.04.08 12:09 B K:\TBH Website Temp\waxcamps\images\squat-lg.jpg --> uts.cc.utexas.edu /export/httpd/vhosts/texasbeyondhistory/data/waxcamps/images squat-lg.jpg
2004.04.08 12:09 B K:\TBH Website Temp\waxcamps\images\load.html --> uts.cc.utexas.edu /export/httpd/vhosts/texasbeyondhistory/data/waxcamps/images load.html
2004.04.08 12:09 B K:\TBH Website Temp\waxcamps\images\brewster.jpg --> uts.cc.utexas.edu /export/httpd/vhosts/texasbeyondhistory/data/waxcamps/images brewster.jpg
2004.04.08 12:09 B K:\TBH Website Temp\waxcamps\images\sitting.html --> uts.cc.utexas.edu /export/httpd/vhosts/texasbeyondhistory/data/waxcamps/images sitting.html
2004.04.08 12:09 B K:\TBH Website Temp\waxcamps\images\lech.html --> uts.cc.utexas.edu /export/httpd/vhosts/texasbeyondhistory/data/waxcamps/images lech.html
2004.04.08 12:09 B K:\TBH Website Temp\waxcamps\images\yards.html --> uts.cc.utexas.edu /export/httpd/vhosts/texasbeyondhistory/data/waxcamps/images yards.html
2004.04.08 12:09 B K:\TBH Website Temp\waxcamps\images\eating.html --> uts.cc.utexas.edu /export/httpd/vhosts/texasbeyondhistory/data/waxcamps/images eating.html
2004.04.08 12:09 B K:\TBH Website Temp\waxcamps\images\pumphouse.html --> uts.cc.utexas.edu /export/httpd/vhosts/texasbeyondhistory/data/waxcamps/images pumphouse.html
2004.04.08 12:09 B K:\TBH Website Temp\waxcamps\images\fisher.html --> uts.cc.utexas.edu /export/httpd/vhosts/texasbeyondhistory/data/waxcamps/images fisher.html
2004.04.08 12:09 B K:\TBH Website Temp\waxcamps\images\creosote.html --> uts.cc.utexas.edu /export/httpd/vhosts/texasbeyondhistory/data/waxcamps/images creosote.html
2004.04.08 12:09 B K:\TBH Website Temp\waxcamps\images\marketing.html --> uts.cc.utexas.edu /export/httpd/vhosts/texasbeyondhistory/data/waxcamps/images marketing.html
2004.04.08 12:09 B K:\TBH Website Temp\waxcamps\images\comanchemap.html --> uts.cc.utexas.edu /export/httpd/vhosts/texasbeyondhistory/data/waxcamps/images comanchemap.html
2004.04.08 12:09 B K:\TBH Website Temp\waxcamps\images\plume.html --> uts.cc.utexas.edu /export/httpd/vhosts/texasbeyondhistory/data/waxcamps/images plume.html
2004.04.08 12:09 B K:\TBH Website Temp\waxcamps\images\cover.html --> uts.cc.utexas.edu /export/httpd/vhosts/texasbeyondhistory/data/waxcamps/images cover.html
2004.04.08 12:09 B K:\TBH Website Temp\waxcamps\images\view.html --> uts.cc.utexas.edu /export/httpd/vhosts/texasbeyondhistory/data/waxcamps/images view.html
2004.04.08 12:09 B K:\TBH Website Temp\waxcamps\images\shade.html --> uts.cc.utexas.edu /export/httpd/vhosts/texasbeyondhistory/data/waxcamps/images shade.html
2004.04.08 12:09 B K:\TBH Website Temp\waxcamps\images\shade-sm.jpg --> uts.cc.utexas.edu /export/httpd/vhosts/texasbeyondhistory/data/waxcamps/images shade-sm.jpg
2004.04.08 12:09 B K:\TBH Website Temp\waxcamps\images\shade-lg.jpg --> uts.cc.utexas.edu /export/httpd/vhosts/texasbeyondhistory/data/waxcamps/images shade-lg.jpg
2004.04.08 12:09 B K:\TBH Website Temp\waxcamps\images\mardith.html --> uts.cc.utexas.edu /export/httpd/vhosts/texasbeyondhistory/data/waxcamps/images mardith.html
2004.04.08 12:09 B K:\TBH Website Temp\waxcamps\images\mardith-sm.jpg --> uts.cc.utexas.edu /export/httpd/vhosts/texasbeyondhistory/data/waxcamps/images mardith-sm.jpg
2004.04.08 12:09 B K:\TBH Website Temp\waxcamps\images\mardith-lg.jpg --> uts.cc.utexas.edu /export/httpd/vhosts/texasbeyondhistory/data/waxcamps/images mardith-lg.jpg
2004.04.08 12:09 B K:\TBH Website Temp\waxcamps\images\hughes.html --> uts.cc.utexas.edu /export/httpd/vhosts/texasbeyondhistory/data/waxcamps/images hughes.html
2004.04.08 12:09 B K:\TBH Website Temp\waxcamps\images\hughes-sm.jpg --> uts.cc.utexas.edu /export/httpd/vhosts/texasbeyondhistory/data/waxcamps/images hughes-sm.jpg
2004.04.08 12:09 B K:\TBH Website Temp\waxcamps\images\hughes-lg.jpg --> uts.cc.utexas.edu /export/httpd/vhosts/texasbeyondhistory/data/waxcamps/images hughes-lg.jpg
2004.04.08 12:09 B K:\TBH Website Temp\waxcamps\images\fieldc-lg.jpg --> uts.cc.utexas.edu /export/httpd/vhosts/texasbeyondhistory/data/waxcamps/images fieldc-lg.jpg
2004.04.08 12:09 B K:\TBH Website Temp\waxcamps\images\curtisrichards.html --> uts.cc.utexas.edu /export/httpd/vhosts/texasbeyondhistory/data/waxcamps/images curtisrichards.html
2004.04.08 12:09 B K:\TBH Website Temp\waxcamps\images\curtisrichards-sm.jpg --> uts.cc.utexas.edu /export/httpd/vhosts/texasbeyondhistory/data/waxcamps/images curtisrichards-sm.jpg
2004.04.08 12:09 B K:\TBH Website Temp\waxcamps\images\curtisrichards-lg.jpg --> uts.cc.utexas.edu /export/httpd/vhosts/texasbeyondhistory/data/waxcamps/images curtisrichards-lg.jpg
2004.04.08 12:09 B K:\TBH Website Temp\waxcamps\images\confer.html --> uts.cc.utexas.edu /export/httpd/vhosts/texasbeyondhistory/data/waxcamps/images confer.html
2004.04.08 12:09 B K:\TBH Website Temp\waxcamps\images\confer-sm.jpg --> uts.cc.utexas.edu /export/httpd/vhosts/texasbeyondhistory/data/waxcamps/images confer-sm.jpg
2004.04.08 12:09 B K:\TBH Website Temp\waxcamps\images\confer-lg.jpg --> uts.cc.utexas.edu /export/httpd/vhosts/texasbeyondhistory/data/waxcamps/images confer-lg.jpg
2004.04.08 12:09 B K:\TBH Website Temp\waxcamps\images\cannons.html --> uts.cc.utexas.edu /export/httpd/vhosts/texasbeyondhistory/data/waxcamps/images cannons.html
2004.04.08 12:09 B K:\TBH Website Temp\waxcamps\images\cannons-sm.jpg --> uts.cc.utexas.edu /export/httpd/vhosts/texasbeyondhistory/data/waxcamps/images cannons-sm.jpg
2004.04.08 12:09 B K:\TBH Website Temp\waxcamps\images\cannons-lg.jpg --> uts.cc.utexas.edu /export/httpd/vhosts/texasbeyondhistory/data/waxcamps/images cannons-lg.jpg
2004.04.08 12:09 B K:\TBH Website Temp\waxcamps\images\belle.html --> uts.cc.utexas.edu /export/httpd/vhosts/texasbeyondhistory/data/waxcamps/images belle.html
2004.04.08 12:09 B K:\TBH Website Temp\waxcamps\images\belle-sm.jpg --> uts.cc.utexas.edu /export/httpd/vhosts/texasbeyondhistory/data/waxcamps/images belle-sm.jpg
2004.04.08 12:09 B K:\TBH Website Temp\waxcamps\images\belle-lg.jpg --> uts.cc.utexas.edu /export/httpd/vhosts/texasbeyondhistory/data/waxcamps/images belle-lg.jpg
2004.04.08 12:09 B K:\TBH Website Temp\waxcamps\images\alamo.html --> uts.cc.utexas.edu /export/httpd/vhosts/texasbeyondhistory/data/waxcamps/images alamo.html
2004.04.08 12:09 B K:\TBH Website Temp\waxcamps\images\alamo-sm.jpg --> uts.cc.utexas.edu /export/httpd/vhosts/texasbeyondhistory/data/waxcamps/images alamo-sm.jpg
2004.04.08 12:09 B K:\TBH Website Temp\waxcamps\images\alamo-lg.jpg --> uts.cc.utexas.edu /export/httpd/vhosts/texasbeyondhistory/data/waxcamps/images alamo-lg.jpg
2004.04.08 12:09 B K:\TBH Website Temp\waxcamps\images\yards-sm.jpg --> uts.cc.utexas.edu /export/httpd/vhosts/texasbeyondhistory/data/waxcamps/images yards-sm.jpg
2004.04.08 12:09 B K:\TBH Website Temp\waxcamps\images\yards-lg.jpg --> uts.cc.utexas.edu /export/httpd/vhosts/texasbeyondhistory/data/waxcamps/images yards-lg.jpg
2004.04.08 12:09 B K:\TBH Website Temp\waxcamps\images\waxhands.html --> uts.cc.utexas.edu /export/httpd/vhosts/texasbeyondhistory/data/waxcamps/images waxhands.html
2004.04.08 12:09 B K:\TBH Website Temp\waxcamps\images\waxhands-sm.jpg --> uts.cc.utexas.edu /export/httpd/vhosts/texasbeyondhistory/data/waxcamps/images waxhands-sm.jpg
2004.04.08 12:09 B K:\TBH Website Temp\waxcamps\images\waxhands-lg.jpg --> uts.cc.utexas.edu /export/httpd/vhosts/texasbeyondhistory/data/waxcamps/images waxhands-lg.jpg
2004.04.08 12:09 B K:\TBH Website Temp\waxcamps\images\wax.html --> uts.cc.utexas.edu /export/httpd/vhosts/texasbeyondhistory/data/waxcamps/images wax.html
2004.04.08 12:09 B K:\TBH Website Temp\waxcamps\images\wax-sm.jpg --> uts.cc.utexas.edu /export/httpd/vhosts/texasbeyondhistory/data/waxcamps/images wax-sm.jpg
2004.04.08 12:09 B K:\TBH Website Temp\waxcamps\images\wax-lg.jpg --> uts.cc.utexas.edu /export/httpd/vhosts/texasbeyondhistory/data/waxcamps/images wax-lg.jpg
2004.04.08 12:09 B K:\TBH Website Temp\waxcamps\images\water.html --> uts.cc.utexas.edu /export/httpd/vhosts/texasbeyondhistory/data/waxcamps/images water.html
2004.04.08 12:09 B K:\TBH Website Temp\waxcamps\images\water-sm1.jpg --> uts.cc.utexas.edu /export/httpd/vhosts/texasbeyondhistory/data/waxcamps/images water-sm1.jpg
2004.04.08 12:09 B K:\TBH Website Temp\waxcamps\images\water-sm.jpg --> uts.cc.utexas.edu /export/httpd/vhosts/texasbeyondhistory/data/waxcamps/images water-sm.jpg
2004.04.08 12:09 B K:\TBH Website Temp\waxcamps\images\view-sm.jpg --> uts.cc.utexas.edu /export/httpd/vhosts/texasbeyondhistory/data/waxcamps/images view-sm.jpg
2004.04.08 12:09 B K:\TBH Website Temp\waxcamps\images\view-lg.jpg --> uts.cc.utexas.edu /export/httpd/vhosts/texasbeyondhistory/data/waxcamps/images view-lg.jpg
2004.04.08 12:09 B K:\TBH Website Temp\waxcamps\images\vat2.html --> uts.cc.utexas.edu /export/httpd/vhosts/texasbeyondhistory/data/waxcamps/images vat2.html
2004.04.08 12:09 B K:\TBH Website Temp\waxcamps\images\vat2-sm.jpg --> uts.cc.utexas.edu /export/httpd/vhosts/texasbeyondhistory/data/waxcamps/images vat2-sm.jpg
2004.04.08 12:09 B K:\TBH Website Temp\waxcamps\images\vat2-lg.jpg --> uts.cc.utexas.edu /export/httpd/vhosts/texasbeyondhistory/data/waxcamps/images vat2-lg.jpg
2004.04.08 12:09 B K:\TBH Website Temp\waxcamps\images\tunnell.jpg --> uts.cc.utexas.edu /export/httpd/vhosts/texasbeyondhistory/data/waxcamps/images tunnell.jpg
2004.04.08 12:09 B K:\TBH Website Temp\waxcamps\images\tromp.html --> uts.cc.utexas.edu /export/httpd/vhosts/texasbeyondhistory/data/waxcamps/images tromp.html
2004.04.08 12:09 B K:\TBH Website Temp\waxcamps\images\tromp-sm.jpg --> uts.cc.utexas.edu /export/httpd/vhosts/texasbeyondhistory/data/waxcamps/images tromp-sm.jpg
2004.04.08 12:09 B K:\TBH Website Temp\waxcamps\images\tromp-lg.jpg --> uts.cc.utexas.edu /export/httpd/vhosts/texasbeyondhistory/data/waxcamps/images tromp-lg.jpg
2004.04.08 12:09 B K:\TBH Website Temp\waxcamps\images\trident.jpg --> uts.cc.utexas.edu /export/httpd/vhosts/texasbeyondhistory/data/waxcamps/images trident.jpg
2004.04.08 12:09 B K:\TBH Website Temp\waxcamps\images\tools.html --> uts.cc.utexas.edu /export/httpd/vhosts/texasbeyondhistory/data/waxcamps/images tools.html
2004.04.08 12:09 B K:\TBH Website Temp\waxcamps\images\tools-sm.jpg --> uts.cc.utexas.edu /export/httpd/vhosts/texasbeyondhistory/data/waxcamps/images tools-sm.jpg
2004.04.08 12:09 B K:\TBH Website Temp\waxcamps\images\tools-lg.jpg --> uts.cc.utexas.edu /export/httpd/vhosts/texasbeyondhistory/data/waxcamps/images tools-lg.jpg
2004.04.08 12:09 B K:\TBH Website Temp\waxcamps\images\slab.html --> uts.cc.utexas.edu /export/httpd/vhosts/texasbeyondhistory/data/waxcamps/images slab.html
2004.04.08 12:09 B K:\TBH Website Temp\waxcamps\images\slab-sm.jpg --> uts.cc.utexas.edu /export/httpd/vhosts/texasbeyondhistory/data/waxcamps/images slab-sm.jpg
2004.04.08 12:09 B K:\TBH Website Temp\waxcamps\images\slab-lg.jpg --> uts.cc.utexas.edu /export/httpd/vhosts/texasbeyondhistory/data/waxcamps/images slab-lg.jpg
2004.04.08 12:09 B K:\TBH Website Temp\waxcamps\images\skim.html --> uts.cc.utexas.edu /export/httpd/vhosts/texasbeyondhistory/data/waxcamps/images skim.html
2004.04.08 12:09 B K:\TBH Website Temp\waxcamps\images\skim-sm.jpg --> uts.cc.utexas.edu /export/httpd/vhosts/texasbeyondhistory/data/waxcamps/images skim-sm.jpg
2004.04.08 12:09 B K:\TBH Website Temp\waxcamps\images\skim-lg.jpg --> uts.cc.utexas.edu /export/httpd/vhosts/texasbeyondhistory/data/waxcamps/images skim-lg.jpg
2004.04.08 12:09 B K:\TBH Website Temp\waxcamps\images\shovel.html --> uts.cc.utexas.edu /export/httpd/vhosts/texasbeyondhistory/data/waxcamps/images shovel.html
2004.04.08 12:09 B K:\TBH Website Temp\waxcamps\images\shovel-sm.gif --> uts.cc.utexas.edu /export/httpd/vhosts/texasbeyondhistory/data/waxcamps/images shovel-sm.gif
2004.04.08 12:09 B K:\TBH Website Temp\waxcamps\images\shovel-lg.gif --> uts.cc.utexas.edu /export/httpd/vhosts/texasbeyondhistory/data/waxcamps/images shovel-lg.gif
2004.04.08 12:09 B K:\TBH Website Temp\waxcamps\images\shoe.html --> uts.cc.utexas.edu /export/httpd/vhosts/texasbeyondhistory/data/waxcamps/images shoe.html
2004.04.08 12:09 B K:\TBH Website Temp\waxcamps\images\shoe-sm.jpg --> uts.cc.utexas.edu /export/httpd/vhosts/texasbeyondhistory/data/waxcamps/images shoe-sm.jpg
2004.04.08 12:09 B K:\TBH Website Temp\waxcamps\images\shoe-lg.jpg --> uts.cc.utexas.edu /export/httpd/vhosts/texasbeyondhistory/data/waxcamps/images shoe-lg.jpg
2004.04.08 12:09 B K:\TBH Website Temp\waxcamps\images\sansaba.jpg --> uts.cc.utexas.edu /export/httpd/vhosts/texasbeyondhistory/data/waxcamps/images sansaba.jpg
2004.04.08 12:09 B K:\TBH Website Temp\waxcamps\images\remove.html --> uts.cc.utexas.edu /export/httpd/vhosts/texasbeyondhistory/data/waxcamps/images remove.html
2004.04.08 12:09 B K:\TBH Website Temp\waxcamps\images\remove-sm.jpg --> uts.cc.utexas.edu /export/httpd/vhosts/texasbeyondhistory/data/waxcamps/images remove-sm.jpg
2004.04.08 12:09 B K:\TBH Website Temp\waxcamps\images\remove-lg.jpg --> uts.cc.utexas.edu /export/httpd/vhosts/texasbeyondhistory/data/waxcamps/images remove-lg.jpg
2004.04.08 12:09 B K:\TBH Website Temp\waxcamps\images\redken.jpg --> uts.cc.utexas.edu /export/httpd/vhosts/texasbeyondhistory/data/waxcamps/images redken.jpg
2004.04.08 12:09 B K:\TBH Website Temp\waxcamps\images\ponds.jpg --> uts.cc.utexas.edu /export/httpd/vhosts/texasbeyondhistory/data/waxcamps/images ponds.jpg
2004.04.08 12:09 B K:\TBH Website Temp\waxcamps\images\moretools.html --> uts.cc.utexas.edu /export/httpd/vhosts/texasbeyondhistory/data/waxcamps/images moretools.html
2004.04.08 12:09 B K:\TBH Website Temp\waxcamps\images\moretools-sm.gif --> uts.cc.utexas.edu /export/httpd/vhosts/texasbeyondhistory/data/waxcamps/images moretools-sm.gif
2004.04.08 12:09 B K:\TBH Website Temp\waxcamps\images\moretools-lg.jpg --> uts.cc.utexas.edu /export/httpd/vhosts/texasbeyondhistory/data/waxcamps/images moretools-lg.jpg
2004.04.08 12:09 B K:\TBH Website Temp\waxcamps\images\molds.html --> uts.cc.utexas.edu /export/httpd/vhosts/texasbeyondhistory/data/waxcamps/images molds.html
2004.04.08 12:09 B K:\TBH Website Temp\waxcamps\images\molds-sm.gif --> uts.cc.utexas.edu /export/httpd/vhosts/texasbeyondhistory/data/waxcamps/images molds-sm.gif
2004.04.08 12:09 B K:\TBH Website Temp\waxcamps\images\molds-lg.gif --> uts.cc.utexas.edu /export/httpd/vhosts/texasbeyondhistory/data/waxcamps/images molds-lg.gif
2004.04.08 12:09 B K:\TBH Website Temp\waxcamps\images\measuring.html --> uts.cc.utexas.edu /export/httpd/vhosts/texasbeyondhistory/data/waxcamps/images measuring.html
2004.04.08 12:09 B K:\TBH Website Temp\waxcamps\images\measuring-sm.jpg --> uts.cc.utexas.edu /export/httpd/vhosts/texasbeyondhistory/data/waxcamps/images measuring-sm.jpg
2004.04.08 12:09 B K:\TBH Website Temp\waxcamps\images\measuring-lg.jpg --> uts.cc.utexas.edu /export/httpd/vhosts/texasbeyondhistory/data/waxcamps/images measuring-lg.jpg
2004.04.08 12:09 B K:\TBH Website Temp\waxcamps\images\lock-sm.jpg --> uts.cc.utexas.edu /export/httpd/vhosts/texasbeyondhistory/data/waxcamps/images lock-sm.jpg
2004.04.08 12:09 B K:\TBH Website Temp\waxcamps\images\lock-lg.jpg --> uts.cc.utexas.edu /export/httpd/vhosts/texasbeyondhistory/data/waxcamps/images lock-lg.jpg
2004.04.08 12:09 B K:\TBH Website Temp\waxcamps\images\load-sm.jpg --> uts.cc.utexas.edu /export/httpd/vhosts/texasbeyondhistory/data/waxcamps/images load-sm.jpg
2004.04.08 12:09 B K:\TBH Website Temp\waxcamps\images\load-lg.jpg --> uts.cc.utexas.edu /export/httpd/vhosts/texasbeyondhistory/data/waxcamps/images load-lg.jpg
2004.04.08 12:10 B K:\TBH Website Temp\waxcamps\images\holding.html --> uts.cc.utexas.edu /export/httpd/vhosts/texasbeyondhistory/data/waxcamps/images holding.html
2004.04.08 12:10 B K:\TBH Website Temp\waxcamps\images\holding-sm.jpg --> uts.cc.utexas.edu /export/httpd/vhosts/texasbeyondhistory/data/waxcamps/images holding-sm.jpg
2004.04.08 12:10 B K:\TBH Website Temp\waxcamps\images\holding-lg.jpg --> uts.cc.utexas.edu /export/httpd/vhosts/texasbeyondhistory/data/waxcamps/images holding-lg.jpg
2004.04.08 12:10 B K:\TBH Website Temp\waxcamps\images\hands.html --> uts.cc.utexas.edu /export/httpd/vhosts/texasbeyondhistory/data/waxcamps/images hands.html
2004.04.08 12:10 B K:\TBH Website Temp\waxcamps\images\hands-sm.jpg --> uts.cc.utexas.edu /export/httpd/vhosts/texasbeyondhistory/data/waxcamps/images hands-sm.jpg
2004.04.08 12:10 B K:\TBH Website Temp\waxcamps\images\hands-lg.jpg --> uts.cc.utexas.edu /export/httpd/vhosts/texasbeyondhistory/data/waxcamps/images hands-lg.jpg
2004.04.08 12:10 B K:\TBH Website Temp\waxcamps\images\grate-sm.jpg --> uts.cc.utexas.edu /export/httpd/vhosts/texasbeyondhistory/data/waxcamps/images grate-sm.jpg
2004.04.08 12:10 B K:\TBH Website Temp\waxcamps\images\girl.html --> uts.cc.utexas.edu /export/httpd/vhosts/texasbeyondhistory/data/waxcamps/images girl.html
2004.04.08 12:10 B K:\TBH Website Temp\waxcamps\images\girl-sm.jpg --> uts.cc.utexas.edu /export/httpd/vhosts/texasbeyondhistory/data/waxcamps/images girl-sm.jpg
2004.04.08 12:10 B K:\TBH Website Temp\waxcamps\images\girl-lg.jpg --> uts.cc.utexas.edu /export/httpd/vhosts/texasbeyondhistory/data/waxcamps/images girl-lg.jpg
2004.04.08 12:10 B K:\TBH Website Temp\waxcamps\images\fuel.html --> uts.cc.utexas.edu /export/httpd/vhosts/texasbeyondhistory/data/waxcamps/images fuel.html
2004.04.08 12:10 B K:\TBH Website Temp\waxcamps\images\fuel-sm.jpg --> uts.cc.utexas.edu /export/httpd/vhosts/texasbeyondhistory/data/waxcamps/images fuel-sm.jpg
2004.04.08 12:10 B K:\TBH Website Temp\waxcamps\images\fuel-lg.jpg --> uts.cc.utexas.edu /export/httpd/vhosts/texasbeyondhistory/data/waxcamps/images fuel-lg.jpg
2004.04.08 12:10 B K:\TBH Website Temp\waxcamps\images\floor.jpg --> uts.cc.utexas.edu /export/httpd/vhosts/texasbeyondhistory/data/waxcamps/images floor.jpg
2004.04.08 12:10 B K:\TBH Website Temp\waxcamps\images\firebox.html --> uts.cc.utexas.edu /export/httpd/vhosts/texasbeyondhistory/data/waxcamps/images firebox.html
2004.04.08 12:10 B K:\TBH Website Temp\waxcamps\images\firebox-sm.jpg --> uts.cc.utexas.edu /export/httpd/vhosts/texasbeyondhistory/data/waxcamps/images firebox-sm.jpg
2004.04.08 12:10 B K:\TBH Website Temp\waxcamps\images\firebox-lg.jpg --> uts.cc.utexas.edu /export/httpd/vhosts/texasbeyondhistory/data/waxcamps/images firebox-lg.jpg
2004.04.08 12:10 B K:\TBH Website Temp\waxcamps\images\fire.html --> uts.cc.utexas.edu /export/httpd/vhosts/texasbeyondhistory/data/waxcamps/images fire.html
2004.04.08 12:10 B K:\TBH Website Temp\waxcamps\images\fire-sm.jpg --> uts.cc.utexas.edu /export/httpd/vhosts/texasbeyondhistory/data/waxcamps/images fire-sm.jpg
2004.04.08 12:10 B K:\TBH Website Temp\waxcamps\images\fire-lg.jpg --> uts.cc.utexas.edu /export/httpd/vhosts/texasbeyondhistory/data/waxcamps/images fire-lg.jpg
2004.04.08 12:10 B K:\TBH Website Temp\waxcamps\images\fig34.html --> uts.cc.utexas.edu /export/httpd/vhosts/texasbeyondhistory/data/waxcamps/images fig34.html
2004.04.08 12:10 B K:\TBH Website Temp\waxcamps\images\fig34-sm.gif --> uts.cc.utexas.edu /export/httpd/vhosts/texasbeyondhistory/data/waxcamps/images fig34-sm.gif
2004.04.08 12:10 B K:\TBH Website Temp\waxcamps\images\fig34-lg.gif --> uts.cc.utexas.edu /export/httpd/vhosts/texasbeyondhistory/data/waxcamps/images fig34-lg.gif
2004.04.08 12:10 B K:\TBH Website Temp\waxcamps\images\fig25.html --> uts.cc.utexas.edu /export/httpd/vhosts/texasbeyondhistory/data/waxcamps/images fig25.html
2004.04.08 12:10 B K:\TBH Website Temp\waxcamps\images\fig25-sm.jpg --> uts.cc.utexas.edu /export/httpd/vhosts/texasbeyondhistory/data/waxcamps/images fig25-sm.jpg
2004.04.08 12:10 B K:\TBH Website Temp\waxcamps\images\fig25-lg.jpg --> uts.cc.utexas.edu /export/httpd/vhosts/texasbeyondhistory/data/waxcamps/images fig25-lg.jpg
2004.04.08 12:10 B K:\TBH Website Temp\waxcamps\images\fig24.html --> uts.cc.utexas.edu /export/httpd/vhosts/texasbeyondhistory/data/waxcamps/images fig24.html
2004.04.08 12:10 B K:\TBH Website Temp\waxcamps\images\fig24-sm.jpg --> uts.cc.utexas.edu /export/httpd/vhosts/texasbeyondhistory/data/waxcamps/images fig24-sm.jpg
2004.04.08 12:10 B K:\TBH Website Temp\waxcamps\images\fig24-lg.jpg --> uts.cc.utexas.edu /export/httpd/vhosts/texasbeyondhistory/data/waxcamps/images fig24-lg.jpg
2004.04.08 12:10 B K:\TBH Website Temp\waxcamps\images\devilball-sm.jpg --> uts.cc.utexas.edu /export/httpd/vhosts/texasbeyondhistory/data/waxcamps/images devilball-sm.jpg
2004.04.08 12:10 B K:\TBH Website Temp\waxcamps\images\cover-sm.jpg --> uts.cc.utexas.edu /export/httpd/vhosts/texasbeyondhistory/data/waxcamps/images cover-sm.jpg
2004.04.08 12:10 B K:\TBH Website Temp\waxcamps\images\cover-lg.jpg --> uts.cc.utexas.edu /export/httpd/vhosts/texasbeyondhistory/data/waxcamps/images cover-lg.jpg
2004.04.08 12:10 B K:\TBH Website Temp\waxcamps\images\contributors.jpg --> uts.cc.utexas.edu /export/httpd/vhosts/texasbeyondhistory/data/waxcamps/images contributors.jpg
2004.04.08 12:10 B K:\TBH Website Temp\waxcamps\images\chunk.html --> uts.cc.utexas.edu /export/httpd/vhosts/texasbeyondhistory/data/waxcamps/images chunk.html
2004.04.08 12:10 B K:\TBH Website Temp\waxcamps\images\chunk-sm.jpg --> uts.cc.utexas.edu /export/httpd/vhosts/texasbeyondhistory/data/waxcamps/images chunk-sm.jpg
2004.04.08 12:10 B K:\TBH Website Temp\waxcamps\images\chunk-lg.jpg --> uts.cc.utexas.edu /export/httpd/vhosts/texasbeyondhistory/data/waxcamps/images chunk-lg.jpg
2004.04.08 12:10 B K:\TBH Website Temp\waxcamps\images\carrying2.html --> uts.cc.utexas.edu /export/httpd/vhosts/texasbeyondhistory/data/waxcamps/images carrying2.html
2004.04.08 12:10 B K:\TBH Website Temp\waxcamps\images\carrying-sm.gif --> uts.cc.utexas.edu /export/httpd/vhosts/texasbeyondhistory/data/waxcamps/images carrying-sm.gif
2004.04.08 12:10 B K:\TBH Website Temp\waxcamps\images\carrying-lg.gif --> uts.cc.utexas.edu /export/httpd/vhosts/texasbeyondhistory/data/waxcamps/images carrying-lg.gif
2004.04.08 12:10 B K:\TBH Website Temp\waxcamps\images\burts.jpg --> uts.cc.utexas.edu /export/httpd/vhosts/texasbeyondhistory/data/waxcamps/images burts.jpg
2004.04.08 12:10 B K:\TBH Website Temp\waxcamps\images\bubbling.html --> uts.cc.utexas.edu /export/httpd/vhosts/texasbeyondhistory/data/waxcamps/images bubbling.html
2004.04.08 12:10 B K:\TBH Website Temp\waxcamps\images\bubbling-sm.jpg --> uts.cc.utexas.edu /export/httpd/vhosts/texasbeyondhistory/data/waxcamps/images bubbling-sm.jpg
2004.04.08 12:10 B K:\TBH Website Temp\waxcamps\images\bubbling-lg.jpg --> uts.cc.utexas.edu /export/httpd/vhosts/texasbeyondhistory/data/waxcamps/images bubbling-lg.jpg
2004.04.08 12:10 B K:\TBH Website Temp\waxcamps\images\breaking.html --> uts.cc.utexas.edu /export/httpd/vhosts/texasbeyondhistory/data/waxcamps/images breaking.html
2004.04.08 12:10 B K:\TBH Website Temp\waxcamps\images\breaking-sm.jpg --> uts.cc.utexas.edu /export/httpd/vhosts/texasbeyondhistory/data/waxcamps/images breaking-sm.jpg
2004.04.08 12:10 B K:\TBH Website Temp\waxcamps\images\breaking-lg.jpg --> uts.cc.utexas.edu /export/httpd/vhosts/texasbeyondhistory/data/waxcamps/images breaking-lg.jpg
2004.04.08 12:10 B K:\TBH Website Temp\waxcamps\images\ash.html --> uts.cc.utexas.edu /export/httpd/vhosts/texasbeyondhistory/data/waxcamps/images ash.html
2004.04.08 12:10 B K:\TBH Website Temp\waxcamps\images\ash-sm.jpg --> uts.cc.utexas.edu /export/httpd/vhosts/texasbeyondhistory/data/waxcamps/images ash-sm.jpg
2004.04.08 12:10 B K:\TBH Website Temp\waxcamps\images\ash-lg.jpg --> uts.cc.utexas.edu /export/httpd/vhosts/texasbeyondhistory/data/waxcamps/images ash-lg.jpg
2004.04.08 12:10 B K:\TBH Website Temp\waxcamps\images\alpine.jpg --> uts.cc.utexas.edu /export/httpd/vhosts/texasbeyondhistory/data/waxcamps/images alpine.jpg
2004.04.08 12:10 B K:\TBH Website Temp\waxcamps\images\acid.html --> uts.cc.utexas.edu /export/httpd/vhosts/texasbeyondhistory/data/waxcamps/images acid.html
2004.04.08 12:10 B K:\TBH Website Temp\waxcamps\images\acid-sm.jpg --> uts.cc.utexas.edu /export/httpd/vhosts/texasbeyondhistory/data/waxcamps/images acid-sm.jpg
2004.04.08 12:10 B K:\TBH Website Temp\waxcamps\images\acid-lg.jpg --> uts.cc.utexas.edu /export/httpd/vhosts/texasbeyondhistory/data/waxcamps/images acid-lg.jpg
2004.04.08 12:41 B K:\TBH Website Temp\waxcamps\images\yellowmap-lg.gif --> uts.cc.utexas.edu /export/httpd/vhosts/texasbeyondhistory/data/waxcamps/images yellowmap-lg.gif
2004.04.08 12:41 B K:\TBH Website Temp\waxcamps\images\yellowmap.gif --> uts.cc.utexas.edu /export/httpd/vhosts/texasbeyondhistory/data/waxcamps/images yellowmap.gif
2004.04.08 12:41 B K:\TBH Website Temp\waxcamps\images\yellowmap.html --> uts.cc.utexas.edu /export/httpd/vhosts/texasbeyondhistory/data/waxcamps/images yellowmap.html
2004.04.19 15:39 B G:\TBH Website Temp\waxcamps\images\avila.html --> uts.cc.utexas.edu /export/httpd/vhosts/texasbeyondhistory/data/waxcamps/images avila.html
2004.04.19 15:39 B G:\TBH Website Temp\waxcamps\images\yards.html --> uts.cc.utexas.edu /export/httpd/vhosts/texasbeyondhistory/data/waxcamps/images yards.html
2004.04.19 15:39 B G:\TBH Website Temp\waxcamps\images\rope.html --> uts.cc.utexas.edu /export/httpd/vhosts/texasbeyondhistory/data/waxcamps/images rope.html
2004.04.19 15:39 B G:\TBH Website Temp\waxcamps\images\lech.html --> uts.cc.utexas.edu /export/httpd/vhosts/texasbeyondhistory/data/waxcamps/images lech.html
2004.04.19 15:39 B G:\TBH Website Temp\waxcamps\images\tromp.html --> uts.cc.utexas.edu /export/httpd/vhosts/texasbeyondhistory/data/waxcamps/images tromp.html
2004.04.19 15:39 B G:\TBH Website Temp\waxcamps\images\bubbling.html --> uts.cc.utexas.edu /export/httpd/vhosts/texasbeyondhistory/data/waxcamps/images bubbling.html
2004.04.19 15:39 B G:\TBH Website Temp\waxcamps\images\lock.html --> uts.cc.utexas.edu /export/httpd/vhosts/texasbeyondhistory/data/waxcamps/images lock.html
2004.04.19 15:39 B G:\TBH Website Temp\waxcamps\images\grate.html --> uts.cc.utexas.edu /export/httpd/vhosts/texasbeyondhistory/data/waxcamps/images grate.html
2004.04.19 15:39 B G:\TBH Website Temp\waxcamps\images\fuel.html --> uts.cc.utexas.edu /export/httpd/vhosts/texasbeyondhistory/data/waxcamps/images fuel.html
2004.04.19 15:39 B G:\TBH Website Temp\waxcamps\images\fire.html --> uts.cc.utexas.edu /export/httpd/vhosts/texasbeyondhistory/data/waxcamps/images fire.html
2004.04.19 15:39 B G:\TBH Website Temp\waxcamps\images\chunk.html --> uts.cc.utexas.edu /export/httpd/vhosts/texasbeyondhistory/data/waxcamps/images chunk.html
2004.04.19 15:39 B G:\TBH Website Temp\waxcamps\images\acid.html --> uts.cc.utexas.edu /export/httpd/vhosts/texasbeyondhistory/data/waxcamps/images acid.html
2004.04.19 15:39 B G:\TBH Website Temp\waxcamps\images\water.html --> uts.cc.utexas.edu /export/httpd/vhosts/texasbeyondhistory/data/waxcamps/images water.html
2004.04.19 15:39 B G:\TBH Website Temp\waxcamps\images\remove.html --> uts.cc.utexas.edu /export/httpd/vhosts/texasbeyondhistory/data/waxcamps/images remove.html
