2007.09.25 07:56 B K:\TBH Website Temp\hueco\hueco-kids\why\Deer-Buck.jpg --> uts.cc.utexas.edu /export/httpd/vhosts/texasbeyondhistory/data/protect/hueco-kids/why Deer-Buck.jpg
2007.09.25 07:56 B K:\TBH Website Temp\hueco\hueco-kids\why\deer.html --> uts.cc.utexas.edu /export/httpd/vhosts/texasbeyondhistory/data/protect/hueco-kids/why deer.html
2007.09.25 07:56 B K:\TBH Website Temp\hueco\hueco-kids\why\deer1.jpg --> uts.cc.utexas.edu /export/httpd/vhosts/texasbeyondhistory/data/protect/hueco-kids/why deer1.jpg
2007.09.25 07:56 B K:\TBH Website Temp\hueco\hueco-kids\why\dr-dirt1.png --> uts.cc.utexas.edu /export/httpd/vhosts/texasbeyondhistory/data/protect/hueco-kids/why dr-dirt1.png
2007.09.25 07:56 B K:\TBH Website Temp\hueco\hueco-kids\why\drdirt.gif --> uts.cc.utexas.edu /export/httpd/vhosts/texasbeyondhistory/data/protect/hueco-kids/why drdirt.gif
2007.09.25 07:56 B K:\TBH Website Temp\hueco\hueco-kids\why\holes.html --> uts.cc.utexas.edu /export/httpd/vhosts/texasbeyondhistory/data/protect/hueco-kids/why holes.html
2007.09.25 07:56 B K:\TBH Website Temp\hueco\hueco-kids\why\holes.jpg --> uts.cc.utexas.edu /export/httpd/vhosts/texasbeyondhistory/data/protect/hueco-kids/why holes.jpg
2007.09.25 07:56 B K:\TBH Website Temp\hueco\hueco-kids\why\index.html --> uts.cc.utexas.edu /export/httpd/vhosts/texasbeyondhistory/data/protect/hueco-kids/why index.html
2007.09.25 07:56 B K:\TBH Website Temp\hueco\hueco-kids\why\lion.gif --> uts.cc.utexas.edu /export/httpd/vhosts/texasbeyondhistory/data/protect/hueco-kids/why lion.gif
2007.09.25 07:56 B K:\TBH Website Temp\hueco\hueco-kids\why\lion.html --> uts.cc.utexas.edu /export/httpd/vhosts/texasbeyondhistory/data/protect/hueco-kids/why lion.html
2007.09.25 07:56 B K:\TBH Website Temp\hueco\hueco-kids\why\mouse.html --> uts.cc.utexas.edu /export/httpd/vhosts/texasbeyondhistory/data/protect/hueco-kids/why mouse.html
2007.09.25 07:56 B K:\TBH Website Temp\hueco\hueco-kids\why\mouse.jpg --> uts.cc.utexas.edu /export/httpd/vhosts/texasbeyondhistory/data/protect/hueco-kids/why mouse.jpg
2007.09.25 07:56 B K:\TBH Website Temp\hueco\hueco-kids\why\precip.jpg --> uts.cc.utexas.edu /export/httpd/vhosts/texasbeyondhistory/data/protect/hueco-kids/why precip.jpg
2007.09.25 07:56 B K:\TBH Website Temp\hueco\hueco-kids\why\rain-desert.html --> uts.cc.utexas.edu /export/httpd/vhosts/texasbeyondhistory/data/protect/hueco-kids/why rain-desert.html
2007.09.25 07:56 B K:\TBH Website Temp\hueco\hueco-kids\why\snake.html --> uts.cc.utexas.edu /export/httpd/vhosts/texasbeyondhistory/data/protect/hueco-kids/why snake.html
2007.09.25 07:56 B K:\TBH Website Temp\hueco\hueco-kids\why\snake.jpg --> uts.cc.utexas.edu /export/httpd/vhosts/texasbeyondhistory/data/protect/hueco-kids/why snake.jpg
2007.09.25 07:56 B K:\TBH Website Temp\hueco\hueco-kids\why\Thumbs.db --> uts.cc.utexas.edu /export/httpd/vhosts/texasbeyondhistory/data/protect/hueco-kids/why Thumbs.db
2007.09.25 07:56 B K:\TBH Website Temp\hueco\hueco-kids\why\why.fla --> uts.cc.utexas.edu /export/httpd/vhosts/texasbeyondhistory/data/protect/hueco-kids/why why.fla
2007.09.25 07:56 B K:\TBH Website Temp\hueco\hueco-kids\why\why.swf --> uts.cc.utexas.edu /export/httpd/vhosts/texasbeyondhistory/data/protect/hueco-kids/why why.swf
2007.09.25 07:56 B K:\TBH Website Temp\hueco\hueco-kids\why\why3.fla --> uts.cc.utexas.edu /export/httpd/vhosts/texasbeyondhistory/data/protect/hueco-kids/why why3.fla
2007.09.25 07:56 B K:\TBH Website Temp\hueco\hueco-kids\why\why3.swf --> uts.cc.utexas.edu /export/httpd/vhosts/texasbeyondhistory/data/protect/hueco-kids/why why3.swf
2007.12.11 15:20 B K:\TBH Website Temp\hueco\hueco-kids\why\Deer-Buck.jpg --> uts.cc.utexas.edu /export/httpd/vhosts/texasbeyondhistory/data/protect/hueco/hueco-kids/why Deer-Buck.jpg
2007.12.11 15:20 B K:\TBH Website Temp\hueco\hueco-kids\why\deer.html --> uts.cc.utexas.edu /export/httpd/vhosts/texasbeyondhistory/data/protect/hueco/hueco-kids/why deer.html
2007.12.11 15:20 B K:\TBH Website Temp\hueco\hueco-kids\why\deer1.jpg --> uts.cc.utexas.edu /export/httpd/vhosts/texasbeyondhistory/data/protect/hueco/hueco-kids/why deer1.jpg
2007.12.11 15:20 B K:\TBH Website Temp\hueco\hueco-kids\why\dr-dirt1.png --> uts.cc.utexas.edu /export/httpd/vhosts/texasbeyondhistory/data/protect/hueco/hueco-kids/why dr-dirt1.png
2007.12.11 15:20 B K:\TBH Website Temp\hueco\hueco-kids\why\drdirt.gif --> uts.cc.utexas.edu /export/httpd/vhosts/texasbeyondhistory/data/protect/hueco/hueco-kids/why drdirt.gif
2007.12.11 15:20 B K:\TBH Website Temp\hueco\hueco-kids\why\holes.html --> uts.cc.utexas.edu /export/httpd/vhosts/texasbeyondhistory/data/protect/hueco/hueco-kids/why holes.html
2007.12.11 15:20 B K:\TBH Website Temp\hueco\hueco-kids\why\holes.jpg --> uts.cc.utexas.edu /export/httpd/vhosts/texasbeyondhistory/data/protect/hueco/hueco-kids/why holes.jpg
2007.12.11 15:20 B K:\TBH Website Temp\hueco\hueco-kids\why\index.html --> uts.cc.utexas.edu /export/httpd/vhosts/texasbeyondhistory/data/protect/hueco/hueco-kids/why index.html
2007.12.11 15:20 B K:\TBH Website Temp\hueco\hueco-kids\why\lion.gif --> uts.cc.utexas.edu /export/httpd/vhosts/texasbeyondhistory/data/protect/hueco/hueco-kids/why lion.gif
2007.12.11 15:20 B K:\TBH Website Temp\hueco\hueco-kids\why\lion.html --> uts.cc.utexas.edu /export/httpd/vhosts/texasbeyondhistory/data/protect/hueco/hueco-kids/why lion.html
2007.12.11 15:20 B K:\TBH Website Temp\hueco\hueco-kids\why\mouse.html --> uts.cc.utexas.edu /export/httpd/vhosts/texasbeyondhistory/data/protect/hueco/hueco-kids/why mouse.html
2007.12.11 15:20 B K:\TBH Website Temp\hueco\hueco-kids\why\mouse.jpg --> uts.cc.utexas.edu /export/httpd/vhosts/texasbeyondhistory/data/protect/hueco/hueco-kids/why mouse.jpg
2007.12.11 15:20 B K:\TBH Website Temp\hueco\hueco-kids\why\precip.jpg --> uts.cc.utexas.edu /export/httpd/vhosts/texasbeyondhistory/data/protect/hueco/hueco-kids/why precip.jpg
2007.12.11 15:20 B K:\TBH Website Temp\hueco\hueco-kids\why\rain-desert.html --> uts.cc.utexas.edu /export/httpd/vhosts/texasbeyondhistory/data/protect/hueco/hueco-kids/why rain-desert.html
2007.12.11 15:20 B K:\TBH Website Temp\hueco\hueco-kids\why\snake.html --> uts.cc.utexas.edu /export/httpd/vhosts/texasbeyondhistory/data/protect/hueco/hueco-kids/why snake.html
2007.12.11 15:20 B K:\TBH Website Temp\hueco\hueco-kids\why\snake.jpg --> uts.cc.utexas.edu /export/httpd/vhosts/texasbeyondhistory/data/protect/hueco/hueco-kids/why snake.jpg
2007.12.11 15:20 B K:\TBH Website Temp\hueco\hueco-kids\why\Thumbs.db --> uts.cc.utexas.edu /export/httpd/vhosts/texasbeyondhistory/data/protect/hueco/hueco-kids/why Thumbs.db
2007.12.11 15:20 B K:\TBH Website Temp\hueco\hueco-kids\why\why.fla --> uts.cc.utexas.edu /export/httpd/vhosts/texasbeyondhistory/data/protect/hueco/hueco-kids/why why.fla
2007.12.11 15:20 B K:\TBH Website Temp\hueco\hueco-kids\why\why.swf --> uts.cc.utexas.edu /export/httpd/vhosts/texasbeyondhistory/data/protect/hueco/hueco-kids/why why.swf
2007.12.11 15:21 B K:\TBH Website Temp\hueco\hueco-kids\why\why3.fla --> uts.cc.utexas.edu /export/httpd/vhosts/texasbeyondhistory/data/protect/hueco/hueco-kids/why why3.fla
2007.12.11 15:21 B K:\TBH Website Temp\hueco\hueco-kids\why\why3.swf --> uts.cc.utexas.edu /export/httpd/vhosts/texasbeyondhistory/data/protect/hueco/hueco-kids/why why3.swf
2007.12.11 15:21 B K:\TBH Website Temp\hueco\hueco-kids\why\WS_FTP.LOG --> uts.cc.utexas.edu /export/httpd/vhosts/texasbeyondhistory/data/protect/hueco/hueco-kids/why WS_FTP.LOG
2007.12.21 18:08 B L:\TBH Website Temp\hueco\hueco-kids\why\Deer-Buck.jpg --> uts.cc.utexas.edu /export/httpd/vhosts/texasbeyondhistory/data/protect/hueco/hueco-kids/why Deer-Buck.jpg
2007.12.21 18:08 B L:\TBH Website Temp\hueco\hueco-kids\why\deer.html --> uts.cc.utexas.edu /export/httpd/vhosts/texasbeyondhistory/data/protect/hueco/hueco-kids/why deer.html
2007.12.21 18:08 B L:\TBH Website Temp\hueco\hueco-kids\why\deer1.jpg --> uts.cc.utexas.edu /export/httpd/vhosts/texasbeyondhistory/data/protect/hueco/hueco-kids/why deer1.jpg
2007.12.21 18:08 B L:\TBH Website Temp\hueco\hueco-kids\why\dr-dirt1.png --> uts.cc.utexas.edu /export/httpd/vhosts/texasbeyondhistory/data/protect/hueco/hueco-kids/why dr-dirt1.png
2007.12.21 18:08 B L:\TBH Website Temp\hueco\hueco-kids\why\drdirt.gif --> uts.cc.utexas.edu /export/httpd/vhosts/texasbeyondhistory/data/protect/hueco/hueco-kids/why drdirt.gif
2007.12.21 18:08 B L:\TBH Website Temp\hueco\hueco-kids\why\holes.html --> uts.cc.utexas.edu /export/httpd/vhosts/texasbeyondhistory/data/protect/hueco/hueco-kids/why holes.html
2007.12.21 18:08 B L:\TBH Website Temp\hueco\hueco-kids\why\holes.jpg --> uts.cc.utexas.edu /export/httpd/vhosts/texasbeyondhistory/data/protect/hueco/hueco-kids/why holes.jpg
2007.12.21 18:08 B L:\TBH Website Temp\hueco\hueco-kids\why\index.html --> uts.cc.utexas.edu /export/httpd/vhosts/texasbeyondhistory/data/protect/hueco/hueco-kids/why index.html
2007.12.21 18:08 B L:\TBH Website Temp\hueco\hueco-kids\why\lion.gif --> uts.cc.utexas.edu /export/httpd/vhosts/texasbeyondhistory/data/protect/hueco/hueco-kids/why lion.gif
2007.12.21 18:08 B L:\TBH Website Temp\hueco\hueco-kids\why\lion.html --> uts.cc.utexas.edu /export/httpd/vhosts/texasbeyondhistory/data/protect/hueco/hueco-kids/why lion.html
2007.12.21 18:08 B L:\TBH Website Temp\hueco\hueco-kids\why\mouse.html --> uts.cc.utexas.edu /export/httpd/vhosts/texasbeyondhistory/data/protect/hueco/hueco-kids/why mouse.html
2007.12.21 18:08 B L:\TBH Website Temp\hueco\hueco-kids\why\mouse.jpg --> uts.cc.utexas.edu /export/httpd/vhosts/texasbeyondhistory/data/protect/hueco/hueco-kids/why mouse.jpg
2007.12.21 18:08 B L:\TBH Website Temp\hueco\hueco-kids\why\precip.jpg --> uts.cc.utexas.edu /export/httpd/vhosts/texasbeyondhistory/data/protect/hueco/hueco-kids/why precip.jpg
2007.12.21 18:08 B L:\TBH Website Temp\hueco\hueco-kids\why\rain-desert.html --> uts.cc.utexas.edu /export/httpd/vhosts/texasbeyondhistory/data/protect/hueco/hueco-kids/why rain-desert.html
2007.12.21 18:08 B L:\TBH Website Temp\hueco\hueco-kids\why\snake.html --> uts.cc.utexas.edu /export/httpd/vhosts/texasbeyondhistory/data/protect/hueco/hueco-kids/why snake.html
2007.12.21 18:08 B L:\TBH Website Temp\hueco\hueco-kids\why\snake.jpg --> uts.cc.utexas.edu /export/httpd/vhosts/texasbeyondhistory/data/protect/hueco/hueco-kids/why snake.jpg
2007.12.21 18:08 B L:\TBH Website Temp\hueco\hueco-kids\why\Thumbs.db --> uts.cc.utexas.edu /export/httpd/vhosts/texasbeyondhistory/data/protect/hueco/hueco-kids/why Thumbs.db
2007.12.21 18:08 B L:\TBH Website Temp\hueco\hueco-kids\why\why.fla --> uts.cc.utexas.edu /export/httpd/vhosts/texasbeyondhistory/data/protect/hueco/hueco-kids/why why.fla
2007.12.21 18:08 B L:\TBH Website Temp\hueco\hueco-kids\why\why.swf --> uts.cc.utexas.edu /export/httpd/vhosts/texasbeyondhistory/data/protect/hueco/hueco-kids/why why.swf
2007.12.21 18:08 B L:\TBH Website Temp\hueco\hueco-kids\why\why3.fla --> uts.cc.utexas.edu /export/httpd/vhosts/texasbeyondhistory/data/protect/hueco/hueco-kids/why why3.fla
2007.12.21 18:08 B L:\TBH Website Temp\hueco\hueco-kids\why\why3.swf --> uts.cc.utexas.edu /export/httpd/vhosts/texasbeyondhistory/data/protect/hueco/hueco-kids/why why3.swf
2007.12.21 18:08 B L:\TBH Website Temp\hueco\hueco-kids\why\WS_FTP.LOG --> uts.cc.utexas.edu /export/httpd/vhosts/texasbeyondhistory/data/protect/hueco/hueco-kids/why WS_FTP.LOG
2008.01.02 14:56 B K:\TBH Website Temp\hueco\hueco-kids\why\swfobject.js --> uts.cc.utexas.edu /export/httpd/vhosts/texasbeyondhistory/data/protect/hueco/hueco-kids/why swfobject.js
2008.01.02 14:56 B K:\TBH Website Temp\hueco\hueco-kids\why\index.html --> uts.cc.utexas.edu /export/httpd/vhosts/texasbeyondhistory/data/protect/hueco/hueco-kids/why index.html
