2003.09.19 15:39 B K:\TBH Website Temp\villagers\hank2\images\jack-allen1-sm.jpg --> uts.cc.utexas.edu /export/httpd/vhosts/texasbeyondhistory/data/villagers/hank2/images jack-allen1-sm.jpg
2003.09.19 15:39 B K:\TBH Website Temp\villagers\hank2\images\jack-allen1.html --> uts.cc.utexas.edu /export/httpd/vhosts/texasbeyondhistory/data/villagers/hank2/images jack-allen1.html
2003.09.19 15:39 B K:\TBH Website Temp\villagers\hank2\images\jack-allen1.jpg --> uts.cc.utexas.edu /export/httpd/vhosts/texasbeyondhistory/data/villagers/hank2/images jack-allen1.jpg
2003.09.19 15:39 B K:\TBH Website Temp\villagers\hank2\images\jack-allen2-sm.jpg --> uts.cc.utexas.edu /export/httpd/vhosts/texasbeyondhistory/data/villagers/hank2/images jack-allen2-sm.jpg
2003.09.19 15:39 B K:\TBH Website Temp\villagers\hank2\images\jack-allen2.html --> uts.cc.utexas.edu /export/httpd/vhosts/texasbeyondhistory/data/villagers/hank2/images jack-allen2.html
2003.09.19 15:39 B K:\TBH Website Temp\villagers\hank2\images\jack-allen2.jpg --> uts.cc.utexas.edu /export/httpd/vhosts/texasbeyondhistory/data/villagers/hank2/images jack-allen2.jpg
2003.09.19 15:39 B K:\TBH Website Temp\villagers\hank2\images\jack-allen3-sm.jpg --> uts.cc.utexas.edu /export/httpd/vhosts/texasbeyondhistory/data/villagers/hank2/images jack-allen3-sm.jpg
2003.09.19 15:39 B K:\TBH Website Temp\villagers\hank2\images\jack-allen3.html --> uts.cc.utexas.edu /export/httpd/vhosts/texasbeyondhistory/data/villagers/hank2/images jack-allen3.html
2003.09.19 15:39 B K:\TBH Website Temp\villagers\hank2\images\jack-allen3.jpg --> uts.cc.utexas.edu /export/httpd/vhosts/texasbeyondhistory/data/villagers/hank2/images jack-allen3.jpg
2003.09.19 15:39 B K:\TBH Website Temp\villagers\hank2\images\MVC-128F.JPG --> uts.cc.utexas.edu /export/httpd/vhosts/texasbeyondhistory/data/villagers/hank2/images MVC-128F.JPG
2003.09.19 15:39 B K:\TBH Website Temp\villagers\hank2\images\pv-cultures-sm.jpg --> uts.cc.utexas.edu /export/httpd/vhosts/texasbeyondhistory/data/villagers/hank2/images pv-cultures-sm.jpg
2003.09.19 15:39 B K:\TBH Website Temp\villagers\hank2\images\pv-cultures.html --> uts.cc.utexas.edu /export/httpd/vhosts/texasbeyondhistory/data/villagers/hank2/images pv-cultures.html
2003.09.19 15:39 B K:\TBH Website Temp\villagers\hank2\images\pv-cultures.jpg --> uts.cc.utexas.edu /export/httpd/vhosts/texasbeyondhistory/data/villagers/hank2/images pv-cultures.jpg
2003.09.19 15:39 B K:\TBH Website Temp\villagers\hank2\images\type-1-sm.jpg --> uts.cc.utexas.edu /export/httpd/vhosts/texasbeyondhistory/data/villagers/hank2/images type-1-sm.jpg
2003.09.19 15:39 B K:\TBH Website Temp\villagers\hank2\images\type-1.html --> uts.cc.utexas.edu /export/httpd/vhosts/texasbeyondhistory/data/villagers/hank2/images type-1.html
2003.09.19 15:39 B K:\TBH Website Temp\villagers\hank2\images\type-1.jpg --> uts.cc.utexas.edu /export/httpd/vhosts/texasbeyondhistory/data/villagers/hank2/images type-1.jpg
2003.09.19 15:39 B K:\TBH Website Temp\villagers\hank2\images\village-sites-sm.jpg --> uts.cc.utexas.edu /export/httpd/vhosts/texasbeyondhistory/data/villagers/hank2/images village-sites-sm.jpg
2003.09.19 15:39 B K:\TBH Website Temp\villagers\hank2\images\village-sites.gif --> uts.cc.utexas.edu /export/httpd/vhosts/texasbeyondhistory/data/villagers/hank2/images village-sites.gif
2003.09.19 15:39 B K:\TBH Website Temp\villagers\hank2\images\village-sites.html --> uts.cc.utexas.edu /export/httpd/vhosts/texasbeyondhistory/data/villagers/hank2/images village-sites.html
2003.09.19 15:39 B K:\TBH Website Temp\villagers\hank2\images\village-sites.jpg --> uts.cc.utexas.edu /export/httpd/vhosts/texasbeyondhistory/data/villagers/hank2/images village-sites.jpg
2003.11.11 15:23 B K:\TBH Website Temp\villagers\hank2\images\village-sites.html --> uts.cc.utexas.edu /export/httpd/vhosts/texasbeyondhistory/data/villagers/hank2/images village-sites.html
2004.01.15 09:08 B K:\TBH Website Temp\villagers\hank2\images\2nd-house.jpg --> uts.cc.utexas.edu /export/httpd/vhosts/texasbeyondhistory/data/villagers/hank2/images 2nd-house.jpg
2004.01.15 09:08 B K:\TBH Website Temp\villagers\hank2\images\ac10-slabs-sm.jpg --> uts.cc.utexas.edu /export/httpd/vhosts/texasbeyondhistory/data/villagers/hank2/images ac10-slabs-sm.jpg
2004.01.15 09:08 B K:\TBH Website Temp\villagers\hank2\images\ac10-slabs.html --> uts.cc.utexas.edu /export/httpd/vhosts/texasbeyondhistory/data/villagers/hank2/images ac10-slabs.html
2004.01.15 09:08 B K:\TBH Website Temp\villagers\hank2\images\ac10-slabs.jpg --> uts.cc.utexas.edu /export/httpd/vhosts/texasbeyondhistory/data/villagers/hank2/images ac10-slabs.jpg
2004.01.15 09:08 B K:\TBH Website Temp\villagers\hank2\images\alibates28-34-sm.jpg --> uts.cc.utexas.edu /export/httpd/vhosts/texasbeyondhistory/data/villagers/hank2/images alibates28-34-sm.jpg
2004.01.15 09:08 B K:\TBH Website Temp\villagers\hank2\images\alibates28-34.html --> uts.cc.utexas.edu /export/httpd/vhosts/texasbeyondhistory/data/villagers/hank2/images alibates28-34.html
2004.01.15 09:08 B K:\TBH Website Temp\villagers\hank2\images\alibates28-34.jpg --> uts.cc.utexas.edu /export/httpd/vhosts/texasbeyondhistory/data/villagers/hank2/images alibates28-34.jpg
2004.01.15 09:08 B K:\TBH Website Temp\villagers\hank2\images\dykema-sm.jpg --> uts.cc.utexas.edu /export/httpd/vhosts/texasbeyondhistory/data/villagers/hank2/images dykema-sm.jpg
2004.01.15 09:08 B K:\TBH Website Temp\villagers\hank2\images\dykema.html --> uts.cc.utexas.edu /export/httpd/vhosts/texasbeyondhistory/data/villagers/hank2/images dykema.html
2004.01.15 09:08 B K:\TBH Website Temp\villagers\hank2\images\dykema.jpg --> uts.cc.utexas.edu /export/httpd/vhosts/texasbeyondhistory/data/villagers/hank2/images dykema.jpg
2004.01.15 09:08 B K:\TBH Website Temp\villagers\hank2\images\erickson-red-sm.jpg --> uts.cc.utexas.edu /export/httpd/vhosts/texasbeyondhistory/data/villagers/hank2/images erickson-red-sm.jpg
2004.01.15 09:08 B K:\TBH Website Temp\villagers\hank2\images\erickson-red.html --> uts.cc.utexas.edu /export/httpd/vhosts/texasbeyondhistory/data/villagers/hank2/images erickson-red.html
2004.01.15 09:08 B K:\TBH Website Temp\villagers\hank2\images\erickson-red.jpg --> uts.cc.utexas.edu /export/httpd/vhosts/texasbeyondhistory/data/villagers/hank2/images erickson-red.jpg
2004.01.15 09:08 B K:\TBH Website Temp\villagers\hank2\images\footprint-rm1-sm.jpg --> uts.cc.utexas.edu /export/httpd/vhosts/texasbeyondhistory/data/villagers/hank2/images footprint-rm1-sm.jpg
2004.01.15 09:08 B K:\TBH Website Temp\villagers\hank2\images\footprint-rm1.html --> uts.cc.utexas.edu /export/httpd/vhosts/texasbeyondhistory/data/villagers/hank2/images footprint-rm1.html
2004.01.15 09:08 B K:\TBH Website Temp\villagers\hank2\images\footprint-rm1.jpg --> uts.cc.utexas.edu /export/httpd/vhosts/texasbeyondhistory/data/villagers/hank2/images footprint-rm1.jpg
2004.01.15 09:08 B K:\TBH Website Temp\villagers\hank2\images\footprint-rm3-sm.jpg --> uts.cc.utexas.edu /export/httpd/vhosts/texasbeyondhistory/data/villagers/hank2/images footprint-rm3-sm.jpg
2004.01.15 09:08 B K:\TBH Website Temp\villagers\hank2\images\footprint-rm3.html --> uts.cc.utexas.edu /export/httpd/vhosts/texasbeyondhistory/data/villagers/hank2/images footprint-rm3.html
2004.01.15 09:08 B K:\TBH Website Temp\villagers\hank2\images\footprint-rm3.jpg --> uts.cc.utexas.edu /export/httpd/vhosts/texasbeyondhistory/data/villagers/hank2/images footprint-rm3.jpg
2004.01.15 09:08 B K:\TBH Website Temp\villagers\hank2\images\jack-allen1-sm.jpg --> uts.cc.utexas.edu /export/httpd/vhosts/texasbeyondhistory/data/villagers/hank2/images jack-allen1-sm.jpg
2004.01.15 09:08 B K:\TBH Website Temp\villagers\hank2\images\jack-allen1.html --> uts.cc.utexas.edu /export/httpd/vhosts/texasbeyondhistory/data/villagers/hank2/images jack-allen1.html
2004.01.15 09:08 B K:\TBH Website Temp\villagers\hank2\images\jack-allen1.jpg --> uts.cc.utexas.edu /export/httpd/vhosts/texasbeyondhistory/data/villagers/hank2/images jack-allen1.jpg
2004.01.15 09:08 B K:\TBH Website Temp\villagers\hank2\images\jack-allen2-sm.jpg --> uts.cc.utexas.edu /export/httpd/vhosts/texasbeyondhistory/data/villagers/hank2/images jack-allen2-sm.jpg
2004.01.15 09:08 B K:\TBH Website Temp\villagers\hank2\images\jack-allen2.html --> uts.cc.utexas.edu /export/httpd/vhosts/texasbeyondhistory/data/villagers/hank2/images jack-allen2.html
2004.01.15 09:08 B K:\TBH Website Temp\villagers\hank2\images\jack-allen2.jpg --> uts.cc.utexas.edu /export/httpd/vhosts/texasbeyondhistory/data/villagers/hank2/images jack-allen2.jpg
2004.01.15 09:08 B K:\TBH Website Temp\villagers\hank2\images\jack-allen3-sm.jpg --> uts.cc.utexas.edu /export/httpd/vhosts/texasbeyondhistory/data/villagers/hank2/images jack-allen3-sm.jpg
2004.01.15 09:08 B K:\TBH Website Temp\villagers\hank2\images\jack-allen3.html --> uts.cc.utexas.edu /export/httpd/vhosts/texasbeyondhistory/data/villagers/hank2/images jack-allen3.html
2004.01.15 09:08 B K:\TBH Website Temp\villagers\hank2\images\jack-allen3.jpg --> uts.cc.utexas.edu /export/httpd/vhosts/texasbeyondhistory/data/villagers/hank2/images jack-allen3.jpg
2004.01.15 09:08 B K:\TBH Website Temp\villagers\hank2\images\keller-1975-sm.jpg --> uts.cc.utexas.edu /export/httpd/vhosts/texasbeyondhistory/data/villagers/hank2/images keller-1975-sm.jpg
2004.01.15 09:08 B K:\TBH Website Temp\villagers\hank2\images\keller-1975.jpg --> uts.cc.utexas.edu /export/httpd/vhosts/texasbeyondhistory/data/villagers/hank2/images keller-1975.jpg
2004.01.15 09:08 B K:\TBH Website Temp\villagers\hank2\images\late-afternoon-sm.jpg --> uts.cc.utexas.edu /export/httpd/vhosts/texasbeyondhistory/data/villagers/hank2/images late-afternoon-sm.jpg
2004.01.15 09:08 B K:\TBH Website Temp\villagers\hank2\images\late-afternoon.jpg --> uts.cc.utexas.edu /export/httpd/vhosts/texasbeyondhistory/data/villagers/hank2/images late-afternoon.jpg
2004.01.15 09:08 B K:\TBH Website Temp\villagers\hank2\images\lintz-cover-sm.jpg --> uts.cc.utexas.edu /export/httpd/vhosts/texasbeyondhistory/data/villagers/hank2/images lintz-cover-sm.jpg
2004.01.15 09:08 B K:\TBH Website Temp\villagers\hank2\images\lintz-cover.html --> uts.cc.utexas.edu /export/httpd/vhosts/texasbeyondhistory/data/villagers/hank2/images lintz-cover.html
2004.01.15 09:08 B K:\TBH Website Temp\villagers\hank2\images\lintz-cover.jpg --> uts.cc.utexas.edu /export/httpd/vhosts/texasbeyondhistory/data/villagers/hank2/images lintz-cover.jpg
2004.01.15 09:08 B K:\TBH Website Temp\villagers\hank2\images\lintz18-sm.jpg --> uts.cc.utexas.edu /export/httpd/vhosts/texasbeyondhistory/data/villagers/hank2/images lintz18-sm.jpg
2004.01.15 09:08 B K:\TBH Website Temp\villagers\hank2\images\lintz18.html --> uts.cc.utexas.edu /export/httpd/vhosts/texasbeyondhistory/data/villagers/hank2/images lintz18.html
2004.01.15 09:08 B K:\TBH Website Temp\villagers\hank2\images\lintz18.jpg --> uts.cc.utexas.edu /export/httpd/vhosts/texasbeyondhistory/data/villagers/hank2/images lintz18.jpg
2004.01.15 09:08 B K:\TBH Website Temp\villagers\hank2\images\MVC-128F.JPG --> uts.cc.utexas.edu /export/httpd/vhosts/texasbeyondhistory/data/villagers/hank2/images MVC-128F.JPG
2004.01.15 09:08 B K:\TBH Website Temp\villagers\hank2\images\odessa-yates2-sm.jpg --> uts.cc.utexas.edu /export/httpd/vhosts/texasbeyondhistory/data/villagers/hank2/images odessa-yates2-sm.jpg
2004.01.15 09:08 B K:\TBH Website Temp\villagers\hank2\images\odessa-yates2.html --> uts.cc.utexas.edu /export/httpd/vhosts/texasbeyondhistory/data/villagers/hank2/images odessa-yates2.html
2004.01.15 09:08 B K:\TBH Website Temp\villagers\hank2\images\odessa-yates2.jpg --> uts.cc.utexas.edu /export/httpd/vhosts/texasbeyondhistory/data/villagers/hank2/images odessa-yates2.jpg
2004.01.15 09:08 B K:\TBH Website Temp\villagers\hank2\images\paolihse-sm.jpg --> uts.cc.utexas.edu /export/httpd/vhosts/texasbeyondhistory/data/villagers/hank2/images paolihse-sm.jpg
2004.01.15 09:08 B K:\TBH Website Temp\villagers\hank2\images\paolihse.html --> uts.cc.utexas.edu /export/httpd/vhosts/texasbeyondhistory/data/villagers/hank2/images paolihse.html
2004.01.15 09:08 B K:\TBH Website Temp\villagers\hank2\images\paolihse.jpg --> uts.cc.utexas.edu /export/httpd/vhosts/texasbeyondhistory/data/villagers/hank2/images paolihse.jpg
2004.01.15 09:08 B K:\TBH Website Temp\villagers\hank2\images\pv-cultures-sm.jpg --> uts.cc.utexas.edu /export/httpd/vhosts/texasbeyondhistory/data/villagers/hank2/images pv-cultures-sm.jpg
2004.01.15 09:08 B K:\TBH Website Temp\villagers\hank2\images\pv-cultures.html --> uts.cc.utexas.edu /export/httpd/vhosts/texasbeyondhistory/data/villagers/hank2/images pv-cultures.html
2004.01.15 09:08 B K:\TBH Website Temp\villagers\hank2\images\pv-cultures.jpg --> uts.cc.utexas.edu /export/httpd/vhosts/texasbeyondhistory/data/villagers/hank2/images pv-cultures.jpg
2004.01.15 09:08 B K:\TBH Website Temp\villagers\hank2\images\stamper-bw-sm.jpg --> uts.cc.utexas.edu /export/httpd/vhosts/texasbeyondhistory/data/villagers/hank2/images stamper-bw-sm.jpg
2004.01.15 09:09 B K:\TBH Website Temp\villagers\hank2\images\stamper-bw.html --> uts.cc.utexas.edu /export/httpd/vhosts/texasbeyondhistory/data/villagers/hank2/images stamper-bw.html
2004.01.15 09:09 B K:\TBH Website Temp\villagers\hank2\images\stamper-bw.jpg --> uts.cc.utexas.edu /export/httpd/vhosts/texasbeyondhistory/data/villagers/hank2/images stamper-bw.jpg
2004.01.15 09:09 B K:\TBH Website Temp\villagers\hank2\images\stamper-color-sm.jpg --> uts.cc.utexas.edu /export/httpd/vhosts/texasbeyondhistory/data/villagers/hank2/images stamper-color-sm.jpg
2004.01.15 09:09 B K:\TBH Website Temp\villagers\hank2\images\stamper-color.html --> uts.cc.utexas.edu /export/httpd/vhosts/texasbeyondhistory/data/villagers/hank2/images stamper-color.html
2004.01.15 09:09 B K:\TBH Website Temp\villagers\hank2\images\stamper-color.jpg --> uts.cc.utexas.edu /export/httpd/vhosts/texasbeyondhistory/data/villagers/hank2/images stamper-color.jpg
2004.01.15 09:09 B K:\TBH Website Temp\villagers\hank2\images\tow-sisters-b.html --> uts.cc.utexas.edu /export/httpd/vhosts/texasbeyondhistory/data/villagers/hank2/images tow-sisters-b.html
2004.01.15 09:09 B K:\TBH Website Temp\villagers\hank2\images\two-sisters-b-sm.jpg --> uts.cc.utexas.edu /export/httpd/vhosts/texasbeyondhistory/data/villagers/hank2/images two-sisters-b-sm.jpg
2004.01.15 09:09 B K:\TBH Website Temp\villagers\hank2\images\two-sisters-b.jpg --> uts.cc.utexas.edu /export/httpd/vhosts/texasbeyondhistory/data/villagers/hank2/images two-sisters-b.jpg
2004.01.15 09:09 B K:\TBH Website Temp\villagers\hank2\images\type-1-sm.jpg --> uts.cc.utexas.edu /export/httpd/vhosts/texasbeyondhistory/data/villagers/hank2/images type-1-sm.jpg
2004.01.15 09:09 B K:\TBH Website Temp\villagers\hank2\images\type-1.html --> uts.cc.utexas.edu /export/httpd/vhosts/texasbeyondhistory/data/villagers/hank2/images type-1.html
2004.01.15 09:09 B K:\TBH Website Temp\villagers\hank2\images\type-1.jpg --> uts.cc.utexas.edu /export/httpd/vhosts/texasbeyondhistory/data/villagers/hank2/images type-1.jpg
2004.01.15 09:09 B K:\TBH Website Temp\villagers\hank2\images\village-sites-sm.jpg --> uts.cc.utexas.edu /export/httpd/vhosts/texasbeyondhistory/data/villagers/hank2/images village-sites-sm.jpg
2004.01.15 09:09 B K:\TBH Website Temp\villagers\hank2\images\village-sites.gif --> uts.cc.utexas.edu /export/httpd/vhosts/texasbeyondhistory/data/villagers/hank2/images village-sites.gif
2004.01.15 09:09 B K:\TBH Website Temp\villagers\hank2\images\village-sites.html --> uts.cc.utexas.edu /export/httpd/vhosts/texasbeyondhistory/data/villagers/hank2/images village-sites.html
2004.01.15 09:09 B K:\TBH Website Temp\villagers\hank2\images\village-sites.jpg --> uts.cc.utexas.edu /export/httpd/vhosts/texasbeyondhistory/data/villagers/hank2/images village-sites.jpg
2004.01.15 09:09 B K:\TBH Website Temp\villagers\hank2\images\wiseman-sm.jpg --> uts.cc.utexas.edu /export/httpd/vhosts/texasbeyondhistory/data/villagers/hank2/images wiseman-sm.jpg
2004.01.15 09:09 B K:\TBH Website Temp\villagers\hank2\images\wiseman.html --> uts.cc.utexas.edu /export/httpd/vhosts/texasbeyondhistory/data/villagers/hank2/images wiseman.html
2004.01.15 09:09 B K:\TBH Website Temp\villagers\hank2\images\wiseman.jpg --> uts.cc.utexas.edu /export/httpd/vhosts/texasbeyondhistory/data/villagers/hank2/images wiseman.jpg
