2001.09.13 10:46 B M:\Website Stuff\TBH Website Temp\firecracker\credits.html --> uts.cc.utexas.edu /usr/pub/www/research/tarl/abouttarl/tbh/firecracker credits.html
2001.09.13 10:46 B M:\Website Stuff\TBH Website Temp\firecracker\credits.html.LCK --> uts.cc.utexas.edu /usr/pub/www/research/tarl/abouttarl/tbh/firecracker credits.html.LCK
2001.09.13 10:46 B M:\Website Stuff\TBH Website Temp\firecracker\index.html --> uts.cc.utexas.edu /usr/pub/www/research/tarl/abouttarl/tbh/firecracker index.html
2001.09.13 10:46 B M:\Website Stuff\TBH Website Temp\firecracker\intro.html --> uts.cc.utexas.edu /usr/pub/www/research/tarl/abouttarl/tbh/firecracker intro.html
2001.09.13 10:46 B M:\Website Stuff\TBH Website Temp\firecracker\intro.html.LCK --> uts.cc.utexas.edu /usr/pub/www/research/tarl/abouttarl/tbh/firecracker intro.html.LCK
2001.09.13 10:46 B M:\Website Stuff\TBH Website Temp\firecracker\mogollon.html --> uts.cc.utexas.edu /usr/pub/www/research/tarl/abouttarl/tbh/firecracker mogollon.html
2001.09.13 10:46 B M:\Website Stuff\TBH Website Temp\firecracker\mogollon.html.LCK --> uts.cc.utexas.edu /usr/pub/www/research/tarl/abouttarl/tbh/firecracker mogollon.html.LCK
2001.09.13 10:46 B M:\Website Stuff\TBH Website Temp\firecracker\pithouses.html --> uts.cc.utexas.edu /usr/pub/www/research/tarl/abouttarl/tbh/firecracker pithouses.html
2001.09.13 10:46 B M:\Website Stuff\TBH Website Temp\firecracker\pithouses.html.LCK --> uts.cc.utexas.edu /usr/pub/www/research/tarl/abouttarl/tbh/firecracker pithouses.html.LCK
2001.09.13 10:46 B M:\Website Stuff\TBH Website Temp\firecracker\pottery.html --> uts.cc.utexas.edu /usr/pub/www/research/tarl/abouttarl/tbh/firecracker pottery.html
2001.09.13 10:46 B M:\Website Stuff\TBH Website Temp\firecracker\pottery.html.LCK --> uts.cc.utexas.edu /usr/pub/www/research/tarl/abouttarl/tbh/firecracker pottery.html.LCK
2001.09.13 10:46 B M:\Website Stuff\TBH Website Temp\firecracker\pubarch.html --> uts.cc.utexas.edu /usr/pub/www/research/tarl/abouttarl/tbh/firecracker pubarch.html
2001.09.13 10:46 B M:\Website Stuff\TBH Website Temp\firecracker\pubarch.html.LCK --> uts.cc.utexas.edu /usr/pub/www/research/tarl/abouttarl/tbh/firecracker pubarch.html.LCK
2001.09.13 10:46 B M:\Website Stuff\TBH Website Temp\firecracker\pueblo.html --> uts.cc.utexas.edu /usr/pub/www/research/tarl/abouttarl/tbh/firecracker pueblo.html
2001.09.13 10:46 B M:\Website Stuff\TBH Website Temp\firecracker\pueblo.html.LCK --> uts.cc.utexas.edu /usr/pub/www/research/tarl/abouttarl/tbh/firecracker pueblo.html.LCK
2001.09.13 10:46 B M:\Website Stuff\TBH Website Temp\firecracker\remains.html --> uts.cc.utexas.edu /usr/pub/www/research/tarl/abouttarl/tbh/firecracker remains.html
2001.09.13 10:46 B M:\Website Stuff\TBH Website Temp\firecracker\remains.html.LCK --> uts.cc.utexas.edu /usr/pub/www/research/tarl/abouttarl/tbh/firecracker remains.html.LCK
2001.09.13 10:46 B M:\Website Stuff\TBH Website Temp\firecracker\tas.html --> uts.cc.utexas.edu /usr/pub/www/research/tarl/abouttarl/tbh/firecracker tas.html
2001.09.13 10:46 B M:\Website Stuff\TBH Website Temp\firecracker\tas.html.LCK --> uts.cc.utexas.edu /usr/pub/www/research/tarl/abouttarl/tbh/firecracker tas.html.LCK
2001.09.13 10:46 B M:\Website Stuff\TBH Website Temp\firecracker\walls.html --> uts.cc.utexas.edu /usr/pub/www/research/tarl/abouttarl/tbh/firecracker walls.html
2001.09.13 11:02 B M:\Website Stuff\TBH Website Temp\firecracker\CASAS-SM.JPG.LCK <-- TARLweb /usr/pub/www/research/tarl/abouttarl/tbh/firecracker/images CASAS-SM.JPG.LCK
2001.10.01 22:16 B C:\WINDOWS\Desktop\TBH\Recent\firecracker\credits.html --> uts.cc.utexas.edu /export/httpd/vhosts/texasbeyondhistory/data/firecracker credits.html
2001.10.01 22:16 B C:\WINDOWS\Desktop\TBH\Recent\firecracker\index.html --> uts.cc.utexas.edu /export/httpd/vhosts/texasbeyondhistory/data/firecracker index.html
2001.10.01 22:16 B C:\WINDOWS\Desktop\TBH\Recent\firecracker\index.html.LCK --> uts.cc.utexas.edu /export/httpd/vhosts/texasbeyondhistory/data/firecracker index.html.LCK
2001.10.01 22:16 B C:\WINDOWS\Desktop\TBH\Recent\firecracker\intro.html --> uts.cc.utexas.edu /export/httpd/vhosts/texasbeyondhistory/data/firecracker intro.html
2001.10.01 22:16 B C:\WINDOWS\Desktop\TBH\Recent\firecracker\intro.html.LCK --> uts.cc.utexas.edu /export/httpd/vhosts/texasbeyondhistory/data/firecracker intro.html.LCK
2001.10.01 22:16 B C:\WINDOWS\Desktop\TBH\Recent\firecracker\mogollon.html --> uts.cc.utexas.edu /export/httpd/vhosts/texasbeyondhistory/data/firecracker mogollon.html
2001.10.01 22:16 B C:\WINDOWS\Desktop\TBH\Recent\firecracker\mogollon.html.LCK --> uts.cc.utexas.edu /export/httpd/vhosts/texasbeyondhistory/data/firecracker mogollon.html.LCK
2001.10.01 22:16 B C:\WINDOWS\Desktop\TBH\Recent\firecracker\pithouses.html --> uts.cc.utexas.edu /export/httpd/vhosts/texasbeyondhistory/data/firecracker pithouses.html
2001.10.01 22:16 B C:\WINDOWS\Desktop\TBH\Recent\firecracker\pithouses.html.LCK --> uts.cc.utexas.edu /export/httpd/vhosts/texasbeyondhistory/data/firecracker pithouses.html.LCK
2001.10.01 22:16 B C:\WINDOWS\Desktop\TBH\Recent\firecracker\pottery.html --> uts.cc.utexas.edu /export/httpd/vhosts/texasbeyondhistory/data/firecracker pottery.html
2001.10.01 22:16 B C:\WINDOWS\Desktop\TBH\Recent\firecracker\pottery.html.LCK --> uts.cc.utexas.edu /export/httpd/vhosts/texasbeyondhistory/data/firecracker pottery.html.LCK
2001.10.01 22:16 B C:\WINDOWS\Desktop\TBH\Recent\firecracker\pubarch.html --> uts.cc.utexas.edu /export/httpd/vhosts/texasbeyondhistory/data/firecracker pubarch.html
2001.10.01 22:16 B C:\WINDOWS\Desktop\TBH\Recent\firecracker\pubarch.html.LCK --> uts.cc.utexas.edu /export/httpd/vhosts/texasbeyondhistory/data/firecracker pubarch.html.LCK
2001.10.01 22:16 B C:\WINDOWS\Desktop\TBH\Recent\firecracker\pueblo.html --> uts.cc.utexas.edu /export/httpd/vhosts/texasbeyondhistory/data/firecracker pueblo.html
2001.10.01 22:16 B C:\WINDOWS\Desktop\TBH\Recent\firecracker\pueblo.html.LCK --> uts.cc.utexas.edu /export/httpd/vhosts/texasbeyondhistory/data/firecracker pueblo.html.LCK
2001.10.01 22:16 B C:\WINDOWS\Desktop\TBH\Recent\firecracker\remains.html --> uts.cc.utexas.edu /export/httpd/vhosts/texasbeyondhistory/data/firecracker remains.html
2001.10.01 22:16 B C:\WINDOWS\Desktop\TBH\Recent\firecracker\remains.html.LCK --> uts.cc.utexas.edu /export/httpd/vhosts/texasbeyondhistory/data/firecracker remains.html.LCK
2001.10.01 22:16 B C:\WINDOWS\Desktop\TBH\Recent\firecracker\tas.html --> uts.cc.utexas.edu /export/httpd/vhosts/texasbeyondhistory/data/firecracker tas.html
2001.10.01 22:16 B C:\WINDOWS\Desktop\TBH\Recent\firecracker\walls.html --> uts.cc.utexas.edu /export/httpd/vhosts/texasbeyondhistory/data/firecracker walls.html
2001.10.01 22:16 B C:\WINDOWS\Desktop\TBH\Recent\firecracker\walls.html.LCK --> uts.cc.utexas.edu /export/httpd/vhosts/texasbeyondhistory/data/firecracker walls.html.LCK
2001.10.11 14:50 B M:\Website Stuff\TBH Website Temp\firecracker\WS_FTP.LOG <-- texasbeyondhistory /export/httpd/vhosts/texasbeyondhistory/data/firecracker WS_FTP.LOG
2004.06.22 13:31 B G:\TBH Website Temp\firecracker\mogollon.html --> uts.cc.utexas.edu /export/httpd/vhosts/texasbeyondhistory/data/firecracker mogollon.html
2004.06.22 15:57 B G:\TBH Website Temp\firecracker\mogollon.html --> uts.cc.utexas.edu /export/httpd/vhosts/texasbeyondhistory/data/firecracker mogollon.html
2005.04.04 12:57 B L:\TBH Website Temp\firecracker\walls.html --> uts.cc.utexas.edu /export/httpd/vhosts/texasbeyondhistory/data/firecracker walls.html
2005.04.04 12:57 B L:\TBH Website Temp\firecracker\tas.html --> uts.cc.utexas.edu /export/httpd/vhosts/texasbeyondhistory/data/firecracker tas.html
2005.04.04 12:57 B L:\TBH Website Temp\firecracker\remains.html --> uts.cc.utexas.edu /export/httpd/vhosts/texasbeyondhistory/data/firecracker remains.html
2005.04.04 12:57 B L:\TBH Website Temp\firecracker\pueblo.html --> uts.cc.utexas.edu /export/httpd/vhosts/texasbeyondhistory/data/firecracker pueblo.html
2005.04.04 12:57 B L:\TBH Website Temp\firecracker\pubarch.html --> uts.cc.utexas.edu /export/httpd/vhosts/texasbeyondhistory/data/firecracker pubarch.html
2005.04.04 12:57 B L:\TBH Website Temp\firecracker\pottery.html --> uts.cc.utexas.edu /export/httpd/vhosts/texasbeyondhistory/data/firecracker pottery.html
2005.04.04 12:57 B L:\TBH Website Temp\firecracker\pithouses.html --> uts.cc.utexas.edu /export/httpd/vhosts/texasbeyondhistory/data/firecracker pithouses.html
2005.04.04 12:57 B L:\TBH Website Temp\firecracker\mogollon.html --> uts.cc.utexas.edu /export/httpd/vhosts/texasbeyondhistory/data/firecracker mogollon.html
2005.04.04 12:57 B L:\TBH Website Temp\firecracker\intro.html --> uts.cc.utexas.edu /export/httpd/vhosts/texasbeyondhistory/data/firecracker intro.html
2005.04.04 12:57 B L:\TBH Website Temp\firecracker\index.html --> uts.cc.utexas.edu /export/httpd/vhosts/texasbeyondhistory/data/firecracker index.html
2005.04.04 12:57 B L:\TBH Website Temp\firecracker\credits.html --> uts.cc.utexas.edu /export/httpd/vhosts/texasbeyondhistory/data/firecracker credits.html
