2006.04.14 16:40 B L:\TBH Website Temp\st-plains\patterns\index.html --> uts.cc.utexas.edu /export/httpd/vhosts/texasbeyondhistory/data/protect/st-plains/patterns index.html
2006.04.26 16:16 B V:\TBH Website Temp\st-plains\patterns\WS_FTP.LOG --> uts.cc.utexas.edu /export/httpd/vhosts/texasbeyondhistory/data/st-plains/patterns WS_FTP.LOG
2006.04.26 16:16 B V:\TBH Website Temp\st-plains\patterns\index.html --> uts.cc.utexas.edu /export/httpd/vhosts/texasbeyondhistory/data/st-plains/patterns index.html
2006.05.23 16:02 B L:\TBH Website Temp\st-plains\patterns\burying.html --> uts.cc.utexas.edu /export/httpd/vhosts/texasbeyondhistory/data/protect/st-plains/patterns burying.html
2006.05.23 16:02 B L:\TBH Website Temp\st-plains\patterns\imagemap.swf --> uts.cc.utexas.edu /export/httpd/vhosts/texasbeyondhistory/data/protect/st-plains/patterns imagemap.swf
2006.05.23 16:02 B L:\TBH Website Temp\st-plains\patterns\index.html --> uts.cc.utexas.edu /export/httpd/vhosts/texasbeyondhistory/data/protect/st-plains/patterns index.html
2006.05.25 16:16 B L:\TBH Website Temp\st-plains\patterns\burying.html --> uts.cc.utexas.edu /export/httpd/vhosts/texasbeyondhistory/data/protect/st-plains/patterns burying.html
2006.05.25 16:21 B L:\TBH Website Temp\st-plains\patterns\burying.html --> uts.cc.utexas.edu /export/httpd/vhosts/texasbeyondhistory/data/protect/st-plains/patterns burying.html
2006.05.25 16:25 B L:\TBH Website Temp\st-plains\patterns\index.html --> uts.cc.utexas.edu /export/httpd/vhosts/texasbeyondhistory/data/protect/st-plains/patterns index.html
2006.09.05 12:38 B L:\TBH Website Temp\st-plains\patterns\index.html --> uts.cc.utexas.edu /export/httpd/vhosts/texasbeyondhistory/data/protect/st-plains/patterns index.html
2006.09.12 11:35 B L:\TBH Website Temp\st-plains\patterns\burying.html --> uts.cc.utexas.edu /export/httpd/vhosts/texasbeyondhistory/data/protect/st-plains/patterns burying.html
2006.09.12 11:35 B L:\TBH Website Temp\st-plains\patterns\index.html --> uts.cc.utexas.edu /export/httpd/vhosts/texasbeyondhistory/data/protect/st-plains/patterns index.html
2006.09.17 20:10 B L:\TBH Website Temp\st-plains\patterns\index.html --> uts.cc.utexas.edu /export/httpd/vhosts/texasbeyondhistory/data/st-plains/patterns index.html
2006.09.17 20:10 B L:\TBH Website Temp\st-plains\patterns\WS_FTP.LOG --> uts.cc.utexas.edu /export/httpd/vhosts/texasbeyondhistory/data/st-plains/patterns WS_FTP.LOG
2006.09.17 20:10 B L:\TBH Website Temp\st-plains\patterns\burying.html --> uts.cc.utexas.edu /export/httpd/vhosts/texasbeyondhistory/data/st-plains/patterns burying.html
2006.09.17 20:10 B L:\TBH Website Temp\st-plains\patterns\imagemap.swf --> uts.cc.utexas.edu /export/httpd/vhosts/texasbeyondhistory/data/st-plains/patterns imagemap.swf
2006.09.18 14:44 B L:\TBH Website Temp\st-plains\patterns\index.html --> uts.cc.utexas.edu /export/httpd/vhosts/texasbeyondhistory/data/st-plains/patterns index.html
2006.09.18 16:53 B L:\TBH Website Temp\st-plains\patterns\index.html --> uts.cc.utexas.edu /export/httpd/vhosts/texasbeyondhistory/data/st-plains/patterns index.html
2006.09.19 21:01 B L:\TBH Website Temp\st-plains\patterns\burying.html --> uts.cc.utexas.edu /export/httpd/vhosts/texasbeyondhistory/data/st-plains/patterns burying.html
2006.09.19 21:01 B L:\TBH Website Temp\st-plains\patterns\WS_FTP.LOG --> uts.cc.utexas.edu /export/httpd/vhosts/texasbeyondhistory/data/st-plains/patterns WS_FTP.LOG
2006.09.20 15:38 B L:\TBH Website Temp\st-plains\patterns\burying.html --> uts.cc.utexas.edu /export/httpd/vhosts/texasbeyondhistory/data/st-plains/patterns burying.html
2006.09.20 15:38 B L:\TBH Website Temp\st-plains\patterns\WS_FTP.LOG --> uts.cc.utexas.edu /export/httpd/vhosts/texasbeyondhistory/data/st-plains/patterns WS_FTP.LOG
