2005.07.05 12:07 B L:\TBH Website Temp\plateaus\kids\picts.gif --> uts.cc.utexas.edu /export/httpd/vhosts/texasbeyondhistory/data/protect/plateaus/kids picts.gif
2005.07.05 12:07 B L:\TBH Website Temp\plateaus\kids\parade.html --> uts.cc.utexas.edu /export/httpd/vhosts/texasbeyondhistory/data/protect/plateaus/kids parade.html
2005.07.05 12:07 B L:\TBH Website Temp\plateaus\kids\parade-icon.jpg --> uts.cc.utexas.edu /export/httpd/vhosts/texasbeyondhistory/data/protect/plateaus/kids parade-icon.jpg
2005.07.05 12:07 B L:\TBH Website Temp\plateaus\kids\index.html --> uts.cc.utexas.edu /export/httpd/vhosts/texasbeyondhistory/data/protect/plateaus/kids index.html
2005.07.05 12:07 B L:\TBH Website Temp\plateaus\kids\hinds-icon.jpg --> uts.cc.utexas.edu /export/httpd/vhosts/texasbeyondhistory/data/protect/plateaus/kids hinds-icon.jpg
2005.07.05 12:07 B L:\TBH Website Temp\plateaus\kids\Thumbs.db --> uts.cc.utexas.edu /export/httpd/vhosts/texasbeyondhistory/data/protect/plateaus/kids Thumbs.db
2005.07.05 12:07 B L:\TBH Website Temp\plateaus\kids\shelter.jpg --> uts.cc.utexas.edu /export/httpd/vhosts/texasbeyondhistory/data/protect/plateaus/kids shelter.jpg
2005.07.05 12:07 B L:\TBH Website Temp\plateaus\kids\kirkland.jpg --> uts.cc.utexas.edu /export/httpd/vhosts/texasbeyondhistory/data/protect/plateaus/kids kirkland.jpg
2005.07.05 12:07 B L:\TBH Website Temp\plateaus\kids\kidsrock.swf --> uts.cc.utexas.edu /export/httpd/vhosts/texasbeyondhistory/data/protect/plateaus/kids kidsrock.swf
2005.07.05 12:07 B L:\TBH Website Temp\plateaus\kids\kidsrock.swd --> uts.cc.utexas.edu /export/httpd/vhosts/texasbeyondhistory/data/protect/plateaus/kids kidsrock.swd
2005.07.05 12:07 B L:\TBH Website Temp\plateaus\kids\kidsrock.fla --> uts.cc.utexas.edu /export/httpd/vhosts/texasbeyondhistory/data/protect/plateaus/kids kidsrock.fla
2005.07.05 12:07 B L:\TBH Website Temp\plateaus\kids\flood.jpg --> uts.cc.utexas.edu /export/httpd/vhosts/texasbeyondhistory/data/protect/plateaus/kids flood.jpg
2005.07.05 12:07 B L:\TBH Website Temp\plateaus\kids\crop9.jpg --> uts.cc.utexas.edu /export/httpd/vhosts/texasbeyondhistory/data/protect/plateaus/kids crop9.jpg
2005.07.05 12:07 B L:\TBH Website Temp\plateaus\kids\crop8.jpg --> uts.cc.utexas.edu /export/httpd/vhosts/texasbeyondhistory/data/protect/plateaus/kids crop8.jpg
2005.07.05 12:07 B L:\TBH Website Temp\plateaus\kids\crop7.jpg --> uts.cc.utexas.edu /export/httpd/vhosts/texasbeyondhistory/data/protect/plateaus/kids crop7.jpg
2005.07.05 12:07 B L:\TBH Website Temp\plateaus\kids\crop6.jpg --> uts.cc.utexas.edu /export/httpd/vhosts/texasbeyondhistory/data/protect/plateaus/kids crop6.jpg
2005.07.05 12:07 B L:\TBH Website Temp\plateaus\kids\crop5.jpg --> uts.cc.utexas.edu /export/httpd/vhosts/texasbeyondhistory/data/protect/plateaus/kids crop5.jpg
2005.07.05 12:07 B L:\TBH Website Temp\plateaus\kids\crop4.jpg --> uts.cc.utexas.edu /export/httpd/vhosts/texasbeyondhistory/data/protect/plateaus/kids crop4.jpg
2005.07.05 12:07 B L:\TBH Website Temp\plateaus\kids\crop3.jpg --> uts.cc.utexas.edu /export/httpd/vhosts/texasbeyondhistory/data/protect/plateaus/kids crop3.jpg
2005.07.05 12:07 B L:\TBH Website Temp\plateaus\kids\crop2.jpg --> uts.cc.utexas.edu /export/httpd/vhosts/texasbeyondhistory/data/protect/plateaus/kids crop2.jpg
2005.07.05 12:07 B L:\TBH Website Temp\plateaus\kids\crop1.jpg --> uts.cc.utexas.edu /export/httpd/vhosts/texasbeyondhistory/data/protect/plateaus/kids crop1.jpg
2005.07.05 12:07 B L:\TBH Website Temp\plateaus\kids\closeup.jpg --> uts.cc.utexas.edu /export/httpd/vhosts/texasbeyondhistory/data/protect/plateaus/kids closeup.jpg
2005.07.05 12:07 B L:\TBH Website Temp\plateaus\kids\art.jpg --> uts.cc.utexas.edu /export/httpd/vhosts/texasbeyondhistory/data/protect/plateaus/kids art.jpg
2005.07.15 11:45 B L:\TBH Website Temp\plateaus\kids\creaturesicon.jpg --> uts.cc.utexas.edu /export/httpd/vhosts/texasbeyondhistory/data/protect/plateaus/kids creaturesicon.jpg
2005.07.15 11:45 B L:\TBH Website Temp\plateaus\kids\dr-dirt-trowel.jpg --> uts.cc.utexas.edu /export/httpd/vhosts/texasbeyondhistory/data/protect/plateaus/kids dr-dirt-trowel.jpg
2005.07.15 11:45 B L:\TBH Website Temp\plateaus\kids\hinds-icon.jpg --> uts.cc.utexas.edu /export/httpd/vhosts/texasbeyondhistory/data/protect/plateaus/kids hinds-icon.jpg
2005.07.15 11:45 B L:\TBH Website Temp\plateaus\kids\index.html --> uts.cc.utexas.edu /export/httpd/vhosts/texasbeyondhistory/data/protect/plateaus/kids index.html
2005.07.15 11:45 B L:\TBH Website Temp\plateaus\kids\kidsrock.fla --> uts.cc.utexas.edu /export/httpd/vhosts/texasbeyondhistory/data/protect/plateaus/kids kidsrock.fla
2005.07.15 11:45 B L:\TBH Website Temp\plateaus\kids\kidsrock.swd --> uts.cc.utexas.edu /export/httpd/vhosts/texasbeyondhistory/data/protect/plateaus/kids kidsrock.swd
2005.07.15 11:45 B L:\TBH Website Temp\plateaus\kids\kidsrock.swf --> uts.cc.utexas.edu /export/httpd/vhosts/texasbeyondhistory/data/protect/plateaus/kids kidsrock.swf
2005.07.15 11:45 B L:\TBH Website Temp\plateaus\kids\parade-icon.jpg --> uts.cc.utexas.edu /export/httpd/vhosts/texasbeyondhistory/data/protect/plateaus/kids parade-icon.jpg
2005.07.15 11:45 B L:\TBH Website Temp\plateaus\kids\parade.html --> uts.cc.utexas.edu /export/httpd/vhosts/texasbeyondhistory/data/protect/plateaus/kids parade.html
2005.07.15 11:45 B L:\TBH Website Temp\plateaus\kids\paradeshot.jpg --> uts.cc.utexas.edu /export/httpd/vhosts/texasbeyondhistory/data/protect/plateaus/kids paradeshot.jpg
2005.07.15 11:45 B L:\TBH Website Temp\plateaus\kids\WS_FTP.LOG --> uts.cc.utexas.edu /export/httpd/vhosts/texasbeyondhistory/data/protect/plateaus/kids WS_FTP.LOG
2005.07.15 19:30 B L:\TBH Website Temp\plateaus\kids\index.html --> uts.cc.utexas.edu /export/httpd/vhosts/texasbeyondhistory/data/protect/plateaus/kids index.html
2005.07.15 19:30 B L:\TBH Website Temp\plateaus\kids\cookies.jpg --> uts.cc.utexas.edu /export/httpd/vhosts/texasbeyondhistory/data/protect/plateaus/kids cookies.jpg
2005.07.15 19:30 B L:\TBH Website Temp\plateaus\kids\cookies.html --> uts.cc.utexas.edu /export/httpd/vhosts/texasbeyondhistory/data/protect/plateaus/kids cookies.html
2005.07.22 14:48 B G:\TBH Website Temp\plateaus\kids\index.html --> uts.cc.utexas.edu /export/httpd/vhosts/texasbeyondhistory/data/protect/plateaus/kids index.html
2005.07.30 17:40 B L:\TBH Website Temp\plateaus\kids\art.jpg --> uts.cc.utexas.edu /export/httpd/vhosts/texasbeyondhistory/data/plateaus/kids art.jpg
2005.07.30 17:40 B L:\TBH Website Temp\plateaus\kids\closeup.jpg --> uts.cc.utexas.edu /export/httpd/vhosts/texasbeyondhistory/data/plateaus/kids closeup.jpg
2005.07.30 17:40 B L:\TBH Website Temp\plateaus\kids\cookies.html --> uts.cc.utexas.edu /export/httpd/vhosts/texasbeyondhistory/data/plateaus/kids cookies.html
2005.07.30 17:40 B L:\TBH Website Temp\plateaus\kids\cookies.jpg --> uts.cc.utexas.edu /export/httpd/vhosts/texasbeyondhistory/data/plateaus/kids cookies.jpg
2005.07.30 17:40 B L:\TBH Website Temp\plateaus\kids\creaturesicon.jpg --> uts.cc.utexas.edu /export/httpd/vhosts/texasbeyondhistory/data/plateaus/kids creaturesicon.jpg
2005.07.30 17:40 B L:\TBH Website Temp\plateaus\kids\crop1.jpg --> uts.cc.utexas.edu /export/httpd/vhosts/texasbeyondhistory/data/plateaus/kids crop1.jpg
2005.07.30 17:40 B L:\TBH Website Temp\plateaus\kids\crop2.jpg --> uts.cc.utexas.edu /export/httpd/vhosts/texasbeyondhistory/data/plateaus/kids crop2.jpg
2005.07.30 17:40 B L:\TBH Website Temp\plateaus\kids\crop3.jpg --> uts.cc.utexas.edu /export/httpd/vhosts/texasbeyondhistory/data/plateaus/kids crop3.jpg
2005.07.30 17:40 B L:\TBH Website Temp\plateaus\kids\crop4.jpg --> uts.cc.utexas.edu /export/httpd/vhosts/texasbeyondhistory/data/plateaus/kids crop4.jpg
2005.07.30 17:40 B L:\TBH Website Temp\plateaus\kids\crop5.jpg --> uts.cc.utexas.edu /export/httpd/vhosts/texasbeyondhistory/data/plateaus/kids crop5.jpg
2005.07.30 17:40 B L:\TBH Website Temp\plateaus\kids\crop6.jpg --> uts.cc.utexas.edu /export/httpd/vhosts/texasbeyondhistory/data/plateaus/kids crop6.jpg
2005.07.30 17:40 B L:\TBH Website Temp\plateaus\kids\crop7.jpg --> uts.cc.utexas.edu /export/httpd/vhosts/texasbeyondhistory/data/plateaus/kids crop7.jpg
2005.07.30 17:40 B L:\TBH Website Temp\plateaus\kids\crop8.jpg --> uts.cc.utexas.edu /export/httpd/vhosts/texasbeyondhistory/data/plateaus/kids crop8.jpg
2005.07.30 17:40 B L:\TBH Website Temp\plateaus\kids\crop9.jpg --> uts.cc.utexas.edu /export/httpd/vhosts/texasbeyondhistory/data/plateaus/kids crop9.jpg
2005.07.30 17:40 B L:\TBH Website Temp\plateaus\kids\dr-dirt-trowel.jpg --> uts.cc.utexas.edu /export/httpd/vhosts/texasbeyondhistory/data/plateaus/kids dr-dirt-trowel.jpg
2005.07.30 17:40 B L:\TBH Website Temp\plateaus\kids\flood.jpg --> uts.cc.utexas.edu /export/httpd/vhosts/texasbeyondhistory/data/plateaus/kids flood.jpg
2005.07.30 17:40 B L:\TBH Website Temp\plateaus\kids\hinds-icon.jpg --> uts.cc.utexas.edu /export/httpd/vhosts/texasbeyondhistory/data/plateaus/kids hinds-icon.jpg
2005.07.30 17:40 B L:\TBH Website Temp\plateaus\kids\index.html --> uts.cc.utexas.edu /export/httpd/vhosts/texasbeyondhistory/data/plateaus/kids index.html
2005.07.30 17:40 B L:\TBH Website Temp\plateaus\kids\kidsrock.fla --> uts.cc.utexas.edu /export/httpd/vhosts/texasbeyondhistory/data/plateaus/kids kidsrock.fla
2005.07.30 17:40 B L:\TBH Website Temp\plateaus\kids\kidsrock.swd --> uts.cc.utexas.edu /export/httpd/vhosts/texasbeyondhistory/data/plateaus/kids kidsrock.swd
2005.07.30 17:40 B L:\TBH Website Temp\plateaus\kids\kidsrock.swf --> uts.cc.utexas.edu /export/httpd/vhosts/texasbeyondhistory/data/plateaus/kids kidsrock.swf
2005.07.30 17:40 B L:\TBH Website Temp\plateaus\kids\kirkland.jpg --> uts.cc.utexas.edu /export/httpd/vhosts/texasbeyondhistory/data/plateaus/kids kirkland.jpg
2005.07.30 17:40 B L:\TBH Website Temp\plateaus\kids\parade-icon.jpg --> uts.cc.utexas.edu /export/httpd/vhosts/texasbeyondhistory/data/plateaus/kids parade-icon.jpg
2005.07.30 17:40 B L:\TBH Website Temp\plateaus\kids\parade.html --> uts.cc.utexas.edu /export/httpd/vhosts/texasbeyondhistory/data/plateaus/kids parade.html
2005.07.30 17:40 B L:\TBH Website Temp\plateaus\kids\paradeshot.jpg --> uts.cc.utexas.edu /export/httpd/vhosts/texasbeyondhistory/data/plateaus/kids paradeshot.jpg
2005.07.30 17:40 B L:\TBH Website Temp\plateaus\kids\picts.gif --> uts.cc.utexas.edu /export/httpd/vhosts/texasbeyondhistory/data/plateaus/kids picts.gif
2005.07.30 17:40 B L:\TBH Website Temp\plateaus\kids\shelter.jpg --> uts.cc.utexas.edu /export/httpd/vhosts/texasbeyondhistory/data/plateaus/kids shelter.jpg
2005.07.30 17:40 B L:\TBH Website Temp\plateaus\kids\Thumbs.db --> uts.cc.utexas.edu /export/httpd/vhosts/texasbeyondhistory/data/plateaus/kids Thumbs.db
