2007.11.08 09:24 B L:\TBH Website Temp\trans-p\artistic\images\index-icon.jpg --> uts.cc.utexas.edu /export/httpd/vhosts/texasbeyondhistory/data/protect/trans-p/artistic/images index-icon.jpg
2007.12.21 17:52 B L:\TBH Website Temp\trans-p\artistic\images\rup.html --> uts.cc.utexas.edu /export/httpd/vhosts/texasbeyondhistory/data/protect/trans-p/artistic/images rup.html
2007.12.21 17:52 B L:\TBH Website Temp\trans-p\artistic\images\rup-HT06_034.html --> uts.cc.utexas.edu /export/httpd/vhosts/texasbeyondhistory/data/protect/trans-p/artistic/images rup-HT06_034.html
2007.12.21 17:52 B L:\TBH Website Temp\trans-p\artistic\images\willis.html --> uts.cc.utexas.edu /export/httpd/vhosts/texasbeyondhistory/data/protect/trans-p/artistic/images willis.html
2007.12.21 17:52 B L:\TBH Website Temp\trans-p\artistic\images\Graef-composite.jpg --> uts.cc.utexas.edu /export/httpd/vhosts/texasbeyondhistory/data/protect/trans-p/artistic/images Graef-composite.jpg
2007.12.21 17:52 B L:\TBH Website Temp\trans-p\artistic\images\rup.jpg --> uts.cc.utexas.edu /export/httpd/vhosts/texasbeyondhistory/data/protect/trans-p/artistic/images rup.jpg
2007.12.21 17:52 B L:\TBH Website Temp\trans-p\artistic\images\rup-HT06_034-sm.JPG --> uts.cc.utexas.edu /export/httpd/vhosts/texasbeyondhistory/data/protect/trans-p/artistic/images rup-HT06_034-sm.JPG
2007.12.21 17:52 B L:\TBH Website Temp\trans-p\artistic\images\rup-HT06_034.JPG --> uts.cc.utexas.edu /export/httpd/vhosts/texasbeyondhistory/data/protect/trans-p/artistic/images rup-HT06_034.JPG
2007.12.21 17:52 B L:\TBH Website Temp\trans-p\artistic\images\willis.jpg --> uts.cc.utexas.edu /export/httpd/vhosts/texasbeyondhistory/data/protect/trans-p/artistic/images willis.jpg
2007.12.21 17:52 B L:\TBH Website Temp\trans-p\artistic\images\rup-sm.jpg --> uts.cc.utexas.edu /export/httpd/vhosts/texasbeyondhistory/data/protect/trans-p/artistic/images rup-sm.jpg
2007.12.21 17:52 B L:\TBH Website Temp\trans-p\artistic\images\willis-sm.jpg --> uts.cc.utexas.edu /export/httpd/vhosts/texasbeyondhistory/data/protect/trans-p/artistic/images willis-sm.jpg
2007.12.21 17:52 B L:\TBH Website Temp\trans-p\artistic\images\pilote-cache-row.jpg --> uts.cc.utexas.edu /export/httpd/vhosts/texasbeyondhistory/data/protect/trans-p/artistic/images pilote-cache-row.jpg
2007.12.21 17:52 B L:\TBH Website Temp\trans-p\artistic\images\pdf-button.jpg --> uts.cc.utexas.edu /export/httpd/vhosts/texasbeyondhistory/data/protect/trans-p/artistic/images pdf-button.jpg
2007.12.21 17:52 B L:\TBH Website Temp\trans-p\artistic\images\camera-button-sm.jpg --> uts.cc.utexas.edu /export/httpd/vhosts/texasbeyondhistory/data/protect/trans-p/artistic/images camera-button-sm.jpg
2007.12.21 17:52 B L:\TBH Website Temp\trans-p\artistic\images\camera-button-ro-sm.jpg --> uts.cc.utexas.edu /export/httpd/vhosts/texasbeyondhistory/data/protect/trans-p/artistic/images camera-button-ro-sm.jpg
2007.12.21 17:52 B L:\TBH Website Temp\trans-p\artistic\images\manso-EPMA-sm.jpg --> uts.cc.utexas.edu /export/httpd/vhosts/texasbeyondhistory/data/protect/trans-p/artistic/images manso-EPMA-sm.jpg
2007.12.21 17:52 B L:\TBH Website Temp\trans-p\artistic\images\EP1532-96-sm.jpg --> uts.cc.utexas.edu /export/httpd/vhosts/texasbeyondhistory/data/protect/trans-p/artistic/images EP1532-96-sm.jpg
2007.12.21 17:52 B L:\TBH Website Temp\trans-p\artistic\images\mimbres-tarl-sm.jpg --> uts.cc.utexas.edu /export/httpd/vhosts/texasbeyondhistory/data/protect/trans-p/artistic/images mimbres-tarl-sm.jpg
2007.12.21 17:52 B L:\TBH Website Temp\trans-p\artistic\images\discover4.html --> uts.cc.utexas.edu /export/httpd/vhosts/texasbeyondhistory/data/protect/trans-p/artistic/images discover4.html
2007.12.21 17:52 B L:\TBH Website Temp\trans-p\artistic\images\before-after.html --> uts.cc.utexas.edu /export/httpd/vhosts/texasbeyondhistory/data/protect/trans-p/artistic/images before-after.html
2007.12.21 17:52 B L:\TBH Website Temp\trans-p\artistic\images\jackson-p98.html --> uts.cc.utexas.edu /export/httpd/vhosts/texasbeyondhistory/data/protect/trans-p/artistic/images jackson-p98.html
2007.12.21 17:52 B L:\TBH Website Temp\trans-p\artistic\images\manso-EPMA.html --> uts.cc.utexas.edu /export/httpd/vhosts/texasbeyondhistory/data/protect/trans-p/artistic/images manso-EPMA.html
2007.12.21 17:52 B L:\TBH Website Temp\trans-p\artistic\images\EP1532-96.html --> uts.cc.utexas.edu /export/httpd/vhosts/texasbeyondhistory/data/protect/trans-p/artistic/images EP1532-96.html
2007.12.21 17:52 B L:\TBH Website Temp\trans-p\artistic\images\epma-poster.html --> uts.cc.utexas.edu /export/httpd/vhosts/texasbeyondhistory/data/protect/trans-p/artistic/images epma-poster.html
2007.12.21 17:52 B L:\TBH Website Temp\trans-p\artistic\images\chupadero-fire-101.html --> uts.cc.utexas.edu /export/httpd/vhosts/texasbeyondhistory/data/protect/trans-p/artistic/images chupadero-fire-101.html
2007.12.21 17:52 B L:\TBH Website Temp\trans-p\artistic\images\casas-epma.html --> uts.cc.utexas.edu /export/httpd/vhosts/texasbeyondhistory/data/protect/trans-p/artistic/images casas-epma.html
2007.12.21 17:52 B L:\TBH Website Temp\trans-p\artistic\images\mimbres-tarl.html --> uts.cc.utexas.edu /export/httpd/vhosts/texasbeyondhistory/data/protect/trans-p/artistic/images mimbres-tarl.html
2007.12.21 17:52 B L:\TBH Website Temp\trans-p\artistic\images\elpaso-poly.html --> uts.cc.utexas.edu /export/httpd/vhosts/texasbeyondhistory/data/protect/trans-p/artistic/images elpaso-poly.html
2007.12.21 17:52 B L:\TBH Website Temp\trans-p\artistic\images\elpaso-brownware.html --> uts.cc.utexas.edu /export/httpd/vhosts/texasbeyondhistory/data/protect/trans-p/artistic/images elpaso-brownware.html
2007.12.21 17:52 B L:\TBH Website Temp\trans-p\artistic\images\shell-mosaic-ep19.html --> uts.cc.utexas.edu /export/httpd/vhosts/texasbeyondhistory/data/protect/trans-p/artistic/images shell-mosaic-ep19.html
2007.12.21 17:52 B L:\TBH Website Temp\trans-p\artistic\images\NMAI-168708.html --> uts.cc.utexas.edu /export/httpd/vhosts/texasbeyondhistory/data/protect/trans-p/artistic/images NMAI-168708.html
2007.12.21 17:52 B L:\TBH Website Temp\trans-p\artistic\images\sp-pendants.html --> uts.cc.utexas.edu /export/httpd/vhosts/texasbeyondhistory/data/protect/trans-p/artistic/images sp-pendants.html
2007.12.21 17:52 B L:\TBH Website Temp\trans-p\artistic\images\mb14.html --> uts.cc.utexas.edu /export/httpd/vhosts/texasbeyondhistory/data/protect/trans-p/artistic/images mb14.html
2007.12.21 17:52 B L:\TBH Website Temp\trans-p\artistic\images\Pilote-scapulae.html --> uts.cc.utexas.edu /export/httpd/vhosts/texasbeyondhistory/data/protect/trans-p/artistic/images Pilote-scapulae.html
2007.12.21 17:52 B L:\TBH Website Temp\trans-p\artistic\images\Pilote-pincushions.html --> uts.cc.utexas.edu /export/httpd/vhosts/texasbeyondhistory/data/protect/trans-p/artistic/images Pilote-pincushions.html
2007.12.21 17:52 B L:\TBH Website Temp\trans-p\artistic\images\RoughR-F1-A.jpg --> uts.cc.utexas.edu /export/httpd/vhosts/texasbeyondhistory/data/protect/trans-p/artistic/images RoughR-F1-A.jpg
2007.12.21 17:52 B L:\TBH Website Temp\trans-p\artistic\images\RoughR-F1-A.html --> uts.cc.utexas.edu /export/httpd/vhosts/texasbeyondhistory/data/protect/trans-p/artistic/images RoughR-F1-A.html
2007.12.21 17:52 B L:\TBH Website Temp\trans-p\artistic\images\armband-ep19.html --> uts.cc.utexas.edu /export/httpd/vhosts/texasbeyondhistory/data/protect/trans-p/artistic/images armband-ep19.html
2007.12.21 17:52 B L:\TBH Website Temp\trans-p\artistic\images\petroform-rm.html --> uts.cc.utexas.edu /export/httpd/vhosts/texasbeyondhistory/data/protect/trans-p/artistic/images petroform-rm.html
2007.12.21 17:52 B L:\TBH Website Temp\trans-p\artistic\images\alamo-thc.html --> uts.cc.utexas.edu /export/httpd/vhosts/texasbeyondhistory/data/protect/trans-p/artistic/images alamo-thc.html
2007.12.21 17:52 B L:\TBH Website Temp\trans-p\artistic\images\AC-DeerShelter2.html --> uts.cc.utexas.edu /export/httpd/vhosts/texasbeyondhistory/data/protect/trans-p/artistic/images AC-DeerShelter2.html
2007.12.21 17:52 B L:\TBH Website Temp\trans-p\artistic\images\starry-rup.html --> uts.cc.utexas.edu /export/httpd/vhosts/texasbeyondhistory/data/protect/trans-p/artistic/images starry-rup.html
2007.12.21 17:52 B L:\TBH Website Temp\trans-p\artistic\images\Kirkland-TMM-2261-136.html --> uts.cc.utexas.edu /export/httpd/vhosts/texasbeyondhistory/data/protect/trans-p/artistic/images Kirkland-TMM-2261-136.html
2007.12.21 17:52 B L:\TBH Website Temp\trans-p\artistic\images\jaguar-rupestrian.html --> uts.cc.utexas.edu /export/httpd/vhosts/texasbeyondhistory/data/protect/trans-p/artistic/images jaguar-rupestrian.html
2007.12.21 17:52 B L:\TBH Website Temp\trans-p\artistic\images\lobo.html --> uts.cc.utexas.edu /export/httpd/vhosts/texasbeyondhistory/data/protect/trans-p/artistic/images lobo.html
2007.12.21 17:52 B L:\TBH Website Temp\trans-p\artistic\images\kirkland-g2-19.html --> uts.cc.utexas.edu /export/httpd/vhosts/texasbeyondhistory/data/protect/trans-p/artistic/images kirkland-g2-19.html
2007.12.21 17:52 B L:\TBH Website Temp\trans-p\artistic\images\AC-HandPrint.html --> uts.cc.utexas.edu /export/httpd/vhosts/texasbeyondhistory/data/protect/trans-p/artistic/images AC-HandPrint.html
2007.12.21 17:52 B L:\TBH Website Temp\trans-p\artistic\images\sld6.html --> uts.cc.utexas.edu /export/httpd/vhosts/texasbeyondhistory/data/protect/trans-p/artistic/images sld6.html
2007.12.21 17:52 B L:\TBH Website Temp\trans-p\artistic\images\Ojinaga-trading.html --> uts.cc.utexas.edu /export/httpd/vhosts/texasbeyondhistory/data/protect/trans-p/artistic/images Ojinaga-trading.html
2007.12.21 17:52 B L:\TBH Website Temp\trans-p\artistic\images\Sld6.jpg --> uts.cc.utexas.edu /export/httpd/vhosts/texasbeyondhistory/data/protect/trans-p/artistic/images Sld6.jpg
2007.12.21 17:52 B L:\TBH Website Temp\trans-p\artistic\images\AC-DeerShelter2.jpg --> uts.cc.utexas.edu /export/httpd/vhosts/texasbeyondhistory/data/protect/trans-p/artistic/images AC-DeerShelter2.jpg
2007.12.21 17:52 B L:\TBH Website Temp\trans-p\artistic\images\balmorhea94-no4.jpg --> uts.cc.utexas.edu /export/httpd/vhosts/texasbeyondhistory/data/protect/trans-p/artistic/images balmorhea94-no4.jpg
2007.12.21 17:52 B L:\TBH Website Temp\trans-p\artistic\images\AC-HandPrint.jpg --> uts.cc.utexas.edu /export/httpd/vhosts/texasbeyondhistory/data/protect/trans-p/artistic/images AC-HandPrint.jpg
2007.12.21 17:52 B L:\TBH Website Temp\trans-p\artistic\images\AC-HandPrint-sm.jpg --> uts.cc.utexas.edu /export/httpd/vhosts/texasbeyondhistory/data/protect/trans-p/artistic/images AC-HandPrint-sm.jpg
2007.12.21 17:52 B L:\TBH Website Temp\trans-p\artistic\images\AC-DeerShelter2-sm.jpg --> uts.cc.utexas.edu /export/httpd/vhosts/texasbeyondhistory/data/protect/trans-p/artistic/images AC-DeerShelter2-sm.jpg
2007.12.21 17:52 B L:\TBH Website Temp\trans-p\artistic\images\discover4.jpg --> uts.cc.utexas.edu /export/httpd/vhosts/texasbeyondhistory/data/protect/trans-p/artistic/images discover4.jpg
2007.12.21 17:52 B L:\TBH Website Temp\trans-p\artistic\images\chimney-rockshelter-jeff-fort-cbbs.jpg --> uts.cc.utexas.edu /export/httpd/vhosts/texasbeyondhistory/data/protect/trans-p/artistic/images chimney-rockshelter-jeff-fort-cbbs.jpg
2007.12.21 17:52 B L:\TBH Website Temp\trans-p\artistic\images\chimney-rockshelter-jeff-fort-cbbs-sm.jpg --> uts.cc.utexas.edu /export/httpd/vhosts/texasbeyondhistory/data/protect/trans-p/artistic/images chimney-rockshelter-jeff-fort-cbbs-sm.jpg
2007.12.21 17:52 B L:\TBH Website Temp\trans-p\artistic\images\casas-epma.jpg --> uts.cc.utexas.edu /export/httpd/vhosts/texasbeyondhistory/data/protect/trans-p/artistic/images casas-epma.jpg
2007.12.21 17:52 B L:\TBH Website Temp\trans-p\artistic\images\balmorhea94-no4-smjpg.jpg --> uts.cc.utexas.edu /export/httpd/vhosts/texasbeyondhistory/data/protect/trans-p/artistic/images balmorhea94-no4-smjpg.jpg
2007.12.21 17:52 B L:\TBH Website Temp\trans-p\artistic\images\horse2-meyersKirkland-TMM-2261-71.jpg --> uts.cc.utexas.edu /export/httpd/vhosts/texasbeyondhistory/data/protect/trans-p/artistic/images horse2-meyersKirkland-TMM-2261-71.jpg
2007.12.21 17:52 B L:\TBH Website Temp\trans-p\artistic\images\EP1532-96.jpg --> uts.cc.utexas.edu /export/httpd/vhosts/texasbeyondhistory/data/protect/trans-p/artistic/images EP1532-96.jpg
2007.12.21 17:52 B L:\TBH Website Temp\trans-p\artistic\images\discover4-lg.jpg --> uts.cc.utexas.edu /export/httpd/vhosts/texasbeyondhistory/data/protect/trans-p/artistic/images discover4-lg.jpg
2007.12.21 17:52 B L:\TBH Website Temp\trans-p\artistic\images\Kirkland-TMM-2261-95.jpg --> uts.cc.utexas.edu /export/httpd/vhosts/texasbeyondhistory/data/protect/trans-p/artistic/images Kirkland-TMM-2261-95.jpg
2007.12.21 17:52 B L:\TBH Website Temp\trans-p\artistic\images\kirkland-g2-19-sm.jpg --> uts.cc.utexas.edu /export/httpd/vhosts/texasbeyondhistory/data/protect/trans-p/artistic/images kirkland-g2-19-sm.jpg
2007.12.21 17:52 B L:\TBH Website Temp\trans-p\artistic\images\jackson-p98.jpg --> uts.cc.utexas.edu /export/httpd/vhosts/texasbeyondhistory/data/protect/trans-p/artistic/images jackson-p98.jpg
2007.12.21 17:52 B L:\TBH Website Temp\trans-p\artistic\images\jackson-p98-sm.jpg --> uts.cc.utexas.edu /export/httpd/vhosts/texasbeyondhistory/data/protect/trans-p/artistic/images jackson-p98-sm.jpg
2007.12.21 17:52 B L:\TBH Website Temp\trans-p\artistic\images\horses-sm.jpg --> uts.cc.utexas.edu /export/httpd/vhosts/texasbeyondhistory/data/protect/trans-p/artistic/images horses-sm.jpg
2007.12.21 17:52 B L:\TBH Website Temp\trans-p\artistic\images\Ojinaga-trading.jpg --> uts.cc.utexas.edu /export/httpd/vhosts/texasbeyondhistory/data/protect/trans-p/artistic/images Ojinaga-trading.jpg
2007.12.21 17:52 B L:\TBH Website Temp\trans-p\artistic\images\Ojinaga-trading-sm.jpg --> uts.cc.utexas.edu /export/httpd/vhosts/texasbeyondhistory/data/protect/trans-p/artistic/images Ojinaga-trading-sm.jpg
2007.12.21 17:52 B L:\TBH Website Temp\trans-p\artistic\images\mimbres-tarl.jpg --> uts.cc.utexas.edu /export/httpd/vhosts/texasbeyondhistory/data/protect/trans-p/artistic/images mimbres-tarl.jpg
2007.12.21 17:52 B L:\TBH Website Temp\trans-p\artistic\images\RoughR-F1-A-sm.jpg --> uts.cc.utexas.edu /export/httpd/vhosts/texasbeyondhistory/data/protect/trans-p/artistic/images RoughR-F1-A-sm.jpg
2007.12.21 17:52 B L:\TBH Website Temp\trans-p\artistic\images\petrograph-rm-sm.jpg --> uts.cc.utexas.edu /export/httpd/vhosts/texasbeyondhistory/data/protect/trans-p/artistic/images petrograph-rm-sm.jpg
2007.12.21 17:52 B L:\TBH Website Temp\trans-p\artistic\images\petroform-rm.jpg --> uts.cc.utexas.edu /export/httpd/vhosts/texasbeyondhistory/data/protect/trans-p/artistic/images petroform-rm.jpg
2007.12.21 17:52 B L:\TBH Website Temp\trans-p\artistic\images\snake.jpg --> uts.cc.utexas.edu /export/httpd/vhosts/texasbeyondhistory/data/protect/trans-p/artistic/images snake.jpg
2007.12.21 17:52 B L:\TBH Website Temp\trans-p\artistic\images\shell-mosaic-ep19.jpg --> uts.cc.utexas.edu /export/httpd/vhosts/texasbeyondhistory/data/protect/trans-p/artistic/images shell-mosaic-ep19.jpg
2007.12.21 17:52 B L:\TBH Website Temp\trans-p\artistic\images\Kirkland-TMM-2261-136-lg.jpg --> uts.cc.utexas.edu /export/httpd/vhosts/texasbeyondhistory/data/protect/trans-p/artistic/images Kirkland-TMM-2261-136-lg.jpg
2007.12.21 17:52 B L:\TBH Website Temp\trans-p\artistic\images\kirkland-g2-19.jpg --> uts.cc.utexas.edu /export/httpd/vhosts/texasbeyondhistory/data/protect/trans-p/artistic/images kirkland-g2-19.jpg
2007.12.21 17:52 B L:\TBH Website Temp\trans-p\artistic\images\shell-mosaic-ep19-sm.jpg --> uts.cc.utexas.edu /export/httpd/vhosts/texasbeyondhistory/data/protect/trans-p/artistic/images shell-mosaic-ep19-sm.jpg
2007.12.21 17:52 B L:\TBH Website Temp\trans-p\artistic\images\mb14-sm.jpg --> uts.cc.utexas.edu /export/httpd/vhosts/texasbeyondhistory/data/protect/trans-p/artistic/images mb14-sm.jpg
2007.12.21 17:52 B L:\TBH Website Temp\trans-p\artistic\images\mb14-lg.jpg --> uts.cc.utexas.edu /export/httpd/vhosts/texasbeyondhistory/data/protect/trans-p/artistic/images mb14-lg.jpg
2007.12.21 17:52 B L:\TBH Website Temp\trans-p\artistic\images\armband-ep19.-smJPG.jpg --> uts.cc.utexas.edu /export/httpd/vhosts/texasbeyondhistory/data/protect/trans-p/artistic/images armband-ep19.-smJPG.jpg
2007.12.21 17:53 B L:\TBH Website Temp\trans-p\artistic\images\Pilote-pincushions-sm.jpg --> uts.cc.utexas.edu /export/httpd/vhosts/texasbeyondhistory/data/protect/trans-p/artistic/images Pilote-pincushions-sm.jpg
2007.12.21 17:53 B L:\TBH Website Temp\trans-p\artistic\images\lobo-sm.jpg --> uts.cc.utexas.edu /export/httpd/vhosts/texasbeyondhistory/data/protect/trans-p/artistic/images lobo-sm.jpg
2007.12.21 17:53 B L:\TBH Website Temp\trans-p\artistic\images\sp-pendants.jpg --> uts.cc.utexas.edu /export/httpd/vhosts/texasbeyondhistory/data/protect/trans-p/artistic/images sp-pendants.jpg
2007.12.21 17:53 B L:\TBH Website Temp\trans-p\artistic\images\sp-pendants-sm.jpg --> uts.cc.utexas.edu /export/httpd/vhosts/texasbeyondhistory/data/protect/trans-p/artistic/images sp-pendants-sm.jpg
2007.12.21 17:53 B L:\TBH Website Temp\trans-p\artistic\images\before-after-sm.jpg --> uts.cc.utexas.edu /export/httpd/vhosts/texasbeyondhistory/data/protect/trans-p/artistic/images before-after-sm.jpg
2007.12.21 17:53 B L:\TBH Website Temp\trans-p\artistic\images\before-after.jpg --> uts.cc.utexas.edu /export/httpd/vhosts/texasbeyondhistory/data/protect/trans-p/artistic/images before-after.jpg
2007.12.21 17:53 B L:\TBH Website Temp\trans-p\artistic\images\Sld6-sm.jpg --> uts.cc.utexas.edu /export/httpd/vhosts/texasbeyondhistory/data/protect/trans-p/artistic/images Sld6-sm.jpg
2007.12.21 17:53 B L:\TBH Website Temp\trans-p\artistic\images\Pilote-scapulae-sm.jpg --> uts.cc.utexas.edu /export/httpd/vhosts/texasbeyondhistory/data/protect/trans-p/artistic/images Pilote-scapulae-sm.jpg
2007.12.21 17:53 B L:\TBH Website Temp\trans-p\artistic\images\starry-rup.jpg --> uts.cc.utexas.edu /export/httpd/vhosts/texasbeyondhistory/data/protect/trans-p/artistic/images starry-rup.jpg
2007.12.21 17:53 B L:\TBH Website Temp\trans-p\artistic\images\starry-rup-sm.jpg --> uts.cc.utexas.edu /export/httpd/vhosts/texasbeyondhistory/data/protect/trans-p/artistic/images starry-rup-sm.jpg
2007.12.21 17:53 B L:\TBH Website Temp\trans-p\artistic\images\jaguar-rupestrian.jpg --> uts.cc.utexas.edu /export/httpd/vhosts/texasbeyondhistory/data/protect/trans-p/artistic/images jaguar-rupestrian.jpg
2007.12.21 17:53 B L:\TBH Website Temp\trans-p\artistic\images\jaguar-rupestrian-sm.jpg --> uts.cc.utexas.edu /export/httpd/vhosts/texasbeyondhistory/data/protect/trans-p/artistic/images jaguar-rupestrian-sm.jpg
2007.12.21 17:53 B L:\TBH Website Temp\trans-p\artistic\images\armband-ep19.JPG --> uts.cc.utexas.edu /export/httpd/vhosts/texasbeyondhistory/data/protect/trans-p/artistic/images armband-ep19.JPG
2007.12.21 17:53 B L:\TBH Website Temp\trans-p\artistic\images\epma-poster-sm.jpg --> uts.cc.utexas.edu /export/httpd/vhosts/texasbeyondhistory/data/protect/trans-p/artistic/images epma-poster-sm.jpg
2007.12.21 17:53 B L:\TBH Website Temp\trans-p\artistic\images\epma-poster.jpg --> uts.cc.utexas.edu /export/httpd/vhosts/texasbeyondhistory/data/protect/trans-p/artistic/images epma-poster.jpg
2007.12.21 17:53 B L:\TBH Website Temp\trans-p\artistic\images\elpaso-brownware-sm.jpg --> uts.cc.utexas.edu /export/httpd/vhosts/texasbeyondhistory/data/protect/trans-p/artistic/images elpaso-brownware-sm.jpg
2007.12.21 17:53 B L:\TBH Website Temp\trans-p\artistic\images\chupadero-fire-101-sm.jpg --> uts.cc.utexas.edu /export/httpd/vhosts/texasbeyondhistory/data/protect/trans-p/artistic/images chupadero-fire-101-sm.jpg
2007.12.21 17:53 B L:\TBH Website Temp\trans-p\artistic\images\elpaso-poly-sm.jpg --> uts.cc.utexas.edu /export/httpd/vhosts/texasbeyondhistory/data/protect/trans-p/artistic/images elpaso-poly-sm.jpg
2007.12.21 17:53 B L:\TBH Website Temp\trans-p\artistic\images\chupadero-fire-101.jpg --> uts.cc.utexas.edu /export/httpd/vhosts/texasbeyondhistory/data/protect/trans-p/artistic/images chupadero-fire-101.jpg
2007.12.21 17:53 B L:\TBH Website Temp\trans-p\artistic\images\lobo.jpg --> uts.cc.utexas.edu /export/httpd/vhosts/texasbeyondhistory/data/protect/trans-p/artistic/images lobo.jpg
2007.12.21 17:53 B L:\TBH Website Temp\trans-p\artistic\images\Pilote-scapulae.jpg --> uts.cc.utexas.edu /export/httpd/vhosts/texasbeyondhistory/data/protect/trans-p/artistic/images Pilote-scapulae.jpg
2007.12.21 17:53 B L:\TBH Website Temp\trans-p\artistic\images\alamo-thc-sm.jpg --> uts.cc.utexas.edu /export/httpd/vhosts/texasbeyondhistory/data/protect/trans-p/artistic/images alamo-thc-sm.jpg
2007.12.21 17:53 B L:\TBH Website Temp\trans-p\artistic\images\alamo-thc.jpg --> uts.cc.utexas.edu /export/httpd/vhosts/texasbeyondhistory/data/protect/trans-p/artistic/images alamo-thc.jpg
2007.12.21 17:53 B L:\TBH Website Temp\trans-p\artistic\images\elpaso-poly.jpg --> uts.cc.utexas.edu /export/httpd/vhosts/texasbeyondhistory/data/protect/trans-p/artistic/images elpaso-poly.jpg
2007.12.21 17:53 B L:\TBH Website Temp\trans-p\artistic\images\Thumbs.db --> uts.cc.utexas.edu /export/httpd/vhosts/texasbeyondhistory/data/protect/trans-p/artistic/images Thumbs.db
2007.12.21 17:53 B L:\TBH Website Temp\trans-p\artistic\images\elpaso-brownware.jpg --> uts.cc.utexas.edu /export/httpd/vhosts/texasbeyondhistory/data/protect/trans-p/artistic/images elpaso-brownware.jpg
2007.12.21 17:53 B L:\TBH Website Temp\trans-p\artistic\images\WS_FTP.LOG --> uts.cc.utexas.edu /export/httpd/vhosts/texasbeyondhistory/data/protect/trans-p/artistic/images WS_FTP.LOG
2007.12.21 17:53 B L:\TBH Website Temp\trans-p\artistic\images\index-icon.jpg --> uts.cc.utexas.edu /export/httpd/vhosts/texasbeyondhistory/data/protect/trans-p/artistic/images index-icon.jpg
2007.12.21 17:53 B L:\TBH Website Temp\trans-p\artistic\images\Pilote-pincushions.jpg --> uts.cc.utexas.edu /export/httpd/vhosts/texasbeyondhistory/data/protect/trans-p/artistic/images Pilote-pincushions.jpg
2007.12.21 17:53 B L:\TBH Website Temp\trans-p\artistic\images\NMAI-168708-sm.jpg --> uts.cc.utexas.edu /export/httpd/vhosts/texasbeyondhistory/data/protect/trans-p/artistic/images NMAI-168708-sm.jpg
2007.12.21 17:53 B L:\TBH Website Temp\trans-p\artistic\images\NMAI-168708.jpg --> uts.cc.utexas.edu /export/httpd/vhosts/texasbeyondhistory/data/protect/trans-p/artistic/images NMAI-168708.jpg
2007.12.21 17:53 B L:\TBH Website Temp\trans-p\artistic\images\manso-EPMA.jpg --> uts.cc.utexas.edu /export/httpd/vhosts/texasbeyondhistory/data/protect/trans-p/artistic/images manso-EPMA.jpg
2007.12.21 17:53 B L:\TBH Website Temp\trans-p\artistic\images\Turpin-1996-E-T-P-Terrell.pdf --> uts.cc.utexas.edu /export/httpd/vhosts/texasbeyondhistory/data/protect/trans-p/artistic/images Turpin-1996-E-T-P-Terrell.pdf
2007.12.21 17:53 B L:\TBH Website Temp\trans-p\artistic\images\Turpin-2002-Hudspeth-Rockart.pdf --> uts.cc.utexas.edu /export/httpd/vhosts/texasbeyondhistory/data/protect/trans-p/artistic/images Turpin-2002-Hudspeth-Rockart.pdf
2008.01.03 15:41 B K:\TBH Website Temp\trans-p\artistic\images\Kirkland-2261.html --> uts.cc.utexas.edu /export/httpd/vhosts/texasbeyondhistory/data/protect/trans-p/artistic/images Kirkland-2261.html
2008.01.03 15:41 B K:\TBH Website Temp\trans-p\artistic\images\Kirkland-2261.jpg --> uts.cc.utexas.edu /export/httpd/vhosts/texasbeyondhistory/data/protect/trans-p/artistic/images Kirkland-2261.jpg
2008.01.03 15:41 B K:\TBH Website Temp\trans-p\artistic\images\Kirkland-2261-sm.jpg --> uts.cc.utexas.edu /export/httpd/vhosts/texasbeyondhistory/data/protect/trans-p/artistic/images Kirkland-2261-sm.jpg
2008.01.03 15:41 B K:\TBH Website Temp\trans-p\artistic\images\index-icon.jpg --> uts.cc.utexas.edu /export/httpd/vhosts/texasbeyondhistory/data/protect/trans-p/artistic/images index-icon.jpg
2008.01.11 11:10 B K:\TBH Website Temp\trans-p\artistic\images\jackson-p98.html --> uts.cc.utexas.edu /export/httpd/vhosts/texasbeyondhistory/data/protect/trans-p/artistic/images jackson-p98.html
2008.01.11 11:10 B K:\TBH Website Temp\trans-p\artistic\images\mimbres-tarl.html --> uts.cc.utexas.edu /export/httpd/vhosts/texasbeyondhistory/data/protect/trans-p/artistic/images mimbres-tarl.html
2008.01.11 11:10 B K:\TBH Website Temp\trans-p\artistic\images\elpaso-poly.html --> uts.cc.utexas.edu /export/httpd/vhosts/texasbeyondhistory/data/protect/trans-p/artistic/images elpaso-poly.html
2008.01.11 11:10 B K:\TBH Website Temp\trans-p\artistic\images\elpaso-brownware.html --> uts.cc.utexas.edu /export/httpd/vhosts/texasbeyondhistory/data/protect/trans-p/artistic/images elpaso-brownware.html
2008.01.11 11:10 B K:\TBH Website Temp\trans-p\artistic\images\RoughR-F1-A.html --> uts.cc.utexas.edu /export/httpd/vhosts/texasbeyondhistory/data/protect/trans-p/artistic/images RoughR-F1-A.html
2008.01.11 11:10 B K:\TBH Website Temp\trans-p\artistic\images\petroform-rm.html --> uts.cc.utexas.edu /export/httpd/vhosts/texasbeyondhistory/data/protect/trans-p/artistic/images petroform-rm.html
2008.01.11 11:10 B K:\TBH Website Temp\trans-p\artistic\images\rup.html --> uts.cc.utexas.edu /export/httpd/vhosts/texasbeyondhistory/data/protect/trans-p/artistic/images rup.html
2008.01.11 11:10 B K:\TBH Website Temp\trans-p\artistic\images\shell-mosaic-ep19.jpg --> uts.cc.utexas.edu /export/httpd/vhosts/texasbeyondhistory/data/protect/trans-p/artistic/images shell-mosaic-ep19.jpg
2008.01.11 11:10 B K:\TBH Website Temp\trans-p\artistic\images\shell-mosaic-ep19.html --> uts.cc.utexas.edu /export/httpd/vhosts/texasbeyondhistory/data/protect/trans-p/artistic/images shell-mosaic-ep19.html
2008.01.11 11:10 B K:\TBH Website Temp\trans-p\artistic\images\jaguar-rupestrian.html --> uts.cc.utexas.edu /export/httpd/vhosts/texasbeyondhistory/data/protect/trans-p/artistic/images jaguar-rupestrian.html
2008.01.11 11:11 B K:\TBH Website Temp\trans-p\artistic\images\Kirkland-TMM-2261-136.html --> uts.cc.utexas.edu /export/httpd/vhosts/texasbeyondhistory/data/protect/trans-p/artistic/images Kirkland-TMM-2261-136.html
2008.01.11 11:52 B K:\TBH Website Temp\trans-p\artistic\images\Pilote-scapulae.html --> uts.cc.utexas.edu /export/httpd/vhosts/texasbeyondhistory/data/protect/trans-p/artistic/images Pilote-scapulae.html
2008.01.15 17:05 B K:\TBH Website Temp\trans-p\artistic\images\kirkland-g2-19.html --> uts.cc.utexas.edu /export/httpd/vhosts/texasbeyondhistory/data/protect/trans-p/artistic/images kirkland-g2-19.html
2008.01.15 17:05 B K:\TBH Website Temp\trans-p\artistic\images\jaguar-rupestrian.html --> uts.cc.utexas.edu /export/httpd/vhosts/texasbeyondhistory/data/protect/trans-p/artistic/images jaguar-rupestrian.html
2008.01.15 17:05 B K:\TBH Website Temp\trans-p\artistic\images\elpaso-poly.html --> uts.cc.utexas.edu /export/httpd/vhosts/texasbeyondhistory/data/protect/trans-p/artistic/images elpaso-poly.html
2008.01.15 17:05 B K:\TBH Website Temp\trans-p\artistic\images\AC-HandPrint.html --> uts.cc.utexas.edu /export/httpd/vhosts/texasbeyondhistory/data/protect/trans-p/artistic/images AC-HandPrint.html
2008.01.15 17:14 B K:\TBH Website Temp\trans-p\artistic\images\kirkland-g2-19.html --> uts.cc.utexas.edu /export/httpd/vhosts/texasbeyondhistory/data/protect/trans-p/artistic/images kirkland-g2-19.html
