2004.09.13 16:01 B K:\TBH Website Temp\granado\images\artcoll.jpg --> uts.cc.utexas.edu /export/httpd/vhosts/texasbeyondhistory/data/granado/images artcoll.jpg
2004.09.13 16:01 B K:\TBH Website Temp\granado\images\bag-l.jpg --> uts.cc.utexas.edu /export/httpd/vhosts/texasbeyondhistory/data/granado/images bag-l.jpg
2004.09.13 16:01 B K:\TBH Website Temp\granado\images\bag-sm.jpg --> uts.cc.utexas.edu /export/httpd/vhosts/texasbeyondhistory/data/granado/images bag-sm.jpg
2004.09.13 16:01 B K:\TBH Website Temp\granado\images\bag.html --> uts.cc.utexas.edu /export/httpd/vhosts/texasbeyondhistory/data/granado/images bag.html
2004.09.13 16:01 B K:\TBH Website Temp\granado\images\basket-l.jpg --> uts.cc.utexas.edu /export/httpd/vhosts/texasbeyondhistory/data/granado/images basket-l.jpg
2004.09.13 16:01 B K:\TBH Website Temp\granado\images\basket-sm.jpg --> uts.cc.utexas.edu /export/httpd/vhosts/texasbeyondhistory/data/granado/images basket-sm.jpg
2004.09.13 16:01 B K:\TBH Website Temp\granado\images\basket.html --> uts.cc.utexas.edu /export/httpd/vhosts/texasbeyondhistory/data/granado/images basket.html
2004.09.13 16:01 B K:\TBH Website Temp\granado\images\bird-l.jpg --> uts.cc.utexas.edu /export/httpd/vhosts/texasbeyondhistory/data/granado/images bird-l.jpg
2004.09.13 16:01 B K:\TBH Website Temp\granado\images\bird-sm.jpg --> uts.cc.utexas.edu /export/httpd/vhosts/texasbeyondhistory/data/granado/images bird-sm.jpg
2004.09.13 16:01 B K:\TBH Website Temp\granado\images\bird.html --> uts.cc.utexas.edu /export/httpd/vhosts/texasbeyondhistory/data/granado/images bird.html
2004.09.13 16:01 B K:\TBH Website Temp\granado\images\boa-l.jpg --> uts.cc.utexas.edu /export/httpd/vhosts/texasbeyondhistory/data/granado/images boa-l.jpg
2004.09.13 16:01 B K:\TBH Website Temp\granado\images\boa-sm.jpg --> uts.cc.utexas.edu /export/httpd/vhosts/texasbeyondhistory/data/granado/images boa-sm.jpg
2004.09.13 16:01 B K:\TBH Website Temp\granado\images\boa.html --> uts.cc.utexas.edu /export/httpd/vhosts/texasbeyondhistory/data/granado/images boa.html
2004.09.13 16:01 B K:\TBH Website Temp\granado\images\bone-l.jpg --> uts.cc.utexas.edu /export/httpd/vhosts/texasbeyondhistory/data/granado/images bone-l.jpg
2004.09.13 16:01 B K:\TBH Website Temp\granado\images\bone-sm.jpg --> uts.cc.utexas.edu /export/httpd/vhosts/texasbeyondhistory/data/granado/images bone-sm.jpg
2004.09.13 16:01 B K:\TBH Website Temp\granado\images\bone.html --> uts.cc.utexas.edu /export/httpd/vhosts/texasbeyondhistory/data/granado/images bone.html
2004.09.13 16:01 B K:\TBH Website Temp\granado\images\book.gif --> uts.cc.utexas.edu /export/httpd/vhosts/texasbeyondhistory/data/granado/images book.gif
2004.09.13 16:01 B K:\TBH Website Temp\granado\images\brush-l.jpg --> uts.cc.utexas.edu /export/httpd/vhosts/texasbeyondhistory/data/granado/images brush-l.jpg
2004.09.13 16:01 B K:\TBH Website Temp\granado\images\brush-sm.jpg --> uts.cc.utexas.edu /export/httpd/vhosts/texasbeyondhistory/data/granado/images brush-sm.jpg
2004.09.13 16:01 B K:\TBH Website Temp\granado\images\brush.html --> uts.cc.utexas.edu /export/httpd/vhosts/texasbeyondhistory/data/granado/images brush.html
2004.09.13 16:01 B K:\TBH Website Temp\granado\images\cave-entrance-lg.jpg --> uts.cc.utexas.edu /export/httpd/vhosts/texasbeyondhistory/data/granado/images cave-entrance-lg.jpg
2004.09.13 16:01 B K:\TBH Website Temp\granado\images\cave-entrance-sm.jpg --> uts.cc.utexas.edu /export/httpd/vhosts/texasbeyondhistory/data/granado/images cave-entrance-sm.jpg
2004.09.13 16:01 B K:\TBH Website Temp\granado\images\cave-entrance.html --> uts.cc.utexas.edu /export/httpd/vhosts/texasbeyondhistory/data/granado/images cave-entrance.html
2004.09.13 16:01 B K:\TBH Website Temp\granado\images\ceramic-l.jpg --> uts.cc.utexas.edu /export/httpd/vhosts/texasbeyondhistory/data/granado/images ceramic-l.jpg
2004.09.13 16:01 B K:\TBH Website Temp\granado\images\ceramic-sm.jpg --> uts.cc.utexas.edu /export/httpd/vhosts/texasbeyondhistory/data/granado/images ceramic-sm.jpg
2004.09.13 16:01 B K:\TBH Website Temp\granado\images\ceramic.html --> uts.cc.utexas.edu /export/httpd/vhosts/texasbeyondhistory/data/granado/images ceramic.html
2004.09.13 16:01 B K:\TBH Website Temp\granado\images\construction-l.gif --> uts.cc.utexas.edu /export/httpd/vhosts/texasbeyondhistory/data/granado/images construction-l.gif
2004.09.13 16:01 B K:\TBH Website Temp\granado\images\construction-sm.gif --> uts.cc.utexas.edu /export/httpd/vhosts/texasbeyondhistory/data/granado/images construction-sm.gif
2004.09.13 16:01 B K:\TBH Website Temp\granado\images\construction.html --> uts.cc.utexas.edu /export/httpd/vhosts/texasbeyondhistory/data/granado/images construction.html
2004.09.13 16:01 B K:\TBH Website Temp\granado\images\copro-l.jpg --> uts.cc.utexas.edu /export/httpd/vhosts/texasbeyondhistory/data/granado/images copro-l.jpg
2004.09.13 16:01 B K:\TBH Website Temp\granado\images\copro-sm.jpg --> uts.cc.utexas.edu /export/httpd/vhosts/texasbeyondhistory/data/granado/images copro-sm.jpg
2004.09.13 16:01 B K:\TBH Website Temp\granado\images\copro.html --> uts.cc.utexas.edu /export/httpd/vhosts/texasbeyondhistory/data/granado/images copro.html
2004.09.13 16:01 B K:\TBH Website Temp\granado\images\crew-l.jpg --> uts.cc.utexas.edu /export/httpd/vhosts/texasbeyondhistory/data/granado/images crew-l.jpg
2004.09.13 16:01 B K:\TBH Website Temp\granado\images\crew-sm.jpg --> uts.cc.utexas.edu /export/httpd/vhosts/texasbeyondhistory/data/granado/images crew-sm.jpg
2004.09.13 16:01 B K:\TBH Website Temp\granado\images\crew.html --> uts.cc.utexas.edu /export/httpd/vhosts/texasbeyondhistory/data/granado/images crew.html
2004.09.13 16:01 B K:\TBH Website Temp\granado\images\entrance-l.jpg --> uts.cc.utexas.edu /export/httpd/vhosts/texasbeyondhistory/data/granado/images entrance-l.jpg
2004.09.13 16:01 B K:\TBH Website Temp\granado\images\entrance-sm.jpg --> uts.cc.utexas.edu /export/httpd/vhosts/texasbeyondhistory/data/granado/images entrance-sm.jpg
2004.09.13 16:01 B K:\TBH Website Temp\granado\images\entrance.html --> uts.cc.utexas.edu /export/httpd/vhosts/texasbeyondhistory/data/granado/images entrance.html
2004.09.13 16:01 B K:\TBH Website Temp\granado\images\fan-l.jpg --> uts.cc.utexas.edu /export/httpd/vhosts/texasbeyondhistory/data/granado/images fan-l.jpg
2004.09.13 16:01 B K:\TBH Website Temp\granado\images\fan-sm.jpg --> uts.cc.utexas.edu /export/httpd/vhosts/texasbeyondhistory/data/granado/images fan-sm.jpg
2004.09.13 16:01 B K:\TBH Website Temp\granado\images\fan.html --> uts.cc.utexas.edu /export/httpd/vhosts/texasbeyondhistory/data/granado/images fan.html
2004.09.13 16:01 B K:\TBH Website Temp\granado\images\feather-l.jpg --> uts.cc.utexas.edu /export/httpd/vhosts/texasbeyondhistory/data/granado/images feather-l.jpg
2004.09.13 16:01 B K:\TBH Website Temp\granado\images\feather-sm.jpg --> uts.cc.utexas.edu /export/httpd/vhosts/texasbeyondhistory/data/granado/images feather-sm.jpg
2004.09.13 16:01 B K:\TBH Website Temp\granado\images\feather.html --> uts.cc.utexas.edu /export/httpd/vhosts/texasbeyondhistory/data/granado/images feather.html
2004.09.13 16:01 B K:\TBH Website Temp\granado\images\hearth-l.jpg --> uts.cc.utexas.edu /export/httpd/vhosts/texasbeyondhistory/data/granado/images hearth-l.jpg
2004.09.13 16:01 B K:\TBH Website Temp\granado\images\hearth-sm.jpg --> uts.cc.utexas.edu /export/httpd/vhosts/texasbeyondhistory/data/granado/images hearth-sm.jpg
2004.09.13 16:01 B K:\TBH Website Temp\granado\images\hearth.html --> uts.cc.utexas.edu /export/httpd/vhosts/texasbeyondhistory/data/granado/images hearth.html
2004.09.13 16:01 B K:\TBH Website Temp\granado\images\inside-l.jpg --> uts.cc.utexas.edu /export/httpd/vhosts/texasbeyondhistory/data/granado/images inside-l.jpg
2004.09.13 16:01 B K:\TBH Website Temp\granado\images\jar-l.gif --> uts.cc.utexas.edu /export/httpd/vhosts/texasbeyondhistory/data/granado/images jar-l.gif
2004.09.13 16:01 B K:\TBH Website Temp\granado\images\jar-sm.gif --> uts.cc.utexas.edu /export/httpd/vhosts/texasbeyondhistory/data/granado/images jar-sm.gif
2004.09.13 16:01 B K:\TBH Website Temp\granado\images\jar.html --> uts.cc.utexas.edu /export/httpd/vhosts/texasbeyondhistory/data/granado/images jar.html
2004.09.13 16:01 B K:\TBH Website Temp\granado\images\kiaha-l.jpg --> uts.cc.utexas.edu /export/httpd/vhosts/texasbeyondhistory/data/granado/images kiaha-l.jpg
2004.09.13 16:01 B K:\TBH Website Temp\granado\images\kiaha-sm.jpg --> uts.cc.utexas.edu /export/httpd/vhosts/texasbeyondhistory/data/granado/images kiaha-sm.jpg
2004.09.13 16:01 B K:\TBH Website Temp\granado\images\kiaha.html --> uts.cc.utexas.edu /export/httpd/vhosts/texasbeyondhistory/data/granado/images kiaha.html
2004.09.13 16:01 B K:\TBH Website Temp\granado\images\kiaha3-l.jpg --> uts.cc.utexas.edu /export/httpd/vhosts/texasbeyondhistory/data/granado/images kiaha3-l.jpg
2004.09.13 16:01 B K:\TBH Website Temp\granado\images\kiaha3-sm.jpg --> uts.cc.utexas.edu /export/httpd/vhosts/texasbeyondhistory/data/granado/images kiaha3-sm.jpg
2004.09.13 16:01 B K:\TBH Website Temp\granado\images\kiaha3.html --> uts.cc.utexas.edu /export/httpd/vhosts/texasbeyondhistory/data/granado/images kiaha3.html
2004.09.13 16:01 B K:\TBH Website Temp\granado\images\kiaha4-l.jpg --> uts.cc.utexas.edu /export/httpd/vhosts/texasbeyondhistory/data/granado/images kiaha4-l.jpg
2004.09.13 16:01 B K:\TBH Website Temp\granado\images\kiaha4-sm.jpg --> uts.cc.utexas.edu /export/httpd/vhosts/texasbeyondhistory/data/granado/images kiaha4-sm.jpg
2004.09.13 16:01 B K:\TBH Website Temp\granado\images\kiaha4.html --> uts.cc.utexas.edu /export/httpd/vhosts/texasbeyondhistory/data/granado/images kiaha4.html
2004.09.13 16:01 B K:\TBH Website Temp\granado\images\kiaha5-l.jpg --> uts.cc.utexas.edu /export/httpd/vhosts/texasbeyondhistory/data/granado/images kiaha5-l.jpg
2004.09.13 16:01 B K:\TBH Website Temp\granado\images\kiaha5-sm.jpg --> uts.cc.utexas.edu /export/httpd/vhosts/texasbeyondhistory/data/granado/images kiaha5-sm.jpg
2004.09.13 16:01 B K:\TBH Website Temp\granado\images\kiaha5.html --> uts.cc.utexas.edu /export/httpd/vhosts/texasbeyondhistory/data/granado/images kiaha5.html
2004.09.13 16:01 B K:\TBH Website Temp\granado\images\limonite-l.jpg --> uts.cc.utexas.edu /export/httpd/vhosts/texasbeyondhistory/data/granado/images limonite-l.jpg
2004.09.13 16:01 B K:\TBH Website Temp\granado\images\limonite-sm.jpg --> uts.cc.utexas.edu /export/httpd/vhosts/texasbeyondhistory/data/granado/images limonite-sm.jpg
2004.09.13 16:01 B K:\TBH Website Temp\granado\images\limonite.html --> uts.cc.utexas.edu /export/httpd/vhosts/texasbeyondhistory/data/granado/images limonite.html
2004.09.13 16:01 B K:\TBH Website Temp\granado\images\mortar-l.jpg --> uts.cc.utexas.edu /export/httpd/vhosts/texasbeyondhistory/data/granado/images mortar-l.jpg
2004.09.13 16:01 B K:\TBH Website Temp\granado\images\mortar-sm.jpg --> uts.cc.utexas.edu /export/httpd/vhosts/texasbeyondhistory/data/granado/images mortar-sm.jpg
2004.09.13 16:01 B K:\TBH Website Temp\granado\images\mortar.html --> uts.cc.utexas.edu /export/httpd/vhosts/texasbeyondhistory/data/granado/images mortar.html
2004.09.13 16:01 B K:\TBH Website Temp\granado\images\mountains-l.jpg --> uts.cc.utexas.edu /export/httpd/vhosts/texasbeyondhistory/data/granado/images mountains-l.jpg
2004.09.13 16:01 B K:\TBH Website Temp\granado\images\mountains-sm.jpg --> uts.cc.utexas.edu /export/httpd/vhosts/texasbeyondhistory/data/granado/images mountains-sm.jpg
2004.09.13 16:01 B K:\TBH Website Temp\granado\images\mountains.html --> uts.cc.utexas.edu /export/httpd/vhosts/texasbeyondhistory/data/granado/images mountains.html
2004.09.13 16:01 B K:\TBH Website Temp\granado\images\newspaper.jpg --> uts.cc.utexas.edu /export/httpd/vhosts/texasbeyondhistory/data/granado/images newspaper.jpg
2004.09.13 16:01 B K:\TBH Website Temp\granado\images\points-lg.jpg --> uts.cc.utexas.edu /export/httpd/vhosts/texasbeyondhistory/data/granado/images points-lg.jpg
2004.09.13 16:01 B K:\TBH Website Temp\granado\images\points-sm.jpg --> uts.cc.utexas.edu /export/httpd/vhosts/texasbeyondhistory/data/granado/images points-sm.jpg
2004.09.13 16:01 B K:\TBH Website Temp\granado\images\points.html --> uts.cc.utexas.edu /export/httpd/vhosts/texasbeyondhistory/data/granado/images points.html
2004.09.13 16:01 B K:\TBH Website Temp\granado\images\points.jpg --> uts.cc.utexas.edu /export/httpd/vhosts/texasbeyondhistory/data/granado/images points.jpg
2004.09.13 16:01 B K:\TBH Website Temp\granado\images\pollen-l.gif --> uts.cc.utexas.edu /export/httpd/vhosts/texasbeyondhistory/data/granado/images pollen-l.gif
2004.09.13 16:01 B K:\TBH Website Temp\granado\images\pollen-sm.gif --> uts.cc.utexas.edu /export/httpd/vhosts/texasbeyondhistory/data/granado/images pollen-sm.gif
2004.09.13 16:01 B K:\TBH Website Temp\granado\images\pollen.html --> uts.cc.utexas.edu /export/httpd/vhosts/texasbeyondhistory/data/granado/images pollen.html
2004.09.13 16:01 B K:\TBH Website Temp\granado\images\rabbit-l.jpg --> uts.cc.utexas.edu /export/httpd/vhosts/texasbeyondhistory/data/granado/images rabbit-l.jpg
2004.09.13 16:01 B K:\TBH Website Temp\granado\images\rabbit-sm.jpg --> uts.cc.utexas.edu /export/httpd/vhosts/texasbeyondhistory/data/granado/images rabbit-sm.jpg
2004.09.13 16:01 B K:\TBH Website Temp\granado\images\rabbit.html --> uts.cc.utexas.edu /export/httpd/vhosts/texasbeyondhistory/data/granado/images rabbit.html
2004.09.13 16:01 B K:\TBH Website Temp\granado\images\rattle.html --> uts.cc.utexas.edu /export/httpd/vhosts/texasbeyondhistory/data/granado/images rattle.html
2004.09.13 16:01 B K:\TBH Website Temp\granado\images\rattler-l.jpg --> uts.cc.utexas.edu /export/httpd/vhosts/texasbeyondhistory/data/granado/images rattler-l.jpg
2004.09.13 16:01 B K:\TBH Website Temp\granado\images\rattler-sm.jpg --> uts.cc.utexas.edu /export/httpd/vhosts/texasbeyondhistory/data/granado/images rattler-sm.jpg
2004.09.13 16:01 B K:\TBH Website Temp\granado\images\reconstruct-l.jpg --> uts.cc.utexas.edu /export/httpd/vhosts/texasbeyondhistory/data/granado/images reconstruct-l.jpg
2004.09.13 16:01 B K:\TBH Website Temp\granado\images\repair-l.jpg --> uts.cc.utexas.edu /export/httpd/vhosts/texasbeyondhistory/data/granado/images repair-l.jpg
2004.09.13 16:01 B K:\TBH Website Temp\granado\images\repair-sm.jpg --> uts.cc.utexas.edu /export/httpd/vhosts/texasbeyondhistory/data/granado/images repair-sm.jpg
2004.09.13 16:01 B K:\TBH Website Temp\granado\images\repair.html --> uts.cc.utexas.edu /export/httpd/vhosts/texasbeyondhistory/data/granado/images repair.html
2004.09.13 16:01 B K:\TBH Website Temp\granado\images\rhythm-l.jpg --> uts.cc.utexas.edu /export/httpd/vhosts/texasbeyondhistory/data/granado/images rhythm-l.jpg
2004.09.13 16:01 B K:\TBH Website Temp\granado\images\rhythm-sm.jpg --> uts.cc.utexas.edu /export/httpd/vhosts/texasbeyondhistory/data/granado/images rhythm-sm.jpg
2004.09.13 16:01 B K:\TBH Website Temp\granado\images\rhythm.html --> uts.cc.utexas.edu /export/httpd/vhosts/texasbeyondhistory/data/granado/images rhythm.html
2004.09.13 16:01 B K:\TBH Website Temp\granado\images\sandal-l.jpg --> uts.cc.utexas.edu /export/httpd/vhosts/texasbeyondhistory/data/granado/images sandal-l.jpg
2004.09.13 16:01 B K:\TBH Website Temp\granado\images\sandal-sm.jpg --> uts.cc.utexas.edu /export/httpd/vhosts/texasbeyondhistory/data/granado/images sandal-sm.jpg
2004.09.13 16:01 B K:\TBH Website Temp\granado\images\sandal.html --> uts.cc.utexas.edu /export/httpd/vhosts/texasbeyondhistory/data/granado/images sandal.html
2004.09.13 16:01 B K:\TBH Website Temp\granado\images\sandals.jpg --> uts.cc.utexas.edu /export/httpd/vhosts/texasbeyondhistory/data/granado/images sandals.jpg
2004.09.13 16:01 B K:\TBH Website Temp\granado\images\sandals01-sm.jpg --> uts.cc.utexas.edu /export/httpd/vhosts/texasbeyondhistory/data/granado/images sandals01-sm.jpg
2004.09.13 16:01 B K:\TBH Website Temp\granado\images\sandals01.html --> uts.cc.utexas.edu /export/httpd/vhosts/texasbeyondhistory/data/granado/images sandals01.html
2004.09.13 16:02 B K:\TBH Website Temp\granado\images\sandals01.jpg --> uts.cc.utexas.edu /export/httpd/vhosts/texasbeyondhistory/data/granado/images sandals01.jpg
2004.09.13 16:02 B K:\TBH Website Temp\granado\images\sandals02-sm.jpg --> uts.cc.utexas.edu /export/httpd/vhosts/texasbeyondhistory/data/granado/images sandals02-sm.jpg
2004.09.13 16:02 B K:\TBH Website Temp\granado\images\sandals02.html --> uts.cc.utexas.edu /export/httpd/vhosts/texasbeyondhistory/data/granado/images sandals02.html
2004.09.13 16:02 B K:\TBH Website Temp\granado\images\sandals02.jpg --> uts.cc.utexas.edu /export/httpd/vhosts/texasbeyondhistory/data/granado/images sandals02.jpg
2004.09.13 16:02 B K:\TBH Website Temp\granado\images\sandals05-sm.jpg --> uts.cc.utexas.edu /export/httpd/vhosts/texasbeyondhistory/data/granado/images sandals05-sm.jpg
2004.09.13 16:02 B K:\TBH Website Temp\granado\images\sandals05.html --> uts.cc.utexas.edu /export/httpd/vhosts/texasbeyondhistory/data/granado/images sandals05.html
2004.09.13 16:02 B K:\TBH Website Temp\granado\images\sandals05.jpg --> uts.cc.utexas.edu /export/httpd/vhosts/texasbeyondhistory/data/granado/images sandals05.jpg
2004.09.13 16:02 B K:\TBH Website Temp\granado\images\sandals07-sm.jpg --> uts.cc.utexas.edu /export/httpd/vhosts/texasbeyondhistory/data/granado/images sandals07-sm.jpg
2004.09.13 16:02 B K:\TBH Website Temp\granado\images\sandals07.html --> uts.cc.utexas.edu /export/httpd/vhosts/texasbeyondhistory/data/granado/images sandals07.html
2004.09.13 16:02 B K:\TBH Website Temp\granado\images\sandals07.jpg --> uts.cc.utexas.edu /export/httpd/vhosts/texasbeyondhistory/data/granado/images sandals07.jpg
2004.09.13 16:02 B K:\TBH Website Temp\granado\images\sandals09-sm.jpg --> uts.cc.utexas.edu /export/httpd/vhosts/texasbeyondhistory/data/granado/images sandals09-sm.jpg
2004.09.13 16:02 B K:\TBH Website Temp\granado\images\sandals09.html --> uts.cc.utexas.edu /export/httpd/vhosts/texasbeyondhistory/data/granado/images sandals09.html
2004.09.13 16:02 B K:\TBH Website Temp\granado\images\sandals09.jpg --> uts.cc.utexas.edu /export/httpd/vhosts/texasbeyondhistory/data/granado/images sandals09.jpg
2004.09.13 16:02 B K:\TBH Website Temp\granado\images\sandals12-sm.jpg --> uts.cc.utexas.edu /export/httpd/vhosts/texasbeyondhistory/data/granado/images sandals12-sm.jpg
2004.09.13 16:02 B K:\TBH Website Temp\granado\images\sandals12.html --> uts.cc.utexas.edu /export/httpd/vhosts/texasbeyondhistory/data/granado/images sandals12.html
2004.09.13 16:02 B K:\TBH Website Temp\granado\images\sandals12.jpg --> uts.cc.utexas.edu /export/httpd/vhosts/texasbeyondhistory/data/granado/images sandals12.jpg
2004.09.13 16:02 B K:\TBH Website Temp\granado\images\sandals13-sm.jpg --> uts.cc.utexas.edu /export/httpd/vhosts/texasbeyondhistory/data/granado/images sandals13-sm.jpg
2004.09.13 16:02 B K:\TBH Website Temp\granado\images\sandals13.html --> uts.cc.utexas.edu /export/httpd/vhosts/texasbeyondhistory/data/granado/images sandals13.html
2004.09.13 16:02 B K:\TBH Website Temp\granado\images\sandals13.jpg --> uts.cc.utexas.edu /export/httpd/vhosts/texasbeyondhistory/data/granado/images sandals13.jpg
2004.09.13 16:02 B K:\TBH Website Temp\granado\images\sandals14-sm.jpg --> uts.cc.utexas.edu /export/httpd/vhosts/texasbeyondhistory/data/granado/images sandals14-sm.jpg
2004.09.13 16:02 B K:\TBH Website Temp\granado\images\sandals14.html --> uts.cc.utexas.edu /export/httpd/vhosts/texasbeyondhistory/data/granado/images sandals14.html
2004.09.13 16:02 B K:\TBH Website Temp\granado\images\sandals14.jpg --> uts.cc.utexas.edu /export/httpd/vhosts/texasbeyondhistory/data/granado/images sandals14.jpg
2004.09.13 16:02 B K:\TBH Website Temp\granado\images\sandals15-sm.jpg --> uts.cc.utexas.edu /export/httpd/vhosts/texasbeyondhistory/data/granado/images sandals15-sm.jpg
2004.09.13 16:02 B K:\TBH Website Temp\granado\images\sandals15.html --> uts.cc.utexas.edu /export/httpd/vhosts/texasbeyondhistory/data/granado/images sandals15.html
2004.09.13 16:02 B K:\TBH Website Temp\granado\images\sandals15.jpg --> uts.cc.utexas.edu /export/httpd/vhosts/texasbeyondhistory/data/granado/images sandals15.jpg
2004.09.13 16:02 B K:\TBH Website Temp\granado\images\sandals16-sm.jpg --> uts.cc.utexas.edu /export/httpd/vhosts/texasbeyondhistory/data/granado/images sandals16-sm.jpg
2004.09.13 16:02 B K:\TBH Website Temp\granado\images\sandals16.html --> uts.cc.utexas.edu /export/httpd/vhosts/texasbeyondhistory/data/granado/images sandals16.html
2004.09.13 16:02 B K:\TBH Website Temp\granado\images\sandals16.jpg --> uts.cc.utexas.edu /export/httpd/vhosts/texasbeyondhistory/data/granado/images sandals16.jpg
2004.09.13 16:02 B K:\TBH Website Temp\granado\images\sandals17-sm.jpg --> uts.cc.utexas.edu /export/httpd/vhosts/texasbeyondhistory/data/granado/images sandals17-sm.jpg
2004.09.13 16:02 B K:\TBH Website Temp\granado\images\sandals17.html --> uts.cc.utexas.edu /export/httpd/vhosts/texasbeyondhistory/data/granado/images sandals17.html
2004.09.13 16:02 B K:\TBH Website Temp\granado\images\sandals17.jpg --> uts.cc.utexas.edu /export/httpd/vhosts/texasbeyondhistory/data/granado/images sandals17.jpg
2004.09.13 16:02 B K:\TBH Website Temp\granado\images\sandals22-sm.jpg --> uts.cc.utexas.edu /export/httpd/vhosts/texasbeyondhistory/data/granado/images sandals22-sm.jpg
2004.09.13 16:02 B K:\TBH Website Temp\granado\images\sandals22.html --> uts.cc.utexas.edu /export/httpd/vhosts/texasbeyondhistory/data/granado/images sandals22.html
2004.09.13 16:02 B K:\TBH Website Temp\granado\images\sandals22.jpg --> uts.cc.utexas.edu /export/httpd/vhosts/texasbeyondhistory/data/granado/images sandals22.jpg
2004.09.13 16:02 B K:\TBH Website Temp\granado\images\sandals23-sm.jpg --> uts.cc.utexas.edu /export/httpd/vhosts/texasbeyondhistory/data/granado/images sandals23-sm.jpg
2004.09.13 16:02 B K:\TBH Website Temp\granado\images\sandals23.html --> uts.cc.utexas.edu /export/httpd/vhosts/texasbeyondhistory/data/granado/images sandals23.html
2004.09.13 16:02 B K:\TBH Website Temp\granado\images\sandals23.jpg --> uts.cc.utexas.edu /export/httpd/vhosts/texasbeyondhistory/data/granado/images sandals23.jpg
2004.09.13 16:02 B K:\TBH Website Temp\granado\images\sandals25-sm.jpg --> uts.cc.utexas.edu /export/httpd/vhosts/texasbeyondhistory/data/granado/images sandals25-sm.jpg
2004.09.13 16:02 B K:\TBH Website Temp\granado\images\sandals25.html --> uts.cc.utexas.edu /export/httpd/vhosts/texasbeyondhistory/data/granado/images sandals25.html
2004.09.13 16:02 B K:\TBH Website Temp\granado\images\sandals25.jpg --> uts.cc.utexas.edu /export/httpd/vhosts/texasbeyondhistory/data/granado/images sandals25.jpg
2004.09.13 16:02 B K:\TBH Website Temp\granado\images\screen-l.jpg --> uts.cc.utexas.edu /export/httpd/vhosts/texasbeyondhistory/data/granado/images screen-l.jpg
2004.09.13 16:02 B K:\TBH Website Temp\granado\images\screen-sm.jpg --> uts.cc.utexas.edu /export/httpd/vhosts/texasbeyondhistory/data/granado/images screen-sm.jpg
2004.09.13 16:02 B K:\TBH Website Temp\granado\images\screen.html --> uts.cc.utexas.edu /export/httpd/vhosts/texasbeyondhistory/data/granado/images screen.html
2004.09.13 16:02 B K:\TBH Website Temp\granado\images\shelby-l.jpg --> uts.cc.utexas.edu /export/httpd/vhosts/texasbeyondhistory/data/granado/images shelby-l.jpg
2004.09.13 16:02 B K:\TBH Website Temp\granado\images\sitemap-lg.gif --> uts.cc.utexas.edu /export/httpd/vhosts/texasbeyondhistory/data/granado/images sitemap-lg.gif
2004.09.13 16:02 B K:\TBH Website Temp\granado\images\sitemap-sm.gif --> uts.cc.utexas.edu /export/httpd/vhosts/texasbeyondhistory/data/granado/images sitemap-sm.gif
2004.09.13 16:02 B K:\TBH Website Temp\granado\images\sitemap.html --> uts.cc.utexas.edu /export/httpd/vhosts/texasbeyondhistory/data/granado/images sitemap.html
2004.09.13 16:02 B K:\TBH Website Temp\granado\images\skin-l.jpg --> uts.cc.utexas.edu /export/httpd/vhosts/texasbeyondhistory/data/granado/images skin-l.jpg
2004.09.13 16:02 B K:\TBH Website Temp\granado\images\skin-sm.jpg --> uts.cc.utexas.edu /export/httpd/vhosts/texasbeyondhistory/data/granado/images skin-sm.jpg
2004.09.13 16:02 B K:\TBH Website Temp\granado\images\skin.html --> uts.cc.utexas.edu /export/httpd/vhosts/texasbeyondhistory/data/granado/images skin.html
2004.09.13 16:02 B K:\TBH Website Temp\granado\images\sticks-l.jpg --> uts.cc.utexas.edu /export/httpd/vhosts/texasbeyondhistory/data/granado/images sticks-l.jpg
2004.09.13 16:02 B K:\TBH Website Temp\granado\images\sticks-sm.jpg --> uts.cc.utexas.edu /export/httpd/vhosts/texasbeyondhistory/data/granado/images sticks-sm.jpg
2004.09.13 16:02 B K:\TBH Website Temp\granado\images\sticks.html --> uts.cc.utexas.edu /export/httpd/vhosts/texasbeyondhistory/data/granado/images sticks.html
2004.09.13 16:02 B K:\TBH Website Temp\granado\images\tinkler-l.jpg --> uts.cc.utexas.edu /export/httpd/vhosts/texasbeyondhistory/data/granado/images tinkler-l.jpg
2004.09.13 16:02 B K:\TBH Website Temp\granado\images\tinkler-sm.jpg --> uts.cc.utexas.edu /export/httpd/vhosts/texasbeyondhistory/data/granado/images tinkler-sm.jpg
2004.09.13 16:02 B K:\TBH Website Temp\granado\images\tinkler.html --> uts.cc.utexas.edu /export/httpd/vhosts/texasbeyondhistory/data/granado/images tinkler.html
2004.09.13 16:02 B K:\TBH Website Temp\granado\images\vacuum-l.jpg --> uts.cc.utexas.edu /export/httpd/vhosts/texasbeyondhistory/data/granado/images vacuum-l.jpg
2004.09.13 16:02 B K:\TBH Website Temp\granado\images\vacuum-sm.jpg --> uts.cc.utexas.edu /export/httpd/vhosts/texasbeyondhistory/data/granado/images vacuum-sm.jpg
2004.09.13 16:02 B K:\TBH Website Temp\granado\images\vacuum.html --> uts.cc.utexas.edu /export/httpd/vhosts/texasbeyondhistory/data/granado/images vacuum.html
2004.09.13 16:02 B K:\TBH Website Temp\granado\images\work-l.jpg --> uts.cc.utexas.edu /export/httpd/vhosts/texasbeyondhistory/data/granado/images work-l.jpg
2004.09.13 16:02 B K:\TBH Website Temp\granado\images\work-sm.jpg --> uts.cc.utexas.edu /export/httpd/vhosts/texasbeyondhistory/data/granado/images work-sm.jpg
2004.09.13 16:02 B K:\TBH Website Temp\granado\images\work.html --> uts.cc.utexas.edu /export/httpd/vhosts/texasbeyondhistory/data/granado/images work.html
2004.09.13 16:02 B K:\TBH Website Temp\granado\images\yucca-l.jpg --> uts.cc.utexas.edu /export/httpd/vhosts/texasbeyondhistory/data/granado/images yucca-l.jpg
2004.09.13 16:02 B K:\TBH Website Temp\granado\images\yucca-sm.jpg --> uts.cc.utexas.edu /export/httpd/vhosts/texasbeyondhistory/data/granado/images yucca-sm.jpg
2004.09.13 16:02 B K:\TBH Website Temp\granado\images\yucca.html --> uts.cc.utexas.edu /export/httpd/vhosts/texasbeyondhistory/data/granado/images yucca.html
2004.11.23 11:13 B L:\TBH Website Temp\granado\images\artcoll.jpg --> uts.cc.utexas.edu /export/httpd/vhosts/texasbeyondhistory/data/granado/images artcoll.jpg
2004.11.23 11:13 B L:\TBH Website Temp\granado\images\bag-l.jpg --> uts.cc.utexas.edu /export/httpd/vhosts/texasbeyondhistory/data/granado/images bag-l.jpg
2004.11.23 11:13 B L:\TBH Website Temp\granado\images\bag-sm.jpg --> uts.cc.utexas.edu /export/httpd/vhosts/texasbeyondhistory/data/granado/images bag-sm.jpg
2004.11.23 11:13 B L:\TBH Website Temp\granado\images\bag.html --> uts.cc.utexas.edu /export/httpd/vhosts/texasbeyondhistory/data/granado/images bag.html
2004.11.23 11:13 B L:\TBH Website Temp\granado\images\basket-l.jpg --> uts.cc.utexas.edu /export/httpd/vhosts/texasbeyondhistory/data/granado/images basket-l.jpg
2004.11.23 11:13 B L:\TBH Website Temp\granado\images\basket-sm.jpg --> uts.cc.utexas.edu /export/httpd/vhosts/texasbeyondhistory/data/granado/images basket-sm.jpg
2004.11.23 11:13 B L:\TBH Website Temp\granado\images\basket.html --> uts.cc.utexas.edu /export/httpd/vhosts/texasbeyondhistory/data/granado/images basket.html
2004.11.23 11:13 B L:\TBH Website Temp\granado\images\bird-l.jpg --> uts.cc.utexas.edu /export/httpd/vhosts/texasbeyondhistory/data/granado/images bird-l.jpg
2004.11.23 11:13 B L:\TBH Website Temp\granado\images\bird-sm.jpg --> uts.cc.utexas.edu /export/httpd/vhosts/texasbeyondhistory/data/granado/images bird-sm.jpg
2004.11.23 11:13 B L:\TBH Website Temp\granado\images\bird.html --> uts.cc.utexas.edu /export/httpd/vhosts/texasbeyondhistory/data/granado/images bird.html
2004.11.23 11:13 B L:\TBH Website Temp\granado\images\boa-l.jpg --> uts.cc.utexas.edu /export/httpd/vhosts/texasbeyondhistory/data/granado/images boa-l.jpg
2004.11.23 11:13 B L:\TBH Website Temp\granado\images\boa-sm.jpg --> uts.cc.utexas.edu /export/httpd/vhosts/texasbeyondhistory/data/granado/images boa-sm.jpg
2004.11.23 11:13 B L:\TBH Website Temp\granado\images\boa.html --> uts.cc.utexas.edu /export/httpd/vhosts/texasbeyondhistory/data/granado/images boa.html
2004.11.23 11:13 B L:\TBH Website Temp\granado\images\bone-l.jpg --> uts.cc.utexas.edu /export/httpd/vhosts/texasbeyondhistory/data/granado/images bone-l.jpg
2004.11.23 11:13 B L:\TBH Website Temp\granado\images\bone-sm.jpg --> uts.cc.utexas.edu /export/httpd/vhosts/texasbeyondhistory/data/granado/images bone-sm.jpg
2004.11.23 11:13 B L:\TBH Website Temp\granado\images\bone.html --> uts.cc.utexas.edu /export/httpd/vhosts/texasbeyondhistory/data/granado/images bone.html
2004.11.23 11:13 B L:\TBH Website Temp\granado\images\book.gif --> uts.cc.utexas.edu /export/httpd/vhosts/texasbeyondhistory/data/granado/images book.gif
2004.11.23 11:13 B L:\TBH Website Temp\granado\images\brush-l.jpg --> uts.cc.utexas.edu /export/httpd/vhosts/texasbeyondhistory/data/granado/images brush-l.jpg
2004.11.23 11:13 B L:\TBH Website Temp\granado\images\brush-sm.jpg --> uts.cc.utexas.edu /export/httpd/vhosts/texasbeyondhistory/data/granado/images brush-sm.jpg
2004.11.23 11:13 B L:\TBH Website Temp\granado\images\brush.html --> uts.cc.utexas.edu /export/httpd/vhosts/texasbeyondhistory/data/granado/images brush.html
2004.11.23 11:13 B L:\TBH Website Temp\granado\images\cave-entrance-lg.jpg --> uts.cc.utexas.edu /export/httpd/vhosts/texasbeyondhistory/data/granado/images cave-entrance-lg.jpg
2004.11.23 11:13 B L:\TBH Website Temp\granado\images\cave-entrance-sm.jpg --> uts.cc.utexas.edu /export/httpd/vhosts/texasbeyondhistory/data/granado/images cave-entrance-sm.jpg
2004.11.23 11:13 B L:\TBH Website Temp\granado\images\cave-entrance.html --> uts.cc.utexas.edu /export/httpd/vhosts/texasbeyondhistory/data/granado/images cave-entrance.html
2004.11.23 11:13 B L:\TBH Website Temp\granado\images\cave-hill-sm.jpg --> uts.cc.utexas.edu /export/httpd/vhosts/texasbeyondhistory/data/granado/images cave-hill-sm.jpg
2004.11.23 11:13 B L:\TBH Website Temp\granado\images\cave-hill.html --> uts.cc.utexas.edu /export/httpd/vhosts/texasbeyondhistory/data/granado/images cave-hill.html
2004.11.23 11:13 B L:\TBH Website Temp\granado\images\cave-hill.jpg --> uts.cc.utexas.edu /export/httpd/vhosts/texasbeyondhistory/data/granado/images cave-hill.jpg
2004.11.23 11:13 B L:\TBH Website Temp\granado\images\ceramic-l.jpg --> uts.cc.utexas.edu /export/httpd/vhosts/texasbeyondhistory/data/granado/images ceramic-l.jpg
2004.11.23 11:13 B L:\TBH Website Temp\granado\images\ceramic-sm.jpg --> uts.cc.utexas.edu /export/httpd/vhosts/texasbeyondhistory/data/granado/images ceramic-sm.jpg
2004.11.23 11:13 B L:\TBH Website Temp\granado\images\ceramic.html --> uts.cc.utexas.edu /export/httpd/vhosts/texasbeyondhistory/data/granado/images ceramic.html
2004.11.23 11:13 B L:\TBH Website Temp\granado\images\construction-l.gif --> uts.cc.utexas.edu /export/httpd/vhosts/texasbeyondhistory/data/granado/images construction-l.gif
2004.11.23 11:13 B L:\TBH Website Temp\granado\images\construction-sm.gif --> uts.cc.utexas.edu /export/httpd/vhosts/texasbeyondhistory/data/granado/images construction-sm.gif
2004.11.23 11:13 B L:\TBH Website Temp\granado\images\construction.html --> uts.cc.utexas.edu /export/httpd/vhosts/texasbeyondhistory/data/granado/images construction.html
2004.11.23 11:13 B L:\TBH Website Temp\granado\images\copro-l.jpg --> uts.cc.utexas.edu /export/httpd/vhosts/texasbeyondhistory/data/granado/images copro-l.jpg
2004.11.23 11:13 B L:\TBH Website Temp\granado\images\copro-sm.jpg --> uts.cc.utexas.edu /export/httpd/vhosts/texasbeyondhistory/data/granado/images copro-sm.jpg
2004.11.23 11:13 B L:\TBH Website Temp\granado\images\copro.html --> uts.cc.utexas.edu /export/httpd/vhosts/texasbeyondhistory/data/granado/images copro.html
2004.11.23 11:13 B L:\TBH Website Temp\granado\images\crew-l.jpg --> uts.cc.utexas.edu /export/httpd/vhosts/texasbeyondhistory/data/granado/images crew-l.jpg
2004.11.23 11:13 B L:\TBH Website Temp\granado\images\crew-sm.jpg --> uts.cc.utexas.edu /export/httpd/vhosts/texasbeyondhistory/data/granado/images crew-sm.jpg
2004.11.23 11:13 B L:\TBH Website Temp\granado\images\crew.html --> uts.cc.utexas.edu /export/httpd/vhosts/texasbeyondhistory/data/granado/images crew.html
2004.11.23 11:13 B L:\TBH Website Temp\granado\images\cu1-caldwell-sm.jpg --> uts.cc.utexas.edu /export/httpd/vhosts/texasbeyondhistory/data/granado/images cu1-caldwell-sm.jpg
2004.11.23 11:13 B L:\TBH Website Temp\granado\images\cu1-caldwell.html --> uts.cc.utexas.edu /export/httpd/vhosts/texasbeyondhistory/data/granado/images cu1-caldwell.html
2004.11.23 11:13 B L:\TBH Website Temp\granado\images\cu1-caldwell.jpg --> uts.cc.utexas.edu /export/httpd/vhosts/texasbeyondhistory/data/granado/images cu1-caldwell.jpg
2004.11.23 11:13 B L:\TBH Website Temp\granado\images\cu7-17-workers-sm.jpg --> uts.cc.utexas.edu /export/httpd/vhosts/texasbeyondhistory/data/granado/images cu7-17-workers-sm.jpg
2004.11.23 11:13 B L:\TBH Website Temp\granado\images\cu7-17-workers.html --> uts.cc.utexas.edu /export/httpd/vhosts/texasbeyondhistory/data/granado/images cu7-17-workers.html
2004.11.23 11:13 B L:\TBH Website Temp\granado\images\cu7-17-workers.jpg --> uts.cc.utexas.edu /export/httpd/vhosts/texasbeyondhistory/data/granado/images cu7-17-workers.jpg
2004.11.23 11:13 B L:\TBH Website Temp\granado\images\cu7-3-brookscave-sm.jpg --> uts.cc.utexas.edu /export/httpd/vhosts/texasbeyondhistory/data/granado/images cu7-3-brookscave-sm.jpg
2004.11.23 11:13 B L:\TBH Website Temp\granado\images\cu7-3-brookscave.html --> uts.cc.utexas.edu /export/httpd/vhosts/texasbeyondhistory/data/granado/images cu7-3-brookscave.html
2004.11.23 11:13 B L:\TBH Website Temp\granado\images\cu7-3-brookscave.jpg --> uts.cc.utexas.edu /export/httpd/vhosts/texasbeyondhistory/data/granado/images cu7-3-brookscave.jpg
2004.11.23 11:13 B L:\TBH Website Temp\granado\images\cu8-midden-sm.jpg --> uts.cc.utexas.edu /export/httpd/vhosts/texasbeyondhistory/data/granado/images cu8-midden-sm.jpg
2004.11.23 11:13 B L:\TBH Website Temp\granado\images\cu8-midden.html --> uts.cc.utexas.edu /export/httpd/vhosts/texasbeyondhistory/data/granado/images cu8-midden.html
2004.11.23 11:13 B L:\TBH Website Temp\granado\images\cu8-midden.jpg --> uts.cc.utexas.edu /export/httpd/vhosts/texasbeyondhistory/data/granado/images cu8-midden.jpg
2004.11.23 11:13 B L:\TBH Website Temp\granado\images\donny-sm.jpg --> uts.cc.utexas.edu /export/httpd/vhosts/texasbeyondhistory/data/granado/images donny-sm.jpg
2004.11.23 11:13 B L:\TBH Website Temp\granado\images\donny.html --> uts.cc.utexas.edu /export/httpd/vhosts/texasbeyondhistory/data/granado/images donny.html
2004.11.23 11:13 B L:\TBH Website Temp\granado\images\donny.jpg --> uts.cc.utexas.edu /export/httpd/vhosts/texasbeyondhistory/data/granado/images donny.jpg
2004.11.23 11:13 B L:\TBH Website Temp\granado\images\donny2-sm.jpg --> uts.cc.utexas.edu /export/httpd/vhosts/texasbeyondhistory/data/granado/images donny2-sm.jpg
2004.11.23 11:13 B L:\TBH Website Temp\granado\images\donny2.html --> uts.cc.utexas.edu /export/httpd/vhosts/texasbeyondhistory/data/granado/images donny2.html
2004.11.23 11:13 B L:\TBH Website Temp\granado\images\donny2.jpg --> uts.cc.utexas.edu /export/httpd/vhosts/texasbeyondhistory/data/granado/images donny2.jpg
2004.11.23 11:13 B L:\TBH Website Temp\granado\images\entrance-l.jpg --> uts.cc.utexas.edu /export/httpd/vhosts/texasbeyondhistory/data/granado/images entrance-l.jpg
2004.11.23 11:13 B L:\TBH Website Temp\granado\images\entrance-sm.jpg --> uts.cc.utexas.edu /export/httpd/vhosts/texasbeyondhistory/data/granado/images entrance-sm.jpg
2004.11.23 11:13 B L:\TBH Website Temp\granado\images\entrance.html --> uts.cc.utexas.edu /export/httpd/vhosts/texasbeyondhistory/data/granado/images entrance.html
2004.11.23 11:13 B L:\TBH Website Temp\granado\images\fan-l.jpg --> uts.cc.utexas.edu /export/httpd/vhosts/texasbeyondhistory/data/granado/images fan-l.jpg
2004.11.23 11:13 B L:\TBH Website Temp\granado\images\fan-sm.jpg --> uts.cc.utexas.edu /export/httpd/vhosts/texasbeyondhistory/data/granado/images fan-sm.jpg
2004.11.23 11:13 B L:\TBH Website Temp\granado\images\fan.html --> uts.cc.utexas.edu /export/httpd/vhosts/texasbeyondhistory/data/granado/images fan.html
2004.11.23 11:13 B L:\TBH Website Temp\granado\images\feather-l.jpg --> uts.cc.utexas.edu /export/httpd/vhosts/texasbeyondhistory/data/granado/images feather-l.jpg
2004.11.23 11:13 B L:\TBH Website Temp\granado\images\feather-sm.jpg --> uts.cc.utexas.edu /export/httpd/vhosts/texasbeyondhistory/data/granado/images feather-sm.jpg
2004.11.23 11:13 B L:\TBH Website Temp\granado\images\feather.html --> uts.cc.utexas.edu /export/httpd/vhosts/texasbeyondhistory/data/granado/images feather.html
2004.11.23 11:13 B L:\TBH Website Temp\granado\images\fig38-sm.gif --> uts.cc.utexas.edu /export/httpd/vhosts/texasbeyondhistory/data/granado/images fig38-sm.gif
2004.11.23 11:13 B L:\TBH Website Temp\granado\images\fig38.gif --> uts.cc.utexas.edu /export/httpd/vhosts/texasbeyondhistory/data/granado/images fig38.gif
2004.11.23 11:13 B L:\TBH Website Temp\granado\images\fig38.html --> uts.cc.utexas.edu /export/httpd/vhosts/texasbeyondhistory/data/granado/images fig38.html
2004.11.23 11:13 B L:\TBH Website Temp\granado\images\granado-sm.jpg --> uts.cc.utexas.edu /export/httpd/vhosts/texasbeyondhistory/data/granado/images granado-sm.jpg
2004.11.23 11:13 B L:\TBH Website Temp\granado\images\granado_cave-sm.jpg --> uts.cc.utexas.edu /export/httpd/vhosts/texasbeyondhistory/data/granado/images granado_cave-sm.jpg
2004.11.23 11:13 B L:\TBH Website Temp\granado\images\granado_cave.html --> uts.cc.utexas.edu /export/httpd/vhosts/texasbeyondhistory/data/granado/images granado_cave.html
2004.11.23 11:13 B L:\TBH Website Temp\granado\images\granado_cave.jpg --> uts.cc.utexas.edu /export/httpd/vhosts/texasbeyondhistory/data/granado/images granado_cave.jpg
2004.11.23 11:13 B L:\TBH Website Temp\granado\images\hearth-l.jpg --> uts.cc.utexas.edu /export/httpd/vhosts/texasbeyondhistory/data/granado/images hearth-l.jpg
2004.11.23 11:13 B L:\TBH Website Temp\granado\images\hearth-sm.jpg --> uts.cc.utexas.edu /export/httpd/vhosts/texasbeyondhistory/data/granado/images hearth-sm.jpg
2004.11.23 11:13 B L:\TBH Website Temp\granado\images\hearth.html --> uts.cc.utexas.edu /export/httpd/vhosts/texasbeyondhistory/data/granado/images hearth.html
2004.11.23 11:13 B L:\TBH Website Temp\granado\images\inside-l.jpg --> uts.cc.utexas.edu /export/httpd/vhosts/texasbeyondhistory/data/granado/images inside-l.jpg
2004.11.23 11:13 B L:\TBH Website Temp\granado\images\jar-l.gif --> uts.cc.utexas.edu /export/httpd/vhosts/texasbeyondhistory/data/granado/images jar-l.gif
2004.11.23 11:13 B L:\TBH Website Temp\granado\images\jar-sm.gif --> uts.cc.utexas.edu /export/httpd/vhosts/texasbeyondhistory/data/granado/images jar-sm.gif
2004.11.23 11:13 B L:\TBH Website Temp\granado\images\jar.html --> uts.cc.utexas.edu /export/httpd/vhosts/texasbeyondhistory/data/granado/images jar.html
2004.11.23 11:13 B L:\TBH Website Temp\granado\images\kiaha-l.jpg --> uts.cc.utexas.edu /export/httpd/vhosts/texasbeyondhistory/data/granado/images kiaha-l.jpg
2004.11.23 11:13 B L:\TBH Website Temp\granado\images\kiaha-sm.jpg --> uts.cc.utexas.edu /export/httpd/vhosts/texasbeyondhistory/data/granado/images kiaha-sm.jpg
2004.11.23 11:13 B L:\TBH Website Temp\granado\images\kiaha.html --> uts.cc.utexas.edu /export/httpd/vhosts/texasbeyondhistory/data/granado/images kiaha.html
2004.11.23 11:13 B L:\TBH Website Temp\granado\images\kiaha3-l.jpg --> uts.cc.utexas.edu /export/httpd/vhosts/texasbeyondhistory/data/granado/images kiaha3-l.jpg
2004.11.23 11:13 B L:\TBH Website Temp\granado\images\kiaha3-sm.jpg --> uts.cc.utexas.edu /export/httpd/vhosts/texasbeyondhistory/data/granado/images kiaha3-sm.jpg
2004.11.23 11:13 B L:\TBH Website Temp\granado\images\kiaha3.html --> uts.cc.utexas.edu /export/httpd/vhosts/texasbeyondhistory/data/granado/images kiaha3.html
2004.11.23 11:13 B L:\TBH Website Temp\granado\images\kiaha4-l.jpg --> uts.cc.utexas.edu /export/httpd/vhosts/texasbeyondhistory/data/granado/images kiaha4-l.jpg
2004.11.23 11:13 B L:\TBH Website Temp\granado\images\kiaha4-sm.jpg --> uts.cc.utexas.edu /export/httpd/vhosts/texasbeyondhistory/data/granado/images kiaha4-sm.jpg
2004.11.23 11:13 B L:\TBH Website Temp\granado\images\kiaha4.html --> uts.cc.utexas.edu /export/httpd/vhosts/texasbeyondhistory/data/granado/images kiaha4.html
2004.11.23 11:13 B L:\TBH Website Temp\granado\images\kiaha5-l.jpg --> uts.cc.utexas.edu /export/httpd/vhosts/texasbeyondhistory/data/granado/images kiaha5-l.jpg
2004.11.23 11:13 B L:\TBH Website Temp\granado\images\kiaha5-sm.jpg --> uts.cc.utexas.edu /export/httpd/vhosts/texasbeyondhistory/data/granado/images kiaha5-sm.jpg
2004.11.23 11:13 B L:\TBH Website Temp\granado\images\kiaha5.html --> uts.cc.utexas.edu /export/httpd/vhosts/texasbeyondhistory/data/granado/images kiaha5.html
2004.11.23 11:13 B L:\TBH Website Temp\granado\images\limonite-l.jpg --> uts.cc.utexas.edu /export/httpd/vhosts/texasbeyondhistory/data/granado/images limonite-l.jpg
2004.11.23 11:13 B L:\TBH Website Temp\granado\images\limonite-sm.jpg --> uts.cc.utexas.edu /export/httpd/vhosts/texasbeyondhistory/data/granado/images limonite-sm.jpg
2004.11.23 11:13 B L:\TBH Website Temp\granado\images\limonite.html --> uts.cc.utexas.edu /export/httpd/vhosts/texasbeyondhistory/data/granado/images limonite.html
2004.11.23 11:13 B L:\TBH Website Temp\granado\images\mortar-l.jpg --> uts.cc.utexas.edu /export/httpd/vhosts/texasbeyondhistory/data/granado/images mortar-l.jpg
2004.11.23 11:13 B L:\TBH Website Temp\granado\images\mortar-sm.jpg --> uts.cc.utexas.edu /export/httpd/vhosts/texasbeyondhistory/data/granado/images mortar-sm.jpg
2004.11.23 11:13 B L:\TBH Website Temp\granado\images\mortar.html --> uts.cc.utexas.edu /export/httpd/vhosts/texasbeyondhistory/data/granado/images mortar.html
2004.11.23 11:13 B L:\TBH Website Temp\granado\images\mountains-l.jpg --> uts.cc.utexas.edu /export/httpd/vhosts/texasbeyondhistory/data/granado/images mountains-l.jpg
2004.11.23 11:13 B L:\TBH Website Temp\granado\images\mountains-sm.jpg --> uts.cc.utexas.edu /export/httpd/vhosts/texasbeyondhistory/data/granado/images mountains-sm.jpg
2004.11.23 11:13 B L:\TBH Website Temp\granado\images\mountains.html --> uts.cc.utexas.edu /export/httpd/vhosts/texasbeyondhistory/data/granado/images mountains.html
2004.11.23 11:13 B L:\TBH Website Temp\granado\images\newspaper.jpg --> uts.cc.utexas.edu /export/httpd/vhosts/texasbeyondhistory/data/granado/images newspaper.jpg
2004.11.23 11:13 B L:\TBH Website Temp\granado\images\points-lg.jpg --> uts.cc.utexas.edu /export/httpd/vhosts/texasbeyondhistory/data/granado/images points-lg.jpg
2004.11.23 11:13 B L:\TBH Website Temp\granado\images\points-sm.jpg --> uts.cc.utexas.edu /export/httpd/vhosts/texasbeyondhistory/data/granado/images points-sm.jpg
2004.11.23 11:13 B L:\TBH Website Temp\granado\images\points.html --> uts.cc.utexas.edu /export/httpd/vhosts/texasbeyondhistory/data/granado/images points.html
2004.11.23 11:13 B L:\TBH Website Temp\granado\images\points.jpg --> uts.cc.utexas.edu /export/httpd/vhosts/texasbeyondhistory/data/granado/images points.jpg
2004.11.23 11:14 B L:\TBH Website Temp\granado\images\pollen-l.gif --> uts.cc.utexas.edu /export/httpd/vhosts/texasbeyondhistory/data/granado/images pollen-l.gif
2004.11.23 11:14 B L:\TBH Website Temp\granado\images\pollen-sm.gif --> uts.cc.utexas.edu /export/httpd/vhosts/texasbeyondhistory/data/granado/images pollen-sm.gif
2004.11.23 11:14 B L:\TBH Website Temp\granado\images\pollen.html --> uts.cc.utexas.edu /export/httpd/vhosts/texasbeyondhistory/data/granado/images pollen.html
2004.11.23 11:14 B L:\TBH Website Temp\granado\images\rabbit-l.jpg --> uts.cc.utexas.edu /export/httpd/vhosts/texasbeyondhistory/data/granado/images rabbit-l.jpg
2004.11.23 11:14 B L:\TBH Website Temp\granado\images\rabbit-sm.jpg --> uts.cc.utexas.edu /export/httpd/vhosts/texasbeyondhistory/data/granado/images rabbit-sm.jpg
2004.11.23 11:14 B L:\TBH Website Temp\granado\images\rabbit.html --> uts.cc.utexas.edu /export/httpd/vhosts/texasbeyondhistory/data/granado/images rabbit.html
2004.11.23 11:14 B L:\TBH Website Temp\granado\images\rattle.html --> uts.cc.utexas.edu /export/httpd/vhosts/texasbeyondhistory/data/granado/images rattle.html
2004.11.23 11:14 B L:\TBH Website Temp\granado\images\rattler-l.jpg --> uts.cc.utexas.edu /export/httpd/vhosts/texasbeyondhistory/data/granado/images rattler-l.jpg
2004.11.23 11:14 B L:\TBH Website Temp\granado\images\rattler-sm.jpg --> uts.cc.utexas.edu /export/httpd/vhosts/texasbeyondhistory/data/granado/images rattler-sm.jpg
2004.11.23 11:14 B L:\TBH Website Temp\granado\images\reconstruct-l.jpg --> uts.cc.utexas.edu /export/httpd/vhosts/texasbeyondhistory/data/granado/images reconstruct-l.jpg
2004.11.23 11:14 B L:\TBH Website Temp\granado\images\repair-l.jpg --> uts.cc.utexas.edu /export/httpd/vhosts/texasbeyondhistory/data/granado/images repair-l.jpg
2004.11.23 11:14 B L:\TBH Website Temp\granado\images\repair-sm.jpg --> uts.cc.utexas.edu /export/httpd/vhosts/texasbeyondhistory/data/granado/images repair-sm.jpg
2004.11.23 11:14 B L:\TBH Website Temp\granado\images\repair.html --> uts.cc.utexas.edu /export/httpd/vhosts/texasbeyondhistory/data/granado/images repair.html
2004.11.23 11:14 B L:\TBH Website Temp\granado\images\rhythm-l.jpg --> uts.cc.utexas.edu /export/httpd/vhosts/texasbeyondhistory/data/granado/images rhythm-l.jpg
2004.11.23 11:14 B L:\TBH Website Temp\granado\images\rhythm-sm.jpg --> uts.cc.utexas.edu /export/httpd/vhosts/texasbeyondhistory/data/granado/images rhythm-sm.jpg
2004.11.23 11:14 B L:\TBH Website Temp\granado\images\rhythm.html --> uts.cc.utexas.edu /export/httpd/vhosts/texasbeyondhistory/data/granado/images rhythm.html
2004.11.23 11:14 B L:\TBH Website Temp\granado\images\ruster-hills-map-sm.gif --> uts.cc.utexas.edu /export/httpd/vhosts/texasbeyondhistory/data/granado/images ruster-hills-map-sm.gif
2004.11.23 11:14 B L:\TBH Website Temp\granado\images\ruster-hills-map.gif --> uts.cc.utexas.edu /export/httpd/vhosts/texasbeyondhistory/data/granado/images ruster-hills-map.gif
2004.11.23 11:14 B L:\TBH Website Temp\granado\images\ruster-hills-map.html --> uts.cc.utexas.edu /export/httpd/vhosts/texasbeyondhistory/data/granado/images ruster-hills-map.html
2004.11.23 11:14 B L:\TBH Website Temp\granado\images\sandal-l.jpg --> uts.cc.utexas.edu /export/httpd/vhosts/texasbeyondhistory/data/granado/images sandal-l.jpg
2004.11.23 11:14 B L:\TBH Website Temp\granado\images\sandal-sm.jpg --> uts.cc.utexas.edu /export/httpd/vhosts/texasbeyondhistory/data/granado/images sandal-sm.jpg
2004.11.23 11:14 B L:\TBH Website Temp\granado\images\sandal.html --> uts.cc.utexas.edu /export/httpd/vhosts/texasbeyondhistory/data/granado/images sandal.html
2004.11.23 11:14 B L:\TBH Website Temp\granado\images\sandals.jpg --> uts.cc.utexas.edu /export/httpd/vhosts/texasbeyondhistory/data/granado/images sandals.jpg
2004.11.23 11:14 B L:\TBH Website Temp\granado\images\sandals01-sm.jpg --> uts.cc.utexas.edu /export/httpd/vhosts/texasbeyondhistory/data/granado/images sandals01-sm.jpg
2004.11.23 11:14 B L:\TBH Website Temp\granado\images\sandals01.html --> uts.cc.utexas.edu /export/httpd/vhosts/texasbeyondhistory/data/granado/images sandals01.html
2004.11.23 11:14 B L:\TBH Website Temp\granado\images\sandals01.jpg --> uts.cc.utexas.edu /export/httpd/vhosts/texasbeyondhistory/data/granado/images sandals01.jpg
2004.11.23 11:14 B L:\TBH Website Temp\granado\images\sandals02-sm.jpg --> uts.cc.utexas.edu /export/httpd/vhosts/texasbeyondhistory/data/granado/images sandals02-sm.jpg
2004.11.23 11:14 B L:\TBH Website Temp\granado\images\sandals02.html --> uts.cc.utexas.edu /export/httpd/vhosts/texasbeyondhistory/data/granado/images sandals02.html
2004.11.23 11:14 B L:\TBH Website Temp\granado\images\sandals02.jpg --> uts.cc.utexas.edu /export/httpd/vhosts/texasbeyondhistory/data/granado/images sandals02.jpg
2004.11.23 11:14 B L:\TBH Website Temp\granado\images\sandals05-sm.jpg --> uts.cc.utexas.edu /export/httpd/vhosts/texasbeyondhistory/data/granado/images sandals05-sm.jpg
2004.11.23 11:14 B L:\TBH Website Temp\granado\images\sandals05.html --> uts.cc.utexas.edu /export/httpd/vhosts/texasbeyondhistory/data/granado/images sandals05.html
2004.11.23 11:14 B L:\TBH Website Temp\granado\images\sandals05.jpg --> uts.cc.utexas.edu /export/httpd/vhosts/texasbeyondhistory/data/granado/images sandals05.jpg
2004.11.23 11:14 B L:\TBH Website Temp\granado\images\sandals07-sm.jpg --> uts.cc.utexas.edu /export/httpd/vhosts/texasbeyondhistory/data/granado/images sandals07-sm.jpg
2004.11.23 11:14 B L:\TBH Website Temp\granado\images\sandals07.html --> uts.cc.utexas.edu /export/httpd/vhosts/texasbeyondhistory/data/granado/images sandals07.html
2004.11.23 11:14 B L:\TBH Website Temp\granado\images\sandals07.jpg --> uts.cc.utexas.edu /export/httpd/vhosts/texasbeyondhistory/data/granado/images sandals07.jpg
2004.11.23 11:14 B L:\TBH Website Temp\granado\images\sandals09-sm.jpg --> uts.cc.utexas.edu /export/httpd/vhosts/texasbeyondhistory/data/granado/images sandals09-sm.jpg
2004.11.23 11:14 B L:\TBH Website Temp\granado\images\sandals09.html --> uts.cc.utexas.edu /export/httpd/vhosts/texasbeyondhistory/data/granado/images sandals09.html
2004.11.23 11:14 B L:\TBH Website Temp\granado\images\sandals09.jpg --> uts.cc.utexas.edu /export/httpd/vhosts/texasbeyondhistory/data/granado/images sandals09.jpg
2004.11.23 11:14 B L:\TBH Website Temp\granado\images\sandals12-sm.jpg --> uts.cc.utexas.edu /export/httpd/vhosts/texasbeyondhistory/data/granado/images sandals12-sm.jpg
2004.11.23 11:14 B L:\TBH Website Temp\granado\images\sandals12.html --> uts.cc.utexas.edu /export/httpd/vhosts/texasbeyondhistory/data/granado/images sandals12.html
2004.11.23 11:14 B L:\TBH Website Temp\granado\images\sandals12.jpg --> uts.cc.utexas.edu /export/httpd/vhosts/texasbeyondhistory/data/granado/images sandals12.jpg
2004.11.23 11:14 B L:\TBH Website Temp\granado\images\sandals13-sm.jpg --> uts.cc.utexas.edu /export/httpd/vhosts/texasbeyondhistory/data/granado/images sandals13-sm.jpg
2004.11.23 11:14 B L:\TBH Website Temp\granado\images\sandals13.html --> uts.cc.utexas.edu /export/httpd/vhosts/texasbeyondhistory/data/granado/images sandals13.html
2004.11.23 11:14 B L:\TBH Website Temp\granado\images\sandals13.jpg --> uts.cc.utexas.edu /export/httpd/vhosts/texasbeyondhistory/data/granado/images sandals13.jpg
2004.11.23 11:14 B L:\TBH Website Temp\granado\images\sandals14-sm.jpg --> uts.cc.utexas.edu /export/httpd/vhosts/texasbeyondhistory/data/granado/images sandals14-sm.jpg
2004.11.23 11:14 B L:\TBH Website Temp\granado\images\sandals14.html --> uts.cc.utexas.edu /export/httpd/vhosts/texasbeyondhistory/data/granado/images sandals14.html
2004.11.23 11:14 B L:\TBH Website Temp\granado\images\sandals14.jpg --> uts.cc.utexas.edu /export/httpd/vhosts/texasbeyondhistory/data/granado/images sandals14.jpg
2004.11.23 11:14 B L:\TBH Website Temp\granado\images\sandals15-sm.jpg --> uts.cc.utexas.edu /export/httpd/vhosts/texasbeyondhistory/data/granado/images sandals15-sm.jpg
2004.11.23 11:14 B L:\TBH Website Temp\granado\images\sandals15.html --> uts.cc.utexas.edu /export/httpd/vhosts/texasbeyondhistory/data/granado/images sandals15.html
2004.11.23 11:14 B L:\TBH Website Temp\granado\images\sandals15.jpg --> uts.cc.utexas.edu /export/httpd/vhosts/texasbeyondhistory/data/granado/images sandals15.jpg
2004.11.23 11:14 B L:\TBH Website Temp\granado\images\sandals16-sm.jpg --> uts.cc.utexas.edu /export/httpd/vhosts/texasbeyondhistory/data/granado/images sandals16-sm.jpg
2004.11.23 11:14 B L:\TBH Website Temp\granado\images\sandals16.html --> uts.cc.utexas.edu /export/httpd/vhosts/texasbeyondhistory/data/granado/images sandals16.html
2004.11.23 11:14 B L:\TBH Website Temp\granado\images\sandals16.jpg --> uts.cc.utexas.edu /export/httpd/vhosts/texasbeyondhistory/data/granado/images sandals16.jpg
2004.11.23 11:14 B L:\TBH Website Temp\granado\images\sandals17-sm.jpg --> uts.cc.utexas.edu /export/httpd/vhosts/texasbeyondhistory/data/granado/images sandals17-sm.jpg
2004.11.23 11:14 B L:\TBH Website Temp\granado\images\sandals17.html --> uts.cc.utexas.edu /export/httpd/vhosts/texasbeyondhistory/data/granado/images sandals17.html
2004.11.23 11:14 B L:\TBH Website Temp\granado\images\sandals17.jpg --> uts.cc.utexas.edu /export/httpd/vhosts/texasbeyondhistory/data/granado/images sandals17.jpg
2004.11.23 11:14 B L:\TBH Website Temp\granado\images\sandals22-sm.jpg --> uts.cc.utexas.edu /export/httpd/vhosts/texasbeyondhistory/data/granado/images sandals22-sm.jpg
2004.11.23 11:14 B L:\TBH Website Temp\granado\images\sandals22.html --> uts.cc.utexas.edu /export/httpd/vhosts/texasbeyondhistory/data/granado/images sandals22.html
2004.11.23 11:14 B L:\TBH Website Temp\granado\images\sandals22.jpg --> uts.cc.utexas.edu /export/httpd/vhosts/texasbeyondhistory/data/granado/images sandals22.jpg
2004.11.23 11:14 B L:\TBH Website Temp\granado\images\sandals23-sm.jpg --> uts.cc.utexas.edu /export/httpd/vhosts/texasbeyondhistory/data/granado/images sandals23-sm.jpg
2004.11.23 11:14 B L:\TBH Website Temp\granado\images\sandals23.html --> uts.cc.utexas.edu /export/httpd/vhosts/texasbeyondhistory/data/granado/images sandals23.html
2004.11.23 11:14 B L:\TBH Website Temp\granado\images\sandals23.jpg --> uts.cc.utexas.edu /export/httpd/vhosts/texasbeyondhistory/data/granado/images sandals23.jpg
2004.11.23 11:14 B L:\TBH Website Temp\granado\images\sandals25-sm.jpg --> uts.cc.utexas.edu /export/httpd/vhosts/texasbeyondhistory/data/granado/images sandals25-sm.jpg
2004.11.23 11:14 B L:\TBH Website Temp\granado\images\sandals25.html --> uts.cc.utexas.edu /export/httpd/vhosts/texasbeyondhistory/data/granado/images sandals25.html
2004.11.23 11:14 B L:\TBH Website Temp\granado\images\sandals25.jpg --> uts.cc.utexas.edu /export/httpd/vhosts/texasbeyondhistory/data/granado/images sandals25.jpg
2004.11.23 11:14 B L:\TBH Website Temp\granado\images\sayles-sm.jpg --> uts.cc.utexas.edu /export/httpd/vhosts/texasbeyondhistory/data/granado/images sayles-sm.jpg
2004.11.23 11:14 B L:\TBH Website Temp\granado\images\sayles.html --> uts.cc.utexas.edu /export/httpd/vhosts/texasbeyondhistory/data/granado/images sayles.html
2004.11.23 11:14 B L:\TBH Website Temp\granado\images\sayles.jpg --> uts.cc.utexas.edu /export/httpd/vhosts/texasbeyondhistory/data/granado/images sayles.jpg
2004.11.23 11:14 B L:\TBH Website Temp\granado\images\screen-l.jpg --> uts.cc.utexas.edu /export/httpd/vhosts/texasbeyondhistory/data/granado/images screen-l.jpg
2004.11.23 11:14 B L:\TBH Website Temp\granado\images\screen-sm.jpg --> uts.cc.utexas.edu /export/httpd/vhosts/texasbeyondhistory/data/granado/images screen-sm.jpg
2004.11.23 11:14 B L:\TBH Website Temp\granado\images\screen.html --> uts.cc.utexas.edu /export/httpd/vhosts/texasbeyondhistory/data/granado/images screen.html
2004.11.23 11:14 B L:\TBH Website Temp\granado\images\shelby-l.jpg --> uts.cc.utexas.edu /export/httpd/vhosts/texasbeyondhistory/data/granado/images shelby-l.jpg
2004.11.23 11:14 B L:\TBH Website Temp\granado\images\sitemap-lg.gif --> uts.cc.utexas.edu /export/httpd/vhosts/texasbeyondhistory/data/granado/images sitemap-lg.gif
2004.11.23 11:14 B L:\TBH Website Temp\granado\images\sitemap-sm.gif --> uts.cc.utexas.edu /export/httpd/vhosts/texasbeyondhistory/data/granado/images sitemap-sm.gif
2004.11.23 11:14 B L:\TBH Website Temp\granado\images\sitemap.html --> uts.cc.utexas.edu /export/httpd/vhosts/texasbeyondhistory/data/granado/images sitemap.html
2004.11.23 11:14 B L:\TBH Website Temp\granado\images\skin-l.jpg --> uts.cc.utexas.edu /export/httpd/vhosts/texasbeyondhistory/data/granado/images skin-l.jpg
2004.11.23 11:14 B L:\TBH Website Temp\granado\images\skin-sm.jpg --> uts.cc.utexas.edu /export/httpd/vhosts/texasbeyondhistory/data/granado/images skin-sm.jpg
2004.11.23 11:14 B L:\TBH Website Temp\granado\images\skin.html --> uts.cc.utexas.edu /export/httpd/vhosts/texasbeyondhistory/data/granado/images skin.html
2004.11.23 11:14 B L:\TBH Website Temp\granado\images\sticks-l.jpg --> uts.cc.utexas.edu /export/httpd/vhosts/texasbeyondhistory/data/granado/images sticks-l.jpg
2004.11.23 11:14 B L:\TBH Website Temp\granado\images\sticks-sm.jpg --> uts.cc.utexas.edu /export/httpd/vhosts/texasbeyondhistory/data/granado/images sticks-sm.jpg
2004.11.23 11:14 B L:\TBH Website Temp\granado\images\sticks.html --> uts.cc.utexas.edu /export/httpd/vhosts/texasbeyondhistory/data/granado/images sticks.html
2004.11.23 11:14 B L:\TBH Website Temp\granado\images\Thumbs.db --> uts.cc.utexas.edu /export/httpd/vhosts/texasbeyondhistory/data/granado/images Thumbs.db
2004.11.23 11:14 B L:\TBH Website Temp\granado\images\tinkler-l.jpg --> uts.cc.utexas.edu /export/httpd/vhosts/texasbeyondhistory/data/granado/images tinkler-l.jpg
2004.11.23 11:14 B L:\TBH Website Temp\granado\images\tinkler-sm.jpg --> uts.cc.utexas.edu /export/httpd/vhosts/texasbeyondhistory/data/granado/images tinkler-sm.jpg
2004.11.23 11:14 B L:\TBH Website Temp\granado\images\tinkler.html --> uts.cc.utexas.edu /export/httpd/vhosts/texasbeyondhistory/data/granado/images tinkler.html
2004.11.23 11:14 B L:\TBH Website Temp\granado\images\vacuum-l.jpg --> uts.cc.utexas.edu /export/httpd/vhosts/texasbeyondhistory/data/granado/images vacuum-l.jpg
2004.11.23 11:14 B L:\TBH Website Temp\granado\images\vacuum-sm.jpg --> uts.cc.utexas.edu /export/httpd/vhosts/texasbeyondhistory/data/granado/images vacuum-sm.jpg
2004.11.23 11:14 B L:\TBH Website Temp\granado\images\vacuum.html --> uts.cc.utexas.edu /export/httpd/vhosts/texasbeyondhistory/data/granado/images vacuum.html
2004.11.23 11:14 B L:\TBH Website Temp\granado\images\waterhole-sm.jpg --> uts.cc.utexas.edu /export/httpd/vhosts/texasbeyondhistory/data/granado/images waterhole-sm.jpg
2004.11.23 11:14 B L:\TBH Website Temp\granado\images\waterhole.html --> uts.cc.utexas.edu /export/httpd/vhosts/texasbeyondhistory/data/granado/images waterhole.html
2004.11.23 11:14 B L:\TBH Website Temp\granado\images\waterhole.jpg --> uts.cc.utexas.edu /export/httpd/vhosts/texasbeyondhistory/data/granado/images waterhole.jpg
2004.11.23 11:14 B L:\TBH Website Temp\granado\images\waterhole3-sm.jpg --> uts.cc.utexas.edu /export/httpd/vhosts/texasbeyondhistory/data/granado/images waterhole3-sm.jpg
2004.11.23 11:14 B L:\TBH Website Temp\granado\images\waterhole3.html --> uts.cc.utexas.edu /export/httpd/vhosts/texasbeyondhistory/data/granado/images waterhole3.html
2004.11.23 11:14 B L:\TBH Website Temp\granado\images\waterhole3.jpg --> uts.cc.utexas.edu /export/httpd/vhosts/texasbeyondhistory/data/granado/images waterhole3.jpg
2004.11.23 11:14 B L:\TBH Website Temp\granado\images\work-l.jpg --> uts.cc.utexas.edu /export/httpd/vhosts/texasbeyondhistory/data/granado/images work-l.jpg
2004.11.23 11:14 B L:\TBH Website Temp\granado\images\work-sm.jpg --> uts.cc.utexas.edu /export/httpd/vhosts/texasbeyondhistory/data/granado/images work-sm.jpg
2004.11.23 11:14 B L:\TBH Website Temp\granado\images\work.html --> uts.cc.utexas.edu /export/httpd/vhosts/texasbeyondhistory/data/granado/images work.html
2004.11.23 11:14 B L:\TBH Website Temp\granado\images\WS_FTP.LOG --> uts.cc.utexas.edu /export/httpd/vhosts/texasbeyondhistory/data/granado/images WS_FTP.LOG
2004.11.23 11:14 B L:\TBH Website Temp\granado\images\yucca-l.jpg --> uts.cc.utexas.edu /export/httpd/vhosts/texasbeyondhistory/data/granado/images yucca-l.jpg
2004.11.23 11:14 B L:\TBH Website Temp\granado\images\yucca-sm.jpg --> uts.cc.utexas.edu /export/httpd/vhosts/texasbeyondhistory/data/granado/images yucca-sm.jpg
2004.11.23 11:14 B L:\TBH Website Temp\granado\images\yucca.html --> uts.cc.utexas.edu /export/httpd/vhosts/texasbeyondhistory/data/granado/images yucca.html
2004.11.23 13:26 B L:\TBH Website Temp\granado\images\granadomain.jpg --> uts.cc.utexas.edu /export/httpd/vhosts/texasbeyondhistory/data/granado/images granadomain.jpg
2004.11.29 11:46 B G:\TBH Website Temp\granado\images\kiaha5.html --> uts.cc.utexas.edu /export/httpd/vhosts/texasbeyondhistory/data/granado/images kiaha5.html
2004.11.29 11:46 B G:\TBH Website Temp\granado\images\kiaha3.html --> uts.cc.utexas.edu /export/httpd/vhosts/texasbeyondhistory/data/granado/images kiaha3.html
2004.11.29 11:46 B G:\TBH Website Temp\granado\images\kiaha4.html --> uts.cc.utexas.edu /export/httpd/vhosts/texasbeyondhistory/data/granado/images kiaha4.html
2004.11.29 11:46 B G:\TBH Website Temp\granado\images\sticks.html --> uts.cc.utexas.edu /export/httpd/vhosts/texasbeyondhistory/data/granado/images sticks.html
2004.11.29 11:46 B G:\TBH Website Temp\granado\images\feather.html --> uts.cc.utexas.edu /export/httpd/vhosts/texasbeyondhistory/data/granado/images feather.html
2004.11.29 11:47 B G:\TBH Website Temp\granado\images\rattle.html --> uts.cc.utexas.edu /export/httpd/vhosts/texasbeyondhistory/data/granado/images rattle.html
2004.11.29 11:47 B G:\TBH Website Temp\granado\images\limonite.html --> uts.cc.utexas.edu /export/httpd/vhosts/texasbeyondhistory/data/granado/images limonite.html
2004.11.29 11:47 B G:\TBH Website Temp\granado\images\ceramic.html --> uts.cc.utexas.edu /export/httpd/vhosts/texasbeyondhistory/data/granado/images ceramic.html
2004.11.29 11:47 B G:\TBH Website Temp\granado\images\basket.html --> uts.cc.utexas.edu /export/httpd/vhosts/texasbeyondhistory/data/granado/images basket.html
2004.11.29 11:47 B G:\TBH Website Temp\granado\images\boa.html --> uts.cc.utexas.edu /export/httpd/vhosts/texasbeyondhistory/data/granado/images boa.html
2004.11.29 11:47 B G:\TBH Website Temp\granado\images\donny.html --> uts.cc.utexas.edu /export/httpd/vhosts/texasbeyondhistory/data/granado/images donny.html
2004.11.29 11:48 B G:\TBH Website Temp\granado\images\cu1-caldwell.html --> uts.cc.utexas.edu /export/httpd/vhosts/texasbeyondhistory/data/granado/images cu1-caldwell.html
2004.11.29 11:48 B G:\TBH Website Temp\granado\images\waterhole3.html --> uts.cc.utexas.edu /export/httpd/vhosts/texasbeyondhistory/data/granado/images waterhole3.html
2004.11.29 11:49 B G:\TBH Website Temp\granado\images\yucca.html --> uts.cc.utexas.edu /export/httpd/vhosts/texasbeyondhistory/data/granado/images yucca.html
2004.11.29 11:49 B G:\TBH Website Temp\granado\images\granado_cave.html --> uts.cc.utexas.edu /export/httpd/vhosts/texasbeyondhistory/data/granado/images granado_cave.html
2005.06.18 18:24 B L:\TBH Website Temp\granado\images\WS_FTP.LOG <-- texasbeyondhistory /export/httpd/vhosts/texasbeyondhistory/data/granado/images WS_FTP.LOG
2005.06.18 18:24 B L:\TBH Website Temp\granado\images\yucca-l.jpg <-- texasbeyondhistory /export/httpd/vhosts/texasbeyondhistory/data/granado/images yucca-l.jpg
2005.06.18 18:24 B L:\TBH Website Temp\granado\images\yucca-sm.jpg <-- texasbeyondhistory /export/httpd/vhosts/texasbeyondhistory/data/granado/images yucca-sm.jpg
2005.06.18 18:24 B L:\TBH Website Temp\granado\images\yucca.html <-- texasbeyondhistory /export/httpd/vhosts/texasbeyondhistory/data/granado/images yucca.html
2007.11.13 16:32 B K:\TBH Website Temp\granado\images\bag.html --> uts.cc.utexas.edu /export/httpd/vhosts/texasbeyondhistory/data/granado/images bag.html
2007.11.13 16:32 B K:\TBH Website Temp\granado\images\basket.html --> uts.cc.utexas.edu /export/httpd/vhosts/texasbeyondhistory/data/granado/images basket.html
2007.11.13 16:32 B K:\TBH Website Temp\granado\images\bird.html --> uts.cc.utexas.edu /export/httpd/vhosts/texasbeyondhistory/data/granado/images bird.html
2007.11.13 16:32 B K:\TBH Website Temp\granado\images\boa.html --> uts.cc.utexas.edu /export/httpd/vhosts/texasbeyondhistory/data/granado/images boa.html
2007.11.13 16:32 B K:\TBH Website Temp\granado\images\bone.html --> uts.cc.utexas.edu /export/httpd/vhosts/texasbeyondhistory/data/granado/images bone.html
2007.11.13 16:32 B K:\TBH Website Temp\granado\images\brush.html --> uts.cc.utexas.edu /export/httpd/vhosts/texasbeyondhistory/data/granado/images brush.html
2007.11.13 16:32 B K:\TBH Website Temp\granado\images\cave-entrance.html --> uts.cc.utexas.edu /export/httpd/vhosts/texasbeyondhistory/data/granado/images cave-entrance.html
2007.11.13 16:32 B K:\TBH Website Temp\granado\images\cave-hill.html --> uts.cc.utexas.edu /export/httpd/vhosts/texasbeyondhistory/data/granado/images cave-hill.html
2007.11.13 16:32 B K:\TBH Website Temp\granado\images\ceramic.html --> uts.cc.utexas.edu /export/httpd/vhosts/texasbeyondhistory/data/granado/images ceramic.html
2007.11.13 16:32 B K:\TBH Website Temp\granado\images\construction.html --> uts.cc.utexas.edu /export/httpd/vhosts/texasbeyondhistory/data/granado/images construction.html
2007.11.13 16:32 B K:\TBH Website Temp\granado\images\copro.html --> uts.cc.utexas.edu /export/httpd/vhosts/texasbeyondhistory/data/granado/images copro.html
2007.11.13 16:32 B K:\TBH Website Temp\granado\images\crew.html --> uts.cc.utexas.edu /export/httpd/vhosts/texasbeyondhistory/data/granado/images crew.html
2007.11.13 16:32 B K:\TBH Website Temp\granado\images\cu1-caldwell.html --> uts.cc.utexas.edu /export/httpd/vhosts/texasbeyondhistory/data/granado/images cu1-caldwell.html
2007.11.13 16:32 B K:\TBH Website Temp\granado\images\cu7-17-workers.html --> uts.cc.utexas.edu /export/httpd/vhosts/texasbeyondhistory/data/granado/images cu7-17-workers.html
2007.11.13 16:32 B K:\TBH Website Temp\granado\images\cu7-3-brookscave.html --> uts.cc.utexas.edu /export/httpd/vhosts/texasbeyondhistory/data/granado/images cu7-3-brookscave.html
2007.11.13 16:32 B K:\TBH Website Temp\granado\images\cu8-midden.html --> uts.cc.utexas.edu /export/httpd/vhosts/texasbeyondhistory/data/granado/images cu8-midden.html
2007.11.13 16:32 B K:\TBH Website Temp\granado\images\donny.html --> uts.cc.utexas.edu /export/httpd/vhosts/texasbeyondhistory/data/granado/images donny.html
2007.11.13 16:32 B K:\TBH Website Temp\granado\images\donny2.html --> uts.cc.utexas.edu /export/httpd/vhosts/texasbeyondhistory/data/granado/images donny2.html
2007.11.13 16:32 B K:\TBH Website Temp\granado\images\entrance.html --> uts.cc.utexas.edu /export/httpd/vhosts/texasbeyondhistory/data/granado/images entrance.html
2007.11.13 16:32 B K:\TBH Website Temp\granado\images\fan.html --> uts.cc.utexas.edu /export/httpd/vhosts/texasbeyondhistory/data/granado/images fan.html
2007.11.13 16:32 B K:\TBH Website Temp\granado\images\feather.html --> uts.cc.utexas.edu /export/httpd/vhosts/texasbeyondhistory/data/granado/images feather.html
2007.11.13 16:32 B K:\TBH Website Temp\granado\images\fig38.html --> uts.cc.utexas.edu /export/httpd/vhosts/texasbeyondhistory/data/granado/images fig38.html
2007.11.13 16:32 B K:\TBH Website Temp\granado\images\granado_cave.html --> uts.cc.utexas.edu /export/httpd/vhosts/texasbeyondhistory/data/granado/images granado_cave.html
2007.11.13 16:32 B K:\TBH Website Temp\granado\images\granadomain.jpg --> uts.cc.utexas.edu /export/httpd/vhosts/texasbeyondhistory/data/granado/images granadomain.jpg
2007.11.13 16:32 B K:\TBH Website Temp\granado\images\hearth.html --> uts.cc.utexas.edu /export/httpd/vhosts/texasbeyondhistory/data/granado/images hearth.html
2007.11.13 16:32 B K:\TBH Website Temp\granado\images\jar.html --> uts.cc.utexas.edu /export/httpd/vhosts/texasbeyondhistory/data/granado/images jar.html
2007.11.13 16:32 B K:\TBH Website Temp\granado\images\kiaha.html --> uts.cc.utexas.edu /export/httpd/vhosts/texasbeyondhistory/data/granado/images kiaha.html
2007.11.13 16:32 B K:\TBH Website Temp\granado\images\kiaha3.html --> uts.cc.utexas.edu /export/httpd/vhosts/texasbeyondhistory/data/granado/images kiaha3.html
2007.11.13 16:32 B K:\TBH Website Temp\granado\images\kiaha4.html --> uts.cc.utexas.edu /export/httpd/vhosts/texasbeyondhistory/data/granado/images kiaha4.html
2007.11.13 16:32 B K:\TBH Website Temp\granado\images\kiaha5.html --> uts.cc.utexas.edu /export/httpd/vhosts/texasbeyondhistory/data/granado/images kiaha5.html
2007.11.13 16:32 B K:\TBH Website Temp\granado\images\limonite.html --> uts.cc.utexas.edu /export/httpd/vhosts/texasbeyondhistory/data/granado/images limonite.html
2007.11.13 16:32 B K:\TBH Website Temp\granado\images\mortar.html --> uts.cc.utexas.edu /export/httpd/vhosts/texasbeyondhistory/data/granado/images mortar.html
2007.11.13 16:32 B K:\TBH Website Temp\granado\images\mountains.html --> uts.cc.utexas.edu /export/httpd/vhosts/texasbeyondhistory/data/granado/images mountains.html
2007.11.13 16:32 B K:\TBH Website Temp\granado\images\points.html --> uts.cc.utexas.edu /export/httpd/vhosts/texasbeyondhistory/data/granado/images points.html
2007.11.13 16:32 B K:\TBH Website Temp\granado\images\pollen.html --> uts.cc.utexas.edu /export/httpd/vhosts/texasbeyondhistory/data/granado/images pollen.html
2007.11.13 16:32 B K:\TBH Website Temp\granado\images\rabbit.html --> uts.cc.utexas.edu /export/httpd/vhosts/texasbeyondhistory/data/granado/images rabbit.html
2007.11.13 16:32 B K:\TBH Website Temp\granado\images\rattle.html --> uts.cc.utexas.edu /export/httpd/vhosts/texasbeyondhistory/data/granado/images rattle.html
2007.11.13 16:32 B K:\TBH Website Temp\granado\images\repair.html --> uts.cc.utexas.edu /export/httpd/vhosts/texasbeyondhistory/data/granado/images repair.html
2007.11.13 16:32 B K:\TBH Website Temp\granado\images\rhythm.html --> uts.cc.utexas.edu /export/httpd/vhosts/texasbeyondhistory/data/granado/images rhythm.html
2007.11.13 16:32 B K:\TBH Website Temp\granado\images\ruster-hills-map.html --> uts.cc.utexas.edu /export/httpd/vhosts/texasbeyondhistory/data/granado/images ruster-hills-map.html
2007.11.13 16:32 B K:\TBH Website Temp\granado\images\sandal.html --> uts.cc.utexas.edu /export/httpd/vhosts/texasbeyondhistory/data/granado/images sandal.html
2007.11.13 16:32 B K:\TBH Website Temp\granado\images\sandals01.html --> uts.cc.utexas.edu /export/httpd/vhosts/texasbeyondhistory/data/granado/images sandals01.html
2007.11.13 16:32 B K:\TBH Website Temp\granado\images\sandals02.html --> uts.cc.utexas.edu /export/httpd/vhosts/texasbeyondhistory/data/granado/images sandals02.html
2007.11.13 16:32 B K:\TBH Website Temp\granado\images\sandals05.html --> uts.cc.utexas.edu /export/httpd/vhosts/texasbeyondhistory/data/granado/images sandals05.html
2007.11.13 16:32 B K:\TBH Website Temp\granado\images\sandals07.html --> uts.cc.utexas.edu /export/httpd/vhosts/texasbeyondhistory/data/granado/images sandals07.html
2007.11.13 16:32 B K:\TBH Website Temp\granado\images\sandals09.html --> uts.cc.utexas.edu /export/httpd/vhosts/texasbeyondhistory/data/granado/images sandals09.html
2007.11.13 16:32 B K:\TBH Website Temp\granado\images\sandals12.html --> uts.cc.utexas.edu /export/httpd/vhosts/texasbeyondhistory/data/granado/images sandals12.html
2007.11.13 16:32 B K:\TBH Website Temp\granado\images\sandals13.html --> uts.cc.utexas.edu /export/httpd/vhosts/texasbeyondhistory/data/granado/images sandals13.html
2007.11.13 16:32 B K:\TBH Website Temp\granado\images\sandals14.html --> uts.cc.utexas.edu /export/httpd/vhosts/texasbeyondhistory/data/granado/images sandals14.html
2007.11.13 16:32 B K:\TBH Website Temp\granado\images\sandals15.html --> uts.cc.utexas.edu /export/httpd/vhosts/texasbeyondhistory/data/granado/images sandals15.html
2007.11.13 16:32 B K:\TBH Website Temp\granado\images\sandals16.html --> uts.cc.utexas.edu /export/httpd/vhosts/texasbeyondhistory/data/granado/images sandals16.html
2007.11.13 16:32 B K:\TBH Website Temp\granado\images\sandals17.html --> uts.cc.utexas.edu /export/httpd/vhosts/texasbeyondhistory/data/granado/images sandals17.html
2007.11.13 16:32 B K:\TBH Website Temp\granado\images\sandals22.html --> uts.cc.utexas.edu /export/httpd/vhosts/texasbeyondhistory/data/granado/images sandals22.html
2007.11.13 16:32 B K:\TBH Website Temp\granado\images\sandals23.html --> uts.cc.utexas.edu /export/httpd/vhosts/texasbeyondhistory/data/granado/images sandals23.html
2007.11.13 16:32 B K:\TBH Website Temp\granado\images\sandals25.html --> uts.cc.utexas.edu /export/httpd/vhosts/texasbeyondhistory/data/granado/images sandals25.html
2007.11.13 16:32 B K:\TBH Website Temp\granado\images\sayles.html --> uts.cc.utexas.edu /export/httpd/vhosts/texasbeyondhistory/data/granado/images sayles.html
2007.11.13 16:32 B K:\TBH Website Temp\granado\images\screen.html --> uts.cc.utexas.edu /export/httpd/vhosts/texasbeyondhistory/data/granado/images screen.html
2007.11.13 16:32 B K:\TBH Website Temp\granado\images\sitemap.html --> uts.cc.utexas.edu /export/httpd/vhosts/texasbeyondhistory/data/granado/images sitemap.html
2007.11.13 16:32 B K:\TBH Website Temp\granado\images\skin.html --> uts.cc.utexas.edu /export/httpd/vhosts/texasbeyondhistory/data/granado/images skin.html
2007.11.13 16:32 B K:\TBH Website Temp\granado\images\slowrot-icon.jpg --> uts.cc.utexas.edu /export/httpd/vhosts/texasbeyondhistory/data/granado/images slowrot-icon.jpg
2007.11.13 16:32 B K:\TBH Website Temp\granado\images\slowrot.html --> uts.cc.utexas.edu /export/httpd/vhosts/texasbeyondhistory/data/granado/images slowrot.html
2007.11.13 16:32 B K:\TBH Website Temp\granado\images\slowrotlesson.html --> uts.cc.utexas.edu /export/httpd/vhosts/texasbeyondhistory/data/granado/images slowrotlesson.html
2007.11.13 16:32 B K:\TBH Website Temp\granado\images\slowrotornot.pdf --> uts.cc.utexas.edu /export/httpd/vhosts/texasbeyondhistory/data/granado/images slowrotornot.pdf
2007.11.13 16:32 B K:\TBH Website Temp\granado\images\slowrotsandal.pdf --> uts.cc.utexas.edu /export/httpd/vhosts/texasbeyondhistory/data/granado/images slowrotsandal.pdf
2007.11.13 16:32 B K:\TBH Website Temp\granado\images\sticks.html --> uts.cc.utexas.edu /export/httpd/vhosts/texasbeyondhistory/data/granado/images sticks.html
2007.11.13 16:32 B K:\TBH Website Temp\granado\images\Thumbs.db --> uts.cc.utexas.edu /export/httpd/vhosts/texasbeyondhistory/data/granado/images Thumbs.db
2007.11.13 16:32 B K:\TBH Website Temp\granado\images\tinkler.html --> uts.cc.utexas.edu /export/httpd/vhosts/texasbeyondhistory/data/granado/images tinkler.html
2007.11.13 16:32 B K:\TBH Website Temp\granado\images\vacuum.html --> uts.cc.utexas.edu /export/httpd/vhosts/texasbeyondhistory/data/granado/images vacuum.html
2007.11.13 16:32 B K:\TBH Website Temp\granado\images\waterhole.html --> uts.cc.utexas.edu /export/httpd/vhosts/texasbeyondhistory/data/granado/images waterhole.html
2007.11.13 16:32 B K:\TBH Website Temp\granado\images\waterhole3.html --> uts.cc.utexas.edu /export/httpd/vhosts/texasbeyondhistory/data/granado/images waterhole3.html
2007.11.13 16:32 B K:\TBH Website Temp\granado\images\work.html --> uts.cc.utexas.edu /export/httpd/vhosts/texasbeyondhistory/data/granado/images work.html
