2003.08.02 13:32 B C:\WINDOWS\Desktop\TBH\content\Tejas\Map Tool\cuGraphics\c1.jpg <-- TARL /Website Stuff/Transfer to Meg/Tejas/Map Tool/cuGraphics c1.jpg
2003.08.02 13:32 B C:\WINDOWS\Desktop\TBH\content\Tejas\Map Tool\cuGraphics\c2.jpg <-- TARL /Website Stuff/Transfer to Meg/Tejas/Map Tool/cuGraphics c2.jpg
2003.08.02 13:32 B C:\WINDOWS\Desktop\TBH\content\Tejas\Map Tool\cuGraphics\c3.jpg <-- TARL /Website Stuff/Transfer to Meg/Tejas/Map Tool/cuGraphics c3.jpg
2003.08.02 13:32 B C:\WINDOWS\Desktop\TBH\content\Tejas\Map Tool\cuGraphics\c4.jpg <-- TARL /Website Stuff/Transfer to Meg/Tejas/Map Tool/cuGraphics c4.jpg
2003.08.02 13:32 B C:\WINDOWS\Desktop\TBH\content\Tejas\Map Tool\cuGraphics\c5.jpg <-- TARL /Website Stuff/Transfer to Meg/Tejas/Map Tool/cuGraphics c5.jpg
2003.08.02 13:32 B C:\WINDOWS\Desktop\TBH\content\Tejas\Map Tool\cuGraphics\c6.jpg <-- TARL /Website Stuff/Transfer to Meg/Tejas/Map Tool/cuGraphics c6.jpg
2003.08.02 13:32 B C:\WINDOWS\Desktop\TBH\content\Tejas\Map Tool\cuGraphics\c7.jpg <-- TARL /Website Stuff/Transfer to Meg/Tejas/Map Tool/cuGraphics c7.jpg
2003.08.02 13:32 B C:\WINDOWS\Desktop\TBH\content\Tejas\Map Tool\cuGraphics\c8.jpg <-- TARL /Website Stuff/Transfer to Meg/Tejas/Map Tool/cuGraphics c8.jpg
2003.08.02 13:32 B C:\WINDOWS\Desktop\TBH\content\Tejas\Map Tool\cuGraphics\c9.jpg <-- TARL /Website Stuff/Transfer to Meg/Tejas/Map Tool/cuGraphics c9.jpg
2003.08.02 13:32 B C:\WINDOWS\Desktop\TBH\content\Tejas\Map Tool\cuGraphics\Thumbs.db <-- TARL /Website Stuff/Transfer to Meg/Tejas/Map Tool/cuGraphics Thumbs.db
2003.07.27 19:08 B K:\TBH Website Temp\tejas\map\cuGraphics\c1.jpg --> uts.cc.utexas.edu /export/httpd/vhosts/texasbeyondhistory/data/tejas/map/cuGraphics c1.jpg
2003.07.27 19:08 B K:\TBH Website Temp\tejas\map\cuGraphics\c2.jpg --> uts.cc.utexas.edu /export/httpd/vhosts/texasbeyondhistory/data/tejas/map/cuGraphics c2.jpg
2003.07.27 19:08 B K:\TBH Website Temp\tejas\map\cuGraphics\c3.jpg --> uts.cc.utexas.edu /export/httpd/vhosts/texasbeyondhistory/data/tejas/map/cuGraphics c3.jpg
2003.07.27 19:08 B K:\TBH Website Temp\tejas\map\cuGraphics\c4.jpg --> uts.cc.utexas.edu /export/httpd/vhosts/texasbeyondhistory/data/tejas/map/cuGraphics c4.jpg
2003.07.27 19:08 B K:\TBH Website Temp\tejas\map\cuGraphics\c5.jpg --> uts.cc.utexas.edu /export/httpd/vhosts/texasbeyondhistory/data/tejas/map/cuGraphics c5.jpg
2003.07.27 19:08 B K:\TBH Website Temp\tejas\map\cuGraphics\c6.jpg --> uts.cc.utexas.edu /export/httpd/vhosts/texasbeyondhistory/data/tejas/map/cuGraphics c6.jpg
2003.07.27 19:08 B K:\TBH Website Temp\tejas\map\cuGraphics\c7.jpg --> uts.cc.utexas.edu /export/httpd/vhosts/texasbeyondhistory/data/tejas/map/cuGraphics c7.jpg
2003.07.27 19:08 B K:\TBH Website Temp\tejas\map\cuGraphics\c8.jpg --> uts.cc.utexas.edu /export/httpd/vhosts/texasbeyondhistory/data/tejas/map/cuGraphics c8.jpg
2003.07.27 19:08 B K:\TBH Website Temp\tejas\map\cuGraphics\c9.jpg --> uts.cc.utexas.edu /export/httpd/vhosts/texasbeyondhistory/data/tejas/map/cuGraphics c9.jpg
2003.07.27 19:08 B K:\TBH Website Temp\tejas\map\cuGraphics\Thumbs.db --> uts.cc.utexas.edu /export/httpd/vhosts/texasbeyondhistory/data/tejas/map/cuGraphics Thumbs.db
2003.07.27 19:08 B K:\TBH Website Temp\tejas\map\cuGraphics\WS_FTP.LOG --> uts.cc.utexas.edu /export/httpd/vhosts/texasbeyondhistory/data/tejas/map/cuGraphics WS_FTP.LOG
2003.07.31 22:14 B K:\TBH Website Temp\tejas\map\cuGraphics\c1.jpg --> uts.cc.utexas.edu /export/httpd/vhosts/texasbeyondhistory/data/tejas/map/cuGraphics c1.jpg
2003.07.31 22:14 B K:\TBH Website Temp\tejas\map\cuGraphics\c2.jpg --> uts.cc.utexas.edu /export/httpd/vhosts/texasbeyondhistory/data/tejas/map/cuGraphics c2.jpg
2003.07.31 22:14 B K:\TBH Website Temp\tejas\map\cuGraphics\c3.jpg --> uts.cc.utexas.edu /export/httpd/vhosts/texasbeyondhistory/data/tejas/map/cuGraphics c3.jpg
2003.07.31 22:14 B K:\TBH Website Temp\tejas\map\cuGraphics\c4.jpg --> uts.cc.utexas.edu /export/httpd/vhosts/texasbeyondhistory/data/tejas/map/cuGraphics c4.jpg
2003.07.31 22:14 B K:\TBH Website Temp\tejas\map\cuGraphics\c5.jpg --> uts.cc.utexas.edu /export/httpd/vhosts/texasbeyondhistory/data/tejas/map/cuGraphics c5.jpg
2003.07.31 22:14 B K:\TBH Website Temp\tejas\map\cuGraphics\c6.jpg --> uts.cc.utexas.edu /export/httpd/vhosts/texasbeyondhistory/data/tejas/map/cuGraphics c6.jpg
2003.07.31 22:14 B K:\TBH Website Temp\tejas\map\cuGraphics\c7.jpg --> uts.cc.utexas.edu /export/httpd/vhosts/texasbeyondhistory/data/tejas/map/cuGraphics c7.jpg
2003.07.31 22:14 B K:\TBH Website Temp\tejas\map\cuGraphics\c8.jpg --> uts.cc.utexas.edu /export/httpd/vhosts/texasbeyondhistory/data/tejas/map/cuGraphics c8.jpg
2003.07.31 22:14 B K:\TBH Website Temp\tejas\map\cuGraphics\c9.jpg --> uts.cc.utexas.edu /export/httpd/vhosts/texasbeyondhistory/data/tejas/map/cuGraphics c9.jpg
2003.07.31 22:14 B K:\TBH Website Temp\tejas\map\cuGraphics\Thumbs.db --> uts.cc.utexas.edu /export/httpd/vhosts/texasbeyondhistory/data/tejas/map/cuGraphics Thumbs.db
2003.07.31 22:14 B K:\TBH Website Temp\tejas\map\cuGraphics\WS_FTP.LOG --> uts.cc.utexas.edu /export/httpd/vhosts/texasbeyondhistory/data/tejas/map/cuGraphics WS_FTP.LOG
