2001.08.11 16:50 B D:\TBH Temp\alibates\index.html <-- Texas Beyond History /Website Stuff/TBH Website Temp/alibates index.html
2001.08.31 19:48 B D:\TBH Temp\alibates\credits.html <-- Texas Beyond History /Website Stuff/TBH Website Temp/alibates credits.html
2001.08.31 19:48 B D:\TBH Temp\alibates\credits.html.LCK <-- Texas Beyond History /Website Stuff/TBH Website Temp/alibates credits.html.LCK
2001.08.31 19:48 B D:\TBH Temp\alibates\gallery.html <-- Texas Beyond History /Website Stuff/TBH Website Temp/alibates gallery.html
2001.08.31 19:48 B D:\TBH Temp\alibates\gallery.html.LCK <-- Texas Beyond History /Website Stuff/TBH Website Temp/alibates gallery.html.LCK
2001.08.31 19:48 B D:\TBH Temp\alibates\index.html <-- Texas Beyond History /Website Stuff/TBH Website Temp/alibates index.html
2001.08.31 19:48 B D:\TBH Temp\alibates\index.html.LCK <-- Texas Beyond History /Website Stuff/TBH Website Temp/alibates index.html.LCK
2001.09.01 21:01 B D:\TBH Temp\alibates\credits.html --> uts.cc.utexas.edu /usr/pub/www/research/tarl/abouttarl/tbh/alibates credits.html
2001.09.01 21:01 B D:\TBH Temp\alibates\credits.html.LCK --> uts.cc.utexas.edu /usr/pub/www/research/tarl/abouttarl/tbh/alibates credits.html.LCK
2001.09.01 21:01 B D:\TBH Temp\alibates\gallery.html --> uts.cc.utexas.edu /usr/pub/www/research/tarl/abouttarl/tbh/alibates gallery.html
2001.09.01 21:01 B D:\TBH Temp\alibates\gallery.html.LCK --> uts.cc.utexas.edu /usr/pub/www/research/tarl/abouttarl/tbh/alibates gallery.html.LCK
2001.09.01 21:01 B D:\TBH Temp\alibates\index.html --> uts.cc.utexas.edu /usr/pub/www/research/tarl/abouttarl/tbh/alibates index.html
2001.09.01 21:01 B D:\TBH Temp\alibates\index.html.LCK --> uts.cc.utexas.edu /usr/pub/www/research/tarl/abouttarl/tbh/alibates index.html.LCK
2001.09.04 15:12 B M:\Website Stuff\alibates\WS_FTP.LOG <-- TARLweb /usr/pub/www/research/tarl/abouttarl/tbh/alibates WS_FTP.LOG
2001.09.04 16:04 B C:\WINDOWS\Desktop\TBH\TBH on TEXsite\alibates\WS_FTP.LOG <-- TARL /Website Stuff/alibates WS_FTP.LOG
2001.09.28 20:58 B D:\TBH Temp\tbh\alibates\WS_FTP.LOG <-- Texas Beyond History /Website Stuff/TBH Website Temp/alibates WS_FTP.LOG
2001.10.01 21:37 B C:\WINDOWS\Desktop\TBH\Recent\alibates\credits.html.LCK.LCK --> uts.cc.utexas.edu /export/httpd/vhosts/texasbeyondhistory/data/alibates credits.html.LCK.LCK
2001.10.01 21:37 B C:\WINDOWS\Desktop\TBH\Recent\alibates\gallery.html.LCK --> uts.cc.utexas.edu /export/httpd/vhosts/texasbeyondhistory/data/alibates gallery.html.LCK
2001.10.01 21:37 B C:\WINDOWS\Desktop\TBH\Recent\alibates\gallery.html.LCK.LCK --> uts.cc.utexas.edu /export/httpd/vhosts/texasbeyondhistory/data/alibates gallery.html.LCK.LCK
2001.10.01 21:37 B C:\WINDOWS\Desktop\TBH\Recent\alibates\index.html.LCK --> uts.cc.utexas.edu /export/httpd/vhosts/texasbeyondhistory/data/alibates index.html.LCK
2001.10.01 21:37 B C:\WINDOWS\Desktop\TBH\Recent\alibates\index.html.LCK.LCK --> uts.cc.utexas.edu /export/httpd/vhosts/texasbeyondhistory/data/alibates index.html.LCK.LCK
2001.10.30 12:59 B C:\WINDOWS\Desktop\TBH\Recent\alibates\index.html --> uts.cc.utexas.edu /export/httpd/vhosts/texasbeyondhistory/data/alibates index.html
2002.02.04 09:23 B G:\Website Stuff\TBH Website Temp\alibates\gallery.html --> uts.cc.utexas.edu /export/httpd/vhosts/texasbeyondhistory/data/alibates gallery.html
2002.02.25 16:56 B L:\Website Stuff\TBH Website Temp\alibates\index.html --> uts.cc.utexas.edu /export/httpd/vhosts/texasbeyondhistory/data/alibates index.html
2002.05.20 11:35 B G:\Website Stuff\TBH Website Temp\alibates\index.html --> uts.cc.utexas.edu /export/httpd/vhosts/texasbeyondhistory/data/alibates index.html
2002.05.20 11:35 B G:\Website Stuff\TBH Website Temp\alibates\credits.html --> uts.cc.utexas.edu /export/httpd/vhosts/texasbeyondhistory/data/alibates credits.html
2002.05.20 11:35 B G:\Website Stuff\TBH Website Temp\alibates\gallery.html --> uts.cc.utexas.edu /export/httpd/vhosts/texasbeyondhistory/data/alibates gallery.html
2002.05.20 11:45 B G:\Website Stuff\TBH Website Temp\alibates\gallery.html --> uts.cc.utexas.edu /export/httpd/vhosts/texasbeyondhistory/data/alibates gallery.html
2002.09.24 10:35 A G:\Website Stuff\TBH Website Temp\alibates\gallery.html --> uts.cc.utexas.edu /export/httpd/vhosts/texasbeyondhistory/data/alibates gallery.html
2002.09.24 15:07 B G:\Website Stuff\TBH Website Temp\alibates\gallery.html --> uts.cc.utexas.edu /export/httpd/vhosts/texasbeyondhistory/data/alibates gallery.html
2004.01.26 14:30 B K:\TBH Website Temp\alibates\credits.html --> uts.cc.utexas.edu /export/httpd/vhosts/texasbeyondhistory/data/alibates credits.html
2004.05.26 11:00 B K:\TBH Website Temp\alibates\credits.html --> uts.cc.utexas.edu /export/httpd/vhosts/texasbeyondhistory/data credits.html
2004.05.26 11:01 B K:\TBH Website Temp\alibates\credits.html --> uts.cc.utexas.edu /export/httpd/vhosts/texasbeyondhistory/data/alibates credits.html
2005.04.18 10:35 B G:\TBH Website Temp\alibates\credits.html --> uts.cc.utexas.edu /export/httpd/vhosts/texasbeyondhistory/data/alibates credits.html
