2003.08.06 09:21 B K:\TBH Website Temp\kids\caddo\images\alltiedup-lg.jpg --> uts.cc.utexas.edu /export/httpd/vhosts/texasbeyondhistory/data/kids/caddo/images alltiedup-lg.jpg
2003.08.06 09:21 B K:\TBH Website Temp\kids\caddo\images\alltiedup.jpg --> uts.cc.utexas.edu /export/httpd/vhosts/texasbeyondhistory/data/kids/caddo/images alltiedup.jpg
2003.08.06 09:21 B K:\TBH Website Temp\kids\caddo\images\ancienttools-lg.jpg --> uts.cc.utexas.edu /export/httpd/vhosts/texasbeyondhistory/data/kids/caddo/images ancienttools-lg.jpg
2003.08.06 09:21 B K:\TBH Website Temp\kids\caddo\images\ancienttools-sm.jpg --> uts.cc.utexas.edu /export/httpd/vhosts/texasbeyondhistory/data/kids/caddo/images ancienttools-sm.jpg
2003.08.06 09:21 B K:\TBH Website Temp\kids\caddo\images\ancienttools.html --> uts.cc.utexas.edu /export/httpd/vhosts/texasbeyondhistory/data/kids/caddo/images ancienttools.html
2003.08.06 09:21 B K:\TBH Website Temp\kids\caddo\images\animal-lg.jpg --> uts.cc.utexas.edu /export/httpd/vhosts/texasbeyondhistory/data/kids/caddo/images animal-lg.jpg
2003.08.06 09:21 B K:\TBH Website Temp\kids\caddo\images\animal-sm.jpg --> uts.cc.utexas.edu /export/httpd/vhosts/texasbeyondhistory/data/kids/caddo/images animal-sm.jpg
2003.08.06 09:21 B K:\TBH Website Temp\kids\caddo\images\animal.html --> uts.cc.utexas.edu /export/httpd/vhosts/texasbeyondhistory/data/kids/caddo/images animal.html
2003.08.06 09:21 B K:\TBH Website Temp\kids\caddo\images\anotherladder-lg.jpg --> uts.cc.utexas.edu /export/httpd/vhosts/texasbeyondhistory/data/kids/caddo/images anotherladder-lg.jpg
2003.08.06 09:21 B K:\TBH Website Temp\kids\caddo\images\anotherladder-sm.jpg --> uts.cc.utexas.edu /export/httpd/vhosts/texasbeyondhistory/data/kids/caddo/images anotherladder-sm.jpg
2003.08.06 09:21 B K:\TBH Website Temp\kids\caddo\images\anotherladder.html --> uts.cc.utexas.edu /export/httpd/vhosts/texasbeyondhistory/data/kids/caddo/images anotherladder.html
2003.08.06 09:21 B K:\TBH Website Temp\kids\caddo\images\axe-lg.jpg --> uts.cc.utexas.edu /export/httpd/vhosts/texasbeyondhistory/data/kids/caddo/images axe-lg.jpg
2003.08.06 09:21 B K:\TBH Website Temp\kids\caddo\images\axe-sm.jpg --> uts.cc.utexas.edu /export/httpd/vhosts/texasbeyondhistory/data/kids/caddo/images axe-sm.jpg
2003.08.06 09:21 B K:\TBH Website Temp\kids\caddo\images\axe.html --> uts.cc.utexas.edu /export/httpd/vhosts/texasbeyondhistory/data/kids/caddo/images axe.html
2003.08.06 09:21 B K:\TBH Website Temp\kids\caddo\images\beans-lg.jpg --> uts.cc.utexas.edu /export/httpd/vhosts/texasbeyondhistory/data/kids/caddo/images beans-lg.jpg
2003.08.06 09:22 B K:\TBH Website Temp\kids\caddo\images\beans-sm.jpg --> uts.cc.utexas.edu /export/httpd/vhosts/texasbeyondhistory/data/kids/caddo/images beans-sm.jpg
2003.08.06 09:22 B K:\TBH Website Temp\kids\caddo\images\beans.html --> uts.cc.utexas.edu /export/httpd/vhosts/texasbeyondhistory/data/kids/caddo/images beans.html
2003.08.06 09:22 B K:\TBH Website Temp\kids\caddo\images\blackpot-lg.jpg --> uts.cc.utexas.edu /export/httpd/vhosts/texasbeyondhistory/data/kids/caddo/images blackpot-lg.jpg
2003.08.06 09:22 B K:\TBH Website Temp\kids\caddo\images\blackpot-sm.jpg --> uts.cc.utexas.edu /export/httpd/vhosts/texasbeyondhistory/data/kids/caddo/images blackpot-sm.jpg
2003.08.06 09:22 B K:\TBH Website Temp\kids\caddo\images\blackpot.html --> uts.cc.utexas.edu /export/httpd/vhosts/texasbeyondhistory/data/kids/caddo/images blackpot.html
2003.08.06 09:22 B K:\TBH Website Temp\kids\caddo\images\blue_eagle.jpg --> uts.cc.utexas.edu /export/httpd/vhosts/texasbeyondhistory/data/kids/caddo/images blue_eagle.jpg
2003.08.06 09:22 B K:\TBH Website Temp\kids\caddo\images\building.jpg --> uts.cc.utexas.edu /export/httpd/vhosts/texasbeyondhistory/data/kids/caddo/images building.jpg
2003.08.06 09:22 B K:\TBH Website Temp\kids\caddo\images\burn1-lg.jpg --> uts.cc.utexas.edu /export/httpd/vhosts/texasbeyondhistory/data/kids/caddo/images burn1-lg.jpg
2003.08.06 09:22 B K:\TBH Website Temp\kids\caddo\images\burn1-sm.jpg --> uts.cc.utexas.edu /export/httpd/vhosts/texasbeyondhistory/data/kids/caddo/images burn1-sm.jpg
2003.08.06 09:22 B K:\TBH Website Temp\kids\caddo\images\burn1.html --> uts.cc.utexas.edu /export/httpd/vhosts/texasbeyondhistory/data/kids/caddo/images burn1.html
2003.08.06 09:22 B K:\TBH Website Temp\kids\caddo\images\burnbaby-lg.jpg --> uts.cc.utexas.edu /export/httpd/vhosts/texasbeyondhistory/data/kids/caddo/images burnbaby-lg.jpg
2003.08.06 09:22 B K:\TBH Website Temp\kids\caddo\images\burnbaby-sm.jpg --> uts.cc.utexas.edu /export/httpd/vhosts/texasbeyondhistory/data/kids/caddo/images burnbaby-sm.jpg
2003.08.06 09:22 B K:\TBH Website Temp\kids\caddo\images\burnbaby.html --> uts.cc.utexas.edu /export/httpd/vhosts/texasbeyondhistory/data/kids/caddo/images burnbaby.html
2003.08.06 09:22 B K:\TBH Website Temp\kids\caddo\images\burnbaby.jpg --> uts.cc.utexas.edu /export/httpd/vhosts/texasbeyondhistory/data/kids/caddo/images burnbaby.jpg
2003.08.06 09:22 B K:\TBH Website Temp\kids\caddo\images\caddointerior.gif --> uts.cc.utexas.edu /export/httpd/vhosts/texasbeyondhistory/data/kids/caddo/images caddointerior.gif
2003.08.06 09:22 B K:\TBH Website Temp\kids\caddo\images\caddointerior.html --> uts.cc.utexas.edu /export/httpd/vhosts/texasbeyondhistory/data/kids/caddo/images caddointerior.html
2003.08.06 09:22 B K:\TBH Website Temp\kids\caddo\images\caddologo-lg.gif --> uts.cc.utexas.edu /export/httpd/vhosts/texasbeyondhistory/data/kids/caddo/images caddologo-lg.gif
2003.08.06 09:22 B K:\TBH Website Temp\kids\caddo\images\caddologo-sm.gif --> uts.cc.utexas.edu /export/httpd/vhosts/texasbeyondhistory/data/kids/caddo/images caddologo-sm.gif
2003.08.06 09:22 B K:\TBH Website Temp\kids\caddo\images\caddologo.html --> uts.cc.utexas.edu /export/httpd/vhosts/texasbeyondhistory/data/kids/caddo/images caddologo.html
2003.08.06 09:22 B K:\TBH Website Temp\kids\caddo\images\CE19-C4141-lg.jpg --> uts.cc.utexas.edu /export/httpd/vhosts/texasbeyondhistory/data/kids/caddo/images CE19-C4141-lg.jpg
2003.08.06 09:22 B K:\TBH Website Temp\kids\caddo\images\CE19-C4141-sm.jpg --> uts.cc.utexas.edu /export/httpd/vhosts/texasbeyondhistory/data/kids/caddo/images CE19-C4141-sm.jpg
2003.08.06 09:22 B K:\TBH Website Temp\kids\caddo\images\CE19-C4141.html --> uts.cc.utexas.edu /export/httpd/vhosts/texasbeyondhistory/data/kids/caddo/images CE19-C4141.html
2003.08.06 09:22 B K:\TBH Website Temp\kids\caddo\images\ceremonial.jpg --> uts.cc.utexas.edu /export/httpd/vhosts/texasbeyondhistory/data/kids/caddo/images ceremonial.jpg
2003.08.06 09:22 B K:\TBH Website Temp\kids\caddo\images\ceremonialdancing-lg.jpg --> uts.cc.utexas.edu /export/httpd/vhosts/texasbeyondhistory/data/kids/caddo/images ceremonialdancing-lg.jpg
2003.08.06 09:22 B K:\TBH Website Temp\kids\caddo\images\ceremonialdancing-sm.jpg --> uts.cc.utexas.edu /export/httpd/vhosts/texasbeyondhistory/data/kids/caddo/images ceremonialdancing-sm.jpg
2003.08.06 09:22 B K:\TBH Website Temp\kids\caddo\images\ceremonialdancing.html --> uts.cc.utexas.edu /export/httpd/vhosts/texasbeyondhistory/data/kids/caddo/images ceremonialdancing.html
2003.08.06 09:22 B K:\TBH Website Temp\kids\caddo\images\chief.html --> uts.cc.utexas.edu /export/httpd/vhosts/texasbeyondhistory/data/kids/caddo/images chief.html
2003.08.06 09:22 B K:\TBH Website Temp\kids\caddo\images\chief.jpg --> uts.cc.utexas.edu /export/httpd/vhosts/texasbeyondhistory/data/kids/caddo/images chief.jpg
2003.08.06 09:22 B K:\TBH Website Temp\kids\caddo\images\clickhouse.jpg --> uts.cc.utexas.edu /export/httpd/vhosts/texasbeyondhistory/data/kids/caddo/images clickhouse.jpg
2003.08.06 09:22 B K:\TBH Website Temp\kids\caddo\images\cooking.jpg --> uts.cc.utexas.edu /export/httpd/vhosts/texasbeyondhistory/data/kids/caddo/images cooking.jpg
2003.08.06 09:22 B K:\TBH Website Temp\kids\caddo\images\corn-lg.jpg --> uts.cc.utexas.edu /export/httpd/vhosts/texasbeyondhistory/data/kids/caddo/images corn-lg.jpg
2003.08.06 09:22 B K:\TBH Website Temp\kids\caddo\images\corn-sm.jpg --> uts.cc.utexas.edu /export/httpd/vhosts/texasbeyondhistory/data/kids/caddo/images corn-sm.jpg
2003.08.06 09:22 B K:\TBH Website Temp\kids\caddo\images\corn.html --> uts.cc.utexas.edu /export/httpd/vhosts/texasbeyondhistory/data/kids/caddo/images corn.html
2003.08.06 09:22 B K:\TBH Website Temp\kids\caddo\images\cornfield-lg.jpg --> uts.cc.utexas.edu /export/httpd/vhosts/texasbeyondhistory/data/kids/caddo/images cornfield-lg.jpg
2003.08.06 09:22 B K:\TBH Website Temp\kids\caddo\images\cornfield-sm.jpg --> uts.cc.utexas.edu /export/httpd/vhosts/texasbeyondhistory/data/kids/caddo/images cornfield-sm.jpg
2003.08.06 09:22 B K:\TBH Website Temp\kids\caddo\images\cornfield.html --> uts.cc.utexas.edu /export/httpd/vhosts/texasbeyondhistory/data/kids/caddo/images cornfield.html
2003.08.06 09:22 B K:\TBH Website Temp\kids\caddo\images\crenshaw.jpg --> uts.cc.utexas.edu /export/httpd/vhosts/texasbeyondhistory/data/kids/caddo/images crenshaw.jpg
2003.08.06 09:22 B K:\TBH Website Temp\kids\caddo\images\crenshaw0017-lg.jpg --> uts.cc.utexas.edu /export/httpd/vhosts/texasbeyondhistory/data/kids/caddo/images crenshaw0017-lg.jpg
2003.08.06 09:22 B K:\TBH Website Temp\kids\caddo\images\crenshaw0017-sm.jpg --> uts.cc.utexas.edu /export/httpd/vhosts/texasbeyondhistory/data/kids/caddo/images crenshaw0017-sm.jpg
2003.08.06 09:22 B K:\TBH Website Temp\kids\caddo\images\crenshaw0017.html --> uts.cc.utexas.edu /export/httpd/vhosts/texasbeyondhistory/data/kids/caddo/images crenshaw0017.html
2003.08.06 09:22 B K:\TBH Website Temp\kids\caddo\images\cultureclub.jpg --> uts.cc.utexas.edu /export/httpd/vhosts/texasbeyondhistory/data/kids/caddo/images cultureclub.jpg
2003.08.06 09:22 B K:\TBH Website Temp\kids\caddo\images\cycle.jpg --> uts.cc.utexas.edu /export/httpd/vhosts/texasbeyondhistory/data/kids/caddo/images cycle.jpg
2003.08.06 09:22 B K:\TBH Website Temp\kids\caddo\images\davis-m25-lg.jpg --> uts.cc.utexas.edu /export/httpd/vhosts/texasbeyondhistory/data/kids/caddo/images davis-m25-lg.jpg
2003.08.06 09:22 B K:\TBH Website Temp\kids\caddo\images\davis-m25-sm.jpg --> uts.cc.utexas.edu /export/httpd/vhosts/texasbeyondhistory/data/kids/caddo/images davis-m25-sm.jpg
2003.08.06 09:22 B K:\TBH Website Temp\kids\caddo\images\davis-m25.html --> uts.cc.utexas.edu /export/httpd/vhosts/texasbeyondhistory/data/kids/caddo/images davis-m25.html
2003.08.06 09:22 B K:\TBH Website Temp\kids\caddo\images\davis-m27-lg.jpg --> uts.cc.utexas.edu /export/httpd/vhosts/texasbeyondhistory/data/kids/caddo/images davis-m27-lg.jpg
2003.08.06 09:22 B K:\TBH Website Temp\kids\caddo\images\davis-m27-sm.jpg --> uts.cc.utexas.edu /export/httpd/vhosts/texasbeyondhistory/data/kids/caddo/images davis-m27-sm.jpg
2003.08.06 09:22 B K:\TBH Website Temp\kids\caddo\images\davis-m27.html --> uts.cc.utexas.edu /export/httpd/vhosts/texasbeyondhistory/data/kids/caddo/images davis-m27.html
2003.08.06 09:22 B K:\TBH Website Temp\kids\caddo\images\deerkids.html --> uts.cc.utexas.edu /export/httpd/vhosts/texasbeyondhistory/data/kids/caddo/images deerkids.html
2003.08.06 09:22 B K:\TBH Website Temp\kids\caddo\images\deerkids.jpg --> uts.cc.utexas.edu /export/httpd/vhosts/texasbeyondhistory/data/kids/caddo/images deerkids.jpg
2003.08.06 09:22 B K:\TBH Website Temp\kids\caddo\images\dirt.jpg --> uts.cc.utexas.edu /export/httpd/vhosts/texasbeyondhistory/data/kids/caddo/images dirt.jpg
2003.08.06 09:22 B K:\TBH Website Temp\kids\caddo\images\dogartifacts-lg.jpg --> uts.cc.utexas.edu /export/httpd/vhosts/texasbeyondhistory/data/kids/caddo/images dogartifacts-lg.jpg
2003.08.06 09:22 B K:\TBH Website Temp\kids\caddo\images\dogartifacts-sm.jpg --> uts.cc.utexas.edu /export/httpd/vhosts/texasbeyondhistory/data/kids/caddo/images dogartifacts-sm.jpg
2003.08.06 09:22 B K:\TBH Website Temp\kids\caddo\images\dogartifacts.html --> uts.cc.utexas.edu /export/httpd/vhosts/texasbeyondhistory/data/kids/caddo/images dogartifacts.html
2003.08.06 09:22 B K:\TBH Website Temp\kids\caddo\images\donna.jpg --> uts.cc.utexas.edu /export/httpd/vhosts/texasbeyondhistory/data/kids/caddo/images donna.jpg
2003.08.06 09:22 B K:\TBH Website Temp\kids\caddo\images\donnaulman-lg.jpg --> uts.cc.utexas.edu /export/httpd/vhosts/texasbeyondhistory/data/kids/caddo/images donnaulman-lg.jpg
2003.08.06 09:22 B K:\TBH Website Temp\kids\caddo\images\donnaulman-sm.jpg --> uts.cc.utexas.edu /export/httpd/vhosts/texasbeyondhistory/data/kids/caddo/images donnaulman-sm.jpg
2003.08.06 09:22 B K:\TBH Website Temp\kids\caddo\images\donnaulman.html --> uts.cc.utexas.edu /export/httpd/vhosts/texasbeyondhistory/data/kids/caddo/images donnaulman.html
2003.08.06 09:22 B K:\TBH Website Temp\kids\caddo\images\dress.html --> uts.cc.utexas.edu /export/httpd/vhosts/texasbeyondhistory/data/kids/caddo/images dress.html
2003.08.06 09:22 B K:\TBH Website Temp\kids\caddo\images\dress.jpg --> uts.cc.utexas.edu /export/httpd/vhosts/texasbeyondhistory/data/kids/caddo/images dress.jpg
2003.08.06 09:22 B K:\TBH Website Temp\kids\caddo\images\drummers.jpg --> uts.cc.utexas.edu /export/httpd/vhosts/texasbeyondhistory/data/kids/caddo/images drummers.jpg
2003.08.06 09:22 B K:\TBH Website Temp\kids\caddo\images\drumming.jpg --> uts.cc.utexas.edu /export/httpd/vhosts/texasbeyondhistory/data/kids/caddo/images drumming.jpg
2003.08.06 09:22 B K:\TBH Website Temp\kids\caddo\images\earlywoman.jpg --> uts.cc.utexas.edu /export/httpd/vhosts/texasbeyondhistory/data/kids/caddo/images earlywoman.jpg
2003.08.06 09:22 B K:\TBH Website Temp\kids\caddo\images\effigy-lg.jpg --> uts.cc.utexas.edu /export/httpd/vhosts/texasbeyondhistory/data/kids/caddo/images effigy-lg.jpg
2003.08.06 09:22 B K:\TBH Website Temp\kids\caddo\images\effigy-sm.jpg --> uts.cc.utexas.edu /export/httpd/vhosts/texasbeyondhistory/data/kids/caddo/images effigy-sm.jpg
2003.08.06 09:22 B K:\TBH Website Temp\kids\caddo\images\effigy.html --> uts.cc.utexas.edu /export/httpd/vhosts/texasbeyondhistory/data/kids/caddo/images effigy.html
2003.08.06 09:22 B K:\TBH Website Temp\kids\caddo\images\farmsteads-lg.jpg --> uts.cc.utexas.edu /export/httpd/vhosts/texasbeyondhistory/data/kids/caddo/images farmsteads-lg.jpg
2003.08.06 09:22 B K:\TBH Website Temp\kids\caddo\images\farmsteads-sm.jpg --> uts.cc.utexas.edu /export/httpd/vhosts/texasbeyondhistory/data/kids/caddo/images farmsteads-sm.jpg
2003.08.06 09:22 B K:\TBH Website Temp\kids\caddo\images\farmsteads.html --> uts.cc.utexas.edu /export/httpd/vhosts/texasbeyondhistory/data/kids/caddo/images farmsteads.html
2003.08.06 09:22 B K:\TBH Website Temp\kids\caddo\images\finished house-lg.jpg --> uts.cc.utexas.edu /export/httpd/vhosts/texasbeyondhistory/data/kids/caddo/images finished house-lg.jpg
2003.08.06 09:22 B K:\TBH Website Temp\kids\caddo\images\finished house-sm.jpg --> uts.cc.utexas.edu /export/httpd/vhosts/texasbeyondhistory/data/kids/caddo/images finished house-sm.jpg
2003.08.06 09:22 B K:\TBH Website Temp\kids\caddo\images\finishedhouse.html --> uts.cc.utexas.edu /export/httpd/vhosts/texasbeyondhistory/data/kids/caddo/images finishedhouse.html
2003.08.06 09:22 B K:\TBH Website Temp\kids\caddo\images\fire.gif --> uts.cc.utexas.edu /export/httpd/vhosts/texasbeyondhistory/data/kids/caddo/images fire.gif
2003.08.06 09:22 B K:\TBH Website Temp\kids\caddo\images\food.html --> uts.cc.utexas.edu /export/httpd/vhosts/texasbeyondhistory/data/kids/caddo/images food.html
2003.08.06 09:22 B K:\TBH Website Temp\kids\caddo\images\food.jpg --> uts.cc.utexas.edu /export/httpd/vhosts/texasbeyondhistory/data/kids/caddo/images food.jpg
2003.08.06 09:22 B K:\TBH Website Temp\kids\caddo\images\food2.jpg --> uts.cc.utexas.edu /export/httpd/vhosts/texasbeyondhistory/data/kids/caddo/images food2.jpg
2003.08.06 09:22 B K:\TBH Website Temp\kids\caddo\images\frame-lg.jpg --> uts.cc.utexas.edu /export/httpd/vhosts/texasbeyondhistory/data/kids/caddo/images frame-lg.jpg
2003.08.06 09:22 B K:\TBH Website Temp\kids\caddo\images\frame-sm.jpg --> uts.cc.utexas.edu /export/httpd/vhosts/texasbeyondhistory/data/kids/caddo/images frame-sm.jpg
2003.08.06 09:22 B K:\TBH Website Temp\kids\caddo\images\frame.html --> uts.cc.utexas.edu /export/httpd/vhosts/texasbeyondhistory/data/kids/caddo/images frame.html
2003.08.06 09:22 B K:\TBH Website Temp\kids\caddo\images\grassingup-lg.jpg --> uts.cc.utexas.edu /export/httpd/vhosts/texasbeyondhistory/data/kids/caddo/images grassingup-lg.jpg
2003.08.06 09:22 B K:\TBH Website Temp\kids\caddo\images\grassingup-sm.jpg --> uts.cc.utexas.edu /export/httpd/vhosts/texasbeyondhistory/data/kids/caddo/images grassingup-sm.jpg
2003.08.06 09:22 B K:\TBH Website Temp\kids\caddo\images\grassingup.html --> uts.cc.utexas.edu /export/httpd/vhosts/texasbeyondhistory/data/kids/caddo/images grassingup.html
2003.08.06 09:22 B K:\TBH Website Temp\kids\caddo\images\grinding.html --> uts.cc.utexas.edu /export/httpd/vhosts/texasbeyondhistory/data/kids/caddo/images grinding.html
2003.08.06 09:22 B K:\TBH Website Temp\kids\caddo\images\grinding.jpg --> uts.cc.utexas.edu /export/httpd/vhosts/texasbeyondhistory/data/kids/caddo/images grinding.jpg
2003.08.06 09:22 B K:\TBH Website Temp\kids\caddo\images\hammer-lg.jpg --> uts.cc.utexas.edu /export/httpd/vhosts/texasbeyondhistory/data/kids/caddo/images hammer-lg.jpg
2003.08.06 09:22 B K:\TBH Website Temp\kids\caddo\images\hammer-sm.jpg --> uts.cc.utexas.edu /export/httpd/vhosts/texasbeyondhistory/data/kids/caddo/images hammer-sm.jpg
2003.08.06 09:22 B K:\TBH Website Temp\kids\caddo\images\hammer.html --> uts.cc.utexas.edu /export/httpd/vhosts/texasbeyondhistory/data/kids/caddo/images hammer.html
2003.08.06 09:22 B K:\TBH Website Temp\kids\caddo\images\HATCHEL-DC3-2-lg.jpg --> uts.cc.utexas.edu /export/httpd/vhosts/texasbeyondhistory/data/kids/caddo/images HATCHEL-DC3-2-lg.jpg
2003.08.06 09:22 B K:\TBH Website Temp\kids\caddo\images\HATCHEL-DC3-2-sm.jpg --> uts.cc.utexas.edu /export/httpd/vhosts/texasbeyondhistory/data/kids/caddo/images HATCHEL-DC3-2-sm.jpg
2003.08.06 09:22 B K:\TBH Website Temp\kids\caddo\images\HATCHEL-DC3-2.html --> uts.cc.utexas.edu /export/httpd/vhosts/texasbeyondhistory/data/kids/caddo/images HATCHEL-DC3-2.html
2003.08.06 09:22 B K:\TBH Website Temp\kids\caddo\images\HatchelMap3-lg.gif --> uts.cc.utexas.edu /export/httpd/vhosts/texasbeyondhistory/data/kids/caddo/images HatchelMap3-lg.gif
2003.08.06 09:22 B K:\TBH Website Temp\kids\caddo\images\HatchelMap3.gif --> uts.cc.utexas.edu /export/httpd/vhosts/texasbeyondhistory/data/kids/caddo/images HatchelMap3.gif
2003.08.06 09:22 B K:\TBH Website Temp\kids\caddo\images\houseshaw-lg.jpg --> uts.cc.utexas.edu /export/httpd/vhosts/texasbeyondhistory/data/kids/caddo/images houseshaw-lg.jpg
2003.08.06 09:22 B K:\TBH Website Temp\kids\caddo\images\houseshaw-sm.jpg --> uts.cc.utexas.edu /export/httpd/vhosts/texasbeyondhistory/data/kids/caddo/images houseshaw-sm.jpg
2003.08.06 09:22 B K:\TBH Website Temp\kids\caddo\images\houseshaw.html --> uts.cc.utexas.edu /export/httpd/vhosts/texasbeyondhistory/data/kids/caddo/images houseshaw.html
2003.08.06 09:22 B K:\TBH Website Temp\kids\caddo\images\hunksonhouse-lg.jpg --> uts.cc.utexas.edu /export/httpd/vhosts/texasbeyondhistory/data/kids/caddo/images hunksonhouse-lg.jpg
2003.08.06 09:22 B K:\TBH Website Temp\kids\caddo\images\hunksonhouse-sm.jpg --> uts.cc.utexas.edu /export/httpd/vhosts/texasbeyondhistory/data/kids/caddo/images hunksonhouse-sm.jpg
2003.08.06 09:22 B K:\TBH Website Temp\kids\caddo\images\hunksonhouse.html --> uts.cc.utexas.edu /export/httpd/vhosts/texasbeyondhistory/data/kids/caddo/images hunksonhouse.html
2003.08.06 09:22 B K:\TBH Website Temp\kids\caddo\images\ignite-lg.jpg --> uts.cc.utexas.edu /export/httpd/vhosts/texasbeyondhistory/data/kids/caddo/images ignite-lg.jpg
2003.08.06 09:22 B K:\TBH Website Temp\kids\caddo\images\ignite-sm.jpg --> uts.cc.utexas.edu /export/httpd/vhosts/texasbeyondhistory/data/kids/caddo/images ignite-sm.jpg
2003.08.06 09:22 B K:\TBH Website Temp\kids\caddo\images\ignite.html --> uts.cc.utexas.edu /export/httpd/vhosts/texasbeyondhistory/data/kids/caddo/images ignite.html
2003.08.06 09:22 B K:\TBH Website Temp\kids\caddo\images\indian_corn-lg.jpg --> uts.cc.utexas.edu /export/httpd/vhosts/texasbeyondhistory/data/kids/caddo/images indian_corn-lg.jpg
2003.08.06 09:22 B K:\TBH Website Temp\kids\caddo\images\indian_corn-sm.jpg --> uts.cc.utexas.edu /export/httpd/vhosts/texasbeyondhistory/data/kids/caddo/images indian_corn-sm.jpg
2003.08.06 09:22 B K:\TBH Website Temp\kids\caddo\images\indian_corn.html --> uts.cc.utexas.edu /export/httpd/vhosts/texasbeyondhistory/data/kids/caddo/images indian_corn.html
2003.08.06 09:22 B K:\TBH Website Temp\kids\caddo\images\inside.jpg --> uts.cc.utexas.edu /export/httpd/vhosts/texasbeyondhistory/data/kids/caddo/images inside.jpg
2003.08.06 09:22 B K:\TBH Website Temp\kids\caddo\images\jerribottles.jpg --> uts.cc.utexas.edu /export/httpd/vhosts/texasbeyondhistory/data/kids/caddo/images jerribottles.jpg
2003.08.06 09:22 B K:\TBH Website Temp\kids\caddo\images\kaleidoscope-lg.jpg --> uts.cc.utexas.edu /export/httpd/vhosts/texasbeyondhistory/data/kids/caddo/images kaleidoscope-lg.jpg
2003.08.06 09:22 B K:\TBH Website Temp\kids\caddo\images\kaleidoscope-sm.jpg --> uts.cc.utexas.edu /export/httpd/vhosts/texasbeyondhistory/data/kids/caddo/images kaleidoscope-sm.jpg
2003.08.06 09:22 B K:\TBH Website Temp\kids\caddo\images\kaleidoscope.html --> uts.cc.utexas.edu /export/httpd/vhosts/texasbeyondhistory/data/kids/caddo/images kaleidoscope.html
2003.08.06 09:22 B K:\TBH Website Temp\kids\caddo\images\latecaddo-lg.jpg --> uts.cc.utexas.edu /export/httpd/vhosts/texasbeyondhistory/data/kids/caddo/images latecaddo-lg.jpg
2003.08.06 09:22 B K:\TBH Website Temp\kids\caddo\images\latecaddo-sm.jpg --> uts.cc.utexas.edu /export/httpd/vhosts/texasbeyondhistory/data/kids/caddo/images latecaddo-sm.jpg
2003.08.06 09:22 B K:\TBH Website Temp\kids\caddo\images\leather-lg.jpg --> uts.cc.utexas.edu /export/httpd/vhosts/texasbeyondhistory/data/kids/caddo/images leather-lg.jpg
2003.08.06 09:22 B K:\TBH Website Temp\kids\caddo\images\leather-sm.jpg --> uts.cc.utexas.edu /export/httpd/vhosts/texasbeyondhistory/data/kids/caddo/images leather-sm.jpg
2003.08.06 09:22 B K:\TBH Website Temp\kids\caddo\images\leather.html --> uts.cc.utexas.edu /export/httpd/vhosts/texasbeyondhistory/data/kids/caddo/images leather.html
2003.08.06 09:22 B K:\TBH Website Temp\kids\caddo\images\left.gif --> uts.cc.utexas.edu /export/httpd/vhosts/texasbeyondhistory/data/kids/caddo/images left.gif
2003.08.06 09:22 B K:\TBH Website Temp\kids\caddo\images\legwork-lg.jpg --> uts.cc.utexas.edu /export/httpd/vhosts/texasbeyondhistory/data/kids/caddo/images legwork-lg.jpg
2003.08.06 09:22 B K:\TBH Website Temp\kids\caddo\images\legwork-sm.jpg --> uts.cc.utexas.edu /export/httpd/vhosts/texasbeyondhistory/data/kids/caddo/images legwork-sm.jpg
2003.08.06 09:22 B K:\TBH Website Temp\kids\caddo\images\legwork.html --> uts.cc.utexas.edu /export/httpd/vhosts/texasbeyondhistory/data/kids/caddo/images legwork.html
2003.08.06 09:22 B K:\TBH Website Temp\kids\caddo\images\lemmenwilliams.jpg --> uts.cc.utexas.edu /export/httpd/vhosts/texasbeyondhistory/data/kids/caddo/images lemmenwilliams.jpg
2003.08.06 09:22 B K:\TBH Website Temp\kids\caddo\images\mds_plant_mat-lg.jpg --> uts.cc.utexas.edu /export/httpd/vhosts/texasbeyondhistory/data/kids/caddo/images mds_plant_mat-lg.jpg
2003.08.06 09:22 B K:\TBH Website Temp\kids\caddo\images\mds_plant_mat-sm.jpg --> uts.cc.utexas.edu /export/httpd/vhosts/texasbeyondhistory/data/kids/caddo/images mds_plant_mat-sm.jpg
2003.08.06 09:22 B K:\TBH Website Temp\kids\caddo\images\mds_plant_mat.html --> uts.cc.utexas.edu /export/httpd/vhosts/texasbeyondhistory/data/kids/caddo/images mds_plant_mat.html
2003.08.06 09:22 B K:\TBH Website Temp\kids\caddo\images\miranda.jpg --> uts.cc.utexas.edu /export/httpd/vhosts/texasbeyondhistory/data/kids/caddo/images miranda.jpg
2003.08.06 09:22 B K:\TBH Website Temp\kids\caddo\images\mysterymain.jpg --> uts.cc.utexas.edu /export/httpd/vhosts/texasbeyondhistory/data/kids/caddo/images mysterymain.jpg
2003.08.06 09:22 B K:\TBH Website Temp\kids\caddo\images\nelsonvillage-lg.jpg --> uts.cc.utexas.edu /export/httpd/vhosts/texasbeyondhistory/data/kids/caddo/images nelsonvillage-lg.jpg
2003.08.06 09:22 B K:\TBH Website Temp\kids\caddo\images\nelsonvillage-sm.jpg --> uts.cc.utexas.edu /export/httpd/vhosts/texasbeyondhistory/data/kids/caddo/images nelsonvillage-sm.jpg
2003.08.06 09:22 B K:\TBH Website Temp\kids\caddo\images\nelsonvillage.html --> uts.cc.utexas.edu /export/httpd/vhosts/texasbeyondhistory/data/kids/caddo/images nelsonvillage.html
2003.08.06 09:22 B K:\TBH Website Temp\kids\caddo\images\notmuch-lg.jpg --> uts.cc.utexas.edu /export/httpd/vhosts/texasbeyondhistory/data/kids/caddo/images notmuch-lg.jpg
2003.08.06 09:22 B K:\TBH Website Temp\kids\caddo\images\notmuch-sm.jpg --> uts.cc.utexas.edu /export/httpd/vhosts/texasbeyondhistory/data/kids/caddo/images notmuch-sm.jpg
2003.08.06 09:22 B K:\TBH Website Temp\kids\caddo\images\notmuch.html --> uts.cc.utexas.edu /export/httpd/vhosts/texasbeyondhistory/data/kids/caddo/images notmuch.html
2003.08.06 09:22 B K:\TBH Website Temp\kids\caddo\images\oldnew.html --> uts.cc.utexas.edu /export/httpd/vhosts/texasbeyondhistory/data/kids/caddo/images oldnew.html
2003.08.06 09:22 B K:\TBH Website Temp\kids\caddo\images\oldnew.jpg --> uts.cc.utexas.edu /export/httpd/vhosts/texasbeyondhistory/data/kids/caddo/images oldnew.jpg
2003.08.06 09:22 B K:\TBH Website Temp\kids\caddo\images\persimmons-lg.jpg --> uts.cc.utexas.edu /export/httpd/vhosts/texasbeyondhistory/data/kids/caddo/images persimmons-lg.jpg
2003.08.06 09:22 B K:\TBH Website Temp\kids\caddo\images\persimmons.html --> uts.cc.utexas.edu /export/httpd/vhosts/texasbeyondhistory/data/kids/caddo/images persimmons.html
2003.08.06 09:22 B K:\TBH Website Temp\kids\caddo\images\pine-lg.jpg --> uts.cc.utexas.edu /export/httpd/vhosts/texasbeyondhistory/data/kids/caddo/images pine-lg.jpg
2003.08.06 09:22 B K:\TBH Website Temp\kids\caddo\images\pine-sm.jpg --> uts.cc.utexas.edu /export/httpd/vhosts/texasbeyondhistory/data/kids/caddo/images pine-sm.jpg
2003.08.06 09:22 B K:\TBH Website Temp\kids\caddo\images\pine.html --> uts.cc.utexas.edu /export/httpd/vhosts/texasbeyondhistory/data/kids/caddo/images pine.html
2003.08.06 09:22 B K:\TBH Website Temp\kids\caddo\images\pipemaker.html --> uts.cc.utexas.edu /export/httpd/vhosts/texasbeyondhistory/data/kids/caddo/images pipemaker.html
2003.08.06 09:22 B K:\TBH Website Temp\kids\caddo\images\pipemaker.jpg --> uts.cc.utexas.edu /export/httpd/vhosts/texasbeyondhistory/data/kids/caddo/images pipemaker.jpg
2003.08.06 09:22 B K:\TBH Website Temp\kids\caddo\images\polecarry-lg.gif --> uts.cc.utexas.edu /export/httpd/vhosts/texasbeyondhistory/data/kids/caddo/images polecarry-lg.gif
2003.08.06 09:22 B K:\TBH Website Temp\kids\caddo\images\polecarry-sm.gif --> uts.cc.utexas.edu /export/httpd/vhosts/texasbeyondhistory/data/kids/caddo/images polecarry-sm.gif
2003.08.06 09:22 B K:\TBH Website Temp\kids\caddo\images\polecarry.html --> uts.cc.utexas.edu /export/httpd/vhosts/texasbeyondhistory/data/kids/caddo/images polecarry.html
2003.08.06 09:22 B K:\TBH Website Temp\kids\caddo\images\redbird.jpg --> uts.cc.utexas.edu /export/httpd/vhosts/texasbeyondhistory/data/kids/caddo/images redbird.jpg
2003.08.06 09:22 B K:\TBH Website Temp\kids\caddo\images\redcorn.jpg --> uts.cc.utexas.edu /export/httpd/vhosts/texasbeyondhistory/data/kids/caddo/images redcorn.jpg
2003.08.06 09:22 B K:\TBH Website Temp\kids\caddo\images\right.gif --> uts.cc.utexas.edu /export/httpd/vhosts/texasbeyondhistory/data/kids/caddo/images right.gif
2003.08.06 09:22 B K:\TBH Website Temp\kids\caddo\images\roof.jpg --> uts.cc.utexas.edu /export/httpd/vhosts/texasbeyondhistory/data/kids/caddo/images roof.jpg
2003.08.06 09:22 B K:\TBH Website Temp\kids\caddo\images\sarah.jpg --> uts.cc.utexas.edu /export/httpd/vhosts/texasbeyondhistory/data/kids/caddo/images sarah.jpg
2003.08.06 09:22 B K:\TBH Website Temp\kids\caddo\images\slideshow.gif --> uts.cc.utexas.edu /export/httpd/vhosts/texasbeyondhistory/data/kids/caddo/images slideshow.gif
2003.08.06 09:22 B K:\TBH Website Temp\kids\caddo\images\slumpo-lg.jpg --> uts.cc.utexas.edu /export/httpd/vhosts/texasbeyondhistory/data/kids/caddo/images slumpo-lg.jpg
2003.08.06 09:22 B K:\TBH Website Temp\kids\caddo\images\slumpo-sm.jpg --> uts.cc.utexas.edu /export/httpd/vhosts/texasbeyondhistory/data/kids/caddo/images slumpo-sm.jpg
2003.08.06 09:22 B K:\TBH Website Temp\kids\caddo\images\slumpo.html --> uts.cc.utexas.edu /export/httpd/vhosts/texasbeyondhistory/data/kids/caddo/images slumpo.html
2003.08.06 09:22 B K:\TBH Website Temp\kids\caddo\images\steveedmonds.jpg --> uts.cc.utexas.edu /export/httpd/vhosts/texasbeyondhistory/data/kids/caddo/images steveedmonds.jpg
2003.08.06 09:22 B K:\TBH Website Temp\kids\caddo\images\storagebin.gif --> uts.cc.utexas.edu /export/httpd/vhosts/texasbeyondhistory/data/kids/caddo/images storagebin.gif
2003.08.06 09:22 B K:\TBH Website Temp\kids\caddo\images\stuff.jpg --> uts.cc.utexas.edu /export/httpd/vhosts/texasbeyondhistory/data/kids/caddo/images stuff.jpg
2003.08.06 09:22 B K:\TBH Website Temp\kids\caddo\images\sunflowergirl.gif --> uts.cc.utexas.edu /export/httpd/vhosts/texasbeyondhistory/data/kids/caddo/images sunflowergirl.gif
2003.08.06 09:22 B K:\TBH Website Temp\kids\caddo\images\t-shirtguy-lg.jpg --> uts.cc.utexas.edu /export/httpd/vhosts/texasbeyondhistory/data/kids/caddo/images t-shirtguy-lg.jpg
2003.08.06 09:22 B K:\TBH Website Temp\kids\caddo\images\t-shirtguy-sm.jpg --> uts.cc.utexas.edu /export/httpd/vhosts/texasbeyondhistory/data/kids/caddo/images t-shirtguy-sm.jpg
2003.08.06 09:23 B K:\TBH Website Temp\kids\caddo\images\t-shirtguy.html --> uts.cc.utexas.edu /export/httpd/vhosts/texasbeyondhistory/data/kids/caddo/images t-shirtguy.html
2003.08.06 09:23 B K:\TBH Website Temp\kids\caddo\images\teetering-lg.jpg --> uts.cc.utexas.edu /export/httpd/vhosts/texasbeyondhistory/data/kids/caddo/images teetering-lg.jpg
2003.08.06 09:23 B K:\TBH Website Temp\kids\caddo\images\teetering-sm.jpg --> uts.cc.utexas.edu /export/httpd/vhosts/texasbeyondhistory/data/kids/caddo/images teetering-sm.jpg
2003.08.06 09:23 B K:\TBH Website Temp\kids\caddo\images\teetering.html --> uts.cc.utexas.edu /export/httpd/vhosts/texasbeyondhistory/data/kids/caddo/images teetering.html
2003.08.06 09:23 B K:\TBH Website Temp\kids\caddo\images\teetering.jpg --> uts.cc.utexas.edu /export/httpd/vhosts/texasbeyondhistory/data/kids/caddo/images teetering.jpg
2003.08.06 09:23 B K:\TBH Website Temp\kids\caddo\images\temple.jpg --> uts.cc.utexas.edu /export/httpd/vhosts/texasbeyondhistory/data/kids/caddo/images temple.jpg
2003.08.06 09:23 B K:\TBH Website Temp\kids\caddo\images\thatch-lg.jpg --> uts.cc.utexas.edu /export/httpd/vhosts/texasbeyondhistory/data/kids/caddo/images thatch-lg.jpg
2003.08.06 09:23 B K:\TBH Website Temp\kids\caddo\images\thatch-sm.jpg --> uts.cc.utexas.edu /export/httpd/vhosts/texasbeyondhistory/data/kids/caddo/images thatch-sm.jpg
2003.08.06 09:23 B K:\TBH Website Temp\kids\caddo\images\thatch.html --> uts.cc.utexas.edu /export/httpd/vhosts/texasbeyondhistory/data/kids/caddo/images thatch.html
2003.08.06 09:23 B K:\TBH Website Temp\kids\caddo\images\thatchpeople-lg.jpg --> uts.cc.utexas.edu /export/httpd/vhosts/texasbeyondhistory/data/kids/caddo/images thatchpeople-lg.jpg
2003.08.06 09:23 B K:\TBH Website Temp\kids\caddo\images\thatchpeople-sm.jpg --> uts.cc.utexas.edu /export/httpd/vhosts/texasbeyondhistory/data/kids/caddo/images thatchpeople-sm.jpg
2003.08.06 09:23 B K:\TBH Website Temp\kids\caddo\images\thatchpeople.html --> uts.cc.utexas.edu /export/httpd/vhosts/texasbeyondhistory/data/kids/caddo/images thatchpeople.html
2003.08.06 09:23 B K:\TBH Website Temp\kids\caddo\images\tinyhatchel.html --> uts.cc.utexas.edu /export/httpd/vhosts/texasbeyondhistory/data/kids/caddo/images tinyhatchel.html
2003.08.06 09:23 B K:\TBH Website Temp\kids\caddo\images\tinyhatchell-lg.gif --> uts.cc.utexas.edu /export/httpd/vhosts/texasbeyondhistory/data/kids/caddo/images tinyhatchell-lg.gif
2003.08.06 09:23 B K:\TBH Website Temp\kids\caddo\images\tinyhatchell-sm.gif --> uts.cc.utexas.edu /export/httpd/vhosts/texasbeyondhistory/data/kids/caddo/images tinyhatchell-sm.gif
2003.08.06 09:23 B K:\TBH Website Temp\kids\caddo\images\top-lg.jpg --> uts.cc.utexas.edu /export/httpd/vhosts/texasbeyondhistory/data/kids/caddo/images top-lg.jpg
2003.08.06 09:23 B K:\TBH Website Temp\kids\caddo\images\top-sm.jpg --> uts.cc.utexas.edu /export/httpd/vhosts/texasbeyondhistory/data/kids/caddo/images top-sm.jpg
2003.08.06 09:23 B K:\TBH Website Temp\kids\caddo\images\top.html --> uts.cc.utexas.edu /export/httpd/vhosts/texasbeyondhistory/data/kids/caddo/images top.html
2003.08.06 09:23 B K:\TBH Website Temp\kids\caddo\images\trade.html --> uts.cc.utexas.edu /export/httpd/vhosts/texasbeyondhistory/data/kids/caddo/images trade.html
2003.08.06 09:23 B K:\TBH Website Temp\kids\caddo\images\trade.jpg --> uts.cc.utexas.edu /export/httpd/vhosts/texasbeyondhistory/data/kids/caddo/images trade.jpg
2003.08.06 09:23 B K:\TBH Website Temp\kids\caddo\images\tree.jpg --> uts.cc.utexas.edu /export/httpd/vhosts/texasbeyondhistory/data/kids/caddo/images tree.jpg
2003.08.06 09:23 B K:\TBH Website Temp\kids\caddo\images\turkeydance1.jpg --> uts.cc.utexas.edu /export/httpd/vhosts/texasbeyondhistory/data/kids/caddo/images turkeydance1.jpg
2003.08.06 09:23 B K:\TBH Website Temp\kids\caddo\images\turkeydance2.jpg --> uts.cc.utexas.edu /export/httpd/vhosts/texasbeyondhistory/data/kids/caddo/images turkeydance2.jpg
2003.08.06 09:23 B K:\TBH Website Temp\kids\caddo\images\village.html --> uts.cc.utexas.edu /export/httpd/vhosts/texasbeyondhistory/data/kids/caddo/images village.html
2003.08.06 09:23 B K:\TBH Website Temp\kids\caddo\images\weaving-lg.jpg --> uts.cc.utexas.edu /export/httpd/vhosts/texasbeyondhistory/data/kids/caddo/images weaving-lg.jpg
2003.08.06 09:23 B K:\TBH Website Temp\kids\caddo\images\weaving-sm.jpg --> uts.cc.utexas.edu /export/httpd/vhosts/texasbeyondhistory/data/kids/caddo/images weaving-sm.jpg
2003.08.06 09:23 B K:\TBH Website Temp\kids\caddo\images\weaving.html --> uts.cc.utexas.edu /export/httpd/vhosts/texasbeyondhistory/data/kids/caddo/images weaving.html
2003.08.06 09:23 B K:\TBH Website Temp\kids\caddo\images\wimpy.jpg --> uts.cc.utexas.edu /export/httpd/vhosts/texasbeyondhistory/data/kids/caddo/images wimpy.jpg
2003.08.06 09:23 B K:\TBH Website Temp\kids\caddo\images\wiring-lg.jpg --> uts.cc.utexas.edu /export/httpd/vhosts/texasbeyondhistory/data/kids/caddo/images wiring-lg.jpg
2003.08.06 09:23 B K:\TBH Website Temp\kids\caddo\images\wiring-sm.jpg --> uts.cc.utexas.edu /export/httpd/vhosts/texasbeyondhistory/data/kids/caddo/images wiring-sm.jpg
2003.08.06 09:23 B K:\TBH Website Temp\kids\caddo\images\wiring.html --> uts.cc.utexas.edu /export/httpd/vhosts/texasbeyondhistory/data/kids/caddo/images wiring.html
2003.08.14 17:42 B K:\TBH Website Temp\kids\caddo\images\museum.jpg --> uts.cc.utexas.edu /export/httpd/vhosts/texasbeyondhistory/data/kids/caddo/images museum.jpg
2003.08.14 17:42 B K:\TBH Website Temp\kids\caddo\images\trade.html --> uts.cc.utexas.edu /export/httpd/vhosts/texasbeyondhistory/data/kids/caddo/images trade.html
2003.08.14 17:42 B K:\TBH Website Temp\kids\caddo\images\teran-schematic.html --> uts.cc.utexas.edu /export/httpd/vhosts/texasbeyondhistory/data/kids/caddo/images teran-schematic.html
2003.08.14 17:42 B K:\TBH Website Temp\kids\caddo\images\teran-schematic-sm.jpg --> uts.cc.utexas.edu /export/httpd/vhosts/texasbeyondhistory/data/kids/caddo/images teran-schematic-sm.jpg
2003.08.14 17:42 B K:\TBH Website Temp\kids\caddo\images\teran-schematic-lg.jpg --> uts.cc.utexas.edu /export/httpd/vhosts/texasbeyondhistory/data/kids/caddo/images teran-schematic-lg.jpg
2003.08.14 17:42 B K:\TBH Website Temp\kids\caddo\images\tatooguys-new.jpg --> uts.cc.utexas.edu /export/httpd/vhosts/texasbeyondhistory/data/kids/caddo/images tatooguys-new.jpg
2003.08.14 17:42 B K:\TBH Website Temp\kids\caddo\images\searchingmain.jpg --> uts.cc.utexas.edu /export/httpd/vhosts/texasbeyondhistory/data/kids/caddo/images searchingmain.jpg
2003.08.14 17:42 B K:\TBH Website Temp\kids\caddo\images\crenshaw.jpg --> uts.cc.utexas.edu /export/httpd/vhosts/texasbeyondhistory/data/kids/caddo/images crenshaw.jpg
2003.08.14 17:42 B K:\TBH Website Temp\kids\caddo\images\WS_FTP.LOG --> uts.cc.utexas.edu /export/httpd/vhosts/texasbeyondhistory/data/kids/caddo/images WS_FTP.LOG
