2007.09.25 11:29 B K:\TBH Website Temp\paso\credits.html --> uts.cc.utexas.edu /export/httpd/vhosts/texasbeyondhistory/data/protect/paso credits.html
2007.09.25 11:29 B K:\TBH Website Temp\paso\excavations.html --> uts.cc.utexas.edu /export/httpd/vhosts/texasbeyondhistory/data/protect/paso excavations.html
2007.09.25 11:29 B K:\TBH Website Temp\paso\explorers.html --> uts.cc.utexas.edu /export/httpd/vhosts/texasbeyondhistory/data/protect/paso explorers.html
2007.09.25 11:29 B K:\TBH Website Temp\paso\index.html --> uts.cc.utexas.edu /export/httpd/vhosts/texasbeyondhistory/data/protect/paso index.html
2007.09.25 11:29 B K:\TBH Website Temp\paso\investigations.html --> uts.cc.utexas.edu /export/httpd/vhosts/texasbeyondhistory/data/protect/paso investigations.html
2007.09.26 08:01 B K:\TBH Website Temp\paso\investigations.html --> uts.cc.utexas.edu /export/httpd/vhosts/texasbeyondhistory/data/protect/paso investigations.html
2007.09.26 08:01 B K:\TBH Website Temp\paso\explorers.html --> uts.cc.utexas.edu /export/httpd/vhosts/texasbeyondhistory/data/protect/paso explorers.html
2007.09.26 08:01 B K:\TBH Website Temp\paso\index.html --> uts.cc.utexas.edu /export/httpd/vhosts/texasbeyondhistory/data/protect/paso index.html
2007.09.28 07:56 B K:\TBH Website Temp\paso\index.html --> uts.cc.utexas.edu /export/httpd/vhosts/texasbeyondhistory/data/protect/paso index.html
2007.09.28 15:06 B K:\TBH Website Temp\paso\investigations.html --> uts.cc.utexas.edu /export/httpd/vhosts/texasbeyondhistory/data/protect/paso investigations.html
2007.09.28 15:06 B K:\TBH Website Temp\paso\explorers.html --> uts.cc.utexas.edu /export/httpd/vhosts/texasbeyondhistory/data/protect/paso explorers.html
2007.10.01 15:27 B K:\TBH Website Temp\paso\investigations.html --> uts.cc.utexas.edu /export/httpd/vhosts/texasbeyondhistory/data/protect/paso investigations.html
2007.10.01 15:28 B K:\TBH Website Temp\paso\investigations.html --> uts.cc.utexas.edu /export/httpd/vhosts/texasbeyondhistory/data/protect/paso investigations.html
2007.10.02 08:52 B K:\TBH Website Temp\paso\investigations.html --> uts.cc.utexas.edu /export/httpd/vhosts/texasbeyondhistory/data/protect/paso investigations.html
2007.10.16 10:04 B K:\TBH Website Temp\paso\kids.html --> uts.cc.utexas.edu /export/httpd/vhosts/texasbeyondhistory/data/protect/paso kids.html
2007.10.16 10:08 B K:\TBH Website Temp\paso\credits.html --> uts.cc.utexas.edu /export/httpd/vhosts/texasbeyondhistory/data/protect/paso credits.html
2007.10.16 10:08 B K:\TBH Website Temp\paso\excavations.html --> uts.cc.utexas.edu /export/httpd/vhosts/texasbeyondhistory/data/protect/paso excavations.html
2007.10.16 10:09 B K:\TBH Website Temp\paso\history.html --> uts.cc.utexas.edu /export/httpd/vhosts/texasbeyondhistory/data/protect/paso history.html
2007.10.16 10:09 B K:\TBH Website Temp\paso\index.html --> uts.cc.utexas.edu /export/httpd/vhosts/texasbeyondhistory/data/protect/paso index.html
2007.10.23 13:23 B K:\TBH Website Temp\paso\index.html --> uts.cc.utexas.edu /export/httpd/vhosts/texasbeyondhistory/data/protect/paso index.html
2007.11.02 15:07 B K:\TBH Website Temp\paso\history.html --> uts.cc.utexas.edu /export/httpd/vhosts/texasbeyondhistory/data/protect/paso history.html
2007.11.12 15:52 B K:\TBH Website Temp\paso\history.html --> uts.cc.utexas.edu /export/httpd/vhosts/texasbeyondhistory/data/protect/paso history.html
2007.11.12 15:52 B K:\TBH Website Temp\paso\index.html --> uts.cc.utexas.edu /export/httpd/vhosts/texasbeyondhistory/data/protect/paso index.html
2007.11.29 15:19 B K:\TBH Website Temp\paso\investigations.html --> uts.cc.utexas.edu /export/httpd/vhosts/texasbeyondhistory/data/protect/paso investigations.html
2007.11.29 15:19 B K:\TBH Website Temp\paso\index.html --> uts.cc.utexas.edu /export/httpd/vhosts/texasbeyondhistory/data/protect/paso index.html
2007.12.21 16:44 B L:\TBH Website Temp\paso\teach.html --> uts.cc.utexas.edu /export/httpd/vhosts/texasbeyondhistory/data/protect/paso teach.html
2007.12.21 16:44 B L:\TBH Website Temp\paso\kids.html --> uts.cc.utexas.edu /export/httpd/vhosts/texasbeyondhistory/data/protect/paso kids.html
2007.12.21 16:44 B L:\TBH Website Temp\paso\investigations.html --> uts.cc.utexas.edu /export/httpd/vhosts/texasbeyondhistory/data/protect/paso investigations.html
2007.12.21 16:44 B L:\TBH Website Temp\paso\index.html --> uts.cc.utexas.edu /export/httpd/vhosts/texasbeyondhistory/data/protect/paso index.html
2007.12.21 16:44 B L:\TBH Website Temp\paso\history.html --> uts.cc.utexas.edu /export/httpd/vhosts/texasbeyondhistory/data/protect/paso history.html
2007.12.21 16:44 B L:\TBH Website Temp\paso\excavations.html --> uts.cc.utexas.edu /export/httpd/vhosts/texasbeyondhistory/data/protect/paso excavations.html
2007.12.21 16:44 B L:\TBH Website Temp\paso\credits.html --> uts.cc.utexas.edu /export/httpd/vhosts/texasbeyondhistory/data/protect/paso credits.html
2007.12.21 16:44 B L:\TBH Website Temp\paso\Burned-Floor-sm.jpg --> uts.cc.utexas.edu /export/httpd/vhosts/texasbeyondhistory/data/protect/paso Burned-Floor-sm.jpg
2007.12.21 16:44 B L:\TBH Website Temp\paso\WS_FTP.LOG --> uts.cc.utexas.edu /export/httpd/vhosts/texasbeyondhistory/data/protect/paso WS_FTP.LOG
2007.12.21 17:37 B L:\TBH Website Temp\paso\excavations.html --> uts.cc.utexas.edu /export/httpd/vhosts/texasbeyondhistory/data/protect/paso excavations.html
2007.12.21 17:42 B L:\TBH Website Temp\paso\investigations.html --> uts.cc.utexas.edu /export/httpd/vhosts/texasbeyondhistory/data/protect/paso investigations.html
2007.12.21 17:42 B L:\TBH Website Temp\paso\excavations.html --> uts.cc.utexas.edu /export/httpd/vhosts/texasbeyondhistory/data/protect/paso excavations.html
2008.01.02 17:28 B K:\TBH Website Temp\paso\investigations.html --> uts.cc.utexas.edu /export/httpd/vhosts/texasbeyondhistory/data/protect/paso investigations.html
2008.01.02 17:28 B K:\TBH Website Temp\paso\index.html --> uts.cc.utexas.edu /export/httpd/vhosts/texasbeyondhistory/data/protect/paso index.html
2008.01.03 15:45 B K:\TBH Website Temp\paso\index.html --> uts.cc.utexas.edu /export/httpd/vhosts/texasbeyondhistory/data/protect/paso index.html
2008.01.03 15:49 B K:\TBH Website Temp\paso\index.html --> uts.cc.utexas.edu /export/httpd/vhosts/texasbeyondhistory/data/protect/paso index.html
2008.01.03 15:50 B K:\TBH Website Temp\paso\index.html --> uts.cc.utexas.edu /export/httpd/vhosts/texasbeyondhistory/data/protect/paso index.html
2008.01.03 15:52 B K:\TBH Website Temp\paso\index.html --> uts.cc.utexas.edu /export/httpd/vhosts/texasbeyondhistory/data/protect/paso index.html
2008.01.07 10:07 B K:\TBH Website Temp\paso\index.html --> uts.cc.utexas.edu /export/httpd/vhosts/texasbeyondhistory/data/protect/paso index.html
2008.01.07 10:49 B K:\TBH Website Temp\paso\index.html --> uts.cc.utexas.edu /export/httpd/vhosts/texasbeyondhistory/data/protect/paso index.html
2008.01.07 10:57 B K:\TBH Website Temp\paso\index.html --> uts.cc.utexas.edu /export/httpd/vhosts/texasbeyondhistory/data/protect/paso index.html
2008.01.07 10:59 B K:\TBH Website Temp\paso\index.html --> uts.cc.utexas.edu /export/httpd/vhosts/texasbeyondhistory/data/protect/paso index.html
2008.01.07 11:04 B K:\TBH Website Temp\paso\index.html --> uts.cc.utexas.edu /export/httpd/vhosts/texasbeyondhistory/data/protect/paso index.html
2008.01.07 11:06 B K:\TBH Website Temp\paso\index.html --> uts.cc.utexas.edu /export/httpd/vhosts/texasbeyondhistory/data/protect/paso index.html
2008.01.07 11:11 B K:\TBH Website Temp\paso\index.html --> uts.cc.utexas.edu /export/httpd/vhosts/texasbeyondhistory/data/protect/paso index.html
2008.01.07 11:22 B K:\TBH Website Temp\paso\index.html --> uts.cc.utexas.edu /export/httpd/vhosts/texasbeyondhistory/data/protect/paso index.html
2008.01.07 11:28 B K:\TBH Website Temp\paso\index.html --> uts.cc.utexas.edu /export/httpd/vhosts/texasbeyondhistory/data/protect/paso index.html
2008.01.07 12:02 B K:\TBH Website Temp\paso\index.html --> uts.cc.utexas.edu /export/httpd/vhosts/texasbeyondhistory/data/protect/paso index.html
2008.01.07 17:45 B K:\TBH Website Temp\paso\credits.html --> uts.cc.utexas.edu /export/httpd/vhosts/texasbeyondhistory/data/protect/paso credits.html
2008.01.07 17:45 B K:\TBH Website Temp\paso\teach.html --> uts.cc.utexas.edu /export/httpd/vhosts/texasbeyondhistory/data/protect/paso teach.html
2008.01.07 17:45 B K:\TBH Website Temp\paso\excavations.html --> uts.cc.utexas.edu /export/httpd/vhosts/texasbeyondhistory/data/protect/paso excavations.html
2008.01.07 17:45 B K:\TBH Website Temp\paso\investigations.html --> uts.cc.utexas.edu /export/httpd/vhosts/texasbeyondhistory/data/protect/paso investigations.html
2008.01.07 17:45 B K:\TBH Website Temp\paso\history.html --> uts.cc.utexas.edu /export/httpd/vhosts/texasbeyondhistory/data/protect/paso history.html
2008.01.07 17:45 B K:\TBH Website Temp\paso\kids.html --> uts.cc.utexas.edu /export/httpd/vhosts/texasbeyondhistory/data/protect/paso kids.html
2008.01.07 17:46 B K:\TBH Website Temp\paso\index.html --> uts.cc.utexas.edu /export/httpd/vhosts/texasbeyondhistory/data/protect/paso index.html
2008.01.16 14:50 B K:\TBH Website Temp\paso\credits.html --> uts.cc.utexas.edu /export/httpd/vhosts/texasbeyondhistory/data/protect/paso credits.html
2008.01.16 14:50 B K:\TBH Website Temp\paso\investigations.html --> uts.cc.utexas.edu /export/httpd/vhosts/texasbeyondhistory/data/protect/paso investigations.html
2008.01.16 14:50 B K:\TBH Website Temp\paso\history.html --> uts.cc.utexas.edu /export/httpd/vhosts/texasbeyondhistory/data/protect/paso history.html
2008.01.16 14:50 B K:\TBH Website Temp\paso\index.html --> uts.cc.utexas.edu /export/httpd/vhosts/texasbeyondhistory/data/protect/paso index.html
2008.01.16 14:50 B K:\TBH Website Temp\paso\excavations.html --> uts.cc.utexas.edu /export/httpd/vhosts/texasbeyondhistory/data/protect/paso excavations.html
2008.01.16 14:50 B K:\TBH Website Temp\paso\kids.html --> uts.cc.utexas.edu /export/httpd/vhosts/texasbeyondhistory/data/protect/paso kids.html
