2002.09.05 15:06 B G:\Website Stuff\TBH Website Temp\kids\dinner\wind.html --> uts.cc.utexas.edu /export/httpd/vhosts/texasbeyondhistory/data/kids/dinner wind.html
2002.09.05 15:07 B G:\Website Stuff\TBH Website Temp\kids\dinner\kitchen.html --> uts.cc.utexas.edu /export/httpd/vhosts/texasbeyondhistory/data/kids/dinner kitchen.html
2002.09.17 14:45 B J:\TBH Website Temp\kids\dinner\grocery.html --> uts.cc.utexas.edu /export/httpd/vhosts/texasbeyondhistory/data/kids/dinner grocery.html
2002.09.17 14:45 B J:\TBH Website Temp\kids\dinner\index.html --> uts.cc.utexas.edu /export/httpd/vhosts/texasbeyondhistory/data/kids/dinner index.html
2002.09.17 14:45 B J:\TBH Website Temp\kids\dinner\kitchen.html --> uts.cc.utexas.edu /export/httpd/vhosts/texasbeyondhistory/data/kids/dinner kitchen.html
2002.09.17 14:45 B J:\TBH Website Temp\kids\dinner\prickly.html --> uts.cc.utexas.edu /export/httpd/vhosts/texasbeyondhistory/data/kids/dinner prickly.html
2002.09.17 14:45 B J:\TBH Website Temp\kids\dinner\rocks.html --> uts.cc.utexas.edu /export/httpd/vhosts/texasbeyondhistory/data/kids/dinner rocks.html
2002.09.17 14:45 B J:\TBH Website Temp\kids\dinner\wind.html --> uts.cc.utexas.edu /export/httpd/vhosts/texasbeyondhistory/data/kids/dinner wind.html
2005.06.19 11:23 B L:\TBH Website Temp\kids\dinner\WS_FTP.LOG <-- texasbeyondhistory /export/httpd/vhosts/texasbeyondhistory/data/kids/dinner WS_FTP.LOG
2005.08.18 12:25 B L:\TBH Website Temp\kids\dinner\index.html --> uts.cc.utexas.edu /export/httpd/vhosts/texasbeyondhistory/data/kids/dinner index.html
2005.08.18 12:25 B L:\TBH Website Temp\kids\dinner\WS_FTP.LOG --> uts.cc.utexas.edu /export/httpd/vhosts/texasbeyondhistory/data/kids/dinner WS_FTP.LOG
2006.09.29 17:11 B L:\TBH Website Temp\kids\dinner\index.html --> uts.cc.utexas.edu /export/httpd/vhosts/texasbeyondhistory/data/kids/dinner index.html
2006.09.29 17:11 B L:\TBH Website Temp\kids\dinner\WS_FTP.LOG --> uts.cc.utexas.edu /export/httpd/vhosts/texasbeyondhistory/data/kids/dinner WS_FTP.LOG
2006.09.29 17:11 B L:\TBH Website Temp\kids\dinner\wind.html --> uts.cc.utexas.edu /export/httpd/vhosts/texasbeyondhistory/data/kids/dinner wind.html
2006.09.29 17:11 B L:\TBH Website Temp\kids\dinner\rocks.html --> uts.cc.utexas.edu /export/httpd/vhosts/texasbeyondhistory/data/kids/dinner rocks.html
2006.09.29 17:11 B L:\TBH Website Temp\kids\dinner\prickly.html --> uts.cc.utexas.edu /export/httpd/vhosts/texasbeyondhistory/data/kids/dinner prickly.html
2006.09.29 17:11 B L:\TBH Website Temp\kids\dinner\kitchen.html --> uts.cc.utexas.edu /export/httpd/vhosts/texasbeyondhistory/data/kids/dinner kitchen.html
2006.09.29 17:11 B L:\TBH Website Temp\kids\dinner\grocery.html --> uts.cc.utexas.edu /export/httpd/vhosts/texasbeyondhistory/data/kids/dinner grocery.html
2006.11.02 10:31 B L:\TBH Website Temp\kids\dinner\index.html --> uts.cc.utexas.edu /export/httpd/vhosts/texasbeyondhistory/data/kids/dinner index.html
2007.05.02 16:06 B V:\TBH Website Temp\kids\dinner\grocery.html --> uts.cc.utexas.edu /export/httpd/vhosts/texasbeyondhistory/data/kids/dinner grocery.html
2007.05.02 16:06 B V:\TBH Website Temp\kids\dinner\index.html --> uts.cc.utexas.edu /export/httpd/vhosts/texasbeyondhistory/data/kids/dinner index.html
2007.05.02 16:06 B V:\TBH Website Temp\kids\dinner\kitchen.html --> uts.cc.utexas.edu /export/httpd/vhosts/texasbeyondhistory/data/kids/dinner kitchen.html
2007.05.02 16:06 B V:\TBH Website Temp\kids\dinner\prickly.html --> uts.cc.utexas.edu /export/httpd/vhosts/texasbeyondhistory/data/kids/dinner prickly.html
2007.05.02 16:06 B V:\TBH Website Temp\kids\dinner\rocks.html --> uts.cc.utexas.edu /export/httpd/vhosts/texasbeyondhistory/data/kids/dinner rocks.html
2007.05.02 16:06 B V:\TBH Website Temp\kids\dinner\wheel.html --> uts.cc.utexas.edu /export/httpd/vhosts/texasbeyondhistory/data/kids/dinner wheel.html
2007.05.02 16:06 B V:\TBH Website Temp\kids\dinner\wind.html --> uts.cc.utexas.edu /export/httpd/vhosts/texasbeyondhistory/data/kids/dinner wind.html
