2004.11.11 15:24 B K:\TBH Website Temp\kincaid\images\1.gif --> uts.cc.utexas.edu /export/httpd/vhosts/texasbeyondhistory/data/kincaid/images 1.gif
2004.11.11 15:24 B K:\TBH Website Temp\kincaid\images\2.gif --> uts.cc.utexas.edu /export/httpd/vhosts/texasbeyondhistory/data/kincaid/images 2.gif
2004.11.11 15:24 B K:\TBH Website Temp\kincaid\images\2stones.gif --> uts.cc.utexas.edu /export/httpd/vhosts/texasbeyondhistory/data/kincaid/images 2stones.gif
2004.11.11 15:24 B K:\TBH Website Temp\kincaid\images\2stones.html --> uts.cc.utexas.edu /export/httpd/vhosts/texasbeyondhistory/data/kincaid/images 2stones.html
2004.11.11 15:24 B K:\TBH Website Temp\kincaid\images\3.gif --> uts.cc.utexas.edu /export/httpd/vhosts/texasbeyondhistory/data/kincaid/images 3.gif
2004.11.11 15:24 B K:\TBH Website Temp\kincaid\images\4.gif --> uts.cc.utexas.edu /export/httpd/vhosts/texasbeyondhistory/data/kincaid/images 4.gif
2004.11.11 15:24 B K:\TBH Website Temp\kincaid\images\5.gif --> uts.cc.utexas.edu /export/httpd/vhosts/texasbeyondhistory/data/kincaid/images 5.gif
2004.11.11 15:24 B K:\TBH Website Temp\kincaid\images\6.gif --> uts.cc.utexas.edu /export/httpd/vhosts/texasbeyondhistory/data/kincaid/images 6.gif
2004.11.11 15:24 B K:\TBH Website Temp\kincaid\images\7.gif --> uts.cc.utexas.edu /export/httpd/vhosts/texasbeyondhistory/data/kincaid/images 7.gif
2004.11.11 15:24 B K:\TBH Website Temp\kincaid\images\alligator-lg.jpg --> uts.cc.utexas.edu /export/httpd/vhosts/texasbeyondhistory/data/kincaid/images alligator-lg.jpg
2004.11.11 15:24 B K:\TBH Website Temp\kincaid\images\alligator-sm.jpg --> uts.cc.utexas.edu /export/httpd/vhosts/texasbeyondhistory/data/kincaid/images alligator-sm.jpg
2004.11.11 15:24 B K:\TBH Website Temp\kincaid\images\alligator.html --> uts.cc.utexas.edu /export/httpd/vhosts/texasbeyondhistory/data/kincaid/images alligator.html
2004.11.11 15:24 B K:\TBH Website Temp\kincaid\images\allpurpose-lg.jpg --> uts.cc.utexas.edu /export/httpd/vhosts/texasbeyondhistory/data/kincaid/images allpurpose-lg.jpg
2004.11.11 15:24 B K:\TBH Website Temp\kincaid\images\allpurpose-sm.gif --> uts.cc.utexas.edu /export/httpd/vhosts/texasbeyondhistory/data/kincaid/images allpurpose-sm.gif
2004.11.11 15:24 B K:\TBH Website Temp\kincaid\images\allpurpose.html --> uts.cc.utexas.edu /export/httpd/vhosts/texasbeyondhistory/data/kincaid/images allpurpose.html
2004.11.11 15:24 B K:\TBH Website Temp\kincaid\images\ams-lg.jpg --> uts.cc.utexas.edu /export/httpd/vhosts/texasbeyondhistory/data/kincaid/images ams-lg.jpg
2004.11.11 15:24 B K:\TBH Website Temp\kincaid\images\ams-sm.jpg --> uts.cc.utexas.edu /export/httpd/vhosts/texasbeyondhistory/data/kincaid/images ams-sm.jpg
2004.11.11 15:24 B K:\TBH Website Temp\kincaid\images\ams.html --> uts.cc.utexas.edu /export/httpd/vhosts/texasbeyondhistory/data/kincaid/images ams.html
2004.11.11 15:24 B K:\TBH Website Temp\kincaid\images\angostdraw.gif --> uts.cc.utexas.edu /export/httpd/vhosts/texasbeyondhistory/data/kincaid/images angostdraw.gif
2004.11.11 15:24 B K:\TBH Website Temp\kincaid\images\angostura-lg.jpg --> uts.cc.utexas.edu /export/httpd/vhosts/texasbeyondhistory/data/kincaid/images angostura-lg.jpg
2004.11.11 15:24 B K:\TBH Website Temp\kincaid\images\angostura-sm.jpg --> uts.cc.utexas.edu /export/httpd/vhosts/texasbeyondhistory/data/kincaid/images angostura-sm.jpg
2004.11.11 15:24 B K:\TBH Website Temp\kincaid\images\angostura.html --> uts.cc.utexas.edu /export/httpd/vhosts/texasbeyondhistory/data/kincaid/images angostura.html
2004.11.11 15:24 B K:\TBH Website Temp\kincaid\images\array-lg.jpg --> uts.cc.utexas.edu /export/httpd/vhosts/texasbeyondhistory/data/kincaid/images array-lg.jpg
2004.11.11 15:24 B K:\TBH Website Temp\kincaid\images\array-sm.jpg --> uts.cc.utexas.edu /export/httpd/vhosts/texasbeyondhistory/data/kincaid/images array-sm.jpg
2004.11.11 15:24 B K:\TBH Website Temp\kincaid\images\array.html --> uts.cc.utexas.edu /export/httpd/vhosts/texasbeyondhistory/data/kincaid/images array.html
2004.11.11 15:24 B K:\TBH Website Temp\kincaid\images\arrow-lg.jpg --> uts.cc.utexas.edu /export/httpd/vhosts/texasbeyondhistory/data/kincaid/images arrow-lg.jpg
2004.11.11 15:24 B K:\TBH Website Temp\kincaid\images\arrow-sm.gif --> uts.cc.utexas.edu /export/httpd/vhosts/texasbeyondhistory/data/kincaid/images arrow-sm.gif
2004.11.11 15:24 B K:\TBH Website Temp\kincaid\images\arrow.html --> uts.cc.utexas.edu /export/httpd/vhosts/texasbeyondhistory/data/kincaid/images arrow.html
2004.11.11 15:24 B K:\TBH Website Temp\kincaid\images\artifacts.jpg --> uts.cc.utexas.edu /export/httpd/vhosts/texasbeyondhistory/data/kincaid/images artifacts.jpg
2004.11.11 15:24 B K:\TBH Website Temp\kincaid\images\artifacts2-sm.jpg --> uts.cc.utexas.edu /export/httpd/vhosts/texasbeyondhistory/data/kincaid/images artifacts2-sm.jpg
2004.11.11 15:24 B K:\TBH Website Temp\kincaid\images\artifacts2.html --> uts.cc.utexas.edu /export/httpd/vhosts/texasbeyondhistory/data/kincaid/images artifacts2.html
2004.11.11 15:24 B K:\TBH Website Temp\kincaid\images\artifacts2.jpg --> uts.cc.utexas.edu /export/httpd/vhosts/texasbeyondhistory/data/kincaid/images artifacts2.jpg
2004.11.11 15:24 B K:\TBH Website Temp\kincaid\images\basalt-lg.jpg --> uts.cc.utexas.edu /export/httpd/vhosts/texasbeyondhistory/data/kincaid/images basalt-lg.jpg
2004.11.11 15:24 B K:\TBH Website Temp\kincaid\images\basalt-sm.jpg --> uts.cc.utexas.edu /export/httpd/vhosts/texasbeyondhistory/data/kincaid/images basalt-sm.jpg
2004.11.11 15:24 B K:\TBH Website Temp\kincaid\images\basalt.html --> uts.cc.utexas.edu /export/httpd/vhosts/texasbeyondhistory/data/kincaid/images basalt.html
2004.11.11 15:24 B K:\TBH Website Temp\kincaid\images\basin.jpg --> uts.cc.utexas.edu /export/httpd/vhosts/texasbeyondhistory/data/kincaid/images basin.jpg
2004.11.11 15:24 B K:\TBH Website Temp\kincaid\images\bead-lg.jpg --> uts.cc.utexas.edu /export/httpd/vhosts/texasbeyondhistory/data/kincaid/images bead-lg.jpg
2004.11.11 15:24 B K:\TBH Website Temp\kincaid\images\bead-sm.jpg --> uts.cc.utexas.edu /export/httpd/vhosts/texasbeyondhistory/data/kincaid/images bead-sm.jpg
2004.11.11 15:24 B K:\TBH Website Temp\kincaid\images\bead.html --> uts.cc.utexas.edu /export/httpd/vhosts/texasbeyondhistory/data/kincaid/images bead.html
2004.11.11 15:24 B K:\TBH Website Temp\kincaid\images\bell-lg.jpg --> uts.cc.utexas.edu /export/httpd/vhosts/texasbeyondhistory/data/kincaid/images bell-lg.jpg
2004.11.11 15:24 B K:\TBH Website Temp\kincaid\images\bell-sm.jpg --> uts.cc.utexas.edu /export/httpd/vhosts/texasbeyondhistory/data/kincaid/images bell-sm.jpg
2004.11.11 15:24 B K:\TBH Website Temp\kincaid\images\bell.html --> uts.cc.utexas.edu /export/httpd/vhosts/texasbeyondhistory/data/kincaid/images bell.html
2004.11.11 15:24 B K:\TBH Website Temp\kincaid\images\bifacial-lg.jpg --> uts.cc.utexas.edu /export/httpd/vhosts/texasbeyondhistory/data/kincaid/images bifacial-lg.jpg
2004.11.11 15:24 B K:\TBH Website Temp\kincaid\images\bifacial-sm.jpg --> uts.cc.utexas.edu /export/httpd/vhosts/texasbeyondhistory/data/kincaid/images bifacial-sm.jpg
2004.11.11 15:24 B K:\TBH Website Temp\kincaid\images\bifacial.html --> uts.cc.utexas.edu /export/httpd/vhosts/texasbeyondhistory/data/kincaid/images bifacial.html
2004.11.11 15:24 B K:\TBH Website Temp\kincaid\images\biotic-lg.gif --> uts.cc.utexas.edu /export/httpd/vhosts/texasbeyondhistory/data/kincaid/images biotic-lg.gif
2004.11.11 15:24 B K:\TBH Website Temp\kincaid\images\biotic-sm.gif --> uts.cc.utexas.edu /export/httpd/vhosts/texasbeyondhistory/data/kincaid/images biotic-sm.gif
2004.11.11 15:24 B K:\TBH Website Temp\kincaid\images\biotic.html --> uts.cc.utexas.edu /export/httpd/vhosts/texasbeyondhistory/data/kincaid/images biotic.html
2004.11.11 15:24 B K:\TBH Website Temp\kincaid\images\bison-lg.gif --> uts.cc.utexas.edu /export/httpd/vhosts/texasbeyondhistory/data/kincaid/images bison-lg.gif
2004.11.11 15:24 B K:\TBH Website Temp\kincaid\images\bison-sm.gif --> uts.cc.utexas.edu /export/httpd/vhosts/texasbeyondhistory/data/kincaid/images bison-sm.gif
2004.11.11 15:24 B K:\TBH Website Temp\kincaid\images\bison.html --> uts.cc.utexas.edu /export/httpd/vhosts/texasbeyondhistory/data/kincaid/images bison.html
2004.11.11 15:24 B K:\TBH Website Temp\kincaid\images\blade-sm.jpg --> uts.cc.utexas.edu /export/httpd/vhosts/texasbeyondhistory/data/kincaid/images blade-sm.jpg
2004.11.11 15:24 B K:\TBH Website Temp\kincaid\images\bone-lg.jpg --> uts.cc.utexas.edu /export/httpd/vhosts/texasbeyondhistory/data/kincaid/images bone-lg.jpg
2004.11.11 15:24 B K:\TBH Website Temp\kincaid\images\bone-sm.jpg --> uts.cc.utexas.edu /export/httpd/vhosts/texasbeyondhistory/data/kincaid/images bone-sm.jpg
2004.11.11 15:24 B K:\TBH Website Temp\kincaid\images\bone.html --> uts.cc.utexas.edu /export/httpd/vhosts/texasbeyondhistory/data/kincaid/images bone.html
2004.11.11 15:24 B K:\TBH Website Temp\kincaid\images\boneart-lg.jpg --> uts.cc.utexas.edu /export/httpd/vhosts/texasbeyondhistory/data/kincaid/images boneart-lg.jpg
2004.11.11 15:24 B K:\TBH Website Temp\kincaid\images\boneart-sm.jpg --> uts.cc.utexas.edu /export/httpd/vhosts/texasbeyondhistory/data/kincaid/images boneart-sm.jpg
2004.11.11 15:24 B K:\TBH Website Temp\kincaid\images\boneart.html --> uts.cc.utexas.edu /export/httpd/vhosts/texasbeyondhistory/data/kincaid/images boneart.html
2004.11.11 15:24 B K:\TBH Website Temp\kincaid\images\bonesample-lg.jpg --> uts.cc.utexas.edu /export/httpd/vhosts/texasbeyondhistory/data/kincaid/images bonesample-lg.jpg
2004.11.11 15:24 B K:\TBH Website Temp\kincaid\images\bonesample-sm.jpg --> uts.cc.utexas.edu /export/httpd/vhosts/texasbeyondhistory/data/kincaid/images bonesample-sm.jpg
2004.11.11 15:24 B K:\TBH Website Temp\kincaid\images\bonesample.html --> uts.cc.utexas.edu /export/httpd/vhosts/texasbeyondhistory/data/kincaid/images bonesample.html
2004.11.11 15:24 B K:\TBH Website Temp\kincaid\images\bosidian-sm.jpg --> uts.cc.utexas.edu /export/httpd/vhosts/texasbeyondhistory/data/kincaid/images bosidian-sm.jpg
2004.11.11 15:24 B K:\TBH Website Temp\kincaid\images\button-lg.jpg --> uts.cc.utexas.edu /export/httpd/vhosts/texasbeyondhistory/data/kincaid/images button-lg.jpg
2004.11.11 15:24 B K:\TBH Website Temp\kincaid\images\button-sm.jpg --> uts.cc.utexas.edu /export/httpd/vhosts/texasbeyondhistory/data/kincaid/images button-sm.jpg
2004.11.11 15:24 B K:\TBH Website Temp\kincaid\images\button.html --> uts.cc.utexas.edu /export/httpd/vhosts/texasbeyondhistory/data/kincaid/images button.html
2004.11.11 15:24 B K:\TBH Website Temp\kincaid\images\cactustuna-lg.jpg --> uts.cc.utexas.edu /export/httpd/vhosts/texasbeyondhistory/data/kincaid/images cactustuna-lg.jpg
2004.11.11 15:24 B K:\TBH Website Temp\kincaid\images\cactustuna-sm.jpg --> uts.cc.utexas.edu /export/httpd/vhosts/texasbeyondhistory/data/kincaid/images cactustuna-sm.jpg
2004.11.11 15:24 B K:\TBH Website Temp\kincaid\images\cactustuna.html --> uts.cc.utexas.edu /export/httpd/vhosts/texasbeyondhistory/data/kincaid/images cactustuna.html
2004.11.11 15:24 B K:\TBH Website Temp\kincaid\images\camel-sm.gif --> uts.cc.utexas.edu /export/httpd/vhosts/texasbeyondhistory/data/kincaid/images camel-sm.gif
2004.11.11 15:24 B K:\TBH Website Temp\kincaid\images\camel.gif --> uts.cc.utexas.edu /export/httpd/vhosts/texasbeyondhistory/data/kincaid/images camel.gif
2004.11.11 15:24 B K:\TBH Website Temp\kincaid\images\camel.html --> uts.cc.utexas.edu /export/httpd/vhosts/texasbeyondhistory/data/kincaid/images camel.html
2004.11.11 15:24 B K:\TBH Website Temp\kincaid\images\campbell-lg.jpg --> uts.cc.utexas.edu /export/httpd/vhosts/texasbeyondhistory/data/kincaid/images campbell-lg.jpg
2004.11.11 15:24 B K:\TBH Website Temp\kincaid\images\campbell-sm.jpg --> uts.cc.utexas.edu /export/httpd/vhosts/texasbeyondhistory/data/kincaid/images campbell-sm.jpg
2004.11.11 15:24 B K:\TBH Website Temp\kincaid\images\campbell.html --> uts.cc.utexas.edu /export/httpd/vhosts/texasbeyondhistory/data/kincaid/images campbell.html
2004.11.11 15:24 B K:\TBH Website Temp\kincaid\images\campbell2-sm.jpg --> uts.cc.utexas.edu /export/httpd/vhosts/texasbeyondhistory/data/kincaid/images campbell2-sm.jpg
2004.11.11 15:24 B K:\TBH Website Temp\kincaid\images\canines-lg.jpg --> uts.cc.utexas.edu /export/httpd/vhosts/texasbeyondhistory/data/kincaid/images canines-lg.jpg
2004.11.11 15:24 B K:\TBH Website Temp\kincaid\images\canines-sm.jpg --> uts.cc.utexas.edu /export/httpd/vhosts/texasbeyondhistory/data/kincaid/images canines-sm.jpg
2004.11.11 15:24 B K:\TBH Website Temp\kincaid\images\canines.html --> uts.cc.utexas.edu /export/httpd/vhosts/texasbeyondhistory/data/kincaid/images canines.html
2004.11.11 15:24 B K:\TBH Website Temp\kincaid\images\chopper-lg.jpg --> uts.cc.utexas.edu /export/httpd/vhosts/texasbeyondhistory/data/kincaid/images chopper-lg.jpg
2004.11.11 15:24 B K:\TBH Website Temp\kincaid\images\chopper-sm.jpg --> uts.cc.utexas.edu /export/httpd/vhosts/texasbeyondhistory/data/kincaid/images chopper-sm.jpg
2004.11.11 15:24 B K:\TBH Website Temp\kincaid\images\chopper.html --> uts.cc.utexas.edu /export/httpd/vhosts/texasbeyondhistory/data/kincaid/images chopper.html
2004.11.11 15:24 B K:\TBH Website Temp\kincaid\images\chronchart-lg.gif --> uts.cc.utexas.edu /export/httpd/vhosts/texasbeyondhistory/data/kincaid/images chronchart-lg.gif
2004.11.11 15:24 B K:\TBH Website Temp\kincaid\images\chronchart-sm.gif --> uts.cc.utexas.edu /export/httpd/vhosts/texasbeyondhistory/data/kincaid/images chronchart-sm.gif
2004.11.11 15:24 B K:\TBH Website Temp\kincaid\images\chronchart.html --> uts.cc.utexas.edu /export/httpd/vhosts/texasbeyondhistory/data/kincaid/images chronchart.html
2004.11.11 15:24 B K:\TBH Website Temp\kincaid\images\circles-lg.jpg --> uts.cc.utexas.edu /export/httpd/vhosts/texasbeyondhistory/data/kincaid/images circles-lg.jpg
2004.11.11 15:24 B K:\TBH Website Temp\kincaid\images\circles-sm.jpg --> uts.cc.utexas.edu /export/httpd/vhosts/texasbeyondhistory/data/kincaid/images circles-sm.jpg
2004.11.11 15:24 B K:\TBH Website Temp\kincaid\images\circles.html --> uts.cc.utexas.edu /export/httpd/vhosts/texasbeyondhistory/data/kincaid/images circles.html
2004.11.11 15:24 B K:\TBH Website Temp\kincaid\images\clay-lg.jpg --> uts.cc.utexas.edu /export/httpd/vhosts/texasbeyondhistory/data/kincaid/images clay-lg.jpg
2004.11.11 15:24 B K:\TBH Website Temp\kincaid\images\clay-sm.jpg --> uts.cc.utexas.edu /export/httpd/vhosts/texasbeyondhistory/data/kincaid/images clay-sm.jpg
2004.11.11 15:24 B K:\TBH Website Temp\kincaid\images\clay.html --> uts.cc.utexas.edu /export/httpd/vhosts/texasbeyondhistory/data/kincaid/images clay.html
2004.11.11 15:24 B K:\TBH Website Temp\kincaid\images\clearbi-lg.jpg --> uts.cc.utexas.edu /export/httpd/vhosts/texasbeyondhistory/data/kincaid/images clearbi-lg.jpg
2004.11.11 15:24 B K:\TBH Website Temp\kincaid\images\clearbi-sm.jpg --> uts.cc.utexas.edu /export/httpd/vhosts/texasbeyondhistory/data/kincaid/images clearbi-sm.jpg
2004.11.11 15:24 B K:\TBH Website Temp\kincaid\images\clearbi.html --> uts.cc.utexas.edu /export/httpd/vhosts/texasbeyondhistory/data/kincaid/images clearbi.html
2004.11.11 15:24 B K:\TBH Website Temp\kincaid\images\clearuni.jpg --> uts.cc.utexas.edu /export/httpd/vhosts/texasbeyondhistory/data/kincaid/images clearuni.jpg
2004.11.11 15:24 B K:\TBH Website Temp\kincaid\images\clovis-lg.jpg --> uts.cc.utexas.edu /export/httpd/vhosts/texasbeyondhistory/data/kincaid/images clovis-lg.jpg
2004.11.11 15:24 B K:\TBH Website Temp\kincaid\images\clovis-sm.jpg --> uts.cc.utexas.edu /export/httpd/vhosts/texasbeyondhistory/data/kincaid/images clovis-sm.jpg
2004.11.11 15:24 B K:\TBH Website Temp\kincaid\images\clovis.html --> uts.cc.utexas.edu /export/httpd/vhosts/texasbeyondhistory/data/kincaid/images clovis.html
2004.11.11 15:24 B K:\TBH Website Temp\kincaid\images\clovis2-sm.jpg --> uts.cc.utexas.edu /export/httpd/vhosts/texasbeyondhistory/data/kincaid/images clovis2-sm.jpg
2004.11.11 15:24 B K:\TBH Website Temp\kincaid\images\clovisart-lg.jpg --> uts.cc.utexas.edu /export/httpd/vhosts/texasbeyondhistory/data/kincaid/images clovisart-lg.jpg
2004.11.11 15:24 B K:\TBH Website Temp\kincaid\images\clovisart-sm.jpg --> uts.cc.utexas.edu /export/httpd/vhosts/texasbeyondhistory/data/kincaid/images clovisart-sm.jpg
2004.11.11 15:24 B K:\TBH Website Temp\kincaid\images\clovisart.html --> uts.cc.utexas.edu /export/httpd/vhosts/texasbeyondhistory/data/kincaid/images clovisart.html
2004.11.11 15:24 B K:\TBH Website Temp\kincaid\images\coin-lg.jpg --> uts.cc.utexas.edu /export/httpd/vhosts/texasbeyondhistory/data/kincaid/images coin-lg.jpg
2004.11.11 15:24 B K:\TBH Website Temp\kincaid\images\coin-sm.jpg --> uts.cc.utexas.edu /export/httpd/vhosts/texasbeyondhistory/data/kincaid/images coin-sm.jpg
2004.11.11 15:24 B K:\TBH Website Temp\kincaid\images\coin.html --> uts.cc.utexas.edu /export/httpd/vhosts/texasbeyondhistory/data/kincaid/images coin.html
2004.11.11 15:24 B K:\TBH Website Temp\kincaid\images\collins-lg.jpg --> uts.cc.utexas.edu /export/httpd/vhosts/texasbeyondhistory/data/kincaid/images collins-lg.jpg
2004.11.11 15:24 B K:\TBH Website Temp\kincaid\images\collins-sm.jpg --> uts.cc.utexas.edu /export/httpd/vhosts/texasbeyondhistory/data/kincaid/images collins-sm.jpg
2004.11.11 15:24 B K:\TBH Website Temp\kincaid\images\collins.html --> uts.cc.utexas.edu /export/httpd/vhosts/texasbeyondhistory/data/kincaid/images collins.html
2004.11.11 15:24 B K:\TBH Website Temp\kincaid\images\collins2-sm.jpg --> uts.cc.utexas.edu /export/httpd/vhosts/texasbeyondhistory/data/kincaid/images collins2-sm.jpg
2004.11.11 15:24 B K:\TBH Website Temp\kincaid\images\collins88-sm.jpg --> uts.cc.utexas.edu /export/httpd/vhosts/texasbeyondhistory/data/kincaid/images collins88-sm.jpg
2004.11.11 15:24 B K:\TBH Website Temp\kincaid\images\collins88.html --> uts.cc.utexas.edu /export/httpd/vhosts/texasbeyondhistory/data/kincaid/images collins88.html
2004.11.11 15:24 B K:\TBH Website Temp\kincaid\images\collins88.jpg --> uts.cc.utexas.edu /export/httpd/vhosts/texasbeyondhistory/data/kincaid/images collins88.jpg
2004.11.11 15:24 B K:\TBH Website Temp\kincaid\images\collinscover-sm.jpg --> uts.cc.utexas.edu /export/httpd/vhosts/texasbeyondhistory/data/kincaid/images collinscover-sm.jpg
2004.11.11 15:24 B K:\TBH Website Temp\kincaid\images\collinscover.html --> uts.cc.utexas.edu /export/httpd/vhosts/texasbeyondhistory/data/kincaid/images collinscover.html
2004.11.11 15:24 B K:\TBH Website Temp\kincaid\images\collinscover.jpg --> uts.cc.utexas.edu /export/httpd/vhosts/texasbeyondhistory/data/kincaid/images collinscover.jpg
2004.11.11 15:24 B K:\TBH Website Temp\kincaid\images\collinsmear-lg.jpg --> uts.cc.utexas.edu /export/httpd/vhosts/texasbeyondhistory/data/kincaid/images collinsmear-lg.jpg
2004.11.11 15:24 B K:\TBH Website Temp\kincaid\images\collinsmear-sm.jpg --> uts.cc.utexas.edu /export/httpd/vhosts/texasbeyondhistory/data/kincaid/images collinsmear-sm.jpg
2004.11.11 15:24 B K:\TBH Website Temp\kincaid\images\collinsmear.html --> uts.cc.utexas.edu /export/httpd/vhosts/texasbeyondhistory/data/kincaid/images collinsmear.html
2004.11.11 15:24 B K:\TBH Website Temp\kincaid\images\core-new-sm.jpg --> uts.cc.utexas.edu /export/httpd/vhosts/texasbeyondhistory/data/kincaid/images core-new-sm.jpg
2004.11.11 15:24 B K:\TBH Website Temp\kincaid\images\core-new.jpg --> uts.cc.utexas.edu /export/httpd/vhosts/texasbeyondhistory/data/kincaid/images core-new.jpg
2004.11.11 15:24 B K:\TBH Website Temp\kincaid\images\core-sm.jpg --> uts.cc.utexas.edu /export/httpd/vhosts/texasbeyondhistory/data/kincaid/images core-sm.jpg
2004.11.11 15:24 B K:\TBH Website Temp\kincaid\images\core.html --> uts.cc.utexas.edu /export/httpd/vhosts/texasbeyondhistory/data/kincaid/images core.html
2004.11.11 15:24 B K:\TBH Website Temp\kincaid\images\core.jpg --> uts.cc.utexas.edu /export/httpd/vhosts/texasbeyondhistory/data/kincaid/images core.jpg
2004.11.11 15:24 B K:\TBH Website Temp\kincaid\images\creditscoll.jpg --> uts.cc.utexas.edu /export/httpd/vhosts/texasbeyondhistory/data/kincaid/images creditscoll.jpg
2004.11.11 15:24 B K:\TBH Website Temp\kincaid\images\crimmins-sm.gif --> uts.cc.utexas.edu /export/httpd/vhosts/texasbeyondhistory/data/kincaid/images crimmins-sm.gif
2004.11.11 15:24 B K:\TBH Website Temp\kincaid\images\crimmins2.jpg --> uts.cc.utexas.edu /export/httpd/vhosts/texasbeyondhistory/data/kincaid/images crimmins2.jpg
2004.11.11 15:24 B K:\TBH Website Temp\kincaid\images\crimmins3.html --> uts.cc.utexas.edu /export/httpd/vhosts/texasbeyondhistory/data/kincaid/images crimmins3.html
2004.11.11 15:24 B K:\TBH Website Temp\kincaid\images\crimmins3.jpg --> uts.cc.utexas.edu /export/httpd/vhosts/texasbeyondhistory/data/kincaid/images crimmins3.jpg
2004.11.11 15:24 B K:\TBH Website Temp\kincaid\images\decorated-lg.gif --> uts.cc.utexas.edu /export/httpd/vhosts/texasbeyondhistory/data/kincaid/images decorated-lg.gif
2004.11.11 15:24 B K:\TBH Website Temp\kincaid\images\decorated-sm.gif --> uts.cc.utexas.edu /export/httpd/vhosts/texasbeyondhistory/data/kincaid/images decorated-sm.gif
2004.11.11 15:24 B K:\TBH Website Temp\kincaid\images\decorated.html --> uts.cc.utexas.edu /export/httpd/vhosts/texasbeyondhistory/data/kincaid/images decorated.html
2004.11.11 15:24 B K:\TBH Website Temp\kincaid\images\deer-lg.jpg --> uts.cc.utexas.edu /export/httpd/vhosts/texasbeyondhistory/data/kincaid/images deer-lg.jpg
2004.11.11 15:24 B K:\TBH Website Temp\kincaid\images\deer-sm.jpg --> uts.cc.utexas.edu /export/httpd/vhosts/texasbeyondhistory/data/kincaid/images deer-sm.jpg
2004.11.11 15:24 B K:\TBH Website Temp\kincaid\images\deer.html --> uts.cc.utexas.edu /export/httpd/vhosts/texasbeyondhistory/data/kincaid/images deer.html
2004.11.11 15:24 B K:\TBH Website Temp\kincaid\images\dimple-close.html --> uts.cc.utexas.edu /export/httpd/vhosts/texasbeyondhistory/data/kincaid/images dimple-close.html
2004.11.11 15:24 B K:\TBH Website Temp\kincaid\images\dimple-close.jpg --> uts.cc.utexas.edu /export/httpd/vhosts/texasbeyondhistory/data/kincaid/images dimple-close.jpg
2004.11.11 15:24 B K:\TBH Website Temp\kincaid\images\dimple-lg.jpg --> uts.cc.utexas.edu /export/httpd/vhosts/texasbeyondhistory/data/kincaid/images dimple-lg.jpg
2004.11.11 15:24 B K:\TBH Website Temp\kincaid\images\dimple-sm.jpg --> uts.cc.utexas.edu /export/httpd/vhosts/texasbeyondhistory/data/kincaid/images dimple-sm.jpg
2004.11.11 15:24 B K:\TBH Website Temp\kincaid\images\dimple.html --> uts.cc.utexas.edu /export/httpd/vhosts/texasbeyondhistory/data/kincaid/images dimple.html
2004.11.11 15:24 B K:\TBH Website Temp\kincaid\images\discoll.jpg --> uts.cc.utexas.edu /export/httpd/vhosts/texasbeyondhistory/data/kincaid/images discoll.jpg
2004.11.11 15:24 B K:\TBH Website Temp\kincaid\images\drills-lg.jpg --> uts.cc.utexas.edu /export/httpd/vhosts/texasbeyondhistory/data/kincaid/images drills-lg.jpg
2004.11.11 15:24 B K:\TBH Website Temp\kincaid\images\drills-sm.jpg --> uts.cc.utexas.edu /export/httpd/vhosts/texasbeyondhistory/data/kincaid/images drills-sm.jpg
2004.11.11 15:24 B K:\TBH Website Temp\kincaid\images\drills.html --> uts.cc.utexas.edu /export/httpd/vhosts/texasbeyondhistory/data/kincaid/images drills.html
2004.11.11 15:24 B K:\TBH Website Temp\kincaid\images\earlyman-lg.jpg --> uts.cc.utexas.edu /export/httpd/vhosts/texasbeyondhistory/data/kincaid/images earlyman-lg.jpg
2004.11.11 15:24 B K:\TBH Website Temp\kincaid\images\earlyman-sm.jpg --> uts.cc.utexas.edu /export/httpd/vhosts/texasbeyondhistory/data/kincaid/images earlyman-sm.jpg
2004.11.11 15:24 B K:\TBH Website Temp\kincaid\images\earlyman.html --> uts.cc.utexas.edu /export/httpd/vhosts/texasbeyondhistory/data/kincaid/images earlyman.html
2004.11.11 15:24 B K:\TBH Website Temp\kincaid\images\edwards-lg.gif --> uts.cc.utexas.edu /export/httpd/vhosts/texasbeyondhistory/data/kincaid/images edwards-lg.gif
2004.11.11 15:24 B K:\TBH Website Temp\kincaid\images\edwards-lg.jpg --> uts.cc.utexas.edu /export/httpd/vhosts/texasbeyondhistory/data/kincaid/images edwards-lg.jpg
2004.11.11 15:24 B K:\TBH Website Temp\kincaid\images\edwards-sm.gif --> uts.cc.utexas.edu /export/httpd/vhosts/texasbeyondhistory/data/kincaid/images edwards-sm.gif
2004.11.11 15:24 B K:\TBH Website Temp\kincaid\images\edwards-sm.jpg --> uts.cc.utexas.edu /export/httpd/vhosts/texasbeyondhistory/data/kincaid/images edwards-sm.jpg
2004.11.11 15:24 B K:\TBH Website Temp\kincaid\images\edwards.html --> uts.cc.utexas.edu /export/httpd/vhosts/texasbeyondhistory/data/kincaid/images edwards.html
2004.11.11 15:24 B K:\TBH Website Temp\kincaid\images\eroded-lg.jpg --> uts.cc.utexas.edu /export/httpd/vhosts/texasbeyondhistory/data/kincaid/images eroded-lg.jpg
2004.11.11 15:24 B K:\TBH Website Temp\kincaid\images\eroded-sm.jpg --> uts.cc.utexas.edu /export/httpd/vhosts/texasbeyondhistory/data/kincaid/images eroded-sm.jpg
2004.11.11 15:24 B K:\TBH Website Temp\kincaid\images\eroded.html --> uts.cc.utexas.edu /export/httpd/vhosts/texasbeyondhistory/data/kincaid/images eroded.html
2004.11.11 15:24 B K:\TBH Website Temp\kincaid\images\evans-lg.jpg --> uts.cc.utexas.edu /export/httpd/vhosts/texasbeyondhistory/data/kincaid/images evans-lg.jpg
2004.11.11 15:24 B K:\TBH Website Temp\kincaid\images\evans-sm.jpg --> uts.cc.utexas.edu /export/httpd/vhosts/texasbeyondhistory/data/kincaid/images evans-sm.jpg
2004.11.11 15:24 B K:\TBH Website Temp\kincaid\images\evans-tmm.jpg --> uts.cc.utexas.edu /export/httpd/vhosts/texasbeyondhistory/data/kincaid/images evans-tmm.jpg
2004.11.11 15:24 B K:\TBH Website Temp\kincaid\images\evans.html --> uts.cc.utexas.edu /export/httpd/vhosts/texasbeyondhistory/data/kincaid/images evans.html
2004.11.11 15:24 B K:\TBH Website Temp\kincaid\images\evans2-lg.jpg --> uts.cc.utexas.edu /export/httpd/vhosts/texasbeyondhistory/data/kincaid/images evans2-lg.jpg
2004.11.11 15:24 B K:\TBH Website Temp\kincaid\images\evans2-sm.jpg --> uts.cc.utexas.edu /export/httpd/vhosts/texasbeyondhistory/data/kincaid/images evans2-sm.jpg
2004.11.11 15:24 B K:\TBH Website Temp\kincaid\images\evans2.html --> uts.cc.utexas.edu /export/httpd/vhosts/texasbeyondhistory/data/kincaid/images evans2.html
2004.11.11 15:24 B K:\TBH Website Temp\kincaid\images\evansmead.html --> uts.cc.utexas.edu /export/httpd/vhosts/texasbeyondhistory/data/kincaid/images evansmead.html
2004.11.11 15:24 B K:\TBH Website Temp\kincaid\images\evansmear-lg.jpg --> uts.cc.utexas.edu /export/httpd/vhosts/texasbeyondhistory/data/kincaid/images evansmear-lg.jpg
2004.11.11 15:24 B K:\TBH Website Temp\kincaid\images\evansmear-sm.jpg --> uts.cc.utexas.edu /export/httpd/vhosts/texasbeyondhistory/data/kincaid/images evansmear-sm.jpg
2004.11.11 15:24 B K:\TBH Website Temp\kincaid\images\exhibit-lg.jpg --> uts.cc.utexas.edu /export/httpd/vhosts/texasbeyondhistory/data/kincaid/images exhibit-lg.jpg
2004.11.11 15:24 B K:\TBH Website Temp\kincaid\images\exhibit-sm.jpg --> uts.cc.utexas.edu /export/httpd/vhosts/texasbeyondhistory/data/kincaid/images exhibit-sm.jpg
2004.11.11 15:24 B K:\TBH Website Temp\kincaid\images\exhibit.html --> uts.cc.utexas.edu /export/httpd/vhosts/texasbeyondhistory/data/kincaid/images exhibit.html
2004.11.11 15:24 B K:\TBH Website Temp\kincaid\images\fieldschool-lg.jpg --> uts.cc.utexas.edu /export/httpd/vhosts/texasbeyondhistory/data/kincaid/images fieldschool-lg.jpg
2004.11.11 15:24 B K:\TBH Website Temp\kincaid\images\fieldschool-sm.jpg --> uts.cc.utexas.edu /export/httpd/vhosts/texasbeyondhistory/data/kincaid/images fieldschool-sm.jpg
2004.11.11 15:24 B K:\TBH Website Temp\kincaid\images\fieldschool.html --> uts.cc.utexas.edu /export/httpd/vhosts/texasbeyondhistory/data/kincaid/images fieldschool.html
2004.11.11 15:24 B K:\TBH Website Temp\kincaid\images\fig11-lg.gif --> uts.cc.utexas.edu /export/httpd/vhosts/texasbeyondhistory/data/kincaid/images fig11-lg.gif
2004.11.11 15:24 B K:\TBH Website Temp\kincaid\images\fig11-sm.gif --> uts.cc.utexas.edu /export/httpd/vhosts/texasbeyondhistory/data/kincaid/images fig11-sm.gif
2004.11.11 15:24 B K:\TBH Website Temp\kincaid\images\fig11.html --> uts.cc.utexas.edu /export/httpd/vhosts/texasbeyondhistory/data/kincaid/images fig11.html
2004.11.11 15:24 B K:\TBH Website Temp\kincaid\images\flake-lg.jpg --> uts.cc.utexas.edu /export/httpd/vhosts/texasbeyondhistory/data/kincaid/images flake-lg.jpg
2004.11.11 15:24 B K:\TBH Website Temp\kincaid\images\flake-sm.jpg --> uts.cc.utexas.edu /export/httpd/vhosts/texasbeyondhistory/data/kincaid/images flake-sm.jpg
2004.11.11 15:24 B K:\TBH Website Temp\kincaid\images\flake.html --> uts.cc.utexas.edu /export/httpd/vhosts/texasbeyondhistory/data/kincaid/images flake.html
2004.11.11 15:24 B K:\TBH Website Temp\kincaid\images\floor-lg.jpg --> uts.cc.utexas.edu /export/httpd/vhosts/texasbeyondhistory/data/kincaid/images floor-lg.jpg
2004.11.11 15:24 B K:\TBH Website Temp\kincaid\images\floor.html --> uts.cc.utexas.edu /export/httpd/vhosts/texasbeyondhistory/data/kincaid/images floor.html
2004.11.11 15:24 B K:\TBH Website Temp\kincaid\images\floor.jpg --> uts.cc.utexas.edu /export/httpd/vhosts/texasbeyondhistory/data/kincaid/images floor.jpg
2004.11.11 15:24 B K:\TBH Website Temp\kincaid\images\folsom-lg.jpg --> uts.cc.utexas.edu /export/httpd/vhosts/texasbeyondhistory/data/kincaid/images folsom-lg.jpg
2004.11.11 15:24 B K:\TBH Website Temp\kincaid\images\folsom-sm.jpg --> uts.cc.utexas.edu /export/httpd/vhosts/texasbeyondhistory/data/kincaid/images folsom-sm.jpg
2004.11.11 15:24 B K:\TBH Website Temp\kincaid\images\folsom.html --> uts.cc.utexas.edu /export/httpd/vhosts/texasbeyondhistory/data/kincaid/images folsom.html
2004.11.11 15:24 B K:\TBH Website Temp\kincaid\images\folsom1-lg.jpg --> uts.cc.utexas.edu /export/httpd/vhosts/texasbeyondhistory/data/kincaid/images folsom1-lg.jpg
2004.11.11 15:24 B K:\TBH Website Temp\kincaid\images\folsom1-rev.jpg --> uts.cc.utexas.edu /export/httpd/vhosts/texasbeyondhistory/data/kincaid/images folsom1-rev.jpg
2004.11.11 15:24 B K:\TBH Website Temp\kincaid\images\folsom1.html --> uts.cc.utexas.edu /export/httpd/vhosts/texasbeyondhistory/data/kincaid/images folsom1.html
2004.11.11 15:24 B K:\TBH Website Temp\kincaid\images\folsom2-lg.jpg --> uts.cc.utexas.edu /export/httpd/vhosts/texasbeyondhistory/data/kincaid/images folsom2-lg.jpg
2004.11.11 15:25 B K:\TBH Website Temp\kincaid\images\folsom2-rev.jpg --> uts.cc.utexas.edu /export/httpd/vhosts/texasbeyondhistory/data/kincaid/images folsom2-rev.jpg
2004.11.11 15:25 B K:\TBH Website Temp\kincaid\images\folsom2-sm.jpg --> uts.cc.utexas.edu /export/httpd/vhosts/texasbeyondhistory/data/kincaid/images folsom2-sm.jpg
2004.11.11 15:25 B K:\TBH Website Temp\kincaid\images\folsom2.html --> uts.cc.utexas.edu /export/httpd/vhosts/texasbeyondhistory/data/kincaid/images folsom2.html
2004.11.11 15:25 B K:\TBH Website Temp\kincaid\images\folsom3-rev.jpg --> uts.cc.utexas.edu /export/httpd/vhosts/texasbeyondhistory/data/kincaid/images folsom3-rev.jpg
2004.11.11 15:25 B K:\TBH Website Temp\kincaid\images\folsom3.html --> uts.cc.utexas.edu /export/httpd/vhosts/texasbeyondhistory/data/kincaid/images folsom3.html
2004.11.11 15:25 B K:\TBH Website Temp\kincaid\images\folsom3.jpg --> uts.cc.utexas.edu /export/httpd/vhosts/texasbeyondhistory/data/kincaid/images folsom3.jpg
2004.11.11 15:25 B K:\TBH Website Temp\kincaid\images\folsomfracture-sm.jpg --> uts.cc.utexas.edu /export/httpd/vhosts/texasbeyondhistory/data/kincaid/images folsomfracture-sm.jpg
2004.11.11 15:25 B K:\TBH Website Temp\kincaid\images\folsomfracture.html --> uts.cc.utexas.edu /export/httpd/vhosts/texasbeyondhistory/data/kincaid/images folsomfracture.html
2004.11.11 15:25 B K:\TBH Website Temp\kincaid\images\folsomfracture.jpg --> uts.cc.utexas.edu /export/httpd/vhosts/texasbeyondhistory/data/kincaid/images folsomfracture.jpg
2004.11.11 15:25 B K:\TBH Website Temp\kincaid\images\folsoms.jpg --> uts.cc.utexas.edu /export/httpd/vhosts/texasbeyondhistory/data/kincaid/images folsoms.jpg
2004.11.11 15:25 B K:\TBH Website Temp\kincaid\images\fullsection.gif --> uts.cc.utexas.edu /export/httpd/vhosts/texasbeyondhistory/data/kincaid/images fullsection.gif
2004.11.11 15:25 B K:\TBH Website Temp\kincaid\images\gene-lg.jpg --> uts.cc.utexas.edu /export/httpd/vhosts/texasbeyondhistory/data/kincaid/images gene-lg.jpg
2004.11.11 15:25 B K:\TBH Website Temp\kincaid\images\gene-sm.jpg --> uts.cc.utexas.edu /export/httpd/vhosts/texasbeyondhistory/data/kincaid/images gene-sm.jpg
2004.11.11 15:25 B K:\TBH Website Temp\kincaid\images\gene.html --> uts.cc.utexas.edu /export/httpd/vhosts/texasbeyondhistory/data/kincaid/images gene.html
2004.11.11 15:25 B K:\TBH Website Temp\kincaid\images\glenn-lg.jpg --> uts.cc.utexas.edu /export/httpd/vhosts/texasbeyondhistory/data/kincaid/images glenn-lg.jpg
2004.11.11 15:25 B K:\TBH Website Temp\kincaid\images\glenn-sm.jpg --> uts.cc.utexas.edu /export/httpd/vhosts/texasbeyondhistory/data/kincaid/images glenn-sm.jpg
2004.11.11 15:25 B K:\TBH Website Temp\kincaid\images\glenn.html --> uts.cc.utexas.edu /export/httpd/vhosts/texasbeyondhistory/data/kincaid/images glenn.html
2004.11.11 15:25 B K:\TBH Website Temp\kincaid\images\gravels-lg.jpg --> uts.cc.utexas.edu /export/httpd/vhosts/texasbeyondhistory/data/kincaid/images gravels-lg.jpg
2004.11.11 15:25 B K:\TBH Website Temp\kincaid\images\gravels-sm.jpg --> uts.cc.utexas.edu /export/httpd/vhosts/texasbeyondhistory/data/kincaid/images gravels-sm.jpg
2004.11.11 15:25 B K:\TBH Website Temp\kincaid\images\gravels.html --> uts.cc.utexas.edu /export/httpd/vhosts/texasbeyondhistory/data/kincaid/images gravels.html
2004.11.11 15:25 B K:\TBH Website Temp\kincaid\images\guadalupes-lg.jpg --> uts.cc.utexas.edu /export/httpd/vhosts/texasbeyondhistory/data/kincaid/images guadalupes-lg.jpg
2004.11.11 15:25 B K:\TBH Website Temp\kincaid\images\guadalupes-sm.jpg --> uts.cc.utexas.edu /export/httpd/vhosts/texasbeyondhistory/data/kincaid/images guadalupes-sm.jpg
2004.11.11 15:25 B K:\TBH Website Temp\kincaid\images\guadalupes.html --> uts.cc.utexas.edu /export/httpd/vhosts/texasbeyondhistory/data/kincaid/images guadalupes.html
2004.11.11 15:25 B K:\TBH Website Temp\kincaid\images\guaddraw-lg.gif --> uts.cc.utexas.edu /export/httpd/vhosts/texasbeyondhistory/data/kincaid/images guaddraw-lg.gif
2004.11.11 15:25 B K:\TBH Website Temp\kincaid\images\guaddraw-sm.gif --> uts.cc.utexas.edu /export/httpd/vhosts/texasbeyondhistory/data/kincaid/images guaddraw-sm.gif
2004.11.11 15:25 B K:\TBH Website Temp\kincaid\images\guaddraw.html --> uts.cc.utexas.edu /export/httpd/vhosts/texasbeyondhistory/data/kincaid/images guaddraw.html
2004.11.11 15:25 B K:\TBH Website Temp\kincaid\images\hillcountry-lg.jpg --> uts.cc.utexas.edu /export/httpd/vhosts/texasbeyondhistory/data/kincaid/images hillcountry-lg.jpg
2004.11.11 15:25 B K:\TBH Website Temp\kincaid\images\hillcountry-sm.jpg --> uts.cc.utexas.edu /export/httpd/vhosts/texasbeyondhistory/data/kincaid/images hillcountry-sm.jpg
2004.11.11 15:25 B K:\TBH Website Temp\kincaid\images\hillcountry.html --> uts.cc.utexas.edu /export/httpd/vhosts/texasbeyondhistory/data/kincaid/images hillcountry.html
2004.11.11 15:25 B K:\TBH Website Temp\kincaid\images\historic-lg.jpg --> uts.cc.utexas.edu /export/httpd/vhosts/texasbeyondhistory/data/kincaid/images historic-lg.jpg
2004.11.11 15:25 B K:\TBH Website Temp\kincaid\images\historic.html --> uts.cc.utexas.edu /export/httpd/vhosts/texasbeyondhistory/data/kincaid/images historic.html
2004.11.11 15:25 B K:\TBH Website Temp\kincaid\images\historic.jpg --> uts.cc.utexas.edu /export/httpd/vhosts/texasbeyondhistory/data/kincaid/images historic.jpg
2004.11.11 15:25 B K:\TBH Website Temp\kincaid\images\historic2-lg.jpg --> uts.cc.utexas.edu /export/httpd/vhosts/texasbeyondhistory/data/kincaid/images historic2-lg.jpg
2004.11.11 15:25 B K:\TBH Website Temp\kincaid\images\historic2-sm.jpg --> uts.cc.utexas.edu /export/httpd/vhosts/texasbeyondhistory/data/kincaid/images historic2-sm.jpg
2004.11.11 15:25 B K:\TBH Website Temp\kincaid\images\historic2.html --> uts.cc.utexas.edu /export/httpd/vhosts/texasbeyondhistory/data/kincaid/images historic2.html
2004.11.11 15:25 B K:\TBH Website Temp\kincaid\images\hole-lg.jpg --> uts.cc.utexas.edu /export/httpd/vhosts/texasbeyondhistory/data/kincaid/images hole-lg.jpg
2004.11.11 15:25 B K:\TBH Website Temp\kincaid\images\hole-sm.jpg --> uts.cc.utexas.edu /export/httpd/vhosts/texasbeyondhistory/data/kincaid/images hole-sm.jpg
2004.11.11 15:25 B K:\TBH Website Temp\kincaid\images\hole.html --> uts.cc.utexas.edu /export/httpd/vhosts/texasbeyondhistory/data/kincaid/images hole.html
2004.11.11 15:25 B K:\TBH Website Temp\kincaid\images\horse-lg.gif --> uts.cc.utexas.edu /export/httpd/vhosts/texasbeyondhistory/data/kincaid/images horse-lg.gif
2004.11.11 15:25 B K:\TBH Website Temp\kincaid\images\horse-sm.gif --> uts.cc.utexas.edu /export/httpd/vhosts/texasbeyondhistory/data/kincaid/images horse-sm.gif
2004.11.11 15:25 B K:\TBH Website Temp\kincaid\images\horse.html --> uts.cc.utexas.edu /export/httpd/vhosts/texasbeyondhistory/data/kincaid/images horse.html
2004.11.11 15:25 B K:\TBH Website Temp\kincaid\images\horse2-sm.gif --> uts.cc.utexas.edu /export/httpd/vhosts/texasbeyondhistory/data/kincaid/images horse2-sm.gif
2004.11.11 15:25 B K:\TBH Website Temp\kincaid\images\horse2.gif --> uts.cc.utexas.edu /export/httpd/vhosts/texasbeyondhistory/data/kincaid/images horse2.gif
2004.11.11 15:25 B K:\TBH Website Temp\kincaid\images\horse2.html --> uts.cc.utexas.edu /export/httpd/vhosts/texasbeyondhistory/data/kincaid/images horse2.html
2004.11.11 15:25 B K:\TBH Website Temp\kincaid\images\horsejaw-lg.jpg --> uts.cc.utexas.edu /export/httpd/vhosts/texasbeyondhistory/data/kincaid/images horsejaw-lg.jpg
2004.11.11 15:25 B K:\TBH Website Temp\kincaid\images\horsejaw-sm.jpg --> uts.cc.utexas.edu /export/httpd/vhosts/texasbeyondhistory/data/kincaid/images horsejaw-sm.jpg
2004.11.11 15:25 B K:\TBH Website Temp\kincaid\images\horsejaw.html --> uts.cc.utexas.edu /export/httpd/vhosts/texasbeyondhistory/data/kincaid/images horsejaw.html
2004.11.11 15:25 B K:\TBH Website Temp\kincaid\images\incised2539-lg.jpg --> uts.cc.utexas.edu /export/httpd/vhosts/texasbeyondhistory/data/kincaid/images incised2539-lg.jpg
2004.11.11 15:25 B K:\TBH Website Temp\kincaid\images\incised2539-sm.jpg --> uts.cc.utexas.edu /export/httpd/vhosts/texasbeyondhistory/data/kincaid/images incised2539-sm.jpg
2004.11.11 15:25 B K:\TBH Website Temp\kincaid\images\incised2539.html --> uts.cc.utexas.edu /export/httpd/vhosts/texasbeyondhistory/data/kincaid/images incised2539.html
2004.11.11 15:25 B K:\TBH Website Temp\kincaid\images\incisedc-lg.jpg --> uts.cc.utexas.edu /export/httpd/vhosts/texasbeyondhistory/data/kincaid/images incisedc-lg.jpg
2004.11.11 15:25 B K:\TBH Website Temp\kincaid\images\incisedc-rev.html --> uts.cc.utexas.edu /export/httpd/vhosts/texasbeyondhistory/data/kincaid/images incisedc-rev.html
2004.11.11 15:25 B K:\TBH Website Temp\kincaid\images\incisedc-rev.jpg --> uts.cc.utexas.edu /export/httpd/vhosts/texasbeyondhistory/data/kincaid/images incisedc-rev.jpg
2004.11.11 15:25 B K:\TBH Website Temp\kincaid\images\incisedc-sm.jpg --> uts.cc.utexas.edu /export/httpd/vhosts/texasbeyondhistory/data/kincaid/images incisedc-sm.jpg
2004.11.11 15:25 B K:\TBH Website Temp\kincaid\images\incisedc.html --> uts.cc.utexas.edu /export/httpd/vhosts/texasbeyondhistory/data/kincaid/images incisedc.html
2004.11.11 15:25 B K:\TBH Website Temp\kincaid\images\inventory-lg.jpg --> uts.cc.utexas.edu /export/httpd/vhosts/texasbeyondhistory/data/kincaid/images inventory-lg.jpg
2004.11.11 15:25 B K:\TBH Website Temp\kincaid\images\inventory-sm.jpg --> uts.cc.utexas.edu /export/httpd/vhosts/texasbeyondhistory/data/kincaid/images inventory-sm.jpg
2004.11.11 15:25 B K:\TBH Website Temp\kincaid\images\inventory.html --> uts.cc.utexas.edu /export/httpd/vhosts/texasbeyondhistory/data/kincaid/images inventory.html
2004.11.11 15:25 B K:\TBH Website Temp\kincaid\images\kinney.gif --> uts.cc.utexas.edu /export/httpd/vhosts/texasbeyondhistory/data/kincaid/images kinney.gif
2004.11.11 15:25 B K:\TBH Website Temp\kincaid\images\latearch-lg.jpg --> uts.cc.utexas.edu /export/httpd/vhosts/texasbeyondhistory/data/kincaid/images latearch-lg.jpg
2004.11.11 15:25 B K:\TBH Website Temp\kincaid\images\latearch-sm.jpg --> uts.cc.utexas.edu /export/httpd/vhosts/texasbeyondhistory/data/kincaid/images latearch-sm.jpg
2004.11.11 15:25 B K:\TBH Website Temp\kincaid\images\latearch.html --> uts.cc.utexas.edu /export/httpd/vhosts/texasbeyondhistory/data/kincaid/images latearch.html
2004.11.11 15:25 B K:\TBH Website Temp\kincaid\images\latepre-lg.jpg --> uts.cc.utexas.edu /export/httpd/vhosts/texasbeyondhistory/data/kincaid/images latepre-lg.jpg
2004.11.11 15:25 B K:\TBH Website Temp\kincaid\images\latepre.html --> uts.cc.utexas.edu /export/httpd/vhosts/texasbeyondhistory/data/kincaid/images latepre.html
2004.11.11 15:25 B K:\TBH Website Temp\kincaid\images\latepre.jpg --> uts.cc.utexas.edu /export/httpd/vhosts/texasbeyondhistory/data/kincaid/images latepre.jpg
2004.11.11 15:25 B K:\TBH Website Temp\kincaid\images\leadobie-lg.jpg --> uts.cc.utexas.edu /export/httpd/vhosts/texasbeyondhistory/data/kincaid/images leadobie-lg.jpg
2004.11.11 15:25 B K:\TBH Website Temp\kincaid\images\leadobie-sm.jpg --> uts.cc.utexas.edu /export/httpd/vhosts/texasbeyondhistory/data/kincaid/images leadobie-sm.jpg
2004.11.11 15:25 B K:\TBH Website Temp\kincaid\images\leadobie.html --> uts.cc.utexas.edu /export/httpd/vhosts/texasbeyondhistory/data/kincaid/images leadobie.html
2004.11.11 15:25 B K:\TBH Website Temp\kincaid\images\leon-lg.jpg --> uts.cc.utexas.edu /export/httpd/vhosts/texasbeyondhistory/data/kincaid/images leon-lg.jpg
2004.11.11 15:25 B K:\TBH Website Temp\kincaid\images\leon-sm.jpg --> uts.cc.utexas.edu /export/httpd/vhosts/texasbeyondhistory/data/kincaid/images leon-sm.jpg
2004.11.11 15:25 B K:\TBH Website Temp\kincaid\images\leon.html --> uts.cc.utexas.edu /export/httpd/vhosts/texasbeyondhistory/data/kincaid/images leon.html
2004.11.11 15:25 B K:\TBH Website Temp\kincaid\images\long304.jpg --> uts.cc.utexas.edu /export/httpd/vhosts/texasbeyondhistory/data/kincaid/images long304.jpg
2004.11.11 15:25 B K:\TBH Website Temp\kincaid\images\loss1-sm.jpg --> uts.cc.utexas.edu /export/httpd/vhosts/texasbeyondhistory/data/kincaid/images loss1-sm.jpg
2004.11.11 15:25 B K:\TBH Website Temp\kincaid\images\loss2-sm.jpg --> uts.cc.utexas.edu /export/httpd/vhosts/texasbeyondhistory/data/kincaid/images loss2-sm.jpg
2004.11.11 15:25 B K:\TBH Website Temp\kincaid\images\loss3-sm.jpg --> uts.cc.utexas.edu /export/httpd/vhosts/texasbeyondhistory/data/kincaid/images loss3-sm.jpg
2004.11.11 15:25 B K:\TBH Website Temp\kincaid\images\loss4-sm.jpg --> uts.cc.utexas.edu /export/httpd/vhosts/texasbeyondhistory/data/kincaid/images loss4-sm.jpg
2004.11.11 15:25 B K:\TBH Website Temp\kincaid\images\ls-lg.jpg --> uts.cc.utexas.edu /export/httpd/vhosts/texasbeyondhistory/data/kincaid/images ls-lg.jpg
2004.11.11 15:25 B K:\TBH Website Temp\kincaid\images\ls-sm.jpg --> uts.cc.utexas.edu /export/httpd/vhosts/texasbeyondhistory/data/kincaid/images ls-sm.jpg
2004.11.11 15:25 B K:\TBH Website Temp\kincaid\images\ls.html --> uts.cc.utexas.edu /export/httpd/vhosts/texasbeyondhistory/data/kincaid/images ls.html
2004.11.11 15:25 B K:\TBH Website Temp\kincaid\images\main.jpg --> uts.cc.utexas.edu /export/httpd/vhosts/texasbeyondhistory/data/kincaid/images main.jpg
2004.11.11 15:25 B K:\TBH Website Temp\kincaid\images\mammoth-lg.jpg --> uts.cc.utexas.edu /export/httpd/vhosts/texasbeyondhistory/data/kincaid/images mammoth-lg.jpg
2004.11.11 15:25 B K:\TBH Website Temp\kincaid\images\mammoth-sm.jpg --> uts.cc.utexas.edu /export/httpd/vhosts/texasbeyondhistory/data/kincaid/images mammoth-sm.jpg
2004.11.11 15:25 B K:\TBH Website Temp\kincaid\images\mammoth.html --> uts.cc.utexas.edu /export/httpd/vhosts/texasbeyondhistory/data/kincaid/images mammoth.html
2004.11.11 15:25 B K:\TBH Website Temp\kincaid\images\mango-lg.jpg --> uts.cc.utexas.edu /export/httpd/vhosts/texasbeyondhistory/data/kincaid/images mango-lg.jpg
2004.11.11 15:25 B K:\TBH Website Temp\kincaid\images\mango-sm.jpg --> uts.cc.utexas.edu /export/httpd/vhosts/texasbeyondhistory/data/kincaid/images mango-sm.jpg
2004.11.11 15:25 B K:\TBH Website Temp\kincaid\images\mango.html --> uts.cc.utexas.edu /export/httpd/vhosts/texasbeyondhistory/data/kincaid/images mango.html
2004.11.11 15:25 B K:\TBH Website Temp\kincaid\images\martindale-lg.jpg --> uts.cc.utexas.edu /export/httpd/vhosts/texasbeyondhistory/data/kincaid/images martindale-lg.jpg
2004.11.11 15:25 B K:\TBH Website Temp\kincaid\images\martindale-sm.jpg --> uts.cc.utexas.edu /export/httpd/vhosts/texasbeyondhistory/data/kincaid/images martindale-sm.jpg
2004.11.11 15:25 B K:\TBH Website Temp\kincaid\images\martindale.html --> uts.cc.utexas.edu /export/httpd/vhosts/texasbeyondhistory/data/kincaid/images martindale.html
2004.11.11 15:25 B K:\TBH Website Temp\kincaid\images\meade-lg.jpg --> uts.cc.utexas.edu /export/httpd/vhosts/texasbeyondhistory/data/kincaid/images meade-lg.jpg
2004.11.11 15:25 B K:\TBH Website Temp\kincaid\images\meade-sm.jpg --> uts.cc.utexas.edu /export/httpd/vhosts/texasbeyondhistory/data/kincaid/images meade-sm.jpg
2004.11.11 15:25 B K:\TBH Website Temp\kincaid\images\meade.html --> uts.cc.utexas.edu /export/httpd/vhosts/texasbeyondhistory/data/kincaid/images meade.html
2004.11.11 15:25 B K:\TBH Website Temp\kincaid\images\mear-sm.jpg --> uts.cc.utexas.edu /export/httpd/vhosts/texasbeyondhistory/data/kincaid/images mear-sm.jpg
2004.11.11 15:25 B K:\TBH Website Temp\kincaid\images\merril-lg.jpg --> uts.cc.utexas.edu /export/httpd/vhosts/texasbeyondhistory/data/kincaid/images merril-lg.jpg
2004.11.11 15:25 B K:\TBH Website Temp\kincaid\images\merril-sm.jpg --> uts.cc.utexas.edu /export/httpd/vhosts/texasbeyondhistory/data/kincaid/images merril-sm.jpg
2004.11.11 15:25 B K:\TBH Website Temp\kincaid\images\merril.html --> uts.cc.utexas.edu /export/httpd/vhosts/texasbeyondhistory/data/kincaid/images merril.html
2004.11.11 15:25 B K:\TBH Website Temp\kincaid\images\mesquite-lg.jpg --> uts.cc.utexas.edu /export/httpd/vhosts/texasbeyondhistory/data/kincaid/images mesquite-lg.jpg
2004.11.11 15:25 B K:\TBH Website Temp\kincaid\images\mesquite-sm.jpg --> uts.cc.utexas.edu /export/httpd/vhosts/texasbeyondhistory/data/kincaid/images mesquite-sm.jpg
2004.11.11 15:25 B K:\TBH Website Temp\kincaid\images\mesquite.html --> uts.cc.utexas.edu /export/httpd/vhosts/texasbeyondhistory/data/kincaid/images mesquite.html
2004.11.11 15:25 B K:\TBH Website Temp\kincaid\images\midland-sm.jpg --> uts.cc.utexas.edu /export/httpd/vhosts/texasbeyondhistory/data/kincaid/images midland-sm.jpg
2004.11.11 15:25 B K:\TBH Website Temp\kincaid\images\midland.html --> uts.cc.utexas.edu /export/httpd/vhosts/texasbeyondhistory/data/kincaid/images midland.html
2004.11.11 15:25 B K:\TBH Website Temp\kincaid\images\midland.jpg --> uts.cc.utexas.edu /export/httpd/vhosts/texasbeyondhistory/data/kincaid/images midland.jpg
2004.11.11 15:25 B K:\TBH Website Temp\kincaid\images\milling-lg.jpg --> uts.cc.utexas.edu /export/httpd/vhosts/texasbeyondhistory/data/kincaid/images milling-lg.jpg
2004.11.11 15:25 B K:\TBH Website Temp\kincaid\images\milling-sm.jpg --> uts.cc.utexas.edu /export/httpd/vhosts/texasbeyondhistory/data/kincaid/images milling-sm.jpg
2004.11.11 15:25 B K:\TBH Website Temp\kincaid\images\milling.html --> uts.cc.utexas.edu /export/httpd/vhosts/texasbeyondhistory/data/kincaid/images milling.html
2004.11.11 15:25 B K:\TBH Website Temp\kincaid\images\montell-lg.jpg --> uts.cc.utexas.edu /export/httpd/vhosts/texasbeyondhistory/data/kincaid/images montell-lg.jpg
2004.11.11 15:25 B K:\TBH Website Temp\kincaid\images\montell-sm.jpg --> uts.cc.utexas.edu /export/httpd/vhosts/texasbeyondhistory/data/kincaid/images montell-sm.jpg
2004.11.11 15:25 B K:\TBH Website Temp\kincaid\images\montell.html --> uts.cc.utexas.edu /export/httpd/vhosts/texasbeyondhistory/data/kincaid/images montell.html
2004.11.11 15:25 B K:\TBH Website Temp\kincaid\images\naturalmap-lg.gif --> uts.cc.utexas.edu /export/httpd/vhosts/texasbeyondhistory/data/kincaid/images naturalmap-lg.gif
2004.11.11 15:25 B K:\TBH Website Temp\kincaid\images\naturalmap-sm.gif --> uts.cc.utexas.edu /export/httpd/vhosts/texasbeyondhistory/data/kincaid/images naturalmap-sm.gif
2004.11.11 15:25 B K:\TBH Website Temp\kincaid\images\naturalmap.html --> uts.cc.utexas.edu /export/httpd/vhosts/texasbeyondhistory/data/kincaid/images naturalmap.html
2004.11.11 15:25 B K:\TBH Website Temp\kincaid\images\newbit-sm.gif --> uts.cc.utexas.edu /export/httpd/vhosts/texasbeyondhistory/data/kincaid/images newbit-sm.gif
2004.11.11 15:25 B K:\TBH Website Temp\kincaid\images\newbit.gif --> uts.cc.utexas.edu /export/httpd/vhosts/texasbeyondhistory/data/kincaid/images newbit.gif
2004.11.11 15:25 B K:\TBH Website Temp\kincaid\images\newbit.html --> uts.cc.utexas.edu /export/httpd/vhosts/texasbeyondhistory/data/kincaid/images newbit.html
2004.11.11 15:25 B K:\TBH Website Temp\kincaid\images\nolan-lg.gif --> uts.cc.utexas.edu /export/httpd/vhosts/texasbeyondhistory/data/kincaid/images nolan-lg.gif
2004.11.11 15:25 B K:\TBH Website Temp\kincaid\images\nolan-sm.gif --> uts.cc.utexas.edu /export/httpd/vhosts/texasbeyondhistory/data/kincaid/images nolan-sm.gif
2004.11.11 15:25 B K:\TBH Website Temp\kincaid\images\nolan.html --> uts.cc.utexas.edu /export/httpd/vhosts/texasbeyondhistory/data/kincaid/images nolan.html
2004.11.11 15:25 B K:\TBH Website Temp\kincaid\images\notes-lg.jpg --> uts.cc.utexas.edu /export/httpd/vhosts/texasbeyondhistory/data/kincaid/images notes-lg.jpg
2004.11.11 15:25 B K:\TBH Website Temp\kincaid\images\notes-sm.jpg --> uts.cc.utexas.edu /export/httpd/vhosts/texasbeyondhistory/data/kincaid/images notes-sm.jpg
2004.11.11 15:25 B K:\TBH Website Temp\kincaid\images\notes.html --> uts.cc.utexas.edu /export/httpd/vhosts/texasbeyondhistory/data/kincaid/images notes.html
2004.11.11 15:25 B K:\TBH Website Temp\kincaid\images\obsidian-lg.jpg --> uts.cc.utexas.edu /export/httpd/vhosts/texasbeyondhistory/data/kincaid/images obsidian-lg.jpg
2004.11.11 15:25 B K:\TBH Website Temp\kincaid\images\obsidian-sm-rev.jpg --> uts.cc.utexas.edu /export/httpd/vhosts/texasbeyondhistory/data/kincaid/images obsidian-sm-rev.jpg
2004.11.11 15:25 B K:\TBH Website Temp\kincaid\images\obsidian-sm.jpg --> uts.cc.utexas.edu /export/httpd/vhosts/texasbeyondhistory/data/kincaid/images obsidian-sm.jpg
2004.11.11 15:25 B K:\TBH Website Temp\kincaid\images\obsidian.html --> uts.cc.utexas.edu /export/httpd/vhosts/texasbeyondhistory/data/kincaid/images obsidian.html
2004.11.11 15:25 B K:\TBH Website Temp\kincaid\images\obsidian2-sm.jpg --> uts.cc.utexas.edu /export/httpd/vhosts/texasbeyondhistory/data/kincaid/images obsidian2-sm.jpg
2004.11.11 15:25 B K:\TBH Website Temp\kincaid\images\ocher3194-lg.jpg --> uts.cc.utexas.edu /export/httpd/vhosts/texasbeyondhistory/data/kincaid/images ocher3194-lg.jpg
2004.11.11 15:25 B K:\TBH Website Temp\kincaid\images\ocher3194-sm.jpg --> uts.cc.utexas.edu /export/httpd/vhosts/texasbeyondhistory/data/kincaid/images ocher3194-sm.jpg
2004.11.11 15:25 B K:\TBH Website Temp\kincaid\images\ocher3194.html --> uts.cc.utexas.edu /export/httpd/vhosts/texasbeyondhistory/data/kincaid/images ocher3194.html
2004.11.11 15:25 B K:\TBH Website Temp\kincaid\images\ochre39-lg.jpg --> uts.cc.utexas.edu /export/httpd/vhosts/texasbeyondhistory/data/kincaid/images ochre39-lg.jpg
2004.11.11 15:25 B K:\TBH Website Temp\kincaid\images\ochre39-sm.jpg --> uts.cc.utexas.edu /export/httpd/vhosts/texasbeyondhistory/data/kincaid/images ochre39-sm.jpg
2004.11.11 15:25 B K:\TBH Website Temp\kincaid\images\ochre39.html --> uts.cc.utexas.edu /export/httpd/vhosts/texasbeyondhistory/data/kincaid/images ochre39.html
2004.11.11 15:25 B K:\TBH Website Temp\kincaid\images\ocrousls-lg.jpg --> uts.cc.utexas.edu /export/httpd/vhosts/texasbeyondhistory/data/kincaid/images ocrousls-lg.jpg
2004.11.11 15:25 B K:\TBH Website Temp\kincaid\images\ocrousls-sm.jpg --> uts.cc.utexas.edu /export/httpd/vhosts/texasbeyondhistory/data/kincaid/images ocrousls-sm.jpg
2004.11.11 15:25 B K:\TBH Website Temp\kincaid\images\ocrousls.html --> uts.cc.utexas.edu /export/httpd/vhosts/texasbeyondhistory/data/kincaid/images ocrousls.html
2004.11.11 15:25 B K:\TBH Website Temp\kincaid\images\opening-lg.jpg --> uts.cc.utexas.edu /export/httpd/vhosts/texasbeyondhistory/data/kincaid/images opening-lg.jpg
2004.11.11 15:25 B K:\TBH Website Temp\kincaid\images\opening-sm.jpg --> uts.cc.utexas.edu /export/httpd/vhosts/texasbeyondhistory/data/kincaid/images opening-sm.jpg
2004.11.11 15:25 B K:\TBH Website Temp\kincaid\images\opening.html --> uts.cc.utexas.edu /export/httpd/vhosts/texasbeyondhistory/data/kincaid/images opening.html
2004.11.11 15:25 B K:\TBH Website Temp\kincaid\images\overlying-lg.jpg --> uts.cc.utexas.edu /export/httpd/vhosts/texasbeyondhistory/data/kincaid/images overlying-lg.jpg
2004.11.11 15:25 B K:\TBH Website Temp\kincaid\images\overlying-sm.jpg --> uts.cc.utexas.edu /export/httpd/vhosts/texasbeyondhistory/data/kincaid/images overlying-sm.jpg
2004.11.11 15:25 B K:\TBH Website Temp\kincaid\images\overlying.html --> uts.cc.utexas.edu /export/httpd/vhosts/texasbeyondhistory/data/kincaid/images overlying.html
2004.11.11 15:25 B K:\TBH Website Temp\kincaid\images\pave-sm.jpg --> uts.cc.utexas.edu /export/httpd/vhosts/texasbeyondhistory/data/kincaid/images pave-sm.jpg
2004.11.11 15:25 B K:\TBH Website Temp\kincaid\images\pave.html --> uts.cc.utexas.edu /export/httpd/vhosts/texasbeyondhistory/data/kincaid/images pave.html
2004.11.11 15:25 B K:\TBH Website Temp\kincaid\images\pave.jpg --> uts.cc.utexas.edu /export/httpd/vhosts/texasbeyondhistory/data/kincaid/images pave.jpg
2004.11.11 15:25 B K:\TBH Website Temp\kincaid\images\pebble3142-lg.jpg --> uts.cc.utexas.edu /export/httpd/vhosts/texasbeyondhistory/data/kincaid/images pebble3142-lg.jpg
2004.11.11 15:25 B K:\TBH Website Temp\kincaid\images\pebble3142-sm.jpg --> uts.cc.utexas.edu /export/httpd/vhosts/texasbeyondhistory/data/kincaid/images pebble3142-sm.jpg
2004.11.11 15:25 B K:\TBH Website Temp\kincaid\images\pebble3142.html --> uts.cc.utexas.edu /export/httpd/vhosts/texasbeyondhistory/data/kincaid/images pebble3142.html
2004.11.11 15:25 B K:\TBH Website Temp\kincaid\images\pebble944-lg.jpg --> uts.cc.utexas.edu /export/httpd/vhosts/texasbeyondhistory/data/kincaid/images pebble944-lg.jpg
2004.11.11 15:25 B K:\TBH Website Temp\kincaid\images\pebble944-sm.jpg --> uts.cc.utexas.edu /export/httpd/vhosts/texasbeyondhistory/data/kincaid/images pebble944-sm.jpg
2004.11.11 15:25 B K:\TBH Website Temp\kincaid\images\pebble944.html --> uts.cc.utexas.edu /export/httpd/vhosts/texasbeyondhistory/data/kincaid/images pebble944.html
2004.11.11 15:25 B K:\TBH Website Temp\kincaid\images\pedernales.jpg --> uts.cc.utexas.edu /export/httpd/vhosts/texasbeyondhistory/data/kincaid/images pedernales.jpg
2004.11.11 15:25 B K:\TBH Website Temp\kincaid\images\peel7-lg.jpg --> uts.cc.utexas.edu /export/httpd/vhosts/texasbeyondhistory/data/kincaid/images peel7-lg.jpg
2004.11.11 15:25 B K:\TBH Website Temp\kincaid\images\peel7-sm.jpg --> uts.cc.utexas.edu /export/httpd/vhosts/texasbeyondhistory/data/kincaid/images peel7-sm.jpg
2004.11.11 15:25 B K:\TBH Website Temp\kincaid\images\peel7.html --> uts.cc.utexas.edu /export/httpd/vhosts/texasbeyondhistory/data/kincaid/images peel7.html
2004.11.11 15:25 B K:\TBH Website Temp\kincaid\images\plan-lg.gif --> uts.cc.utexas.edu /export/httpd/vhosts/texasbeyondhistory/data/kincaid/images plan-lg.gif
2004.11.11 15:25 B K:\TBH Website Temp\kincaid\images\plan-sm.gif --> uts.cc.utexas.edu /export/httpd/vhosts/texasbeyondhistory/data/kincaid/images plan-sm.gif
2004.11.11 15:25 B K:\TBH Website Temp\kincaid\images\plan.html --> uts.cc.utexas.edu /export/httpd/vhosts/texasbeyondhistory/data/kincaid/images plan.html
2004.11.11 15:25 B K:\TBH Website Temp\kincaid\images\plan2-lg.gif --> uts.cc.utexas.edu /export/httpd/vhosts/texasbeyondhistory/data/kincaid/images plan2-lg.gif
2004.11.11 15:25 B K:\TBH Website Temp\kincaid\images\plan2-sm.gif --> uts.cc.utexas.edu /export/httpd/vhosts/texasbeyondhistory/data/kincaid/images plan2-sm.gif
2004.11.11 15:25 B K:\TBH Website Temp\kincaid\images\plan2.html --> uts.cc.utexas.edu /export/httpd/vhosts/texasbeyondhistory/data/kincaid/images plan2.html
2004.11.11 15:25 B K:\TBH Website Temp\kincaid\images\plastron-lg.jpg --> uts.cc.utexas.edu /export/httpd/vhosts/texasbeyondhistory/data/kincaid/images plastron-lg.jpg
2004.11.11 15:25 B K:\TBH Website Temp\kincaid\images\plastron-sm.jpg --> uts.cc.utexas.edu /export/httpd/vhosts/texasbeyondhistory/data/kincaid/images plastron-sm.jpg
2004.11.11 15:25 B K:\TBH Website Temp\kincaid\images\plastron.html --> uts.cc.utexas.edu /export/httpd/vhosts/texasbeyondhistory/data/kincaid/images plastron.html
2004.11.11 15:25 B K:\TBH Website Temp\kincaid\images\plate32-lg.jpg --> uts.cc.utexas.edu /export/httpd/vhosts/texasbeyondhistory/data/kincaid/images plate32-lg.jpg
2004.11.11 15:25 B K:\TBH Website Temp\kincaid\images\plate32-sm.jpg --> uts.cc.utexas.edu /export/httpd/vhosts/texasbeyondhistory/data/kincaid/images plate32-sm.jpg
2004.11.11 15:25 B K:\TBH Website Temp\kincaid\images\plate32.html --> uts.cc.utexas.edu /export/httpd/vhosts/texasbeyondhistory/data/kincaid/images plate32.html
2004.11.11 15:25 B K:\TBH Website Temp\kincaid\images\points-lg.jpg --> uts.cc.utexas.edu /export/httpd/vhosts/texasbeyondhistory/data/kincaid/images points-lg.jpg
2004.11.11 15:25 B K:\TBH Website Temp\kincaid\images\points-sm.jpg --> uts.cc.utexas.edu /export/httpd/vhosts/texasbeyondhistory/data/kincaid/images points-sm.jpg
2004.11.11 15:25 B K:\TBH Website Temp\kincaid\images\points.html --> uts.cc.utexas.edu /export/httpd/vhosts/texasbeyondhistory/data/kincaid/images points.html
2004.11.11 15:25 B K:\TBH Website Temp\kincaid\images\preforms.jpg --> uts.cc.utexas.edu /export/httpd/vhosts/texasbeyondhistory/data/kincaid/images preforms.jpg
2004.11.11 15:25 B K:\TBH Website Temp\kincaid\images\presentation-lg.jpg --> uts.cc.utexas.edu /export/httpd/vhosts/texasbeyondhistory/data/kincaid/images presentation-lg.jpg
2004.11.11 15:25 B K:\TBH Website Temp\kincaid\images\presentation-sm.jpg --> uts.cc.utexas.edu /export/httpd/vhosts/texasbeyondhistory/data/kincaid/images presentation-sm.jpg
2004.11.11 15:25 B K:\TBH Website Temp\kincaid\images\presentation.html --> uts.cc.utexas.edu /export/httpd/vhosts/texasbeyondhistory/data/kincaid/images presentation.html
2004.11.11 15:25 B K:\TBH Website Temp\kincaid\images\readingcoll.jpg --> uts.cc.utexas.edu /export/httpd/vhosts/texasbeyondhistory/data/kincaid/images readingcoll.jpg
2004.11.11 15:25 B K:\TBH Website Temp\kincaid\images\refit-lg.jpg --> uts.cc.utexas.edu /export/httpd/vhosts/texasbeyondhistory/data/kincaid/images refit-lg.jpg
2004.11.11 15:25 B K:\TBH Website Temp\kincaid\images\refit-sm.jpg --> uts.cc.utexas.edu /export/httpd/vhosts/texasbeyondhistory/data/kincaid/images refit-sm.jpg
2004.11.11 15:25 B K:\TBH Website Temp\kincaid\images\refit.html --> uts.cc.utexas.edu /export/httpd/vhosts/texasbeyondhistory/data/kincaid/images refit.html
2004.11.11 15:25 B K:\TBH Website Temp\kincaid\images\revisitedcoll.jpg --> uts.cc.utexas.edu /export/httpd/vhosts/texasbeyondhistory/data/kincaid/images revisitedcoll.jpg
2004.11.11 15:25 B K:\TBH Website Temp\kincaid\images\river-lg.jpg --> uts.cc.utexas.edu /export/httpd/vhosts/texasbeyondhistory/data/kincaid/images river-lg.jpg
2004.11.11 15:25 B K:\TBH Website Temp\kincaid\images\river-sm.jpg --> uts.cc.utexas.edu /export/httpd/vhosts/texasbeyondhistory/data/kincaid/images river-sm.jpg
2004.11.11 15:25 B K:\TBH Website Temp\kincaid\images\river.html --> uts.cc.utexas.edu /export/httpd/vhosts/texasbeyondhistory/data/kincaid/images river.html
2004.11.11 15:25 B K:\TBH Website Temp\kincaid\images\rocks-lg.jpg --> uts.cc.utexas.edu /export/httpd/vhosts/texasbeyondhistory/data/kincaid/images rocks-lg.jpg
2004.11.11 15:25 B K:\TBH Website Temp\kincaid\images\rocks-sm.jpg --> uts.cc.utexas.edu /export/httpd/vhosts/texasbeyondhistory/data/kincaid/images rocks-sm.jpg
2004.11.11 15:25 B K:\TBH Website Temp\kincaid\images\rocks.html --> uts.cc.utexas.edu /export/httpd/vhosts/texasbeyondhistory/data/kincaid/images rocks.html
2004.11.11 15:25 B K:\TBH Website Temp\kincaid\images\sandy-lg.jpg --> uts.cc.utexas.edu /export/httpd/vhosts/texasbeyondhistory/data/kincaid/images sandy-lg.jpg
2004.11.11 15:25 B K:\TBH Website Temp\kincaid\images\sandy-sm.jpg --> uts.cc.utexas.edu /export/httpd/vhosts/texasbeyondhistory/data/kincaid/images sandy-sm.jpg
2004.11.11 15:25 B K:\TBH Website Temp\kincaid\images\sandy.html --> uts.cc.utexas.edu /export/httpd/vhosts/texasbeyondhistory/data/kincaid/images sandy.html
2004.11.11 15:25 B K:\TBH Website Temp\kincaid\images\scenery-lg.jpg --> uts.cc.utexas.edu /export/httpd/vhosts/texasbeyondhistory/data/kincaid/images scenery-lg.jpg
2004.11.11 15:25 B K:\TBH Website Temp\kincaid\images\scenery-sm.jpg --> uts.cc.utexas.edu /export/httpd/vhosts/texasbeyondhistory/data/kincaid/images scenery-sm.jpg
2004.11.11 15:25 B K:\TBH Website Temp\kincaid\images\scenery.html --> uts.cc.utexas.edu /export/httpd/vhosts/texasbeyondhistory/data/kincaid/images scenery.html
2004.11.11 15:25 B K:\TBH Website Temp\kincaid\images\scored-lg.jpg --> uts.cc.utexas.edu /export/httpd/vhosts/texasbeyondhistory/data/kincaid/images scored-lg.jpg
2004.11.11 15:25 B K:\TBH Website Temp\kincaid\images\scored-sm.jpg --> uts.cc.utexas.edu /export/httpd/vhosts/texasbeyondhistory/data/kincaid/images scored-sm.jpg
2004.11.11 15:25 B K:\TBH Website Temp\kincaid\images\scored.html --> uts.cc.utexas.edu /export/httpd/vhosts/texasbeyondhistory/data/kincaid/images scored.html
2004.11.11 15:25 B K:\TBH Website Temp\kincaid\images\scrapers-lg.jpg --> uts.cc.utexas.edu /export/httpd/vhosts/texasbeyondhistory/data/kincaid/images scrapers-lg.jpg
2004.11.11 15:25 B K:\TBH Website Temp\kincaid\images\scrapers-sm.jpg --> uts.cc.utexas.edu /export/httpd/vhosts/texasbeyondhistory/data/kincaid/images scrapers-sm.jpg
2004.11.11 15:25 B K:\TBH Website Temp\kincaid\images\scrapers.html --> uts.cc.utexas.edu /export/httpd/vhosts/texasbeyondhistory/data/kincaid/images scrapers.html
2004.11.11 15:25 B K:\TBH Website Temp\kincaid\images\scute-lg.jpg --> uts.cc.utexas.edu /export/httpd/vhosts/texasbeyondhistory/data/kincaid/images scute-lg.jpg
2004.11.11 15:25 B K:\TBH Website Temp\kincaid\images\scute-sm.jpg --> uts.cc.utexas.edu /export/httpd/vhosts/texasbeyondhistory/data/kincaid/images scute-sm.jpg
2004.11.11 15:25 B K:\TBH Website Temp\kincaid\images\scute.html --> uts.cc.utexas.edu /export/httpd/vhosts/texasbeyondhistory/data/kincaid/images scute.html
2004.11.11 15:25 B K:\TBH Website Temp\kincaid\images\sellards-lg.jpg --> uts.cc.utexas.edu /export/httpd/vhosts/texasbeyondhistory/data/kincaid/images sellards-lg.jpg
2004.11.11 15:25 B K:\TBH Website Temp\kincaid\images\sellards-sm.jpg --> uts.cc.utexas.edu /export/httpd/vhosts/texasbeyondhistory/data/kincaid/images sellards-sm.jpg
2004.11.11 15:26 B K:\TBH Website Temp\kincaid\images\sellards.html --> uts.cc.utexas.edu /export/httpd/vhosts/texasbeyondhistory/data/kincaid/images sellards.html
2004.11.11 15:26 B K:\TBH Website Temp\kincaid\images\sellards2-lg.jpg --> uts.cc.utexas.edu /export/httpd/vhosts/texasbeyondhistory/data/kincaid/images sellards2-lg.jpg
2004.11.11 15:26 B K:\TBH Website Temp\kincaid\images\sellards2-sm.jpg --> uts.cc.utexas.edu /export/httpd/vhosts/texasbeyondhistory/data/kincaid/images sellards2-sm.jpg
2004.11.11 15:26 B K:\TBH Website Temp\kincaid\images\sellards2.html --> uts.cc.utexas.edu /export/httpd/vhosts/texasbeyondhistory/data/kincaid/images sellards2.html
2004.11.11 15:26 B K:\TBH Website Temp\kincaid\images\shell-lg.jpg --> uts.cc.utexas.edu /export/httpd/vhosts/texasbeyondhistory/data/kincaid/images shell-lg.jpg
2004.11.11 15:26 B K:\TBH Website Temp\kincaid\images\shell-sm.jpg --> uts.cc.utexas.edu /export/httpd/vhosts/texasbeyondhistory/data/kincaid/images shell-sm.jpg
2004.11.11 15:26 B K:\TBH Website Temp\kincaid\images\shell.html --> uts.cc.utexas.edu /export/httpd/vhosts/texasbeyondhistory/data/kincaid/images shell.html
2004.11.11 15:26 B K:\TBH Website Temp\kincaid\images\sherman2.jpg --> uts.cc.utexas.edu /export/httpd/vhosts/texasbeyondhistory/data/kincaid/images sherman2.jpg
2004.11.11 15:26 B K:\TBH Website Temp\kincaid\images\skull-sm.jpg --> uts.cc.utexas.edu /export/httpd/vhosts/texasbeyondhistory/data/kincaid/images skull-sm.jpg
2004.11.11 15:26 B K:\TBH Website Temp\kincaid\images\skull.html --> uts.cc.utexas.edu /export/httpd/vhosts/texasbeyondhistory/data/kincaid/images skull.html
2004.11.11 15:26 B K:\TBH Website Temp\kincaid\images\skull.jpg --> uts.cc.utexas.edu /export/httpd/vhosts/texasbeyondhistory/data/kincaid/images skull.jpg
2004.11.11 15:26 B K:\TBH Website Temp\kincaid\images\sloth.html --> uts.cc.utexas.edu /export/httpd/vhosts/texasbeyondhistory/data/kincaid/images sloth.html
2004.11.11 15:26 B K:\TBH Website Temp\kincaid\images\sloth.jpg --> uts.cc.utexas.edu /export/httpd/vhosts/texasbeyondhistory/data/kincaid/images sloth.jpg
2004.11.11 15:26 B K:\TBH Website Temp\kincaid\images\smallredb-lg.jpg --> uts.cc.utexas.edu /export/httpd/vhosts/texasbeyondhistory/data/kincaid/images smallredb-lg.jpg
2004.11.11 15:26 B K:\TBH Website Temp\kincaid\images\smallredb-sm.jpg --> uts.cc.utexas.edu /export/httpd/vhosts/texasbeyondhistory/data/kincaid/images smallredb-sm.jpg
2004.11.11 15:26 B K:\TBH Website Temp\kincaid\images\smallredb.html --> uts.cc.utexas.edu /export/httpd/vhosts/texasbeyondhistory/data/kincaid/images smallredb.html
2004.11.11 15:26 B K:\TBH Website Temp\kincaid\images\spoil-lg.jpg --> uts.cc.utexas.edu /export/httpd/vhosts/texasbeyondhistory/data/kincaid/images spoil-lg.jpg
2004.11.11 15:26 B K:\TBH Website Temp\kincaid\images\spoil-sm.jpg --> uts.cc.utexas.edu /export/httpd/vhosts/texasbeyondhistory/data/kincaid/images spoil-sm.jpg
2004.11.11 15:26 B K:\TBH Website Temp\kincaid\images\spoil.html --> uts.cc.utexas.edu /export/httpd/vhosts/texasbeyondhistory/data/kincaid/images spoil.html
2004.11.11 15:26 B K:\TBH Website Temp\kincaid\images\stacked-lg.jpg --> uts.cc.utexas.edu /export/httpd/vhosts/texasbeyondhistory/data/kincaid/images stacked-lg.jpg
2004.11.11 15:26 B K:\TBH Website Temp\kincaid\images\stacked-sm.jpg --> uts.cc.utexas.edu /export/httpd/vhosts/texasbeyondhistory/data/kincaid/images stacked-sm.jpg
2004.11.11 15:26 B K:\TBH Website Temp\kincaid\images\stacked.html --> uts.cc.utexas.edu /export/httpd/vhosts/texasbeyondhistory/data/kincaid/images stacked.html
2004.11.11 15:26 B K:\TBH Website Temp\kincaid\images\steatite-lg.jpg --> uts.cc.utexas.edu /export/httpd/vhosts/texasbeyondhistory/data/kincaid/images steatite-lg.jpg
2004.11.11 15:26 B K:\TBH Website Temp\kincaid\images\steatite-sm.jpg --> uts.cc.utexas.edu /export/httpd/vhosts/texasbeyondhistory/data/kincaid/images steatite-sm.jpg
2004.11.11 15:26 B K:\TBH Website Temp\kincaid\images\steatite.html --> uts.cc.utexas.edu /export/httpd/vhosts/texasbeyondhistory/data/kincaid/images steatite.html
2004.11.11 15:26 B K:\TBH Website Temp\kincaid\images\stone1414-lg.jpg --> uts.cc.utexas.edu /export/httpd/vhosts/texasbeyondhistory/data/kincaid/images stone1414-lg.jpg
2004.11.11 15:26 B K:\TBH Website Temp\kincaid\images\stone1414-sm.jpg --> uts.cc.utexas.edu /export/httpd/vhosts/texasbeyondhistory/data/kincaid/images stone1414-sm.jpg
2004.11.11 15:26 B K:\TBH Website Temp\kincaid\images\stone1414.html --> uts.cc.utexas.edu /export/httpd/vhosts/texasbeyondhistory/data/kincaid/images stone1414.html
2004.11.11 15:26 B K:\TBH Website Temp\kincaid\images\stones.jpg --> uts.cc.utexas.edu /export/httpd/vhosts/texasbeyondhistory/data/kincaid/images stones.jpg
2004.11.11 15:26 B K:\TBH Website Temp\kincaid\images\stratigraphy-lg.gif --> uts.cc.utexas.edu /export/httpd/vhosts/texasbeyondhistory/data/kincaid/images stratigraphy-lg.gif
2004.11.11 15:26 B K:\TBH Website Temp\kincaid\images\stratigraphy-sm.gif --> uts.cc.utexas.edu /export/httpd/vhosts/texasbeyondhistory/data/kincaid/images stratigraphy-sm.gif
2004.11.11 15:26 B K:\TBH Website Temp\kincaid\images\suhm-lg.jpg --> uts.cc.utexas.edu /export/httpd/vhosts/texasbeyondhistory/data/kincaid/images suhm-lg.jpg
2004.11.11 15:26 B K:\TBH Website Temp\kincaid\images\suhm-sm.jpg --> uts.cc.utexas.edu /export/httpd/vhosts/texasbeyondhistory/data/kincaid/images suhm-sm.jpg
2004.11.11 15:26 B K:\TBH Website Temp\kincaid\images\suhm.html --> uts.cc.utexas.edu /export/httpd/vhosts/texasbeyondhistory/data/kincaid/images suhm.html
2004.11.11 15:26 B K:\TBH Website Temp\kincaid\images\suhmnotes-lg.jpg --> uts.cc.utexas.edu /export/httpd/vhosts/texasbeyondhistory/data/kincaid/images suhmnotes-lg.jpg
2004.11.11 15:26 B K:\TBH Website Temp\kincaid\images\suhmnotes-sm.jpg --> uts.cc.utexas.edu /export/httpd/vhosts/texasbeyondhistory/data/kincaid/images suhmnotes-sm.jpg
2004.11.11 15:26 B K:\TBH Website Temp\kincaid\images\suhmnotes.html --> uts.cc.utexas.edu /export/httpd/vhosts/texasbeyondhistory/data/kincaid/images suhmnotes.html
2004.11.11 15:26 B K:\TBH Website Temp\kincaid\images\terrace-lg.jpg --> uts.cc.utexas.edu /export/httpd/vhosts/texasbeyondhistory/data/kincaid/images terrace-lg.jpg
2004.11.11 15:26 B K:\TBH Website Temp\kincaid\images\terrace-sm.jpg --> uts.cc.utexas.edu /export/httpd/vhosts/texasbeyondhistory/data/kincaid/images terrace-sm.jpg
2004.11.11 15:26 B K:\TBH Website Temp\kincaid\images\terrace.html --> uts.cc.utexas.edu /export/httpd/vhosts/texasbeyondhistory/data/kincaid/images terrace.html
2004.11.11 15:26 B K:\TBH Website Temp\kincaid\images\tour-lg.jpg --> uts.cc.utexas.edu /export/httpd/vhosts/texasbeyondhistory/data/kincaid/images tour-lg.jpg
2004.11.11 15:26 B K:\TBH Website Temp\kincaid\images\tour-sm.jpg --> uts.cc.utexas.edu /export/httpd/vhosts/texasbeyondhistory/data/kincaid/images tour-sm.jpg
2004.11.11 15:26 B K:\TBH Website Temp\kincaid\images\tour.html --> uts.cc.utexas.edu /export/httpd/vhosts/texasbeyondhistory/data/kincaid/images tour.html
2004.11.11 15:26 B K:\TBH Website Temp\kincaid\images\travertine.jpg --> uts.cc.utexas.edu /export/httpd/vhosts/texasbeyondhistory/data/kincaid/images travertine.jpg
2004.11.11 15:26 B K:\TBH Website Temp\kincaid\images\trench-lg.jpg --> uts.cc.utexas.edu /export/httpd/vhosts/texasbeyondhistory/data/kincaid/images trench-lg.jpg
2004.11.11 15:26 B K:\TBH Website Temp\kincaid\images\trench-sm.jpg --> uts.cc.utexas.edu /export/httpd/vhosts/texasbeyondhistory/data/kincaid/images trench-sm.jpg
2004.11.11 15:26 B K:\TBH Website Temp\kincaid\images\trench.html --> uts.cc.utexas.edu /export/httpd/vhosts/texasbeyondhistory/data/kincaid/images trench.html
2004.11.11 15:26 B K:\TBH Website Temp\kincaid\images\triangular-lg.jpg --> uts.cc.utexas.edu /export/httpd/vhosts/texasbeyondhistory/data/kincaid/images triangular-lg.jpg
2004.11.11 15:26 B K:\TBH Website Temp\kincaid\images\triangular-sm.jpg --> uts.cc.utexas.edu /export/httpd/vhosts/texasbeyondhistory/data/kincaid/images triangular-sm.jpg
2004.11.11 15:26 B K:\TBH Website Temp\kincaid\images\triangular.html --> uts.cc.utexas.edu /export/httpd/vhosts/texasbeyondhistory/data/kincaid/images triangular.html
2004.11.11 15:26 B K:\TBH Website Temp\kincaid\images\unknown-sm.jpg --> uts.cc.utexas.edu /export/httpd/vhosts/texasbeyondhistory/data/kincaid/images unknown-sm.jpg
2004.11.11 15:26 B K:\TBH Website Temp\kincaid\images\unknown.html --> uts.cc.utexas.edu /export/httpd/vhosts/texasbeyondhistory/data/kincaid/images unknown.html
2004.11.11 15:26 B K:\TBH Website Temp\kincaid\images\unknown.jpg --> uts.cc.utexas.edu /export/httpd/vhosts/texasbeyondhistory/data/kincaid/images unknown.jpg
2004.11.11 15:26 B K:\TBH Website Temp\kincaid\images\ut-lg.jpg --> uts.cc.utexas.edu /export/httpd/vhosts/texasbeyondhistory/data/kincaid/images ut-lg.jpg
2004.11.11 15:26 B K:\TBH Website Temp\kincaid\images\ut-sm.jpg --> uts.cc.utexas.edu /export/httpd/vhosts/texasbeyondhistory/data/kincaid/images ut-sm.jpg
2004.11.11 15:26 B K:\TBH Website Temp\kincaid\images\ut.html --> uts.cc.utexas.edu /export/httpd/vhosts/texasbeyondhistory/data/kincaid/images ut.html
2004.11.11 15:26 B K:\TBH Website Temp\kincaid\images\uvalde-lg.jpg --> uts.cc.utexas.edu /export/httpd/vhosts/texasbeyondhistory/data/kincaid/images uvalde-lg.jpg
2004.11.11 15:26 B K:\TBH Website Temp\kincaid\images\uvalde-sm.jpg --> uts.cc.utexas.edu /export/httpd/vhosts/texasbeyondhistory/data/kincaid/images uvalde-sm.jpg
2004.11.11 15:26 B K:\TBH Website Temp\kincaid\images\uvalde.html --> uts.cc.utexas.edu /export/httpd/vhosts/texasbeyondhistory/data/kincaid/images uvalde.html
2004.11.11 15:26 B K:\TBH Website Temp\kincaid\images\view.jpg --> uts.cc.utexas.edu /export/httpd/vhosts/texasbeyondhistory/data/kincaid/images view.jpg
2004.11.11 15:26 B K:\TBH Website Temp\kincaid\images\visitors-lg.jpg --> uts.cc.utexas.edu /export/httpd/vhosts/texasbeyondhistory/data/kincaid/images visitors-lg.jpg
2004.11.11 15:26 B K:\TBH Website Temp\kincaid\images\visitors.html --> uts.cc.utexas.edu /export/httpd/vhosts/texasbeyondhistory/data/kincaid/images visitors.html
2004.11.11 15:26 B K:\TBH Website Temp\kincaid\images\visitos-sm.jpg --> uts.cc.utexas.edu /export/httpd/vhosts/texasbeyondhistory/data/kincaid/images visitos-sm.jpg
2004.11.11 15:26 B K:\TBH Website Temp\kincaid\images\wheelbarrow-lg.jpg --> uts.cc.utexas.edu /export/httpd/vhosts/texasbeyondhistory/data/kincaid/images wheelbarrow-lg.jpg
2004.11.11 15:26 B K:\TBH Website Temp\kincaid\images\wheelbarrow-sm.jpg --> uts.cc.utexas.edu /export/httpd/vhosts/texasbeyondhistory/data/kincaid/images wheelbarrow-sm.jpg
2004.11.11 15:26 B K:\TBH Website Temp\kincaid\images\wheelbarrow.html --> uts.cc.utexas.edu /export/httpd/vhosts/texasbeyondhistory/data/kincaid/images wheelbarrow.html
2004.11.11 15:26 B K:\TBH Website Temp\kincaid\images\winans-lg.jpg --> uts.cc.utexas.edu /export/httpd/vhosts/texasbeyondhistory/data/kincaid/images winans-lg.jpg
2004.11.11 15:26 B K:\TBH Website Temp\kincaid\images\winans-sm.jpg --> uts.cc.utexas.edu /export/httpd/vhosts/texasbeyondhistory/data/kincaid/images winans-sm.jpg
2004.11.11 15:26 B K:\TBH Website Temp\kincaid\images\winans.html --> uts.cc.utexas.edu /export/httpd/vhosts/texasbeyondhistory/data/kincaid/images winans.html
2004.11.11 15:26 B K:\TBH Website Temp\kincaid\images\winans2-sm.jpg --> uts.cc.utexas.edu /export/httpd/vhosts/texasbeyondhistory/data/kincaid/images winans2-sm.jpg
2004.11.11 15:26 B K:\TBH Website Temp\kincaid\images\worker-lg.jpg --> uts.cc.utexas.edu /export/httpd/vhosts/texasbeyondhistory/data/kincaid/images worker-lg.jpg
2004.11.11 15:26 B K:\TBH Website Temp\kincaid\images\worker-sm.jpg --> uts.cc.utexas.edu /export/httpd/vhosts/texasbeyondhistory/data/kincaid/images worker-sm.jpg
2004.11.11 15:26 B K:\TBH Website Temp\kincaid\images\worker.html --> uts.cc.utexas.edu /export/httpd/vhosts/texasbeyondhistory/data/kincaid/images worker.html
2004.11.11 15:26 B K:\TBH Website Temp\kincaid\images\yellow1669-lg.jpg --> uts.cc.utexas.edu /export/httpd/vhosts/texasbeyondhistory/data/kincaid/images yellow1669-lg.jpg
2004.11.11 15:26 B K:\TBH Website Temp\kincaid\images\yellow1669-sm.jpg --> uts.cc.utexas.edu /export/httpd/vhosts/texasbeyondhistory/data/kincaid/images yellow1669-sm.jpg
2004.11.11 15:26 B K:\TBH Website Temp\kincaid\images\yellow1669.html --> uts.cc.utexas.edu /export/httpd/vhosts/texasbeyondhistory/data/kincaid/images yellow1669.html
2004.11.11 15:26 B K:\TBH Website Temp\kincaid\images\yellow2792-lg.jpg --> uts.cc.utexas.edu /export/httpd/vhosts/texasbeyondhistory/data/kincaid/images yellow2792-lg.jpg
2004.11.11 15:26 B K:\TBH Website Temp\kincaid\images\yellow2792-sm.jpg --> uts.cc.utexas.edu /export/httpd/vhosts/texasbeyondhistory/data/kincaid/images yellow2792-sm.jpg
2004.11.11 15:26 B K:\TBH Website Temp\kincaid\images\yellow2792.html --> uts.cc.utexas.edu /export/httpd/vhosts/texasbeyondhistory/data/kincaid/images yellow2792.html
2004.11.11 15:26 B K:\TBH Website Temp\kincaid\images\yellowocher-lg.jpg --> uts.cc.utexas.edu /export/httpd/vhosts/texasbeyondhistory/data/kincaid/images yellowocher-lg.jpg
2004.11.11 15:26 B K:\TBH Website Temp\kincaid\images\yellowocher-rev.html --> uts.cc.utexas.edu /export/httpd/vhosts/texasbeyondhistory/data/kincaid/images yellowocher-rev.html
2004.11.11 15:26 B K:\TBH Website Temp\kincaid\images\yellowocher-reverse.jpg --> uts.cc.utexas.edu /export/httpd/vhosts/texasbeyondhistory/data/kincaid/images yellowocher-reverse.jpg
2004.11.11 15:26 B K:\TBH Website Temp\kincaid\images\yellowocher-sm.jpg --> uts.cc.utexas.edu /export/httpd/vhosts/texasbeyondhistory/data/kincaid/images yellowocher-sm.jpg
2004.11.11 15:26 B K:\TBH Website Temp\kincaid\images\yellowocher.html --> uts.cc.utexas.edu /export/httpd/vhosts/texasbeyondhistory/data/kincaid/images yellowocher.html
2004.11.11 15:26 B K:\TBH Website Temp\kincaid\images\yellowochre-rev.jpg --> uts.cc.utexas.edu /export/httpd/vhosts/texasbeyondhistory/data/kincaid/images yellowochre-rev.jpg
2004.11.11 15:26 B K:\TBH Website Temp\kincaid\images\zone4-sm.jpg --> uts.cc.utexas.edu /export/httpd/vhosts/texasbeyondhistory/data/kincaid/images zone4-sm.jpg
2004.11.11 15:26 B K:\TBH Website Temp\kincaid\images\zone4.html --> uts.cc.utexas.edu /export/httpd/vhosts/texasbeyondhistory/data/kincaid/images zone4.html
2004.11.11 15:26 B K:\TBH Website Temp\kincaid\images\zoomorph-lg.jpg --> uts.cc.utexas.edu /export/httpd/vhosts/texasbeyondhistory/data/kincaid/images zoomorph-lg.jpg
2004.11.11 15:26 B K:\TBH Website Temp\kincaid\images\zoomorph-rev.jpg --> uts.cc.utexas.edu /export/httpd/vhosts/texasbeyondhistory/data/kincaid/images zoomorph-rev.jpg
2004.11.11 15:26 B K:\TBH Website Temp\kincaid\images\zoomorph-sm.jpg --> uts.cc.utexas.edu /export/httpd/vhosts/texasbeyondhistory/data/kincaid/images zoomorph-sm.jpg
2004.11.11 15:26 B K:\TBH Website Temp\kincaid\images\zoomorph.html --> uts.cc.utexas.edu /export/httpd/vhosts/texasbeyondhistory/data/kincaid/images zoomorph.html
2004.11.16 14:09 B G:\TBH Website Temp\kincaid\images\bead.html --> uts.cc.utexas.edu /export/httpd/vhosts/texasbeyondhistory/data/kincaid/images bead.html
2004.11.16 14:09 B G:\TBH Website Temp\kincaid\images\worker.html --> uts.cc.utexas.edu /export/httpd/vhosts/texasbeyondhistory/data/kincaid/images worker.html
2004.11.16 14:09 B G:\TBH Website Temp\kincaid\images\gene.html --> uts.cc.utexas.edu /export/httpd/vhosts/texasbeyondhistory/data/kincaid/images gene.html
2004.11.16 14:10 B G:\TBH Website Temp\kincaid\images\core.html --> uts.cc.utexas.edu /export/httpd/vhosts/texasbeyondhistory/data/kincaid/images core.html
2004.11.16 14:10 B G:\TBH Website Temp\kincaid\images\latepre.html --> uts.cc.utexas.edu /export/httpd/vhosts/texasbeyondhistory/data/kincaid/images latepre.html
2004.11.29 16:51 B G:\TBH Website Temp\kincaid\images\plate32-sm.jpg --> uts.cc.utexas.edu /export/httpd/vhosts/texasbeyondhistory/data/kincaid/images plate32-sm.jpg
2004.11.29 16:52 B G:\TBH Website Temp\kincaid\images\plate32-lg.jpg --> uts.cc.utexas.edu /export/httpd/vhosts/texasbeyondhistory/data/kincaid/images plate32-lg.jpg
2004.11.29 16:52 B G:\TBH Website Temp\kincaid\images\refit.html --> uts.cc.utexas.edu /export/httpd/vhosts/texasbeyondhistory/data/kincaid/images refit.html
2004.11.29 16:53 B G:\TBH Website Temp\kincaid\images\fullsection.gif --> uts.cc.utexas.edu /export/httpd/vhosts/texasbeyondhistory/data/kincaid/images fullsection.gif
2004.11.29 16:53 B G:\TBH Website Temp\kincaid\images\plate32.html --> uts.cc.utexas.edu /export/httpd/vhosts/texasbeyondhistory/data/kincaid/images plate32.html
2004.11.29 16:53 B G:\TBH Website Temp\kincaid\images\earlyman.html --> uts.cc.utexas.edu /export/httpd/vhosts/texasbeyondhistory/data/kincaid/images earlyman.html
2004.11.29 16:53 B G:\TBH Website Temp\kincaid\images\sandy.html --> uts.cc.utexas.edu /export/httpd/vhosts/texasbeyondhistory/data/kincaid/images sandy.html
2004.11.29 16:53 B G:\TBH Website Temp\kincaid\images\milling.html --> uts.cc.utexas.edu /export/httpd/vhosts/texasbeyondhistory/data/kincaid/images milling.html
2004.11.29 16:54 B G:\TBH Website Temp\kincaid\images\guaddraw.html --> uts.cc.utexas.edu /export/httpd/vhosts/texasbeyondhistory/data/kincaid/images guaddraw.html
2004.11.29 16:54 B G:\TBH Website Temp\kincaid\images\newbit.html --> uts.cc.utexas.edu /export/httpd/vhosts/texasbeyondhistory/data/kincaid/images newbit.html
2004.11.29 16:54 B G:\TBH Website Temp\kincaid\images\campbell.html --> uts.cc.utexas.edu /export/httpd/vhosts/texasbeyondhistory/data/kincaid/images campbell.html
2004.11.29 16:54 B G:\TBH Website Temp\kincaid\images\chronchart.html --> uts.cc.utexas.edu /export/httpd/vhosts/texasbeyondhistory/data/kincaid/images chronchart.html
2004.11.29 16:55 B G:\TBH Website Temp\kincaid\images\biotic.html --> uts.cc.utexas.edu /export/httpd/vhosts/texasbeyondhistory/data/kincaid/images biotic.html
2004.11.29 16:55 B G:\TBH Website Temp\kincaid\images\scenery.html --> uts.cc.utexas.edu /export/httpd/vhosts/texasbeyondhistory/data/kincaid/images scenery.html
2004.12.01 15:45 B G:\TBH Website Temp\kincaid\images\lion.htm --> uts.cc.utexas.edu /export/httpd/vhosts/texasbeyondhistory/data/kincaid/images lion.htm
2004.12.30 16:29 B G:\TBH Website Temp\kincaid\images\plate32.html --> uts.cc.utexas.edu /export/httpd/vhosts/texasbeyondhistory/data/kincaid/images plate32.html
2004.12.30 16:29 B G:\TBH Website Temp\kincaid\images\ams.html --> uts.cc.utexas.edu /export/httpd/vhosts/texasbeyondhistory/data/kincaid/images ams.html
2004.12.30 16:30 B G:\TBH Website Temp\kincaid\images\stone1414.html --> uts.cc.utexas.edu /export/httpd/vhosts/texasbeyondhistory/data/kincaid/images stone1414.html
2004.12.30 16:30 B G:\TBH Website Temp\kincaid\images\peel7.html --> uts.cc.utexas.edu /export/httpd/vhosts/texasbeyondhistory/data/kincaid/images peel7.html
2004.12.30 16:30 B G:\TBH Website Temp\kincaid\images\shell.html --> uts.cc.utexas.edu /export/httpd/vhosts/texasbeyondhistory/data/kincaid/images shell.html
2004.12.30 16:31 B G:\TBH Website Temp\kincaid\images\basalt.html --> uts.cc.utexas.edu /export/httpd/vhosts/texasbeyondhistory/data/kincaid/images basalt.html
2004.12.30 16:31 B G:\TBH Website Temp\kincaid\images\triangular.html --> uts.cc.utexas.edu /export/httpd/vhosts/texasbeyondhistory/data/kincaid/images triangular.html
2004.12.30 16:31 B G:\TBH Website Temp\kincaid\images\flake.html --> uts.cc.utexas.edu /export/httpd/vhosts/texasbeyondhistory/data/kincaid/images flake.html
2004.12.30 16:31 B G:\TBH Website Temp\kincaid\images\angostura.html --> uts.cc.utexas.edu /export/httpd/vhosts/texasbeyondhistory/data/kincaid/images angostura.html
2004.12.30 16:31 B G:\TBH Website Temp\kincaid\images\core.html --> uts.cc.utexas.edu /export/httpd/vhosts/texasbeyondhistory/data/kincaid/images core.html
2004.12.30 16:32 B G:\TBH Website Temp\kincaid\images\horsejaw.html --> uts.cc.utexas.edu /export/httpd/vhosts/texasbeyondhistory/data/kincaid/images horsejaw.html
2004.12.30 16:32 B G:\TBH Website Temp\kincaid\images\glenn.html --> uts.cc.utexas.edu /export/httpd/vhosts/texasbeyondhistory/data/kincaid/images glenn.html
2004.12.30 16:35 B G:\TBH Website Temp\kincaid\images\shaw-kincaid-lg.jpg --> uts.cc.utexas.edu /export/httpd/vhosts/texasbeyondhistory/data/kincaid/images shaw-kincaid-lg.jpg
2005.01.05 11:37 B G:\TBH Website Temp\kincaid\images\shaw-kincaid-lg.jpg --> uts.cc.utexas.edu /export/httpd/vhosts/texasbeyondhistory/data/kincaid/images shaw-kincaid-lg.jpg
