2006.09.01 11:37 B L:\TBH Website Temp\beene\images\.DS_Store --> uts.cc.utexas.edu /export/httpd/vhosts/texasbeyondhistory/data/protect/rb-review/beene/images .DS_Store
2006.09.01 11:37 B L:\TBH Website Temp\beene\images\camera-button-ro-sm.jpg --> uts.cc.utexas.edu /export/httpd/vhosts/texasbeyondhistory/data/protect/rb-review/beene/images camera-button-ro-sm.jpg
2006.09.01 11:37 B L:\TBH Website Temp\beene\images\camera-button-sm.jpg --> uts.cc.utexas.edu /export/httpd/vhosts/texasbeyondhistory/data/protect/rb-review/beene/images camera-button-sm.jpg
2006.09.01 11:37 B L:\TBH Website Temp\beene\images\eastcamas-sm.jpg --> uts.cc.utexas.edu /export/httpd/vhosts/texasbeyondhistory/data/protect/rb-review/beene/images eastcamas-sm.jpg
2006.09.01 11:37 B L:\TBH Website Temp\beene\images\eastcamas.html --> uts.cc.utexas.edu /export/httpd/vhosts/texasbeyondhistory/data/protect/rb-review/beene/images eastcamas.html
2006.09.01 11:37 B L:\TBH Website Temp\beene\images\eastcamas.jpg --> uts.cc.utexas.edu /export/httpd/vhosts/texasbeyondhistory/data/protect/rb-review/beene/images eastcamas.jpg
2006.09.01 11:37 B L:\TBH Website Temp\beene\images\examples-sm.jpg --> uts.cc.utexas.edu /export/httpd/vhosts/texasbeyondhistory/data/protect/rb-review/beene/images examples-sm.jpg
2006.09.01 11:37 B L:\TBH Website Temp\beene\images\examples.html --> uts.cc.utexas.edu /export/httpd/vhosts/texasbeyondhistory/data/protect/rb-review/beene/images examples.html
2006.09.01 11:37 B L:\TBH Website Temp\beene\images\examples.jpg --> uts.cc.utexas.edu /export/httpd/vhosts/texasbeyondhistory/data/protect/rb-review/beene/images examples.jpg
2006.09.01 11:37 B L:\TBH Website Temp\beene\images\icon-applewhite.jpg --> uts.cc.utexas.edu /export/httpd/vhosts/texasbeyondhistory/data/protect/rb-review/beene/images icon-applewhite.jpg
2006.09.01 11:37 B L:\TBH Website Temp\beene\images\icon-invest.jpg --> uts.cc.utexas.edu /export/httpd/vhosts/texasbeyondhistory/data/protect/rb-review/beene/images icon-invest.jpg
2006.09.01 11:37 B L:\TBH Website Temp\beene\images\icon-natural.jpg --> uts.cc.utexas.edu /export/httpd/vhosts/texasbeyondhistory/data/protect/rb-review/beene/images icon-natural.jpg
2006.09.01 11:37 B L:\TBH Website Temp\beene\images\index-icon.jpg --> uts.cc.utexas.edu /export/httpd/vhosts/texasbeyondhistory/data/protect/rb-review/beene/images index-icon.jpg
2006.09.01 11:37 B L:\TBH Website Temp\beene\images\loadingoven-sm.jpg --> uts.cc.utexas.edu /export/httpd/vhosts/texasbeyondhistory/data/protect/rb-review/beene/images loadingoven-sm.jpg
2006.09.01 11:37 B L:\TBH Website Temp\beene\images\loadingoven.html --> uts.cc.utexas.edu /export/httpd/vhosts/texasbeyondhistory/data/protect/rb-review/beene/images loadingoven.html
2006.09.01 11:37 B L:\TBH Website Temp\beene\images\loadingoven.jpg --> uts.cc.utexas.edu /export/httpd/vhosts/texasbeyondhistory/data/protect/rb-review/beene/images loadingoven.jpg
2006.09.01 11:37 B L:\TBH Website Temp\beene\images\pic1.jpg --> uts.cc.utexas.edu /export/httpd/vhosts/texasbeyondhistory/data/protect/rb-review/beene/images pic1.jpg
2006.09.01 11:37 B L:\TBH Website Temp\beene\images\pic10.jpg --> uts.cc.utexas.edu /export/httpd/vhosts/texasbeyondhistory/data/protect/rb-review/beene/images pic10.jpg
2006.09.01 11:37 B L:\TBH Website Temp\beene\images\pic2.jpg --> uts.cc.utexas.edu /export/httpd/vhosts/texasbeyondhistory/data/protect/rb-review/beene/images pic2.jpg
2006.09.01 11:37 B L:\TBH Website Temp\beene\images\pic3.jpg --> uts.cc.utexas.edu /export/httpd/vhosts/texasbeyondhistory/data/protect/rb-review/beene/images pic3.jpg
2006.09.01 11:37 B L:\TBH Website Temp\beene\images\pic4.jpg --> uts.cc.utexas.edu /export/httpd/vhosts/texasbeyondhistory/data/protect/rb-review/beene/images pic4.jpg
2006.09.01 11:37 B L:\TBH Website Temp\beene\images\pic5.jpg --> uts.cc.utexas.edu /export/httpd/vhosts/texasbeyondhistory/data/protect/rb-review/beene/images pic5.jpg
2006.09.01 11:37 B L:\TBH Website Temp\beene\images\pic6.jpg --> uts.cc.utexas.edu /export/httpd/vhosts/texasbeyondhistory/data/protect/rb-review/beene/images pic6.jpg
2006.09.01 11:37 B L:\TBH Website Temp\beene\images\pic7.jpg --> uts.cc.utexas.edu /export/httpd/vhosts/texasbeyondhistory/data/protect/rb-review/beene/images pic7.jpg
2006.09.01 11:37 B L:\TBH Website Temp\beene\images\pic8.jpg --> uts.cc.utexas.edu /export/httpd/vhosts/texasbeyondhistory/data/protect/rb-review/beene/images pic8.jpg
2006.09.01 11:37 B L:\TBH Website Temp\beene\images\pic9.jpg --> uts.cc.utexas.edu /export/httpd/vhosts/texasbeyondhistory/data/protect/rb-review/beene/images pic9.jpg
2006.09.01 11:37 B L:\TBH Website Temp\beene\images\RB-coahuiltecans-sm.jpg --> uts.cc.utexas.edu /export/httpd/vhosts/texasbeyondhistory/data/protect/rb-review/beene/images RB-coahuiltecans-sm.jpg
2006.09.01 11:38 B L:\TBH Website Temp\beene\images\RB-coahuiltecans.html --> uts.cc.utexas.edu /export/httpd/vhosts/texasbeyondhistory/data/protect/rb-review/beene/images RB-coahuiltecans.html
2006.09.01 11:38 B L:\TBH Website Temp\beene\images\RB-coahuiltecans.jpg --> uts.cc.utexas.edu /export/httpd/vhosts/texasbeyondhistory/data/protect/rb-review/beene/images RB-coahuiltecans.jpg
2006.09.01 11:38 B L:\TBH Website Temp\beene\images\RB-Fig-1-2-sm.jpg --> uts.cc.utexas.edu /export/httpd/vhosts/texasbeyondhistory/data/protect/rb-review/beene/images RB-Fig-1-2-sm.jpg
2006.09.01 11:38 B L:\TBH Website Temp\beene\images\RB-Fig-1-2.html --> uts.cc.utexas.edu /export/httpd/vhosts/texasbeyondhistory/data/protect/rb-review/beene/images RB-Fig-1-2.html
2006.09.01 11:38 B L:\TBH Website Temp\beene\images\RB-Fig-1-2.jpg --> uts.cc.utexas.edu /export/httpd/vhosts/texasbeyondhistory/data/protect/rb-review/beene/images RB-Fig-1-2.jpg
2006.09.01 11:38 B L:\TBH Website Temp\beene\images\RB-Fig-1-3-sm.jpg --> uts.cc.utexas.edu /export/httpd/vhosts/texasbeyondhistory/data/protect/rb-review/beene/images RB-Fig-1-3-sm.jpg
2006.09.01 11:38 B L:\TBH Website Temp\beene\images\RB-Fig-1-3.html --> uts.cc.utexas.edu /export/httpd/vhosts/texasbeyondhistory/data/protect/rb-review/beene/images RB-Fig-1-3.html
2006.09.01 11:38 B L:\TBH Website Temp\beene\images\RB-Fig-1-3.jpg --> uts.cc.utexas.edu /export/httpd/vhosts/texasbeyondhistory/data/protect/rb-review/beene/images RB-Fig-1-3.jpg
2006.09.01 11:38 B L:\TBH Website Temp\beene\images\RB-Fig-1-5-sm.jpg --> uts.cc.utexas.edu /export/httpd/vhosts/texasbeyondhistory/data/protect/rb-review/beene/images RB-Fig-1-5-sm.jpg
2006.09.01 11:38 B L:\TBH Website Temp\beene\images\RB-Fig-1-5.html --> uts.cc.utexas.edu /export/httpd/vhosts/texasbeyondhistory/data/protect/rb-review/beene/images RB-Fig-1-5.html
2006.09.01 11:38 B L:\TBH Website Temp\beene\images\RB-Fig-1-5.jpg --> uts.cc.utexas.edu /export/httpd/vhosts/texasbeyondhistory/data/protect/rb-review/beene/images RB-Fig-1-5.jpg
2006.09.01 11:38 B L:\TBH Website Temp\beene\images\RB-Fig-1-6-sm.jpg --> uts.cc.utexas.edu /export/httpd/vhosts/texasbeyondhistory/data/protect/rb-review/beene/images RB-Fig-1-6-sm.jpg
2006.09.01 11:38 B L:\TBH Website Temp\beene\images\RB-Fig-1-6.html --> uts.cc.utexas.edu /export/httpd/vhosts/texasbeyondhistory/data/protect/rb-review/beene/images RB-Fig-1-6.html
2006.09.01 11:38 B L:\TBH Website Temp\beene\images\RB-Fig-1-6.jpg --> uts.cc.utexas.edu /export/httpd/vhosts/texasbeyondhistory/data/protect/rb-review/beene/images RB-Fig-1-6.jpg
2006.09.01 11:38 B L:\TBH Website Temp\beene\images\RB-Fig-1-7b-sm.jpg --> uts.cc.utexas.edu /export/httpd/vhosts/texasbeyondhistory/data/protect/rb-review/beene/images RB-Fig-1-7b-sm.jpg
2006.09.01 11:38 B L:\TBH Website Temp\beene\images\RB-Fig-1-7b.html --> uts.cc.utexas.edu /export/httpd/vhosts/texasbeyondhistory/data/protect/rb-review/beene/images RB-Fig-1-7b.html
2006.09.01 11:38 B L:\TBH Website Temp\beene\images\RB-Fig-1-7b.jpg --> uts.cc.utexas.edu /export/httpd/vhosts/texasbeyondhistory/data/protect/rb-review/beene/images RB-Fig-1-7b.jpg
2006.09.01 11:38 B L:\TBH Website Temp\beene\images\RB-Fig-1-7c-sm.jpg --> uts.cc.utexas.edu /export/httpd/vhosts/texasbeyondhistory/data/protect/rb-review/beene/images RB-Fig-1-7c-sm.jpg
2006.09.01 11:38 B L:\TBH Website Temp\beene\images\RB-Fig-1-7c.jpg --> uts.cc.utexas.edu /export/httpd/vhosts/texasbeyondhistory/data/protect/rb-review/beene/images RB-Fig-1-7c.jpg
2006.09.01 11:38 B L:\TBH Website Temp\beene\images\RB-Fig-1-7e-sm.jpg --> uts.cc.utexas.edu /export/httpd/vhosts/texasbeyondhistory/data/protect/rb-review/beene/images RB-Fig-1-7e-sm.jpg
2006.09.01 11:38 B L:\TBH Website Temp\beene\images\RB-Fig-1-7e.html --> uts.cc.utexas.edu /export/httpd/vhosts/texasbeyondhistory/data/protect/rb-review/beene/images RB-Fig-1-7e.html
2006.09.01 11:38 B L:\TBH Website Temp\beene\images\RB-Fig-1-7e.jpg --> uts.cc.utexas.edu /export/httpd/vhosts/texasbeyondhistory/data/protect/rb-review/beene/images RB-Fig-1-7e.jpg
2006.09.01 11:38 B L:\TBH Website Temp\beene\images\RB-Fig-10-15-sm.jpg --> uts.cc.utexas.edu /export/httpd/vhosts/texasbeyondhistory/data/protect/rb-review/beene/images RB-Fig-10-15-sm.jpg
2006.09.01 11:38 B L:\TBH Website Temp\beene\images\RB-Fig-10-15.html --> uts.cc.utexas.edu /export/httpd/vhosts/texasbeyondhistory/data/protect/rb-review/beene/images RB-Fig-10-15.html
2006.09.01 11:38 B L:\TBH Website Temp\beene\images\RB-Fig-10-15.jpg --> uts.cc.utexas.edu /export/httpd/vhosts/texasbeyondhistory/data/protect/rb-review/beene/images RB-Fig-10-15.jpg
2006.09.01 11:38 B L:\TBH Website Temp\beene\images\RB-Fig-13-23-sm.jpg --> uts.cc.utexas.edu /export/httpd/vhosts/texasbeyondhistory/data/protect/rb-review/beene/images RB-Fig-13-23-sm.jpg
2006.09.01 11:38 B L:\TBH Website Temp\beene\images\RB-Fig-13-23.html --> uts.cc.utexas.edu /export/httpd/vhosts/texasbeyondhistory/data/protect/rb-review/beene/images RB-Fig-13-23.html
2006.09.01 11:38 B L:\TBH Website Temp\beene\images\RB-Fig-13-23.jpg --> uts.cc.utexas.edu /export/httpd/vhosts/texasbeyondhistory/data/protect/rb-review/beene/images RB-Fig-13-23.jpg
2006.09.01 11:38 B L:\TBH Website Temp\beene\images\RB-Fig-14-2f-sm.jpg --> uts.cc.utexas.edu /export/httpd/vhosts/texasbeyondhistory/data/protect/rb-review/beene/images RB-Fig-14-2f-sm.jpg
2006.09.01 11:38 B L:\TBH Website Temp\beene\images\RB-Fig-14-2f.html --> uts.cc.utexas.edu /export/httpd/vhosts/texasbeyondhistory/data/protect/rb-review/beene/images RB-Fig-14-2f.html
2006.09.01 11:38 B L:\TBH Website Temp\beene\images\RB-Fig-14-2f.jpg --> uts.cc.utexas.edu /export/httpd/vhosts/texasbeyondhistory/data/protect/rb-review/beene/images RB-Fig-14-2f.jpg
2006.09.01 11:38 B L:\TBH Website Temp\beene\images\RB-Fig-14-3f-sm.jpg --> uts.cc.utexas.edu /export/httpd/vhosts/texasbeyondhistory/data/protect/rb-review/beene/images RB-Fig-14-3f-sm.jpg
2006.09.01 11:38 B L:\TBH Website Temp\beene\images\RB-Fig-14-3f.html --> uts.cc.utexas.edu /export/httpd/vhosts/texasbeyondhistory/data/protect/rb-review/beene/images RB-Fig-14-3f.html
2006.09.01 11:38 B L:\TBH Website Temp\beene\images\RB-Fig-14-3f.jpg --> uts.cc.utexas.edu /export/httpd/vhosts/texasbeyondhistory/data/protect/rb-review/beene/images RB-Fig-14-3f.jpg
2006.09.01 11:38 B L:\TBH Website Temp\beene\images\RB-Fig-15-10-sm.jpg --> uts.cc.utexas.edu /export/httpd/vhosts/texasbeyondhistory/data/protect/rb-review/beene/images RB-Fig-15-10-sm.jpg
2006.09.01 11:38 B L:\TBH Website Temp\beene\images\RB-Fig-15-10.html --> uts.cc.utexas.edu /export/httpd/vhosts/texasbeyondhistory/data/protect/rb-review/beene/images RB-Fig-15-10.html
2006.09.01 11:38 B L:\TBH Website Temp\beene\images\RB-Fig-15-10.jpg --> uts.cc.utexas.edu /export/httpd/vhosts/texasbeyondhistory/data/protect/rb-review/beene/images RB-Fig-15-10.jpg
2006.09.01 11:38 B L:\TBH Website Temp\beene\images\RB-Fig-15-12-sm.jpg --> uts.cc.utexas.edu /export/httpd/vhosts/texasbeyondhistory/data/protect/rb-review/beene/images RB-Fig-15-12-sm.jpg
2006.09.01 11:38 B L:\TBH Website Temp\beene\images\RB-Fig-15-12.html --> uts.cc.utexas.edu /export/httpd/vhosts/texasbeyondhistory/data/protect/rb-review/beene/images RB-Fig-15-12.html
2006.09.01 11:38 B L:\TBH Website Temp\beene\images\RB-Fig-15-12.jpg --> uts.cc.utexas.edu /export/httpd/vhosts/texasbeyondhistory/data/protect/rb-review/beene/images RB-Fig-15-12.jpg
2006.09.01 11:38 B L:\TBH Website Temp\beene\images\RB-Fig-15-13-sm.jpg --> uts.cc.utexas.edu /export/httpd/vhosts/texasbeyondhistory/data/protect/rb-review/beene/images RB-Fig-15-13-sm.jpg
2006.09.01 11:38 B L:\TBH Website Temp\beene\images\RB-Fig-15-13.html --> uts.cc.utexas.edu /export/httpd/vhosts/texasbeyondhistory/data/protect/rb-review/beene/images RB-Fig-15-13.html
2006.09.01 11:38 B L:\TBH Website Temp\beene\images\RB-Fig-15-13.jpg --> uts.cc.utexas.edu /export/httpd/vhosts/texasbeyondhistory/data/protect/rb-review/beene/images RB-Fig-15-13.jpg
2006.09.01 11:38 B L:\TBH Website Temp\beene\images\RB-Fig-15-14-sm.jpg --> uts.cc.utexas.edu /export/httpd/vhosts/texasbeyondhistory/data/protect/rb-review/beene/images RB-Fig-15-14-sm.jpg
2006.09.01 11:38 B L:\TBH Website Temp\beene\images\RB-Fig-15-14.html --> uts.cc.utexas.edu /export/httpd/vhosts/texasbeyondhistory/data/protect/rb-review/beene/images RB-Fig-15-14.html
2006.09.01 11:38 B L:\TBH Website Temp\beene\images\RB-Fig-15-14.jpg --> uts.cc.utexas.edu /export/httpd/vhosts/texasbeyondhistory/data/protect/rb-review/beene/images RB-Fig-15-14.jpg
2006.09.01 11:38 B L:\TBH Website Temp\beene\images\RB-Fig-15-16-sm.jpg --> uts.cc.utexas.edu /export/httpd/vhosts/texasbeyondhistory/data/protect/rb-review/beene/images RB-Fig-15-16-sm.jpg
2006.09.01 11:38 B L:\TBH Website Temp\beene\images\RB-Fig-15-16.html --> uts.cc.utexas.edu /export/httpd/vhosts/texasbeyondhistory/data/protect/rb-review/beene/images RB-Fig-15-16.html
2006.09.01 11:38 B L:\TBH Website Temp\beene\images\RB-Fig-15-16.jpg --> uts.cc.utexas.edu /export/httpd/vhosts/texasbeyondhistory/data/protect/rb-review/beene/images RB-Fig-15-16.jpg
2006.09.01 11:38 B L:\TBH Website Temp\beene\images\RB-Fig-15-22-sm.jpg --> uts.cc.utexas.edu /export/httpd/vhosts/texasbeyondhistory/data/protect/rb-review/beene/images RB-Fig-15-22-sm.jpg
2006.09.01 11:38 B L:\TBH Website Temp\beene\images\RB-Fig-15-22.html --> uts.cc.utexas.edu /export/httpd/vhosts/texasbeyondhistory/data/protect/rb-review/beene/images RB-Fig-15-22.html
2006.09.01 11:38 B L:\TBH Website Temp\beene\images\RB-Fig-15-22.jpg --> uts.cc.utexas.edu /export/httpd/vhosts/texasbeyondhistory/data/protect/rb-review/beene/images RB-Fig-15-22.jpg
2006.09.01 11:38 B L:\TBH Website Temp\beene\images\RB-Fig-15-28.html --> uts.cc.utexas.edu /export/httpd/vhosts/texasbeyondhistory/data/protect/rb-review/beene/images RB-Fig-15-28.html
2006.09.01 11:38 B L:\TBH Website Temp\beene\images\RB-Fig-15-28b-sm.jpg --> uts.cc.utexas.edu /export/httpd/vhosts/texasbeyondhistory/data/protect/rb-review/beene/images RB-Fig-15-28b-sm.jpg
2006.09.01 11:38 B L:\TBH Website Temp\beene\images\RB-Fig-15-28b.jpg --> uts.cc.utexas.edu /export/httpd/vhosts/texasbeyondhistory/data/protect/rb-review/beene/images RB-Fig-15-28b.jpg
2006.09.01 11:38 B L:\TBH Website Temp\beene\images\RB-Fig-15-2a-sm.jpg --> uts.cc.utexas.edu /export/httpd/vhosts/texasbeyondhistory/data/protect/rb-review/beene/images RB-Fig-15-2a-sm.jpg
2006.09.01 11:38 B L:\TBH Website Temp\beene\images\RB-Fig-15-2a.html --> uts.cc.utexas.edu /export/httpd/vhosts/texasbeyondhistory/data/protect/rb-review/beene/images RB-Fig-15-2a.html
2006.09.01 11:38 B L:\TBH Website Temp\beene\images\RB-Fig-15-2a.jpg --> uts.cc.utexas.edu /export/httpd/vhosts/texasbeyondhistory/data/protect/rb-review/beene/images RB-Fig-15-2a.jpg
2006.09.01 11:38 B L:\TBH Website Temp\beene\images\RB-Fig-15-2b-sm.jpg --> uts.cc.utexas.edu /export/httpd/vhosts/texasbeyondhistory/data/protect/rb-review/beene/images RB-Fig-15-2b-sm.jpg
2006.09.01 11:38 B L:\TBH Website Temp\beene\images\RB-Fig-15-2b.html --> uts.cc.utexas.edu /export/httpd/vhosts/texasbeyondhistory/data/protect/rb-review/beene/images RB-Fig-15-2b.html
2006.09.01 11:38 B L:\TBH Website Temp\beene\images\RB-Fig-15-2b.jpg --> uts.cc.utexas.edu /export/httpd/vhosts/texasbeyondhistory/data/protect/rb-review/beene/images RB-Fig-15-2b.jpg
2006.09.01 11:38 B L:\TBH Website Temp\beene\images\RB-Fig-15-2c-sm.jpg --> uts.cc.utexas.edu /export/httpd/vhosts/texasbeyondhistory/data/protect/rb-review/beene/images RB-Fig-15-2c-sm.jpg
2006.09.01 11:38 B L:\TBH Website Temp\beene\images\RB-Fig-15-2c.html --> uts.cc.utexas.edu /export/httpd/vhosts/texasbeyondhistory/data/protect/rb-review/beene/images RB-Fig-15-2c.html
2006.09.01 11:38 B L:\TBH Website Temp\beene\images\RB-Fig-15-2c.jpg --> uts.cc.utexas.edu /export/httpd/vhosts/texasbeyondhistory/data/protect/rb-review/beene/images RB-Fig-15-2c.jpg
2006.09.01 11:38 B L:\TBH Website Temp\beene\images\RB-Fig-15-41-sm.jpg --> uts.cc.utexas.edu /export/httpd/vhosts/texasbeyondhistory/data/protect/rb-review/beene/images RB-Fig-15-41-sm.jpg
2006.09.01 11:38 B L:\TBH Website Temp\beene\images\RB-Fig-15-41.html --> uts.cc.utexas.edu /export/httpd/vhosts/texasbeyondhistory/data/protect/rb-review/beene/images RB-Fig-15-41.html
2006.09.01 11:38 B L:\TBH Website Temp\beene\images\RB-Fig-15-41.jpg --> uts.cc.utexas.edu /export/httpd/vhosts/texasbeyondhistory/data/protect/rb-review/beene/images RB-Fig-15-41.jpg
2006.09.01 11:38 B L:\TBH Website Temp\beene\images\RB-Fig-15-8-sm.jpg --> uts.cc.utexas.edu /export/httpd/vhosts/texasbeyondhistory/data/protect/rb-review/beene/images RB-Fig-15-8-sm.jpg
2006.09.01 11:38 B L:\TBH Website Temp\beene\images\RB-Fig-15-8.html --> uts.cc.utexas.edu /export/httpd/vhosts/texasbeyondhistory/data/protect/rb-review/beene/images RB-Fig-15-8.html
2006.09.01 11:38 B L:\TBH Website Temp\beene\images\RB-Fig-15-8.jpg --> uts.cc.utexas.edu /export/httpd/vhosts/texasbeyondhistory/data/protect/rb-review/beene/images RB-Fig-15-8.jpg
2006.09.01 11:38 B L:\TBH Website Temp\beene\images\RB-Fig-15-sm.jpg --> uts.cc.utexas.edu /export/httpd/vhosts/texasbeyondhistory/data/protect/rb-review/beene/images RB-Fig-15-sm.jpg
2006.09.01 11:38 B L:\TBH Website Temp\beene\images\RB-Fig-2-1-sm.jpg --> uts.cc.utexas.edu /export/httpd/vhosts/texasbeyondhistory/data/protect/rb-review/beene/images RB-Fig-2-1-sm.jpg
2006.09.01 11:38 B L:\TBH Website Temp\beene\images\RB-Fig-2-1.html --> uts.cc.utexas.edu /export/httpd/vhosts/texasbeyondhistory/data/protect/rb-review/beene/images RB-Fig-2-1.html
2006.09.01 11:38 B L:\TBH Website Temp\beene\images\RB-Fig-2-1.jpg --> uts.cc.utexas.edu /export/httpd/vhosts/texasbeyondhistory/data/protect/rb-review/beene/images RB-Fig-2-1.jpg
2006.09.01 11:38 B L:\TBH Website Temp\beene\images\RB-Fig-2-3a-sm.jpg --> uts.cc.utexas.edu /export/httpd/vhosts/texasbeyondhistory/data/protect/rb-review/beene/images RB-Fig-2-3a-sm.jpg
2006.09.01 11:38 B L:\TBH Website Temp\beene\images\RB-Fig-2-3a.html --> uts.cc.utexas.edu /export/httpd/vhosts/texasbeyondhistory/data/protect/rb-review/beene/images RB-Fig-2-3a.html
2006.09.01 11:38 B L:\TBH Website Temp\beene\images\RB-Fig-2-3a.jpg --> uts.cc.utexas.edu /export/httpd/vhosts/texasbeyondhistory/data/protect/rb-review/beene/images RB-Fig-2-3a.jpg
2006.09.01 11:38 B L:\TBH Website Temp\beene\images\RB-Fig-2-3b-sm.jpg --> uts.cc.utexas.edu /export/httpd/vhosts/texasbeyondhistory/data/protect/rb-review/beene/images RB-Fig-2-3b-sm.jpg
2006.09.01 11:38 B L:\TBH Website Temp\beene\images\RB-Fig-2-3b.jpg --> uts.cc.utexas.edu /export/httpd/vhosts/texasbeyondhistory/data/protect/rb-review/beene/images RB-Fig-2-3b.jpg
2006.09.01 11:38 B L:\TBH Website Temp\beene\images\RB-Fig-2-5-sm.jpg --> uts.cc.utexas.edu /export/httpd/vhosts/texasbeyondhistory/data/protect/rb-review/beene/images RB-Fig-2-5-sm.jpg
2006.09.01 11:38 B L:\TBH Website Temp\beene\images\RB-Fig-2-5.html --> uts.cc.utexas.edu /export/httpd/vhosts/texasbeyondhistory/data/protect/rb-review/beene/images RB-Fig-2-5.html
2006.09.01 11:38 B L:\TBH Website Temp\beene\images\RB-Fig-2-5.jpg --> uts.cc.utexas.edu /export/httpd/vhosts/texasbeyondhistory/data/protect/rb-review/beene/images RB-Fig-2-5.jpg
2006.09.01 11:38 B L:\TBH Website Temp\beene\images\RB-Fig-2-7-sm.jpg --> uts.cc.utexas.edu /export/httpd/vhosts/texasbeyondhistory/data/protect/rb-review/beene/images RB-Fig-2-7-sm.jpg
2006.09.01 11:38 B L:\TBH Website Temp\beene\images\RB-Fig-2-7.html --> uts.cc.utexas.edu /export/httpd/vhosts/texasbeyondhistory/data/protect/rb-review/beene/images RB-Fig-2-7.html
2006.09.01 11:38 B L:\TBH Website Temp\beene\images\RB-Fig-2-7.jpg --> uts.cc.utexas.edu /export/httpd/vhosts/texasbeyondhistory/data/protect/rb-review/beene/images RB-Fig-2-7.jpg
2006.09.01 11:38 B L:\TBH Website Temp\beene\images\RB-Fig-3-10-sm.jpg --> uts.cc.utexas.edu /export/httpd/vhosts/texasbeyondhistory/data/protect/rb-review/beene/images RB-Fig-3-10-sm.jpg
2006.09.01 11:38 B L:\TBH Website Temp\beene\images\RB-Fig-3-10.html --> uts.cc.utexas.edu /export/httpd/vhosts/texasbeyondhistory/data/protect/rb-review/beene/images RB-Fig-3-10.html
2006.09.01 11:38 B L:\TBH Website Temp\beene\images\RB-Fig-3-10.jpg --> uts.cc.utexas.edu /export/httpd/vhosts/texasbeyondhistory/data/protect/rb-review/beene/images RB-Fig-3-10.jpg
2006.09.01 11:38 B L:\TBH Website Temp\beene\images\RB-Fig-3-20-sm.jpg --> uts.cc.utexas.edu /export/httpd/vhosts/texasbeyondhistory/data/protect/rb-review/beene/images RB-Fig-3-20-sm.jpg
2006.09.01 11:38 B L:\TBH Website Temp\beene\images\RB-Fig-3-20.html --> uts.cc.utexas.edu /export/httpd/vhosts/texasbeyondhistory/data/protect/rb-review/beene/images RB-Fig-3-20.html
2006.09.01 11:38 B L:\TBH Website Temp\beene\images\RB-Fig-3-20.jpg --> uts.cc.utexas.edu /export/httpd/vhosts/texasbeyondhistory/data/protect/rb-review/beene/images RB-Fig-3-20.jpg
2006.09.01 11:38 B L:\TBH Website Temp\beene\images\RB-Fig-3-3-sm.jpg --> uts.cc.utexas.edu /export/httpd/vhosts/texasbeyondhistory/data/protect/rb-review/beene/images RB-Fig-3-3-sm.jpg
2006.09.01 11:38 B L:\TBH Website Temp\beene\images\RB-Fig-3-3.html --> uts.cc.utexas.edu /export/httpd/vhosts/texasbeyondhistory/data/protect/rb-review/beene/images RB-Fig-3-3.html
2006.09.01 11:38 B L:\TBH Website Temp\beene\images\RB-Fig-3-3.jpg --> uts.cc.utexas.edu /export/httpd/vhosts/texasbeyondhistory/data/protect/rb-review/beene/images RB-Fig-3-3.jpg
2006.09.01 11:38 B L:\TBH Website Temp\beene\images\RB-Fig-4-3-sm.jpg --> uts.cc.utexas.edu /export/httpd/vhosts/texasbeyondhistory/data/protect/rb-review/beene/images RB-Fig-4-3-sm.jpg
2006.09.01 11:38 B L:\TBH Website Temp\beene\images\RB-Fig-4-3.html --> uts.cc.utexas.edu /export/httpd/vhosts/texasbeyondhistory/data/protect/rb-review/beene/images RB-Fig-4-3.html
2006.09.01 11:38 B L:\TBH Website Temp\beene\images\RB-Fig-4-3.jpg --> uts.cc.utexas.edu /export/httpd/vhosts/texasbeyondhistory/data/protect/rb-review/beene/images RB-Fig-4-3.jpg
2006.09.01 11:38 B L:\TBH Website Temp\beene\images\RB-Fig-5-14-sm.jpg --> uts.cc.utexas.edu /export/httpd/vhosts/texasbeyondhistory/data/protect/rb-review/beene/images RB-Fig-5-14-sm.jpg
2006.09.01 11:38 B L:\TBH Website Temp\beene\images\RB-Fig-5-14.jpg --> uts.cc.utexas.edu /export/httpd/vhosts/texasbeyondhistory/data/protect/rb-review/beene/images RB-Fig-5-14.jpg
2006.09.01 11:38 B L:\TBH Website Temp\beene\images\RB-Fig-5-28-sm.jpg --> uts.cc.utexas.edu /export/httpd/vhosts/texasbeyondhistory/data/protect/rb-review/beene/images RB-Fig-5-28-sm.jpg
2006.09.01 11:38 B L:\TBH Website Temp\beene\images\RB-Fig-5-28.jpg --> uts.cc.utexas.edu /export/httpd/vhosts/texasbeyondhistory/data/protect/rb-review/beene/images RB-Fig-5-28.jpg
2006.09.01 11:38 B L:\TBH Website Temp\beene\images\RB-Fig-9-2-sm.jpg --> uts.cc.utexas.edu /export/httpd/vhosts/texasbeyondhistory/data/protect/rb-review/beene/images RB-Fig-9-2-sm.jpg
2006.09.01 11:38 B L:\TBH Website Temp\beene\images\RB-Fig-9-2.html --> uts.cc.utexas.edu /export/httpd/vhosts/texasbeyondhistory/data/protect/rb-review/beene/images RB-Fig-9-2.html
2006.09.01 11:38 B L:\TBH Website Temp\beene\images\RB-Fig-9-2.jpg --> uts.cc.utexas.edu /export/httpd/vhosts/texasbeyondhistory/data/protect/rb-review/beene/images RB-Fig-9-2.jpg
2006.09.01 11:38 B L:\TBH Website Temp\beene\images\RB-Fig-9-27-sm.jpg --> uts.cc.utexas.edu /export/httpd/vhosts/texasbeyondhistory/data/protect/rb-review/beene/images RB-Fig-9-27-sm.jpg
2006.09.01 11:38 B L:\TBH Website Temp\beene\images\RB-Fig-9-27.html --> uts.cc.utexas.edu /export/httpd/vhosts/texasbeyondhistory/data/protect/rb-review/beene/images RB-Fig-9-27.html
2006.09.01 11:38 B L:\TBH Website Temp\beene\images\RB-Fig-9-27.jpg --> uts.cc.utexas.edu /export/httpd/vhosts/texasbeyondhistory/data/protect/rb-review/beene/images RB-Fig-9-27.jpg
2006.09.01 11:38 B L:\TBH Website Temp\beene\images\RB-Figure-14-20-sm.jpg --> uts.cc.utexas.edu /export/httpd/vhosts/texasbeyondhistory/data/protect/rb-review/beene/images RB-Figure-14-20-sm.jpg
2006.09.01 11:38 B L:\TBH Website Temp\beene\images\RB-Figure-14-20.jpg --> uts.cc.utexas.edu /export/httpd/vhosts/texasbeyondhistory/data/protect/rb-review/beene/images RB-Figure-14-20.jpg
2006.09.01 11:38 B L:\TBH Website Temp\beene\images\RB-Figure-14-2a-sm.jpg --> uts.cc.utexas.edu /export/httpd/vhosts/texasbeyondhistory/data/protect/rb-review/beene/images RB-Figure-14-2a-sm.jpg
2006.09.01 11:38 B L:\TBH Website Temp\beene\images\RB-Figure-14-2a.jpg --> uts.cc.utexas.edu /export/httpd/vhosts/texasbeyondhistory/data/protect/rb-review/beene/images RB-Figure-14-2a.jpg
2006.09.01 11:38 B L:\TBH Website Temp\beene\images\RB-lhiamap-sm.jpg --> uts.cc.utexas.edu /export/httpd/vhosts/texasbeyondhistory/data/protect/rb-review/beene/images RB-lhiamap-sm.jpg
2006.09.01 11:38 B L:\TBH Website Temp\beene\images\RB-lhiamap.html --> uts.cc.utexas.edu /export/httpd/vhosts/texasbeyondhistory/data/protect/rb-review/beene/images RB-lhiamap.html
2006.09.01 11:38 B L:\TBH Website Temp\beene\images\RB-lhiamap.jpg --> uts.cc.utexas.edu /export/httpd/vhosts/texasbeyondhistory/data/protect/rb-review/beene/images RB-lhiamap.jpg
2006.09.01 11:38 B L:\TBH Website Temp\beene\images\RB-presidio-9-sm.jpg --> uts.cc.utexas.edu /export/httpd/vhosts/texasbeyondhistory/data/protect/rb-review/beene/images RB-presidio-9-sm.jpg
2006.09.01 11:38 B L:\TBH Website Temp\beene\images\RB-presidio-9.html --> uts.cc.utexas.edu /export/httpd/vhosts/texasbeyondhistory/data/protect/rb-review/beene/images RB-presidio-9.html
2006.09.01 11:38 B L:\TBH Website Temp\beene\images\RB-presidio-9.jpg --> uts.cc.utexas.edu /export/httpd/vhosts/texasbeyondhistory/data/protect/rb-review/beene/images RB-presidio-9.jpg
2006.09.01 11:38 B L:\TBH Website Temp\beene\images\RB-river-sm.jpg --> uts.cc.utexas.edu /export/httpd/vhosts/texasbeyondhistory/data/protect/rb-review/beene/images RB-river-sm.jpg
2006.09.01 11:38 B L:\TBH Website Temp\beene\images\RB-river.html --> uts.cc.utexas.edu /export/httpd/vhosts/texasbeyondhistory/data/protect/rb-review/beene/images RB-river.html
2006.09.01 11:38 B L:\TBH Website Temp\beene\images\RB-river.jpg --> uts.cc.utexas.edu /export/httpd/vhosts/texasbeyondhistory/data/protect/rb-review/beene/images RB-river.jpg
2006.09.01 11:38 B L:\TBH Website Temp\beene\images\rbfront.jpg --> uts.cc.utexas.edu /export/httpd/vhosts/texasbeyondhistory/data/protect/rb-review/beene/images rbfront.jpg
2006.09.01 11:38 B L:\TBH Website Temp\beene\images\SAWS-screenshot.html --> uts.cc.utexas.edu /export/httpd/vhosts/texasbeyondhistory/data/protect/rb-review/beene/images SAWS-screenshot.html
2006.09.01 11:38 B L:\TBH Website Temp\beene\images\spillway-trench-sm.jpg --> uts.cc.utexas.edu /export/httpd/vhosts/texasbeyondhistory/data/protect/rb-review/beene/images spillway-trench-sm.jpg
2006.09.01 11:38 B L:\TBH Website Temp\beene\images\spillway-trench.jpg --> uts.cc.utexas.edu /export/httpd/vhosts/texasbeyondhistory/data/protect/rb-review/beene/images spillway-trench.jpg
2006.09.01 11:38 B L:\TBH Website Temp\beene\images\table-2-1.html --> uts.cc.utexas.edu /export/httpd/vhosts/texasbeyondhistory/data/protect/rb-review/beene/images table-2-1.html
2006.09.01 11:38 B L:\TBH Website Temp\beene\images\Thumbs.db --> uts.cc.utexas.edu /export/httpd/vhosts/texasbeyondhistory/data/protect/rb-review/beene/images Thumbs.db
2006.09.01 11:38 B L:\TBH Website Temp\beene\images\Weir-woodworking.jpg --> uts.cc.utexas.edu /export/httpd/vhosts/texasbeyondhistory/data/protect/rb-review/beene/images Weir-woodworking.jpg
2006.09.08 11:59 B L:\TBH Website Temp\beene\images\kids-icon.jpg --> uts.cc.utexas.edu /export/httpd/vhosts/texasbeyondhistory/data/protect/beene/images kids-icon.jpg
2006.09.08 11:59 B L:\TBH Website Temp\beene\images\plant-resources.jpg --> uts.cc.utexas.edu /export/httpd/vhosts/texasbeyondhistory/data/protect/beene/images plant-resources.jpg
2006.09.08 11:59 B L:\TBH Website Temp\beene\images\RB-Fig-1-2-sm.jpg --> uts.cc.utexas.edu /export/httpd/vhosts/texasbeyondhistory/data/protect/beene/images RB-Fig-1-2-sm.jpg
2006.09.08 11:59 B L:\TBH Website Temp\beene\images\RB-Fig-1-2.jpg --> uts.cc.utexas.edu /export/httpd/vhosts/texasbeyondhistory/data/protect/beene/images RB-Fig-1-2.jpg
2006.09.08 11:59 B L:\TBH Website Temp\beene\images\RB-Fig-1-7e-sm.jpg --> uts.cc.utexas.edu /export/httpd/vhosts/texasbeyondhistory/data/protect/beene/images RB-Fig-1-7e-sm.jpg
2006.09.08 11:59 B L:\TBH Website Temp\beene\images\RB-Fig-13-23-sm.jpg --> uts.cc.utexas.edu /export/httpd/vhosts/texasbeyondhistory/data/protect/beene/images RB-Fig-13-23-sm.jpg
2006.09.08 11:59 B L:\TBH Website Temp\beene\images\RB-Fig-13-23.html --> uts.cc.utexas.edu /export/httpd/vhosts/texasbeyondhistory/data/protect/beene/images RB-Fig-13-23.html
2006.09.08 11:59 B L:\TBH Website Temp\beene\images\RB-Fig-15-12-row.jpg --> uts.cc.utexas.edu /export/httpd/vhosts/texasbeyondhistory/data/protect/beene/images RB-Fig-15-12-row.jpg
2006.09.08 11:59 B L:\TBH Website Temp\beene\images\RB-Fig-15-14-row.jpg --> uts.cc.utexas.edu /export/httpd/vhosts/texasbeyondhistory/data/protect/beene/images RB-Fig-15-14-row.jpg
2006.09.08 11:59 B L:\TBH Website Temp\beene\images\RB-Fig-15-16-row.jpg --> uts.cc.utexas.edu /export/httpd/vhosts/texasbeyondhistory/data/protect/beene/images RB-Fig-15-16-row.jpg
2006.09.08 11:59 B L:\TBH Website Temp\beene\images\RB-Fig-15-2a-row-sm.jpg --> uts.cc.utexas.edu /export/httpd/vhosts/texasbeyondhistory/data/protect/beene/images RB-Fig-15-2a-row-sm.jpg
2006.09.08 11:59 B L:\TBH Website Temp\beene\images\RB-Fig-15-2a-sm.jpg --> uts.cc.utexas.edu /export/httpd/vhosts/texasbeyondhistory/data/protect/beene/images RB-Fig-15-2a-sm.jpg
2006.09.08 11:59 B L:\TBH Website Temp\beene\images\RB-Fig-15-2a.html --> uts.cc.utexas.edu /export/httpd/vhosts/texasbeyondhistory/data/protect/beene/images RB-Fig-15-2a.html
2006.09.08 11:59 B L:\TBH Website Temp\beene\images\RB-Fig-15-2b-sm.jpg --> uts.cc.utexas.edu /export/httpd/vhosts/texasbeyondhistory/data/protect/beene/images RB-Fig-15-2b-sm.jpg
2006.09.08 11:59 B L:\TBH Website Temp\beene\images\RB-Fig-15-2b.html --> uts.cc.utexas.edu /export/httpd/vhosts/texasbeyondhistory/data/protect/beene/images RB-Fig-15-2b.html
2006.09.08 11:59 B L:\TBH Website Temp\beene\images\RB-Fig-15-2c-sm.jpg --> uts.cc.utexas.edu /export/httpd/vhosts/texasbeyondhistory/data/protect/beene/images RB-Fig-15-2c-sm.jpg
2006.09.08 11:59 B L:\TBH Website Temp\beene\images\RB-Fig-15-2c.html --> uts.cc.utexas.edu /export/httpd/vhosts/texasbeyondhistory/data/protect/beene/images RB-Fig-15-2c.html
2006.09.08 11:59 B L:\TBH Website Temp\beene\images\RB-Fig-15-41-row.jpg --> uts.cc.utexas.edu /export/httpd/vhosts/texasbeyondhistory/data/protect/beene/images RB-Fig-15-41-row.jpg
2006.09.08 11:59 B L:\TBH Website Temp\beene\images\RB-Fig-3-10-sm.jpg --> uts.cc.utexas.edu /export/httpd/vhosts/texasbeyondhistory/data/protect/beene/images RB-Fig-3-10-sm.jpg
2006.09.08 11:59 B L:\TBH Website Temp\beene\images\RB-Fig-3-20-sm.jpg --> uts.cc.utexas.edu /export/httpd/vhosts/texasbeyondhistory/data/protect/beene/images RB-Fig-3-20-sm.jpg
2006.09.08 11:59 B L:\TBH Website Temp\beene\images\RB-Fig-3-20.jpg --> uts.cc.utexas.edu /export/httpd/vhosts/texasbeyondhistory/data/protect/beene/images RB-Fig-3-20.jpg
2006.09.08 11:59 B L:\TBH Website Temp\beene\images\RB-Fig-3-3-row.jpg --> uts.cc.utexas.edu /export/httpd/vhosts/texasbeyondhistory/data/protect/beene/images RB-Fig-3-3-row.jpg
2006.09.08 11:59 B L:\TBH Website Temp\beene\images\RB-Fig-4-3-sm.jpg --> uts.cc.utexas.edu /export/httpd/vhosts/texasbeyondhistory/data/protect/beene/images RB-Fig-4-3-sm.jpg
2006.09.08 11:59 B L:\TBH Website Temp\beene\images\RB-Fig-4-3.html --> uts.cc.utexas.edu /export/httpd/vhosts/texasbeyondhistory/data/protect/beene/images RB-Fig-4-3.html
2006.09.08 11:59 B L:\TBH Website Temp\beene\images\RB-Fig-9-27.html --> uts.cc.utexas.edu /export/httpd/vhosts/texasbeyondhistory/data/protect/beene/images RB-Fig-9-27.html
2006.09.08 11:59 B L:\TBH Website Temp\beene\images\RB-Fig14-12a-sm.jpg --> uts.cc.utexas.edu /export/httpd/vhosts/texasbeyondhistory/data/protect/beene/images RB-Fig14-12a-sm.jpg
2006.09.08 11:59 B L:\TBH Website Temp\beene\images\RB-Fig14-12a.html --> uts.cc.utexas.edu /export/httpd/vhosts/texasbeyondhistory/data/protect/beene/images RB-Fig14-12a.html
2006.09.08 11:59 B L:\TBH Website Temp\beene\images\RB-Fig14-12a.jpg --> uts.cc.utexas.edu /export/httpd/vhosts/texasbeyondhistory/data/protect/beene/images RB-Fig14-12a.jpg
2006.09.08 11:59 B L:\TBH Website Temp\beene\images\RB-Fig15-21-sm.jpg --> uts.cc.utexas.edu /export/httpd/vhosts/texasbeyondhistory/data/protect/beene/images RB-Fig15-21-sm.jpg
2006.09.08 11:59 B L:\TBH Website Temp\beene\images\RB-Fig15-21.html --> uts.cc.utexas.edu /export/httpd/vhosts/texasbeyondhistory/data/protect/beene/images RB-Fig15-21.html
2006.09.08 11:59 B L:\TBH Website Temp\beene\images\RB-Fig15-21.jpg --> uts.cc.utexas.edu /export/httpd/vhosts/texasbeyondhistory/data/protect/beene/images RB-Fig15-21.jpg
2006.09.08 11:59 B L:\TBH Website Temp\beene\images\RB-Fig15-36-sm.jpg --> uts.cc.utexas.edu /export/httpd/vhosts/texasbeyondhistory/data/protect/beene/images RB-Fig15-36-sm.jpg
2006.09.08 11:59 B L:\TBH Website Temp\beene\images\RB-Fig15-36.html --> uts.cc.utexas.edu /export/httpd/vhosts/texasbeyondhistory/data/protect/beene/images RB-Fig15-36.html
2006.09.08 11:59 B L:\TBH Website Temp\beene\images\RB-Fig15-36.jpg --> uts.cc.utexas.edu /export/httpd/vhosts/texasbeyondhistory/data/protect/beene/images RB-Fig15-36.jpg
2006.09.08 11:59 B L:\TBH Website Temp\beene\images\RB-Fig15-37-sm.jpg --> uts.cc.utexas.edu /export/httpd/vhosts/texasbeyondhistory/data/protect/beene/images RB-Fig15-37-sm.jpg
2006.09.08 11:59 B L:\TBH Website Temp\beene\images\RB-Fig15-37.html --> uts.cc.utexas.edu /export/httpd/vhosts/texasbeyondhistory/data/protect/beene/images RB-Fig15-37.html
2006.09.08 11:59 B L:\TBH Website Temp\beene\images\RB-Fig15-37.jpg --> uts.cc.utexas.edu /export/httpd/vhosts/texasbeyondhistory/data/protect/beene/images RB-Fig15-37.jpg
2006.09.08 11:59 B L:\TBH Website Temp\beene\images\RB-presidio-9-sm.jpg --> uts.cc.utexas.edu /export/httpd/vhosts/texasbeyondhistory/data/protect/beene/images RB-presidio-9-sm.jpg
2006.09.08 11:59 B L:\TBH Website Temp\beene\images\RB-river-sm.jpg --> uts.cc.utexas.edu /export/httpd/vhosts/texasbeyondhistory/data/protect/beene/images RB-river-sm.jpg
2006.09.08 11:59 B L:\TBH Website Temp\beene\images\table-2-1.html --> uts.cc.utexas.edu /export/httpd/vhosts/texasbeyondhistory/data/protect/beene/images table-2-1.html
2006.09.08 11:59 B L:\TBH Website Temp\beene\images\Table-2-1.jpg --> uts.cc.utexas.edu /export/httpd/vhosts/texasbeyondhistory/data/protect/beene/images Table-2-1.jpg
2006.09.08 11:59 B L:\TBH Website Temp\beene\images\Thumbs.db --> uts.cc.utexas.edu /export/httpd/vhosts/texasbeyondhistory/data/protect/beene/images Thumbs.db
2006.09.08 11:59 B L:\TBH Website Temp\beene\images\WS_FTP.LOG --> uts.cc.utexas.edu /export/httpd/vhosts/texasbeyondhistory/data/protect/beene/images WS_FTP.LOG
2006.09.09 15:45 B L:\TBH Website Temp\beene\images\RB-coahuiltecans.html --> uts.cc.utexas.edu /export/httpd/vhosts/texasbeyondhistory/data/protect/beene/images RB-coahuiltecans.html
2006.09.09 15:45 B L:\TBH Website Temp\beene\images\RB-Fig-3-20.html --> uts.cc.utexas.edu /export/httpd/vhosts/texasbeyondhistory/data/protect/beene/images RB-Fig-3-20.html
2006.09.09 15:45 B L:\TBH Website Temp\beene\images\RB-Fig-3-3.html --> uts.cc.utexas.edu /export/httpd/vhosts/texasbeyondhistory/data/protect/beene/images RB-Fig-3-3.html
2006.09.09 15:45 B L:\TBH Website Temp\beene\images\RB-Fig15-37.html --> uts.cc.utexas.edu /export/httpd/vhosts/texasbeyondhistory/data/protect/beene/images RB-Fig15-37.html
2006.09.09 15:45 B L:\TBH Website Temp\beene\images\RB-Fig15-36.html --> uts.cc.utexas.edu /export/httpd/vhosts/texasbeyondhistory/data/protect/beene/images RB-Fig15-36.html
2006.09.09 15:45 B L:\TBH Website Temp\beene\images\RB-Fig15-21.html --> uts.cc.utexas.edu /export/httpd/vhosts/texasbeyondhistory/data/protect/beene/images RB-Fig15-21.html
2006.09.09 15:45 B L:\TBH Website Temp\beene\images\RB-Fig-1-6.html --> uts.cc.utexas.edu /export/httpd/vhosts/texasbeyondhistory/data/protect/beene/images RB-Fig-1-6.html
2006.09.09 15:45 B L:\TBH Website Temp\beene\images\RB-Fig-9-27.html --> uts.cc.utexas.edu /export/httpd/vhosts/texasbeyondhistory/data/protect/beene/images RB-Fig-9-27.html
2006.09.12 19:52 B L:\TBH Website Temp\beene\images\RB411-36.html --> uts.cc.utexas.edu /export/httpd/vhosts/texasbeyondhistory/data/protect/beene/images RB411-36.html
2006.09.12 19:52 B L:\TBH Website Temp\beene\images\RB411-36-sm.jpg --> uts.cc.utexas.edu /export/httpd/vhosts/texasbeyondhistory/data/protect/beene/images RB411-36-sm.jpg
2006.09.12 19:52 B L:\TBH Website Temp\beene\images\RB411-36.jpg --> uts.cc.utexas.edu /export/httpd/vhosts/texasbeyondhistory/data/protect/beene/images RB411-36.jpg
2006.09.12 19:52 B L:\TBH Website Temp\beene\images\RB-Fig-15-14.html --> uts.cc.utexas.edu /export/httpd/vhosts/texasbeyondhistory/data/protect/beene/images RB-Fig-15-14.html
2006.09.12 19:52 B L:\TBH Website Temp\beene\images\RB-Fig-15-10.html --> uts.cc.utexas.edu /export/httpd/vhosts/texasbeyondhistory/data/protect/beene/images RB-Fig-15-10.html
2006.09.12 19:52 B L:\TBH Website Temp\beene\images\RB-Fig-14-3f.html --> uts.cc.utexas.edu /export/httpd/vhosts/texasbeyondhistory/data/protect/beene/images RB-Fig-14-3f.html
2006.09.12 19:52 B L:\TBH Website Temp\beene\images\rbeenestrat.jpg --> uts.cc.utexas.edu /export/httpd/vhosts/texasbeyondhistory/data/protect/beene/images rbeenestrat.jpg
2006.09.18 14:29 B L:\TBH Website Temp\beene\images\.DS_Store --> uts.cc.utexas.edu /export/httpd/vhosts/texasbeyondhistory/data/beene/images .DS_Store
2006.09.18 14:29 B L:\TBH Website Temp\beene\images\arrow-beene.jpg --> uts.cc.utexas.edu /export/httpd/vhosts/texasbeyondhistory/data/beene/images arrow-beene.jpg
2006.09.18 14:29 B L:\TBH Website Temp\beene\images\camera-button-ro-sm.jpg --> uts.cc.utexas.edu /export/httpd/vhosts/texasbeyondhistory/data/beene/images camera-button-ro-sm.jpg
2006.09.18 14:29 B L:\TBH Website Temp\beene\images\camera-button-sm.jpg --> uts.cc.utexas.edu /export/httpd/vhosts/texasbeyondhistory/data/beene/images camera-button-sm.jpg
2006.09.18 14:29 B L:\TBH Website Temp\beene\images\examples-sm.jpg --> uts.cc.utexas.edu /export/httpd/vhosts/texasbeyondhistory/data/beene/images examples-sm.jpg
2006.09.18 14:29 B L:\TBH Website Temp\beene\images\examples.html --> uts.cc.utexas.edu /export/httpd/vhosts/texasbeyondhistory/data/beene/images examples.html
2006.09.18 14:29 B L:\TBH Website Temp\beene\images\examples.jpg --> uts.cc.utexas.edu /export/httpd/vhosts/texasbeyondhistory/data/beene/images examples.jpg
2006.09.18 14:29 B L:\TBH Website Temp\beene\images\icon-applewhite.jpg --> uts.cc.utexas.edu /export/httpd/vhosts/texasbeyondhistory/data/beene/images icon-applewhite.jpg
2006.09.18 14:29 B L:\TBH Website Temp\beene\images\icon-invest.jpg --> uts.cc.utexas.edu /export/httpd/vhosts/texasbeyondhistory/data/beene/images icon-invest.jpg
2006.09.18 14:29 B L:\TBH Website Temp\beene\images\icon-natural.jpg --> uts.cc.utexas.edu /export/httpd/vhosts/texasbeyondhistory/data/beene/images icon-natural.jpg
2006.09.18 14:29 B L:\TBH Website Temp\beene\images\index-icon.jpg --> uts.cc.utexas.edu /export/httpd/vhosts/texasbeyondhistory/data/beene/images index-icon.jpg
2006.09.18 14:29 B L:\TBH Website Temp\beene\images\kids-icon.jpg --> uts.cc.utexas.edu /export/httpd/vhosts/texasbeyondhistory/data/beene/images kids-icon.jpg
2006.09.18 14:29 B L:\TBH Website Temp\beene\images\loadingoven-sm.jpg --> uts.cc.utexas.edu /export/httpd/vhosts/texasbeyondhistory/data/beene/images loadingoven-sm.jpg
2006.09.18 14:29 B L:\TBH Website Temp\beene\images\loadingoven.html --> uts.cc.utexas.edu /export/httpd/vhosts/texasbeyondhistory/data/beene/images loadingoven.html
2006.09.18 14:29 B L:\TBH Website Temp\beene\images\loadingoven.jpg --> uts.cc.utexas.edu /export/httpd/vhosts/texasbeyondhistory/data/beene/images loadingoven.jpg
2006.09.18 14:29 B L:\TBH Website Temp\beene\images\pic1.jpg --> uts.cc.utexas.edu /export/httpd/vhosts/texasbeyondhistory/data/beene/images pic1.jpg
2006.09.18 14:29 B L:\TBH Website Temp\beene\images\pic10.jpg --> uts.cc.utexas.edu /export/httpd/vhosts/texasbeyondhistory/data/beene/images pic10.jpg
2006.09.18 14:29 B L:\TBH Website Temp\beene\images\pic2.jpg --> uts.cc.utexas.edu /export/httpd/vhosts/texasbeyondhistory/data/beene/images pic2.jpg
2006.09.18 14:29 B L:\TBH Website Temp\beene\images\pic3.jpg --> uts.cc.utexas.edu /export/httpd/vhosts/texasbeyondhistory/data/beene/images pic3.jpg
2006.09.18 14:29 B L:\TBH Website Temp\beene\images\pic4.jpg --> uts.cc.utexas.edu /export/httpd/vhosts/texasbeyondhistory/data/beene/images pic4.jpg
2006.09.18 14:29 B L:\TBH Website Temp\beene\images\pic5.jpg --> uts.cc.utexas.edu /export/httpd/vhosts/texasbeyondhistory/data/beene/images pic5.jpg
2006.09.18 14:29 B L:\TBH Website Temp\beene\images\pic6.jpg --> uts.cc.utexas.edu /export/httpd/vhosts/texasbeyondhistory/data/beene/images pic6.jpg
2006.09.18 14:29 B L:\TBH Website Temp\beene\images\pic7.jpg --> uts.cc.utexas.edu /export/httpd/vhosts/texasbeyondhistory/data/beene/images pic7.jpg
2006.09.18 14:29 B L:\TBH Website Temp\beene\images\pic8.jpg --> uts.cc.utexas.edu /export/httpd/vhosts/texasbeyondhistory/data/beene/images pic8.jpg
2006.09.18 14:29 B L:\TBH Website Temp\beene\images\pic9.jpg --> uts.cc.utexas.edu /export/httpd/vhosts/texasbeyondhistory/data/beene/images pic9.jpg
2006.09.18 14:29 B L:\TBH Website Temp\beene\images\plant-resources.jpg --> uts.cc.utexas.edu /export/httpd/vhosts/texasbeyondhistory/data/beene/images plant-resources.jpg
2006.09.18 14:29 B L:\TBH Website Temp\beene\images\RB-coahuiltecans-sm.jpg --> uts.cc.utexas.edu /export/httpd/vhosts/texasbeyondhistory/data/beene/images RB-coahuiltecans-sm.jpg
2006.09.18 14:29 B L:\TBH Website Temp\beene\images\RB-coahuiltecans.html --> uts.cc.utexas.edu /export/httpd/vhosts/texasbeyondhistory/data/beene/images RB-coahuiltecans.html
2006.09.18 14:29 B L:\TBH Website Temp\beene\images\RB-coahuiltecans.jpg --> uts.cc.utexas.edu /export/httpd/vhosts/texasbeyondhistory/data/beene/images RB-coahuiltecans.jpg
2006.09.18 14:29 B L:\TBH Website Temp\beene\images\RB-Fig-1-2-sm.jpg --> uts.cc.utexas.edu /export/httpd/vhosts/texasbeyondhistory/data/beene/images RB-Fig-1-2-sm.jpg
2006.09.18 14:29 B L:\TBH Website Temp\beene\images\RB-Fig-1-2.html --> uts.cc.utexas.edu /export/httpd/vhosts/texasbeyondhistory/data/beene/images RB-Fig-1-2.html
2006.09.18 14:29 B L:\TBH Website Temp\beene\images\RB-Fig-1-2.jpg --> uts.cc.utexas.edu /export/httpd/vhosts/texasbeyondhistory/data/beene/images RB-Fig-1-2.jpg
2006.09.18 14:29 B L:\TBH Website Temp\beene\images\RB-Fig-1-3-sm.jpg --> uts.cc.utexas.edu /export/httpd/vhosts/texasbeyondhistory/data/beene/images RB-Fig-1-3-sm.jpg
2006.09.18 14:29 B L:\TBH Website Temp\beene\images\RB-Fig-1-3.html --> uts.cc.utexas.edu /export/httpd/vhosts/texasbeyondhistory/data/beene/images RB-Fig-1-3.html
2006.09.18 14:29 B L:\TBH Website Temp\beene\images\RB-Fig-1-3.jpg --> uts.cc.utexas.edu /export/httpd/vhosts/texasbeyondhistory/data/beene/images RB-Fig-1-3.jpg
2006.09.18 14:29 B L:\TBH Website Temp\beene\images\RB-Fig-1-5-sm.jpg --> uts.cc.utexas.edu /export/httpd/vhosts/texasbeyondhistory/data/beene/images RB-Fig-1-5-sm.jpg
2006.09.18 14:29 B L:\TBH Website Temp\beene\images\RB-Fig-1-5.html --> uts.cc.utexas.edu /export/httpd/vhosts/texasbeyondhistory/data/beene/images RB-Fig-1-5.html
2006.09.18 14:29 B L:\TBH Website Temp\beene\images\RB-Fig-1-5.jpg --> uts.cc.utexas.edu /export/httpd/vhosts/texasbeyondhistory/data/beene/images RB-Fig-1-5.jpg
2006.09.18 14:29 B L:\TBH Website Temp\beene\images\RB-Fig-1-6-sm.jpg --> uts.cc.utexas.edu /export/httpd/vhosts/texasbeyondhistory/data/beene/images RB-Fig-1-6-sm.jpg
2006.09.18 14:29 B L:\TBH Website Temp\beene\images\RB-Fig-1-6.html --> uts.cc.utexas.edu /export/httpd/vhosts/texasbeyondhistory/data/beene/images RB-Fig-1-6.html
2006.09.18 14:29 B L:\TBH Website Temp\beene\images\RB-Fig-1-6.jpg --> uts.cc.utexas.edu /export/httpd/vhosts/texasbeyondhistory/data/beene/images RB-Fig-1-6.jpg
2006.09.18 14:29 B L:\TBH Website Temp\beene\images\RB-Fig-1-7b-sm.jpg --> uts.cc.utexas.edu /export/httpd/vhosts/texasbeyondhistory/data/beene/images RB-Fig-1-7b-sm.jpg
2006.09.18 14:29 B L:\TBH Website Temp\beene\images\RB-Fig-1-7b.html --> uts.cc.utexas.edu /export/httpd/vhosts/texasbeyondhistory/data/beene/images RB-Fig-1-7b.html
2006.09.18 14:29 B L:\TBH Website Temp\beene\images\RB-Fig-1-7b.jpg --> uts.cc.utexas.edu /export/httpd/vhosts/texasbeyondhistory/data/beene/images RB-Fig-1-7b.jpg
2006.09.18 14:29 B L:\TBH Website Temp\beene\images\RB-Fig-1-7c-sm.jpg --> uts.cc.utexas.edu /export/httpd/vhosts/texasbeyondhistory/data/beene/images RB-Fig-1-7c-sm.jpg
2006.09.18 14:29 B L:\TBH Website Temp\beene\images\RB-Fig-1-7c.jpg --> uts.cc.utexas.edu /export/httpd/vhosts/texasbeyondhistory/data/beene/images RB-Fig-1-7c.jpg
2006.09.18 14:29 B L:\TBH Website Temp\beene\images\RB-Fig-10-15-sm.jpg --> uts.cc.utexas.edu /export/httpd/vhosts/texasbeyondhistory/data/beene/images RB-Fig-10-15-sm.jpg
2006.09.18 14:29 B L:\TBH Website Temp\beene\images\RB-Fig-10-15.html --> uts.cc.utexas.edu /export/httpd/vhosts/texasbeyondhistory/data/beene/images RB-Fig-10-15.html
2006.09.18 14:29 B L:\TBH Website Temp\beene\images\RB-Fig-10-15.jpg --> uts.cc.utexas.edu /export/httpd/vhosts/texasbeyondhistory/data/beene/images RB-Fig-10-15.jpg
2006.09.18 14:29 B L:\TBH Website Temp\beene\images\RB-Fig-13-23-sm.jpg --> uts.cc.utexas.edu /export/httpd/vhosts/texasbeyondhistory/data/beene/images RB-Fig-13-23-sm.jpg
2006.09.18 14:29 B L:\TBH Website Temp\beene\images\RB-Fig-13-23.html --> uts.cc.utexas.edu /export/httpd/vhosts/texasbeyondhistory/data/beene/images RB-Fig-13-23.html
2006.09.18 14:29 B L:\TBH Website Temp\beene\images\RB-Fig-13-23.jpg --> uts.cc.utexas.edu /export/httpd/vhosts/texasbeyondhistory/data/beene/images RB-Fig-13-23.jpg
2006.09.18 14:29 B L:\TBH Website Temp\beene\images\RB-Fig-14-3f-sm.jpg --> uts.cc.utexas.edu /export/httpd/vhosts/texasbeyondhistory/data/beene/images RB-Fig-14-3f-sm.jpg
2006.09.18 14:29 B L:\TBH Website Temp\beene\images\RB-Fig-14-3f.html --> uts.cc.utexas.edu /export/httpd/vhosts/texasbeyondhistory/data/beene/images RB-Fig-14-3f.html
2006.09.18 14:29 B L:\TBH Website Temp\beene\images\RB-Fig-14-3f.jpg --> uts.cc.utexas.edu /export/httpd/vhosts/texasbeyondhistory/data/beene/images RB-Fig-14-3f.jpg
2006.09.18 14:29 B L:\TBH Website Temp\beene\images\RB-Fig-15-10-sm.jpg --> uts.cc.utexas.edu /export/httpd/vhosts/texasbeyondhistory/data/beene/images RB-Fig-15-10-sm.jpg
2006.09.18 14:29 B L:\TBH Website Temp\beene\images\RB-Fig-15-10.html --> uts.cc.utexas.edu /export/httpd/vhosts/texasbeyondhistory/data/beene/images RB-Fig-15-10.html
2006.09.18 14:29 B L:\TBH Website Temp\beene\images\RB-Fig-15-10.jpg --> uts.cc.utexas.edu /export/httpd/vhosts/texasbeyondhistory/data/beene/images RB-Fig-15-10.jpg
2006.09.18 14:29 B L:\TBH Website Temp\beene\images\RB-Fig-15-12-row.jpg --> uts.cc.utexas.edu /export/httpd/vhosts/texasbeyondhistory/data/beene/images RB-Fig-15-12-row.jpg
2006.09.18 14:29 B L:\TBH Website Temp\beene\images\RB-Fig-15-12-sm.jpg --> uts.cc.utexas.edu /export/httpd/vhosts/texasbeyondhistory/data/beene/images RB-Fig-15-12-sm.jpg
2006.09.18 14:29 B L:\TBH Website Temp\beene\images\RB-Fig-15-12.html --> uts.cc.utexas.edu /export/httpd/vhosts/texasbeyondhistory/data/beene/images RB-Fig-15-12.html
2006.09.18 14:29 B L:\TBH Website Temp\beene\images\RB-Fig-15-12.jpg --> uts.cc.utexas.edu /export/httpd/vhosts/texasbeyondhistory/data/beene/images RB-Fig-15-12.jpg
2006.09.18 14:29 B L:\TBH Website Temp\beene\images\RB-Fig-15-13-sm.jpg --> uts.cc.utexas.edu /export/httpd/vhosts/texasbeyondhistory/data/beene/images RB-Fig-15-13-sm.jpg
2006.09.18 14:29 B L:\TBH Website Temp\beene\images\RB-Fig-15-13.html --> uts.cc.utexas.edu /export/httpd/vhosts/texasbeyondhistory/data/beene/images RB-Fig-15-13.html
2006.09.18 14:29 B L:\TBH Website Temp\beene\images\RB-Fig-15-13.jpg --> uts.cc.utexas.edu /export/httpd/vhosts/texasbeyondhistory/data/beene/images RB-Fig-15-13.jpg
2006.09.18 14:29 B L:\TBH Website Temp\beene\images\RB-Fig-15-14-row.jpg --> uts.cc.utexas.edu /export/httpd/vhosts/texasbeyondhistory/data/beene/images RB-Fig-15-14-row.jpg
2006.09.18 14:29 B L:\TBH Website Temp\beene\images\RB-Fig-15-14-sm.jpg --> uts.cc.utexas.edu /export/httpd/vhosts/texasbeyondhistory/data/beene/images RB-Fig-15-14-sm.jpg
2006.09.18 14:29 B L:\TBH Website Temp\beene\images\RB-Fig-15-14.html --> uts.cc.utexas.edu /export/httpd/vhosts/texasbeyondhistory/data/beene/images RB-Fig-15-14.html
2006.09.18 14:29 B L:\TBH Website Temp\beene\images\RB-Fig-15-14.jpg --> uts.cc.utexas.edu /export/httpd/vhosts/texasbeyondhistory/data/beene/images RB-Fig-15-14.jpg
2006.09.18 14:29 B L:\TBH Website Temp\beene\images\RB-Fig-15-16-row.jpg --> uts.cc.utexas.edu /export/httpd/vhosts/texasbeyondhistory/data/beene/images RB-Fig-15-16-row.jpg
2006.09.18 14:29 B L:\TBH Website Temp\beene\images\RB-Fig-15-16-sm.jpg --> uts.cc.utexas.edu /export/httpd/vhosts/texasbeyondhistory/data/beene/images RB-Fig-15-16-sm.jpg
2006.09.18 14:29 B L:\TBH Website Temp\beene\images\RB-Fig-15-16.html --> uts.cc.utexas.edu /export/httpd/vhosts/texasbeyondhistory/data/beene/images RB-Fig-15-16.html
2006.09.18 14:29 B L:\TBH Website Temp\beene\images\RB-Fig-15-16.jpg --> uts.cc.utexas.edu /export/httpd/vhosts/texasbeyondhistory/data/beene/images RB-Fig-15-16.jpg
2006.09.18 14:29 B L:\TBH Website Temp\beene\images\RB-Fig-15-22-sm.jpg --> uts.cc.utexas.edu /export/httpd/vhosts/texasbeyondhistory/data/beene/images RB-Fig-15-22-sm.jpg
2006.09.18 14:29 B L:\TBH Website Temp\beene\images\RB-Fig-15-22.html --> uts.cc.utexas.edu /export/httpd/vhosts/texasbeyondhistory/data/beene/images RB-Fig-15-22.html
2006.09.18 14:29 B L:\TBH Website Temp\beene\images\RB-Fig-15-22.jpg --> uts.cc.utexas.edu /export/httpd/vhosts/texasbeyondhistory/data/beene/images RB-Fig-15-22.jpg
2006.09.18 14:29 B L:\TBH Website Temp\beene\images\RB-Fig-15-28.html --> uts.cc.utexas.edu /export/httpd/vhosts/texasbeyondhistory/data/beene/images RB-Fig-15-28.html
2006.09.18 14:29 B L:\TBH Website Temp\beene\images\RB-Fig-15-28b-sm.jpg --> uts.cc.utexas.edu /export/httpd/vhosts/texasbeyondhistory/data/beene/images RB-Fig-15-28b-sm.jpg
2006.09.18 14:29 B L:\TBH Website Temp\beene\images\RB-Fig-15-28b.jpg --> uts.cc.utexas.edu /export/httpd/vhosts/texasbeyondhistory/data/beene/images RB-Fig-15-28b.jpg
2006.09.18 14:29 B L:\TBH Website Temp\beene\images\RB-Fig-15-2a-row-sm.jpg --> uts.cc.utexas.edu /export/httpd/vhosts/texasbeyondhistory/data/beene/images RB-Fig-15-2a-row-sm.jpg
2006.09.18 14:29 B L:\TBH Website Temp\beene\images\RB-Fig-15-2a-sm.jpg --> uts.cc.utexas.edu /export/httpd/vhosts/texasbeyondhistory/data/beene/images RB-Fig-15-2a-sm.jpg
2006.09.18 14:29 B L:\TBH Website Temp\beene\images\RB-Fig-15-2a.html --> uts.cc.utexas.edu /export/httpd/vhosts/texasbeyondhistory/data/beene/images RB-Fig-15-2a.html
2006.09.18 14:29 B L:\TBH Website Temp\beene\images\RB-Fig-15-2a.jpg --> uts.cc.utexas.edu /export/httpd/vhosts/texasbeyondhistory/data/beene/images RB-Fig-15-2a.jpg
2006.09.18 14:29 B L:\TBH Website Temp\beene\images\RB-Fig-15-2b-sm.jpg --> uts.cc.utexas.edu /export/httpd/vhosts/texasbeyondhistory/data/beene/images RB-Fig-15-2b-sm.jpg
2006.09.18 14:29 B L:\TBH Website Temp\beene\images\RB-Fig-15-2b.html --> uts.cc.utexas.edu /export/httpd/vhosts/texasbeyondhistory/data/beene/images RB-Fig-15-2b.html
2006.09.18 14:29 B L:\TBH Website Temp\beene\images\RB-Fig-15-2b.jpg --> uts.cc.utexas.edu /export/httpd/vhosts/texasbeyondhistory/data/beene/images RB-Fig-15-2b.jpg
2006.09.18 14:29 B L:\TBH Website Temp\beene\images\RB-Fig-15-2c-sm.jpg --> uts.cc.utexas.edu /export/httpd/vhosts/texasbeyondhistory/data/beene/images RB-Fig-15-2c-sm.jpg
2006.09.18 14:29 B L:\TBH Website Temp\beene\images\RB-Fig-15-2c.html --> uts.cc.utexas.edu /export/httpd/vhosts/texasbeyondhistory/data/beene/images RB-Fig-15-2c.html
2006.09.18 14:29 B L:\TBH Website Temp\beene\images\RB-Fig-15-2c.jpg --> uts.cc.utexas.edu /export/httpd/vhosts/texasbeyondhistory/data/beene/images RB-Fig-15-2c.jpg
2006.09.18 14:29 B L:\TBH Website Temp\beene\images\RB-Fig-15-41-row.jpg --> uts.cc.utexas.edu /export/httpd/vhosts/texasbeyondhistory/data/beene/images RB-Fig-15-41-row.jpg
2006.09.18 14:29 B L:\TBH Website Temp\beene\images\RB-Fig-15-41-sm.jpg --> uts.cc.utexas.edu /export/httpd/vhosts/texasbeyondhistory/data/beene/images RB-Fig-15-41-sm.jpg
2006.09.18 14:29 B L:\TBH Website Temp\beene\images\RB-Fig-15-41.html --> uts.cc.utexas.edu /export/httpd/vhosts/texasbeyondhistory/data/beene/images RB-Fig-15-41.html
2006.09.18 14:29 B L:\TBH Website Temp\beene\images\RB-Fig-15-41.jpg --> uts.cc.utexas.edu /export/httpd/vhosts/texasbeyondhistory/data/beene/images RB-Fig-15-41.jpg
2006.09.18 14:29 B L:\TBH Website Temp\beene\images\RB-Fig-15-8-sm.jpg --> uts.cc.utexas.edu /export/httpd/vhosts/texasbeyondhistory/data/beene/images RB-Fig-15-8-sm.jpg
2006.09.18 14:29 B L:\TBH Website Temp\beene\images\RB-Fig-15-8.html --> uts.cc.utexas.edu /export/httpd/vhosts/texasbeyondhistory/data/beene/images RB-Fig-15-8.html
2006.09.18 14:29 B L:\TBH Website Temp\beene\images\RB-Fig-15-8.jpg --> uts.cc.utexas.edu /export/httpd/vhosts/texasbeyondhistory/data/beene/images RB-Fig-15-8.jpg
2006.09.18 14:29 B L:\TBH Website Temp\beene\images\RB-Fig-15-sm.jpg --> uts.cc.utexas.edu /export/httpd/vhosts/texasbeyondhistory/data/beene/images RB-Fig-15-sm.jpg
2006.09.18 14:29 B L:\TBH Website Temp\beene\images\RB-Fig-2-1-sm.jpg --> uts.cc.utexas.edu /export/httpd/vhosts/texasbeyondhistory/data/beene/images RB-Fig-2-1-sm.jpg
2006.09.18 14:29 B L:\TBH Website Temp\beene\images\RB-Fig-2-1.html --> uts.cc.utexas.edu /export/httpd/vhosts/texasbeyondhistory/data/beene/images RB-Fig-2-1.html
2006.09.18 14:29 B L:\TBH Website Temp\beene\images\RB-Fig-2-1.jpg --> uts.cc.utexas.edu /export/httpd/vhosts/texasbeyondhistory/data/beene/images RB-Fig-2-1.jpg
2006.09.18 14:29 B L:\TBH Website Temp\beene\images\RB-Fig-2-3a-sm.jpg --> uts.cc.utexas.edu /export/httpd/vhosts/texasbeyondhistory/data/beene/images RB-Fig-2-3a-sm.jpg
2006.09.18 14:29 B L:\TBH Website Temp\beene\images\RB-Fig-2-3a.html --> uts.cc.utexas.edu /export/httpd/vhosts/texasbeyondhistory/data/beene/images RB-Fig-2-3a.html
2006.09.18 14:29 B L:\TBH Website Temp\beene\images\RB-Fig-2-3a.jpg --> uts.cc.utexas.edu /export/httpd/vhosts/texasbeyondhistory/data/beene/images RB-Fig-2-3a.jpg
2006.09.18 14:29 B L:\TBH Website Temp\beene\images\RB-Fig-2-3b-sm.jpg --> uts.cc.utexas.edu /export/httpd/vhosts/texasbeyondhistory/data/beene/images RB-Fig-2-3b-sm.jpg
2006.09.18 14:29 B L:\TBH Website Temp\beene\images\RB-Fig-2-3b.jpg --> uts.cc.utexas.edu /export/httpd/vhosts/texasbeyondhistory/data/beene/images RB-Fig-2-3b.jpg
2006.09.18 14:29 B L:\TBH Website Temp\beene\images\RB-Fig-2-5-sm.jpg --> uts.cc.utexas.edu /export/httpd/vhosts/texasbeyondhistory/data/beene/images RB-Fig-2-5-sm.jpg
2006.09.18 14:29 B L:\TBH Website Temp\beene\images\RB-Fig-2-5.html --> uts.cc.utexas.edu /export/httpd/vhosts/texasbeyondhistory/data/beene/images RB-Fig-2-5.html
2006.09.18 14:29 B L:\TBH Website Temp\beene\images\RB-Fig-2-5.jpg --> uts.cc.utexas.edu /export/httpd/vhosts/texasbeyondhistory/data/beene/images RB-Fig-2-5.jpg
2006.09.18 14:29 B L:\TBH Website Temp\beene\images\RB-Fig-2-7-sm.jpg --> uts.cc.utexas.edu /export/httpd/vhosts/texasbeyondhistory/data/beene/images RB-Fig-2-7-sm.jpg
2006.09.18 14:29 B L:\TBH Website Temp\beene\images\RB-Fig-2-7.html --> uts.cc.utexas.edu /export/httpd/vhosts/texasbeyondhistory/data/beene/images RB-Fig-2-7.html
2006.09.18 14:29 B L:\TBH Website Temp\beene\images\RB-Fig-2-7.jpg --> uts.cc.utexas.edu /export/httpd/vhosts/texasbeyondhistory/data/beene/images RB-Fig-2-7.jpg
2006.09.18 14:29 B L:\TBH Website Temp\beene\images\RB-Fig-3-10-sm.jpg --> uts.cc.utexas.edu /export/httpd/vhosts/texasbeyondhistory/data/beene/images RB-Fig-3-10-sm.jpg
2006.09.18 14:29 B L:\TBH Website Temp\beene\images\RB-Fig-3-10.html --> uts.cc.utexas.edu /export/httpd/vhosts/texasbeyondhistory/data/beene/images RB-Fig-3-10.html
2006.09.18 14:29 B L:\TBH Website Temp\beene\images\RB-Fig-3-10.jpg --> uts.cc.utexas.edu /export/httpd/vhosts/texasbeyondhistory/data/beene/images RB-Fig-3-10.jpg
2006.09.18 14:29 B L:\TBH Website Temp\beene\images\RB-Fig-3-20-sm.jpg --> uts.cc.utexas.edu /export/httpd/vhosts/texasbeyondhistory/data/beene/images RB-Fig-3-20-sm.jpg
2006.09.18 14:29 B L:\TBH Website Temp\beene\images\RB-Fig-3-20.html --> uts.cc.utexas.edu /export/httpd/vhosts/texasbeyondhistory/data/beene/images RB-Fig-3-20.html
2006.09.18 14:29 B L:\TBH Website Temp\beene\images\RB-Fig-3-20.jpg --> uts.cc.utexas.edu /export/httpd/vhosts/texasbeyondhistory/data/beene/images RB-Fig-3-20.jpg
2006.09.18 14:29 B L:\TBH Website Temp\beene\images\RB-Fig-3-3-row.jpg --> uts.cc.utexas.edu /export/httpd/vhosts/texasbeyondhistory/data/beene/images RB-Fig-3-3-row.jpg
2006.09.18 14:29 B L:\TBH Website Temp\beene\images\RB-Fig-3-3-sm.jpg --> uts.cc.utexas.edu /export/httpd/vhosts/texasbeyondhistory/data/beene/images RB-Fig-3-3-sm.jpg
2006.09.18 14:29 B L:\TBH Website Temp\beene\images\RB-Fig-3-3.html --> uts.cc.utexas.edu /export/httpd/vhosts/texasbeyondhistory/data/beene/images RB-Fig-3-3.html
2006.09.18 14:29 B L:\TBH Website Temp\beene\images\RB-Fig-3-3.jpg --> uts.cc.utexas.edu /export/httpd/vhosts/texasbeyondhistory/data/beene/images RB-Fig-3-3.jpg
2006.09.18 14:29 B L:\TBH Website Temp\beene\images\RB-Fig-4-3-sm.jpg --> uts.cc.utexas.edu /export/httpd/vhosts/texasbeyondhistory/data/beene/images RB-Fig-4-3-sm.jpg
2006.09.18 14:29 B L:\TBH Website Temp\beene\images\RB-Fig-4-3.html --> uts.cc.utexas.edu /export/httpd/vhosts/texasbeyondhistory/data/beene/images RB-Fig-4-3.html
2006.09.18 14:29 B L:\TBH Website Temp\beene\images\RB-Fig-4-3.jpg --> uts.cc.utexas.edu /export/httpd/vhosts/texasbeyondhistory/data/beene/images RB-Fig-4-3.jpg
2006.09.18 14:29 B L:\TBH Website Temp\beene\images\RB-Fig-5-14-sm.jpg --> uts.cc.utexas.edu /export/httpd/vhosts/texasbeyondhistory/data/beene/images RB-Fig-5-14-sm.jpg
2006.09.18 14:29 B L:\TBH Website Temp\beene\images\RB-Fig-5-14.jpg --> uts.cc.utexas.edu /export/httpd/vhosts/texasbeyondhistory/data/beene/images RB-Fig-5-14.jpg
2006.09.18 14:29 B L:\TBH Website Temp\beene\images\RB-Fig-5-28-sm.jpg --> uts.cc.utexas.edu /export/httpd/vhosts/texasbeyondhistory/data/beene/images RB-Fig-5-28-sm.jpg
2006.09.18 14:29 B L:\TBH Website Temp\beene\images\RB-Fig-5-28.jpg --> uts.cc.utexas.edu /export/httpd/vhosts/texasbeyondhistory/data/beene/images RB-Fig-5-28.jpg
2006.09.18 14:29 B L:\TBH Website Temp\beene\images\RB-Fig-9-2-sm.jpg --> uts.cc.utexas.edu /export/httpd/vhosts/texasbeyondhistory/data/beene/images RB-Fig-9-2-sm.jpg
2006.09.18 14:29 B L:\TBH Website Temp\beene\images\RB-Fig-9-2.html --> uts.cc.utexas.edu /export/httpd/vhosts/texasbeyondhistory/data/beene/images RB-Fig-9-2.html
2006.09.18 14:29 B L:\TBH Website Temp\beene\images\RB-Fig-9-2.jpg --> uts.cc.utexas.edu /export/httpd/vhosts/texasbeyondhistory/data/beene/images RB-Fig-9-2.jpg
2006.09.18 14:29 B L:\TBH Website Temp\beene\images\RB-Fig-9-27-sm.jpg --> uts.cc.utexas.edu /export/httpd/vhosts/texasbeyondhistory/data/beene/images RB-Fig-9-27-sm.jpg
2006.09.18 14:29 B L:\TBH Website Temp\beene\images\RB-Fig-9-27.html --> uts.cc.utexas.edu /export/httpd/vhosts/texasbeyondhistory/data/beene/images RB-Fig-9-27.html
2006.09.18 14:29 B L:\TBH Website Temp\beene\images\RB-Fig-9-27.jpg --> uts.cc.utexas.edu /export/httpd/vhosts/texasbeyondhistory/data/beene/images RB-Fig-9-27.jpg
2006.09.18 14:29 B L:\TBH Website Temp\beene\images\RB-Fig14-12a-sm.jpg --> uts.cc.utexas.edu /export/httpd/vhosts/texasbeyondhistory/data/beene/images RB-Fig14-12a-sm.jpg
2006.09.18 14:29 B L:\TBH Website Temp\beene\images\RB-Fig14-12a.html --> uts.cc.utexas.edu /export/httpd/vhosts/texasbeyondhistory/data/beene/images RB-Fig14-12a.html
2006.09.18 14:29 B L:\TBH Website Temp\beene\images\RB-Fig14-12a.jpg --> uts.cc.utexas.edu /export/httpd/vhosts/texasbeyondhistory/data/beene/images RB-Fig14-12a.jpg
2006.09.18 14:29 B L:\TBH Website Temp\beene\images\RB-Fig15-21-sm.jpg --> uts.cc.utexas.edu /export/httpd/vhosts/texasbeyondhistory/data/beene/images RB-Fig15-21-sm.jpg
2006.09.18 14:29 B L:\TBH Website Temp\beene\images\RB-Fig15-21.html --> uts.cc.utexas.edu /export/httpd/vhosts/texasbeyondhistory/data/beene/images RB-Fig15-21.html
2006.09.18 14:29 B L:\TBH Website Temp\beene\images\RB-Fig15-21.jpg --> uts.cc.utexas.edu /export/httpd/vhosts/texasbeyondhistory/data/beene/images RB-Fig15-21.jpg
2006.09.18 14:29 B L:\TBH Website Temp\beene\images\RB-Fig15-36-sm.jpg --> uts.cc.utexas.edu /export/httpd/vhosts/texasbeyondhistory/data/beene/images RB-Fig15-36-sm.jpg
2006.09.18 14:29 B L:\TBH Website Temp\beene\images\RB-Fig15-36.html --> uts.cc.utexas.edu /export/httpd/vhosts/texasbeyondhistory/data/beene/images RB-Fig15-36.html
2006.09.18 14:29 B L:\TBH Website Temp\beene\images\RB-Fig15-36.jpg --> uts.cc.utexas.edu /export/httpd/vhosts/texasbeyondhistory/data/beene/images RB-Fig15-36.jpg
2006.09.18 14:29 B L:\TBH Website Temp\beene\images\RB-Fig15-37-sm.jpg --> uts.cc.utexas.edu /export/httpd/vhosts/texasbeyondhistory/data/beene/images RB-Fig15-37-sm.jpg
2006.09.18 14:29 B L:\TBH Website Temp\beene\images\RB-Fig15-37.html --> uts.cc.utexas.edu /export/httpd/vhosts/texasbeyondhistory/data/beene/images RB-Fig15-37.html
2006.09.18 14:29 B L:\TBH Website Temp\beene\images\RB-Fig15-37.jpg --> uts.cc.utexas.edu /export/httpd/vhosts/texasbeyondhistory/data/beene/images RB-Fig15-37.jpg
2006.09.18 14:29 B L:\TBH Website Temp\beene\images\RB-Figure-14-20-sm.jpg --> uts.cc.utexas.edu /export/httpd/vhosts/texasbeyondhistory/data/beene/images RB-Figure-14-20-sm.jpg
2006.09.18 14:29 B L:\TBH Website Temp\beene\images\RB-Figure-14-20.jpg --> uts.cc.utexas.edu /export/httpd/vhosts/texasbeyondhistory/data/beene/images RB-Figure-14-20.jpg
2006.09.18 14:29 B L:\TBH Website Temp\beene\images\RB-Figure-14-2a-sm.jpg --> uts.cc.utexas.edu /export/httpd/vhosts/texasbeyondhistory/data/beene/images RB-Figure-14-2a-sm.jpg
2006.09.18 14:29 B L:\TBH Website Temp\beene\images\RB-Figure-14-2a.jpg --> uts.cc.utexas.edu /export/httpd/vhosts/texasbeyondhistory/data/beene/images RB-Figure-14-2a.jpg
2006.09.18 14:29 B L:\TBH Website Temp\beene\images\RB-lhiamap-sm.jpg --> uts.cc.utexas.edu /export/httpd/vhosts/texasbeyondhistory/data/beene/images RB-lhiamap-sm.jpg
2006.09.18 14:29 B L:\TBH Website Temp\beene\images\RB-lhiamap.html --> uts.cc.utexas.edu /export/httpd/vhosts/texasbeyondhistory/data/beene/images RB-lhiamap.html
2006.09.18 14:29 B L:\TBH Website Temp\beene\images\RB-lhiamap.jpg --> uts.cc.utexas.edu /export/httpd/vhosts/texasbeyondhistory/data/beene/images RB-lhiamap.jpg
2006.09.18 14:29 B L:\TBH Website Temp\beene\images\RB-presidio-9-sm.jpg --> uts.cc.utexas.edu /export/httpd/vhosts/texasbeyondhistory/data/beene/images RB-presidio-9-sm.jpg
2006.09.18 14:29 B L:\TBH Website Temp\beene\images\RB-presidio-9.html --> uts.cc.utexas.edu /export/httpd/vhosts/texasbeyondhistory/data/beene/images RB-presidio-9.html
2006.09.18 14:29 B L:\TBH Website Temp\beene\images\RB-presidio-9.jpg --> uts.cc.utexas.edu /export/httpd/vhosts/texasbeyondhistory/data/beene/images RB-presidio-9.jpg
2006.09.18 14:29 B L:\TBH Website Temp\beene\images\RB-river-sm.jpg --> uts.cc.utexas.edu /export/httpd/vhosts/texasbeyondhistory/data/beene/images RB-river-sm.jpg
2006.09.18 14:29 B L:\TBH Website Temp\beene\images\RB-river.html --> uts.cc.utexas.edu /export/httpd/vhosts/texasbeyondhistory/data/beene/images RB-river.html
2006.09.18 14:29 B L:\TBH Website Temp\beene\images\RB-river.jpg --> uts.cc.utexas.edu /export/httpd/vhosts/texasbeyondhistory/data/beene/images RB-river.jpg
2006.09.18 14:29 B L:\TBH Website Temp\beene\images\RB411-36-sm.jpg --> uts.cc.utexas.edu /export/httpd/vhosts/texasbeyondhistory/data/beene/images RB411-36-sm.jpg
2006.09.18 14:29 B L:\TBH Website Temp\beene\images\RB411-36.html --> uts.cc.utexas.edu /export/httpd/vhosts/texasbeyondhistory/data/beene/images RB411-36.html
2006.09.18 14:29 B L:\TBH Website Temp\beene\images\RB411-36.jpg --> uts.cc.utexas.edu /export/httpd/vhosts/texasbeyondhistory/data/beene/images RB411-36.jpg
2006.09.18 14:29 B L:\TBH Website Temp\beene\images\rbeenestrat.jpg --> uts.cc.utexas.edu /export/httpd/vhosts/texasbeyondhistory/data/beene/images rbeenestrat.jpg
2006.09.18 14:29 B L:\TBH Website Temp\beene\images\rbfront.jpg --> uts.cc.utexas.edu /export/httpd/vhosts/texasbeyondhistory/data/beene/images rbfront.jpg
2006.09.18 14:29 B L:\TBH Website Temp\beene\images\SAWS-screenshot.html --> uts.cc.utexas.edu /export/httpd/vhosts/texasbeyondhistory/data/beene/images SAWS-screenshot.html
2006.09.18 14:29 B L:\TBH Website Temp\beene\images\spillway-trench-sm.jpg --> uts.cc.utexas.edu /export/httpd/vhosts/texasbeyondhistory/data/beene/images spillway-trench-sm.jpg
2006.09.18 14:29 B L:\TBH Website Temp\beene\images\spillway-trench.jpg --> uts.cc.utexas.edu /export/httpd/vhosts/texasbeyondhistory/data/beene/images spillway-trench.jpg
2006.09.18 14:29 B L:\TBH Website Temp\beene\images\table-2-1.html --> uts.cc.utexas.edu /export/httpd/vhosts/texasbeyondhistory/data/beene/images table-2-1.html
2006.09.18 14:29 B L:\TBH Website Temp\beene\images\Table-2-1.jpg --> uts.cc.utexas.edu /export/httpd/vhosts/texasbeyondhistory/data/beene/images Table-2-1.jpg
2006.09.18 14:29 B L:\TBH Website Temp\beene\images\Thumbs.db --> uts.cc.utexas.edu /export/httpd/vhosts/texasbeyondhistory/data/beene/images Thumbs.db
2006.09.18 14:29 B L:\TBH Website Temp\beene\images\Weir-woodworking.jpg --> uts.cc.utexas.edu /export/httpd/vhosts/texasbeyondhistory/data/beene/images Weir-woodworking.jpg
2006.09.18 14:29 B L:\TBH Website Temp\beene\images\WS_FTP.LOG --> uts.cc.utexas.edu /export/httpd/vhosts/texasbeyondhistory/data/beene/images WS_FTP.LOG
2006.09.19 21:01 B L:\TBH Website Temp\beene\images\RB-Thoms.jpg --> uts.cc.utexas.edu /export/httpd/vhosts/texasbeyondhistory/data/beene/images RB-Thoms.jpg
2006.09.19 21:01 B L:\TBH Website Temp\beene\images\WS_FTP.LOG --> uts.cc.utexas.edu /export/httpd/vhosts/texasbeyondhistory/data/beene/images WS_FTP.LOG
2006.09.25 17:55 B L:\TBH Website Temp\beene\images\RB-Fig-9-2.jpg --> uts.cc.utexas.edu /export/httpd/vhosts/texasbeyondhistory/data/beene/images RB-Fig-9-2.jpg
2006.09.25 17:55 B L:\TBH Website Temp\beene\images\Thumbs.db --> uts.cc.utexas.edu /export/httpd/vhosts/texasbeyondhistory/data/beene/images Thumbs.db
