2005.08.18 12:22 B L:\TBH Website Temp\kids\forts\images\_notes\tonkawascout-mo.jpg.mno --> uts.cc.utexas.edu /export/httpd/vhosts/texasbeyondhistory/data/kids/forts/images/_notes tonkawascout-mo.jpg.mno
2005.08.18 12:22 B L:\TBH Website Temp\kids\forts\images\_notes\tonkawascout-mo.gif.mno --> uts.cc.utexas.edu /export/httpd/vhosts/texasbeyondhistory/data/kids/forts/images/_notes tonkawascout-mo.gif.mno
2005.08.18 12:22 B L:\TBH Website Temp\kids\forts\images\_notes\laundress-mo.gif.mno --> uts.cc.utexas.edu /export/httpd/vhosts/texasbeyondhistory/data/kids/forts/images/_notes laundress-mo.gif.mno
2005.08.18 12:22 B L:\TBH Website Temp\kids\forts\images\_notes\lady-mo.gif.mno --> uts.cc.utexas.edu /export/httpd/vhosts/texasbeyondhistory/data/kids/forts/images/_notes lady-mo.gif.mno
2005.08.18 12:22 B L:\TBH Website Temp\kids\forts\images\_notes\kidsfortsmain.jpg.mno --> uts.cc.utexas.edu /export/httpd/vhosts/texasbeyondhistory/data/kids/forts/images/_notes kidsfortsmain.jpg.mno
2005.08.18 12:22 B L:\TBH Website Temp\kids\forts\images\_notes\docholiday-mo.gif.mno --> uts.cc.utexas.edu /export/httpd/vhosts/texasbeyondhistory/data/kids/forts/images/_notes docholiday-mo.gif.mno
2005.08.18 12:22 B L:\TBH Website Temp\kids\forts\images\_notes\cowboys-mo.gif.mno --> uts.cc.utexas.edu /export/httpd/vhosts/texasbeyondhistory/data/kids/forts/images/_notes cowboys-mo.gif.mno
2005.08.18 12:22 B L:\TBH Website Temp\kids\forts\images\_notes\bugler-mo.gif.mno --> uts.cc.utexas.edu /export/httpd/vhosts/texasbeyondhistory/data/kids/forts/images/_notes bugler-mo.gif.mno
2005.08.18 12:22 B L:\TBH Website Temp\kids\forts\images\_notes\sallie-mo.gif.mno --> uts.cc.utexas.edu /export/httpd/vhosts/texasbeyondhistory/data/kids/forts/images/_notes sallie-mo.gif.mno
2005.08.18 12:22 B L:\TBH Website Temp\kids\forts\images\_notes\buffaloshooter-mo.gif.mno --> uts.cc.utexas.edu /export/httpd/vhosts/texasbeyondhistory/data/kids/forts/images/_notes buffaloshooter-mo.gif.mno
2006.09.29 17:13 B L:\TBH Website Temp\kids\forts\images\_notes\WS_FTP.LOG --> uts.cc.utexas.edu /export/httpd/vhosts/texasbeyondhistory/data/kids/forts/images/_notes WS_FTP.LOG
2007.05.02 16:06 B V:\TBH Website Temp\kids\forts\images\_notes\buffaloshooter-mo.gif.mno --> uts.cc.utexas.edu /export/httpd/vhosts/texasbeyondhistory/data/kids/forts/images/_notes buffaloshooter-mo.gif.mno
2007.05.02 16:06 B V:\TBH Website Temp\kids\forts\images\_notes\bugler-mo.gif.mno --> uts.cc.utexas.edu /export/httpd/vhosts/texasbeyondhistory/data/kids/forts/images/_notes bugler-mo.gif.mno
2007.05.02 16:06 B V:\TBH Website Temp\kids\forts\images\_notes\cowboys-mo.gif.mno --> uts.cc.utexas.edu /export/httpd/vhosts/texasbeyondhistory/data/kids/forts/images/_notes cowboys-mo.gif.mno
2007.05.02 16:06 B V:\TBH Website Temp\kids\forts\images\_notes\docholiday-mo.gif.mno --> uts.cc.utexas.edu /export/httpd/vhosts/texasbeyondhistory/data/kids/forts/images/_notes docholiday-mo.gif.mno
2007.05.02 16:06 B V:\TBH Website Temp\kids\forts\images\_notes\kidsfortsmain.jpg.mno --> uts.cc.utexas.edu /export/httpd/vhosts/texasbeyondhistory/data/kids/forts/images/_notes kidsfortsmain.jpg.mno
2007.05.02 16:06 B V:\TBH Website Temp\kids\forts\images\_notes\lady-mo.gif.mno --> uts.cc.utexas.edu /export/httpd/vhosts/texasbeyondhistory/data/kids/forts/images/_notes lady-mo.gif.mno
2007.05.02 16:06 B V:\TBH Website Temp\kids\forts\images\_notes\laundress-mo.gif.mno --> uts.cc.utexas.edu /export/httpd/vhosts/texasbeyondhistory/data/kids/forts/images/_notes laundress-mo.gif.mno
2007.05.02 16:06 B V:\TBH Website Temp\kids\forts\images\_notes\sallie-mo.gif.mno --> uts.cc.utexas.edu /export/httpd/vhosts/texasbeyondhistory/data/kids/forts/images/_notes sallie-mo.gif.mno
2007.05.02 16:06 B V:\TBH Website Temp\kids\forts\images\_notes\tonkawascout-mo.gif.mno --> uts.cc.utexas.edu /export/httpd/vhosts/texasbeyondhistory/data/kids/forts/images/_notes tonkawascout-mo.gif.mno
2007.05.02 16:06 B V:\TBH Website Temp\kids\forts\images\_notes\tonkawascout-mo.jpg.mno --> uts.cc.utexas.edu /export/httpd/vhosts/texasbeyondhistory/data/kids/forts/images/_notes tonkawascout-mo.jpg.mno
