2001.09.28 09:18 B M:\Website Stuff\TBH Website Temp\redriver\images\10pdparrott138rs-lg.jpg --> uts.cc.utexas.edu /usr/pub/www/research/tarl/abouttarl/tbh/redriver/images 10pdparrott138rs-lg.jpg
2001.09.28 09:18 B M:\Website Stuff\TBH Website Temp\redriver\images\10pdparrott138rs-sm.jpg --> uts.cc.utexas.edu /usr/pub/www/research/tarl/abouttarl/tbh/redriver/images 10pdparrott138rs-sm.jpg
2001.09.28 09:18 B M:\Website Stuff\TBH Website Temp\redriver\images\10pdparrott138rs.html --> uts.cc.utexas.edu /usr/pub/www/research/tarl/abouttarl/tbh/redriver/images 10pdparrott138rs.html
2001.09.28 09:18 B M:\Website Stuff\TBH Website Temp\redriver\images\41AM10 metal pts-lg.jpg --> uts.cc.utexas.edu /usr/pub/www/research/tarl/abouttarl/tbh/redriver/images 41AM10 metal pts-lg.jpg
2001.09.28 09:18 B M:\Website Stuff\TBH Website Temp\redriver\images\41AM10 metal pts-sm.jpg --> uts.cc.utexas.edu /usr/pub/www/research/tarl/abouttarl/tbh/redriver/images 41AM10 metal pts-sm.jpg
2001.09.28 09:18 B M:\Website Stuff\TBH Website Temp\redriver\images\41AM10.html --> uts.cc.utexas.edu /usr/pub/www/research/tarl/abouttarl/tbh/redriver/images 41AM10.html
2001.09.28 09:18 B M:\Website Stuff\TBH Website Temp\redriver\images\41WE20artillery.BW-lg.jpg --> uts.cc.utexas.edu /usr/pub/www/research/tarl/abouttarl/tbh/redriver/images 41WE20artillery.BW-lg.jpg
2001.09.28 09:18 B M:\Website Stuff\TBH Website Temp\redriver\images\41WE20artillery.BW-sm.jpg --> uts.cc.utexas.edu /usr/pub/www/research/tarl/abouttarl/tbh/redriver/images 41WE20artillery.BW-sm.jpg
2001.09.28 09:18 B M:\Website Stuff\TBH Website Temp\redriver\images\41WE20artillery.BW.html --> uts.cc.utexas.edu /usr/pub/www/research/tarl/abouttarl/tbh/redriver/images 41WE20artillery.BW.html
2001.09.28 09:18 B M:\Website Stuff\TBH Website Temp\redriver\images\BisonHunt-lg.jpg --> uts.cc.utexas.edu /usr/pub/www/research/tarl/abouttarl/tbh/redriver/images BisonHunt-lg.jpg
2001.09.28 09:18 B M:\Website Stuff\TBH Website Temp\redriver\images\BisonHunt-sm.jpg --> uts.cc.utexas.edu /usr/pub/www/research/tarl/abouttarl/tbh/redriver/images BisonHunt-sm.jpg
2001.09.28 09:18 B M:\Website Stuff\TBH Website Temp\redriver\images\BisonHunt.html --> uts.cc.utexas.edu /usr/pub/www/research/tarl/abouttarl/tbh/redriver/images BisonHunt.html
2001.09.28 09:18 B M:\Website Stuff\TBH Website Temp\redriver\images\brett-gps-lg.jpg --> uts.cc.utexas.edu /usr/pub/www/research/tarl/abouttarl/tbh/redriver/images brett-gps-lg.jpg
2001.09.28 09:18 B M:\Website Stuff\TBH Website Temp\redriver\images\brett-gps-sm.jpg --> uts.cc.utexas.edu /usr/pub/www/research/tarl/abouttarl/tbh/redriver/images brett-gps-sm.jpg
2001.09.28 09:18 B M:\Website Stuff\TBH Website Temp\redriver\images\brett-gps.html --> uts.cc.utexas.edu /usr/pub/www/research/tarl/abouttarl/tbh/redriver/images brett-gps.html
2001.09.28 09:18 B M:\Website Stuff\TBH Website Temp\redriver\images\BTLMAPrevised-lg.jpg --> uts.cc.utexas.edu /usr/pub/www/research/tarl/abouttarl/tbh/redriver/images BTLMAPrevised-lg.jpg
2001.09.28 09:18 B M:\Website Stuff\TBH Website Temp\redriver\images\BTLMAPrevised-sm.jpg --> uts.cc.utexas.edu /usr/pub/www/research/tarl/abouttarl/tbh/redriver/images BTLMAPrevised-sm.jpg
2001.09.28 09:18 B M:\Website Stuff\TBH Website Temp\redriver\images\BTLMAPrevised.html --> uts.cc.utexas.edu /usr/pub/www/research/tarl/abouttarl/tbh/redriver/images BTLMAPrevised.html
2001.09.28 09:18 B M:\Website Stuff\TBH Website Temp\redriver\images\buff-marker-lg.jpg --> uts.cc.utexas.edu /usr/pub/www/research/tarl/abouttarl/tbh/redriver/images buff-marker-lg.jpg
2001.09.28 09:18 B M:\Website Stuff\TBH Website Temp\redriver\images\buff-marker-sm.jpg --> uts.cc.utexas.edu /usr/pub/www/research/tarl/abouttarl/tbh/redriver/images buff-marker-sm.jpg
2001.09.28 09:18 B M:\Website Stuff\TBH Website Temp\redriver\images\Buffalo-Hides-lg.jpg --> uts.cc.utexas.edu /usr/pub/www/research/tarl/abouttarl/tbh/redriver/images Buffalo-Hides-lg.jpg
2001.09.28 09:18 B M:\Website Stuff\TBH Website Temp\redriver\images\Buffalo-Hides-sm.jpg --> uts.cc.utexas.edu /usr/pub/www/research/tarl/abouttarl/tbh/redriver/images Buffalo-Hides-sm.jpg
2001.09.28 09:18 B M:\Website Stuff\TBH Website Temp\redriver\images\Buffalo-Hides.html --> uts.cc.utexas.edu /usr/pub/www/research/tarl/abouttarl/tbh/redriver/images Buffalo-Hides.html
2001.09.28 09:18 B M:\Website Stuff\TBH Website Temp\redriver\images\Bullets-Lead-balls-lg.jpg --> uts.cc.utexas.edu /usr/pub/www/research/tarl/abouttarl/tbh/redriver/images Bullets-Lead-balls-lg.jpg
2001.09.28 09:18 B M:\Website Stuff\TBH Website Temp\redriver\images\Bullets-Lead-balls-sm.jpg --> uts.cc.utexas.edu /usr/pub/www/research/tarl/abouttarl/tbh/redriver/images Bullets-Lead-balls-sm.jpg
2001.09.28 09:18 B M:\Website Stuff\TBH Website Temp\redriver\images\bullets1-lg.jpg --> uts.cc.utexas.edu /usr/pub/www/research/tarl/abouttarl/tbh/redriver/images bullets1-lg.jpg
2001.09.28 09:18 B M:\Website Stuff\TBH Website Temp\redriver\images\bullets1-sm.jpg --> uts.cc.utexas.edu /usr/pub/www/research/tarl/abouttarl/tbh/redriver/images bullets1-sm.jpg
2001.09.28 09:18 B M:\Website Stuff\TBH Website Temp\redriver\images\bullets2-lg.jpg --> uts.cc.utexas.edu /usr/pub/www/research/tarl/abouttarl/tbh/redriver/images bullets2-lg.jpg
2001.09.28 09:18 B M:\Website Stuff\TBH Website Temp\redriver\images\bullets2-sm.jpg --> uts.cc.utexas.edu /usr/pub/www/research/tarl/abouttarl/tbh/redriver/images bullets2-sm.jpg
2001.09.28 09:18 B M:\Website Stuff\TBH Website Temp\redriver\images\Bullets5_24-caption-lg.jpg --> uts.cc.utexas.edu /usr/pub/www/research/tarl/abouttarl/tbh/redriver/images Bullets5_24-caption-lg.jpg
2001.09.28 09:18 B M:\Website Stuff\TBH Website Temp\redriver\images\Bullets5_24-caption-sm.jpg --> uts.cc.utexas.edu /usr/pub/www/research/tarl/abouttarl/tbh/redriver/images Bullets5_24-caption-sm.jpg
2001.09.28 09:19 B M:\Website Stuff\TBH Website Temp\redriver\images\Bullets5_24-lg.jpg --> uts.cc.utexas.edu /usr/pub/www/research/tarl/abouttarl/tbh/redriver/images Bullets5_24-lg.jpg
2001.09.28 09:19 B M:\Website Stuff\TBH Website Temp\redriver\images\Bullets5_24-sm.jpg --> uts.cc.utexas.edu /usr/pub/www/research/tarl/abouttarl/tbh/redriver/images Bullets5_24-sm.jpg
2001.09.28 09:19 B M:\Website Stuff\TBH Website Temp\redriver\images\Carbine-1873-lg.jpg --> uts.cc.utexas.edu /usr/pub/www/research/tarl/abouttarl/tbh/redriver/images Carbine-1873-lg.jpg
2001.09.28 09:19 B M:\Website Stuff\TBH Website Temp\redriver\images\Carbine-1873-sm.jpg --> uts.cc.utexas.edu /usr/pub/www/research/tarl/abouttarl/tbh/redriver/images Carbine-1873-sm.jpg
2001.09.28 09:19 B M:\Website Stuff\TBH Website Temp\redriver\images\Carbine-45-70-lg.jpg --> uts.cc.utexas.edu /usr/pub/www/research/tarl/abouttarl/tbh/redriver/images Carbine-45-70-lg.jpg
2001.09.28 09:19 B M:\Website Stuff\TBH Website Temp\redriver\images\carbine-45-70-sm.jpg --> uts.cc.utexas.edu /usr/pub/www/research/tarl/abouttarl/tbh/redriver/images carbine-45-70-sm.jpg
2001.09.28 09:19 B M:\Website Stuff\TBH Website Temp\redriver\images\Carbine-45-70.html --> uts.cc.utexas.edu /usr/pub/www/research/tarl/abouttarl/tbh/redriver/images Carbine-45-70.html
2001.09.28 09:19 B M:\Website Stuff\TBH Website Temp\redriver\images\Carbine52Spencer-lg.jpg --> uts.cc.utexas.edu /usr/pub/www/research/tarl/abouttarl/tbh/redriver/images Carbine52Spencer-lg.jpg
2001.09.28 09:19 B M:\Website Stuff\TBH Website Temp\redriver\images\Carbine52Spencer-sm.jpg --> uts.cc.utexas.edu /usr/pub/www/research/tarl/abouttarl/tbh/redriver/images Carbine52Spencer-sm.jpg
2001.09.28 09:19 B M:\Website Stuff\TBH Website Temp\redriver\images\Carbine52Spencer.html --> uts.cc.utexas.edu /usr/pub/www/research/tarl/abouttarl/tbh/redriver/images Carbine52Spencer.html
2001.09.28 09:19 B M:\Website Stuff\TBH Website Temp\redriver\images\CartridgeFigure-lg.jpg --> uts.cc.utexas.edu /usr/pub/www/research/tarl/abouttarl/tbh/redriver/images CartridgeFigure-lg.jpg
2001.09.28 09:19 B M:\Website Stuff\TBH Website Temp\redriver\images\CartridgeFigure-sm.jpg --> uts.cc.utexas.edu /usr/pub/www/research/tarl/abouttarl/tbh/redriver/images CartridgeFigure-sm.jpg
2001.09.28 09:19 B M:\Website Stuff\TBH Website Temp\redriver\images\CartridgeFigure.html --> uts.cc.utexas.edu /usr/pub/www/research/tarl/abouttarl/tbh/redriver/images CartridgeFigure.html
2001.09.28 09:19 B M:\Website Stuff\TBH Website Temp\redriver\images\Cavalry-Charge-Remington-lg.jpg --> uts.cc.utexas.edu /usr/pub/www/research/tarl/abouttarl/tbh/redriver/images Cavalry-Charge-Remington-lg.jpg
2001.09.28 09:19 B M:\Website Stuff\TBH Website Temp\redriver\images\Cavalry-Charge-Remington-sm.jpg --> uts.cc.utexas.edu /usr/pub/www/research/tarl/abouttarl/tbh/redriver/images Cavalry-Charge-Remington-sm.jpg
2001.09.28 09:19 B M:\Website Stuff\TBH Website Temp\redriver\images\cavalry-charge-remington-sm2.jpg --> uts.cc.utexas.edu /usr/pub/www/research/tarl/abouttarl/tbh/redriver/images cavalry-charge-remington-sm2.jpg
2001.09.28 09:19 B M:\Website Stuff\TBH Website Temp\redriver\images\Colt-Army-Revolver-lg.jpg --> uts.cc.utexas.edu /usr/pub/www/research/tarl/abouttarl/tbh/redriver/images Colt-Army-Revolver-lg.jpg
2001.09.28 09:19 B M:\Website Stuff\TBH Website Temp\redriver\images\Colt-Army-Revolver-sm.jpg --> uts.cc.utexas.edu /usr/pub/www/research/tarl/abouttarl/tbh/redriver/images Colt-Army-Revolver-sm.jpg
2001.09.28 09:19 B M:\Website Stuff\TBH Website Temp\redriver\images\curry-lg.jpg --> uts.cc.utexas.edu /usr/pub/www/research/tarl/abouttarl/tbh/redriver/images curry-lg.jpg
2001.09.28 09:19 B M:\Website Stuff\TBH Website Temp\redriver\images\curry-sm.jpg --> uts.cc.utexas.edu /usr/pub/www/research/tarl/abouttarl/tbh/redriver/images curry-sm.jpg
2001.09.28 09:19 B M:\Website Stuff\TBH Website Temp\redriver\images\curry.html --> uts.cc.utexas.edu /usr/pub/www/research/tarl/abouttarl/tbh/redriver/images curry.html
2001.09.28 09:19 B M:\Website Stuff\TBH Website Temp\redriver\images\Field-lg.jpg --> uts.cc.utexas.edu /usr/pub/www/research/tarl/abouttarl/tbh/redriver/images Field-lg.jpg
2001.09.28 09:19 B M:\Website Stuff\TBH Website Temp\redriver\images\Field-sm.jpg --> uts.cc.utexas.edu /usr/pub/www/research/tarl/abouttarl/tbh/redriver/images Field-sm.jpg
2001.09.28 09:19 B M:\Website Stuff\TBH Website Temp\redriver\images\field-sm2.jpg --> uts.cc.utexas.edu /usr/pub/www/research/tarl/abouttarl/tbh/redriver/images field-sm2.jpg
2001.09.28 09:19 B M:\Website Stuff\TBH Website Temp\redriver\images\Firing-PinsBW-lg.jpg --> uts.cc.utexas.edu /usr/pub/www/research/tarl/abouttarl/tbh/redriver/images Firing-PinsBW-lg.jpg
2001.09.28 09:19 B M:\Website Stuff\TBH Website Temp\redriver\images\Firing-PinsBW-sm.jpg --> uts.cc.utexas.edu /usr/pub/www/research/tarl/abouttarl/tbh/redriver/images Firing-PinsBW-sm.jpg
2001.09.28 09:19 B M:\Website Stuff\TBH Website Temp\redriver\images\Firing-PinsBW.html --> uts.cc.utexas.edu /usr/pub/www/research/tarl/abouttarl/tbh/redriver/images Firing-PinsBW.html
2001.09.28 09:19 B M:\Website Stuff\TBH Website Temp\redriver\images\Fleshers-closeup-lg.jpg --> uts.cc.utexas.edu /usr/pub/www/research/tarl/abouttarl/tbh/redriver/images Fleshers-closeup-lg.jpg
2001.09.28 09:19 B M:\Website Stuff\TBH Website Temp\redriver\images\Fleshers-closeup-sm.jpg --> uts.cc.utexas.edu /usr/pub/www/research/tarl/abouttarl/tbh/redriver/images Fleshers-closeup-sm.jpg
2001.09.28 09:19 B M:\Website Stuff\TBH Website Temp\redriver\images\forts-lg.jpg --> uts.cc.utexas.edu /usr/pub/www/research/tarl/abouttarl/tbh/redriver/images forts-lg.jpg
2001.09.28 09:19 B M:\Website Stuff\TBH Website Temp\redriver\images\forts-sm.jpg --> uts.cc.utexas.edu /usr/pub/www/research/tarl/abouttarl/tbh/redriver/images forts-sm.jpg
2001.09.28 09:19 B M:\Website Stuff\TBH Website Temp\redriver\images\forts.html --> uts.cc.utexas.edu /usr/pub/www/research/tarl/abouttarl/tbh/redriver/images forts.html
2001.09.28 09:19 B M:\Website Stuff\TBH Website Temp\redriver\images\group-lg.jpg --> uts.cc.utexas.edu /usr/pub/www/research/tarl/abouttarl/tbh/redriver/images group-lg.jpg
2001.09.28 09:19 B M:\Website Stuff\TBH Website Temp\redriver\images\group-sm.jpg --> uts.cc.utexas.edu /usr/pub/www/research/tarl/abouttarl/tbh/redriver/images group-sm.jpg
2001.09.28 09:19 B M:\Website Stuff\TBH Website Temp\redriver\images\group.html --> uts.cc.utexas.edu /usr/pub/www/research/tarl/abouttarl/tbh/redriver/images group.html
2001.09.28 09:19 B M:\Website Stuff\TBH Website Temp\redriver\images\Henry-M1860-Rifle-lg.jpg --> uts.cc.utexas.edu /usr/pub/www/research/tarl/abouttarl/tbh/redriver/images Henry-M1860-Rifle-lg.jpg
2001.09.28 09:19 B M:\Website Stuff\TBH Website Temp\redriver\images\Henry-M1860-Rifle-sm.jpg --> uts.cc.utexas.edu /usr/pub/www/research/tarl/abouttarl/tbh/redriver/images Henry-M1860-Rifle-sm.jpg
2001.09.28 09:19 B M:\Website Stuff\TBH Website Temp\redriver\images\Horseshoes-lg.jpg --> uts.cc.utexas.edu /usr/pub/www/research/tarl/abouttarl/tbh/redriver/images Horseshoes-lg.jpg
2001.09.28 09:19 B M:\Website Stuff\TBH Website Temp\redriver\images\Horseshoes-sm.jpg --> uts.cc.utexas.edu /usr/pub/www/research/tarl/abouttarl/tbh/redriver/images Horseshoes-sm.jpg
2001.09.28 09:19 B M:\Website Stuff\TBH Website Temp\redriver\images\Indian-Monument-lg.jpg --> uts.cc.utexas.edu /usr/pub/www/research/tarl/abouttarl/tbh/redriver/images Indian-Monument-lg.jpg
2001.09.28 09:19 B M:\Website Stuff\TBH Website Temp\redriver\images\Indian-Monument-sm.jpg --> uts.cc.utexas.edu /usr/pub/www/research/tarl/abouttarl/tbh/redriver/images Indian-Monument-sm.jpg
2001.09.28 09:19 B M:\Website Stuff\TBH Website Temp\redriver\images\Indian-Monument.html --> uts.cc.utexas.edu /usr/pub/www/research/tarl/abouttarl/tbh/redriver/images Indian-Monument.html
2001.09.28 09:19 B M:\Website Stuff\TBH Website Temp\redriver\images\Ledger-lg.jpg --> uts.cc.utexas.edu /usr/pub/www/research/tarl/abouttarl/tbh/redriver/images Ledger-lg.jpg
2001.09.28 09:19 B M:\Website Stuff\TBH Website Temp\redriver\images\Ledger-sm.jpg --> uts.cc.utexas.edu /usr/pub/www/research/tarl/abouttarl/tbh/redriver/images Ledger-sm.jpg
2001.09.28 09:19 B M:\Website Stuff\TBH Website Temp\redriver\images\ledger-sm2.jpg --> uts.cc.utexas.edu /usr/pub/www/research/tarl/abouttarl/tbh/redriver/images ledger-sm2.jpg
2001.09.28 09:19 B M:\Website Stuff\TBH Website Temp\redriver\images\Ledger.html --> uts.cc.utexas.edu /usr/pub/www/research/tarl/abouttarl/tbh/redriver/images Ledger.html
2001.09.28 09:19 B M:\Website Stuff\TBH Website Temp\redriver\images\lonewolf-lg.jpg --> uts.cc.utexas.edu /usr/pub/www/research/tarl/abouttarl/tbh/redriver/images lonewolf-lg.jpg
2001.09.28 09:19 B M:\Website Stuff\TBH Website Temp\redriver\images\lonewolf-sm.jpg --> uts.cc.utexas.edu /usr/pub/www/research/tarl/abouttarl/tbh/redriver/images lonewolf-sm.jpg
2001.09.28 09:19 B M:\Website Stuff\TBH Website Temp\redriver\images\lonewolf.html --> uts.cc.utexas.edu /usr/pub/www/research/tarl/abouttarl/tbh/redriver/images lonewolf.html
2001.09.28 09:19 B M:\Website Stuff\TBH Website Temp\redriver\images\Lyman-Knives-lg.jpg --> uts.cc.utexas.edu /usr/pub/www/research/tarl/abouttarl/tbh/redriver/images Lyman-Knives-lg.jpg
2001.09.28 09:19 B M:\Website Stuff\TBH Website Temp\redriver\images\Lyman-Knives-sm.jpg --> uts.cc.utexas.edu /usr/pub/www/research/tarl/abouttarl/tbh/redriver/images Lyman-Knives-sm.jpg
2001.09.28 09:19 B M:\Website Stuff\TBH Website Temp\redriver\images\Lyman-Knives.html --> uts.cc.utexas.edu /usr/pub/www/research/tarl/abouttarl/tbh/redriver/images Lyman-Knives.html
2001.09.28 09:19 B M:\Website Stuff\TBH Website Temp\redriver\images\Lyman-lg.jpg --> uts.cc.utexas.edu /usr/pub/www/research/tarl/abouttarl/tbh/redriver/images Lyman-lg.jpg
2001.09.28 09:19 B M:\Website Stuff\TBH Website Temp\redriver\images\Lyman-Site-Map-lg.jpg --> uts.cc.utexas.edu /usr/pub/www/research/tarl/abouttarl/tbh/redriver/images Lyman-Site-Map-lg.jpg
2001.09.28 09:19 B M:\Website Stuff\TBH Website Temp\redriver\images\Lyman-Site-Map-sm.jpg --> uts.cc.utexas.edu /usr/pub/www/research/tarl/abouttarl/tbh/redriver/images Lyman-Site-Map-sm.jpg
2001.09.28 09:19 B M:\Website Stuff\TBH Website Temp\redriver\images\Lyman-Site-Map.html --> uts.cc.utexas.edu /usr/pub/www/research/tarl/abouttarl/tbh/redriver/images Lyman-Site-Map.html
2001.09.28 09:19 B M:\Website Stuff\TBH Website Temp\redriver\images\Lyman-sm.jpg --> uts.cc.utexas.edu /usr/pub/www/research/tarl/abouttarl/tbh/redriver/images Lyman-sm.jpg
2001.09.28 09:19 B M:\Website Stuff\TBH Website Temp\redriver\images\Lyman.html --> uts.cc.utexas.edu /usr/pub/www/research/tarl/abouttarl/tbh/redriver/images Lyman.html
2001.09.28 09:19 B M:\Website Stuff\TBH Website Temp\redriver\images\mackenzie-lg.jpg --> uts.cc.utexas.edu /usr/pub/www/research/tarl/abouttarl/tbh/redriver/images mackenzie-lg.jpg
2001.09.28 09:19 B M:\Website Stuff\TBH Website Temp\redriver\images\mackenzie-sm.jpg --> uts.cc.utexas.edu /usr/pub/www/research/tarl/abouttarl/tbh/redriver/images mackenzie-sm.jpg
2001.09.28 09:19 B M:\Website Stuff\TBH Website Temp\redriver\images\mackenzie.html --> uts.cc.utexas.edu /usr/pub/www/research/tarl/abouttarl/tbh/redriver/images mackenzie.html
2001.09.28 09:19 B M:\Website Stuff\TBH Website Temp\redriver\images\Miles-Hist-Map2-lg.jpg --> uts.cc.utexas.edu /usr/pub/www/research/tarl/abouttarl/tbh/redriver/images Miles-Hist-Map2-lg.jpg
2001.09.28 09:19 B M:\Website Stuff\TBH Website Temp\redriver\images\Miles-Hist-Map2-sm.jpg --> uts.cc.utexas.edu /usr/pub/www/research/tarl/abouttarl/tbh/redriver/images Miles-Hist-Map2-sm.jpg
2001.09.28 09:19 B M:\Website Stuff\TBH Website Temp\redriver\images\Miles-Hist-Map2.html --> uts.cc.utexas.edu /usr/pub/www/research/tarl/abouttarl/tbh/redriver/images Miles-Hist-Map2.html
2001.09.28 09:19 B M:\Website Stuff\TBH Website Temp\redriver\images\miles-lg.jpg --> uts.cc.utexas.edu /usr/pub/www/research/tarl/abouttarl/tbh/redriver/images miles-lg.jpg
2001.09.28 09:19 B M:\Website Stuff\TBH Website Temp\redriver\images\Miles-relief-map-lg.jpg --> uts.cc.utexas.edu /usr/pub/www/research/tarl/abouttarl/tbh/redriver/images Miles-relief-map-lg.jpg
2001.09.28 09:19 B M:\Website Stuff\TBH Website Temp\redriver\images\Miles-relief-map-sm.jpg --> uts.cc.utexas.edu /usr/pub/www/research/tarl/abouttarl/tbh/redriver/images Miles-relief-map-sm.jpg
2001.09.28 09:19 B M:\Website Stuff\TBH Website Temp\redriver\images\miles-sm.jpg --> uts.cc.utexas.edu /usr/pub/www/research/tarl/abouttarl/tbh/redriver/images miles-sm.jpg
2001.09.28 09:19 B M:\Website Stuff\TBH Website Temp\redriver\images\miles.html --> uts.cc.utexas.edu /usr/pub/www/research/tarl/abouttarl/tbh/redriver/images miles.html
2001.09.28 09:19 B M:\Website Stuff\TBH Website Temp\redriver\images\Military-Button-lg.jpg --> uts.cc.utexas.edu /usr/pub/www/research/tarl/abouttarl/tbh/redriver/images Military-Button-lg.jpg
2001.09.28 09:19 B M:\Website Stuff\TBH Website Temp\redriver\images\Military-Button-sm.jpg --> uts.cc.utexas.edu /usr/pub/www/research/tarl/abouttarl/tbh/redriver/images Military-Button-sm.jpg
2001.09.28 09:19 B M:\Website Stuff\TBH Website Temp\redriver\images\Military-Button.html --> uts.cc.utexas.edu /usr/pub/www/research/tarl/abouttarl/tbh/redriver/images Military-Button.html
2001.09.28 09:19 B M:\Website Stuff\TBH Website Temp\redriver\images\Mountain-Howitzer-lg.jpg --> uts.cc.utexas.edu /usr/pub/www/research/tarl/abouttarl/tbh/redriver/images Mountain-Howitzer-lg.jpg
2001.09.28 09:19 B M:\Website Stuff\TBH Website Temp\redriver\images\Mountain-Howitzer-sm.jpg --> uts.cc.utexas.edu /usr/pub/www/research/tarl/abouttarl/tbh/redriver/images Mountain-Howitzer-sm.jpg
2001.09.28 09:19 B M:\Website Stuff\TBH Website Temp\redriver\images\Mountain-Howitzer.html --> uts.cc.utexas.edu /usr/pub/www/research/tarl/abouttarl/tbh/redriver/images Mountain-Howitzer.html
2001.09.28 09:19 B M:\Website Stuff\TBH Website Temp\redriver\images\MowWay-lg.jpg --> uts.cc.utexas.edu /usr/pub/www/research/tarl/abouttarl/tbh/redriver/images MowWay-lg.jpg
2001.09.28 09:19 B M:\Website Stuff\TBH Website Temp\redriver\images\MowWay-sm.jpg --> uts.cc.utexas.edu /usr/pub/www/research/tarl/abouttarl/tbh/redriver/images MowWay-sm.jpg
2001.09.28 09:19 B M:\Website Stuff\TBH Website Temp\redriver\images\PaloduroCanyon-lg.jpg --> uts.cc.utexas.edu /usr/pub/www/research/tarl/abouttarl/tbh/redriver/images PaloduroCanyon-lg.jpg
2001.09.28 09:19 B M:\Website Stuff\TBH Website Temp\redriver\images\PaloduroCanyon-sm.jpg --> uts.cc.utexas.edu /usr/pub/www/research/tarl/abouttarl/tbh/redriver/images PaloduroCanyon-sm.jpg
2001.09.28 09:19 B M:\Website Stuff\TBH Website Temp\redriver\images\PaloduroCanyon.html --> uts.cc.utexas.edu /usr/pub/www/research/tarl/abouttarl/tbh/redriver/images PaloduroCanyon.html
2001.09.28 09:19 B M:\Website Stuff\TBH Website Temp\redriver\images\Parrott-Shell-lg.jpg --> uts.cc.utexas.edu /usr/pub/www/research/tarl/abouttarl/tbh/redriver/images Parrott-Shell-lg.jpg
2001.09.28 09:19 B M:\Website Stuff\TBH Website Temp\redriver\images\Parrott-Shell-sm.jpg --> uts.cc.utexas.edu /usr/pub/www/research/tarl/abouttarl/tbh/redriver/images Parrott-Shell-sm.jpg
2001.09.28 09:19 B M:\Website Stuff\TBH Website Temp\redriver\images\Parrott-Shell.html --> uts.cc.utexas.edu /usr/pub/www/research/tarl/abouttarl/tbh/redriver/images Parrott-Shell.html
2001.09.28 09:19 B M:\Website Stuff\TBH Website Temp\redriver\images\Phase1BattlesRev-lg.jpg --> uts.cc.utexas.edu /usr/pub/www/research/tarl/abouttarl/tbh/redriver/images Phase1BattlesRev-lg.jpg
2001.09.28 09:19 B M:\Website Stuff\TBH Website Temp\redriver\images\Phase1BattlesRev-sm.jpg --> uts.cc.utexas.edu /usr/pub/www/research/tarl/abouttarl/tbh/redriver/images Phase1BattlesRev-sm.jpg
2001.09.28 09:19 B M:\Website Stuff\TBH Website Temp\redriver\images\Phase1BattlesRev.html --> uts.cc.utexas.edu /usr/pub/www/research/tarl/abouttarl/tbh/redriver/images Phase1BattlesRev.html
2001.09.28 09:19 B M:\Website Stuff\TBH Website Temp\redriver\images\PonyTracks-lg.jpg --> uts.cc.utexas.edu /usr/pub/www/research/tarl/abouttarl/tbh/redriver/images PonyTracks-lg.jpg
2001.09.28 09:19 B M:\Website Stuff\TBH Website Temp\redriver\images\PonyTracks-sm.jpg --> uts.cc.utexas.edu /usr/pub/www/research/tarl/abouttarl/tbh/redriver/images PonyTracks-sm.jpg
2001.09.28 09:19 B M:\Website Stuff\TBH Website Temp\redriver\images\PonyTracks.html --> uts.cc.utexas.edu /usr/pub/www/research/tarl/abouttarl/tbh/redriver/images PonyTracks.html
2001.09.28 09:19 B M:\Website Stuff\TBH Website Temp\redriver\images\Price-lg.jpg --> uts.cc.utexas.edu /usr/pub/www/research/tarl/abouttarl/tbh/redriver/images Price-lg.jpg
2001.09.28 09:19 B M:\Website Stuff\TBH Website Temp\redriver\images\Price-sm.jpg --> uts.cc.utexas.edu /usr/pub/www/research/tarl/abouttarl/tbh/redriver/images Price-sm.jpg
2001.09.28 09:19 B M:\Website Stuff\TBH Website Temp\redriver\images\Price.html --> uts.cc.utexas.edu /usr/pub/www/research/tarl/abouttarl/tbh/redriver/images Price.html
2001.09.28 09:19 B M:\Website Stuff\TBH Website Temp\redriver\images\QuanahParker-lg.jpg --> uts.cc.utexas.edu /usr/pub/www/research/tarl/abouttarl/tbh/redriver/images QuanahParker-lg.jpg
2001.09.28 09:19 B M:\Website Stuff\TBH Website Temp\redriver\images\QuanahParker-sm.jpg --> uts.cc.utexas.edu /usr/pub/www/research/tarl/abouttarl/tbh/redriver/images QuanahParker-sm.jpg
2001.09.28 09:19 B M:\Website Stuff\TBH Website Temp\redriver\images\QuanahParker.html --> uts.cc.utexas.edu /usr/pub/www/research/tarl/abouttarl/tbh/redriver/images QuanahParker.html
2001.09.28 09:19 B M:\Website Stuff\TBH Website Temp\redriver\images\RRW-Advance.html --> uts.cc.utexas.edu /usr/pub/www/research/tarl/abouttarl/tbh/redriver/images RRW-Advance.html
2001.09.28 09:19 B M:\Website Stuff\TBH Website Temp\redriver\images\RRW-Advance.lg.jpg --> uts.cc.utexas.edu /usr/pub/www/research/tarl/abouttarl/tbh/redriver/images RRW-Advance.lg.jpg
2001.09.28 09:19 B M:\Website Stuff\TBH Website Temp\redriver\images\RRW-Advance.sm.jpg --> uts.cc.utexas.edu /usr/pub/www/research/tarl/abouttarl/tbh/redriver/images RRW-Advance.sm.jpg
2001.09.28 09:19 B M:\Website Stuff\TBH Website Temp\redriver\images\Shell-Impac2.html --> uts.cc.utexas.edu /usr/pub/www/research/tarl/abouttarl/tbh/redriver/images Shell-Impac2.html
2001.09.28 09:19 B M:\Website Stuff\TBH Website Temp\redriver\images\Shell-Impac2.lg.jpg --> uts.cc.utexas.edu /usr/pub/www/research/tarl/abouttarl/tbh/redriver/images Shell-Impac2.lg.jpg
2001.09.28 09:19 B M:\Website Stuff\TBH Website Temp\redriver\images\Shell-Impac2.sm.jpg --> uts.cc.utexas.edu /usr/pub/www/research/tarl/abouttarl/tbh/redriver/images Shell-Impac2.sm.jpg
2001.09.28 09:19 B M:\Website Stuff\TBH Website Temp\redriver\images\Shells-lg.jpg --> uts.cc.utexas.edu /usr/pub/www/research/tarl/abouttarl/tbh/redriver/images Shells-lg.jpg
2001.09.28 09:19 B M:\Website Stuff\TBH Website Temp\redriver\images\Shells-sm.jpg --> uts.cc.utexas.edu /usr/pub/www/research/tarl/abouttarl/tbh/redriver/images Shells-sm.jpg
2001.09.28 09:19 B M:\Website Stuff\TBH Website Temp\redriver\images\Shrapnel-lg.jpg --> uts.cc.utexas.edu /usr/pub/www/research/tarl/abouttarl/tbh/redriver/images Shrapnel-lg.jpg
2001.09.28 09:19 B M:\Website Stuff\TBH Website Temp\redriver\images\Shrapnel-sm.jpg --> uts.cc.utexas.edu /usr/pub/www/research/tarl/abouttarl/tbh/redriver/images Shrapnel-sm.jpg
2001.09.28 09:19 B M:\Website Stuff\TBH Website Temp\redriver\images\Shrapnel.html --> uts.cc.utexas.edu /usr/pub/www/research/tarl/abouttarl/tbh/redriver/images Shrapnel.html
2001.09.28 09:19 B M:\Website Stuff\TBH Website Temp\redriver\images\Spencer-Cluster-lg.jpg --> uts.cc.utexas.edu /usr/pub/www/research/tarl/abouttarl/tbh/redriver/images Spencer-Cluster-lg.jpg
2001.09.28 09:19 B M:\Website Stuff\TBH Website Temp\redriver\images\Spencer-Cluster-sm.jpg --> uts.cc.utexas.edu /usr/pub/www/research/tarl/abouttarl/tbh/redriver/images Spencer-Cluster-sm.jpg
2001.09.28 09:19 B M:\Website Stuff\TBH Website Temp\redriver\images\Spencer-Cluster.html --> uts.cc.utexas.edu /usr/pub/www/research/tarl/abouttarl/tbh/redriver/images Spencer-Cluster.html
2001.09.28 09:19 B M:\Website Stuff\TBH Website Temp\redriver\images\Spur-lg.jpg --> uts.cc.utexas.edu /usr/pub/www/research/tarl/abouttarl/tbh/redriver/images Spur-lg.jpg
2001.09.28 09:19 B M:\Website Stuff\TBH Website Temp\redriver\images\Spur-sm.jpg --> uts.cc.utexas.edu /usr/pub/www/research/tarl/abouttarl/tbh/redriver/images Spur-sm.jpg
2001.09.28 09:19 B M:\Website Stuff\TBH Website Temp\redriver\images\SweetwaterMap-lg.jpg --> uts.cc.utexas.edu /usr/pub/www/research/tarl/abouttarl/tbh/redriver/images SweetwaterMap-lg.jpg
2001.09.28 09:19 B M:\Website Stuff\TBH Website Temp\redriver\images\SweetwaterMap-sm.jpg --> uts.cc.utexas.edu /usr/pub/www/research/tarl/abouttarl/tbh/redriver/images SweetwaterMap-sm.jpg
2001.09.28 09:19 B M:\Website Stuff\TBH Website Temp\redriver\images\SweetwaterMap.html --> uts.cc.utexas.edu /usr/pub/www/research/tarl/abouttarl/tbh/redriver/images SweetwaterMap.html
2001.09.28 09:19 B M:\Website Stuff\TBH Website Temp\redriver\images\Tribes2.html --> uts.cc.utexas.edu /usr/pub/www/research/tarl/abouttarl/tbh/redriver/images Tribes2.html
2001.09.28 09:19 B M:\Website Stuff\TBH Website Temp\redriver\images\Tribes2.lg.jpg --> uts.cc.utexas.edu /usr/pub/www/research/tarl/abouttarl/tbh/redriver/images Tribes2.lg.jpg
2001.09.28 09:19 B M:\Website Stuff\TBH Website Temp\redriver\images\Tribes2.sm.jpg --> uts.cc.utexas.edu /usr/pub/www/research/tarl/abouttarl/tbh/redriver/images Tribes2.sm.jpg
2001.09.28 09:19 B M:\Website Stuff\TBH Website Temp\redriver\images\Winchester-M1866-lg.jpg --> uts.cc.utexas.edu /usr/pub/www/research/tarl/abouttarl/tbh/redriver/images Winchester-M1866-lg.jpg
2001.09.28 09:19 B M:\Website Stuff\TBH Website Temp\redriver\images\Winchester-M1866-sm.jpg --> uts.cc.utexas.edu /usr/pub/www/research/tarl/abouttarl/tbh/redriver/images Winchester-M1866-sm.jpg
2001.09.28 09:19 B M:\Website Stuff\TBH Website Temp\redriver\images\Winchester-M1866.html --> uts.cc.utexas.edu /usr/pub/www/research/tarl/abouttarl/tbh/redriver/images Winchester-M1866.html
2001.10.02 01:43 B C:\WINDOWS\Desktop\TBH\Recent\redriver\images\10pdparrott138rs-lg.jpg --> uts.cc.utexas.edu /export/httpd/vhosts/texasbeyondhistory/data/redriver/images 10pdparrott138rs-lg.jpg
2001.10.02 01:43 B C:\WINDOWS\Desktop\TBH\Recent\redriver\images\10pdparrott138rs-sm.jpg --> uts.cc.utexas.edu /export/httpd/vhosts/texasbeyondhistory/data/redriver/images 10pdparrott138rs-sm.jpg
2001.10.02 01:43 B C:\WINDOWS\Desktop\TBH\Recent\redriver\images\10pdparrott138rs.html --> uts.cc.utexas.edu /export/httpd/vhosts/texasbeyondhistory/data/redriver/images 10pdparrott138rs.html
2001.10.02 01:43 B C:\WINDOWS\Desktop\TBH\Recent\redriver\images\41AM10 metal pts-lg.jpg --> uts.cc.utexas.edu /export/httpd/vhosts/texasbeyondhistory/data/redriver/images 41AM10 metal pts-lg.jpg
2001.10.02 01:43 B C:\WINDOWS\Desktop\TBH\Recent\redriver\images\41AM10 metal pts-sm.jpg --> uts.cc.utexas.edu /export/httpd/vhosts/texasbeyondhistory/data/redriver/images 41AM10 metal pts-sm.jpg
2001.10.02 01:43 B C:\WINDOWS\Desktop\TBH\Recent\redriver\images\41AM10.html --> uts.cc.utexas.edu /export/httpd/vhosts/texasbeyondhistory/data/redriver/images 41AM10.html
2001.10.02 01:43 B C:\WINDOWS\Desktop\TBH\Recent\redriver\images\41WE20artillery.BW-lg.jpg --> uts.cc.utexas.edu /export/httpd/vhosts/texasbeyondhistory/data/redriver/images 41WE20artillery.BW-lg.jpg
2001.10.02 01:43 B C:\WINDOWS\Desktop\TBH\Recent\redriver\images\41WE20artillery.BW-sm.jpg --> uts.cc.utexas.edu /export/httpd/vhosts/texasbeyondhistory/data/redriver/images 41WE20artillery.BW-sm.jpg
2001.10.02 01:43 B C:\WINDOWS\Desktop\TBH\Recent\redriver\images\41WE20artillery.BW.html --> uts.cc.utexas.edu /export/httpd/vhosts/texasbeyondhistory/data/redriver/images 41WE20artillery.BW.html
2001.10.02 01:45 B C:\WINDOWS\Desktop\TBH\Recent\redriver\images\BisonHunt-lg.jpg --> uts.cc.utexas.edu /export/httpd/vhosts/texasbeyondhistory/data/redriver/images BisonHunt-lg.jpg
2001.10.02 01:45 B C:\WINDOWS\Desktop\TBH\Recent\redriver\images\BisonHunt-sm.jpg --> uts.cc.utexas.edu /export/httpd/vhosts/texasbeyondhistory/data/redriver/images BisonHunt-sm.jpg
2001.10.02 01:45 B C:\WINDOWS\Desktop\TBH\Recent\redriver\images\BisonHunt.html --> uts.cc.utexas.edu /export/httpd/vhosts/texasbeyondhistory/data/redriver/images BisonHunt.html
2001.10.02 01:45 B C:\WINDOWS\Desktop\TBH\Recent\redriver\images\BisonHuntCROP.jpg --> uts.cc.utexas.edu /export/httpd/vhosts/texasbeyondhistory/data/redriver/images BisonHuntCROP.jpg
2001.10.02 01:45 B C:\WINDOWS\Desktop\TBH\Recent\redriver\images\brett-gps-lg.jpg --> uts.cc.utexas.edu /export/httpd/vhosts/texasbeyondhistory/data/redriver/images brett-gps-lg.jpg
2001.10.02 01:45 B C:\WINDOWS\Desktop\TBH\Recent\redriver\images\brett-gps-sm.jpg --> uts.cc.utexas.edu /export/httpd/vhosts/texasbeyondhistory/data/redriver/images brett-gps-sm.jpg
2001.10.02 01:45 B C:\WINDOWS\Desktop\TBH\Recent\redriver\images\brett-gps.html --> uts.cc.utexas.edu /export/httpd/vhosts/texasbeyondhistory/data/redriver/images brett-gps.html
2001.10.02 01:46 B C:\WINDOWS\Desktop\TBH\Recent\redriver\images\BTLMAPrevised-lg.jpg --> uts.cc.utexas.edu /export/httpd/vhosts/texasbeyondhistory/data/redriver/images BTLMAPrevised-lg.jpg
2001.10.02 01:46 B C:\WINDOWS\Desktop\TBH\Recent\redriver\images\BTLMAPrevised-sm.jpg --> uts.cc.utexas.edu /export/httpd/vhosts/texasbeyondhistory/data/redriver/images BTLMAPrevised-sm.jpg
2001.10.02 01:46 B C:\WINDOWS\Desktop\TBH\Recent\redriver\images\BTLMAPrevised.html --> uts.cc.utexas.edu /export/httpd/vhosts/texasbeyondhistory/data/redriver/images BTLMAPrevised.html
2001.10.02 01:47 B C:\WINDOWS\Desktop\TBH\Recent\redriver\images\buff-marker-lg.jpg --> uts.cc.utexas.edu /export/httpd/vhosts/texasbeyondhistory/data/redriver/images buff-marker-lg.jpg
2001.10.02 01:47 B C:\WINDOWS\Desktop\TBH\Recent\redriver\images\buff-marker-sm.jpg --> uts.cc.utexas.edu /export/httpd/vhosts/texasbeyondhistory/data/redriver/images buff-marker-sm.jpg
2001.10.02 01:48 B C:\WINDOWS\Desktop\TBH\Recent\redriver\images\Buffalo-Hides-lg.jpg --> uts.cc.utexas.edu /export/httpd/vhosts/texasbeyondhistory/data/redriver/images Buffalo-Hides-lg.jpg
2001.10.02 01:48 B C:\WINDOWS\Desktop\TBH\Recent\redriver\images\Buffalo-Hides-sm.jpg --> uts.cc.utexas.edu /export/httpd/vhosts/texasbeyondhistory/data/redriver/images Buffalo-Hides-sm.jpg
2001.10.02 01:48 B C:\WINDOWS\Desktop\TBH\Recent\redriver\images\Buffalo-Hides.html --> uts.cc.utexas.edu /export/httpd/vhosts/texasbeyondhistory/data/redriver/images Buffalo-Hides.html
2001.10.02 01:48 B C:\WINDOWS\Desktop\TBH\Recent\redriver\images\Buffalo_Hides_CROP.jpg --> uts.cc.utexas.edu /export/httpd/vhosts/texasbeyondhistory/data/redriver/images Buffalo_Hides_CROP.jpg
2001.10.02 01:48 B C:\WINDOWS\Desktop\TBH\Recent\redriver\images\Bullets-Lead-balls-lg.jpg --> uts.cc.utexas.edu /export/httpd/vhosts/texasbeyondhistory/data/redriver/images Bullets-Lead-balls-lg.jpg
2001.10.02 01:49 B C:\WINDOWS\Desktop\TBH\Recent\redriver\images\Bullets-Lead-balls-sm.jpg --> uts.cc.utexas.edu /export/httpd/vhosts/texasbeyondhistory/data/redriver/images Bullets-Lead-balls-sm.jpg
2001.10.02 01:49 B C:\WINDOWS\Desktop\TBH\Recent\redriver\images\bullets1-lg.jpg --> uts.cc.utexas.edu /export/httpd/vhosts/texasbeyondhistory/data/redriver/images bullets1-lg.jpg
2001.10.02 01:49 B C:\WINDOWS\Desktop\TBH\Recent\redriver\images\bullets1-sm.jpg --> uts.cc.utexas.edu /export/httpd/vhosts/texasbeyondhistory/data/redriver/images bullets1-sm.jpg
2001.10.02 01:49 B C:\WINDOWS\Desktop\TBH\Recent\redriver\images\bullets2-lg.jpg --> uts.cc.utexas.edu /export/httpd/vhosts/texasbeyondhistory/data/redriver/images bullets2-lg.jpg
2001.10.02 01:49 B C:\WINDOWS\Desktop\TBH\Recent\redriver\images\bullets2-sm.jpg --> uts.cc.utexas.edu /export/httpd/vhosts/texasbeyondhistory/data/redriver/images bullets2-sm.jpg
2001.10.02 01:50 B C:\WINDOWS\Desktop\TBH\Recent\redriver\images\Bullets5_24-caption-lg.jpg --> uts.cc.utexas.edu /export/httpd/vhosts/texasbeyondhistory/data/redriver/images Bullets5_24-caption-lg.jpg
2001.10.02 01:50 B C:\WINDOWS\Desktop\TBH\Recent\redriver\images\Bullets5_24-caption-sm.jpg --> uts.cc.utexas.edu /export/httpd/vhosts/texasbeyondhistory/data/redriver/images Bullets5_24-caption-sm.jpg
2001.10.02 01:50 B C:\WINDOWS\Desktop\TBH\Recent\redriver\images\Bullets5_24-lg.jpg --> uts.cc.utexas.edu /export/httpd/vhosts/texasbeyondhistory/data/redriver/images Bullets5_24-lg.jpg
2001.10.02 01:50 B C:\WINDOWS\Desktop\TBH\Recent\redriver\images\Bullets5_24-sm.jpg --> uts.cc.utexas.edu /export/httpd/vhosts/texasbeyondhistory/data/redriver/images Bullets5_24-sm.jpg
2001.10.02 01:50 B C:\WINDOWS\Desktop\TBH\Recent\redriver\images\Carbine-1873-lg.jpg --> uts.cc.utexas.edu /export/httpd/vhosts/texasbeyondhistory/data/redriver/images Carbine-1873-lg.jpg
2001.10.02 01:50 B C:\WINDOWS\Desktop\TBH\Recent\redriver\images\Carbine-1873-sm.jpg --> uts.cc.utexas.edu /export/httpd/vhosts/texasbeyondhistory/data/redriver/images Carbine-1873-sm.jpg
2001.10.02 01:50 B C:\WINDOWS\Desktop\TBH\Recent\redriver\images\Carbine-45-70-lg.jpg --> uts.cc.utexas.edu /export/httpd/vhosts/texasbeyondhistory/data/redriver/images Carbine-45-70-lg.jpg
2001.10.02 01:50 B C:\WINDOWS\Desktop\TBH\Recent\redriver\images\carbine-45-70-sm.jpg --> uts.cc.utexas.edu /export/httpd/vhosts/texasbeyondhistory/data/redriver/images carbine-45-70-sm.jpg
2001.10.02 01:50 B C:\WINDOWS\Desktop\TBH\Recent\redriver\images\Carbine-45-70.html --> uts.cc.utexas.edu /export/httpd/vhosts/texasbeyondhistory/data/redriver/images Carbine-45-70.html
2001.10.02 01:50 B C:\WINDOWS\Desktop\TBH\Recent\redriver\images\Carbine52Spencer-lg.jpg --> uts.cc.utexas.edu /export/httpd/vhosts/texasbeyondhistory/data/redriver/images Carbine52Spencer-lg.jpg
2001.10.02 01:50 B C:\WINDOWS\Desktop\TBH\Recent\redriver\images\Carbine52Spencer-sm.jpg --> uts.cc.utexas.edu /export/httpd/vhosts/texasbeyondhistory/data/redriver/images Carbine52Spencer-sm.jpg
2001.10.02 01:50 B C:\WINDOWS\Desktop\TBH\Recent\redriver\images\Carbine52Spencer.html --> uts.cc.utexas.edu /export/httpd/vhosts/texasbeyondhistory/data/redriver/images Carbine52Spencer.html
2001.10.02 01:50 B C:\WINDOWS\Desktop\TBH\Recent\redriver\images\CartridgeFigure-lg.jpg --> uts.cc.utexas.edu /export/httpd/vhosts/texasbeyondhistory/data/redriver/images CartridgeFigure-lg.jpg
2001.10.02 01:50 B C:\WINDOWS\Desktop\TBH\Recent\redriver\images\CartridgeFigure-sm.jpg --> uts.cc.utexas.edu /export/httpd/vhosts/texasbeyondhistory/data/redriver/images CartridgeFigure-sm.jpg
2001.10.02 01:50 B C:\WINDOWS\Desktop\TBH\Recent\redriver\images\CartridgeFigure.html --> uts.cc.utexas.edu /export/httpd/vhosts/texasbeyondhistory/data/redriver/images CartridgeFigure.html
2001.10.02 01:52 B C:\WINDOWS\Desktop\TBH\Recent\redriver\images\Cavalry-Charge-Remington-lg.jpg --> uts.cc.utexas.edu /export/httpd/vhosts/texasbeyondhistory/data/redriver/images Cavalry-Charge-Remington-lg.jpg
2001.10.02 01:52 B C:\WINDOWS\Desktop\TBH\Recent\redriver\images\Cavalry-Charge-Remington-sm.jpg --> uts.cc.utexas.edu /export/httpd/vhosts/texasbeyondhistory/data/redriver/images Cavalry-Charge-Remington-sm.jpg
2001.10.02 01:53 B C:\WINDOWS\Desktop\TBH\Recent\redriver\images\cavalry-charge-remington-sm2.jpg --> uts.cc.utexas.edu /export/httpd/vhosts/texasbeyondhistory/data/redriver/images cavalry-charge-remington-sm2.jpg
2001.10.02 01:53 B C:\WINDOWS\Desktop\TBH\Recent\redriver\images\Colt-Army-Revolver-lg.jpg --> uts.cc.utexas.edu /export/httpd/vhosts/texasbeyondhistory/data/redriver/images Colt-Army-Revolver-lg.jpg
2001.10.02 01:53 B C:\WINDOWS\Desktop\TBH\Recent\redriver\images\Colt-Army-Revolver-sm.jpg --> uts.cc.utexas.edu /export/httpd/vhosts/texasbeyondhistory/data/redriver/images Colt-Army-Revolver-sm.jpg
2001.10.02 01:53 B C:\WINDOWS\Desktop\TBH\Recent\redriver\images\curry-lg.jpg --> uts.cc.utexas.edu /export/httpd/vhosts/texasbeyondhistory/data/redriver/images curry-lg.jpg
2001.10.02 01:53 B C:\WINDOWS\Desktop\TBH\Recent\redriver\images\curry-sm.jpg --> uts.cc.utexas.edu /export/httpd/vhosts/texasbeyondhistory/data/redriver/images curry-sm.jpg
2001.10.02 01:53 B C:\WINDOWS\Desktop\TBH\Recent\redriver\images\curry.html --> uts.cc.utexas.edu /export/httpd/vhosts/texasbeyondhistory/data/redriver/images curry.html
2001.10.02 01:54 B C:\WINDOWS\Desktop\TBH\Recent\redriver\images\Field-lg.jpg --> uts.cc.utexas.edu /export/httpd/vhosts/texasbeyondhistory/data/redriver/images Field-lg.jpg
2001.10.02 01:54 B C:\WINDOWS\Desktop\TBH\Recent\redriver\images\Field-sm.jpg --> uts.cc.utexas.edu /export/httpd/vhosts/texasbeyondhistory/data/redriver/images Field-sm.jpg
2001.10.02 01:55 B C:\WINDOWS\Desktop\TBH\Recent\redriver\images\field-sm2.jpg --> uts.cc.utexas.edu /export/httpd/vhosts/texasbeyondhistory/data/redriver/images field-sm2.jpg
2001.10.02 01:55 B C:\WINDOWS\Desktop\TBH\Recent\redriver\images\Firing-PinsBW-lg.jpg --> uts.cc.utexas.edu /export/httpd/vhosts/texasbeyondhistory/data/redriver/images Firing-PinsBW-lg.jpg
2001.10.02 01:55 B C:\WINDOWS\Desktop\TBH\Recent\redriver\images\Firing-PinsBW-sm.jpg --> uts.cc.utexas.edu /export/httpd/vhosts/texasbeyondhistory/data/redriver/images Firing-PinsBW-sm.jpg
2001.10.02 01:55 B C:\WINDOWS\Desktop\TBH\Recent\redriver\images\Firing-PinsBW.html --> uts.cc.utexas.edu /export/httpd/vhosts/texasbeyondhistory/data/redriver/images Firing-PinsBW.html
2001.10.02 01:56 B C:\WINDOWS\Desktop\TBH\Recent\redriver\images\Fleshers-closeup-lg.jpg --> uts.cc.utexas.edu /export/httpd/vhosts/texasbeyondhistory/data/redriver/images Fleshers-closeup-lg.jpg
2001.10.02 01:56 B C:\WINDOWS\Desktop\TBH\Recent\redriver\images\fleshers-closeup-sm.jpg --> uts.cc.utexas.edu /export/httpd/vhosts/texasbeyondhistory/data/redriver/images fleshers-closeup-sm.jpg
2001.10.02 01:56 B C:\WINDOWS\Desktop\TBH\Recent\redriver\images\Fleshers-closeup.html --> uts.cc.utexas.edu /export/httpd/vhosts/texasbeyondhistory/data/redriver/images Fleshers-closeup.html
2001.10.02 01:56 B C:\WINDOWS\Desktop\TBH\Recent\redriver\images\Fleshers-closeup.html.LCK --> uts.cc.utexas.edu /export/httpd/vhosts/texasbeyondhistory/data/redriver/images Fleshers-closeup.html.LCK
2001.10.02 01:57 B C:\WINDOWS\Desktop\TBH\Recent\redriver\images\forts-lg.jpg --> uts.cc.utexas.edu /export/httpd/vhosts/texasbeyondhistory/data/redriver/images forts-lg.jpg
2001.10.02 01:57 B C:\WINDOWS\Desktop\TBH\Recent\redriver\images\forts-sm.jpg --> uts.cc.utexas.edu /export/httpd/vhosts/texasbeyondhistory/data/redriver/images forts-sm.jpg
2001.10.02 01:57 B C:\WINDOWS\Desktop\TBH\Recent\redriver\images\forts.html --> uts.cc.utexas.edu /export/httpd/vhosts/texasbeyondhistory/data/redriver/images forts.html
2001.10.02 01:58 B C:\WINDOWS\Desktop\TBH\Recent\redriver\images\group-lg.jpg --> uts.cc.utexas.edu /export/httpd/vhosts/texasbeyondhistory/data/redriver/images group-lg.jpg
2001.10.02 01:58 B C:\WINDOWS\Desktop\TBH\Recent\redriver\images\group-sm.jpg --> uts.cc.utexas.edu /export/httpd/vhosts/texasbeyondhistory/data/redriver/images group-sm.jpg
2001.10.02 01:58 B C:\WINDOWS\Desktop\TBH\Recent\redriver\images\group.html --> uts.cc.utexas.edu /export/httpd/vhosts/texasbeyondhistory/data/redriver/images group.html
2001.10.02 01:58 B C:\WINDOWS\Desktop\TBH\Recent\redriver\images\Henry-M1860-Rifle-lg.jpg --> uts.cc.utexas.edu /export/httpd/vhosts/texasbeyondhistory/data/redriver/images Henry-M1860-Rifle-lg.jpg
2001.10.02 01:58 B C:\WINDOWS\Desktop\TBH\Recent\redriver\images\Henry-M1860-Rifle-sm.jpg --> uts.cc.utexas.edu /export/httpd/vhosts/texasbeyondhistory/data/redriver/images Henry-M1860-Rifle-sm.jpg
2001.10.02 01:58 B C:\WINDOWS\Desktop\TBH\Recent\redriver\images\Henry-M1860-Rifle.html --> uts.cc.utexas.edu /export/httpd/vhosts/texasbeyondhistory/data/redriver/images Henry-M1860-Rifle.html
2001.10.02 01:58 B C:\WINDOWS\Desktop\TBH\Recent\redriver\images\Henry-M1860-Rifle.html.LCK --> uts.cc.utexas.edu /export/httpd/vhosts/texasbeyondhistory/data/redriver/images Henry-M1860-Rifle.html.LCK
2001.10.02 01:58 B C:\WINDOWS\Desktop\TBH\Recent\redriver\images\Horseshoes-lg.jpg --> uts.cc.utexas.edu /export/httpd/vhosts/texasbeyondhistory/data/redriver/images Horseshoes-lg.jpg
2001.10.02 01:59 B C:\WINDOWS\Desktop\TBH\Recent\redriver\images\Horseshoes-sm.jpg --> uts.cc.utexas.edu /export/httpd/vhosts/texasbeyondhistory/data/redriver/images Horseshoes-sm.jpg
2001.10.02 02:00 B C:\WINDOWS\Desktop\TBH\Recent\redriver\images\Indian-Monument-lg.jpg --> uts.cc.utexas.edu /export/httpd/vhosts/texasbeyondhistory/data/redriver/images Indian-Monument-lg.jpg
2001.10.02 02:00 B C:\WINDOWS\Desktop\TBH\Recent\redriver\images\Indian-Monument-sm.jpg --> uts.cc.utexas.edu /export/httpd/vhosts/texasbeyondhistory/data/redriver/images Indian-Monument-sm.jpg
2001.10.02 02:00 B C:\WINDOWS\Desktop\TBH\Recent\redriver\images\Indian-Monument.html --> uts.cc.utexas.edu /export/httpd/vhosts/texasbeyondhistory/data/redriver/images Indian-Monument.html
2001.10.02 02:01 B C:\WINDOWS\Desktop\TBH\Recent\redriver\images\Ledger-lg.jpg --> uts.cc.utexas.edu /export/httpd/vhosts/texasbeyondhistory/data/redriver/images Ledger-lg.jpg
2001.10.02 02:01 B C:\WINDOWS\Desktop\TBH\Recent\redriver\images\Ledger-sm.jpg --> uts.cc.utexas.edu /export/httpd/vhosts/texasbeyondhistory/data/redriver/images Ledger-sm.jpg
2001.10.02 02:02 B C:\WINDOWS\Desktop\TBH\Recent\redriver\images\ledger-sm2.jpg --> uts.cc.utexas.edu /export/httpd/vhosts/texasbeyondhistory/data/redriver/images ledger-sm2.jpg
2001.10.02 02:02 B C:\WINDOWS\Desktop\TBH\Recent\redriver\images\Ledger.html --> uts.cc.utexas.edu /export/httpd/vhosts/texasbeyondhistory/data/redriver/images Ledger.html
2001.10.02 02:02 B C:\WINDOWS\Desktop\TBH\Recent\redriver\images\lonewolf-lg.jpg --> uts.cc.utexas.edu /export/httpd/vhosts/texasbeyondhistory/data/redriver/images lonewolf-lg.jpg
2001.10.02 02:02 B C:\WINDOWS\Desktop\TBH\Recent\redriver\images\lonewolf-sm.jpg --> uts.cc.utexas.edu /export/httpd/vhosts/texasbeyondhistory/data/redriver/images lonewolf-sm.jpg
2001.10.02 02:02 B C:\WINDOWS\Desktop\TBH\Recent\redriver\images\lonewolf.html --> uts.cc.utexas.edu /export/httpd/vhosts/texasbeyondhistory/data/redriver/images lonewolf.html
2001.10.02 02:03 B C:\WINDOWS\Desktop\TBH\Recent\redriver\images\Lyman-Knives-lg.jpg --> uts.cc.utexas.edu /export/httpd/vhosts/texasbeyondhistory/data/redriver/images Lyman-Knives-lg.jpg
2001.10.02 02:03 B C:\WINDOWS\Desktop\TBH\Recent\redriver\images\Lyman-Knives-sm.jpg --> uts.cc.utexas.edu /export/httpd/vhosts/texasbeyondhistory/data/redriver/images Lyman-Knives-sm.jpg
2001.10.02 02:03 B C:\WINDOWS\Desktop\TBH\Recent\redriver\images\Lyman-Knives.html --> uts.cc.utexas.edu /export/httpd/vhosts/texasbeyondhistory/data/redriver/images Lyman-Knives.html
2001.10.02 02:03 B C:\WINDOWS\Desktop\TBH\Recent\redriver\images\Lyman-lg.jpg --> uts.cc.utexas.edu /export/httpd/vhosts/texasbeyondhistory/data/redriver/images Lyman-lg.jpg
2001.10.02 02:04 B C:\WINDOWS\Desktop\TBH\Recent\redriver\images\Lyman-Site-Map-lg.jpg --> uts.cc.utexas.edu /export/httpd/vhosts/texasbeyondhistory/data/redriver/images Lyman-Site-Map-lg.jpg
2001.10.02 02:04 B C:\WINDOWS\Desktop\TBH\Recent\redriver\images\Lyman-Site-Map-sm.jpg --> uts.cc.utexas.edu /export/httpd/vhosts/texasbeyondhistory/data/redriver/images Lyman-Site-Map-sm.jpg
2001.10.02 02:04 B C:\WINDOWS\Desktop\TBH\Recent\redriver\images\Lyman-Site-Map.html --> uts.cc.utexas.edu /export/httpd/vhosts/texasbeyondhistory/data/redriver/images Lyman-Site-Map.html
2001.10.02 02:04 B C:\WINDOWS\Desktop\TBH\Recent\redriver\images\Lyman-sm.jpg --> uts.cc.utexas.edu /export/httpd/vhosts/texasbeyondhistory/data/redriver/images Lyman-sm.jpg
2001.10.02 02:04 B C:\WINDOWS\Desktop\TBH\Recent\redriver\images\Lyman.html --> uts.cc.utexas.edu /export/httpd/vhosts/texasbeyondhistory/data/redriver/images Lyman.html
2001.10.02 02:05 B C:\WINDOWS\Desktop\TBH\Recent\redriver\images\mackenzie-lg.jpg --> uts.cc.utexas.edu /export/httpd/vhosts/texasbeyondhistory/data/redriver/images mackenzie-lg.jpg
2001.10.02 02:05 B C:\WINDOWS\Desktop\TBH\Recent\redriver\images\mackenzie-sm.jpg --> uts.cc.utexas.edu /export/httpd/vhosts/texasbeyondhistory/data/redriver/images mackenzie-sm.jpg
2001.10.02 02:05 B C:\WINDOWS\Desktop\TBH\Recent\redriver\images\mackenzie.html --> uts.cc.utexas.edu /export/httpd/vhosts/texasbeyondhistory/data/redriver/images mackenzie.html
2001.10.02 02:05 B C:\WINDOWS\Desktop\TBH\Recent\redriver\images\Miles-Hist-Map2-lg.jpg --> uts.cc.utexas.edu /export/httpd/vhosts/texasbeyondhistory/data/redriver/images Miles-Hist-Map2-lg.jpg
2001.10.02 02:05 B C:\WINDOWS\Desktop\TBH\Recent\redriver\images\Miles-Hist-Map2-sm.jpg --> uts.cc.utexas.edu /export/httpd/vhosts/texasbeyondhistory/data/redriver/images Miles-Hist-Map2-sm.jpg
2001.10.02 02:06 B C:\WINDOWS\Desktop\TBH\Recent\redriver\images\Miles-Hist-Map2.html --> uts.cc.utexas.edu /export/httpd/vhosts/texasbeyondhistory/data/redriver/images Miles-Hist-Map2.html
2001.10.02 02:06 B C:\WINDOWS\Desktop\TBH\Recent\redriver\images\miles-lg.jpg --> uts.cc.utexas.edu /export/httpd/vhosts/texasbeyondhistory/data/redriver/images miles-lg.jpg
2001.10.02 02:07 B C:\WINDOWS\Desktop\TBH\Recent\redriver\images\Miles-relief-map-lg.jpg --> uts.cc.utexas.edu /export/httpd/vhosts/texasbeyondhistory/data/redriver/images Miles-relief-map-lg.jpg
2001.10.02 02:07 B C:\WINDOWS\Desktop\TBH\Recent\redriver\images\Miles-relief-map-sm.jpg --> uts.cc.utexas.edu /export/httpd/vhosts/texasbeyondhistory/data/redriver/images Miles-relief-map-sm.jpg
2001.10.02 02:07 B C:\WINDOWS\Desktop\TBH\Recent\redriver\images\miles-sm.jpg --> uts.cc.utexas.edu /export/httpd/vhosts/texasbeyondhistory/data/redriver/images miles-sm.jpg
2001.10.02 02:07 B C:\WINDOWS\Desktop\TBH\Recent\redriver\images\miles.html --> uts.cc.utexas.edu /export/httpd/vhosts/texasbeyondhistory/data/redriver/images miles.html
2001.10.02 02:08 B C:\WINDOWS\Desktop\TBH\Recent\redriver\images\Military-Button-lg.jpg --> uts.cc.utexas.edu /export/httpd/vhosts/texasbeyondhistory/data/redriver/images Military-Button-lg.jpg
2001.10.02 02:08 B C:\WINDOWS\Desktop\TBH\Recent\redriver\images\Military-Button-sm.jpg --> uts.cc.utexas.edu /export/httpd/vhosts/texasbeyondhistory/data/redriver/images Military-Button-sm.jpg
2001.10.02 02:08 B C:\WINDOWS\Desktop\TBH\Recent\redriver\images\Military-Button.html --> uts.cc.utexas.edu /export/httpd/vhosts/texasbeyondhistory/data/redriver/images Military-Button.html
2001.10.02 02:08 B C:\WINDOWS\Desktop\TBH\Recent\redriver\images\Mountain-Howitzer-lg.jpg --> uts.cc.utexas.edu /export/httpd/vhosts/texasbeyondhistory/data/redriver/images Mountain-Howitzer-lg.jpg
2001.10.02 02:08 B C:\WINDOWS\Desktop\TBH\Recent\redriver\images\Mountain-Howitzer-sm.jpg --> uts.cc.utexas.edu /export/httpd/vhosts/texasbeyondhistory/data/redriver/images Mountain-Howitzer-sm.jpg
2001.10.02 02:08 B C:\WINDOWS\Desktop\TBH\Recent\redriver\images\Mountain-Howitzer.html --> uts.cc.utexas.edu /export/httpd/vhosts/texasbeyondhistory/data/redriver/images Mountain-Howitzer.html
2001.10.02 02:08 B C:\WINDOWS\Desktop\TBH\Recent\redriver\images\MoWay.html --> uts.cc.utexas.edu /export/httpd/vhosts/texasbeyondhistory/data/redriver/images MoWay.html
2001.10.02 02:08 B C:\WINDOWS\Desktop\TBH\Recent\redriver\images\MoWay.html.LCK --> uts.cc.utexas.edu /export/httpd/vhosts/texasbeyondhistory/data/redriver/images MoWay.html.LCK
2001.10.02 02:08 B C:\WINDOWS\Desktop\TBH\Recent\redriver\images\MowWay-lg.jpg --> uts.cc.utexas.edu /export/httpd/vhosts/texasbeyondhistory/data/redriver/images MowWay-lg.jpg
2001.10.02 02:09 B C:\WINDOWS\Desktop\TBH\Recent\redriver\images\MowWay-sm.jpg --> uts.cc.utexas.edu /export/httpd/vhosts/texasbeyondhistory/data/redriver/images MowWay-sm.jpg
2001.10.02 02:09 B C:\WINDOWS\Desktop\TBH\Recent\redriver\images\PaloCROP.jpg --> uts.cc.utexas.edu /export/httpd/vhosts/texasbeyondhistory/data/redriver/images PaloCROP.jpg
2001.10.02 02:10 B C:\WINDOWS\Desktop\TBH\Recent\redriver\images\PaloduroCanyon-lg.jpg --> uts.cc.utexas.edu /export/httpd/vhosts/texasbeyondhistory/data/redriver/images PaloduroCanyon-lg.jpg
2001.10.02 02:10 B C:\WINDOWS\Desktop\TBH\Recent\redriver\images\PaloduroCanyon-sm.jpg --> uts.cc.utexas.edu /export/httpd/vhosts/texasbeyondhistory/data/redriver/images PaloduroCanyon-sm.jpg
2001.10.02 02:10 B C:\WINDOWS\Desktop\TBH\Recent\redriver\images\PaloduroCanyon.html --> uts.cc.utexas.edu /export/httpd/vhosts/texasbeyondhistory/data/redriver/images PaloduroCanyon.html
2001.10.02 02:10 B C:\WINDOWS\Desktop\TBH\Recent\redriver\images\Parrott-Shell-lg.jpg --> uts.cc.utexas.edu /export/httpd/vhosts/texasbeyondhistory/data/redriver/images Parrott-Shell-lg.jpg
2001.10.02 02:10 B C:\WINDOWS\Desktop\TBH\Recent\redriver\images\Parrott-Shell-sm.jpg --> uts.cc.utexas.edu /export/httpd/vhosts/texasbeyondhistory/data/redriver/images Parrott-Shell-sm.jpg
2001.10.02 02:10 B C:\WINDOWS\Desktop\TBH\Recent\redriver\images\Parrott-Shell.html --> uts.cc.utexas.edu /export/httpd/vhosts/texasbeyondhistory/data/redriver/images Parrott-Shell.html
2001.10.02 02:11 B C:\WINDOWS\Desktop\TBH\Recent\redriver\images\Phase1BattlesRev-lg.jpg --> uts.cc.utexas.edu /export/httpd/vhosts/texasbeyondhistory/data/redriver/images Phase1BattlesRev-lg.jpg
2001.10.02 02:11 B C:\WINDOWS\Desktop\TBH\Recent\redriver\images\Phase1BattlesRev-sm.jpg --> uts.cc.utexas.edu /export/httpd/vhosts/texasbeyondhistory/data/redriver/images Phase1BattlesRev-sm.jpg
2001.10.02 02:11 B C:\WINDOWS\Desktop\TBH\Recent\redriver\images\Phase1BattlesRev.html --> uts.cc.utexas.edu /export/httpd/vhosts/texasbeyondhistory/data/redriver/images Phase1BattlesRev.html
2001.10.02 02:12 B C:\WINDOWS\Desktop\TBH\Recent\redriver\images\PonyTracks-lg.jpg --> uts.cc.utexas.edu /export/httpd/vhosts/texasbeyondhistory/data/redriver/images PonyTracks-lg.jpg
2001.10.02 02:12 B C:\WINDOWS\Desktop\TBH\Recent\redriver\images\PonyTracks-sm.jpg --> uts.cc.utexas.edu /export/httpd/vhosts/texasbeyondhistory/data/redriver/images PonyTracks-sm.jpg
2001.10.02 02:12 B C:\WINDOWS\Desktop\TBH\Recent\redriver\images\PonyTracks.html --> uts.cc.utexas.edu /export/httpd/vhosts/texasbeyondhistory/data/redriver/images PonyTracks.html
2001.10.02 02:12 B C:\WINDOWS\Desktop\TBH\Recent\redriver\images\PonyTracksCROP.jpg --> uts.cc.utexas.edu /export/httpd/vhosts/texasbeyondhistory/data/redriver/images PonyTracksCROP.jpg
2001.10.02 02:13 B C:\WINDOWS\Desktop\TBH\Recent\redriver\images\Price-lg.jpg --> uts.cc.utexas.edu /export/httpd/vhosts/texasbeyondhistory/data/redriver/images Price-lg.jpg
2001.10.02 02:13 B C:\WINDOWS\Desktop\TBH\Recent\redriver\images\Price-sm.jpg --> uts.cc.utexas.edu /export/httpd/vhosts/texasbeyondhistory/data/redriver/images Price-sm.jpg
2001.10.02 02:13 B C:\WINDOWS\Desktop\TBH\Recent\redriver\images\Price.html --> uts.cc.utexas.edu /export/httpd/vhosts/texasbeyondhistory/data/redriver/images Price.html
2001.10.02 02:13 B C:\WINDOWS\Desktop\TBH\Recent\redriver\images\QuanahParker-lg.jpg --> uts.cc.utexas.edu /export/httpd/vhosts/texasbeyondhistory/data/redriver/images QuanahParker-lg.jpg
2001.10.02 02:13 B C:\WINDOWS\Desktop\TBH\Recent\redriver\images\QuanahParker-sm.jpg --> uts.cc.utexas.edu /export/httpd/vhosts/texasbeyondhistory/data/redriver/images QuanahParker-sm.jpg
2001.10.02 02:13 B C:\WINDOWS\Desktop\TBH\Recent\redriver\images\QuanahParker.html --> uts.cc.utexas.edu /export/httpd/vhosts/texasbeyondhistory/data/redriver/images QuanahParker.html
2001.10.02 02:13 B C:\WINDOWS\Desktop\TBH\Recent\redriver\images\RRW-Advance.html --> uts.cc.utexas.edu /export/httpd/vhosts/texasbeyondhistory/data/redriver/images RRW-Advance.html
2001.10.02 02:14 B C:\WINDOWS\Desktop\TBH\Recent\redriver\images\RRW-Advance.lg.jpg --> uts.cc.utexas.edu /export/httpd/vhosts/texasbeyondhistory/data/redriver/images RRW-Advance.lg.jpg
2001.10.02 02:14 B C:\WINDOWS\Desktop\TBH\Recent\redriver\images\RRW-Advance.sm.jpg --> uts.cc.utexas.edu /export/httpd/vhosts/texasbeyondhistory/data/redriver/images RRW-Advance.sm.jpg
2001.10.02 02:14 B C:\WINDOWS\Desktop\TBH\Recent\redriver\images\Shell-Impac2.html --> uts.cc.utexas.edu /export/httpd/vhosts/texasbeyondhistory/data/redriver/images Shell-Impac2.html
2001.10.02 02:14 B C:\WINDOWS\Desktop\TBH\Recent\redriver\images\Shell-Impac2.lg.jpg --> uts.cc.utexas.edu /export/httpd/vhosts/texasbeyondhistory/data/redriver/images Shell-Impac2.lg.jpg
2001.10.02 02:14 B C:\WINDOWS\Desktop\TBH\Recent\redriver\images\Shell-Impac2.sm.jpg --> uts.cc.utexas.edu /export/httpd/vhosts/texasbeyondhistory/data/redriver/images Shell-Impac2.sm.jpg
2001.10.02 02:16 B C:\WINDOWS\Desktop\TBH\Recent\redriver\images\Shells-lg.jpg --> uts.cc.utexas.edu /export/httpd/vhosts/texasbeyondhistory/data/redriver/images Shells-lg.jpg
2001.10.02 02:16 B C:\WINDOWS\Desktop\TBH\Recent\redriver\images\Shells-sm.jpg --> uts.cc.utexas.edu /export/httpd/vhosts/texasbeyondhistory/data/redriver/images Shells-sm.jpg
2001.10.02 02:16 B C:\WINDOWS\Desktop\TBH\Recent\redriver\images\Shrapnel-lg.jpg --> uts.cc.utexas.edu /export/httpd/vhosts/texasbeyondhistory/data/redriver/images Shrapnel-lg.jpg
2001.10.02 02:16 B C:\WINDOWS\Desktop\TBH\Recent\redriver\images\Shrapnel-sm.jpg --> uts.cc.utexas.edu /export/httpd/vhosts/texasbeyondhistory/data/redriver/images Shrapnel-sm.jpg
2001.10.02 02:16 B C:\WINDOWS\Desktop\TBH\Recent\redriver\images\Shrapnel.html --> uts.cc.utexas.edu /export/httpd/vhosts/texasbeyondhistory/data/redriver/images Shrapnel.html
2001.10.02 02:18 B C:\WINDOWS\Desktop\TBH\Recent\redriver\images\Spencer-Cluster-lg.jpg --> uts.cc.utexas.edu /export/httpd/vhosts/texasbeyondhistory/data/redriver/images Spencer-Cluster-lg.jpg
2001.10.02 02:18 B C:\WINDOWS\Desktop\TBH\Recent\redriver\images\Spencer-Cluster-sm.jpg --> uts.cc.utexas.edu /export/httpd/vhosts/texasbeyondhistory/data/redriver/images Spencer-Cluster-sm.jpg
2001.10.02 02:18 B C:\WINDOWS\Desktop\TBH\Recent\redriver\images\Spencer-Cluster.html --> uts.cc.utexas.edu /export/httpd/vhosts/texasbeyondhistory/data/redriver/images Spencer-Cluster.html
2001.10.02 02:18 B C:\WINDOWS\Desktop\TBH\Recent\redriver\images\Spur-lg.jpg --> uts.cc.utexas.edu /export/httpd/vhosts/texasbeyondhistory/data/redriver/images Spur-lg.jpg
2001.10.02 02:18 B C:\WINDOWS\Desktop\TBH\Recent\redriver\images\Spur-sm.jpg --> uts.cc.utexas.edu /export/httpd/vhosts/texasbeyondhistory/data/redriver/images Spur-sm.jpg
2001.10.02 02:18 B C:\WINDOWS\Desktop\TBH\Recent\redriver\images\SweetwaterMap-lg.jpg --> uts.cc.utexas.edu /export/httpd/vhosts/texasbeyondhistory/data/redriver/images SweetwaterMap-lg.jpg
2001.10.02 02:19 B C:\WINDOWS\Desktop\TBH\Recent\redriver\images\SweetwaterMap-sm.jpg --> uts.cc.utexas.edu /export/httpd/vhosts/texasbeyondhistory/data/redriver/images SweetwaterMap-sm.jpg
2001.10.02 02:19 B C:\WINDOWS\Desktop\TBH\Recent\redriver\images\SweetwaterMap.html --> uts.cc.utexas.edu /export/httpd/vhosts/texasbeyondhistory/data/redriver/images SweetwaterMap.html
2001.10.02 02:19 B C:\WINDOWS\Desktop\TBH\Recent\redriver\images\Tribes2.html --> uts.cc.utexas.edu /export/httpd/vhosts/texasbeyondhistory/data/redriver/images Tribes2.html
2001.10.02 02:19 B C:\WINDOWS\Desktop\TBH\Recent\redriver\images\Tribes2.lg.jpg --> uts.cc.utexas.edu /export/httpd/vhosts/texasbeyondhistory/data/redriver/images Tribes2.lg.jpg
2001.10.02 02:19 B C:\WINDOWS\Desktop\TBH\Recent\redriver\images\Tribes2.sm.jpg --> uts.cc.utexas.edu /export/httpd/vhosts/texasbeyondhistory/data/redriver/images Tribes2.sm.jpg
2001.10.02 02:19 B C:\WINDOWS\Desktop\TBH\Recent\redriver\images\Winchester-M1866-lg.jpg --> uts.cc.utexas.edu /export/httpd/vhosts/texasbeyondhistory/data/redriver/images Winchester-M1866-lg.jpg
2001.10.02 02:19 B C:\WINDOWS\Desktop\TBH\Recent\redriver\images\Winchester-M1866-sm.jpg --> uts.cc.utexas.edu /export/httpd/vhosts/texasbeyondhistory/data/redriver/images Winchester-M1866-sm.jpg
2001.10.02 02:19 B C:\WINDOWS\Desktop\TBH\Recent\redriver\images\Winchester-M1866.html --> uts.cc.utexas.edu /export/httpd/vhosts/texasbeyondhistory/data/redriver/images Winchester-M1866.html
2001.10.11 15:12 B M:\Website Stuff\TBH Website Temp\redriver\images\WS_FTP.LOG <-- texasbeyondhistory /export/httpd/vhosts/texasbeyondhistory/data/redriver/images WS_FTP.LOG
2001.12.18 16:06 B G:\Website Stuff\TBH Website Temp\redriver\images\10pdparrott138rs-lg.jpg --> uts.cc.utexas.edu /export/httpd/vhosts/texasbeyondhistory/data/redriver 10pdparrott138rs-lg.jpg
2001.12.18 16:08 B G:\Website Stuff\TBH Website Temp\redriver\images\RRW-Advance.html --> uts.cc.utexas.edu /export/httpd/vhosts/texasbeyondhistory/data/redriver/images RRW-Advance.html
2001.12.18 16:09 B G:\Website Stuff\TBH Website Temp\redriver\images\Spencer-Cluster.html --> uts.cc.utexas.edu /export/httpd/vhosts/texasbeyondhistory/data/redriver/images Spencer-Cluster.html
2002.02.22 10:59 B G:\Website Stuff\TBH Website Temp\redriver\images\miles.html --> uts.cc.utexas.edu /export/httpd/vhosts/texasbeyondhistory/data/redriver/images miles.html
