2001.08.31 19:55 B D:\TBH Temp\guytown\images\Bozeth house.html <-- Texas Beyond History /Website Stuff/TBH Website Temp/guytown/images Bozeth house.html
2001.08.31 19:55 B D:\TBH Temp\guytown\images\Bozeth house.jpg.-lg.jpg <-- Texas Beyond History /Website Stuff/TBH Website Temp/guytown/images Bozeth house.jpg.-lg.jpg
2001.08.31 19:55 B D:\TBH Temp\guytown\images\Bozeth house.sm.jpg <-- Texas Beyond History /Website Stuff/TBH Website Temp/guytown/images Bozeth house.sm.jpg
2001.08.31 19:55 B D:\TBH Temp\guytown\images\dogtag.html <-- Texas Beyond History /Website Stuff/TBH Website Temp/guytown/images dogtag.html
2001.08.31 19:55 B D:\TBH Temp\guytown\images\dogtag.lg.jpg <-- Texas Beyond History /Website Stuff/TBH Website Temp/guytown/images dogtag.lg.jpg
2001.08.31 19:55 B D:\TBH Temp\guytown\images\dogtag.sm.jpg <-- Texas Beyond History /Website Stuff/TBH Website Temp/guytown/images dogtag.sm.jpg
2001.08.31 19:55 B D:\TBH Temp\guytown\images\ladies-better.-lg.jpg <-- Texas Beyond History /Website Stuff/TBH Website Temp/guytown/images ladies-better.-lg.jpg
2001.08.31 19:55 B D:\TBH Temp\guytown\images\ladies-better.-sm.jpg <-- Texas Beyond History /Website Stuff/TBH Website Temp/guytown/images ladies-better.-sm.jpg
2001.08.31 19:55 B D:\TBH Temp\guytown\images\ladies-better.-sm2.jpg <-- Texas Beyond History /Website Stuff/TBH Website Temp/guytown/images ladies-better.-sm2.jpg
2001.08.31 19:55 B D:\TBH Temp\guytown\images\ladies-better.html <-- Texas Beyond History /Website Stuff/TBH Website Temp/guytown/images ladies-better.html
2001.08.31 19:55 B D:\TBH Temp\guytown\images\Morgan Kitchen.html <-- Texas Beyond History /Website Stuff/TBH Website Temp/guytown/images Morgan Kitchen.html
2001.08.31 19:55 B D:\TBH Temp\guytown\images\Morgan Kitchen.lg.jpg <-- Texas Beyond History /Website Stuff/TBH Website Temp/guytown/images Morgan Kitchen.lg.jpg
2001.08.31 19:55 B D:\TBH Temp\guytown\images\Morgan Kitchen.sm.jpg <-- Texas Beyond History /Website Stuff/TBH Website Temp/guytown/images Morgan Kitchen.sm.jpg
2001.08.31 19:55 B D:\TBH Temp\guytown\images\privies.html <-- Texas Beyond History /Website Stuff/TBH Website Temp/guytown/images privies.html
2001.08.31 19:55 B D:\TBH Temp\guytown\images\privies.lg.jpg <-- Texas Beyond History /Website Stuff/TBH Website Temp/guytown/images privies.lg.jpg
2001.08.31 19:55 B D:\TBH Temp\guytown\images\privies.sm.jpg <-- Texas Beyond History /Website Stuff/TBH Website Temp/guytown/images privies.sm.jpg
2001.09.01 22:03 B D:\TBH Temp\guytown\images\Bozeth house.html --> uts.cc.utexas.edu /usr/pub/www/research/tarl/abouttarl/tbh/guytown/images Bozeth house.html
2001.09.01 22:03 B D:\TBH Temp\guytown\images\Bozeth house.jpg.-lg.jpg --> uts.cc.utexas.edu /usr/pub/www/research/tarl/abouttarl/tbh/guytown/images Bozeth house.jpg.-lg.jpg
2001.09.01 22:03 B D:\TBH Temp\guytown\images\Bozeth house.sm.jpg --> uts.cc.utexas.edu /usr/pub/www/research/tarl/abouttarl/tbh/guytown/images Bozeth house.sm.jpg
2001.09.01 22:03 B D:\TBH Temp\guytown\images\dogtag.html --> uts.cc.utexas.edu /usr/pub/www/research/tarl/abouttarl/tbh/guytown/images dogtag.html
2001.09.01 22:03 B D:\TBH Temp\guytown\images\dogtag.lg.jpg --> uts.cc.utexas.edu /usr/pub/www/research/tarl/abouttarl/tbh/guytown/images dogtag.lg.jpg
2001.09.01 22:03 B D:\TBH Temp\guytown\images\dogtag.sm.jpg --> uts.cc.utexas.edu /usr/pub/www/research/tarl/abouttarl/tbh/guytown/images dogtag.sm.jpg
2001.09.01 22:03 B D:\TBH Temp\guytown\images\ladies-better.-lg.jpg --> uts.cc.utexas.edu /usr/pub/www/research/tarl/abouttarl/tbh/guytown/images ladies-better.-lg.jpg
2001.09.01 22:03 B D:\TBH Temp\guytown\images\ladies-better.-sm.jpg --> uts.cc.utexas.edu /usr/pub/www/research/tarl/abouttarl/tbh/guytown/images ladies-better.-sm.jpg
2001.09.01 22:03 B D:\TBH Temp\guytown\images\ladies-better.-sm2.jpg --> uts.cc.utexas.edu /usr/pub/www/research/tarl/abouttarl/tbh/guytown/images ladies-better.-sm2.jpg
2001.09.01 22:03 B D:\TBH Temp\guytown\images\ladies-better.html --> uts.cc.utexas.edu /usr/pub/www/research/tarl/abouttarl/tbh/guytown/images ladies-better.html
2001.09.01 22:03 B D:\TBH Temp\guytown\images\Morgan Kitchen.html --> uts.cc.utexas.edu /usr/pub/www/research/tarl/abouttarl/tbh/guytown/images Morgan Kitchen.html
2001.09.01 22:03 B D:\TBH Temp\guytown\images\Morgan Kitchen.lg.jpg --> uts.cc.utexas.edu /usr/pub/www/research/tarl/abouttarl/tbh/guytown/images Morgan Kitchen.lg.jpg
2001.09.01 22:03 B D:\TBH Temp\guytown\images\Morgan Kitchen.sm.jpg --> uts.cc.utexas.edu /usr/pub/www/research/tarl/abouttarl/tbh/guytown/images Morgan Kitchen.sm.jpg
2001.09.01 22:03 B D:\TBH Temp\guytown\images\privies.html --> uts.cc.utexas.edu /usr/pub/www/research/tarl/abouttarl/tbh/guytown/images privies.html
2001.09.01 22:04 B D:\TBH Temp\guytown\images\privies.lg.jpg --> uts.cc.utexas.edu /usr/pub/www/research/tarl/abouttarl/tbh/guytown/images privies.lg.jpg
2001.09.01 22:04 B D:\TBH Temp\guytown\images\privies.sm.jpg --> uts.cc.utexas.edu /usr/pub/www/research/tarl/abouttarl/tbh/guytown/images privies.sm.jpg
2001.09.04 15:24 B M:\Website Stuff\guytown\images\WS_FTP.LOG <-- TARLweb /usr/pub/www/research/tarl/abouttarl/tbh/guytown/images WS_FTP.LOG
2001.09.04 16:31 B C:\WINDOWS\Desktop\TBH\TBH on TEXsite\guytown\images\WS_FTP.LOG <-- TARL /Website Stuff/guytown/images WS_FTP.LOG
2001.10.01 23:33 B C:\WINDOWS\Desktop\TBH\Recent\guytown\images\Bozeth house.html --> uts.cc.utexas.edu /export/httpd/vhosts/texasbeyondhistory/data/guytown/images Bozeth house.html
2001.10.01 23:33 B C:\WINDOWS\Desktop\TBH\Recent\guytown\images\Bozeth house.jpg.-lg.jpg --> uts.cc.utexas.edu /export/httpd/vhosts/texasbeyondhistory/data/guytown/images Bozeth house.jpg.-lg.jpg
2001.10.01 23:33 B C:\WINDOWS\Desktop\TBH\Recent\guytown\images\Bozeth house.sm.jpg --> uts.cc.utexas.edu /export/httpd/vhosts/texasbeyondhistory/data/guytown/images Bozeth house.sm.jpg
2001.10.01 23:33 B C:\WINDOWS\Desktop\TBH\Recent\guytown\images\dogtag.html --> uts.cc.utexas.edu /export/httpd/vhosts/texasbeyondhistory/data/guytown/images dogtag.html
2001.10.01 23:34 B C:\WINDOWS\Desktop\TBH\Recent\guytown\images\dogtag.lg.jpg --> uts.cc.utexas.edu /export/httpd/vhosts/texasbeyondhistory/data/guytown/images dogtag.lg.jpg
2001.10.01 23:34 B C:\WINDOWS\Desktop\TBH\Recent\guytown\images\dogtag.sm.jpg --> uts.cc.utexas.edu /export/httpd/vhosts/texasbeyondhistory/data/guytown/images dogtag.sm.jpg
2001.10.01 23:34 B C:\WINDOWS\Desktop\TBH\Recent\guytown\images\ladies-better.-lg.jpg --> uts.cc.utexas.edu /export/httpd/vhosts/texasbeyondhistory/data/guytown/images ladies-better.-lg.jpg
2001.10.01 23:34 B C:\WINDOWS\Desktop\TBH\Recent\guytown\images\ladies-better.-sm.jpg --> uts.cc.utexas.edu /export/httpd/vhosts/texasbeyondhistory/data/guytown/images ladies-better.-sm.jpg
2001.10.01 23:34 B C:\WINDOWS\Desktop\TBH\Recent\guytown\images\ladies-better.-sm2.jpg --> uts.cc.utexas.edu /export/httpd/vhosts/texasbeyondhistory/data/guytown/images ladies-better.-sm2.jpg
2001.10.01 23:34 B C:\WINDOWS\Desktop\TBH\Recent\guytown\images\ladies-better.html --> uts.cc.utexas.edu /export/httpd/vhosts/texasbeyondhistory/data/guytown/images ladies-better.html
2001.10.01 23:34 B C:\WINDOWS\Desktop\TBH\Recent\guytown\images\Morgan Kitchen.html --> uts.cc.utexas.edu /export/httpd/vhosts/texasbeyondhistory/data/guytown/images Morgan Kitchen.html
2001.10.01 23:35 B C:\WINDOWS\Desktop\TBH\Recent\guytown\images\Morgan Kitchen.lg.jpg --> uts.cc.utexas.edu /export/httpd/vhosts/texasbeyondhistory/data/guytown/images Morgan Kitchen.lg.jpg
2001.10.01 23:35 B C:\WINDOWS\Desktop\TBH\Recent\guytown\images\Morgan Kitchen.sm.jpg --> uts.cc.utexas.edu /export/httpd/vhosts/texasbeyondhistory/data/guytown/images Morgan Kitchen.sm.jpg
2001.10.01 23:35 B C:\WINDOWS\Desktop\TBH\Recent\guytown\images\privies.html --> uts.cc.utexas.edu /export/httpd/vhosts/texasbeyondhistory/data/guytown/images privies.html
2001.10.01 23:35 B C:\WINDOWS\Desktop\TBH\Recent\guytown\images\privies.lg.jpg --> uts.cc.utexas.edu /export/httpd/vhosts/texasbeyondhistory/data/guytown/images privies.lg.jpg
2001.10.01 23:35 B C:\WINDOWS\Desktop\TBH\Recent\guytown\images\privies.sm.jpg --> uts.cc.utexas.edu /export/httpd/vhosts/texasbeyondhistory/data/guytown/images privies.sm.jpg
2001.10.11 14:55 B M:\Website Stuff\TBH Website Temp\guytown\images\WS_FTP.LOG <-- texasbeyondhistory /export/httpd/vhosts/texasbeyondhistory/data/guytown/images WS_FTP.LOG
2005.04.04 13:10 B L:\TBH Website Temp\guytown\images\interestingstuff.html --> uts.cc.utexas.edu /export/httpd/vhosts/texasbeyondhistory/data/guytown/images interestingstuff.html
