2006.05.25 17:52 B L:\TBH Website Temp\hinojosa\credits.html --> uts.cc.utexas.edu /export/httpd/vhosts/texasbeyondhistory/data/protect/hinojosa credits.html
2006.05.25 17:52 B L:\TBH Website Temp\hinojosa\evidence.html --> uts.cc.utexas.edu /export/httpd/vhosts/texasbeyondhistory/data/protect/hinojosa evidence.html
2006.05.25 17:52 B L:\TBH Website Temp\hinojosa\index-old.html --> uts.cc.utexas.edu /export/httpd/vhosts/texasbeyondhistory/data/protect/hinojosa index-old.html
2006.05.25 17:52 B L:\TBH Website Temp\hinojosa\index.html --> uts.cc.utexas.edu /export/httpd/vhosts/texasbeyondhistory/data/protect/hinojosa index.html
2006.05.25 17:52 B L:\TBH Website Temp\hinojosa\investigations.html --> uts.cc.utexas.edu /export/httpd/vhosts/texasbeyondhistory/data/protect/hinojosa investigations.html
2006.05.25 17:52 B L:\TBH Website Temp\hinojosa\revisited.html --> uts.cc.utexas.edu /export/httpd/vhosts/texasbeyondhistory/data/protect/hinojosa revisited.html
2006.08.10 12:55 B L:\TBH Website Temp\hinojosa\evidence.html --> uts.cc.utexas.edu /export/httpd/vhosts/texasbeyondhistory/data/protect/hinojosa evidence.html
2006.08.10 12:55 B L:\TBH Website Temp\hinojosa\investigations.html --> uts.cc.utexas.edu /export/httpd/vhosts/texasbeyondhistory/data/protect/hinojosa investigations.html
2006.08.10 12:55 B L:\TBH Website Temp\hinojosa\index.html --> uts.cc.utexas.edu /export/httpd/vhosts/texasbeyondhistory/data/protect/hinojosa index.html
2006.08.10 12:55 B L:\TBH Website Temp\hinojosa\credits.html --> uts.cc.utexas.edu /export/httpd/vhosts/texasbeyondhistory/data/protect/hinojosa credits.html
2006.08.10 12:55 B L:\TBH Website Temp\hinojosa\revisited.html --> uts.cc.utexas.edu /export/httpd/vhosts/texasbeyondhistory/data/protect/hinojosa revisited.html
2006.08.10 12:55 B L:\TBH Website Temp\hinojosa\WS_FTP.LOG --> uts.cc.utexas.edu /export/httpd/vhosts/texasbeyondhistory/data/protect/hinojosa WS_FTP.LOG
2006.08.10 16:11 B L:\TBH Website Temp\hinojosa\credits.html --> uts.cc.utexas.edu /export/httpd/vhosts/texasbeyondhistory/data/protect/hinojosa credits.html
2006.08.10 16:18 B L:\TBH Website Temp\hinojosa\credits.html --> uts.cc.utexas.edu /export/httpd/vhosts/texasbeyondhistory/data/protect/hinojosa credits.html
2006.08.20 17:16 B L:\TBH Website Temp\hinojosa\credits.html --> uts.cc.utexas.edu /export/httpd/vhosts/texasbeyondhistory/data/protect/hinojosa credits.html
2006.08.20 17:16 B L:\TBH Website Temp\hinojosa\index.html --> uts.cc.utexas.edu /export/httpd/vhosts/texasbeyondhistory/data/protect/hinojosa index.html
2006.08.20 17:16 B L:\TBH Website Temp\hinojosa\revisited.html --> uts.cc.utexas.edu /export/httpd/vhosts/texasbeyondhistory/data/protect/hinojosa revisited.html
2006.08.20 17:16 B L:\TBH Website Temp\hinojosa\WS_FTP.LOG --> uts.cc.utexas.edu /export/httpd/vhosts/texasbeyondhistory/data/protect/hinojosa WS_FTP.LOG
2006.09.18 14:32 B L:\TBH Website Temp\hinojosa\credits.html --> uts.cc.utexas.edu /export/httpd/vhosts/texasbeyondhistory/data/hinojosa credits.html
2006.09.18 14:32 B L:\TBH Website Temp\hinojosa\evidence.html --> uts.cc.utexas.edu /export/httpd/vhosts/texasbeyondhistory/data/hinojosa evidence.html
2006.09.18 14:32 B L:\TBH Website Temp\hinojosa\index.html --> uts.cc.utexas.edu /export/httpd/vhosts/texasbeyondhistory/data/hinojosa index.html
2006.09.18 14:32 B L:\TBH Website Temp\hinojosa\investigations.html --> uts.cc.utexas.edu /export/httpd/vhosts/texasbeyondhistory/data/hinojosa investigations.html
2006.09.18 14:32 B L:\TBH Website Temp\hinojosa\revisited.html --> uts.cc.utexas.edu /export/httpd/vhosts/texasbeyondhistory/data/hinojosa revisited.html
