2001.08.11 16:50 B D:\TBH Temp\alibates\images\alibates-arrowpoints-lg.jpg <-- Texas Beyond History /Website Stuff/TBH Website Temp/alibates/images alibates-arrowpoints-lg.jpg
2001.08.11 16:50 B D:\TBH Temp\alibates\images\alibates-arrowpoints-sm.jpg <-- Texas Beyond History /Website Stuff/TBH Website Temp/alibates/images alibates-arrowpoints-sm.jpg
2001.08.11 16:50 B D:\TBH Temp\alibates\images\alibates-arrowpoints.html <-- Texas Beyond History /Website Stuff/TBH Website Temp/alibates/images alibates-arrowpoints.html
2001.08.11 16:50 B D:\TBH Temp\alibates\images\alibates-beefsteak-lg.jpg <-- Texas Beyond History /Website Stuff/TBH Website Temp/alibates/images alibates-beefsteak-lg.jpg
2001.08.11 16:50 B D:\TBH Temp\alibates\images\alibates-beefsteak-sm.jpg <-- Texas Beyond History /Website Stuff/TBH Website Temp/alibates/images alibates-beefsteak-sm.jpg
2001.08.11 16:50 B D:\TBH Temp\alibates\images\alibates-beefsteak.html <-- Texas Beyond History /Website Stuff/TBH Website Temp/alibates/images alibates-beefsteak.html
2001.08.11 16:50 B D:\TBH Temp\alibates\images\alibates-colors-lg.jpg <-- Texas Beyond History /Website Stuff/TBH Website Temp/alibates/images alibates-colors-lg.jpg
2001.08.11 16:50 B D:\TBH Temp\alibates\images\alibates-colors-sm.jpg <-- Texas Beyond History /Website Stuff/TBH Website Temp/alibates/images alibates-colors-sm.jpg
2001.08.11 16:50 B D:\TBH Temp\alibates\images\alibates-colors.html <-- Texas Beyond History /Website Stuff/TBH Website Temp/alibates/images alibates-colors.html
2001.08.11 16:50 B D:\TBH Temp\alibates\images\Alibates-Jackson-B&W-lg.jpg <-- Texas Beyond History /Website Stuff/TBH Website Temp/alibates/images Alibates-Jackson-B&W-lg.jpg
2001.08.11 16:50 B D:\TBH Temp\alibates\images\Alibates-Jackson-B&W-sm.jpg <-- Texas Beyond History /Website Stuff/TBH Website Temp/alibates/images Alibates-Jackson-B&W-sm.jpg
2001.08.11 16:50 B D:\TBH Temp\alibates\images\Alibates-Jackson-B&W.html <-- Texas Beyond History /Website Stuff/TBH Website Temp/alibates/images Alibates-Jackson-B&W.html
2001.08.11 16:50 B D:\TBH Temp\alibates\images\alibates-knives-lg.jpg <-- Texas Beyond History /Website Stuff/TBH Website Temp/alibates/images alibates-knives-lg.jpg
2001.08.11 16:50 B D:\TBH Temp\alibates\images\alibates-knives-sm.jpg <-- Texas Beyond History /Website Stuff/TBH Website Temp/alibates/images alibates-knives-sm.jpg
2001.08.11 16:50 B D:\TBH Temp\alibates\images\alibates-knives.html <-- Texas Beyond History /Website Stuff/TBH Website Temp/alibates/images alibates-knives.html
2001.08.11 16:50 B D:\TBH Temp\alibates\images\alibates-paleo-lg.jpg <-- Texas Beyond History /Website Stuff/TBH Website Temp/alibates/images alibates-paleo-lg.jpg
2001.08.11 16:50 B D:\TBH Temp\alibates\images\alibates-paleo-sm.jpg <-- Texas Beyond History /Website Stuff/TBH Website Temp/alibates/images alibates-paleo-sm.jpg
2001.08.11 16:50 B D:\TBH Temp\alibates\images\alibates-paleo.html <-- Texas Beyond History /Website Stuff/TBH Website Temp/alibates/images alibates-paleo.html
2001.08.11 16:50 B D:\TBH Temp\alibates\images\alibates-paleo2-lg.jpg <-- Texas Beyond History /Website Stuff/TBH Website Temp/alibates/images alibates-paleo2-lg.jpg
2001.08.11 16:50 B D:\TBH Temp\alibates\images\alibates-paleo2-sm.jpg <-- Texas Beyond History /Website Stuff/TBH Website Temp/alibates/images alibates-paleo2-sm.jpg
2001.08.11 16:50 B D:\TBH Temp\alibates\images\alibates-paleo2.html <-- Texas Beyond History /Website Stuff/TBH Website Temp/alibates/images alibates-paleo2.html
2001.08.11 16:50 B D:\TBH Temp\alibates\images\alibates-patterns-lg.jpg <-- Texas Beyond History /Website Stuff/TBH Website Temp/alibates/images alibates-patterns-lg.jpg
2001.08.11 16:50 B D:\TBH Temp\alibates\images\alibates-patterns-sm.jpg <-- Texas Beyond History /Website Stuff/TBH Website Temp/alibates/images alibates-patterns-sm.jpg
2001.08.11 16:50 B D:\TBH Temp\alibates\images\alibates-patterns.html <-- Texas Beyond History /Website Stuff/TBH Website Temp/alibates/images alibates-patterns.html
2001.08.11 16:50 B D:\TBH Temp\alibates\images\alibates-ruin-lg.jpg <-- Texas Beyond History /Website Stuff/TBH Website Temp/alibates/images alibates-ruin-lg.jpg
2001.08.11 16:50 B D:\TBH Temp\alibates\images\alibates-ruin-sm.jpg <-- Texas Beyond History /Website Stuff/TBH Website Temp/alibates/images alibates-ruin-sm.jpg
2001.08.11 16:50 B D:\TBH Temp\alibates\images\alibates-ruin.html <-- Texas Beyond History /Website Stuff/TBH Website Temp/alibates/images alibates-ruin.html
2001.08.11 16:50 B D:\TBH Temp\alibates\images\alibates-scrapers-lg.jpg <-- Texas Beyond History /Website Stuff/TBH Website Temp/alibates/images alibates-scrapers-lg.jpg
2001.08.11 16:50 B D:\TBH Temp\alibates\images\alibates-scrapers-sm.jpg <-- Texas Beyond History /Website Stuff/TBH Website Temp/alibates/images alibates-scrapers-sm.jpg
2001.08.11 16:50 B D:\TBH Temp\alibates\images\alibates-scrapers.html <-- Texas Beyond History /Website Stuff/TBH Website Temp/alibates/images alibates-scrapers.html
2001.08.31 19:46 B D:\TBH Temp\alibates\images\alibates-arrowpoints-lg.jpg <-- Texas Beyond History /Website Stuff/TBH Website Temp/alibates/images alibates-arrowpoints-lg.jpg
2001.08.31 19:47 B D:\TBH Temp\alibates\images\alibates-arrowpoints-sm.jpg <-- Texas Beyond History /Website Stuff/TBH Website Temp/alibates/images alibates-arrowpoints-sm.jpg
2001.08.31 19:47 B D:\TBH Temp\alibates\images\alibates-arrowpoints-sm.jpg.LCK <-- Texas Beyond History /Website Stuff/TBH Website Temp/alibates/images alibates-arrowpoints-sm.jpg.LCK
2001.08.31 19:47 B D:\TBH Temp\alibates\images\alibates-beefsteak-lg.jpg <-- Texas Beyond History /Website Stuff/TBH Website Temp/alibates/images alibates-beefsteak-lg.jpg
2001.08.31 19:47 B D:\TBH Temp\alibates\images\alibates-beefsteak-sm.jpg <-- Texas Beyond History /Website Stuff/TBH Website Temp/alibates/images alibates-beefsteak-sm.jpg
2001.08.31 19:47 B D:\TBH Temp\alibates\images\alibates-beefsteak-sm.jpg.LCK <-- Texas Beyond History /Website Stuff/TBH Website Temp/alibates/images alibates-beefsteak-sm.jpg.LCK
2001.08.31 19:47 B D:\TBH Temp\alibates\images\alibates-colors-lg.jpg <-- Texas Beyond History /Website Stuff/TBH Website Temp/alibates/images alibates-colors-lg.jpg
2001.08.31 19:47 B D:\TBH Temp\alibates\images\alibates-colors-sm.jpg <-- Texas Beyond History /Website Stuff/TBH Website Temp/alibates/images alibates-colors-sm.jpg
2001.08.31 19:47 B D:\TBH Temp\alibates\images\alibates-colors-sm.jpg.LCK <-- Texas Beyond History /Website Stuff/TBH Website Temp/alibates/images alibates-colors-sm.jpg.LCK
2001.08.31 19:47 B D:\TBH Temp\alibates\images\alibates-jackson-lg.jpg <-- Texas Beyond History /Website Stuff/TBH Website Temp/alibates/images alibates-jackson-lg.jpg
2001.08.31 19:47 B D:\TBH Temp\alibates\images\alibates-jackson-sm.jpg <-- Texas Beyond History /Website Stuff/TBH Website Temp/alibates/images alibates-jackson-sm.jpg
2001.08.31 19:47 B D:\TBH Temp\alibates\images\alibates-jackson-sm.jpg.LCK <-- Texas Beyond History /Website Stuff/TBH Website Temp/alibates/images alibates-jackson-sm.jpg.LCK
2001.08.31 19:47 B D:\TBH Temp\alibates\images\alibates-jackson.html <-- Texas Beyond History /Website Stuff/TBH Website Temp/alibates/images alibates-jackson.html
2001.08.31 19:47 B D:\TBH Temp\alibates\images\alibates-knives-lg.jpg <-- Texas Beyond History /Website Stuff/TBH Website Temp/alibates/images alibates-knives-lg.jpg
2001.08.31 19:47 B D:\TBH Temp\alibates\images\alibates-knives-sm.jpg <-- Texas Beyond History /Website Stuff/TBH Website Temp/alibates/images alibates-knives-sm.jpg
2001.08.31 19:47 B D:\TBH Temp\alibates\images\alibates-knives-sm.jpg.LCK <-- Texas Beyond History /Website Stuff/TBH Website Temp/alibates/images alibates-knives-sm.jpg.LCK
2001.08.31 19:47 B D:\TBH Temp\alibates\images\alibates-main.jpg <-- Texas Beyond History /Website Stuff/TBH Website Temp/alibates/images alibates-main.jpg
2001.08.31 19:47 B D:\TBH Temp\alibates\images\alibates-main.jpg.LCK <-- Texas Beyond History /Website Stuff/TBH Website Temp/alibates/images alibates-main.jpg.LCK
2001.08.31 19:47 B D:\TBH Temp\alibates\images\alibates-paleo-lg.jpg <-- Texas Beyond History /Website Stuff/TBH Website Temp/alibates/images alibates-paleo-lg.jpg
2001.08.31 19:47 B D:\TBH Temp\alibates\images\alibates-paleo-sm.jpg <-- Texas Beyond History /Website Stuff/TBH Website Temp/alibates/images alibates-paleo-sm.jpg
2001.08.31 19:47 B D:\TBH Temp\alibates\images\alibates-paleo-sm.jpg.LCK <-- Texas Beyond History /Website Stuff/TBH Website Temp/alibates/images alibates-paleo-sm.jpg.LCK
2001.08.31 19:47 B D:\TBH Temp\alibates\images\alibates-paleo2-lg.jpg <-- Texas Beyond History /Website Stuff/TBH Website Temp/alibates/images alibates-paleo2-lg.jpg
2001.08.31 19:47 B D:\TBH Temp\alibates\images\alibates-paleo2-sm.jpg <-- Texas Beyond History /Website Stuff/TBH Website Temp/alibates/images alibates-paleo2-sm.jpg
2001.08.31 19:47 B D:\TBH Temp\alibates\images\alibates-paleo2-sm.jpg.LCK <-- Texas Beyond History /Website Stuff/TBH Website Temp/alibates/images alibates-paleo2-sm.jpg.LCK
2001.08.31 19:47 B D:\TBH Temp\alibates\images\alibates-patterns-lg.jpg <-- Texas Beyond History /Website Stuff/TBH Website Temp/alibates/images alibates-patterns-lg.jpg
2001.08.31 19:47 B D:\TBH Temp\alibates\images\alibates-patterns-sm.jpg <-- Texas Beyond History /Website Stuff/TBH Website Temp/alibates/images alibates-patterns-sm.jpg
2001.08.31 19:47 B D:\TBH Temp\alibates\images\alibates-patterns-sm.jpg.LCK <-- Texas Beyond History /Website Stuff/TBH Website Temp/alibates/images alibates-patterns-sm.jpg.LCK
2001.08.31 19:47 B D:\TBH Temp\alibates\images\alibates-ruin-sm.jpg <-- Texas Beyond History /Website Stuff/TBH Website Temp/alibates/images alibates-ruin-sm.jpg
2001.08.31 19:47 B D:\TBH Temp\alibates\images\alibates-ruin-sm.jpg.LCK <-- Texas Beyond History /Website Stuff/TBH Website Temp/alibates/images alibates-ruin-sm.jpg.LCK
2001.08.31 19:47 B D:\TBH Temp\alibates\images\alibates-scraper-lg.jpg <-- Texas Beyond History /Website Stuff/TBH Website Temp/alibates/images alibates-scraper-lg.jpg
2001.08.31 19:47 B D:\TBH Temp\alibates\images\alibates-scraper-sm.jpg <-- Texas Beyond History /Website Stuff/TBH Website Temp/alibates/images alibates-scraper-sm.jpg
2001.08.31 19:47 B D:\TBH Temp\alibates\images\alibates-scrapers-sm.jpg <-- Texas Beyond History /Website Stuff/TBH Website Temp/alibates/images alibates-scrapers-sm.jpg
2001.08.31 19:47 B D:\TBH Temp\alibates\images\alibates-scrapers-sm.jpg.LCK <-- Texas Beyond History /Website Stuff/TBH Website Temp/alibates/images alibates-scrapers-sm.jpg.LCK
2001.08.31 19:47 B D:\TBH Temp\alibates\images\antelope-fig10-lg.jpg <-- Texas Beyond History /Website Stuff/TBH Website Temp/alibates/images antelope-fig10-lg.jpg
2001.08.31 19:47 B D:\TBH Temp\alibates\images\antelope-fig10-sm.jpg <-- Texas Beyond History /Website Stuff/TBH Website Temp/alibates/images antelope-fig10-sm.jpg
2001.08.31 19:47 B D:\TBH Temp\alibates\images\antelope-fig10-sm.jpg.LCK <-- Texas Beyond History /Website Stuff/TBH Website Temp/alibates/images antelope-fig10-sm.jpg.LCK
2001.08.31 19:47 B D:\TBH Temp\alibates\images\antelope-fig10.html <-- Texas Beyond History /Website Stuff/TBH Website Temp/alibates/images antelope-fig10.html
2001.08.31 19:47 B D:\TBH Temp\alibates\images\PT2-BW1-lg.jpg <-- Texas Beyond History /Website Stuff/TBH Website Temp/alibates/images PT2-BW1-lg.jpg
2001.08.31 19:47 B D:\TBH Temp\alibates\images\PT2-BW1-sm.jpg <-- Texas Beyond History /Website Stuff/TBH Website Temp/alibates/images PT2-BW1-sm.jpg
2001.08.31 19:47 B D:\TBH Temp\alibates\images\PT2-BW1-sm.jpg.LCK <-- Texas Beyond History /Website Stuff/TBH Website Temp/alibates/images PT2-BW1-sm.jpg.LCK
2001.08.31 19:47 B D:\TBH Temp\alibates\images\PT2-BW1.html <-- Texas Beyond History /Website Stuff/TBH Website Temp/alibates/images PT2-BW1.html
2001.08.31 19:47 B D:\TBH Temp\alibates\images\PT2-BW3-lg.jpg <-- Texas Beyond History /Website Stuff/TBH Website Temp/alibates/images PT2-BW3-lg.jpg
2001.08.31 19:47 B D:\TBH Temp\alibates\images\PT2-BW3-sm.jpg <-- Texas Beyond History /Website Stuff/TBH Website Temp/alibates/images PT2-BW3-sm.jpg
2001.08.31 19:47 B D:\TBH Temp\alibates\images\PT2-BW3-sm.jpg.LCK <-- Texas Beyond History /Website Stuff/TBH Website Temp/alibates/images PT2-BW3-sm.jpg.LCK
2001.08.31 19:47 B D:\TBH Temp\alibates\images\PT2-BW3.html <-- Texas Beyond History /Website Stuff/TBH Website Temp/alibates/images PT2-BW3.html
2001.08.31 19:47 B D:\TBH Temp\alibates\images\smithsonian-letter-lg.jpg <-- Texas Beyond History /Website Stuff/TBH Website Temp/alibates/images smithsonian-letter-lg.jpg
2001.08.31 19:47 B D:\TBH Temp\alibates\images\smithsonian-letter-sm.jpg <-- Texas Beyond History /Website Stuff/TBH Website Temp/alibates/images smithsonian-letter-sm.jpg
2001.08.31 19:47 B D:\TBH Temp\alibates\images\smithsonian-letter-sm.jpg.LCK <-- Texas Beyond History /Website Stuff/TBH Website Temp/alibates/images smithsonian-letter-sm.jpg.LCK
2001.08.31 19:47 B D:\TBH Temp\alibates\images\smithsonian-letter.html <-- Texas Beyond History /Website Stuff/TBH Website Temp/alibates/images smithsonian-letter.html
2001.08.31 19:47 B D:\TBH Temp\alibates\images\Tas-c192-lg.jpg <-- Texas Beyond History /Website Stuff/TBH Website Temp/alibates/images Tas-c192-lg.jpg
2001.08.31 19:47 B D:\TBH Temp\alibates\images\Tas-c192-sm.jpg <-- Texas Beyond History /Website Stuff/TBH Website Temp/alibates/images Tas-c192-sm.jpg
2001.08.31 19:47 B D:\TBH Temp\alibates\images\Tas-c192-sm.jpg.LCK <-- Texas Beyond History /Website Stuff/TBH Website Temp/alibates/images Tas-c192-sm.jpg.LCK
2001.08.31 19:47 B D:\TBH Temp\alibates\images\Tas-c192.html <-- Texas Beyond History /Website Stuff/TBH Website Temp/alibates/images Tas-c192.html
2001.08.31 19:47 B D:\TBH Temp\alibates\images\Tas-c223-lg.jpg <-- Texas Beyond History /Website Stuff/TBH Website Temp/alibates/images Tas-c223-lg.jpg
2001.08.31 19:47 B D:\TBH Temp\alibates\images\Tas-c223-sm.jpg <-- Texas Beyond History /Website Stuff/TBH Website Temp/alibates/images Tas-c223-sm.jpg
2001.08.31 19:47 B D:\TBH Temp\alibates\images\Tas-c223-sm.jpg.LCK <-- Texas Beyond History /Website Stuff/TBH Website Temp/alibates/images Tas-c223-sm.jpg.LCK
2001.08.31 19:47 B D:\TBH Temp\alibates\images\Tas-c223.html <-- Texas Beyond History /Website Stuff/TBH Website Temp/alibates/images Tas-c223.html
2001.08.31 19:47 B D:\TBH Temp\alibates\images\Tas-c224-lg.jpg <-- Texas Beyond History /Website Stuff/TBH Website Temp/alibates/images Tas-c224-lg.jpg
2001.08.31 19:47 B D:\TBH Temp\alibates\images\Tas-c224-sm.jpg <-- Texas Beyond History /Website Stuff/TBH Website Temp/alibates/images Tas-c224-sm.jpg
2001.08.31 19:47 B D:\TBH Temp\alibates\images\Tas-c224-sm.jpg.LCK <-- Texas Beyond History /Website Stuff/TBH Website Temp/alibates/images Tas-c224-sm.jpg.LCK
2001.08.31 19:47 B D:\TBH Temp\alibates\images\Tas-c224.html <-- Texas Beyond History /Website Stuff/TBH Website Temp/alibates/images Tas-c224.html
2001.08.31 19:47 B D:\TBH Temp\alibates\images\Tas-c225-lg.jpg <-- Texas Beyond History /Website Stuff/TBH Website Temp/alibates/images Tas-c225-lg.jpg
2001.08.31 19:47 B D:\TBH Temp\alibates\images\Tas-c225-sm.jpg <-- Texas Beyond History /Website Stuff/TBH Website Temp/alibates/images Tas-c225-sm.jpg
2001.08.31 19:47 B D:\TBH Temp\alibates\images\Tas-c225-sm.jpg.LCK <-- Texas Beyond History /Website Stuff/TBH Website Temp/alibates/images Tas-c225-sm.jpg.LCK
2001.08.31 19:47 B D:\TBH Temp\alibates\images\Tas-c225.html <-- Texas Beyond History /Website Stuff/TBH Website Temp/alibates/images Tas-c225.html
2001.08.31 19:47 B D:\TBH Temp\alibates\images\Tas-c226-lg.jpg <-- Texas Beyond History /Website Stuff/TBH Website Temp/alibates/images Tas-c226-lg.jpg
2001.08.31 19:47 B D:\TBH Temp\alibates\images\Tas-c226-sm.jpg <-- Texas Beyond History /Website Stuff/TBH Website Temp/alibates/images Tas-c226-sm.jpg
2001.08.31 19:47 B D:\TBH Temp\alibates\images\Tas-c226-sm.jpg.LCK <-- Texas Beyond History /Website Stuff/TBH Website Temp/alibates/images Tas-c226-sm.jpg.LCK
2001.08.31 19:47 B D:\TBH Temp\alibates\images\Tas-c226.html <-- Texas Beyond History /Website Stuff/TBH Website Temp/alibates/images Tas-c226.html
2001.08.31 19:47 B D:\TBH Temp\alibates\images\Tas-c227-lg.jpg <-- Texas Beyond History /Website Stuff/TBH Website Temp/alibates/images Tas-c227-lg.jpg
2001.08.31 19:47 B D:\TBH Temp\alibates\images\Tas-c227-sm.jpg <-- Texas Beyond History /Website Stuff/TBH Website Temp/alibates/images Tas-c227-sm.jpg
2001.08.31 19:47 B D:\TBH Temp\alibates\images\Tas-c227-sm.jpg.LCK <-- Texas Beyond History /Website Stuff/TBH Website Temp/alibates/images Tas-c227-sm.jpg.LCK
2001.08.31 19:47 B D:\TBH Temp\alibates\images\Tas-c227.html <-- Texas Beyond History /Website Stuff/TBH Website Temp/alibates/images Tas-c227.html
2001.08.31 19:47 B D:\TBH Temp\alibates\images\Tas-c239-lg.jpg <-- Texas Beyond History /Website Stuff/TBH Website Temp/alibates/images Tas-c239-lg.jpg
2001.08.31 19:47 B D:\TBH Temp\alibates\images\Tas-c239-sm.jpg <-- Texas Beyond History /Website Stuff/TBH Website Temp/alibates/images Tas-c239-sm.jpg
2001.08.31 19:47 B D:\TBH Temp\alibates\images\Tas-c239-sm.jpg.LCK <-- Texas Beyond History /Website Stuff/TBH Website Temp/alibates/images Tas-c239-sm.jpg.LCK
2001.08.31 19:47 B D:\TBH Temp\alibates\images\Tas-c239.html <-- Texas Beyond History /Website Stuff/TBH Website Temp/alibates/images Tas-c239.html
2001.08.31 19:47 B D:\TBH Temp\alibates\images\Tas-c260-lg.jpg <-- Texas Beyond History /Website Stuff/TBH Website Temp/alibates/images Tas-c260-lg.jpg
2001.08.31 19:47 B D:\TBH Temp\alibates\images\Tas-c260-sm.jpg <-- Texas Beyond History /Website Stuff/TBH Website Temp/alibates/images Tas-c260-sm.jpg
2001.08.31 19:47 B D:\TBH Temp\alibates\images\Tas-c260-sm.jpg.LCK <-- Texas Beyond History /Website Stuff/TBH Website Temp/alibates/images Tas-c260-sm.jpg.LCK
2001.08.31 19:47 B D:\TBH Temp\alibates\images\Tas-c260.html <-- Texas Beyond History /Website Stuff/TBH Website Temp/alibates/images Tas-c260.html
2001.08.31 19:47 B D:\TBH Temp\alibates\images\Tas-c261-lg.jpg <-- Texas Beyond History /Website Stuff/TBH Website Temp/alibates/images Tas-c261-lg.jpg
2001.08.31 19:47 B D:\TBH Temp\alibates\images\Tas-c261-sm.jpg <-- Texas Beyond History /Website Stuff/TBH Website Temp/alibates/images Tas-c261-sm.jpg
2001.08.31 19:47 B D:\TBH Temp\alibates\images\Tas-c261-sm.jpg.LCK <-- Texas Beyond History /Website Stuff/TBH Website Temp/alibates/images Tas-c261-sm.jpg.LCK
2001.08.31 19:47 B D:\TBH Temp\alibates\images\Tas-c261.html <-- Texas Beyond History /Website Stuff/TBH Website Temp/alibates/images Tas-c261.html
2001.08.31 19:47 B D:\TBH Temp\alibates\images\Tas-c274-lg.jpg <-- Texas Beyond History /Website Stuff/TBH Website Temp/alibates/images Tas-c274-lg.jpg
2001.08.31 19:47 B D:\TBH Temp\alibates\images\Tas-c274-sm.jpg <-- Texas Beyond History /Website Stuff/TBH Website Temp/alibates/images Tas-c274-sm.jpg
2001.08.31 19:47 B D:\TBH Temp\alibates\images\Tas-c274-sm.jpg.LCK <-- Texas Beyond History /Website Stuff/TBH Website Temp/alibates/images Tas-c274-sm.jpg.LCK
2001.08.31 19:47 B D:\TBH Temp\alibates\images\Tas-c274.html <-- Texas Beyond History /Website Stuff/TBH Website Temp/alibates/images Tas-c274.html
2001.08.31 19:47 B D:\TBH Temp\alibates\images\Tas-c278-sm.jpg <-- Texas Beyond History /Website Stuff/TBH Website Temp/alibates/images Tas-c278-sm.jpg
2001.08.31 19:47 B D:\TBH Temp\alibates\images\Tas-c278-sm.jpg.LCK <-- Texas Beyond History /Website Stuff/TBH Website Temp/alibates/images Tas-c278-sm.jpg.LCK
2001.08.31 19:47 B D:\TBH Temp\alibates\images\Tas-c278.html <-- Texas Beyond History /Website Stuff/TBH Website Temp/alibates/images Tas-c278.html
2001.08.31 19:47 B D:\TBH Temp\alibates\images\TAS-C278.lg.jpg <-- Texas Beyond History /Website Stuff/TBH Website Temp/alibates/images TAS-C278.lg.jpg
2001.08.31 19:47 B D:\TBH Temp\alibates\images\Tas-c313-lg.jpg <-- Texas Beyond History /Website Stuff/TBH Website Temp/alibates/images Tas-c313-lg.jpg
2001.08.31 19:47 B D:\TBH Temp\alibates\images\Tas-c313-sm.jpg <-- Texas Beyond History /Website Stuff/TBH Website Temp/alibates/images Tas-c313-sm.jpg
2001.08.31 19:47 B D:\TBH Temp\alibates\images\Tas-c313-sm.jpg.LCK <-- Texas Beyond History /Website Stuff/TBH Website Temp/alibates/images Tas-c313-sm.jpg.LCK
2001.08.31 19:47 B D:\TBH Temp\alibates\images\Tas-c313.html <-- Texas Beyond History /Website Stuff/TBH Website Temp/alibates/images Tas-c313.html
2001.08.31 19:47 B D:\TBH Temp\alibates\images\Tas-c329-lg.jpg <-- Texas Beyond History /Website Stuff/TBH Website Temp/alibates/images Tas-c329-lg.jpg
2001.08.31 19:48 B D:\TBH Temp\alibates\images\Tas-c329-sm.jpg <-- Texas Beyond History /Website Stuff/TBH Website Temp/alibates/images Tas-c329-sm.jpg
2001.08.31 19:48 B D:\TBH Temp\alibates\images\Tas-c329-sm.jpg.LCK <-- Texas Beyond History /Website Stuff/TBH Website Temp/alibates/images Tas-c329-sm.jpg.LCK
2001.08.31 19:48 B D:\TBH Temp\alibates\images\Tas-c329.html <-- Texas Beyond History /Website Stuff/TBH Website Temp/alibates/images Tas-c329.html
2001.08.31 19:48 B D:\TBH Temp\alibates\images\Tas-c342-lg.jpg <-- Texas Beyond History /Website Stuff/TBH Website Temp/alibates/images Tas-c342-lg.jpg
2001.08.31 19:48 B D:\TBH Temp\alibates\images\Tas-c342-sm.jpg <-- Texas Beyond History /Website Stuff/TBH Website Temp/alibates/images Tas-c342-sm.jpg
2001.08.31 19:48 B D:\TBH Temp\alibates\images\Tas-c342-sm.jpg.LCK <-- Texas Beyond History /Website Stuff/TBH Website Temp/alibates/images Tas-c342-sm.jpg.LCK
2001.08.31 19:48 B D:\TBH Temp\alibates\images\Tas-c342.html <-- Texas Beyond History /Website Stuff/TBH Website Temp/alibates/images Tas-c342.html
2001.09.01 20:57 B D:\TBH Temp\alibates\images\alibates-arrowpoints-lg.jpg --> uts.cc.utexas.edu /usr/pub/www/research/tarl/abouttarl/tbh/alibates/images alibates-arrowpoints-lg.jpg
2001.09.01 20:57 B D:\TBH Temp\alibates\images\alibates-arrowpoints-sm.jpg --> uts.cc.utexas.edu /usr/pub/www/research/tarl/abouttarl/tbh/alibates/images alibates-arrowpoints-sm.jpg
2001.09.01 20:57 B D:\TBH Temp\alibates\images\alibates-arrowpoints-sm.jpg.LCK --> uts.cc.utexas.edu /usr/pub/www/research/tarl/abouttarl/tbh/alibates/images alibates-arrowpoints-sm.jpg.LCK
2001.09.01 20:57 B D:\TBH Temp\alibates\images\alibates-arrowpoints.html --> uts.cc.utexas.edu /usr/pub/www/research/tarl/abouttarl/tbh/alibates/images alibates-arrowpoints.html
2001.09.01 20:57 B D:\TBH Temp\alibates\images\alibates-beefsteak-lg.jpg --> uts.cc.utexas.edu /usr/pub/www/research/tarl/abouttarl/tbh/alibates/images alibates-beefsteak-lg.jpg
2001.09.01 20:57 B D:\TBH Temp\alibates\images\alibates-beefsteak-sm.jpg --> uts.cc.utexas.edu /usr/pub/www/research/tarl/abouttarl/tbh/alibates/images alibates-beefsteak-sm.jpg
2001.09.01 20:57 B D:\TBH Temp\alibates\images\alibates-beefsteak-sm.jpg.LCK --> uts.cc.utexas.edu /usr/pub/www/research/tarl/abouttarl/tbh/alibates/images alibates-beefsteak-sm.jpg.LCK
2001.09.01 20:57 B D:\TBH Temp\alibates\images\alibates-beefsteak.html --> uts.cc.utexas.edu /usr/pub/www/research/tarl/abouttarl/tbh/alibates/images alibates-beefsteak.html
2001.09.01 20:57 B D:\TBH Temp\alibates\images\alibates-colors-lg.jpg --> uts.cc.utexas.edu /usr/pub/www/research/tarl/abouttarl/tbh/alibates/images alibates-colors-lg.jpg
2001.09.01 20:57 B D:\TBH Temp\alibates\images\alibates-colors-sm.jpg --> uts.cc.utexas.edu /usr/pub/www/research/tarl/abouttarl/tbh/alibates/images alibates-colors-sm.jpg
2001.09.01 20:57 B D:\TBH Temp\alibates\images\alibates-colors-sm.jpg.LCK --> uts.cc.utexas.edu /usr/pub/www/research/tarl/abouttarl/tbh/alibates/images alibates-colors-sm.jpg.LCK
2001.09.01 20:57 B D:\TBH Temp\alibates\images\alibates-colors.html --> uts.cc.utexas.edu /usr/pub/www/research/tarl/abouttarl/tbh/alibates/images alibates-colors.html
2001.09.01 20:57 B D:\TBH Temp\alibates\images\Alibates-Jackson-B&W-lg.jpg --> uts.cc.utexas.edu /usr/pub/www/research/tarl/abouttarl/tbh/alibates/images Alibates-Jackson-B&W-lg.jpg
2001.09.01 20:57 B D:\TBH Temp\alibates\images\Alibates-Jackson-B&W-sm.jpg --> uts.cc.utexas.edu /usr/pub/www/research/tarl/abouttarl/tbh/alibates/images Alibates-Jackson-B&W-sm.jpg
2001.09.01 20:57 B D:\TBH Temp\alibates\images\Alibates-Jackson-B&W.html --> uts.cc.utexas.edu /usr/pub/www/research/tarl/abouttarl/tbh/alibates/images Alibates-Jackson-B&W.html
2001.09.01 20:57 B D:\TBH Temp\alibates\images\alibates-jackson-lg.jpg --> uts.cc.utexas.edu /usr/pub/www/research/tarl/abouttarl/tbh/alibates/images alibates-jackson-lg.jpg
2001.09.01 20:57 B D:\TBH Temp\alibates\images\alibates-jackson-sm.jpg --> uts.cc.utexas.edu /usr/pub/www/research/tarl/abouttarl/tbh/alibates/images alibates-jackson-sm.jpg
2001.09.01 20:57 B D:\TBH Temp\alibates\images\alibates-jackson-sm.jpg.LCK --> uts.cc.utexas.edu /usr/pub/www/research/tarl/abouttarl/tbh/alibates/images alibates-jackson-sm.jpg.LCK
2001.09.01 20:57 B D:\TBH Temp\alibates\images\alibates-jackson.html --> uts.cc.utexas.edu /usr/pub/www/research/tarl/abouttarl/tbh/alibates/images alibates-jackson.html
2001.09.01 20:57 B D:\TBH Temp\alibates\images\alibates-knives-lg.jpg --> uts.cc.utexas.edu /usr/pub/www/research/tarl/abouttarl/tbh/alibates/images alibates-knives-lg.jpg
2001.09.01 20:57 B D:\TBH Temp\alibates\images\alibates-knives-sm.jpg --> uts.cc.utexas.edu /usr/pub/www/research/tarl/abouttarl/tbh/alibates/images alibates-knives-sm.jpg
2001.09.01 20:57 B D:\TBH Temp\alibates\images\alibates-knives-sm.jpg.LCK --> uts.cc.utexas.edu /usr/pub/www/research/tarl/abouttarl/tbh/alibates/images alibates-knives-sm.jpg.LCK
2001.09.01 20:57 B D:\TBH Temp\alibates\images\alibates-knives.html --> uts.cc.utexas.edu /usr/pub/www/research/tarl/abouttarl/tbh/alibates/images alibates-knives.html
2001.09.01 20:58 B D:\TBH Temp\alibates\images\alibates-main.jpg --> uts.cc.utexas.edu /usr/pub/www/research/tarl/abouttarl/tbh/alibates/images alibates-main.jpg
2001.09.01 20:58 B D:\TBH Temp\alibates\images\alibates-main.jpg.LCK --> uts.cc.utexas.edu /usr/pub/www/research/tarl/abouttarl/tbh/alibates/images alibates-main.jpg.LCK
2001.09.01 20:58 B D:\TBH Temp\alibates\images\alibates-paleo-lg.jpg --> uts.cc.utexas.edu /usr/pub/www/research/tarl/abouttarl/tbh/alibates/images alibates-paleo-lg.jpg
2001.09.01 20:58 B D:\TBH Temp\alibates\images\alibates-paleo-sm.jpg --> uts.cc.utexas.edu /usr/pub/www/research/tarl/abouttarl/tbh/alibates/images alibates-paleo-sm.jpg
2001.09.01 20:58 B D:\TBH Temp\alibates\images\alibates-paleo-sm.jpg.LCK --> uts.cc.utexas.edu /usr/pub/www/research/tarl/abouttarl/tbh/alibates/images alibates-paleo-sm.jpg.LCK
2001.09.01 20:58 B D:\TBH Temp\alibates\images\alibates-paleo.html --> uts.cc.utexas.edu /usr/pub/www/research/tarl/abouttarl/tbh/alibates/images alibates-paleo.html
2001.09.01 20:58 B D:\TBH Temp\alibates\images\alibates-paleo2-lg.jpg --> uts.cc.utexas.edu /usr/pub/www/research/tarl/abouttarl/tbh/alibates/images alibates-paleo2-lg.jpg
2001.09.01 20:58 B D:\TBH Temp\alibates\images\alibates-paleo2-sm.jpg --> uts.cc.utexas.edu /usr/pub/www/research/tarl/abouttarl/tbh/alibates/images alibates-paleo2-sm.jpg
2001.09.01 20:58 B D:\TBH Temp\alibates\images\alibates-paleo2-sm.jpg.LCK --> uts.cc.utexas.edu /usr/pub/www/research/tarl/abouttarl/tbh/alibates/images alibates-paleo2-sm.jpg.LCK
2001.09.01 20:58 B D:\TBH Temp\alibates\images\alibates-paleo2.html --> uts.cc.utexas.edu /usr/pub/www/research/tarl/abouttarl/tbh/alibates/images alibates-paleo2.html
2001.09.01 20:58 B D:\TBH Temp\alibates\images\alibates-patterns-lg.jpg --> uts.cc.utexas.edu /usr/pub/www/research/tarl/abouttarl/tbh/alibates/images alibates-patterns-lg.jpg
2001.09.01 20:58 B D:\TBH Temp\alibates\images\alibates-patterns-sm.jpg --> uts.cc.utexas.edu /usr/pub/www/research/tarl/abouttarl/tbh/alibates/images alibates-patterns-sm.jpg
2001.09.01 20:58 B D:\TBH Temp\alibates\images\alibates-patterns-sm.jpg.LCK --> uts.cc.utexas.edu /usr/pub/www/research/tarl/abouttarl/tbh/alibates/images alibates-patterns-sm.jpg.LCK
2001.09.01 20:58 B D:\TBH Temp\alibates\images\alibates-patterns.html --> uts.cc.utexas.edu /usr/pub/www/research/tarl/abouttarl/tbh/alibates/images alibates-patterns.html
2001.09.01 20:58 B D:\TBH Temp\alibates\images\alibates-ruin-lg.jpg --> uts.cc.utexas.edu /usr/pub/www/research/tarl/abouttarl/tbh/alibates/images alibates-ruin-lg.jpg
2001.09.01 20:58 B D:\TBH Temp\alibates\images\alibates-ruin-sm.jpg --> uts.cc.utexas.edu /usr/pub/www/research/tarl/abouttarl/tbh/alibates/images alibates-ruin-sm.jpg
2001.09.01 20:58 B D:\TBH Temp\alibates\images\alibates-ruin-sm.jpg.LCK --> uts.cc.utexas.edu /usr/pub/www/research/tarl/abouttarl/tbh/alibates/images alibates-ruin-sm.jpg.LCK
2001.09.01 20:58 B D:\TBH Temp\alibates\images\alibates-ruin.html --> uts.cc.utexas.edu /usr/pub/www/research/tarl/abouttarl/tbh/alibates/images alibates-ruin.html
2001.09.01 20:58 B D:\TBH Temp\alibates\images\alibates-scraper-lg.jpg --> uts.cc.utexas.edu /usr/pub/www/research/tarl/abouttarl/tbh/alibates/images alibates-scraper-lg.jpg
2001.09.01 20:58 B D:\TBH Temp\alibates\images\alibates-scraper-sm.jpg --> uts.cc.utexas.edu /usr/pub/www/research/tarl/abouttarl/tbh/alibates/images alibates-scraper-sm.jpg
2001.09.01 20:58 B D:\TBH Temp\alibates\images\alibates-scrapers-lg.jpg --> uts.cc.utexas.edu /usr/pub/www/research/tarl/abouttarl/tbh/alibates/images alibates-scrapers-lg.jpg
2001.09.01 20:58 B D:\TBH Temp\alibates\images\alibates-scrapers-sm.jpg --> uts.cc.utexas.edu /usr/pub/www/research/tarl/abouttarl/tbh/alibates/images alibates-scrapers-sm.jpg
2001.09.01 20:58 B D:\TBH Temp\alibates\images\alibates-scrapers-sm.jpg.LCK --> uts.cc.utexas.edu /usr/pub/www/research/tarl/abouttarl/tbh/alibates/images alibates-scrapers-sm.jpg.LCK
2001.09.01 20:58 B D:\TBH Temp\alibates\images\alibates-scrapers.html --> uts.cc.utexas.edu /usr/pub/www/research/tarl/abouttarl/tbh/alibates/images alibates-scrapers.html
2001.09.01 20:58 B D:\TBH Temp\alibates\images\antelope-fig10-lg.jpg --> uts.cc.utexas.edu /usr/pub/www/research/tarl/abouttarl/tbh/alibates/images antelope-fig10-lg.jpg
2001.09.01 20:58 B D:\TBH Temp\alibates\images\antelope-fig10-sm.jpg --> uts.cc.utexas.edu /usr/pub/www/research/tarl/abouttarl/tbh/alibates/images antelope-fig10-sm.jpg
2001.09.01 20:58 B D:\TBH Temp\alibates\images\antelope-fig10-sm.jpg.LCK --> uts.cc.utexas.edu /usr/pub/www/research/tarl/abouttarl/tbh/alibates/images antelope-fig10-sm.jpg.LCK
2001.09.01 20:58 B D:\TBH Temp\alibates\images\antelope-fig10.html --> uts.cc.utexas.edu /usr/pub/www/research/tarl/abouttarl/tbh/alibates/images antelope-fig10.html
2001.09.01 20:58 B D:\TBH Temp\alibates\images\PT2-BW1-lg.jpg --> uts.cc.utexas.edu /usr/pub/www/research/tarl/abouttarl/tbh/alibates/images PT2-BW1-lg.jpg
2001.09.01 20:58 B D:\TBH Temp\alibates\images\PT2-BW1-sm.jpg --> uts.cc.utexas.edu /usr/pub/www/research/tarl/abouttarl/tbh/alibates/images PT2-BW1-sm.jpg
2001.09.01 20:58 B D:\TBH Temp\alibates\images\PT2-BW1-sm.jpg.LCK --> uts.cc.utexas.edu /usr/pub/www/research/tarl/abouttarl/tbh/alibates/images PT2-BW1-sm.jpg.LCK
2001.09.01 20:58 B D:\TBH Temp\alibates\images\PT2-BW1.html --> uts.cc.utexas.edu /usr/pub/www/research/tarl/abouttarl/tbh/alibates/images PT2-BW1.html
2001.09.01 20:58 B D:\TBH Temp\alibates\images\PT2-BW3-lg.jpg --> uts.cc.utexas.edu /usr/pub/www/research/tarl/abouttarl/tbh/alibates/images PT2-BW3-lg.jpg
2001.09.01 20:58 B D:\TBH Temp\alibates\images\PT2-BW3-sm.jpg --> uts.cc.utexas.edu /usr/pub/www/research/tarl/abouttarl/tbh/alibates/images PT2-BW3-sm.jpg
2001.09.01 20:58 B D:\TBH Temp\alibates\images\PT2-BW3-sm.jpg.LCK --> uts.cc.utexas.edu /usr/pub/www/research/tarl/abouttarl/tbh/alibates/images PT2-BW3-sm.jpg.LCK
2001.09.01 20:58 B D:\TBH Temp\alibates\images\PT2-BW3.html --> uts.cc.utexas.edu /usr/pub/www/research/tarl/abouttarl/tbh/alibates/images PT2-BW3.html
2001.09.01 20:58 B D:\TBH Temp\alibates\images\smithsonian-letter-lg.jpg --> uts.cc.utexas.edu /usr/pub/www/research/tarl/abouttarl/tbh/alibates/images smithsonian-letter-lg.jpg
2001.09.01 20:58 B D:\TBH Temp\alibates\images\smithsonian-letter-sm.jpg --> uts.cc.utexas.edu /usr/pub/www/research/tarl/abouttarl/tbh/alibates/images smithsonian-letter-sm.jpg
2001.09.01 20:58 B D:\TBH Temp\alibates\images\smithsonian-letter-sm.jpg.LCK --> uts.cc.utexas.edu /usr/pub/www/research/tarl/abouttarl/tbh/alibates/images smithsonian-letter-sm.jpg.LCK
2001.09.01 20:58 B D:\TBH Temp\alibates\images\smithsonian-letter.html --> uts.cc.utexas.edu /usr/pub/www/research/tarl/abouttarl/tbh/alibates/images smithsonian-letter.html
2001.09.01 20:58 B D:\TBH Temp\alibates\images\Tas-c192-lg.jpg --> uts.cc.utexas.edu /usr/pub/www/research/tarl/abouttarl/tbh/alibates/images Tas-c192-lg.jpg
2001.09.01 20:58 B D:\TBH Temp\alibates\images\Tas-c192-sm.jpg --> uts.cc.utexas.edu /usr/pub/www/research/tarl/abouttarl/tbh/alibates/images Tas-c192-sm.jpg
2001.09.01 20:58 B D:\TBH Temp\alibates\images\Tas-c192-sm.jpg.LCK --> uts.cc.utexas.edu /usr/pub/www/research/tarl/abouttarl/tbh/alibates/images Tas-c192-sm.jpg.LCK
2001.09.01 20:58 B D:\TBH Temp\alibates\images\Tas-c192.html --> uts.cc.utexas.edu /usr/pub/www/research/tarl/abouttarl/tbh/alibates/images Tas-c192.html
2001.09.01 20:59 B D:\TBH Temp\alibates\images\Tas-c223-lg.jpg --> uts.cc.utexas.edu /usr/pub/www/research/tarl/abouttarl/tbh/alibates/images Tas-c223-lg.jpg
2001.09.01 20:59 B D:\TBH Temp\alibates\images\Tas-c223-sm.jpg --> uts.cc.utexas.edu /usr/pub/www/research/tarl/abouttarl/tbh/alibates/images Tas-c223-sm.jpg
2001.09.01 20:59 B D:\TBH Temp\alibates\images\Tas-c223-sm.jpg.LCK --> uts.cc.utexas.edu /usr/pub/www/research/tarl/abouttarl/tbh/alibates/images Tas-c223-sm.jpg.LCK
2001.09.01 20:59 B D:\TBH Temp\alibates\images\Tas-c223.html --> uts.cc.utexas.edu /usr/pub/www/research/tarl/abouttarl/tbh/alibates/images Tas-c223.html
2001.09.01 20:59 B D:\TBH Temp\alibates\images\Tas-c224-lg.jpg --> uts.cc.utexas.edu /usr/pub/www/research/tarl/abouttarl/tbh/alibates/images Tas-c224-lg.jpg
2001.09.01 20:59 B D:\TBH Temp\alibates\images\Tas-c224-sm.jpg --> uts.cc.utexas.edu /usr/pub/www/research/tarl/abouttarl/tbh/alibates/images Tas-c224-sm.jpg
2001.09.01 20:59 B D:\TBH Temp\alibates\images\Tas-c224-sm.jpg.LCK --> uts.cc.utexas.edu /usr/pub/www/research/tarl/abouttarl/tbh/alibates/images Tas-c224-sm.jpg.LCK
2001.09.01 20:59 B D:\TBH Temp\alibates\images\Tas-c224.html --> uts.cc.utexas.edu /usr/pub/www/research/tarl/abouttarl/tbh/alibates/images Tas-c224.html
2001.09.01 20:59 B D:\TBH Temp\alibates\images\Tas-c225-lg.jpg --> uts.cc.utexas.edu /usr/pub/www/research/tarl/abouttarl/tbh/alibates/images Tas-c225-lg.jpg
2001.09.01 20:59 B D:\TBH Temp\alibates\images\Tas-c225-sm.jpg --> uts.cc.utexas.edu /usr/pub/www/research/tarl/abouttarl/tbh/alibates/images Tas-c225-sm.jpg
2001.09.01 20:59 B D:\TBH Temp\alibates\images\Tas-c225-sm.jpg.LCK --> uts.cc.utexas.edu /usr/pub/www/research/tarl/abouttarl/tbh/alibates/images Tas-c225-sm.jpg.LCK
2001.09.01 20:59 B D:\TBH Temp\alibates\images\Tas-c225.html --> uts.cc.utexas.edu /usr/pub/www/research/tarl/abouttarl/tbh/alibates/images Tas-c225.html
2001.09.01 20:59 B D:\TBH Temp\alibates\images\Tas-c226-lg.jpg --> uts.cc.utexas.edu /usr/pub/www/research/tarl/abouttarl/tbh/alibates/images Tas-c226-lg.jpg
2001.09.01 20:59 B D:\TBH Temp\alibates\images\Tas-c226-sm.jpg --> uts.cc.utexas.edu /usr/pub/www/research/tarl/abouttarl/tbh/alibates/images Tas-c226-sm.jpg
2001.09.01 20:59 B D:\TBH Temp\alibates\images\Tas-c226-sm.jpg.LCK --> uts.cc.utexas.edu /usr/pub/www/research/tarl/abouttarl/tbh/alibates/images Tas-c226-sm.jpg.LCK
2001.09.01 20:59 B D:\TBH Temp\alibates\images\Tas-c226.html --> uts.cc.utexas.edu /usr/pub/www/research/tarl/abouttarl/tbh/alibates/images Tas-c226.html
2001.09.01 20:59 B D:\TBH Temp\alibates\images\Tas-c227-lg.jpg --> uts.cc.utexas.edu /usr/pub/www/research/tarl/abouttarl/tbh/alibates/images Tas-c227-lg.jpg
2001.09.01 20:59 B D:\TBH Temp\alibates\images\Tas-c227-sm.jpg --> uts.cc.utexas.edu /usr/pub/www/research/tarl/abouttarl/tbh/alibates/images Tas-c227-sm.jpg
2001.09.01 20:59 B D:\TBH Temp\alibates\images\Tas-c227-sm.jpg.LCK --> uts.cc.utexas.edu /usr/pub/www/research/tarl/abouttarl/tbh/alibates/images Tas-c227-sm.jpg.LCK
2001.09.01 20:59 B D:\TBH Temp\alibates\images\Tas-c227.html --> uts.cc.utexas.edu /usr/pub/www/research/tarl/abouttarl/tbh/alibates/images Tas-c227.html
2001.09.01 21:00 B D:\TBH Temp\alibates\images\Tas-c239-lg.jpg --> uts.cc.utexas.edu /usr/pub/www/research/tarl/abouttarl/tbh/alibates/images Tas-c239-lg.jpg
2001.09.01 21:00 B D:\TBH Temp\alibates\images\Tas-c239-sm.jpg --> uts.cc.utexas.edu /usr/pub/www/research/tarl/abouttarl/tbh/alibates/images Tas-c239-sm.jpg
2001.09.01 21:00 B D:\TBH Temp\alibates\images\Tas-c239-sm.jpg.LCK --> uts.cc.utexas.edu /usr/pub/www/research/tarl/abouttarl/tbh/alibates/images Tas-c239-sm.jpg.LCK
2001.09.01 21:00 B D:\TBH Temp\alibates\images\Tas-c239.html --> uts.cc.utexas.edu /usr/pub/www/research/tarl/abouttarl/tbh/alibates/images Tas-c239.html
2001.09.01 21:00 B D:\TBH Temp\alibates\images\Tas-c260-lg.jpg --> uts.cc.utexas.edu /usr/pub/www/research/tarl/abouttarl/tbh/alibates/images Tas-c260-lg.jpg
2001.09.01 21:00 B D:\TBH Temp\alibates\images\Tas-c260-sm.jpg --> uts.cc.utexas.edu /usr/pub/www/research/tarl/abouttarl/tbh/alibates/images Tas-c260-sm.jpg
2001.09.01 21:00 B D:\TBH Temp\alibates\images\Tas-c260-sm.jpg.LCK --> uts.cc.utexas.edu /usr/pub/www/research/tarl/abouttarl/tbh/alibates/images Tas-c260-sm.jpg.LCK
2001.09.01 21:00 B D:\TBH Temp\alibates\images\Tas-c260.html --> uts.cc.utexas.edu /usr/pub/www/research/tarl/abouttarl/tbh/alibates/images Tas-c260.html
2001.09.01 21:00 B D:\TBH Temp\alibates\images\Tas-c261-lg.jpg --> uts.cc.utexas.edu /usr/pub/www/research/tarl/abouttarl/tbh/alibates/images Tas-c261-lg.jpg
2001.09.01 21:00 B D:\TBH Temp\alibates\images\Tas-c261-sm.jpg --> uts.cc.utexas.edu /usr/pub/www/research/tarl/abouttarl/tbh/alibates/images Tas-c261-sm.jpg
2001.09.01 21:00 B D:\TBH Temp\alibates\images\Tas-c261-sm.jpg.LCK --> uts.cc.utexas.edu /usr/pub/www/research/tarl/abouttarl/tbh/alibates/images Tas-c261-sm.jpg.LCK
2001.09.01 21:00 B D:\TBH Temp\alibates\images\Tas-c261.html --> uts.cc.utexas.edu /usr/pub/www/research/tarl/abouttarl/tbh/alibates/images Tas-c261.html
2001.09.01 21:00 B D:\TBH Temp\alibates\images\Tas-c274-lg.jpg --> uts.cc.utexas.edu /usr/pub/www/research/tarl/abouttarl/tbh/alibates/images Tas-c274-lg.jpg
2001.09.01 21:00 B D:\TBH Temp\alibates\images\Tas-c274-sm.jpg --> uts.cc.utexas.edu /usr/pub/www/research/tarl/abouttarl/tbh/alibates/images Tas-c274-sm.jpg
2001.09.01 21:00 B D:\TBH Temp\alibates\images\Tas-c274-sm.jpg.LCK --> uts.cc.utexas.edu /usr/pub/www/research/tarl/abouttarl/tbh/alibates/images Tas-c274-sm.jpg.LCK
2001.09.01 21:00 B D:\TBH Temp\alibates\images\Tas-c274.html --> uts.cc.utexas.edu /usr/pub/www/research/tarl/abouttarl/tbh/alibates/images Tas-c274.html
2001.09.01 21:00 B D:\TBH Temp\alibates\images\Tas-c278-sm.jpg --> uts.cc.utexas.edu /usr/pub/www/research/tarl/abouttarl/tbh/alibates/images Tas-c278-sm.jpg
2001.09.01 21:00 B D:\TBH Temp\alibates\images\Tas-c278-sm.jpg.LCK --> uts.cc.utexas.edu /usr/pub/www/research/tarl/abouttarl/tbh/alibates/images Tas-c278-sm.jpg.LCK
2001.09.01 21:00 B D:\TBH Temp\alibates\images\Tas-c278.html --> uts.cc.utexas.edu /usr/pub/www/research/tarl/abouttarl/tbh/alibates/images Tas-c278.html
2001.09.01 21:01 B D:\TBH Temp\alibates\images\TAS-C278.lg.jpg --> uts.cc.utexas.edu /usr/pub/www/research/tarl/abouttarl/tbh/alibates/images TAS-C278.lg.jpg
2001.09.01 21:01 B D:\TBH Temp\alibates\images\Tas-c313-lg.jpg --> uts.cc.utexas.edu /usr/pub/www/research/tarl/abouttarl/tbh/alibates/images Tas-c313-lg.jpg
2001.09.01 21:01 B D:\TBH Temp\alibates\images\Tas-c313-sm.jpg --> uts.cc.utexas.edu /usr/pub/www/research/tarl/abouttarl/tbh/alibates/images Tas-c313-sm.jpg
2001.09.01 21:01 B D:\TBH Temp\alibates\images\Tas-c313-sm.jpg.LCK --> uts.cc.utexas.edu /usr/pub/www/research/tarl/abouttarl/tbh/alibates/images Tas-c313-sm.jpg.LCK
2001.09.01 21:01 B D:\TBH Temp\alibates\images\Tas-c313.html --> uts.cc.utexas.edu /usr/pub/www/research/tarl/abouttarl/tbh/alibates/images Tas-c313.html
2001.09.01 21:01 B D:\TBH Temp\alibates\images\Tas-c329-lg.jpg --> uts.cc.utexas.edu /usr/pub/www/research/tarl/abouttarl/tbh/alibates/images Tas-c329-lg.jpg
2001.09.01 21:01 B D:\TBH Temp\alibates\images\Tas-c329-sm.jpg --> uts.cc.utexas.edu /usr/pub/www/research/tarl/abouttarl/tbh/alibates/images Tas-c329-sm.jpg
2001.09.01 21:01 B D:\TBH Temp\alibates\images\Tas-c329-sm.jpg.LCK --> uts.cc.utexas.edu /usr/pub/www/research/tarl/abouttarl/tbh/alibates/images Tas-c329-sm.jpg.LCK
2001.09.01 21:01 B D:\TBH Temp\alibates\images\Tas-c329.html --> uts.cc.utexas.edu /usr/pub/www/research/tarl/abouttarl/tbh/alibates/images Tas-c329.html
2001.09.01 21:01 B D:\TBH Temp\alibates\images\Tas-c342-lg.jpg --> uts.cc.utexas.edu /usr/pub/www/research/tarl/abouttarl/tbh/alibates/images Tas-c342-lg.jpg
2001.09.01 21:01 B D:\TBH Temp\alibates\images\Tas-c342-sm.jpg --> uts.cc.utexas.edu /usr/pub/www/research/tarl/abouttarl/tbh/alibates/images Tas-c342-sm.jpg
2001.09.01 21:01 B D:\TBH Temp\alibates\images\Tas-c342-sm.jpg.LCK --> uts.cc.utexas.edu /usr/pub/www/research/tarl/abouttarl/tbh/alibates/images Tas-c342-sm.jpg.LCK
2001.09.01 21:01 B D:\TBH Temp\alibates\images\Tas-c342.html --> uts.cc.utexas.edu /usr/pub/www/research/tarl/abouttarl/tbh/alibates/images Tas-c342.html
2001.09.04 15:12 B M:\Website Stuff\alibates\images\WS_FTP.LOG <-- TARLweb /usr/pub/www/research/tarl/abouttarl/tbh/alibates/images WS_FTP.LOG
2001.09.04 16:04 B C:\WINDOWS\Desktop\TBH\TBH on TEXsite\alibates\images\WS_FTP.LOG <-- TARL /Website Stuff/alibates/images WS_FTP.LOG
2001.09.28 20:58 B D:\TBH Temp\tbh\alibates\images\WS_FTP.LOG <-- Texas Beyond History /Website Stuff/TBH Website Temp/alibates/images WS_FTP.LOG
