2007.06.12 08:51 B V:\TBH Website Temp\trans-p\kids\sandals\images\back-button.jpg --> uts.cc.utexas.edu /export/httpd/vhosts/texasbeyondhistory/data/protect/sandals/images back-button.jpg
2007.06.12 08:51 B V:\TBH Website Temp\trans-p\kids\sandals\images\cave-button1.jpg --> uts.cc.utexas.edu /export/httpd/vhosts/texasbeyondhistory/data/protect/sandals/images cave-button1.jpg
2007.06.12 08:51 B V:\TBH Website Temp\trans-p\kids\sandals\images\cave-button2-ro.jpg --> uts.cc.utexas.edu /export/httpd/vhosts/texasbeyondhistory/data/protect/sandals/images cave-button2-ro.jpg
2007.06.12 08:51 B V:\TBH Website Temp\trans-p\kids\sandals\images\ceremonial-cave.jpg --> uts.cc.utexas.edu /export/httpd/vhosts/texasbeyondhistory/data/protect/sandals/images ceremonial-cave.jpg
2007.06.12 08:51 B V:\TBH Website Temp\trans-p\kids\sandals\images\donny.jpg --> uts.cc.utexas.edu /export/httpd/vhosts/texasbeyondhistory/data/protect/sandals/images donny.jpg
2007.06.12 08:51 B V:\TBH Website Temp\trans-p\kids\sandals\images\donnys-foot.jpg --> uts.cc.utexas.edu /export/httpd/vhosts/texasbeyondhistory/data/protect/sandals/images donnys-foot.jpg
2007.06.12 08:51 B V:\TBH Website Temp\trans-p\kids\sandals\images\dr-dirt-trowel.jpg --> uts.cc.utexas.edu /export/httpd/vhosts/texasbeyondhistory/data/protect/sandals/images dr-dirt-trowel.jpg
2007.06.12 08:51 B V:\TBH Website Temp\trans-p\kids\sandals\images\fishtails.jpg --> uts.cc.utexas.edu /export/httpd/vhosts/texasbeyondhistory/data/protect/sandals/images fishtails.jpg
2007.06.12 08:51 B V:\TBH Website Temp\trans-p\kids\sandals\images\gr-arrow.jpg --> uts.cc.utexas.edu /export/httpd/vhosts/texasbeyondhistory/data/protect/sandals/images gr-arrow.jpg
2007.06.12 08:51 B V:\TBH Website Temp\trans-p\kids\sandals\images\granado-cave.jpg --> uts.cc.utexas.edu /export/httpd/vhosts/texasbeyondhistory/data/protect/sandals/images granado-cave.jpg
2007.06.12 08:51 B V:\TBH Website Temp\trans-p\kids\sandals\images\granado-cave2.jpg --> uts.cc.utexas.edu /export/httpd/vhosts/texasbeyondhistory/data/protect/sandals/images granado-cave2.jpg
2007.06.12 08:51 B V:\TBH Website Temp\trans-p\kids\sandals\images\hiking-shoe.jpg --> uts.cc.utexas.edu /export/httpd/vhosts/texasbeyondhistory/data/protect/sandals/images hiking-shoe.jpg
2007.06.12 08:51 B V:\TBH Website Temp\trans-p\kids\sandals\images\index-ceremonial.jpg --> uts.cc.utexas.edu /export/httpd/vhosts/texasbeyondhistory/data/protect/sandals/images index-ceremonial.jpg
2007.06.12 08:51 B V:\TBH Website Temp\trans-p\kids\sandals\images\index-plants.jpg --> uts.cc.utexas.edu /export/httpd/vhosts/texasbeyondhistory/data/protect/sandals/images index-plants.jpg
2007.06.12 08:51 B V:\TBH Website Temp\trans-p\kids\sandals\images\narrowyucca-2.jpg --> uts.cc.utexas.edu /export/httpd/vhosts/texasbeyondhistory/data/protect/sandals/images narrowyucca-2.jpg
2007.06.12 08:51 B V:\TBH Website Temp\trans-p\kids\sandals\images\next-button.jpg --> uts.cc.utexas.edu /export/httpd/vhosts/texasbeyondhistory/data/protect/sandals/images next-button.jpg
2007.06.12 08:51 B V:\TBH Website Temp\trans-p\kids\sandals\images\sandal-drawing.jpg --> uts.cc.utexas.edu /export/httpd/vhosts/texasbeyondhistory/data/protect/sandals/images sandal-drawing.jpg
2007.06.12 08:51 B V:\TBH Website Temp\trans-p\kids\sandals\images\sandals-bonfire.jpg --> uts.cc.utexas.edu /export/httpd/vhosts/texasbeyondhistory/data/protect/sandals/images sandals-bonfire.jpg
2007.06.12 08:51 B V:\TBH Website Temp\trans-p\kids\sandals\images\sandals-button1.jpg --> uts.cc.utexas.edu /export/httpd/vhosts/texasbeyondhistory/data/protect/sandals/images sandals-button1.jpg
2007.06.12 08:51 B V:\TBH Website Temp\trans-p\kids\sandals\images\sandals-button2-ro.jpg --> uts.cc.utexas.edu /export/httpd/vhosts/texasbeyondhistory/data/protect/sandals/images sandals-button2-ro.jpg
2007.06.12 08:51 B V:\TBH Website Temp\trans-p\kids\sandals\images\sandals-ceremonial.jpg --> uts.cc.utexas.edu /export/httpd/vhosts/texasbeyondhistory/data/protect/sandals/images sandals-ceremonial.jpg
2007.06.12 08:51 B V:\TBH Website Temp\trans-p\kids\sandals\images\sandals-combo.jpg --> uts.cc.utexas.edu /export/httpd/vhosts/texasbeyondhistory/data/protect/sandals/images sandals-combo.jpg
2007.06.12 08:51 B V:\TBH Website Temp\trans-p\kids\sandals\images\sandals-donny.jpg --> uts.cc.utexas.edu /export/httpd/vhosts/texasbeyondhistory/data/protect/sandals/images sandals-donny.jpg
2007.06.12 08:51 B V:\TBH Website Temp\trans-p\kids\sandals\images\sandals-hinds.jpg --> uts.cc.utexas.edu /export/httpd/vhosts/texasbeyondhistory/data/protect/sandals/images sandals-hinds.jpg
2007.06.12 08:51 B V:\TBH Website Temp\trans-p\kids\sandals\images\sandals-lwrpecos.jpg --> uts.cc.utexas.edu /export/httpd/vhosts/texasbeyondhistory/data/protect/sandals/images sandals-lwrpecos.jpg
2007.06.12 08:51 B V:\TBH Website Temp\trans-p\kids\sandals\images\sandals-rustler1.jpg --> uts.cc.utexas.edu /export/httpd/vhosts/texasbeyondhistory/data/protect/sandals/images sandals-rustler1.jpg
2007.06.12 08:51 B V:\TBH Website Temp\trans-p\kids\sandals\images\sandals-rustler2.jpg --> uts.cc.utexas.edu /export/httpd/vhosts/texasbeyondhistory/data/protect/sandals/images sandals-rustler2.jpg
2007.06.12 08:51 B V:\TBH Website Temp\trans-p\kids\sandals\images\seminole-m5.png --> uts.cc.utexas.edu /export/httpd/vhosts/texasbeyondhistory/data/protect/sandals/images seminole-m5.png
2007.06.12 08:51 B V:\TBH Website Temp\trans-p\kids\sandals\images\soles.jpg --> uts.cc.utexas.edu /export/httpd/vhosts/texasbeyondhistory/data/protect/sandals/images soles.jpg
2007.06.12 08:51 B V:\TBH Website Temp\trans-p\kids\sandals\images\text-bunny.jpg --> uts.cc.utexas.edu /export/httpd/vhosts/texasbeyondhistory/data/protect/sandals/images text-bunny.jpg
2007.06.12 08:51 B V:\TBH Website Temp\trans-p\kids\sandals\images\text-camp.jpg --> uts.cc.utexas.edu /export/httpd/vhosts/texasbeyondhistory/data/protect/sandals/images text-camp.jpg
2007.06.12 08:51 B V:\TBH Website Temp\trans-p\kids\sandals\images\text-deer.jpg --> uts.cc.utexas.edu /export/httpd/vhosts/texasbeyondhistory/data/protect/sandals/images text-deer.jpg
2007.06.12 08:51 B V:\TBH Website Temp\trans-p\kids\sandals\images\Thumbs.db --> uts.cc.utexas.edu /export/httpd/vhosts/texasbeyondhistory/data/protect/sandals/images Thumbs.db
2007.06.12 08:51 B V:\TBH Website Temp\trans-p\kids\sandals\images\yucca-constricta.jpg --> uts.cc.utexas.edu /export/httpd/vhosts/texasbeyondhistory/data/protect/sandals/images yucca-constricta.jpg
2007.06.12 08:51 B V:\TBH Website Temp\trans-p\kids\sandals\images\yucca-dagger.jpg --> uts.cc.utexas.edu /export/httpd/vhosts/texasbeyondhistory/data/protect/sandals/images yucca-dagger.jpg
2007.06.12 08:51 B V:\TBH Website Temp\trans-p\kids\sandals\images\yucca-leaf.jpg --> uts.cc.utexas.edu /export/httpd/vhosts/texasbeyondhistory/data/protect/sandals/images yucca-leaf.jpg
2007.06.12 08:51 B V:\TBH Website Temp\trans-p\kids\sandals\images\yucca.jpg --> uts.cc.utexas.edu /export/httpd/vhosts/texasbeyondhistory/data/protect/sandals/images yucca.jpg
2007.11.08 09:23 B L:\TBH Website Temp\trans-p\kids\sandals\images\Thumbs.db --> uts.cc.utexas.edu /export/httpd/vhosts/texasbeyondhistory/data/protect/trans-p/kids/sandals/images Thumbs.db
2007.11.08 09:23 B L:\TBH Website Temp\trans-p\kids\sandals\images\WS_FTP.LOG --> uts.cc.utexas.edu /export/httpd/vhosts/texasbeyondhistory/data/protect/trans-p/kids/sandals/images WS_FTP.LOG
2007.11.08 09:23 B L:\TBH Website Temp\trans-p\kids\sandals\images\gr-arrow.jpg --> uts.cc.utexas.edu /export/httpd/vhosts/texasbeyondhistory/data/protect/trans-p/kids/sandals/images gr-arrow.jpg
2007.11.08 09:23 B L:\TBH Website Temp\trans-p\kids\sandals\images\soles.jpg --> uts.cc.utexas.edu /export/httpd/vhosts/texasbeyondhistory/data/protect/trans-p/kids/sandals/images soles.jpg
2007.11.08 09:23 B L:\TBH Website Temp\trans-p\kids\sandals\images\yucca.jpg --> uts.cc.utexas.edu /export/httpd/vhosts/texasbeyondhistory/data/protect/trans-p/kids/sandals/images yucca.jpg
2007.11.08 09:23 B L:\TBH Website Temp\trans-p\kids\sandals\images\index-plants.jpg --> uts.cc.utexas.edu /export/httpd/vhosts/texasbeyondhistory/data/protect/trans-p/kids/sandals/images index-plants.jpg
2007.11.08 09:23 B L:\TBH Website Temp\trans-p\kids\sandals\images\text-camp.jpg --> uts.cc.utexas.edu /export/httpd/vhosts/texasbeyondhistory/data/protect/trans-p/kids/sandals/images text-camp.jpg
2007.11.08 09:23 B L:\TBH Website Temp\trans-p\kids\sandals\images\text-deer.jpg --> uts.cc.utexas.edu /export/httpd/vhosts/texasbeyondhistory/data/protect/trans-p/kids/sandals/images text-deer.jpg
2007.11.08 09:23 B L:\TBH Website Temp\trans-p\kids\sandals\images\text-bunny.jpg --> uts.cc.utexas.edu /export/httpd/vhosts/texasbeyondhistory/data/protect/trans-p/kids/sandals/images text-bunny.jpg
2007.11.08 09:23 B L:\TBH Website Temp\trans-p\kids\sandals\images\granado-cave2.jpg --> uts.cc.utexas.edu /export/httpd/vhosts/texasbeyondhistory/data/protect/trans-p/kids/sandals/images granado-cave2.jpg
2007.11.08 09:23 B L:\TBH Website Temp\trans-p\kids\sandals\images\cave-button2-ro.jpg --> uts.cc.utexas.edu /export/httpd/vhosts/texasbeyondhistory/data/protect/trans-p/kids/sandals/images cave-button2-ro.jpg
2007.11.08 09:23 B L:\TBH Website Temp\trans-p\kids\sandals\images\cave-button1.jpg --> uts.cc.utexas.edu /export/httpd/vhosts/texasbeyondhistory/data/protect/trans-p/kids/sandals/images cave-button1.jpg
2007.11.08 09:24 B L:\TBH Website Temp\trans-p\kids\sandals\images\sandals-button2-ro.jpg --> uts.cc.utexas.edu /export/httpd/vhosts/texasbeyondhistory/data/protect/trans-p/kids/sandals/images sandals-button2-ro.jpg
2007.11.08 09:24 B L:\TBH Website Temp\trans-p\kids\sandals\images\sandals-button1.jpg --> uts.cc.utexas.edu /export/httpd/vhosts/texasbeyondhistory/data/protect/trans-p/kids/sandals/images sandals-button1.jpg
2007.11.08 09:24 B L:\TBH Website Temp\trans-p\kids\sandals\images\sandals-donny.jpg --> uts.cc.utexas.edu /export/httpd/vhosts/texasbeyondhistory/data/protect/trans-p/kids/sandals/images sandals-donny.jpg
2007.11.08 09:24 B L:\TBH Website Temp\trans-p\kids\sandals\images\donnys-foot.jpg --> uts.cc.utexas.edu /export/httpd/vhosts/texasbeyondhistory/data/protect/trans-p/kids/sandals/images donnys-foot.jpg
2007.11.08 09:24 B L:\TBH Website Temp\trans-p\kids\sandals\images\donny.jpg --> uts.cc.utexas.edu /export/httpd/vhosts/texasbeyondhistory/data/protect/trans-p/kids/sandals/images donny.jpg
2007.11.08 09:24 B L:\TBH Website Temp\trans-p\kids\sandals\images\fishtails.jpg --> uts.cc.utexas.edu /export/httpd/vhosts/texasbeyondhistory/data/protect/trans-p/kids/sandals/images fishtails.jpg
2007.11.08 09:24 B L:\TBH Website Temp\trans-p\kids\sandals\images\yucca-leaf.jpg --> uts.cc.utexas.edu /export/httpd/vhosts/texasbeyondhistory/data/protect/trans-p/kids/sandals/images yucca-leaf.jpg
2007.11.08 09:24 B L:\TBH Website Temp\trans-p\kids\sandals\images\narrowyucca-2.jpg --> uts.cc.utexas.edu /export/httpd/vhosts/texasbeyondhistory/data/protect/trans-p/kids/sandals/images narrowyucca-2.jpg
2007.11.08 09:24 B L:\TBH Website Temp\trans-p\kids\sandals\images\yucca-dagger.jpg --> uts.cc.utexas.edu /export/httpd/vhosts/texasbeyondhistory/data/protect/trans-p/kids/sandals/images yucca-dagger.jpg
2007.11.08 09:24 B L:\TBH Website Temp\trans-p\kids\sandals\images\yucca-constricta.jpg --> uts.cc.utexas.edu /export/httpd/vhosts/texasbeyondhistory/data/protect/trans-p/kids/sandals/images yucca-constricta.jpg
2007.11.08 09:24 B L:\TBH Website Temp\trans-p\kids\sandals\images\hiking-shoe.jpg --> uts.cc.utexas.edu /export/httpd/vhosts/texasbeyondhistory/data/protect/trans-p/kids/sandals/images hiking-shoe.jpg
2007.11.08 09:24 B L:\TBH Website Temp\trans-p\kids\sandals\images\seminole-m5.png --> uts.cc.utexas.edu /export/httpd/vhosts/texasbeyondhistory/data/protect/trans-p/kids/sandals/images seminole-m5.png
2007.11.08 09:24 B L:\TBH Website Temp\trans-p\kids\sandals\images\sandal-drawing.jpg --> uts.cc.utexas.edu /export/httpd/vhosts/texasbeyondhistory/data/protect/trans-p/kids/sandals/images sandal-drawing.jpg
2007.11.08 09:24 B L:\TBH Website Temp\trans-p\kids\sandals\images\sandals-combo.jpg --> uts.cc.utexas.edu /export/httpd/vhosts/texasbeyondhistory/data/protect/trans-p/kids/sandals/images sandals-combo.jpg
2007.11.08 09:24 B L:\TBH Website Temp\trans-p\kids\sandals\images\sandals-ceremonial.jpg --> uts.cc.utexas.edu /export/httpd/vhosts/texasbeyondhistory/data/protect/trans-p/kids/sandals/images sandals-ceremonial.jpg
2007.11.08 09:24 B L:\TBH Website Temp\trans-p\kids\sandals\images\sandals-rustler2.jpg --> uts.cc.utexas.edu /export/httpd/vhosts/texasbeyondhistory/data/protect/trans-p/kids/sandals/images sandals-rustler2.jpg
2007.11.08 09:24 B L:\TBH Website Temp\trans-p\kids\sandals\images\sandals-rustler1.jpg --> uts.cc.utexas.edu /export/httpd/vhosts/texasbeyondhistory/data/protect/trans-p/kids/sandals/images sandals-rustler1.jpg
2007.11.08 09:24 B L:\TBH Website Temp\trans-p\kids\sandals\images\sandals-hinds.jpg --> uts.cc.utexas.edu /export/httpd/vhosts/texasbeyondhistory/data/protect/trans-p/kids/sandals/images sandals-hinds.jpg
2007.11.08 09:24 B L:\TBH Website Temp\trans-p\kids\sandals\images\sandals-bonfire.jpg --> uts.cc.utexas.edu /export/httpd/vhosts/texasbeyondhistory/data/protect/trans-p/kids/sandals/images sandals-bonfire.jpg
2007.11.08 09:24 B L:\TBH Website Temp\trans-p\kids\sandals\images\sandals-lwrpecos.jpg --> uts.cc.utexas.edu /export/httpd/vhosts/texasbeyondhistory/data/protect/trans-p/kids/sandals/images sandals-lwrpecos.jpg
2007.11.08 09:24 B L:\TBH Website Temp\trans-p\kids\sandals\images\back-button.jpg --> uts.cc.utexas.edu /export/httpd/vhosts/texasbeyondhistory/data/protect/trans-p/kids/sandals/images back-button.jpg
2007.11.08 09:24 B L:\TBH Website Temp\trans-p\kids\sandals\images\ceremonial-cave.jpg --> uts.cc.utexas.edu /export/httpd/vhosts/texasbeyondhistory/data/protect/trans-p/kids/sandals/images ceremonial-cave.jpg
2007.11.08 09:24 B L:\TBH Website Temp\trans-p\kids\sandals\images\granado-cave.jpg --> uts.cc.utexas.edu /export/httpd/vhosts/texasbeyondhistory/data/protect/trans-p/kids/sandals/images granado-cave.jpg
2007.11.08 09:24 B L:\TBH Website Temp\trans-p\kids\sandals\images\next-button.jpg --> uts.cc.utexas.edu /export/httpd/vhosts/texasbeyondhistory/data/protect/trans-p/kids/sandals/images next-button.jpg
2007.11.08 09:24 B L:\TBH Website Temp\trans-p\kids\sandals\images\index-ceremonial.jpg --> uts.cc.utexas.edu /export/httpd/vhosts/texasbeyondhistory/data/protect/trans-p/kids/sandals/images index-ceremonial.jpg
2007.11.08 09:24 B L:\TBH Website Temp\trans-p\kids\sandals\images\dr-dirt-trowel.jpg --> uts.cc.utexas.edu /export/httpd/vhosts/texasbeyondhistory/data/protect/trans-p/kids/sandals/images dr-dirt-trowel.jpg
2007.11.13 16:32 B K:\TBH Website Temp\granado\sandals\images\back-button.jpg --> uts.cc.utexas.edu /export/httpd/vhosts/texasbeyondhistory/data/granado/sandals/images back-button.jpg
2007.11.13 16:32 B K:\TBH Website Temp\granado\sandals\images\cave-button1.jpg --> uts.cc.utexas.edu /export/httpd/vhosts/texasbeyondhistory/data/granado/sandals/images cave-button1.jpg
2007.11.13 16:32 B K:\TBH Website Temp\granado\sandals\images\cave-button2-ro.jpg --> uts.cc.utexas.edu /export/httpd/vhosts/texasbeyondhistory/data/granado/sandals/images cave-button2-ro.jpg
2007.11.13 16:32 B K:\TBH Website Temp\granado\sandals\images\ceremonial-cave.jpg --> uts.cc.utexas.edu /export/httpd/vhosts/texasbeyondhistory/data/granado/sandals/images ceremonial-cave.jpg
2007.11.13 16:32 B K:\TBH Website Temp\granado\sandals\images\donny.jpg --> uts.cc.utexas.edu /export/httpd/vhosts/texasbeyondhistory/data/granado/sandals/images donny.jpg
2007.11.13 16:32 B K:\TBH Website Temp\granado\sandals\images\donnys-foot.jpg --> uts.cc.utexas.edu /export/httpd/vhosts/texasbeyondhistory/data/granado/sandals/images donnys-foot.jpg
2007.11.13 16:32 B K:\TBH Website Temp\granado\sandals\images\dr-dirt-trowel.jpg --> uts.cc.utexas.edu /export/httpd/vhosts/texasbeyondhistory/data/granado/sandals/images dr-dirt-trowel.jpg
2007.11.13 16:32 B K:\TBH Website Temp\granado\sandals\images\fishtails.jpg --> uts.cc.utexas.edu /export/httpd/vhosts/texasbeyondhistory/data/granado/sandals/images fishtails.jpg
2007.11.13 16:32 B K:\TBH Website Temp\granado\sandals\images\gr-arrow.jpg --> uts.cc.utexas.edu /export/httpd/vhosts/texasbeyondhistory/data/granado/sandals/images gr-arrow.jpg
2007.11.13 16:32 B K:\TBH Website Temp\granado\sandals\images\granado-cave.jpg --> uts.cc.utexas.edu /export/httpd/vhosts/texasbeyondhistory/data/granado/sandals/images granado-cave.jpg
2007.11.13 16:32 B K:\TBH Website Temp\granado\sandals\images\granado-cave2.jpg --> uts.cc.utexas.edu /export/httpd/vhosts/texasbeyondhistory/data/granado/sandals/images granado-cave2.jpg
2007.11.13 16:32 B K:\TBH Website Temp\granado\sandals\images\hiking-shoe.jpg --> uts.cc.utexas.edu /export/httpd/vhosts/texasbeyondhistory/data/granado/sandals/images hiking-shoe.jpg
2007.11.13 16:32 B K:\TBH Website Temp\granado\sandals\images\index-ceremonial.jpg --> uts.cc.utexas.edu /export/httpd/vhosts/texasbeyondhistory/data/granado/sandals/images index-ceremonial.jpg
2007.11.13 16:32 B K:\TBH Website Temp\granado\sandals\images\index-plants.jpg --> uts.cc.utexas.edu /export/httpd/vhosts/texasbeyondhistory/data/granado/sandals/images index-plants.jpg
2007.11.13 16:32 B K:\TBH Website Temp\granado\sandals\images\narrowyucca-2.jpg --> uts.cc.utexas.edu /export/httpd/vhosts/texasbeyondhistory/data/granado/sandals/images narrowyucca-2.jpg
2007.11.13 16:32 B K:\TBH Website Temp\granado\sandals\images\next-button.jpg --> uts.cc.utexas.edu /export/httpd/vhosts/texasbeyondhistory/data/granado/sandals/images next-button.jpg
2007.11.13 16:32 B K:\TBH Website Temp\granado\sandals\images\sandal-drawing.jpg --> uts.cc.utexas.edu /export/httpd/vhosts/texasbeyondhistory/data/granado/sandals/images sandal-drawing.jpg
2007.11.13 16:32 B K:\TBH Website Temp\granado\sandals\images\sandals-bonfire.jpg --> uts.cc.utexas.edu /export/httpd/vhosts/texasbeyondhistory/data/granado/sandals/images sandals-bonfire.jpg
2007.11.13 16:32 B K:\TBH Website Temp\granado\sandals\images\sandals-button1.jpg --> uts.cc.utexas.edu /export/httpd/vhosts/texasbeyondhistory/data/granado/sandals/images sandals-button1.jpg
2007.11.13 16:32 B K:\TBH Website Temp\granado\sandals\images\sandals-button2-ro.jpg --> uts.cc.utexas.edu /export/httpd/vhosts/texasbeyondhistory/data/granado/sandals/images sandals-button2-ro.jpg
2007.11.13 16:32 B K:\TBH Website Temp\granado\sandals\images\sandals-ceremonial.jpg --> uts.cc.utexas.edu /export/httpd/vhosts/texasbeyondhistory/data/granado/sandals/images sandals-ceremonial.jpg
2007.11.13 16:32 B K:\TBH Website Temp\granado\sandals\images\sandals-combo.jpg --> uts.cc.utexas.edu /export/httpd/vhosts/texasbeyondhistory/data/granado/sandals/images sandals-combo.jpg
2007.11.13 16:32 B K:\TBH Website Temp\granado\sandals\images\sandals-donny.jpg --> uts.cc.utexas.edu /export/httpd/vhosts/texasbeyondhistory/data/granado/sandals/images sandals-donny.jpg
2007.11.13 16:32 B K:\TBH Website Temp\granado\sandals\images\sandals-hinds.jpg --> uts.cc.utexas.edu /export/httpd/vhosts/texasbeyondhistory/data/granado/sandals/images sandals-hinds.jpg
2007.11.13 16:32 B K:\TBH Website Temp\granado\sandals\images\sandals-lwrpecos.jpg --> uts.cc.utexas.edu /export/httpd/vhosts/texasbeyondhistory/data/granado/sandals/images sandals-lwrpecos.jpg
2007.11.13 16:32 B K:\TBH Website Temp\granado\sandals\images\sandals-rustler1.jpg --> uts.cc.utexas.edu /export/httpd/vhosts/texasbeyondhistory/data/granado/sandals/images sandals-rustler1.jpg
2007.11.13 16:32 B K:\TBH Website Temp\granado\sandals\images\sandals-rustler2.jpg --> uts.cc.utexas.edu /export/httpd/vhosts/texasbeyondhistory/data/granado/sandals/images sandals-rustler2.jpg
2007.11.13 16:32 B K:\TBH Website Temp\granado\sandals\images\seminole-m5.png --> uts.cc.utexas.edu /export/httpd/vhosts/texasbeyondhistory/data/granado/sandals/images seminole-m5.png
2007.11.13 16:32 B K:\TBH Website Temp\granado\sandals\images\soles.jpg --> uts.cc.utexas.edu /export/httpd/vhosts/texasbeyondhistory/data/granado/sandals/images soles.jpg
2007.11.13 16:32 B K:\TBH Website Temp\granado\sandals\images\text-bunny.jpg --> uts.cc.utexas.edu /export/httpd/vhosts/texasbeyondhistory/data/granado/sandals/images text-bunny.jpg
2007.11.13 16:32 B K:\TBH Website Temp\granado\sandals\images\text-camp.jpg --> uts.cc.utexas.edu /export/httpd/vhosts/texasbeyondhistory/data/granado/sandals/images text-camp.jpg
2007.11.13 16:32 B K:\TBH Website Temp\granado\sandals\images\text-deer.jpg --> uts.cc.utexas.edu /export/httpd/vhosts/texasbeyondhistory/data/granado/sandals/images text-deer.jpg
2007.11.13 16:32 B K:\TBH Website Temp\granado\sandals\images\Thumbs.db --> uts.cc.utexas.edu /export/httpd/vhosts/texasbeyondhistory/data/granado/sandals/images Thumbs.db
