2003.08.06 09:21 B K:\TBH Website Temp\kids\caddo\images\img\caddointerior_r2_c2.gif --> uts.cc.utexas.edu /export/httpd/vhosts/texasbeyondhistory/data/kids/caddo/images/img caddointerior_r2_c2.gif
2003.08.06 09:21 B K:\TBH Website Temp\kids\caddo\images\img\caddointerior_r2_c2_f2.gif --> uts.cc.utexas.edu /export/httpd/vhosts/texasbeyondhistory/data/kids/caddo/images/img caddointerior_r2_c2_f2.gif
2003.08.06 09:21 B K:\TBH Website Temp\kids\caddo\images\img\caddointerior_r2_c2_f3.gif --> uts.cc.utexas.edu /export/httpd/vhosts/texasbeyondhistory/data/kids/caddo/images/img caddointerior_r2_c2_f3.gif
2003.08.06 09:21 B K:\TBH Website Temp\kids\caddo\images\img\caddointerior_r2_c2_f4.gif --> uts.cc.utexas.edu /export/httpd/vhosts/texasbeyondhistory/data/kids/caddo/images/img caddointerior_r2_c2_f4.gif
2003.08.06 09:21 B K:\TBH Website Temp\kids\caddo\images\img\caddointerior_r2_c3.gif --> uts.cc.utexas.edu /export/httpd/vhosts/texasbeyondhistory/data/kids/caddo/images/img caddointerior_r2_c3.gif
2003.08.06 09:21 B K:\TBH Website Temp\kids\caddo\images\img\caddointerior_r3_c2.gif --> uts.cc.utexas.edu /export/httpd/vhosts/texasbeyondhistory/data/kids/caddo/images/img caddointerior_r3_c2.gif
2003.08.06 09:21 B K:\TBH Website Temp\kids\caddo\images\img\index.jpg --> uts.cc.utexas.edu /export/httpd/vhosts/texasbeyondhistory/data/kids/caddo/images/img index.jpg
2003.08.06 09:21 B K:\TBH Website Temp\kids\caddo\images\img\index_f2.jpg --> uts.cc.utexas.edu /export/httpd/vhosts/texasbeyondhistory/data/kids/caddo/images/img index_f2.jpg
2003.08.06 09:21 B K:\TBH Website Temp\kids\caddo\images\img\index_r1_c1.jpg --> uts.cc.utexas.edu /export/httpd/vhosts/texasbeyondhistory/data/kids/caddo/images/img index_r1_c1.jpg
2003.08.06 09:21 B K:\TBH Website Temp\kids\caddo\images\img\index_r1_c2.jpg --> uts.cc.utexas.edu /export/httpd/vhosts/texasbeyondhistory/data/kids/caddo/images/img index_r1_c2.jpg
2003.08.06 09:21 B K:\TBH Website Temp\kids\caddo\images\img\index_r1_c2_f2.jpg --> uts.cc.utexas.edu /export/httpd/vhosts/texasbeyondhistory/data/kids/caddo/images/img index_r1_c2_f2.jpg
2003.08.06 09:21 B K:\TBH Website Temp\kids\caddo\images\img\index_r1_c5.jpg --> uts.cc.utexas.edu /export/httpd/vhosts/texasbeyondhistory/data/kids/caddo/images/img index_r1_c5.jpg
2003.08.06 09:21 B K:\TBH Website Temp\kids\caddo\images\img\index_r2_c5.jpg --> uts.cc.utexas.edu /export/httpd/vhosts/texasbeyondhistory/data/kids/caddo/images/img index_r2_c5.jpg
2003.08.06 09:21 B K:\TBH Website Temp\kids\caddo\images\img\index_r2_c6.jpg --> uts.cc.utexas.edu /export/httpd/vhosts/texasbeyondhistory/data/kids/caddo/images/img index_r2_c6.jpg
2003.08.06 09:21 B K:\TBH Website Temp\kids\caddo\images\img\index_r2_c6_f2.jpg --> uts.cc.utexas.edu /export/httpd/vhosts/texasbeyondhistory/data/kids/caddo/images/img index_r2_c6_f2.jpg
2003.08.06 09:21 B K:\TBH Website Temp\kids\caddo\images\img\index_r2_c9.jpg --> uts.cc.utexas.edu /export/httpd/vhosts/texasbeyondhistory/data/kids/caddo/images/img index_r2_c9.jpg
2003.08.06 09:21 B K:\TBH Website Temp\kids\caddo\images\img\index_r3_c2.jpg --> uts.cc.utexas.edu /export/httpd/vhosts/texasbeyondhistory/data/kids/caddo/images/img index_r3_c2.jpg
2003.08.06 09:21 B K:\TBH Website Temp\kids\caddo\images\img\index_r4_c6.jpg --> uts.cc.utexas.edu /export/httpd/vhosts/texasbeyondhistory/data/kids/caddo/images/img index_r4_c6.jpg
2003.08.06 09:21 B K:\TBH Website Temp\kids\caddo\images\img\index_r5_c6.jpg --> uts.cc.utexas.edu /export/httpd/vhosts/texasbeyondhistory/data/kids/caddo/images/img index_r5_c6.jpg
2003.08.06 09:21 B K:\TBH Website Temp\kids\caddo\images\img\index_r5_c8.jpg --> uts.cc.utexas.edu /export/httpd/vhosts/texasbeyondhistory/data/kids/caddo/images/img index_r5_c8.jpg
2003.08.06 09:21 B K:\TBH Website Temp\kids\caddo\images\img\index_r5_c8_f2.jpg --> uts.cc.utexas.edu /export/httpd/vhosts/texasbeyondhistory/data/kids/caddo/images/img index_r5_c8_f2.jpg
2003.08.06 09:21 B K:\TBH Website Temp\kids\caddo\images\img\index_r6_c1.jpg --> uts.cc.utexas.edu /export/httpd/vhosts/texasbeyondhistory/data/kids/caddo/images/img index_r6_c1.jpg
2003.08.06 09:21 B K:\TBH Website Temp\kids\caddo\images\img\index_r6_c1_f2.jpg --> uts.cc.utexas.edu /export/httpd/vhosts/texasbeyondhistory/data/kids/caddo/images/img index_r6_c1_f2.jpg
2003.08.06 09:21 B K:\TBH Website Temp\kids\caddo\images\img\index_r6_c3.jpg --> uts.cc.utexas.edu /export/httpd/vhosts/texasbeyondhistory/data/kids/caddo/images/img index_r6_c3.jpg
2003.08.06 09:21 B K:\TBH Website Temp\kids\caddo\images\img\index_r7_c3.jpg --> uts.cc.utexas.edu /export/httpd/vhosts/texasbeyondhistory/data/kids/caddo/images/img index_r7_c3.jpg
2003.08.06 09:21 B K:\TBH Website Temp\kids\caddo\images\img\index_r7_c4.jpg --> uts.cc.utexas.edu /export/httpd/vhosts/texasbeyondhistory/data/kids/caddo/images/img index_r7_c4.jpg
2003.08.06 09:21 B K:\TBH Website Temp\kids\caddo\images\img\index_r7_c4_f2.jpg --> uts.cc.utexas.edu /export/httpd/vhosts/texasbeyondhistory/data/kids/caddo/images/img index_r7_c4_f2.jpg
2003.08.06 09:21 B K:\TBH Website Temp\kids\caddo\images\img\index_r7_c7.jpg --> uts.cc.utexas.edu /export/httpd/vhosts/texasbeyondhistory/data/kids/caddo/images/img index_r7_c7.jpg
2003.08.06 09:21 B K:\TBH Website Temp\kids\caddo\images\img\index_r8_c8.jpg --> uts.cc.utexas.edu /export/httpd/vhosts/texasbeyondhistory/data/kids/caddo/images/img index_r8_c8.jpg
2003.08.06 09:21 B K:\TBH Website Temp\kids\caddo\images\img\index_r9_c1.jpg --> uts.cc.utexas.edu /export/httpd/vhosts/texasbeyondhistory/data/kids/caddo/images/img index_r9_c1.jpg
2003.08.06 09:21 B K:\TBH Website Temp\kids\caddo\images\img\spacer.gif --> uts.cc.utexas.edu /export/httpd/vhosts/texasbeyondhistory/data/kids/caddo/images/img spacer.gif
2003.08.06 09:21 B K:\TBH Website Temp\kids\caddo\images\img\village_r10_c6.jpg --> uts.cc.utexas.edu /export/httpd/vhosts/texasbeyondhistory/data/kids/caddo/images/img village_r10_c6.jpg
2003.08.06 09:21 B K:\TBH Website Temp\kids\caddo\images\img\village_r11_c13.jpg --> uts.cc.utexas.edu /export/httpd/vhosts/texasbeyondhistory/data/kids/caddo/images/img village_r11_c13.jpg
2003.08.06 09:21 B K:\TBH Website Temp\kids\caddo\images\img\village_r11_c14.jpg --> uts.cc.utexas.edu /export/httpd/vhosts/texasbeyondhistory/data/kids/caddo/images/img village_r11_c14.jpg
2003.08.06 09:21 B K:\TBH Website Temp\kids\caddo\images\img\village_r11_c14_f2.jpg --> uts.cc.utexas.edu /export/httpd/vhosts/texasbeyondhistory/data/kids/caddo/images/img village_r11_c14_f2.jpg
2003.08.06 09:21 B K:\TBH Website Temp\kids\caddo\images\img\village_r11_c14_f3.jpg --> uts.cc.utexas.edu /export/httpd/vhosts/texasbeyondhistory/data/kids/caddo/images/img village_r11_c14_f3.jpg
2003.08.06 09:21 B K:\TBH Website Temp\kids\caddo\images\img\village_r11_c14_f4.jpg --> uts.cc.utexas.edu /export/httpd/vhosts/texasbeyondhistory/data/kids/caddo/images/img village_r11_c14_f4.jpg
2003.08.06 09:21 B K:\TBH Website Temp\kids\caddo\images\img\village_r11_c15.jpg --> uts.cc.utexas.edu /export/httpd/vhosts/texasbeyondhistory/data/kids/caddo/images/img village_r11_c15.jpg
2003.08.06 09:21 B K:\TBH Website Temp\kids\caddo\images\img\village_r12_c4.jpg --> uts.cc.utexas.edu /export/httpd/vhosts/texasbeyondhistory/data/kids/caddo/images/img village_r12_c4.jpg
2003.08.06 09:21 B K:\TBH Website Temp\kids\caddo\images\img\village_r13_c11.jpg --> uts.cc.utexas.edu /export/httpd/vhosts/texasbeyondhistory/data/kids/caddo/images/img village_r13_c11.jpg
2003.08.06 09:21 B K:\TBH Website Temp\kids\caddo\images\img\village_r14_c8.jpg --> uts.cc.utexas.edu /export/httpd/vhosts/texasbeyondhistory/data/kids/caddo/images/img village_r14_c8.jpg
2003.08.06 09:21 B K:\TBH Website Temp\kids\caddo\images\img\village_r15_c14.jpg --> uts.cc.utexas.edu /export/httpd/vhosts/texasbeyondhistory/data/kids/caddo/images/img village_r15_c14.jpg
2003.08.06 09:21 B K:\TBH Website Temp\kids\caddo\images\img\village_r1_c1.jpg --> uts.cc.utexas.edu /export/httpd/vhosts/texasbeyondhistory/data/kids/caddo/images/img village_r1_c1.jpg
2003.08.06 09:21 B K:\TBH Website Temp\kids\caddo\images\img\village_r2_c1.jpg --> uts.cc.utexas.edu /export/httpd/vhosts/texasbeyondhistory/data/kids/caddo/images/img village_r2_c1.jpg
2003.08.06 09:21 B K:\TBH Website Temp\kids\caddo\images\img\village_r2_c8.jpg --> uts.cc.utexas.edu /export/httpd/vhosts/texasbeyondhistory/data/kids/caddo/images/img village_r2_c8.jpg
2003.08.06 09:21 B K:\TBH Website Temp\kids\caddo\images\img\village_r2_c8_f2.jpg --> uts.cc.utexas.edu /export/httpd/vhosts/texasbeyondhistory/data/kids/caddo/images/img village_r2_c8_f2.jpg
2003.08.06 09:21 B K:\TBH Website Temp\kids\caddo\images\img\village_r2_c8_f3.jpg --> uts.cc.utexas.edu /export/httpd/vhosts/texasbeyondhistory/data/kids/caddo/images/img village_r2_c8_f3.jpg
2003.08.06 09:21 B K:\TBH Website Temp\kids\caddo\images\img\village_r2_c8_f4.jpg --> uts.cc.utexas.edu /export/httpd/vhosts/texasbeyondhistory/data/kids/caddo/images/img village_r2_c8_f4.jpg
2003.08.06 09:21 B K:\TBH Website Temp\kids\caddo\images\img\village_r2_c9.jpg --> uts.cc.utexas.edu /export/httpd/vhosts/texasbeyondhistory/data/kids/caddo/images/img village_r2_c9.jpg
2003.08.06 09:21 B K:\TBH Website Temp\kids\caddo\images\img\village_r3_c10.jpg --> uts.cc.utexas.edu /export/httpd/vhosts/texasbeyondhistory/data/kids/caddo/images/img village_r3_c10.jpg
2003.08.06 09:21 B K:\TBH Website Temp\kids\caddo\images\img\village_r3_c10_f2.jpg --> uts.cc.utexas.edu /export/httpd/vhosts/texasbeyondhistory/data/kids/caddo/images/img village_r3_c10_f2.jpg
2003.08.06 09:21 B K:\TBH Website Temp\kids\caddo\images\img\village_r3_c10_f3.jpg --> uts.cc.utexas.edu /export/httpd/vhosts/texasbeyondhistory/data/kids/caddo/images/img village_r3_c10_f3.jpg
2003.08.06 09:21 B K:\TBH Website Temp\kids\caddo\images\img\village_r3_c10_f4.jpg --> uts.cc.utexas.edu /export/httpd/vhosts/texasbeyondhistory/data/kids/caddo/images/img village_r3_c10_f4.jpg
2003.08.06 09:21 B K:\TBH Website Temp\kids\caddo\images\img\village_r3_c12.jpg --> uts.cc.utexas.edu /export/httpd/vhosts/texasbeyondhistory/data/kids/caddo/images/img village_r3_c12.jpg
2003.08.06 09:21 B K:\TBH Website Temp\kids\caddo\images\img\village_r3_c9.jpg --> uts.cc.utexas.edu /export/httpd/vhosts/texasbeyondhistory/data/kids/caddo/images/img village_r3_c9.jpg
2003.08.06 09:21 B K:\TBH Website Temp\kids\caddo\images\img\village_r4_c1.jpg --> uts.cc.utexas.edu /export/httpd/vhosts/texasbeyondhistory/data/kids/caddo/images/img village_r4_c1.jpg
2003.08.06 09:21 B K:\TBH Website Temp\kids\caddo\images\img\village_r4_c6.jpg --> uts.cc.utexas.edu /export/httpd/vhosts/texasbeyondhistory/data/kids/caddo/images/img village_r4_c6.jpg
2003.08.06 09:21 B K:\TBH Website Temp\kids\caddo\images\img\village_r4_c6_f2.jpg --> uts.cc.utexas.edu /export/httpd/vhosts/texasbeyondhistory/data/kids/caddo/images/img village_r4_c6_f2.jpg
2003.08.06 09:21 B K:\TBH Website Temp\kids\caddo\images\img\village_r4_c6_f3.jpg --> uts.cc.utexas.edu /export/httpd/vhosts/texasbeyondhistory/data/kids/caddo/images/img village_r4_c6_f3.jpg
2003.08.06 09:21 B K:\TBH Website Temp\kids\caddo\images\img\village_r4_c6_f4.jpg --> uts.cc.utexas.edu /export/httpd/vhosts/texasbeyondhistory/data/kids/caddo/images/img village_r4_c6_f4.jpg
2003.08.06 09:21 B K:\TBH Website Temp\kids\caddo\images\img\village_r4_c7.jpg --> uts.cc.utexas.edu /export/httpd/vhosts/texasbeyondhistory/data/kids/caddo/images/img village_r4_c7.jpg
2003.08.06 09:21 B K:\TBH Website Temp\kids\caddo\images\img\village_r5_c12.jpg --> uts.cc.utexas.edu /export/httpd/vhosts/texasbeyondhistory/data/kids/caddo/images/img village_r5_c12.jpg
2003.08.06 09:21 B K:\TBH Website Temp\kids\caddo\images\img\village_r5_c12_f2.jpg --> uts.cc.utexas.edu /export/httpd/vhosts/texasbeyondhistory/data/kids/caddo/images/img village_r5_c12_f2.jpg
2003.08.06 09:21 B K:\TBH Website Temp\kids\caddo\images\img\village_r5_c12_f3.jpg --> uts.cc.utexas.edu /export/httpd/vhosts/texasbeyondhistory/data/kids/caddo/images/img village_r5_c12_f3.jpg
2003.08.06 09:21 B K:\TBH Website Temp\kids\caddo\images\img\village_r5_c12_f4.jpg --> uts.cc.utexas.edu /export/httpd/vhosts/texasbeyondhistory/data/kids/caddo/images/img village_r5_c12_f4.jpg
2003.08.06 09:21 B K:\TBH Website Temp\kids\caddo\images\img\village_r5_c13.jpg --> uts.cc.utexas.edu /export/httpd/vhosts/texasbeyondhistory/data/kids/caddo/images/img village_r5_c13.jpg
2003.08.06 09:21 B K:\TBH Website Temp\kids\caddo\images\img\village_r6_c1.jpg --> uts.cc.utexas.edu /export/httpd/vhosts/texasbeyondhistory/data/kids/caddo/images/img village_r6_c1.jpg
2003.08.06 09:21 B K:\TBH Website Temp\kids\caddo\images\img\village_r6_c2.jpg --> uts.cc.utexas.edu /export/httpd/vhosts/texasbeyondhistory/data/kids/caddo/images/img village_r6_c2.jpg
2003.08.06 09:21 B K:\TBH Website Temp\kids\caddo\images\img\village_r6_c2_f2.jpg --> uts.cc.utexas.edu /export/httpd/vhosts/texasbeyondhistory/data/kids/caddo/images/img village_r6_c2_f2.jpg
2003.08.06 09:21 B K:\TBH Website Temp\kids\caddo\images\img\village_r6_c2_f3.jpg --> uts.cc.utexas.edu /export/httpd/vhosts/texasbeyondhistory/data/kids/caddo/images/img village_r6_c2_f3.jpg
2003.08.06 09:21 B K:\TBH Website Temp\kids\caddo\images\img\village_r6_c2_f4.jpg --> uts.cc.utexas.edu /export/httpd/vhosts/texasbeyondhistory/data/kids/caddo/images/img village_r6_c2_f4.jpg
2003.08.06 09:21 B K:\TBH Website Temp\kids\caddo\images\img\village_r6_c3.jpg --> uts.cc.utexas.edu /export/httpd/vhosts/texasbeyondhistory/data/kids/caddo/images/img village_r6_c3.jpg
2003.08.06 09:21 B K:\TBH Website Temp\kids\caddo\images\img\village_r7_c3.jpg --> uts.cc.utexas.edu /export/httpd/vhosts/texasbeyondhistory/data/kids/caddo/images/img village_r7_c3.jpg
2003.08.06 09:21 B K:\TBH Website Temp\kids\caddo\images\img\village_r7_c4.jpg --> uts.cc.utexas.edu /export/httpd/vhosts/texasbeyondhistory/data/kids/caddo/images/img village_r7_c4.jpg
2003.08.06 09:21 B K:\TBH Website Temp\kids\caddo\images\img\village_r7_c4_f2.jpg --> uts.cc.utexas.edu /export/httpd/vhosts/texasbeyondhistory/data/kids/caddo/images/img village_r7_c4_f2.jpg
2003.08.06 09:21 B K:\TBH Website Temp\kids\caddo\images\img\village_r7_c4_f3.jpg --> uts.cc.utexas.edu /export/httpd/vhosts/texasbeyondhistory/data/kids/caddo/images/img village_r7_c4_f3.jpg
2003.08.06 09:21 B K:\TBH Website Temp\kids\caddo\images\img\village_r7_c4_f4.jpg --> uts.cc.utexas.edu /export/httpd/vhosts/texasbeyondhistory/data/kids/caddo/images/img village_r7_c4_f4.jpg
2003.08.06 09:21 B K:\TBH Website Temp\kids\caddo\images\img\village_r7_c5.jpg --> uts.cc.utexas.edu /export/httpd/vhosts/texasbeyondhistory/data/kids/caddo/images/img village_r7_c5.jpg
2003.08.06 09:21 B K:\TBH Website Temp\kids\caddo\images\img\village_r8_c10.jpg --> uts.cc.utexas.edu /export/httpd/vhosts/texasbeyondhistory/data/kids/caddo/images/img village_r8_c10.jpg
2003.08.06 09:21 B K:\TBH Website Temp\kids\caddo\images\img\village_r8_c11.jpg --> uts.cc.utexas.edu /export/httpd/vhosts/texasbeyondhistory/data/kids/caddo/images/img village_r8_c11.jpg
2003.08.06 09:21 B K:\TBH Website Temp\kids\caddo\images\img\village_r8_c11_f2.jpg --> uts.cc.utexas.edu /export/httpd/vhosts/texasbeyondhistory/data/kids/caddo/images/img village_r8_c11_f2.jpg
2003.08.06 09:21 B K:\TBH Website Temp\kids\caddo\images\img\village_r8_c11_f3.jpg --> uts.cc.utexas.edu /export/httpd/vhosts/texasbeyondhistory/data/kids/caddo/images/img village_r8_c11_f3.jpg
2003.08.06 09:21 B K:\TBH Website Temp\kids\caddo\images\img\village_r8_c11_f4.jpg --> uts.cc.utexas.edu /export/httpd/vhosts/texasbeyondhistory/data/kids/caddo/images/img village_r8_c11_f4.jpg
2003.08.06 09:21 B K:\TBH Website Temp\kids\caddo\images\img\village_r9_c2.jpg --> uts.cc.utexas.edu /export/httpd/vhosts/texasbeyondhistory/data/kids/caddo/images/img village_r9_c2.jpg
2003.08.14 17:42 B K:\TBH Website Temp\kids\caddo\images\img\village_r15_c14.jpg --> uts.cc.utexas.edu /export/httpd/vhosts/texasbeyondhistory/data/kids/caddo/images/img village_r15_c14.jpg
2003.08.14 17:42 B K:\TBH Website Temp\kids\caddo\images\img\village_r13_c11.jpg --> uts.cc.utexas.edu /export/httpd/vhosts/texasbeyondhistory/data/kids/caddo/images/img village_r13_c11.jpg
2003.08.14 17:42 B K:\TBH Website Temp\kids\caddo\images\img\village_r11_c15.jpg --> uts.cc.utexas.edu /export/httpd/vhosts/texasbeyondhistory/data/kids/caddo/images/img village_r11_c15.jpg
2003.08.14 17:42 B K:\TBH Website Temp\kids\caddo\images\img\village_r11_c13.jpg --> uts.cc.utexas.edu /export/httpd/vhosts/texasbeyondhistory/data/kids/caddo/images/img village_r11_c13.jpg
2003.08.14 17:42 B K:\TBH Website Temp\kids\caddo\images\img\caddointerior_r7_c4.gif --> uts.cc.utexas.edu /export/httpd/vhosts/texasbeyondhistory/data/kids/caddo/images/img caddointerior_r7_c4.gif
2003.08.14 17:42 B K:\TBH Website Temp\kids\caddo\images\img\caddointerior_r6_c5.gif --> uts.cc.utexas.edu /export/httpd/vhosts/texasbeyondhistory/data/kids/caddo/images/img caddointerior_r6_c5.gif
2003.08.14 17:42 B K:\TBH Website Temp\kids\caddo\images\img\caddointerior_r6_c4_f2.gif --> uts.cc.utexas.edu /export/httpd/vhosts/texasbeyondhistory/data/kids/caddo/images/img caddointerior_r6_c4_f2.gif
2003.08.14 17:42 B K:\TBH Website Temp\kids\caddo\images\img\caddointerior_r6_c4.gif --> uts.cc.utexas.edu /export/httpd/vhosts/texasbeyondhistory/data/kids/caddo/images/img caddointerior_r6_c4.gif
2003.08.14 17:42 B K:\TBH Website Temp\kids\caddo\images\img\caddointerior_r6_c3.gif --> uts.cc.utexas.edu /export/httpd/vhosts/texasbeyondhistory/data/kids/caddo/images/img caddointerior_r6_c3.gif
2003.08.14 17:42 B K:\TBH Website Temp\kids\caddo\images\img\caddointerior_r5_c2.gif --> uts.cc.utexas.edu /export/httpd/vhosts/texasbeyondhistory/data/kids/caddo/images/img caddointerior_r5_c2.gif
2003.08.14 17:42 B K:\TBH Website Temp\kids\caddo\images\img\caddointerior_r4_c3.gif --> uts.cc.utexas.edu /export/httpd/vhosts/texasbeyondhistory/data/kids/caddo/images/img caddointerior_r4_c3.gif
2003.08.14 17:42 B K:\TBH Website Temp\kids\caddo\images\img\caddointerior_r4_c2_f2.gif --> uts.cc.utexas.edu /export/httpd/vhosts/texasbeyondhistory/data/kids/caddo/images/img caddointerior_r4_c2_f2.gif
2003.08.14 17:42 B K:\TBH Website Temp\kids\caddo\images\img\caddointerior_r4_c2.gif --> uts.cc.utexas.edu /export/httpd/vhosts/texasbeyondhistory/data/kids/caddo/images/img caddointerior_r4_c2.gif
2003.08.14 17:42 B K:\TBH Website Temp\kids\caddo\images\img\caddointerior_r4_c1.gif --> uts.cc.utexas.edu /export/httpd/vhosts/texasbeyondhistory/data/kids/caddo/images/img caddointerior_r4_c1.gif
2003.08.14 17:42 B K:\TBH Website Temp\kids\caddo\images\img\caddointerior_r3_c6.gif --> uts.cc.utexas.edu /export/httpd/vhosts/texasbeyondhistory/data/kids/caddo/images/img caddointerior_r3_c6.gif
2003.08.14 17:42 B K:\TBH Website Temp\kids\caddo\images\img\caddointerior_r2_c7.gif --> uts.cc.utexas.edu /export/httpd/vhosts/texasbeyondhistory/data/kids/caddo/images/img caddointerior_r2_c7.gif
2003.08.14 17:42 B K:\TBH Website Temp\kids\caddo\images\img\caddointerior_r2_c6_f4.gif --> uts.cc.utexas.edu /export/httpd/vhosts/texasbeyondhistory/data/kids/caddo/images/img caddointerior_r2_c6_f4.gif
2003.08.14 17:42 B K:\TBH Website Temp\kids\caddo\images\img\caddointerior_r2_c6_f3.gif --> uts.cc.utexas.edu /export/httpd/vhosts/texasbeyondhistory/data/kids/caddo/images/img caddointerior_r2_c6_f3.gif
2003.08.14 17:42 B K:\TBH Website Temp\kids\caddo\images\img\caddointerior_r2_c6_f2.gif --> uts.cc.utexas.edu /export/httpd/vhosts/texasbeyondhistory/data/kids/caddo/images/img caddointerior_r2_c6_f2.gif
2003.08.14 17:42 B K:\TBH Website Temp\kids\caddo\images\img\caddointerior_r2_c6.gif --> uts.cc.utexas.edu /export/httpd/vhosts/texasbeyondhistory/data/kids/caddo/images/img caddointerior_r2_c6.gif
2003.08.14 17:42 B K:\TBH Website Temp\kids\caddo\images\img\caddointerior_r2_c1.gif --> uts.cc.utexas.edu /export/httpd/vhosts/texasbeyondhistory/data/kids/caddo/images/img caddointerior_r2_c1.gif
2003.08.14 17:42 B K:\TBH Website Temp\kids\caddo\images\img\caddointerior_r1_c1.gif --> uts.cc.utexas.edu /export/httpd/vhosts/texasbeyondhistory/data/kids/caddo/images/img caddointerior_r1_c1.gif
2003.08.14 17:42 B K:\TBH Website Temp\kids\caddo\images\img\WS_FTP.LOG --> uts.cc.utexas.edu /export/httpd/vhosts/texasbeyondhistory/data/kids/caddo/images/img WS_FTP.LOG
