2003.07.18 13:36 B K:\TBH Website Temp\tejas\clay\images\allenfrankston-effigybowls-lg.jpg --> uts.cc.utexas.edu /export/httpd/vhosts/texasbeyondhistory/data/tejas/clay/images allenfrankston-effigybowls-lg.jpg
2003.07.18 13:36 B K:\TBH Website Temp\tejas\clay\images\allenfrankston-effigybowls-sm.jpg --> uts.cc.utexas.edu /export/httpd/vhosts/texasbeyondhistory/data/tejas/clay/images allenfrankston-effigybowls-sm.jpg
2003.07.18 13:36 B K:\TBH Website Temp\tejas\clay\images\an1-19-lg.jpg --> uts.cc.utexas.edu /export/httpd/vhosts/texasbeyondhistory/data/tejas/clay/images an1-19-lg.jpg
2003.07.18 13:36 B K:\TBH Website Temp\tejas\clay\images\an1-19-sm.jpg --> uts.cc.utexas.edu /export/httpd/vhosts/texasbeyondhistory/data/tejas/clay/images an1-19-sm.jpg
2003.07.18 13:36 B K:\TBH Website Temp\tejas\clay\images\an1-19.html --> uts.cc.utexas.edu /export/httpd/vhosts/texasbeyondhistory/data/tejas/clay/images an1-19.html
2003.07.18 13:36 B K:\TBH Website Temp\tejas\clay\images\an1-19a-lg.jpg --> uts.cc.utexas.edu /export/httpd/vhosts/texasbeyondhistory/data/tejas/clay/images an1-19a-lg.jpg
2003.07.18 13:36 B K:\TBH Website Temp\tejas\clay\images\an1-19a-sm.jpg --> uts.cc.utexas.edu /export/httpd/vhosts/texasbeyondhistory/data/tejas/clay/images an1-19a-sm.jpg
2003.07.18 13:36 B K:\TBH Website Temp\tejas\clay\images\an1-19a.html --> uts.cc.utexas.edu /export/httpd/vhosts/texasbeyondhistory/data/tejas/clay/images an1-19a.html
2003.07.18 13:36 B K:\TBH Website Temp\tejas\clay\images\an26-11-lg.jpg --> uts.cc.utexas.edu /export/httpd/vhosts/texasbeyondhistory/data/tejas/clay/images an26-11-lg.jpg
2003.07.18 13:36 B K:\TBH Website Temp\tejas\clay\images\an26-11-sm.jpg --> uts.cc.utexas.edu /export/httpd/vhosts/texasbeyondhistory/data/tejas/clay/images an26-11-sm.jpg
2003.07.18 13:36 B K:\TBH Website Temp\tejas\clay\images\an26-11.html --> uts.cc.utexas.edu /export/httpd/vhosts/texasbeyondhistory/data/tejas/clay/images an26-11.html
2003.07.18 13:36 B K:\TBH Website Temp\tejas\clay\images\an26-11a-lg.jpg --> uts.cc.utexas.edu /export/httpd/vhosts/texasbeyondhistory/data/tejas/clay/images an26-11a-lg.jpg
2003.07.18 13:36 B K:\TBH Website Temp\tejas\clay\images\an26-11a-sm.jpg --> uts.cc.utexas.edu /export/httpd/vhosts/texasbeyondhistory/data/tejas/clay/images an26-11a-sm.jpg
2003.07.18 13:36 B K:\TBH Website Temp\tejas\clay\images\an26-11a.html --> uts.cc.utexas.edu /export/httpd/vhosts/texasbeyondhistory/data/tejas/clay/images an26-11a.html
2003.07.18 13:36 B K:\TBH Website Temp\tejas\clay\images\auburn-clay.html --> uts.cc.utexas.edu /export/httpd/vhosts/texasbeyondhistory/data/tejas/clay/images auburn-clay.html
2003.07.18 13:36 B K:\TBH Website Temp\tejas\clay\images\auburn-clay2.html --> uts.cc.utexas.edu /export/httpd/vhosts/texasbeyondhistory/data/tejas/clay/images auburn-clay2.html
2003.07.18 13:36 B K:\TBH Website Temp\tejas\clay\images\auburn_clay-lg.jpg --> uts.cc.utexas.edu /export/httpd/vhosts/texasbeyondhistory/data/tejas/clay/images auburn_clay-lg.jpg
2003.07.18 13:36 B K:\TBH Website Temp\tejas\clay\images\auburn_clay-sm.jpg --> uts.cc.utexas.edu /export/httpd/vhosts/texasbeyondhistory/data/tejas/clay/images auburn_clay-sm.jpg
2003.07.18 13:36 B K:\TBH Website Temp\tejas\clay\images\auburn_clay2-lg.jpg --> uts.cc.utexas.edu /export/httpd/vhosts/texasbeyondhistory/data/tejas/clay/images auburn_clay2-lg.jpg
2003.07.18 13:36 B K:\TBH Website Temp\tejas\clay\images\auburn_clay2-sm.jpg --> uts.cc.utexas.edu /export/httpd/vhosts/texasbeyondhistory/data/tejas/clay/images auburn_clay2-sm.jpg
2003.07.18 13:36 B K:\TBH Website Temp\tejas\clay\images\black-and-red-bottles2-lg.jpg --> uts.cc.utexas.edu /export/httpd/vhosts/texasbeyondhistory/data/tejas/clay/images black-and-red-bottles2-lg.jpg
2003.07.18 13:36 B K:\TBH Website Temp\tejas\clay\images\black-and-red-bottles2-sm.jpg --> uts.cc.utexas.edu /export/httpd/vhosts/texasbeyondhistory/data/tejas/clay/images black-and-red-bottles2-sm.jpg
2003.07.18 13:36 B K:\TBH Website Temp\tejas\clay\images\black-and-red-bottles2.html --> uts.cc.utexas.edu /export/httpd/vhosts/texasbeyondhistory/data/tejas/clay/images black-and-red-bottles2.html
2003.07.18 13:36 B K:\TBH Website Temp\tejas\clay\images\black-incised-bottle-lg.jpg --> uts.cc.utexas.edu /export/httpd/vhosts/texasbeyondhistory/data/tejas/clay/images black-incised-bottle-lg.jpg
2003.07.18 13:36 B K:\TBH Website Temp\tejas\clay\images\black-incised-bottle-sm.jpg --> uts.cc.utexas.edu /export/httpd/vhosts/texasbeyondhistory/data/tejas/clay/images black-incised-bottle-sm.jpg
2003.07.18 13:36 B K:\TBH Website Temp\tejas\clay\images\blackware-group-lg.jpg --> uts.cc.utexas.edu /export/httpd/vhosts/texasbeyondhistory/data/tejas/clay/images blackware-group-lg.jpg
2003.07.18 13:36 B K:\TBH Website Temp\tejas\clay\images\blackware-group-sm.jpg --> uts.cc.utexas.edu /export/httpd/vhosts/texasbeyondhistory/data/tejas/clay/images blackware-group-sm.jpg
2003.07.18 13:36 B K:\TBH Website Temp\tejas\clay\images\blackware-group.html --> uts.cc.utexas.edu /export/httpd/vhosts/texasbeyondhistory/data/tejas/clay/images blackware-group.html
2003.07.18 13:36 B K:\TBH Website Temp\tejas\clay\images\blackware-group.jpg --> uts.cc.utexas.edu /export/httpd/vhosts/texasbeyondhistory/data/tejas/clay/images blackware-group.jpg
2003.07.18 13:36 B K:\TBH Website Temp\tejas\clay\images\bottle.jpg --> uts.cc.utexas.edu /export/httpd/vhosts/texasbeyondhistory/data/tejas/clay/images bottle.jpg
2003.07.18 13:36 B K:\TBH Website Temp\tejas\clay\images\bw3-6-1-3.html --> uts.cc.utexas.edu /export/httpd/vhosts/texasbeyondhistory/data/tejas/clay/images bw3-6-1-3.html
2003.07.18 13:36 B K:\TBH Website Temp\tejas\clay\images\bw3-6-1-30-lg.jpg --> uts.cc.utexas.edu /export/httpd/vhosts/texasbeyondhistory/data/tejas/clay/images bw3-6-1-30-lg.jpg
2003.07.18 13:36 B K:\TBH Website Temp\tejas\clay\images\bw3-6-1-30-sm.jpg --> uts.cc.utexas.edu /export/httpd/vhosts/texasbeyondhistory/data/tejas/clay/images bw3-6-1-30-sm.jpg
2003.07.18 13:36 B K:\TBH Website Temp\tejas\clay\images\bw4-341-463-lg.jpg --> uts.cc.utexas.edu /export/httpd/vhosts/texasbeyondhistory/data/tejas/clay/images bw4-341-463-lg.jpg
2003.07.18 13:36 B K:\TBH Website Temp\tejas\clay\images\bw4-341-463-sm.jpg --> uts.cc.utexas.edu /export/httpd/vhosts/texasbeyondhistory/data/tejas/clay/images bw4-341-463-sm.jpg
2003.07.18 13:36 B K:\TBH Website Temp\tejas\clay\images\bw4-341-463.html --> uts.cc.utexas.edu /export/httpd/vhosts/texasbeyondhistory/data/tejas/clay/images bw4-341-463.html
2003.07.18 13:36 B K:\TBH Website Temp\tejas\clay\images\bw4-6-2-44-lg.jpg --> uts.cc.utexas.edu /export/httpd/vhosts/texasbeyondhistory/data/tejas/clay/images bw4-6-2-44-lg.jpg
2003.07.18 13:36 B K:\TBH Website Temp\tejas\clay\images\bw4-6-2-44-sm.jpg --> uts.cc.utexas.edu /export/httpd/vhosts/texasbeyondhistory/data/tejas/clay/images bw4-6-2-44-sm.jpg
2003.07.18 13:36 B K:\TBH Website Temp\tejas\clay\images\bw4-6-2-44.html --> uts.cc.utexas.edu /export/httpd/vhosts/texasbeyondhistory/data/tejas/clay/images bw4-6-2-44.html
2003.07.18 13:36 B K:\TBH Website Temp\tejas\clay\images\caddo-visit-lg.jpg --> uts.cc.utexas.edu /export/httpd/vhosts/texasbeyondhistory/data/tejas/clay/images caddo-visit-lg.jpg
2003.07.18 13:36 B K:\TBH Website Temp\tejas\clay\images\caddo-visit-sm.jpg --> uts.cc.utexas.edu /export/httpd/vhosts/texasbeyondhistory/data/tejas/clay/images caddo-visit-sm.jpg
2003.07.18 13:36 B K:\TBH Website Temp\tejas\clay\images\caddo-visit.html --> uts.cc.utexas.edu /export/httpd/vhosts/texasbeyondhistory/data/tejas/clay/images caddo-visit.html
2003.07.18 13:36 B K:\TBH Website Temp\tejas\clay\images\carinated.jpg --> uts.cc.utexas.edu /export/httpd/vhosts/texasbeyondhistory/data/tejas/clay/images carinated.jpg
2003.07.18 13:36 B K:\TBH Website Temp\tejas\clay\images\ce12-16-lg.jpg --> uts.cc.utexas.edu /export/httpd/vhosts/texasbeyondhistory/data/tejas/clay/images ce12-16-lg.jpg
2003.07.18 13:36 B K:\TBH Website Temp\tejas\clay\images\ce12-16-sm.jpg --> uts.cc.utexas.edu /export/httpd/vhosts/texasbeyondhistory/data/tejas/clay/images ce12-16-sm.jpg
2003.07.18 13:36 B K:\TBH Website Temp\tejas\clay\images\ce12-16.html --> uts.cc.utexas.edu /export/httpd/vhosts/texasbeyondhistory/data/tejas/clay/images ce12-16.html
2003.07.18 13:36 B K:\TBH Website Temp\tejas\clay\images\ce12-16a-lg.jpg --> uts.cc.utexas.edu /export/httpd/vhosts/texasbeyondhistory/data/tejas/clay/images ce12-16a-lg.jpg
2003.07.18 13:36 B K:\TBH Website Temp\tejas\clay\images\ce12-16a-sm.jpg --> uts.cc.utexas.edu /export/httpd/vhosts/texasbeyondhistory/data/tejas/clay/images ce12-16a-sm.jpg
2003.07.18 13:36 B K:\TBH Website Temp\tejas\clay\images\ce12-16a.html --> uts.cc.utexas.edu /export/httpd/vhosts/texasbeyondhistory/data/tejas/clay/images ce12-16a.html
2003.07.18 13:36 B K:\TBH Website Temp\tejas\clay\images\ce12-190-lg.jpg --> uts.cc.utexas.edu /export/httpd/vhosts/texasbeyondhistory/data/tejas/clay/images ce12-190-lg.jpg
2003.07.18 13:36 B K:\TBH Website Temp\tejas\clay\images\ce12-190-sm.jpg --> uts.cc.utexas.edu /export/httpd/vhosts/texasbeyondhistory/data/tejas/clay/images ce12-190-sm.jpg
2003.07.18 13:36 B K:\TBH Website Temp\tejas\clay\images\ce12-190.html --> uts.cc.utexas.edu /export/httpd/vhosts/texasbeyondhistory/data/tejas/clay/images ce12-190.html
2003.07.18 13:36 B K:\TBH Website Temp\tejas\clay\images\ce12-71-lg.jpg --> uts.cc.utexas.edu /export/httpd/vhosts/texasbeyondhistory/data/tejas/clay/images ce12-71-lg.jpg
2003.07.18 13:36 B K:\TBH Website Temp\tejas\clay\images\ce12-71-sm.jpg --> uts.cc.utexas.edu /export/httpd/vhosts/texasbeyondhistory/data/tejas/clay/images ce12-71-sm.jpg
2003.07.18 13:36 B K:\TBH Website Temp\tejas\clay\images\ce12-71.html --> uts.cc.utexas.edu /export/httpd/vhosts/texasbeyondhistory/data/tejas/clay/images ce12-71.html
2003.07.18 13:36 B K:\TBH Website Temp\tejas\clay\images\ce12-71a-lg.jpg --> uts.cc.utexas.edu /export/httpd/vhosts/texasbeyondhistory/data/tejas/clay/images ce12-71a-lg.jpg
2003.07.18 13:36 B K:\TBH Website Temp\tejas\clay\images\ce12-71a-sm.jpg --> uts.cc.utexas.edu /export/httpd/vhosts/texasbeyondhistory/data/tejas/clay/images ce12-71a-sm.jpg
2003.07.18 13:36 B K:\TBH Website Temp\tejas\clay\images\ce12-71a.html --> uts.cc.utexas.edu /export/httpd/vhosts/texasbeyondhistory/data/tejas/clay/images ce12-71a.html
2003.07.18 13:36 B K:\TBH Website Temp\tejas\clay\images\ce19-424-21-lg.jpg --> uts.cc.utexas.edu /export/httpd/vhosts/texasbeyondhistory/data/tejas/clay/images ce19-424-21-lg.jpg
2003.07.18 13:36 B K:\TBH Website Temp\tejas\clay\images\ce19-424-21-sm.jpg --> uts.cc.utexas.edu /export/httpd/vhosts/texasbeyondhistory/data/tejas/clay/images ce19-424-21-sm.jpg
2003.07.18 13:36 B K:\TBH Website Temp\tejas\clay\images\ce19-424-21.html --> uts.cc.utexas.edu /export/httpd/vhosts/texasbeyondhistory/data/tejas/clay/images ce19-424-21.html
2003.07.18 13:36 B K:\TBH Website Temp\tejas\clay\images\ce19-424-21b-lg.jpg --> uts.cc.utexas.edu /export/httpd/vhosts/texasbeyondhistory/data/tejas/clay/images ce19-424-21b-lg.jpg
2003.07.18 13:36 B K:\TBH Website Temp\tejas\clay\images\ce19-424-21b-sm.jpg --> uts.cc.utexas.edu /export/httpd/vhosts/texasbeyondhistory/data/tejas/clay/images ce19-424-21b-sm.jpg
2003.07.18 13:36 B K:\TBH Website Temp\tejas\clay\images\ce19-424-21b.html --> uts.cc.utexas.edu /export/httpd/vhosts/texasbeyondhistory/data/tejas/clay/images ce19-424-21b.html
2003.07.18 13:36 B K:\TBH Website Temp\tejas\clay\images\ce19-424-21c-lg.jpg --> uts.cc.utexas.edu /export/httpd/vhosts/texasbeyondhistory/data/tejas/clay/images ce19-424-21c-lg.jpg
2003.07.18 13:36 B K:\TBH Website Temp\tejas\clay\images\ce19-424-21c-sm.jpg --> uts.cc.utexas.edu /export/httpd/vhosts/texasbeyondhistory/data/tejas/clay/images ce19-424-21c-sm.jpg
2003.07.18 13:36 B K:\TBH Website Temp\tejas\clay\images\ce19-424-21c.html --> uts.cc.utexas.edu /export/httpd/vhosts/texasbeyondhistory/data/tejas/clay/images ce19-424-21c.html
2003.07.18 13:36 B K:\TBH Website Temp\tejas\clay\images\ce4-a1-1-1-lg.jpg --> uts.cc.utexas.edu /export/httpd/vhosts/texasbeyondhistory/data/tejas/clay/images ce4-a1-1-1-lg.jpg
2003.07.18 13:36 B K:\TBH Website Temp\tejas\clay\images\ce4-a1-1-1-sm.jpg --> uts.cc.utexas.edu /export/httpd/vhosts/texasbeyondhistory/data/tejas/clay/images ce4-a1-1-1-sm.jpg
2003.07.18 13:36 B K:\TBH Website Temp\tejas\clay\images\ce4-a1-1-1.html --> uts.cc.utexas.edu /export/httpd/vhosts/texasbeyondhistory/data/tejas/clay/images ce4-a1-1-1.html
2003.07.18 13:36 B K:\TBH Website Temp\tejas\clay\images\ce4-a1-1-1a-lg.jpg --> uts.cc.utexas.edu /export/httpd/vhosts/texasbeyondhistory/data/tejas/clay/images ce4-a1-1-1a-lg.jpg
2003.07.18 13:36 B K:\TBH Website Temp\tejas\clay\images\ce4-a1-1-1a-sm.jpg --> uts.cc.utexas.edu /export/httpd/vhosts/texasbeyondhistory/data/tejas/clay/images ce4-a1-1-1a-sm.jpg
2003.07.18 13:36 B K:\TBH Website Temp\tejas\clay\images\ce4-a1-1-1a.html --> uts.cc.utexas.edu /export/httpd/vhosts/texasbeyondhistory/data/tejas/clay/images ce4-a1-1-1a.html
2003.07.18 13:36 B K:\TBH Website Temp\tejas\clay\images\class-pattern-lg.jpg --> uts.cc.utexas.edu /export/httpd/vhosts/texasbeyondhistory/data/tejas/clay/images class-pattern-lg.jpg
2003.07.18 13:36 B K:\TBH Website Temp\tejas\clay\images\class-pattern-sm.jpg --> uts.cc.utexas.edu /export/httpd/vhosts/texasbeyondhistory/data/tejas/clay/images class-pattern-sm.jpg
2003.07.18 13:36 B K:\TBH Website Temp\tejas\clay\images\class-pattern.html --> uts.cc.utexas.edu /export/httpd/vhosts/texasbeyondhistory/data/tejas/clay/images class-pattern.html
2003.07.18 13:36 B K:\TBH Website Temp\tejas\clay\images\class-pattern.jpg --> uts.cc.utexas.edu /export/httpd/vhosts/texasbeyondhistory/data/tejas/clay/images class-pattern.jpg
2003.07.18 13:36 B K:\TBH Website Temp\tejas\clay\images\claymaincollage.jpg --> uts.cc.utexas.edu /export/httpd/vhosts/texasbeyondhistory/data/tejas/clay/images claymaincollage.jpg
2003.07.18 13:36 B K:\TBH Website Temp\tejas\clay\images\crenshaw-fm-pot-sm.jpg --> uts.cc.utexas.edu /export/httpd/vhosts/texasbeyondhistory/data/tejas/clay/images crenshaw-fm-pot-sm.jpg
2003.07.18 13:36 B K:\TBH Website Temp\tejas\clay\images\crenshaw-fm-pot.html --> uts.cc.utexas.edu /export/httpd/vhosts/texasbeyondhistory/data/tejas/clay/images crenshaw-fm-pot.html
2003.07.18 13:36 B K:\TBH Website Temp\tejas\clay\images\crenshaw-fm-pot.jpg --> uts.cc.utexas.edu /export/httpd/vhosts/texasbeyondhistory/data/tejas/clay/images crenshaw-fm-pot.jpg
2003.07.18 13:36 B K:\TBH Website Temp\tejas\clay\images\cs14-6993-lg.jpg --> uts.cc.utexas.edu /export/httpd/vhosts/texasbeyondhistory/data/tejas/clay/images cs14-6993-lg.jpg
2003.07.18 13:36 B K:\TBH Website Temp\tejas\clay\images\cs14-6993-sm.jpg --> uts.cc.utexas.edu /export/httpd/vhosts/texasbeyondhistory/data/tejas/clay/images cs14-6993-sm.jpg
2003.07.18 13:36 B K:\TBH Website Temp\tejas\clay\images\cs14-6993.html --> uts.cc.utexas.edu /export/httpd/vhosts/texasbeyondhistory/data/tejas/clay/images cs14-6993.html
2003.07.18 13:36 B K:\TBH Website Temp\tejas\clay\images\cs14-6993b-lg.jpg --> uts.cc.utexas.edu /export/httpd/vhosts/texasbeyondhistory/data/tejas/clay/images cs14-6993b-lg.jpg
2003.07.18 13:36 B K:\TBH Website Temp\tejas\clay\images\cs14-6993b-sm.jpg --> uts.cc.utexas.edu /export/httpd/vhosts/texasbeyondhistory/data/tejas/clay/images cs14-6993b-sm.jpg
2003.07.18 13:36 B K:\TBH Website Temp\tejas\clay\images\cs14-6993b.html --> uts.cc.utexas.edu /export/httpd/vhosts/texasbeyondhistory/data/tejas/clay/images cs14-6993b.html
2003.07.18 13:36 B K:\TBH Website Temp\tejas\clay\images\cs23-44-lg.jpg --> uts.cc.utexas.edu /export/httpd/vhosts/texasbeyondhistory/data/tejas/clay/images cs23-44-lg.jpg
2003.07.18 13:36 B K:\TBH Website Temp\tejas\clay\images\cs23-44-sm.jpg --> uts.cc.utexas.edu /export/httpd/vhosts/texasbeyondhistory/data/tejas/clay/images cs23-44-sm.jpg
2003.07.18 13:36 B K:\TBH Website Temp\tejas\clay\images\cs23-44.html --> uts.cc.utexas.edu /export/httpd/vhosts/texasbeyondhistory/data/tejas/clay/images cs23-44.html
2003.07.18 13:36 B K:\TBH Website Temp\tejas\clay\images\cs23-47a-lg.jpg --> uts.cc.utexas.edu /export/httpd/vhosts/texasbeyondhistory/data/tejas/clay/images cs23-47a-lg.jpg
2003.07.18 13:36 B K:\TBH Website Temp\tejas\clay\images\cs23-47a-sm.jpg --> uts.cc.utexas.edu /export/httpd/vhosts/texasbeyondhistory/data/tejas/clay/images cs23-47a-sm.jpg
2003.07.18 13:36 B K:\TBH Website Temp\tejas\clay\images\cs23-47b-lg.jpg --> uts.cc.utexas.edu /export/httpd/vhosts/texasbeyondhistory/data/tejas/clay/images cs23-47b-lg.jpg
2003.07.18 13:36 B K:\TBH Website Temp\tejas\clay\images\cs23-47b-sm.jpg --> uts.cc.utexas.edu /export/httpd/vhosts/texasbeyondhistory/data/tejas/clay/images cs23-47b-sm.jpg
2003.07.18 13:36 B K:\TBH Website Temp\tejas\clay\images\cs25-70-lg.jpg --> uts.cc.utexas.edu /export/httpd/vhosts/texasbeyondhistory/data/tejas/clay/images cs25-70-lg.jpg
2003.07.18 13:36 B K:\TBH Website Temp\tejas\clay\images\cs25-70-sm.jpg --> uts.cc.utexas.edu /export/httpd/vhosts/texasbeyondhistory/data/tejas/clay/images cs25-70-sm.jpg
2003.07.18 13:36 B K:\TBH Website Temp\tejas\clay\images\cs25-70.html --> uts.cc.utexas.edu /export/httpd/vhosts/texasbeyondhistory/data/tejas/clay/images cs25-70.html
2003.07.18 13:36 B K:\TBH Website Temp\tejas\clay\images\cs27-43b.html --> uts.cc.utexas.edu /export/httpd/vhosts/texasbeyondhistory/data/tejas/clay/images cs27-43b.html
2003.07.18 13:36 B K:\TBH Website Temp\tejas\clay\images\cs43-27a.html --> uts.cc.utexas.edu /export/httpd/vhosts/texasbeyondhistory/data/tejas/clay/images cs43-27a.html
2003.07.18 13:36 B K:\TBH Website Temp\tejas\clay\images\d_54-4-lg.jpg --> uts.cc.utexas.edu /export/httpd/vhosts/texasbeyondhistory/data/tejas/clay/images d_54-4-lg.jpg
2003.07.18 13:36 B K:\TBH Website Temp\tejas\clay\images\d_54-4-sm.jpg --> uts.cc.utexas.edu /export/httpd/vhosts/texasbeyondhistory/data/tejas/clay/images d_54-4-sm.jpg
2003.07.18 13:36 B K:\TBH Website Temp\tejas\clay\images\early_caddo1-lg.jpg --> uts.cc.utexas.edu /export/httpd/vhosts/texasbeyondhistory/data/tejas/clay/images early_caddo1-lg.jpg
2003.07.18 13:36 B K:\TBH Website Temp\tejas\clay\images\early_caddo1-sm.jpg --> uts.cc.utexas.edu /export/httpd/vhosts/texasbeyondhistory/data/tejas/clay/images early_caddo1-sm.jpg
2003.07.18 13:36 B K:\TBH Website Temp\tejas\clay\images\early_caddo1.html --> uts.cc.utexas.edu /export/httpd/vhosts/texasbeyondhistory/data/tejas/clay/images early_caddo1.html
2003.07.18 13:36 B K:\TBH Website Temp\tejas\clay\images\early_caddo2-lg.jpg --> uts.cc.utexas.edu /export/httpd/vhosts/texasbeyondhistory/data/tejas/clay/images early_caddo2-lg.jpg
2003.07.18 13:36 B K:\TBH Website Temp\tejas\clay\images\early_caddo2-sm.jpg --> uts.cc.utexas.edu /export/httpd/vhosts/texasbeyondhistory/data/tejas/clay/images early_caddo2-sm.jpg
2003.07.18 13:36 B K:\TBH Website Temp\tejas\clay\images\early_caddo2.html --> uts.cc.utexas.edu /export/httpd/vhosts/texasbeyondhistory/data/tejas/clay/images early_caddo2.html
2003.07.18 13:36 B K:\TBH Website Temp\tejas\clay\images\fk3-1-lg.jpg --> uts.cc.utexas.edu /export/httpd/vhosts/texasbeyondhistory/data/tejas/clay/images fk3-1-lg.jpg
2003.07.18 13:36 B K:\TBH Website Temp\tejas\clay\images\fk3-1-sm.jpg --> uts.cc.utexas.edu /export/httpd/vhosts/texasbeyondhistory/data/tejas/clay/images fk3-1-sm.jpg
2003.07.18 13:36 B K:\TBH Website Temp\tejas\clay\images\fk3-1.html --> uts.cc.utexas.edu /export/httpd/vhosts/texasbeyondhistory/data/tejas/clay/images fk3-1.html
2003.07.18 13:36 B K:\TBH Website Temp\tejas\clay\images\fk3-1a-lg.jpg --> uts.cc.utexas.edu /export/httpd/vhosts/texasbeyondhistory/data/tejas/clay/images fk3-1a-lg.jpg
2003.07.18 13:36 B K:\TBH Website Temp\tejas\clay\images\fk3-1a-sm.jpg --> uts.cc.utexas.edu /export/httpd/vhosts/texasbeyondhistory/data/tejas/clay/images fk3-1a-sm.jpg
2003.07.18 13:36 B K:\TBH Website Temp\tejas\clay\images\fk3-1a.html --> uts.cc.utexas.edu /export/httpd/vhosts/texasbeyondhistory/data/tejas/clay/images fk3-1a.html
2003.07.18 13:36 B K:\TBH Website Temp\tejas\clay\images\fk4-33-lg.jpg --> uts.cc.utexas.edu /export/httpd/vhosts/texasbeyondhistory/data/tejas/clay/images fk4-33-lg.jpg
2003.07.18 13:36 B K:\TBH Website Temp\tejas\clay\images\fk4-33-sm.jpg --> uts.cc.utexas.edu /export/httpd/vhosts/texasbeyondhistory/data/tejas/clay/images fk4-33-sm.jpg
2003.07.18 13:36 B K:\TBH Website Temp\tejas\clay\images\fk4-33.html --> uts.cc.utexas.edu /export/httpd/vhosts/texasbeyondhistory/data/tejas/clay/images fk4-33.html
2003.07.18 13:36 B K:\TBH Website Temp\tejas\clay\images\fk4-62-lg.jpg --> uts.cc.utexas.edu /export/httpd/vhosts/texasbeyondhistory/data/tejas/clay/images fk4-62-lg.jpg
2003.07.18 13:36 B K:\TBH Website Temp\tejas\clay\images\fk4-62-sm.jpg --> uts.cc.utexas.edu /export/httpd/vhosts/texasbeyondhistory/data/tejas/clay/images fk4-62-sm.jpg
2003.07.18 13:36 B K:\TBH Website Temp\tejas\clay\images\fk4-62b-lg.jpg --> uts.cc.utexas.edu /export/httpd/vhosts/texasbeyondhistory/data/tejas/clay/images fk4-62b-lg.jpg
2003.07.18 13:36 B K:\TBH Website Temp\tejas\clay\images\fk4-62b-sm.jpg --> uts.cc.utexas.edu /export/httpd/vhosts/texasbeyondhistory/data/tejas/clay/images fk4-62b-sm.jpg
2003.07.18 13:36 B K:\TBH Website Temp\tejas\clay\images\flk4-62.html --> uts.cc.utexas.edu /export/httpd/vhosts/texasbeyondhistory/data/tejas/clay/images flk4-62.html
2003.07.18 13:36 B K:\TBH Website Temp\tejas\clay\images\flk4-62b.html --> uts.cc.utexas.edu /export/httpd/vhosts/texasbeyondhistory/data/tejas/clay/images flk4-62b.html
2003.07.18 13:36 B K:\TBH Website Temp\tejas\clay\images\flying _rattlesnake-1998-lg.jpg --> uts.cc.utexas.edu /export/httpd/vhosts/texasbeyondhistory/data/tejas/clay/images flying _rattlesnake-1998-lg.jpg
2003.07.18 13:36 B K:\TBH Website Temp\tejas\clay\images\flying _rattlesnake-1998-sm.jpg --> uts.cc.utexas.edu /export/httpd/vhosts/texasbeyondhistory/data/tejas/clay/images flying _rattlesnake-1998-sm.jpg
2003.07.18 13:36 B K:\TBH Website Temp\tejas\clay\images\flying-rattlesnake-1998-lg.html --> uts.cc.utexas.edu /export/httpd/vhosts/texasbeyondhistory/data/tejas/clay/images flying-rattlesnake-1998-lg.html
2003.07.18 13:36 B K:\TBH Website Temp\tejas\clay\images\flying-rattlesnake-1998-lg.jpg --> uts.cc.utexas.edu /export/httpd/vhosts/texasbeyondhistory/data/tejas/clay/images flying-rattlesnake-1998-lg.jpg
2003.07.18 13:36 B K:\TBH Website Temp\tejas\clay\images\flying-rattlesnake-1998-sm.jpg --> uts.cc.utexas.edu /export/httpd/vhosts/texasbeyondhistory/data/tejas/clay/images flying-rattlesnake-1998-sm.jpg
2003.07.18 13:36 B K:\TBH Website Temp\tejas\clay\images\flying-rattlesnake.html --> uts.cc.utexas.edu /export/httpd/vhosts/texasbeyondhistory/data/tejas/clay/images flying-rattlesnake.html
2003.07.18 13:36 B K:\TBH Website Temp\tejas\clay\images\group #2a.jpg --> uts.cc.utexas.edu /export/httpd/vhosts/texasbeyondhistory/data/tejas/clay/images group #2a.jpg
2003.07.18 13:36 B K:\TBH Website Temp\tejas\clay\images\group-lg.jpg --> uts.cc.utexas.edu /export/httpd/vhosts/texasbeyondhistory/data/tejas/clay/images group-lg.jpg
2003.07.18 13:36 B K:\TBH Website Temp\tejas\clay\images\group-sm.jpg --> uts.cc.utexas.edu /export/httpd/vhosts/texasbeyondhistory/data/tejas/clay/images group-sm.jpg
2003.07.18 13:36 B K:\TBH Website Temp\tejas\clay\images\group1-lg.jpg --> uts.cc.utexas.edu /export/httpd/vhosts/texasbeyondhistory/data/tejas/clay/images group1-lg.jpg
2003.07.18 13:36 B K:\TBH Website Temp\tejas\clay\images\group1-sm.jpg --> uts.cc.utexas.edu /export/httpd/vhosts/texasbeyondhistory/data/tejas/clay/images group1-sm.jpg
2003.07.18 13:36 B K:\TBH Website Temp\tejas\clay\images\group2-lg.jpg --> uts.cc.utexas.edu /export/httpd/vhosts/texasbeyondhistory/data/tejas/clay/images group2-lg.jpg
2003.07.18 13:36 B K:\TBH Website Temp\tejas\clay\images\group2-sm.jpg --> uts.cc.utexas.edu /export/httpd/vhosts/texasbeyondhistory/data/tejas/clay/images group2-sm.jpg
2003.07.18 13:36 B K:\TBH Website Temp\tejas\clay\images\handbook-1962-lg.jpg --> uts.cc.utexas.edu /export/httpd/vhosts/texasbeyondhistory/data/tejas/clay/images handbook-1962-lg.jpg
2003.07.18 13:36 B K:\TBH Website Temp\tejas\clay\images\handbook-1962-sm.jpg --> uts.cc.utexas.edu /export/httpd/vhosts/texasbeyondhistory/data/tejas/clay/images handbook-1962-sm.jpg
2003.07.18 13:36 B K:\TBH Website Temp\tejas\clay\images\handbook1962.html --> uts.cc.utexas.edu /export/httpd/vhosts/texasbeyondhistory/data/tejas/clay/images handbook1962.html
2003.07.18 13:36 B K:\TBH Website Temp\tejas\clay\images\hasinai-1998-lg.jpg --> uts.cc.utexas.edu /export/httpd/vhosts/texasbeyondhistory/data/tejas/clay/images hasinai-1998-lg.jpg
2003.07.18 13:36 B K:\TBH Website Temp\tejas\clay\images\hasinai-1998-sm.jpg --> uts.cc.utexas.edu /export/httpd/vhosts/texasbeyondhistory/data/tejas/clay/images hasinai-1998-sm.jpg
2003.07.18 13:37 B K:\TBH Website Temp\tejas\clay\images\hasinai.html --> uts.cc.utexas.edu /export/httpd/vhosts/texasbeyondhistory/data/tejas/clay/images hasinai.html
2003.07.18 13:37 B K:\TBH Website Temp\tejas\clay\images\head-pot-lg.jpg --> uts.cc.utexas.edu /export/httpd/vhosts/texasbeyondhistory/data/tejas/clay/images head-pot-lg.jpg
2003.07.18 13:37 B K:\TBH Website Temp\tejas\clay\images\head-pot-sm.jpg --> uts.cc.utexas.edu /export/httpd/vhosts/texasbeyondhistory/data/tejas/clay/images head-pot-sm.jpg
2003.07.18 13:37 B K:\TBH Website Temp\tejas\clay\images\head-pot.html --> uts.cc.utexas.edu /export/httpd/vhosts/texasbeyondhistory/data/tejas/clay/images head-pot.html
2003.07.18 13:37 B K:\TBH Website Temp\tejas\clay\images\holly-closeup.html --> uts.cc.utexas.edu /export/httpd/vhosts/texasbeyondhistory/data/tejas/clay/images holly-closeup.html
2003.07.18 13:37 B K:\TBH Website Temp\tejas\clay\images\holly_closeup-lg.jpg --> uts.cc.utexas.edu /export/httpd/vhosts/texasbeyondhistory/data/tejas/clay/images holly_closeup-lg.jpg
2003.07.18 13:37 B K:\TBH Website Temp\tejas\clay\images\holly_closeup-sm.jpg --> uts.cc.utexas.edu /export/httpd/vhosts/texasbeyondhistory/data/tejas/clay/images holly_closeup-sm.jpg
2003.07.18 13:37 B K:\TBH Website Temp\tejas\clay\images\hp1-1-lg.jpg --> uts.cc.utexas.edu /export/httpd/vhosts/texasbeyondhistory/data/tejas/clay/images hp1-1-lg.jpg
2003.07.18 13:37 B K:\TBH Website Temp\tejas\clay\images\hp1-1-sm.jpg --> uts.cc.utexas.edu /export/httpd/vhosts/texasbeyondhistory/data/tejas/clay/images hp1-1-sm.jpg
2003.07.18 13:37 B K:\TBH Website Temp\tejas\clay\images\hp1-1.html --> uts.cc.utexas.edu /export/httpd/vhosts/texasbeyondhistory/data/tejas/clay/images hp1-1.html
2003.07.18 13:37 B K:\TBH Website Temp\tejas\clay\images\hp1-1a-lg.jpg --> uts.cc.utexas.edu /export/httpd/vhosts/texasbeyondhistory/data/tejas/clay/images hp1-1a-lg.jpg
2003.07.18 13:37 B K:\TBH Website Temp\tejas\clay\images\hp1-1a-sm.jpg --> uts.cc.utexas.edu /export/httpd/vhosts/texasbeyondhistory/data/tejas/clay/images hp1-1a-sm.jpg
2003.07.18 13:37 B K:\TBH Website Temp\tejas\clay\images\hp1-1a.html --> uts.cc.utexas.edu /export/httpd/vhosts/texasbeyondhistory/data/tejas/clay/images hp1-1a.html
2003.07.18 13:37 B K:\TBH Website Temp\tejas\clay\images\hs3-101-lg.jpg --> uts.cc.utexas.edu /export/httpd/vhosts/texasbeyondhistory/data/tejas/clay/images hs3-101-lg.jpg
2003.07.18 13:37 B K:\TBH Website Temp\tejas\clay\images\hs3-101-sm.jpg --> uts.cc.utexas.edu /export/httpd/vhosts/texasbeyondhistory/data/tejas/clay/images hs3-101-sm.jpg
2003.07.18 13:37 B K:\TBH Website Temp\tejas\clay\images\hs3-101.html --> uts.cc.utexas.edu /export/httpd/vhosts/texasbeyondhistory/data/tejas/clay/images hs3-101.html
2003.07.18 13:37 B K:\TBH Website Temp\tejas\clay\images\hs3-101a-lg.jpg --> uts.cc.utexas.edu /export/httpd/vhosts/texasbeyondhistory/data/tejas/clay/images hs3-101a-lg.jpg
2003.07.18 13:37 B K:\TBH Website Temp\tejas\clay\images\hs3-101a-sm.jpg --> uts.cc.utexas.edu /export/httpd/vhosts/texasbeyondhistory/data/tejas/clay/images hs3-101a-sm.jpg
2003.07.18 13:37 B K:\TBH Website Temp\tejas\clay\images\hs3-101a.html --> uts.cc.utexas.edu /export/httpd/vhosts/texasbeyondhistory/data/tejas/clay/images hs3-101a.html
2003.07.18 13:37 B K:\TBH Website Temp\tejas\clay\images\hs3-331-lg.jpg --> uts.cc.utexas.edu /export/httpd/vhosts/texasbeyondhistory/data/tejas/clay/images hs3-331-lg.jpg
2003.07.18 13:37 B K:\TBH Website Temp\tejas\clay\images\hs3-331-sm.jpg --> uts.cc.utexas.edu /export/httpd/vhosts/texasbeyondhistory/data/tejas/clay/images hs3-331-sm.jpg
2003.07.18 13:37 B K:\TBH Website Temp\tejas\clay\images\hs3-331.html --> uts.cc.utexas.edu /export/httpd/vhosts/texasbeyondhistory/data/tejas/clay/images hs3-331.html
2003.07.18 13:37 B K:\TBH Website Temp\tejas\clay\images\hs3-458-lg.jpg --> uts.cc.utexas.edu /export/httpd/vhosts/texasbeyondhistory/data/tejas/clay/images hs3-458-lg.jpg
2003.07.18 13:37 B K:\TBH Website Temp\tejas\clay\images\hs3-458-sm.jpg --> uts.cc.utexas.edu /export/httpd/vhosts/texasbeyondhistory/data/tejas/clay/images hs3-458-sm.jpg
2003.07.18 13:37 B K:\TBH Website Temp\tejas\clay\images\hs3-458.html --> uts.cc.utexas.edu /export/httpd/vhosts/texasbeyondhistory/data/tejas/clay/images hs3-458.html
2003.07.18 13:37 B K:\TBH Website Temp\tejas\clay\images\hs3-464-lg.jpg --> uts.cc.utexas.edu /export/httpd/vhosts/texasbeyondhistory/data/tejas/clay/images hs3-464-lg.jpg
2003.07.18 13:37 B K:\TBH Website Temp\tejas\clay\images\hs3-464-sm.jpg --> uts.cc.utexas.edu /export/httpd/vhosts/texasbeyondhistory/data/tejas/clay/images hs3-464-sm.jpg
2003.07.18 13:37 B K:\TBH Website Temp\tejas\clay\images\hs3-464.html --> uts.cc.utexas.edu /export/httpd/vhosts/texasbeyondhistory/data/tejas/clay/images hs3-464.html
2003.07.18 13:37 B K:\TBH Website Temp\tejas\clay\images\hs3-464a-lg.jpg --> uts.cc.utexas.edu /export/httpd/vhosts/texasbeyondhistory/data/tejas/clay/images hs3-464a-lg.jpg
2003.07.18 13:37 B K:\TBH Website Temp\tejas\clay\images\hs3-464a-sm.jpg --> uts.cc.utexas.edu /export/httpd/vhosts/texasbeyondhistory/data/tejas/clay/images hs3-464a-sm.jpg
2003.07.18 13:37 B K:\TBH Website Temp\tejas\clay\images\hs3-464a.html --> uts.cc.utexas.edu /export/httpd/vhosts/texasbeyondhistory/data/tejas/clay/images hs3-464a.html
2003.07.18 13:37 B K:\TBH Website Temp\tejas\clay\images\hs3-538-lg.jpg --> uts.cc.utexas.edu /export/httpd/vhosts/texasbeyondhistory/data/tejas/clay/images hs3-538-lg.jpg
2003.07.18 13:37 B K:\TBH Website Temp\tejas\clay\images\hs3-538-sm.jpg --> uts.cc.utexas.edu /export/httpd/vhosts/texasbeyondhistory/data/tejas/clay/images hs3-538-sm.jpg
2003.07.18 13:37 B K:\TBH Website Temp\tejas\clay\images\hs3-538.html --> uts.cc.utexas.edu /export/httpd/vhosts/texasbeyondhistory/data/tejas/clay/images hs3-538.html
2003.07.18 13:37 B K:\TBH Website Temp\tejas\clay\images\hs3-538a-lg.jpg --> uts.cc.utexas.edu /export/httpd/vhosts/texasbeyondhistory/data/tejas/clay/images hs3-538a-lg.jpg
2003.07.18 13:37 B K:\TBH Website Temp\tejas\clay\images\hs3-538a-sm.jpg --> uts.cc.utexas.edu /export/httpd/vhosts/texasbeyondhistory/data/tejas/clay/images hs3-538a-sm.jpg
2003.07.18 13:37 B K:\TBH Website Temp\tejas\clay\images\hs3-538a.html --> uts.cc.utexas.edu /export/httpd/vhosts/texasbeyondhistory/data/tejas/clay/images hs3-538a.html
2003.07.18 13:37 B K:\TBH Website Temp\tejas\clay\images\hs3-538b-lg.jpg --> uts.cc.utexas.edu /export/httpd/vhosts/texasbeyondhistory/data/tejas/clay/images hs3-538b-lg.jpg
2003.07.18 13:37 B K:\TBH Website Temp\tejas\clay\images\hs3-538b-sm.jpg --> uts.cc.utexas.edu /export/httpd/vhosts/texasbeyondhistory/data/tejas/clay/images hs3-538b-sm.jpg
2003.07.18 13:37 B K:\TBH Website Temp\tejas\clay\images\hs3-538b.html --> uts.cc.utexas.edu /export/httpd/vhosts/texasbeyondhistory/data/tejas/clay/images hs3-538b.html
2003.07.18 13:37 B K:\TBH Website Temp\tejas\clay\images\hs3-58&64-lg.jpg --> uts.cc.utexas.edu /export/httpd/vhosts/texasbeyondhistory/data/tejas/clay/images hs3-58&64-lg.jpg
2003.07.18 13:37 B K:\TBH Website Temp\tejas\clay\images\hs3-58&64-sm.jpg --> uts.cc.utexas.edu /export/httpd/vhosts/texasbeyondhistory/data/tejas/clay/images hs3-58&64-sm.jpg
2003.07.18 13:37 B K:\TBH Website Temp\tejas\clay\images\hs3-58&64.html --> uts.cc.utexas.edu /export/httpd/vhosts/texasbeyondhistory/data/tejas/clay/images hs3-58&64.html
2003.07.18 13:37 B K:\TBH Website Temp\tejas\clay\images\hs3-64-lg.jpg --> uts.cc.utexas.edu /export/httpd/vhosts/texasbeyondhistory/data/tejas/clay/images hs3-64-lg.jpg
2003.07.18 13:37 B K:\TBH Website Temp\tejas\clay\images\hs3-64-sm.jpg --> uts.cc.utexas.edu /export/httpd/vhosts/texasbeyondhistory/data/tejas/clay/images hs3-64-sm.jpg
2003.07.18 13:37 B K:\TBH Website Temp\tejas\clay\images\hs3-64.html --> uts.cc.utexas.edu /export/httpd/vhosts/texasbeyondhistory/data/tejas/clay/images hs3-64.html
2003.07.18 13:37 B K:\TBH Website Temp\tejas\clay\images\hs3-696-lg.jpg --> uts.cc.utexas.edu /export/httpd/vhosts/texasbeyondhistory/data/tejas/clay/images hs3-696-lg.jpg
2003.07.18 13:37 B K:\TBH Website Temp\tejas\clay\images\hs3-696-sm.jpg --> uts.cc.utexas.edu /export/httpd/vhosts/texasbeyondhistory/data/tejas/clay/images hs3-696-sm.jpg
2003.07.18 13:37 B K:\TBH Website Temp\tejas\clay\images\hs3-696.html --> uts.cc.utexas.edu /export/httpd/vhosts/texasbeyondhistory/data/tejas/clay/images hs3-696.html
2003.07.18 13:37 B K:\TBH Website Temp\tejas\clay\images\late-group-1-lg.jpg --> uts.cc.utexas.edu /export/httpd/vhosts/texasbeyondhistory/data/tejas/clay/images late-group-1-lg.jpg
2003.07.18 13:37 B K:\TBH Website Temp\tejas\clay\images\late-group-1-sm.jpg --> uts.cc.utexas.edu /export/httpd/vhosts/texasbeyondhistory/data/tejas/clay/images late-group-1-sm.jpg
2003.07.18 13:37 B K:\TBH Website Temp\tejas\clay\images\late-group-2-lg.jpg --> uts.cc.utexas.edu /export/httpd/vhosts/texasbeyondhistory/data/tejas/clay/images late-group-2-lg.jpg
2003.07.18 13:37 B K:\TBH Website Temp\tejas\clay\images\late-group-2-sm.jpg --> uts.cc.utexas.edu /export/httpd/vhosts/texasbeyondhistory/data/tejas/clay/images late-group-2-sm.jpg
2003.07.18 13:37 B K:\TBH Website Temp\tejas\clay\images\late_caddo1.html --> uts.cc.utexas.edu /export/httpd/vhosts/texasbeyondhistory/data/tejas/clay/images late_caddo1.html
2003.07.18 13:37 B K:\TBH Website Temp\tejas\clay\images\late_caddo2.html --> uts.cc.utexas.edu /export/httpd/vhosts/texasbeyondhistory/data/tejas/clay/images late_caddo2.html
2003.07.18 13:37 B K:\TBH Website Temp\tejas\clay\images\looted-cemetery.html --> uts.cc.utexas.edu /export/httpd/vhosts/texasbeyondhistory/data/tejas/clay/images looted-cemetery.html
2003.07.18 13:37 B K:\TBH Website Temp\tejas\clay\images\looted_cemetery-lg.jpg --> uts.cc.utexas.edu /export/httpd/vhosts/texasbeyondhistory/data/tejas/clay/images looted_cemetery-lg.jpg
2003.07.18 13:37 B K:\TBH Website Temp\tejas\clay\images\looted_cemetery-sm.jpg --> uts.cc.utexas.edu /export/httpd/vhosts/texasbeyondhistory/data/tejas/clay/images looted_cemetery-sm.jpg
2003.07.18 13:37 B K:\TBH Website Temp\tejas\clay\images\lr1-24&hs3-762.html --> uts.cc.utexas.edu /export/httpd/vhosts/texasbeyondhistory/data/tejas/clay/images lr1-24&hs3-762.html
2003.07.18 13:37 B K:\TBH Website Temp\tejas\clay\images\lr1-24_hs3-762-lg.jpg --> uts.cc.utexas.edu /export/httpd/vhosts/texasbeyondhistory/data/tejas/clay/images lr1-24_hs3-762-lg.jpg
2003.07.18 13:37 B K:\TBH Website Temp\tejas\clay\images\lr1-24_hs3-762-sm.jpg --> uts.cc.utexas.edu /export/httpd/vhosts/texasbeyondhistory/data/tejas/clay/images lr1-24_hs3-762-sm.jpg
2003.07.18 13:37 B K:\TBH Website Temp\tejas\clay\images\lr2-517-lg.jpg --> uts.cc.utexas.edu /export/httpd/vhosts/texasbeyondhistory/data/tejas/clay/images lr2-517-lg.jpg
2003.07.18 13:37 B K:\TBH Website Temp\tejas\clay\images\lr2-517-sm.jpg --> uts.cc.utexas.edu /export/httpd/vhosts/texasbeyondhistory/data/tejas/clay/images lr2-517-sm.jpg
2003.07.18 13:37 B K:\TBH Website Temp\tejas\clay\images\lr2-517.html --> uts.cc.utexas.edu /export/httpd/vhosts/texasbeyondhistory/data/tejas/clay/images lr2-517.html
2003.07.18 13:37 B K:\TBH Website Temp\tejas\clay\images\lr2-517a-lg.jpg --> uts.cc.utexas.edu /export/httpd/vhosts/texasbeyondhistory/data/tejas/clay/images lr2-517a-lg.jpg
2003.07.18 13:37 B K:\TBH Website Temp\tejas\clay\images\lr2-517a-sm.jpg --> uts.cc.utexas.edu /export/httpd/vhosts/texasbeyondhistory/data/tejas/clay/images lr2-517a-sm.jpg
2003.07.18 13:37 B K:\TBH Website Temp\tejas\clay\images\lr2-517a.html --> uts.cc.utexas.edu /export/httpd/vhosts/texasbeyondhistory/data/tejas/clay/images lr2-517a.html
2003.07.18 13:37 B K:\TBH Website Temp\tejas\clay\images\makingcollage.jpg --> uts.cc.utexas.edu /export/httpd/vhosts/texasbeyondhistory/data/tejas/clay/images makingcollage.jpg
2003.07.18 13:37 B K:\TBH Website Temp\tejas\clay\images\maxey-noded-redware1-sm.jpg --> uts.cc.utexas.edu /export/httpd/vhosts/texasbeyondhistory/data/tejas/clay/images maxey-noded-redware1-sm.jpg
2003.07.18 13:37 B K:\TBH Website Temp\tejas\clay\images\maxey-noded-redware1.html --> uts.cc.utexas.edu /export/httpd/vhosts/texasbeyondhistory/data/tejas/clay/images maxey-noded-redware1.html
2003.07.18 13:37 B K:\TBH Website Temp\tejas\clay\images\maxey-noded-redware1.jpg --> uts.cc.utexas.edu /export/httpd/vhosts/texasbeyondhistory/data/tejas/clay/images maxey-noded-redware1.jpg
2003.07.18 13:37 B K:\TBH Website Temp\tejas\clay\images\maxey-noded-redware2-lg.jpg --> uts.cc.utexas.edu /export/httpd/vhosts/texasbeyondhistory/data/tejas/clay/images maxey-noded-redware2-lg.jpg
2003.07.18 13:37 B K:\TBH Website Temp\tejas\clay\images\maxey-noded-redware2-sm.jpg --> uts.cc.utexas.edu /export/httpd/vhosts/texasbeyondhistory/data/tejas/clay/images maxey-noded-redware2-sm.jpg
2003.07.18 13:37 B K:\TBH Website Temp\tejas\clay\images\maxey-noded-redware2.html --> uts.cc.utexas.edu /export/httpd/vhosts/texasbeyondhistory/data/tejas/clay/images maxey-noded-redware2.html
2003.07.18 13:37 B K:\TBH Website Temp\tejas\clay\images\moore1912d-lg.jpg --> uts.cc.utexas.edu /export/httpd/vhosts/texasbeyondhistory/data/tejas/clay/images moore1912d-lg.jpg
2003.07.18 13:37 B K:\TBH Website Temp\tejas\clay\images\moore1912d-sm.jpg --> uts.cc.utexas.edu /export/httpd/vhosts/texasbeyondhistory/data/tejas/clay/images moore1912d-sm.jpg
2003.07.18 13:37 B K:\TBH Website Temp\tejas\clay\images\moore1912d.html --> uts.cc.utexas.edu /export/httpd/vhosts/texasbeyondhistory/data/tejas/clay/images moore1912d.html
2003.07.18 13:37 B K:\TBH Website Temp\tejas\clay\images\mx4-61-lg.jpg --> uts.cc.utexas.edu /export/httpd/vhosts/texasbeyondhistory/data/tejas/clay/images mx4-61-lg.jpg
2003.07.18 13:37 B K:\TBH Website Temp\tejas\clay\images\mx4-61-sm.jpg --> uts.cc.utexas.edu /export/httpd/vhosts/texasbeyondhistory/data/tejas/clay/images mx4-61-sm.jpg
2003.07.18 13:37 B K:\TBH Website Temp\tejas\clay\images\mx4-61.html --> uts.cc.utexas.edu /export/httpd/vhosts/texasbeyondhistory/data/tejas/clay/images mx4-61.html
2003.07.18 13:37 B K:\TBH Website Temp\tejas\clay\images\mx4-61a-lg.jpg --> uts.cc.utexas.edu /export/httpd/vhosts/texasbeyondhistory/data/tejas/clay/images mx4-61a-lg.jpg
2003.07.18 13:37 B K:\TBH Website Temp\tejas\clay\images\mx4-61a-sm.jpg --> uts.cc.utexas.edu /export/httpd/vhosts/texasbeyondhistory/data/tejas/clay/images mx4-61a-sm.jpg
2003.07.18 13:37 B K:\TBH Website Temp\tejas\clay\images\mx4-61a.html --> uts.cc.utexas.edu /export/httpd/vhosts/texasbeyondhistory/data/tejas/clay/images mx4-61a.html
2003.07.18 13:37 B K:\TBH Website Temp\tejas\clay\images\mx6-1-lg.jpg --> uts.cc.utexas.edu /export/httpd/vhosts/texasbeyondhistory/data/tejas/clay/images mx6-1-lg.jpg
2003.07.18 13:37 B K:\TBH Website Temp\tejas\clay\images\mx6-1-sm.jpg --> uts.cc.utexas.edu /export/httpd/vhosts/texasbeyondhistory/data/tejas/clay/images mx6-1-sm.jpg
2003.07.18 13:37 B K:\TBH Website Temp\tejas\clay\images\mx6-1.html --> uts.cc.utexas.edu /export/httpd/vhosts/texasbeyondhistory/data/tejas/clay/images mx6-1.html
2003.07.18 13:37 B K:\TBH Website Temp\tejas\clay\images\mx6-1a-lg.jpg --> uts.cc.utexas.edu /export/httpd/vhosts/texasbeyondhistory/data/tejas/clay/images mx6-1a-lg.jpg
2003.07.18 13:37 B K:\TBH Website Temp\tejas\clay\images\mx6-1a-sm.jpg --> uts.cc.utexas.edu /export/httpd/vhosts/texasbeyondhistory/data/tejas/clay/images mx6-1a-sm.jpg
2003.07.18 13:37 B K:\TBH Website Temp\tejas\clay\images\mx6-1a.html --> uts.cc.utexas.edu /export/httpd/vhosts/texasbeyondhistory/data/tejas/clay/images mx6-1a.html
2003.07.18 13:37 B K:\TBH Website Temp\tejas\clay\images\odd-brushing.html --> uts.cc.utexas.edu /export/httpd/vhosts/texasbeyondhistory/data/tejas/clay/images odd-brushing.html
2003.07.18 13:37 B K:\TBH Website Temp\tejas\clay\images\odd_brushing-lg.jpg --> uts.cc.utexas.edu /export/httpd/vhosts/texasbeyondhistory/data/tejas/clay/images odd_brushing-lg.jpg
2003.07.18 13:37 B K:\TBH Website Temp\tejas\clay\images\odd_brushing-sm.jpg --> uts.cc.utexas.edu /export/httpd/vhosts/texasbeyondhistory/data/tejas/clay/images odd_brushing-sm.jpg
2003.07.18 13:37 B K:\TBH Website Temp\tejas\clay\images\olla-lg.jpg --> uts.cc.utexas.edu /export/httpd/vhosts/texasbeyondhistory/data/tejas/clay/images olla-lg.jpg
2003.07.18 13:37 B K:\TBH Website Temp\tejas\clay\images\olla-sm.jpg --> uts.cc.utexas.edu /export/httpd/vhosts/texasbeyondhistory/data/tejas/clay/images olla-sm.jpg
2003.07.18 13:37 B K:\TBH Website Temp\tejas\clay\images\redcorn2-lg.jpg --> uts.cc.utexas.edu /export/httpd/vhosts/texasbeyondhistory/data/tejas/clay/images redcorn2-lg.jpg
2003.07.18 13:37 B K:\TBH Website Temp\tejas\clay\images\redcorn2-sm.jpg --> uts.cc.utexas.edu /export/httpd/vhosts/texasbeyondhistory/data/tejas/clay/images redcorn2-sm.jpg
2003.07.18 13:37 B K:\TBH Website Temp\tejas\clay\images\redcorn2.html --> uts.cc.utexas.edu /export/httpd/vhosts/texasbeyondhistory/data/tejas/clay/images redcorn2.html
2003.07.18 13:37 B K:\TBH Website Temp\tejas\clay\images\redcorn3-lg.jpg --> uts.cc.utexas.edu /export/httpd/vhosts/texasbeyondhistory/data/tejas/clay/images redcorn3-lg.jpg
2003.07.18 13:37 B K:\TBH Website Temp\tejas\clay\images\redcorn3-sm.jpg --> uts.cc.utexas.edu /export/httpd/vhosts/texasbeyondhistory/data/tejas/clay/images redcorn3-sm.jpg
2003.07.18 13:37 B K:\TBH Website Temp\tejas\clay\images\redcorn3.html --> uts.cc.utexas.edu /export/httpd/vhosts/texasbeyondhistory/data/tejas/clay/images redcorn3.html
2003.07.18 13:37 B K:\TBH Website Temp\tejas\clay\images\redcorn4-lg.jpg --> uts.cc.utexas.edu /export/httpd/vhosts/texasbeyondhistory/data/tejas/clay/images redcorn4-lg.jpg
2003.07.18 13:37 B K:\TBH Website Temp\tejas\clay\images\redcorn4-sm.jpg --> uts.cc.utexas.edu /export/httpd/vhosts/texasbeyondhistory/data/tejas/clay/images redcorn4-sm.jpg
2003.07.18 13:37 B K:\TBH Website Temp\tejas\clay\images\redcorn4.html --> uts.cc.utexas.edu /export/httpd/vhosts/texasbeyondhistory/data/tejas/clay/images redcorn4.html
2003.07.18 13:37 B K:\TBH Website Temp\tejas\clay\images\redcorn5-lg.jpg --> uts.cc.utexas.edu /export/httpd/vhosts/texasbeyondhistory/data/tejas/clay/images redcorn5-lg.jpg
2003.07.18 13:37 B K:\TBH Website Temp\tejas\clay\images\redcorn5-sm.jpg --> uts.cc.utexas.edu /export/httpd/vhosts/texasbeyondhistory/data/tejas/clay/images redcorn5-sm.jpg
2003.07.18 13:37 B K:\TBH Website Temp\tejas\clay\images\redcorn5.html --> uts.cc.utexas.edu /export/httpd/vhosts/texasbeyondhistory/data/tejas/clay/images redcorn5.html
2003.07.18 13:37 B K:\TBH Website Temp\tejas\clay\images\redcorn6-lg.jpg --> uts.cc.utexas.edu /export/httpd/vhosts/texasbeyondhistory/data/tejas/clay/images redcorn6-lg.jpg
2003.07.18 13:37 B K:\TBH Website Temp\tejas\clay\images\redcorn6-sm.jpg --> uts.cc.utexas.edu /export/httpd/vhosts/texasbeyondhistory/data/tejas/clay/images redcorn6-sm.jpg
2003.07.18 13:37 B K:\TBH Website Temp\tejas\clay\images\redcorn6.html --> uts.cc.utexas.edu /export/httpd/vhosts/texasbeyondhistory/data/tejas/clay/images redcorn6.html
2003.07.18 13:37 B K:\TBH Website Temp\tejas\clay\images\redcorn7-lg.jpg --> uts.cc.utexas.edu /export/httpd/vhosts/texasbeyondhistory/data/tejas/clay/images redcorn7-lg.jpg
2003.07.18 13:37 B K:\TBH Website Temp\tejas\clay\images\redcorn7-sm.jpg --> uts.cc.utexas.edu /export/httpd/vhosts/texasbeyondhistory/data/tejas/clay/images redcorn7-sm.jpg
2003.07.18 13:37 B K:\TBH Website Temp\tejas\clay\images\serpent-coils.html --> uts.cc.utexas.edu /export/httpd/vhosts/texasbeyondhistory/data/tejas/clay/images serpent-coils.html
2003.07.18 13:37 B K:\TBH Website Temp\tejas\clay\images\serpent_coils-1998-lg.jpg --> uts.cc.utexas.edu /export/httpd/vhosts/texasbeyondhistory/data/tejas/clay/images serpent_coils-1998-lg.jpg
2003.07.18 13:37 B K:\TBH Website Temp\tejas\clay\images\serpent_coils-1998-sm.jpg --> uts.cc.utexas.edu /export/httpd/vhosts/texasbeyondhistory/data/tejas/clay/images serpent_coils-1998-sm.jpg
2003.07.18 13:37 B K:\TBH Website Temp\tejas\clay\images\suhm&krieger-1954-2-lg.jpg --> uts.cc.utexas.edu /export/httpd/vhosts/texasbeyondhistory/data/tejas/clay/images suhm&krieger-1954-2-lg.jpg
2003.07.18 13:37 B K:\TBH Website Temp\tejas\clay\images\suhm&krieger-1954-2-sm.jpg --> uts.cc.utexas.edu /export/httpd/vhosts/texasbeyondhistory/data/tejas/clay/images suhm&krieger-1954-2-sm.jpg
2003.07.18 13:37 B K:\TBH Website Temp\tejas\clay\images\suhmkrieger1954.html --> uts.cc.utexas.edu /export/httpd/vhosts/texasbeyondhistory/data/tejas/clay/images suhmkrieger1954.html
2003.07.18 13:37 B K:\TBH Website Temp\tejas\clay\images\sy24-1-lg.jpg --> uts.cc.utexas.edu /export/httpd/vhosts/texasbeyondhistory/data/tejas/clay/images sy24-1-lg.jpg
2003.07.18 13:37 B K:\TBH Website Temp\tejas\clay\images\sy24-1-sm.jpg --> uts.cc.utexas.edu /export/httpd/vhosts/texasbeyondhistory/data/tejas/clay/images sy24-1-sm.jpg
2003.07.18 13:37 B K:\TBH Website Temp\tejas\clay\images\sy24-1.html --> uts.cc.utexas.edu /export/httpd/vhosts/texasbeyondhistory/data/tejas/clay/images sy24-1.html
2003.07.18 13:37 B K:\TBH Website Temp\tejas\clay\images\taysha-1998-lg.jpg --> uts.cc.utexas.edu /export/httpd/vhosts/texasbeyondhistory/data/tejas/clay/images taysha-1998-lg.jpg
2003.07.18 13:37 B K:\TBH Website Temp\tejas\clay\images\taysha-1998-sm.jpg --> uts.cc.utexas.edu /export/httpd/vhosts/texasbeyondhistory/data/tejas/clay/images taysha-1998-sm.jpg
2003.07.18 13:37 B K:\TBH Website Temp\tejas\clay\images\taysha.html --> uts.cc.utexas.edu /export/httpd/vhosts/texasbeyondhistory/data/tejas/clay/images taysha.html
2003.07.18 13:37 B K:\TBH Website Temp\tejas\clay\images\ur2-15-lg.jpg --> uts.cc.utexas.edu /export/httpd/vhosts/texasbeyondhistory/data/tejas/clay/images ur2-15-lg.jpg
2003.07.18 13:37 B K:\TBH Website Temp\tejas\clay\images\ur2-15-sm.jpg --> uts.cc.utexas.edu /export/httpd/vhosts/texasbeyondhistory/data/tejas/clay/images ur2-15-sm.jpg
2003.07.18 13:37 B K:\TBH Website Temp\tejas\clay\images\ur2-15.html --> uts.cc.utexas.edu /export/httpd/vhosts/texasbeyondhistory/data/tejas/clay/images ur2-15.html
2003.07.18 13:37 B K:\TBH Website Temp\tejas\clay\images\ur2-15a-lg.jpg --> uts.cc.utexas.edu /export/httpd/vhosts/texasbeyondhistory/data/tejas/clay/images ur2-15a-lg.jpg
2003.07.18 13:37 B K:\TBH Website Temp\tejas\clay\images\ur2-15a-sm.jpg --> uts.cc.utexas.edu /export/httpd/vhosts/texasbeyondhistory/data/tejas/clay/images ur2-15a-sm.jpg
2003.07.18 13:37 B K:\TBH Website Temp\tejas\clay\images\ur2-15a.html --> uts.cc.utexas.edu /export/httpd/vhosts/texasbeyondhistory/data/tejas/clay/images ur2-15a.html
2003.07.18 13:37 B K:\TBH Website Temp\tejas\clay\images\ur2-23-lg.jpg --> uts.cc.utexas.edu /export/httpd/vhosts/texasbeyondhistory/data/tejas/clay/images ur2-23-lg.jpg
2003.07.18 13:37 B K:\TBH Website Temp\tejas\clay\images\ur2-23-sm.jpg --> uts.cc.utexas.edu /export/httpd/vhosts/texasbeyondhistory/data/tejas/clay/images ur2-23-sm.jpg
2003.07.18 13:37 B K:\TBH Website Temp\tejas\clay\images\ur2-23.html --> uts.cc.utexas.edu /export/httpd/vhosts/texasbeyondhistory/data/tejas/clay/images ur2-23.html
2003.07.18 13:37 B K:\TBH Website Temp\tejas\clay\images\ur2-268-lg.jpg --> uts.cc.utexas.edu /export/httpd/vhosts/texasbeyondhistory/data/tejas/clay/images ur2-268-lg.jpg
2003.07.18 13:37 B K:\TBH Website Temp\tejas\clay\images\ur2-268-sm.jpg --> uts.cc.utexas.edu /export/httpd/vhosts/texasbeyondhistory/data/tejas/clay/images ur2-268-sm.jpg
2003.07.18 13:37 B K:\TBH Website Temp\tejas\clay\images\ur2-268.html --> uts.cc.utexas.edu /export/httpd/vhosts/texasbeyondhistory/data/tejas/clay/images ur2-268.html
2003.07.18 13:37 B K:\TBH Website Temp\tejas\clay\images\ur2-42-lg.jpg --> uts.cc.utexas.edu /export/httpd/vhosts/texasbeyondhistory/data/tejas/clay/images ur2-42-lg.jpg
2003.07.18 13:37 B K:\TBH Website Temp\tejas\clay\images\ur2-42-sm.jpg --> uts.cc.utexas.edu /export/httpd/vhosts/texasbeyondhistory/data/tejas/clay/images ur2-42-sm.jpg
2003.07.18 13:37 B K:\TBH Website Temp\tejas\clay\images\ur2-42.html --> uts.cc.utexas.edu /export/httpd/vhosts/texasbeyondhistory/data/tejas/clay/images ur2-42.html
2003.07.18 13:37 B K:\TBH Website Temp\tejas\clay\images\ur2-42a-lg.jpg --> uts.cc.utexas.edu /export/httpd/vhosts/texasbeyondhistory/data/tejas/clay/images ur2-42a-lg.jpg
2003.07.18 13:37 B K:\TBH Website Temp\tejas\clay\images\ur2-42a-sm.jpg --> uts.cc.utexas.edu /export/httpd/vhosts/texasbeyondhistory/data/tejas/clay/images ur2-42a-sm.jpg
2003.07.18 13:37 B K:\TBH Website Temp\tejas\clay\images\ur2-42a.html --> uts.cc.utexas.edu /export/httpd/vhosts/texasbeyondhistory/data/tejas/clay/images ur2-42a.html
2003.07.18 13:37 B K:\TBH Website Temp\tejas\clay\images\ur5-6-lg.jpg --> uts.cc.utexas.edu /export/httpd/vhosts/texasbeyondhistory/data/tejas/clay/images ur5-6-lg.jpg
2003.07.18 13:37 B K:\TBH Website Temp\tejas\clay\images\ur5-6-sm.jpg --> uts.cc.utexas.edu /export/httpd/vhosts/texasbeyondhistory/data/tejas/clay/images ur5-6-sm.jpg
2003.07.18 13:37 B K:\TBH Website Temp\tejas\clay\images\ur5-6.html --> uts.cc.utexas.edu /export/httpd/vhosts/texasbeyondhistory/data/tejas/clay/images ur5-6.html
2003.07.18 14:06 B K:\TBH Website Temp\tejas\clay\images\black-and-red-bottles2.html --> uts.cc.utexas.edu /export/httpd/vhosts/texasbeyondhistory/data/tejas/clay/images black-and-red-bottles2.html
2003.08.06 09:09 B K:\TBH Website Temp\tejas\clay\images\caddo_ceramics.pdf --> uts.cc.utexas.edu /export/httpd/vhosts/texasbeyondhistory/data/tejas/clay/images caddo_ceramics.pdf
2003.08.06 09:09 B K:\TBH Website Temp\tejas\clay\images\caddo_ceramics-references.pdf --> uts.cc.utexas.edu /export/httpd/vhosts/texasbeyondhistory/data/tejas/clay/images caddo_ceramics-references.pdf
2003.08.06 09:09 B K:\TBH Website Temp\tejas\clay\images\redcorn-1996.jpg --> uts.cc.utexas.edu /export/httpd/vhosts/texasbeyondhistory/data/tejas/clay/images redcorn-1996.jpg
2003.08.06 09:09 B K:\TBH Website Temp\tejas\clay\images\digital-photography2.jpg --> uts.cc.utexas.edu /export/httpd/vhosts/texasbeyondhistory/data/tejas/clay/images digital-photography2.jpg
2003.08.06 09:09 B K:\TBH Website Temp\tejas\clay\images\digital-photography.jpg --> uts.cc.utexas.edu /export/httpd/vhosts/texasbeyondhistory/data/tejas/clay/images digital-photography.jpg
2003.08.14 11:41 B K:\TBH Website Temp\tejas\clay\images\nelson-scene.html --> uts.cc.utexas.edu /export/httpd/vhosts/texasbeyondhistory/data/tejas/clay/images nelson-scene.html
2003.08.14 11:41 B K:\TBH Website Temp\tejas\clay\images\nelson-scene-sm.jpg --> uts.cc.utexas.edu /export/httpd/vhosts/texasbeyondhistory/data/tejas/clay/images nelson-scene-sm.jpg
2003.08.14 11:41 B K:\TBH Website Temp\tejas\clay\images\claymaincollage.jpg --> uts.cc.utexas.edu /export/httpd/vhosts/texasbeyondhistory/data/tejas/clay/images claymaincollage.jpg
2003.08.14 11:41 B K:\TBH Website Temp\tejas\clay\images\brazos-pots.html --> uts.cc.utexas.edu /export/httpd/vhosts/texasbeyondhistory/data/tejas/clay/images brazos-pots.html
2003.08.14 11:41 B K:\TBH Website Temp\tejas\clay\images\flying-rattlesnake-1998-lg.html --> uts.cc.utexas.edu /export/httpd/vhosts/texasbeyondhistory/data/tejas/clay/images flying-rattlesnake-1998-lg.html
2003.08.14 11:41 B K:\TBH Website Temp\tejas\clay\images\ur2-42.html --> uts.cc.utexas.edu /export/httpd/vhosts/texasbeyondhistory/data/tejas/clay/images ur2-42.html
2003.08.14 11:41 B K:\TBH Website Temp\tejas\clay\images\ur2-268.html --> uts.cc.utexas.edu /export/httpd/vhosts/texasbeyondhistory/data/tejas/clay/images ur2-268.html
2003.08.14 11:41 B K:\TBH Website Temp\tejas\clay\images\ur2-23.html --> uts.cc.utexas.edu /export/httpd/vhosts/texasbeyondhistory/data/tejas/clay/images ur2-23.html
2003.08.14 11:41 B K:\TBH Website Temp\tejas\clay\images\ur2-15a.html --> uts.cc.utexas.edu /export/httpd/vhosts/texasbeyondhistory/data/tejas/clay/images ur2-15a.html
2003.08.14 11:41 B K:\TBH Website Temp\tejas\clay\images\ur2-15.html --> uts.cc.utexas.edu /export/httpd/vhosts/texasbeyondhistory/data/tejas/clay/images ur2-15.html
2003.08.14 11:41 B K:\TBH Website Temp\tejas\clay\images\mx6-1a.html --> uts.cc.utexas.edu /export/httpd/vhosts/texasbeyondhistory/data/tejas/clay/images mx6-1a.html
2003.08.14 11:41 B K:\TBH Website Temp\tejas\clay\images\mx6-1.html --> uts.cc.utexas.edu /export/httpd/vhosts/texasbeyondhistory/data/tejas/clay/images mx6-1.html
2003.08.14 11:41 B K:\TBH Website Temp\tejas\clay\images\mx4-61a.html --> uts.cc.utexas.edu /export/httpd/vhosts/texasbeyondhistory/data/tejas/clay/images mx4-61a.html
2003.08.14 11:41 B K:\TBH Website Temp\tejas\clay\images\mx4-61.html --> uts.cc.utexas.edu /export/httpd/vhosts/texasbeyondhistory/data/tejas/clay/images mx4-61.html
2003.08.14 11:41 B K:\TBH Website Temp\tejas\clay\images\lr2-517a.html --> uts.cc.utexas.edu /export/httpd/vhosts/texasbeyondhistory/data/tejas/clay/images lr2-517a.html
2003.08.14 11:41 B K:\TBH Website Temp\tejas\clay\images\lr2-517.html --> uts.cc.utexas.edu /export/httpd/vhosts/texasbeyondhistory/data/tejas/clay/images lr2-517.html
2003.08.14 11:41 B K:\TBH Website Temp\tejas\clay\images\lr1-24&hs3-762.html --> uts.cc.utexas.edu /export/httpd/vhosts/texasbeyondhistory/data/tejas/clay/images lr1-24&hs3-762.html
2003.08.14 11:41 B K:\TBH Website Temp\tejas\clay\images\hs3-696.html --> uts.cc.utexas.edu /export/httpd/vhosts/texasbeyondhistory/data/tejas/clay/images hs3-696.html
2003.08.14 11:41 B K:\TBH Website Temp\tejas\clay\images\hs3-64.html --> uts.cc.utexas.edu /export/httpd/vhosts/texasbeyondhistory/data/tejas/clay/images hs3-64.html
2003.08.14 11:41 B K:\TBH Website Temp\tejas\clay\images\hs3-58&64.html --> uts.cc.utexas.edu /export/httpd/vhosts/texasbeyondhistory/data/tejas/clay/images hs3-58&64.html
2003.08.14 11:41 B K:\TBH Website Temp\tejas\clay\images\hs3-538b.html --> uts.cc.utexas.edu /export/httpd/vhosts/texasbeyondhistory/data/tejas/clay/images hs3-538b.html
2003.08.14 11:41 B K:\TBH Website Temp\tejas\clay\images\hs3-538a.html --> uts.cc.utexas.edu /export/httpd/vhosts/texasbeyondhistory/data/tejas/clay/images hs3-538a.html
2003.08.14 11:41 B K:\TBH Website Temp\tejas\clay\images\hs3-538.html --> uts.cc.utexas.edu /export/httpd/vhosts/texasbeyondhistory/data/tejas/clay/images hs3-538.html
2003.08.14 11:41 B K:\TBH Website Temp\tejas\clay\images\hs3-464a.html --> uts.cc.utexas.edu /export/httpd/vhosts/texasbeyondhistory/data/tejas/clay/images hs3-464a.html
2003.08.14 11:41 B K:\TBH Website Temp\tejas\clay\images\hs3-464.html --> uts.cc.utexas.edu /export/httpd/vhosts/texasbeyondhistory/data/tejas/clay/images hs3-464.html
2003.08.14 11:41 B K:\TBH Website Temp\tejas\clay\images\hs3-458.html --> uts.cc.utexas.edu /export/httpd/vhosts/texasbeyondhistory/data/tejas/clay/images hs3-458.html
2003.08.14 11:41 B K:\TBH Website Temp\tejas\clay\images\hs3-331.html --> uts.cc.utexas.edu /export/httpd/vhosts/texasbeyondhistory/data/tejas/clay/images hs3-331.html
2003.08.14 11:41 B K:\TBH Website Temp\tejas\clay\images\hs3-101a.html --> uts.cc.utexas.edu /export/httpd/vhosts/texasbeyondhistory/data/tejas/clay/images hs3-101a.html
2003.08.14 11:41 B K:\TBH Website Temp\tejas\clay\images\hs3-101.html --> uts.cc.utexas.edu /export/httpd/vhosts/texasbeyondhistory/data/tejas/clay/images hs3-101.html
2003.08.14 11:41 B K:\TBH Website Temp\tejas\clay\images\hp1-1a.html --> uts.cc.utexas.edu /export/httpd/vhosts/texasbeyondhistory/data/tejas/clay/images hp1-1a.html
2003.08.14 11:41 B K:\TBH Website Temp\tejas\clay\images\hp1-1.html --> uts.cc.utexas.edu /export/httpd/vhosts/texasbeyondhistory/data/tejas/clay/images hp1-1.html
2003.08.14 11:41 B K:\TBH Website Temp\tejas\clay\images\cs25-70.html --> uts.cc.utexas.edu /export/httpd/vhosts/texasbeyondhistory/data/tejas/clay/images cs25-70.html
2003.08.14 11:41 B K:\TBH Website Temp\tejas\clay\images\cs23-44.html --> uts.cc.utexas.edu /export/httpd/vhosts/texasbeyondhistory/data/tejas/clay/images cs23-44.html
2003.08.14 11:41 B K:\TBH Website Temp\tejas\clay\images\cs14-6993b.html --> uts.cc.utexas.edu /export/httpd/vhosts/texasbeyondhistory/data/tejas/clay/images cs14-6993b.html
2003.08.14 11:41 B K:\TBH Website Temp\tejas\clay\images\cs14-6993.html --> uts.cc.utexas.edu /export/httpd/vhosts/texasbeyondhistory/data/tejas/clay/images cs14-6993.html
2003.08.14 11:41 B K:\TBH Website Temp\tejas\clay\images\class-pattern.html --> uts.cc.utexas.edu /export/httpd/vhosts/texasbeyondhistory/data/tejas/clay/images class-pattern.html
2003.08.14 11:41 B K:\TBH Website Temp\tejas\clay\images\ce19-424-21c.html --> uts.cc.utexas.edu /export/httpd/vhosts/texasbeyondhistory/data/tejas/clay/images ce19-424-21c.html
2003.08.14 11:41 B K:\TBH Website Temp\tejas\clay\images\ce19-424-21b.html --> uts.cc.utexas.edu /export/httpd/vhosts/texasbeyondhistory/data/tejas/clay/images ce19-424-21b.html
2003.08.14 11:41 B K:\TBH Website Temp\tejas\clay\images\ce19-424-21.html --> uts.cc.utexas.edu /export/httpd/vhosts/texasbeyondhistory/data/tejas/clay/images ce19-424-21.html
2003.08.14 11:41 B K:\TBH Website Temp\tejas\clay\images\ce12-71.html --> uts.cc.utexas.edu /export/httpd/vhosts/texasbeyondhistory/data/tejas/clay/images ce12-71.html
2003.08.14 11:41 B K:\TBH Website Temp\tejas\clay\images\ce12-190.html --> uts.cc.utexas.edu /export/httpd/vhosts/texasbeyondhistory/data/tejas/clay/images ce12-190.html
2003.08.14 11:41 B K:\TBH Website Temp\tejas\clay\images\ce12-16a.html --> uts.cc.utexas.edu /export/httpd/vhosts/texasbeyondhistory/data/tejas/clay/images ce12-16a.html
2003.08.14 11:41 B K:\TBH Website Temp\tejas\clay\images\ce12-16.html --> uts.cc.utexas.edu /export/httpd/vhosts/texasbeyondhistory/data/tejas/clay/images ce12-16.html
2003.08.14 11:41 B K:\TBH Website Temp\tejas\clay\images\bw4-6-2-44.html --> uts.cc.utexas.edu /export/httpd/vhosts/texasbeyondhistory/data/tejas/clay/images bw4-6-2-44.html
2003.08.14 11:41 B K:\TBH Website Temp\tejas\clay\images\bw4-341-463.html --> uts.cc.utexas.edu /export/httpd/vhosts/texasbeyondhistory/data/tejas/clay/images bw4-341-463.html
2003.08.14 11:41 B K:\TBH Website Temp\tejas\clay\images\bw3-6-1-3.html --> uts.cc.utexas.edu /export/httpd/vhosts/texasbeyondhistory/data/tejas/clay/images bw3-6-1-3.html
2003.08.14 11:41 B K:\TBH Website Temp\tejas\clay\images\an26-11a.html --> uts.cc.utexas.edu /export/httpd/vhosts/texasbeyondhistory/data/tejas/clay/images an26-11a.html
2003.08.14 11:41 B K:\TBH Website Temp\tejas\clay\images\an26-11.html --> uts.cc.utexas.edu /export/httpd/vhosts/texasbeyondhistory/data/tejas/clay/images an26-11.html
2003.08.14 11:41 B K:\TBH Website Temp\tejas\clay\images\an1-19a.html --> uts.cc.utexas.edu /export/httpd/vhosts/texasbeyondhistory/data/tejas/clay/images an1-19a.html
2003.08.14 11:41 B K:\TBH Website Temp\tejas\clay\images\an1-19.html --> uts.cc.utexas.edu /export/httpd/vhosts/texasbeyondhistory/data/tejas/clay/images an1-19.html
2003.08.14 11:41 B K:\TBH Website Temp\tejas\clay\images\auburn_clay2-sm.jpg --> uts.cc.utexas.edu /export/httpd/vhosts/texasbeyondhistory/data/tejas/clay/images auburn_clay2-sm.jpg
2003.08.14 11:41 B K:\TBH Website Temp\tejas\clay\images\wimpy-1993.jpg --> uts.cc.utexas.edu /export/httpd/vhosts/texasbeyondhistory/data/tejas/clay/images wimpy-1993.jpg
2003.08.14 11:41 B K:\TBH Website Temp\tejas\clay\images\nelson-scene.jpg --> uts.cc.utexas.edu /export/httpd/vhosts/texasbeyondhistory/data/tejas/clay/images nelson-scene.jpg
2003.08.14 11:41 B K:\TBH Website Temp\tejas\clay\images\brazos-pots-sm.jpg --> uts.cc.utexas.edu /export/httpd/vhosts/texasbeyondhistory/data/tejas/clay/images brazos-pots-sm.jpg
2003.08.14 11:41 B K:\TBH Website Temp\tejas\clay\images\brazos-pots.jpg --> uts.cc.utexas.edu /export/httpd/vhosts/texasbeyondhistory/data/tejas/clay/images brazos-pots.jpg
2003.08.14 11:41 B K:\TBH Website Temp\tejas\clay\images\bowl3.jpg --> uts.cc.utexas.edu /export/httpd/vhosts/texasbeyondhistory/data/tejas/clay/images bowl3.jpg
2003.08.14 11:41 B K:\TBH Website Temp\tejas\clay\images\bowl2.jpg --> uts.cc.utexas.edu /export/httpd/vhosts/texasbeyondhistory/data/tejas/clay/images bowl2.jpg
2003.08.14 11:41 B K:\TBH Website Temp\tejas\clay\images\bottle2.jpg --> uts.cc.utexas.edu /export/httpd/vhosts/texasbeyondhistory/data/tejas/clay/images bottle2.jpg
2003.08.14 11:41 B K:\TBH Website Temp\tejas\clay\images\jar2.jpg --> uts.cc.utexas.edu /export/httpd/vhosts/texasbeyondhistory/data/tejas/clay/images jar2.jpg
2003.08.14 11:41 B K:\TBH Website Temp\tejas\clay\images\jar.jpg --> uts.cc.utexas.edu /export/httpd/vhosts/texasbeyondhistory/data/tejas/clay/images jar.jpg
2003.08.14 11:41 B K:\TBH Website Temp\tejas\clay\images\bottle3.jpg --> uts.cc.utexas.edu /export/httpd/vhosts/texasbeyondhistory/data/tejas/clay/images bottle3.jpg
2003.08.14 11:41 B K:\TBH Website Temp\tejas\clay\images\WS_FTP.LOG --> uts.cc.utexas.edu /export/httpd/vhosts/texasbeyondhistory/data/tejas/clay/images WS_FTP.LOG
