2007.12.18 08:04 B K:\TBH Website Temp\madera\images\camera-button-ro-sm.jpg --> uts.cc.utexas.edu /export/httpd/vhosts/texasbeyondhistory/data/protect/madera/images camera-button-ro-sm.jpg
2007.12.18 08:04 B K:\TBH Website Temp\madera\images\camera-button-sm.jpg --> uts.cc.utexas.edu /export/httpd/vhosts/texasbeyondhistory/data/protect/madera/images camera-button-sm.jpg
2007.12.18 08:04 B K:\TBH Website Temp\madera\images\coe_lake_test_movie6.wmv --> uts.cc.utexas.edu /export/httpd/vhosts/texasbeyondhistory/data/protect/madera/images coe_lake_test_movie6.wmv
2007.12.18 08:04 B K:\TBH Website Temp\madera\images\icon-index.jpg --> uts.cc.utexas.edu /export/httpd/vhosts/texasbeyondhistory/data/protect/madera/images icon-index.jpg
2007.12.18 08:04 B K:\TBH Website Temp\madera\images\Madera-quemada.jpg --> uts.cc.utexas.edu /export/httpd/vhosts/texasbeyondhistory/data/protect/madera/images Madera-quemada.jpg
2007.12.18 08:04 B K:\TBH Website Temp\madera\images\miller-sm.jpg --> uts.cc.utexas.edu /export/httpd/vhosts/texasbeyondhistory/data/protect/madera/images miller-sm.jpg
2007.12.18 08:04 B K:\TBH Website Temp\madera\images\miller.html --> uts.cc.utexas.edu /export/httpd/vhosts/texasbeyondhistory/data/protect/madera/images miller.html
2007.12.18 08:04 B K:\TBH Website Temp\madera\images\miller.jpg --> uts.cc.utexas.edu /export/httpd/vhosts/texasbeyondhistory/data/protect/madera/images miller.jpg
2007.12.18 08:04 B K:\TBH Website Temp\madera\images\Picture11-sm.jpg --> uts.cc.utexas.edu /export/httpd/vhosts/texasbeyondhistory/data/protect/madera/images Picture11-sm.jpg
2007.12.18 08:04 B K:\TBH Website Temp\madera\images\Picture11.html --> uts.cc.utexas.edu /export/httpd/vhosts/texasbeyondhistory/data/protect/madera/images Picture11.html
2007.12.18 08:04 B K:\TBH Website Temp\madera\images\Picture11.jpg --> uts.cc.utexas.edu /export/httpd/vhosts/texasbeyondhistory/data/protect/madera/images Picture11.jpg
2007.12.18 08:04 B K:\TBH Website Temp\madera\images\Picture16c-sm.jpg --> uts.cc.utexas.edu /export/httpd/vhosts/texasbeyondhistory/data/protect/madera/images Picture16c-sm.jpg
2007.12.18 08:04 B K:\TBH Website Temp\madera\images\Picture16c.html --> uts.cc.utexas.edu /export/httpd/vhosts/texasbeyondhistory/data/protect/madera/images Picture16c.html
2007.12.18 08:04 B K:\TBH Website Temp\madera\images\Picture16c.jpg --> uts.cc.utexas.edu /export/httpd/vhosts/texasbeyondhistory/data/protect/madera/images Picture16c.jpg
2007.12.18 08:04 B K:\TBH Website Temp\madera\images\Picture17c-sm.jpg --> uts.cc.utexas.edu /export/httpd/vhosts/texasbeyondhistory/data/protect/madera/images Picture17c-sm.jpg
2007.12.18 08:04 B K:\TBH Website Temp\madera\images\Picture17c.html --> uts.cc.utexas.edu /export/httpd/vhosts/texasbeyondhistory/data/protect/madera/images Picture17c.html
2007.12.18 08:04 B K:\TBH Website Temp\madera\images\Picture17c.jpg --> uts.cc.utexas.edu /export/httpd/vhosts/texasbeyondhistory/data/protect/madera/images Picture17c.jpg
2007.12.18 08:04 B K:\TBH Website Temp\madera\images\Picture19a-sm.jpg --> uts.cc.utexas.edu /export/httpd/vhosts/texasbeyondhistory/data/protect/madera/images Picture19a-sm.jpg
2007.12.18 08:04 B K:\TBH Website Temp\madera\images\Picture19a.html --> uts.cc.utexas.edu /export/httpd/vhosts/texasbeyondhistory/data/protect/madera/images Picture19a.html
2007.12.18 08:04 B K:\TBH Website Temp\madera\images\Picture19a.jpg --> uts.cc.utexas.edu /export/httpd/vhosts/texasbeyondhistory/data/protect/madera/images Picture19a.jpg
2007.12.18 08:04 B K:\TBH Website Temp\madera\images\Picture20c-sm.jpg --> uts.cc.utexas.edu /export/httpd/vhosts/texasbeyondhistory/data/protect/madera/images Picture20c-sm.jpg
2007.12.18 08:04 B K:\TBH Website Temp\madera\images\Picture20c.html --> uts.cc.utexas.edu /export/httpd/vhosts/texasbeyondhistory/data/protect/madera/images Picture20c.html
2007.12.18 08:04 B K:\TBH Website Temp\madera\images\Picture20c.jpg --> uts.cc.utexas.edu /export/httpd/vhosts/texasbeyondhistory/data/protect/madera/images Picture20c.jpg
2007.12.18 08:04 B K:\TBH Website Temp\madera\images\Picture23c-sm.jpg --> uts.cc.utexas.edu /export/httpd/vhosts/texasbeyondhistory/data/protect/madera/images Picture23c-sm.jpg
2007.12.18 08:04 B K:\TBH Website Temp\madera\images\Picture23c.html --> uts.cc.utexas.edu /export/httpd/vhosts/texasbeyondhistory/data/protect/madera/images Picture23c.html
2007.12.18 08:04 B K:\TBH Website Temp\madera\images\Picture23c.jpg --> uts.cc.utexas.edu /export/httpd/vhosts/texasbeyondhistory/data/protect/madera/images Picture23c.jpg
2007.12.18 08:04 B K:\TBH Website Temp\madera\images\Picture23g-sm.jpg --> uts.cc.utexas.edu /export/httpd/vhosts/texasbeyondhistory/data/protect/madera/images Picture23g-sm.jpg
2007.12.18 08:04 B K:\TBH Website Temp\madera\images\Picture28b-sm.jpg --> uts.cc.utexas.edu /export/httpd/vhosts/texasbeyondhistory/data/protect/madera/images Picture28b-sm.jpg
2007.12.18 08:04 B K:\TBH Website Temp\madera\images\Picture28b.html --> uts.cc.utexas.edu /export/httpd/vhosts/texasbeyondhistory/data/protect/madera/images Picture28b.html
2007.12.18 08:04 B K:\TBH Website Temp\madera\images\Picture28b.jpg --> uts.cc.utexas.edu /export/httpd/vhosts/texasbeyondhistory/data/protect/madera/images Picture28b.jpg
2007.12.18 08:04 B K:\TBH Website Temp\madera\images\Picture31.jpg --> uts.cc.utexas.edu /export/httpd/vhosts/texasbeyondhistory/data/protect/madera/images Picture31.jpg
2007.12.18 08:04 B K:\TBH Website Temp\madera\images\Picture32-sm.jpg --> uts.cc.utexas.edu /export/httpd/vhosts/texasbeyondhistory/data/protect/madera/images Picture32-sm.jpg
2007.12.18 08:04 B K:\TBH Website Temp\madera\images\Picture32.html --> uts.cc.utexas.edu /export/httpd/vhosts/texasbeyondhistory/data/protect/madera/images Picture32.html
2007.12.18 08:04 B K:\TBH Website Temp\madera\images\Picture32.jpg --> uts.cc.utexas.edu /export/httpd/vhosts/texasbeyondhistory/data/protect/madera/images Picture32.jpg
2007.12.18 08:04 B K:\TBH Website Temp\madera\images\Picture33b-sm.jpg --> uts.cc.utexas.edu /export/httpd/vhosts/texasbeyondhistory/data/protect/madera/images Picture33b-sm.jpg
2007.12.18 08:04 B K:\TBH Website Temp\madera\images\Picture33b.html --> uts.cc.utexas.edu /export/httpd/vhosts/texasbeyondhistory/data/protect/madera/images Picture33b.html
2007.12.18 08:04 B K:\TBH Website Temp\madera\images\Picture33b.jpg --> uts.cc.utexas.edu /export/httpd/vhosts/texasbeyondhistory/data/protect/madera/images Picture33b.jpg
2007.12.18 08:04 B K:\TBH Website Temp\madera\images\Picture34a-sm.jpg --> uts.cc.utexas.edu /export/httpd/vhosts/texasbeyondhistory/data/protect/madera/images Picture34a-sm.jpg
2007.12.18 08:04 B K:\TBH Website Temp\madera\images\Picture34a.html --> uts.cc.utexas.edu /export/httpd/vhosts/texasbeyondhistory/data/protect/madera/images Picture34a.html
2007.12.18 08:04 B K:\TBH Website Temp\madera\images\Picture34a.jpg --> uts.cc.utexas.edu /export/httpd/vhosts/texasbeyondhistory/data/protect/madera/images Picture34a.jpg
2007.12.18 08:04 B K:\TBH Website Temp\madera\images\Picture35b-sm.jpg --> uts.cc.utexas.edu /export/httpd/vhosts/texasbeyondhistory/data/protect/madera/images Picture35b-sm.jpg
2007.12.18 08:04 B K:\TBH Website Temp\madera\images\Picture35b.html --> uts.cc.utexas.edu /export/httpd/vhosts/texasbeyondhistory/data/protect/madera/images Picture35b.html
2007.12.18 08:04 B K:\TBH Website Temp\madera\images\Picture35b.jpg --> uts.cc.utexas.edu /export/httpd/vhosts/texasbeyondhistory/data/protect/madera/images Picture35b.jpg
2007.12.18 08:04 B K:\TBH Website Temp\madera\images\Picture36c-sm.jpg --> uts.cc.utexas.edu /export/httpd/vhosts/texasbeyondhistory/data/protect/madera/images Picture36c-sm.jpg
2007.12.18 08:04 B K:\TBH Website Temp\madera\images\Picture36c.html --> uts.cc.utexas.edu /export/httpd/vhosts/texasbeyondhistory/data/protect/madera/images Picture36c.html
2007.12.18 08:04 B K:\TBH Website Temp\madera\images\Picture36c.jpg --> uts.cc.utexas.edu /export/httpd/vhosts/texasbeyondhistory/data/protect/madera/images Picture36c.jpg
2007.12.18 08:04 B K:\TBH Website Temp\madera\images\Picture37b-sm.jpg --> uts.cc.utexas.edu /export/httpd/vhosts/texasbeyondhistory/data/protect/madera/images Picture37b-sm.jpg
2007.12.18 08:04 B K:\TBH Website Temp\madera\images\Picture37b.html --> uts.cc.utexas.edu /export/httpd/vhosts/texasbeyondhistory/data/protect/madera/images Picture37b.html
2007.12.18 08:04 B K:\TBH Website Temp\madera\images\Picture37b.jpg --> uts.cc.utexas.edu /export/httpd/vhosts/texasbeyondhistory/data/protect/madera/images Picture37b.jpg
2007.12.18 08:04 B K:\TBH Website Temp\madera\images\Picture38a-sm.jpg --> uts.cc.utexas.edu /export/httpd/vhosts/texasbeyondhistory/data/protect/madera/images Picture38a-sm.jpg
2007.12.18 08:04 B K:\TBH Website Temp\madera\images\Picture38a.html --> uts.cc.utexas.edu /export/httpd/vhosts/texasbeyondhistory/data/protect/madera/images Picture38a.html
2007.12.18 08:04 B K:\TBH Website Temp\madera\images\Picture38a.jpg --> uts.cc.utexas.edu /export/httpd/vhosts/texasbeyondhistory/data/protect/madera/images Picture38a.jpg
2007.12.18 08:04 B K:\TBH Website Temp\madera\images\Picture38b-sm.jpg --> uts.cc.utexas.edu /export/httpd/vhosts/texasbeyondhistory/data/protect/madera/images Picture38b-sm.jpg
2007.12.18 08:04 B K:\TBH Website Temp\madera\images\Picture38b.html --> uts.cc.utexas.edu /export/httpd/vhosts/texasbeyondhistory/data/protect/madera/images Picture38b.html
2007.12.18 08:04 B K:\TBH Website Temp\madera\images\Picture38b.jpg --> uts.cc.utexas.edu /export/httpd/vhosts/texasbeyondhistory/data/protect/madera/images Picture38b.jpg
2007.12.18 08:04 B K:\TBH Website Temp\madera\images\Picture39c-sm.jpg --> uts.cc.utexas.edu /export/httpd/vhosts/texasbeyondhistory/data/protect/madera/images Picture39c-sm.jpg
2007.12.18 08:04 B K:\TBH Website Temp\madera\images\Picture39c.html --> uts.cc.utexas.edu /export/httpd/vhosts/texasbeyondhistory/data/protect/madera/images Picture39c.html
2007.12.18 08:04 B K:\TBH Website Temp\madera\images\Picture39c.jpg --> uts.cc.utexas.edu /export/httpd/vhosts/texasbeyondhistory/data/protect/madera/images Picture39c.jpg
2007.12.18 08:04 B K:\TBH Website Temp\madera\images\Picture41-sm.jpg --> uts.cc.utexas.edu /export/httpd/vhosts/texasbeyondhistory/data/protect/madera/images Picture41-sm.jpg
2007.12.18 08:04 B K:\TBH Website Temp\madera\images\Picture41.html --> uts.cc.utexas.edu /export/httpd/vhosts/texasbeyondhistory/data/protect/madera/images Picture41.html
2007.12.18 08:04 B K:\TBH Website Temp\madera\images\Picture41.jpg --> uts.cc.utexas.edu /export/httpd/vhosts/texasbeyondhistory/data/protect/madera/images Picture41.jpg
2007.12.18 08:04 B K:\TBH Website Temp\madera\images\Picture44-sm.jpg --> uts.cc.utexas.edu /export/httpd/vhosts/texasbeyondhistory/data/protect/madera/images Picture44-sm.jpg
2007.12.18 08:04 B K:\TBH Website Temp\madera\images\Picture44.html --> uts.cc.utexas.edu /export/httpd/vhosts/texasbeyondhistory/data/protect/madera/images Picture44.html
2007.12.18 08:04 B K:\TBH Website Temp\madera\images\Picture44.jpg --> uts.cc.utexas.edu /export/httpd/vhosts/texasbeyondhistory/data/protect/madera/images Picture44.jpg
2007.12.18 08:04 B K:\TBH Website Temp\madera\images\Picture46a-sm.jpg --> uts.cc.utexas.edu /export/httpd/vhosts/texasbeyondhistory/data/protect/madera/images Picture46a-sm.jpg
2007.12.18 08:04 B K:\TBH Website Temp\madera\images\Picture46a.html --> uts.cc.utexas.edu /export/httpd/vhosts/texasbeyondhistory/data/protect/madera/images Picture46a.html
2007.12.18 08:04 B K:\TBH Website Temp\madera\images\Picture46a.jpg --> uts.cc.utexas.edu /export/httpd/vhosts/texasbeyondhistory/data/protect/madera/images Picture46a.jpg
2007.12.18 08:04 B K:\TBH Website Temp\madera\images\Picture47b-sm.jpg --> uts.cc.utexas.edu /export/httpd/vhosts/texasbeyondhistory/data/protect/madera/images Picture47b-sm.jpg
2007.12.18 08:04 B K:\TBH Website Temp\madera\images\Picture47b.html --> uts.cc.utexas.edu /export/httpd/vhosts/texasbeyondhistory/data/protect/madera/images Picture47b.html
2007.12.18 08:04 B K:\TBH Website Temp\madera\images\Picture47b.jpg --> uts.cc.utexas.edu /export/httpd/vhosts/texasbeyondhistory/data/protect/madera/images Picture47b.jpg
2007.12.18 08:04 B K:\TBH Website Temp\madera\images\Picture48c-sm.jpg --> uts.cc.utexas.edu /export/httpd/vhosts/texasbeyondhistory/data/protect/madera/images Picture48c-sm.jpg
2007.12.18 08:04 B K:\TBH Website Temp\madera\images\Picture48c.html --> uts.cc.utexas.edu /export/httpd/vhosts/texasbeyondhistory/data/protect/madera/images Picture48c.html
2007.12.18 08:04 B K:\TBH Website Temp\madera\images\Picture48c.jpg --> uts.cc.utexas.edu /export/httpd/vhosts/texasbeyondhistory/data/protect/madera/images Picture48c.jpg
2007.12.18 08:04 B K:\TBH Website Temp\madera\images\Picture50-sm.jpg --> uts.cc.utexas.edu /export/httpd/vhosts/texasbeyondhistory/data/protect/madera/images Picture50-sm.jpg
2007.12.18 08:04 B K:\TBH Website Temp\madera\images\Picture50.html --> uts.cc.utexas.edu /export/httpd/vhosts/texasbeyondhistory/data/protect/madera/images Picture50.html
2007.12.18 08:04 B K:\TBH Website Temp\madera\images\Picture50.jpg --> uts.cc.utexas.edu /export/httpd/vhosts/texasbeyondhistory/data/protect/madera/images Picture50.jpg
2007.12.18 08:04 B K:\TBH Website Temp\madera\images\Picture51-sm.jpg --> uts.cc.utexas.edu /export/httpd/vhosts/texasbeyondhistory/data/protect/madera/images Picture51-sm.jpg
2007.12.18 08:04 B K:\TBH Website Temp\madera\images\Picture51.html --> uts.cc.utexas.edu /export/httpd/vhosts/texasbeyondhistory/data/protect/madera/images Picture51.html
2007.12.18 08:04 B K:\TBH Website Temp\madera\images\Picture51.jpg --> uts.cc.utexas.edu /export/httpd/vhosts/texasbeyondhistory/data/protect/madera/images Picture51.jpg
2007.12.18 08:04 B K:\TBH Website Temp\madera\images\Picture52a-sm.jpg --> uts.cc.utexas.edu /export/httpd/vhosts/texasbeyondhistory/data/protect/madera/images Picture52a-sm.jpg
2007.12.18 08:04 B K:\TBH Website Temp\madera\images\Picture52a.html --> uts.cc.utexas.edu /export/httpd/vhosts/texasbeyondhistory/data/protect/madera/images Picture52a.html
2007.12.18 08:04 B K:\TBH Website Temp\madera\images\Picture52a.jpg --> uts.cc.utexas.edu /export/httpd/vhosts/texasbeyondhistory/data/protect/madera/images Picture52a.jpg
2007.12.18 08:04 B K:\TBH Website Temp\madera\images\Picture9-sm.jpg --> uts.cc.utexas.edu /export/httpd/vhosts/texasbeyondhistory/data/protect/madera/images Picture9-sm.jpg
2007.12.18 08:04 B K:\TBH Website Temp\madera\images\Picture9.html --> uts.cc.utexas.edu /export/httpd/vhosts/texasbeyondhistory/data/protect/madera/images Picture9.html
2007.12.18 08:04 B K:\TBH Website Temp\madera\images\Picture9.jpg --> uts.cc.utexas.edu /export/httpd/vhosts/texasbeyondhistory/data/protect/madera/images Picture9.jpg
2007.12.18 08:04 B K:\TBH Website Temp\madera\images\pinyon-sm.jpg --> uts.cc.utexas.edu /export/httpd/vhosts/texasbeyondhistory/data/protect/madera/images pinyon-sm.jpg
2007.12.18 08:04 B K:\TBH Website Temp\madera\images\pinyon.html --> uts.cc.utexas.edu /export/httpd/vhosts/texasbeyondhistory/data/protect/madera/images pinyon.html
2007.12.18 08:04 B K:\TBH Website Temp\madera\images\pinyon.jpg --> uts.cc.utexas.edu /export/httpd/vhosts/texasbeyondhistory/data/protect/madera/images pinyon.jpg
2007.12.18 08:04 B K:\TBH Website Temp\madera\images\Thumbs.db --> uts.cc.utexas.edu /export/httpd/vhosts/texasbeyondhistory/data/protect/madera/images Thumbs.db
2007.12.21 16:46 B L:\TBH Website Temp\madera\images\Picture34a-sm,jpg --> uts.cc.utexas.edu /export/httpd/vhosts/texasbeyondhistory/data/protect/madera/images Picture34a-sm,jpg
2007.12.21 16:46 B L:\TBH Website Temp\madera\images\Picture51.html --> uts.cc.utexas.edu /export/httpd/vhosts/texasbeyondhistory/data/protect/madera/images Picture51.html
2007.12.21 16:46 B L:\TBH Website Temp\madera\images\picture51-sm.jpg --> uts.cc.utexas.edu /export/httpd/vhosts/texasbeyondhistory/data/protect/madera/images picture51-sm.jpg
2007.12.21 16:46 B L:\TBH Website Temp\madera\images\picture51.jpg --> uts.cc.utexas.edu /export/httpd/vhosts/texasbeyondhistory/data/protect/madera/images picture51.jpg
2007.12.21 16:46 B L:\TBH Website Temp\madera\images\Picture32.html --> uts.cc.utexas.edu /export/httpd/vhosts/texasbeyondhistory/data/protect/madera/images Picture32.html
2007.12.21 16:46 B L:\TBH Website Temp\madera\images\Picture20c.html --> uts.cc.utexas.edu /export/httpd/vhosts/texasbeyondhistory/data/protect/madera/images Picture20c.html
2007.12.21 16:46 B L:\TBH Website Temp\madera\images\WS_FTP.LOG --> uts.cc.utexas.edu /export/httpd/vhosts/texasbeyondhistory/data/protect/madera/images WS_FTP.LOG
2007.12.21 16:46 B L:\TBH Website Temp\madera\images\pinyon.html --> uts.cc.utexas.edu /export/httpd/vhosts/texasbeyondhistory/data/protect/madera/images pinyon.html
2007.12.21 16:46 B L:\TBH Website Temp\madera\images\icon-index.jpg --> uts.cc.utexas.edu /export/httpd/vhosts/texasbeyondhistory/data/protect/madera/images icon-index.jpg
2007.12.21 16:46 B L:\TBH Website Temp\madera\images\pinyon.jpg --> uts.cc.utexas.edu /export/httpd/vhosts/texasbeyondhistory/data/protect/madera/images pinyon.jpg
2007.12.21 16:46 B L:\TBH Website Temp\madera\images\pinyon-sm.jpg --> uts.cc.utexas.edu /export/httpd/vhosts/texasbeyondhistory/data/protect/madera/images pinyon-sm.jpg
2007.12.21 16:46 B L:\TBH Website Temp\madera\images\Thumbs.db --> uts.cc.utexas.edu /export/httpd/vhosts/texasbeyondhistory/data/protect/madera/images Thumbs.db
2007.12.21 16:46 B L:\TBH Website Temp\madera\images\Picture50.html --> uts.cc.utexas.edu /export/httpd/vhosts/texasbeyondhistory/data/protect/madera/images Picture50.html
2007.12.21 16:46 B L:\TBH Website Temp\madera\images\miller.html --> uts.cc.utexas.edu /export/httpd/vhosts/texasbeyondhistory/data/protect/madera/images miller.html
2007.12.21 16:46 B L:\TBH Website Temp\madera\images\Picture39c.html --> uts.cc.utexas.edu /export/httpd/vhosts/texasbeyondhistory/data/protect/madera/images Picture39c.html
2007.12.21 16:46 B L:\TBH Website Temp\madera\images\Picture35b.html --> uts.cc.utexas.edu /export/httpd/vhosts/texasbeyondhistory/data/protect/madera/images Picture35b.html
2007.12.21 16:46 B L:\TBH Website Temp\madera\images\Picture36c.html --> uts.cc.utexas.edu /export/httpd/vhosts/texasbeyondhistory/data/protect/madera/images Picture36c.html
2007.12.21 16:46 B L:\TBH Website Temp\madera\images\miller.jpg --> uts.cc.utexas.edu /export/httpd/vhosts/texasbeyondhistory/data/protect/madera/images miller.jpg
2007.12.21 16:46 B L:\TBH Website Temp\madera\images\miller-sm.jpg --> uts.cc.utexas.edu /export/httpd/vhosts/texasbeyondhistory/data/protect/madera/images miller-sm.jpg
2007.12.21 16:46 B L:\TBH Website Temp\madera\images\Madera-quemada.jpg --> uts.cc.utexas.edu /export/httpd/vhosts/texasbeyondhistory/data/protect/madera/images Madera-quemada.jpg
2007.12.21 16:46 B L:\TBH Website Temp\madera\images\Picture36c-sm.jpg --> uts.cc.utexas.edu /export/httpd/vhosts/texasbeyondhistory/data/protect/madera/images Picture36c-sm.jpg
2007.12.21 16:46 B L:\TBH Website Temp\madera\images\Picture36c.jpg --> uts.cc.utexas.edu /export/httpd/vhosts/texasbeyondhistory/data/protect/madera/images Picture36c.jpg
2007.12.21 16:46 B L:\TBH Website Temp\madera\images\Picture39c.jpg --> uts.cc.utexas.edu /export/httpd/vhosts/texasbeyondhistory/data/protect/madera/images Picture39c.jpg
2007.12.21 16:46 B L:\TBH Website Temp\madera\images\Picture39c-sm.jpg --> uts.cc.utexas.edu /export/httpd/vhosts/texasbeyondhistory/data/protect/madera/images Picture39c-sm.jpg
2007.12.21 16:46 B L:\TBH Website Temp\madera\images\Picture35b.jpg --> uts.cc.utexas.edu /export/httpd/vhosts/texasbeyondhistory/data/protect/madera/images Picture35b.jpg
2007.12.21 16:46 B L:\TBH Website Temp\madera\images\Picture35b-sm.jpg --> uts.cc.utexas.edu /export/httpd/vhosts/texasbeyondhistory/data/protect/madera/images Picture35b-sm.jpg
2007.12.21 16:46 B L:\TBH Website Temp\madera\images\Picture19a.html --> uts.cc.utexas.edu /export/httpd/vhosts/texasbeyondhistory/data/protect/madera/images Picture19a.html
2007.12.21 16:46 B L:\TBH Website Temp\madera\images\Picture41.html --> uts.cc.utexas.edu /export/httpd/vhosts/texasbeyondhistory/data/protect/madera/images Picture41.html
2007.12.21 16:46 B L:\TBH Website Temp\madera\images\Picture41.jpg --> uts.cc.utexas.edu /export/httpd/vhosts/texasbeyondhistory/data/protect/madera/images Picture41.jpg
2007.12.21 16:46 B L:\TBH Website Temp\madera\images\Picture37b.html --> uts.cc.utexas.edu /export/httpd/vhosts/texasbeyondhistory/data/protect/madera/images Picture37b.html
2007.12.21 16:46 B L:\TBH Website Temp\madera\images\Picture23c.html --> uts.cc.utexas.edu /export/httpd/vhosts/texasbeyondhistory/data/protect/madera/images Picture23c.html
2007.12.21 16:46 B L:\TBH Website Temp\madera\images\Picture48c.html --> uts.cc.utexas.edu /export/httpd/vhosts/texasbeyondhistory/data/protect/madera/images Picture48c.html
2007.12.21 16:46 B L:\TBH Website Temp\madera\images\Picture47b.html --> uts.cc.utexas.edu /export/httpd/vhosts/texasbeyondhistory/data/protect/madera/images Picture47b.html
2007.12.21 16:46 B L:\TBH Website Temp\madera\images\Picture46a.html --> uts.cc.utexas.edu /export/httpd/vhosts/texasbeyondhistory/data/protect/madera/images Picture46a.html
2007.12.21 16:46 B L:\TBH Website Temp\madera\images\Picture38a.html --> uts.cc.utexas.edu /export/httpd/vhosts/texasbeyondhistory/data/protect/madera/images Picture38a.html
2007.12.21 16:46 B L:\TBH Website Temp\madera\images\Picture33b.html --> uts.cc.utexas.edu /export/httpd/vhosts/texasbeyondhistory/data/protect/madera/images Picture33b.html
2007.12.21 16:46 B L:\TBH Website Temp\madera\images\Picture9.html --> uts.cc.utexas.edu /export/httpd/vhosts/texasbeyondhistory/data/protect/madera/images Picture9.html
2007.12.21 16:46 B L:\TBH Website Temp\madera\images\Picture44.html --> uts.cc.utexas.edu /export/httpd/vhosts/texasbeyondhistory/data/protect/madera/images Picture44.html
2007.12.21 16:46 B L:\TBH Website Temp\madera\images\Picture38b.html --> uts.cc.utexas.edu /export/httpd/vhosts/texasbeyondhistory/data/protect/madera/images Picture38b.html
2007.12.21 16:46 B L:\TBH Website Temp\madera\images\Picture11.html --> uts.cc.utexas.edu /export/httpd/vhosts/texasbeyondhistory/data/protect/madera/images Picture11.html
2007.12.21 16:46 B L:\TBH Website Temp\madera\images\Picture52a.html --> uts.cc.utexas.edu /export/httpd/vhosts/texasbeyondhistory/data/protect/madera/images Picture52a.html
2007.12.21 16:46 B L:\TBH Website Temp\madera\images\Picture17c.html --> uts.cc.utexas.edu /export/httpd/vhosts/texasbeyondhistory/data/protect/madera/images Picture17c.html
2007.12.21 16:46 B L:\TBH Website Temp\madera\images\Picture16c.html --> uts.cc.utexas.edu /export/httpd/vhosts/texasbeyondhistory/data/protect/madera/images Picture16c.html
2007.12.21 16:46 B L:\TBH Website Temp\madera\images\Picture34a.html --> uts.cc.utexas.edu /export/httpd/vhosts/texasbeyondhistory/data/protect/madera/images Picture34a.html
2007.12.21 16:46 B L:\TBH Website Temp\madera\images\Picture28b.html --> uts.cc.utexas.edu /export/httpd/vhosts/texasbeyondhistory/data/protect/madera/images Picture28b.html
2007.12.21 16:46 B L:\TBH Website Temp\madera\images\Picture44.jpg --> uts.cc.utexas.edu /export/httpd/vhosts/texasbeyondhistory/data/protect/madera/images Picture44.jpg
2007.12.21 16:46 B L:\TBH Website Temp\madera\images\Picture44-sm.jpg --> uts.cc.utexas.edu /export/httpd/vhosts/texasbeyondhistory/data/protect/madera/images Picture44-sm.jpg
2007.12.21 16:46 B L:\TBH Website Temp\madera\images\Picture41-sm.jpg --> uts.cc.utexas.edu /export/httpd/vhosts/texasbeyondhistory/data/protect/madera/images Picture41-sm.jpg
2007.12.21 16:46 B L:\TBH Website Temp\madera\images\Picture33b.jpg --> uts.cc.utexas.edu /export/httpd/vhosts/texasbeyondhistory/data/protect/madera/images Picture33b.jpg
2007.12.21 16:46 B L:\TBH Website Temp\madera\images\Picture33b-sm.jpg --> uts.cc.utexas.edu /export/httpd/vhosts/texasbeyondhistory/data/protect/madera/images Picture33b-sm.jpg
2007.12.21 16:46 B L:\TBH Website Temp\madera\images\Picture16c.jpg --> uts.cc.utexas.edu /export/httpd/vhosts/texasbeyondhistory/data/protect/madera/images Picture16c.jpg
2007.12.21 16:46 B L:\TBH Website Temp\madera\images\Picture16c-sm.jpg --> uts.cc.utexas.edu /export/httpd/vhosts/texasbeyondhistory/data/protect/madera/images Picture16c-sm.jpg
2007.12.21 16:46 B L:\TBH Website Temp\madera\images\Picture38a.jpg --> uts.cc.utexas.edu /export/httpd/vhosts/texasbeyondhistory/data/protect/madera/images Picture38a.jpg
2007.12.21 16:46 B L:\TBH Website Temp\madera\images\Picture38a-sm.jpg --> uts.cc.utexas.edu /export/httpd/vhosts/texasbeyondhistory/data/protect/madera/images Picture38a-sm.jpg
2007.12.21 16:46 B L:\TBH Website Temp\madera\images\Picture48c.jpg --> uts.cc.utexas.edu /export/httpd/vhosts/texasbeyondhistory/data/protect/madera/images Picture48c.jpg
2007.12.21 16:46 B L:\TBH Website Temp\madera\images\Picture48c-sm.jpg --> uts.cc.utexas.edu /export/httpd/vhosts/texasbeyondhistory/data/protect/madera/images Picture48c-sm.jpg
2007.12.21 16:46 B L:\TBH Website Temp\madera\images\Picture47b.jpg --> uts.cc.utexas.edu /export/httpd/vhosts/texasbeyondhistory/data/protect/madera/images Picture47b.jpg
2007.12.21 16:46 B L:\TBH Website Temp\madera\images\Picture47b-sm.jpg --> uts.cc.utexas.edu /export/httpd/vhosts/texasbeyondhistory/data/protect/madera/images Picture47b-sm.jpg
2007.12.21 16:46 B L:\TBH Website Temp\madera\images\Picture32.jpg --> uts.cc.utexas.edu /export/httpd/vhosts/texasbeyondhistory/data/protect/madera/images Picture32.jpg
2007.12.21 16:46 B L:\TBH Website Temp\madera\images\Picture32-sm.jpg --> uts.cc.utexas.edu /export/httpd/vhosts/texasbeyondhistory/data/protect/madera/images Picture32-sm.jpg
2007.12.21 16:46 B L:\TBH Website Temp\madera\images\Picture28b.jpg --> uts.cc.utexas.edu /export/httpd/vhosts/texasbeyondhistory/data/protect/madera/images Picture28b.jpg
2007.12.21 16:46 B L:\TBH Website Temp\madera\images\Picture28b-sm.jpg --> uts.cc.utexas.edu /export/httpd/vhosts/texasbeyondhistory/data/protect/madera/images Picture28b-sm.jpg
2007.12.21 16:46 B L:\TBH Website Temp\madera\images\Picture37b.jpg --> uts.cc.utexas.edu /export/httpd/vhosts/texasbeyondhistory/data/protect/madera/images Picture37b.jpg
2007.12.21 16:46 B L:\TBH Website Temp\madera\images\Picture37b-sm.jpg --> uts.cc.utexas.edu /export/httpd/vhosts/texasbeyondhistory/data/protect/madera/images Picture37b-sm.jpg
2007.12.21 16:46 B L:\TBH Website Temp\madera\images\Picture52a.jpg --> uts.cc.utexas.edu /export/httpd/vhosts/texasbeyondhistory/data/protect/madera/images Picture52a.jpg
2007.12.21 16:46 B L:\TBH Website Temp\madera\images\Picture52a-sm.jpg --> uts.cc.utexas.edu /export/httpd/vhosts/texasbeyondhistory/data/protect/madera/images Picture52a-sm.jpg
2007.12.21 16:46 B L:\TBH Website Temp\madera\images\Picture34a.jpg --> uts.cc.utexas.edu /export/httpd/vhosts/texasbeyondhistory/data/protect/madera/images Picture34a.jpg
2007.12.21 16:46 B L:\TBH Website Temp\madera\images\Picture34a-sm.jpg --> uts.cc.utexas.edu /export/httpd/vhosts/texasbeyondhistory/data/protect/madera/images Picture34a-sm.jpg
2007.12.21 16:46 B L:\TBH Website Temp\madera\images\Picture46a.jpg --> uts.cc.utexas.edu /export/httpd/vhosts/texasbeyondhistory/data/protect/madera/images Picture46a.jpg
2007.12.21 16:46 B L:\TBH Website Temp\madera\images\Picture46a-sm.jpg --> uts.cc.utexas.edu /export/httpd/vhosts/texasbeyondhistory/data/protect/madera/images Picture46a-sm.jpg
2007.12.21 16:46 B L:\TBH Website Temp\madera\images\Picture9.jpg --> uts.cc.utexas.edu /export/httpd/vhosts/texasbeyondhistory/data/protect/madera/images Picture9.jpg
2007.12.21 16:46 B L:\TBH Website Temp\madera\images\Picture9-sm.jpg --> uts.cc.utexas.edu /export/httpd/vhosts/texasbeyondhistory/data/protect/madera/images Picture9-sm.jpg
2007.12.21 16:46 B L:\TBH Website Temp\madera\images\Picture17c.jpg --> uts.cc.utexas.edu /export/httpd/vhosts/texasbeyondhistory/data/protect/madera/images Picture17c.jpg
2007.12.21 16:46 B L:\TBH Website Temp\madera\images\Picture23c.jpg --> uts.cc.utexas.edu /export/httpd/vhosts/texasbeyondhistory/data/protect/madera/images Picture23c.jpg
2007.12.21 16:46 B L:\TBH Website Temp\madera\images\Picture17c-sm.jpg --> uts.cc.utexas.edu /export/httpd/vhosts/texasbeyondhistory/data/protect/madera/images Picture17c-sm.jpg
2007.12.21 16:46 B L:\TBH Website Temp\madera\images\Picture23c-sm.jpg --> uts.cc.utexas.edu /export/httpd/vhosts/texasbeyondhistory/data/protect/madera/images Picture23c-sm.jpg
2007.12.21 16:46 B L:\TBH Website Temp\madera\images\Picture23g-sm.jpg --> uts.cc.utexas.edu /export/httpd/vhosts/texasbeyondhistory/data/protect/madera/images Picture23g-sm.jpg
2007.12.21 16:46 B L:\TBH Website Temp\madera\images\Picture38b.jpg --> uts.cc.utexas.edu /export/httpd/vhosts/texasbeyondhistory/data/protect/madera/images Picture38b.jpg
2007.12.21 16:46 B L:\TBH Website Temp\madera\images\Picture38b-sm.jpg --> uts.cc.utexas.edu /export/httpd/vhosts/texasbeyondhistory/data/protect/madera/images Picture38b-sm.jpg
2007.12.21 16:46 B L:\TBH Website Temp\madera\images\Picture20c.jpg --> uts.cc.utexas.edu /export/httpd/vhosts/texasbeyondhistory/data/protect/madera/images Picture20c.jpg
2007.12.21 16:46 B L:\TBH Website Temp\madera\images\Picture20c-sm.jpg --> uts.cc.utexas.edu /export/httpd/vhosts/texasbeyondhistory/data/protect/madera/images Picture20c-sm.jpg
2007.12.21 16:46 B L:\TBH Website Temp\madera\images\Picture11.jpg --> uts.cc.utexas.edu /export/httpd/vhosts/texasbeyondhistory/data/protect/madera/images Picture11.jpg
2007.12.21 16:46 B L:\TBH Website Temp\madera\images\Picture11-sm.jpg --> uts.cc.utexas.edu /export/httpd/vhosts/texasbeyondhistory/data/protect/madera/images Picture11-sm.jpg
2007.12.21 16:46 B L:\TBH Website Temp\madera\images\coe_lake_test_movie6.wmv --> uts.cc.utexas.edu /export/httpd/vhosts/texasbeyondhistory/data/protect/madera/images coe_lake_test_movie6.wmv
2007.12.21 16:46 B L:\TBH Website Temp\madera\images\Picture19a-sm.jpg --> uts.cc.utexas.edu /export/httpd/vhosts/texasbeyondhistory/data/protect/madera/images Picture19a-sm.jpg
2007.12.21 16:46 B L:\TBH Website Temp\madera\images\Picture50.jpg --> uts.cc.utexas.edu /export/httpd/vhosts/texasbeyondhistory/data/protect/madera/images Picture50.jpg
2007.12.21 16:46 B L:\TBH Website Temp\madera\images\Picture50-sm.jpg --> uts.cc.utexas.edu /export/httpd/vhosts/texasbeyondhistory/data/protect/madera/images Picture50-sm.jpg
2007.12.21 16:46 B L:\TBH Website Temp\madera\images\Picture31.jpg --> uts.cc.utexas.edu /export/httpd/vhosts/texasbeyondhistory/data/protect/madera/images Picture31.jpg
2007.12.21 16:46 B L:\TBH Website Temp\madera\images\Picture19a.jpg --> uts.cc.utexas.edu /export/httpd/vhosts/texasbeyondhistory/data/protect/madera/images Picture19a.jpg
2007.12.21 16:46 B L:\TBH Website Temp\madera\images\camera-button-sm.jpg --> uts.cc.utexas.edu /export/httpd/vhosts/texasbeyondhistory/data/protect/madera/images camera-button-sm.jpg
2007.12.21 16:46 B L:\TBH Website Temp\madera\images\camera-button-ro-sm.jpg --> uts.cc.utexas.edu /export/httpd/vhosts/texasbeyondhistory/data/protect/madera/images camera-button-ro-sm.jpg
2007.12.21 17:43 B L:\TBH Website Temp\madera\images\Picture51.html --> uts.cc.utexas.edu /export/httpd/vhosts/texasbeyondhistory/data/protect/madera/images Picture51.html
2007.12.21 17:43 B L:\TBH Website Temp\madera\images\picture51-sm.jpg --> uts.cc.utexas.edu /export/httpd/vhosts/texasbeyondhistory/data/protect/madera/images picture51-sm.jpg
2007.12.21 17:43 B L:\TBH Website Temp\madera\images\picture51.jpg --> uts.cc.utexas.edu /export/httpd/vhosts/texasbeyondhistory/data/protect/madera/images picture51.jpg
2007.12.21 17:45 B L:\TBH Website Temp\madera\images\Picture51.html --> uts.cc.utexas.edu /export/httpd/vhosts/texasbeyondhistory/data/protect/madera/images Picture51.html
2007.12.21 17:45 B L:\TBH Website Temp\madera\images\Picture34a-sm,jpg --> uts.cc.utexas.edu /export/httpd/vhosts/texasbeyondhistory/data/protect/madera/images Picture34a-sm,jpg
2007.12.21 17:45 B L:\TBH Website Temp\madera\images\Picture51-sm.jpg --> uts.cc.utexas.edu /export/httpd/vhosts/texasbeyondhistory/data/protect/madera/images Picture51-sm.jpg
2007.12.21 17:45 B L:\TBH Website Temp\madera\images\Picture51.jpg --> uts.cc.utexas.edu /export/httpd/vhosts/texasbeyondhistory/data/protect/madera/images Picture51.jpg
2008.01.18 17:30 B K:\TBH Website Temp\madera\images\Picture35b.html --> uts.cc.utexas.edu /export/httpd/vhosts/texasbeyondhistory/data/protect/madera/images Picture35b.html
2008.01.21 10:35 B K:\TBH Website Temp\madera\images\Picture48c.html --> uts.cc.utexas.edu /export/httpd/vhosts/texasbeyondhistory/data/protect/madera/images Picture48c.html
2008.01.21 10:35 B K:\TBH Website Temp\madera\images\Picture34a.html --> uts.cc.utexas.edu /export/httpd/vhosts/texasbeyondhistory/data/protect/madera/images Picture34a.html
2008.01.21 10:35 B K:\TBH Website Temp\madera\images\Picture16c.html --> uts.cc.utexas.edu /export/httpd/vhosts/texasbeyondhistory/data/protect/madera/images Picture16c.html
2008.01.21 10:35 B K:\TBH Website Temp\madera\images\Picture44.html --> uts.cc.utexas.edu /export/httpd/vhosts/texasbeyondhistory/data/protect/madera/images Picture44.html
2008.01.21 10:35 B K:\TBH Website Temp\madera\images\Picture38a.html --> uts.cc.utexas.edu /export/httpd/vhosts/texasbeyondhistory/data/protect/madera/images Picture38a.html
2008.01.21 10:36 B K:\TBH Website Temp\madera\images\Picture33b.html --> uts.cc.utexas.edu /export/httpd/vhosts/texasbeyondhistory/data/protect/madera/images Picture33b.html
2008.01.21 10:36 B K:\TBH Website Temp\madera\images\Picture47b.html --> uts.cc.utexas.edu /export/httpd/vhosts/texasbeyondhistory/data/protect/madera/images Picture47b.html
2008.01.21 10:36 B K:\TBH Website Temp\madera\images\Picture28b.html --> uts.cc.utexas.edu /export/httpd/vhosts/texasbeyondhistory/data/protect/madera/images Picture28b.html
2008.01.21 10:36 B K:\TBH Website Temp\madera\images\Picture32.html --> uts.cc.utexas.edu /export/httpd/vhosts/texasbeyondhistory/data/protect/madera/images Picture32.html
2008.01.21 10:36 B K:\TBH Website Temp\madera\images\Picture52a.html --> uts.cc.utexas.edu /export/httpd/vhosts/texasbeyondhistory/data/protect/madera/images Picture52a.html
2008.01.21 10:36 B K:\TBH Website Temp\madera\images\Picture46a.html --> uts.cc.utexas.edu /export/httpd/vhosts/texasbeyondhistory/data/protect/madera/images Picture46a.html
2008.01.21 10:36 B K:\TBH Website Temp\madera\images\Picture17c.html --> uts.cc.utexas.edu /export/httpd/vhosts/texasbeyondhistory/data/protect/madera/images Picture17c.html
2008.01.21 10:36 B K:\TBH Website Temp\madera\images\Picture38b.html --> uts.cc.utexas.edu /export/httpd/vhosts/texasbeyondhistory/data/protect/madera/images Picture38b.html
2008.01.21 10:36 B K:\TBH Website Temp\madera\images\Picture37b.html --> uts.cc.utexas.edu /export/httpd/vhosts/texasbeyondhistory/data/protect/madera/images Picture37b.html
2008.01.21 10:36 B K:\TBH Website Temp\madera\images\Picture9.html --> uts.cc.utexas.edu /export/httpd/vhosts/texasbeyondhistory/data/protect/madera/images Picture9.html
2008.01.21 10:36 B K:\TBH Website Temp\madera\images\Picture23c.html --> uts.cc.utexas.edu /export/httpd/vhosts/texasbeyondhistory/data/protect/madera/images Picture23c.html
2008.01.21 10:36 B K:\TBH Website Temp\madera\images\Picture11.html --> uts.cc.utexas.edu /export/httpd/vhosts/texasbeyondhistory/data/protect/madera/images Picture11.html
2008.01.21 10:36 B K:\TBH Website Temp\madera\images\Picture50.html --> uts.cc.utexas.edu /export/httpd/vhosts/texasbeyondhistory/data/protect/madera/images Picture50.html
2008.01.21 10:36 B K:\TBH Website Temp\madera\images\dusk.html --> uts.cc.utexas.edu /export/httpd/vhosts/texasbeyondhistory/data/protect/madera/images dusk.html
2008.01.21 10:36 B K:\TBH Website Temp\madera\images\obsidian-point-sm.jpg --> uts.cc.utexas.edu /export/httpd/vhosts/texasbeyondhistory/data/protect/madera/images obsidian-point-sm.jpg
2008.01.21 10:36 B K:\TBH Website Temp\madera\images\dusk.jpg --> uts.cc.utexas.edu /export/httpd/vhosts/texasbeyondhistory/data/protect/madera/images dusk.jpg
2008.01.21 10:36 B K:\TBH Website Temp\madera\images\dusk-sm.jpg --> uts.cc.utexas.edu /export/httpd/vhosts/texasbeyondhistory/data/protect/madera/images dusk-sm.jpg
2008.01.21 10:39 B K:\TBH Website Temp\madera\images\Picture11.jpg --> uts.cc.utexas.edu /export/httpd/vhosts/texasbeyondhistory/data/protect/madera/images Picture11.jpg
