2007.11.08 09:24 B L:\TBH Website Temp\trans-p\teach\images\aroundworld-icon.jpg --> uts.cc.utexas.edu /export/httpd/vhosts/texasbeyondhistory/data/protect/trans-p/teach/images aroundworld-icon.jpg
2007.11.08 09:24 B L:\TBH Website Temp\trans-p\teach\images\rockartcaveslesson.html --> uts.cc.utexas.edu /export/httpd/vhosts/texasbeyondhistory/data/protect/trans-p/teach/images rockartcaveslesson.html
2007.11.08 09:24 B L:\TBH Website Temp\trans-p\teach\images\rockartcaves-handout.pdf --> uts.cc.utexas.edu /export/httpd/vhosts/texasbeyondhistory/data/protect/trans-p/teach/images rockartcaves-handout.pdf
2007.11.08 09:24 B L:\TBH Website Temp\trans-p\teach\images\aroundtheworldlesson.html --> uts.cc.utexas.edu /export/httpd/vhosts/texasbeyondhistory/data/protect/trans-p/teach/images aroundtheworldlesson.html
2007.11.08 09:24 B L:\TBH Website Temp\trans-p\teach\images\aroundtheworld.html --> uts.cc.utexas.edu /export/httpd/vhosts/texasbeyondhistory/data/protect/trans-p/teach/images aroundtheworld.html
2007.11.08 09:24 B L:\TBH Website Temp\trans-p\teach\images\aroundtheworld-examples.pdf --> uts.cc.utexas.edu /export/httpd/vhosts/texasbeyondhistory/data/protect/trans-p/teach/images aroundtheworld-examples.pdf
2007.11.08 09:24 B L:\TBH Website Temp\trans-p\teach\images\aroundtheworld-handouts.pdf --> uts.cc.utexas.edu /export/httpd/vhosts/texasbeyondhistory/data/protect/trans-p/teach/images aroundtheworld-handouts.pdf
2007.11.08 09:24 B L:\TBH Website Temp\trans-p\teach\images\aroundtheworld-organizer.pdf --> uts.cc.utexas.edu /export/httpd/vhosts/texasbeyondhistory/data/protect/trans-p/teach/images aroundtheworld-organizer.pdf
2007.11.08 09:24 B L:\TBH Website Temp\trans-p\teach\images\aroundtheworld.pdf --> uts.cc.utexas.edu /export/httpd/vhosts/texasbeyondhistory/data/protect/trans-p/teach/images aroundtheworld.pdf
2007.11.08 09:24 B L:\TBH Website Temp\trans-p\teach\images\slowrot.html --> uts.cc.utexas.edu /export/httpd/vhosts/texasbeyondhistory/data/protect/trans-p/teach/images slowrot.html
2007.11.08 09:24 B L:\TBH Website Temp\trans-p\teach\images\slowrotlesson.html --> uts.cc.utexas.edu /export/httpd/vhosts/texasbeyondhistory/data/protect/trans-p/teach/images slowrotlesson.html
2007.11.08 09:24 B L:\TBH Website Temp\trans-p\teach\images\slowrotsandal.pdf --> uts.cc.utexas.edu /export/httpd/vhosts/texasbeyondhistory/data/protect/trans-p/teach/images slowrotsandal.pdf
2007.11.08 09:24 B L:\TBH Website Temp\trans-p\teach\images\observation-table.pdf --> uts.cc.utexas.edu /export/httpd/vhosts/texasbeyondhistory/data/protect/trans-p/teach/images observation-table.pdf
2007.11.08 09:24 B L:\TBH Website Temp\trans-p\teach\images\slowrotornot.pdf --> uts.cc.utexas.edu /export/httpd/vhosts/texasbeyondhistory/data/protect/trans-p/teach/images slowrotornot.pdf
2007.11.08 09:24 B L:\TBH Website Temp\trans-p\teach\images\slowrot-icon.jpg --> uts.cc.utexas.edu /export/httpd/vhosts/texasbeyondhistory/data/protect/trans-p/teach/images slowrot-icon.jpg
2007.11.08 09:24 B L:\TBH Website Temp\trans-p\teach\images\rockartcaves-icon.jpg --> uts.cc.utexas.edu /export/httpd/vhosts/texasbeyondhistory/data/protect/trans-p/teach/images rockartcaves-icon.jpg
2007.11.08 09:24 B L:\TBH Website Temp\trans-p\teach\images\rockartcaves.html --> uts.cc.utexas.edu /export/httpd/vhosts/texasbeyondhistory/data/protect/trans-p/teach/images rockartcaves.html
2007.12.21 17:56 B L:\TBH Website Temp\trans-p\teach\images\oldestmissionlesson.html --> uts.cc.utexas.edu /export/httpd/vhosts/texasbeyondhistory/data/protect/trans-p/teach/images oldestmissionlesson.html
2007.12.21 17:56 B L:\TBH Website Temp\trans-p\teach\images\oldestmissiontransparencymap.pdf --> uts.cc.utexas.edu /export/httpd/vhosts/texasbeyondhistory/data/protect/trans-p/teach/images oldestmissiontransparencymap.pdf
2007.12.21 17:56 B L:\TBH Website Temp\trans-p\teach\images\oldestmissionquestions.pdf --> uts.cc.utexas.edu /export/httpd/vhosts/texasbeyondhistory/data/protect/trans-p/teach/images oldestmissionquestions.pdf
2007.12.21 17:56 B L:\TBH Website Temp\trans-p\teach\images\oldestmission.html --> uts.cc.utexas.edu /export/httpd/vhosts/texasbeyondhistory/data/protect/trans-p/teach/images oldestmission.html
2007.12.21 17:56 B L:\TBH Website Temp\trans-p\teach\images\oldestmissionanswers.pdf --> uts.cc.utexas.edu /export/httpd/vhosts/texasbeyondhistory/data/protect/trans-p/teach/images oldestmissionanswers.pdf
2007.12.21 17:56 B L:\TBH Website Temp\trans-p\teach\images\oldestmission.pdf --> uts.cc.utexas.edu /export/httpd/vhosts/texasbeyondhistory/data/protect/trans-p/teach/images oldestmission.pdf
2007.12.21 17:56 B L:\TBH Website Temp\trans-p\teach\images\WS_FTP.LOG --> uts.cc.utexas.edu /export/httpd/vhosts/texasbeyondhistory/data/protect/trans-p/teach/images WS_FTP.LOG
2007.12.21 17:56 B L:\TBH Website Temp\trans-p\teach\images\aroundworld-icon.jpg --> uts.cc.utexas.edu /export/httpd/vhosts/texasbeyondhistory/data/protect/trans-p/teach/images aroundworld-icon.jpg
2007.12.21 17:56 B L:\TBH Website Temp\trans-p\teach\images\rockartcaveslesson.html --> uts.cc.utexas.edu /export/httpd/vhosts/texasbeyondhistory/data/protect/trans-p/teach/images rockartcaveslesson.html
2007.12.21 17:56 B L:\TBH Website Temp\trans-p\teach\images\rockartcaves-handout.pdf --> uts.cc.utexas.edu /export/httpd/vhosts/texasbeyondhistory/data/protect/trans-p/teach/images rockartcaves-handout.pdf
2007.12.21 17:56 B L:\TBH Website Temp\trans-p\teach\images\aroundtheworldlesson.html --> uts.cc.utexas.edu /export/httpd/vhosts/texasbeyondhistory/data/protect/trans-p/teach/images aroundtheworldlesson.html
2007.12.21 17:56 B L:\TBH Website Temp\trans-p\teach\images\aroundtheworld.html --> uts.cc.utexas.edu /export/httpd/vhosts/texasbeyondhistory/data/protect/trans-p/teach/images aroundtheworld.html
2007.12.21 17:56 B L:\TBH Website Temp\trans-p\teach\images\aroundtheworld-examples.pdf --> uts.cc.utexas.edu /export/httpd/vhosts/texasbeyondhistory/data/protect/trans-p/teach/images aroundtheworld-examples.pdf
2007.12.21 17:56 B L:\TBH Website Temp\trans-p\teach\images\aroundtheworld-handouts.pdf --> uts.cc.utexas.edu /export/httpd/vhosts/texasbeyondhistory/data/protect/trans-p/teach/images aroundtheworld-handouts.pdf
2007.12.21 17:56 B L:\TBH Website Temp\trans-p\teach\images\aroundtheworld-organizer.pdf --> uts.cc.utexas.edu /export/httpd/vhosts/texasbeyondhistory/data/protect/trans-p/teach/images aroundtheworld-organizer.pdf
2007.12.21 17:56 B L:\TBH Website Temp\trans-p\teach\images\aroundtheworld.pdf --> uts.cc.utexas.edu /export/httpd/vhosts/texasbeyondhistory/data/protect/trans-p/teach/images aroundtheworld.pdf
2007.12.21 17:56 B L:\TBH Website Temp\trans-p\teach\images\slowrot.html --> uts.cc.utexas.edu /export/httpd/vhosts/texasbeyondhistory/data/protect/trans-p/teach/images slowrot.html
2007.12.21 17:56 B L:\TBH Website Temp\trans-p\teach\images\slowrotlesson.html --> uts.cc.utexas.edu /export/httpd/vhosts/texasbeyondhistory/data/protect/trans-p/teach/images slowrotlesson.html
2007.12.21 17:56 B L:\TBH Website Temp\trans-p\teach\images\slowrotsandal.pdf --> uts.cc.utexas.edu /export/httpd/vhosts/texasbeyondhistory/data/protect/trans-p/teach/images slowrotsandal.pdf
2007.12.21 17:56 B L:\TBH Website Temp\trans-p\teach\images\observation-table.pdf --> uts.cc.utexas.edu /export/httpd/vhosts/texasbeyondhistory/data/protect/trans-p/teach/images observation-table.pdf
2007.12.21 17:56 B L:\TBH Website Temp\trans-p\teach\images\slowrotornot.pdf --> uts.cc.utexas.edu /export/httpd/vhosts/texasbeyondhistory/data/protect/trans-p/teach/images slowrotornot.pdf
2007.12.21 17:56 B L:\TBH Website Temp\trans-p\teach\images\slowrot-icon.jpg --> uts.cc.utexas.edu /export/httpd/vhosts/texasbeyondhistory/data/protect/trans-p/teach/images slowrot-icon.jpg
2007.12.21 17:56 B L:\TBH Website Temp\trans-p\teach\images\rockartcaves-icon.jpg --> uts.cc.utexas.edu /export/httpd/vhosts/texasbeyondhistory/data/protect/trans-p/teach/images rockartcaves-icon.jpg
2007.12.21 17:56 B L:\TBH Website Temp\trans-p\teach\images\rockartcaves.html --> uts.cc.utexas.edu /export/httpd/vhosts/texasbeyondhistory/data/protect/trans-p/teach/images rockartcaves.html
2008.01.07 17:41 B K:\TBH Website Temp\trans-p\teach\images\rockartcaves.html --> uts.cc.utexas.edu /export/httpd/vhosts/texasbeyondhistory/data/protect/trans-p/teach/images rockartcaves.html
2008.01.07 17:41 B K:\TBH Website Temp\trans-p\teach\images\rockartcaves-lesson.pdf --> uts.cc.utexas.edu /export/httpd/vhosts/texasbeyondhistory/data/protect/trans-p/teach/images rockartcaves-lesson.pdf
2008.01.16 17:14 B K:\TBH Website Temp\trans-p\teach\images\oldestmission.html --> uts.cc.utexas.edu /export/httpd/vhosts/texasbeyondhistory/data/trans-p/teach/images oldestmission.html
2008.01.16 17:15 B K:\TBH Website Temp\trans-p\teach\images\oldestmission.pdf --> uts.cc.utexas.edu /export/httpd/vhosts/texasbeyondhistory/data/trans-p/teach/images oldestmission.pdf
2008.01.16 17:15 B K:\TBH Website Temp\trans-p\teach\images\oldestmissionanswers.pdf --> uts.cc.utexas.edu /export/httpd/vhosts/texasbeyondhistory/data/trans-p/teach/images oldestmissionanswers.pdf
2008.01.16 17:15 B K:\TBH Website Temp\trans-p\teach\images\oldestmissionlesson.html --> uts.cc.utexas.edu /export/httpd/vhosts/texasbeyondhistory/data/trans-p/teach/images oldestmissionlesson.html
2008.01.16 17:15 B K:\TBH Website Temp\trans-p\teach\images\oldestmissionquestions.pdf --> uts.cc.utexas.edu /export/httpd/vhosts/texasbeyondhistory/data/trans-p/teach/images oldestmissionquestions.pdf
2008.01.16 17:15 B K:\TBH Website Temp\trans-p\teach\images\oldestmissiontransparencymap.pdf --> uts.cc.utexas.edu /export/httpd/vhosts/texasbeyondhistory/data/trans-p/teach/images oldestmissiontransparencymap.pdf
