2001.09.24 17:24 B M:\Website Stuff\TBH Website Temp\haas\images\arch-lg.jpg --> uts.cc.utexas.edu /usr/pub/www/research/tarl/abouttarl/tbh/haas/images arch-lg.jpg
2001.09.24 17:24 B M:\Website Stuff\TBH Website Temp\haas\images\arch-sm.jpg --> uts.cc.utexas.edu /usr/pub/www/research/tarl/abouttarl/tbh/haas/images arch-sm.jpg
2001.09.24 17:24 B M:\Website Stuff\TBH Website Temp\haas\images\arch.html --> uts.cc.utexas.edu /usr/pub/www/research/tarl/abouttarl/tbh/haas/images arch.html
2001.09.24 17:24 B M:\Website Stuff\TBH Website Temp\haas\images\BartonCreek-SD1-lg.jpg --> uts.cc.utexas.edu /usr/pub/www/research/tarl/abouttarl/tbh/haas/images BartonCreek-SD1-lg.jpg
2001.09.24 17:24 B M:\Website Stuff\TBH Website Temp\haas\images\BartonCreek-SD1-sm.jpg --> uts.cc.utexas.edu /usr/pub/www/research/tarl/abouttarl/tbh/haas/images BartonCreek-SD1-sm.jpg
2001.09.24 17:24 B M:\Website Stuff\TBH Website Temp\haas\images\BartonCreek-SD1.html --> uts.cc.utexas.edu /usr/pub/www/research/tarl/abouttarl/tbh/haas/images BartonCreek-SD1.html
2001.09.24 17:24 B M:\Website Stuff\TBH Website Temp\haas\images\BartonCreek-SD2-lg.jpg --> uts.cc.utexas.edu /usr/pub/www/research/tarl/abouttarl/tbh/haas/images BartonCreek-SD2-lg.jpg
2001.09.24 17:24 B M:\Website Stuff\TBH Website Temp\haas\images\BartonCreek-SD2-sm.jpg --> uts.cc.utexas.edu /usr/pub/www/research/tarl/abouttarl/tbh/haas/images BartonCreek-SD2-sm.jpg
2001.09.24 17:24 B M:\Website Stuff\TBH Website Temp\haas\images\BartonCreek-SD3-lg.jpg --> uts.cc.utexas.edu /usr/pub/www/research/tarl/abouttarl/tbh/haas/images BartonCreek-SD3-lg.jpg
2001.09.24 17:24 B M:\Website Stuff\TBH Website Temp\haas\images\BartonCreek-SD3-sm.jpg --> uts.cc.utexas.edu /usr/pub/www/research/tarl/abouttarl/tbh/haas/images BartonCreek-SD3-sm.jpg
2001.09.24 17:24 B M:\Website Stuff\TBH Website Temp\haas\images\BartonCreek-SD3.html --> uts.cc.utexas.edu /usr/pub/www/research/tarl/abouttarl/tbh/haas/images BartonCreek-SD3.html
2001.09.24 17:24 B M:\Website Stuff\TBH Website Temp\haas\images\BartonCreek-SD4-lg.jpg --> uts.cc.utexas.edu /usr/pub/www/research/tarl/abouttarl/tbh/haas/images BartonCreek-SD4-lg.jpg
2001.09.24 17:24 B M:\Website Stuff\TBH Website Temp\haas\images\BartonCreek-SD4-sm.jpg --> uts.cc.utexas.edu /usr/pub/www/research/tarl/abouttarl/tbh/haas/images BartonCreek-SD4-sm.jpg
2001.09.24 17:24 B M:\Website Stuff\TBH Website Temp\haas\images\BartonCreek-SD5-lg.jpg --> uts.cc.utexas.edu /usr/pub/www/research/tarl/abouttarl/tbh/haas/images BartonCreek-SD5-lg.jpg
2001.09.24 17:24 B M:\Website Stuff\TBH Website Temp\haas\images\BartonCreek-SD5-sm.jpg --> uts.cc.utexas.edu /usr/pub/www/research/tarl/abouttarl/tbh/haas/images BartonCreek-SD5-sm.jpg
2001.09.24 17:24 B M:\Website Stuff\TBH Website Temp\haas\images\BartonCreek-SD5.html --> uts.cc.utexas.edu /usr/pub/www/research/tarl/abouttarl/tbh/haas/images BartonCreek-SD5.html
2001.09.24 17:24 B M:\Website Stuff\TBH Website Temp\haas\images\BartonCreek-SD6-lg.jpg --> uts.cc.utexas.edu /usr/pub/www/research/tarl/abouttarl/tbh/haas/images BartonCreek-SD6-lg.jpg
2001.09.24 17:24 B M:\Website Stuff\TBH Website Temp\haas\images\BartonCreek-SD6-sm.jpg --> uts.cc.utexas.edu /usr/pub/www/research/tarl/abouttarl/tbh/haas/images BartonCreek-SD6-sm.jpg
2001.09.24 17:24 B M:\Website Stuff\TBH Website Temp\haas\images\BartonCreek-SD6.html --> uts.cc.utexas.edu /usr/pub/www/research/tarl/abouttarl/tbh/haas/images BartonCreek-SD6.html
2001.09.24 17:24 B M:\Website Stuff\TBH Website Temp\haas\images\BartonCreek-SD7-lg.jpg --> uts.cc.utexas.edu /usr/pub/www/research/tarl/abouttarl/tbh/haas/images BartonCreek-SD7-lg.jpg
2001.09.24 17:24 B M:\Website Stuff\TBH Website Temp\haas\images\BartonCreek-SD7-sm.jpg --> uts.cc.utexas.edu /usr/pub/www/research/tarl/abouttarl/tbh/haas/images BartonCreek-SD7-sm.jpg
2001.09.24 17:24 B M:\Website Stuff\TBH Website Temp\haas\images\cem-map-lg.jpg --> uts.cc.utexas.edu /usr/pub/www/research/tarl/abouttarl/tbh/haas/images cem-map-lg.jpg
2001.09.24 17:24 B M:\Website Stuff\TBH Website Temp\haas\images\cem-map-sm.jpg --> uts.cc.utexas.edu /usr/pub/www/research/tarl/abouttarl/tbh/haas/images cem-map-sm.jpg
2001.09.24 17:24 B M:\Website Stuff\TBH Website Temp\haas\images\cem-map.html --> uts.cc.utexas.edu /usr/pub/www/research/tarl/abouttarl/tbh/haas/images cem-map.html
2001.09.24 17:24 B M:\Website Stuff\TBH Website Temp\haas\images\chinking.html --> uts.cc.utexas.edu /usr/pub/www/research/tarl/abouttarl/tbh/haas/images chinking.html
2001.09.24 17:24 B M:\Website Stuff\TBH Website Temp\haas\images\chinking.jpg --> uts.cc.utexas.edu /usr/pub/www/research/tarl/abouttarl/tbh/haas/images chinking.jpg
2001.09.24 17:24 B M:\Website Stuff\TBH Website Temp\haas\images\chinking.lg.jpg --> uts.cc.utexas.edu /usr/pub/www/research/tarl/abouttarl/tbh/haas/images chinking.lg.jpg
2001.09.24 17:24 B M:\Website Stuff\TBH Website Temp\haas\images\chinking.sm.jpg --> uts.cc.utexas.edu /usr/pub/www/research/tarl/abouttarl/tbh/haas/images chinking.sm.jpg
2001.09.24 17:24 B M:\Website Stuff\TBH Website Temp\haas\images\chinking.sm2.jpg --> uts.cc.utexas.edu /usr/pub/www/research/tarl/abouttarl/tbh/haas/images chinking.sm2.jpg
2001.09.24 17:24 B M:\Website Stuff\TBH Website Temp\haas\images\Community in the Hills overview-Charles Shaw-lg.jpg --> uts.cc.utexas.edu /usr/pub/www/research/tarl/abouttarl/tbh/haas/images Community in the Hills overview-Charles Shaw-lg.jpg
2001.09.24 17:24 B M:\Website Stuff\TBH Website Temp\haas\images\Community in the Hills overview-Charles Shaw-sm.jpg --> uts.cc.utexas.edu /usr/pub/www/research/tarl/abouttarl/tbh/haas/images Community in the Hills overview-Charles Shaw-sm.jpg
2001.09.24 17:24 B M:\Website Stuff\TBH Website Temp\haas\images\Community-Shaw-sm.jpg --> uts.cc.utexas.edu /usr/pub/www/research/tarl/abouttarl/tbh/haas/images Community-Shaw-sm.jpg
2001.09.24 17:24 B M:\Website Stuff\TBH Website Temp\haas\images\community.html --> uts.cc.utexas.edu /usr/pub/www/research/tarl/abouttarl/tbh/haas/images community.html
2001.09.24 17:24 B M:\Website Stuff\TBH Website Temp\haas\images\haascrop.lg.jpg --> uts.cc.utexas.edu /usr/pub/www/research/tarl/abouttarl/tbh/haas/images haascrop.lg.jpg
2001.09.24 17:24 B M:\Website Stuff\TBH Website Temp\haas\images\landscape-lg.jpg --> uts.cc.utexas.edu /usr/pub/www/research/tarl/abouttarl/tbh/haas/images landscape-lg.jpg
2001.09.24 17:24 B M:\Website Stuff\TBH Website Temp\haas\images\landscape-sm.jpg --> uts.cc.utexas.edu /usr/pub/www/research/tarl/abouttarl/tbh/haas/images landscape-sm.jpg
2001.09.24 17:24 B M:\Website Stuff\TBH Website Temp\haas\images\landscape.html --> uts.cc.utexas.edu /usr/pub/www/research/tarl/abouttarl/tbh/haas/images landscape.html
2001.09.24 17:24 B M:\Website Stuff\TBH Website Temp\haas\images\newcommunity.lg.jpg --> uts.cc.utexas.edu /usr/pub/www/research/tarl/abouttarl/tbh/haas/images newcommunity.lg.jpg
2001.09.24 17:24 B M:\Website Stuff\TBH Website Temp\haas\images\searstoys.html --> uts.cc.utexas.edu /usr/pub/www/research/tarl/abouttarl/tbh/haas/images searstoys.html
2001.09.24 17:24 B M:\Website Stuff\TBH Website Temp\haas\images\searstoys.lg.jpg --> uts.cc.utexas.edu /usr/pub/www/research/tarl/abouttarl/tbh/haas/images searstoys.lg.jpg
2001.09.24 17:24 B M:\Website Stuff\TBH Website Temp\haas\images\searstoys.sm.jpg --> uts.cc.utexas.edu /usr/pub/www/research/tarl/abouttarl/tbh/haas/images searstoys.sm.jpg
2001.09.24 17:24 B M:\Website Stuff\TBH Website Temp\haas\images\shaw.horse.lg.jpg --> uts.cc.utexas.edu /usr/pub/www/research/tarl/abouttarl/tbh/haas/images shaw.horse.lg.jpg
2001.09.24 17:24 B M:\Website Stuff\TBH Website Temp\haas\images\shaw.horse.sm.jpg --> uts.cc.utexas.edu /usr/pub/www/research/tarl/abouttarl/tbh/haas/images shaw.horse.sm.jpg
2001.09.24 17:24 B M:\Website Stuff\TBH Website Temp\haas\images\shaw_cem-lg.jpg --> uts.cc.utexas.edu /usr/pub/www/research/tarl/abouttarl/tbh/haas/images shaw_cem-lg.jpg
2001.09.24 17:24 B M:\Website Stuff\TBH Website Temp\haas\images\shaw_cem-sm.jpg --> uts.cc.utexas.edu /usr/pub/www/research/tarl/abouttarl/tbh/haas/images shaw_cem-sm.jpg
2001.09.24 17:24 B M:\Website Stuff\TBH Website Temp\haas\images\Shaw_hass-lg.jpg --> uts.cc.utexas.edu /usr/pub/www/research/tarl/abouttarl/tbh/haas/images Shaw_hass-lg.jpg
2001.09.24 17:24 B M:\Website Stuff\TBH Website Temp\haas\images\Shaw_hass-sm.jpg --> uts.cc.utexas.edu /usr/pub/www/research/tarl/abouttarl/tbh/haas/images Shaw_hass-sm.jpg
2001.09.24 17:24 B M:\Website Stuff\TBH Website Temp\haas\images\survey-lg.jpg --> uts.cc.utexas.edu /usr/pub/www/research/tarl/abouttarl/tbh/haas/images survey-lg.jpg
2001.09.24 17:24 B M:\Website Stuff\TBH Website Temp\haas\images\survey-sm.jpg --> uts.cc.utexas.edu /usr/pub/www/research/tarl/abouttarl/tbh/haas/images survey-sm.jpg
2001.09.24 17:24 B M:\Website Stuff\TBH Website Temp\haas\images\survey.html --> uts.cc.utexas.edu /usr/pub/www/research/tarl/abouttarl/tbh/haas/images survey.html
2001.09.24 17:24 B M:\Website Stuff\TBH Website Temp\haas\images\TV1467-SD1-lg.jpg --> uts.cc.utexas.edu /usr/pub/www/research/tarl/abouttarl/tbh/haas/images TV1467-SD1-lg.jpg
2001.09.24 17:24 B M:\Website Stuff\TBH Website Temp\haas\images\TV1467-SD1-sm.jpg --> uts.cc.utexas.edu /usr/pub/www/research/tarl/abouttarl/tbh/haas/images TV1467-SD1-sm.jpg
2001.09.24 17:24 B M:\Website Stuff\TBH Website Temp\haas\images\TV1467-SD1.html --> uts.cc.utexas.edu /usr/pub/www/research/tarl/abouttarl/tbh/haas/images TV1467-SD1.html
2001.09.24 17:24 B M:\Website Stuff\TBH Website Temp\haas\images\TV1467-SD2-lg.jpg --> uts.cc.utexas.edu /usr/pub/www/research/tarl/abouttarl/tbh/haas/images TV1467-SD2-lg.jpg
2001.09.24 17:24 B M:\Website Stuff\TBH Website Temp\haas\images\TV1467-SD2-sm.jpg --> uts.cc.utexas.edu /usr/pub/www/research/tarl/abouttarl/tbh/haas/images TV1467-SD2-sm.jpg
2001.09.24 17:24 B M:\Website Stuff\TBH Website Temp\haas\images\TV1467-SD2.html --> uts.cc.utexas.edu /usr/pub/www/research/tarl/abouttarl/tbh/haas/images TV1467-SD2.html
2001.09.24 17:24 B M:\Website Stuff\TBH Website Temp\haas\images\TV1467-SD3-lg.jpg --> uts.cc.utexas.edu /usr/pub/www/research/tarl/abouttarl/tbh/haas/images TV1467-SD3-lg.jpg
2001.09.24 17:24 B M:\Website Stuff\TBH Website Temp\haas\images\TV1467-SD3-sm.jpg --> uts.cc.utexas.edu /usr/pub/www/research/tarl/abouttarl/tbh/haas/images TV1467-SD3-sm.jpg
2001.09.24 17:24 B M:\Website Stuff\TBH Website Temp\haas\images\TV1467-SD3.html --> uts.cc.utexas.edu /usr/pub/www/research/tarl/abouttarl/tbh/haas/images TV1467-SD3.html
2001.09.24 17:24 B M:\Website Stuff\TBH Website Temp\haas\images\TV1467-SD4-lg.jpg --> uts.cc.utexas.edu /usr/pub/www/research/tarl/abouttarl/tbh/haas/images TV1467-SD4-lg.jpg
2001.09.24 17:24 B M:\Website Stuff\TBH Website Temp\haas\images\TV1467-SD4-sm.jpg --> uts.cc.utexas.edu /usr/pub/www/research/tarl/abouttarl/tbh/haas/images TV1467-SD4-sm.jpg
2001.09.24 17:24 B M:\Website Stuff\TBH Website Temp\haas\images\TV1467-SD5-lg.jpg --> uts.cc.utexas.edu /usr/pub/www/research/tarl/abouttarl/tbh/haas/images TV1467-SD5-lg.jpg
2001.09.24 17:24 B M:\Website Stuff\TBH Website Temp\haas\images\TV1467-SD5-sm.jpg --> uts.cc.utexas.edu /usr/pub/www/research/tarl/abouttarl/tbh/haas/images TV1467-SD5-sm.jpg
2001.09.24 17:24 B M:\Website Stuff\TBH Website Temp\haas\images\TV1467-SD5.html --> uts.cc.utexas.edu /usr/pub/www/research/tarl/abouttarl/tbh/haas/images TV1467-SD5.html
2001.09.24 17:24 B M:\Website Stuff\TBH Website Temp\haas\images\TV1467-TH1-lg.jpg --> uts.cc.utexas.edu /usr/pub/www/research/tarl/abouttarl/tbh/haas/images TV1467-TH1-lg.jpg
2001.09.24 17:24 B M:\Website Stuff\TBH Website Temp\haas\images\TV1467-TH1-sm.jpg --> uts.cc.utexas.edu /usr/pub/www/research/tarl/abouttarl/tbh/haas/images TV1467-TH1-sm.jpg
2001.09.24 17:24 B M:\Website Stuff\TBH Website Temp\haas\images\TV1467-TH1.html --> uts.cc.utexas.edu /usr/pub/www/research/tarl/abouttarl/tbh/haas/images TV1467-TH1.html
2001.09.24 17:24 B M:\Website Stuff\TBH Website Temp\haas\images\TV1467-TH2-lg.jpg --> uts.cc.utexas.edu /usr/pub/www/research/tarl/abouttarl/tbh/haas/images TV1467-TH2-lg.jpg
2001.09.24 17:24 B M:\Website Stuff\TBH Website Temp\haas\images\TV1467-TH2-sm.jpg --> uts.cc.utexas.edu /usr/pub/www/research/tarl/abouttarl/tbh/haas/images TV1467-TH2-sm.jpg
2001.09.24 17:24 B M:\Website Stuff\TBH Website Temp\haas\images\TV1467-TH2.html --> uts.cc.utexas.edu /usr/pub/www/research/tarl/abouttarl/tbh/haas/images TV1467-TH2.html
2001.09.24 17:24 B M:\Website Stuff\TBH Website Temp\haas\images\TV1469-EA1-lg.jpg --> uts.cc.utexas.edu /usr/pub/www/research/tarl/abouttarl/tbh/haas/images TV1469-EA1-lg.jpg
2001.09.24 17:24 B M:\Website Stuff\TBH Website Temp\haas\images\TV1469-EA1-sm.jpg --> uts.cc.utexas.edu /usr/pub/www/research/tarl/abouttarl/tbh/haas/images TV1469-EA1-sm.jpg
2001.09.24 17:24 B M:\Website Stuff\TBH Website Temp\haas\images\TV1469-EA1.html --> uts.cc.utexas.edu /usr/pub/www/research/tarl/abouttarl/tbh/haas/images TV1469-EA1.html
2001.09.24 17:24 B M:\Website Stuff\TBH Website Temp\haas\images\TV1469-EA2-lg.jpg --> uts.cc.utexas.edu /usr/pub/www/research/tarl/abouttarl/tbh/haas/images TV1469-EA2-lg.jpg
2001.09.24 17:24 B M:\Website Stuff\TBH Website Temp\haas\images\TV1469-EA2-sm.jpg --> uts.cc.utexas.edu /usr/pub/www/research/tarl/abouttarl/tbh/haas/images TV1469-EA2-sm.jpg
2001.09.24 17:24 B M:\Website Stuff\TBH Website Temp\haas\images\TV1469-EA2.html --> uts.cc.utexas.edu /usr/pub/www/research/tarl/abouttarl/tbh/haas/images TV1469-EA2.html
2001.09.24 17:24 B M:\Website Stuff\TBH Website Temp\haas\images\TV1469-EA3-lg.jpg --> uts.cc.utexas.edu /usr/pub/www/research/tarl/abouttarl/tbh/haas/images TV1469-EA3-lg.jpg
2001.09.24 17:24 B M:\Website Stuff\TBH Website Temp\haas\images\TV1469-EA3-sm.jpg --> uts.cc.utexas.edu /usr/pub/www/research/tarl/abouttarl/tbh/haas/images TV1469-EA3-sm.jpg
2001.09.24 17:24 B M:\Website Stuff\TBH Website Temp\haas\images\TV1469-EA3.html --> uts.cc.utexas.edu /usr/pub/www/research/tarl/abouttarl/tbh/haas/images TV1469-EA3.html
2001.09.24 17:24 B M:\Website Stuff\TBH Website Temp\haas\images\TV1469-EA4A-lg.jpg --> uts.cc.utexas.edu /usr/pub/www/research/tarl/abouttarl/tbh/haas/images TV1469-EA4A-lg.jpg
2001.09.24 17:24 B M:\Website Stuff\TBH Website Temp\haas\images\TV1469-EA4A-sm.jpg --> uts.cc.utexas.edu /usr/pub/www/research/tarl/abouttarl/tbh/haas/images TV1469-EA4A-sm.jpg
2001.09.24 17:24 B M:\Website Stuff\TBH Website Temp\haas\images\TV1469-EA5-lg.jpg --> uts.cc.utexas.edu /usr/pub/www/research/tarl/abouttarl/tbh/haas/images TV1469-EA5-lg.jpg
2001.09.24 17:24 B M:\Website Stuff\TBH Website Temp\haas\images\TV1469-EA5-sm.jpg --> uts.cc.utexas.edu /usr/pub/www/research/tarl/abouttarl/tbh/haas/images TV1469-EA5-sm.jpg
2001.09.24 17:24 B M:\Website Stuff\TBH Website Temp\haas\images\TV1469-EA5.html --> uts.cc.utexas.edu /usr/pub/www/research/tarl/abouttarl/tbh/haas/images TV1469-EA5.html
2001.09.24 17:24 B M:\Website Stuff\TBH Website Temp\haas\images\TV1469-EA6a-lg.jpg --> uts.cc.utexas.edu /usr/pub/www/research/tarl/abouttarl/tbh/haas/images TV1469-EA6a-lg.jpg
2001.09.24 17:24 B M:\Website Stuff\TBH Website Temp\haas\images\TV1469-EA6a-sm.jpg --> uts.cc.utexas.edu /usr/pub/www/research/tarl/abouttarl/tbh/haas/images TV1469-EA6a-sm.jpg
2001.09.24 17:24 B M:\Website Stuff\TBH Website Temp\haas\images\TV1469-EA6a.html --> uts.cc.utexas.edu /usr/pub/www/research/tarl/abouttarl/tbh/haas/images TV1469-EA6a.html
2001.09.24 17:24 B M:\Website Stuff\TBH Website Temp\haas\images\TV1469-EA6b-lg.jpg --> uts.cc.utexas.edu /usr/pub/www/research/tarl/abouttarl/tbh/haas/images TV1469-EA6b-lg.jpg
2001.09.24 17:24 B M:\Website Stuff\TBH Website Temp\haas\images\TV1469-EA6b-sm.jpg --> uts.cc.utexas.edu /usr/pub/www/research/tarl/abouttarl/tbh/haas/images TV1469-EA6b-sm.jpg
2001.09.24 17:24 B M:\Website Stuff\TBH Website Temp\haas\images\TV1469-EA6b.html --> uts.cc.utexas.edu /usr/pub/www/research/tarl/abouttarl/tbh/haas/images TV1469-EA6b.html
2001.09.24 17:24 B M:\Website Stuff\TBH Website Temp\haas\images\TV1469-EA7-lg.jpg --> uts.cc.utexas.edu /usr/pub/www/research/tarl/abouttarl/tbh/haas/images TV1469-EA7-lg.jpg
2001.09.24 17:24 B M:\Website Stuff\TBH Website Temp\haas\images\TV1469-EA7-sm.jpg --> uts.cc.utexas.edu /usr/pub/www/research/tarl/abouttarl/tbh/haas/images TV1469-EA7-sm.jpg
2001.09.24 17:24 B M:\Website Stuff\TBH Website Temp\haas\images\TV1469-EA7.html --> uts.cc.utexas.edu /usr/pub/www/research/tarl/abouttarl/tbh/haas/images TV1469-EA7.html
2001.09.24 17:24 B M:\Website Stuff\TBH Website Temp\haas\images\TV1469-FH1-lg.jpg --> uts.cc.utexas.edu /usr/pub/www/research/tarl/abouttarl/tbh/haas/images TV1469-FH1-lg.jpg
2001.09.24 17:24 B M:\Website Stuff\TBH Website Temp\haas\images\TV1469-FH1-sm.jpg --> uts.cc.utexas.edu /usr/pub/www/research/tarl/abouttarl/tbh/haas/images TV1469-FH1-sm.jpg
2001.09.24 17:24 B M:\Website Stuff\TBH Website Temp\haas\images\TV1469-FH1.html --> uts.cc.utexas.edu /usr/pub/www/research/tarl/abouttarl/tbh/haas/images TV1469-FH1.html
2001.09.24 17:24 B M:\Website Stuff\TBH Website Temp\haas\images\TV1469-SD1-lg.jpg --> uts.cc.utexas.edu /usr/pub/www/research/tarl/abouttarl/tbh/haas/images TV1469-SD1-lg.jpg
2001.09.24 17:24 B M:\Website Stuff\TBH Website Temp\haas\images\TV1469-SD1-sm.jpg --> uts.cc.utexas.edu /usr/pub/www/research/tarl/abouttarl/tbh/haas/images TV1469-SD1-sm.jpg
2001.09.24 17:24 B M:\Website Stuff\TBH Website Temp\haas\images\TV1469-SD1-sm2.jpg --> uts.cc.utexas.edu /usr/pub/www/research/tarl/abouttarl/tbh/haas/images TV1469-SD1-sm2.jpg
2001.09.24 17:24 B M:\Website Stuff\TBH Website Temp\haas\images\TV1469-SD1.html --> uts.cc.utexas.edu /usr/pub/www/research/tarl/abouttarl/tbh/haas/images TV1469-SD1.html
2001.09.24 17:24 B M:\Website Stuff\TBH Website Temp\haas\images\TV1469-SD2-lg.jpg --> uts.cc.utexas.edu /usr/pub/www/research/tarl/abouttarl/tbh/haas/images TV1469-SD2-lg.jpg
2001.09.24 17:24 B M:\Website Stuff\TBH Website Temp\haas\images\TV1469-SD2-sm.jpg --> uts.cc.utexas.edu /usr/pub/www/research/tarl/abouttarl/tbh/haas/images TV1469-SD2-sm.jpg
2001.09.24 17:24 B M:\Website Stuff\TBH Website Temp\haas\images\TV1469-SD2.html --> uts.cc.utexas.edu /usr/pub/www/research/tarl/abouttarl/tbh/haas/images TV1469-SD2.html
2001.09.24 17:24 B M:\Website Stuff\TBH Website Temp\haas\images\TV1469-SD3-lg.jpg --> uts.cc.utexas.edu /usr/pub/www/research/tarl/abouttarl/tbh/haas/images TV1469-SD3-lg.jpg
2001.09.24 17:24 B M:\Website Stuff\TBH Website Temp\haas\images\TV1469-SD3-sm.jpg --> uts.cc.utexas.edu /usr/pub/www/research/tarl/abouttarl/tbh/haas/images TV1469-SD3-sm.jpg
2001.09.24 17:24 B M:\Website Stuff\TBH Website Temp\haas\images\Tv1469-SD4-lg.jpg --> uts.cc.utexas.edu /usr/pub/www/research/tarl/abouttarl/tbh/haas/images Tv1469-SD4-lg.jpg
2001.09.24 17:24 B M:\Website Stuff\TBH Website Temp\haas\images\Tv1469-SD4-sm.jpg --> uts.cc.utexas.edu /usr/pub/www/research/tarl/abouttarl/tbh/haas/images Tv1469-SD4-sm.jpg
2001.09.24 17:24 B M:\Website Stuff\TBH Website Temp\haas\images\TV1469-SD4.html --> uts.cc.utexas.edu /usr/pub/www/research/tarl/abouttarl/tbh/haas/images TV1469-SD4.html
2001.09.24 17:24 B M:\Website Stuff\TBH Website Temp\haas\images\TV1469-SD5-lg.jpg --> uts.cc.utexas.edu /usr/pub/www/research/tarl/abouttarl/tbh/haas/images TV1469-SD5-lg.jpg
2001.09.24 17:24 B M:\Website Stuff\TBH Website Temp\haas\images\TV1469-SD5-sm.jpg --> uts.cc.utexas.edu /usr/pub/www/research/tarl/abouttarl/tbh/haas/images TV1469-SD5-sm.jpg
2001.09.24 17:24 B M:\Website Stuff\TBH Website Temp\haas\images\TV1469-SD5.html --> uts.cc.utexas.edu /usr/pub/www/research/tarl/abouttarl/tbh/haas/images TV1469-SD5.html
2001.09.24 17:24 B M:\Website Stuff\TBH Website Temp\haas\images\TV1469-TH0-lg.jpg --> uts.cc.utexas.edu /usr/pub/www/research/tarl/abouttarl/tbh/haas/images TV1469-TH0-lg.jpg
2001.09.24 17:24 B M:\Website Stuff\TBH Website Temp\haas\images\TV1469-TH0-sm.jpg --> uts.cc.utexas.edu /usr/pub/www/research/tarl/abouttarl/tbh/haas/images TV1469-TH0-sm.jpg
2001.09.24 17:24 B M:\Website Stuff\TBH Website Temp\haas\images\TV1469-TH0.html --> uts.cc.utexas.edu /usr/pub/www/research/tarl/abouttarl/tbh/haas/images TV1469-TH0.html
2001.09.24 17:24 B M:\Website Stuff\TBH Website Temp\haas\images\TV1469-TH1-lg.jpg --> uts.cc.utexas.edu /usr/pub/www/research/tarl/abouttarl/tbh/haas/images TV1469-TH1-lg.jpg
2001.09.24 17:24 B M:\Website Stuff\TBH Website Temp\haas\images\TV1469-TH1-sm.jpg --> uts.cc.utexas.edu /usr/pub/www/research/tarl/abouttarl/tbh/haas/images TV1469-TH1-sm.jpg
2001.09.24 17:24 B M:\Website Stuff\TBH Website Temp\haas\images\TV1469-TH1.html --> uts.cc.utexas.edu /usr/pub/www/research/tarl/abouttarl/tbh/haas/images TV1469-TH1.html
2001.09.24 17:24 B M:\Website Stuff\TBH Website Temp\haas\images\TV1469-TH2-lg.jpg --> uts.cc.utexas.edu /usr/pub/www/research/tarl/abouttarl/tbh/haas/images TV1469-TH2-lg.jpg
2001.09.24 17:24 B M:\Website Stuff\TBH Website Temp\haas\images\TV1469-TH2-sm.jpg --> uts.cc.utexas.edu /usr/pub/www/research/tarl/abouttarl/tbh/haas/images TV1469-TH2-sm.jpg
2001.09.24 17:24 B M:\Website Stuff\TBH Website Temp\haas\images\TV1469-TH2.html --> uts.cc.utexas.edu /usr/pub/www/research/tarl/abouttarl/tbh/haas/images TV1469-TH2.html
2001.09.24 17:24 B M:\Website Stuff\TBH Website Temp\haas\images\TV1469-TH3-lg.jpg --> uts.cc.utexas.edu /usr/pub/www/research/tarl/abouttarl/tbh/haas/images TV1469-TH3-lg.jpg
2001.09.24 17:24 B M:\Website Stuff\TBH Website Temp\haas\images\TV1469-TH3-sm.jpg --> uts.cc.utexas.edu /usr/pub/www/research/tarl/abouttarl/tbh/haas/images TV1469-TH3-sm.jpg
2001.09.24 17:24 B M:\Website Stuff\TBH Website Temp\haas\images\TV1469-TH3.html --> uts.cc.utexas.edu /usr/pub/www/research/tarl/abouttarl/tbh/haas/images TV1469-TH3.html
2001.09.24 17:24 B M:\Website Stuff\TBH Website Temp\haas\images\TV530-AS1-lg.jpg --> uts.cc.utexas.edu /usr/pub/www/research/tarl/abouttarl/tbh/haas/images TV530-AS1-lg.jpg
2001.09.24 17:24 B M:\Website Stuff\TBH Website Temp\haas\images\TV530-AS1-sm.jpg --> uts.cc.utexas.edu /usr/pub/www/research/tarl/abouttarl/tbh/haas/images TV530-AS1-sm.jpg
2001.09.24 17:24 B M:\Website Stuff\TBH Website Temp\haas\images\TV530-AS1.html --> uts.cc.utexas.edu /usr/pub/www/research/tarl/abouttarl/tbh/haas/images TV530-AS1.html
2001.09.24 17:24 B M:\Website Stuff\TBH Website Temp\haas\images\TV530-CAH1-sepia-lg.jpg --> uts.cc.utexas.edu /usr/pub/www/research/tarl/abouttarl/tbh/haas/images TV530-CAH1-sepia-lg.jpg
2001.09.24 17:24 B M:\Website Stuff\TBH Website Temp\haas\images\TV530-CAH1-sepia-sm.jpg --> uts.cc.utexas.edu /usr/pub/www/research/tarl/abouttarl/tbh/haas/images TV530-CAH1-sepia-sm.jpg
2001.09.24 17:24 B M:\Website Stuff\TBH Website Temp\haas\images\TV530-CAH1-sepia.html --> uts.cc.utexas.edu /usr/pub/www/research/tarl/abouttarl/tbh/haas/images TV530-CAH1-sepia.html
2001.09.24 17:24 B M:\Website Stuff\TBH Website Temp\haas\images\TV530-SD1.html --> uts.cc.utexas.edu /usr/pub/www/research/tarl/abouttarl/tbh/haas/images TV530-SD1.html
2001.09.24 17:24 B M:\Website Stuff\TBH Website Temp\haas\images\TV530-SD1.lg.jpg --> uts.cc.utexas.edu /usr/pub/www/research/tarl/abouttarl/tbh/haas/images TV530-SD1.lg.jpg
2001.09.24 17:24 B M:\Website Stuff\TBH Website Temp\haas\images\TV530-SD1.sm.jpg --> uts.cc.utexas.edu /usr/pub/www/research/tarl/abouttarl/tbh/haas/images TV530-SD1.sm.jpg
2001.09.24 17:24 B M:\Website Stuff\TBH Website Temp\haas\images\TV530-SD2.html --> uts.cc.utexas.edu /usr/pub/www/research/tarl/abouttarl/tbh/haas/images TV530-SD2.html
2001.09.24 17:24 B M:\Website Stuff\TBH Website Temp\haas\images\TV530-SD2.lg.jpg --> uts.cc.utexas.edu /usr/pub/www/research/tarl/abouttarl/tbh/haas/images TV530-SD2.lg.jpg
2001.09.24 17:24 B M:\Website Stuff\TBH Website Temp\haas\images\TV530-SD2.sm.jpg --> uts.cc.utexas.edu /usr/pub/www/research/tarl/abouttarl/tbh/haas/images TV530-SD2.sm.jpg
2001.09.24 17:24 B M:\Website Stuff\TBH Website Temp\haas\images\TV530-TH1-lg.jpg --> uts.cc.utexas.edu /usr/pub/www/research/tarl/abouttarl/tbh/haas/images TV530-TH1-lg.jpg
2001.09.24 17:24 B M:\Website Stuff\TBH Website Temp\haas\images\TV530-TH1-sm.jpg --> uts.cc.utexas.edu /usr/pub/www/research/tarl/abouttarl/tbh/haas/images TV530-TH1-sm.jpg
2001.09.24 17:24 B M:\Website Stuff\TBH Website Temp\haas\images\TV530-TH2-lg.jpg --> uts.cc.utexas.edu /usr/pub/www/research/tarl/abouttarl/tbh/haas/images TV530-TH2-lg.jpg
2001.09.24 17:24 B M:\Website Stuff\TBH Website Temp\haas\images\TV530-TH2-sm.jpg --> uts.cc.utexas.edu /usr/pub/www/research/tarl/abouttarl/tbh/haas/images TV530-TH2-sm.jpg
2001.09.24 17:24 B M:\Website Stuff\TBH Website Temp\haas\images\TV530-TH2.html --> uts.cc.utexas.edu /usr/pub/www/research/tarl/abouttarl/tbh/haas/images TV530-TH2.html
2001.09.24 17:24 B M:\Website Stuff\TBH Website Temp\haas\images\wagoncrop.jpg --> uts.cc.utexas.edu /usr/pub/www/research/tarl/abouttarl/tbh/haas/images wagoncrop.jpg
2001.09.24 17:24 B M:\Website Stuff\TBH Website Temp\haas\images\well-lg.jpg --> uts.cc.utexas.edu /usr/pub/www/research/tarl/abouttarl/tbh/haas/images well-lg.jpg
2001.09.24 17:24 B M:\Website Stuff\TBH Website Temp\haas\images\well-sm.jpg --> uts.cc.utexas.edu /usr/pub/www/research/tarl/abouttarl/tbh/haas/images well-sm.jpg
2001.09.24 17:25 B M:\Website Stuff\TBH Website Temp\haas\images\well.html --> uts.cc.utexas.edu /usr/pub/www/research/tarl/abouttarl/tbh/haas/images well.html
2001.10.01 23:35 B C:\WINDOWS\Desktop\TBH\Recent\haas\images\arch-lg.jpg --> uts.cc.utexas.edu /export/httpd/vhosts/texasbeyondhistory/data/haas/images arch-lg.jpg
2001.10.01 23:35 B C:\WINDOWS\Desktop\TBH\Recent\haas\images\arch-sm.jpg --> uts.cc.utexas.edu /export/httpd/vhosts/texasbeyondhistory/data/haas/images arch-sm.jpg
2001.10.01 23:35 B C:\WINDOWS\Desktop\TBH\Recent\haas\images\arch.html --> uts.cc.utexas.edu /export/httpd/vhosts/texasbeyondhistory/data/haas/images arch.html
2001.10.01 23:35 B C:\WINDOWS\Desktop\TBH\Recent\haas\images\BartonCreek-SD1-lg.jpg --> uts.cc.utexas.edu /export/httpd/vhosts/texasbeyondhistory/data/haas/images BartonCreek-SD1-lg.jpg
2001.10.01 23:35 B C:\WINDOWS\Desktop\TBH\Recent\haas\images\BartonCreek-SD1-sm.jpg --> uts.cc.utexas.edu /export/httpd/vhosts/texasbeyondhistory/data/haas/images BartonCreek-SD1-sm.jpg
2001.10.01 23:35 B C:\WINDOWS\Desktop\TBH\Recent\haas\images\BartonCreek-SD1.html --> uts.cc.utexas.edu /export/httpd/vhosts/texasbeyondhistory/data/haas/images BartonCreek-SD1.html
2001.10.01 23:36 B C:\WINDOWS\Desktop\TBH\Recent\haas\images\BartonCreek-SD2-lg.jpg --> uts.cc.utexas.edu /export/httpd/vhosts/texasbeyondhistory/data/haas/images BartonCreek-SD2-lg.jpg
2001.10.01 23:36 B C:\WINDOWS\Desktop\TBH\Recent\haas\images\BartonCreek-SD2-sm.jpg --> uts.cc.utexas.edu /export/httpd/vhosts/texasbeyondhistory/data/haas/images BartonCreek-SD2-sm.jpg
2001.10.01 23:36 B C:\WINDOWS\Desktop\TBH\Recent\haas\images\BartonCreek-SD3-lg.jpg --> uts.cc.utexas.edu /export/httpd/vhosts/texasbeyondhistory/data/haas/images BartonCreek-SD3-lg.jpg
2001.10.01 23:36 B C:\WINDOWS\Desktop\TBH\Recent\haas\images\BartonCreek-SD3-sm.jpg --> uts.cc.utexas.edu /export/httpd/vhosts/texasbeyondhistory/data/haas/images BartonCreek-SD3-sm.jpg
2001.10.01 23:36 B C:\WINDOWS\Desktop\TBH\Recent\haas\images\BartonCreek-SD3.html --> uts.cc.utexas.edu /export/httpd/vhosts/texasbeyondhistory/data/haas/images BartonCreek-SD3.html
2001.10.01 23:36 B C:\WINDOWS\Desktop\TBH\Recent\haas\images\BartonCreek-SD4-lg.jpg --> uts.cc.utexas.edu /export/httpd/vhosts/texasbeyondhistory/data/haas/images BartonCreek-SD4-lg.jpg
2001.10.01 23:36 B C:\WINDOWS\Desktop\TBH\Recent\haas\images\BartonCreek-SD4-sm.jpg --> uts.cc.utexas.edu /export/httpd/vhosts/texasbeyondhistory/data/haas/images BartonCreek-SD4-sm.jpg
2001.10.01 23:36 B C:\WINDOWS\Desktop\TBH\Recent\haas\images\BartonCreek-SD5-lg.jpg --> uts.cc.utexas.edu /export/httpd/vhosts/texasbeyondhistory/data/haas/images BartonCreek-SD5-lg.jpg
2001.10.01 23:36 B C:\WINDOWS\Desktop\TBH\Recent\haas\images\BartonCreek-SD5-sm.jpg --> uts.cc.utexas.edu /export/httpd/vhosts/texasbeyondhistory/data/haas/images BartonCreek-SD5-sm.jpg
2001.10.01 23:36 B C:\WINDOWS\Desktop\TBH\Recent\haas\images\BartonCreek-SD5.html --> uts.cc.utexas.edu /export/httpd/vhosts/texasbeyondhistory/data/haas/images BartonCreek-SD5.html
2001.10.01 23:37 B C:\WINDOWS\Desktop\TBH\Recent\haas\images\BartonCreek-SD6-lg.jpg --> uts.cc.utexas.edu /export/httpd/vhosts/texasbeyondhistory/data/haas/images BartonCreek-SD6-lg.jpg
2001.10.01 23:37 B C:\WINDOWS\Desktop\TBH\Recent\haas\images\BartonCreek-SD6-sm.jpg --> uts.cc.utexas.edu /export/httpd/vhosts/texasbeyondhistory/data/haas/images BartonCreek-SD6-sm.jpg
2001.10.01 23:37 B C:\WINDOWS\Desktop\TBH\Recent\haas\images\BartonCreek-SD6.html --> uts.cc.utexas.edu /export/httpd/vhosts/texasbeyondhistory/data/haas/images BartonCreek-SD6.html
2001.10.01 23:37 B C:\WINDOWS\Desktop\TBH\Recent\haas\images\BartonCreek-SD7-lg.jpg --> uts.cc.utexas.edu /export/httpd/vhosts/texasbeyondhistory/data/haas/images BartonCreek-SD7-lg.jpg
2001.10.01 23:37 B C:\WINDOWS\Desktop\TBH\Recent\haas\images\BartonCreek-SD7-sm.jpg --> uts.cc.utexas.edu /export/httpd/vhosts/texasbeyondhistory/data/haas/images BartonCreek-SD7-sm.jpg
2001.10.01 23:37 B C:\WINDOWS\Desktop\TBH\Recent\haas\images\cem-map-lg.jpg --> uts.cc.utexas.edu /export/httpd/vhosts/texasbeyondhistory/data/haas/images cem-map-lg.jpg
2001.10.01 23:37 B C:\WINDOWS\Desktop\TBH\Recent\haas\images\cem-map-sm.jpg --> uts.cc.utexas.edu /export/httpd/vhosts/texasbeyondhistory/data/haas/images cem-map-sm.jpg
2001.10.01 23:37 B C:\WINDOWS\Desktop\TBH\Recent\haas\images\cem-map.html --> uts.cc.utexas.edu /export/httpd/vhosts/texasbeyondhistory/data/haas/images cem-map.html
2001.10.01 23:37 B C:\WINDOWS\Desktop\TBH\Recent\haas\images\chinking.html --> uts.cc.utexas.edu /export/httpd/vhosts/texasbeyondhistory/data/haas/images chinking.html
2001.10.01 23:38 B C:\WINDOWS\Desktop\TBH\Recent\haas\images\chinking.jpg --> uts.cc.utexas.edu /export/httpd/vhosts/texasbeyondhistory/data/haas/images chinking.jpg
2001.10.01 23:38 B C:\WINDOWS\Desktop\TBH\Recent\haas\images\chinking.lg.jpg --> uts.cc.utexas.edu /export/httpd/vhosts/texasbeyondhistory/data/haas/images chinking.lg.jpg
2001.10.01 23:38 B C:\WINDOWS\Desktop\TBH\Recent\haas\images\chinking.sm.jpg --> uts.cc.utexas.edu /export/httpd/vhosts/texasbeyondhistory/data/haas/images chinking.sm.jpg
2001.10.01 23:38 B C:\WINDOWS\Desktop\TBH\Recent\haas\images\chinking.sm2.jpg --> uts.cc.utexas.edu /export/httpd/vhosts/texasbeyondhistory/data/haas/images chinking.sm2.jpg
2001.10.01 23:39 B C:\WINDOWS\Desktop\TBH\Recent\haas\images\Community in the Hills overview-Charles Shaw-lg.jpg --> uts.cc.utexas.edu /export/httpd/vhosts/texasbeyondhistory/data/haas/images Community in the Hills overview-Charles Shaw-lg.jpg
2001.10.01 23:39 B C:\WINDOWS\Desktop\TBH\Recent\haas\images\Community in the Hills overview-Charles Shaw-sm.jpg --> uts.cc.utexas.edu /export/httpd/vhosts/texasbeyondhistory/data/haas/images Community in the Hills overview-Charles Shaw-sm.jpg
2001.10.01 23:39 B C:\WINDOWS\Desktop\TBH\Recent\haas\images\Community-Shaw-sm.jpg --> uts.cc.utexas.edu /export/httpd/vhosts/texasbeyondhistory/data/haas/images Community-Shaw-sm.jpg
2001.10.01 23:39 B C:\WINDOWS\Desktop\TBH\Recent\haas\images\community.html --> uts.cc.utexas.edu /export/httpd/vhosts/texasbeyondhistory/data/haas/images community.html
2001.10.01 23:39 B C:\WINDOWS\Desktop\TBH\Recent\haas\images\haascrop.lg.jpg --> uts.cc.utexas.edu /export/httpd/vhosts/texasbeyondhistory/data/haas/images haascrop.lg.jpg
2001.10.01 23:39 B C:\WINDOWS\Desktop\TBH\Recent\haas\images\landscape-lg.jpg --> uts.cc.utexas.edu /export/httpd/vhosts/texasbeyondhistory/data/haas/images landscape-lg.jpg
2001.10.01 23:39 B C:\WINDOWS\Desktop\TBH\Recent\haas\images\landscape-sm.jpg --> uts.cc.utexas.edu /export/httpd/vhosts/texasbeyondhistory/data/haas/images landscape-sm.jpg
2001.10.01 23:39 B C:\WINDOWS\Desktop\TBH\Recent\haas\images\landscape.html --> uts.cc.utexas.edu /export/httpd/vhosts/texasbeyondhistory/data/haas/images landscape.html
2001.10.01 23:39 B C:\WINDOWS\Desktop\TBH\Recent\haas\images\landscape.html.LCK --> uts.cc.utexas.edu /export/httpd/vhosts/texasbeyondhistory/data/haas/images landscape.html.LCK
2001.10.01 23:39 B C:\WINDOWS\Desktop\TBH\Recent\haas\images\mb12-sm.jpg --> uts.cc.utexas.edu /export/httpd/vhosts/texasbeyondhistory/data/haas/images mb12-sm.jpg
2001.10.01 23:39 B C:\WINDOWS\Desktop\TBH\Recent\haas\images\mb12-sm.jpg.LCK --> uts.cc.utexas.edu /export/httpd/vhosts/texasbeyondhistory/data/haas/images mb12-sm.jpg.LCK
2001.10.01 23:39 B C:\WINDOWS\Desktop\TBH\Recent\haas\images\newcommunity.lg.jpg --> uts.cc.utexas.edu /export/httpd/vhosts/texasbeyondhistory/data/haas/images newcommunity.lg.jpg
2001.10.01 23:39 B C:\WINDOWS\Desktop\TBH\Recent\haas\images\searstoys.html --> uts.cc.utexas.edu /export/httpd/vhosts/texasbeyondhistory/data/haas/images searstoys.html
2001.10.01 23:40 B C:\WINDOWS\Desktop\TBH\Recent\haas\images\searstoys.lg.jpg --> uts.cc.utexas.edu /export/httpd/vhosts/texasbeyondhistory/data/haas/images searstoys.lg.jpg
2001.10.01 23:40 B C:\WINDOWS\Desktop\TBH\Recent\haas\images\searstoys.sm.jpg --> uts.cc.utexas.edu /export/httpd/vhosts/texasbeyondhistory/data/haas/images searstoys.sm.jpg
2001.10.01 23:40 B C:\WINDOWS\Desktop\TBH\Recent\haas\images\shaw.horse.lg.jpg --> uts.cc.utexas.edu /export/httpd/vhosts/texasbeyondhistory/data/haas/images shaw.horse.lg.jpg
2001.10.01 23:40 B C:\WINDOWS\Desktop\TBH\Recent\haas\images\shaw.horse.sm.jpg --> uts.cc.utexas.edu /export/httpd/vhosts/texasbeyondhistory/data/haas/images shaw.horse.sm.jpg
2001.10.01 23:40 B C:\WINDOWS\Desktop\TBH\Recent\haas\images\shaw_cem-lg.jpg --> uts.cc.utexas.edu /export/httpd/vhosts/texasbeyondhistory/data/haas/images shaw_cem-lg.jpg
2001.10.01 23:41 B C:\WINDOWS\Desktop\TBH\Recent\haas\images\shaw_cem-sm.jpg --> uts.cc.utexas.edu /export/httpd/vhosts/texasbeyondhistory/data/haas/images shaw_cem-sm.jpg
2001.10.01 23:41 B C:\WINDOWS\Desktop\TBH\Recent\haas\images\Shaw_hass-lg.jpg --> uts.cc.utexas.edu /export/httpd/vhosts/texasbeyondhistory/data/haas/images Shaw_hass-lg.jpg
2001.10.01 23:41 B C:\WINDOWS\Desktop\TBH\Recent\haas\images\Shaw_hass-sm.jpg --> uts.cc.utexas.edu /export/httpd/vhosts/texasbeyondhistory/data/haas/images Shaw_hass-sm.jpg
2001.10.01 23:41 B C:\WINDOWS\Desktop\TBH\Recent\haas\images\survey-lg.jpg --> uts.cc.utexas.edu /export/httpd/vhosts/texasbeyondhistory/data/haas/images survey-lg.jpg
2001.10.01 23:41 B C:\WINDOWS\Desktop\TBH\Recent\haas\images\survey-sm.jpg --> uts.cc.utexas.edu /export/httpd/vhosts/texasbeyondhistory/data/haas/images survey-sm.jpg
2001.10.01 23:41 B C:\WINDOWS\Desktop\TBH\Recent\haas\images\survey.html --> uts.cc.utexas.edu /export/httpd/vhosts/texasbeyondhistory/data/haas/images survey.html
2001.10.01 23:42 B C:\WINDOWS\Desktop\TBH\Recent\haas\images\TV1467-SD1-lg.jpg --> uts.cc.utexas.edu /export/httpd/vhosts/texasbeyondhistory/data/haas/images TV1467-SD1-lg.jpg
2001.10.01 23:42 B C:\WINDOWS\Desktop\TBH\Recent\haas\images\TV1467-SD1-sm.jpg --> uts.cc.utexas.edu /export/httpd/vhosts/texasbeyondhistory/data/haas/images TV1467-SD1-sm.jpg
2001.10.01 23:42 B C:\WINDOWS\Desktop\TBH\Recent\haas\images\TV1467-SD1.html --> uts.cc.utexas.edu /export/httpd/vhosts/texasbeyondhistory/data/haas/images TV1467-SD1.html
2001.10.01 23:42 B C:\WINDOWS\Desktop\TBH\Recent\haas\images\TV1467-SD2-lg.jpg --> uts.cc.utexas.edu /export/httpd/vhosts/texasbeyondhistory/data/haas/images TV1467-SD2-lg.jpg
2001.10.01 23:42 B C:\WINDOWS\Desktop\TBH\Recent\haas\images\TV1467-SD2-sm.jpg --> uts.cc.utexas.edu /export/httpd/vhosts/texasbeyondhistory/data/haas/images TV1467-SD2-sm.jpg
2001.10.01 23:42 B C:\WINDOWS\Desktop\TBH\Recent\haas\images\TV1467-SD2.html --> uts.cc.utexas.edu /export/httpd/vhosts/texasbeyondhistory/data/haas/images TV1467-SD2.html
2001.10.01 23:42 B C:\WINDOWS\Desktop\TBH\Recent\haas\images\TV1467-SD3-lg.jpg --> uts.cc.utexas.edu /export/httpd/vhosts/texasbeyondhistory/data/haas/images TV1467-SD3-lg.jpg
2001.10.01 23:42 B C:\WINDOWS\Desktop\TBH\Recent\haas\images\TV1467-SD3-sm.jpg --> uts.cc.utexas.edu /export/httpd/vhosts/texasbeyondhistory/data/haas/images TV1467-SD3-sm.jpg
2001.10.01 23:42 B C:\WINDOWS\Desktop\TBH\Recent\haas\images\TV1467-SD3.html --> uts.cc.utexas.edu /export/httpd/vhosts/texasbeyondhistory/data/haas/images TV1467-SD3.html
2001.10.01 23:43 B C:\WINDOWS\Desktop\TBH\Recent\haas\images\TV1467-SD4-lg.jpg --> uts.cc.utexas.edu /export/httpd/vhosts/texasbeyondhistory/data/haas/images TV1467-SD4-lg.jpg
2001.10.01 23:43 B C:\WINDOWS\Desktop\TBH\Recent\haas\images\TV1467-SD4-sm.jpg --> uts.cc.utexas.edu /export/httpd/vhosts/texasbeyondhistory/data/haas/images TV1467-SD4-sm.jpg
2001.10.01 23:43 B C:\WINDOWS\Desktop\TBH\Recent\haas\images\TV1467-SD5-lg.jpg --> uts.cc.utexas.edu /export/httpd/vhosts/texasbeyondhistory/data/haas/images TV1467-SD5-lg.jpg
2001.10.01 23:43 B C:\WINDOWS\Desktop\TBH\Recent\haas\images\TV1467-SD5-sm.jpg --> uts.cc.utexas.edu /export/httpd/vhosts/texasbeyondhistory/data/haas/images TV1467-SD5-sm.jpg
2001.10.01 23:43 B C:\WINDOWS\Desktop\TBH\Recent\haas\images\TV1467-SD5.html --> uts.cc.utexas.edu /export/httpd/vhosts/texasbeyondhistory/data/haas/images TV1467-SD5.html
2001.10.01 23:43 B C:\WINDOWS\Desktop\TBH\Recent\haas\images\TV1467-TH1-lg.jpg --> uts.cc.utexas.edu /export/httpd/vhosts/texasbeyondhistory/data/haas/images TV1467-TH1-lg.jpg
2001.10.01 23:43 B C:\WINDOWS\Desktop\TBH\Recent\haas\images\TV1467-TH1-sm.jpg --> uts.cc.utexas.edu /export/httpd/vhosts/texasbeyondhistory/data/haas/images TV1467-TH1-sm.jpg
2001.10.01 23:43 B C:\WINDOWS\Desktop\TBH\Recent\haas\images\TV1467-TH1.html --> uts.cc.utexas.edu /export/httpd/vhosts/texasbeyondhistory/data/haas/images TV1467-TH1.html
2001.10.01 23:44 B C:\WINDOWS\Desktop\TBH\Recent\haas\images\TV1467-TH2-lg.jpg --> uts.cc.utexas.edu /export/httpd/vhosts/texasbeyondhistory/data/haas/images TV1467-TH2-lg.jpg
2001.10.01 23:44 B C:\WINDOWS\Desktop\TBH\Recent\haas\images\TV1467-TH2-sm.jpg --> uts.cc.utexas.edu /export/httpd/vhosts/texasbeyondhistory/data/haas/images TV1467-TH2-sm.jpg
2001.10.01 23:44 B C:\WINDOWS\Desktop\TBH\Recent\haas\images\TV1467-TH2.html --> uts.cc.utexas.edu /export/httpd/vhosts/texasbeyondhistory/data/haas/images TV1467-TH2.html
2001.10.01 23:44 B C:\WINDOWS\Desktop\TBH\Recent\haas\images\TV1469-EA1-lg.jpg --> uts.cc.utexas.edu /export/httpd/vhosts/texasbeyondhistory/data/haas/images TV1469-EA1-lg.jpg
2001.10.01 23:44 B C:\WINDOWS\Desktop\TBH\Recent\haas\images\TV1469-EA1-sm.jpg --> uts.cc.utexas.edu /export/httpd/vhosts/texasbeyondhistory/data/haas/images TV1469-EA1-sm.jpg
2001.10.01 23:44 B C:\WINDOWS\Desktop\TBH\Recent\haas\images\TV1469-EA1.html --> uts.cc.utexas.edu /export/httpd/vhosts/texasbeyondhistory/data/haas/images TV1469-EA1.html
2001.10.01 23:44 B C:\WINDOWS\Desktop\TBH\Recent\haas\images\TV1469-EA2-lg.jpg --> uts.cc.utexas.edu /export/httpd/vhosts/texasbeyondhistory/data/haas/images TV1469-EA2-lg.jpg
2001.10.01 23:44 B C:\WINDOWS\Desktop\TBH\Recent\haas\images\TV1469-EA2-sm.jpg --> uts.cc.utexas.edu /export/httpd/vhosts/texasbeyondhistory/data/haas/images TV1469-EA2-sm.jpg
2001.10.01 23:44 B C:\WINDOWS\Desktop\TBH\Recent\haas\images\TV1469-EA2.html --> uts.cc.utexas.edu /export/httpd/vhosts/texasbeyondhistory/data/haas/images TV1469-EA2.html
2001.10.01 23:44 B C:\WINDOWS\Desktop\TBH\Recent\haas\images\TV1469-EA3-lg.jpg --> uts.cc.utexas.edu /export/httpd/vhosts/texasbeyondhistory/data/haas/images TV1469-EA3-lg.jpg
2001.10.01 23:44 B C:\WINDOWS\Desktop\TBH\Recent\haas\images\TV1469-EA3-sm.jpg --> uts.cc.utexas.edu /export/httpd/vhosts/texasbeyondhistory/data/haas/images TV1469-EA3-sm.jpg
2001.10.01 23:44 B C:\WINDOWS\Desktop\TBH\Recent\haas\images\TV1469-EA3.html --> uts.cc.utexas.edu /export/httpd/vhosts/texasbeyondhistory/data/haas/images TV1469-EA3.html
2001.10.01 23:44 B C:\WINDOWS\Desktop\TBH\Recent\haas\images\TV1469-EA4A-lg.jpg --> uts.cc.utexas.edu /export/httpd/vhosts/texasbeyondhistory/data/haas/images TV1469-EA4A-lg.jpg
2001.10.01 23:44 B C:\WINDOWS\Desktop\TBH\Recent\haas\images\TV1469-EA4A-sm.jpg --> uts.cc.utexas.edu /export/httpd/vhosts/texasbeyondhistory/data/haas/images TV1469-EA4A-sm.jpg
2001.10.01 23:44 B C:\WINDOWS\Desktop\TBH\Recent\haas\images\TV1469-EA5-lg.jpg --> uts.cc.utexas.edu /export/httpd/vhosts/texasbeyondhistory/data/haas/images TV1469-EA5-lg.jpg
2001.10.01 23:44 B C:\WINDOWS\Desktop\TBH\Recent\haas\images\TV1469-EA5-sm.jpg --> uts.cc.utexas.edu /export/httpd/vhosts/texasbeyondhistory/data/haas/images TV1469-EA5-sm.jpg
2001.10.01 23:44 B C:\WINDOWS\Desktop\TBH\Recent\haas\images\TV1469-EA5.html --> uts.cc.utexas.edu /export/httpd/vhosts/texasbeyondhistory/data/haas/images TV1469-EA5.html
2001.10.01 23:45 B C:\WINDOWS\Desktop\TBH\Recent\haas\images\TV1469-EA6a-lg.jpg --> uts.cc.utexas.edu /export/httpd/vhosts/texasbeyondhistory/data/haas/images TV1469-EA6a-lg.jpg
2001.10.01 23:45 B C:\WINDOWS\Desktop\TBH\Recent\haas\images\TV1469-EA6a-sm.jpg --> uts.cc.utexas.edu /export/httpd/vhosts/texasbeyondhistory/data/haas/images TV1469-EA6a-sm.jpg
2001.10.01 23:45 B C:\WINDOWS\Desktop\TBH\Recent\haas\images\TV1469-EA6a.html --> uts.cc.utexas.edu /export/httpd/vhosts/texasbeyondhistory/data/haas/images TV1469-EA6a.html
2001.10.01 23:45 B C:\WINDOWS\Desktop\TBH\Recent\haas\images\TV1469-EA6b-lg.jpg --> uts.cc.utexas.edu /export/httpd/vhosts/texasbeyondhistory/data/haas/images TV1469-EA6b-lg.jpg
2001.10.01 23:45 B C:\WINDOWS\Desktop\TBH\Recent\haas\images\tv1469-ea6b-sm.jpg --> uts.cc.utexas.edu /export/httpd/vhosts/texasbeyondhistory/data/haas/images tv1469-ea6b-sm.jpg
2001.10.01 23:45 B C:\WINDOWS\Desktop\TBH\Recent\haas\images\TV1469-EA6b.html --> uts.cc.utexas.edu /export/httpd/vhosts/texasbeyondhistory/data/haas/images TV1469-EA6b.html
2001.10.01 23:45 B C:\WINDOWS\Desktop\TBH\Recent\haas\images\TV1469-EA7-lg.jpg --> uts.cc.utexas.edu /export/httpd/vhosts/texasbeyondhistory/data/haas/images TV1469-EA7-lg.jpg
2001.10.01 23:45 B C:\WINDOWS\Desktop\TBH\Recent\haas\images\TV1469-EA7-sm.jpg --> uts.cc.utexas.edu /export/httpd/vhosts/texasbeyondhistory/data/haas/images TV1469-EA7-sm.jpg
2001.10.01 23:45 B C:\WINDOWS\Desktop\TBH\Recent\haas\images\TV1469-EA7.html --> uts.cc.utexas.edu /export/httpd/vhosts/texasbeyondhistory/data/haas/images TV1469-EA7.html
2001.10.01 23:45 B C:\WINDOWS\Desktop\TBH\Recent\haas\images\TV1469-FH1-lg.jpg --> uts.cc.utexas.edu /export/httpd/vhosts/texasbeyondhistory/data/haas/images TV1469-FH1-lg.jpg
2001.10.01 23:45 B C:\WINDOWS\Desktop\TBH\Recent\haas\images\TV1469-FH1-sm.jpg --> uts.cc.utexas.edu /export/httpd/vhosts/texasbeyondhistory/data/haas/images TV1469-FH1-sm.jpg
2001.10.01 23:45 B C:\WINDOWS\Desktop\TBH\Recent\haas\images\TV1469-FH1.html --> uts.cc.utexas.edu /export/httpd/vhosts/texasbeyondhistory/data/haas/images TV1469-FH1.html
2001.10.01 23:45 B C:\WINDOWS\Desktop\TBH\Recent\haas\images\TV1469-SD1-lg.jpg --> uts.cc.utexas.edu /export/httpd/vhosts/texasbeyondhistory/data/haas/images TV1469-SD1-lg.jpg
2001.10.01 23:45 B C:\WINDOWS\Desktop\TBH\Recent\haas\images\TV1469-SD1-sm.jpg --> uts.cc.utexas.edu /export/httpd/vhosts/texasbeyondhistory/data/haas/images TV1469-SD1-sm.jpg
2001.10.01 23:46 B C:\WINDOWS\Desktop\TBH\Recent\haas\images\TV1469-SD1-sm2.jpg --> uts.cc.utexas.edu /export/httpd/vhosts/texasbeyondhistory/data/haas/images TV1469-SD1-sm2.jpg
2001.10.01 23:46 B C:\WINDOWS\Desktop\TBH\Recent\haas\images\TV1469-SD1.html --> uts.cc.utexas.edu /export/httpd/vhosts/texasbeyondhistory/data/haas/images TV1469-SD1.html
2001.10.01 23:46 B C:\WINDOWS\Desktop\TBH\Recent\haas\images\TV1469-SD2-lg.jpg --> uts.cc.utexas.edu /export/httpd/vhosts/texasbeyondhistory/data/haas/images TV1469-SD2-lg.jpg
2001.10.01 23:46 B C:\WINDOWS\Desktop\TBH\Recent\haas\images\TV1469-SD2-sm.jpg --> uts.cc.utexas.edu /export/httpd/vhosts/texasbeyondhistory/data/haas/images TV1469-SD2-sm.jpg
2001.10.01 23:46 B C:\WINDOWS\Desktop\TBH\Recent\haas\images\TV1469-SD2.html --> uts.cc.utexas.edu /export/httpd/vhosts/texasbeyondhistory/data/haas/images TV1469-SD2.html
2001.10.01 23:46 B C:\WINDOWS\Desktop\TBH\Recent\haas\images\TV1469-SD3-lg.jpg --> uts.cc.utexas.edu /export/httpd/vhosts/texasbeyondhistory/data/haas/images TV1469-SD3-lg.jpg
2001.10.01 23:46 B C:\WINDOWS\Desktop\TBH\Recent\haas\images\TV1469-SD3-sm.jpg --> uts.cc.utexas.edu /export/httpd/vhosts/texasbeyondhistory/data/haas/images TV1469-SD3-sm.jpg
2001.10.01 23:47 B C:\WINDOWS\Desktop\TBH\Recent\haas\images\Tv1469-SD4-lg.jpg --> uts.cc.utexas.edu /export/httpd/vhosts/texasbeyondhistory/data/haas/images Tv1469-SD4-lg.jpg
2001.10.01 23:47 B C:\WINDOWS\Desktop\TBH\Recent\haas\images\Tv1469-SD4-sm.jpg --> uts.cc.utexas.edu /export/httpd/vhosts/texasbeyondhistory/data/haas/images Tv1469-SD4-sm.jpg
2001.10.01 23:47 B C:\WINDOWS\Desktop\TBH\Recent\haas\images\TV1469-SD4.html --> uts.cc.utexas.edu /export/httpd/vhosts/texasbeyondhistory/data/haas/images TV1469-SD4.html
2001.10.01 23:47 B C:\WINDOWS\Desktop\TBH\Recent\haas\images\TV1469-SD5-lg.jpg --> uts.cc.utexas.edu /export/httpd/vhosts/texasbeyondhistory/data/haas/images TV1469-SD5-lg.jpg
2001.10.01 23:47 B C:\WINDOWS\Desktop\TBH\Recent\haas\images\TV1469-SD5-sm.jpg --> uts.cc.utexas.edu /export/httpd/vhosts/texasbeyondhistory/data/haas/images TV1469-SD5-sm.jpg
2001.10.01 23:47 B C:\WINDOWS\Desktop\TBH\Recent\haas\images\TV1469-SD5.html --> uts.cc.utexas.edu /export/httpd/vhosts/texasbeyondhistory/data/haas/images TV1469-SD5.html
2001.10.01 23:47 B C:\WINDOWS\Desktop\TBH\Recent\haas\images\TV1469-TH0-lg.jpg --> uts.cc.utexas.edu /export/httpd/vhosts/texasbeyondhistory/data/haas/images TV1469-TH0-lg.jpg
2001.10.01 23:47 B C:\WINDOWS\Desktop\TBH\Recent\haas\images\TV1469-TH0-sm.jpg --> uts.cc.utexas.edu /export/httpd/vhosts/texasbeyondhistory/data/haas/images TV1469-TH0-sm.jpg
2001.10.01 23:47 B C:\WINDOWS\Desktop\TBH\Recent\haas\images\TV1469-TH0.html --> uts.cc.utexas.edu /export/httpd/vhosts/texasbeyondhistory/data/haas/images TV1469-TH0.html
2001.10.01 23:48 B C:\WINDOWS\Desktop\TBH\Recent\haas\images\TV1469-TH1-lg.jpg --> uts.cc.utexas.edu /export/httpd/vhosts/texasbeyondhistory/data/haas/images TV1469-TH1-lg.jpg
2001.10.01 23:48 B C:\WINDOWS\Desktop\TBH\Recent\haas\images\TV1469-TH1-sm.jpg --> uts.cc.utexas.edu /export/httpd/vhosts/texasbeyondhistory/data/haas/images TV1469-TH1-sm.jpg
2001.10.01 23:48 B C:\WINDOWS\Desktop\TBH\Recent\haas\images\TV1469-TH1.html --> uts.cc.utexas.edu /export/httpd/vhosts/texasbeyondhistory/data/haas/images TV1469-TH1.html
2001.10.01 23:48 B C:\WINDOWS\Desktop\TBH\Recent\haas\images\TV1469-TH2-lg.jpg --> uts.cc.utexas.edu /export/httpd/vhosts/texasbeyondhistory/data/haas/images TV1469-TH2-lg.jpg
2001.10.01 23:48 B C:\WINDOWS\Desktop\TBH\Recent\haas\images\TV1469-TH2-sm.jpg --> uts.cc.utexas.edu /export/httpd/vhosts/texasbeyondhistory/data/haas/images TV1469-TH2-sm.jpg
2001.10.01 23:48 B C:\WINDOWS\Desktop\TBH\Recent\haas\images\TV1469-TH2.html --> uts.cc.utexas.edu /export/httpd/vhosts/texasbeyondhistory/data/haas/images TV1469-TH2.html
2001.10.01 23:48 B C:\WINDOWS\Desktop\TBH\Recent\haas\images\TV1469-TH3-lg.jpg --> uts.cc.utexas.edu /export/httpd/vhosts/texasbeyondhistory/data/haas/images TV1469-TH3-lg.jpg
2001.10.01 23:48 B C:\WINDOWS\Desktop\TBH\Recent\haas\images\TV1469-TH3-sm.jpg --> uts.cc.utexas.edu /export/httpd/vhosts/texasbeyondhistory/data/haas/images TV1469-TH3-sm.jpg
2001.10.01 23:48 B C:\WINDOWS\Desktop\TBH\Recent\haas\images\TV1469-TH3.html --> uts.cc.utexas.edu /export/httpd/vhosts/texasbeyondhistory/data/haas/images TV1469-TH3.html
2001.10.01 23:49 B C:\WINDOWS\Desktop\TBH\Recent\haas\images\TV530-AS1-lg.jpg --> uts.cc.utexas.edu /export/httpd/vhosts/texasbeyondhistory/data/haas/images TV530-AS1-lg.jpg
2001.10.01 23:49 B C:\WINDOWS\Desktop\TBH\Recent\haas\images\TV530-AS1-sm.jpg --> uts.cc.utexas.edu /export/httpd/vhosts/texasbeyondhistory/data/haas/images TV530-AS1-sm.jpg
2001.10.01 23:49 B C:\WINDOWS\Desktop\TBH\Recent\haas\images\TV530-AS1.html --> uts.cc.utexas.edu /export/httpd/vhosts/texasbeyondhistory/data/haas/images TV530-AS1.html
2001.10.01 23:49 B C:\WINDOWS\Desktop\TBH\Recent\haas\images\TV530-CAH1-sepia-lg.jpg --> uts.cc.utexas.edu /export/httpd/vhosts/texasbeyondhistory/data/haas/images TV530-CAH1-sepia-lg.jpg
2001.10.01 23:49 B C:\WINDOWS\Desktop\TBH\Recent\haas\images\TV530-CAH1-sepia-sm.jpg --> uts.cc.utexas.edu /export/httpd/vhosts/texasbeyondhistory/data/haas/images TV530-CAH1-sepia-sm.jpg
2001.10.01 23:49 B C:\WINDOWS\Desktop\TBH\Recent\haas\images\TV530-CAH1-sepia.html --> uts.cc.utexas.edu /export/httpd/vhosts/texasbeyondhistory/data/haas/images TV530-CAH1-sepia.html
2001.10.01 23:49 B C:\WINDOWS\Desktop\TBH\Recent\haas\images\TV530-SD1.html --> uts.cc.utexas.edu /export/httpd/vhosts/texasbeyondhistory/data/haas/images TV530-SD1.html
2001.10.01 23:49 B C:\WINDOWS\Desktop\TBH\Recent\haas\images\TV530-SD1.lg.jpg --> uts.cc.utexas.edu /export/httpd/vhosts/texasbeyondhistory/data/haas/images TV530-SD1.lg.jpg
2001.10.01 23:49 B C:\WINDOWS\Desktop\TBH\Recent\haas\images\TV530-SD1.sm.jpg --> uts.cc.utexas.edu /export/httpd/vhosts/texasbeyondhistory/data/haas/images TV530-SD1.sm.jpg
2001.10.01 23:49 B C:\WINDOWS\Desktop\TBH\Recent\haas\images\TV530-SD2.html --> uts.cc.utexas.edu /export/httpd/vhosts/texasbeyondhistory/data/haas/images TV530-SD2.html
2001.10.01 23:49 B C:\WINDOWS\Desktop\TBH\Recent\haas\images\TV530-SD2.lg.jpg --> uts.cc.utexas.edu /export/httpd/vhosts/texasbeyondhistory/data/haas/images TV530-SD2.lg.jpg
2001.10.01 23:49 B C:\WINDOWS\Desktop\TBH\Recent\haas\images\TV530-SD2.sm.jpg --> uts.cc.utexas.edu /export/httpd/vhosts/texasbeyondhistory/data/haas/images TV530-SD2.sm.jpg
2001.10.01 23:50 B C:\WINDOWS\Desktop\TBH\Recent\haas\images\TV530-TH1-lg.jpg --> uts.cc.utexas.edu /export/httpd/vhosts/texasbeyondhistory/data/haas/images TV530-TH1-lg.jpg
2001.10.01 23:50 B C:\WINDOWS\Desktop\TBH\Recent\haas\images\TV530-TH1-sm.jpg --> uts.cc.utexas.edu /export/httpd/vhosts/texasbeyondhistory/data/haas/images TV530-TH1-sm.jpg
2001.10.01 23:50 B C:\WINDOWS\Desktop\TBH\Recent\haas\images\TV530-TH2-lg.jpg --> uts.cc.utexas.edu /export/httpd/vhosts/texasbeyondhistory/data/haas/images TV530-TH2-lg.jpg
2001.10.01 23:50 B C:\WINDOWS\Desktop\TBH\Recent\haas\images\TV530-TH2-sm.jpg --> uts.cc.utexas.edu /export/httpd/vhosts/texasbeyondhistory/data/haas/images TV530-TH2-sm.jpg
2001.10.01 23:50 B C:\WINDOWS\Desktop\TBH\Recent\haas\images\TV530-TH2.html --> uts.cc.utexas.edu /export/httpd/vhosts/texasbeyondhistory/data/haas/images TV530-TH2.html
2001.10.01 23:50 B C:\WINDOWS\Desktop\TBH\Recent\haas\images\wagoncrop.jpg --> uts.cc.utexas.edu /export/httpd/vhosts/texasbeyondhistory/data/haas/images wagoncrop.jpg
2001.10.01 23:50 B C:\WINDOWS\Desktop\TBH\Recent\haas\images\well-lg.jpg --> uts.cc.utexas.edu /export/httpd/vhosts/texasbeyondhistory/data/haas/images well-lg.jpg
2001.10.01 23:50 B C:\WINDOWS\Desktop\TBH\Recent\haas\images\well-sm.jpg --> uts.cc.utexas.edu /export/httpd/vhosts/texasbeyondhistory/data/haas/images well-sm.jpg
2001.10.01 23:50 B C:\WINDOWS\Desktop\TBH\Recent\haas\images\well.html --> uts.cc.utexas.edu /export/httpd/vhosts/texasbeyondhistory/data/haas/images well.html
2001.10.11 14:56 B M:\Website Stuff\TBH Website Temp\haas\images\WS_FTP.LOG <-- texasbeyondhistory /export/httpd/vhosts/texasbeyondhistory/data/haas/images WS_FTP.LOG
