2003.11.19 16:49 B K:\TBH Website Temp\jones\images\jones14-2-2.html <-- texasbeyondhistory /export/httpd/vhosts/texasbeyondhistory/data/jones/images jones14-2-2.html
2003.11.19 16:49 B K:\TBH Website Temp\jones\images\jones14-2.html <-- texasbeyondhistory /export/httpd/vhosts/texasbeyondhistory/data/jones/images jones14-2.html
2003.11.19 16:49 B K:\TBH Website Temp\jones\images\Jones14-lg.html <-- texasbeyondhistory /export/httpd/vhosts/texasbeyondhistory/data/jones/images Jones14-lg.html
2003.11.19 16:49 B K:\TBH Website Temp\jones\images\Jones14-lg.jpg <-- texasbeyondhistory /export/httpd/vhosts/texasbeyondhistory/data/jones/images Jones14-lg.jpg
2003.11.19 16:49 B K:\TBH Website Temp\jones\images\Jones14-lg2.jpg <-- texasbeyondhistory /export/httpd/vhosts/texasbeyondhistory/data/jones/images Jones14-lg2.jpg
2003.11.19 16:49 B K:\TBH Website Temp\jones\images\Jones14-sm-1.jpg <-- texasbeyondhistory /export/httpd/vhosts/texasbeyondhistory/data/jones/images Jones14-sm-1.jpg
2003.11.19 16:49 B K:\TBH Website Temp\jones\images\Jones14-sm-2.jpg <-- texasbeyondhistory /export/httpd/vhosts/texasbeyondhistory/data/jones/images Jones14-sm-2.jpg
2003.11.19 16:49 B K:\TBH Website Temp\jones\images\Jones14-sm-3.jpg <-- texasbeyondhistory /export/httpd/vhosts/texasbeyondhistory/data/jones/images Jones14-sm-3.jpg
2003.11.19 16:49 B K:\TBH Website Temp\jones\images\Jones14-sm-4.jpg <-- texasbeyondhistory /export/httpd/vhosts/texasbeyondhistory/data/jones/images Jones14-sm-4.jpg
2003.11.19 16:49 B K:\TBH Website Temp\jones\images\Jones14-sm-5.jpg <-- texasbeyondhistory /export/httpd/vhosts/texasbeyondhistory/data/jones/images Jones14-sm-5.jpg
2003.11.19 16:49 B K:\TBH Website Temp\jones\images\Jones14-sm-6.jpg <-- texasbeyondhistory /export/httpd/vhosts/texasbeyondhistory/data/jones/images Jones14-sm-6.jpg
2003.11.19 16:49 B K:\TBH Website Temp\jones\images\Jones14-sm-7.jpg <-- texasbeyondhistory /export/httpd/vhosts/texasbeyondhistory/data/jones/images Jones14-sm-7.jpg
2003.11.19 16:49 B K:\TBH Website Temp\jones\images\Jones14-sm-emboss.jpg <-- texasbeyondhistory /export/httpd/vhosts/texasbeyondhistory/data/jones/images Jones14-sm-emboss.jpg
2003.11.19 16:49 B K:\TBH Website Temp\jones\images\Jones14-sm-transp.jpg <-- texasbeyondhistory /export/httpd/vhosts/texasbeyondhistory/data/jones/images Jones14-sm-transp.jpg
2003.11.19 16:49 B K:\TBH Website Temp\jones\images\Jones14-sm.jpg <-- texasbeyondhistory /export/httpd/vhosts/texasbeyondhistory/data/jones/images Jones14-sm.jpg
2003.11.19 16:49 B K:\TBH Website Temp\jones\images\Jones14-sm2.jpg <-- texasbeyondhistory /export/httpd/vhosts/texasbeyondhistory/data/jones/images Jones14-sm2.jpg
2003.11.19 16:49 B K:\TBH Website Temp\jones\images\Jones14-sma.jpg <-- texasbeyondhistory /export/httpd/vhosts/texasbeyondhistory/data/jones/images Jones14-sma.jpg
2003.11.19 16:49 B K:\TBH Website Temp\jones\images\Jones14-smb.jpg <-- texasbeyondhistory /export/httpd/vhosts/texasbeyondhistory/data/jones/images Jones14-smb.jpg
2003.11.19 16:49 B K:\TBH Website Temp\jones\images\Jones14-smc.jpg <-- texasbeyondhistory /export/httpd/vhosts/texasbeyondhistory/data/jones/images Jones14-smc.jpg
2003.11.19 16:49 B K:\TBH Website Temp\jones\images\jones14.html <-- texasbeyondhistory /export/httpd/vhosts/texasbeyondhistory/data/jones/images jones14.html
2003.11.19 16:49 B K:\TBH Website Temp\jones\images\null.gif <-- texasbeyondhistory /export/httpd/vhosts/texasbeyondhistory/data/jones/images null.gif
2005.06.19 11:21 B L:\TBH Website Temp\jones\images\WS_FTP.LOG <-- texasbeyondhistory /export/httpd/vhosts/texasbeyondhistory/data/jones/images WS_FTP.LOG
2006.11.02 10:26 B L:\TBH Website Temp\jones\images\jones14-2-2.html --> uts.cc.utexas.edu /export/httpd/vhosts/texasbeyondhistory/data/jones/images jones14-2-2.html
2006.11.02 10:26 B L:\TBH Website Temp\jones\images\jones14-2.html --> uts.cc.utexas.edu /export/httpd/vhosts/texasbeyondhistory/data/jones/images jones14-2.html
2006.11.02 10:26 B L:\TBH Website Temp\jones\images\jones14.html --> uts.cc.utexas.edu /export/httpd/vhosts/texasbeyondhistory/data/jones/images jones14.html
