2001.08.28 20:45 B D:\TBH Temp\ford\credits.html <-- Texas Beyond History /Website Stuff/TBH Website Temp/ford credits.html
2001.08.28 20:45 B D:\TBH Temp\ford\index.html <-- Texas Beyond History /Website Stuff/TBH Website Temp/ford index.html
2001.08.28 20:45 B D:\TBH Temp\ford\prison.html <-- Texas Beyond History /Website Stuff/TBH Website Temp/ford prison.html
2001.08.28 20:45 B D:\TBH Temp\ford\timeline.html <-- Texas Beyond History /Website Stuff/TBH Website Temp/ford timeline.html
2001.08.28 20:45 B D:\TBH Temp\ford\uncovering.html <-- Texas Beyond History /Website Stuff/TBH Website Temp/ford uncovering.html
2001.08.31 19:50 B D:\TBH Temp\ford\credits.html <-- Texas Beyond History /Website Stuff/TBH Website Temp/ford credits.html
2001.08.31 19:50 B D:\TBH Temp\ford\credits.html.LCK <-- Texas Beyond History /Website Stuff/TBH Website Temp/ford credits.html.LCK
2001.08.31 19:50 B D:\TBH Temp\ford\index.html <-- Texas Beyond History /Website Stuff/TBH Website Temp/ford index.html
2001.08.31 19:50 B D:\TBH Temp\ford\index.html.LCK <-- Texas Beyond History /Website Stuff/TBH Website Temp/ford index.html.LCK
2001.08.31 19:50 B D:\TBH Temp\ford\prison.html <-- Texas Beyond History /Website Stuff/TBH Website Temp/ford prison.html
2001.08.31 19:50 B D:\TBH Temp\ford\prison.html.LCK <-- Texas Beyond History /Website Stuff/TBH Website Temp/ford prison.html.LCK
2001.08.31 19:50 B D:\TBH Temp\ford\timeline.html.LCK <-- Texas Beyond History /Website Stuff/TBH Website Temp/ford timeline.html.LCK
2001.08.31 19:50 B D:\TBH Temp\ford\uncovering.html <-- Texas Beyond History /Website Stuff/TBH Website Temp/ford uncovering.html
2001.08.31 19:50 B D:\TBH Temp\ford\uncovering.html.LCK <-- Texas Beyond History /Website Stuff/TBH Website Temp/ford uncovering.html.LCK
2001.09.01 21:46 B D:\TBH Temp\ford\credits.html --> uts.cc.utexas.edu /usr/pub/www/research/tarl/abouttarl/tbh/ford credits.html
2001.09.01 21:46 B D:\TBH Temp\ford\credits.html.LCK --> uts.cc.utexas.edu /usr/pub/www/research/tarl/abouttarl/tbh/ford credits.html.LCK
2001.09.01 21:46 B D:\TBH Temp\ford\index.html --> uts.cc.utexas.edu /usr/pub/www/research/tarl/abouttarl/tbh/ford index.html
2001.09.01 21:46 B D:\TBH Temp\ford\index.html.LCK --> uts.cc.utexas.edu /usr/pub/www/research/tarl/abouttarl/tbh/ford index.html.LCK
2001.09.01 21:46 B D:\TBH Temp\ford\prison.html --> uts.cc.utexas.edu /usr/pub/www/research/tarl/abouttarl/tbh/ford prison.html
2001.09.01 21:46 B D:\TBH Temp\ford\prison.html.LCK --> uts.cc.utexas.edu /usr/pub/www/research/tarl/abouttarl/tbh/ford prison.html.LCK
2001.09.01 21:46 B D:\TBH Temp\ford\timeline.html --> uts.cc.utexas.edu /usr/pub/www/research/tarl/abouttarl/tbh/ford timeline.html
2001.09.01 21:46 B D:\TBH Temp\ford\timeline.html.LCK --> uts.cc.utexas.edu /usr/pub/www/research/tarl/abouttarl/tbh/ford timeline.html.LCK
2001.09.01 21:46 B D:\TBH Temp\ford\uncovering.html --> uts.cc.utexas.edu /usr/pub/www/research/tarl/abouttarl/tbh/ford uncovering.html
2001.09.01 21:46 B D:\TBH Temp\ford\uncovering.html.LCK --> uts.cc.utexas.edu /usr/pub/www/research/tarl/abouttarl/tbh/ford uncovering.html.LCK
2001.09.04 15:20 B M:\Website Stuff\ford\WS_FTP.LOG <-- TARLweb /usr/pub/www/research/tarl/abouttarl/tbh/ford WS_FTP.LOG
2001.09.04 16:23 B C:\WINDOWS\Desktop\TBH\TBH on TEXsite\ford\WS_FTP.LOG <-- TARL /Website Stuff/ford WS_FTP.LOG
2001.10.01 22:23 B C:\WINDOWS\Desktop\TBH\Recent\ford\credits.html --> uts.cc.utexas.edu /export/httpd/vhosts/texasbeyondhistory/data/ford credits.html
2001.10.01 22:23 B C:\WINDOWS\Desktop\TBH\Recent\ford\credits.html.LCK --> uts.cc.utexas.edu /export/httpd/vhosts/texasbeyondhistory/data/ford credits.html.LCK
2001.10.01 22:23 B C:\WINDOWS\Desktop\TBH\Recent\ford\credits.html.LCK.LCK --> uts.cc.utexas.edu /export/httpd/vhosts/texasbeyondhistory/data/ford credits.html.LCK.LCK
2001.10.01 22:23 B C:\WINDOWS\Desktop\TBH\Recent\ford\index.html --> uts.cc.utexas.edu /export/httpd/vhosts/texasbeyondhistory/data/ford index.html
2001.10.01 22:23 B C:\WINDOWS\Desktop\TBH\Recent\ford\index.html.LCK --> uts.cc.utexas.edu /export/httpd/vhosts/texasbeyondhistory/data/ford index.html.LCK
2001.10.01 22:23 B C:\WINDOWS\Desktop\TBH\Recent\ford\index.html.LCK.LCK --> uts.cc.utexas.edu /export/httpd/vhosts/texasbeyondhistory/data/ford index.html.LCK.LCK
2001.10.01 22:23 B C:\WINDOWS\Desktop\TBH\Recent\ford\prison.html --> uts.cc.utexas.edu /export/httpd/vhosts/texasbeyondhistory/data/ford prison.html
2001.10.01 22:23 B C:\WINDOWS\Desktop\TBH\Recent\ford\prison.html.LCK --> uts.cc.utexas.edu /export/httpd/vhosts/texasbeyondhistory/data/ford prison.html.LCK
2001.10.01 22:23 B C:\WINDOWS\Desktop\TBH\Recent\ford\prison.html.LCK.LCK --> uts.cc.utexas.edu /export/httpd/vhosts/texasbeyondhistory/data/ford prison.html.LCK.LCK
2001.10.01 22:23 B C:\WINDOWS\Desktop\TBH\Recent\ford\timeline.html --> uts.cc.utexas.edu /export/httpd/vhosts/texasbeyondhistory/data/ford timeline.html
2001.10.01 22:23 B C:\WINDOWS\Desktop\TBH\Recent\ford\timeline.html.LCK --> uts.cc.utexas.edu /export/httpd/vhosts/texasbeyondhistory/data/ford timeline.html.LCK
2001.10.01 22:23 B C:\WINDOWS\Desktop\TBH\Recent\ford\timeline.html.LCK.LCK --> uts.cc.utexas.edu /export/httpd/vhosts/texasbeyondhistory/data/ford timeline.html.LCK.LCK
2001.10.01 22:23 B C:\WINDOWS\Desktop\TBH\Recent\ford\uncovering.html --> uts.cc.utexas.edu /export/httpd/vhosts/texasbeyondhistory/data/ford uncovering.html
2001.10.01 22:23 B C:\WINDOWS\Desktop\TBH\Recent\ford\uncovering.html.LCK --> uts.cc.utexas.edu /export/httpd/vhosts/texasbeyondhistory/data/ford uncovering.html.LCK
2001.10.01 22:23 B C:\WINDOWS\Desktop\TBH\Recent\ford\uncovering.html.LCK.LCK --> uts.cc.utexas.edu /export/httpd/vhosts/texasbeyondhistory/data/ford uncovering.html.LCK.LCK
2001.10.11 14:51 B M:\Website Stuff\TBH Website Temp\ford\WS_FTP.LOG <-- texasbeyondhistory /export/httpd/vhosts/texasbeyondhistory/data/ford WS_FTP.LOG
2001.11.15 11:10 B G:\Website Stuff\TBH Website Temp\ford\timeline.html --> uts.cc.utexas.edu /export/httpd/vhosts/texasbeyondhistory/data/ford timeline.html
2001.12.18 16:03 B G:\Website Stuff\TBH Website Temp\ford\timeline.html --> uts.cc.utexas.edu /export/httpd/vhosts/texasbeyondhistory/data/ford timeline.html
2001.12.18 16:03 B G:\Website Stuff\TBH Website Temp\ford\prison.html --> uts.cc.utexas.edu /export/httpd/vhosts/texasbeyondhistory/data/ford prison.html
2002.07.05 09:20 B G:\Website Stuff\TBH Website Temp\ford\credits.html --> uts.cc.utexas.edu /export/httpd/vhosts/texasbeyondhistory/data/ford credits.html
2002.07.05 09:21 B G:\Website Stuff\TBH Website Temp\ford\uncovering.html --> uts.cc.utexas.edu /export/httpd/vhosts/texasbeyondhistory/data/ford uncovering.html
2002.09.04 13:26 B G:\Website Stuff\TBH Website Temp\ford\timeline.html --> uts.cc.utexas.edu /export/httpd/vhosts/texasbeyondhistory/data/ford timeline.html
2005.04.04 12:58 B L:\TBH Website Temp\ford\uncovering.html --> uts.cc.utexas.edu /export/httpd/vhosts/texasbeyondhistory/data/ford uncovering.html
2005.04.04 12:58 B L:\TBH Website Temp\ford\timeline.html --> uts.cc.utexas.edu /export/httpd/vhosts/texasbeyondhistory/data/ford timeline.html
2005.04.04 12:58 B L:\TBH Website Temp\ford\prison.html --> uts.cc.utexas.edu /export/httpd/vhosts/texasbeyondhistory/data/ford prison.html
2005.04.04 12:58 B L:\TBH Website Temp\ford\index.html --> uts.cc.utexas.edu /export/httpd/vhosts/texasbeyondhistory/data/ford index.html
2005.04.04 12:58 B L:\TBH Website Temp\ford\credits.html --> uts.cc.utexas.edu /export/httpd/vhosts/texasbeyondhistory/data/ford credits.html
2005.04.18 10:37 B G:\TBH Website Temp\ford\credits.html --> uts.cc.utexas.edu /export/httpd/vhosts/texasbeyondhistory/data/ford credits.html
