2003.08.06 09:18 B K:\TBH Website Temp\tejas\images\an1.mov --> uts.cc.utexas.edu /export/httpd/vhosts/texasbeyondhistory/data/tejas/images an1.mov
2003.08.06 09:18 B K:\TBH Website Temp\tejas\images\ancestorsthumb.jpg --> uts.cc.utexas.edu /export/httpd/vhosts/texasbeyondhistory/data/tejas/images ancestorsthumb.jpg
2003.08.06 09:18 B K:\TBH Website Temp\tejas\images\ancient1-lg.html --> uts.cc.utexas.edu /export/httpd/vhosts/texasbeyondhistory/data/tejas/images ancient1-lg.html
2003.08.06 09:18 B K:\TBH Website Temp\tejas\images\ancient1-lg.jpg --> uts.cc.utexas.edu /export/httpd/vhosts/texasbeyondhistory/data/tejas/images ancient1-lg.jpg
2003.08.06 09:18 B K:\TBH Website Temp\tejas\images\ancient1-sm.jpg --> uts.cc.utexas.edu /export/httpd/vhosts/texasbeyondhistory/data/tejas/images ancient1-sm.jpg
2003.08.06 09:18 B K:\TBH Website Temp\tejas\images\ancient1.html --> uts.cc.utexas.edu /export/httpd/vhosts/texasbeyondhistory/data/tejas/images ancient1.html
2003.08.06 09:18 B K:\TBH Website Temp\tejas\images\ancient1.mov --> uts.cc.utexas.edu /export/httpd/vhosts/texasbeyondhistory/data/tejas/images ancient1.mov
2003.08.06 09:18 B K:\TBH Website Temp\tejas\images\ancient10-lg.html --> uts.cc.utexas.edu /export/httpd/vhosts/texasbeyondhistory/data/tejas/images ancient10-lg.html
2003.08.06 09:18 B K:\TBH Website Temp\tejas\images\ancient10-lg.jpg --> uts.cc.utexas.edu /export/httpd/vhosts/texasbeyondhistory/data/tejas/images ancient10-lg.jpg
2003.08.06 09:18 B K:\TBH Website Temp\tejas\images\ancient10-sm.jpg --> uts.cc.utexas.edu /export/httpd/vhosts/texasbeyondhistory/data/tejas/images ancient10-sm.jpg
2003.08.06 09:18 B K:\TBH Website Temp\tejas\images\ancient10.html --> uts.cc.utexas.edu /export/httpd/vhosts/texasbeyondhistory/data/tejas/images ancient10.html
2003.08.06 09:18 B K:\TBH Website Temp\tejas\images\ancient10.mov --> uts.cc.utexas.edu /export/httpd/vhosts/texasbeyondhistory/data/tejas/images ancient10.mov
2003.08.06 09:18 B K:\TBH Website Temp\tejas\images\ancient11-lg.html --> uts.cc.utexas.edu /export/httpd/vhosts/texasbeyondhistory/data/tejas/images ancient11-lg.html
2003.08.06 09:18 B K:\TBH Website Temp\tejas\images\ancient11-lg.jpg --> uts.cc.utexas.edu /export/httpd/vhosts/texasbeyondhistory/data/tejas/images ancient11-lg.jpg
2003.08.06 09:18 B K:\TBH Website Temp\tejas\images\ancient11-sm.jpg --> uts.cc.utexas.edu /export/httpd/vhosts/texasbeyondhistory/data/tejas/images ancient11-sm.jpg
2003.08.06 09:18 B K:\TBH Website Temp\tejas\images\ancient11.html --> uts.cc.utexas.edu /export/httpd/vhosts/texasbeyondhistory/data/tejas/images ancient11.html
2003.08.06 09:19 B K:\TBH Website Temp\tejas\images\ancient11.mov --> uts.cc.utexas.edu /export/httpd/vhosts/texasbeyondhistory/data/tejas/images ancient11.mov
2003.08.06 09:19 B K:\TBH Website Temp\tejas\images\ancient12-lg.html --> uts.cc.utexas.edu /export/httpd/vhosts/texasbeyondhistory/data/tejas/images ancient12-lg.html
2003.08.06 09:19 B K:\TBH Website Temp\tejas\images\ancient12-lg.jpg --> uts.cc.utexas.edu /export/httpd/vhosts/texasbeyondhistory/data/tejas/images ancient12-lg.jpg
2003.08.06 09:19 B K:\TBH Website Temp\tejas\images\ancient12-sm.jpg --> uts.cc.utexas.edu /export/httpd/vhosts/texasbeyondhistory/data/tejas/images ancient12-sm.jpg
2003.08.06 09:19 B K:\TBH Website Temp\tejas\images\ancient12.html --> uts.cc.utexas.edu /export/httpd/vhosts/texasbeyondhistory/data/tejas/images ancient12.html
2003.08.06 09:19 B K:\TBH Website Temp\tejas\images\ancient12.mov --> uts.cc.utexas.edu /export/httpd/vhosts/texasbeyondhistory/data/tejas/images ancient12.mov
2003.08.06 09:19 B K:\TBH Website Temp\tejas\images\ancient13-close.html --> uts.cc.utexas.edu /export/httpd/vhosts/texasbeyondhistory/data/tejas/images ancient13-close.html
2003.08.06 09:19 B K:\TBH Website Temp\tejas\images\ancient13-close.jpg --> uts.cc.utexas.edu /export/httpd/vhosts/texasbeyondhistory/data/tejas/images ancient13-close.jpg
2003.08.06 09:19 B K:\TBH Website Temp\tejas\images\ancient13-lg.html --> uts.cc.utexas.edu /export/httpd/vhosts/texasbeyondhistory/data/tejas/images ancient13-lg.html
2003.08.06 09:19 B K:\TBH Website Temp\tejas\images\ancient13-lg.jpg --> uts.cc.utexas.edu /export/httpd/vhosts/texasbeyondhistory/data/tejas/images ancient13-lg.jpg
2003.08.06 09:19 B K:\TBH Website Temp\tejas\images\ancient13-sm.jpg --> uts.cc.utexas.edu /export/httpd/vhosts/texasbeyondhistory/data/tejas/images ancient13-sm.jpg
2003.08.06 09:19 B K:\TBH Website Temp\tejas\images\ancient13.html --> uts.cc.utexas.edu /export/httpd/vhosts/texasbeyondhistory/data/tejas/images ancient13.html
2003.08.06 09:19 B K:\TBH Website Temp\tejas\images\ancient13.mov --> uts.cc.utexas.edu /export/httpd/vhosts/texasbeyondhistory/data/tejas/images ancient13.mov
2003.08.06 09:19 B K:\TBH Website Temp\tejas\images\ancient2-lg.html --> uts.cc.utexas.edu /export/httpd/vhosts/texasbeyondhistory/data/tejas/images ancient2-lg.html
2003.08.06 09:19 B K:\TBH Website Temp\tejas\images\ancient2-lg.jpg --> uts.cc.utexas.edu /export/httpd/vhosts/texasbeyondhistory/data/tejas/images ancient2-lg.jpg
2003.08.06 09:19 B K:\TBH Website Temp\tejas\images\ancient2-sm.jpg --> uts.cc.utexas.edu /export/httpd/vhosts/texasbeyondhistory/data/tejas/images ancient2-sm.jpg
2003.08.06 09:19 B K:\TBH Website Temp\tejas\images\ancient2.html --> uts.cc.utexas.edu /export/httpd/vhosts/texasbeyondhistory/data/tejas/images ancient2.html
2003.08.06 09:19 B K:\TBH Website Temp\tejas\images\ancient2.mov --> uts.cc.utexas.edu /export/httpd/vhosts/texasbeyondhistory/data/tejas/images ancient2.mov
2003.08.06 09:19 B K:\TBH Website Temp\tejas\images\ancient3-lg.html --> uts.cc.utexas.edu /export/httpd/vhosts/texasbeyondhistory/data/tejas/images ancient3-lg.html
2003.08.06 09:19 B K:\TBH Website Temp\tejas\images\ancient3-lg.jpg --> uts.cc.utexas.edu /export/httpd/vhosts/texasbeyondhistory/data/tejas/images ancient3-lg.jpg
2003.08.06 09:19 B K:\TBH Website Temp\tejas\images\ancient3-sm.jpg --> uts.cc.utexas.edu /export/httpd/vhosts/texasbeyondhistory/data/tejas/images ancient3-sm.jpg
2003.08.06 09:19 B K:\TBH Website Temp\tejas\images\ancient3.html --> uts.cc.utexas.edu /export/httpd/vhosts/texasbeyondhistory/data/tejas/images ancient3.html
2003.08.06 09:19 B K:\TBH Website Temp\tejas\images\ancient3.mov --> uts.cc.utexas.edu /export/httpd/vhosts/texasbeyondhistory/data/tejas/images ancient3.mov
2003.08.06 09:19 B K:\TBH Website Temp\tejas\images\ancient4-lg.html --> uts.cc.utexas.edu /export/httpd/vhosts/texasbeyondhistory/data/tejas/images ancient4-lg.html
2003.08.06 09:19 B K:\TBH Website Temp\tejas\images\ancient4-lg.jpg --> uts.cc.utexas.edu /export/httpd/vhosts/texasbeyondhistory/data/tejas/images ancient4-lg.jpg
2003.08.06 09:19 B K:\TBH Website Temp\tejas\images\ancient4-sm.jpg --> uts.cc.utexas.edu /export/httpd/vhosts/texasbeyondhistory/data/tejas/images ancient4-sm.jpg
2003.08.06 09:19 B K:\TBH Website Temp\tejas\images\ancient4.html --> uts.cc.utexas.edu /export/httpd/vhosts/texasbeyondhistory/data/tejas/images ancient4.html
2003.08.06 09:19 B K:\TBH Website Temp\tejas\images\ancient4.mov --> uts.cc.utexas.edu /export/httpd/vhosts/texasbeyondhistory/data/tejas/images ancient4.mov
2003.08.06 09:19 B K:\TBH Website Temp\tejas\images\ancient5-lg.html --> uts.cc.utexas.edu /export/httpd/vhosts/texasbeyondhistory/data/tejas/images ancient5-lg.html
2003.08.06 09:19 B K:\TBH Website Temp\tejas\images\ancient5-lg.jpg --> uts.cc.utexas.edu /export/httpd/vhosts/texasbeyondhistory/data/tejas/images ancient5-lg.jpg
2003.08.06 09:19 B K:\TBH Website Temp\tejas\images\ancient5-sm.jpg --> uts.cc.utexas.edu /export/httpd/vhosts/texasbeyondhistory/data/tejas/images ancient5-sm.jpg
2003.08.06 09:19 B K:\TBH Website Temp\tejas\images\ancient5.html --> uts.cc.utexas.edu /export/httpd/vhosts/texasbeyondhistory/data/tejas/images ancient5.html
2003.08.06 09:19 B K:\TBH Website Temp\tejas\images\ancient5.mov --> uts.cc.utexas.edu /export/httpd/vhosts/texasbeyondhistory/data/tejas/images ancient5.mov
2003.08.06 09:19 B K:\TBH Website Temp\tejas\images\ancient6-lg.html --> uts.cc.utexas.edu /export/httpd/vhosts/texasbeyondhistory/data/tejas/images ancient6-lg.html
2003.08.06 09:19 B K:\TBH Website Temp\tejas\images\ancient6-lg.jpg --> uts.cc.utexas.edu /export/httpd/vhosts/texasbeyondhistory/data/tejas/images ancient6-lg.jpg
2003.08.06 09:19 B K:\TBH Website Temp\tejas\images\ancient6-sm.jpg --> uts.cc.utexas.edu /export/httpd/vhosts/texasbeyondhistory/data/tejas/images ancient6-sm.jpg
2003.08.06 09:19 B K:\TBH Website Temp\tejas\images\ancient6.html --> uts.cc.utexas.edu /export/httpd/vhosts/texasbeyondhistory/data/tejas/images ancient6.html
2003.08.06 09:19 B K:\TBH Website Temp\tejas\images\ancient6.mov --> uts.cc.utexas.edu /export/httpd/vhosts/texasbeyondhistory/data/tejas/images ancient6.mov
2003.08.06 09:19 B K:\TBH Website Temp\tejas\images\ancient7-lg.html --> uts.cc.utexas.edu /export/httpd/vhosts/texasbeyondhistory/data/tejas/images ancient7-lg.html
2003.08.06 09:19 B K:\TBH Website Temp\tejas\images\ancient7-lg.jpg --> uts.cc.utexas.edu /export/httpd/vhosts/texasbeyondhistory/data/tejas/images ancient7-lg.jpg
2003.08.06 09:19 B K:\TBH Website Temp\tejas\images\ancient7-sm.jpg --> uts.cc.utexas.edu /export/httpd/vhosts/texasbeyondhistory/data/tejas/images ancient7-sm.jpg
2003.08.06 09:19 B K:\TBH Website Temp\tejas\images\ancient7.html --> uts.cc.utexas.edu /export/httpd/vhosts/texasbeyondhistory/data/tejas/images ancient7.html
2003.08.06 09:19 B K:\TBH Website Temp\tejas\images\ancient7.mov --> uts.cc.utexas.edu /export/httpd/vhosts/texasbeyondhistory/data/tejas/images ancient7.mov
2003.08.06 09:19 B K:\TBH Website Temp\tejas\images\ancient8-lg.html --> uts.cc.utexas.edu /export/httpd/vhosts/texasbeyondhistory/data/tejas/images ancient8-lg.html
2003.08.06 09:19 B K:\TBH Website Temp\tejas\images\ancient8-lg.jpg --> uts.cc.utexas.edu /export/httpd/vhosts/texasbeyondhistory/data/tejas/images ancient8-lg.jpg
2003.08.06 09:19 B K:\TBH Website Temp\tejas\images\ancient8-sm.jpg --> uts.cc.utexas.edu /export/httpd/vhosts/texasbeyondhistory/data/tejas/images ancient8-sm.jpg
2003.08.06 09:19 B K:\TBH Website Temp\tejas\images\ancient8.html --> uts.cc.utexas.edu /export/httpd/vhosts/texasbeyondhistory/data/tejas/images ancient8.html
2003.08.06 09:19 B K:\TBH Website Temp\tejas\images\ancient8.mov --> uts.cc.utexas.edu /export/httpd/vhosts/texasbeyondhistory/data/tejas/images ancient8.mov
2003.08.06 09:19 B K:\TBH Website Temp\tejas\images\ancient9-lg.html --> uts.cc.utexas.edu /export/httpd/vhosts/texasbeyondhistory/data/tejas/images ancient9-lg.html
2003.08.06 09:19 B K:\TBH Website Temp\tejas\images\ancient9-lg.jpg --> uts.cc.utexas.edu /export/httpd/vhosts/texasbeyondhistory/data/tejas/images ancient9-lg.jpg
2003.08.06 09:19 B K:\TBH Website Temp\tejas\images\ancient9-sm.jpg --> uts.cc.utexas.edu /export/httpd/vhosts/texasbeyondhistory/data/tejas/images ancient9-sm.jpg
2003.08.06 09:19 B K:\TBH Website Temp\tejas\images\ancient9.html --> uts.cc.utexas.edu /export/httpd/vhosts/texasbeyondhistory/data/tejas/images ancient9.html
2003.08.06 09:19 B K:\TBH Website Temp\tejas\images\ancient9.mov --> uts.cc.utexas.edu /export/httpd/vhosts/texasbeyondhistory/data/tejas/images ancient9.mov
2003.08.06 09:19 B K:\TBH Website Temp\tejas\images\blue_eagle2.jpg --> uts.cc.utexas.edu /export/httpd/vhosts/texasbeyondhistory/data/tejas/images blue_eagle2.jpg
2003.08.06 09:19 B K:\TBH Website Temp\tejas\images\caddo-house.jpg --> uts.cc.utexas.edu /export/httpd/vhosts/texasbeyondhistory/data/tejas/images caddo-house.jpg
2003.08.06 09:19 B K:\TBH Website Temp\tejas\images\claythumb.jpg --> uts.cc.utexas.edu /export/httpd/vhosts/texasbeyondhistory/data/tejas/images claythumb.jpg
2003.08.06 09:19 B K:\TBH Website Temp\tejas\images\fundathumb.jpg --> uts.cc.utexas.edu /export/httpd/vhosts/texasbeyondhistory/data/tejas/images fundathumb.jpg
2003.08.06 09:19 B K:\TBH Website Temp\tejas\images\house-compound.gif --> uts.cc.utexas.edu /export/httpd/vhosts/texasbeyondhistory/data/tejas/images house-compound.gif
2003.08.06 09:19 B K:\TBH Website Temp\tejas\images\house-compound.jpg --> uts.cc.utexas.edu /export/httpd/vhosts/texasbeyondhistory/data/tejas/images house-compound.jpg
2003.08.06 09:19 B K:\TBH Website Temp\tejas\images\maincollage.jpg --> uts.cc.utexas.edu /export/httpd/vhosts/texasbeyondhistory/data/tejas/images maincollage.jpg
2003.08.06 09:19 B K:\TBH Website Temp\tejas\images\maincollage2.jpg --> uts.cc.utexas.edu /export/httpd/vhosts/texasbeyondhistory/data/tejas/images maincollage2.jpg
2003.08.06 09:19 B K:\TBH Website Temp\tejas\images\mapthumb.jpg --> uts.cc.utexas.edu /export/httpd/vhosts/texasbeyondhistory/data/tejas/images mapthumb.jpg
2003.08.06 09:19 B K:\TBH Website Temp\tejas\images\profile.jpg --> uts.cc.utexas.edu /export/httpd/vhosts/texasbeyondhistory/data/tejas/images profile.jpg
2003.08.06 09:19 B K:\TBH Website Temp\tejas\images\teachthumb.jpg --> uts.cc.utexas.edu /export/httpd/vhosts/texasbeyondhistory/data/tejas/images teachthumb.jpg
2003.08.06 09:19 B K:\TBH Website Temp\tejas\images\voicesthumb.jpg --> uts.cc.utexas.edu /export/httpd/vhosts/texasbeyondhistory/data/tejas/images voicesthumb.jpg
2003.08.06 09:19 B K:\TBH Website Temp\tejas\images\worldthumb.jpg --> uts.cc.utexas.edu /export/httpd/vhosts/texasbeyondhistory/data/tejas/images worldthumb.jpg
2003.08.14 11:48 B K:\TBH Website Temp\tejas\images\maincollage2.jpg --> uts.cc.utexas.edu /export/httpd/vhosts/texasbeyondhistory/data/tejas/images maincollage2.jpg
