2005.06.18 13:58 B L:\TBH Website Temp\hinds\artifacts.html <-- texasbeyondhistory /export/httpd/vhosts/texasbeyondhistory/data/protect/hinds artifacts.html
2005.06.18 13:58 B L:\TBH Website Temp\hinds\climate.html <-- texasbeyondhistory /export/httpd/vhosts/texasbeyondhistory/data/protect/hinds climate.html
2005.06.18 13:58 B L:\TBH Website Temp\hinds\credits.html <-- texasbeyondhistory /export/httpd/vhosts/texasbeyondhistory/data/protect/hinds credits.html
2005.06.18 13:58 B L:\TBH Website Temp\hinds\explore.html <-- texasbeyondhistory /export/httpd/vhosts/texasbeyondhistory/data/protect/hinds explore.html
2005.06.18 13:58 B L:\TBH Website Temp\hinds\index.html <-- texasbeyondhistory /export/httpd/vhosts/texasbeyondhistory/data/protect/hinds index.html
2005.06.18 13:58 B L:\TBH Website Temp\hinds\kids.html <-- texasbeyondhistory /export/httpd/vhosts/texasbeyondhistory/data/protect/hinds kids.html
2005.06.18 13:58 B L:\TBH Website Temp\hinds\life.html <-- texasbeyondhistory /export/httpd/vhosts/texasbeyondhistory/data/protect/hinds life.html
2005.06.18 13:58 B L:\TBH Website Temp\hinds\natural.html <-- texasbeyondhistory /export/httpd/vhosts/texasbeyondhistory/data/protect/hinds natural.html
2005.06.18 13:58 B L:\TBH Website Temp\hinds\teach.html <-- texasbeyondhistory /export/httpd/vhosts/texasbeyondhistory/data/protect/hinds teach.html
2005.06.19 17:10 B L:\TBH Website Temp\hinds\climate.html --> uts.cc.utexas.edu /export/httpd/vhosts/texasbeyondhistory/data/protect/hinds climate.html
2005.06.19 17:10 B L:\TBH Website Temp\hinds\artifacts.html --> uts.cc.utexas.edu /export/httpd/vhosts/texasbeyondhistory/data/protect/hinds artifacts.html
2005.06.19 17:10 B L:\TBH Website Temp\hinds\natural.html --> uts.cc.utexas.edu /export/httpd/vhosts/texasbeyondhistory/data/protect/hinds natural.html
2005.06.19 17:27 B L:\TBH Website Temp\hinds\natural.html --> uts.cc.utexas.edu /export/httpd/vhosts/texasbeyondhistory/data/protect/hinds natural.html
2005.06.25 12:10 B L:\TBH Website Temp\hinds\natural.html --> uts.cc.utexas.edu /export/httpd/vhosts/texasbeyondhistory/data/protect/hinds natural.html
2005.06.25 12:10 B L:\TBH Website Temp\hinds\artifacts.html --> uts.cc.utexas.edu /export/httpd/vhosts/texasbeyondhistory/data/protect/hinds artifacts.html
2005.06.30 15:55 B L:\TBH Website Temp\hinds\life.html --> uts.cc.utexas.edu /export/httpd/vhosts/texasbeyondhistory/data/protect/hinds life.html
2005.07.05 19:01 B L:\TBH Website Temp\hinds\artifacts.html --> uts.cc.utexas.edu /export/httpd/vhosts/texasbeyondhistory/data/protect/hinds artifacts.html
2005.07.07 18:33 B L:\TBH Website Temp\hinds\index.html --> uts.cc.utexas.edu /export/httpd/vhosts/texasbeyondhistory/data/protect/hinds index.html
2005.07.07 18:33 B L:\TBH Website Temp\hinds\artifacts.html --> uts.cc.utexas.edu /export/httpd/vhosts/texasbeyondhistory/data/protect/hinds artifacts.html
2005.07.07 18:33 B L:\TBH Website Temp\hinds\credits.html --> uts.cc.utexas.edu /export/httpd/vhosts/texasbeyondhistory/data/protect/hinds credits.html
2005.07.15 19:28 B L:\TBH Website Temp\hinds\kids.html --> uts.cc.utexas.edu /export/httpd/vhosts/texasbeyondhistory/data/protect/hinds kids.html
2005.07.15 19:28 B L:\TBH Website Temp\hinds\credits.html --> uts.cc.utexas.edu /export/httpd/vhosts/texasbeyondhistory/data/protect/hinds credits.html
2005.07.15 19:28 B L:\TBH Website Temp\hinds\teach.html --> uts.cc.utexas.edu /export/httpd/vhosts/texasbeyondhistory/data/protect/hinds teach.html
2005.07.15 19:28 B L:\TBH Website Temp\hinds\detectives.html --> uts.cc.utexas.edu /export/httpd/vhosts/texasbeyondhistory/data/protect/hinds detectives.html
2005.07.15 19:28 B L:\TBH Website Temp\hinds\climate.html --> uts.cc.utexas.edu /export/httpd/vhosts/texasbeyondhistory/data/protect/hinds climate.html
2005.07.20 18:51 B L:\TBH Website Temp\hinds\life.html --> uts.cc.utexas.edu /export/httpd/vhosts/texasbeyondhistory/data/protect/hinds life.html
2005.07.20 18:51 B L:\TBH Website Temp\hinds\artifacts.html --> uts.cc.utexas.edu /export/httpd/vhosts/texasbeyondhistory/data/protect/hinds artifacts.html
2005.07.20 18:51 B L:\TBH Website Temp\hinds\index.html --> uts.cc.utexas.edu /export/httpd/vhosts/texasbeyondhistory/data/protect/hinds index.html
2005.07.20 18:51 B L:\TBH Website Temp\hinds\scenes.html --> uts.cc.utexas.edu /export/httpd/vhosts/texasbeyondhistory/data/protect/hinds scenes.html
2005.07.20 18:51 B L:\TBH Website Temp\hinds\kids.html --> uts.cc.utexas.edu /export/httpd/vhosts/texasbeyondhistory/data/protect/hinds kids.html
2005.07.20 18:51 B L:\TBH Website Temp\hinds\climate.html --> uts.cc.utexas.edu /export/httpd/vhosts/texasbeyondhistory/data/protect/hinds climate.html
2005.07.20 18:51 B L:\TBH Website Temp\hinds\natural.html --> uts.cc.utexas.edu /export/httpd/vhosts/texasbeyondhistory/data/protect/hinds natural.html
2005.07.21 10:22 B L:\TBH Website Temp\hinds\natural.html --> uts.cc.utexas.edu /export/httpd/vhosts/texasbeyondhistory/data/protect/hinds natural.html
2005.07.21 18:32 B L:\TBH Website Temp\hinds\life.html --> uts.cc.utexas.edu /export/httpd/vhosts/texasbeyondhistory/data/protect/hinds life.html
2005.07.21 18:32 B L:\TBH Website Temp\hinds\credits.html --> uts.cc.utexas.edu /export/httpd/vhosts/texasbeyondhistory/data/protect/hinds credits.html
2005.07.21 18:32 B L:\TBH Website Temp\hinds\artifacts.html --> uts.cc.utexas.edu /export/httpd/vhosts/texasbeyondhistory/data/protect/hinds artifacts.html
2005.07.24 18:41 B L:\TBH Website Temp\hinds\life.html --> uts.cc.utexas.edu /export/httpd/vhosts/texasbeyondhistory/data/protect/hinds life.html
2005.07.24 18:41 B L:\TBH Website Temp\hinds\artifacts.html --> uts.cc.utexas.edu /export/httpd/vhosts/texasbeyondhistory/data/protect/hinds artifacts.html
2005.07.24 18:41 B L:\TBH Website Temp\hinds\climate.html --> uts.cc.utexas.edu /export/httpd/vhosts/texasbeyondhistory/data/protect/hinds climate.html
2005.07.24 18:41 B L:\TBH Website Temp\hinds\natural.html --> uts.cc.utexas.edu /export/httpd/vhosts/texasbeyondhistory/data/protect/hinds natural.html
2005.07.24 18:41 B L:\TBH Website Temp\hinds\index.html --> uts.cc.utexas.edu /export/httpd/vhosts/texasbeyondhistory/data/protect/hinds index.html
2005.07.24 18:41 B L:\TBH Website Temp\hinds\credits.html --> uts.cc.utexas.edu /export/httpd/vhosts/texasbeyondhistory/data/protect/hinds credits.html
2005.07.27 15:32 B L:\TBH Website Temp\hinds\life.html --> uts.cc.utexas.edu /export/httpd/vhosts/texasbeyondhistory/data/protect/hinds life.html
2005.07.27 18:16 B L:\TBH Website Temp\hinds\life.html --> uts.cc.utexas.edu /export/httpd/vhosts/texasbeyondhistory/data/protect/hinds life.html
2005.07.27 18:16 B L:\TBH Website Temp\hinds\credits.html --> uts.cc.utexas.edu /export/httpd/vhosts/texasbeyondhistory/data/protect/hinds credits.html
2005.07.30 17:34 B L:\TBH Website Temp\hinds\artifacts.html --> uts.cc.utexas.edu /export/httpd/vhosts/texasbeyondhistory/data/hinds artifacts.html
2005.07.30 17:34 B L:\TBH Website Temp\hinds\climate.html --> uts.cc.utexas.edu /export/httpd/vhosts/texasbeyondhistory/data/hinds climate.html
2005.07.30 17:34 B L:\TBH Website Temp\hinds\credits.html --> uts.cc.utexas.edu /export/httpd/vhosts/texasbeyondhistory/data/hinds credits.html
2005.07.30 17:34 B L:\TBH Website Temp\hinds\detectives.html --> uts.cc.utexas.edu /export/httpd/vhosts/texasbeyondhistory/data/hinds detectives.html
2005.07.30 17:34 B L:\TBH Website Temp\hinds\explore.html --> uts.cc.utexas.edu /export/httpd/vhosts/texasbeyondhistory/data/hinds explore.html
2005.07.30 17:34 B L:\TBH Website Temp\hinds\index.html --> uts.cc.utexas.edu /export/httpd/vhosts/texasbeyondhistory/data/hinds index.html
2005.07.30 17:34 B L:\TBH Website Temp\hinds\kids.html --> uts.cc.utexas.edu /export/httpd/vhosts/texasbeyondhistory/data/hinds kids.html
2005.07.30 17:34 B L:\TBH Website Temp\hinds\life.html --> uts.cc.utexas.edu /export/httpd/vhosts/texasbeyondhistory/data/hinds life.html
2005.07.30 17:34 B L:\TBH Website Temp\hinds\natural.html --> uts.cc.utexas.edu /export/httpd/vhosts/texasbeyondhistory/data/hinds natural.html
2005.07.30 17:34 B L:\TBH Website Temp\hinds\scenes.html --> uts.cc.utexas.edu /export/httpd/vhosts/texasbeyondhistory/data/hinds scenes.html
2005.07.30 17:34 B L:\TBH Website Temp\hinds\teach.html --> uts.cc.utexas.edu /export/httpd/vhosts/texasbeyondhistory/data/hinds teach.html
2005.07.30 17:34 B L:\TBH Website Temp\hinds\WS_FTP.LOG --> uts.cc.utexas.edu /export/httpd/vhosts/texasbeyondhistory/data/hinds WS_FTP.LOG
2005.07.31 13:49 B L:\TBH Website Temp\hinds\credits.html --> uts.cc.utexas.edu /export/httpd/vhosts/texasbeyondhistory/data/hinds credits.html
2005.07.31 16:05 B L:\TBH Website Temp\hinds\index.html --> uts.cc.utexas.edu /export/httpd/vhosts/texasbeyondhistory/data/hinds index.html
2005.08.01 11:54 B L:\TBH Website Temp\hinds\natural.html --> uts.cc.utexas.edu /export/httpd/vhosts/texasbeyondhistory/data/hinds natural.html
2005.08.01 12:24 B L:\TBH Website Temp\hinds\climate.html --> uts.cc.utexas.edu /export/httpd/vhosts/texasbeyondhistory/data/hinds climate.html
2005.08.01 12:24 B L:\TBH Website Temp\hinds\life.html --> uts.cc.utexas.edu /export/httpd/vhosts/texasbeyondhistory/data/hinds life.html
2005.08.01 16:21 B L:\TBH Website Temp\hinds\climate.html --> uts.cc.utexas.edu /export/httpd/vhosts/texasbeyondhistory/data/hinds climate.html
2005.08.01 19:16 B L:\TBH Website Temp\hinds\life.html --> uts.cc.utexas.edu /export/httpd/vhosts/texasbeyondhistory/data/hinds life.html
2005.08.01 19:16 B L:\TBH Website Temp\hinds\credits.html --> uts.cc.utexas.edu /export/httpd/vhosts/texasbeyondhistory/data/hinds credits.html
2005.08.01 19:16 B L:\TBH Website Temp\hinds\index.html --> uts.cc.utexas.edu /export/httpd/vhosts/texasbeyondhistory/data/hinds index.html
2005.08.02 11:28 B G:\TBH Website Temp\hinds\scenes.html --> uts.cc.utexas.edu /export/httpd/vhosts/texasbeyondhistory/data/hinds scenes.html
2005.08.02 12:07 B L:\TBH Website Temp\hinds\natural.html --> uts.cc.utexas.edu /export/httpd/vhosts/texasbeyondhistory/data/hinds natural.html
2005.08.02 12:07 B L:\TBH Website Temp\hinds\climate.html --> uts.cc.utexas.edu /export/httpd/vhosts/texasbeyondhistory/data/hinds climate.html
2005.08.02 12:07 B L:\TBH Website Temp\hinds\artifacts.html --> uts.cc.utexas.edu /export/httpd/vhosts/texasbeyondhistory/data/hinds artifacts.html
2005.08.03 14:12 B L:\TBH Website Temp\hinds\index.html --> uts.cc.utexas.edu /export/httpd/vhosts/texasbeyondhistory/data/hinds index.html
2005.08.08 09:44 B L:\TBH Website Temp\hinds\credits.html --> uts.cc.utexas.edu /export/httpd/vhosts/texasbeyondhistory/data/hinds credits.html
2005.08.09 16:29 B L:\TBH Website Temp\hinds\life.html --> uts.cc.utexas.edu /export/httpd/vhosts/texasbeyondhistory/data/hinds life.html
2005.08.09 16:29 B L:\TBH Website Temp\hinds\artifacts.html --> uts.cc.utexas.edu /export/httpd/vhosts/texasbeyondhistory/data/hinds artifacts.html
2005.08.09 16:29 B L:\TBH Website Temp\hinds\climate.html --> uts.cc.utexas.edu /export/httpd/vhosts/texasbeyondhistory/data/hinds climate.html
2005.08.09 16:29 B L:\TBH Website Temp\hinds\natural.html --> uts.cc.utexas.edu /export/httpd/vhosts/texasbeyondhistory/data/hinds natural.html
2005.08.16 17:14 B L:\TBH Website Temp\hinds\detectives.html --> uts.cc.utexas.edu /export/httpd/vhosts/texasbeyondhistory/data/hinds detectives.html
2005.09.08 16:11 B L:\TBH Website Temp\hinds\credits.html --> uts.cc.utexas.edu /export/httpd/vhosts/texasbeyondhistory/data/hinds credits.html
2005.09.12 15:58 B L:\TBH Website Temp\hinds\credits.html --> uts.cc.utexas.edu /export/httpd/vhosts/texasbeyondhistory/data/hinds credits.html
2005.10.24 16:54 B L:\TBH Website Temp\hinds\detectives.html <-- texasbeyondhistory /export/httpd/vhosts/texasbeyondhistory/data/hinds detectives.html
2005.11.23 13:10 B P:\hinds\detectives.html --> uts.cc.utexas.edu /export/httpd/vhosts/texasbeyondhistory/data/hinds detectives.html
2005.11.23 13:11 B P:\hinds\exploremain.swf --> uts.cc.utexas.edu /export/httpd/vhosts/texasbeyondhistory/data/hinds exploremain.swf
2005.11.23 13:15 B P:\hinds\explore.html <-- TBH /export/httpd/vhosts/texasbeyondhistory/data/hinds explore.html
2006.01.02 17:45 B P:\hinds\index.html --> uts.cc.utexas.edu /export/httpd/vhosts/texasbeyondhistory/data/hinds index.html
2006.09.29 17:21 B L:\TBH Website Temp\hinds\index.html --> uts.cc.utexas.edu /export/httpd/vhosts/texasbeyondhistory/data/hinds index.html
2006.09.29 17:21 B L:\TBH Website Temp\hinds\explore.html --> uts.cc.utexas.edu /export/httpd/vhosts/texasbeyondhistory/data/hinds explore.html
2006.09.29 17:21 B L:\TBH Website Temp\hinds\credits.html --> uts.cc.utexas.edu /export/httpd/vhosts/texasbeyondhistory/data/hinds credits.html
2006.09.29 17:21 B L:\TBH Website Temp\hinds\climate.html --> uts.cc.utexas.edu /export/httpd/vhosts/texasbeyondhistory/data/hinds climate.html
2006.09.29 17:21 B L:\TBH Website Temp\hinds\artifacts.html --> uts.cc.utexas.edu /export/httpd/vhosts/texasbeyondhistory/data/hinds artifacts.html
2006.09.29 17:21 B L:\TBH Website Temp\hinds\teach.html --> uts.cc.utexas.edu /export/httpd/vhosts/texasbeyondhistory/data/hinds teach.html
2006.09.29 17:21 B L:\TBH Website Temp\hinds\natural.html --> uts.cc.utexas.edu /export/httpd/vhosts/texasbeyondhistory/data/hinds natural.html
2006.09.29 17:21 B L:\TBH Website Temp\hinds\life.html --> uts.cc.utexas.edu /export/httpd/vhosts/texasbeyondhistory/data/hinds life.html
2006.09.29 17:21 B L:\TBH Website Temp\hinds\kids.html --> uts.cc.utexas.edu /export/httpd/vhosts/texasbeyondhistory/data/hinds kids.html
2006.10.04 18:29 B L:\TBH Website Temp\hinds\index.html --> uts.cc.utexas.edu /export/httpd/vhosts/texasbeyondhistory/data/hinds index.html
2006.10.04 18:29 B L:\TBH Website Temp\hinds\teach.html --> uts.cc.utexas.edu /export/httpd/vhosts/texasbeyondhistory/data/hinds teach.html
2006.10.04 18:29 B L:\TBH Website Temp\hinds\natural.html --> uts.cc.utexas.edu /export/httpd/vhosts/texasbeyondhistory/data/hinds natural.html
2006.10.04 18:29 B L:\TBH Website Temp\hinds\life.html --> uts.cc.utexas.edu /export/httpd/vhosts/texasbeyondhistory/data/hinds life.html
2006.10.04 18:29 B L:\TBH Website Temp\hinds\kids.html --> uts.cc.utexas.edu /export/httpd/vhosts/texasbeyondhistory/data/hinds kids.html
2006.10.04 18:29 B L:\TBH Website Temp\hinds\explore.html --> uts.cc.utexas.edu /export/httpd/vhosts/texasbeyondhistory/data/hinds explore.html
2006.10.04 18:29 B L:\TBH Website Temp\hinds\credits.html --> uts.cc.utexas.edu /export/httpd/vhosts/texasbeyondhistory/data/hinds credits.html
2006.10.04 18:29 B L:\TBH Website Temp\hinds\climate.html --> uts.cc.utexas.edu /export/httpd/vhosts/texasbeyondhistory/data/hinds climate.html
2006.10.04 18:29 B L:\TBH Website Temp\hinds\artifacts.html --> uts.cc.utexas.edu /export/httpd/vhosts/texasbeyondhistory/data/hinds artifacts.html
2006.10.16 12:41 B L:\TBH Website Temp\hinds\kids.html --> uts.cc.utexas.edu /export/httpd/vhosts/texasbeyondhistory/data/hinds kids.html
2006.10.16 12:41 B L:\TBH Website Temp\hinds\teach.html --> uts.cc.utexas.edu /export/httpd/vhosts/texasbeyondhistory/data/hinds teach.html
2006.10.16 12:41 B L:\TBH Website Temp\hinds\life.html --> uts.cc.utexas.edu /export/httpd/vhosts/texasbeyondhistory/data/hinds life.html
2006.10.16 12:41 B L:\TBH Website Temp\hinds\explore.html --> uts.cc.utexas.edu /export/httpd/vhosts/texasbeyondhistory/data/hinds explore.html
2006.10.16 12:41 B L:\TBH Website Temp\hinds\credits.html --> uts.cc.utexas.edu /export/httpd/vhosts/texasbeyondhistory/data/hinds credits.html
2006.10.16 12:41 B L:\TBH Website Temp\hinds\climate.html --> uts.cc.utexas.edu /export/httpd/vhosts/texasbeyondhistory/data/hinds climate.html
2006.10.16 12:41 B L:\TBH Website Temp\hinds\artifacts.html --> uts.cc.utexas.edu /export/httpd/vhosts/texasbeyondhistory/data/hinds artifacts.html
2006.10.16 12:41 B L:\TBH Website Temp\hinds\natural.html --> uts.cc.utexas.edu /export/httpd/vhosts/texasbeyondhistory/data/hinds natural.html
2006.10.16 12:41 B L:\TBH Website Temp\hinds\index.html --> uts.cc.utexas.edu /export/httpd/vhosts/texasbeyondhistory/data/hinds index.html
2006.11.02 10:21 B L:\TBH Website Temp\hinds\teach.html --> uts.cc.utexas.edu /export/httpd/vhosts/texasbeyondhistory/data/hinds teach.html
2006.11.02 10:21 B L:\TBH Website Temp\hinds\natural.html --> uts.cc.utexas.edu /export/httpd/vhosts/texasbeyondhistory/data/hinds natural.html
2006.11.02 10:21 B L:\TBH Website Temp\hinds\life.html --> uts.cc.utexas.edu /export/httpd/vhosts/texasbeyondhistory/data/hinds life.html
2006.11.02 10:21 B L:\TBH Website Temp\hinds\kids.html --> uts.cc.utexas.edu /export/httpd/vhosts/texasbeyondhistory/data/hinds kids.html
2006.11.02 10:21 B L:\TBH Website Temp\hinds\index.html --> uts.cc.utexas.edu /export/httpd/vhosts/texasbeyondhistory/data/hinds index.html
2006.11.02 10:21 B L:\TBH Website Temp\hinds\explore.html --> uts.cc.utexas.edu /export/httpd/vhosts/texasbeyondhistory/data/hinds explore.html
2006.11.02 10:21 B L:\TBH Website Temp\hinds\credits.html --> uts.cc.utexas.edu /export/httpd/vhosts/texasbeyondhistory/data/hinds credits.html
2006.11.02 10:21 B L:\TBH Website Temp\hinds\climate.html --> uts.cc.utexas.edu /export/httpd/vhosts/texasbeyondhistory/data/hinds climate.html
2006.11.02 10:21 B L:\TBH Website Temp\hinds\artifacts.html --> uts.cc.utexas.edu /export/httpd/vhosts/texasbeyondhistory/data/hinds artifacts.html
