2006.09.01 11:38 B L:\TBH Website Temp\beene\applewhite.html --> uts.cc.utexas.edu /export/httpd/vhosts/texasbeyondhistory/data/protect/rb-review/beene applewhite.html
2006.09.01 11:38 B L:\TBH Website Temp\beene\credits.html --> uts.cc.utexas.edu /export/httpd/vhosts/texasbeyondhistory/data/protect/rb-review/beene credits.html
2006.09.01 11:38 B L:\TBH Website Temp\beene\index-old.htm --> uts.cc.utexas.edu /export/httpd/vhosts/texasbeyondhistory/data/protect/rb-review/beene index-old.htm
2006.09.01 11:38 B L:\TBH Website Temp\beene\index.html --> uts.cc.utexas.edu /export/httpd/vhosts/texasbeyondhistory/data/protect/rb-review/beene index.html
2006.09.01 11:38 B L:\TBH Website Temp\beene\investigations.html --> uts.cc.utexas.edu /export/httpd/vhosts/texasbeyondhistory/data/protect/rb-review/beene investigations.html
2006.09.01 11:38 B L:\TBH Website Temp\beene\kids.html --> uts.cc.utexas.edu /export/httpd/vhosts/texasbeyondhistory/data/protect/rb-review/beene kids.html
2006.09.01 11:38 B L:\TBH Website Temp\beene\life.html --> uts.cc.utexas.edu /export/httpd/vhosts/texasbeyondhistory/data/protect/rb-review/beene life.html
2006.09.01 11:38 B L:\TBH Website Temp\beene\natural.html --> uts.cc.utexas.edu /export/httpd/vhosts/texasbeyondhistory/data/protect/rb-review/beene natural.html
2006.09.01 11:38 B L:\TBH Website Temp\beene\teaching.html --> uts.cc.utexas.edu /export/httpd/vhosts/texasbeyondhistory/data/protect/rb-review/beene teaching.html
2006.09.08 11:59 B L:\TBH Website Temp\beene\applewhite.html --> uts.cc.utexas.edu /export/httpd/vhosts/texasbeyondhistory/data/protect/beene applewhite.html
2006.09.08 11:59 B L:\TBH Website Temp\beene\credits.html --> uts.cc.utexas.edu /export/httpd/vhosts/texasbeyondhistory/data/protect/beene credits.html
2006.09.08 11:59 B L:\TBH Website Temp\beene\index.html --> uts.cc.utexas.edu /export/httpd/vhosts/texasbeyondhistory/data/protect/beene index.html
2006.09.08 11:59 B L:\TBH Website Temp\beene\investigations.html --> uts.cc.utexas.edu /export/httpd/vhosts/texasbeyondhistory/data/protect/beene investigations.html
2006.09.08 11:59 B L:\TBH Website Temp\beene\kids.html --> uts.cc.utexas.edu /export/httpd/vhosts/texasbeyondhistory/data/protect/beene kids.html
2006.09.08 11:59 B L:\TBH Website Temp\beene\life.html --> uts.cc.utexas.edu /export/httpd/vhosts/texasbeyondhistory/data/protect/beene life.html
2006.09.08 11:59 B L:\TBH Website Temp\beene\natural.html --> uts.cc.utexas.edu /export/httpd/vhosts/texasbeyondhistory/data/protect/beene natural.html
2006.09.08 11:59 B L:\TBH Website Temp\beene\teaching.html --> uts.cc.utexas.edu /export/httpd/vhosts/texasbeyondhistory/data/protect/beene teaching.html
2006.09.08 11:59 B L:\TBH Website Temp\beene\WS_FTP.LOG --> uts.cc.utexas.edu /export/httpd/vhosts/texasbeyondhistory/data/protect/beene WS_FTP.LOG
2006.09.09 15:45 B L:\TBH Website Temp\beene\applewhite.html --> uts.cc.utexas.edu /export/httpd/vhosts/texasbeyondhistory/data/protect/beene applewhite.html
2006.09.09 15:45 B L:\TBH Website Temp\beene\credits.html --> uts.cc.utexas.edu /export/httpd/vhosts/texasbeyondhistory/data/protect/beene credits.html
2006.09.09 15:45 B L:\TBH Website Temp\beene\index.html --> uts.cc.utexas.edu /export/httpd/vhosts/texasbeyondhistory/data/protect/beene index.html
2006.09.09 15:45 B L:\TBH Website Temp\beene\investigations.html --> uts.cc.utexas.edu /export/httpd/vhosts/texasbeyondhistory/data/protect/beene investigations.html
2006.09.09 15:45 B L:\TBH Website Temp\beene\life.html --> uts.cc.utexas.edu /export/httpd/vhosts/texasbeyondhistory/data/protect/beene life.html
2006.09.09 15:45 B L:\TBH Website Temp\beene\natural.html --> uts.cc.utexas.edu /export/httpd/vhosts/texasbeyondhistory/data/protect/beene natural.html
2006.09.09 16:04 B L:\TBH Website Temp\beene\life.html --> uts.cc.utexas.edu /export/httpd/vhosts/texasbeyondhistory/data/protect/beene life.html
2006.09.09 16:18 B L:\TBH Website Temp\beene\index.html --> uts.cc.utexas.edu /export/httpd/vhosts/texasbeyondhistory/data/protect/beene index.html
2006.09.12 19:51 B L:\TBH Website Temp\beene\credits.html --> uts.cc.utexas.edu /export/httpd/vhosts/texasbeyondhistory/data/protect/beene credits.html
2006.09.12 19:51 B L:\TBH Website Temp\beene\applewhite.html --> uts.cc.utexas.edu /export/httpd/vhosts/texasbeyondhistory/data/protect/beene applewhite.html
2006.09.12 19:51 B L:\TBH Website Temp\beene\investigations.html --> uts.cc.utexas.edu /export/httpd/vhosts/texasbeyondhistory/data/protect/beene investigations.html
2006.09.12 19:51 B L:\TBH Website Temp\beene\life.html --> uts.cc.utexas.edu /export/httpd/vhosts/texasbeyondhistory/data/protect/beene life.html
2006.09.12 19:51 B L:\TBH Website Temp\beene\natural.html --> uts.cc.utexas.edu /export/httpd/vhosts/texasbeyondhistory/data/protect/beene natural.html
2006.09.12 19:51 B L:\TBH Website Temp\beene\index.html --> uts.cc.utexas.edu /export/httpd/vhosts/texasbeyondhistory/data/protect/beene index.html
2006.09.18 14:29 B L:\TBH Website Temp\beene\applewhite.html --> uts.cc.utexas.edu /export/httpd/vhosts/texasbeyondhistory/data/beene applewhite.html
2006.09.18 14:29 B L:\TBH Website Temp\beene\credits.html --> uts.cc.utexas.edu /export/httpd/vhosts/texasbeyondhistory/data/beene credits.html
2006.09.18 14:29 B L:\TBH Website Temp\beene\index.html --> uts.cc.utexas.edu /export/httpd/vhosts/texasbeyondhistory/data/beene index.html
2006.09.18 14:29 B L:\TBH Website Temp\beene\investigations.html --> uts.cc.utexas.edu /export/httpd/vhosts/texasbeyondhistory/data/beene investigations.html
2006.09.18 14:29 B L:\TBH Website Temp\beene\kids.html --> uts.cc.utexas.edu /export/httpd/vhosts/texasbeyondhistory/data/beene kids.html
2006.09.18 14:29 B L:\TBH Website Temp\beene\life.html --> uts.cc.utexas.edu /export/httpd/vhosts/texasbeyondhistory/data/beene life.html
2006.09.18 14:29 B L:\TBH Website Temp\beene\natural.html --> uts.cc.utexas.edu /export/httpd/vhosts/texasbeyondhistory/data/beene natural.html
2006.09.18 14:29 B L:\TBH Website Temp\beene\teaching.html --> uts.cc.utexas.edu /export/httpd/vhosts/texasbeyondhistory/data/beene teaching.html
2006.09.18 14:29 B L:\TBH Website Temp\beene\WS_FTP.LOG --> uts.cc.utexas.edu /export/httpd/vhosts/texasbeyondhistory/data/beene WS_FTP.LOG
2006.09.18 15:21 B L:\TBH Website Temp\beene\teaching.html --> uts.cc.utexas.edu /export/httpd/vhosts/texasbeyondhistory/data/beene teaching.html
2006.09.18 15:21 B L:\TBH Website Temp\beene\natural.html --> uts.cc.utexas.edu /export/httpd/vhosts/texasbeyondhistory/data/beene natural.html
2006.09.18 15:21 B L:\TBH Website Temp\beene\life.html --> uts.cc.utexas.edu /export/httpd/vhosts/texasbeyondhistory/data/beene life.html
2006.09.18 15:21 B L:\TBH Website Temp\beene\kids.html --> uts.cc.utexas.edu /export/httpd/vhosts/texasbeyondhistory/data/beene kids.html
2006.09.18 15:21 B L:\TBH Website Temp\beene\investigations.html --> uts.cc.utexas.edu /export/httpd/vhosts/texasbeyondhistory/data/beene investigations.html
2006.09.18 15:22 B L:\TBH Website Temp\beene\index.html --> uts.cc.utexas.edu /export/httpd/vhosts/texasbeyondhistory/data/beene index.html
2006.09.18 15:22 B L:\TBH Website Temp\beene\credits.html --> uts.cc.utexas.edu /export/httpd/vhosts/texasbeyondhistory/data/beene credits.html
2006.09.18 15:22 B L:\TBH Website Temp\beene\applewhite.html --> uts.cc.utexas.edu /export/httpd/vhosts/texasbeyondhistory/data/beene applewhite.html
2006.09.18 16:49 B L:\TBH Website Temp\beene\index.html --> uts.cc.utexas.edu /export/httpd/vhosts/texasbeyondhistory/data/beene index.html
2006.09.18 16:49 B L:\TBH Website Temp\beene\credits.html --> uts.cc.utexas.edu /export/httpd/vhosts/texasbeyondhistory/data/beene credits.html
2006.09.18 16:49 B L:\TBH Website Temp\beene\applewhite.html --> uts.cc.utexas.edu /export/httpd/vhosts/texasbeyondhistory/data/beene applewhite.html
2006.09.18 16:49 B L:\TBH Website Temp\beene\natural.html --> uts.cc.utexas.edu /export/httpd/vhosts/texasbeyondhistory/data/beene natural.html
2006.09.18 16:49 B L:\TBH Website Temp\beene\life.html --> uts.cc.utexas.edu /export/httpd/vhosts/texasbeyondhistory/data/beene life.html
2006.09.18 16:49 B L:\TBH Website Temp\beene\kids.html --> uts.cc.utexas.edu /export/httpd/vhosts/texasbeyondhistory/data/beene kids.html
2006.09.18 16:49 B L:\TBH Website Temp\beene\investigations.html --> uts.cc.utexas.edu /export/httpd/vhosts/texasbeyondhistory/data/beene investigations.html
2006.09.18 16:49 B L:\TBH Website Temp\beene\teaching.html --> uts.cc.utexas.edu /export/httpd/vhosts/texasbeyondhistory/data/beene teaching.html
2006.09.19 21:01 B L:\TBH Website Temp\beene\credits.html --> uts.cc.utexas.edu /export/httpd/vhosts/texasbeyondhistory/data/beene credits.html
2006.09.19 21:01 B L:\TBH Website Temp\beene\applewhite.html --> uts.cc.utexas.edu /export/httpd/vhosts/texasbeyondhistory/data/beene applewhite.html
2006.09.19 21:01 B L:\TBH Website Temp\beene\investigations.html --> uts.cc.utexas.edu /export/httpd/vhosts/texasbeyondhistory/data/beene investigations.html
2006.09.19 21:01 B L:\TBH Website Temp\beene\natural.html --> uts.cc.utexas.edu /export/httpd/vhosts/texasbeyondhistory/data/beene natural.html
2006.09.19 21:01 B L:\TBH Website Temp\beene\index.html --> uts.cc.utexas.edu /export/httpd/vhosts/texasbeyondhistory/data/beene index.html
2006.09.19 21:01 B L:\TBH Website Temp\beene\life.html --> uts.cc.utexas.edu /export/httpd/vhosts/texasbeyondhistory/data/beene life.html
2006.09.19 21:01 B L:\TBH Website Temp\beene\WS_FTP.LOG --> uts.cc.utexas.edu /export/httpd/vhosts/texasbeyondhistory/data/beene WS_FTP.LOG
2006.09.22 17:24 B V:\TBH Website Temp\beene\applewhite.html --> uts.cc.utexas.edu /export/httpd/vhosts/texasbeyondhistory/data/beene applewhite.html
2006.09.22 17:24 B V:\TBH Website Temp\beene\credits.html --> uts.cc.utexas.edu /export/httpd/vhosts/texasbeyondhistory/data/beene credits.html
2006.09.22 17:24 B V:\TBH Website Temp\beene\index.html --> uts.cc.utexas.edu /export/httpd/vhosts/texasbeyondhistory/data/beene index.html
2006.09.22 17:24 B V:\TBH Website Temp\beene\investigations.html --> uts.cc.utexas.edu /export/httpd/vhosts/texasbeyondhistory/data/beene investigations.html
2006.09.22 17:24 B V:\TBH Website Temp\beene\kids.html --> uts.cc.utexas.edu /export/httpd/vhosts/texasbeyondhistory/data/beene kids.html
2006.09.22 17:24 B V:\TBH Website Temp\beene\life.html --> uts.cc.utexas.edu /export/httpd/vhosts/texasbeyondhistory/data/beene life.html
2006.09.22 17:24 B V:\TBH Website Temp\beene\natural.html --> uts.cc.utexas.edu /export/httpd/vhosts/texasbeyondhistory/data/beene natural.html
2006.09.22 17:24 B V:\TBH Website Temp\beene\teaching.html --> uts.cc.utexas.edu /export/httpd/vhosts/texasbeyondhistory/data/beene teaching.html
2006.09.25 17:55 B L:\TBH Website Temp\beene\applewhite.html --> uts.cc.utexas.edu /export/httpd/vhosts/texasbeyondhistory/data/beene applewhite.html
2006.09.25 17:55 B L:\TBH Website Temp\beene\index.html --> uts.cc.utexas.edu /export/httpd/vhosts/texasbeyondhistory/data/beene index.html
2006.09.25 17:55 B L:\TBH Website Temp\beene\investigations.html --> uts.cc.utexas.edu /export/httpd/vhosts/texasbeyondhistory/data/beene investigations.html
2006.09.25 17:55 B L:\TBH Website Temp\beene\life.html --> uts.cc.utexas.edu /export/httpd/vhosts/texasbeyondhistory/data/beene life.html
2006.09.25 17:55 B L:\TBH Website Temp\beene\natural.html --> uts.cc.utexas.edu /export/httpd/vhosts/texasbeyondhistory/data/beene natural.html
