2007.11.08 09:24 B L:\TBH Website Temp\trans-p\prehistory\images\AG-Nelson-Firecracker-corn.html --> uts.cc.utexas.edu /export/httpd/vhosts/texasbeyondhistory/data/protect/trans-p/prehistory/images AG-Nelson-Firecracker-corn.html
2007.11.08 09:24 B L:\TBH Website Temp\trans-p\prehistory\images\agriculture.html --> uts.cc.utexas.edu /export/httpd/vhosts/texasbeyondhistory/data/protect/trans-p/prehistory/images agriculture.html
2007.11.08 09:24 B L:\TBH Website Temp\trans-p\prehistory\images\AG-Crops-of-America.html --> uts.cc.utexas.edu /export/httpd/vhosts/texasbeyondhistory/data/protect/trans-p/prehistory/images AG-Crops-of-America.html
2007.11.08 09:24 B L:\TBH Website Temp\trans-p\prehistory\images\foraging.html --> uts.cc.utexas.edu /export/httpd/vhosts/texasbeyondhistory/data/protect/trans-p/prehistory/images foraging.html
2007.11.08 09:24 B L:\TBH Website Temp\trans-p\prehistory\images\earliest.html --> uts.cc.utexas.edu /export/httpd/vhosts/texasbeyondhistory/data/protect/trans-p/prehistory/images earliest.html
2007.11.08 09:24 B L:\TBH Website Temp\trans-p\prehistory\images\earlyarchaic.html --> uts.cc.utexas.edu /export/httpd/vhosts/texasbeyondhistory/data/protect/trans-p/prehistory/images earlyarchaic.html
2007.11.08 09:24 B L:\TBH Website Temp\trans-p\prehistory\images\middle.html --> uts.cc.utexas.edu /export/httpd/vhosts/texasbeyondhistory/data/protect/trans-p/prehistory/images middle.html
2007.11.08 09:24 B L:\TBH Website Temp\trans-p\prehistory\images\EA-huecotanks.html --> uts.cc.utexas.edu /export/httpd/vhosts/texasbeyondhistory/data/protect/trans-p/prehistory/images EA-huecotanks.html
2007.11.08 09:24 B L:\TBH Website Temp\trans-p\prehistory\images\EA-Miller-Kenmotsu-fig12.html --> uts.cc.utexas.edu /export/httpd/vhosts/texasbeyondhistory/data/protect/trans-p/prehistory/images EA-Miller-Kenmotsu-fig12.html
2007.11.08 09:24 B L:\TBH Website Temp\trans-p\prehistory\images\EA-eastern-CBBS.html --> uts.cc.utexas.edu /export/httpd/vhosts/texasbeyondhistory/data/protect/trans-p/prehistory/images EA-eastern-CBBS.html
2007.11.08 09:24 B L:\TBH Website Temp\trans-p\prehistory\images\EA-Miller-Kenmotsu-fig12-sm.jpg --> uts.cc.utexas.edu /export/httpd/vhosts/texasbeyondhistory/data/protect/trans-p/prehistory/images EA-Miller-Kenmotsu-fig12-sm.jpg
2007.11.08 09:24 B L:\TBH Website Temp\trans-p\prehistory\images\EA-Miller-Kenmotsu-fig12.jpg --> uts.cc.utexas.edu /export/httpd/vhosts/texasbeyondhistory/data/protect/trans-p/prehistory/images EA-Miller-Kenmotsu-fig12.jpg
2007.11.08 09:24 B L:\TBH Website Temp\trans-p\prehistory\images\EA-huecotanks-sm.jpg --> uts.cc.utexas.edu /export/httpd/vhosts/texasbeyondhistory/data/protect/trans-p/prehistory/images EA-huecotanks-sm.jpg
2007.11.08 09:24 B L:\TBH Website Temp\trans-p\prehistory\images\EA-huecotanks.jpg --> uts.cc.utexas.edu /export/httpd/vhosts/texasbeyondhistory/data/protect/trans-p/prehistory/images EA-huecotanks.jpg
2007.11.08 09:24 B L:\TBH Website Temp\trans-p\prehistory\images\EA-eastern-CBBS-sm.jpg --> uts.cc.utexas.edu /export/httpd/vhosts/texasbeyondhistory/data/protect/trans-p/prehistory/images EA-eastern-CBBS-sm.jpg
2007.11.08 09:24 B L:\TBH Website Temp\trans-p\prehistory\images\EA-eastern-CBBS.jpg --> uts.cc.utexas.edu /export/httpd/vhosts/texasbeyondhistory/data/protect/trans-p/prehistory/images EA-eastern-CBBS.jpg
2007.11.08 09:24 B L:\TBH Website Temp\trans-p\prehistory\images\AG-sw-squash.html --> uts.cc.utexas.edu /export/httpd/vhosts/texasbeyondhistory/data/protect/trans-p/prehistory/images AG-sw-squash.html
2007.11.08 09:24 B L:\TBH Website Temp\trans-p\prehistory\images\AG-sw-corn.html --> uts.cc.utexas.edu /export/httpd/vhosts/texasbeyondhistory/data/protect/trans-p/prehistory/images AG-sw-corn.html
2007.11.08 09:24 B L:\TBH Website Temp\trans-p\prehistory\images\AG-Miller-Kenmotsu-2004-fig29.html --> uts.cc.utexas.edu /export/httpd/vhosts/texasbeyondhistory/data/protect/trans-p/prehistory/images AG-Miller-Kenmotsu-2004-fig29.html
2007.11.08 09:24 B L:\TBH Website Temp\trans-p\prehistory\images\AG-Fire-88.html --> uts.cc.utexas.edu /export/httpd/vhosts/texasbeyondhistory/data/protect/trans-p/prehistory/images AG-Fire-88.html
2007.11.08 09:24 B L:\TBH Website Temp\trans-p\prehistory\images\AG-Fire-88-sm.jpg --> uts.cc.utexas.edu /export/httpd/vhosts/texasbeyondhistory/data/protect/trans-p/prehistory/images AG-Fire-88-sm.jpg
2007.11.08 09:24 B L:\TBH Website Temp\trans-p\prehistory\images\AG-Fire-88.jpg --> uts.cc.utexas.edu /export/httpd/vhosts/texasbeyondhistory/data/protect/trans-p/prehistory/images AG-Fire-88.jpg
2007.11.08 09:24 B L:\TBH Website Temp\trans-p\prehistory\images\AG-corn-evol.jpg --> uts.cc.utexas.edu /export/httpd/vhosts/texasbeyondhistory/data/protect/trans-p/prehistory/images AG-corn-evol.jpg
2007.11.08 09:24 B L:\TBH Website Temp\trans-p\prehistory\images\AG-sw-squash.jpg --> uts.cc.utexas.edu /export/httpd/vhosts/texasbeyondhistory/data/protect/trans-p/prehistory/images AG-sw-squash.jpg
2007.11.08 09:24 B L:\TBH Website Temp\trans-p\prehistory\images\AG-sw-corn.jpg --> uts.cc.utexas.edu /export/httpd/vhosts/texasbeyondhistory/data/protect/trans-p/prehistory/images AG-sw-corn.jpg
2007.11.08 09:24 B L:\TBH Website Temp\trans-p\prehistory\images\AG-sw-corn-sm.jpg --> uts.cc.utexas.edu /export/httpd/vhosts/texasbeyondhistory/data/protect/trans-p/prehistory/images AG-sw-corn-sm.jpg
2007.11.08 09:24 B L:\TBH Website Temp\trans-p\prehistory\images\AG-Miller-Kenmotsu-2004-fig29.jpg --> uts.cc.utexas.edu /export/httpd/vhosts/texasbeyondhistory/data/protect/trans-p/prehistory/images AG-Miller-Kenmotsu-2004-fig29.jpg
2007.11.08 09:24 B L:\TBH Website Temp\trans-p\prehistory\images\AG-Miller-Kenmotsu-2004-fig29-sm.jpg --> uts.cc.utexas.edu /export/httpd/vhosts/texasbeyondhistory/data/protect/trans-p/prehistory/images AG-Miller-Kenmotsu-2004-fig29-sm.jpg
2007.11.08 09:24 B L:\TBH Website Temp\trans-p\prehistory\images\AG-Crops-of-America.jpg --> uts.cc.utexas.edu /export/httpd/vhosts/texasbeyondhistory/data/protect/trans-p/prehistory/images AG-Crops-of-America.jpg
2007.11.08 09:24 B L:\TBH Website Temp\trans-p\prehistory\images\AG-Crops-of-America-sm.jpg --> uts.cc.utexas.edu /export/httpd/vhosts/texasbeyondhistory/data/protect/trans-p/prehistory/images AG-Crops-of-America-sm.jpg
2007.11.08 09:24 B L:\TBH Website Temp\trans-p\prehistory\images\AG-sw-squash-sm.jpg --> uts.cc.utexas.edu /export/httpd/vhosts/texasbeyondhistory/data/protect/trans-p/prehistory/images AG-sw-squash-sm.jpg
2007.11.08 09:24 B L:\TBH Website Temp\trans-p\prehistory\images\AG-Nelson-Firecracker-corn.jpg --> uts.cc.utexas.edu /export/httpd/vhosts/texasbeyondhistory/data/protect/trans-p/prehistory/images AG-Nelson-Firecracker-corn.jpg
2007.11.08 09:24 B L:\TBH Website Temp\trans-p\prehistory\images\AG-Nelson-Firecracker-corn-sm.jpg --> uts.cc.utexas.edu /export/httpd/vhosts/texasbeyondhistory/data/protect/trans-p/prehistory/images AG-Nelson-Firecracker-corn-sm.jpg
2007.11.08 09:24 B L:\TBH Website Temp\trans-p\prehistory\images\LJ-Tres-Metates-F1.html --> uts.cc.utexas.edu /export/httpd/vhosts/texasbeyondhistory/data/protect/trans-p/prehistory/images LJ-Tres-Metates-F1.html
2007.11.08 09:24 B L:\TBH Website Temp\trans-p\prehistory\images\LJ-Potsherd-shelter-chup.html --> uts.cc.utexas.edu /export/httpd/vhosts/texasbeyondhistory/data/protect/trans-p/prehistory/images LJ-Potsherd-shelter-chup.html
2007.11.08 09:24 B L:\TBH Website Temp\trans-p\prehistory\images\LJ-Potsherd-Shelter-Seebach.html --> uts.cc.utexas.edu /export/httpd/vhosts/texasbeyondhistory/data/protect/trans-p/prehistory/images LJ-Potsherd-Shelter-Seebach.html
2007.11.08 09:24 B L:\TBH Website Temp\trans-p\prehistory\images\LJ-Tres-Metates-Seebach.html --> uts.cc.utexas.edu /export/httpd/vhosts/texasbeyondhistory/data/protect/trans-p/prehistory/images LJ-Tres-Metates-Seebach.html
2007.11.08 09:24 B L:\TBH Website Temp\trans-p\prehistory\images\LJ-foraging-radii.html --> uts.cc.utexas.edu /export/httpd/vhosts/texasbeyondhistory/data/protect/trans-p/prehistory/images LJ-foraging-radii.html
2007.11.08 09:24 B L:\TBH Website Temp\trans-p\prehistory\images\LJ-Kelley-1940-cove.html --> uts.cc.utexas.edu /export/httpd/vhosts/texasbeyondhistory/data/protect/trans-p/prehistory/images LJ-Kelley-1940-cove.html
2007.11.08 09:25 B L:\TBH Website Temp\trans-p\prehistory\images\MA-Lizard-Hill-cache2.html --> uts.cc.utexas.edu /export/httpd/vhosts/texasbeyondhistory/data/protect/trans-p/prehistory/images MA-Lizard-Hill-cache2.html
2007.11.08 09:25 B L:\TBH Website Temp\trans-p\prehistory\images\MA-Lizard-Hill-cache.html --> uts.cc.utexas.edu /export/httpd/vhosts/texasbeyondhistory/data/protect/trans-p/prehistory/images MA-Lizard-Hill-cache.html
2007.11.08 09:25 B L:\TBH Website Temp\trans-p\prehistory\images\MA-Lizard-Hill-Ohl.html --> uts.cc.utexas.edu /export/httpd/vhosts/texasbeyondhistory/data/protect/trans-p/prehistory/images MA-Lizard-Hill-Ohl.html
2007.11.08 09:25 B L:\TBH Website Temp\trans-p\prehistory\images\MA-Rosillos-Peak-Ohl.html --> uts.cc.utexas.edu /export/httpd/vhosts/texasbeyondhistory/data/protect/trans-p/prehistory/images MA-Rosillos-Peak-Ohl.html
2007.11.08 09:25 B L:\TBH Website Temp\trans-p\prehistory\images\MA-Rosillos-Mts-Ohl.html --> uts.cc.utexas.edu /export/httpd/vhosts/texasbeyondhistory/data/protect/trans-p/prehistory/images MA-Rosillos-Mts-Ohl.html
2007.11.08 09:25 B L:\TBH Website Temp\trans-p\prehistory\images\MA-picklypear-Ohl.html --> uts.cc.utexas.edu /export/httpd/vhosts/texasbeyondhistory/data/protect/trans-p/prehistory/images MA-picklypear-Ohl.html
2007.11.08 09:25 B L:\TBH Website Temp\trans-p\prehistory\images\MA-Sotol-Ohl.html --> uts.cc.utexas.edu /export/httpd/vhosts/texasbeyondhistory/data/protect/trans-p/prehistory/images MA-Sotol-Ohl.html
2007.11.08 09:25 B L:\TBH Website Temp\trans-p\prehistory\images\MA-Rosillos-Peak-dart-points.html --> uts.cc.utexas.edu /export/httpd/vhosts/texasbeyondhistory/data/protect/trans-p/prehistory/images MA-Rosillos-Peak-dart-points.html
2007.11.08 09:25 B L:\TBH Website Temp\trans-p\prehistory\images\camera-button-seemore-sm.jpg --> uts.cc.utexas.edu /export/httpd/vhosts/texasbeyondhistory/data/protect/trans-p/prehistory/images camera-button-seemore-sm.jpg
2007.11.08 09:25 B L:\TBH Website Temp\trans-p\prehistory\images\camera-button-seemore-ro-sm.jpg --> uts.cc.utexas.edu /export/httpd/vhosts/texasbeyondhistory/data/protect/trans-p/prehistory/images camera-button-seemore-ro-sm.jpg
2007.11.08 09:25 B L:\TBH Website Temp\trans-p\prehistory\images\camera-button-enlarge-sm.jpg --> uts.cc.utexas.edu /export/httpd/vhosts/texasbeyondhistory/data/protect/trans-p/prehistory/images camera-button-enlarge-sm.jpg
2007.11.08 09:25 B L:\TBH Website Temp\trans-p\prehistory\images\camera-button-enlarge-ro-sm.jpg --> uts.cc.utexas.edu /export/httpd/vhosts/texasbeyondhistory/data/protect/trans-p/prehistory/images camera-button-enlarge-ro-sm.jpg
2007.11.08 09:25 B L:\TBH Website Temp\trans-p\prehistory\images\EP-CBBS-crew-JS.html --> uts.cc.utexas.edu /export/httpd/vhosts/texasbeyondhistory/data/protect/trans-p/prehistory/images EP-CBBS-crew-JS.html
2007.11.08 09:25 B L:\TBH Website Temp\trans-p\prehistory\images\EP-BBRSP-Folsom.html --> uts.cc.utexas.edu /export/httpd/vhosts/texasbeyondhistory/data/protect/trans-p/prehistory/images EP-BBRSP-Folsom.html
2007.11.08 09:25 B L:\TBH Website Temp\trans-p\prehistory\images\EP-Chispa-quarries.html --> uts.cc.utexas.edu /export/httpd/vhosts/texasbeyondhistory/data/protect/trans-p/prehistory/images EP-Chispa-quarries.html
2007.11.08 09:25 B L:\TBH Website Temp\trans-p\prehistory\images\EP-Chispa-map-artifacts.html --> uts.cc.utexas.edu /export/httpd/vhosts/texasbeyondhistory/data/protect/trans-p/prehistory/images EP-Chispa-map-artifacts.html
2007.11.08 09:25 B L:\TBH Website Temp\trans-p\prehistory\images\EP-Chispa-Folsom.html --> uts.cc.utexas.edu /export/httpd/vhosts/texasbeyondhistory/data/protect/trans-p/prehistory/images EP-Chispa-Folsom.html
2007.11.08 09:25 B L:\TBH Website Temp\trans-p\prehistory\images\EP-Chispa-Landscape.html --> uts.cc.utexas.edu /export/httpd/vhosts/texasbeyondhistory/data/protect/trans-p/prehistory/images EP-Chispa-Landscape.html
2007.11.08 09:25 B L:\TBH Website Temp\trans-p\prehistory\images\EP-Chispa-main-area-sm.jpg --> uts.cc.utexas.edu /export/httpd/vhosts/texasbeyondhistory/data/protect/trans-p/prehistory/images EP-Chispa-main-area-sm.jpg
2007.11.08 09:25 B L:\TBH Website Temp\trans-p\prehistory\images\EP-Chispa-main-area.html --> uts.cc.utexas.edu /export/httpd/vhosts/texasbeyondhistory/data/protect/trans-p/prehistory/images EP-Chispa-main-area.html
2007.11.08 09:25 B L:\TBH Website Temp\trans-p\prehistory\images\EP-White-Plainview-JS.html --> uts.cc.utexas.edu /export/httpd/vhosts/texasbeyondhistory/data/protect/trans-p/prehistory/images EP-White-Plainview-JS.html
2007.11.08 09:25 B L:\TBH Website Temp\trans-p\prehistory\images\LJ-Tres-Metates-F1-sm.jpg --> uts.cc.utexas.edu /export/httpd/vhosts/texasbeyondhistory/data/protect/trans-p/prehistory/images LJ-Tres-Metates-F1-sm.jpg
2007.11.08 09:25 B L:\TBH Website Temp\trans-p\prehistory\images\LJ-Potsherd-shelter-chup-sm.jpg --> uts.cc.utexas.edu /export/httpd/vhosts/texasbeyondhistory/data/protect/trans-p/prehistory/images LJ-Potsherd-shelter-chup-sm.jpg
2007.11.08 09:25 B L:\TBH Website Temp\trans-p\prehistory\images\LJ-Potsherd-Shelter-Seebach-sm.jpg --> uts.cc.utexas.edu /export/httpd/vhosts/texasbeyondhistory/data/protect/trans-p/prehistory/images LJ-Potsherd-Shelter-Seebach-sm.jpg
2007.11.08 09:25 B L:\TBH Website Temp\trans-p\prehistory\images\LJ-Potsherd-shelter-chup.jpg --> uts.cc.utexas.edu /export/httpd/vhosts/texasbeyondhistory/data/protect/trans-p/prehistory/images LJ-Potsherd-shelter-chup.jpg
2007.11.08 09:25 B L:\TBH Website Temp\trans-p\prehistory\images\LJ-Tres-Metates-Seebach-sm.jpg --> uts.cc.utexas.edu /export/httpd/vhosts/texasbeyondhistory/data/protect/trans-p/prehistory/images LJ-Tres-Metates-Seebach-sm.jpg
2007.11.08 09:25 B L:\TBH Website Temp\trans-p\prehistory\images\LJ-foraging-radii.jpg --> uts.cc.utexas.edu /export/httpd/vhosts/texasbeyondhistory/data/protect/trans-p/prehistory/images LJ-foraging-radii.jpg
2007.11.08 09:25 B L:\TBH Website Temp\trans-p\prehistory\images\LJ-foraging-radii-sm.jpg --> uts.cc.utexas.edu /export/httpd/vhosts/texasbeyondhistory/data/protect/trans-p/prehistory/images LJ-foraging-radii-sm.jpg
2007.11.08 09:25 B L:\TBH Website Temp\trans-p\prehistory\images\LJ-Kelley-1940-cove-sm.jpg --> uts.cc.utexas.edu /export/httpd/vhosts/texasbeyondhistory/data/protect/trans-p/prehistory/images LJ-Kelley-1940-cove-sm.jpg
2007.11.08 09:25 B L:\TBH Website Temp\trans-p\prehistory\images\EP-Chispa-map-artifacts-sm.jpg --> uts.cc.utexas.edu /export/httpd/vhosts/texasbeyondhistory/data/protect/trans-p/prehistory/images EP-Chispa-map-artifacts-sm.jpg
2007.11.08 09:25 B L:\TBH Website Temp\trans-p\prehistory\images\EP-CBBS-crew-JS-sm.jpg --> uts.cc.utexas.edu /export/httpd/vhosts/texasbeyondhistory/data/protect/trans-p/prehistory/images EP-CBBS-crew-JS-sm.jpg
2007.11.08 09:25 B L:\TBH Website Temp\trans-p\prehistory\images\EP-CBBS-crew-JS.jpg --> uts.cc.utexas.edu /export/httpd/vhosts/texasbeyondhistory/data/protect/trans-p/prehistory/images EP-CBBS-crew-JS.jpg
2007.11.08 09:25 B L:\TBH Website Temp\trans-p\prehistory\images\EP-White-Plainview-JS.jpg --> uts.cc.utexas.edu /export/httpd/vhosts/texasbeyondhistory/data/protect/trans-p/prehistory/images EP-White-Plainview-JS.jpg
2007.11.08 09:25 B L:\TBH Website Temp\trans-p\prehistory\images\EP-White-Plainview-JS-sm.jpg --> uts.cc.utexas.edu /export/httpd/vhosts/texasbeyondhistory/data/protect/trans-p/prehistory/images EP-White-Plainview-JS-sm.jpg
2007.11.08 09:25 B L:\TBH Website Temp\trans-p\prehistory\images\EP-Chispa-quarries-sm.jpg --> uts.cc.utexas.edu /export/httpd/vhosts/texasbeyondhistory/data/protect/trans-p/prehistory/images EP-Chispa-quarries-sm.jpg
2007.11.08 09:25 B L:\TBH Website Temp\trans-p\prehistory\images\EP-Chispa-quarries.jpg --> uts.cc.utexas.edu /export/httpd/vhosts/texasbeyondhistory/data/protect/trans-p/prehistory/images EP-Chispa-quarries.jpg
2007.11.08 09:25 B L:\TBH Website Temp\trans-p\prehistory\images\EP-Chispa-Landscape-sm.jpg --> uts.cc.utexas.edu /export/httpd/vhosts/texasbeyondhistory/data/protect/trans-p/prehistory/images EP-Chispa-Landscape-sm.jpg
2007.11.08 09:25 B L:\TBH Website Temp\trans-p\prehistory\images\EP-Chispa-Folsom-sm.jpg --> uts.cc.utexas.edu /export/httpd/vhosts/texasbeyondhistory/data/protect/trans-p/prehistory/images EP-Chispa-Folsom-sm.jpg
2007.11.08 09:25 B L:\TBH Website Temp\trans-p\prehistory\images\EP-BBRSP-Folsom-sm.jpg --> uts.cc.utexas.edu /export/httpd/vhosts/texasbeyondhistory/data/protect/trans-p/prehistory/images EP-BBRSP-Folsom-sm.jpg
2007.11.08 09:25 B L:\TBH Website Temp\trans-p\prehistory\images\EP-BBRSP-Folsom.jpg --> uts.cc.utexas.edu /export/httpd/vhosts/texasbeyondhistory/data/protect/trans-p/prehistory/images EP-BBRSP-Folsom.jpg
2007.11.08 09:25 B L:\TBH Website Temp\trans-p\prehistory\images\EP-Chispa-Folsom.jpg --> uts.cc.utexas.edu /export/httpd/vhosts/texasbeyondhistory/data/protect/trans-p/prehistory/images EP-Chispa-Folsom.jpg
2007.11.08 09:25 B L:\TBH Website Temp\trans-p\prehistory\images\EP-Chispa-Landscape.jpg --> uts.cc.utexas.edu /export/httpd/vhosts/texasbeyondhistory/data/protect/trans-p/prehistory/images EP-Chispa-Landscape.jpg
2007.11.08 09:25 B L:\TBH Website Temp\trans-p\prehistory\images\EP-Chispa-main-area.jpg --> uts.cc.utexas.edu /export/httpd/vhosts/texasbeyondhistory/data/protect/trans-p/prehistory/images EP-Chispa-main-area.jpg
2007.11.08 09:25 B L:\TBH Website Temp\trans-p\prehistory\images\LJ-Kelley-1940-cove.jpg --> uts.cc.utexas.edu /export/httpd/vhosts/texasbeyondhistory/data/protect/trans-p/prehistory/images LJ-Kelley-1940-cove.jpg
2007.11.08 09:25 B L:\TBH Website Temp\trans-p\prehistory\images\LJ-Tres-Metates-F1.jpg --> uts.cc.utexas.edu /export/httpd/vhosts/texasbeyondhistory/data/protect/trans-p/prehistory/images LJ-Tres-Metates-F1.jpg
2007.11.08 09:25 B L:\TBH Website Temp\trans-p\prehistory\images\LJ-Potsherd-Shelter-Seebach.jpg --> uts.cc.utexas.edu /export/httpd/vhosts/texasbeyondhistory/data/protect/trans-p/prehistory/images LJ-Potsherd-Shelter-Seebach.jpg
2007.11.08 09:25 B L:\TBH Website Temp\trans-p\prehistory\images\LJ-Tres-Metates-Seebach.jpg --> uts.cc.utexas.edu /export/httpd/vhosts/texasbeyondhistory/data/protect/trans-p/prehistory/images LJ-Tres-Metates-Seebach.jpg
2007.11.08 09:25 B L:\TBH Website Temp\trans-p\prehistory\images\MA-Sotol-Ohl-sm.jpg --> uts.cc.utexas.edu /export/httpd/vhosts/texasbeyondhistory/data/protect/trans-p/prehistory/images MA-Sotol-Ohl-sm.jpg
2007.11.08 09:25 B L:\TBH Website Temp\trans-p\prehistory\images\MA-Rosillos-Peak-Ohl-sm.jpg --> uts.cc.utexas.edu /export/httpd/vhosts/texasbeyondhistory/data/protect/trans-p/prehistory/images MA-Rosillos-Peak-Ohl-sm.jpg
2007.11.08 09:25 B L:\TBH Website Temp\trans-p\prehistory\images\MA-Rosillos-Peak-Ohl.jpg --> uts.cc.utexas.edu /export/httpd/vhosts/texasbeyondhistory/data/protect/trans-p/prehistory/images MA-Rosillos-Peak-Ohl.jpg
2007.11.08 09:25 B L:\TBH Website Temp\trans-p\prehistory\images\MA-Rosillos-Peak-dart-points-sm.jpg --> uts.cc.utexas.edu /export/httpd/vhosts/texasbeyondhistory/data/protect/trans-p/prehistory/images MA-Rosillos-Peak-dart-points-sm.jpg
2007.11.08 09:25 B L:\TBH Website Temp\trans-p\prehistory\images\MA-Rosillos-Mts-Ohl-sm.jpg --> uts.cc.utexas.edu /export/httpd/vhosts/texasbeyondhistory/data/protect/trans-p/prehistory/images MA-Rosillos-Mts-Ohl-sm.jpg
2007.11.08 09:25 B L:\TBH Website Temp\trans-p\prehistory\images\MA-picklypear-Ohl.jpg --> uts.cc.utexas.edu /export/httpd/vhosts/texasbeyondhistory/data/protect/trans-p/prehistory/images MA-picklypear-Ohl.jpg
2007.11.08 09:25 B L:\TBH Website Temp\trans-p\prehistory\images\MA-picklypear-Ohl-sm.jpg --> uts.cc.utexas.edu /export/httpd/vhosts/texasbeyondhistory/data/protect/trans-p/prehistory/images MA-picklypear-Ohl-sm.jpg
2007.11.08 09:25 B L:\TBH Website Temp\trans-p\prehistory\images\MA-Lizard-Hill-Ohl.jpg --> uts.cc.utexas.edu /export/httpd/vhosts/texasbeyondhistory/data/protect/trans-p/prehistory/images MA-Lizard-Hill-Ohl.jpg
2007.11.08 09:25 B L:\TBH Website Temp\trans-p\prehistory\images\MA-Lizard-Hill-Ohl.-sm.jpg --> uts.cc.utexas.edu /export/httpd/vhosts/texasbeyondhistory/data/protect/trans-p/prehistory/images MA-Lizard-Hill-Ohl.-sm.jpg
2007.11.08 09:25 B L:\TBH Website Temp\trans-p\prehistory\images\MA-Lizard-Hill-cache2-sm.jpg --> uts.cc.utexas.edu /export/httpd/vhosts/texasbeyondhistory/data/protect/trans-p/prehistory/images MA-Lizard-Hill-cache2-sm.jpg
2007.11.08 09:25 B L:\TBH Website Temp\trans-p\prehistory\images\MA-Lizard-Hill-cache-sm.jpg --> uts.cc.utexas.edu /export/httpd/vhosts/texasbeyondhistory/data/protect/trans-p/prehistory/images MA-Lizard-Hill-cache-sm.jpg
2007.11.08 09:25 B L:\TBH Website Temp\trans-p\prehistory\images\MA-Lizard-Hill-cache2.jpg --> uts.cc.utexas.edu /export/httpd/vhosts/texasbeyondhistory/data/protect/trans-p/prehistory/images MA-Lizard-Hill-cache2.jpg
2007.11.08 09:25 B L:\TBH Website Temp\trans-p\prehistory\images\MA-Lizard-Hill-cache.jpg --> uts.cc.utexas.edu /export/httpd/vhosts/texasbeyondhistory/data/protect/trans-p/prehistory/images MA-Lizard-Hill-cache.jpg
2007.11.08 09:25 B L:\TBH Website Temp\trans-p\prehistory\images\MA-Rosillos-Mts-Ohl.jpg --> uts.cc.utexas.edu /export/httpd/vhosts/texasbeyondhistory/data/protect/trans-p/prehistory/images MA-Rosillos-Mts-Ohl.jpg
2007.11.08 09:25 B L:\TBH Website Temp\trans-p\prehistory\images\MA-Sotol-Ohl.jpg --> uts.cc.utexas.edu /export/httpd/vhosts/texasbeyondhistory/data/protect/trans-p/prehistory/images MA-Sotol-Ohl.jpg
2007.11.08 09:25 B L:\TBH Website Temp\trans-p\prehistory\images\MA-Rosillos-Peak-dart-points.jpg --> uts.cc.utexas.edu /export/httpd/vhosts/texasbeyondhistory/data/protect/trans-p/prehistory/images MA-Rosillos-Peak-dart-points.jpg
2007.11.08 09:25 B L:\TBH Website Temp\trans-p\prehistory\images\EP-Chispa-map-artifacts.jpg --> uts.cc.utexas.edu /export/httpd/vhosts/texasbeyondhistory/data/protect/trans-p/prehistory/images EP-Chispa-map-artifacts.jpg
2007.11.08 09:25 B L:\TBH Website Temp\trans-p\prehistory\images\time.html --> uts.cc.utexas.edu /export/httpd/vhosts/texasbeyondhistory/data/protect/trans-p/prehistory/images time.html
2007.11.08 09:25 B L:\TBH Website Temp\trans-p\prehistory\images\streamside.html --> uts.cc.utexas.edu /export/httpd/vhosts/texasbeyondhistory/data/protect/trans-p/prehistory/images streamside.html
2007.11.08 09:25 B L:\TBH Website Temp\trans-p\prehistory\images\stone.html --> uts.cc.utexas.edu /export/httpd/vhosts/texasbeyondhistory/data/protect/trans-p/prehistory/images stone.html
2007.11.08 09:25 B L:\TBH Website Temp\trans-p\prehistory\images\prehistory.fla --> uts.cc.utexas.edu /export/httpd/vhosts/texasbeyondhistory/data/protect/trans-p/prehistory/images prehistory.fla
2007.11.08 09:25 B L:\TBH Website Temp\trans-p\prehistory\images\periods.html --> uts.cc.utexas.edu /export/httpd/vhosts/texasbeyondhistory/data/protect/trans-p/prehistory/images periods.html
2007.11.08 09:25 B L:\TBH Website Temp\trans-p\prehistory\images\dummysite.html --> uts.cc.utexas.edu /export/httpd/vhosts/texasbeyondhistory/data/protect/trans-p/prehistory/images dummysite.html
2007.11.08 09:25 B L:\TBH Website Temp\trans-p\prehistory\images\distant.html --> uts.cc.utexas.edu /export/httpd/vhosts/texasbeyondhistory/data/protect/trans-p/prehistory/images distant.html
2007.11.08 09:25 B L:\TBH Website Temp\trans-p\prehistory\images\diet.html --> uts.cc.utexas.edu /export/httpd/vhosts/texasbeyondhistory/data/protect/trans-p/prehistory/images diet.html
2007.11.08 09:25 B L:\TBH Website Temp\trans-p\prehistory\images\close.gif --> uts.cc.utexas.edu /export/httpd/vhosts/texasbeyondhistory/data/protect/trans-p/prehistory/images close.gif
2007.11.08 09:25 B L:\TBH Website Temp\trans-p\prehistory\images\climatic.html --> uts.cc.utexas.edu /export/httpd/vhosts/texasbeyondhistory/data/protect/trans-p/prehistory/images climatic.html
2007.12.21 17:53 B L:\TBH Website Temp\trans-p\prehistory\images\climate.html --> uts.cc.utexas.edu /export/httpd/vhosts/texasbeyondhistory/data/protect/trans-p/prehistory/images climate.html
2007.12.21 17:53 B L:\TBH Website Temp\trans-p\prehistory\images\Abbott-1996.jpg --> uts.cc.utexas.edu /export/httpd/vhosts/texasbeyondhistory/data/protect/trans-p/prehistory/images Abbott-1996.jpg
2007.12.21 17:53 B L:\TBH Website Temp\trans-p\prehistory\images\middle.html --> uts.cc.utexas.edu /export/httpd/vhosts/texasbeyondhistory/data/protect/trans-p/prehistory/images middle.html
2007.12.21 17:53 B L:\TBH Website Temp\trans-p\prehistory\images\foraging.html --> uts.cc.utexas.edu /export/httpd/vhosts/texasbeyondhistory/data/protect/trans-p/prehistory/images foraging.html
2007.12.21 17:53 B L:\TBH Website Temp\trans-p\prehistory\images\ceramics.html --> uts.cc.utexas.edu /export/httpd/vhosts/texasbeyondhistory/data/protect/trans-p/prehistory/images ceramics.html
2007.12.21 17:53 B L:\TBH Website Temp\trans-p\prehistory\images\architecture.html --> uts.cc.utexas.edu /export/httpd/vhosts/texasbeyondhistory/data/protect/trans-p/prehistory/images architecture.html
2007.12.21 17:53 B L:\TBH Website Temp\trans-p\prehistory\images\AR-CerroAlto-NEC-THC3.html --> uts.cc.utexas.edu /export/httpd/vhosts/texasbeyondhistory/data/protect/trans-p/prehistory/images AR-CerroAlto-NEC-THC3.html
2007.12.21 17:53 B L:\TBH Website Temp\trans-p\prehistory\images\agriculture.html --> uts.cc.utexas.edu /export/httpd/vhosts/texasbeyondhistory/data/protect/trans-p/prehistory/images agriculture.html
2007.12.21 17:53 B L:\TBH Website Temp\trans-p\prehistory\images\earlyarchaic.html --> uts.cc.utexas.edu /export/httpd/vhosts/texasbeyondhistory/data/protect/trans-p/prehistory/images earlyarchaic.html
2007.12.21 17:53 B L:\TBH Website Temp\trans-p\prehistory\images\Thumbs.db --> uts.cc.utexas.edu /export/httpd/vhosts/texasbeyondhistory/data/protect/trans-p/prehistory/images Thumbs.db
2007.12.21 17:53 B L:\TBH Website Temp\trans-p\prehistory\images\AR-Wickiup.html --> uts.cc.utexas.edu /export/httpd/vhosts/texasbeyondhistory/data/protect/trans-p/prehistory/images AR-Wickiup.html
2007.12.21 17:53 B L:\TBH Website Temp\trans-p\prehistory\images\earliest.html --> uts.cc.utexas.edu /export/httpd/vhosts/texasbeyondhistory/data/protect/trans-p/prehistory/images earliest.html
2007.12.21 17:53 B L:\TBH Website Temp\trans-p\prehistory\images\AC-Bob-mammoth.html --> uts.cc.utexas.edu /export/httpd/vhosts/texasbeyondhistory/data/protect/trans-p/prehistory/images AC-Bob-mammoth.html
2007.12.21 17:53 B L:\TBH Website Temp\trans-p\prehistory\images\CBBS-Paleo-Gray.html --> uts.cc.utexas.edu /export/httpd/vhosts/texasbeyondhistory/data/protect/trans-p/prehistory/images CBBS-Paleo-Gray.html
2007.12.21 17:53 B L:\TBH Website Temp\trans-p\prehistory\images\AC-Bob-mammoth-sm.jpg --> uts.cc.utexas.edu /export/httpd/vhosts/texasbeyondhistory/data/protect/trans-p/prehistory/images AC-Bob-mammoth-sm.jpg
2007.12.21 17:53 B L:\TBH Website Temp\trans-p\prehistory\images\AC-Bob-mammoth.jpg --> uts.cc.utexas.edu /export/httpd/vhosts/texasbeyondhistory/data/protect/trans-p/prehistory/images AC-Bob-mammoth.jpg
2007.12.21 17:53 B L:\TBH Website Temp\trans-p\prehistory\images\CBBS-Paleo-Gray.jpg --> uts.cc.utexas.edu /export/httpd/vhosts/texasbeyondhistory/data/protect/trans-p/prehistory/images CBBS-Paleo-Gray.jpg
2007.12.21 17:53 B L:\TBH Website Temp\trans-p\prehistory\images\CBBS-Paleo-Gray-sm.jpg --> uts.cc.utexas.edu /export/httpd/vhosts/texasbeyondhistory/data/protect/trans-p/prehistory/images CBBS-Paleo-Gray-sm.jpg
2007.12.21 17:53 B L:\TBH Website Temp\trans-p\prehistory\images\prehistory.fla --> uts.cc.utexas.edu /export/httpd/vhosts/texasbeyondhistory/data/protect/trans-p/prehistory/images prehistory.fla
2007.12.21 17:53 B L:\TBH Website Temp\trans-p\prehistory\images\time.html --> uts.cc.utexas.edu /export/httpd/vhosts/texasbeyondhistory/data/protect/trans-p/prehistory/images time.html
2007.12.21 17:53 B L:\TBH Website Temp\trans-p\prehistory\images\AR-fig14-m-k-2004-sm.jpg --> uts.cc.utexas.edu /export/httpd/vhosts/texasbeyondhistory/data/protect/trans-p/prehistory/images AR-fig14-m-k-2004-sm.jpg
2007.12.21 17:53 B L:\TBH Website Temp\trans-p\prehistory\images\AR-fig22-m-k-2004.jpg --> uts.cc.utexas.edu /export/httpd/vhosts/texasbeyondhistory/data/protect/trans-p/prehistory/images AR-fig22-m-k-2004.jpg
2007.12.21 17:53 B L:\TBH Website Temp\trans-p\prehistory\images\AR-Fig22-m-k-2004.html --> uts.cc.utexas.edu /export/httpd/vhosts/texasbeyondhistory/data/protect/trans-p/prehistory/images AR-Fig22-m-k-2004.html
2007.12.21 17:53 B L:\TBH Website Temp\trans-p\prehistory\images\AR-Hueco-tpwd-house2-fig6.html --> uts.cc.utexas.edu /export/httpd/vhosts/texasbeyondhistory/data/protect/trans-p/prehistory/images AR-Hueco-tpwd-house2-fig6.html
2007.12.21 17:53 B L:\TBH Website Temp\trans-p\prehistory\images\AR-PC14-C15-F25-WickiupRing.html --> uts.cc.utexas.edu /export/httpd/vhosts/texasbeyondhistory/data/protect/trans-p/prehistory/images AR-PC14-C15-F25-WickiupRing.html
2007.12.21 17:53 B L:\TBH Website Temp\trans-p\prehistory\images\AR-Kelley-Redford-Jacal1900-1910.html --> uts.cc.utexas.edu /export/httpd/vhosts/texasbeyondhistory/data/protect/trans-p/prehistory/images AR-Kelley-Redford-Jacal1900-1910.html
2007.12.21 17:53 B L:\TBH Website Temp\trans-p\prehistory\images\AR-Ojinaga-village-scene.html --> uts.cc.utexas.edu /export/httpd/vhosts/texasbeyondhistory/data/protect/trans-p/prehistory/images AR-Ojinaga-village-scene.html
2007.12.21 17:53 B L:\TBH Website Temp\trans-p\prehistory\images\AR-Kelley-1985-Fig1-LJ-rect.html --> uts.cc.utexas.edu /export/httpd/vhosts/texasbeyondhistory/data/protect/trans-p/prehistory/images AR-Kelley-1985-Fig1-LJ-rect.html
2007.12.21 17:53 B L:\TBH Website Temp\trans-p\prehistory\images\AR-Firecracker-Rm26.html --> uts.cc.utexas.edu /export/httpd/vhosts/texasbeyondhistory/data/protect/trans-p/prehistory/images AR-Firecracker-Rm26.html
2007.12.21 17:53 B L:\TBH Website Temp\trans-p\prehistory\images\AR-nelson.html --> uts.cc.utexas.edu /export/httpd/vhosts/texasbeyondhistory/data/protect/trans-p/prehistory/images AR-nelson.html
2007.12.21 17:53 B L:\TBH Website Temp\trans-p\prehistory\images\AR-fig21-m-k-2004.html --> uts.cc.utexas.edu /export/httpd/vhosts/texasbeyondhistory/data/protect/trans-p/prehistory/images AR-fig21-m-k-2004.html
2007.12.21 17:53 B L:\TBH Website Temp\trans-p\prehistory\images\CER-EP1532-96.html --> uts.cc.utexas.edu /export/httpd/vhosts/texasbeyondhistory/data/protect/trans-p/prehistory/images CER-EP1532-96.html
2007.12.21 17:53 B L:\TBH Website Temp\trans-p\prehistory\images\CER-mimbres.html --> uts.cc.utexas.edu /export/httpd/vhosts/texasbeyondhistory/data/protect/trans-p/prehistory/images CER-mimbres.html
2007.12.21 17:53 B L:\TBH Website Temp\trans-p\prehistory\images\CER-casas-grandes.html --> uts.cc.utexas.edu /export/httpd/vhosts/texasbeyondhistory/data/protect/trans-p/prehistory/images CER-casas-grandes.html
2007.12.21 17:53 B L:\TBH Website Temp\trans-p\prehistory\images\CER-chupadero-black-on-white.html --> uts.cc.utexas.edu /export/httpd/vhosts/texasbeyondhistory/data/protect/trans-p/prehistory/images CER-chupadero-black-on-white.html
2007.12.21 17:53 B L:\TBH Website Temp\trans-p\prehistory\images\CER-JD2-C3-tarl.html --> uts.cc.utexas.edu /export/httpd/vhosts/texasbeyondhistory/data/protect/trans-p/prehistory/images CER-JD2-C3-tarl.html
2007.12.21 17:53 B L:\TBH Website Temp\trans-p\prehistory\images\CER-elpaso-poly.html --> uts.cc.utexas.edu /export/httpd/vhosts/texasbeyondhistory/data/protect/trans-p/prehistory/images CER-elpaso-poly.html
2007.12.21 17:53 B L:\TBH Website Temp\trans-p\prehistory\images\CER-elpaso-brownware.html --> uts.cc.utexas.edu /export/httpd/vhosts/texasbeyondhistory/data/protect/trans-p/prehistory/images CER-elpaso-brownware.html
2007.12.21 17:53 B L:\TBH Website Temp\trans-p\prehistory\images\periods.html --> uts.cc.utexas.edu /export/httpd/vhosts/texasbeyondhistory/data/protect/trans-p/prehistory/images periods.html
2007.12.21 17:53 B L:\TBH Website Temp\trans-p\prehistory\images\CER-chupadero-black-on-white.jpg --> uts.cc.utexas.edu /export/httpd/vhosts/texasbeyondhistory/data/protect/trans-p/prehistory/images CER-chupadero-black-on-white.jpg
2007.12.21 17:53 B L:\TBH Website Temp\trans-p\prehistory\images\CER-chupadero-black-on-white-sm.jpg --> uts.cc.utexas.edu /export/httpd/vhosts/texasbeyondhistory/data/protect/trans-p/prehistory/images CER-chupadero-black-on-white-sm.jpg
2007.12.21 17:53 B L:\TBH Website Temp\trans-p\prehistory\images\CER-mimbres.JPG --> uts.cc.utexas.edu /export/httpd/vhosts/texasbeyondhistory/data/protect/trans-p/prehistory/images CER-mimbres.JPG
2007.12.21 17:53 B L:\TBH Website Temp\trans-p\prehistory\images\CER-mimbres-sm.JPG --> uts.cc.utexas.edu /export/httpd/vhosts/texasbeyondhistory/data/protect/trans-p/prehistory/images CER-mimbres-sm.JPG
2007.12.21 17:53 B L:\TBH Website Temp\trans-p\prehistory\images\CER-elpaso-poly-sm.jpg --> uts.cc.utexas.edu /export/httpd/vhosts/texasbeyondhistory/data/protect/trans-p/prehistory/images CER-elpaso-poly-sm.jpg
2007.12.21 17:53 B L:\TBH Website Temp\trans-p\prehistory\images\CER-elpaso-poly.jpg --> uts.cc.utexas.edu /export/httpd/vhosts/texasbeyondhistory/data/protect/trans-p/prehistory/images CER-elpaso-poly.jpg
2007.12.21 17:53 B L:\TBH Website Temp\trans-p\prehistory\images\CER-elpaso-brownware-sm.jpg --> uts.cc.utexas.edu /export/httpd/vhosts/texasbeyondhistory/data/protect/trans-p/prehistory/images CER-elpaso-brownware-sm.jpg
2007.12.21 17:53 B L:\TBH Website Temp\trans-p\prehistory\images\CER-elpaso-brownware.jpg --> uts.cc.utexas.edu /export/httpd/vhosts/texasbeyondhistory/data/protect/trans-p/prehistory/images CER-elpaso-brownware.jpg
2007.12.21 17:53 B L:\TBH Website Temp\trans-p\prehistory\images\CER-JD2-C3-tarl.jpg --> uts.cc.utexas.edu /export/httpd/vhosts/texasbeyondhistory/data/protect/trans-p/prehistory/images CER-JD2-C3-tarl.jpg
2007.12.21 17:53 B L:\TBH Website Temp\trans-p\prehistory\images\CER-casas-grandes-sm.jpg --> uts.cc.utexas.edu /export/httpd/vhosts/texasbeyondhistory/data/protect/trans-p/prehistory/images CER-casas-grandes-sm.jpg
2007.12.21 17:53 B L:\TBH Website Temp\trans-p\prehistory\images\CER-casas-grandes.jpg --> uts.cc.utexas.edu /export/httpd/vhosts/texasbeyondhistory/data/protect/trans-p/prehistory/images CER-casas-grandes.jpg
2007.12.21 17:53 B L:\TBH Website Temp\trans-p\prehistory\images\CER-EP1532-96-sm.jpg --> uts.cc.utexas.edu /export/httpd/vhosts/texasbeyondhistory/data/protect/trans-p/prehistory/images CER-EP1532-96-sm.jpg
2007.12.21 17:53 B L:\TBH Website Temp\trans-p\prehistory\images\CER-JD2-C3-tarl-sm.jpg --> uts.cc.utexas.edu /export/httpd/vhosts/texasbeyondhistory/data/protect/trans-p/prehistory/images CER-JD2-C3-tarl-sm.jpg
2007.12.21 17:53 B L:\TBH Website Temp\trans-p\prehistory\images\CER-EP1532-96.jpg --> uts.cc.utexas.edu /export/httpd/vhosts/texasbeyondhistory/data/protect/trans-p/prehistory/images CER-EP1532-96.jpg
2007.12.21 17:53 B L:\TBH Website Temp\trans-p\prehistory\images\AR-pithouse-centennial.html --> uts.cc.utexas.edu /export/httpd/vhosts/texasbeyondhistory/data/protect/trans-p/prehistory/images AR-pithouse-centennial.html
2007.12.21 17:53 B L:\TBH Website Temp\trans-p\prehistory\images\AR-fig14-m-k-2004.html --> uts.cc.utexas.edu /export/httpd/vhosts/texasbeyondhistory/data/protect/trans-p/prehistory/images AR-fig14-m-k-2004.html
2007.12.21 17:53 B L:\TBH Website Temp\trans-p\prehistory\images\AR-keystone-co-crop.html --> uts.cc.utexas.edu /export/httpd/vhosts/texasbeyondhistory/data/protect/trans-p/prehistory/images AR-keystone-co-crop.html
2007.12.21 17:53 B L:\TBH Website Temp\trans-p\prehistory\images\AR-fig22-m-k-2004-sm.jpg --> uts.cc.utexas.edu /export/httpd/vhosts/texasbeyondhistory/data/protect/trans-p/prehistory/images AR-fig22-m-k-2004-sm.jpg
2007.12.21 17:53 B L:\TBH Website Temp\trans-p\prehistory\images\AR-fig21-m-k-2004.jpg --> uts.cc.utexas.edu /export/httpd/vhosts/texasbeyondhistory/data/protect/trans-p/prehistory/images AR-fig21-m-k-2004.jpg
2007.12.21 17:53 B L:\TBH Website Temp\trans-p\prehistory\images\AR-fig21-m-k-2004-sm.jpg --> uts.cc.utexas.edu /export/httpd/vhosts/texasbeyondhistory/data/protect/trans-p/prehistory/images AR-fig21-m-k-2004-sm.jpg
2007.12.21 17:53 B L:\TBH Website Temp\trans-p\prehistory\images\AR-keystone-co-crop.jpg --> uts.cc.utexas.edu /export/httpd/vhosts/texasbeyondhistory/data/protect/trans-p/prehistory/images AR-keystone-co-crop.jpg
2007.12.21 17:53 B L:\TBH Website Temp\trans-p\prehistory\images\AR-keystone-co-crop-sm.jpg --> uts.cc.utexas.edu /export/httpd/vhosts/texasbeyondhistory/data/protect/trans-p/prehistory/images AR-keystone-co-crop-sm.jpg
2007.12.21 17:53 B L:\TBH Website Temp\trans-p\prehistory\images\AR-fig14-m-k-2004.jpg --> uts.cc.utexas.edu /export/httpd/vhosts/texasbeyondhistory/data/protect/trans-p/prehistory/images AR-fig14-m-k-2004.jpg
2007.12.21 17:53 B L:\TBH Website Temp\trans-p\prehistory\images\AR-Wickiup-sm.jpg --> uts.cc.utexas.edu /export/httpd/vhosts/texasbeyondhistory/data/protect/trans-p/prehistory/images AR-Wickiup-sm.jpg
2007.12.21 17:53 B L:\TBH Website Temp\trans-p\prehistory\images\AR-Hueco-tpwd-house2-fig6.jpg --> uts.cc.utexas.edu /export/httpd/vhosts/texasbeyondhistory/data/protect/trans-p/prehistory/images AR-Hueco-tpwd-house2-fig6.jpg
2007.12.21 17:53 B L:\TBH Website Temp\trans-p\prehistory\images\AR-Hueco-tpwd-house2-fig6-sm.jpg --> uts.cc.utexas.edu /export/httpd/vhosts/texasbeyondhistory/data/protect/trans-p/prehistory/images AR-Hueco-tpwd-house2-fig6-sm.jpg
2007.12.21 17:53 B L:\TBH Website Temp\trans-p\prehistory\images\AR-PC14-C15-F25-WickiupRing.jpg --> uts.cc.utexas.edu /export/httpd/vhosts/texasbeyondhistory/data/protect/trans-p/prehistory/images AR-PC14-C15-F25-WickiupRing.jpg
2007.12.21 17:53 B L:\TBH Website Temp\trans-p\prehistory\images\AR-PC14-C15-F25-WickiupRing-sm.jpg --> uts.cc.utexas.edu /export/httpd/vhosts/texasbeyondhistory/data/protect/trans-p/prehistory/images AR-PC14-C15-F25-WickiupRing-sm.jpg
2007.12.21 17:53 B L:\TBH Website Temp\trans-p\prehistory\images\AR-Firecracker-Rm26-sm.jpg --> uts.cc.utexas.edu /export/httpd/vhosts/texasbeyondhistory/data/protect/trans-p/prehistory/images AR-Firecracker-Rm26-sm.jpg
2007.12.21 17:53 B L:\TBH Website Temp\trans-p\prehistory\images\AR-nelson-sm.jpg --> uts.cc.utexas.edu /export/httpd/vhosts/texasbeyondhistory/data/protect/trans-p/prehistory/images AR-nelson-sm.jpg
2007.12.21 17:53 B L:\TBH Website Temp\trans-p\prehistory\images\AR-pithouse-centennial-sm.jpg --> uts.cc.utexas.edu /export/httpd/vhosts/texasbeyondhistory/data/protect/trans-p/prehistory/images AR-pithouse-centennial-sm.jpg
2007.12.21 17:53 B L:\TBH Website Temp\trans-p\prehistory\images\AR-pithouse-centennial.jpg --> uts.cc.utexas.edu /export/httpd/vhosts/texasbeyondhistory/data/protect/trans-p/prehistory/images AR-pithouse-centennial.jpg
2007.12.21 17:53 B L:\TBH Website Temp\trans-p\prehistory\images\AR-Wickiup.jpg --> uts.cc.utexas.edu /export/httpd/vhosts/texasbeyondhistory/data/protect/trans-p/prehistory/images AR-Wickiup.jpg
2007.12.21 17:53 B L:\TBH Website Temp\trans-p\prehistory\images\WS_FTP.LOG --> uts.cc.utexas.edu /export/httpd/vhosts/texasbeyondhistory/data/protect/trans-p/prehistory/images WS_FTP.LOG
2007.12.21 17:53 B L:\TBH Website Temp\trans-p\prehistory\images\AG-Nelson-Firecracker-corn.html --> uts.cc.utexas.edu /export/httpd/vhosts/texasbeyondhistory/data/protect/trans-p/prehistory/images AG-Nelson-Firecracker-corn.html
2007.12.21 17:53 B L:\TBH Website Temp\trans-p\prehistory\images\AG-Crops-of-America.html --> uts.cc.utexas.edu /export/httpd/vhosts/texasbeyondhistory/data/protect/trans-p/prehistory/images AG-Crops-of-America.html
2007.12.21 17:53 B L:\TBH Website Temp\trans-p\prehistory\images\EA-huecotanks.html --> uts.cc.utexas.edu /export/httpd/vhosts/texasbeyondhistory/data/protect/trans-p/prehistory/images EA-huecotanks.html
2007.12.21 17:53 B L:\TBH Website Temp\trans-p\prehistory\images\EA-Miller-Kenmotsu-fig12.html --> uts.cc.utexas.edu /export/httpd/vhosts/texasbeyondhistory/data/protect/trans-p/prehistory/images EA-Miller-Kenmotsu-fig12.html
2007.12.21 17:53 B L:\TBH Website Temp\trans-p\prehistory\images\EA-eastern-CBBS.html --> uts.cc.utexas.edu /export/httpd/vhosts/texasbeyondhistory/data/protect/trans-p/prehistory/images EA-eastern-CBBS.html
2007.12.21 17:53 B L:\TBH Website Temp\trans-p\prehistory\images\EA-Miller-Kenmotsu-fig12-sm.jpg --> uts.cc.utexas.edu /export/httpd/vhosts/texasbeyondhistory/data/protect/trans-p/prehistory/images EA-Miller-Kenmotsu-fig12-sm.jpg
2007.12.21 17:53 B L:\TBH Website Temp\trans-p\prehistory\images\EA-Miller-Kenmotsu-fig12.jpg --> uts.cc.utexas.edu /export/httpd/vhosts/texasbeyondhistory/data/protect/trans-p/prehistory/images EA-Miller-Kenmotsu-fig12.jpg
2007.12.21 17:53 B L:\TBH Website Temp\trans-p\prehistory\images\EA-huecotanks-sm.jpg --> uts.cc.utexas.edu /export/httpd/vhosts/texasbeyondhistory/data/protect/trans-p/prehistory/images EA-huecotanks-sm.jpg
2007.12.21 17:53 B L:\TBH Website Temp\trans-p\prehistory\images\EA-huecotanks.jpg --> uts.cc.utexas.edu /export/httpd/vhosts/texasbeyondhistory/data/protect/trans-p/prehistory/images EA-huecotanks.jpg
2007.12.21 17:53 B L:\TBH Website Temp\trans-p\prehistory\images\EA-eastern-CBBS-sm.jpg --> uts.cc.utexas.edu /export/httpd/vhosts/texasbeyondhistory/data/protect/trans-p/prehistory/images EA-eastern-CBBS-sm.jpg
2007.12.21 17:53 B L:\TBH Website Temp\trans-p\prehistory\images\EA-eastern-CBBS.jpg --> uts.cc.utexas.edu /export/httpd/vhosts/texasbeyondhistory/data/protect/trans-p/prehistory/images EA-eastern-CBBS.jpg
2007.12.21 17:53 B L:\TBH Website Temp\trans-p\prehistory\images\AG-sw-squash.html --> uts.cc.utexas.edu /export/httpd/vhosts/texasbeyondhistory/data/protect/trans-p/prehistory/images AG-sw-squash.html
2007.12.21 17:53 B L:\TBH Website Temp\trans-p\prehistory\images\AG-sw-corn.html --> uts.cc.utexas.edu /export/httpd/vhosts/texasbeyondhistory/data/protect/trans-p/prehistory/images AG-sw-corn.html
2007.12.21 17:53 B L:\TBH Website Temp\trans-p\prehistory\images\AG-Miller-Kenmotsu-2004-fig29.html --> uts.cc.utexas.edu /export/httpd/vhosts/texasbeyondhistory/data/protect/trans-p/prehistory/images AG-Miller-Kenmotsu-2004-fig29.html
2007.12.21 17:53 B L:\TBH Website Temp\trans-p\prehistory\images\AG-Fire-88.html --> uts.cc.utexas.edu /export/httpd/vhosts/texasbeyondhistory/data/protect/trans-p/prehistory/images AG-Fire-88.html
2007.12.21 17:53 B L:\TBH Website Temp\trans-p\prehistory\images\AG-Fire-88-sm.jpg --> uts.cc.utexas.edu /export/httpd/vhosts/texasbeyondhistory/data/protect/trans-p/prehistory/images AG-Fire-88-sm.jpg
2007.12.21 17:53 B L:\TBH Website Temp\trans-p\prehistory\images\AG-Fire-88.jpg --> uts.cc.utexas.edu /export/httpd/vhosts/texasbeyondhistory/data/protect/trans-p/prehistory/images AG-Fire-88.jpg
2007.12.21 17:53 B L:\TBH Website Temp\trans-p\prehistory\images\AG-corn-evol.jpg --> uts.cc.utexas.edu /export/httpd/vhosts/texasbeyondhistory/data/protect/trans-p/prehistory/images AG-corn-evol.jpg
2007.12.21 17:53 B L:\TBH Website Temp\trans-p\prehistory\images\AG-sw-squash.jpg --> uts.cc.utexas.edu /export/httpd/vhosts/texasbeyondhistory/data/protect/trans-p/prehistory/images AG-sw-squash.jpg
2007.12.21 17:53 B L:\TBH Website Temp\trans-p\prehistory\images\AG-sw-corn.jpg --> uts.cc.utexas.edu /export/httpd/vhosts/texasbeyondhistory/data/protect/trans-p/prehistory/images AG-sw-corn.jpg
2007.12.21 17:53 B L:\TBH Website Temp\trans-p\prehistory\images\AG-sw-corn-sm.jpg --> uts.cc.utexas.edu /export/httpd/vhosts/texasbeyondhistory/data/protect/trans-p/prehistory/images AG-sw-corn-sm.jpg
2007.12.21 17:53 B L:\TBH Website Temp\trans-p\prehistory\images\AG-Miller-Kenmotsu-2004-fig29.jpg --> uts.cc.utexas.edu /export/httpd/vhosts/texasbeyondhistory/data/protect/trans-p/prehistory/images AG-Miller-Kenmotsu-2004-fig29.jpg
2007.12.21 17:53 B L:\TBH Website Temp\trans-p\prehistory\images\AG-Miller-Kenmotsu-2004-fig29-sm.jpg --> uts.cc.utexas.edu /export/httpd/vhosts/texasbeyondhistory/data/protect/trans-p/prehistory/images AG-Miller-Kenmotsu-2004-fig29-sm.jpg
2007.12.21 17:53 B L:\TBH Website Temp\trans-p\prehistory\images\AG-Crops-of-America.jpg --> uts.cc.utexas.edu /export/httpd/vhosts/texasbeyondhistory/data/protect/trans-p/prehistory/images AG-Crops-of-America.jpg
2007.12.21 17:53 B L:\TBH Website Temp\trans-p\prehistory\images\AG-Crops-of-America-sm.jpg --> uts.cc.utexas.edu /export/httpd/vhosts/texasbeyondhistory/data/protect/trans-p/prehistory/images AG-Crops-of-America-sm.jpg
2007.12.21 17:53 B L:\TBH Website Temp\trans-p\prehistory\images\AG-sw-squash-sm.jpg --> uts.cc.utexas.edu /export/httpd/vhosts/texasbeyondhistory/data/protect/trans-p/prehistory/images AG-sw-squash-sm.jpg
2007.12.21 17:53 B L:\TBH Website Temp\trans-p\prehistory\images\AG-Nelson-Firecracker-corn.jpg --> uts.cc.utexas.edu /export/httpd/vhosts/texasbeyondhistory/data/protect/trans-p/prehistory/images AG-Nelson-Firecracker-corn.jpg
2007.12.21 17:53 B L:\TBH Website Temp\trans-p\prehistory\images\AG-Nelson-Firecracker-corn-sm.jpg --> uts.cc.utexas.edu /export/httpd/vhosts/texasbeyondhistory/data/protect/trans-p/prehistory/images AG-Nelson-Firecracker-corn-sm.jpg
2007.12.21 17:53 B L:\TBH Website Temp\trans-p\prehistory\images\LJ-Tres-Metates-F1.html --> uts.cc.utexas.edu /export/httpd/vhosts/texasbeyondhistory/data/protect/trans-p/prehistory/images LJ-Tres-Metates-F1.html
2007.12.21 17:53 B L:\TBH Website Temp\trans-p\prehistory\images\LJ-Potsherd-shelter-chup.html --> uts.cc.utexas.edu /export/httpd/vhosts/texasbeyondhistory/data/protect/trans-p/prehistory/images LJ-Potsherd-shelter-chup.html
2007.12.21 17:53 B L:\TBH Website Temp\trans-p\prehistory\images\LJ-Potsherd-Shelter-Seebach.html --> uts.cc.utexas.edu /export/httpd/vhosts/texasbeyondhistory/data/protect/trans-p/prehistory/images LJ-Potsherd-Shelter-Seebach.html
2007.12.21 17:53 B L:\TBH Website Temp\trans-p\prehistory\images\LJ-Tres-Metates-Seebach.html --> uts.cc.utexas.edu /export/httpd/vhosts/texasbeyondhistory/data/protect/trans-p/prehistory/images LJ-Tres-Metates-Seebach.html
2007.12.21 17:53 B L:\TBH Website Temp\trans-p\prehistory\images\LJ-foraging-radii.html --> uts.cc.utexas.edu /export/httpd/vhosts/texasbeyondhistory/data/protect/trans-p/prehistory/images LJ-foraging-radii.html
2007.12.21 17:53 B L:\TBH Website Temp\trans-p\prehistory\images\LJ-Kelley-1940-cove.html --> uts.cc.utexas.edu /export/httpd/vhosts/texasbeyondhistory/data/protect/trans-p/prehistory/images LJ-Kelley-1940-cove.html
2007.12.21 17:53 B L:\TBH Website Temp\trans-p\prehistory\images\MA-Lizard-Hill-cache2.html --> uts.cc.utexas.edu /export/httpd/vhosts/texasbeyondhistory/data/protect/trans-p/prehistory/images MA-Lizard-Hill-cache2.html
2007.12.21 17:53 B L:\TBH Website Temp\trans-p\prehistory\images\MA-Lizard-Hill-cache.html --> uts.cc.utexas.edu /export/httpd/vhosts/texasbeyondhistory/data/protect/trans-p/prehistory/images MA-Lizard-Hill-cache.html
2007.12.21 17:53 B L:\TBH Website Temp\trans-p\prehistory\images\MA-Lizard-Hill-Ohl.html --> uts.cc.utexas.edu /export/httpd/vhosts/texasbeyondhistory/data/protect/trans-p/prehistory/images MA-Lizard-Hill-Ohl.html
2007.12.21 17:53 B L:\TBH Website Temp\trans-p\prehistory\images\MA-Rosillos-Peak-Ohl.html --> uts.cc.utexas.edu /export/httpd/vhosts/texasbeyondhistory/data/protect/trans-p/prehistory/images MA-Rosillos-Peak-Ohl.html
2007.12.21 17:53 B L:\TBH Website Temp\trans-p\prehistory\images\MA-Rosillos-Mts-Ohl.html --> uts.cc.utexas.edu /export/httpd/vhosts/texasbeyondhistory/data/protect/trans-p/prehistory/images MA-Rosillos-Mts-Ohl.html
2007.12.21 17:53 B L:\TBH Website Temp\trans-p\prehistory\images\MA-picklypear-Ohl.html --> uts.cc.utexas.edu /export/httpd/vhosts/texasbeyondhistory/data/protect/trans-p/prehistory/images MA-picklypear-Ohl.html
2007.12.21 17:53 B L:\TBH Website Temp\trans-p\prehistory\images\MA-Sotol-Ohl.html --> uts.cc.utexas.edu /export/httpd/vhosts/texasbeyondhistory/data/protect/trans-p/prehistory/images MA-Sotol-Ohl.html
2007.12.21 17:53 B L:\TBH Website Temp\trans-p\prehistory\images\MA-Rosillos-Peak-dart-points.html --> uts.cc.utexas.edu /export/httpd/vhosts/texasbeyondhistory/data/protect/trans-p/prehistory/images MA-Rosillos-Peak-dart-points.html
2007.12.21 17:53 B L:\TBH Website Temp\trans-p\prehistory\images\camera-button-seemore-sm.jpg --> uts.cc.utexas.edu /export/httpd/vhosts/texasbeyondhistory/data/protect/trans-p/prehistory/images camera-button-seemore-sm.jpg
2007.12.21 17:54 B L:\TBH Website Temp\trans-p\prehistory\images\camera-button-seemore-ro-sm.jpg --> uts.cc.utexas.edu /export/httpd/vhosts/texasbeyondhistory/data/protect/trans-p/prehistory/images camera-button-seemore-ro-sm.jpg
2007.12.21 17:54 B L:\TBH Website Temp\trans-p\prehistory\images\camera-button-enlarge-sm.jpg --> uts.cc.utexas.edu /export/httpd/vhosts/texasbeyondhistory/data/protect/trans-p/prehistory/images camera-button-enlarge-sm.jpg
2007.12.21 17:54 B L:\TBH Website Temp\trans-p\prehistory\images\camera-button-enlarge-ro-sm.jpg --> uts.cc.utexas.edu /export/httpd/vhosts/texasbeyondhistory/data/protect/trans-p/prehistory/images camera-button-enlarge-ro-sm.jpg
2007.12.21 17:54 B L:\TBH Website Temp\trans-p\prehistory\images\EP-CBBS-crew-JS.html --> uts.cc.utexas.edu /export/httpd/vhosts/texasbeyondhistory/data/protect/trans-p/prehistory/images EP-CBBS-crew-JS.html
2007.12.21 17:54 B L:\TBH Website Temp\trans-p\prehistory\images\EP-BBRSP-Folsom.html --> uts.cc.utexas.edu /export/httpd/vhosts/texasbeyondhistory/data/protect/trans-p/prehistory/images EP-BBRSP-Folsom.html
2007.12.21 17:54 B L:\TBH Website Temp\trans-p\prehistory\images\EP-Chispa-quarries.html --> uts.cc.utexas.edu /export/httpd/vhosts/texasbeyondhistory/data/protect/trans-p/prehistory/images EP-Chispa-quarries.html
2007.12.21 17:54 B L:\TBH Website Temp\trans-p\prehistory\images\EP-Chispa-map-artifacts.html --> uts.cc.utexas.edu /export/httpd/vhosts/texasbeyondhistory/data/protect/trans-p/prehistory/images EP-Chispa-map-artifacts.html
2007.12.21 17:54 B L:\TBH Website Temp\trans-p\prehistory\images\EP-Chispa-Folsom.html --> uts.cc.utexas.edu /export/httpd/vhosts/texasbeyondhistory/data/protect/trans-p/prehistory/images EP-Chispa-Folsom.html
2007.12.21 17:54 B L:\TBH Website Temp\trans-p\prehistory\images\EP-Chispa-Landscape.html --> uts.cc.utexas.edu /export/httpd/vhosts/texasbeyondhistory/data/protect/trans-p/prehistory/images EP-Chispa-Landscape.html
2007.12.21 17:54 B L:\TBH Website Temp\trans-p\prehistory\images\EP-Chispa-main-area-sm.jpg --> uts.cc.utexas.edu /export/httpd/vhosts/texasbeyondhistory/data/protect/trans-p/prehistory/images EP-Chispa-main-area-sm.jpg
2007.12.21 17:54 B L:\TBH Website Temp\trans-p\prehistory\images\EP-Chispa-main-area.html --> uts.cc.utexas.edu /export/httpd/vhosts/texasbeyondhistory/data/protect/trans-p/prehistory/images EP-Chispa-main-area.html
2007.12.21 17:54 B L:\TBH Website Temp\trans-p\prehistory\images\EP-White-Plainview-JS.html --> uts.cc.utexas.edu /export/httpd/vhosts/texasbeyondhistory/data/protect/trans-p/prehistory/images EP-White-Plainview-JS.html
2007.12.21 17:54 B L:\TBH Website Temp\trans-p\prehistory\images\LJ-Tres-Metates-F1-sm.jpg --> uts.cc.utexas.edu /export/httpd/vhosts/texasbeyondhistory/data/protect/trans-p/prehistory/images LJ-Tres-Metates-F1-sm.jpg
2007.12.21 17:54 B L:\TBH Website Temp\trans-p\prehistory\images\LJ-Potsherd-shelter-chup-sm.jpg --> uts.cc.utexas.edu /export/httpd/vhosts/texasbeyondhistory/data/protect/trans-p/prehistory/images LJ-Potsherd-shelter-chup-sm.jpg
2007.12.21 17:54 B L:\TBH Website Temp\trans-p\prehistory\images\LJ-Potsherd-Shelter-Seebach-sm.jpg --> uts.cc.utexas.edu /export/httpd/vhosts/texasbeyondhistory/data/protect/trans-p/prehistory/images LJ-Potsherd-Shelter-Seebach-sm.jpg
2007.12.21 17:54 B L:\TBH Website Temp\trans-p\prehistory\images\LJ-Potsherd-shelter-chup.jpg --> uts.cc.utexas.edu /export/httpd/vhosts/texasbeyondhistory/data/protect/trans-p/prehistory/images LJ-Potsherd-shelter-chup.jpg
2007.12.21 17:54 B L:\TBH Website Temp\trans-p\prehistory\images\LJ-Tres-Metates-Seebach-sm.jpg --> uts.cc.utexas.edu /export/httpd/vhosts/texasbeyondhistory/data/protect/trans-p/prehistory/images LJ-Tres-Metates-Seebach-sm.jpg
2007.12.21 17:54 B L:\TBH Website Temp\trans-p\prehistory\images\LJ-foraging-radii.jpg --> uts.cc.utexas.edu /export/httpd/vhosts/texasbeyondhistory/data/protect/trans-p/prehistory/images LJ-foraging-radii.jpg
2007.12.21 17:54 B L:\TBH Website Temp\trans-p\prehistory\images\LJ-foraging-radii-sm.jpg --> uts.cc.utexas.edu /export/httpd/vhosts/texasbeyondhistory/data/protect/trans-p/prehistory/images LJ-foraging-radii-sm.jpg
2007.12.21 17:54 B L:\TBH Website Temp\trans-p\prehistory\images\LJ-Kelley-1940-cove-sm.jpg --> uts.cc.utexas.edu /export/httpd/vhosts/texasbeyondhistory/data/protect/trans-p/prehistory/images LJ-Kelley-1940-cove-sm.jpg
2007.12.21 17:54 B L:\TBH Website Temp\trans-p\prehistory\images\EP-Chispa-map-artifacts-sm.jpg --> uts.cc.utexas.edu /export/httpd/vhosts/texasbeyondhistory/data/protect/trans-p/prehistory/images EP-Chispa-map-artifacts-sm.jpg
2007.12.21 17:54 B L:\TBH Website Temp\trans-p\prehistory\images\EP-CBBS-crew-JS-sm.jpg --> uts.cc.utexas.edu /export/httpd/vhosts/texasbeyondhistory/data/protect/trans-p/prehistory/images EP-CBBS-crew-JS-sm.jpg
2007.12.21 17:54 B L:\TBH Website Temp\trans-p\prehistory\images\EP-CBBS-crew-JS.jpg --> uts.cc.utexas.edu /export/httpd/vhosts/texasbeyondhistory/data/protect/trans-p/prehistory/images EP-CBBS-crew-JS.jpg
2007.12.21 17:54 B L:\TBH Website Temp\trans-p\prehistory\images\EP-White-Plainview-JS.jpg --> uts.cc.utexas.edu /export/httpd/vhosts/texasbeyondhistory/data/protect/trans-p/prehistory/images EP-White-Plainview-JS.jpg
2007.12.21 17:54 B L:\TBH Website Temp\trans-p\prehistory\images\EP-White-Plainview-JS-sm.jpg --> uts.cc.utexas.edu /export/httpd/vhosts/texasbeyondhistory/data/protect/trans-p/prehistory/images EP-White-Plainview-JS-sm.jpg
2007.12.21 17:54 B L:\TBH Website Temp\trans-p\prehistory\images\EP-Chispa-quarries-sm.jpg --> uts.cc.utexas.edu /export/httpd/vhosts/texasbeyondhistory/data/protect/trans-p/prehistory/images EP-Chispa-quarries-sm.jpg
2007.12.21 17:54 B L:\TBH Website Temp\trans-p\prehistory\images\EP-Chispa-quarries.jpg --> uts.cc.utexas.edu /export/httpd/vhosts/texasbeyondhistory/data/protect/trans-p/prehistory/images EP-Chispa-quarries.jpg
2007.12.21 17:54 B L:\TBH Website Temp\trans-p\prehistory\images\EP-Chispa-Landscape-sm.jpg --> uts.cc.utexas.edu /export/httpd/vhosts/texasbeyondhistory/data/protect/trans-p/prehistory/images EP-Chispa-Landscape-sm.jpg
2007.12.21 17:54 B L:\TBH Website Temp\trans-p\prehistory\images\EP-Chispa-Folsom-sm.jpg --> uts.cc.utexas.edu /export/httpd/vhosts/texasbeyondhistory/data/protect/trans-p/prehistory/images EP-Chispa-Folsom-sm.jpg
2007.12.21 17:54 B L:\TBH Website Temp\trans-p\prehistory\images\EP-BBRSP-Folsom-sm.jpg --> uts.cc.utexas.edu /export/httpd/vhosts/texasbeyondhistory/data/protect/trans-p/prehistory/images EP-BBRSP-Folsom-sm.jpg
2007.12.21 17:54 B L:\TBH Website Temp\trans-p\prehistory\images\EP-BBRSP-Folsom.jpg --> uts.cc.utexas.edu /export/httpd/vhosts/texasbeyondhistory/data/protect/trans-p/prehistory/images EP-BBRSP-Folsom.jpg
2007.12.21 17:54 B L:\TBH Website Temp\trans-p\prehistory\images\EP-Chispa-Folsom.jpg --> uts.cc.utexas.edu /export/httpd/vhosts/texasbeyondhistory/data/protect/trans-p/prehistory/images EP-Chispa-Folsom.jpg
2007.12.21 17:54 B L:\TBH Website Temp\trans-p\prehistory\images\EP-Chispa-Landscape.jpg --> uts.cc.utexas.edu /export/httpd/vhosts/texasbeyondhistory/data/protect/trans-p/prehistory/images EP-Chispa-Landscape.jpg
2007.12.21 17:54 B L:\TBH Website Temp\trans-p\prehistory\images\EP-Chispa-main-area.jpg --> uts.cc.utexas.edu /export/httpd/vhosts/texasbeyondhistory/data/protect/trans-p/prehistory/images EP-Chispa-main-area.jpg
2007.12.21 17:54 B L:\TBH Website Temp\trans-p\prehistory\images\LJ-Kelley-1940-cove.jpg --> uts.cc.utexas.edu /export/httpd/vhosts/texasbeyondhistory/data/protect/trans-p/prehistory/images LJ-Kelley-1940-cove.jpg
2007.12.21 17:54 B L:\TBH Website Temp\trans-p\prehistory\images\LJ-Tres-Metates-F1.jpg --> uts.cc.utexas.edu /export/httpd/vhosts/texasbeyondhistory/data/protect/trans-p/prehistory/images LJ-Tres-Metates-F1.jpg
2007.12.21 17:54 B L:\TBH Website Temp\trans-p\prehistory\images\LJ-Potsherd-Shelter-Seebach.jpg --> uts.cc.utexas.edu /export/httpd/vhosts/texasbeyondhistory/data/protect/trans-p/prehistory/images LJ-Potsherd-Shelter-Seebach.jpg
2007.12.21 17:54 B L:\TBH Website Temp\trans-p\prehistory\images\LJ-Tres-Metates-Seebach.jpg --> uts.cc.utexas.edu /export/httpd/vhosts/texasbeyondhistory/data/protect/trans-p/prehistory/images LJ-Tres-Metates-Seebach.jpg
2007.12.21 17:54 B L:\TBH Website Temp\trans-p\prehistory\images\MA-Sotol-Ohl-sm.jpg --> uts.cc.utexas.edu /export/httpd/vhosts/texasbeyondhistory/data/protect/trans-p/prehistory/images MA-Sotol-Ohl-sm.jpg
2007.12.21 17:54 B L:\TBH Website Temp\trans-p\prehistory\images\MA-Rosillos-Peak-Ohl-sm.jpg --> uts.cc.utexas.edu /export/httpd/vhosts/texasbeyondhistory/data/protect/trans-p/prehistory/images MA-Rosillos-Peak-Ohl-sm.jpg
2007.12.21 17:54 B L:\TBH Website Temp\trans-p\prehistory\images\MA-Rosillos-Peak-Ohl.jpg --> uts.cc.utexas.edu /export/httpd/vhosts/texasbeyondhistory/data/protect/trans-p/prehistory/images MA-Rosillos-Peak-Ohl.jpg
2007.12.21 17:54 B L:\TBH Website Temp\trans-p\prehistory\images\MA-Rosillos-Peak-dart-points-sm.jpg --> uts.cc.utexas.edu /export/httpd/vhosts/texasbeyondhistory/data/protect/trans-p/prehistory/images MA-Rosillos-Peak-dart-points-sm.jpg
2007.12.21 17:54 B L:\TBH Website Temp\trans-p\prehistory\images\MA-Rosillos-Mts-Ohl-sm.jpg --> uts.cc.utexas.edu /export/httpd/vhosts/texasbeyondhistory/data/protect/trans-p/prehistory/images MA-Rosillos-Mts-Ohl-sm.jpg
2007.12.21 17:54 B L:\TBH Website Temp\trans-p\prehistory\images\MA-picklypear-Ohl.jpg --> uts.cc.utexas.edu /export/httpd/vhosts/texasbeyondhistory/data/protect/trans-p/prehistory/images MA-picklypear-Ohl.jpg
2007.12.21 17:54 B L:\TBH Website Temp\trans-p\prehistory\images\MA-picklypear-Ohl-sm.jpg --> uts.cc.utexas.edu /export/httpd/vhosts/texasbeyondhistory/data/protect/trans-p/prehistory/images MA-picklypear-Ohl-sm.jpg
2007.12.21 17:54 B L:\TBH Website Temp\trans-p\prehistory\images\MA-Lizard-Hill-Ohl.jpg --> uts.cc.utexas.edu /export/httpd/vhosts/texasbeyondhistory/data/protect/trans-p/prehistory/images MA-Lizard-Hill-Ohl.jpg
2007.12.21 17:54 B L:\TBH Website Temp\trans-p\prehistory\images\MA-Lizard-Hill-Ohl.-sm.jpg --> uts.cc.utexas.edu /export/httpd/vhosts/texasbeyondhistory/data/protect/trans-p/prehistory/images MA-Lizard-Hill-Ohl.-sm.jpg
2007.12.21 17:54 B L:\TBH Website Temp\trans-p\prehistory\images\MA-Lizard-Hill-cache2-sm.jpg --> uts.cc.utexas.edu /export/httpd/vhosts/texasbeyondhistory/data/protect/trans-p/prehistory/images MA-Lizard-Hill-cache2-sm.jpg
2007.12.21 17:54 B L:\TBH Website Temp\trans-p\prehistory\images\MA-Lizard-Hill-cache-sm.jpg --> uts.cc.utexas.edu /export/httpd/vhosts/texasbeyondhistory/data/protect/trans-p/prehistory/images MA-Lizard-Hill-cache-sm.jpg
2007.12.21 17:54 B L:\TBH Website Temp\trans-p\prehistory\images\MA-Lizard-Hill-cache2.jpg --> uts.cc.utexas.edu /export/httpd/vhosts/texasbeyondhistory/data/protect/trans-p/prehistory/images MA-Lizard-Hill-cache2.jpg
2007.12.21 17:54 B L:\TBH Website Temp\trans-p\prehistory\images\MA-Lizard-Hill-cache.jpg --> uts.cc.utexas.edu /export/httpd/vhosts/texasbeyondhistory/data/protect/trans-p/prehistory/images MA-Lizard-Hill-cache.jpg
2007.12.21 17:54 B L:\TBH Website Temp\trans-p\prehistory\images\MA-Rosillos-Mts-Ohl.jpg --> uts.cc.utexas.edu /export/httpd/vhosts/texasbeyondhistory/data/protect/trans-p/prehistory/images MA-Rosillos-Mts-Ohl.jpg
2007.12.21 17:54 B L:\TBH Website Temp\trans-p\prehistory\images\MA-Sotol-Ohl.jpg --> uts.cc.utexas.edu /export/httpd/vhosts/texasbeyondhistory/data/protect/trans-p/prehistory/images MA-Sotol-Ohl.jpg
2007.12.21 17:54 B L:\TBH Website Temp\trans-p\prehistory\images\MA-Rosillos-Peak-dart-points.jpg --> uts.cc.utexas.edu /export/httpd/vhosts/texasbeyondhistory/data/protect/trans-p/prehistory/images MA-Rosillos-Peak-dart-points.jpg
2007.12.21 17:54 B L:\TBH Website Temp\trans-p\prehistory\images\EP-Chispa-map-artifacts.jpg --> uts.cc.utexas.edu /export/httpd/vhosts/texasbeyondhistory/data/protect/trans-p/prehistory/images EP-Chispa-map-artifacts.jpg
2007.12.21 17:54 B L:\TBH Website Temp\trans-p\prehistory\images\AR-CerroAlto-NEC-THC3.jpg --> uts.cc.utexas.edu /export/httpd/vhosts/texasbeyondhistory/data/protect/trans-p/prehistory/images AR-CerroAlto-NEC-THC3.jpg
2007.12.21 17:54 B L:\TBH Website Temp\trans-p\prehistory\images\AR-CerroAlto-NEC-THC3-sm.jpg --> uts.cc.utexas.edu /export/httpd/vhosts/texasbeyondhistory/data/protect/trans-p/prehistory/images AR-CerroAlto-NEC-THC3-sm.jpg
2007.12.21 17:54 B L:\TBH Website Temp\trans-p\prehistory\images\AR-Kelley-Redford-Jacal1900-1910.jpg --> uts.cc.utexas.edu /export/httpd/vhosts/texasbeyondhistory/data/protect/trans-p/prehistory/images AR-Kelley-Redford-Jacal1900-1910.jpg
2007.12.21 17:54 B L:\TBH Website Temp\trans-p\prehistory\images\AR-Kelley-Redford-Jacal1900-1910-sm.jpg --> uts.cc.utexas.edu /export/httpd/vhosts/texasbeyondhistory/data/protect/trans-p/prehistory/images AR-Kelley-Redford-Jacal1900-1910-sm.jpg
2007.12.21 17:54 B L:\TBH Website Temp\trans-p\prehistory\images\AR-Kelley-1985-Fig1-LJ-rect-sm.jpg --> uts.cc.utexas.edu /export/httpd/vhosts/texasbeyondhistory/data/protect/trans-p/prehistory/images AR-Kelley-1985-Fig1-LJ-rect-sm.jpg
2007.12.21 17:54 B L:\TBH Website Temp\trans-p\prehistory\images\AR-Ojinaga-village-scene.jpg --> uts.cc.utexas.edu /export/httpd/vhosts/texasbeyondhistory/data/protect/trans-p/prehistory/images AR-Ojinaga-village-scene.jpg
2007.12.21 17:54 B L:\TBH Website Temp\trans-p\prehistory\images\AR-Ojinaga-village-scene-sm.jpg --> uts.cc.utexas.edu /export/httpd/vhosts/texasbeyondhistory/data/protect/trans-p/prehistory/images AR-Ojinaga-village-scene-sm.jpg
2007.12.21 17:54 B L:\TBH Website Temp\trans-p\prehistory\images\AR-Kelley-1985-Fig1-LJ-rect.jpg --> uts.cc.utexas.edu /export/httpd/vhosts/texasbeyondhistory/data/protect/trans-p/prehistory/images AR-Kelley-1985-Fig1-LJ-rect.jpg
2007.12.21 17:54 B L:\TBH Website Temp\trans-p\prehistory\images\AR-O'Laughlin-1980-keystone-co-crop.jpg --> uts.cc.utexas.edu /export/httpd/vhosts/texasbeyondhistory/data/protect/trans-p/prehistory/images AR-O'Laughlin-1980-keystone-co-crop.jpg
2007.12.21 17:54 B L:\TBH Website Temp\trans-p\prehistory\images\AR-O'Laughlin-1980-keystone-co-crop-sm.jpg --> uts.cc.utexas.edu /export/httpd/vhosts/texasbeyondhistory/data/protect/trans-p/prehistory/images AR-O'Laughlin-1980-keystone-co-crop-sm.jpg
2007.12.21 17:54 B L:\TBH Website Temp\trans-p\prehistory\images\close.gif --> uts.cc.utexas.edu /export/httpd/vhosts/texasbeyondhistory/data/protect/trans-p/prehistory/images close.gif
2007.12.21 17:54 B L:\TBH Website Temp\trans-p\prehistory\images\AR-nelson.jpg --> uts.cc.utexas.edu /export/httpd/vhosts/texasbeyondhistory/data/protect/trans-p/prehistory/images AR-nelson.jpg
2007.12.21 17:54 B L:\TBH Website Temp\trans-p\prehistory\images\AR-Firecracker-Rm26.jpg --> uts.cc.utexas.edu /export/httpd/vhosts/texasbeyondhistory/data/protect/trans-p/prehistory/images AR-Firecracker-Rm26.jpg
2007.12.21 18:43 B L:\TBH Website Temp\trans-p\prehistory\images\AG-Nelson-Firecracker-corn.html --> uts.cc.utexas.edu /export/httpd/vhosts/texasbeyondhistory/data/protect/trans-p/prehistory/images AG-Nelson-Firecracker-corn.html
2007.12.21 18:46 B L:\TBH Website Temp\trans-p\prehistory\images\architecture.html --> uts.cc.utexas.edu /export/httpd/vhosts/texasbeyondhistory/data/protect/trans-p/prehistory/images architecture.html
2007.12.21 18:46 B L:\TBH Website Temp\trans-p\prehistory\images\AR-Fig22-m-k-2004.html --> uts.cc.utexas.edu /export/httpd/vhosts/texasbeyondhistory/data/protect/trans-p/prehistory/images AR-Fig22-m-k-2004.html
2007.12.21 18:47 B L:\TBH Website Temp\trans-p\prehistory\images\AR-fig22-m-k-2004.html --> uts.cc.utexas.edu /export/httpd/vhosts/texasbeyondhistory/data/protect/trans-p/prehistory/images AR-fig22-m-k-2004.html
2008.01.02 17:23 B K:\TBH Website Temp\trans-p\prehistory\images\ceramics.html --> uts.cc.utexas.edu /export/httpd/vhosts/texasbeyondhistory/data/protect/trans-p/prehistory/images ceramics.html
2008.01.07 17:36 B K:\TBH Website Temp\trans-p\prehistory\images\ceramics.html --> uts.cc.utexas.edu /export/httpd/vhosts/texasbeyondhistory/data/protect/trans-p/prehistory/images ceramics.html
2008.01.07 17:36 B K:\TBH Website Temp\trans-p\prehistory\images\AR-CerroAlto-NEC-THC3.html --> uts.cc.utexas.edu /export/httpd/vhosts/texasbeyondhistory/data/protect/trans-p/prehistory/images AR-CerroAlto-NEC-THC3.html
2008.01.07 17:36 B K:\TBH Website Temp\trans-p\prehistory\images\architecture.html --> uts.cc.utexas.edu /export/httpd/vhosts/texasbeyondhistory/data/protect/trans-p/prehistory/images architecture.html
2008.01.07 17:36 B K:\TBH Website Temp\trans-p\prehistory\images\middle.html --> uts.cc.utexas.edu /export/httpd/vhosts/texasbeyondhistory/data/protect/trans-p/prehistory/images middle.html
2008.01.07 17:36 B K:\TBH Website Temp\trans-p\prehistory\images\AC-Bob-mammoth.html --> uts.cc.utexas.edu /export/httpd/vhosts/texasbeyondhistory/data/protect/trans-p/prehistory/images AC-Bob-mammoth.html
2008.01.07 17:36 B K:\TBH Website Temp\trans-p\prehistory\images\MA-Rosillos-Peak-Ohl.html --> uts.cc.utexas.edu /export/httpd/vhosts/texasbeyondhistory/data/protect/trans-p/prehistory/images MA-Rosillos-Peak-Ohl.html
2008.01.07 17:36 B K:\TBH Website Temp\trans-p\prehistory\images\MA-Rosillos-Peak-dart-points.html --> uts.cc.utexas.edu /export/httpd/vhosts/texasbeyondhistory/data/protect/trans-p/prehistory/images MA-Rosillos-Peak-dart-points.html
2008.01.07 17:36 B K:\TBH Website Temp\trans-p\prehistory\images\MA-Rosillos-Mts-Ohl.html --> uts.cc.utexas.edu /export/httpd/vhosts/texasbeyondhistory/data/protect/trans-p/prehistory/images MA-Rosillos-Mts-Ohl.html
2008.01.07 17:36 B K:\TBH Website Temp\trans-p\prehistory\images\MA-picklypear-Ohl.html --> uts.cc.utexas.edu /export/httpd/vhosts/texasbeyondhistory/data/protect/trans-p/prehistory/images MA-picklypear-Ohl.html
2008.01.07 17:36 B K:\TBH Website Temp\trans-p\prehistory\images\MA-Lizard-Hill-Ohl.html --> uts.cc.utexas.edu /export/httpd/vhosts/texasbeyondhistory/data/protect/trans-p/prehistory/images MA-Lizard-Hill-Ohl.html
2008.01.07 17:36 B K:\TBH Website Temp\trans-p\prehistory\images\MA-Lizard-Hill-cache2.html --> uts.cc.utexas.edu /export/httpd/vhosts/texasbeyondhistory/data/protect/trans-p/prehistory/images MA-Lizard-Hill-cache2.html
2008.01.07 17:36 B K:\TBH Website Temp\trans-p\prehistory\images\MA-Lizard-Hill-cache.html --> uts.cc.utexas.edu /export/httpd/vhosts/texasbeyondhistory/data/protect/trans-p/prehistory/images MA-Lizard-Hill-cache.html
2008.01.07 17:36 B K:\TBH Website Temp\trans-p\prehistory\images\LJ-Tres-Metates-F1.html --> uts.cc.utexas.edu /export/httpd/vhosts/texasbeyondhistory/data/protect/trans-p/prehistory/images LJ-Tres-Metates-F1.html
2008.01.07 17:36 B K:\TBH Website Temp\trans-p\prehistory\images\LJ-Potsherd-shelter-chup.html --> uts.cc.utexas.edu /export/httpd/vhosts/texasbeyondhistory/data/protect/trans-p/prehistory/images LJ-Potsherd-shelter-chup.html
2008.01.07 17:36 B K:\TBH Website Temp\trans-p\prehistory\images\LJ-foraging-radii.html --> uts.cc.utexas.edu /export/httpd/vhosts/texasbeyondhistory/data/protect/trans-p/prehistory/images LJ-foraging-radii.html
2008.01.07 17:36 B K:\TBH Website Temp\trans-p\prehistory\images\EP-Chispa-quarries.html --> uts.cc.utexas.edu /export/httpd/vhosts/texasbeyondhistory/data/protect/trans-p/prehistory/images EP-Chispa-quarries.html
2008.01.07 17:36 B K:\TBH Website Temp\trans-p\prehistory\images\EP-Chispa-main-area.html --> uts.cc.utexas.edu /export/httpd/vhosts/texasbeyondhistory/data/protect/trans-p/prehistory/images EP-Chispa-main-area.html
2008.01.07 17:36 B K:\TBH Website Temp\trans-p\prehistory\images\EP-Chispa-Folsom.html --> uts.cc.utexas.edu /export/httpd/vhosts/texasbeyondhistory/data/protect/trans-p/prehistory/images EP-Chispa-Folsom.html
2008.01.07 17:36 B K:\TBH Website Temp\trans-p\prehistory\images\EP-BBRSP-Folsom.html --> uts.cc.utexas.edu /export/httpd/vhosts/texasbeyondhistory/data/protect/trans-p/prehistory/images EP-BBRSP-Folsom.html
2008.01.07 17:36 B K:\TBH Website Temp\trans-p\prehistory\images\MA-Sotol-Ohl.html --> uts.cc.utexas.edu /export/httpd/vhosts/texasbeyondhistory/data/protect/trans-p/prehistory/images MA-Sotol-Ohl.html
2008.01.07 17:36 B K:\TBH Website Temp\trans-p\prehistory\images\AR-fig22-m-k-2004.html --> uts.cc.utexas.edu /export/httpd/vhosts/texasbeyondhistory/data/protect/trans-p/prehistory/images AR-fig22-m-k-2004.html
2008.01.07 17:36 B K:\TBH Website Temp\trans-p\prehistory\images\CER-chupadero-black-on-white.html --> uts.cc.utexas.edu /export/httpd/vhosts/texasbeyondhistory/data/protect/trans-p/prehistory/images CER-chupadero-black-on-white.html
2008.01.07 17:36 B K:\TBH Website Temp\trans-p\prehistory\images\CER-casas-grandes.html --> uts.cc.utexas.edu /export/httpd/vhosts/texasbeyondhistory/data/protect/trans-p/prehistory/images CER-casas-grandes.html
2008.01.07 17:36 B K:\TBH Website Temp\trans-p\prehistory\images\AR-Wickiup.html --> uts.cc.utexas.edu /export/httpd/vhosts/texasbeyondhistory/data/protect/trans-p/prehistory/images AR-Wickiup.html
2008.01.07 17:36 B K:\TBH Website Temp\trans-p\prehistory\images\AR-pithouse-centennial.html --> uts.cc.utexas.edu /export/httpd/vhosts/texasbeyondhistory/data/protect/trans-p/prehistory/images AR-pithouse-centennial.html
2008.01.07 17:36 B K:\TBH Website Temp\trans-p\prehistory\images\AR-PC14-C15-F25-WickiupRing.html --> uts.cc.utexas.edu /export/httpd/vhosts/texasbeyondhistory/data/protect/trans-p/prehistory/images AR-PC14-C15-F25-WickiupRing.html
2008.01.07 17:36 B K:\TBH Website Temp\trans-p\prehistory\images\AR-Ojinaga-village-scene.html --> uts.cc.utexas.edu /export/httpd/vhosts/texasbeyondhistory/data/protect/trans-p/prehistory/images AR-Ojinaga-village-scene.html
2008.01.07 17:36 B K:\TBH Website Temp\trans-p\prehistory\images\AR-nelson.html --> uts.cc.utexas.edu /export/httpd/vhosts/texasbeyondhistory/data/protect/trans-p/prehistory/images AR-nelson.html
2008.01.07 17:36 B K:\TBH Website Temp\trans-p\prehistory\images\AR-keystone-co-crop.html --> uts.cc.utexas.edu /export/httpd/vhosts/texasbeyondhistory/data/protect/trans-p/prehistory/images AR-keystone-co-crop.html
2008.01.07 17:36 B K:\TBH Website Temp\trans-p\prehistory\images\AR-Kelley-Redford-Jacal1900-1910.html --> uts.cc.utexas.edu /export/httpd/vhosts/texasbeyondhistory/data/protect/trans-p/prehistory/images AR-Kelley-Redford-Jacal1900-1910.html
2008.01.07 17:36 B K:\TBH Website Temp\trans-p\prehistory\images\AR-Kelley-1985-Fig1-LJ-rect.html --> uts.cc.utexas.edu /export/httpd/vhosts/texasbeyondhistory/data/protect/trans-p/prehistory/images AR-Kelley-1985-Fig1-LJ-rect.html
2008.01.07 17:36 B K:\TBH Website Temp\trans-p\prehistory\images\AR-Hueco-tpwd-house2-fig6.html --> uts.cc.utexas.edu /export/httpd/vhosts/texasbeyondhistory/data/protect/trans-p/prehistory/images AR-Hueco-tpwd-house2-fig6.html
2008.01.07 17:36 B K:\TBH Website Temp\trans-p\prehistory\images\AR-Firecracker-Rm26.html --> uts.cc.utexas.edu /export/httpd/vhosts/texasbeyondhistory/data/protect/trans-p/prehistory/images AR-Firecracker-Rm26.html
2008.01.07 17:36 B K:\TBH Website Temp\trans-p\prehistory\images\EA-Miller-Kenmotsu-fig12.html --> uts.cc.utexas.edu /export/httpd/vhosts/texasbeyondhistory/data/protect/trans-p/prehistory/images EA-Miller-Kenmotsu-fig12.html
2008.01.07 17:36 B K:\TBH Website Temp\trans-p\prehistory\images\EA-huecotanks.html --> uts.cc.utexas.edu /export/httpd/vhosts/texasbeyondhistory/data/protect/trans-p/prehistory/images EA-huecotanks.html
2008.01.07 17:36 B K:\TBH Website Temp\trans-p\prehistory\images\EA-eastern-CBBS.html --> uts.cc.utexas.edu /export/httpd/vhosts/texasbeyondhistory/data/protect/trans-p/prehistory/images EA-eastern-CBBS.html
2008.01.07 17:36 B K:\TBH Website Temp\trans-p\prehistory\images\CER-mimbres.html --> uts.cc.utexas.edu /export/httpd/vhosts/texasbeyondhistory/data/protect/trans-p/prehistory/images CER-mimbres.html
2008.01.07 17:36 B K:\TBH Website Temp\trans-p\prehistory\images\CER-JD2-C3-tarl.html --> uts.cc.utexas.edu /export/httpd/vhosts/texasbeyondhistory/data/protect/trans-p/prehistory/images CER-JD2-C3-tarl.html
2008.01.07 17:36 B K:\TBH Website Temp\trans-p\prehistory\images\CER-EP1532-96.html --> uts.cc.utexas.edu /export/httpd/vhosts/texasbeyondhistory/data/protect/trans-p/prehistory/images CER-EP1532-96.html
2008.01.07 17:36 B K:\TBH Website Temp\trans-p\prehistory\images\CER-elpaso-poly.html --> uts.cc.utexas.edu /export/httpd/vhosts/texasbeyondhistory/data/protect/trans-p/prehistory/images CER-elpaso-poly.html
2008.01.07 17:36 B K:\TBH Website Temp\trans-p\prehistory\images\CER-elpaso-brownware.html --> uts.cc.utexas.edu /export/httpd/vhosts/texasbeyondhistory/data/protect/trans-p/prehistory/images CER-elpaso-brownware.html
2008.01.07 17:36 B K:\TBH Website Temp\trans-p\prehistory\images\AG-sw-corn.html --> uts.cc.utexas.edu /export/httpd/vhosts/texasbeyondhistory/data/protect/trans-p/prehistory/images AG-sw-corn.html
2008.01.07 17:36 B K:\TBH Website Temp\trans-p\prehistory\images\AG-Nelson-Firecracker-corn.html --> uts.cc.utexas.edu /export/httpd/vhosts/texasbeyondhistory/data/protect/trans-p/prehistory/images AG-Nelson-Firecracker-corn.html
2008.01.07 17:36 B K:\TBH Website Temp\trans-p\prehistory\images\AG-Miller-Kenmotsu-2004-fig29.html --> uts.cc.utexas.edu /export/httpd/vhosts/texasbeyondhistory/data/protect/trans-p/prehistory/images AG-Miller-Kenmotsu-2004-fig29.html
2008.01.07 17:36 B K:\TBH Website Temp\trans-p\prehistory\images\AG-Fire-88.html --> uts.cc.utexas.edu /export/httpd/vhosts/texasbeyondhistory/data/protect/trans-p/prehistory/images AG-Fire-88.html
2008.01.07 17:36 B K:\TBH Website Temp\trans-p\prehistory\images\AG-Crops-of-America.html --> uts.cc.utexas.edu /export/httpd/vhosts/texasbeyondhistory/data/protect/trans-p/prehistory/images AG-Crops-of-America.html
2008.01.07 17:36 B K:\TBH Website Temp\trans-p\prehistory\images\AR-fig21-m-k-2004.html --> uts.cc.utexas.edu /export/httpd/vhosts/texasbeyondhistory/data/protect/trans-p/prehistory/images AR-fig21-m-k-2004.html
2008.01.07 17:36 B K:\TBH Website Temp\trans-p\prehistory\images\AR-fig14-m-k-2004.html --> uts.cc.utexas.edu /export/httpd/vhosts/texasbeyondhistory/data/protect/trans-p/prehistory/images AR-fig14-m-k-2004.html
2008.01.07 17:36 B K:\TBH Website Temp\trans-p\prehistory\images\AG-sw-squash.html --> uts.cc.utexas.edu /export/httpd/vhosts/texasbeyondhistory/data/protect/trans-p/prehistory/images AG-sw-squash.html
2008.01.07 17:36 B K:\TBH Website Temp\trans-p\prehistory\images\CBBS-Paleo-Gray.html --> uts.cc.utexas.edu /export/httpd/vhosts/texasbeyondhistory/data/protect/trans-p/prehistory/images CBBS-Paleo-Gray.html
