2001.07.31 14:10 B C:\WINDOWS\desktop\TBH\Recent\Templates\bonfire.dwt --> tarlserver.tarl.utexas.edu /Website Stuff/TBH Website Temp/Templates bonfire.dwt
2001.07.31 14:10 B C:\WINDOWS\desktop\TBH\Recent\Templates\normal.dwt --> tarlserver.tarl.utexas.edu /Website Stuff/TBH Website Temp/Templates normal.dwt
2001.07.31 16:39 B C:\WINDOWS\desktop\TBH\Recent\Templates\bonfire.dwt <-- TARL /Website Stuff/TBH Website Temp/Templates bonfire.dwt
2001.07.31 16:39 B C:\WINDOWS\desktop\TBH\Recent\Templates\normal.dwt <-- TARL /Website Stuff/TBH Website Temp/Templates normal.dwt
2001.07.31 16:53 B C:\WINDOWS\desktop\TBH\Recent\Templates\WS_FTP.LOG --> tarlserver.tarl.utexas.edu /Website Stuff/TBH Website Temp/Templates WS_FTP.LOG
2001.10.02 03:10 B C:\WINDOWS\Desktop\TBH\Recent\Templates\ceremonial.dwt --> uts.cc.utexas.edu /export/httpd/vhosts/texasbeyondhistory/data/Templates ceremonial.dwt
2001.10.02 03:10 B C:\WINDOWS\Desktop\TBH\Recent\Templates\falcon.dwt --> uts.cc.utexas.edu /export/httpd/vhosts/texasbeyondhistory/data/Templates falcon.dwt
2001.10.02 03:10 B C:\WINDOWS\Desktop\TBH\Recent\Templates\falcon.dwt.LCK --> uts.cc.utexas.edu /export/httpd/vhosts/texasbeyondhistory/data/Templates falcon.dwt.LCK
2001.10.02 03:10 B C:\WINDOWS\Desktop\TBH\Recent\Templates\firecracker.dwt --> uts.cc.utexas.edu /export/httpd/vhosts/texasbeyondhistory/data/Templates firecracker.dwt
2001.10.02 03:10 B C:\WINDOWS\Desktop\TBH\Recent\Templates\ford.dwt --> uts.cc.utexas.edu /export/httpd/vhosts/texasbeyondhistory/data/Templates ford.dwt
2001.10.02 03:10 B C:\WINDOWS\Desktop\TBH\Recent\Templates\gault.dwt --> uts.cc.utexas.edu /export/httpd/vhosts/texasbeyondhistory/data/Templates gault.dwt
2001.10.02 03:10 B C:\WINDOWS\Desktop\TBH\Recent\Templates\gilbert.dwt --> uts.cc.utexas.edu /export/httpd/vhosts/texasbeyondhistory/data/Templates gilbert.dwt
2001.10.02 03:10 B C:\WINDOWS\Desktop\TBH\Recent\Templates\graham.dwt --> uts.cc.utexas.edu /export/httpd/vhosts/texasbeyondhistory/data/Templates graham.dwt
2001.10.02 03:10 B C:\WINDOWS\Desktop\TBH\Recent\Templates\haas.dwt --> uts.cc.utexas.edu /export/httpd/vhosts/texasbeyondhistory/data/Templates haas.dwt
2001.10.02 03:10 B C:\WINDOWS\Desktop\TBH\Recent\Templates\image-lg.dwt.LCK --> uts.cc.utexas.edu /export/httpd/vhosts/texasbeyondhistory/data/Templates image-lg.dwt.LCK
2001.10.02 03:11 B C:\WINDOWS\Desktop\TBH\Recent\Templates\kids.dwt --> uts.cc.utexas.edu /export/httpd/vhosts/texasbeyondhistory/data/Templates kids.dwt
2001.10.02 03:11 B C:\WINDOWS\Desktop\TBH\Recent\Templates\lubbock.dwt --> uts.cc.utexas.edu /export/httpd/vhosts/texasbeyondhistory/data/Templates lubbock.dwt
2001.10.02 03:11 B C:\WINDOWS\Desktop\TBH\Recent\Templates\nasoni.dwt --> uts.cc.utexas.edu /export/httpd/vhosts/texasbeyondhistory/data/Templates nasoni.dwt
2001.10.02 03:11 B C:\WINDOWS\Desktop\TBH\Recent\Templates\normal.dwt.LCK --> uts.cc.utexas.edu /export/httpd/vhosts/texasbeyondhistory/data/Templates normal.dwt.LCK
2001.10.02 03:11 B C:\WINDOWS\Desktop\TBH\Recent\Templates\pecos.dwt --> uts.cc.utexas.edu /export/httpd/vhosts/texasbeyondhistory/data/Templates pecos.dwt
2001.10.02 03:11 B C:\WINDOWS\Desktop\TBH\Recent\Templates\redriver.dwt --> uts.cc.utexas.edu /export/httpd/vhosts/texasbeyondhistory/data/Templates redriver.dwt
2001.10.02 03:11 B C:\WINDOWS\Desktop\TBH\Recent\Templates\sansaba.dwt --> uts.cc.utexas.edu /export/httpd/vhosts/texasbeyondhistory/data/Templates sansaba.dwt
2001.10.02 03:11 B C:\WINDOWS\Desktop\TBH\Recent\Templates\special.dwt --> uts.cc.utexas.edu /export/httpd/vhosts/texasbeyondhistory/data/Templates special.dwt
2001.10.02 03:11 B C:\WINDOWS\Desktop\TBH\Recent\Templates\teach.dwt --> uts.cc.utexas.edu /export/httpd/vhosts/texasbeyondhistory/data/Templates teach.dwt
2001.10.11 15:17 B M:\Website Stuff\TBH Website Temp\Templates\WS_FTP.LOG <-- texasbeyondhistory /export/httpd/vhosts/texasbeyondhistory/data/Templates WS_FTP.LOG
2003.08.06 09:16 B K:\TBH Website Temp\Templates\tejas.dwt --> uts.cc.utexas.edu /export/httpd/vhosts/texasbeyondhistory/data/Templates tejas.dwt
2003.08.06 09:16 B K:\TBH Website Temp\Templates\tejasimage-lg.dwt --> uts.cc.utexas.edu /export/httpd/vhosts/texasbeyondhistory/data/Templates tejasimage-lg.dwt
2005.04.04 13:44 B L:\TBH Website Temp\Templates\aldridge.dwt --> uts.cc.utexas.edu /export/httpd/vhosts/texasbeyondhistory/data/Templates aldridge.dwt
2005.04.04 13:44 B L:\TBH Website Temp\Templates\alibates-fl.dwt --> uts.cc.utexas.edu /export/httpd/vhosts/texasbeyondhistory/data/Templates alibates-fl.dwt
2005.04.04 13:44 B L:\TBH Website Temp\Templates\alibates.dwt --> uts.cc.utexas.edu /export/httpd/vhosts/texasbeyondhistory/data/Templates alibates.dwt
2005.04.04 13:44 B L:\TBH Website Temp\Templates\bonfire-long.dwt --> uts.cc.utexas.edu /export/httpd/vhosts/texasbeyondhistory/data/Templates bonfire-long.dwt
2005.04.04 13:44 B L:\TBH Website Temp\Templates\bonfire.dwt --> uts.cc.utexas.edu /export/httpd/vhosts/texasbeyondhistory/data/Templates bonfire.dwt
2005.04.04 13:44 B L:\TBH Website Temp\Templates\bowie.dwt --> uts.cc.utexas.edu /export/httpd/vhosts/texasbeyondhistory/data/Templates bowie.dwt
2005.04.04 13:44 B L:\TBH Website Temp\Templates\ceremonial.dwt --> uts.cc.utexas.edu /export/httpd/vhosts/texasbeyondhistory/data/Templates ceremonial.dwt
2005.04.04 13:44 B L:\TBH Website Temp\Templates\falcon.dwt --> uts.cc.utexas.edu /export/httpd/vhosts/texasbeyondhistory/data/Templates falcon.dwt
2005.04.04 13:44 B L:\TBH Website Temp\Templates\firecracker.dwt --> uts.cc.utexas.edu /export/httpd/vhosts/texasbeyondhistory/data/Templates firecracker.dwt
2005.04.04 13:44 B L:\TBH Website Temp\Templates\ford.dwt --> uts.cc.utexas.edu /export/httpd/vhosts/texasbeyondhistory/data/Templates ford.dwt
2005.04.04 13:44 B L:\TBH Website Temp\Templates\forts.dwt --> uts.cc.utexas.edu /export/httpd/vhosts/texasbeyondhistory/data/Templates forts.dwt
2005.04.04 13:44 B L:\TBH Website Temp\Templates\gault.dwt --> uts.cc.utexas.edu /export/httpd/vhosts/texasbeyondhistory/data/Templates gault.dwt
2005.04.04 13:44 B L:\TBH Website Temp\Templates\gilbert.dwt --> uts.cc.utexas.edu /export/httpd/vhosts/texasbeyondhistory/data/Templates gilbert.dwt
2005.04.04 13:44 B L:\TBH Website Temp\Templates\graham.dwt --> uts.cc.utexas.edu /export/httpd/vhosts/texasbeyondhistory/data/Templates graham.dwt
2005.04.04 13:44 B L:\TBH Website Temp\Templates\granado.dwt --> uts.cc.utexas.edu /export/httpd/vhosts/texasbeyondhistory/data/Templates granado.dwt
2005.04.04 13:44 B L:\TBH Website Temp\Templates\haas.dwt --> uts.cc.utexas.edu /export/httpd/vhosts/texasbeyondhistory/data/Templates haas.dwt
2005.04.04 13:44 B L:\TBH Website Temp\Templates\harrell.dwt --> uts.cc.utexas.edu /export/httpd/vhosts/texasbeyondhistory/data/Templates harrell.dwt
2005.04.04 13:44 B L:\TBH Website Temp\Templates\image-lg.dwt --> uts.cc.utexas.edu /export/httpd/vhosts/texasbeyondhistory/data/Templates image-lg.dwt
2005.04.04 13:44 B L:\TBH Website Temp\Templates\kids.dwt --> uts.cc.utexas.edu /export/httpd/vhosts/texasbeyondhistory/data/Templates kids.dwt
2005.04.04 13:44 B L:\TBH Website Temp\Templates\kincaid.dwt --> uts.cc.utexas.edu /export/httpd/vhosts/texasbeyondhistory/data/Templates kincaid.dwt
2005.04.04 13:44 B L:\TBH Website Temp\Templates\lakejackson.dwt --> uts.cc.utexas.edu /export/httpd/vhosts/texasbeyondhistory/data/Templates lakejackson.dwt
2005.04.04 13:44 B L:\TBH Website Temp\Templates\lesson.dwt --> uts.cc.utexas.edu /export/httpd/vhosts/texasbeyondhistory/data/Templates lesson.dwt
2005.04.04 13:44 B L:\TBH Website Temp\Templates\lubbock.dwt --> uts.cc.utexas.edu /export/httpd/vhosts/texasbeyondhistory/data/Templates lubbock.dwt
2005.04.04 13:44 B L:\TBH Website Temp\Templates\nasoni.dwt --> uts.cc.utexas.edu /export/httpd/vhosts/texasbeyondhistory/data/Templates nasoni.dwt
2005.04.04 13:44 B L:\TBH Website Temp\Templates\normal.dwt --> uts.cc.utexas.edu /export/httpd/vhosts/texasbeyondhistory/data/Templates normal.dwt
2005.04.04 13:44 B L:\TBH Website Temp\Templates\osborn.dwt --> uts.cc.utexas.edu /export/httpd/vhosts/texasbeyondhistory/data/Templates osborn.dwt
2005.04.04 13:44 B L:\TBH Website Temp\Templates\pavoreal.dwt --> uts.cc.utexas.edu /export/httpd/vhosts/texasbeyondhistory/data/Templates pavoreal.dwt
2005.04.04 13:44 B L:\TBH Website Temp\Templates\pecos.dwt --> uts.cc.utexas.edu /export/httpd/vhosts/texasbeyondhistory/data/Templates pecos.dwt
2005.04.04 13:44 B L:\TBH Website Temp\Templates\ppvillagers.dwt --> uts.cc.utexas.edu /export/httpd/vhosts/texasbeyondhistory/data/Templates ppvillagers.dwt
2005.04.04 13:44 B L:\TBH Website Temp\Templates\redriver.dwt --> uts.cc.utexas.edu /export/httpd/vhosts/texasbeyondhistory/data/Templates redriver.dwt
2005.04.04 13:44 B L:\TBH Website Temp\Templates\sansaba.dwt --> uts.cc.utexas.edu /export/httpd/vhosts/texasbeyondhistory/data/Templates sansaba.dwt
2005.04.04 13:44 B L:\TBH Website Temp\Templates\special.dwt --> uts.cc.utexas.edu /export/httpd/vhosts/texasbeyondhistory/data/Templates special.dwt
2005.04.04 13:44 B L:\TBH Website Temp\Templates\stone.dwt --> uts.cc.utexas.edu /export/httpd/vhosts/texasbeyondhistory/data/Templates stone.dwt
2005.04.04 13:44 B L:\TBH Website Temp\Templates\teach.dwt --> uts.cc.utexas.edu /export/httpd/vhosts/texasbeyondhistory/data/Templates teach.dwt
2005.04.04 13:44 B L:\TBH Website Temp\Templates\tejas.dwt --> uts.cc.utexas.edu /export/httpd/vhosts/texasbeyondhistory/data/Templates tejas.dwt
2005.04.04 13:44 B L:\TBH Website Temp\Templates\tejasimage-lg.dwt --> uts.cc.utexas.edu /export/httpd/vhosts/texasbeyondhistory/data/Templates tejasimage-lg.dwt
2005.04.04 13:44 B L:\TBH Website Temp\Templates\test.dwt --> uts.cc.utexas.edu /export/httpd/vhosts/texasbeyondhistory/data/Templates test.dwt
2005.04.04 13:44 B L:\TBH Website Temp\Templates\theme.dwt --> uts.cc.utexas.edu /export/httpd/vhosts/texasbeyondhistory/data/Templates theme.dwt
2005.04.04 13:44 B L:\TBH Website Temp\Templates\timberhill.dwt --> uts.cc.utexas.edu /export/httpd/vhosts/texasbeyondhistory/data/Templates timberhill.dwt
2005.04.04 13:44 B L:\TBH Website Temp\Templates\waxcamps.dwt --> uts.cc.utexas.edu /export/httpd/vhosts/texasbeyondhistory/data/Templates waxcamps.dwt
2005.06.19 12:03 B L:\TBH Website Temp\Templates\WS_FTP.LOG <-- texasbeyondhistory /export/httpd/vhosts/texasbeyondhistory/data/Templates WS_FTP.LOG
2005.08.18 12:05 B L:\TBH Website Temp\Templates\kids.dwt --> uts.cc.utexas.edu /export/httpd/vhosts/texasbeyondhistory/data/Templates kids.dwt
2006.06.02 16:52 B L:\TBH Website Temp\Templates\st-plains.dwt --> uts.cc.utexas.edu /export/httpd/vhosts/texasbeyondhistory/data/protect/Templates st-plains.dwt
2006.09.11 10:19 B L:\TBH Website Temp\Templates\espiritusanto.dwt --> uts.cc.utexas.edu /export/httpd/vhosts/texasbeyondhistory/data/Templates espiritusanto.dwt
2006.09.11 10:19 B L:\TBH Website Temp\Templates\beene.dwt --> uts.cc.utexas.edu /export/httpd/vhosts/texasbeyondhistory/data/Templates beene.dwt
2006.09.11 10:19 B L:\TBH Website Temp\Templates\morhiss.dwt --> uts.cc.utexas.edu /export/httpd/vhosts/texasbeyondhistory/data/Templates morhiss.dwt
2006.09.11 10:19 B L:\TBH Website Temp\Templates\choke.dwt --> uts.cc.utexas.edu /export/httpd/vhosts/texasbeyondhistory/data/Templates choke.dwt
2006.09.11 10:19 B L:\TBH Website Temp\Templates\gateway.dwt --> uts.cc.utexas.edu /export/httpd/vhosts/texasbeyondhistory/data/Templates gateway.dwt
2006.09.11 10:19 B L:\TBH Website Temp\Templates\st-plains.dwt --> uts.cc.utexas.edu /export/httpd/vhosts/texasbeyondhistory/data/Templates st-plains.dwt
2006.09.11 10:20 B L:\TBH Website Temp\Templates\espiritusanto.dwt --> uts.cc.utexas.edu /export/httpd/vhosts/texasbeyondhistory/data/protect/Templates espiritusanto.dwt
2006.09.11 10:20 B L:\TBH Website Temp\Templates\beene.dwt --> uts.cc.utexas.edu /export/httpd/vhosts/texasbeyondhistory/data/protect/Templates beene.dwt
2006.09.11 10:20 B L:\TBH Website Temp\Templates\morhiss.dwt --> uts.cc.utexas.edu /export/httpd/vhosts/texasbeyondhistory/data/protect/Templates morhiss.dwt
2006.09.11 10:20 B L:\TBH Website Temp\Templates\choke.dwt --> uts.cc.utexas.edu /export/httpd/vhosts/texasbeyondhistory/data/protect/Templates choke.dwt
2006.09.11 10:20 B L:\TBH Website Temp\Templates\gateway.dwt --> uts.cc.utexas.edu /export/httpd/vhosts/texasbeyondhistory/data/protect/Templates gateway.dwt
2006.09.11 10:21 B L:\TBH Website Temp\Templates\st-plains.dwt --> uts.cc.utexas.edu /export/httpd/vhosts/texasbeyondhistory/data/protect/Templates st-plains.dwt
2006.09.18 10:37 B L:\TBH Website Temp\Templates\espiritusanto.dwt --> uts.cc.utexas.edu /export/httpd/vhosts/texasbeyondhistory/data/Templates espiritusanto.dwt
2006.09.18 10:37 B L:\TBH Website Temp\Templates\choke2.dwt --> uts.cc.utexas.edu /export/httpd/vhosts/texasbeyondhistory/data/Templates choke2.dwt
2006.09.18 10:37 B L:\TBH Website Temp\Templates\gateway.dwt --> uts.cc.utexas.edu /export/httpd/vhosts/texasbeyondhistory/data/Templates gateway.dwt
2006.09.18 10:37 B L:\TBH Website Temp\Templates\beene.dwt --> uts.cc.utexas.edu /export/httpd/vhosts/texasbeyondhistory/data/Templates beene.dwt
2006.09.18 10:37 B L:\TBH Website Temp\Templates\morhiss.dwt --> uts.cc.utexas.edu /export/httpd/vhosts/texasbeyondhistory/data/Templates morhiss.dwt
2006.09.18 10:37 B L:\TBH Website Temp\Templates\st-plains.dwt --> uts.cc.utexas.edu /export/httpd/vhosts/texasbeyondhistory/data/Templates st-plains.dwt
2006.09.18 10:37 B L:\TBH Website Temp\Templates\choke.dwt --> uts.cc.utexas.edu /export/httpd/vhosts/texasbeyondhistory/data/Templates choke.dwt
2006.09.18 14:46 B L:\TBH Website Temp\Templates\espiritusanto.dwt --> uts.cc.utexas.edu /export/httpd/vhosts/texasbeyondhistory/data/Templates espiritusanto.dwt
2006.09.18 15:19 B L:\TBH Website Temp\Templates\beene.dwt --> uts.cc.utexas.edu /export/httpd/vhosts/texasbeyondhistory/data/Templates beene.dwt
2006.09.18 15:19 B L:\TBH Website Temp\Templates\morhiss.dwt --> uts.cc.utexas.edu /export/httpd/vhosts/texasbeyondhistory/data/Templates morhiss.dwt
