2001.08.31 18:31 B C:\WINDOWS\Desktop\TBH\Recent\rubin\images\road-scene.jpg <-- TARL /Website Stuff/Transfer to Meg/Rubin road-scene.jpg
2001.08.31 19:51 B D:\TBH Temp\rubin\images\WS_FTP.LOG <-- Texas Beyond History /Website Stuff/TBH Website Temp/rubin/images WS_FTP.LOG
2001.08.31 19:51 B D:\TBH Temp\rubin\images\WS_FTP.LOG.LCK <-- Texas Beyond History /Website Stuff/TBH Website Temp/rubin/images WS_FTP.LOG.LCK
2001.09.01 09:19 B D:\TBH Temp\rubin\images\road-scene.jpg <-- Texas Beyond History /Website Stuff/TBH Website Temp/rubin/images road-scene.jpg
2001.09.01 22:27 B D:\TBH Temp\rubin\images\aerial-lg.jpg --> uts.cc.utexas.edu /usr/pub/www/research/tarl/abouttarl/tbh/rubin/images aerial-lg.jpg
2001.09.01 22:27 B D:\TBH Temp\rubin\images\aerial-lg.jpg.LCK --> uts.cc.utexas.edu /usr/pub/www/research/tarl/abouttarl/tbh/rubin/images aerial-lg.jpg.LCK
2001.09.01 22:27 B D:\TBH Temp\rubin\images\aerial-sm.jpg --> uts.cc.utexas.edu /usr/pub/www/research/tarl/abouttarl/tbh/rubin/images aerial-sm.jpg
2001.09.01 22:27 B D:\TBH Temp\rubin\images\aerial-sm.jpg.LCK --> uts.cc.utexas.edu /usr/pub/www/research/tarl/abouttarl/tbh/rubin/images aerial-sm.jpg.LCK
2001.09.01 22:27 B D:\TBH Temp\rubin\images\aerial.html --> uts.cc.utexas.edu /usr/pub/www/research/tarl/abouttarl/tbh/rubin/images aerial.html
2001.09.01 22:27 B D:\TBH Temp\rubin\images\aerial.html.LCK --> uts.cc.utexas.edu /usr/pub/www/research/tarl/abouttarl/tbh/rubin/images aerial.html.LCK
2001.09.01 22:27 B D:\TBH Temp\rubin\images\artifacts--selection-lg.jpg --> uts.cc.utexas.edu /usr/pub/www/research/tarl/abouttarl/tbh/rubin/images artifacts--selection-lg.jpg
2001.09.01 22:27 B D:\TBH Temp\rubin\images\artifacts--selection-lg.jpg.LCK --> uts.cc.utexas.edu /usr/pub/www/research/tarl/abouttarl/tbh/rubin/images artifacts--selection-lg.jpg.LCK
2001.09.01 22:27 B D:\TBH Temp\rubin\images\artifacts--selection-sm.jpg --> uts.cc.utexas.edu /usr/pub/www/research/tarl/abouttarl/tbh/rubin/images artifacts--selection-sm.jpg
2001.09.01 22:27 B D:\TBH Temp\rubin\images\artifacts--selection-sm.jpg.LCK --> uts.cc.utexas.edu /usr/pub/www/research/tarl/abouttarl/tbh/rubin/images artifacts--selection-sm.jpg.LCK
2001.09.01 22:27 B D:\TBH Temp\rubin\images\artifacts--selection.html --> uts.cc.utexas.edu /usr/pub/www/research/tarl/abouttarl/tbh/rubin/images artifacts--selection.html
2001.09.01 22:27 B D:\TBH Temp\rubin\images\artifacts--selection.html.LCK --> uts.cc.utexas.edu /usr/pub/www/research/tarl/abouttarl/tbh/rubin/images artifacts--selection.html.LCK
2001.09.01 22:27 B D:\TBH Temp\rubin\images\Fig. 10-lg.jpg --> uts.cc.utexas.edu /usr/pub/www/research/tarl/abouttarl/tbh/rubin/images Fig. 10-lg.jpg
2001.09.01 22:27 B D:\TBH Temp\rubin\images\Fig. 10-lg.jpg.LCK --> uts.cc.utexas.edu /usr/pub/www/research/tarl/abouttarl/tbh/rubin/images Fig. 10-lg.jpg.LCK
2001.09.01 22:27 B D:\TBH Temp\rubin\images\Fig. 10-sm.jpg --> uts.cc.utexas.edu /usr/pub/www/research/tarl/abouttarl/tbh/rubin/images Fig. 10-sm.jpg
2001.09.01 22:27 B D:\TBH Temp\rubin\images\Fig. 10-sm.jpg.LCK --> uts.cc.utexas.edu /usr/pub/www/research/tarl/abouttarl/tbh/rubin/images Fig. 10-sm.jpg.LCK
2001.09.01 22:27 B D:\TBH Temp\rubin\images\Fig. 10.html --> uts.cc.utexas.edu /usr/pub/www/research/tarl/abouttarl/tbh/rubin/images Fig. 10.html
2001.09.01 22:27 B D:\TBH Temp\rubin\images\Fig. 10.html.LCK --> uts.cc.utexas.edu /usr/pub/www/research/tarl/abouttarl/tbh/rubin/images Fig. 10.html.LCK
2001.09.01 22:28 B D:\TBH Temp\rubin\images\Fig. 13-lg.jpg --> uts.cc.utexas.edu /usr/pub/www/research/tarl/abouttarl/tbh/rubin/images Fig. 13-lg.jpg
2001.09.01 22:28 B D:\TBH Temp\rubin\images\Fig. 13-lg.jpg.LCK --> uts.cc.utexas.edu /usr/pub/www/research/tarl/abouttarl/tbh/rubin/images Fig. 13-lg.jpg.LCK
2001.09.01 22:28 B D:\TBH Temp\rubin\images\Fig. 13-sm.jpg --> uts.cc.utexas.edu /usr/pub/www/research/tarl/abouttarl/tbh/rubin/images Fig. 13-sm.jpg
2001.09.01 22:28 B D:\TBH Temp\rubin\images\Fig. 13-sm.jpg.LCK --> uts.cc.utexas.edu /usr/pub/www/research/tarl/abouttarl/tbh/rubin/images Fig. 13-sm.jpg.LCK
2001.09.01 22:28 B D:\TBH Temp\rubin\images\Fig. 13.html --> uts.cc.utexas.edu /usr/pub/www/research/tarl/abouttarl/tbh/rubin/images Fig. 13.html
2001.09.01 22:28 B D:\TBH Temp\rubin\images\Fig. 13.html.LCK --> uts.cc.utexas.edu /usr/pub/www/research/tarl/abouttarl/tbh/rubin/images Fig. 13.html.LCK
2001.09.01 22:28 B D:\TBH Temp\rubin\images\Fig. 31- Buttons-lg.jpg --> uts.cc.utexas.edu /usr/pub/www/research/tarl/abouttarl/tbh/rubin/images Fig. 31- Buttons-lg.jpg
2001.09.01 22:28 B D:\TBH Temp\rubin\images\Fig. 31- Buttons-lg.jpg.LCK --> uts.cc.utexas.edu /usr/pub/www/research/tarl/abouttarl/tbh/rubin/images Fig. 31- Buttons-lg.jpg.LCK
2001.09.01 22:28 B D:\TBH Temp\rubin\images\Fig. 31- Buttons-sm.jpg --> uts.cc.utexas.edu /usr/pub/www/research/tarl/abouttarl/tbh/rubin/images Fig. 31- Buttons-sm.jpg
2001.09.01 22:28 B D:\TBH Temp\rubin\images\Fig. 31- Buttons-sm.jpg.LCK --> uts.cc.utexas.edu /usr/pub/www/research/tarl/abouttarl/tbh/rubin/images Fig. 31- Buttons-sm.jpg.LCK
2001.09.01 22:28 B D:\TBH Temp\rubin\images\Fig. 31- Buttons.html --> uts.cc.utexas.edu /usr/pub/www/research/tarl/abouttarl/tbh/rubin/images Fig. 31- Buttons.html
2001.09.01 22:28 B D:\TBH Temp\rubin\images\Fig. 31- Buttons.html.LCK --> uts.cc.utexas.edu /usr/pub/www/research/tarl/abouttarl/tbh/rubin/images Fig. 31- Buttons.html.LCK
2001.09.01 22:28 B D:\TBH Temp\rubin\images\Fig. 32-lg.jpg --> uts.cc.utexas.edu /usr/pub/www/research/tarl/abouttarl/tbh/rubin/images Fig. 32-lg.jpg
2001.09.01 22:28 B D:\TBH Temp\rubin\images\Fig. 32-lg.jpg.LCK --> uts.cc.utexas.edu /usr/pub/www/research/tarl/abouttarl/tbh/rubin/images Fig. 32-lg.jpg.LCK
2001.09.01 22:28 B D:\TBH Temp\rubin\images\Fig. 32-sm.jpg --> uts.cc.utexas.edu /usr/pub/www/research/tarl/abouttarl/tbh/rubin/images Fig. 32-sm.jpg
2001.09.01 22:28 B D:\TBH Temp\rubin\images\Fig. 32-sm.jpg.LCK --> uts.cc.utexas.edu /usr/pub/www/research/tarl/abouttarl/tbh/rubin/images Fig. 32-sm.jpg.LCK
2001.09.01 22:28 B D:\TBH Temp\rubin\images\Fig. 32.html --> uts.cc.utexas.edu /usr/pub/www/research/tarl/abouttarl/tbh/rubin/images Fig. 32.html
2001.09.01 22:28 B D:\TBH Temp\rubin\images\Fig. 32.html.LCK --> uts.cc.utexas.edu /usr/pub/www/research/tarl/abouttarl/tbh/rubin/images Fig. 32.html.LCK
2001.09.01 22:28 B D:\TBH Temp\rubin\images\Fig. 7- Mattie-lg.jpg --> uts.cc.utexas.edu /usr/pub/www/research/tarl/abouttarl/tbh/rubin/images Fig. 7- Mattie-lg.jpg
2001.09.01 22:28 B D:\TBH Temp\rubin\images\Fig. 7- Mattie-lg.jpg.LCK --> uts.cc.utexas.edu /usr/pub/www/research/tarl/abouttarl/tbh/rubin/images Fig. 7- Mattie-lg.jpg.LCK
2001.09.01 22:28 B D:\TBH Temp\rubin\images\Fig. 7- Mattie-sm.jpg --> uts.cc.utexas.edu /usr/pub/www/research/tarl/abouttarl/tbh/rubin/images Fig. 7- Mattie-sm.jpg
2001.09.01 22:28 B D:\TBH Temp\rubin\images\Fig. 7- Mattie-sm.jpg.LCK --> uts.cc.utexas.edu /usr/pub/www/research/tarl/abouttarl/tbh/rubin/images Fig. 7- Mattie-sm.jpg.LCK
2001.09.01 22:28 B D:\TBH Temp\rubin\images\Fig. 7- Mattie.html --> uts.cc.utexas.edu /usr/pub/www/research/tarl/abouttarl/tbh/rubin/images Fig. 7- Mattie.html
2001.09.01 22:28 B D:\TBH Temp\rubin\images\Fig. 7- Mattie.html.LCK --> uts.cc.utexas.edu /usr/pub/www/research/tarl/abouttarl/tbh/rubin/images Fig. 7- Mattie.html.LCK
2001.09.01 22:28 B D:\TBH Temp\rubin\images\figure12-lg.jpg --> uts.cc.utexas.edu /usr/pub/www/research/tarl/abouttarl/tbh/rubin/images figure12-lg.jpg
2001.09.01 22:28 B D:\TBH Temp\rubin\images\figure12-lg.jpg.LCK --> uts.cc.utexas.edu /usr/pub/www/research/tarl/abouttarl/tbh/rubin/images figure12-lg.jpg.LCK
2001.09.01 22:28 B D:\TBH Temp\rubin\images\figure12-sm.jpg --> uts.cc.utexas.edu /usr/pub/www/research/tarl/abouttarl/tbh/rubin/images figure12-sm.jpg
2001.09.01 22:28 B D:\TBH Temp\rubin\images\figure12-sm.jpg.LCK --> uts.cc.utexas.edu /usr/pub/www/research/tarl/abouttarl/tbh/rubin/images figure12-sm.jpg.LCK
2001.09.01 22:28 B D:\TBH Temp\rubin\images\figure12.html --> uts.cc.utexas.edu /usr/pub/www/research/tarl/abouttarl/tbh/rubin/images figure12.html
2001.09.01 22:28 B D:\TBH Temp\rubin\images\figure12.html.LCK --> uts.cc.utexas.edu /usr/pub/www/research/tarl/abouttarl/tbh/rubin/images figure12.html.LCK
2001.09.01 22:28 B D:\TBH Temp\rubin\images\figure19-lg.jpg --> uts.cc.utexas.edu /usr/pub/www/research/tarl/abouttarl/tbh/rubin/images figure19-lg.jpg
2001.09.01 22:28 B D:\TBH Temp\rubin\images\figure19-lg.jpg.LCK --> uts.cc.utexas.edu /usr/pub/www/research/tarl/abouttarl/tbh/rubin/images figure19-lg.jpg.LCK
2001.09.01 22:28 B D:\TBH Temp\rubin\images\figure19-sm.jpg --> uts.cc.utexas.edu /usr/pub/www/research/tarl/abouttarl/tbh/rubin/images figure19-sm.jpg
2001.09.01 22:28 B D:\TBH Temp\rubin\images\figure19-sm.jpg.LCK --> uts.cc.utexas.edu /usr/pub/www/research/tarl/abouttarl/tbh/rubin/images figure19-sm.jpg.LCK
2001.09.01 22:28 B D:\TBH Temp\rubin\images\figure19.html --> uts.cc.utexas.edu /usr/pub/www/research/tarl/abouttarl/tbh/rubin/images figure19.html
2001.09.01 22:28 B D:\TBH Temp\rubin\images\figure19.html.LCK --> uts.cc.utexas.edu /usr/pub/www/research/tarl/abouttarl/tbh/rubin/images figure19.html.LCK
2001.09.01 22:28 B D:\TBH Temp\rubin\images\figure23-lg.jpg --> uts.cc.utexas.edu /usr/pub/www/research/tarl/abouttarl/tbh/rubin/images figure23-lg.jpg
2001.09.01 22:28 B D:\TBH Temp\rubin\images\figure23-lg.jpg.LCK --> uts.cc.utexas.edu /usr/pub/www/research/tarl/abouttarl/tbh/rubin/images figure23-lg.jpg.LCK
2001.09.01 22:28 B D:\TBH Temp\rubin\images\figure23-sm.jpg --> uts.cc.utexas.edu /usr/pub/www/research/tarl/abouttarl/tbh/rubin/images figure23-sm.jpg
2001.09.01 22:28 B D:\TBH Temp\rubin\images\figure23-sm.jpg.LCK --> uts.cc.utexas.edu /usr/pub/www/research/tarl/abouttarl/tbh/rubin/images figure23-sm.jpg.LCK
2001.09.01 22:28 B D:\TBH Temp\rubin\images\figure23.html --> uts.cc.utexas.edu /usr/pub/www/research/tarl/abouttarl/tbh/rubin/images figure23.html
2001.09.01 22:28 B D:\TBH Temp\rubin\images\figure23.html.LCK --> uts.cc.utexas.edu /usr/pub/www/research/tarl/abouttarl/tbh/rubin/images figure23.html.LCK
2001.09.01 22:28 B D:\TBH Temp\rubin\images\figure4-lg.jpg --> uts.cc.utexas.edu /usr/pub/www/research/tarl/abouttarl/tbh/rubin/images figure4-lg.jpg
2001.09.01 22:28 B D:\TBH Temp\rubin\images\figure4-lg.jpg.LCK --> uts.cc.utexas.edu /usr/pub/www/research/tarl/abouttarl/tbh/rubin/images figure4-lg.jpg.LCK
2001.09.01 22:28 B D:\TBH Temp\rubin\images\figure4-sm.jpg --> uts.cc.utexas.edu /usr/pub/www/research/tarl/abouttarl/tbh/rubin/images figure4-sm.jpg
2001.09.01 22:28 B D:\TBH Temp\rubin\images\figure4-sm.jpg.LCK --> uts.cc.utexas.edu /usr/pub/www/research/tarl/abouttarl/tbh/rubin/images figure4-sm.jpg.LCK
2001.09.01 22:28 B D:\TBH Temp\rubin\images\figure4.html --> uts.cc.utexas.edu /usr/pub/www/research/tarl/abouttarl/tbh/rubin/images figure4.html
2001.09.01 22:28 B D:\TBH Temp\rubin\images\figure4.html.LCK --> uts.cc.utexas.edu /usr/pub/www/research/tarl/abouttarl/tbh/rubin/images figure4.html.LCK
2001.09.01 22:28 B D:\TBH Temp\rubin\images\house-lg.jpg --> uts.cc.utexas.edu /usr/pub/www/research/tarl/abouttarl/tbh/rubin/images house-lg.jpg
2001.09.01 22:28 B D:\TBH Temp\rubin\images\house-lg.jpg.LCK --> uts.cc.utexas.edu /usr/pub/www/research/tarl/abouttarl/tbh/rubin/images house-lg.jpg.LCK
2001.09.01 22:28 B D:\TBH Temp\rubin\images\house-sm.jpg --> uts.cc.utexas.edu /usr/pub/www/research/tarl/abouttarl/tbh/rubin/images house-sm.jpg
2001.09.01 22:28 B D:\TBH Temp\rubin\images\house-sm.jpg.LCK --> uts.cc.utexas.edu /usr/pub/www/research/tarl/abouttarl/tbh/rubin/images house-sm.jpg.LCK
2001.09.01 22:28 B D:\TBH Temp\rubin\images\house.html --> uts.cc.utexas.edu /usr/pub/www/research/tarl/abouttarl/tbh/rubin/images house.html
2001.09.01 22:28 B D:\TBH Temp\rubin\images\house.html.LCK --> uts.cc.utexas.edu /usr/pub/www/research/tarl/abouttarl/tbh/rubin/images house.html.LCK
2001.09.01 22:28 B D:\TBH Temp\rubin\images\Image__17.html --> uts.cc.utexas.edu /usr/pub/www/research/tarl/abouttarl/tbh/rubin/images Image__17.html
2001.09.01 22:28 B D:\TBH Temp\rubin\images\Image__17.html.LCK --> uts.cc.utexas.edu /usr/pub/www/research/tarl/abouttarl/tbh/rubin/images Image__17.html.LCK
2001.09.01 22:28 B D:\TBH Temp\rubin\images\Image__17.lg-NEW.jpg --> uts.cc.utexas.edu /usr/pub/www/research/tarl/abouttarl/tbh/rubin/images Image__17.lg-NEW.jpg
2001.09.01 22:28 B D:\TBH Temp\rubin\images\Image__17.lg-NEW.jpg.LCK --> uts.cc.utexas.edu /usr/pub/www/research/tarl/abouttarl/tbh/rubin/images Image__17.lg-NEW.jpg.LCK
2001.09.01 22:28 B D:\TBH Temp\rubin\images\Image__17.sm-NEW.jpg --> uts.cc.utexas.edu /usr/pub/www/research/tarl/abouttarl/tbh/rubin/images Image__17.sm-NEW.jpg
2001.09.01 22:28 B D:\TBH Temp\rubin\images\Image__17.sm-NEW.jpg.LCK --> uts.cc.utexas.edu /usr/pub/www/research/tarl/abouttarl/tbh/rubin/images Image__17.sm-NEW.jpg.LCK
2001.09.01 22:28 B D:\TBH Temp\rubin\images\road-scene.jpg --> uts.cc.utexas.edu /usr/pub/www/research/tarl/abouttarl/tbh/rubin/images road-scene.jpg
2001.09.01 22:28 B D:\TBH Temp\rubin\images\road-scene.jpg.LCK --> uts.cc.utexas.edu /usr/pub/www/research/tarl/abouttarl/tbh/rubin/images road-scene.jpg.LCK
2001.09.04 15:37 B M:\Website Stuff\rubin\images\WS_FTP.LOG <-- TARLweb /usr/pub/www/research/tarl/abouttarl/tbh/rubin/images WS_FTP.LOG
2001.09.04 15:37 B M:\Website Stuff\rubin\images\WS_FTP.LOG.LCK <-- TARLweb /usr/pub/www/research/tarl/abouttarl/tbh/rubin/images WS_FTP.LOG.LCK
2001.09.04 16:51 B C:\WINDOWS\Desktop\TBH\TBH on TEXsite\rubin\images\WS_FTP.LOG <-- TARL /Website Stuff/rubin/images WS_FTP.LOG
2001.09.04 16:51 B C:\WINDOWS\Desktop\TBH\TBH on TEXsite\rubin\images\WS_FTP.LOG.LCK <-- TARL /Website Stuff/rubin/images WS_FTP.LOG.LCK
2001.10.02 02:19 B C:\WINDOWS\Desktop\TBH\Recent\rubin\images\aerial-lg.jpg --> uts.cc.utexas.edu /export/httpd/vhosts/texasbeyondhistory/data/rubin/images aerial-lg.jpg
2001.10.02 02:19 B C:\WINDOWS\Desktop\TBH\Recent\rubin\images\aerial-lg.jpg.LCK.LCK --> uts.cc.utexas.edu /export/httpd/vhosts/texasbeyondhistory/data/rubin/images aerial-lg.jpg.LCK.LCK
2001.10.02 02:19 B C:\WINDOWS\Desktop\TBH\Recent\rubin\images\aerial-sm.jpg --> uts.cc.utexas.edu /export/httpd/vhosts/texasbeyondhistory/data/rubin/images aerial-sm.jpg
2001.10.02 02:19 B C:\WINDOWS\Desktop\TBH\Recent\rubin\images\aerial-sm.jpg.LCK.LCK --> uts.cc.utexas.edu /export/httpd/vhosts/texasbeyondhistory/data/rubin/images aerial-sm.jpg.LCK.LCK
2001.10.02 02:20 B C:\WINDOWS\Desktop\TBH\Recent\rubin\images\aerial.html --> uts.cc.utexas.edu /export/httpd/vhosts/texasbeyondhistory/data/rubin/images aerial.html
2001.10.02 02:20 B C:\WINDOWS\Desktop\TBH\Recent\rubin\images\aerial.html.LCK.LCK --> uts.cc.utexas.edu /export/httpd/vhosts/texasbeyondhistory/data/rubin/images aerial.html.LCK.LCK
2001.10.02 02:20 B C:\WINDOWS\Desktop\TBH\Recent\rubin\images\artifacts--selection-lg.jpg --> uts.cc.utexas.edu /export/httpd/vhosts/texasbeyondhistory/data/rubin/images artifacts--selection-lg.jpg
2001.10.02 02:20 B C:\WINDOWS\Desktop\TBH\Recent\rubin\images\artifacts--selection-sm.jpg --> uts.cc.utexas.edu /export/httpd/vhosts/texasbeyondhistory/data/rubin/images artifacts--selection-sm.jpg
2001.10.02 02:20 B C:\WINDOWS\Desktop\TBH\Recent\rubin\images\artifacts--selection.html --> uts.cc.utexas.edu /export/httpd/vhosts/texasbeyondhistory/data/rubin/images artifacts--selection.html
2001.10.02 02:20 B C:\WINDOWS\Desktop\TBH\Recent\rubin\images\artifacts--selection.html.L.LCK --> uts.cc.utexas.edu /export/httpd/vhosts/texasbeyondhistory/data/rubin/images artifacts--selection.html.L.LCK
2001.10.02 02:20 B C:\WINDOWS\Desktop\TBH\Recent\rubin\images\Fig. 10-lg.jpg --> uts.cc.utexas.edu /export/httpd/vhosts/texasbeyondhistory/data/rubin/images Fig. 10-lg.jpg
2001.10.02 02:20 B C:\WINDOWS\Desktop\TBH\Recent\rubin\images\Fig. 10-lg.jpg.LCK.LCK --> uts.cc.utexas.edu /export/httpd/vhosts/texasbeyondhistory/data/rubin/images Fig. 10-lg.jpg.LCK.LCK
2001.10.02 02:20 B C:\WINDOWS\Desktop\TBH\Recent\rubin\images\Fig. 10-sm.jpg --> uts.cc.utexas.edu /export/httpd/vhosts/texasbeyondhistory/data/rubin/images Fig. 10-sm.jpg
2001.10.02 02:20 B C:\WINDOWS\Desktop\TBH\Recent\rubin\images\Fig. 10-sm.jpg.LCK.LCK --> uts.cc.utexas.edu /export/httpd/vhosts/texasbeyondhistory/data/rubin/images Fig. 10-sm.jpg.LCK.LCK
2001.10.02 02:20 B C:\WINDOWS\Desktop\TBH\Recent\rubin\images\Fig. 10.html --> uts.cc.utexas.edu /export/httpd/vhosts/texasbeyondhistory/data/rubin/images Fig. 10.html
2001.10.02 02:20 B C:\WINDOWS\Desktop\TBH\Recent\rubin\images\Fig. 10.html.LCK.LCK --> uts.cc.utexas.edu /export/httpd/vhosts/texasbeyondhistory/data/rubin/images Fig. 10.html.LCK.LCK
2001.10.02 02:20 B C:\WINDOWS\Desktop\TBH\Recent\rubin\images\Fig. 13-lg.jpg --> uts.cc.utexas.edu /export/httpd/vhosts/texasbeyondhistory/data/rubin/images Fig. 13-lg.jpg
2001.10.02 02:20 B C:\WINDOWS\Desktop\TBH\Recent\rubin\images\Fig. 13-lg.jpg.LCK.LCK --> uts.cc.utexas.edu /export/httpd/vhosts/texasbeyondhistory/data/rubin/images Fig. 13-lg.jpg.LCK.LCK
2001.10.02 02:20 B C:\WINDOWS\Desktop\TBH\Recent\rubin\images\Fig. 13-sm.jpg --> uts.cc.utexas.edu /export/httpd/vhosts/texasbeyondhistory/data/rubin/images Fig. 13-sm.jpg
2001.10.02 02:20 B C:\WINDOWS\Desktop\TBH\Recent\rubin\images\Fig. 13-sm.jpg.LCK.LCK --> uts.cc.utexas.edu /export/httpd/vhosts/texasbeyondhistory/data/rubin/images Fig. 13-sm.jpg.LCK.LCK
2001.10.02 02:20 B C:\WINDOWS\Desktop\TBH\Recent\rubin\images\Fig. 13.html --> uts.cc.utexas.edu /export/httpd/vhosts/texasbeyondhistory/data/rubin/images Fig. 13.html
2001.10.02 02:20 B C:\WINDOWS\Desktop\TBH\Recent\rubin\images\Fig. 13.html.LCK.LCK --> uts.cc.utexas.edu /export/httpd/vhosts/texasbeyondhistory/data/rubin/images Fig. 13.html.LCK.LCK
2001.10.02 02:20 B C:\WINDOWS\Desktop\TBH\Recent\rubin\images\Fig. 31- Buttons-lg.jpg --> uts.cc.utexas.edu /export/httpd/vhosts/texasbeyondhistory/data/rubin/images Fig. 31- Buttons-lg.jpg
2001.10.02 02:20 B C:\WINDOWS\Desktop\TBH\Recent\rubin\images\Fig. 31- Buttons-lg.jpg.LCK.LCK --> uts.cc.utexas.edu /export/httpd/vhosts/texasbeyondhistory/data/rubin/images Fig. 31- Buttons-lg.jpg.LCK.LCK
2001.10.02 02:20 B C:\WINDOWS\Desktop\TBH\Recent\rubin\images\Fig. 31- Buttons-sm.jpg --> uts.cc.utexas.edu /export/httpd/vhosts/texasbeyondhistory/data/rubin/images Fig. 31- Buttons-sm.jpg
2001.10.02 02:20 B C:\WINDOWS\Desktop\TBH\Recent\rubin\images\Fig. 31- Buttons-sm.jpg.LCK.LCK --> uts.cc.utexas.edu /export/httpd/vhosts/texasbeyondhistory/data/rubin/images Fig. 31- Buttons-sm.jpg.LCK.LCK
2001.10.02 02:20 B C:\WINDOWS\Desktop\TBH\Recent\rubin\images\Fig. 31- Buttons.html --> uts.cc.utexas.edu /export/httpd/vhosts/texasbeyondhistory/data/rubin/images Fig. 31- Buttons.html
2001.10.02 02:20 B C:\WINDOWS\Desktop\TBH\Recent\rubin\images\Fig. 31- Buttons.html.LCK.LCK --> uts.cc.utexas.edu /export/httpd/vhosts/texasbeyondhistory/data/rubin/images Fig. 31- Buttons.html.LCK.LCK
2001.10.02 02:20 B C:\WINDOWS\Desktop\TBH\Recent\rubin\images\Fig. 32-lg.jpg --> uts.cc.utexas.edu /export/httpd/vhosts/texasbeyondhistory/data/rubin/images Fig. 32-lg.jpg
2001.10.02 02:20 B C:\WINDOWS\Desktop\TBH\Recent\rubin\images\Fig. 32-lg.jpg.LCK.LCK --> uts.cc.utexas.edu /export/httpd/vhosts/texasbeyondhistory/data/rubin/images Fig. 32-lg.jpg.LCK.LCK
2001.10.02 02:20 B C:\WINDOWS\Desktop\TBH\Recent\rubin\images\Fig. 32-sm.jpg --> uts.cc.utexas.edu /export/httpd/vhosts/texasbeyondhistory/data/rubin/images Fig. 32-sm.jpg
2001.10.02 02:20 B C:\WINDOWS\Desktop\TBH\Recent\rubin\images\Fig. 32-sm.jpg.LCK.LCK --> uts.cc.utexas.edu /export/httpd/vhosts/texasbeyondhistory/data/rubin/images Fig. 32-sm.jpg.LCK.LCK
2001.10.02 02:20 B C:\WINDOWS\Desktop\TBH\Recent\rubin\images\Fig. 32.html --> uts.cc.utexas.edu /export/httpd/vhosts/texasbeyondhistory/data/rubin/images Fig. 32.html
2001.10.02 02:21 B C:\WINDOWS\Desktop\TBH\Recent\rubin\images\Fig. 32.html.LCK.LCK --> uts.cc.utexas.edu /export/httpd/vhosts/texasbeyondhistory/data/rubin/images Fig. 32.html.LCK.LCK
2001.10.02 02:21 B C:\WINDOWS\Desktop\TBH\Recent\rubin\images\Fig. 7- Mattie-lg.jpg --> uts.cc.utexas.edu /export/httpd/vhosts/texasbeyondhistory/data/rubin/images Fig. 7- Mattie-lg.jpg
2001.10.02 02:21 B C:\WINDOWS\Desktop\TBH\Recent\rubin\images\Fig. 7- Mattie-lg.jpg.LCK.LCK --> uts.cc.utexas.edu /export/httpd/vhosts/texasbeyondhistory/data/rubin/images Fig. 7- Mattie-lg.jpg.LCK.LCK
2001.10.02 02:21 B C:\WINDOWS\Desktop\TBH\Recent\rubin\images\Fig. 7- Mattie-sm.jpg --> uts.cc.utexas.edu /export/httpd/vhosts/texasbeyondhistory/data/rubin/images Fig. 7- Mattie-sm.jpg
2001.10.02 02:21 B C:\WINDOWS\Desktop\TBH\Recent\rubin\images\Fig. 7- Mattie-sm.jpg.LCK.LCK --> uts.cc.utexas.edu /export/httpd/vhosts/texasbeyondhistory/data/rubin/images Fig. 7- Mattie-sm.jpg.LCK.LCK
2001.10.02 02:21 B C:\WINDOWS\Desktop\TBH\Recent\rubin\images\Fig. 7- Mattie.html --> uts.cc.utexas.edu /export/httpd/vhosts/texasbeyondhistory/data/rubin/images Fig. 7- Mattie.html
2001.10.02 02:21 B C:\WINDOWS\Desktop\TBH\Recent\rubin\images\Fig. 7- Mattie.html.LCK.LCK --> uts.cc.utexas.edu /export/httpd/vhosts/texasbeyondhistory/data/rubin/images Fig. 7- Mattie.html.LCK.LCK
2001.10.02 02:21 B C:\WINDOWS\Desktop\TBH\Recent\rubin\images\figure12-lg.jpg --> uts.cc.utexas.edu /export/httpd/vhosts/texasbeyondhistory/data/rubin/images figure12-lg.jpg
2001.10.02 02:21 B C:\WINDOWS\Desktop\TBH\Recent\rubin\images\figure12-lg.jpg.LCK.LCK --> uts.cc.utexas.edu /export/httpd/vhosts/texasbeyondhistory/data/rubin/images figure12-lg.jpg.LCK.LCK
2001.10.02 02:21 B C:\WINDOWS\Desktop\TBH\Recent\rubin\images\figure12-sm.jpg --> uts.cc.utexas.edu /export/httpd/vhosts/texasbeyondhistory/data/rubin/images figure12-sm.jpg
2001.10.02 02:21 B C:\WINDOWS\Desktop\TBH\Recent\rubin\images\figure12-sm.jpg.LCK.LCK --> uts.cc.utexas.edu /export/httpd/vhosts/texasbeyondhistory/data/rubin/images figure12-sm.jpg.LCK.LCK
2001.10.02 02:21 B C:\WINDOWS\Desktop\TBH\Recent\rubin\images\figure12.html --> uts.cc.utexas.edu /export/httpd/vhosts/texasbeyondhistory/data/rubin/images figure12.html
2001.10.02 02:21 B C:\WINDOWS\Desktop\TBH\Recent\rubin\images\figure12.html.LCK.LCK --> uts.cc.utexas.edu /export/httpd/vhosts/texasbeyondhistory/data/rubin/images figure12.html.LCK.LCK
2001.10.02 02:21 B C:\WINDOWS\Desktop\TBH\Recent\rubin\images\figure19-lg.jpg --> uts.cc.utexas.edu /export/httpd/vhosts/texasbeyondhistory/data/rubin/images figure19-lg.jpg
2001.10.02 02:21 B C:\WINDOWS\Desktop\TBH\Recent\rubin\images\figure19-lg.jpg.LCK.LCK --> uts.cc.utexas.edu /export/httpd/vhosts/texasbeyondhistory/data/rubin/images figure19-lg.jpg.LCK.LCK
2001.10.02 02:21 B C:\WINDOWS\Desktop\TBH\Recent\rubin\images\figure19-sm.jpg --> uts.cc.utexas.edu /export/httpd/vhosts/texasbeyondhistory/data/rubin/images figure19-sm.jpg
2001.10.02 02:21 B C:\WINDOWS\Desktop\TBH\Recent\rubin\images\figure19-sm.jpg.LCK.LCK --> uts.cc.utexas.edu /export/httpd/vhosts/texasbeyondhistory/data/rubin/images figure19-sm.jpg.LCK.LCK
2001.10.02 02:21 B C:\WINDOWS\Desktop\TBH\Recent\rubin\images\figure19.html --> uts.cc.utexas.edu /export/httpd/vhosts/texasbeyondhistory/data/rubin/images figure19.html
2001.10.02 02:21 B C:\WINDOWS\Desktop\TBH\Recent\rubin\images\figure19.html.LCK.LCK --> uts.cc.utexas.edu /export/httpd/vhosts/texasbeyondhistory/data/rubin/images figure19.html.LCK.LCK
2001.10.02 02:21 B C:\WINDOWS\Desktop\TBH\Recent\rubin\images\figure23-lg.jpg --> uts.cc.utexas.edu /export/httpd/vhosts/texasbeyondhistory/data/rubin/images figure23-lg.jpg
2001.10.02 02:21 B C:\WINDOWS\Desktop\TBH\Recent\rubin\images\figure23-lg.jpg.LCK.LCK --> uts.cc.utexas.edu /export/httpd/vhosts/texasbeyondhistory/data/rubin/images figure23-lg.jpg.LCK.LCK
2001.10.02 02:22 B C:\WINDOWS\Desktop\TBH\Recent\rubin\images\figure23-sm.jpg --> uts.cc.utexas.edu /export/httpd/vhosts/texasbeyondhistory/data/rubin/images figure23-sm.jpg
2001.10.02 02:22 B C:\WINDOWS\Desktop\TBH\Recent\rubin\images\figure23-sm.jpg.LCK.LCK --> uts.cc.utexas.edu /export/httpd/vhosts/texasbeyondhistory/data/rubin/images figure23-sm.jpg.LCK.LCK
2001.10.02 02:22 B C:\WINDOWS\Desktop\TBH\Recent\rubin\images\figure23.html --> uts.cc.utexas.edu /export/httpd/vhosts/texasbeyondhistory/data/rubin/images figure23.html
2001.10.02 02:22 B C:\WINDOWS\Desktop\TBH\Recent\rubin\images\figure23.html.LCK.LCK --> uts.cc.utexas.edu /export/httpd/vhosts/texasbeyondhistory/data/rubin/images figure23.html.LCK.LCK
2001.10.02 02:22 B C:\WINDOWS\Desktop\TBH\Recent\rubin\images\figure4-lg.jpg --> uts.cc.utexas.edu /export/httpd/vhosts/texasbeyondhistory/data/rubin/images figure4-lg.jpg
2001.10.02 02:22 B C:\WINDOWS\Desktop\TBH\Recent\rubin\images\figure4-lg.jpg.LCK.LCK --> uts.cc.utexas.edu /export/httpd/vhosts/texasbeyondhistory/data/rubin/images figure4-lg.jpg.LCK.LCK
2001.10.02 02:22 B C:\WINDOWS\Desktop\TBH\Recent\rubin\images\figure4-sm.jpg --> uts.cc.utexas.edu /export/httpd/vhosts/texasbeyondhistory/data/rubin/images figure4-sm.jpg
2001.10.02 02:22 B C:\WINDOWS\Desktop\TBH\Recent\rubin\images\figure4-sm.jpg.LCK.LCK --> uts.cc.utexas.edu /export/httpd/vhosts/texasbeyondhistory/data/rubin/images figure4-sm.jpg.LCK.LCK
2001.10.02 02:22 B C:\WINDOWS\Desktop\TBH\Recent\rubin\images\figure4.html --> uts.cc.utexas.edu /export/httpd/vhosts/texasbeyondhistory/data/rubin/images figure4.html
2001.10.02 02:22 B C:\WINDOWS\Desktop\TBH\Recent\rubin\images\figure4.html.LCK.LCK --> uts.cc.utexas.edu /export/httpd/vhosts/texasbeyondhistory/data/rubin/images figure4.html.LCK.LCK
2001.10.02 02:22 B C:\WINDOWS\Desktop\TBH\Recent\rubin\images\house-lg.jpg --> uts.cc.utexas.edu /export/httpd/vhosts/texasbeyondhistory/data/rubin/images house-lg.jpg
2001.10.02 02:22 B C:\WINDOWS\Desktop\TBH\Recent\rubin\images\house-lg.jpg.LCK.LCK --> uts.cc.utexas.edu /export/httpd/vhosts/texasbeyondhistory/data/rubin/images house-lg.jpg.LCK.LCK
2001.10.02 02:22 B C:\WINDOWS\Desktop\TBH\Recent\rubin\images\house-sm.jpg --> uts.cc.utexas.edu /export/httpd/vhosts/texasbeyondhistory/data/rubin/images house-sm.jpg
2001.10.02 02:22 B C:\WINDOWS\Desktop\TBH\Recent\rubin\images\house-sm.jpg.LCK.LCK --> uts.cc.utexas.edu /export/httpd/vhosts/texasbeyondhistory/data/rubin/images house-sm.jpg.LCK.LCK
2001.10.02 02:22 B C:\WINDOWS\Desktop\TBH\Recent\rubin\images\house.html --> uts.cc.utexas.edu /export/httpd/vhosts/texasbeyondhistory/data/rubin/images house.html
2001.10.02 02:22 B C:\WINDOWS\Desktop\TBH\Recent\rubin\images\house.html.LCK.LCK --> uts.cc.utexas.edu /export/httpd/vhosts/texasbeyondhistory/data/rubin/images house.html.LCK.LCK
2001.10.02 02:22 B C:\WINDOWS\Desktop\TBH\Recent\rubin\images\Image__17.html --> uts.cc.utexas.edu /export/httpd/vhosts/texasbeyondhistory/data/rubin/images Image__17.html
2001.10.02 02:22 B C:\WINDOWS\Desktop\TBH\Recent\rubin\images\Image__17.html.LCK.LCK --> uts.cc.utexas.edu /export/httpd/vhosts/texasbeyondhistory/data/rubin/images Image__17.html.LCK.LCK
2001.10.02 02:22 B C:\WINDOWS\Desktop\TBH\Recent\rubin\images\Image__17.lg-NEW.jpg --> uts.cc.utexas.edu /export/httpd/vhosts/texasbeyondhistory/data/rubin/images Image__17.lg-NEW.jpg
2001.10.02 02:22 B C:\WINDOWS\Desktop\TBH\Recent\rubin\images\Image__17.lg-NEW.jpg.LCK.LCK --> uts.cc.utexas.edu /export/httpd/vhosts/texasbeyondhistory/data/rubin/images Image__17.lg-NEW.jpg.LCK.LCK
2001.10.02 02:22 B C:\WINDOWS\Desktop\TBH\Recent\rubin\images\Image__17.sm-NEW.jpg --> uts.cc.utexas.edu /export/httpd/vhosts/texasbeyondhistory/data/rubin/images Image__17.sm-NEW.jpg
2001.10.02 02:22 B C:\WINDOWS\Desktop\TBH\Recent\rubin\images\Image__17.sm-NEW.jpg.LCK.LCK --> uts.cc.utexas.edu /export/httpd/vhosts/texasbeyondhistory/data/rubin/images Image__17.sm-NEW.jpg.LCK.LCK
2001.10.02 02:22 B C:\WINDOWS\Desktop\TBH\Recent\rubin\images\road-scene.jpg --> uts.cc.utexas.edu /export/httpd/vhosts/texasbeyondhistory/data/rubin/images road-scene.jpg
2001.10.02 02:22 B C:\WINDOWS\Desktop\TBH\Recent\rubin\images\road-scene.jpg.LCK.LCK --> uts.cc.utexas.edu /export/httpd/vhosts/texasbeyondhistory/data/rubin/images road-scene.jpg.LCK.LCK
2001.10.02 02:23 B C:\WINDOWS\Desktop\TBH\Recent\rubin\images\shaw-jump2.jpg --> uts.cc.utexas.edu /export/httpd/vhosts/texasbeyondhistory/data/rubin/images shaw-jump2.jpg
2001.10.11 15:13 B M:\Website Stuff\TBH Website Temp\rubin\images\WS_FTP.LOG <-- texasbeyondhistory /export/httpd/vhosts/texasbeyondhistory/data/rubin/images WS_FTP.LOG
2001.10.11 15:13 B M:\Website Stuff\TBH Website Temp\rubin\images\WS_FTP.LOG.LCK.LCK <-- texasbeyondhistory /export/httpd/vhosts/texasbeyondhistory/data/rubin/images WS_FTP.LOG.LCK.LCK
