2005.11.21 10:52 B P:\J. B. White\Mussel Mania\bg.jpg --> uts.cc.utexas.edu /export/httpd/vhosts/texasbeyondhistory/data/protect/Mussel Mania bg.jpg
2005.11.21 10:52 B P:\J. B. White\Mussel Mania\jbwhite.html --> uts.cc.utexas.edu /export/httpd/vhosts/texasbeyondhistory/data/protect/Mussel Mania jbwhite.html
2005.11.21 10:52 B P:\J. B. White\Mussel Mania\Thumbs.db --> uts.cc.utexas.edu /export/httpd/vhosts/texasbeyondhistory/data/protect/Mussel Mania Thumbs.db
2005.12.05 10:57 B Z:\Website Stuff\TBH Website Temp\jbwhite\musselmania\musselmania.swf <-- texasbeyondhistory /export/httpd/vhosts/texasbeyondhistory/data/protect/mussel-mania/FLASH musselmania.swf
2005.12.05 10:58 B Z:\Website Stuff\TBH Website Temp\jbwhite\musselmania\bg.jpg --> uts.cc.utexas.edu /export/httpd/vhosts/texasbeyondhistory/data/protect/mussel-mania bg.jpg
2005.12.05 10:58 B Z:\Website Stuff\TBH Website Temp\jbwhite\musselmania\jbwhite.html --> uts.cc.utexas.edu /export/httpd/vhosts/texasbeyondhistory/data/protect/mussel-mania jbwhite.html
2005.12.05 10:58 B Z:\Website Stuff\TBH Website Temp\jbwhite\musselmania\musselmania.swf --> uts.cc.utexas.edu /export/httpd/vhosts/texasbeyondhistory/data/protect/mussel-mania musselmania.swf
2005.12.21 10:03 B Z:\Website Stuff\TBH Website Temp\jbwhite\musselmania\bg.jpg --> uts.cc.utexas.edu /export/httpd/vhosts/texasbeyondhistory/data/protect/jbwhite/musselmania bg.jpg
2005.12.21 10:03 B Z:\Website Stuff\TBH Website Temp\jbwhite\musselmania\jbwhite.html --> uts.cc.utexas.edu /export/httpd/vhosts/texasbeyondhistory/data/protect/jbwhite/musselmania jbwhite.html
2005.12.21 10:03 B Z:\Website Stuff\TBH Website Temp\jbwhite\musselmania\musselmania.swf --> uts.cc.utexas.edu /export/httpd/vhosts/texasbeyondhistory/data/protect/jbwhite/musselmania musselmania.swf
2005.12.21 10:03 B Z:\Website Stuff\TBH Website Temp\jbwhite\musselmania\Thumbs.db --> uts.cc.utexas.edu /export/httpd/vhosts/texasbeyondhistory/data/protect/jbwhite/musselmania Thumbs.db
2005.12.21 10:03 B Z:\Website Stuff\TBH Website Temp\jbwhite\musselmania\WS_FTP.LOG --> uts.cc.utexas.edu /export/httpd/vhosts/texasbeyondhistory/data/protect/jbwhite/musselmania WS_FTP.LOG
2005.12.22 11:34 B Z:\Website Stuff\TBH Website Temp\jbwhite\musselmania\bg.jpg --> uts.cc.utexas.edu /export/httpd/vhosts/texasbeyondhistory/data/protect/musselmania bg.jpg
2005.12.22 11:34 B Z:\Website Stuff\TBH Website Temp\jbwhite\musselmania\jbwhite.html --> uts.cc.utexas.edu /export/httpd/vhosts/texasbeyondhistory/data/protect/musselmania jbwhite.html
2005.12.22 11:34 B Z:\Website Stuff\TBH Website Temp\jbwhite\musselmania\Thumbs.db --> uts.cc.utexas.edu /export/httpd/vhosts/texasbeyondhistory/data/protect/musselmania Thumbs.db
2005.12.22 11:34 B Z:\Website Stuff\TBH Website Temp\jbwhite\musselmania\WS_FTP.LOG --> uts.cc.utexas.edu /export/httpd/vhosts/texasbeyondhistory/data/protect/musselmania WS_FTP.LOG
2005.12.22 11:41 B Z:\Website Stuff\TBH Website Temp\jbwhite\musselmania\WS_FTP.LOG --> uts.cc.utexas.edu /export/httpd/vhosts/texasbeyondhistory/data/protect/jbwhite/musselmania WS_FTP.LOG
2006.01.12 18:14 B Z:\Website Stuff\TBH Website Temp\jbwhite\musselmania\flash.html --> uts.cc.utexas.edu /export/httpd/vhosts/texasbeyondhistory/data/protect/jbwhite/musselmania flash.html
2006.01.12 18:14 B Z:\Website Stuff\TBH Website Temp\jbwhite\musselmania\jbwhite.html --> uts.cc.utexas.edu /export/httpd/vhosts/texasbeyondhistory/data/protect/jbwhite/musselmania jbwhite.html
2006.01.12 18:14 B Z:\Website Stuff\TBH Website Temp\jbwhite\musselmania\mm.jpg --> uts.cc.utexas.edu /export/httpd/vhosts/texasbeyondhistory/data/protect/jbwhite/musselmania mm.jpg
2006.01.12 18:30 B Z:\Website Stuff\TBH Website Temp\jbwhite\musselmania\WS_FTP.LOG --> uts.cc.utexas.edu /export/httpd/vhosts/texasbeyondhistory/data/protect/jbwhite/musselmania WS_FTP.LOG
2006.01.13 09:48 B P:\jbwhite\musselmania\bg.jpg --> uts.cc.utexas.edu /export/httpd/vhosts/texasbeyondhistory/data/protect/jbwhite/musselmania bg.jpg
2006.01.13 09:48 B P:\jbwhite\musselmania\flash.html --> uts.cc.utexas.edu /export/httpd/vhosts/texasbeyondhistory/data/protect/jbwhite/musselmania flash.html
2006.01.13 09:48 B P:\jbwhite\musselmania\jbwhite.html --> uts.cc.utexas.edu /export/httpd/vhosts/texasbeyondhistory/data/protect/jbwhite/musselmania jbwhite.html
2006.01.13 09:48 B P:\jbwhite\musselmania\mm.jpg --> uts.cc.utexas.edu /export/httpd/vhosts/texasbeyondhistory/data/protect/jbwhite/musselmania mm.jpg
2006.01.13 09:48 B P:\jbwhite\musselmania\WS_FTP.LOG --> uts.cc.utexas.edu /export/httpd/vhosts/texasbeyondhistory/data/protect/jbwhite/musselmania WS_FTP.LOG
2006.01.30 08:55 B Z:\Website Stuff\TBH Website Temp\jbwhite\musselmania\flash.html --> uts.cc.utexas.edu /export/httpd/vhosts/texasbeyondhistory/data/protect/jbwhite/musselmania flash.html
2006.01.30 08:55 B Z:\Website Stuff\TBH Website Temp\jbwhite\musselmania\jbwhite.html --> uts.cc.utexas.edu /export/httpd/vhosts/texasbeyondhistory/data/protect/jbwhite/musselmania jbwhite.html
2006.01.30 09:30 B Z:\Website Stuff\TBH Website Temp\jbwhite\musselmania\flash.html --> uts.cc.utexas.edu /export/httpd/vhosts/texasbeyondhistory/data/protect/jbwhite/musselmania flash.html
2006.01.30 09:30 B Z:\Website Stuff\TBH Website Temp\jbwhite\musselmania\WS_FTP.LOG --> uts.cc.utexas.edu /export/httpd/vhosts/texasbeyondhistory/data/protect/jbwhite/musselmania WS_FTP.LOG
