2001.09.24 16:26 B M:\Website Stuff\TBH Website Temp\nasoni\images\41BW3-C116-lg_jpg.jpg --> uts.cc.utexas.edu /usr/pub/www/research/tarl/nasoni/images 41BW3-C116-lg_jpg.jpg
2001.09.24 16:26 B M:\Website Stuff\TBH Website Temp\nasoni\images\41BW3-C70-lg_jpg.jpg --> uts.cc.utexas.edu /usr/pub/www/research/tarl/nasoni/images 41BW3-C70-lg_jpg.jpg
2001.09.24 16:26 B M:\Website Stuff\TBH Website Temp\nasoni\images\41BW3-C73-lg_jpg.jpg --> uts.cc.utexas.edu /usr/pub/www/research/tarl/nasoni/images 41BW3-C73-lg_jpg.jpg
2001.09.24 16:26 B M:\Website Stuff\TBH Website Temp\nasoni\images\41BW3-C74-lg_jpg.jpg --> uts.cc.utexas.edu /usr/pub/www/research/tarl/nasoni/images 41BW3-C74-lg_jpg.jpg
2001.09.24 16:26 B M:\Website Stuff\TBH Website Temp\nasoni\images\41BW3-C95-lg_jpg.jpg --> uts.cc.utexas.edu /usr/pub/www/research/tarl/nasoni/images 41BW3-C95-lg_jpg.jpg
2001.09.24 16:26 B M:\Website Stuff\TBH Website Temp\nasoni\images\41BW3-DC1-lg_jpg.jpg --> uts.cc.utexas.edu /usr/pub/www/research/tarl/nasoni/images 41BW3-DC1-lg_jpg.jpg
2001.09.24 16:26 B M:\Website Stuff\TBH Website Temp\nasoni\images\41BW3-DC3-lg_jpg.jpg --> uts.cc.utexas.edu /usr/pub/www/research/tarl/nasoni/images 41BW3-DC3-lg_jpg.jpg
2001.09.24 16:26 B M:\Website Stuff\TBH Website Temp\nasoni\images\41BW4-neg20-lg_jpg.jpg --> uts.cc.utexas.edu /usr/pub/www/research/tarl/nasoni/images 41BW4-neg20-lg_jpg.jpg
2001.09.24 16:26 B M:\Website Stuff\TBH Website Temp\nasoni\images\41BW4-neg21-lg_jpg.jpg --> uts.cc.utexas.edu /usr/pub/www/research/tarl/nasoni/images 41BW4-neg21-lg_jpg.jpg
2001.09.24 16:26 B M:\Website Stuff\TBH Website Temp\nasoni\images\41BW4-neg22-lg_jpg.jpg --> uts.cc.utexas.edu /usr/pub/www/research/tarl/nasoni/images 41BW4-neg22-lg_jpg.jpg
2001.09.24 16:26 B M:\Website Stuff\TBH Website Temp\nasoni\images\41BW4-neg24-lg_jpg.jpg --> uts.cc.utexas.edu /usr/pub/www/research/tarl/nasoni/images 41BW4-neg24-lg_jpg.jpg
2001.09.24 16:26 B M:\Website Stuff\TBH Website Temp\nasoni\images\Bw3-BW114-lg_jpg.jpg --> uts.cc.utexas.edu /usr/pub/www/research/tarl/nasoni/images Bw3-BW114-lg_jpg.jpg
2001.09.24 16:26 B M:\Website Stuff\TBH Website Temp\nasoni\images\BW3-BW120-lg_jpg.jpg --> uts.cc.utexas.edu /usr/pub/www/research/tarl/nasoni/images BW3-BW120-lg_jpg.jpg
2001.09.24 16:26 B M:\Website Stuff\TBH Website Temp\nasoni\images\BW3-BW121-lg_jpg.jpg --> uts.cc.utexas.edu /usr/pub/www/research/tarl/nasoni/images BW3-BW121-lg_jpg.jpg
2001.09.24 16:26 B M:\Website Stuff\TBH Website Temp\nasoni\images\BW3-BW135-lg_jpg.jpg --> uts.cc.utexas.edu /usr/pub/www/research/tarl/nasoni/images BW3-BW135-lg_jpg.jpg
2001.09.24 16:26 B M:\Website Stuff\TBH Website Temp\nasoni\images\BW3-BW152-lg_jpg.jpg --> uts.cc.utexas.edu /usr/pub/www/research/tarl/nasoni/images BW3-BW152-lg_jpg.jpg
2001.09.24 16:26 B M:\Website Stuff\TBH Website Temp\nasoni\images\BW3-BW163-lg_jpg.jpg --> uts.cc.utexas.edu /usr/pub/www/research/tarl/nasoni/images BW3-BW163-lg_jpg.jpg
2001.09.24 16:26 B M:\Website Stuff\TBH Website Temp\nasoni\images\BW3-BW201-lg_jpg.jpg --> uts.cc.utexas.edu /usr/pub/www/research/tarl/nasoni/images BW3-BW201-lg_jpg.jpg
2001.09.24 16:26 B M:\Website Stuff\TBH Website Temp\nasoni\images\BW3-BW202-lg_jpg.jpg --> uts.cc.utexas.edu /usr/pub/www/research/tarl/nasoni/images BW3-BW202-lg_jpg.jpg
2001.09.24 16:27 B M:\Website Stuff\TBH Website Temp\nasoni\images\BW3-BW211-lg_jpg.jpg --> uts.cc.utexas.edu /usr/pub/www/research/tarl/nasoni/images BW3-BW211-lg_jpg.jpg
2001.09.24 16:27 B M:\Website Stuff\TBH Website Temp\nasoni\images\BW3-BW219-lg_jpg.jpg --> uts.cc.utexas.edu /usr/pub/www/research/tarl/nasoni/images BW3-BW219-lg_jpg.jpg
2001.09.24 16:27 B M:\Website Stuff\TBH Website Temp\nasoni\images\BW3-BW236-lg_jpg.jpg --> uts.cc.utexas.edu /usr/pub/www/research/tarl/nasoni/images BW3-BW236-lg_jpg.jpg
2001.09.24 16:27 B M:\Website Stuff\TBH Website Temp\nasoni\images\BW3-BW250-lg_jpg.jpg --> uts.cc.utexas.edu /usr/pub/www/research/tarl/nasoni/images BW3-BW250-lg_jpg.jpg
2001.09.24 16:27 B M:\Website Stuff\TBH Website Temp\nasoni\images\BW3-BW26-lg_jpg.jpg --> uts.cc.utexas.edu /usr/pub/www/research/tarl/nasoni/images BW3-BW26-lg_jpg.jpg
2001.09.24 16:27 B M:\Website Stuff\TBH Website Temp\nasoni\images\BW3-BW266-lg_jpg.jpg --> uts.cc.utexas.edu /usr/pub/www/research/tarl/nasoni/images BW3-BW266-lg_jpg.jpg
2001.09.24 16:27 B M:\Website Stuff\TBH Website Temp\nasoni\images\BW3-BW274-lg_jpg.jpg --> uts.cc.utexas.edu /usr/pub/www/research/tarl/nasoni/images BW3-BW274-lg_jpg.jpg
2001.09.24 16:27 B M:\Website Stuff\TBH Website Temp\nasoni\images\BW3-BW32-lg_jpg.jpg --> uts.cc.utexas.edu /usr/pub/www/research/tarl/nasoni/images BW3-BW32-lg_jpg.jpg
2001.09.24 16:27 B M:\Website Stuff\TBH Website Temp\nasoni\images\BW3-BW36-lg_jpg.jpg --> uts.cc.utexas.edu /usr/pub/www/research/tarl/nasoni/images BW3-BW36-lg_jpg.jpg
2001.09.24 16:27 B M:\Website Stuff\TBH Website Temp\nasoni\images\BW3-BW40-lg_jpg.jpg --> uts.cc.utexas.edu /usr/pub/www/research/tarl/nasoni/images BW3-BW40-lg_jpg.jpg
2001.09.24 16:27 B M:\Website Stuff\TBH Website Temp\nasoni\images\BW3-BW407-lg_jpg.jpg --> uts.cc.utexas.edu /usr/pub/www/research/tarl/nasoni/images BW3-BW407-lg_jpg.jpg
2001.09.24 16:27 B M:\Website Stuff\TBH Website Temp\nasoni\images\BW3-BW57-lg_jpg.jpg --> uts.cc.utexas.edu /usr/pub/www/research/tarl/nasoni/images BW3-BW57-lg_jpg.jpg
2001.09.24 16:27 B M:\Website Stuff\TBH Website Temp\nasoni\images\BW3-BW83-lg_jpg.jpg --> uts.cc.utexas.edu /usr/pub/www/research/tarl/nasoni/images BW3-BW83-lg_jpg.jpg
2001.09.24 16:27 B M:\Website Stuff\TBH Website Temp\nasoni\images\caddi-lg_jpg.jpg --> uts.cc.utexas.edu /usr/pub/www/research/tarl/nasoni/images caddi-lg_jpg.jpg
2001.09.24 16:27 B M:\Website Stuff\TBH Website Temp\nasoni\images\frontcircle-lg_jpg.jpg --> uts.cc.utexas.edu /usr/pub/www/research/tarl/nasoni/images frontcircle-lg_jpg.jpg
2001.09.24 16:27 B M:\Website Stuff\TBH Website Temp\nasoni\images\HATCHEL-DC1-lg_jpg.jpg --> uts.cc.utexas.edu /usr/pub/www/research/tarl/nasoni/images HATCHEL-DC1-lg_jpg.jpg
2001.09.24 16:27 B M:\Website Stuff\TBH Website Temp\nasoni\images\HATCHEL-DC2-lg_jpg.jpg --> uts.cc.utexas.edu /usr/pub/www/research/tarl/nasoni/images HATCHEL-DC2-lg_jpg.jpg
2001.09.24 16:27 B M:\Website Stuff\TBH Website Temp\nasoni\images\HATCHEL-DC3-lg_jpg.jpg --> uts.cc.utexas.edu /usr/pub/www/research/tarl/nasoni/images HATCHEL-DC3-lg_jpg.jpg
2001.09.24 16:27 B M:\Website Stuff\TBH Website Temp\nasoni\images\HATCHEL-DC4-lg_jpg.jpg --> uts.cc.utexas.edu /usr/pub/www/research/tarl/nasoni/images HATCHEL-DC4-lg_jpg.jpg
2001.09.24 16:27 B M:\Website Stuff\TBH Website Temp\nasoni\images\HatchelMap1-lg_jpg.jpg --> uts.cc.utexas.edu /usr/pub/www/research/tarl/nasoni/images HatchelMap1-lg_jpg.jpg
2001.09.24 16:27 B M:\Website Stuff\TBH Website Temp\nasoni\images\HatchelMap2-lg_jpg.jpg --> uts.cc.utexas.edu /usr/pub/www/research/tarl/nasoni/images HatchelMap2-lg_jpg.jpg
2001.09.24 16:27 B M:\Website Stuff\TBH Website Temp\nasoni\images\HatchelMapKey-lg_jpg.jpg --> uts.cc.utexas.edu /usr/pub/www/research/tarl/nasoni/images HatchelMapKey-lg_jpg.jpg
2001.09.24 16:27 B M:\Website Stuff\TBH Website Temp\nasoni\images\MB1-lg_jpg.jpg --> uts.cc.utexas.edu /usr/pub/www/research/tarl/nasoni/images MB1-lg_jpg.jpg
2001.09.24 16:27 B M:\Website Stuff\TBH Website Temp\nasoni\images\MB15-lg_jpg.jpg --> uts.cc.utexas.edu /usr/pub/www/research/tarl/nasoni/images MB15-lg_jpg.jpg
2001.09.24 16:27 B M:\Website Stuff\TBH Website Temp\nasoni\images\MB19-lg_jpg.jpg --> uts.cc.utexas.edu /usr/pub/www/research/tarl/nasoni/images MB19-lg_jpg.jpg
2001.09.24 16:27 B M:\Website Stuff\TBH Website Temp\nasoni\images\MB21-lg_jpg.jpg --> uts.cc.utexas.edu /usr/pub/www/research/tarl/nasoni/images MB21-lg_jpg.jpg
2001.09.24 16:27 B M:\Website Stuff\TBH Website Temp\nasoni\images\MB7-lg_jpg.jpg --> uts.cc.utexas.edu /usr/pub/www/research/tarl/nasoni/images MB7-lg_jpg.jpg
2001.09.24 16:27 B M:\Website Stuff\TBH Website Temp\nasoni\images\MB9-lg_jpg.jpg --> uts.cc.utexas.edu /usr/pub/www/research/tarl/nasoni/images MB9-lg_jpg.jpg
2001.09.24 16:27 B M:\Website Stuff\TBH Website Temp\nasoni\images\shaw1-lg_jpg.jpg --> uts.cc.utexas.edu /usr/pub/www/research/tarl/nasoni/images shaw1-lg_jpg.jpg
2001.09.24 16:27 B M:\Website Stuff\TBH Website Temp\nasoni\images\shaw2-lg_jpg.jpg --> uts.cc.utexas.edu /usr/pub/www/research/tarl/nasoni/images shaw2-lg_jpg.jpg
2001.09.24 16:27 B M:\Website Stuff\TBH Website Temp\nasoni\images\shaw3-lg_jpg.jpg --> uts.cc.utexas.edu /usr/pub/www/research/tarl/nasoni/images shaw3-lg_jpg.jpg
2001.09.24 16:27 B M:\Website Stuff\TBH Website Temp\nasoni\images\temple-lg_jpg.jpg --> uts.cc.utexas.edu /usr/pub/www/research/tarl/nasoni/images temple-lg_jpg.jpg
2001.10.02 00:33 B C:\WINDOWS\Desktop\TBH\Recent\nasoni\images\41BW3-C116-lg.jpg --> uts.cc.utexas.edu /export/httpd/vhosts/texasbeyondhistory/data/nasoni/images 41BW3-C116-lg.jpg
2001.10.02 00:33 B C:\WINDOWS\Desktop\TBH\Recent\nasoni\images\41BW3-C116-sm.jpg --> uts.cc.utexas.edu /export/httpd/vhosts/texasbeyondhistory/data/nasoni/images 41BW3-C116-sm.jpg
2001.10.02 00:33 B C:\WINDOWS\Desktop\TBH\Recent\nasoni\images\41BW3-C116.html --> uts.cc.utexas.edu /export/httpd/vhosts/texasbeyondhistory/data/nasoni/images 41BW3-C116.html
2001.10.02 00:33 B C:\WINDOWS\Desktop\TBH\Recent\nasoni\images\41BW3-C70-lg.jpg --> uts.cc.utexas.edu /export/httpd/vhosts/texasbeyondhistory/data/nasoni/images 41BW3-C70-lg.jpg
2001.10.02 00:33 B C:\WINDOWS\Desktop\TBH\Recent\nasoni\images\41BW3-C70-sm.jpg --> uts.cc.utexas.edu /export/httpd/vhosts/texasbeyondhistory/data/nasoni/images 41BW3-C70-sm.jpg
2001.10.02 00:33 B C:\WINDOWS\Desktop\TBH\Recent\nasoni\images\41BW3-C70.html --> uts.cc.utexas.edu /export/httpd/vhosts/texasbeyondhistory/data/nasoni/images 41BW3-C70.html
2001.10.02 00:34 B C:\WINDOWS\Desktop\TBH\Recent\nasoni\images\41BW3-C73-lg.jpg --> uts.cc.utexas.edu /export/httpd/vhosts/texasbeyondhistory/data/nasoni/images 41BW3-C73-lg.jpg
2001.10.02 00:34 B C:\WINDOWS\Desktop\TBH\Recent\nasoni\images\41BW3-C73-sm.jpg --> uts.cc.utexas.edu /export/httpd/vhosts/texasbeyondhistory/data/nasoni/images 41BW3-C73-sm.jpg
2001.10.02 00:34 B C:\WINDOWS\Desktop\TBH\Recent\nasoni\images\41BW3-C73.html --> uts.cc.utexas.edu /export/httpd/vhosts/texasbeyondhistory/data/nasoni/images 41BW3-C73.html
2001.10.02 00:34 B C:\WINDOWS\Desktop\TBH\Recent\nasoni\images\41BW3-C74-lg.jpg --> uts.cc.utexas.edu /export/httpd/vhosts/texasbeyondhistory/data/nasoni/images 41BW3-C74-lg.jpg
2001.10.02 00:34 B C:\WINDOWS\Desktop\TBH\Recent\nasoni\images\41BW3-C74-sm.jpg --> uts.cc.utexas.edu /export/httpd/vhosts/texasbeyondhistory/data/nasoni/images 41BW3-C74-sm.jpg
2001.10.02 00:34 B C:\WINDOWS\Desktop\TBH\Recent\nasoni\images\41BW3-C74.html --> uts.cc.utexas.edu /export/httpd/vhosts/texasbeyondhistory/data/nasoni/images 41BW3-C74.html
2001.10.02 00:34 B C:\WINDOWS\Desktop\TBH\Recent\nasoni\images\41BW3-C95-lg.jpg --> uts.cc.utexas.edu /export/httpd/vhosts/texasbeyondhistory/data/nasoni/images 41BW3-C95-lg.jpg
2001.10.02 00:34 B C:\WINDOWS\Desktop\TBH\Recent\nasoni\images\41BW3-C95-sm.jpg --> uts.cc.utexas.edu /export/httpd/vhosts/texasbeyondhistory/data/nasoni/images 41BW3-C95-sm.jpg
2001.10.02 00:34 B C:\WINDOWS\Desktop\TBH\Recent\nasoni\images\41BW3-C95.html --> uts.cc.utexas.edu /export/httpd/vhosts/texasbeyondhistory/data/nasoni/images 41BW3-C95.html
2001.10.02 00:35 B C:\WINDOWS\Desktop\TBH\Recent\nasoni\images\41BW3-DC1-lg.jpg --> uts.cc.utexas.edu /export/httpd/vhosts/texasbeyondhistory/data/nasoni/images 41BW3-DC1-lg.jpg
2001.10.02 00:35 B C:\WINDOWS\Desktop\TBH\Recent\nasoni\images\41BW3-DC1-sm.jpg --> uts.cc.utexas.edu /export/httpd/vhosts/texasbeyondhistory/data/nasoni/images 41BW3-DC1-sm.jpg
2001.10.02 00:35 B C:\WINDOWS\Desktop\TBH\Recent\nasoni\images\41BW3-DC3-lg.jpg --> uts.cc.utexas.edu /export/httpd/vhosts/texasbeyondhistory/data/nasoni/images 41BW3-DC3-lg.jpg
2001.10.02 00:35 B C:\WINDOWS\Desktop\TBH\Recent\nasoni\images\41BW3-DC3-sm.jpg --> uts.cc.utexas.edu /export/httpd/vhosts/texasbeyondhistory/data/nasoni/images 41BW3-DC3-sm.jpg
2001.10.02 00:35 B C:\WINDOWS\Desktop\TBH\Recent\nasoni\images\41BW4-neg20-lg.jpg --> uts.cc.utexas.edu /export/httpd/vhosts/texasbeyondhistory/data/nasoni/images 41BW4-neg20-lg.jpg
2001.10.02 00:35 B C:\WINDOWS\Desktop\TBH\Recent\nasoni\images\41BW4-neg20-sm.jpg --> uts.cc.utexas.edu /export/httpd/vhosts/texasbeyondhistory/data/nasoni/images 41BW4-neg20-sm.jpg
2001.10.02 00:35 B C:\WINDOWS\Desktop\TBH\Recent\nasoni\images\41bw4-neg20.html --> uts.cc.utexas.edu /export/httpd/vhosts/texasbeyondhistory/data/nasoni/images 41bw4-neg20.html
2001.10.02 00:35 B C:\WINDOWS\Desktop\TBH\Recent\nasoni\images\41BW4-neg21-lg.jpg --> uts.cc.utexas.edu /export/httpd/vhosts/texasbeyondhistory/data/nasoni/images 41BW4-neg21-lg.jpg
2001.10.02 00:35 B C:\WINDOWS\Desktop\TBH\Recent\nasoni\images\41BW4-neg21-sm.jpg --> uts.cc.utexas.edu /export/httpd/vhosts/texasbeyondhistory/data/nasoni/images 41BW4-neg21-sm.jpg
2001.10.02 00:36 B C:\WINDOWS\Desktop\TBH\Recent\nasoni\images\41BW4-neg22-lg.jpg --> uts.cc.utexas.edu /export/httpd/vhosts/texasbeyondhistory/data/nasoni/images 41BW4-neg22-lg.jpg
2001.10.02 00:36 B C:\WINDOWS\Desktop\TBH\Recent\nasoni\images\41BW4-neg22-sm.jpg --> uts.cc.utexas.edu /export/httpd/vhosts/texasbeyondhistory/data/nasoni/images 41BW4-neg22-sm.jpg
2001.10.02 00:36 B C:\WINDOWS\Desktop\TBH\Recent\nasoni\images\41BW4-neg24-lg.jpg --> uts.cc.utexas.edu /export/httpd/vhosts/texasbeyondhistory/data/nasoni/images 41BW4-neg24-lg.jpg
2001.10.02 00:36 B C:\WINDOWS\Desktop\TBH\Recent\nasoni\images\41bw4-neg24-sm.jpg --> uts.cc.utexas.edu /export/httpd/vhosts/texasbeyondhistory/data/nasoni/images 41bw4-neg24-sm.jpg
2001.10.02 00:36 B C:\WINDOWS\Desktop\TBH\Recent\nasoni\images\41bw4-neg24.html --> uts.cc.utexas.edu /export/httpd/vhosts/texasbeyondhistory/data/nasoni/images 41bw4-neg24.html
2001.10.02 00:36 B C:\WINDOWS\Desktop\TBH\Recent\nasoni\images\Bw3-BW114-lg.jpg --> uts.cc.utexas.edu /export/httpd/vhosts/texasbeyondhistory/data/nasoni/images Bw3-BW114-lg.jpg
2001.10.02 00:36 B C:\WINDOWS\Desktop\TBH\Recent\nasoni\images\Bw3-BW114-sm.jpg --> uts.cc.utexas.edu /export/httpd/vhosts/texasbeyondhistory/data/nasoni/images Bw3-BW114-sm.jpg
2001.10.02 00:36 B C:\WINDOWS\Desktop\TBH\Recent\nasoni\images\BW3-BW114.html --> uts.cc.utexas.edu /export/httpd/vhosts/texasbeyondhistory/data/nasoni/images BW3-BW114.html
2001.10.02 00:36 B C:\WINDOWS\Desktop\TBH\Recent\nasoni\images\BW3-BW120-lg.jpg --> uts.cc.utexas.edu /export/httpd/vhosts/texasbeyondhistory/data/nasoni/images BW3-BW120-lg.jpg
2001.10.02 00:36 B C:\WINDOWS\Desktop\TBH\Recent\nasoni\images\BW3-BW120-sm.jpg --> uts.cc.utexas.edu /export/httpd/vhosts/texasbeyondhistory/data/nasoni/images BW3-BW120-sm.jpg
2001.10.02 00:36 B C:\WINDOWS\Desktop\TBH\Recent\nasoni\images\BW3-BW120.html --> uts.cc.utexas.edu /export/httpd/vhosts/texasbeyondhistory/data/nasoni/images BW3-BW120.html
2001.10.02 00:36 B C:\WINDOWS\Desktop\TBH\Recent\nasoni\images\BW3-BW121-lg.jpg --> uts.cc.utexas.edu /export/httpd/vhosts/texasbeyondhistory/data/nasoni/images BW3-BW121-lg.jpg
2001.10.02 00:36 B C:\WINDOWS\Desktop\TBH\Recent\nasoni\images\BW3-BW121-sm.jpg --> uts.cc.utexas.edu /export/httpd/vhosts/texasbeyondhistory/data/nasoni/images BW3-BW121-sm.jpg
2001.10.02 00:36 B C:\WINDOWS\Desktop\TBH\Recent\nasoni\images\BW3-BW121.html --> uts.cc.utexas.edu /export/httpd/vhosts/texasbeyondhistory/data/nasoni/images BW3-BW121.html
2001.10.02 00:37 B C:\WINDOWS\Desktop\TBH\Recent\nasoni\images\BW3-BW135-lg.jpg --> uts.cc.utexas.edu /export/httpd/vhosts/texasbeyondhistory/data/nasoni/images BW3-BW135-lg.jpg
2001.10.02 00:37 B C:\WINDOWS\Desktop\TBH\Recent\nasoni\images\BW3-BW135-sm.jpg --> uts.cc.utexas.edu /export/httpd/vhosts/texasbeyondhistory/data/nasoni/images BW3-BW135-sm.jpg
2001.10.02 00:37 B C:\WINDOWS\Desktop\TBH\Recent\nasoni\images\BW3-BW135.html --> uts.cc.utexas.edu /export/httpd/vhosts/texasbeyondhistory/data/nasoni/images BW3-BW135.html
2001.10.02 00:37 B C:\WINDOWS\Desktop\TBH\Recent\nasoni\images\BW3-BW152-lg.jpg --> uts.cc.utexas.edu /export/httpd/vhosts/texasbeyondhistory/data/nasoni/images BW3-BW152-lg.jpg
2001.10.02 00:37 B C:\WINDOWS\Desktop\TBH\Recent\nasoni\images\BW3-BW152-sm.jpg --> uts.cc.utexas.edu /export/httpd/vhosts/texasbeyondhistory/data/nasoni/images BW3-BW152-sm.jpg
2001.10.02 00:37 B C:\WINDOWS\Desktop\TBH\Recent\nasoni\images\BW3-BW152.html --> uts.cc.utexas.edu /export/httpd/vhosts/texasbeyondhistory/data/nasoni/images BW3-BW152.html
2001.10.02 00:37 B C:\WINDOWS\Desktop\TBH\Recent\nasoni\images\BW3-BW163-lg.jpg --> uts.cc.utexas.edu /export/httpd/vhosts/texasbeyondhistory/data/nasoni/images BW3-BW163-lg.jpg
2001.10.02 00:37 B C:\WINDOWS\Desktop\TBH\Recent\nasoni\images\BW3-BW163-sm.jpg --> uts.cc.utexas.edu /export/httpd/vhosts/texasbeyondhistory/data/nasoni/images BW3-BW163-sm.jpg
2001.10.02 00:37 B C:\WINDOWS\Desktop\TBH\Recent\nasoni\images\BW3-BW163.html --> uts.cc.utexas.edu /export/httpd/vhosts/texasbeyondhistory/data/nasoni/images BW3-BW163.html
2001.10.02 00:37 B C:\WINDOWS\Desktop\TBH\Recent\nasoni\images\BW3-BW201-lg.jpg --> uts.cc.utexas.edu /export/httpd/vhosts/texasbeyondhistory/data/nasoni/images BW3-BW201-lg.jpg
2001.10.02 00:37 B C:\WINDOWS\Desktop\TBH\Recent\nasoni\images\BW3-BW201-sm.jpg --> uts.cc.utexas.edu /export/httpd/vhosts/texasbeyondhistory/data/nasoni/images BW3-BW201-sm.jpg
2001.10.02 00:37 B C:\WINDOWS\Desktop\TBH\Recent\nasoni\images\BW3-BW201.html --> uts.cc.utexas.edu /export/httpd/vhosts/texasbeyondhistory/data/nasoni/images BW3-BW201.html
2001.10.02 00:38 B C:\WINDOWS\Desktop\TBH\Recent\nasoni\images\BW3-BW202-lg.jpg --> uts.cc.utexas.edu /export/httpd/vhosts/texasbeyondhistory/data/nasoni/images BW3-BW202-lg.jpg
2001.10.02 00:38 B C:\WINDOWS\Desktop\TBH\Recent\nasoni\images\BW3-BW202-sm.jpg --> uts.cc.utexas.edu /export/httpd/vhosts/texasbeyondhistory/data/nasoni/images BW3-BW202-sm.jpg
2001.10.02 00:38 B C:\WINDOWS\Desktop\TBH\Recent\nasoni\images\BW3-BW202.html --> uts.cc.utexas.edu /export/httpd/vhosts/texasbeyondhistory/data/nasoni/images BW3-BW202.html
2001.10.02 00:38 B C:\WINDOWS\Desktop\TBH\Recent\nasoni\images\BW3-BW211-lg.jpg --> uts.cc.utexas.edu /export/httpd/vhosts/texasbeyondhistory/data/nasoni/images BW3-BW211-lg.jpg
2001.10.02 00:38 B C:\WINDOWS\Desktop\TBH\Recent\nasoni\images\BW3-BW211-sm.jpg --> uts.cc.utexas.edu /export/httpd/vhosts/texasbeyondhistory/data/nasoni/images BW3-BW211-sm.jpg
2001.10.02 00:38 B C:\WINDOWS\Desktop\TBH\Recent\nasoni\images\BW3-BW219-lg.jpg --> uts.cc.utexas.edu /export/httpd/vhosts/texasbeyondhistory/data/nasoni/images BW3-BW219-lg.jpg
2001.10.02 00:38 B C:\WINDOWS\Desktop\TBH\Recent\nasoni\images\BW3-BW219-sm.jpg --> uts.cc.utexas.edu /export/httpd/vhosts/texasbeyondhistory/data/nasoni/images BW3-BW219-sm.jpg
2001.10.02 00:38 B C:\WINDOWS\Desktop\TBH\Recent\nasoni\images\BW3-BW219.html --> uts.cc.utexas.edu /export/httpd/vhosts/texasbeyondhistory/data/nasoni/images BW3-BW219.html
2001.10.02 00:38 B C:\WINDOWS\Desktop\TBH\Recent\nasoni\images\BW3-BW236-lg.jpg --> uts.cc.utexas.edu /export/httpd/vhosts/texasbeyondhistory/data/nasoni/images BW3-BW236-lg.jpg
2001.10.02 00:38 B C:\WINDOWS\Desktop\TBH\Recent\nasoni\images\BW3-BW236-sm.jpg --> uts.cc.utexas.edu /export/httpd/vhosts/texasbeyondhistory/data/nasoni/images BW3-BW236-sm.jpg
2001.10.02 00:39 B C:\WINDOWS\Desktop\TBH\Recent\nasoni\images\bw3-bw236-sm2.jpg --> uts.cc.utexas.edu /export/httpd/vhosts/texasbeyondhistory/data/nasoni/images bw3-bw236-sm2.jpg
2001.10.02 00:39 B C:\WINDOWS\Desktop\TBH\Recent\nasoni\images\BW3-BW236.html --> uts.cc.utexas.edu /export/httpd/vhosts/texasbeyondhistory/data/nasoni/images BW3-BW236.html
2001.10.02 00:39 B C:\WINDOWS\Desktop\TBH\Recent\nasoni\images\BW3-BW250-lg.jpg --> uts.cc.utexas.edu /export/httpd/vhosts/texasbeyondhistory/data/nasoni/images BW3-BW250-lg.jpg
2001.10.02 00:39 B C:\WINDOWS\Desktop\TBH\Recent\nasoni\images\BW3-BW250-sm.jpg --> uts.cc.utexas.edu /export/httpd/vhosts/texasbeyondhistory/data/nasoni/images BW3-BW250-sm.jpg
2001.10.02 00:39 B C:\WINDOWS\Desktop\TBH\Recent\nasoni\images\BW3-BW250.html --> uts.cc.utexas.edu /export/httpd/vhosts/texasbeyondhistory/data/nasoni/images BW3-BW250.html
2001.10.02 00:39 B C:\WINDOWS\Desktop\TBH\Recent\nasoni\images\BW3-BW26-lg.jpg --> uts.cc.utexas.edu /export/httpd/vhosts/texasbeyondhistory/data/nasoni/images BW3-BW26-lg.jpg
2001.10.02 00:39 B C:\WINDOWS\Desktop\TBH\Recent\nasoni\images\BW3-BW26-sm.jpg --> uts.cc.utexas.edu /export/httpd/vhosts/texasbeyondhistory/data/nasoni/images BW3-BW26-sm.jpg
2001.10.02 00:39 B C:\WINDOWS\Desktop\TBH\Recent\nasoni\images\BW3-BW26.html --> uts.cc.utexas.edu /export/httpd/vhosts/texasbeyondhistory/data/nasoni/images BW3-BW26.html
2001.10.02 00:40 B C:\WINDOWS\Desktop\TBH\Recent\nasoni\images\BW3-BW266-lg.jpg --> uts.cc.utexas.edu /export/httpd/vhosts/texasbeyondhistory/data/nasoni/images BW3-BW266-lg.jpg
2001.10.02 00:40 B C:\WINDOWS\Desktop\TBH\Recent\nasoni\images\BW3-BW266-sm.jpg --> uts.cc.utexas.edu /export/httpd/vhosts/texasbeyondhistory/data/nasoni/images BW3-BW266-sm.jpg
2001.10.02 00:40 B C:\WINDOWS\Desktop\TBH\Recent\nasoni\images\BW3-BW266.html --> uts.cc.utexas.edu /export/httpd/vhosts/texasbeyondhistory/data/nasoni/images BW3-BW266.html
2001.10.02 00:40 B C:\WINDOWS\Desktop\TBH\Recent\nasoni\images\BW3-BW274-lg.jpg --> uts.cc.utexas.edu /export/httpd/vhosts/texasbeyondhistory/data/nasoni/images BW3-BW274-lg.jpg
2001.10.02 00:40 B C:\WINDOWS\Desktop\TBH\Recent\nasoni\images\BW3-BW274-sm.jpg --> uts.cc.utexas.edu /export/httpd/vhosts/texasbeyondhistory/data/nasoni/images BW3-BW274-sm.jpg
2001.10.02 00:40 B C:\WINDOWS\Desktop\TBH\Recent\nasoni\images\BW3-BW274.html --> uts.cc.utexas.edu /export/httpd/vhosts/texasbeyondhistory/data/nasoni/images BW3-BW274.html
2001.10.02 00:40 B C:\WINDOWS\Desktop\TBH\Recent\nasoni\images\BW3-BW32-lg.jpg --> uts.cc.utexas.edu /export/httpd/vhosts/texasbeyondhistory/data/nasoni/images BW3-BW32-lg.jpg
2001.10.02 00:40 B C:\WINDOWS\Desktop\TBH\Recent\nasoni\images\BW3-BW32-sm.jpg --> uts.cc.utexas.edu /export/httpd/vhosts/texasbeyondhistory/data/nasoni/images BW3-BW32-sm.jpg
2001.10.02 00:40 B C:\WINDOWS\Desktop\TBH\Recent\nasoni\images\BW3-BW32.html --> uts.cc.utexas.edu /export/httpd/vhosts/texasbeyondhistory/data/nasoni/images BW3-BW32.html
2001.10.02 00:40 B C:\WINDOWS\Desktop\TBH\Recent\nasoni\images\BW3-BW36-lg.jpg --> uts.cc.utexas.edu /export/httpd/vhosts/texasbeyondhistory/data/nasoni/images BW3-BW36-lg.jpg
2001.10.02 00:40 B C:\WINDOWS\Desktop\TBH\Recent\nasoni\images\BW3-BW36-sm.jpg --> uts.cc.utexas.edu /export/httpd/vhosts/texasbeyondhistory/data/nasoni/images BW3-BW36-sm.jpg
2001.10.02 00:41 B C:\WINDOWS\Desktop\TBH\Recent\nasoni\images\BW3-BW36FIX.lg.jpg --> uts.cc.utexas.edu /export/httpd/vhosts/texasbeyondhistory/data/nasoni/images BW3-BW36FIX.lg.jpg
2001.10.02 00:41 B C:\WINDOWS\Desktop\TBH\Recent\nasoni\images\BW3-BW40-lg.jpg --> uts.cc.utexas.edu /export/httpd/vhosts/texasbeyondhistory/data/nasoni/images BW3-BW40-lg.jpg
2001.10.02 00:41 B C:\WINDOWS\Desktop\TBH\Recent\nasoni\images\BW3-BW40-sm.jpg --> uts.cc.utexas.edu /export/httpd/vhosts/texasbeyondhistory/data/nasoni/images BW3-BW40-sm.jpg
2001.10.02 00:41 B C:\WINDOWS\Desktop\TBH\Recent\nasoni\images\BW3-BW407-lg.jpg --> uts.cc.utexas.edu /export/httpd/vhosts/texasbeyondhistory/data/nasoni/images BW3-BW407-lg.jpg
2001.10.02 00:41 B C:\WINDOWS\Desktop\TBH\Recent\nasoni\images\BW3-BW407-sm.jpg --> uts.cc.utexas.edu /export/httpd/vhosts/texasbeyondhistory/data/nasoni/images BW3-BW407-sm.jpg
2001.10.02 00:41 B C:\WINDOWS\Desktop\TBH\Recent\nasoni\images\BW3-BW407.html --> uts.cc.utexas.edu /export/httpd/vhosts/texasbeyondhistory/data/nasoni/images BW3-BW407.html
2001.10.02 00:42 B C:\WINDOWS\Desktop\TBH\Recent\nasoni\images\BW3-BW57-lg.jpg --> uts.cc.utexas.edu /export/httpd/vhosts/texasbeyondhistory/data/nasoni/images BW3-BW57-lg.jpg
2001.10.02 00:42 B C:\WINDOWS\Desktop\TBH\Recent\nasoni\images\BW3-BW57-sm.jpg --> uts.cc.utexas.edu /export/httpd/vhosts/texasbeyondhistory/data/nasoni/images BW3-BW57-sm.jpg
2001.10.02 00:42 B C:\WINDOWS\Desktop\TBH\Recent\nasoni\images\BW3-BW57.html --> uts.cc.utexas.edu /export/httpd/vhosts/texasbeyondhistory/data/nasoni/images BW3-BW57.html
2001.10.02 00:42 B C:\WINDOWS\Desktop\TBH\Recent\nasoni\images\BW3-BW83-lg.jpg --> uts.cc.utexas.edu /export/httpd/vhosts/texasbeyondhistory/data/nasoni/images BW3-BW83-lg.jpg
2001.10.02 00:42 B C:\WINDOWS\Desktop\TBH\Recent\nasoni\images\BW3-BW83-sm.jpg --> uts.cc.utexas.edu /export/httpd/vhosts/texasbeyondhistory/data/nasoni/images BW3-BW83-sm.jpg
2001.10.02 00:42 B C:\WINDOWS\Desktop\TBH\Recent\nasoni\images\BW3-BW83.html --> uts.cc.utexas.edu /export/httpd/vhosts/texasbeyondhistory/data/nasoni/images BW3-BW83.html
2001.10.02 00:42 B C:\WINDOWS\Desktop\TBH\Recent\nasoni\images\caddi-lg.jpg --> uts.cc.utexas.edu /export/httpd/vhosts/texasbeyondhistory/data/nasoni/images caddi-lg.jpg
2001.10.02 00:42 B C:\WINDOWS\Desktop\TBH\Recent\nasoni\images\caddi-lg_jpg.jpg --> uts.cc.utexas.edu /export/httpd/vhosts/texasbeyondhistory/data/nasoni/images caddi-lg_jpg.jpg
2001.10.02 00:42 B C:\WINDOWS\Desktop\TBH\Recent\nasoni\images\caddi-sm.jpg --> uts.cc.utexas.edu /export/httpd/vhosts/texasbeyondhistory/data/nasoni/images caddi-sm.jpg
2001.10.02 00:42 B C:\WINDOWS\Desktop\TBH\Recent\nasoni\images\caddi.html --> uts.cc.utexas.edu /export/httpd/vhosts/texasbeyondhistory/data/nasoni/images caddi.html
2001.10.02 00:42 B C:\WINDOWS\Desktop\TBH\Recent\nasoni\images\caddo logo.lg.jpg --> uts.cc.utexas.edu /export/httpd/vhosts/texasbeyondhistory/data/nasoni/images caddo logo.lg.jpg
2001.10.02 00:42 B C:\WINDOWS\Desktop\TBH\Recent\nasoni\images\caddo logo.sm.jpg --> uts.cc.utexas.edu /export/httpd/vhosts/texasbeyondhistory/data/nasoni/images caddo logo.sm.jpg
2001.10.02 00:42 B C:\WINDOWS\Desktop\TBH\Recent\nasoni\images\caddologo.html --> uts.cc.utexas.edu /export/httpd/vhosts/texasbeyondhistory/data/nasoni/images caddologo.html
2001.10.02 00:42 B C:\WINDOWS\Desktop\TBH\Recent\nasoni\images\frontcircle-lg.jpg --> uts.cc.utexas.edu /export/httpd/vhosts/texasbeyondhistory/data/nasoni/images frontcircle-lg.jpg
2001.10.02 00:43 B C:\WINDOWS\Desktop\TBH\Recent\nasoni\images\frontcircle-lg_jpg.jpg --> uts.cc.utexas.edu /export/httpd/vhosts/texasbeyondhistory/data/nasoni/images frontcircle-lg_jpg.jpg
2001.10.02 00:43 B C:\WINDOWS\Desktop\TBH\Recent\nasoni\images\frontcircle-sm.jpg --> uts.cc.utexas.edu /export/httpd/vhosts/texasbeyondhistory/data/nasoni/images frontcircle-sm.jpg
2001.10.02 00:43 B C:\WINDOWS\Desktop\TBH\Recent\nasoni\images\HATCHEL-DC1-lg.jpg --> uts.cc.utexas.edu /export/httpd/vhosts/texasbeyondhistory/data/nasoni/images HATCHEL-DC1-lg.jpg
2001.10.02 00:43 B C:\WINDOWS\Desktop\TBH\Recent\nasoni\images\HATCHEL-DC1-lg_jpg.jpg --> uts.cc.utexas.edu /export/httpd/vhosts/texasbeyondhistory/data/nasoni/images HATCHEL-DC1-lg_jpg.jpg
2001.10.02 00:43 B C:\WINDOWS\Desktop\TBH\Recent\nasoni\images\HATCHEL-DC1-sm.jpg --> uts.cc.utexas.edu /export/httpd/vhosts/texasbeyondhistory/data/nasoni/images HATCHEL-DC1-sm.jpg
2001.10.02 00:43 B C:\WINDOWS\Desktop\TBH\Recent\nasoni\images\HATCHEL-DC1.html --> uts.cc.utexas.edu /export/httpd/vhosts/texasbeyondhistory/data/nasoni/images HATCHEL-DC1.html
2001.10.02 00:43 B C:\WINDOWS\Desktop\TBH\Recent\nasoni\images\HATCHEL-DC2-lg.jpg --> uts.cc.utexas.edu /export/httpd/vhosts/texasbeyondhistory/data/nasoni/images HATCHEL-DC2-lg.jpg
2001.10.02 00:43 B C:\WINDOWS\Desktop\TBH\Recent\nasoni\images\HATCHEL-DC2-lg_jpg.jpg --> uts.cc.utexas.edu /export/httpd/vhosts/texasbeyondhistory/data/nasoni/images HATCHEL-DC2-lg_jpg.jpg
2001.10.02 00:43 B C:\WINDOWS\Desktop\TBH\Recent\nasoni\images\HATCHEL-DC2-sm.jpg --> uts.cc.utexas.edu /export/httpd/vhosts/texasbeyondhistory/data/nasoni/images HATCHEL-DC2-sm.jpg
2001.10.02 00:43 B C:\WINDOWS\Desktop\TBH\Recent\nasoni\images\HATCHEL-DC2.html --> uts.cc.utexas.edu /export/httpd/vhosts/texasbeyondhistory/data/nasoni/images HATCHEL-DC2.html
2001.10.02 00:43 B C:\WINDOWS\Desktop\TBH\Recent\nasoni\images\HATCHEL-DC3-lg.jpg --> uts.cc.utexas.edu /export/httpd/vhosts/texasbeyondhistory/data/nasoni/images HATCHEL-DC3-lg.jpg
2001.10.02 00:44 B C:\WINDOWS\Desktop\TBH\Recent\nasoni\images\HATCHEL-DC3-lg_jpg.jpg --> uts.cc.utexas.edu /export/httpd/vhosts/texasbeyondhistory/data/nasoni/images HATCHEL-DC3-lg_jpg.jpg
2001.10.02 00:44 B C:\WINDOWS\Desktop\TBH\Recent\nasoni\images\HATCHEL-DC3-sm.jpg --> uts.cc.utexas.edu /export/httpd/vhosts/texasbeyondhistory/data/nasoni/images HATCHEL-DC3-sm.jpg
2001.10.02 00:44 B C:\WINDOWS\Desktop\TBH\Recent\nasoni\images\HATCHEL-DC3.html --> uts.cc.utexas.edu /export/httpd/vhosts/texasbeyondhistory/data/nasoni/images HATCHEL-DC3.html
2001.10.02 00:44 B C:\WINDOWS\Desktop\TBH\Recent\nasoni\images\HATCHEL-DC4-lg.jpg --> uts.cc.utexas.edu /export/httpd/vhosts/texasbeyondhistory/data/nasoni/images HATCHEL-DC4-lg.jpg
2001.10.02 00:44 B C:\WINDOWS\Desktop\TBH\Recent\nasoni\images\HATCHEL-DC4-lg_jpg.jpg --> uts.cc.utexas.edu /export/httpd/vhosts/texasbeyondhistory/data/nasoni/images HATCHEL-DC4-lg_jpg.jpg
2001.10.02 00:44 B C:\WINDOWS\Desktop\TBH\Recent\nasoni\images\HATCHEL-DC4-sm.jpg --> uts.cc.utexas.edu /export/httpd/vhosts/texasbeyondhistory/data/nasoni/images HATCHEL-DC4-sm.jpg
2001.10.02 00:44 B C:\WINDOWS\Desktop\TBH\Recent\nasoni\images\HATCHEL-DC4.html --> uts.cc.utexas.edu /export/httpd/vhosts/texasbeyondhistory/data/nasoni/images HATCHEL-DC4.html
2001.10.02 00:44 B C:\WINDOWS\Desktop\TBH\Recent\nasoni\images\HATCHEL-DC5.html --> uts.cc.utexas.edu /export/httpd/vhosts/texasbeyondhistory/data/nasoni/images HATCHEL-DC5.html
2001.10.02 00:44 B C:\WINDOWS\Desktop\TBH\Recent\nasoni\images\hatchel-dc5.lg.jpg --> uts.cc.utexas.edu /export/httpd/vhosts/texasbeyondhistory/data/nasoni/images hatchel-dc5.lg.jpg
2001.10.02 00:44 B C:\WINDOWS\Desktop\TBH\Recent\nasoni\images\hatchel-dc5.sm.jpg --> uts.cc.utexas.edu /export/httpd/vhosts/texasbeyondhistory/data/nasoni/images hatchel-dc5.sm.jpg
2001.10.02 00:44 B C:\WINDOWS\Desktop\TBH\Recent\nasoni\images\HATCHEL-DC6.html --> uts.cc.utexas.edu /export/httpd/vhosts/texasbeyondhistory/data/nasoni/images HATCHEL-DC6.html
2001.10.02 00:44 B C:\WINDOWS\Desktop\TBH\Recent\nasoni\images\hatchel-dc6.lg.jpg --> uts.cc.utexas.edu /export/httpd/vhosts/texasbeyondhistory/data/nasoni/images hatchel-dc6.lg.jpg
2001.10.02 00:44 B C:\WINDOWS\Desktop\TBH\Recent\nasoni\images\hatchel-dc6.sm.jpg --> uts.cc.utexas.edu /export/httpd/vhosts/texasbeyondhistory/data/nasoni/images hatchel-dc6.sm.jpg
2001.10.02 00:44 B C:\WINDOWS\Desktop\TBH\Recent\nasoni\images\HatchelMap1-lg.jpg --> uts.cc.utexas.edu /export/httpd/vhosts/texasbeyondhistory/data/nasoni/images HatchelMap1-lg.jpg
2001.10.02 00:44 B C:\WINDOWS\Desktop\TBH\Recent\nasoni\images\HatchelMap1-lg_jpg.jpg --> uts.cc.utexas.edu /export/httpd/vhosts/texasbeyondhistory/data/nasoni/images HatchelMap1-lg_jpg.jpg
2001.10.02 00:44 B C:\WINDOWS\Desktop\TBH\Recent\nasoni\images\HatchelMap1-sm.jpg --> uts.cc.utexas.edu /export/httpd/vhosts/texasbeyondhistory/data/nasoni/images HatchelMap1-sm.jpg
2001.10.02 00:45 B C:\WINDOWS\Desktop\TBH\Recent\nasoni\images\hatchelmap1-sm2.jpg --> uts.cc.utexas.edu /export/httpd/vhosts/texasbeyondhistory/data/nasoni/images hatchelmap1-sm2.jpg
2001.10.02 00:45 B C:\WINDOWS\Desktop\TBH\Recent\nasoni\images\HatchelMap2-lg.jpg --> uts.cc.utexas.edu /export/httpd/vhosts/texasbeyondhistory/data/nasoni/images HatchelMap2-lg.jpg
2001.10.02 00:45 B C:\WINDOWS\Desktop\TBH\Recent\nasoni\images\HatchelMap2-lg_jpg.jpg --> uts.cc.utexas.edu /export/httpd/vhosts/texasbeyondhistory/data/nasoni/images HatchelMap2-lg_jpg.jpg
2001.10.02 00:45 B C:\WINDOWS\Desktop\TBH\Recent\nasoni\images\HatchelMap2-sm.jpg --> uts.cc.utexas.edu /export/httpd/vhosts/texasbeyondhistory/data/nasoni/images HatchelMap2-sm.jpg
2001.10.02 00:45 B C:\WINDOWS\Desktop\TBH\Recent\nasoni\images\HatchelMapKey-lg.jpg --> uts.cc.utexas.edu /export/httpd/vhosts/texasbeyondhistory/data/nasoni/images HatchelMapKey-lg.jpg
2001.10.02 00:46 B C:\WINDOWS\Desktop\TBH\Recent\nasoni\images\HatchelMapKey-lg_jpg.jpg --> uts.cc.utexas.edu /export/httpd/vhosts/texasbeyondhistory/data/nasoni/images HatchelMapKey-lg_jpg.jpg
2001.10.02 00:46 B C:\WINDOWS\Desktop\TBH\Recent\nasoni\images\HatchelMapKey-sm.jpg --> uts.cc.utexas.edu /export/httpd/vhosts/texasbeyondhistory/data/nasoni/images HatchelMapKey-sm.jpg
2001.10.02 00:46 B C:\WINDOWS\Desktop\TBH\Recent\nasoni\images\HatchelMapKey.html --> uts.cc.utexas.edu /export/httpd/vhosts/texasbeyondhistory/data/nasoni/images HatchelMapKey.html
2001.10.02 00:46 B C:\WINDOWS\Desktop\TBH\Recent\nasoni\images\indian.html --> uts.cc.utexas.edu /export/httpd/vhosts/texasbeyondhistory/data/nasoni/images indian.html
2001.10.02 00:46 B C:\WINDOWS\Desktop\TBH\Recent\nasoni\images\MB1-lg.jpg --> uts.cc.utexas.edu /export/httpd/vhosts/texasbeyondhistory/data/nasoni/images MB1-lg.jpg
2001.10.02 00:46 B C:\WINDOWS\Desktop\TBH\Recent\nasoni\images\MB1-lg_jpg.jpg --> uts.cc.utexas.edu /export/httpd/vhosts/texasbeyondhistory/data/nasoni/images MB1-lg_jpg.jpg
2001.10.02 00:46 B C:\WINDOWS\Desktop\TBH\Recent\nasoni\images\MB1-sm.jpg --> uts.cc.utexas.edu /export/httpd/vhosts/texasbeyondhistory/data/nasoni/images MB1-sm.jpg
2001.10.02 00:46 B C:\WINDOWS\Desktop\TBH\Recent\nasoni\images\MB15-lg.jpg --> uts.cc.utexas.edu /export/httpd/vhosts/texasbeyondhistory/data/nasoni/images MB15-lg.jpg
2001.10.02 00:46 B C:\WINDOWS\Desktop\TBH\Recent\nasoni\images\MB15-lg_jpg.jpg --> uts.cc.utexas.edu /export/httpd/vhosts/texasbeyondhistory/data/nasoni/images MB15-lg_jpg.jpg
2001.10.02 00:46 B C:\WINDOWS\Desktop\TBH\Recent\nasoni\images\MB15-sm.jpg --> uts.cc.utexas.edu /export/httpd/vhosts/texasbeyondhistory/data/nasoni/images MB15-sm.jpg
2001.10.02 00:46 B C:\WINDOWS\Desktop\TBH\Recent\nasoni\images\MB15.html --> uts.cc.utexas.edu /export/httpd/vhosts/texasbeyondhistory/data/nasoni/images MB15.html
2001.10.02 00:46 B C:\WINDOWS\Desktop\TBH\Recent\nasoni\images\MB19-lg.jpg --> uts.cc.utexas.edu /export/httpd/vhosts/texasbeyondhistory/data/nasoni/images MB19-lg.jpg
2001.10.02 00:46 B C:\WINDOWS\Desktop\TBH\Recent\nasoni\images\MB19-lg_jpg.jpg --> uts.cc.utexas.edu /export/httpd/vhosts/texasbeyondhistory/data/nasoni/images MB19-lg_jpg.jpg
2001.10.02 00:46 B C:\WINDOWS\Desktop\TBH\Recent\nasoni\images\mb19-sm.jpg --> uts.cc.utexas.edu /export/httpd/vhosts/texasbeyondhistory/data/nasoni/images mb19-sm.jpg
2001.10.02 00:46 B C:\WINDOWS\Desktop\TBH\Recent\nasoni\images\MB19.html --> uts.cc.utexas.edu /export/httpd/vhosts/texasbeyondhistory/data/nasoni/images MB19.html
2001.10.02 00:47 B C:\WINDOWS\Desktop\TBH\Recent\nasoni\images\MB21-lg.jpg --> uts.cc.utexas.edu /export/httpd/vhosts/texasbeyondhistory/data/nasoni/images MB21-lg.jpg
2001.10.02 00:47 B C:\WINDOWS\Desktop\TBH\Recent\nasoni\images\MB21-lg_jpg.jpg --> uts.cc.utexas.edu /export/httpd/vhosts/texasbeyondhistory/data/nasoni/images MB21-lg_jpg.jpg
2001.10.02 00:47 B C:\WINDOWS\Desktop\TBH\Recent\nasoni\images\MB21-sm.jpg --> uts.cc.utexas.edu /export/httpd/vhosts/texasbeyondhistory/data/nasoni/images MB21-sm.jpg
2001.10.02 00:47 B C:\WINDOWS\Desktop\TBH\Recent\nasoni\images\MB21.html --> uts.cc.utexas.edu /export/httpd/vhosts/texasbeyondhistory/data/nasoni/images MB21.html
2001.10.02 00:47 B C:\WINDOWS\Desktop\TBH\Recent\nasoni\images\MB7-lg.jpg --> uts.cc.utexas.edu /export/httpd/vhosts/texasbeyondhistory/data/nasoni/images MB7-lg.jpg
2001.10.02 00:47 B C:\WINDOWS\Desktop\TBH\Recent\nasoni\images\MB7-lg_jpg.jpg --> uts.cc.utexas.edu /export/httpd/vhosts/texasbeyondhistory/data/nasoni/images MB7-lg_jpg.jpg
2001.10.02 00:47 B C:\WINDOWS\Desktop\TBH\Recent\nasoni\images\MB7-sm.jpg --> uts.cc.utexas.edu /export/httpd/vhosts/texasbeyondhistory/data/nasoni/images MB7-sm.jpg
2001.10.02 00:47 B C:\WINDOWS\Desktop\TBH\Recent\nasoni\images\MB7.html --> uts.cc.utexas.edu /export/httpd/vhosts/texasbeyondhistory/data/nasoni/images MB7.html
2001.10.02 00:47 B C:\WINDOWS\Desktop\TBH\Recent\nasoni\images\MB9-lg.jpg --> uts.cc.utexas.edu /export/httpd/vhosts/texasbeyondhistory/data/nasoni/images MB9-lg.jpg
2001.10.02 00:47 B C:\WINDOWS\Desktop\TBH\Recent\nasoni\images\MB9-lg_jpg.jpg --> uts.cc.utexas.edu /export/httpd/vhosts/texasbeyondhistory/data/nasoni/images MB9-lg_jpg.jpg
2001.10.02 00:47 B C:\WINDOWS\Desktop\TBH\Recent\nasoni\images\MB9-sm.jpg --> uts.cc.utexas.edu /export/httpd/vhosts/texasbeyondhistory/data/nasoni/images MB9-sm.jpg
2001.10.02 00:47 B C:\WINDOWS\Desktop\TBH\Recent\nasoni\images\shaw1-lg.jpg --> uts.cc.utexas.edu /export/httpd/vhosts/texasbeyondhistory/data/nasoni/images shaw1-lg.jpg
2001.10.02 00:48 B C:\WINDOWS\Desktop\TBH\Recent\nasoni\images\shaw1-lg_jpg.jpg --> uts.cc.utexas.edu /export/httpd/vhosts/texasbeyondhistory/data/nasoni/images shaw1-lg_jpg.jpg
2001.10.02 00:48 B C:\WINDOWS\Desktop\TBH\Recent\nasoni\images\shaw1-sm.jpg --> uts.cc.utexas.edu /export/httpd/vhosts/texasbeyondhistory/data/nasoni/images shaw1-sm.jpg
2001.10.02 00:48 B C:\WINDOWS\Desktop\TBH\Recent\nasoni\images\shaw1.html --> uts.cc.utexas.edu /export/httpd/vhosts/texasbeyondhistory/data/nasoni/images shaw1.html
2001.10.02 00:48 B C:\WINDOWS\Desktop\TBH\Recent\nasoni\images\shaw2-lg.jpg --> uts.cc.utexas.edu /export/httpd/vhosts/texasbeyondhistory/data/nasoni/images shaw2-lg.jpg
2001.10.02 00:48 B C:\WINDOWS\Desktop\TBH\Recent\nasoni\images\shaw2-lg_jpg.jpg --> uts.cc.utexas.edu /export/httpd/vhosts/texasbeyondhistory/data/nasoni/images shaw2-lg_jpg.jpg
2001.10.02 00:48 B C:\WINDOWS\Desktop\TBH\Recent\nasoni\images\shaw2-sm.jpg --> uts.cc.utexas.edu /export/httpd/vhosts/texasbeyondhistory/data/nasoni/images shaw2-sm.jpg
2001.10.02 00:48 B C:\WINDOWS\Desktop\TBH\Recent\nasoni\images\shaw2.html --> uts.cc.utexas.edu /export/httpd/vhosts/texasbeyondhistory/data/nasoni/images shaw2.html
2001.10.02 00:49 B C:\WINDOWS\Desktop\TBH\Recent\nasoni\images\shaw3-lg.jpg --> uts.cc.utexas.edu /export/httpd/vhosts/texasbeyondhistory/data/nasoni/images shaw3-lg.jpg
2001.10.02 00:49 B C:\WINDOWS\Desktop\TBH\Recent\nasoni\images\shaw3-lg_jpg.jpg --> uts.cc.utexas.edu /export/httpd/vhosts/texasbeyondhistory/data/nasoni/images shaw3-lg_jpg.jpg
2001.10.02 00:49 B C:\WINDOWS\Desktop\TBH\Recent\nasoni\images\shaw3-sm.jpg --> uts.cc.utexas.edu /export/httpd/vhosts/texasbeyondhistory/data/nasoni/images shaw3-sm.jpg
2001.10.02 00:49 B C:\WINDOWS\Desktop\TBH\Recent\nasoni\images\shaw3-sm2.jpg --> uts.cc.utexas.edu /export/httpd/vhosts/texasbeyondhistory/data/nasoni/images shaw3-sm2.jpg
2001.10.02 00:49 B C:\WINDOWS\Desktop\TBH\Recent\nasoni\images\shaw3.html --> uts.cc.utexas.edu /export/httpd/vhosts/texasbeyondhistory/data/nasoni/images shaw3.html
2001.10.02 00:49 B C:\WINDOWS\Desktop\TBH\Recent\nasoni\images\temple-lg.jpg --> uts.cc.utexas.edu /export/httpd/vhosts/texasbeyondhistory/data/nasoni/images temple-lg.jpg
2001.10.02 00:49 B C:\WINDOWS\Desktop\TBH\Recent\nasoni\images\temple-lg_jpg.jpg --> uts.cc.utexas.edu /export/httpd/vhosts/texasbeyondhistory/data/nasoni/images temple-lg_jpg.jpg
2001.10.02 00:49 B C:\WINDOWS\Desktop\TBH\Recent\nasoni\images\temple-sm.jpg --> uts.cc.utexas.edu /export/httpd/vhosts/texasbeyondhistory/data/nasoni/images temple-sm.jpg
2001.10.02 00:49 B C:\WINDOWS\Desktop\TBH\Recent\nasoni\images\temple.html --> uts.cc.utexas.edu /export/httpd/vhosts/texasbeyondhistory/data/nasoni/images temple.html
2001.11.02 14:28 B G:\Website Stuff\TBH Website Temp\nasoni\images\BW3-BW83.html --> uts.cc.utexas.edu /export/httpd/vhosts/texasbeyondhistory/data/nasoni/images BW3-BW83.html
2002.08.09 16:00 B J:\TBH Website Temp\nasoni\images\41BW3-C116-sm.jpg --> uts.cc.utexas.edu /export/httpd/vhosts/texasbeyondhistory/data/nasoni 41BW3-C116-sm.jpg
2002.08.09 16:01 B J:\TBH Website Temp\nasoni\images\BW3-BW114.html --> uts.cc.utexas.edu /export/httpd/vhosts/texasbeyondhistory/data/nasoni/images BW3-BW114.html
