2005.06.28 21:44 B L:\TBH Website Temp\plateaus\prehistory\images\canyonlands.html --> uts.cc.utexas.edu /export/httpd/vhosts/texasbeyondhistory/data/protect/plateaus/prehistory/images canyonlands.html
2005.06.28 21:44 B L:\TBH Website Temp\plateaus\prehistory\images\population.html --> uts.cc.utexas.edu /export/httpd/vhosts/texasbeyondhistory/data/protect/plateaus/prehistory/images population.html
2005.06.28 21:44 B L:\TBH Website Temp\plateaus\prehistory\images\TV41-19.html --> uts.cc.utexas.edu /export/httpd/vhosts/texasbeyondhistory/data/protect/plateaus/prehistory/images TV41-19.html
2005.06.28 21:44 B L:\TBH Website Temp\plateaus\prehistory\images\Black-Creel-1997.html --> uts.cc.utexas.edu /export/httpd/vhosts/texasbeyondhistory/data/protect/plateaus/prehistory/images Black-Creel-1997.html
2005.06.28 21:44 B L:\TBH Website Temp\plateaus\prehistory\images\BX52-clovis.html --> uts.cc.utexas.edu /export/httpd/vhosts/texasbeyondhistory/data/protect/plateaus/prehistory/images BX52-clovis.html
2005.06.28 21:44 B L:\TBH Website Temp\plateaus\prehistory\images\TV41-19-sm.jpg --> uts.cc.utexas.edu /export/httpd/vhosts/texasbeyondhistory/data/protect/plateaus/prehistory/images TV41-19-sm.jpg
2005.06.28 21:44 B L:\TBH Website Temp\plateaus\prehistory\images\TV41-19.jpg --> uts.cc.utexas.edu /export/httpd/vhosts/texasbeyondhistory/data/protect/plateaus/prehistory/images TV41-19.jpg
2005.06.28 21:44 B L:\TBH Website Temp\plateaus\prehistory\images\Black-Creel-1997.jpg --> uts.cc.utexas.edu /export/httpd/vhosts/texasbeyondhistory/data/protect/plateaus/prehistory/images Black-Creel-1997.jpg
2005.06.28 21:44 B L:\TBH Website Temp\plateaus\prehistory\images\Black-Creel-1997-sm.jpg --> uts.cc.utexas.edu /export/httpd/vhosts/texasbeyondhistory/data/protect/plateaus/prehistory/images Black-Creel-1997-sm.jpg
2005.06.28 21:44 B L:\TBH Website Temp\plateaus\prehistory\images\BX52-clovis.jpg --> uts.cc.utexas.edu /export/httpd/vhosts/texasbeyondhistory/data/protect/plateaus/prehistory/images BX52-clovis.jpg
2005.06.28 21:44 B L:\TBH Website Temp\plateaus\prehistory\images\BX52-clovis-sm.jpg --> uts.cc.utexas.edu /export/httpd/vhosts/texasbeyondhistory/data/protect/plateaus/prehistory/images BX52-clovis-sm.jpg
2005.06.28 21:44 B L:\TBH Website Temp\plateaus\prehistory\images\dering-7.html --> uts.cc.utexas.edu /export/httpd/vhosts/texasbeyondhistory/data/protect/plateaus/prehistory/images dering-7.html
2005.06.28 21:44 B L:\TBH Website Temp\plateaus\prehistory\images\PricklyPear.html --> uts.cc.utexas.edu /export/httpd/vhosts/texasbeyondhistory/data/protect/plateaus/prehistory/images PricklyPear.html
2005.06.28 21:44 B L:\TBH Website Temp\plateaus\prehistory\images\HC74-northwest.html --> uts.cc.utexas.edu /export/httpd/vhosts/texasbeyondhistory/data/protect/plateaus/prehistory/images HC74-northwest.html
2005.06.28 21:44 B L:\TBH Website Temp\plateaus\prehistory\images\bucks.html --> uts.cc.utexas.edu /export/httpd/vhosts/texasbeyondhistory/data/protect/plateaus/prehistory/images bucks.html
2005.06.28 21:44 B L:\TBH Website Temp\plateaus\prehistory\images\feature181.html --> uts.cc.utexas.edu /export/httpd/vhosts/texasbeyondhistory/data/protect/plateaus/prehistory/images feature181.html
2005.06.28 21:44 B L:\TBH Website Temp\plateaus\prehistory\images\hot.html --> uts.cc.utexas.edu /export/httpd/vhosts/texasbeyondhistory/data/protect/plateaus/prehistory/images hot.html
2005.06.28 21:44 B L:\TBH Website Temp\plateaus\prehistory\images\WM235-C4313.html --> uts.cc.utexas.edu /export/httpd/vhosts/texasbeyondhistory/data/protect/plateaus/prehistory/images WM235-C4313.html
2005.06.28 21:44 B L:\TBH Website Temp\plateaus\prehistory\images\WM235-C4313-sm.jpg --> uts.cc.utexas.edu /export/httpd/vhosts/texasbeyondhistory/data/protect/plateaus/prehistory/images WM235-C4313-sm.jpg
2005.06.28 21:44 B L:\TBH Website Temp\plateaus\prehistory\images\WM235-C4313.jpg --> uts.cc.utexas.edu /export/httpd/vhosts/texasbeyondhistory/data/protect/plateaus/prehistory/images WM235-C4313.jpg
2005.06.28 21:44 B L:\TBH Website Temp\plateaus\prehistory\images\MS32-C71.html --> uts.cc.utexas.edu /export/httpd/vhosts/texasbeyondhistory/data/protect/plateaus/prehistory/images MS32-C71.html
2005.06.28 21:44 B L:\TBH Website Temp\plateaus\prehistory\images\BX184-BRM.html --> uts.cc.utexas.edu /export/httpd/vhosts/texasbeyondhistory/data/protect/plateaus/prehistory/images BX184-BRM.html
2005.06.28 21:44 B L:\TBH Website Temp\plateaus\prehistory\images\plant.html --> uts.cc.utexas.edu /export/httpd/vhosts/texasbeyondhistory/data/protect/plateaus/prehistory/images plant.html
2005.06.28 21:44 B L:\TBH Website Temp\plateaus\prehistory\images\MS32-C71.jpg --> uts.cc.utexas.edu /export/httpd/vhosts/texasbeyondhistory/data/protect/plateaus/prehistory/images MS32-C71.jpg
2005.06.28 21:44 B L:\TBH Website Temp\plateaus\prehistory\images\MS32-C71-sm.jpg --> uts.cc.utexas.edu /export/httpd/vhosts/texasbeyondhistory/data/protect/plateaus/prehistory/images MS32-C71-sm.jpg
2005.06.28 21:44 B L:\TBH Website Temp\plateaus\prehistory\images\BX184-BRM.jpg --> uts.cc.utexas.edu /export/httpd/vhosts/texasbeyondhistory/data/protect/plateaus/prehistory/images BX184-BRM.jpg
2005.06.28 21:44 B L:\TBH Website Temp\plateaus\prehistory\images\BX184-BRM-sm.jpg --> uts.cc.utexas.edu /export/httpd/vhosts/texasbeyondhistory/data/protect/plateaus/prehistory/images BX184-BRM-sm.jpg
2005.06.28 21:44 B L:\TBH Website Temp\plateaus\prehistory\images\quigg-antler.html --> uts.cc.utexas.edu /export/httpd/vhosts/texasbeyondhistory/data/protect/plateaus/prehistory/images quigg-antler.html
2005.06.28 21:44 B L:\TBH Website Temp\plateaus\prehistory\images\BX1-B10.html --> uts.cc.utexas.edu /export/httpd/vhosts/texasbeyondhistory/data/protect/plateaus/prehistory/images BX1-B10.html
2005.06.28 21:44 B L:\TBH Website Temp\plateaus\prehistory\images\deer.html --> uts.cc.utexas.edu /export/httpd/vhosts/texasbeyondhistory/data/protect/plateaus/prehistory/images deer.html
2005.06.28 21:44 B L:\TBH Website Temp\plateaus\prehistory\images\quigg-antler.jpg --> uts.cc.utexas.edu /export/httpd/vhosts/texasbeyondhistory/data/protect/plateaus/prehistory/images quigg-antler.jpg
2005.06.28 21:44 B L:\TBH Website Temp\plateaus\prehistory\images\quigg-antler-sm.jpg --> uts.cc.utexas.edu /export/httpd/vhosts/texasbeyondhistory/data/protect/plateaus/prehistory/images quigg-antler-sm.jpg
2005.06.28 21:44 B L:\TBH Website Temp\plateaus\prehistory\images\BX1-B10-sm.jpg --> uts.cc.utexas.edu /export/httpd/vhosts/texasbeyondhistory/data/protect/plateaus/prehistory/images BX1-B10-sm.jpg
2005.06.28 21:44 B L:\TBH Website Temp\plateaus\prehistory\images\BX1-B10.jpg --> uts.cc.utexas.edu /export/httpd/vhosts/texasbeyondhistory/data/protect/plateaus/prehistory/images BX1-B10.jpg
2005.06.28 21:44 B L:\TBH Website Temp\plateaus\prehistory\images\toyah.html --> uts.cc.utexas.edu /export/httpd/vhosts/texasbeyondhistory/data/protect/plateaus/prehistory/images toyah.html
2005.06.28 21:44 B L:\TBH Website Temp\plateaus\prehistory\images\toyahtoolkit.html --> uts.cc.utexas.edu /export/httpd/vhosts/texasbeyondhistory/data/protect/plateaus/prehistory/images toyahtoolkit.html
2005.06.28 21:44 B L:\TBH Website Temp\plateaus\prehistory\images\toyahtoolkit-sm.jpg --> uts.cc.utexas.edu /export/httpd/vhosts/texasbeyondhistory/data/protect/plateaus/prehistory/images toyahtoolkit-sm.jpg
2005.06.28 21:44 B L:\TBH Website Temp\plateaus\prehistory\images\toyahtoolkit.jpg --> uts.cc.utexas.edu /export/httpd/vhosts/texasbeyondhistory/data/protect/plateaus/prehistory/images toyahtoolkit.jpg
2005.06.30 15:58 B L:\TBH Website Temp\plateaus\prehistory\images\wilson.jpg --> uts.cc.utexas.edu /export/httpd/vhosts/texasbeyondhistory/data/protect/plateaus/prehistory/images wilson.jpg
2005.06.30 15:58 B L:\TBH Website Temp\plateaus\prehistory\images\wilson.html --> uts.cc.utexas.edu /export/httpd/vhosts/texasbeyondhistory/data/protect/plateaus/prehistory/images wilson.html
2005.06.30 15:58 B L:\TBH Website Temp\plateaus\prehistory\images\wilson-sm.gif --> uts.cc.utexas.edu /export/httpd/vhosts/texasbeyondhistory/data/protect/plateaus/prehistory/images wilson-sm.gif
2005.06.30 15:58 B L:\TBH Website Temp\plateaus\prehistory\images\vv52-2.html --> uts.cc.utexas.edu /export/httpd/vhosts/texasbeyondhistory/data/protect/plateaus/prehistory/images vv52-2.html
2005.06.30 15:58 B L:\TBH Website Temp\plateaus\prehistory\images\vv18-3.html --> uts.cc.utexas.edu /export/httpd/vhosts/texasbeyondhistory/data/protect/plateaus/prehistory/images vv18-3.html
2005.06.30 15:58 B L:\TBH Website Temp\plateaus\prehistory\images\toyah-map.html --> uts.cc.utexas.edu /export/httpd/vhosts/texasbeyondhistory/data/protect/plateaus/prehistory/images toyah-map.html
2005.06.30 15:58 B L:\TBH Website Temp\plateaus\prehistory\images\toyah-map.gif --> uts.cc.utexas.edu /export/httpd/vhosts/texasbeyondhistory/data/protect/plateaus/prehistory/images toyah-map.gif
2005.06.30 15:58 B L:\TBH Website Temp\plateaus\prehistory\images\toyah-map-sm.gif --> uts.cc.utexas.edu /export/httpd/vhosts/texasbeyondhistory/data/protect/plateaus/prehistory/images toyah-map-sm.gif
2005.06.30 15:58 B L:\TBH Website Temp\plateaus\prehistory\images\time.html --> uts.cc.utexas.edu /export/httpd/vhosts/texasbeyondhistory/data/protect/plateaus/prehistory/images time.html
2005.06.30 15:58 B L:\TBH Website Temp\plateaus\prehistory\images\thrall.html --> uts.cc.utexas.edu /export/httpd/vhosts/texasbeyondhistory/data/protect/plateaus/prehistory/images thrall.html
2005.06.30 15:58 B L:\TBH Website Temp\plateaus\prehistory\images\thrall.gif --> uts.cc.utexas.edu /export/httpd/vhosts/texasbeyondhistory/data/protect/plateaus/prehistory/images thrall.gif
2005.06.30 15:58 B L:\TBH Website Temp\plateaus\prehistory\images\thrall-sm.gif --> uts.cc.utexas.edu /export/httpd/vhosts/texasbeyondhistory/data/protect/plateaus/prehistory/images thrall-sm.gif
2005.06.30 15:58 B L:\TBH Website Temp\plateaus\prehistory\images\tg346-c27.jpg --> uts.cc.utexas.edu /export/httpd/vhosts/texasbeyondhistory/data/protect/plateaus/prehistory/images tg346-c27.jpg
2005.06.30 15:58 B L:\TBH Website Temp\plateaus\prehistory\images\tg346-c27.html --> uts.cc.utexas.edu /export/httpd/vhosts/texasbeyondhistory/data/protect/plateaus/prehistory/images tg346-c27.html
2005.06.30 15:58 B L:\TBH Website Temp\plateaus\prehistory\images\tg346-c27-sm.jpg --> uts.cc.utexas.edu /export/httpd/vhosts/texasbeyondhistory/data/protect/plateaus/prehistory/images tg346-c27-sm.jpg
2005.06.30 15:58 B L:\TBH Website Temp\plateaus\prehistory\images\stratigraphy.jpg --> uts.cc.utexas.edu /export/httpd/vhosts/texasbeyondhistory/data/protect/plateaus/prehistory/images stratigraphy.jpg
2005.06.30 15:58 B L:\TBH Website Temp\plateaus\prehistory\images\stratigraphy.html --> uts.cc.utexas.edu /export/httpd/vhosts/texasbeyondhistory/data/protect/plateaus/prehistory/images stratigraphy.html
2005.06.30 15:58 B L:\TBH Website Temp\plateaus\prehistory\images\stratigraphy-sm.jpg --> uts.cc.utexas.edu /export/httpd/vhosts/texasbeyondhistory/data/protect/plateaus/prehistory/images stratigraphy-sm.jpg
2005.06.30 15:58 B L:\TBH Website Temp\plateaus\prehistory\images\stemmed.html --> uts.cc.utexas.edu /export/httpd/vhosts/texasbeyondhistory/data/protect/plateaus/prehistory/images stemmed.html
2005.06.30 15:58 B L:\TBH Website Temp\plateaus\prehistory\images\stemmed.gif --> uts.cc.utexas.edu /export/httpd/vhosts/texasbeyondhistory/data/protect/plateaus/prehistory/images stemmed.gif
2005.06.30 15:58 B L:\TBH Website Temp\plateaus\prehistory\images\stemmed-sm.gif --> uts.cc.utexas.edu /export/httpd/vhosts/texasbeyondhistory/data/protect/plateaus/prehistory/images stemmed-sm.gif
2005.06.30 15:58 B L:\TBH Website Temp\plateaus\prehistory\images\stemmed-img.html --> uts.cc.utexas.edu /export/httpd/vhosts/texasbeyondhistory/data/protect/plateaus/prehistory/images stemmed-img.html
2005.06.30 15:58 B L:\TBH Website Temp\plateaus\prehistory\images\splitstems.html --> uts.cc.utexas.edu /export/httpd/vhosts/texasbeyondhistory/data/protect/plateaus/prehistory/images splitstems.html
2005.06.30 15:58 B L:\TBH Website Temp\plateaus\prehistory\images\splitstems.gif --> uts.cc.utexas.edu /export/httpd/vhosts/texasbeyondhistory/data/protect/plateaus/prehistory/images splitstems.gif
2005.06.30 15:58 B L:\TBH Website Temp\plateaus\prehistory\images\splitstems-sm.gif --> uts.cc.utexas.edu /export/httpd/vhosts/texasbeyondhistory/data/protect/plateaus/prehistory/images splitstems-sm.gif
2005.06.30 15:58 B L:\TBH Website Temp\plateaus\prehistory\images\shaw-jump3.jpg --> uts.cc.utexas.edu /export/httpd/vhosts/texasbeyondhistory/data/protect/plateaus/prehistory/images shaw-jump3.jpg
2005.06.30 15:58 B L:\TBH Website Temp\plateaus\prehistory\images\shark.jpg --> uts.cc.utexas.edu /export/httpd/vhosts/texasbeyondhistory/data/protect/plateaus/prehistory/images shark.jpg
2005.06.30 15:58 B L:\TBH Website Temp\plateaus\prehistory\images\shark.html --> uts.cc.utexas.edu /export/httpd/vhosts/texasbeyondhistory/data/protect/plateaus/prehistory/images shark.html
2005.06.30 15:58 B L:\TBH Website Temp\plateaus\prehistory\images\shark-sm.jpg --> uts.cc.utexas.edu /export/httpd/vhosts/texasbeyondhistory/data/protect/plateaus/prehistory/images shark-sm.jpg
2005.06.30 15:58 B L:\TBH Website Temp\plateaus\prehistory\images\scallorn.html --> uts.cc.utexas.edu /export/httpd/vhosts/texasbeyondhistory/data/protect/plateaus/prehistory/images scallorn.html
2005.06.30 15:58 B L:\TBH Website Temp\plateaus\prehistory\images\refit.html --> uts.cc.utexas.edu /export/httpd/vhosts/texasbeyondhistory/data/protect/plateaus/prehistory/images refit.html
2005.06.30 15:58 B L:\TBH Website Temp\plateaus\prehistory\images\rattle2.html --> uts.cc.utexas.edu /export/httpd/vhosts/texasbeyondhistory/data/protect/plateaus/prehistory/images rattle2.html
2005.06.30 15:58 B L:\TBH Website Temp\plateaus\prehistory\images\prehistory.swf --> uts.cc.utexas.edu /export/httpd/vhosts/texasbeyondhistory/data/protect/plateaus/prehistory/images prehistory.swf
2005.06.30 15:58 B L:\TBH Website Temp\plateaus\prehistory\images\periods.html --> uts.cc.utexas.edu /export/httpd/vhosts/texasbeyondhistory/data/protect/plateaus/prehistory/images periods.html
2005.06.30 15:58 B L:\TBH Website Temp\plateaus\prehistory\images\mural.html --> uts.cc.utexas.edu /export/httpd/vhosts/texasbeyondhistory/data/protect/plateaus/prehistory/images mural.html
2005.06.30 15:58 B L:\TBH Website Temp\plateaus\prehistory\images\mauldin2003.html --> uts.cc.utexas.edu /export/httpd/vhosts/texasbeyondhistory/data/protect/plateaus/prehistory/images mauldin2003.html
2005.06.30 15:58 B L:\TBH Website Temp\plateaus\prehistory\images\mauldin2003.gif --> uts.cc.utexas.edu /export/httpd/vhosts/texasbeyondhistory/data/protect/plateaus/prehistory/images mauldin2003.gif
2005.06.30 15:58 B L:\TBH Website Temp\plateaus\prehistory\images\mauldin2003-sm.gif --> uts.cc.utexas.edu /export/httpd/vhosts/texasbeyondhistory/data/protect/plateaus/prehistory/images mauldin2003-sm.gif
2005.06.30 15:58 B L:\TBH Website Temp\plateaus\prehistory\images\lp.html --> uts.cc.utexas.edu /export/httpd/vhosts/texasbeyondhistory/data/protect/plateaus/prehistory/images lp.html
2005.06.30 15:58 B L:\TBH Website Temp\plateaus\prehistory\images\lechguila.jpg --> uts.cc.utexas.edu /export/httpd/vhosts/texasbeyondhistory/data/protect/plateaus/prehistory/images lechguila.jpg
2005.06.30 15:58 B L:\TBH Website Temp\plateaus\prehistory\images\lechguila.html --> uts.cc.utexas.edu /export/httpd/vhosts/texasbeyondhistory/data/protect/plateaus/prehistory/images lechguila.html
2005.06.30 15:58 B L:\TBH Website Temp\plateaus\prehistory\images\lechguila-sm.jpg --> uts.cc.utexas.edu /export/httpd/vhosts/texasbeyondhistory/data/protect/plateaus/prehistory/images lechguila-sm.jpg
2005.06.30 15:58 B L:\TBH Website Temp\plateaus\prehistory\images\leannes.html --> uts.cc.utexas.edu /export/httpd/vhosts/texasbeyondhistory/data/protect/plateaus/prehistory/images leannes.html
2005.06.30 15:58 B L:\TBH Website Temp\plateaus\prehistory\images\lanceolates.jpg --> uts.cc.utexas.edu /export/httpd/vhosts/texasbeyondhistory/data/protect/plateaus/prehistory/images lanceolates.jpg
2005.06.30 15:58 B L:\TBH Website Temp\plateaus\prehistory\images\lanceolates.html --> uts.cc.utexas.edu /export/httpd/vhosts/texasbeyondhistory/data/protect/plateaus/prehistory/images lanceolates.html
2005.06.30 15:58 B L:\TBH Website Temp\plateaus\prehistory\images\lanceolates-sm.jpg --> uts.cc.utexas.edu /export/httpd/vhosts/texasbeyondhistory/data/protect/plateaus/prehistory/images lanceolates-sm.jpg
2005.06.30 15:58 B L:\TBH Website Temp\plateaus\prehistory\images\km16-c23.jpg --> uts.cc.utexas.edu /export/httpd/vhosts/texasbeyondhistory/data/protect/plateaus/prehistory/images km16-c23.jpg
2005.06.30 15:58 B L:\TBH Website Temp\plateaus\prehistory\images\km16-c23.html --> uts.cc.utexas.edu /export/httpd/vhosts/texasbeyondhistory/data/protect/plateaus/prehistory/images km16-c23.html
2005.06.30 15:58 B L:\TBH Website Temp\plateaus\prehistory\images\km16-c23-sm.jpg --> uts.cc.utexas.edu /export/httpd/vhosts/texasbeyondhistory/data/protect/plateaus/prehistory/images km16-c23-sm.jpg
2005.06.30 15:58 B L:\TBH Website Temp\plateaus\prehistory\images\intro.html --> uts.cc.utexas.edu /export/httpd/vhosts/texasbeyondhistory/data/protect/plateaus/prehistory/images intro.html
2005.06.30 15:58 B L:\TBH Website Temp\plateaus\prehistory\images\hy209.jpg --> uts.cc.utexas.edu /export/httpd/vhosts/texasbeyondhistory/data/protect/plateaus/prehistory/images hy209.jpg
2005.06.30 15:58 B L:\TBH Website Temp\plateaus\prehistory\images\hy209.html --> uts.cc.utexas.edu /export/httpd/vhosts/texasbeyondhistory/data/protect/plateaus/prehistory/images hy209.html
2005.06.30 15:58 B L:\TBH Website Temp\plateaus\prehistory\images\hy209-sm.jpg --> uts.cc.utexas.edu /export/httpd/vhosts/texasbeyondhistory/data/protect/plateaus/prehistory/images hy209-sm.jpg
2005.06.30 15:58 B L:\TBH Website Temp\plateaus\prehistory\images\head.jpg --> uts.cc.utexas.edu /export/httpd/vhosts/texasbeyondhistory/data/protect/plateaus/prehistory/images head.jpg
2005.06.30 15:58 B L:\TBH Website Temp\plateaus\prehistory\images\head.html --> uts.cc.utexas.edu /export/httpd/vhosts/texasbeyondhistory/data/protect/plateaus/prehistory/images head.html
2005.06.30 15:58 B L:\TBH Website Temp\plateaus\prehistory\images\head-sm.jpg --> uts.cc.utexas.edu /export/httpd/vhosts/texasbeyondhistory/data/protect/plateaus/prehistory/images head-sm.jpg
2005.06.30 15:58 B L:\TBH Website Temp\plateaus\prehistory\images\earliest.html --> uts.cc.utexas.edu /export/httpd/vhosts/texasbeyondhistory/data/protect/plateaus/prehistory/images earliest.html
2005.06.30 15:58 B L:\TBH Website Temp\plateaus\prehistory\images\core.html --> uts.cc.utexas.edu /export/httpd/vhosts/texasbeyondhistory/data/protect/plateaus/prehistory/images core.html
2005.06.30 15:58 B L:\TBH Website Temp\plateaus\prehistory\images\core.gif --> uts.cc.utexas.edu /export/httpd/vhosts/texasbeyondhistory/data/protect/plateaus/prehistory/images core.gif
2005.06.30 15:58 B L:\TBH Website Temp\plateaus\prehistory\images\core-sm.gif --> uts.cc.utexas.edu /export/httpd/vhosts/texasbeyondhistory/data/protect/plateaus/prehistory/images core-sm.gif
2005.06.30 15:58 B L:\TBH Website Temp\plateaus\prehistory\images\clovis.html --> uts.cc.utexas.edu /export/httpd/vhosts/texasbeyondhistory/data/protect/plateaus/prehistory/images clovis.html
2005.06.30 15:58 B L:\TBH Website Temp\plateaus\prehistory\images\climatic.html --> uts.cc.utexas.edu /export/httpd/vhosts/texasbeyondhistory/data/protect/plateaus/prehistory/images climatic.html
2005.06.30 15:58 B L:\TBH Website Temp\plateaus\prehistory\images\chopper.jpg --> uts.cc.utexas.edu /export/httpd/vhosts/texasbeyondhistory/data/protect/plateaus/prehistory/images chopper.jpg
2005.06.30 15:58 B L:\TBH Website Temp\plateaus\prehistory\images\chopper.html --> uts.cc.utexas.edu /export/httpd/vhosts/texasbeyondhistory/data/protect/plateaus/prehistory/images chopper.html
2005.06.30 15:58 B L:\TBH Website Temp\plateaus\prehistory\images\chopper-sm.jpg --> uts.cc.utexas.edu /export/httpd/vhosts/texasbeyondhistory/data/protect/plateaus/prehistory/images chopper-sm.jpg
2005.06.30 15:58 B L:\TBH Website Temp\plateaus\prehistory\images\castroville.jpg --> uts.cc.utexas.edu /export/httpd/vhosts/texasbeyondhistory/data/protect/plateaus/prehistory/images castroville.jpg
2005.06.30 15:58 B L:\TBH Website Temp\plateaus\prehistory\images\castroville.html --> uts.cc.utexas.edu /export/httpd/vhosts/texasbeyondhistory/data/protect/plateaus/prehistory/images castroville.html
2005.06.30 15:58 B L:\TBH Website Temp\plateaus\prehistory\images\castroville-sm.jpg --> uts.cc.utexas.edu /export/httpd/vhosts/texasbeyondhistory/data/protect/plateaus/prehistory/images castroville-sm.jpg
2005.06.30 15:58 B L:\TBH Website Temp\plateaus\prehistory\images\camas-onion.jpg --> uts.cc.utexas.edu /export/httpd/vhosts/texasbeyondhistory/data/protect/plateaus/prehistory/images camas-onion.jpg
2005.06.30 15:58 B L:\TBH Website Temp\plateaus\prehistory\images\camas-onion.html --> uts.cc.utexas.edu /export/httpd/vhosts/texasbeyondhistory/data/protect/plateaus/prehistory/images camas-onion.html
2005.06.30 15:58 B L:\TBH Website Temp\plateaus\prehistory\images\camas-onion-sm.jpg --> uts.cc.utexas.edu /export/httpd/vhosts/texasbeyondhistory/data/protect/plateaus/prehistory/images camas-onion-sm.jpg
2005.06.30 15:58 B L:\TBH Website Temp\plateaus\prehistory\images\bx52-blades-core.html --> uts.cc.utexas.edu /export/httpd/vhosts/texasbeyondhistory/data/protect/plateaus/prehistory/images bx52-blades-core.html
2005.06.30 15:58 B L:\TBH Website Temp\plateaus\prehistory\images\bx52-1202.html --> uts.cc.utexas.edu /export/httpd/vhosts/texasbeyondhistory/data/protect/plateaus/prehistory/images bx52-1202.html
2005.06.30 15:58 B L:\TBH Website Temp\plateaus\prehistory\images\burialdrawing.html --> uts.cc.utexas.edu /export/httpd/vhosts/texasbeyondhistory/data/protect/plateaus/prehistory/images burialdrawing.html
2005.06.30 15:58 B L:\TBH Website Temp\plateaus\prehistory\images\burialdrawing.gif --> uts.cc.utexas.edu /export/httpd/vhosts/texasbeyondhistory/data/protect/plateaus/prehistory/images burialdrawing.gif
2005.06.30 15:58 B L:\TBH Website Temp\plateaus\prehistory\images\burialdrawing-sm.gif --> uts.cc.utexas.edu /export/httpd/vhosts/texasbeyondhistory/data/protect/plateaus/prehistory/images burialdrawing-sm.gif
2005.06.30 15:58 B L:\TBH Website Temp\plateaus\prehistory\images\bucks.jpg --> uts.cc.utexas.edu /export/httpd/vhosts/texasbeyondhistory/data/protect/plateaus/prehistory/images bucks.jpg
2005.06.30 15:58 B L:\TBH Website Temp\plateaus\prehistory\images\bucks-sm.jpg --> uts.cc.utexas.edu /export/httpd/vhosts/texasbeyondhistory/data/protect/plateaus/prehistory/images bucks-sm.jpg
2005.06.30 15:58 B L:\TBH Website Temp\plateaus\prehistory\images\bow.html --> uts.cc.utexas.edu /export/httpd/vhosts/texasbeyondhistory/data/protect/plateaus/prehistory/images bow.html
2005.06.30 15:58 B L:\TBH Website Temp\plateaus\prehistory\images\bone.html --> uts.cc.utexas.edu /export/httpd/vhosts/texasbeyondhistory/data/protect/plateaus/prehistory/images bone.html
2005.06.30 15:58 B L:\TBH Website Temp\plateaus\prehistory\images\bell-w-l.html --> uts.cc.utexas.edu /export/httpd/vhosts/texasbeyondhistory/data/protect/plateaus/prehistory/images bell-w-l.html
2005.06.30 15:58 B L:\TBH Website Temp\plateaus\prehistory\images\bell-w-l.gif --> uts.cc.utexas.edu /export/httpd/vhosts/texasbeyondhistory/data/protect/plateaus/prehistory/images bell-w-l.gif
2005.06.30 15:58 B L:\TBH Website Temp\plateaus\prehistory\images\bell-w-l-sm.gif --> uts.cc.utexas.edu /export/httpd/vhosts/texasbeyondhistory/data/protect/plateaus/prehistory/images bell-w-l-sm.gif
2005.06.30 15:58 B L:\TBH Website Temp\plateaus\prehistory\images\WS_FTP.LOG --> uts.cc.utexas.edu /export/httpd/vhosts/texasbeyondhistory/data/protect/plateaus/prehistory/images WS_FTP.LOG
2005.06.30 15:58 B L:\TBH Website Temp\plateaus\prehistory\images\canyonlands.html --> uts.cc.utexas.edu /export/httpd/vhosts/texasbeyondhistory/data/protect/plateaus/prehistory/images canyonlands.html
2005.06.30 15:58 B L:\TBH Website Temp\plateaus\prehistory\images\population.html --> uts.cc.utexas.edu /export/httpd/vhosts/texasbeyondhistory/data/protect/plateaus/prehistory/images population.html
2005.06.30 15:58 B L:\TBH Website Temp\plateaus\prehistory\images\TV41-19.html --> uts.cc.utexas.edu /export/httpd/vhosts/texasbeyondhistory/data/protect/plateaus/prehistory/images TV41-19.html
2005.06.30 15:58 B L:\TBH Website Temp\plateaus\prehistory\images\Black-Creel-1997.html --> uts.cc.utexas.edu /export/httpd/vhosts/texasbeyondhistory/data/protect/plateaus/prehistory/images Black-Creel-1997.html
2005.06.30 15:58 B L:\TBH Website Temp\plateaus\prehistory\images\BX52-clovis.html --> uts.cc.utexas.edu /export/httpd/vhosts/texasbeyondhistory/data/protect/plateaus/prehistory/images BX52-clovis.html
2005.06.30 15:58 B L:\TBH Website Temp\plateaus\prehistory\images\TV41-19-sm.jpg --> uts.cc.utexas.edu /export/httpd/vhosts/texasbeyondhistory/data/protect/plateaus/prehistory/images TV41-19-sm.jpg
2005.06.30 15:58 B L:\TBH Website Temp\plateaus\prehistory\images\TV41-19.jpg --> uts.cc.utexas.edu /export/httpd/vhosts/texasbeyondhistory/data/protect/plateaus/prehistory/images TV41-19.jpg
2005.06.30 15:58 B L:\TBH Website Temp\plateaus\prehistory\images\Black-Creel-1997.jpg --> uts.cc.utexas.edu /export/httpd/vhosts/texasbeyondhistory/data/protect/plateaus/prehistory/images Black-Creel-1997.jpg
2005.06.30 15:58 B L:\TBH Website Temp\plateaus\prehistory\images\Black-Creel-1997-sm.jpg --> uts.cc.utexas.edu /export/httpd/vhosts/texasbeyondhistory/data/protect/plateaus/prehistory/images Black-Creel-1997-sm.jpg
2005.06.30 15:58 B L:\TBH Website Temp\plateaus\prehistory\images\BX52-clovis.jpg --> uts.cc.utexas.edu /export/httpd/vhosts/texasbeyondhistory/data/protect/plateaus/prehistory/images BX52-clovis.jpg
2005.06.30 15:58 B L:\TBH Website Temp\plateaus\prehistory\images\BX52-clovis-sm.jpg --> uts.cc.utexas.edu /export/httpd/vhosts/texasbeyondhistory/data/protect/plateaus/prehistory/images BX52-clovis-sm.jpg
2005.06.30 15:58 B L:\TBH Website Temp\plateaus\prehistory\images\dering-7.html --> uts.cc.utexas.edu /export/httpd/vhosts/texasbeyondhistory/data/protect/plateaus/prehistory/images dering-7.html
2005.06.30 15:58 B L:\TBH Website Temp\plateaus\prehistory\images\PricklyPear.html --> uts.cc.utexas.edu /export/httpd/vhosts/texasbeyondhistory/data/protect/plateaus/prehistory/images PricklyPear.html
2005.06.30 15:58 B L:\TBH Website Temp\plateaus\prehistory\images\HC74-northwest.html --> uts.cc.utexas.edu /export/httpd/vhosts/texasbeyondhistory/data/protect/plateaus/prehistory/images HC74-northwest.html
2005.06.30 15:58 B L:\TBH Website Temp\plateaus\prehistory\images\bucks.html --> uts.cc.utexas.edu /export/httpd/vhosts/texasbeyondhistory/data/protect/plateaus/prehistory/images bucks.html
2005.06.30 15:58 B L:\TBH Website Temp\plateaus\prehistory\images\feature181.html --> uts.cc.utexas.edu /export/httpd/vhosts/texasbeyondhistory/data/protect/plateaus/prehistory/images feature181.html
2005.06.30 15:58 B L:\TBH Website Temp\plateaus\prehistory\images\hot.html --> uts.cc.utexas.edu /export/httpd/vhosts/texasbeyondhistory/data/protect/plateaus/prehistory/images hot.html
2005.06.30 15:58 B L:\TBH Website Temp\plateaus\prehistory\images\WM235-C4313.html --> uts.cc.utexas.edu /export/httpd/vhosts/texasbeyondhistory/data/protect/plateaus/prehistory/images WM235-C4313.html
2005.06.30 15:58 B L:\TBH Website Temp\plateaus\prehistory\images\WM235-C4313-sm.jpg --> uts.cc.utexas.edu /export/httpd/vhosts/texasbeyondhistory/data/protect/plateaus/prehistory/images WM235-C4313-sm.jpg
2005.06.30 15:58 B L:\TBH Website Temp\plateaus\prehistory\images\WM235-C4313.jpg --> uts.cc.utexas.edu /export/httpd/vhosts/texasbeyondhistory/data/protect/plateaus/prehistory/images WM235-C4313.jpg
2005.06.30 15:58 B L:\TBH Website Temp\plateaus\prehistory\images\MS32-C71.html --> uts.cc.utexas.edu /export/httpd/vhosts/texasbeyondhistory/data/protect/plateaus/prehistory/images MS32-C71.html
2005.06.30 15:58 B L:\TBH Website Temp\plateaus\prehistory\images\BX184-BRM.html --> uts.cc.utexas.edu /export/httpd/vhosts/texasbeyondhistory/data/protect/plateaus/prehistory/images BX184-BRM.html
2005.06.30 15:59 B L:\TBH Website Temp\plateaus\prehistory\images\plant.html --> uts.cc.utexas.edu /export/httpd/vhosts/texasbeyondhistory/data/protect/plateaus/prehistory/images plant.html
2005.06.30 15:59 B L:\TBH Website Temp\plateaus\prehistory\images\MS32-C71.jpg --> uts.cc.utexas.edu /export/httpd/vhosts/texasbeyondhistory/data/protect/plateaus/prehistory/images MS32-C71.jpg
2005.06.30 15:59 B L:\TBH Website Temp\plateaus\prehistory\images\MS32-C71-sm.jpg --> uts.cc.utexas.edu /export/httpd/vhosts/texasbeyondhistory/data/protect/plateaus/prehistory/images MS32-C71-sm.jpg
2005.06.30 15:59 B L:\TBH Website Temp\plateaus\prehistory\images\BX184-BRM.jpg --> uts.cc.utexas.edu /export/httpd/vhosts/texasbeyondhistory/data/protect/plateaus/prehistory/images BX184-BRM.jpg
2005.06.30 15:59 B L:\TBH Website Temp\plateaus\prehistory\images\BX184-BRM-sm.jpg --> uts.cc.utexas.edu /export/httpd/vhosts/texasbeyondhistory/data/protect/plateaus/prehistory/images BX184-BRM-sm.jpg
2005.06.30 15:59 B L:\TBH Website Temp\plateaus\prehistory\images\quigg-antler.html --> uts.cc.utexas.edu /export/httpd/vhosts/texasbeyondhistory/data/protect/plateaus/prehistory/images quigg-antler.html
2005.06.30 15:59 B L:\TBH Website Temp\plateaus\prehistory\images\BX1-B10.html --> uts.cc.utexas.edu /export/httpd/vhosts/texasbeyondhistory/data/protect/plateaus/prehistory/images BX1-B10.html
2005.06.30 15:59 B L:\TBH Website Temp\plateaus\prehistory\images\deer.html --> uts.cc.utexas.edu /export/httpd/vhosts/texasbeyondhistory/data/protect/plateaus/prehistory/images deer.html
2005.06.30 15:59 B L:\TBH Website Temp\plateaus\prehistory\images\quigg-antler.jpg --> uts.cc.utexas.edu /export/httpd/vhosts/texasbeyondhistory/data/protect/plateaus/prehistory/images quigg-antler.jpg
2005.06.30 15:59 B L:\TBH Website Temp\plateaus\prehistory\images\quigg-antler-sm.jpg --> uts.cc.utexas.edu /export/httpd/vhosts/texasbeyondhistory/data/protect/plateaus/prehistory/images quigg-antler-sm.jpg
2005.06.30 15:59 B L:\TBH Website Temp\plateaus\prehistory\images\BX1-B10-sm.jpg --> uts.cc.utexas.edu /export/httpd/vhosts/texasbeyondhistory/data/protect/plateaus/prehistory/images BX1-B10-sm.jpg
2005.06.30 15:59 B L:\TBH Website Temp\plateaus\prehistory\images\BX1-B10.jpg --> uts.cc.utexas.edu /export/httpd/vhosts/texasbeyondhistory/data/protect/plateaus/prehistory/images BX1-B10.jpg
2005.06.30 15:59 B L:\TBH Website Temp\plateaus\prehistory\images\toyah.html --> uts.cc.utexas.edu /export/httpd/vhosts/texasbeyondhistory/data/protect/plateaus/prehistory/images toyah.html
2005.06.30 15:59 B L:\TBH Website Temp\plateaus\prehistory\images\toyahtoolkit.html --> uts.cc.utexas.edu /export/httpd/vhosts/texasbeyondhistory/data/protect/plateaus/prehistory/images toyahtoolkit.html
2005.06.30 15:59 B L:\TBH Website Temp\plateaus\prehistory\images\toyahtoolkit-sm.jpg --> uts.cc.utexas.edu /export/httpd/vhosts/texasbeyondhistory/data/protect/plateaus/prehistory/images toyahtoolkit-sm.jpg
2005.06.30 15:59 B L:\TBH Website Temp\plateaus\prehistory\images\toyahtoolkit.jpg --> uts.cc.utexas.edu /export/httpd/vhosts/texasbeyondhistory/data/protect/plateaus/prehistory/images toyahtoolkit.jpg
2005.07.05 12:10 B L:\TBH Website Temp\plateaus\prehistory\images\lp2.html --> uts.cc.utexas.edu /export/httpd/vhosts/texasbeyondhistory/data/protect/plateaus/prehistory/images lp2.html
2005.07.05 12:10 B L:\TBH Website Temp\plateaus\prehistory\images\ep.html --> uts.cc.utexas.edu /export/httpd/vhosts/texasbeyondhistory/data/protect/plateaus/prehistory/images ep.html
2005.07.05 12:10 B L:\TBH Website Temp\plateaus\prehistory\images\turpin-2004.pdf --> uts.cc.utexas.edu /export/httpd/vhosts/texasbeyondhistory/data/protect/plateaus/prehistory/images turpin-2004.pdf
2005.07.05 12:10 B L:\TBH Website Temp\plateaus\prehistory\images\LP-prehistory.jpg --> uts.cc.utexas.edu /export/httpd/vhosts/texasbeyondhistory/data/protect/plateaus/prehistory/images LP-prehistory.jpg
2005.07.05 12:10 B L:\TBH Website Temp\plateaus\prehistory\images\lp-prehistory.html --> uts.cc.utexas.edu /export/httpd/vhosts/texasbeyondhistory/data/protect/plateaus/prehistory/images lp-prehistory.html
2005.07.05 12:10 B L:\TBH Website Temp\plateaus\prehistory\images\LP-prehistory-sm.jpg --> uts.cc.utexas.edu /export/httpd/vhosts/texasbeyondhistory/data/protect/plateaus/prehistory/images LP-prehistory-sm.jpg
2005.07.05 12:10 B L:\TBH Website Temp\plateaus\prehistory\images\EP-prehistory.jpg --> uts.cc.utexas.edu /export/httpd/vhosts/texasbeyondhistory/data/protect/plateaus/prehistory/images EP-prehistory.jpg
2005.07.05 12:10 B L:\TBH Website Temp\plateaus\prehistory\images\ep-prehistory.html --> uts.cc.utexas.edu /export/httpd/vhosts/texasbeyondhistory/data/protect/plateaus/prehistory/images ep-prehistory.html
2005.07.05 12:10 B L:\TBH Website Temp\plateaus\prehistory\images\EP-prehistory-sm.jpg --> uts.cc.utexas.edu /export/httpd/vhosts/texasbeyondhistory/data/protect/plateaus/prehistory/images EP-prehistory-sm.jpg
2005.07.05 12:10 B L:\TBH Website Temp\plateaus\prehistory\images\collins-2004.pdf --> uts.cc.utexas.edu /export/httpd/vhosts/texasbeyondhistory/data/protect/plateaus/prehistory/images collins-2004.pdf
2005.07.15 11:45 B L:\TBH Website Temp\plateaus\prehistory\images\prehistory.swf --> uts.cc.utexas.edu /export/httpd/vhosts/texasbeyondhistory/data/protect/plateaus/prehistory/images prehistory.swf
2005.07.15 11:45 B L:\TBH Website Temp\plateaus\prehistory\images\WS_FTP.LOG --> uts.cc.utexas.edu /export/httpd/vhosts/texasbeyondhistory/data/protect/plateaus/prehistory/images WS_FTP.LOG
2005.07.18 17:43 B L:\TBH Website Temp\plateaus\prehistory\images\lp2.html --> uts.cc.utexas.edu /export/httpd/vhosts/texasbeyondhistory/data/protect/plateaus/prehistory/images lp2.html
2005.07.18 17:43 B L:\TBH Website Temp\plateaus\prehistory\images\ep.html --> uts.cc.utexas.edu /export/httpd/vhosts/texasbeyondhistory/data/protect/plateaus/prehistory/images ep.html
2005.07.18 17:43 B L:\TBH Website Temp\plateaus\prehistory\images\turpin-2004.pdf --> uts.cc.utexas.edu /export/httpd/vhosts/texasbeyondhistory/data/protect/plateaus/prehistory/images turpin-2004.pdf
2005.07.18 17:43 B L:\TBH Website Temp\plateaus\prehistory\images\Johnson-Goode-1994.pdf --> uts.cc.utexas.edu /export/httpd/vhosts/texasbeyondhistory/data/protect/plateaus/prehistory/images Johnson-Goode-1994.pdf
2005.07.18 17:43 B L:\TBH Website Temp\plateaus\prehistory\images\collins-2004.pdf --> uts.cc.utexas.edu /export/httpd/vhosts/texasbeyondhistory/data/protect/plateaus/prehistory/images collins-2004.pdf
2005.07.18 17:43 B L:\TBH Website Temp\plateaus\prehistory\images\LP-prehistory-sm.jpg --> uts.cc.utexas.edu /export/httpd/vhosts/texasbeyondhistory/data/protect/plateaus/prehistory/images LP-prehistory-sm.jpg
2005.07.18 17:43 B L:\TBH Website Temp\plateaus\prehistory\images\LP-prehistory.jpg --> uts.cc.utexas.edu /export/httpd/vhosts/texasbeyondhistory/data/protect/plateaus/prehistory/images LP-prehistory.jpg
2005.07.18 17:43 B L:\TBH Website Temp\plateaus\prehistory\images\EP-prehistory.jpg --> uts.cc.utexas.edu /export/httpd/vhosts/texasbeyondhistory/data/protect/plateaus/prehistory/images EP-prehistory.jpg
2005.07.18 17:43 B L:\TBH Website Temp\plateaus\prehistory\images\EP-prehistory-sm.jpg --> uts.cc.utexas.edu /export/httpd/vhosts/texasbeyondhistory/data/protect/plateaus/prehistory/images EP-prehistory-sm.jpg
2005.07.18 17:46 B L:\TBH Website Temp\plateaus\prehistory\images\intro.html --> uts.cc.utexas.edu /export/httpd/vhosts/texasbeyondhistory/data/protect/plateaus/prehistory/images intro.html
2005.07.19 17:03 B L:\TBH Website Temp\plateaus\prehistory\images\toyah-map.gif --> uts.cc.utexas.edu /export/httpd/vhosts/texasbeyondhistory/data/protect/plateaus/prehistory/images toyah-map.gif
2005.07.19 17:13 B L:\TBH Website Temp\plateaus\prehistory\images\scallorn-pts-lg.jpg <-- texasbeyondhistory /export/httpd/vhosts/texasbeyondhistory/data/protect/plateaus/graham/images scallorn-pts-lg.jpg
2005.07.19 17:13 B L:\TBH Website Temp\plateaus\prehistory\images\scallorn-pts-sm.jpg <-- texasbeyondhistory /export/httpd/vhosts/texasbeyondhistory/data/protect/plateaus/graham/images scallorn-pts-sm.jpg
2005.07.19 17:13 B L:\TBH Website Temp\plateaus\prehistory\images\scallorn-pts.html <-- texasbeyondhistory /export/httpd/vhosts/texasbeyondhistory/data/protect/plateaus/graham/images scallorn-pts.html
2005.07.19 17:21 B L:\TBH Website Temp\plateaus\prehistory\images\bow.html --> uts.cc.utexas.edu /export/httpd/vhosts/texasbeyondhistory/data/protect/plateaus/prehistory/images bow.html
2005.07.19 17:21 B L:\TBH Website Temp\plateaus\prehistory\images\scallorn-pts.html --> uts.cc.utexas.edu /export/httpd/vhosts/texasbeyondhistory/data/protect/plateaus/prehistory/images scallorn-pts.html
2005.07.19 17:22 B L:\TBH Website Temp\plateaus\prehistory\images\scallorn-pts-lg.jpg --> uts.cc.utexas.edu /export/httpd/vhosts/texasbeyondhistory/data/protect/plateaus/prehistory/images scallorn-pts-lg.jpg
2005.07.19 17:22 B L:\TBH Website Temp\plateaus\prehistory\images\scallorn-pts-sm.jpg --> uts.cc.utexas.edu /export/httpd/vhosts/texasbeyondhistory/data/protect/plateaus/prehistory/images scallorn-pts-sm.jpg
2005.07.21 10:11 B L:\TBH Website Temp\plateaus\prehistory\images\pecos-92-sm.jpg --> uts.cc.utexas.edu /export/httpd/vhosts/texasbeyondhistory/data/protect/plateaus/prehistory/images pecos-92-sm.jpg
2005.07.21 10:11 B L:\TBH Website Temp\plateaus\prehistory\images\pecos-92-lg.jpg --> uts.cc.utexas.edu /export/httpd/vhosts/texasbeyondhistory/data/protect/plateaus/prehistory/images pecos-92-lg.jpg
2005.07.21 10:11 B L:\TBH Website Temp\plateaus\prehistory\images\clovis.html --> uts.cc.utexas.edu /export/httpd/vhosts/texasbeyondhistory/data/protect/plateaus/prehistory/images clovis.html
2005.07.21 10:11 B L:\TBH Website Temp\plateaus\prehistory\images\bx52-1202-sm.jpg --> uts.cc.utexas.edu /export/httpd/vhosts/texasbeyondhistory/data/protect/plateaus/prehistory/images bx52-1202-sm.jpg
2005.07.21 10:11 B L:\TBH Website Temp\plateaus\prehistory\images\bx52-1202.jpg --> uts.cc.utexas.edu /export/httpd/vhosts/texasbeyondhistory/data/protect/plateaus/prehistory/images bx52-1202.jpg
2005.07.21 10:11 B L:\TBH Website Temp\plateaus\prehistory\images\refit-sm.jpg --> uts.cc.utexas.edu /export/httpd/vhosts/texasbeyondhistory/data/protect/plateaus/prehistory/images refit-sm.jpg
2005.07.21 10:11 B L:\TBH Website Temp\plateaus\prehistory\images\refit-lg.jpg --> uts.cc.utexas.edu /export/httpd/vhosts/texasbeyondhistory/data/protect/plateaus/prehistory/images refit-lg.jpg
2005.07.21 10:11 B L:\TBH Website Temp\plateaus\prehistory\images\bx52-blades-core.jpg --> uts.cc.utexas.edu /export/httpd/vhosts/texasbeyondhistory/data/protect/plateaus/prehistory/images bx52-blades-core.jpg
2005.07.21 10:11 B L:\TBH Website Temp\plateaus\prehistory\images\bx52-blades-core-sm.jpg --> uts.cc.utexas.edu /export/httpd/vhosts/texasbeyondhistory/data/protect/plateaus/prehistory/images bx52-blades-core-sm.jpg
2005.07.21 10:11 B L:\TBH Website Temp\plateaus\prehistory\images\earliest.html --> uts.cc.utexas.edu /export/httpd/vhosts/texasbeyondhistory/data/protect/plateaus/prehistory/images earliest.html
2005.07.21 10:11 B L:\TBH Website Temp\plateaus\prehistory\images\p1.html --> uts.cc.utexas.edu /export/httpd/vhosts/texasbeyondhistory/data/protect/plateaus/prehistory/images p1.html
2005.07.21 10:11 B L:\TBH Website Temp\plateaus\prehistory\images\p1-sm.jpg --> uts.cc.utexas.edu /export/httpd/vhosts/texasbeyondhistory/data/protect/plateaus/prehistory/images p1-sm.jpg
2005.07.21 10:11 B L:\TBH Website Temp\plateaus\prehistory\images\p1-lg.jpg --> uts.cc.utexas.edu /export/httpd/vhosts/texasbeyondhistory/data/protect/plateaus/prehistory/images p1-lg.jpg
2005.07.21 10:11 B L:\TBH Website Temp\plateaus\prehistory\images\canyonlands.html --> uts.cc.utexas.edu /export/httpd/vhosts/texasbeyondhistory/data/protect/plateaus/prehistory/images canyonlands.html
2005.07.21 10:11 B L:\TBH Website Temp\plateaus\prehistory\images\dering-7-sm.jpg --> uts.cc.utexas.edu /export/httpd/vhosts/texasbeyondhistory/data/protect/plateaus/prehistory/images dering-7-sm.jpg
2005.07.21 10:11 B L:\TBH Website Temp\plateaus\prehistory\images\dering-7-lg.jpg --> uts.cc.utexas.edu /export/httpd/vhosts/texasbeyondhistory/data/protect/plateaus/prehistory/images dering-7-lg.jpg
2005.07.21 10:11 B L:\TBH Website Temp\plateaus\prehistory\images\deer.html --> uts.cc.utexas.edu /export/httpd/vhosts/texasbeyondhistory/data/protect/plateaus/prehistory/images deer.html
2005.07.21 10:11 B L:\TBH Website Temp\plateaus\prehistory\images\VV52-2-sm.jpg --> uts.cc.utexas.edu /export/httpd/vhosts/texasbeyondhistory/data/protect/plateaus/prehistory/images VV52-2-sm.jpg
2005.07.21 10:11 B L:\TBH Website Temp\plateaus\prehistory\images\VV52-2-lg.jpg --> uts.cc.utexas.edu /export/httpd/vhosts/texasbeyondhistory/data/protect/plateaus/prehistory/images VV52-2-lg.jpg
2005.07.21 10:11 B L:\TBH Website Temp\plateaus\prehistory\images\lp.html --> uts.cc.utexas.edu /export/httpd/vhosts/texasbeyondhistory/data/protect/plateaus/prehistory/images lp.html
2005.07.21 10:11 B L:\TBH Website Temp\plateaus\prehistory\images\VV18-3-sm.jpg --> uts.cc.utexas.edu /export/httpd/vhosts/texasbeyondhistory/data/protect/plateaus/prehistory/images VV18-3-sm.jpg
2005.07.21 10:11 B L:\TBH Website Temp\plateaus\prehistory\images\VV18-3-lg.jpg --> uts.cc.utexas.edu /export/httpd/vhosts/texasbeyondhistory/data/protect/plateaus/prehistory/images VV18-3-lg.jpg
2005.07.21 10:11 B L:\TBH Website Temp\plateaus\prehistory\images\rattle2-sm.jpg --> uts.cc.utexas.edu /export/httpd/vhosts/texasbeyondhistory/data/protect/plateaus/prehistory/images rattle2-sm.jpg
2005.07.21 10:11 B L:\TBH Website Temp\plateaus\prehistory\images\rattle2-lg.jpg --> uts.cc.utexas.edu /export/httpd/vhosts/texasbeyondhistory/data/protect/plateaus/prehistory/images rattle2-lg.jpg
2005.07.21 10:11 B L:\TBH Website Temp\plateaus\prehistory\images\bone.html --> uts.cc.utexas.edu /export/httpd/vhosts/texasbeyondhistory/data/protect/plateaus/prehistory/images bone.html
2005.07.21 10:11 B L:\TBH Website Temp\plateaus\prehistory\images\mural2-sm.jpg --> uts.cc.utexas.edu /export/httpd/vhosts/texasbeyondhistory/data/protect/plateaus/prehistory/images mural2-sm.jpg
2005.07.21 10:11 B L:\TBH Website Temp\plateaus\prehistory\images\mural2-lg.jpg --> uts.cc.utexas.edu /export/httpd/vhosts/texasbeyondhistory/data/protect/plateaus/prehistory/images mural2-lg.jpg
2005.07.21 10:36 B L:\TBH Website Temp\plateaus\prehistory\images\bone.html --> uts.cc.utexas.edu /export/httpd/vhosts/texasbeyondhistory/data/protect/plateaus/prehistory/images bone.html
2005.07.21 10:37 B L:\TBH Website Temp\plateaus\prehistory\images\mural2-sm.jpg --> uts.cc.utexas.edu /export/httpd/vhosts/texasbeyondhistory/data/protect/plateaus/prehistory/images mural2-sm.jpg
2005.07.21 10:37 B L:\TBH Website Temp\plateaus\prehistory\images\mural2-lg.jpg --> uts.cc.utexas.edu /export/httpd/vhosts/texasbeyondhistory/data/protect/plateaus/prehistory/images mural2-lg.jpg
2005.07.21 10:37 B L:\TBH Website Temp\plateaus\prehistory\images\mural.html --> uts.cc.utexas.edu /export/httpd/vhosts/texasbeyondhistory/data/protect/plateaus/prehistory/images mural.html
2005.07.23 15:59 B L:\TBH Website Temp\plateaus\prehistory\images\lp-prehistory.html --> uts.cc.utexas.edu /export/httpd/vhosts/texasbeyondhistory/data/protect/plateaus/prehistory/images lp-prehistory.html
2005.07.23 15:59 B L:\TBH Website Temp\plateaus\prehistory\images\lp2.html --> uts.cc.utexas.edu /export/httpd/vhosts/texasbeyondhistory/data/protect/plateaus/prehistory/images lp2.html
2005.07.27 18:52 B L:\TBH Website Temp\plateaus\prehistory\images\climatic.html --> uts.cc.utexas.edu /export/httpd/vhosts/texasbeyondhistory/data/protect/plateaus/prehistory/images climatic.html
2005.07.27 18:52 B L:\TBH Website Temp\plateaus\prehistory\images\time.html --> uts.cc.utexas.edu /export/httpd/vhosts/texasbeyondhistory/data/protect/plateaus/prehistory/images time.html
2005.07.27 18:52 B L:\TBH Website Temp\plateaus\prehistory\images\periods.html --> uts.cc.utexas.edu /export/httpd/vhosts/texasbeyondhistory/data/protect/plateaus/prehistory/images periods.html
2005.07.27 18:52 B L:\TBH Website Temp\plateaus\prehistory\images\lp2.html --> uts.cc.utexas.edu /export/httpd/vhosts/texasbeyondhistory/data/protect/plateaus/prehistory/images lp2.html
2005.07.27 18:52 B L:\TBH Website Temp\plateaus\prehistory\images\lp-prehistory.html --> uts.cc.utexas.edu /export/httpd/vhosts/texasbeyondhistory/data/protect/plateaus/prehistory/images lp-prehistory.html
2005.07.27 18:52 B L:\TBH Website Temp\plateaus\prehistory\images\LP-prehistory.jpg --> uts.cc.utexas.edu /export/httpd/vhosts/texasbeyondhistory/data/protect/plateaus/prehistory/images LP-prehistory.jpg
2005.07.28 16:06 B L:\TBH Website Temp\plateaus\prehistory\images\leannes.html --> uts.cc.utexas.edu /export/httpd/vhosts/texasbeyondhistory/data/protect/plateaus/prehistory/images leannes.html
2005.07.28 16:06 B L:\TBH Website Temp\plateaus\prehistory\images\PricklyPear.html --> uts.cc.utexas.edu /export/httpd/vhosts/texasbeyondhistory/data/protect/plateaus/prehistory/images PricklyPear.html
2005.07.28 16:06 B L:\TBH Website Temp\plateaus\prehistory\images\dering-7.html --> uts.cc.utexas.edu /export/httpd/vhosts/texasbeyondhistory/data/protect/plateaus/prehistory/images dering-7.html
2005.07.28 16:06 B L:\TBH Website Temp\plateaus\prehistory\images\canyonlands.html --> uts.cc.utexas.edu /export/httpd/vhosts/texasbeyondhistory/data/protect/plateaus/prehistory/images canyonlands.html
2005.07.28 16:06 B L:\TBH Website Temp\plateaus\prehistory\images\population.html --> uts.cc.utexas.edu /export/httpd/vhosts/texasbeyondhistory/data/protect/plateaus/prehistory/images population.html
2005.07.28 16:06 B L:\TBH Website Temp\plateaus\prehistory\images\clovis.html --> uts.cc.utexas.edu /export/httpd/vhosts/texasbeyondhistory/data/protect/plateaus/prehistory/images clovis.html
2005.07.28 16:06 B L:\TBH Website Temp\plateaus\prehistory\images\hot.html --> uts.cc.utexas.edu /export/httpd/vhosts/texasbeyondhistory/data/protect/plateaus/prehistory/images hot.html
2005.07.28 16:06 B L:\TBH Website Temp\plateaus\prehistory\images\WM235-C4313.html --> uts.cc.utexas.edu /export/httpd/vhosts/texasbeyondhistory/data/protect/plateaus/prehistory/images WM235-C4313.html
2005.07.28 16:06 B L:\TBH Website Temp\plateaus\prehistory\images\quigg-antler.html --> uts.cc.utexas.edu /export/httpd/vhosts/texasbeyondhistory/data/protect/plateaus/prehistory/images quigg-antler.html
2005.07.28 16:06 B L:\TBH Website Temp\plateaus\prehistory\images\deer.html --> uts.cc.utexas.edu /export/httpd/vhosts/texasbeyondhistory/data/protect/plateaus/prehistory/images deer.html
2005.07.28 16:06 B L:\TBH Website Temp\plateaus\prehistory\images\BX1-B10.html --> uts.cc.utexas.edu /export/httpd/vhosts/texasbeyondhistory/data/protect/plateaus/prehistory/images BX1-B10.html
2005.07.28 16:06 B L:\TBH Website Temp\plateaus\prehistory\images\VV52-2-sm.jpg --> uts.cc.utexas.edu /export/httpd/vhosts/texasbeyondhistory/data/protect/plateaus/prehistory/images VV52-2-sm.jpg
2005.07.28 16:06 B L:\TBH Website Temp\plateaus\prehistory\images\VV52-2-lg.jpg --> uts.cc.utexas.edu /export/httpd/vhosts/texasbeyondhistory/data/protect/plateaus/prehistory/images VV52-2-lg.jpg
2005.07.28 16:06 B L:\TBH Website Temp\plateaus\prehistory\images\vv52-2.html --> uts.cc.utexas.edu /export/httpd/vhosts/texasbeyondhistory/data/protect/plateaus/prehistory/images vv52-2.html
2005.07.28 16:06 B L:\TBH Website Temp\plateaus\prehistory\images\lp.html --> uts.cc.utexas.edu /export/httpd/vhosts/texasbeyondhistory/data/protect/plateaus/prehistory/images lp.html
2005.07.28 16:06 B L:\TBH Website Temp\plateaus\prehistory\images\plant.html --> uts.cc.utexas.edu /export/httpd/vhosts/texasbeyondhistory/data/protect/plateaus/prehistory/images plant.html
2005.07.28 16:06 B L:\TBH Website Temp\plateaus\prehistory\images\lechguila.html --> uts.cc.utexas.edu /export/httpd/vhosts/texasbeyondhistory/data/protect/plateaus/prehistory/images lechguila.html
2005.07.28 16:06 B L:\TBH Website Temp\plateaus\prehistory\images\camas-onion.html --> uts.cc.utexas.edu /export/httpd/vhosts/texasbeyondhistory/data/protect/plateaus/prehistory/images camas-onion.html
2005.07.28 16:06 B L:\TBH Website Temp\plateaus\prehistory\images\mauldin2003.html --> uts.cc.utexas.edu /export/httpd/vhosts/texasbeyondhistory/data/protect/plateaus/prehistory/images mauldin2003.html
2005.07.28 16:06 B L:\TBH Website Temp\plateaus\prehistory\images\ep.html --> uts.cc.utexas.edu /export/httpd/vhosts/texasbeyondhistory/data/protect/plateaus/prehistory/images ep.html
2005.07.28 16:06 B L:\TBH Website Temp\plateaus\prehistory\images\earliest.html --> uts.cc.utexas.edu /export/httpd/vhosts/texasbeyondhistory/data/protect/plateaus/prehistory/images earliest.html
2005.07.28 16:06 B L:\TBH Website Temp\plateaus\prehistory\images\toyah.html --> uts.cc.utexas.edu /export/httpd/vhosts/texasbeyondhistory/data/protect/plateaus/prehistory/images toyah.html
2005.07.28 16:06 B L:\TBH Website Temp\plateaus\prehistory\images\km16-c23.html --> uts.cc.utexas.edu /export/httpd/vhosts/texasbeyondhistory/data/protect/plateaus/prehistory/images km16-c23.html
2005.07.28 16:06 B L:\TBH Website Temp\plateaus\prehistory\images\toyah-map.html --> uts.cc.utexas.edu /export/httpd/vhosts/texasbeyondhistory/data/protect/plateaus/prehistory/images toyah-map.html
2005.07.28 16:06 B L:\TBH Website Temp\plateaus\prehistory\images\mural2-sm.jpg --> uts.cc.utexas.edu /export/httpd/vhosts/texasbeyondhistory/data/protect/plateaus/prehistory/images mural2-sm.jpg
2005.07.28 16:06 B L:\TBH Website Temp\plateaus\prehistory\images\bone.html --> uts.cc.utexas.edu /export/httpd/vhosts/texasbeyondhistory/data/protect/plateaus/prehistory/images bone.html
2005.07.28 16:06 B L:\TBH Website Temp\plateaus\prehistory\images\mural2-lg.jpg --> uts.cc.utexas.edu /export/httpd/vhosts/texasbeyondhistory/data/protect/plateaus/prehistory/images mural2-lg.jpg
2005.07.28 16:06 B L:\TBH Website Temp\plateaus\prehistory\images\mural.html --> uts.cc.utexas.edu /export/httpd/vhosts/texasbeyondhistory/data/protect/plateaus/prehistory/images mural.html
2005.07.28 16:06 B L:\TBH Website Temp\plateaus\prehistory\images\scallorn.html --> uts.cc.utexas.edu /export/httpd/vhosts/texasbeyondhistory/data/protect/plateaus/prehistory/images scallorn.html
2005.07.28 16:06 B L:\TBH Website Temp\plateaus\prehistory\images\bow.html --> uts.cc.utexas.edu /export/httpd/vhosts/texasbeyondhistory/data/protect/plateaus/prehistory/images bow.html
2005.07.30 17:44 B L:\TBH Website Temp\plateaus\prehistory\images\bell-w-l-sm.gif --> uts.cc.utexas.edu /export/httpd/vhosts/texasbeyondhistory/data/plateaus/prehistory/images bell-w-l-sm.gif
2005.07.30 17:44 B L:\TBH Website Temp\plateaus\prehistory\images\bell-w-l.gif --> uts.cc.utexas.edu /export/httpd/vhosts/texasbeyondhistory/data/plateaus/prehistory/images bell-w-l.gif
2005.07.30 17:44 B L:\TBH Website Temp\plateaus\prehistory\images\bell-w-l.html --> uts.cc.utexas.edu /export/httpd/vhosts/texasbeyondhistory/data/plateaus/prehistory/images bell-w-l.html
2005.07.30 17:44 B L:\TBH Website Temp\plateaus\prehistory\images\Black-Creel-1997-sm.jpg --> uts.cc.utexas.edu /export/httpd/vhosts/texasbeyondhistory/data/plateaus/prehistory/images Black-Creel-1997-sm.jpg
2005.07.30 17:44 B L:\TBH Website Temp\plateaus\prehistory\images\Black-Creel-1997.html --> uts.cc.utexas.edu /export/httpd/vhosts/texasbeyondhistory/data/plateaus/prehistory/images Black-Creel-1997.html
2005.07.30 17:44 B L:\TBH Website Temp\plateaus\prehistory\images\Black-Creel-1997.jpg --> uts.cc.utexas.edu /export/httpd/vhosts/texasbeyondhistory/data/plateaus/prehistory/images Black-Creel-1997.jpg
2005.07.30 17:44 B L:\TBH Website Temp\plateaus\prehistory\images\bone.html --> uts.cc.utexas.edu /export/httpd/vhosts/texasbeyondhistory/data/plateaus/prehistory/images bone.html
2005.07.30 17:44 B L:\TBH Website Temp\plateaus\prehistory\images\bow.html --> uts.cc.utexas.edu /export/httpd/vhosts/texasbeyondhistory/data/plateaus/prehistory/images bow.html
2005.07.30 17:44 B L:\TBH Website Temp\plateaus\prehistory\images\bucks-sm.jpg --> uts.cc.utexas.edu /export/httpd/vhosts/texasbeyondhistory/data/plateaus/prehistory/images bucks-sm.jpg
2005.07.30 17:44 B L:\TBH Website Temp\plateaus\prehistory\images\bucks.html --> uts.cc.utexas.edu /export/httpd/vhosts/texasbeyondhistory/data/plateaus/prehistory/images bucks.html
2005.07.30 17:44 B L:\TBH Website Temp\plateaus\prehistory\images\bucks.jpg --> uts.cc.utexas.edu /export/httpd/vhosts/texasbeyondhistory/data/plateaus/prehistory/images bucks.jpg
2005.07.30 17:44 B L:\TBH Website Temp\plateaus\prehistory\images\burialdrawing-sm.gif --> uts.cc.utexas.edu /export/httpd/vhosts/texasbeyondhistory/data/plateaus/prehistory/images burialdrawing-sm.gif
2005.07.30 17:44 B L:\TBH Website Temp\plateaus\prehistory\images\burialdrawing.gif --> uts.cc.utexas.edu /export/httpd/vhosts/texasbeyondhistory/data/plateaus/prehistory/images burialdrawing.gif
2005.07.30 17:44 B L:\TBH Website Temp\plateaus\prehistory\images\burialdrawing.html --> uts.cc.utexas.edu /export/httpd/vhosts/texasbeyondhistory/data/plateaus/prehistory/images burialdrawing.html
2005.07.30 17:44 B L:\TBH Website Temp\plateaus\prehistory\images\BX1-B10-sm.jpg --> uts.cc.utexas.edu /export/httpd/vhosts/texasbeyondhistory/data/plateaus/prehistory/images BX1-B10-sm.jpg
2005.07.30 17:44 B L:\TBH Website Temp\plateaus\prehistory\images\BX1-B10.html --> uts.cc.utexas.edu /export/httpd/vhosts/texasbeyondhistory/data/plateaus/prehistory/images BX1-B10.html
2005.07.30 17:44 B L:\TBH Website Temp\plateaus\prehistory\images\BX1-B10.jpg --> uts.cc.utexas.edu /export/httpd/vhosts/texasbeyondhistory/data/plateaus/prehistory/images BX1-B10.jpg
2005.07.30 17:44 B L:\TBH Website Temp\plateaus\prehistory\images\BX184-BRM-sm.jpg --> uts.cc.utexas.edu /export/httpd/vhosts/texasbeyondhistory/data/plateaus/prehistory/images BX184-BRM-sm.jpg
2005.07.30 17:44 B L:\TBH Website Temp\plateaus\prehistory\images\BX184-BRM.html --> uts.cc.utexas.edu /export/httpd/vhosts/texasbeyondhistory/data/plateaus/prehistory/images BX184-BRM.html
2005.07.30 17:44 B L:\TBH Website Temp\plateaus\prehistory\images\BX184-BRM.jpg --> uts.cc.utexas.edu /export/httpd/vhosts/texasbeyondhistory/data/plateaus/prehistory/images BX184-BRM.jpg
2005.07.30 17:44 B L:\TBH Website Temp\plateaus\prehistory\images\bx52-1202-sm.jpg --> uts.cc.utexas.edu /export/httpd/vhosts/texasbeyondhistory/data/plateaus/prehistory/images bx52-1202-sm.jpg
2005.07.30 17:44 B L:\TBH Website Temp\plateaus\prehistory\images\bx52-1202.html --> uts.cc.utexas.edu /export/httpd/vhosts/texasbeyondhistory/data/plateaus/prehistory/images bx52-1202.html
2005.07.30 17:44 B L:\TBH Website Temp\plateaus\prehistory\images\bx52-1202.jpg --> uts.cc.utexas.edu /export/httpd/vhosts/texasbeyondhistory/data/plateaus/prehistory/images bx52-1202.jpg
2005.07.30 17:44 B L:\TBH Website Temp\plateaus\prehistory\images\bx52-blades-core-sm.jpg --> uts.cc.utexas.edu /export/httpd/vhosts/texasbeyondhistory/data/plateaus/prehistory/images bx52-blades-core-sm.jpg
2005.07.30 17:44 B L:\TBH Website Temp\plateaus\prehistory\images\bx52-blades-core.html --> uts.cc.utexas.edu /export/httpd/vhosts/texasbeyondhistory/data/plateaus/prehistory/images bx52-blades-core.html
2005.07.30 17:44 B L:\TBH Website Temp\plateaus\prehistory\images\bx52-blades-core.jpg --> uts.cc.utexas.edu /export/httpd/vhosts/texasbeyondhistory/data/plateaus/prehistory/images bx52-blades-core.jpg
2005.07.30 17:44 B L:\TBH Website Temp\plateaus\prehistory\images\BX52-clovis-sm.jpg --> uts.cc.utexas.edu /export/httpd/vhosts/texasbeyondhistory/data/plateaus/prehistory/images BX52-clovis-sm.jpg
2005.07.30 17:44 B L:\TBH Website Temp\plateaus\prehistory\images\BX52-clovis.html --> uts.cc.utexas.edu /export/httpd/vhosts/texasbeyondhistory/data/plateaus/prehistory/images BX52-clovis.html
2005.07.30 17:44 B L:\TBH Website Temp\plateaus\prehistory\images\BX52-clovis.jpg --> uts.cc.utexas.edu /export/httpd/vhosts/texasbeyondhistory/data/plateaus/prehistory/images BX52-clovis.jpg
2005.07.30 17:44 B L:\TBH Website Temp\plateaus\prehistory\images\camas-onion-sm.jpg --> uts.cc.utexas.edu /export/httpd/vhosts/texasbeyondhistory/data/plateaus/prehistory/images camas-onion-sm.jpg
2005.07.30 17:44 B L:\TBH Website Temp\plateaus\prehistory\images\camas-onion.html --> uts.cc.utexas.edu /export/httpd/vhosts/texasbeyondhistory/data/plateaus/prehistory/images camas-onion.html
2005.07.30 17:44 B L:\TBH Website Temp\plateaus\prehistory\images\camas-onion.jpg --> uts.cc.utexas.edu /export/httpd/vhosts/texasbeyondhistory/data/plateaus/prehistory/images camas-onion.jpg
2005.07.30 17:44 B L:\TBH Website Temp\plateaus\prehistory\images\canyonlands.html --> uts.cc.utexas.edu /export/httpd/vhosts/texasbeyondhistory/data/plateaus/prehistory/images canyonlands.html
2005.07.30 17:44 B L:\TBH Website Temp\plateaus\prehistory\images\castroville-sm.jpg --> uts.cc.utexas.edu /export/httpd/vhosts/texasbeyondhistory/data/plateaus/prehistory/images castroville-sm.jpg
2005.07.30 17:44 B L:\TBH Website Temp\plateaus\prehistory\images\castroville.html --> uts.cc.utexas.edu /export/httpd/vhosts/texasbeyondhistory/data/plateaus/prehistory/images castroville.html
2005.07.30 17:44 B L:\TBH Website Temp\plateaus\prehistory\images\castroville.jpg --> uts.cc.utexas.edu /export/httpd/vhosts/texasbeyondhistory/data/plateaus/prehistory/images castroville.jpg
2005.07.30 17:44 B L:\TBH Website Temp\plateaus\prehistory\images\chopper-sm.jpg --> uts.cc.utexas.edu /export/httpd/vhosts/texasbeyondhistory/data/plateaus/prehistory/images chopper-sm.jpg
2005.07.30 17:44 B L:\TBH Website Temp\plateaus\prehistory\images\chopper.html --> uts.cc.utexas.edu /export/httpd/vhosts/texasbeyondhistory/data/plateaus/prehistory/images chopper.html
2005.07.30 17:44 B L:\TBH Website Temp\plateaus\prehistory\images\chopper.jpg --> uts.cc.utexas.edu /export/httpd/vhosts/texasbeyondhistory/data/plateaus/prehistory/images chopper.jpg
2005.07.30 17:44 B L:\TBH Website Temp\plateaus\prehistory\images\climatic.html --> uts.cc.utexas.edu /export/httpd/vhosts/texasbeyondhistory/data/plateaus/prehistory/images climatic.html
2005.07.30 17:44 B L:\TBH Website Temp\plateaus\prehistory\images\clovis.html --> uts.cc.utexas.edu /export/httpd/vhosts/texasbeyondhistory/data/plateaus/prehistory/images clovis.html
2005.07.30 17:44 B L:\TBH Website Temp\plateaus\prehistory\images\collins-2004.pdf --> uts.cc.utexas.edu /export/httpd/vhosts/texasbeyondhistory/data/plateaus/prehistory/images collins-2004.pdf
2005.07.30 17:44 B L:\TBH Website Temp\plateaus\prehistory\images\core-sm.gif --> uts.cc.utexas.edu /export/httpd/vhosts/texasbeyondhistory/data/plateaus/prehistory/images core-sm.gif
2005.07.30 17:44 B L:\TBH Website Temp\plateaus\prehistory\images\core.gif --> uts.cc.utexas.edu /export/httpd/vhosts/texasbeyondhistory/data/plateaus/prehistory/images core.gif
2005.07.30 17:44 B L:\TBH Website Temp\plateaus\prehistory\images\core.html --> uts.cc.utexas.edu /export/httpd/vhosts/texasbeyondhistory/data/plateaus/prehistory/images core.html
2005.07.30 17:44 B L:\TBH Website Temp\plateaus\prehistory\images\deer.html --> uts.cc.utexas.edu /export/httpd/vhosts/texasbeyondhistory/data/plateaus/prehistory/images deer.html
2005.07.30 17:44 B L:\TBH Website Temp\plateaus\prehistory\images\dering-7-lg.jpg --> uts.cc.utexas.edu /export/httpd/vhosts/texasbeyondhistory/data/plateaus/prehistory/images dering-7-lg.jpg
2005.07.30 17:44 B L:\TBH Website Temp\plateaus\prehistory\images\dering-7-sm.jpg --> uts.cc.utexas.edu /export/httpd/vhosts/texasbeyondhistory/data/plateaus/prehistory/images dering-7-sm.jpg
2005.07.30 17:44 B L:\TBH Website Temp\plateaus\prehistory\images\dering-7.html --> uts.cc.utexas.edu /export/httpd/vhosts/texasbeyondhistory/data/plateaus/prehistory/images dering-7.html
2005.07.30 17:44 B L:\TBH Website Temp\plateaus\prehistory\images\earliest.html --> uts.cc.utexas.edu /export/httpd/vhosts/texasbeyondhistory/data/plateaus/prehistory/images earliest.html
2005.07.30 17:44 B L:\TBH Website Temp\plateaus\prehistory\images\EP-prehistory-sm.jpg --> uts.cc.utexas.edu /export/httpd/vhosts/texasbeyondhistory/data/plateaus/prehistory/images EP-prehistory-sm.jpg
2005.07.30 17:44 B L:\TBH Website Temp\plateaus\prehistory\images\ep-prehistory.html --> uts.cc.utexas.edu /export/httpd/vhosts/texasbeyondhistory/data/plateaus/prehistory/images ep-prehistory.html
2005.07.30 17:44 B L:\TBH Website Temp\plateaus\prehistory\images\EP-prehistory.jpg --> uts.cc.utexas.edu /export/httpd/vhosts/texasbeyondhistory/data/plateaus/prehistory/images EP-prehistory.jpg
2005.07.30 17:44 B L:\TBH Website Temp\plateaus\prehistory\images\ep.html --> uts.cc.utexas.edu /export/httpd/vhosts/texasbeyondhistory/data/plateaus/prehistory/images ep.html
2005.07.30 17:44 B L:\TBH Website Temp\plateaus\prehistory\images\feature181.html --> uts.cc.utexas.edu /export/httpd/vhosts/texasbeyondhistory/data/plateaus/prehistory/images feature181.html
2005.07.30 17:44 B L:\TBH Website Temp\plateaus\prehistory\images\HC74-northwest.html --> uts.cc.utexas.edu /export/httpd/vhosts/texasbeyondhistory/data/plateaus/prehistory/images HC74-northwest.html
2005.07.30 17:44 B L:\TBH Website Temp\plateaus\prehistory\images\head-sm.jpg --> uts.cc.utexas.edu /export/httpd/vhosts/texasbeyondhistory/data/plateaus/prehistory/images head-sm.jpg
2005.07.30 17:44 B L:\TBH Website Temp\plateaus\prehistory\images\head.html --> uts.cc.utexas.edu /export/httpd/vhosts/texasbeyondhistory/data/plateaus/prehistory/images head.html
2005.07.30 17:44 B L:\TBH Website Temp\plateaus\prehistory\images\head.jpg --> uts.cc.utexas.edu /export/httpd/vhosts/texasbeyondhistory/data/plateaus/prehistory/images head.jpg
2005.07.30 17:44 B L:\TBH Website Temp\plateaus\prehistory\images\hot.html --> uts.cc.utexas.edu /export/httpd/vhosts/texasbeyondhistory/data/plateaus/prehistory/images hot.html
2005.07.30 17:44 B L:\TBH Website Temp\plateaus\prehistory\images\hy209-sm.jpg --> uts.cc.utexas.edu /export/httpd/vhosts/texasbeyondhistory/data/plateaus/prehistory/images hy209-sm.jpg
2005.07.30 17:44 B L:\TBH Website Temp\plateaus\prehistory\images\hy209.html --> uts.cc.utexas.edu /export/httpd/vhosts/texasbeyondhistory/data/plateaus/prehistory/images hy209.html
2005.07.30 17:44 B L:\TBH Website Temp\plateaus\prehistory\images\hy209.jpg --> uts.cc.utexas.edu /export/httpd/vhosts/texasbeyondhistory/data/plateaus/prehistory/images hy209.jpg
2005.07.30 17:44 B L:\TBH Website Temp\plateaus\prehistory\images\intro.html --> uts.cc.utexas.edu /export/httpd/vhosts/texasbeyondhistory/data/plateaus/prehistory/images intro.html
2005.07.30 17:44 B L:\TBH Website Temp\plateaus\prehistory\images\Johnson-Goode-1994.pdf --> uts.cc.utexas.edu /export/httpd/vhosts/texasbeyondhistory/data/plateaus/prehistory/images Johnson-Goode-1994.pdf
2005.07.30 17:44 B L:\TBH Website Temp\plateaus\prehistory\images\km16-c23-sm.jpg --> uts.cc.utexas.edu /export/httpd/vhosts/texasbeyondhistory/data/plateaus/prehistory/images km16-c23-sm.jpg
2005.07.30 17:44 B L:\TBH Website Temp\plateaus\prehistory\images\km16-c23.html --> uts.cc.utexas.edu /export/httpd/vhosts/texasbeyondhistory/data/plateaus/prehistory/images km16-c23.html
2005.07.30 17:44 B L:\TBH Website Temp\plateaus\prehistory\images\km16-c23.jpg --> uts.cc.utexas.edu /export/httpd/vhosts/texasbeyondhistory/data/plateaus/prehistory/images km16-c23.jpg
2005.07.30 17:44 B L:\TBH Website Temp\plateaus\prehistory\images\lanceolates-sm.jpg --> uts.cc.utexas.edu /export/httpd/vhosts/texasbeyondhistory/data/plateaus/prehistory/images lanceolates-sm.jpg
2005.07.30 17:44 B L:\TBH Website Temp\plateaus\prehistory\images\lanceolates.html --> uts.cc.utexas.edu /export/httpd/vhosts/texasbeyondhistory/data/plateaus/prehistory/images lanceolates.html
2005.07.30 17:44 B L:\TBH Website Temp\plateaus\prehistory\images\lanceolates.jpg --> uts.cc.utexas.edu /export/httpd/vhosts/texasbeyondhistory/data/plateaus/prehistory/images lanceolates.jpg
2005.07.30 17:44 B L:\TBH Website Temp\plateaus\prehistory\images\leannes.html --> uts.cc.utexas.edu /export/httpd/vhosts/texasbeyondhistory/data/plateaus/prehistory/images leannes.html
2005.07.30 17:44 B L:\TBH Website Temp\plateaus\prehistory\images\lechguila-sm.jpg --> uts.cc.utexas.edu /export/httpd/vhosts/texasbeyondhistory/data/plateaus/prehistory/images lechguila-sm.jpg
2005.07.30 17:44 B L:\TBH Website Temp\plateaus\prehistory\images\lechguila.html --> uts.cc.utexas.edu /export/httpd/vhosts/texasbeyondhistory/data/plateaus/prehistory/images lechguila.html
2005.07.30 17:44 B L:\TBH Website Temp\plateaus\prehistory\images\lechguila.jpg --> uts.cc.utexas.edu /export/httpd/vhosts/texasbeyondhistory/data/plateaus/prehistory/images lechguila.jpg
2005.07.30 17:44 B L:\TBH Website Temp\plateaus\prehistory\images\LP-prehistory-sm.jpg --> uts.cc.utexas.edu /export/httpd/vhosts/texasbeyondhistory/data/plateaus/prehistory/images LP-prehistory-sm.jpg
2005.07.30 17:44 B L:\TBH Website Temp\plateaus\prehistory\images\lp-prehistory.html --> uts.cc.utexas.edu /export/httpd/vhosts/texasbeyondhistory/data/plateaus/prehistory/images lp-prehistory.html
2005.07.30 17:44 B L:\TBH Website Temp\plateaus\prehistory\images\LP-prehistory.jpg --> uts.cc.utexas.edu /export/httpd/vhosts/texasbeyondhistory/data/plateaus/prehistory/images LP-prehistory.jpg
2005.07.30 17:44 B L:\TBH Website Temp\plateaus\prehistory\images\lp.html --> uts.cc.utexas.edu /export/httpd/vhosts/texasbeyondhistory/data/plateaus/prehistory/images lp.html
2005.07.30 17:44 B L:\TBH Website Temp\plateaus\prehistory\images\lp2.html --> uts.cc.utexas.edu /export/httpd/vhosts/texasbeyondhistory/data/plateaus/prehistory/images lp2.html
2005.07.30 17:44 B L:\TBH Website Temp\plateaus\prehistory\images\mauldin2003-sm.gif --> uts.cc.utexas.edu /export/httpd/vhosts/texasbeyondhistory/data/plateaus/prehistory/images mauldin2003-sm.gif
2005.07.30 17:44 B L:\TBH Website Temp\plateaus\prehistory\images\mauldin2003.gif --> uts.cc.utexas.edu /export/httpd/vhosts/texasbeyondhistory/data/plateaus/prehistory/images mauldin2003.gif
2005.07.30 17:44 B L:\TBH Website Temp\plateaus\prehistory\images\mauldin2003.html --> uts.cc.utexas.edu /export/httpd/vhosts/texasbeyondhistory/data/plateaus/prehistory/images mauldin2003.html
2005.07.30 17:44 B L:\TBH Website Temp\plateaus\prehistory\images\MS32-C71-sm.jpg --> uts.cc.utexas.edu /export/httpd/vhosts/texasbeyondhistory/data/plateaus/prehistory/images MS32-C71-sm.jpg
2005.07.30 17:44 B L:\TBH Website Temp\plateaus\prehistory\images\MS32-C71.html --> uts.cc.utexas.edu /export/httpd/vhosts/texasbeyondhistory/data/plateaus/prehistory/images MS32-C71.html
2005.07.30 17:44 B L:\TBH Website Temp\plateaus\prehistory\images\MS32-C71.jpg --> uts.cc.utexas.edu /export/httpd/vhosts/texasbeyondhistory/data/plateaus/prehistory/images MS32-C71.jpg
2005.07.30 17:44 B L:\TBH Website Temp\plateaus\prehistory\images\mural.html --> uts.cc.utexas.edu /export/httpd/vhosts/texasbeyondhistory/data/plateaus/prehistory/images mural.html
2005.07.30 17:44 B L:\TBH Website Temp\plateaus\prehistory\images\mural2-lg.jpg --> uts.cc.utexas.edu /export/httpd/vhosts/texasbeyondhistory/data/plateaus/prehistory/images mural2-lg.jpg
2005.07.30 17:44 B L:\TBH Website Temp\plateaus\prehistory\images\mural2-sm.jpg --> uts.cc.utexas.edu /export/httpd/vhosts/texasbeyondhistory/data/plateaus/prehistory/images mural2-sm.jpg
2005.07.30 17:44 B L:\TBH Website Temp\plateaus\prehistory\images\p1-lg.jpg --> uts.cc.utexas.edu /export/httpd/vhosts/texasbeyondhistory/data/plateaus/prehistory/images p1-lg.jpg
2005.07.30 17:44 B L:\TBH Website Temp\plateaus\prehistory\images\p1-sm.jpg --> uts.cc.utexas.edu /export/httpd/vhosts/texasbeyondhistory/data/plateaus/prehistory/images p1-sm.jpg
2005.07.30 17:44 B L:\TBH Website Temp\plateaus\prehistory\images\p1.html --> uts.cc.utexas.edu /export/httpd/vhosts/texasbeyondhistory/data/plateaus/prehistory/images p1.html
2005.07.30 17:44 B L:\TBH Website Temp\plateaus\prehistory\images\pecos-92-lg.jpg --> uts.cc.utexas.edu /export/httpd/vhosts/texasbeyondhistory/data/plateaus/prehistory/images pecos-92-lg.jpg
2005.07.30 17:44 B L:\TBH Website Temp\plateaus\prehistory\images\pecos-92-sm.jpg --> uts.cc.utexas.edu /export/httpd/vhosts/texasbeyondhistory/data/plateaus/prehistory/images pecos-92-sm.jpg
2005.07.30 17:44 B L:\TBH Website Temp\plateaus\prehistory\images\periods.html --> uts.cc.utexas.edu /export/httpd/vhosts/texasbeyondhistory/data/plateaus/prehistory/images periods.html
2005.07.30 17:44 B L:\TBH Website Temp\plateaus\prehistory\images\plant.html --> uts.cc.utexas.edu /export/httpd/vhosts/texasbeyondhistory/data/plateaus/prehistory/images plant.html
2005.07.30 17:44 B L:\TBH Website Temp\plateaus\prehistory\images\population.html --> uts.cc.utexas.edu /export/httpd/vhosts/texasbeyondhistory/data/plateaus/prehistory/images population.html
2005.07.30 17:44 B L:\TBH Website Temp\plateaus\prehistory\images\prehistory.swf --> uts.cc.utexas.edu /export/httpd/vhosts/texasbeyondhistory/data/plateaus/prehistory/images prehistory.swf
2005.07.30 17:44 B L:\TBH Website Temp\plateaus\prehistory\images\PricklyPear.html --> uts.cc.utexas.edu /export/httpd/vhosts/texasbeyondhistory/data/plateaus/prehistory/images PricklyPear.html
2005.07.30 17:44 B L:\TBH Website Temp\plateaus\prehistory\images\quigg-antler-sm.jpg --> uts.cc.utexas.edu /export/httpd/vhosts/texasbeyondhistory/data/plateaus/prehistory/images quigg-antler-sm.jpg
2005.07.30 17:44 B L:\TBH Website Temp\plateaus\prehistory\images\quigg-antler.html --> uts.cc.utexas.edu /export/httpd/vhosts/texasbeyondhistory/data/plateaus/prehistory/images quigg-antler.html
2005.07.30 17:44 B L:\TBH Website Temp\plateaus\prehistory\images\quigg-antler.jpg --> uts.cc.utexas.edu /export/httpd/vhosts/texasbeyondhistory/data/plateaus/prehistory/images quigg-antler.jpg
2005.07.30 17:44 B L:\TBH Website Temp\plateaus\prehistory\images\rattle2-lg.jpg --> uts.cc.utexas.edu /export/httpd/vhosts/texasbeyondhistory/data/plateaus/prehistory/images rattle2-lg.jpg
2005.07.30 17:44 B L:\TBH Website Temp\plateaus\prehistory\images\rattle2-sm.jpg --> uts.cc.utexas.edu /export/httpd/vhosts/texasbeyondhistory/data/plateaus/prehistory/images rattle2-sm.jpg
2005.07.30 17:44 B L:\TBH Website Temp\plateaus\prehistory\images\rattle2.html --> uts.cc.utexas.edu /export/httpd/vhosts/texasbeyondhistory/data/plateaus/prehistory/images rattle2.html
2005.07.30 17:44 B L:\TBH Website Temp\plateaus\prehistory\images\refit-lg.jpg --> uts.cc.utexas.edu /export/httpd/vhosts/texasbeyondhistory/data/plateaus/prehistory/images refit-lg.jpg
2005.07.30 17:44 B L:\TBH Website Temp\plateaus\prehistory\images\refit-sm.jpg --> uts.cc.utexas.edu /export/httpd/vhosts/texasbeyondhistory/data/plateaus/prehistory/images refit-sm.jpg
2005.07.30 17:44 B L:\TBH Website Temp\plateaus\prehistory\images\refit.html --> uts.cc.utexas.edu /export/httpd/vhosts/texasbeyondhistory/data/plateaus/prehistory/images refit.html
2005.07.30 17:44 B L:\TBH Website Temp\plateaus\prehistory\images\scallorn-pts-lg.jpg --> uts.cc.utexas.edu /export/httpd/vhosts/texasbeyondhistory/data/plateaus/prehistory/images scallorn-pts-lg.jpg
2005.07.30 17:44 B L:\TBH Website Temp\plateaus\prehistory\images\scallorn-pts-sm.jpg --> uts.cc.utexas.edu /export/httpd/vhosts/texasbeyondhistory/data/plateaus/prehistory/images scallorn-pts-sm.jpg
2005.07.30 17:44 B L:\TBH Website Temp\plateaus\prehistory\images\scallorn-pts.html --> uts.cc.utexas.edu /export/httpd/vhosts/texasbeyondhistory/data/plateaus/prehistory/images scallorn-pts.html
2005.07.30 17:44 B L:\TBH Website Temp\plateaus\prehistory\images\scallorn.html --> uts.cc.utexas.edu /export/httpd/vhosts/texasbeyondhistory/data/plateaus/prehistory/images scallorn.html
2005.07.30 17:44 B L:\TBH Website Temp\plateaus\prehistory\images\shark-sm.jpg --> uts.cc.utexas.edu /export/httpd/vhosts/texasbeyondhistory/data/plateaus/prehistory/images shark-sm.jpg
2005.07.30 17:44 B L:\TBH Website Temp\plateaus\prehistory\images\shark.html --> uts.cc.utexas.edu /export/httpd/vhosts/texasbeyondhistory/data/plateaus/prehistory/images shark.html
2005.07.30 17:44 B L:\TBH Website Temp\plateaus\prehistory\images\shark.jpg --> uts.cc.utexas.edu /export/httpd/vhosts/texasbeyondhistory/data/plateaus/prehistory/images shark.jpg
2005.07.30 17:44 B L:\TBH Website Temp\plateaus\prehistory\images\shaw-jump3.jpg --> uts.cc.utexas.edu /export/httpd/vhosts/texasbeyondhistory/data/plateaus/prehistory/images shaw-jump3.jpg
2005.07.30 17:44 B L:\TBH Website Temp\plateaus\prehistory\images\splitstems-sm.gif --> uts.cc.utexas.edu /export/httpd/vhosts/texasbeyondhistory/data/plateaus/prehistory/images splitstems-sm.gif
2005.07.30 17:44 B L:\TBH Website Temp\plateaus\prehistory\images\splitstems.gif --> uts.cc.utexas.edu /export/httpd/vhosts/texasbeyondhistory/data/plateaus/prehistory/images splitstems.gif
2005.07.30 17:44 B L:\TBH Website Temp\plateaus\prehistory\images\splitstems.html --> uts.cc.utexas.edu /export/httpd/vhosts/texasbeyondhistory/data/plateaus/prehistory/images splitstems.html
2005.07.30 17:44 B L:\TBH Website Temp\plateaus\prehistory\images\stemmed-img.html --> uts.cc.utexas.edu /export/httpd/vhosts/texasbeyondhistory/data/plateaus/prehistory/images stemmed-img.html
2005.07.30 17:44 B L:\TBH Website Temp\plateaus\prehistory\images\stemmed-sm.gif --> uts.cc.utexas.edu /export/httpd/vhosts/texasbeyondhistory/data/plateaus/prehistory/images stemmed-sm.gif
2005.07.30 17:44 B L:\TBH Website Temp\plateaus\prehistory\images\stemmed.gif --> uts.cc.utexas.edu /export/httpd/vhosts/texasbeyondhistory/data/plateaus/prehistory/images stemmed.gif
2005.07.30 17:44 B L:\TBH Website Temp\plateaus\prehistory\images\stemmed.html --> uts.cc.utexas.edu /export/httpd/vhosts/texasbeyondhistory/data/plateaus/prehistory/images stemmed.html
2005.07.30 17:44 B L:\TBH Website Temp\plateaus\prehistory\images\stratigraphy-sm.jpg --> uts.cc.utexas.edu /export/httpd/vhosts/texasbeyondhistory/data/plateaus/prehistory/images stratigraphy-sm.jpg
2005.07.30 17:44 B L:\TBH Website Temp\plateaus\prehistory\images\stratigraphy.html --> uts.cc.utexas.edu /export/httpd/vhosts/texasbeyondhistory/data/plateaus/prehistory/images stratigraphy.html
2005.07.30 17:44 B L:\TBH Website Temp\plateaus\prehistory\images\stratigraphy.jpg --> uts.cc.utexas.edu /export/httpd/vhosts/texasbeyondhistory/data/plateaus/prehistory/images stratigraphy.jpg
2005.07.30 17:44 B L:\TBH Website Temp\plateaus\prehistory\images\tg346-c27-sm.jpg --> uts.cc.utexas.edu /export/httpd/vhosts/texasbeyondhistory/data/plateaus/prehistory/images tg346-c27-sm.jpg
2005.07.30 17:45 B L:\TBH Website Temp\plateaus\prehistory\images\tg346-c27.html --> uts.cc.utexas.edu /export/httpd/vhosts/texasbeyondhistory/data/plateaus/prehistory/images tg346-c27.html
2005.07.30 17:45 B L:\TBH Website Temp\plateaus\prehistory\images\tg346-c27.jpg --> uts.cc.utexas.edu /export/httpd/vhosts/texasbeyondhistory/data/plateaus/prehistory/images tg346-c27.jpg
2005.07.30 17:45 B L:\TBH Website Temp\plateaus\prehistory\images\thrall-sm.gif --> uts.cc.utexas.edu /export/httpd/vhosts/texasbeyondhistory/data/plateaus/prehistory/images thrall-sm.gif
2005.07.30 17:45 B L:\TBH Website Temp\plateaus\prehistory\images\thrall.gif --> uts.cc.utexas.edu /export/httpd/vhosts/texasbeyondhistory/data/plateaus/prehistory/images thrall.gif
2005.07.30 17:45 B L:\TBH Website Temp\plateaus\prehistory\images\thrall.html --> uts.cc.utexas.edu /export/httpd/vhosts/texasbeyondhistory/data/plateaus/prehistory/images thrall.html
2005.07.30 17:45 B L:\TBH Website Temp\plateaus\prehistory\images\time.html --> uts.cc.utexas.edu /export/httpd/vhosts/texasbeyondhistory/data/plateaus/prehistory/images time.html
2005.07.30 17:45 B L:\TBH Website Temp\plateaus\prehistory\images\toyah-map-sm.gif --> uts.cc.utexas.edu /export/httpd/vhosts/texasbeyondhistory/data/plateaus/prehistory/images toyah-map-sm.gif
2005.07.30 17:45 B L:\TBH Website Temp\plateaus\prehistory\images\toyah-map.gif --> uts.cc.utexas.edu /export/httpd/vhosts/texasbeyondhistory/data/plateaus/prehistory/images toyah-map.gif
2005.07.30 17:45 B L:\TBH Website Temp\plateaus\prehistory\images\toyah-map.html --> uts.cc.utexas.edu /export/httpd/vhosts/texasbeyondhistory/data/plateaus/prehistory/images toyah-map.html
2005.07.30 17:45 B L:\TBH Website Temp\plateaus\prehistory\images\toyah.html --> uts.cc.utexas.edu /export/httpd/vhosts/texasbeyondhistory/data/plateaus/prehistory/images toyah.html
2005.07.30 17:45 B L:\TBH Website Temp\plateaus\prehistory\images\toyahtoolkit-sm.jpg --> uts.cc.utexas.edu /export/httpd/vhosts/texasbeyondhistory/data/plateaus/prehistory/images toyahtoolkit-sm.jpg
2005.07.30 17:45 B L:\TBH Website Temp\plateaus\prehistory\images\toyahtoolkit.html --> uts.cc.utexas.edu /export/httpd/vhosts/texasbeyondhistory/data/plateaus/prehistory/images toyahtoolkit.html
2005.07.30 17:45 B L:\TBH Website Temp\plateaus\prehistory\images\toyahtoolkit.jpg --> uts.cc.utexas.edu /export/httpd/vhosts/texasbeyondhistory/data/plateaus/prehistory/images toyahtoolkit.jpg
2005.07.30 17:45 B L:\TBH Website Temp\plateaus\prehistory\images\turpin-2004.pdf --> uts.cc.utexas.edu /export/httpd/vhosts/texasbeyondhistory/data/plateaus/prehistory/images turpin-2004.pdf
2005.07.30 17:45 B L:\TBH Website Temp\plateaus\prehistory\images\TV41-19-sm.jpg --> uts.cc.utexas.edu /export/httpd/vhosts/texasbeyondhistory/data/plateaus/prehistory/images TV41-19-sm.jpg
2005.07.30 17:45 B L:\TBH Website Temp\plateaus\prehistory\images\TV41-19.html --> uts.cc.utexas.edu /export/httpd/vhosts/texasbeyondhistory/data/plateaus/prehistory/images TV41-19.html
2005.07.30 17:45 B L:\TBH Website Temp\plateaus\prehistory\images\TV41-19.jpg --> uts.cc.utexas.edu /export/httpd/vhosts/texasbeyondhistory/data/plateaus/prehistory/images TV41-19.jpg
2005.07.30 17:45 B L:\TBH Website Temp\plateaus\prehistory\images\VV18-3-lg.jpg --> uts.cc.utexas.edu /export/httpd/vhosts/texasbeyondhistory/data/plateaus/prehistory/images VV18-3-lg.jpg
2005.07.30 17:45 B L:\TBH Website Temp\plateaus\prehistory\images\VV18-3-sm.jpg --> uts.cc.utexas.edu /export/httpd/vhosts/texasbeyondhistory/data/plateaus/prehistory/images VV18-3-sm.jpg
2005.07.30 17:45 B L:\TBH Website Temp\plateaus\prehistory\images\vv18-3.html --> uts.cc.utexas.edu /export/httpd/vhosts/texasbeyondhistory/data/plateaus/prehistory/images vv18-3.html
2005.07.30 17:45 B L:\TBH Website Temp\plateaus\prehistory\images\VV52-2-lg.jpg --> uts.cc.utexas.edu /export/httpd/vhosts/texasbeyondhistory/data/plateaus/prehistory/images VV52-2-lg.jpg
2005.07.30 17:45 B L:\TBH Website Temp\plateaus\prehistory\images\VV52-2-sm.jpg --> uts.cc.utexas.edu /export/httpd/vhosts/texasbeyondhistory/data/plateaus/prehistory/images VV52-2-sm.jpg
2005.07.30 17:45 B L:\TBH Website Temp\plateaus\prehistory\images\vv52-2.html --> uts.cc.utexas.edu /export/httpd/vhosts/texasbeyondhistory/data/plateaus/prehistory/images vv52-2.html
2005.07.30 17:45 B L:\TBH Website Temp\plateaus\prehistory\images\wilson-sm.gif --> uts.cc.utexas.edu /export/httpd/vhosts/texasbeyondhistory/data/plateaus/prehistory/images wilson-sm.gif
2005.07.30 17:45 B L:\TBH Website Temp\plateaus\prehistory\images\wilson.html --> uts.cc.utexas.edu /export/httpd/vhosts/texasbeyondhistory/data/plateaus/prehistory/images wilson.html
2005.07.30 17:45 B L:\TBH Website Temp\plateaus\prehistory\images\wilson.jpg --> uts.cc.utexas.edu /export/httpd/vhosts/texasbeyondhistory/data/plateaus/prehistory/images wilson.jpg
2005.07.30 17:45 B L:\TBH Website Temp\plateaus\prehistory\images\WM235-C4313-sm.jpg --> uts.cc.utexas.edu /export/httpd/vhosts/texasbeyondhistory/data/plateaus/prehistory/images WM235-C4313-sm.jpg
2005.07.30 17:45 B L:\TBH Website Temp\plateaus\prehistory\images\WM235-C4313.html --> uts.cc.utexas.edu /export/httpd/vhosts/texasbeyondhistory/data/plateaus/prehistory/images WM235-C4313.html
2005.07.30 17:45 B L:\TBH Website Temp\plateaus\prehistory\images\WM235-C4313.jpg --> uts.cc.utexas.edu /export/httpd/vhosts/texasbeyondhistory/data/plateaus/prehistory/images WM235-C4313.jpg
