2006.04.14 16:40 B L:\TBH Website Temp\st-plains\peoples\index.html --> uts.cc.utexas.edu /export/httpd/vhosts/texasbeyondhistory/data/protect/st-plains/peoples index.html
2006.04.26 16:16 B V:\TBH Website Temp\st-plains\peoples\WS_FTP.LOG --> uts.cc.utexas.edu /export/httpd/vhosts/texasbeyondhistory/data/st-plains/peoples WS_FTP.LOG
2006.04.26 16:16 B V:\TBH Website Temp\st-plains\peoples\index.html --> uts.cc.utexas.edu /export/httpd/vhosts/texasbeyondhistory/data/st-plains/peoples index.html
2006.09.08 13:13 B L:\TBH Website Temp\st-plains\peoples\coahuiltecans.html --> uts.cc.utexas.edu /export/httpd/vhosts/texasbeyondhistory/data/protect/st-plains/peoples coahuiltecans.html
2006.09.08 13:13 B L:\TBH Website Temp\st-plains\peoples\credits.html --> uts.cc.utexas.edu /export/httpd/vhosts/texasbeyondhistory/data/protect/st-plains/peoples credits.html
2006.09.08 13:13 B L:\TBH Website Temp\st-plains\peoples\how.html --> uts.cc.utexas.edu /export/httpd/vhosts/texasbeyondhistory/data/protect/st-plains/peoples how.html
2006.09.08 13:13 B L:\TBH Website Temp\st-plains\peoples\index.html --> uts.cc.utexas.edu /export/httpd/vhosts/texasbeyondhistory/data/protect/st-plains/peoples index.html
2006.09.08 13:13 B L:\TBH Website Temp\st-plains\peoples\intruders.html --> uts.cc.utexas.edu /export/httpd/vhosts/texasbeyondhistory/data/protect/st-plains/peoples intruders.html
2006.09.08 13:13 B L:\TBH Website Temp\st-plains\peoples\WS_FTP.LOG --> uts.cc.utexas.edu /export/httpd/vhosts/texasbeyondhistory/data/protect/st-plains/peoples WS_FTP.LOG
2006.09.08 13:21 B L:\TBH Website Temp\st-plains\peoples\intruders.html --> uts.cc.utexas.edu /export/httpd/vhosts/texasbeyondhistory/data/protect/st-plains/peoples intruders.html
2006.09.08 13:22 B L:\TBH Website Temp\st-plains\peoples\coahuiltecans.html --> uts.cc.utexas.edu /export/httpd/vhosts/texasbeyondhistory/data/protect/st-plains/peoples coahuiltecans.html
2006.09.08 13:28 B V:\TBH Website Temp\st-plains\peoples\how.html --> uts.cc.utexas.edu /export/httpd/vhosts/texasbeyondhistory/data/protect/st-plains/peoples how.html
2006.09.13 13:31 B L:\TBH Website Temp\st-plains\peoples\coahuiltecans.html --> uts.cc.utexas.edu /export/httpd/vhosts/texasbeyondhistory/data/protect/st-plains/peoples coahuiltecans.html
2006.09.13 13:31 B L:\TBH Website Temp\st-plains\peoples\credits.html --> uts.cc.utexas.edu /export/httpd/vhosts/texasbeyondhistory/data/protect/st-plains/peoples credits.html
2006.09.13 13:31 B L:\TBH Website Temp\st-plains\peoples\index.html --> uts.cc.utexas.edu /export/httpd/vhosts/texasbeyondhistory/data/protect/st-plains/peoples index.html
2006.09.13 18:08 B L:\TBH Website Temp\st-plains\peoples\intruders.html --> uts.cc.utexas.edu /export/httpd/vhosts/texasbeyondhistory/data/protect/st-plains/peoples intruders.html
2006.09.13 18:08 B L:\TBH Website Temp\st-plains\peoples\coahuiltecans.html --> uts.cc.utexas.edu /export/httpd/vhosts/texasbeyondhistory/data/protect/st-plains/peoples coahuiltecans.html
2006.09.13 18:08 B L:\TBH Website Temp\st-plains\peoples\credits.html --> uts.cc.utexas.edu /export/httpd/vhosts/texasbeyondhistory/data/protect/st-plains/peoples credits.html
2006.09.13 18:08 B L:\TBH Website Temp\st-plains\peoples\how.html --> uts.cc.utexas.edu /export/httpd/vhosts/texasbeyondhistory/data/protect/st-plains/peoples how.html
2006.09.13 18:08 B L:\TBH Website Temp\st-plains\peoples\index.html --> uts.cc.utexas.edu /export/httpd/vhosts/texasbeyondhistory/data/protect/st-plains/peoples index.html
2006.09.13 18:16 B L:\TBH Website Temp\st-plains\peoples\coahuiltecans.html --> uts.cc.utexas.edu /export/httpd/vhosts/texasbeyondhistory/data/protect/st-plains/peoples coahuiltecans.html
2006.09.13 18:16 B L:\TBH Website Temp\st-plains\peoples\intruders.html --> uts.cc.utexas.edu /export/httpd/vhosts/texasbeyondhistory/data/protect/st-plains/peoples intruders.html
2006.09.14 15:46 B L:\TBH Website Temp\st-plains\peoples\coahuiltecans.html --> uts.cc.utexas.edu /export/httpd/vhosts/texasbeyondhistory/data/protect/st-plains/peoples coahuiltecans.html
2006.09.17 20:05 B L:\TBH Website Temp\st-plains\peoples\credits.html --> uts.cc.utexas.edu /export/httpd/vhosts/texasbeyondhistory/data/st-plains/peoples credits.html
2006.09.17 20:05 B L:\TBH Website Temp\st-plains\peoples\how.html --> uts.cc.utexas.edu /export/httpd/vhosts/texasbeyondhistory/data/st-plains/peoples how.html
2006.09.17 20:05 B L:\TBH Website Temp\st-plains\peoples\index.html --> uts.cc.utexas.edu /export/httpd/vhosts/texasbeyondhistory/data/st-plains/peoples index.html
2006.09.17 20:05 B L:\TBH Website Temp\st-plains\peoples\WS_FTP.LOG --> uts.cc.utexas.edu /export/httpd/vhosts/texasbeyondhistory/data/st-plains/peoples WS_FTP.LOG
2006.09.17 20:05 B L:\TBH Website Temp\st-plains\peoples\coahuiltecans.html --> uts.cc.utexas.edu /export/httpd/vhosts/texasbeyondhistory/data/st-plains/peoples coahuiltecans.html
2006.09.17 20:05 B L:\TBH Website Temp\st-plains\peoples\intruders.html --> uts.cc.utexas.edu /export/httpd/vhosts/texasbeyondhistory/data/st-plains/peoples intruders.html
2006.09.18 16:56 B L:\TBH Website Temp\st-plains\peoples\intruders.html --> uts.cc.utexas.edu /export/httpd/vhosts/texasbeyondhistory/data/st-plains/peoples intruders.html
2006.09.18 16:56 B L:\TBH Website Temp\st-plains\peoples\index.html --> uts.cc.utexas.edu /export/httpd/vhosts/texasbeyondhistory/data/st-plains/peoples index.html
2006.09.18 16:56 B L:\TBH Website Temp\st-plains\peoples\how.html --> uts.cc.utexas.edu /export/httpd/vhosts/texasbeyondhistory/data/st-plains/peoples how.html
2006.09.18 16:56 B L:\TBH Website Temp\st-plains\peoples\credits.html --> uts.cc.utexas.edu /export/httpd/vhosts/texasbeyondhistory/data/st-plains/peoples credits.html
2006.09.18 16:56 B L:\TBH Website Temp\st-plains\peoples\coahuiltecans.html --> uts.cc.utexas.edu /export/httpd/vhosts/texasbeyondhistory/data/st-plains/peoples coahuiltecans.html
2006.09.19 21:02 B L:\TBH Website Temp\st-plains\peoples\WS_FTP.LOG --> uts.cc.utexas.edu /export/httpd/vhosts/texasbeyondhistory/data/st-plains/peoples WS_FTP.LOG
2006.09.20 15:38 B L:\TBH Website Temp\st-plains\peoples\WS_FTP.LOG --> uts.cc.utexas.edu /export/httpd/vhosts/texasbeyondhistory/data/st-plains/peoples WS_FTP.LOG
