2001.08.28 20:44 B D:\TBH Temp\ford\images\b-w-scenebigsouth.html <-- Texas Beyond History /Website Stuff/TBH Website Temp/ford/images b-w-scenebigsouth.html
2001.08.28 20:44 B D:\TBH Temp\ford\images\b-w-scenebigsouth.lg.jpg <-- Texas Beyond History /Website Stuff/TBH Website Temp/ford/images b-w-scenebigsouth.lg.jpg
2001.08.28 20:44 B D:\TBH Temp\ford\images\b-w-scenebigsouth.sm.jpg <-- Texas Beyond History /Website Stuff/TBH Website Temp/ford/images b-w-scenebigsouth.sm.jpg
2001.08.28 20:44 B D:\TBH Temp\ford\images\excavation-latrine-main.jpg <-- Texas Beyond History /Website Stuff/TBH Website Temp/ford/images excavation-latrine-main.jpg
2001.08.28 20:44 B D:\TBH Temp\ford\images\excavation-latrine.html <-- Texas Beyond History /Website Stuff/TBH Website Temp/ford/images excavation-latrine.html
2001.08.28 20:44 B D:\TBH Temp\ford\images\excavation-latrine.lg.jpg <-- Texas Beyond History /Website Stuff/TBH Website Temp/ford/images excavation-latrine.lg.jpg
2001.08.28 20:44 B D:\TBH Temp\ford\images\excavation-latrine.sm.jpg <-- Texas Beyond History /Website Stuff/TBH Website Temp/ford/images excavation-latrine.sm.jpg
2001.08.28 20:44 B D:\TBH Temp\ford\images\Fig. 23-lg.jpg <-- Texas Beyond History /Website Stuff/TBH Website Temp/ford/images Fig. 23-lg.jpg
2001.08.28 20:44 B D:\TBH Temp\ford\images\Fig. 23-sm.jpg <-- Texas Beyond History /Website Stuff/TBH Website Temp/ford/images Fig. 23-sm.jpg
2001.08.28 20:44 B D:\TBH Temp\ford\images\Fig. 23.html <-- Texas Beyond History /Website Stuff/TBH Website Temp/ford/images Fig. 23.html
2001.08.28 20:44 B D:\TBH Temp\ford\images\Harpers-color-main.jpg <-- Texas Beyond History /Website Stuff/TBH Website Temp/ford/images Harpers-color-main.jpg
2001.08.28 20:45 B D:\TBH Temp\ford\images\Harpers-color-MEN.sm.jpg <-- Texas Beyond History /Website Stuff/TBH Website Temp/ford/images Harpers-color-MEN.sm.jpg
2001.08.28 20:45 B D:\TBH Temp\ford\images\Harpers-color.CROP.sm.jpg <-- Texas Beyond History /Website Stuff/TBH Website Temp/ford/images Harpers-color.CROP.sm.jpg
2001.08.28 20:45 B D:\TBH Temp\ford\images\Harpers-color.html <-- Texas Beyond History /Website Stuff/TBH Website Temp/ford/images Harpers-color.html
2001.08.28 20:45 B D:\TBH Temp\ford\images\Harpers-color.lg.jpg <-- Texas Beyond History /Website Stuff/TBH Website Temp/ford/images Harpers-color.lg.jpg
2001.08.28 20:45 B D:\TBH Temp\ford\images\hiway.html <-- Texas Beyond History /Website Stuff/TBH Website Temp/ford/images hiway.html
2001.08.28 20:45 B D:\TBH Temp\ford\images\hiway.lg.jpg <-- Texas Beyond History /Website Stuff/TBH Website Temp/ford/images hiway.lg.jpg
2001.08.28 20:45 B D:\TBH Temp\ford\images\hiway.sm.jpg <-- Texas Beyond History /Website Stuff/TBH Website Temp/ford/images hiway.sm.jpg
2001.08.28 20:45 B D:\TBH Temp\ford\images\latrine.html <-- Texas Beyond History /Website Stuff/TBH Website Temp/ford/images latrine.html
2001.08.28 20:45 B D:\TBH Temp\ford\images\latrine.lg.jpg <-- Texas Beyond History /Website Stuff/TBH Website Temp/ford/images latrine.lg.jpg
2001.08.28 20:45 B D:\TBH Temp\ford\images\latrine.sm.jpg <-- Texas Beyond History /Website Stuff/TBH Website Temp/ford/images latrine.sm.jpg
2001.08.28 20:45 B D:\TBH Temp\ford\images\lee.gif <-- Texas Beyond History /Website Stuff/TBH Website Temp/ford/images lee.gif
2001.08.28 20:45 B D:\TBH Temp\ford\images\marker.html <-- Texas Beyond History /Website Stuff/TBH Website Temp/ford/images marker.html
2001.08.28 20:45 B D:\TBH Temp\ford\images\marker.lg.jpg <-- Texas Beyond History /Website Stuff/TBH Website Temp/ford/images marker.lg.jpg
2001.08.28 20:45 B D:\TBH Temp\ford\images\marker.sm.jpg <-- Texas Beyond History /Website Stuff/TBH Website Temp/ford/images marker.sm.jpg
2001.08.28 20:45 B D:\TBH Temp\ford\images\radar-printout.html <-- Texas Beyond History /Website Stuff/TBH Website Temp/ford/images radar-printout.html
2001.08.28 20:45 B D:\TBH Temp\ford\images\radar-printout.lg.jpg <-- Texas Beyond History /Website Stuff/TBH Website Temp/ford/images radar-printout.lg.jpg
2001.08.28 20:45 B D:\TBH Temp\ford\images\radar-printout.sm.jpg <-- Texas Beyond History /Website Stuff/TBH Website Temp/ford/images radar-printout.sm.jpg
2001.08.28 20:45 B D:\TBH Temp\ford\images\radar-trolley.html <-- Texas Beyond History /Website Stuff/TBH Website Temp/ford/images radar-trolley.html
2001.08.28 20:45 B D:\TBH Temp\ford\images\radar-trolley.lg.jpg <-- Texas Beyond History /Website Stuff/TBH Website Temp/ford/images radar-trolley.lg.jpg
2001.08.28 20:45 B D:\TBH Temp\ford\images\radar-trolley.sm.jpg <-- Texas Beyond History /Website Stuff/TBH Website Temp/ford/images radar-trolley.sm.jpg
2001.08.28 20:45 B D:\TBH Temp\ford\images\rip-ford-sm.gif <-- Texas Beyond History /Website Stuff/TBH Website Temp/ford/images rip-ford-sm.gif
2001.08.28 20:45 B D:\TBH Temp\ford\images\scenebigsouth.jpg <-- Texas Beyond History /Website Stuff/TBH Website Temp/ford/images scenebigsouth.jpg
2001.08.28 20:45 B D:\TBH Temp\ford\images\SM181-FIG.20-lg.jpg <-- Texas Beyond History /Website Stuff/TBH Website Temp/ford/images SM181-FIG.20-lg.jpg
2001.08.28 20:45 B D:\TBH Temp\ford\images\SM181-FIG.20-sm.jpg <-- Texas Beyond History /Website Stuff/TBH Website Temp/ford/images SM181-FIG.20-sm.jpg
2001.08.28 20:45 B D:\TBH Temp\ford\images\SM181-FIG.20.html <-- Texas Beyond History /Website Stuff/TBH Website Temp/ford/images SM181-FIG.20.html
2001.08.28 20:45 B D:\TBH Temp\ford\images\SM181-FIG.21-lg.jpg <-- Texas Beyond History /Website Stuff/TBH Website Temp/ford/images SM181-FIG.21-lg.jpg
2001.08.28 20:45 B D:\TBH Temp\ford\images\SM181-FIG.21-sm.jpg <-- Texas Beyond History /Website Stuff/TBH Website Temp/ford/images SM181-FIG.21-sm.jpg
2001.08.28 20:45 B D:\TBH Temp\ford\images\SM181-FIG.21.html <-- Texas Beyond History /Website Stuff/TBH Website Temp/ford/images SM181-FIG.21.html
2001.08.28 20:45 B D:\TBH Temp\ford\images\SM181-FIG.24-lg.jpg <-- Texas Beyond History /Website Stuff/TBH Website Temp/ford/images SM181-FIG.24-lg.jpg
2001.08.28 20:45 B D:\TBH Temp\ford\images\SM181-FIG.24-sm.jpg <-- Texas Beyond History /Website Stuff/TBH Website Temp/ford/images SM181-FIG.24-sm.jpg
2001.08.28 20:45 B D:\TBH Temp\ford\images\SM181-FIG.24.html <-- Texas Beyond History /Website Stuff/TBH Website Temp/ford/images SM181-FIG.24.html
2001.08.28 20:45 B D:\TBH Temp\ford\images\SM181-FIG.60-lg.jpg <-- Texas Beyond History /Website Stuff/TBH Website Temp/ford/images SM181-FIG.60-lg.jpg
2001.08.28 20:45 B D:\TBH Temp\ford\images\SM181-FIG.60-sm.jpg <-- Texas Beyond History /Website Stuff/TBH Website Temp/ford/images SM181-FIG.60-sm.jpg
2001.08.28 20:45 B D:\TBH Temp\ford\images\SM181-FIG.60.html <-- Texas Beyond History /Website Stuff/TBH Website Temp/ford/images SM181-FIG.60.html
2001.08.28 20:45 B D:\TBH Temp\ford\images\SM181-FIG.62-lg.jpg <-- Texas Beyond History /Website Stuff/TBH Website Temp/ford/images SM181-FIG.62-lg.jpg
2001.08.28 20:45 B D:\TBH Temp\ford\images\SM181-FIG.62-sm.jpg <-- Texas Beyond History /Website Stuff/TBH Website Temp/ford/images SM181-FIG.62-sm.jpg
2001.08.28 20:45 B D:\TBH Temp\ford\images\SM181-FIG.62.html <-- Texas Beyond History /Website Stuff/TBH Website Temp/ford/images SM181-FIG.62.html
2001.08.28 20:45 B D:\TBH Temp\ford\images\smith.gif <-- Texas Beyond History /Website Stuff/TBH Website Temp/ford/images smith.gif
2001.08.28 20:45 B D:\TBH Temp\ford\images\soldiers-lg.jpg <-- Texas Beyond History /Website Stuff/TBH Website Temp/ford/images soldiers-lg.jpg
2001.08.28 20:45 B D:\TBH Temp\ford\images\soldiers-sm.jpg <-- Texas Beyond History /Website Stuff/TBH Website Temp/ford/images soldiers-sm.jpg
2001.08.28 20:45 B D:\TBH Temp\ford\images\soldiers.html <-- Texas Beyond History /Website Stuff/TBH Website Temp/ford/images soldiers.html
2001.08.28 20:45 B D:\TBH Temp\ford\images\spring.html <-- Texas Beyond History /Website Stuff/TBH Website Temp/ford/images spring.html
2001.08.28 20:45 B D:\TBH Temp\ford\images\spring.lg.jpg <-- Texas Beyond History /Website Stuff/TBH Website Temp/ford/images spring.lg.jpg
2001.08.28 20:45 B D:\TBH Temp\ford\images\spring.sm.jpg <-- Texas Beyond History /Website Stuff/TBH Website Temp/ford/images spring.sm.jpg
2001.08.31 19:50 B D:\TBH Temp\ford\images\b-w-scenebigsouth.html.LCK <-- Texas Beyond History /Website Stuff/TBH Website Temp/ford/images b-w-scenebigsouth.html.LCK
2001.08.31 19:50 B D:\TBH Temp\ford\images\b-w-scenebigsouth.lg.jpg.LCK <-- Texas Beyond History /Website Stuff/TBH Website Temp/ford/images b-w-scenebigsouth.lg.jpg.LCK
2001.08.31 19:50 B D:\TBH Temp\ford\images\b-w-scenebigsouth.sm.jpg.LCK <-- Texas Beyond History /Website Stuff/TBH Website Temp/ford/images b-w-scenebigsouth.sm.jpg.LCK
2001.08.31 19:50 B D:\TBH Temp\ford\images\excavation-latrine-main.jpg.LCK <-- Texas Beyond History /Website Stuff/TBH Website Temp/ford/images excavation-latrine-main.jpg.LCK
2001.08.31 19:50 B D:\TBH Temp\ford\images\excavation-latrine.html.LCK <-- Texas Beyond History /Website Stuff/TBH Website Temp/ford/images excavation-latrine.html.LCK
2001.08.31 19:50 B D:\TBH Temp\ford\images\excavation-latrine.lg.jpg.LCK <-- Texas Beyond History /Website Stuff/TBH Website Temp/ford/images excavation-latrine.lg.jpg.LCK
2001.08.31 19:50 B D:\TBH Temp\ford\images\excavation-latrine.sm.jpg.LCK <-- Texas Beyond History /Website Stuff/TBH Website Temp/ford/images excavation-latrine.sm.jpg.LCK
2001.08.31 19:50 B D:\TBH Temp\ford\images\Fig. 23-lg.jpg.LCK <-- Texas Beyond History /Website Stuff/TBH Website Temp/ford/images Fig. 23-lg.jpg.LCK
2001.08.31 19:50 B D:\TBH Temp\ford\images\Fig. 23-sm.jpg.LCK <-- Texas Beyond History /Website Stuff/TBH Website Temp/ford/images Fig. 23-sm.jpg.LCK
2001.08.31 19:50 B D:\TBH Temp\ford\images\Fig. 23.html.LCK <-- Texas Beyond History /Website Stuff/TBH Website Temp/ford/images Fig. 23.html.LCK
2001.08.31 19:50 B D:\TBH Temp\ford\images\Harpers-color-main.jpg.LCK <-- Texas Beyond History /Website Stuff/TBH Website Temp/ford/images Harpers-color-main.jpg.LCK
2001.08.31 19:50 B D:\TBH Temp\ford\images\Harpers-color-MEN.sm.jpg.LCK <-- Texas Beyond History /Website Stuff/TBH Website Temp/ford/images Harpers-color-MEN.sm.jpg.LCK
2001.08.31 19:50 B D:\TBH Temp\ford\images\Harpers-color.CROP.sm.jpg.LCK <-- Texas Beyond History /Website Stuff/TBH Website Temp/ford/images Harpers-color.CROP.sm.jpg.LCK
2001.08.31 19:50 B D:\TBH Temp\ford\images\Harpers-color.html.LCK <-- Texas Beyond History /Website Stuff/TBH Website Temp/ford/images Harpers-color.html.LCK
2001.08.31 19:50 B D:\TBH Temp\ford\images\Harpers-color.lg.jpg.LCK <-- Texas Beyond History /Website Stuff/TBH Website Temp/ford/images Harpers-color.lg.jpg.LCK
2001.08.31 19:50 B D:\TBH Temp\ford\images\hiway.html.LCK <-- Texas Beyond History /Website Stuff/TBH Website Temp/ford/images hiway.html.LCK
2001.08.31 19:50 B D:\TBH Temp\ford\images\hiway.lg.jpg.LCK <-- Texas Beyond History /Website Stuff/TBH Website Temp/ford/images hiway.lg.jpg.LCK
2001.08.31 19:50 B D:\TBH Temp\ford\images\hiway.sm.jpg.LCK <-- Texas Beyond History /Website Stuff/TBH Website Temp/ford/images hiway.sm.jpg.LCK
2001.08.31 19:50 B D:\TBH Temp\ford\images\latrine.html.LCK <-- Texas Beyond History /Website Stuff/TBH Website Temp/ford/images latrine.html.LCK
2001.08.31 19:50 B D:\TBH Temp\ford\images\latrine.lg.jpg.LCK <-- Texas Beyond History /Website Stuff/TBH Website Temp/ford/images latrine.lg.jpg.LCK
2001.08.31 19:50 B D:\TBH Temp\ford\images\latrine.sm.jpg.LCK <-- Texas Beyond History /Website Stuff/TBH Website Temp/ford/images latrine.sm.jpg.LCK
2001.08.31 19:50 B D:\TBH Temp\ford\images\lee.gif.LCK <-- Texas Beyond History /Website Stuff/TBH Website Temp/ford/images lee.gif.LCK
2001.08.31 19:50 B D:\TBH Temp\ford\images\marker.html.LCK <-- Texas Beyond History /Website Stuff/TBH Website Temp/ford/images marker.html.LCK
2001.08.31 19:50 B D:\TBH Temp\ford\images\marker.lg.jpg.LCK <-- Texas Beyond History /Website Stuff/TBH Website Temp/ford/images marker.lg.jpg.LCK
2001.08.31 19:50 B D:\TBH Temp\ford\images\marker.sm.jpg.LCK <-- Texas Beyond History /Website Stuff/TBH Website Temp/ford/images marker.sm.jpg.LCK
2001.08.31 19:50 B D:\TBH Temp\ford\images\radar-printout.html.LCK <-- Texas Beyond History /Website Stuff/TBH Website Temp/ford/images radar-printout.html.LCK
2001.08.31 19:50 B D:\TBH Temp\ford\images\radar-printout.lg.jpg.LCK <-- Texas Beyond History /Website Stuff/TBH Website Temp/ford/images radar-printout.lg.jpg.LCK
2001.08.31 19:50 B D:\TBH Temp\ford\images\radar-printout.sm.jpg.LCK <-- Texas Beyond History /Website Stuff/TBH Website Temp/ford/images radar-printout.sm.jpg.LCK
2001.08.31 19:50 B D:\TBH Temp\ford\images\radar-trolley.html.LCK <-- Texas Beyond History /Website Stuff/TBH Website Temp/ford/images radar-trolley.html.LCK
2001.08.31 19:50 B D:\TBH Temp\ford\images\radar-trolley.lg.jpg.LCK <-- Texas Beyond History /Website Stuff/TBH Website Temp/ford/images radar-trolley.lg.jpg.LCK
2001.08.31 19:50 B D:\TBH Temp\ford\images\radar-trolley.sm.jpg.LCK <-- Texas Beyond History /Website Stuff/TBH Website Temp/ford/images radar-trolley.sm.jpg.LCK
2001.08.31 19:50 B D:\TBH Temp\ford\images\rip-ford-sm.gif.LCK <-- Texas Beyond History /Website Stuff/TBH Website Temp/ford/images rip-ford-sm.gif.LCK
2001.08.31 19:50 B D:\TBH Temp\ford\images\scenebigsouth.jpg.LCK <-- Texas Beyond History /Website Stuff/TBH Website Temp/ford/images scenebigsouth.jpg.LCK
2001.08.31 19:50 B D:\TBH Temp\ford\images\SM181-FIG.20-lg.jpg.LCK <-- Texas Beyond History /Website Stuff/TBH Website Temp/ford/images SM181-FIG.20-lg.jpg.LCK
2001.08.31 19:50 B D:\TBH Temp\ford\images\SM181-FIG.20-sm.jpg.LCK <-- Texas Beyond History /Website Stuff/TBH Website Temp/ford/images SM181-FIG.20-sm.jpg.LCK
2001.08.31 19:50 B D:\TBH Temp\ford\images\SM181-FIG.20.html.LCK <-- Texas Beyond History /Website Stuff/TBH Website Temp/ford/images SM181-FIG.20.html.LCK
2001.08.31 19:50 B D:\TBH Temp\ford\images\SM181-FIG.21-lg.jpg.LCK <-- Texas Beyond History /Website Stuff/TBH Website Temp/ford/images SM181-FIG.21-lg.jpg.LCK
2001.08.31 19:50 B D:\TBH Temp\ford\images\SM181-FIG.21-sm.jpg.LCK <-- Texas Beyond History /Website Stuff/TBH Website Temp/ford/images SM181-FIG.21-sm.jpg.LCK
2001.08.31 19:50 B D:\TBH Temp\ford\images\SM181-FIG.21.html.LCK <-- Texas Beyond History /Website Stuff/TBH Website Temp/ford/images SM181-FIG.21.html.LCK
2001.08.31 19:50 B D:\TBH Temp\ford\images\SM181-FIG.24-lg.jpg.LCK <-- Texas Beyond History /Website Stuff/TBH Website Temp/ford/images SM181-FIG.24-lg.jpg.LCK
2001.08.31 19:50 B D:\TBH Temp\ford\images\SM181-FIG.24-sm.jpg.LCK <-- Texas Beyond History /Website Stuff/TBH Website Temp/ford/images SM181-FIG.24-sm.jpg.LCK
2001.08.31 19:50 B D:\TBH Temp\ford\images\SM181-FIG.24.html.LCK <-- Texas Beyond History /Website Stuff/TBH Website Temp/ford/images SM181-FIG.24.html.LCK
2001.08.31 19:50 B D:\TBH Temp\ford\images\SM181-FIG.60-lg.jpg.LCK <-- Texas Beyond History /Website Stuff/TBH Website Temp/ford/images SM181-FIG.60-lg.jpg.LCK
2001.08.31 19:50 B D:\TBH Temp\ford\images\SM181-FIG.60-sm.jpg.LCK <-- Texas Beyond History /Website Stuff/TBH Website Temp/ford/images SM181-FIG.60-sm.jpg.LCK
2001.08.31 19:50 B D:\TBH Temp\ford\images\SM181-FIG.60.html.LCK <-- Texas Beyond History /Website Stuff/TBH Website Temp/ford/images SM181-FIG.60.html.LCK
2001.08.31 19:50 B D:\TBH Temp\ford\images\SM181-FIG.62-lg.jpg.LCK <-- Texas Beyond History /Website Stuff/TBH Website Temp/ford/images SM181-FIG.62-lg.jpg.LCK
2001.08.31 19:50 B D:\TBH Temp\ford\images\SM181-FIG.62-sm.jpg.LCK <-- Texas Beyond History /Website Stuff/TBH Website Temp/ford/images SM181-FIG.62-sm.jpg.LCK
2001.08.31 19:50 B D:\TBH Temp\ford\images\SM181-FIG.62.html.LCK <-- Texas Beyond History /Website Stuff/TBH Website Temp/ford/images SM181-FIG.62.html.LCK
2001.08.31 19:50 B D:\TBH Temp\ford\images\smith.gif.LCK <-- Texas Beyond History /Website Stuff/TBH Website Temp/ford/images smith.gif.LCK
2001.08.31 19:50 B D:\TBH Temp\ford\images\soldiers-lg.jpg.LCK <-- Texas Beyond History /Website Stuff/TBH Website Temp/ford/images soldiers-lg.jpg.LCK
2001.08.31 19:50 B D:\TBH Temp\ford\images\soldiers-sm.jpg.LCK <-- Texas Beyond History /Website Stuff/TBH Website Temp/ford/images soldiers-sm.jpg.LCK
2001.08.31 19:50 B D:\TBH Temp\ford\images\soldiers.html.LCK <-- Texas Beyond History /Website Stuff/TBH Website Temp/ford/images soldiers.html.LCK
2001.08.31 19:50 B D:\TBH Temp\ford\images\spring.html.LCK <-- Texas Beyond History /Website Stuff/TBH Website Temp/ford/images spring.html.LCK
2001.08.31 19:50 B D:\TBH Temp\ford\images\spring.lg.jpg.LCK <-- Texas Beyond History /Website Stuff/TBH Website Temp/ford/images spring.lg.jpg.LCK
2001.08.31 19:50 B D:\TBH Temp\ford\images\spring.sm.jpg.LCK <-- Texas Beyond History /Website Stuff/TBH Website Temp/ford/images spring.sm.jpg.LCK
2001.09.01 21:44 B D:\TBH Temp\ford\images\b-w-scenebigsouth.html --> uts.cc.utexas.edu /usr/pub/www/research/tarl/abouttarl/tbh/ford/images b-w-scenebigsouth.html
2001.09.01 21:44 B D:\TBH Temp\ford\images\b-w-scenebigsouth.html.LCK --> uts.cc.utexas.edu /usr/pub/www/research/tarl/abouttarl/tbh/ford/images b-w-scenebigsouth.html.LCK
2001.09.01 21:44 B D:\TBH Temp\ford\images\b-w-scenebigsouth.lg.jpg --> uts.cc.utexas.edu /usr/pub/www/research/tarl/abouttarl/tbh/ford/images b-w-scenebigsouth.lg.jpg
2001.09.01 21:44 B D:\TBH Temp\ford\images\b-w-scenebigsouth.lg.jpg.LCK --> uts.cc.utexas.edu /usr/pub/www/research/tarl/abouttarl/tbh/ford/images b-w-scenebigsouth.lg.jpg.LCK
2001.09.01 21:44 B D:\TBH Temp\ford\images\b-w-scenebigsouth.sm.jpg --> uts.cc.utexas.edu /usr/pub/www/research/tarl/abouttarl/tbh/ford/images b-w-scenebigsouth.sm.jpg
2001.09.01 21:44 B D:\TBH Temp\ford\images\b-w-scenebigsouth.sm.jpg.LCK --> uts.cc.utexas.edu /usr/pub/www/research/tarl/abouttarl/tbh/ford/images b-w-scenebigsouth.sm.jpg.LCK
2001.09.01 21:44 B D:\TBH Temp\ford\images\excavation-latrine-main.jpg --> uts.cc.utexas.edu /usr/pub/www/research/tarl/abouttarl/tbh/ford/images excavation-latrine-main.jpg
2001.09.01 21:44 B D:\TBH Temp\ford\images\excavation-latrine-main.jpg.LCK --> uts.cc.utexas.edu /usr/pub/www/research/tarl/abouttarl/tbh/ford/images excavation-latrine-main.jpg.LCK
2001.09.01 21:44 B D:\TBH Temp\ford\images\excavation-latrine.html --> uts.cc.utexas.edu /usr/pub/www/research/tarl/abouttarl/tbh/ford/images excavation-latrine.html
2001.09.01 21:44 B D:\TBH Temp\ford\images\excavation-latrine.html.LCK --> uts.cc.utexas.edu /usr/pub/www/research/tarl/abouttarl/tbh/ford/images excavation-latrine.html.LCK
2001.09.01 21:44 B D:\TBH Temp\ford\images\excavation-latrine.lg.jpg --> uts.cc.utexas.edu /usr/pub/www/research/tarl/abouttarl/tbh/ford/images excavation-latrine.lg.jpg
2001.09.01 21:44 B D:\TBH Temp\ford\images\excavation-latrine.lg.jpg.LCK --> uts.cc.utexas.edu /usr/pub/www/research/tarl/abouttarl/tbh/ford/images excavation-latrine.lg.jpg.LCK
2001.09.01 21:44 B D:\TBH Temp\ford\images\excavation-latrine.sm.jpg --> uts.cc.utexas.edu /usr/pub/www/research/tarl/abouttarl/tbh/ford/images excavation-latrine.sm.jpg
2001.09.01 21:44 B D:\TBH Temp\ford\images\excavation-latrine.sm.jpg.LCK --> uts.cc.utexas.edu /usr/pub/www/research/tarl/abouttarl/tbh/ford/images excavation-latrine.sm.jpg.LCK
2001.09.01 21:44 B D:\TBH Temp\ford\images\Fig. 23-lg.jpg --> uts.cc.utexas.edu /usr/pub/www/research/tarl/abouttarl/tbh/ford/images Fig. 23-lg.jpg
2001.09.01 21:44 B D:\TBH Temp\ford\images\Fig. 23-lg.jpg.LCK --> uts.cc.utexas.edu /usr/pub/www/research/tarl/abouttarl/tbh/ford/images Fig. 23-lg.jpg.LCK
2001.09.01 21:44 B D:\TBH Temp\ford\images\Fig. 23-sm.jpg --> uts.cc.utexas.edu /usr/pub/www/research/tarl/abouttarl/tbh/ford/images Fig. 23-sm.jpg
2001.09.01 21:44 B D:\TBH Temp\ford\images\Fig. 23-sm.jpg.LCK --> uts.cc.utexas.edu /usr/pub/www/research/tarl/abouttarl/tbh/ford/images Fig. 23-sm.jpg.LCK
2001.09.01 21:44 B D:\TBH Temp\ford\images\Fig. 23.html --> uts.cc.utexas.edu /usr/pub/www/research/tarl/abouttarl/tbh/ford/images Fig. 23.html
2001.09.01 21:44 B D:\TBH Temp\ford\images\Fig. 23.html.LCK --> uts.cc.utexas.edu /usr/pub/www/research/tarl/abouttarl/tbh/ford/images Fig. 23.html.LCK
2001.09.01 21:44 B D:\TBH Temp\ford\images\Harpers-color-main.jpg --> uts.cc.utexas.edu /usr/pub/www/research/tarl/abouttarl/tbh/ford/images Harpers-color-main.jpg
2001.09.01 21:44 B D:\TBH Temp\ford\images\Harpers-color-main.jpg.LCK --> uts.cc.utexas.edu /usr/pub/www/research/tarl/abouttarl/tbh/ford/images Harpers-color-main.jpg.LCK
2001.09.01 21:44 B D:\TBH Temp\ford\images\Harpers-color-MEN.sm.jpg --> uts.cc.utexas.edu /usr/pub/www/research/tarl/abouttarl/tbh/ford/images Harpers-color-MEN.sm.jpg
2001.09.01 21:44 B D:\TBH Temp\ford\images\Harpers-color-MEN.sm.jpg.LCK --> uts.cc.utexas.edu /usr/pub/www/research/tarl/abouttarl/tbh/ford/images Harpers-color-MEN.sm.jpg.LCK
2001.09.01 21:44 B D:\TBH Temp\ford\images\Harpers-color.CROP.sm.jpg --> uts.cc.utexas.edu /usr/pub/www/research/tarl/abouttarl/tbh/ford/images Harpers-color.CROP.sm.jpg
2001.09.01 21:44 B D:\TBH Temp\ford\images\Harpers-color.CROP.sm.jpg.LCK --> uts.cc.utexas.edu /usr/pub/www/research/tarl/abouttarl/tbh/ford/images Harpers-color.CROP.sm.jpg.LCK
2001.09.01 21:44 B D:\TBH Temp\ford\images\Harpers-color.html --> uts.cc.utexas.edu /usr/pub/www/research/tarl/abouttarl/tbh/ford/images Harpers-color.html
2001.09.01 21:44 B D:\TBH Temp\ford\images\Harpers-color.html.LCK --> uts.cc.utexas.edu /usr/pub/www/research/tarl/abouttarl/tbh/ford/images Harpers-color.html.LCK
2001.09.01 21:44 B D:\TBH Temp\ford\images\Harpers-color.lg.jpg --> uts.cc.utexas.edu /usr/pub/www/research/tarl/abouttarl/tbh/ford/images Harpers-color.lg.jpg
2001.09.01 21:44 B D:\TBH Temp\ford\images\Harpers-color.lg.jpg.LCK --> uts.cc.utexas.edu /usr/pub/www/research/tarl/abouttarl/tbh/ford/images Harpers-color.lg.jpg.LCK
2001.09.01 21:44 B D:\TBH Temp\ford\images\hiway.html --> uts.cc.utexas.edu /usr/pub/www/research/tarl/abouttarl/tbh/ford/images hiway.html
2001.09.01 21:44 B D:\TBH Temp\ford\images\hiway.html.LCK --> uts.cc.utexas.edu /usr/pub/www/research/tarl/abouttarl/tbh/ford/images hiway.html.LCK
2001.09.01 21:44 B D:\TBH Temp\ford\images\hiway.lg.jpg --> uts.cc.utexas.edu /usr/pub/www/research/tarl/abouttarl/tbh/ford/images hiway.lg.jpg
2001.09.01 21:44 B D:\TBH Temp\ford\images\hiway.lg.jpg.LCK --> uts.cc.utexas.edu /usr/pub/www/research/tarl/abouttarl/tbh/ford/images hiway.lg.jpg.LCK
2001.09.01 21:44 B D:\TBH Temp\ford\images\hiway.sm.jpg --> uts.cc.utexas.edu /usr/pub/www/research/tarl/abouttarl/tbh/ford/images hiway.sm.jpg
2001.09.01 21:44 B D:\TBH Temp\ford\images\hiway.sm.jpg.LCK --> uts.cc.utexas.edu /usr/pub/www/research/tarl/abouttarl/tbh/ford/images hiway.sm.jpg.LCK
2001.09.01 21:44 B D:\TBH Temp\ford\images\latrine.html --> uts.cc.utexas.edu /usr/pub/www/research/tarl/abouttarl/tbh/ford/images latrine.html
2001.09.01 21:44 B D:\TBH Temp\ford\images\latrine.html.LCK --> uts.cc.utexas.edu /usr/pub/www/research/tarl/abouttarl/tbh/ford/images latrine.html.LCK
2001.09.01 21:45 B D:\TBH Temp\ford\images\latrine.lg.jpg --> uts.cc.utexas.edu /usr/pub/www/research/tarl/abouttarl/tbh/ford/images latrine.lg.jpg
2001.09.01 21:45 B D:\TBH Temp\ford\images\latrine.lg.jpg.LCK --> uts.cc.utexas.edu /usr/pub/www/research/tarl/abouttarl/tbh/ford/images latrine.lg.jpg.LCK
2001.09.01 21:45 B D:\TBH Temp\ford\images\latrine.sm.jpg --> uts.cc.utexas.edu /usr/pub/www/research/tarl/abouttarl/tbh/ford/images latrine.sm.jpg
2001.09.01 21:45 B D:\TBH Temp\ford\images\latrine.sm.jpg.LCK --> uts.cc.utexas.edu /usr/pub/www/research/tarl/abouttarl/tbh/ford/images latrine.sm.jpg.LCK
2001.09.01 21:45 B D:\TBH Temp\ford\images\lee.gif --> uts.cc.utexas.edu /usr/pub/www/research/tarl/abouttarl/tbh/ford/images lee.gif
2001.09.01 21:45 B D:\TBH Temp\ford\images\lee.gif.LCK --> uts.cc.utexas.edu /usr/pub/www/research/tarl/abouttarl/tbh/ford/images lee.gif.LCK
2001.09.01 21:45 B D:\TBH Temp\ford\images\marker.html --> uts.cc.utexas.edu /usr/pub/www/research/tarl/abouttarl/tbh/ford/images marker.html
2001.09.01 21:45 B D:\TBH Temp\ford\images\marker.html.LCK --> uts.cc.utexas.edu /usr/pub/www/research/tarl/abouttarl/tbh/ford/images marker.html.LCK
2001.09.01 21:45 B D:\TBH Temp\ford\images\marker.lg.jpg --> uts.cc.utexas.edu /usr/pub/www/research/tarl/abouttarl/tbh/ford/images marker.lg.jpg
2001.09.01 21:45 B D:\TBH Temp\ford\images\marker.lg.jpg.LCK --> uts.cc.utexas.edu /usr/pub/www/research/tarl/abouttarl/tbh/ford/images marker.lg.jpg.LCK
2001.09.01 21:45 B D:\TBH Temp\ford\images\marker.sm.jpg --> uts.cc.utexas.edu /usr/pub/www/research/tarl/abouttarl/tbh/ford/images marker.sm.jpg
2001.09.01 21:45 B D:\TBH Temp\ford\images\marker.sm.jpg.LCK --> uts.cc.utexas.edu /usr/pub/www/research/tarl/abouttarl/tbh/ford/images marker.sm.jpg.LCK
2001.09.01 21:45 B D:\TBH Temp\ford\images\radar-printout.html --> uts.cc.utexas.edu /usr/pub/www/research/tarl/abouttarl/tbh/ford/images radar-printout.html
2001.09.01 21:45 B D:\TBH Temp\ford\images\radar-printout.html.LCK --> uts.cc.utexas.edu /usr/pub/www/research/tarl/abouttarl/tbh/ford/images radar-printout.html.LCK
2001.09.01 21:45 B D:\TBH Temp\ford\images\radar-printout.lg.jpg --> uts.cc.utexas.edu /usr/pub/www/research/tarl/abouttarl/tbh/ford/images radar-printout.lg.jpg
2001.09.01 21:45 B D:\TBH Temp\ford\images\radar-printout.lg.jpg.LCK --> uts.cc.utexas.edu /usr/pub/www/research/tarl/abouttarl/tbh/ford/images radar-printout.lg.jpg.LCK
2001.09.01 21:45 B D:\TBH Temp\ford\images\radar-printout.sm.jpg --> uts.cc.utexas.edu /usr/pub/www/research/tarl/abouttarl/tbh/ford/images radar-printout.sm.jpg
2001.09.01 21:45 B D:\TBH Temp\ford\images\radar-printout.sm.jpg.LCK --> uts.cc.utexas.edu /usr/pub/www/research/tarl/abouttarl/tbh/ford/images radar-printout.sm.jpg.LCK
2001.09.01 21:45 B D:\TBH Temp\ford\images\radar-trolley.html --> uts.cc.utexas.edu /usr/pub/www/research/tarl/abouttarl/tbh/ford/images radar-trolley.html
2001.09.01 21:45 B D:\TBH Temp\ford\images\radar-trolley.html.LCK --> uts.cc.utexas.edu /usr/pub/www/research/tarl/abouttarl/tbh/ford/images radar-trolley.html.LCK
2001.09.01 21:45 B D:\TBH Temp\ford\images\radar-trolley.lg.jpg --> uts.cc.utexas.edu /usr/pub/www/research/tarl/abouttarl/tbh/ford/images radar-trolley.lg.jpg
2001.09.01 21:45 B D:\TBH Temp\ford\images\radar-trolley.lg.jpg.LCK --> uts.cc.utexas.edu /usr/pub/www/research/tarl/abouttarl/tbh/ford/images radar-trolley.lg.jpg.LCK
2001.09.01 21:45 B D:\TBH Temp\ford\images\radar-trolley.sm.jpg --> uts.cc.utexas.edu /usr/pub/www/research/tarl/abouttarl/tbh/ford/images radar-trolley.sm.jpg
2001.09.01 21:45 B D:\TBH Temp\ford\images\radar-trolley.sm.jpg.LCK --> uts.cc.utexas.edu /usr/pub/www/research/tarl/abouttarl/tbh/ford/images radar-trolley.sm.jpg.LCK
2001.09.01 21:45 B D:\TBH Temp\ford\images\rip-ford-sm.gif --> uts.cc.utexas.edu /usr/pub/www/research/tarl/abouttarl/tbh/ford/images rip-ford-sm.gif
2001.09.01 21:45 B D:\TBH Temp\ford\images\rip-ford-sm.gif.LCK --> uts.cc.utexas.edu /usr/pub/www/research/tarl/abouttarl/tbh/ford/images rip-ford-sm.gif.LCK
2001.09.01 21:45 B D:\TBH Temp\ford\images\scenebigsouth.jpg --> uts.cc.utexas.edu /usr/pub/www/research/tarl/abouttarl/tbh/ford/images scenebigsouth.jpg
2001.09.01 21:45 B D:\TBH Temp\ford\images\scenebigsouth.jpg.LCK --> uts.cc.utexas.edu /usr/pub/www/research/tarl/abouttarl/tbh/ford/images scenebigsouth.jpg.LCK
2001.09.01 21:45 B D:\TBH Temp\ford\images\SM181-FIG.20-lg.jpg --> uts.cc.utexas.edu /usr/pub/www/research/tarl/abouttarl/tbh/ford/images SM181-FIG.20-lg.jpg
2001.09.01 21:45 B D:\TBH Temp\ford\images\SM181-FIG.20-lg.jpg.LCK --> uts.cc.utexas.edu /usr/pub/www/research/tarl/abouttarl/tbh/ford/images SM181-FIG.20-lg.jpg.LCK
2001.09.01 21:45 B D:\TBH Temp\ford\images\SM181-FIG.20-sm.jpg --> uts.cc.utexas.edu /usr/pub/www/research/tarl/abouttarl/tbh/ford/images SM181-FIG.20-sm.jpg
2001.09.01 21:45 B D:\TBH Temp\ford\images\SM181-FIG.20-sm.jpg.LCK --> uts.cc.utexas.edu /usr/pub/www/research/tarl/abouttarl/tbh/ford/images SM181-FIG.20-sm.jpg.LCK
2001.09.01 21:45 B D:\TBH Temp\ford\images\SM181-FIG.20.html --> uts.cc.utexas.edu /usr/pub/www/research/tarl/abouttarl/tbh/ford/images SM181-FIG.20.html
2001.09.01 21:45 B D:\TBH Temp\ford\images\SM181-FIG.20.html.LCK --> uts.cc.utexas.edu /usr/pub/www/research/tarl/abouttarl/tbh/ford/images SM181-FIG.20.html.LCK
2001.09.01 21:45 B D:\TBH Temp\ford\images\SM181-FIG.21-lg.jpg --> uts.cc.utexas.edu /usr/pub/www/research/tarl/abouttarl/tbh/ford/images SM181-FIG.21-lg.jpg
2001.09.01 21:45 B D:\TBH Temp\ford\images\SM181-FIG.21-lg.jpg.LCK --> uts.cc.utexas.edu /usr/pub/www/research/tarl/abouttarl/tbh/ford/images SM181-FIG.21-lg.jpg.LCK
2001.09.01 21:45 B D:\TBH Temp\ford\images\SM181-FIG.21-sm.jpg --> uts.cc.utexas.edu /usr/pub/www/research/tarl/abouttarl/tbh/ford/images SM181-FIG.21-sm.jpg
2001.09.01 21:45 B D:\TBH Temp\ford\images\SM181-FIG.21-sm.jpg.LCK --> uts.cc.utexas.edu /usr/pub/www/research/tarl/abouttarl/tbh/ford/images SM181-FIG.21-sm.jpg.LCK
2001.09.01 21:45 B D:\TBH Temp\ford\images\SM181-FIG.21.html --> uts.cc.utexas.edu /usr/pub/www/research/tarl/abouttarl/tbh/ford/images SM181-FIG.21.html
2001.09.01 21:45 B D:\TBH Temp\ford\images\SM181-FIG.21.html.LCK --> uts.cc.utexas.edu /usr/pub/www/research/tarl/abouttarl/tbh/ford/images SM181-FIG.21.html.LCK
2001.09.01 21:45 B D:\TBH Temp\ford\images\SM181-FIG.24-lg.jpg --> uts.cc.utexas.edu /usr/pub/www/research/tarl/abouttarl/tbh/ford/images SM181-FIG.24-lg.jpg
2001.09.01 21:45 B D:\TBH Temp\ford\images\SM181-FIG.24-lg.jpg.LCK --> uts.cc.utexas.edu /usr/pub/www/research/tarl/abouttarl/tbh/ford/images SM181-FIG.24-lg.jpg.LCK
2001.09.01 21:45 B D:\TBH Temp\ford\images\SM181-FIG.24-sm.jpg --> uts.cc.utexas.edu /usr/pub/www/research/tarl/abouttarl/tbh/ford/images SM181-FIG.24-sm.jpg
2001.09.01 21:45 B D:\TBH Temp\ford\images\SM181-FIG.24-sm.jpg.LCK --> uts.cc.utexas.edu /usr/pub/www/research/tarl/abouttarl/tbh/ford/images SM181-FIG.24-sm.jpg.LCK
2001.09.01 21:45 B D:\TBH Temp\ford\images\SM181-FIG.24.html --> uts.cc.utexas.edu /usr/pub/www/research/tarl/abouttarl/tbh/ford/images SM181-FIG.24.html
2001.09.01 21:45 B D:\TBH Temp\ford\images\SM181-FIG.24.html.LCK --> uts.cc.utexas.edu /usr/pub/www/research/tarl/abouttarl/tbh/ford/images SM181-FIG.24.html.LCK
2001.09.01 21:45 B D:\TBH Temp\ford\images\SM181-FIG.60-lg.jpg --> uts.cc.utexas.edu /usr/pub/www/research/tarl/abouttarl/tbh/ford/images SM181-FIG.60-lg.jpg
2001.09.01 21:45 B D:\TBH Temp\ford\images\SM181-FIG.60-lg.jpg.LCK --> uts.cc.utexas.edu /usr/pub/www/research/tarl/abouttarl/tbh/ford/images SM181-FIG.60-lg.jpg.LCK
2001.09.01 21:45 B D:\TBH Temp\ford\images\SM181-FIG.60-sm.jpg --> uts.cc.utexas.edu /usr/pub/www/research/tarl/abouttarl/tbh/ford/images SM181-FIG.60-sm.jpg
2001.09.01 21:45 B D:\TBH Temp\ford\images\SM181-FIG.60-sm.jpg.LCK --> uts.cc.utexas.edu /usr/pub/www/research/tarl/abouttarl/tbh/ford/images SM181-FIG.60-sm.jpg.LCK
2001.09.01 21:45 B D:\TBH Temp\ford\images\SM181-FIG.60.html --> uts.cc.utexas.edu /usr/pub/www/research/tarl/abouttarl/tbh/ford/images SM181-FIG.60.html
2001.09.01 21:45 B D:\TBH Temp\ford\images\SM181-FIG.60.html.LCK --> uts.cc.utexas.edu /usr/pub/www/research/tarl/abouttarl/tbh/ford/images SM181-FIG.60.html.LCK
2001.09.01 21:45 B D:\TBH Temp\ford\images\SM181-FIG.62-lg.jpg --> uts.cc.utexas.edu /usr/pub/www/research/tarl/abouttarl/tbh/ford/images SM181-FIG.62-lg.jpg
2001.09.01 21:45 B D:\TBH Temp\ford\images\SM181-FIG.62-lg.jpg.LCK --> uts.cc.utexas.edu /usr/pub/www/research/tarl/abouttarl/tbh/ford/images SM181-FIG.62-lg.jpg.LCK
2001.09.01 21:45 B D:\TBH Temp\ford\images\SM181-FIG.62-sm.jpg --> uts.cc.utexas.edu /usr/pub/www/research/tarl/abouttarl/tbh/ford/images SM181-FIG.62-sm.jpg
2001.09.01 21:45 B D:\TBH Temp\ford\images\SM181-FIG.62-sm.jpg.LCK --> uts.cc.utexas.edu /usr/pub/www/research/tarl/abouttarl/tbh/ford/images SM181-FIG.62-sm.jpg.LCK
2001.09.01 21:45 B D:\TBH Temp\ford\images\SM181-FIG.62.html --> uts.cc.utexas.edu /usr/pub/www/research/tarl/abouttarl/tbh/ford/images SM181-FIG.62.html
2001.09.01 21:45 B D:\TBH Temp\ford\images\SM181-FIG.62.html.LCK --> uts.cc.utexas.edu /usr/pub/www/research/tarl/abouttarl/tbh/ford/images SM181-FIG.62.html.LCK
2001.09.01 21:46 B D:\TBH Temp\ford\images\smith.gif --> uts.cc.utexas.edu /usr/pub/www/research/tarl/abouttarl/tbh/ford/images smith.gif
2001.09.01 21:46 B D:\TBH Temp\ford\images\smith.gif.LCK --> uts.cc.utexas.edu /usr/pub/www/research/tarl/abouttarl/tbh/ford/images smith.gif.LCK
2001.09.01 21:46 B D:\TBH Temp\ford\images\soldiers-lg.jpg --> uts.cc.utexas.edu /usr/pub/www/research/tarl/abouttarl/tbh/ford/images soldiers-lg.jpg
2001.09.01 21:46 B D:\TBH Temp\ford\images\soldiers-lg.jpg.LCK --> uts.cc.utexas.edu /usr/pub/www/research/tarl/abouttarl/tbh/ford/images soldiers-lg.jpg.LCK
2001.09.01 21:46 B D:\TBH Temp\ford\images\soldiers-sm.jpg --> uts.cc.utexas.edu /usr/pub/www/research/tarl/abouttarl/tbh/ford/images soldiers-sm.jpg
2001.09.01 21:46 B D:\TBH Temp\ford\images\soldiers-sm.jpg.LCK --> uts.cc.utexas.edu /usr/pub/www/research/tarl/abouttarl/tbh/ford/images soldiers-sm.jpg.LCK
2001.09.01 21:46 B D:\TBH Temp\ford\images\soldiers.html --> uts.cc.utexas.edu /usr/pub/www/research/tarl/abouttarl/tbh/ford/images soldiers.html
2001.09.01 21:46 B D:\TBH Temp\ford\images\soldiers.html.LCK --> uts.cc.utexas.edu /usr/pub/www/research/tarl/abouttarl/tbh/ford/images soldiers.html.LCK
2001.09.01 21:46 B D:\TBH Temp\ford\images\spring.html --> uts.cc.utexas.edu /usr/pub/www/research/tarl/abouttarl/tbh/ford/images spring.html
2001.09.01 21:46 B D:\TBH Temp\ford\images\spring.html.LCK --> uts.cc.utexas.edu /usr/pub/www/research/tarl/abouttarl/tbh/ford/images spring.html.LCK
2001.09.01 21:46 B D:\TBH Temp\ford\images\spring.lg.jpg --> uts.cc.utexas.edu /usr/pub/www/research/tarl/abouttarl/tbh/ford/images spring.lg.jpg
2001.09.01 21:46 B D:\TBH Temp\ford\images\spring.lg.jpg.LCK --> uts.cc.utexas.edu /usr/pub/www/research/tarl/abouttarl/tbh/ford/images spring.lg.jpg.LCK
2001.09.01 21:46 B D:\TBH Temp\ford\images\spring.sm.jpg --> uts.cc.utexas.edu /usr/pub/www/research/tarl/abouttarl/tbh/ford/images spring.sm.jpg
2001.09.01 21:46 B D:\TBH Temp\ford\images\spring.sm.jpg.LCK --> uts.cc.utexas.edu /usr/pub/www/research/tarl/abouttarl/tbh/ford/images spring.sm.jpg.LCK
2001.09.04 15:20 B M:\Website Stuff\ford\images\WS_FTP.LOG <-- TARLweb /usr/pub/www/research/tarl/abouttarl/tbh/ford/images WS_FTP.LOG
2001.09.04 16:23 B C:\WINDOWS\Desktop\TBH\TBH on TEXsite\ford\images\WS_FTP.LOG <-- TARL /Website Stuff/ford/images WS_FTP.LOG
2001.10.01 22:16 B C:\WINDOWS\Desktop\TBH\Recent\ford\images\b-w-scenebigsouth.html --> uts.cc.utexas.edu /export/httpd/vhosts/texasbeyondhistory/data/ford/images b-w-scenebigsouth.html
2001.10.01 22:16 B C:\WINDOWS\Desktop\TBH\Recent\ford\images\b-w-scenebigsouth.html.LCK.LCK --> uts.cc.utexas.edu /export/httpd/vhosts/texasbeyondhistory/data/ford/images b-w-scenebigsouth.html.LCK.LCK
2001.10.01 22:16 B C:\WINDOWS\Desktop\TBH\Recent\ford\images\b-w-scenebigsouth.lg.jpg --> uts.cc.utexas.edu /export/httpd/vhosts/texasbeyondhistory/data/ford/images b-w-scenebigsouth.lg.jpg
2001.10.01 22:16 B C:\WINDOWS\Desktop\TBH\Recent\ford\images\b-w-scenebigsouth.lg.jpg.LC.LCK --> uts.cc.utexas.edu /export/httpd/vhosts/texasbeyondhistory/data/ford/images b-w-scenebigsouth.lg.jpg.LC.LCK
2001.10.01 22:16 B C:\WINDOWS\Desktop\TBH\Recent\ford\images\b-w-scenebigsouth.sm.jpg --> uts.cc.utexas.edu /export/httpd/vhosts/texasbeyondhistory/data/ford/images b-w-scenebigsouth.sm.jpg
2001.10.01 22:16 B C:\WINDOWS\Desktop\TBH\Recent\ford\images\b-w-scenebigsouth.sm.jpg.LC.LCK --> uts.cc.utexas.edu /export/httpd/vhosts/texasbeyondhistory/data/ford/images b-w-scenebigsouth.sm.jpg.LC.LCK
2001.10.01 22:17 B C:\WINDOWS\Desktop\TBH\Recent\ford\images\excavation-latrine-main.jpg --> uts.cc.utexas.edu /export/httpd/vhosts/texasbeyondhistory/data/ford/images excavation-latrine-main.jpg
2001.10.01 22:17 B C:\WINDOWS\Desktop\TBH\Recent\ford\images\excavation-latrine.html --> uts.cc.utexas.edu /export/httpd/vhosts/texasbeyondhistory/data/ford/images excavation-latrine.html
2001.10.01 22:17 B C:\WINDOWS\Desktop\TBH\Recent\ford\images\excavation-latrine.html.LCK.LCK --> uts.cc.utexas.edu /export/httpd/vhosts/texasbeyondhistory/data/ford/images excavation-latrine.html.LCK.LCK
2001.10.01 22:17 B C:\WINDOWS\Desktop\TBH\Recent\ford\images\excavation-latrine.lg.jpg --> uts.cc.utexas.edu /export/httpd/vhosts/texasbeyondhistory/data/ford/images excavation-latrine.lg.jpg
2001.10.01 22:17 B C:\WINDOWS\Desktop\TBH\Recent\ford\images\excavation-latrine.lg.jpg.L.LCK --> uts.cc.utexas.edu /export/httpd/vhosts/texasbeyondhistory/data/ford/images excavation-latrine.lg.jpg.L.LCK
2001.10.01 22:17 B C:\WINDOWS\Desktop\TBH\Recent\ford\images\excavation-latrine.sm.jpg --> uts.cc.utexas.edu /export/httpd/vhosts/texasbeyondhistory/data/ford/images excavation-latrine.sm.jpg
2001.10.01 22:17 B C:\WINDOWS\Desktop\TBH\Recent\ford\images\excavation-latrine.sm.jpg.L.LCK --> uts.cc.utexas.edu /export/httpd/vhosts/texasbeyondhistory/data/ford/images excavation-latrine.sm.jpg.L.LCK
2001.10.01 22:17 B C:\WINDOWS\Desktop\TBH\Recent\ford\images\Fig. 23-lg.jpg --> uts.cc.utexas.edu /export/httpd/vhosts/texasbeyondhistory/data/ford/images Fig. 23-lg.jpg
2001.10.01 22:17 B C:\WINDOWS\Desktop\TBH\Recent\ford\images\Fig. 23-lg.jpg.LCK.LCK --> uts.cc.utexas.edu /export/httpd/vhosts/texasbeyondhistory/data/ford/images Fig. 23-lg.jpg.LCK.LCK
2001.10.01 22:17 B C:\WINDOWS\Desktop\TBH\Recent\ford\images\Fig. 23-sm.jpg --> uts.cc.utexas.edu /export/httpd/vhosts/texasbeyondhistory/data/ford/images Fig. 23-sm.jpg
2001.10.01 22:17 B C:\WINDOWS\Desktop\TBH\Recent\ford\images\Fig. 23-sm.jpg.LCK.LCK --> uts.cc.utexas.edu /export/httpd/vhosts/texasbeyondhistory/data/ford/images Fig. 23-sm.jpg.LCK.LCK
2001.10.01 22:17 B C:\WINDOWS\Desktop\TBH\Recent\ford\images\Fig. 23.html --> uts.cc.utexas.edu /export/httpd/vhosts/texasbeyondhistory/data/ford/images Fig. 23.html
2001.10.01 22:17 B C:\WINDOWS\Desktop\TBH\Recent\ford\images\Fig. 23.html.LCK.LCK --> uts.cc.utexas.edu /export/httpd/vhosts/texasbeyondhistory/data/ford/images Fig. 23.html.LCK.LCK
2001.10.01 22:18 B C:\WINDOWS\Desktop\TBH\Recent\ford\images\Harpers-color-main.jpg --> uts.cc.utexas.edu /export/httpd/vhosts/texasbeyondhistory/data/ford/images Harpers-color-main.jpg
2001.10.01 22:18 B C:\WINDOWS\Desktop\TBH\Recent\ford\images\Harpers-color-main.jpg.LCK.LCK --> uts.cc.utexas.edu /export/httpd/vhosts/texasbeyondhistory/data/ford/images Harpers-color-main.jpg.LCK.LCK
2001.10.01 22:18 B C:\WINDOWS\Desktop\TBH\Recent\ford\images\Harpers-color-MEN.sm.jpg --> uts.cc.utexas.edu /export/httpd/vhosts/texasbeyondhistory/data/ford/images Harpers-color-MEN.sm.jpg
2001.10.01 22:18 B C:\WINDOWS\Desktop\TBH\Recent\ford\images\Harpers-color-MEN.sm.jpg.LC.LCK --> uts.cc.utexas.edu /export/httpd/vhosts/texasbeyondhistory/data/ford/images Harpers-color-MEN.sm.jpg.LC.LCK
2001.10.01 22:18 B C:\WINDOWS\Desktop\TBH\Recent\ford\images\Harpers-color.CROP.sm.jpg --> uts.cc.utexas.edu /export/httpd/vhosts/texasbeyondhistory/data/ford/images Harpers-color.CROP.sm.jpg
2001.10.01 22:18 B C:\WINDOWS\Desktop\TBH\Recent\ford\images\Harpers-color.CROP.sm.jpg.L.LCK --> uts.cc.utexas.edu /export/httpd/vhosts/texasbeyondhistory/data/ford/images Harpers-color.CROP.sm.jpg.L.LCK
2001.10.01 22:18 B C:\WINDOWS\Desktop\TBH\Recent\ford\images\Harpers-color.html --> uts.cc.utexas.edu /export/httpd/vhosts/texasbeyondhistory/data/ford/images Harpers-color.html
2001.10.01 22:18 B C:\WINDOWS\Desktop\TBH\Recent\ford\images\Harpers-color.html.LCK.LCK --> uts.cc.utexas.edu /export/httpd/vhosts/texasbeyondhistory/data/ford/images Harpers-color.html.LCK.LCK
2001.10.01 22:18 B C:\WINDOWS\Desktop\TBH\Recent\ford\images\Harpers-color.lg.jpg --> uts.cc.utexas.edu /export/httpd/vhosts/texasbeyondhistory/data/ford/images Harpers-color.lg.jpg
2001.10.01 22:18 B C:\WINDOWS\Desktop\TBH\Recent\ford\images\Harpers-color.lg.jpg.LCK.LCK --> uts.cc.utexas.edu /export/httpd/vhosts/texasbeyondhistory/data/ford/images Harpers-color.lg.jpg.LCK.LCK
2001.10.01 22:18 B C:\WINDOWS\Desktop\TBH\Recent\ford\images\hiway.html --> uts.cc.utexas.edu /export/httpd/vhosts/texasbeyondhistory/data/ford/images hiway.html
2001.10.01 22:18 B C:\WINDOWS\Desktop\TBH\Recent\ford\images\hiway.html.LCK.LCK --> uts.cc.utexas.edu /export/httpd/vhosts/texasbeyondhistory/data/ford/images hiway.html.LCK.LCK
2001.10.01 22:18 B C:\WINDOWS\Desktop\TBH\Recent\ford\images\hiway.lg.jpg --> uts.cc.utexas.edu /export/httpd/vhosts/texasbeyondhistory/data/ford/images hiway.lg.jpg
2001.10.01 22:18 B C:\WINDOWS\Desktop\TBH\Recent\ford\images\hiway.lg.jpg.LCK.LCK --> uts.cc.utexas.edu /export/httpd/vhosts/texasbeyondhistory/data/ford/images hiway.lg.jpg.LCK.LCK
2001.10.01 22:18 B C:\WINDOWS\Desktop\TBH\Recent\ford\images\hiway.sm.jpg --> uts.cc.utexas.edu /export/httpd/vhosts/texasbeyondhistory/data/ford/images hiway.sm.jpg
2001.10.01 22:18 B C:\WINDOWS\Desktop\TBH\Recent\ford\images\hiway.sm.jpg.LCK.LCK --> uts.cc.utexas.edu /export/httpd/vhosts/texasbeyondhistory/data/ford/images hiway.sm.jpg.LCK.LCK
2001.10.01 22:18 B C:\WINDOWS\Desktop\TBH\Recent\ford\images\latrine.html --> uts.cc.utexas.edu /export/httpd/vhosts/texasbeyondhistory/data/ford/images latrine.html
2001.10.01 22:18 B C:\WINDOWS\Desktop\TBH\Recent\ford\images\latrine.html.LCK.LCK --> uts.cc.utexas.edu /export/httpd/vhosts/texasbeyondhistory/data/ford/images latrine.html.LCK.LCK
2001.10.01 22:19 B C:\WINDOWS\Desktop\TBH\Recent\ford\images\latrine.lg.jpg --> uts.cc.utexas.edu /export/httpd/vhosts/texasbeyondhistory/data/ford/images latrine.lg.jpg
2001.10.01 22:19 B C:\WINDOWS\Desktop\TBH\Recent\ford\images\latrine.lg.jpg.LCK.LCK --> uts.cc.utexas.edu /export/httpd/vhosts/texasbeyondhistory/data/ford/images latrine.lg.jpg.LCK.LCK
2001.10.01 22:19 B C:\WINDOWS\Desktop\TBH\Recent\ford\images\latrine.sm.jpg --> uts.cc.utexas.edu /export/httpd/vhosts/texasbeyondhistory/data/ford/images latrine.sm.jpg
2001.10.01 22:19 B C:\WINDOWS\Desktop\TBH\Recent\ford\images\latrine.sm.jpg.LCK.LCK --> uts.cc.utexas.edu /export/httpd/vhosts/texasbeyondhistory/data/ford/images latrine.sm.jpg.LCK.LCK
2001.10.01 22:19 B C:\WINDOWS\Desktop\TBH\Recent\ford\images\lee.gif --> uts.cc.utexas.edu /export/httpd/vhosts/texasbeyondhistory/data/ford/images lee.gif
2001.10.01 22:19 B C:\WINDOWS\Desktop\TBH\Recent\ford\images\lee.gif.LCK.LCK --> uts.cc.utexas.edu /export/httpd/vhosts/texasbeyondhistory/data/ford/images lee.gif.LCK.LCK
2001.10.01 22:19 B C:\WINDOWS\Desktop\TBH\Recent\ford\images\lee2.gif --> uts.cc.utexas.edu /export/httpd/vhosts/texasbeyondhistory/data/ford/images lee2.gif
2001.10.01 22:19 B C:\WINDOWS\Desktop\TBH\Recent\ford\images\marker.html --> uts.cc.utexas.edu /export/httpd/vhosts/texasbeyondhistory/data/ford/images marker.html
2001.10.01 22:19 B C:\WINDOWS\Desktop\TBH\Recent\ford\images\marker.html.LCK.LCK --> uts.cc.utexas.edu /export/httpd/vhosts/texasbeyondhistory/data/ford/images marker.html.LCK.LCK
2001.10.01 22:19 B C:\WINDOWS\Desktop\TBH\Recent\ford\images\marker.lg.jpg --> uts.cc.utexas.edu /export/httpd/vhosts/texasbeyondhistory/data/ford/images marker.lg.jpg
2001.10.01 22:19 B C:\WINDOWS\Desktop\TBH\Recent\ford\images\marker.lg.jpg.LCK.LCK --> uts.cc.utexas.edu /export/httpd/vhosts/texasbeyondhistory/data/ford/images marker.lg.jpg.LCK.LCK
2001.10.01 22:19 B C:\WINDOWS\Desktop\TBH\Recent\ford\images\marker.sm.jpg --> uts.cc.utexas.edu /export/httpd/vhosts/texasbeyondhistory/data/ford/images marker.sm.jpg
2001.10.01 22:19 B C:\WINDOWS\Desktop\TBH\Recent\ford\images\marker.sm.jpg.LCK.LCK --> uts.cc.utexas.edu /export/httpd/vhosts/texasbeyondhistory/data/ford/images marker.sm.jpg.LCK.LCK
2001.10.01 22:19 B C:\WINDOWS\Desktop\TBH\Recent\ford\images\radar-printout.html --> uts.cc.utexas.edu /export/httpd/vhosts/texasbeyondhistory/data/ford/images radar-printout.html
2001.10.01 22:19 B C:\WINDOWS\Desktop\TBH\Recent\ford\images\radar-printout.html.LCK.LCK --> uts.cc.utexas.edu /export/httpd/vhosts/texasbeyondhistory/data/ford/images radar-printout.html.LCK.LCK
2001.10.01 22:19 B C:\WINDOWS\Desktop\TBH\Recent\ford\images\radar-printout.lg.jpg --> uts.cc.utexas.edu /export/httpd/vhosts/texasbeyondhistory/data/ford/images radar-printout.lg.jpg
2001.10.01 22:19 B C:\WINDOWS\Desktop\TBH\Recent\ford\images\radar-printout.lg.jpg.LCK.LCK --> uts.cc.utexas.edu /export/httpd/vhosts/texasbeyondhistory/data/ford/images radar-printout.lg.jpg.LCK.LCK
2001.10.01 22:19 B C:\WINDOWS\Desktop\TBH\Recent\ford\images\radar-printout.sm.jpg --> uts.cc.utexas.edu /export/httpd/vhosts/texasbeyondhistory/data/ford/images radar-printout.sm.jpg
2001.10.01 22:19 B C:\WINDOWS\Desktop\TBH\Recent\ford\images\radar-printout.sm.jpg.LCK.LCK --> uts.cc.utexas.edu /export/httpd/vhosts/texasbeyondhistory/data/ford/images radar-printout.sm.jpg.LCK.LCK
2001.10.01 22:19 B C:\WINDOWS\Desktop\TBH\Recent\ford\images\radar-trolley.html --> uts.cc.utexas.edu /export/httpd/vhosts/texasbeyondhistory/data/ford/images radar-trolley.html
2001.10.01 22:19 B C:\WINDOWS\Desktop\TBH\Recent\ford\images\radar-trolley.html.LCK.LCK --> uts.cc.utexas.edu /export/httpd/vhosts/texasbeyondhistory/data/ford/images radar-trolley.html.LCK.LCK
2001.10.01 22:20 B C:\WINDOWS\Desktop\TBH\Recent\ford\images\radar-trolley.lg.jpg --> uts.cc.utexas.edu /export/httpd/vhosts/texasbeyondhistory/data/ford/images radar-trolley.lg.jpg
2001.10.01 22:20 B C:\WINDOWS\Desktop\TBH\Recent\ford\images\radar-trolley.lg.jpg.LCK.LCK --> uts.cc.utexas.edu /export/httpd/vhosts/texasbeyondhistory/data/ford/images radar-trolley.lg.jpg.LCK.LCK
2001.10.01 22:20 B C:\WINDOWS\Desktop\TBH\Recent\ford\images\radar-trolley.sm.jpg --> uts.cc.utexas.edu /export/httpd/vhosts/texasbeyondhistory/data/ford/images radar-trolley.sm.jpg
2001.10.01 22:20 B C:\WINDOWS\Desktop\TBH\Recent\ford\images\radar-trolley.sm.jpg.LCK.LCK --> uts.cc.utexas.edu /export/httpd/vhosts/texasbeyondhistory/data/ford/images radar-trolley.sm.jpg.LCK.LCK
2001.10.01 22:20 B C:\WINDOWS\Desktop\TBH\Recent\ford\images\rip-ford-sm.gif --> uts.cc.utexas.edu /export/httpd/vhosts/texasbeyondhistory/data/ford/images rip-ford-sm.gif
2001.10.01 22:20 B C:\WINDOWS\Desktop\TBH\Recent\ford\images\rip-ford-sm.gif.LCK.LCK --> uts.cc.utexas.edu /export/httpd/vhosts/texasbeyondhistory/data/ford/images rip-ford-sm.gif.LCK.LCK
2001.10.01 22:20 B C:\WINDOWS\Desktop\TBH\Recent\ford\images\scenebigsouth.jpg --> uts.cc.utexas.edu /export/httpd/vhosts/texasbeyondhistory/data/ford/images scenebigsouth.jpg
2001.10.01 22:20 B C:\WINDOWS\Desktop\TBH\Recent\ford\images\scenebigsouth.jpg.LCK.LCK --> uts.cc.utexas.edu /export/httpd/vhosts/texasbeyondhistory/data/ford/images scenebigsouth.jpg.LCK.LCK
2001.10.01 22:20 B C:\WINDOWS\Desktop\TBH\Recent\ford\images\SM181-FIG.20-lg.jpg --> uts.cc.utexas.edu /export/httpd/vhosts/texasbeyondhistory/data/ford/images SM181-FIG.20-lg.jpg
2001.10.01 22:20 B C:\WINDOWS\Desktop\TBH\Recent\ford\images\SM181-FIG.20-lg.jpg.LCK.LCK --> uts.cc.utexas.edu /export/httpd/vhosts/texasbeyondhistory/data/ford/images SM181-FIG.20-lg.jpg.LCK.LCK
2001.10.01 22:20 B C:\WINDOWS\Desktop\TBH\Recent\ford\images\SM181-FIG.20-sm.jpg --> uts.cc.utexas.edu /export/httpd/vhosts/texasbeyondhistory/data/ford/images SM181-FIG.20-sm.jpg
2001.10.01 22:20 B C:\WINDOWS\Desktop\TBH\Recent\ford\images\SM181-FIG.20-sm.jpg.LCK.LCK --> uts.cc.utexas.edu /export/httpd/vhosts/texasbeyondhistory/data/ford/images SM181-FIG.20-sm.jpg.LCK.LCK
2001.10.01 22:20 B C:\WINDOWS\Desktop\TBH\Recent\ford\images\SM181-FIG.20.html --> uts.cc.utexas.edu /export/httpd/vhosts/texasbeyondhistory/data/ford/images SM181-FIG.20.html
2001.10.01 22:20 B C:\WINDOWS\Desktop\TBH\Recent\ford\images\SM181-FIG.20.html.LCK.LCK --> uts.cc.utexas.edu /export/httpd/vhosts/texasbeyondhistory/data/ford/images SM181-FIG.20.html.LCK.LCK
2001.10.01 22:21 B C:\WINDOWS\Desktop\TBH\Recent\ford\images\SM181-FIG.21-lg.jpg --> uts.cc.utexas.edu /export/httpd/vhosts/texasbeyondhistory/data/ford/images SM181-FIG.21-lg.jpg
2001.10.01 22:21 B C:\WINDOWS\Desktop\TBH\Recent\ford\images\SM181-FIG.21-lg.jpg.LCK.LCK --> uts.cc.utexas.edu /export/httpd/vhosts/texasbeyondhistory/data/ford/images SM181-FIG.21-lg.jpg.LCK.LCK
2001.10.01 22:21 B C:\WINDOWS\Desktop\TBH\Recent\ford\images\SM181-FIG.21-sm.jpg --> uts.cc.utexas.edu /export/httpd/vhosts/texasbeyondhistory/data/ford/images SM181-FIG.21-sm.jpg
2001.10.01 22:21 B C:\WINDOWS\Desktop\TBH\Recent\ford\images\SM181-FIG.21-sm.jpg.LCK.LCK --> uts.cc.utexas.edu /export/httpd/vhosts/texasbeyondhistory/data/ford/images SM181-FIG.21-sm.jpg.LCK.LCK
2001.10.01 22:21 B C:\WINDOWS\Desktop\TBH\Recent\ford\images\SM181-FIG.21.html --> uts.cc.utexas.edu /export/httpd/vhosts/texasbeyondhistory/data/ford/images SM181-FIG.21.html
2001.10.01 22:21 B C:\WINDOWS\Desktop\TBH\Recent\ford\images\SM181-FIG.21.html.LCK.LCK --> uts.cc.utexas.edu /export/httpd/vhosts/texasbeyondhistory/data/ford/images SM181-FIG.21.html.LCK.LCK
2001.10.01 22:21 B C:\WINDOWS\Desktop\TBH\Recent\ford\images\SM181-FIG.24-lg.jpg --> uts.cc.utexas.edu /export/httpd/vhosts/texasbeyondhistory/data/ford/images SM181-FIG.24-lg.jpg
2001.10.01 22:21 B C:\WINDOWS\Desktop\TBH\Recent\ford\images\SM181-FIG.24-lg.jpg.LCK.LCK --> uts.cc.utexas.edu /export/httpd/vhosts/texasbeyondhistory/data/ford/images SM181-FIG.24-lg.jpg.LCK.LCK
2001.10.01 22:21 B C:\WINDOWS\Desktop\TBH\Recent\ford\images\SM181-FIG.24-sm.jpg --> uts.cc.utexas.edu /export/httpd/vhosts/texasbeyondhistory/data/ford/images SM181-FIG.24-sm.jpg
2001.10.01 22:21 B C:\WINDOWS\Desktop\TBH\Recent\ford\images\SM181-FIG.24-sm.jpg.LCK.LCK --> uts.cc.utexas.edu /export/httpd/vhosts/texasbeyondhistory/data/ford/images SM181-FIG.24-sm.jpg.LCK.LCK
2001.10.01 22:21 B C:\WINDOWS\Desktop\TBH\Recent\ford\images\SM181-FIG.24.html --> uts.cc.utexas.edu /export/httpd/vhosts/texasbeyondhistory/data/ford/images SM181-FIG.24.html
2001.10.01 22:21 B C:\WINDOWS\Desktop\TBH\Recent\ford\images\SM181-FIG.24.html.LCK.LCK --> uts.cc.utexas.edu /export/httpd/vhosts/texasbeyondhistory/data/ford/images SM181-FIG.24.html.LCK.LCK
2001.10.01 22:21 B C:\WINDOWS\Desktop\TBH\Recent\ford\images\SM181-FIG.60-lg.jpg --> uts.cc.utexas.edu /export/httpd/vhosts/texasbeyondhistory/data/ford/images SM181-FIG.60-lg.jpg
2001.10.01 22:21 B C:\WINDOWS\Desktop\TBH\Recent\ford\images\SM181-FIG.60-lg.jpg.LCK.LCK --> uts.cc.utexas.edu /export/httpd/vhosts/texasbeyondhistory/data/ford/images SM181-FIG.60-lg.jpg.LCK.LCK
2001.10.01 22:21 B C:\WINDOWS\Desktop\TBH\Recent\ford\images\SM181-FIG.60-sm.jpg --> uts.cc.utexas.edu /export/httpd/vhosts/texasbeyondhistory/data/ford/images SM181-FIG.60-sm.jpg
2001.10.01 22:21 B C:\WINDOWS\Desktop\TBH\Recent\ford\images\SM181-FIG.60-sm.jpg.LCK.LCK --> uts.cc.utexas.edu /export/httpd/vhosts/texasbeyondhistory/data/ford/images SM181-FIG.60-sm.jpg.LCK.LCK
2001.10.01 22:21 B C:\WINDOWS\Desktop\TBH\Recent\ford\images\SM181-FIG.60.html --> uts.cc.utexas.edu /export/httpd/vhosts/texasbeyondhistory/data/ford/images SM181-FIG.60.html
2001.10.01 22:21 B C:\WINDOWS\Desktop\TBH\Recent\ford\images\SM181-FIG.60.html.LCK.LCK --> uts.cc.utexas.edu /export/httpd/vhosts/texasbeyondhistory/data/ford/images SM181-FIG.60.html.LCK.LCK
2001.10.01 22:21 B C:\WINDOWS\Desktop\TBH\Recent\ford\images\SM181-FIG.62-lg.jpg --> uts.cc.utexas.edu /export/httpd/vhosts/texasbeyondhistory/data/ford/images SM181-FIG.62-lg.jpg
2001.10.01 22:21 B C:\WINDOWS\Desktop\TBH\Recent\ford\images\SM181-FIG.62-lg.jpg.LCK.LCK --> uts.cc.utexas.edu /export/httpd/vhosts/texasbeyondhistory/data/ford/images SM181-FIG.62-lg.jpg.LCK.LCK
2001.10.01 22:21 B C:\WINDOWS\Desktop\TBH\Recent\ford\images\SM181-FIG.62-sm.jpg --> uts.cc.utexas.edu /export/httpd/vhosts/texasbeyondhistory/data/ford/images SM181-FIG.62-sm.jpg
2001.10.01 22:21 B C:\WINDOWS\Desktop\TBH\Recent\ford\images\SM181-FIG.62-sm.jpg.LCK.LCK --> uts.cc.utexas.edu /export/httpd/vhosts/texasbeyondhistory/data/ford/images SM181-FIG.62-sm.jpg.LCK.LCK
2001.10.01 22:21 B C:\WINDOWS\Desktop\TBH\Recent\ford\images\SM181-FIG.62.html --> uts.cc.utexas.edu /export/httpd/vhosts/texasbeyondhistory/data/ford/images SM181-FIG.62.html
2001.10.01 22:21 B C:\WINDOWS\Desktop\TBH\Recent\ford\images\SM181-FIG.62.html.LCK.LCK --> uts.cc.utexas.edu /export/httpd/vhosts/texasbeyondhistory/data/ford/images SM181-FIG.62.html.LCK.LCK
2001.10.01 22:22 B C:\WINDOWS\Desktop\TBH\Recent\ford\images\smith.gif --> uts.cc.utexas.edu /export/httpd/vhosts/texasbeyondhistory/data/ford/images smith.gif
2001.10.01 22:22 B C:\WINDOWS\Desktop\TBH\Recent\ford\images\smith.gif.LCK.LCK --> uts.cc.utexas.edu /export/httpd/vhosts/texasbeyondhistory/data/ford/images smith.gif.LCK.LCK
2001.10.01 22:22 B C:\WINDOWS\Desktop\TBH\Recent\ford\images\soldiers-lg.jpg --> uts.cc.utexas.edu /export/httpd/vhosts/texasbeyondhistory/data/ford/images soldiers-lg.jpg
2001.10.01 22:22 B C:\WINDOWS\Desktop\TBH\Recent\ford\images\soldiers-lg.jpg.LCK.LCK --> uts.cc.utexas.edu /export/httpd/vhosts/texasbeyondhistory/data/ford/images soldiers-lg.jpg.LCK.LCK
2001.10.01 22:22 B C:\WINDOWS\Desktop\TBH\Recent\ford\images\soldiers-sm.jpg --> uts.cc.utexas.edu /export/httpd/vhosts/texasbeyondhistory/data/ford/images soldiers-sm.jpg
2001.10.01 22:22 B C:\WINDOWS\Desktop\TBH\Recent\ford\images\soldiers-sm.jpg.LCK.LCK --> uts.cc.utexas.edu /export/httpd/vhosts/texasbeyondhistory/data/ford/images soldiers-sm.jpg.LCK.LCK
2001.10.01 22:22 B C:\WINDOWS\Desktop\TBH\Recent\ford\images\soldiers.html --> uts.cc.utexas.edu /export/httpd/vhosts/texasbeyondhistory/data/ford/images soldiers.html
2001.10.01 22:22 B C:\WINDOWS\Desktop\TBH\Recent\ford\images\soldiers.html.LCK.LCK --> uts.cc.utexas.edu /export/httpd/vhosts/texasbeyondhistory/data/ford/images soldiers.html.LCK.LCK
2001.10.01 22:22 B C:\WINDOWS\Desktop\TBH\Recent\ford\images\spring.html --> uts.cc.utexas.edu /export/httpd/vhosts/texasbeyondhistory/data/ford/images spring.html
2001.10.01 22:22 B C:\WINDOWS\Desktop\TBH\Recent\ford\images\spring.html.LCK.LCK --> uts.cc.utexas.edu /export/httpd/vhosts/texasbeyondhistory/data/ford/images spring.html.LCK.LCK
2001.10.01 22:23 B C:\WINDOWS\Desktop\TBH\Recent\ford\images\spring.lg.jpg --> uts.cc.utexas.edu /export/httpd/vhosts/texasbeyondhistory/data/ford/images spring.lg.jpg
2001.10.01 22:23 B C:\WINDOWS\Desktop\TBH\Recent\ford\images\spring.lg.jpg.LCK.LCK --> uts.cc.utexas.edu /export/httpd/vhosts/texasbeyondhistory/data/ford/images spring.lg.jpg.LCK.LCK
2001.10.01 22:23 B C:\WINDOWS\Desktop\TBH\Recent\ford\images\spring.sm.jpg --> uts.cc.utexas.edu /export/httpd/vhosts/texasbeyondhistory/data/ford/images spring.sm.jpg
2001.10.01 22:23 B C:\WINDOWS\Desktop\TBH\Recent\ford\images\spring.sm.jpg.LCK.LCK --> uts.cc.utexas.edu /export/httpd/vhosts/texasbeyondhistory/data/ford/images spring.sm.jpg.LCK.LCK
