2006.09.08 13:12 B L:\TBH Website Temp\st-plains\peoples\images\arrowbig.gif --> uts.cc.utexas.edu /export/httpd/vhosts/texasbeyondhistory/data/protect/st-plains/peoples/images arrowbig.gif
2006.09.08 13:13 B L:\TBH Website Temp\st-plains\peoples\images\berlandier-comanche-sm.jpg --> uts.cc.utexas.edu /export/httpd/vhosts/texasbeyondhistory/data/protect/st-plains/peoples/images berlandier-comanche-sm.jpg
2006.09.08 13:13 B L:\TBH Website Temp\st-plains\peoples\images\berlandier-comanche.html --> uts.cc.utexas.edu /export/httpd/vhosts/texasbeyondhistory/data/protect/st-plains/peoples/images berlandier-comanche.html
2006.09.08 13:13 B L:\TBH Website Temp\st-plains\peoples\images\berlandier-comanche.jpg --> uts.cc.utexas.edu /export/httpd/vhosts/texasbeyondhistory/data/protect/st-plains/peoples/images berlandier-comanche.jpg
2006.09.08 13:13 B L:\TBH Website Temp\st-plains\peoples\images\berlandier-tonkawa-sm.jpg --> uts.cc.utexas.edu /export/httpd/vhosts/texasbeyondhistory/data/protect/st-plains/peoples/images berlandier-tonkawa-sm.jpg
2006.09.08 13:13 B L:\TBH Website Temp\st-plains\peoples\images\berlandier-tonkawa.html --> uts.cc.utexas.edu /export/httpd/vhosts/texasbeyondhistory/data/protect/st-plains/peoples/images berlandier-tonkawa.html
2006.09.08 13:13 B L:\TBH Website Temp\st-plains\peoples\images\berlandier-tonkawa.jpg --> uts.cc.utexas.edu /export/httpd/vhosts/texasbeyondhistory/data/protect/st-plains/peoples/images berlandier-tonkawa.jpg
2006.09.08 13:13 B L:\TBH Website Temp\st-plains\peoples\images\border.jpg --> uts.cc.utexas.edu /export/httpd/vhosts/texasbeyondhistory/data/protect/st-plains/peoples/images border.jpg
2006.09.08 13:13 B L:\TBH Website Temp\st-plains\peoples\images\cabeza-sm.jpg --> uts.cc.utexas.edu /export/httpd/vhosts/texasbeyondhistory/data/protect/st-plains/peoples/images cabeza-sm.jpg
2006.09.08 13:13 B L:\TBH Website Temp\st-plains\peoples\images\cabeza.html --> uts.cc.utexas.edu /export/httpd/vhosts/texasbeyondhistory/data/protect/st-plains/peoples/images cabeza.html
2006.09.08 13:13 B L:\TBH Website Temp\st-plains\peoples\images\cabeza.jpg --> uts.cc.utexas.edu /export/httpd/vhosts/texasbeyondhistory/data/protect/st-plains/peoples/images cabeza.jpg
2006.09.08 13:13 B L:\TBH Website Temp\st-plains\peoples\images\cabezadevaca-sm.jpg --> uts.cc.utexas.edu /export/httpd/vhosts/texasbeyondhistory/data/protect/st-plains/peoples/images cabezadevaca-sm.jpg
2006.09.08 13:13 B L:\TBH Website Temp\st-plains\peoples\images\cabezadevaca.html --> uts.cc.utexas.edu /export/httpd/vhosts/texasbeyondhistory/data/protect/st-plains/peoples/images cabezadevaca.html
2006.09.08 13:13 B L:\TBH Website Temp\st-plains\peoples\images\cabezadevaca.jpg --> uts.cc.utexas.edu /export/httpd/vhosts/texasbeyondhistory/data/protect/st-plains/peoples/images cabezadevaca.jpg
2006.09.08 13:13 B L:\TBH Website Temp\st-plains\peoples\images\camp-sm.jpg --> uts.cc.utexas.edu /export/httpd/vhosts/texasbeyondhistory/data/protect/st-plains/peoples/images camp-sm.jpg
2006.09.08 13:13 B L:\TBH Website Temp\st-plains\peoples\images\camp.jpg --> uts.cc.utexas.edu /export/httpd/vhosts/texasbeyondhistory/data/protect/st-plains/peoples/images camp.jpg
2006.09.08 13:13 B L:\TBH Website Temp\st-plains\peoples\images\campbell-cover-sm.jpg --> uts.cc.utexas.edu /export/httpd/vhosts/texasbeyondhistory/data/protect/st-plains/peoples/images campbell-cover-sm.jpg
2006.09.08 13:13 B L:\TBH Website Temp\st-plains\peoples\images\campbell-cover.html --> uts.cc.utexas.edu /export/httpd/vhosts/texasbeyondhistory/data/protect/st-plains/peoples/images campbell-cover.html
2006.09.08 13:13 B L:\TBH Website Temp\st-plains\peoples\images\campbell-cover.jpg --> uts.cc.utexas.edu /export/httpd/vhosts/texasbeyondhistory/data/protect/st-plains/peoples/images campbell-cover.jpg
2006.09.08 13:13 B L:\TBH Website Temp\st-plains\peoples\images\campbell-sm.jpg --> uts.cc.utexas.edu /export/httpd/vhosts/texasbeyondhistory/data/protect/st-plains/peoples/images campbell-sm.jpg
2006.09.08 13:13 B L:\TBH Website Temp\st-plains\peoples\images\campbell.html --> uts.cc.utexas.edu /export/httpd/vhosts/texasbeyondhistory/data/protect/st-plains/peoples/images campbell.html
2006.09.08 13:13 B L:\TBH Website Temp\st-plains\peoples\images\campbell.jpg --> uts.cc.utexas.edu /export/httpd/vhosts/texasbeyondhistory/data/protect/st-plains/peoples/images campbell.jpg
2006.09.08 13:13 B L:\TBH Website Temp\st-plains\peoples\images\coahuiltecans.jpg --> uts.cc.utexas.edu /export/httpd/vhosts/texasbeyondhistory/data/protect/st-plains/peoples/images coahuiltecans.jpg
2006.09.08 13:13 B L:\TBH Website Temp\st-plains\peoples\images\comanchechief-sm.jpg --> uts.cc.utexas.edu /export/httpd/vhosts/texasbeyondhistory/data/protect/st-plains/peoples/images comanchechief-sm.jpg
2006.09.08 13:13 B L:\TBH Website Temp\st-plains\peoples\images\comanchechief.jpg --> uts.cc.utexas.edu /export/httpd/vhosts/texasbeyondhistory/data/protect/st-plains/peoples/images comanchechief.jpg
2006.09.08 13:13 B L:\TBH Website Temp\st-plains\peoples\images\commanchebraves-sm.jpg --> uts.cc.utexas.edu /export/httpd/vhosts/texasbeyondhistory/data/protect/st-plains/peoples/images commanchebraves-sm.jpg
2006.09.08 13:13 B L:\TBH Website Temp\st-plains\peoples\images\commanchebraves.html --> uts.cc.utexas.edu /export/httpd/vhosts/texasbeyondhistory/data/protect/st-plains/peoples/images commanchebraves.html
2006.09.08 13:13 B L:\TBH Website Temp\st-plains\peoples\images\commanchebraves.jpg --> uts.cc.utexas.edu /export/httpd/vhosts/texasbeyondhistory/data/protect/st-plains/peoples/images commanchebraves.jpg
2006.09.08 13:13 B L:\TBH Website Temp\st-plains\peoples\images\disease-sm.jpg --> uts.cc.utexas.edu /export/httpd/vhosts/texasbeyondhistory/data/protect/st-plains/peoples/images disease-sm.jpg
2006.09.08 13:13 B L:\TBH Website Temp\st-plains\peoples\images\disease.html --> uts.cc.utexas.edu /export/httpd/vhosts/texasbeyondhistory/data/protect/st-plains/peoples/images disease.html
2006.09.08 13:13 B L:\TBH Website Temp\st-plains\peoples\images\disease.jpg --> uts.cc.utexas.edu /export/httpd/vhosts/texasbeyondhistory/data/protect/st-plains/peoples/images disease.jpg
2006.09.08 13:13 B L:\TBH Website Temp\st-plains\peoples\images\expeditionroutes-sm.jpg --> uts.cc.utexas.edu /export/httpd/vhosts/texasbeyondhistory/data/protect/st-plains/peoples/images expeditionroutes-sm.jpg
2006.09.08 13:13 B L:\TBH Website Temp\st-plains\peoples\images\expeditionroutes.jpg --> uts.cc.utexas.edu /export/httpd/vhosts/texasbeyondhistory/data/protect/st-plains/peoples/images expeditionroutes.jpg
2006.09.08 13:13 B L:\TBH Website Temp\st-plains\peoples\images\GuerreroPts-TRH-rev2.jpg --> uts.cc.utexas.edu /export/httpd/vhosts/texasbeyondhistory/data/protect/st-plains/peoples/images GuerreroPts-TRH-rev2.jpg
2006.09.08 13:13 B L:\TBH Website Temp\st-plains\peoples\images\harvesting-sm.jpg --> uts.cc.utexas.edu /export/httpd/vhosts/texasbeyondhistory/data/protect/st-plains/peoples/images harvesting-sm.jpg
2006.09.08 13:13 B L:\TBH Website Temp\st-plains\peoples\images\harvesting.html --> uts.cc.utexas.edu /export/httpd/vhosts/texasbeyondhistory/data/protect/st-plains/peoples/images harvesting.html
2006.09.08 13:13 B L:\TBH Website Temp\st-plains\peoples\images\harvesting.jpg --> uts.cc.utexas.edu /export/httpd/vhosts/texasbeyondhistory/data/protect/st-plains/peoples/images harvesting.jpg
2006.09.08 13:13 B L:\TBH Website Temp\st-plains\peoples\images\how-icon.jpg --> uts.cc.utexas.edu /export/httpd/vhosts/texasbeyondhistory/data/protect/st-plains/peoples/images how-icon.jpg
2006.09.08 13:13 B L:\TBH Website Temp\st-plains\peoples\images\how-icon2.jpg --> uts.cc.utexas.edu /export/httpd/vhosts/texasbeyondhistory/data/protect/st-plains/peoples/images how-icon2.jpg
2006.09.08 13:13 B L:\TBH Website Temp\st-plains\peoples\images\icon-native.jpg --> uts.cc.utexas.edu /export/httpd/vhosts/texasbeyondhistory/data/protect/st-plains/peoples/images icon-native.jpg
2006.09.08 13:13 B L:\TBH Website Temp\st-plains\peoples\images\itc-display-sm.jpg --> uts.cc.utexas.edu /export/httpd/vhosts/texasbeyondhistory/data/protect/st-plains/peoples/images itc-display-sm.jpg
2006.09.08 13:13 B L:\TBH Website Temp\st-plains\peoples\images\itc-display.html --> uts.cc.utexas.edu /export/httpd/vhosts/texasbeyondhistory/data/protect/st-plains/peoples/images itc-display.html
2006.09.08 13:13 B L:\TBH Website Temp\st-plains\peoples\images\itc-display.jpg --> uts.cc.utexas.edu /export/httpd/vhosts/texasbeyondhistory/data/protect/st-plains/peoples/images itc-display.jpg
2006.09.08 13:13 B L:\TBH Website Temp\st-plains\peoples\images\krieger-sm.jpg --> uts.cc.utexas.edu /export/httpd/vhosts/texasbeyondhistory/data/protect/st-plains/peoples/images krieger-sm.jpg
2006.09.08 13:13 B L:\TBH Website Temp\st-plains\peoples\images\krieger.html --> uts.cc.utexas.edu /export/httpd/vhosts/texasbeyondhistory/data/protect/st-plains/peoples/images krieger.html
2006.09.08 13:13 B L:\TBH Website Temp\st-plains\peoples\images\krieger.jpg --> uts.cc.utexas.edu /export/httpd/vhosts/texasbeyondhistory/data/protect/st-plains/peoples/images krieger.jpg
2006.09.08 13:13 B L:\TBH Website Temp\st-plains\peoples\images\lipan-sm.jpg --> uts.cc.utexas.edu /export/httpd/vhosts/texasbeyondhistory/data/protect/st-plains/peoples/images lipan-sm.jpg
2006.09.08 13:13 B L:\TBH Website Temp\st-plains\peoples\images\lipan.html --> uts.cc.utexas.edu /export/httpd/vhosts/texasbeyondhistory/data/protect/st-plains/peoples/images lipan.html
2006.09.08 13:13 B L:\TBH Website Temp\st-plains\peoples\images\lipan.jpg --> uts.cc.utexas.edu /export/httpd/vhosts/texasbeyondhistory/data/protect/st-plains/peoples/images lipan.jpg
2006.09.08 13:13 B L:\TBH Website Temp\st-plains\peoples\images\lipan2-sm.jpg --> uts.cc.utexas.edu /export/httpd/vhosts/texasbeyondhistory/data/protect/st-plains/peoples/images lipan2-sm.jpg
2006.09.08 13:13 B L:\TBH Website Temp\st-plains\peoples\images\lipan2.html --> uts.cc.utexas.edu /export/httpd/vhosts/texasbeyondhistory/data/protect/st-plains/peoples/images lipan2.html
2006.09.08 13:13 B L:\TBH Website Temp\st-plains\peoples\images\main-icon.jpg --> uts.cc.utexas.edu /export/httpd/vhosts/texasbeyondhistory/data/protect/st-plains/peoples/images main-icon.jpg
2006.09.08 13:13 B L:\TBH Website Temp\st-plains\peoples\images\mesquitebeans-sm.jpg --> uts.cc.utexas.edu /export/httpd/vhosts/texasbeyondhistory/data/protect/st-plains/peoples/images mesquitebeans-sm.jpg
2006.09.08 13:13 B L:\TBH Website Temp\st-plains\peoples\images\mesquitebeans.html --> uts.cc.utexas.edu /export/httpd/vhosts/texasbeyondhistory/data/protect/st-plains/peoples/images mesquitebeans.html
2006.09.08 13:13 B L:\TBH Website Temp\st-plains\peoples\images\mesquitebeans.jpg --> uts.cc.utexas.edu /export/httpd/vhosts/texasbeyondhistory/data/protect/st-plains/peoples/images mesquitebeans.jpg
2006.09.08 13:13 B L:\TBH Website Temp\st-plains\peoples\images\mining-sm.jpg --> uts.cc.utexas.edu /export/httpd/vhosts/texasbeyondhistory/data/protect/st-plains/peoples/images mining-sm.jpg
2006.09.08 13:13 B L:\TBH Website Temp\st-plains\peoples\images\mining.html --> uts.cc.utexas.edu /export/httpd/vhosts/texasbeyondhistory/data/protect/st-plains/peoples/images mining.html
2006.09.08 13:13 B L:\TBH Website Temp\st-plains\peoples\images\native-icon.jpg --> uts.cc.utexas.edu /export/httpd/vhosts/texasbeyondhistory/data/protect/st-plains/peoples/images native-icon.jpg
2006.09.08 13:13 B L:\TBH Website Temp\st-plains\peoples\images\newcomb-sm.jpg --> uts.cc.utexas.edu /export/httpd/vhosts/texasbeyondhistory/data/protect/st-plains/peoples/images newcomb-sm.jpg
2006.09.08 13:13 B L:\TBH Website Temp\st-plains\peoples\images\newcomb.html --> uts.cc.utexas.edu /export/httpd/vhosts/texasbeyondhistory/data/protect/st-plains/peoples/images newcomb.html
2006.09.08 13:13 B L:\TBH Website Temp\st-plains\peoples\images\newcomb.jpg --> uts.cc.utexas.edu /export/httpd/vhosts/texasbeyondhistory/data/protect/st-plains/peoples/images newcomb.jpg
2006.09.08 13:13 B L:\TBH Website Temp\st-plains\peoples\images\packman-sm.jpg --> uts.cc.utexas.edu /export/httpd/vhosts/texasbeyondhistory/data/protect/st-plains/peoples/images packman-sm.jpg
2006.09.08 13:13 B L:\TBH Website Temp\st-plains\peoples\images\packman.html --> uts.cc.utexas.edu /export/httpd/vhosts/texasbeyondhistory/data/protect/st-plains/peoples/images packman.html
2006.09.08 13:13 B L:\TBH Website Temp\st-plains\peoples\images\packman.jpg --> uts.cc.utexas.edu /export/httpd/vhosts/texasbeyondhistory/data/protect/st-plains/peoples/images packman.jpg
2006.09.08 13:13 B L:\TBH Website Temp\st-plains\peoples\images\pecan-sm.jpg --> uts.cc.utexas.edu /export/httpd/vhosts/texasbeyondhistory/data/protect/st-plains/peoples/images pecan-sm.jpg
2006.09.08 13:13 B L:\TBH Website Temp\st-plains\peoples\images\pecan.html --> uts.cc.utexas.edu /export/httpd/vhosts/texasbeyondhistory/data/protect/st-plains/peoples/images pecan.html
2006.09.08 13:13 B L:\TBH Website Temp\st-plains\peoples\images\pecan.jpg --> uts.cc.utexas.edu /export/httpd/vhosts/texasbeyondhistory/data/protect/st-plains/peoples/images pecan.jpg
2006.09.08 13:13 B L:\TBH Website Temp\st-plains\peoples\images\points-sm.jpg --> uts.cc.utexas.edu /export/httpd/vhosts/texasbeyondhistory/data/protect/st-plains/peoples/images points-sm.jpg
2006.09.08 13:13 B L:\TBH Website Temp\st-plains\peoples\images\points.html --> uts.cc.utexas.edu /export/httpd/vhosts/texasbeyondhistory/data/protect/st-plains/peoples/images points.html
2006.09.08 13:13 B L:\TBH Website Temp\st-plains\peoples\images\points.jpg --> uts.cc.utexas.edu /export/httpd/vhosts/texasbeyondhistory/data/protect/st-plains/peoples/images points.jpg
2006.09.08 13:13 B L:\TBH Website Temp\st-plains\peoples\images\record-sm.jpg --> uts.cc.utexas.edu /export/httpd/vhosts/texasbeyondhistory/data/protect/st-plains/peoples/images record-sm.jpg
2006.09.08 13:13 B L:\TBH Website Temp\st-plains\peoples\images\record.html --> uts.cc.utexas.edu /export/httpd/vhosts/texasbeyondhistory/data/protect/st-plains/peoples/images record.html
2006.09.08 13:13 B L:\TBH Website Temp\st-plains\peoples\images\record.jpg --> uts.cc.utexas.edu /export/httpd/vhosts/texasbeyondhistory/data/protect/st-plains/peoples/images record.jpg
2006.09.08 13:13 B L:\TBH Website Temp\st-plains\peoples\images\snail-tpwd-sm.jpg --> uts.cc.utexas.edu /export/httpd/vhosts/texasbeyondhistory/data/protect/st-plains/peoples/images snail-tpwd-sm.jpg
2006.09.08 13:13 B L:\TBH Website Temp\st-plains\peoples\images\snail-tpwd.html --> uts.cc.utexas.edu /export/httpd/vhosts/texasbeyondhistory/data/protect/st-plains/peoples/images snail-tpwd.html
2006.09.08 13:13 B L:\TBH Website Temp\st-plains\peoples\images\snail-tpwd.jpg --> uts.cc.utexas.edu /export/httpd/vhosts/texasbeyondhistory/data/protect/st-plains/peoples/images snail-tpwd.jpg
2006.09.08 13:13 B L:\TBH Website Temp\st-plains\peoples\images\swanton-sm.jpg --> uts.cc.utexas.edu /export/httpd/vhosts/texasbeyondhistory/data/protect/st-plains/peoples/images swanton-sm.jpg
2006.09.08 13:13 B L:\TBH Website Temp\st-plains\peoples\images\swanton.html --> uts.cc.utexas.edu /export/httpd/vhosts/texasbeyondhistory/data/protect/st-plains/peoples/images swanton.html
2006.09.08 13:13 B L:\TBH Website Temp\st-plains\peoples\images\swanton.jpg --> uts.cc.utexas.edu /export/httpd/vhosts/texasbeyondhistory/data/protect/st-plains/peoples/images swanton.jpg
2006.09.08 13:13 B L:\TBH Website Temp\st-plains\peoples\images\swantontext-sm.jpg --> uts.cc.utexas.edu /export/httpd/vhosts/texasbeyondhistory/data/protect/st-plains/peoples/images swantontext-sm.jpg
2006.09.08 13:13 B L:\TBH Website Temp\st-plains\peoples\images\swantontext.html --> uts.cc.utexas.edu /export/httpd/vhosts/texasbeyondhistory/data/protect/st-plains/peoples/images swantontext.html
2006.09.08 13:13 B L:\TBH Website Temp\st-plains\peoples\images\swantontext.jpg --> uts.cc.utexas.edu /export/httpd/vhosts/texasbeyondhistory/data/protect/st-plains/peoples/images swantontext.jpg
2006.09.08 13:13 B L:\TBH Website Temp\st-plains\peoples\images\temporary-pic.jpg --> uts.cc.utexas.edu /export/httpd/vhosts/texasbeyondhistory/data/protect/st-plains/peoples/images temporary-pic.jpg
2006.09.08 13:13 B L:\TBH Website Temp\st-plains\peoples\images\temporary.html --> uts.cc.utexas.edu /export/httpd/vhosts/texasbeyondhistory/data/protect/st-plains/peoples/images temporary.html
2006.09.08 13:13 B L:\TBH Website Temp\st-plains\peoples\images\Thumbs.db --> uts.cc.utexas.edu /export/httpd/vhosts/texasbeyondhistory/data/protect/st-plains/peoples/images Thumbs.db
2006.09.08 13:13 B L:\TBH Website Temp\st-plains\peoples\images\tonkmigration-sm.jpg --> uts.cc.utexas.edu /export/httpd/vhosts/texasbeyondhistory/data/protect/st-plains/peoples/images tonkmigration-sm.jpg
2006.09.08 13:13 B L:\TBH Website Temp\st-plains\peoples\images\tonkmigration.html --> uts.cc.utexas.edu /export/httpd/vhosts/texasbeyondhistory/data/protect/st-plains/peoples/images tonkmigration.html
2006.09.08 13:13 B L:\TBH Website Temp\st-plains\peoples\images\tonkmigration.jpg --> uts.cc.utexas.edu /export/httpd/vhosts/texasbeyondhistory/data/protect/st-plains/peoples/images tonkmigration.jpg
2006.09.08 13:13 B L:\TBH Website Temp\st-plains\peoples\images\tunas-dusek-sm.jpg --> uts.cc.utexas.edu /export/httpd/vhosts/texasbeyondhistory/data/protect/st-plains/peoples/images tunas-dusek-sm.jpg
2006.09.08 13:13 B L:\TBH Website Temp\st-plains\peoples\images\tunas-dusek.html --> uts.cc.utexas.edu /export/httpd/vhosts/texasbeyondhistory/data/protect/st-plains/peoples/images tunas-dusek.html
2006.09.08 13:13 B L:\TBH Website Temp\st-plains\peoples\images\tunas-dusek.jpg --> uts.cc.utexas.edu /export/httpd/vhosts/texasbeyondhistory/data/protect/st-plains/peoples/images tunas-dusek.jpg
2006.09.08 13:13 B L:\TBH Website Temp\st-plains\peoples\images\txtboxline.jpg --> uts.cc.utexas.edu /export/httpd/vhosts/texasbeyondhistory/data/protect/st-plains/peoples/images txtboxline.jpg
2006.09.08 13:13 B L:\TBH Website Temp\st-plains\peoples\images\weir-campbell-sm.jpg --> uts.cc.utexas.edu /export/httpd/vhosts/texasbeyondhistory/data/protect/st-plains/peoples/images weir-campbell-sm.jpg
2006.09.08 13:13 B L:\TBH Website Temp\st-plains\peoples\images\weir-campbell.html --> uts.cc.utexas.edu /export/httpd/vhosts/texasbeyondhistory/data/protect/st-plains/peoples/images weir-campbell.html
2006.09.08 13:13 B L:\TBH Website Temp\st-plains\peoples\images\weir-campbell.jpg --> uts.cc.utexas.edu /export/httpd/vhosts/texasbeyondhistory/data/protect/st-plains/peoples/images weir-campbell.jpg
2006.09.17 20:05 B L:\TBH Website Temp\st-plains\peoples\images\WS_FTP.LOG --> uts.cc.utexas.edu /export/httpd/vhosts/texasbeyondhistory/data/st-plains/peoples/images WS_FTP.LOG
2006.09.17 20:05 B L:\TBH Website Temp\st-plains\peoples\images\snail-tpwd.html --> uts.cc.utexas.edu /export/httpd/vhosts/texasbeyondhistory/data/st-plains/peoples/images snail-tpwd.html
2006.09.17 20:05 B L:\TBH Website Temp\st-plains\peoples\images\weir-campbell.html --> uts.cc.utexas.edu /export/httpd/vhosts/texasbeyondhistory/data/st-plains/peoples/images weir-campbell.html
2006.09.17 20:05 B L:\TBH Website Temp\st-plains\peoples\images\packman.html --> uts.cc.utexas.edu /export/httpd/vhosts/texasbeyondhistory/data/st-plains/peoples/images packman.html
2006.09.17 20:05 B L:\TBH Website Temp\st-plains\peoples\images\pecan.html --> uts.cc.utexas.edu /export/httpd/vhosts/texasbeyondhistory/data/st-plains/peoples/images pecan.html
2006.09.17 20:05 B L:\TBH Website Temp\st-plains\peoples\images\mesquitebeans.html --> uts.cc.utexas.edu /export/httpd/vhosts/texasbeyondhistory/data/st-plains/peoples/images mesquitebeans.html
2006.09.17 20:05 B L:\TBH Website Temp\st-plains\peoples\images\tunas-dusek.html --> uts.cc.utexas.edu /export/httpd/vhosts/texasbeyondhistory/data/st-plains/peoples/images tunas-dusek.html
2006.09.17 20:05 B L:\TBH Website Temp\st-plains\peoples\images\itc-display.html --> uts.cc.utexas.edu /export/httpd/vhosts/texasbeyondhistory/data/st-plains/peoples/images itc-display.html
2006.09.17 20:05 B L:\TBH Website Temp\st-plains\peoples\images\harvesting.html --> uts.cc.utexas.edu /export/httpd/vhosts/texasbeyondhistory/data/st-plains/peoples/images harvesting.html
2006.09.17 20:05 B L:\TBH Website Temp\st-plains\peoples\images\harvesting.jpg --> uts.cc.utexas.edu /export/httpd/vhosts/texasbeyondhistory/data/st-plains/peoples/images harvesting.jpg
2006.09.17 20:05 B L:\TBH Website Temp\st-plains\peoples\images\itc-display-sm.jpg --> uts.cc.utexas.edu /export/httpd/vhosts/texasbeyondhistory/data/st-plains/peoples/images itc-display-sm.jpg
2006.09.17 20:05 B L:\TBH Website Temp\st-plains\peoples\images\harvesting-sm.jpg --> uts.cc.utexas.edu /export/httpd/vhosts/texasbeyondhistory/data/st-plains/peoples/images harvesting-sm.jpg
2006.09.17 20:05 B L:\TBH Website Temp\st-plains\peoples\images\itc-display.jpg --> uts.cc.utexas.edu /export/httpd/vhosts/texasbeyondhistory/data/st-plains/peoples/images itc-display.jpg
2006.09.17 20:05 B L:\TBH Website Temp\st-plains\peoples\images\mesquitebeans.jpg --> uts.cc.utexas.edu /export/httpd/vhosts/texasbeyondhistory/data/st-plains/peoples/images mesquitebeans.jpg
2006.09.17 20:05 B L:\TBH Website Temp\st-plains\peoples\images\mesquitebeans-sm.jpg --> uts.cc.utexas.edu /export/httpd/vhosts/texasbeyondhistory/data/st-plains/peoples/images mesquitebeans-sm.jpg
2006.09.17 20:05 B L:\TBH Website Temp\st-plains\peoples\images\packman.jpg --> uts.cc.utexas.edu /export/httpd/vhosts/texasbeyondhistory/data/st-plains/peoples/images packman.jpg
2006.09.17 20:05 B L:\TBH Website Temp\st-plains\peoples\images\packman-sm.jpg --> uts.cc.utexas.edu /export/httpd/vhosts/texasbeyondhistory/data/st-plains/peoples/images packman-sm.jpg
2006.09.17 20:05 B L:\TBH Website Temp\st-plains\peoples\images\pecan.jpg --> uts.cc.utexas.edu /export/httpd/vhosts/texasbeyondhistory/data/st-plains/peoples/images pecan.jpg
2006.09.17 20:05 B L:\TBH Website Temp\st-plains\peoples\images\pecan-sm.jpg --> uts.cc.utexas.edu /export/httpd/vhosts/texasbeyondhistory/data/st-plains/peoples/images pecan-sm.jpg
2006.09.17 20:05 B L:\TBH Website Temp\st-plains\peoples\images\snail-tpwd.jpg --> uts.cc.utexas.edu /export/httpd/vhosts/texasbeyondhistory/data/st-plains/peoples/images snail-tpwd.jpg
2006.09.17 20:05 B L:\TBH Website Temp\st-plains\peoples\images\snail-tpwd-sm.jpg --> uts.cc.utexas.edu /export/httpd/vhosts/texasbeyondhistory/data/st-plains/peoples/images snail-tpwd-sm.jpg
2006.09.17 20:05 B L:\TBH Website Temp\st-plains\peoples\images\tunas-dusek-sm.jpg --> uts.cc.utexas.edu /export/httpd/vhosts/texasbeyondhistory/data/st-plains/peoples/images tunas-dusek-sm.jpg
2006.09.17 20:05 B L:\TBH Website Temp\st-plains\peoples\images\tunas-dusek.jpg --> uts.cc.utexas.edu /export/httpd/vhosts/texasbeyondhistory/data/st-plains/peoples/images tunas-dusek.jpg
2006.09.17 20:05 B L:\TBH Website Temp\st-plains\peoples\images\weir-campbell.jpg --> uts.cc.utexas.edu /export/httpd/vhosts/texasbeyondhistory/data/st-plains/peoples/images weir-campbell.jpg
2006.09.17 20:05 B L:\TBH Website Temp\st-plains\peoples\images\weir-campbell-sm.jpg --> uts.cc.utexas.edu /export/httpd/vhosts/texasbeyondhistory/data/st-plains/peoples/images weir-campbell-sm.jpg
2006.09.17 20:05 B L:\TBH Website Temp\st-plains\peoples\images\newcomb.html --> uts.cc.utexas.edu /export/httpd/vhosts/texasbeyondhistory/data/st-plains/peoples/images newcomb.html
2006.09.17 20:05 B L:\TBH Website Temp\st-plains\peoples\images\cabezadevaca.html --> uts.cc.utexas.edu /export/httpd/vhosts/texasbeyondhistory/data/st-plains/peoples/images cabezadevaca.html
2006.09.17 20:05 B L:\TBH Website Temp\st-plains\peoples\images\points.html --> uts.cc.utexas.edu /export/httpd/vhosts/texasbeyondhistory/data/st-plains/peoples/images points.html
2006.09.17 20:05 B L:\TBH Website Temp\st-plains\peoples\images\campbell-cover.html --> uts.cc.utexas.edu /export/httpd/vhosts/texasbeyondhistory/data/st-plains/peoples/images campbell-cover.html
2006.09.17 20:05 B L:\TBH Website Temp\st-plains\peoples\images\krieger.html --> uts.cc.utexas.edu /export/httpd/vhosts/texasbeyondhistory/data/st-plains/peoples/images krieger.html
2006.09.17 20:05 B L:\TBH Website Temp\st-plains\peoples\images\campbell.html --> uts.cc.utexas.edu /export/httpd/vhosts/texasbeyondhistory/data/st-plains/peoples/images campbell.html
2006.09.17 20:05 B L:\TBH Website Temp\st-plains\peoples\images\record.html --> uts.cc.utexas.edu /export/httpd/vhosts/texasbeyondhistory/data/st-plains/peoples/images record.html
2006.09.17 20:05 B L:\TBH Website Temp\st-plains\peoples\images\swantontext.html --> uts.cc.utexas.edu /export/httpd/vhosts/texasbeyondhistory/data/st-plains/peoples/images swantontext.html
2006.09.17 20:05 B L:\TBH Website Temp\st-plains\peoples\images\swanton.html --> uts.cc.utexas.edu /export/httpd/vhosts/texasbeyondhistory/data/st-plains/peoples/images swanton.html
2006.09.17 20:05 B L:\TBH Website Temp\st-plains\peoples\images\Thumbs.db --> uts.cc.utexas.edu /export/httpd/vhosts/texasbeyondhistory/data/st-plains/peoples/images Thumbs.db
2006.09.17 20:05 B L:\TBH Website Temp\st-plains\peoples\images\cabezadevaca.jpg --> uts.cc.utexas.edu /export/httpd/vhosts/texasbeyondhistory/data/st-plains/peoples/images cabezadevaca.jpg
2006.09.17 20:05 B L:\TBH Website Temp\st-plains\peoples\images\cabezadevaca-sm.jpg --> uts.cc.utexas.edu /export/httpd/vhosts/texasbeyondhistory/data/st-plains/peoples/images cabezadevaca-sm.jpg
2006.09.17 20:05 B L:\TBH Website Temp\st-plains\peoples\images\campbell-sm.jpg --> uts.cc.utexas.edu /export/httpd/vhosts/texasbeyondhistory/data/st-plains/peoples/images campbell-sm.jpg
2006.09.17 20:05 B L:\TBH Website Temp\st-plains\peoples\images\campbell.jpg --> uts.cc.utexas.edu /export/httpd/vhosts/texasbeyondhistory/data/st-plains/peoples/images campbell.jpg
2006.09.17 20:05 B L:\TBH Website Temp\st-plains\peoples\images\campbell-cover.jpg --> uts.cc.utexas.edu /export/httpd/vhosts/texasbeyondhistory/data/st-plains/peoples/images campbell-cover.jpg
2006.09.17 20:05 B L:\TBH Website Temp\st-plains\peoples\images\campbell-cover-sm.jpg --> uts.cc.utexas.edu /export/httpd/vhosts/texasbeyondhistory/data/st-plains/peoples/images campbell-cover-sm.jpg
2006.09.17 20:05 B L:\TBH Website Temp\st-plains\peoples\images\krieger.jpg --> uts.cc.utexas.edu /export/httpd/vhosts/texasbeyondhistory/data/st-plains/peoples/images krieger.jpg
2006.09.17 20:05 B L:\TBH Website Temp\st-plains\peoples\images\krieger-sm.jpg --> uts.cc.utexas.edu /export/httpd/vhosts/texasbeyondhistory/data/st-plains/peoples/images krieger-sm.jpg
2006.09.17 20:05 B L:\TBH Website Temp\st-plains\peoples\images\newcomb.jpg --> uts.cc.utexas.edu /export/httpd/vhosts/texasbeyondhistory/data/st-plains/peoples/images newcomb.jpg
2006.09.17 20:05 B L:\TBH Website Temp\st-plains\peoples\images\newcomb-sm.jpg --> uts.cc.utexas.edu /export/httpd/vhosts/texasbeyondhistory/data/st-plains/peoples/images newcomb-sm.jpg
2006.09.17 20:05 B L:\TBH Website Temp\st-plains\peoples\images\points-sm.jpg --> uts.cc.utexas.edu /export/httpd/vhosts/texasbeyondhistory/data/st-plains/peoples/images points-sm.jpg
2006.09.17 20:05 B L:\TBH Website Temp\st-plains\peoples\images\points.jpg --> uts.cc.utexas.edu /export/httpd/vhosts/texasbeyondhistory/data/st-plains/peoples/images points.jpg
2006.09.17 20:05 B L:\TBH Website Temp\st-plains\peoples\images\record.jpg --> uts.cc.utexas.edu /export/httpd/vhosts/texasbeyondhistory/data/st-plains/peoples/images record.jpg
2006.09.17 20:05 B L:\TBH Website Temp\st-plains\peoples\images\record-sm.jpg --> uts.cc.utexas.edu /export/httpd/vhosts/texasbeyondhistory/data/st-plains/peoples/images record-sm.jpg
2006.09.17 20:05 B L:\TBH Website Temp\st-plains\peoples\images\swanton-sm.jpg --> uts.cc.utexas.edu /export/httpd/vhosts/texasbeyondhistory/data/st-plains/peoples/images swanton-sm.jpg
2006.09.17 20:05 B L:\TBH Website Temp\st-plains\peoples\images\swanton.jpg --> uts.cc.utexas.edu /export/httpd/vhosts/texasbeyondhistory/data/st-plains/peoples/images swanton.jpg
2006.09.17 20:05 B L:\TBH Website Temp\st-plains\peoples\images\swantontext.jpg --> uts.cc.utexas.edu /export/httpd/vhosts/texasbeyondhistory/data/st-plains/peoples/images swantontext.jpg
2006.09.17 20:05 B L:\TBH Website Temp\st-plains\peoples\images\swantontext-sm.jpg --> uts.cc.utexas.edu /export/httpd/vhosts/texasbeyondhistory/data/st-plains/peoples/images swantontext-sm.jpg
2006.09.17 20:05 B L:\TBH Website Temp\st-plains\peoples\images\berlandier-comanche-sm.jpg --> uts.cc.utexas.edu /export/httpd/vhosts/texasbeyondhistory/data/st-plains/peoples/images berlandier-comanche-sm.jpg
2006.09.17 20:05 B L:\TBH Website Temp\st-plains\peoples\images\lipan2-sm.jpg --> uts.cc.utexas.edu /export/httpd/vhosts/texasbeyondhistory/data/st-plains/peoples/images lipan2-sm.jpg
2006.09.17 20:05 B L:\TBH Website Temp\st-plains\peoples\images\berlandier-tonkawa-sm.jpg --> uts.cc.utexas.edu /export/httpd/vhosts/texasbeyondhistory/data/st-plains/peoples/images berlandier-tonkawa-sm.jpg
2006.09.17 20:05 B L:\TBH Website Temp\st-plains\peoples\images\commanchebraves.html --> uts.cc.utexas.edu /export/httpd/vhosts/texasbeyondhistory/data/st-plains/peoples/images commanchebraves.html
2006.09.17 20:05 B L:\TBH Website Temp\st-plains\peoples\images\berlandier-tonkawa.html --> uts.cc.utexas.edu /export/httpd/vhosts/texasbeyondhistory/data/st-plains/peoples/images berlandier-tonkawa.html
2006.09.17 20:05 B L:\TBH Website Temp\st-plains\peoples\images\berlandier-comanche.html --> uts.cc.utexas.edu /export/httpd/vhosts/texasbeyondhistory/data/st-plains/peoples/images berlandier-comanche.html
2006.09.17 20:05 B L:\TBH Website Temp\st-plains\peoples\images\tonkmigration.html --> uts.cc.utexas.edu /export/httpd/vhosts/texasbeyondhistory/data/st-plains/peoples/images tonkmigration.html
2006.09.17 20:05 B L:\TBH Website Temp\st-plains\peoples\images\lipan2.html --> uts.cc.utexas.edu /export/httpd/vhosts/texasbeyondhistory/data/st-plains/peoples/images lipan2.html
2006.09.17 20:05 B L:\TBH Website Temp\st-plains\peoples\images\mining.html --> uts.cc.utexas.edu /export/httpd/vhosts/texasbeyondhistory/data/st-plains/peoples/images mining.html
2006.09.17 20:05 B L:\TBH Website Temp\st-plains\peoples\images\comanchechief-sm.jpg --> uts.cc.utexas.edu /export/httpd/vhosts/texasbeyondhistory/data/st-plains/peoples/images comanchechief-sm.jpg
2006.09.17 20:05 B L:\TBH Website Temp\st-plains\peoples\images\comanchechief.jpg --> uts.cc.utexas.edu /export/httpd/vhosts/texasbeyondhistory/data/st-plains/peoples/images comanchechief.jpg
2006.09.17 20:05 B L:\TBH Website Temp\st-plains\peoples\images\berlandier-tonkawa.jpg --> uts.cc.utexas.edu /export/httpd/vhosts/texasbeyondhistory/data/st-plains/peoples/images berlandier-tonkawa.jpg
2006.09.17 20:05 B L:\TBH Website Temp\st-plains\peoples\images\berlandier-comanche.jpg --> uts.cc.utexas.edu /export/httpd/vhosts/texasbeyondhistory/data/st-plains/peoples/images berlandier-comanche.jpg
2006.09.17 20:05 B L:\TBH Website Temp\st-plains\peoples\images\camp.jpg --> uts.cc.utexas.edu /export/httpd/vhosts/texasbeyondhistory/data/st-plains/peoples/images camp.jpg
2006.09.17 20:05 B L:\TBH Website Temp\st-plains\peoples\images\camp-sm.jpg --> uts.cc.utexas.edu /export/httpd/vhosts/texasbeyondhistory/data/st-plains/peoples/images camp-sm.jpg
2006.09.17 20:05 B L:\TBH Website Temp\st-plains\peoples\images\commanchebraves.jpg --> uts.cc.utexas.edu /export/httpd/vhosts/texasbeyondhistory/data/st-plains/peoples/images commanchebraves.jpg
2006.09.17 20:05 B L:\TBH Website Temp\st-plains\peoples\images\commanchebraves-sm.jpg --> uts.cc.utexas.edu /export/httpd/vhosts/texasbeyondhistory/data/st-plains/peoples/images commanchebraves-sm.jpg
2006.09.17 20:05 B L:\TBH Website Temp\st-plains\peoples\images\mining-sm.jpg --> uts.cc.utexas.edu /export/httpd/vhosts/texasbeyondhistory/data/st-plains/peoples/images mining-sm.jpg
2006.09.17 20:05 B L:\TBH Website Temp\st-plains\peoples\images\tonkmigration.jpg --> uts.cc.utexas.edu /export/httpd/vhosts/texasbeyondhistory/data/st-plains/peoples/images tonkmigration.jpg
2006.09.17 20:05 B L:\TBH Website Temp\st-plains\peoples\images\tonkmigration-sm.jpg --> uts.cc.utexas.edu /export/httpd/vhosts/texasbeyondhistory/data/st-plains/peoples/images tonkmigration-sm.jpg
2006.09.17 20:05 B L:\TBH Website Temp\st-plains\peoples\images\arrowbig.gif --> uts.cc.utexas.edu /export/httpd/vhosts/texasbeyondhistory/data/st-plains/peoples/images arrowbig.gif
2006.09.17 20:05 B L:\TBH Website Temp\st-plains\peoples\images\lipan.html --> uts.cc.utexas.edu /export/httpd/vhosts/texasbeyondhistory/data/st-plains/peoples/images lipan.html
2006.09.17 20:05 B L:\TBH Website Temp\st-plains\peoples\images\disease.html --> uts.cc.utexas.edu /export/httpd/vhosts/texasbeyondhistory/data/st-plains/peoples/images disease.html
2006.09.17 20:05 B L:\TBH Website Temp\st-plains\peoples\images\cabeza.html --> uts.cc.utexas.edu /export/httpd/vhosts/texasbeyondhistory/data/st-plains/peoples/images cabeza.html
2006.09.17 20:05 B L:\TBH Website Temp\st-plains\peoples\images\icon-native.jpg --> uts.cc.utexas.edu /export/httpd/vhosts/texasbeyondhistory/data/st-plains/peoples/images icon-native.jpg
2006.09.17 20:05 B L:\TBH Website Temp\st-plains\peoples\images\cabeza.jpg --> uts.cc.utexas.edu /export/httpd/vhosts/texasbeyondhistory/data/st-plains/peoples/images cabeza.jpg
2006.09.17 20:05 B L:\TBH Website Temp\st-plains\peoples\images\disease.jpg --> uts.cc.utexas.edu /export/httpd/vhosts/texasbeyondhistory/data/st-plains/peoples/images disease.jpg
2006.09.17 20:05 B L:\TBH Website Temp\st-plains\peoples\images\disease-sm.jpg --> uts.cc.utexas.edu /export/httpd/vhosts/texasbeyondhistory/data/st-plains/peoples/images disease-sm.jpg
2006.09.17 20:05 B L:\TBH Website Temp\st-plains\peoples\images\cabeza-sm.jpg --> uts.cc.utexas.edu /export/httpd/vhosts/texasbeyondhistory/data/st-plains/peoples/images cabeza-sm.jpg
2006.09.17 20:05 B L:\TBH Website Temp\st-plains\peoples\images\lipan.jpg --> uts.cc.utexas.edu /export/httpd/vhosts/texasbeyondhistory/data/st-plains/peoples/images lipan.jpg
2006.09.17 20:05 B L:\TBH Website Temp\st-plains\peoples\images\lipan-sm.jpg --> uts.cc.utexas.edu /export/httpd/vhosts/texasbeyondhistory/data/st-plains/peoples/images lipan-sm.jpg
2006.09.17 20:05 B L:\TBH Website Temp\st-plains\peoples\images\expeditionroutes-sm.jpg --> uts.cc.utexas.edu /export/httpd/vhosts/texasbeyondhistory/data/st-plains/peoples/images expeditionroutes-sm.jpg
2006.09.17 20:05 B L:\TBH Website Temp\st-plains\peoples\images\expeditionroutes.jpg --> uts.cc.utexas.edu /export/httpd/vhosts/texasbeyondhistory/data/st-plains/peoples/images expeditionroutes.jpg
2006.09.17 20:05 B L:\TBH Website Temp\st-plains\peoples\images\native-icon.jpg --> uts.cc.utexas.edu /export/httpd/vhosts/texasbeyondhistory/data/st-plains/peoples/images native-icon.jpg
2006.09.17 20:05 B L:\TBH Website Temp\st-plains\peoples\images\GuerreroPts-TRH-rev2.jpg --> uts.cc.utexas.edu /export/httpd/vhosts/texasbeyondhistory/data/st-plains/peoples/images GuerreroPts-TRH-rev2.jpg
2006.09.17 20:05 B L:\TBH Website Temp\st-plains\peoples\images\border.jpg --> uts.cc.utexas.edu /export/httpd/vhosts/texasbeyondhistory/data/st-plains/peoples/images border.jpg
2006.09.17 20:05 B L:\TBH Website Temp\st-plains\peoples\images\txtboxline.jpg --> uts.cc.utexas.edu /export/httpd/vhosts/texasbeyondhistory/data/st-plains/peoples/images txtboxline.jpg
2006.09.17 20:05 B L:\TBH Website Temp\st-plains\peoples\images\temporary-pic.jpg --> uts.cc.utexas.edu /export/httpd/vhosts/texasbeyondhistory/data/st-plains/peoples/images temporary-pic.jpg
2006.09.17 20:05 B L:\TBH Website Temp\st-plains\peoples\images\temporary.html --> uts.cc.utexas.edu /export/httpd/vhosts/texasbeyondhistory/data/st-plains/peoples/images temporary.html
2006.09.17 20:05 B L:\TBH Website Temp\st-plains\peoples\images\how-icon2.jpg --> uts.cc.utexas.edu /export/httpd/vhosts/texasbeyondhistory/data/st-plains/peoples/images how-icon2.jpg
2006.09.17 20:05 B L:\TBH Website Temp\st-plains\peoples\images\how-icon.jpg --> uts.cc.utexas.edu /export/httpd/vhosts/texasbeyondhistory/data/st-plains/peoples/images how-icon.jpg
2006.09.17 20:05 B L:\TBH Website Temp\st-plains\peoples\images\main-icon.jpg --> uts.cc.utexas.edu /export/httpd/vhosts/texasbeyondhistory/data/st-plains/peoples/images main-icon.jpg
2006.09.17 20:05 B L:\TBH Website Temp\st-plains\peoples\images\coahuiltecans.jpg --> uts.cc.utexas.edu /export/httpd/vhosts/texasbeyondhistory/data/st-plains/peoples/images coahuiltecans.jpg
2006.09.19 21:02 B L:\TBH Website Temp\st-plains\peoples\images\nancy.jpg --> uts.cc.utexas.edu /export/httpd/vhosts/texasbeyondhistory/data/st-plains/peoples/images nancy.jpg
2006.09.19 21:02 B L:\TBH Website Temp\st-plains\peoples\images\WS_FTP.LOG --> uts.cc.utexas.edu /export/httpd/vhosts/texasbeyondhistory/data/st-plains/peoples/images WS_FTP.LOG
2006.09.20 15:38 B L:\TBH Website Temp\st-plains\peoples\images\WS_FTP.LOG --> uts.cc.utexas.edu /export/httpd/vhosts/texasbeyondhistory/data/st-plains/peoples/images WS_FTP.LOG
