2001.08.31 19:53 B D:\TBH Temp\lubbock\50photos.html <-- Texas Beyond History /Website Stuff/TBH Website Temp/lubbock 50photos.html
2001.08.31 19:53 B D:\TBH Temp\lubbock\93photos.html <-- Texas Beyond History /Website Stuff/TBH Website Temp/lubbock 93photos.html
2001.08.31 19:53 B D:\TBH Temp\lubbock\index.html <-- Texas Beyond History /Website Stuff/TBH Website Temp/lubbock index.html
2001.08.31 19:53 B D:\TBH Temp\lubbock\murals.html <-- Texas Beyond History /Website Stuff/TBH Website Temp/lubbock murals.html
2001.09.01 22:27 B D:\TBH Temp\lubbock\50photos.html --> uts.cc.utexas.edu /usr/pub/www/research/tarl/abouttarl/tbh/lubbock 50photos.html
2001.09.01 22:27 B D:\TBH Temp\lubbock\93photos.html --> uts.cc.utexas.edu /usr/pub/www/research/tarl/abouttarl/tbh/lubbock 93photos.html
2001.09.01 22:27 B D:\TBH Temp\lubbock\index.html --> uts.cc.utexas.edu /usr/pub/www/research/tarl/abouttarl/tbh/lubbock index.html
2001.09.01 22:27 B D:\TBH Temp\lubbock\murals.html --> uts.cc.utexas.edu /usr/pub/www/research/tarl/abouttarl/tbh/lubbock murals.html
2001.09.04 15:37 B M:\Website Stuff\lubbock\WS_FTP.LOG <-- TARLweb /usr/pub/www/research/tarl/abouttarl/tbh/lubbock WS_FTP.LOG
2001.09.04 16:50 B C:\WINDOWS\Desktop\TBH\TBH on TEXsite\lubbock\WS_FTP.LOG <-- TARL /Website Stuff/lubbock WS_FTP.LOG
2001.09.25 19:44 B C:\WINDOWS\Desktop\TBH\Recent\lubbock\index.html <-- TARL /Website Stuff/TBH Website Temp/lubbock index.html
2001.10.02 00:33 B C:\WINDOWS\Desktop\TBH\Recent\lubbock\50photos.html --> uts.cc.utexas.edu /export/httpd/vhosts/texasbeyondhistory/data/lubbock 50photos.html
2001.10.02 00:33 B C:\WINDOWS\Desktop\TBH\Recent\lubbock\93photos.html --> uts.cc.utexas.edu /export/httpd/vhosts/texasbeyondhistory/data/lubbock 93photos.html
2001.10.02 00:33 B C:\WINDOWS\Desktop\TBH\Recent\lubbock\credits.html --> uts.cc.utexas.edu /export/httpd/vhosts/texasbeyondhistory/data/lubbock credits.html
2001.10.02 00:33 B C:\WINDOWS\Desktop\TBH\Recent\lubbock\index.html --> uts.cc.utexas.edu /export/httpd/vhosts/texasbeyondhistory/data/lubbock index.html
2001.10.02 00:33 B C:\WINDOWS\Desktop\TBH\Recent\lubbock\murals.html --> uts.cc.utexas.edu /export/httpd/vhosts/texasbeyondhistory/data/lubbock murals.html
2001.10.11 15:06 B M:\Website Stuff\TBH Website Temp\lubbock\WS_FTP.LOG <-- texasbeyondhistory /export/httpd/vhosts/texasbeyondhistory/data/lubbock WS_FTP.LOG
2002.01.08 14:30 B L:\Website Stuff\TBH Website Temp\lubbock\50photos.html --> uts.cc.utexas.edu /export/httpd/vhosts/texasbeyondhistory/data/lubbock 50photos.html
2002.01.08 14:30 B L:\Website Stuff\TBH Website Temp\lubbock\93photos.html --> uts.cc.utexas.edu /export/httpd/vhosts/texasbeyondhistory/data/lubbock 93photos.html
2002.01.08 14:30 B L:\Website Stuff\TBH Website Temp\lubbock\credits.html --> uts.cc.utexas.edu /export/httpd/vhosts/texasbeyondhistory/data/lubbock credits.html
2002.01.08 14:30 B L:\Website Stuff\TBH Website Temp\lubbock\index.html --> uts.cc.utexas.edu /export/httpd/vhosts/texasbeyondhistory/data/lubbock index.html
2002.01.08 14:30 B L:\Website Stuff\TBH Website Temp\lubbock\murals.html --> uts.cc.utexas.edu /export/httpd/vhosts/texasbeyondhistory/data/lubbock murals.html
2002.01.08 14:51 B L:\Website Stuff\TBH Website Temp\lubbock\murals.html --> uts.cc.utexas.edu /export/httpd/vhosts/texasbeyondhistory/data/lubbock murals.html
2002.02.05 10:56 B L:\Website Stuff\TBH Website Temp\lubbock\credits.html <-- texasbeyondhistory /export/httpd/vhosts/texasbeyondhistory/data/lubbock credits.html
2002.02.05 10:56 B L:\Website Stuff\TBH Website Temp\lubbock\index.html <-- texasbeyondhistory /export/httpd/vhosts/texasbeyondhistory/data/lubbock index.html
2002.02.05 11:01 B L:\Website Stuff\TBH Website Temp\lubbock\murals.html <-- texasbeyondhistory /export/httpd/vhosts/texasbeyondhistory/data/lubbock murals.html
2002.02.05 11:08 B L:\Website Stuff\TBH Website Temp\lubbock\murals.html --> uts.cc.utexas.edu /export/httpd/vhosts/texasbeyondhistory/data/lubbock murals.html
2002.02.05 11:08 B L:\Website Stuff\TBH Website Temp\lubbock\index.html --> uts.cc.utexas.edu /export/httpd/vhosts/texasbeyondhistory/data/lubbock index.html
2005.04.04 13:19 B L:\TBH Website Temp\lubbock\50photos.html --> uts.cc.utexas.edu /export/httpd/vhosts/texasbeyondhistory/data/lubbock 50photos.html
2005.04.04 13:19 B L:\TBH Website Temp\lubbock\93photos.html --> uts.cc.utexas.edu /export/httpd/vhosts/texasbeyondhistory/data/lubbock 93photos.html
2005.04.04 13:19 B L:\TBH Website Temp\lubbock\credits.html --> uts.cc.utexas.edu /export/httpd/vhosts/texasbeyondhistory/data/lubbock credits.html
2005.04.04 13:19 B L:\TBH Website Temp\lubbock\index.html --> uts.cc.utexas.edu /export/httpd/vhosts/texasbeyondhistory/data/lubbock index.html
2005.04.04 13:19 B L:\TBH Website Temp\lubbock\murals.html --> uts.cc.utexas.edu /export/httpd/vhosts/texasbeyondhistory/data/lubbock murals.html
2005.06.19 11:39 B L:\TBH Website Temp\lubbock\WS_FTP.LOG <-- texasbeyondhistory /export/httpd/vhosts/texasbeyondhistory/data/lubbock WS_FTP.LOG
2006.03.15 12:53 B L:\TBH Website Temp\lubbock\credits.html --> uts.cc.utexas.edu /export/httpd/vhosts/texasbeyondhistory/data/lubbock credits.html
2006.11.02 10:28 B L:\TBH Website Temp\lubbock\50photos.html --> uts.cc.utexas.edu /export/httpd/vhosts/texasbeyondhistory/data/lubbock 50photos.html
2006.11.02 10:28 B L:\TBH Website Temp\lubbock\93photos.html --> uts.cc.utexas.edu /export/httpd/vhosts/texasbeyondhistory/data/lubbock 93photos.html
2006.11.02 10:28 B L:\TBH Website Temp\lubbock\credits.html --> uts.cc.utexas.edu /export/httpd/vhosts/texasbeyondhistory/data/lubbock credits.html
2006.11.02 10:28 B L:\TBH Website Temp\lubbock\index.html --> uts.cc.utexas.edu /export/httpd/vhosts/texasbeyondhistory/data/lubbock index.html
2006.11.02 10:28 B L:\TBH Website Temp\lubbock\murals.html --> uts.cc.utexas.edu /export/httpd/vhosts/texasbeyondhistory/data/lubbock murals.html
