2003.08.04 16:25 B K:\TBH Website Temp\tejas\voices\images\1835-la-cession-lg.jpg --> uts.cc.utexas.edu /export/httpd/vhosts/texasbeyondhistory/data/tejas/voices/images 1835-la-cession-lg.jpg
2003.08.04 16:25 B K:\TBH Website Temp\tejas\voices\images\1835-la-cession-sm.jpg --> uts.cc.utexas.edu /export/httpd/vhosts/texasbeyondhistory/data/tejas/voices/images 1835-la-cession-sm.jpg
2003.08.04 16:25 B K:\TBH Website Temp\tejas\voices\images\1835-la-cession.html --> uts.cc.utexas.edu /export/httpd/vhosts/texasbeyondhistory/data/tejas/voices/images 1835-la-cession.html
2003.08.04 16:25 B K:\TBH Website Temp\tejas\voices\images\1835-treaty-lg.jpg --> uts.cc.utexas.edu /export/httpd/vhosts/texasbeyondhistory/data/tejas/voices/images 1835-treaty-lg.jpg
2003.08.04 16:25 B K:\TBH Website Temp\tejas\voices\images\1884-indian-territory-lg.jpg --> uts.cc.utexas.edu /export/httpd/vhosts/texasbeyondhistory/data/tejas/voices/images 1884-indian-territory-lg.jpg
2003.08.04 16:25 B K:\TBH Website Temp\tejas\voices\images\1884-indian-territory-sm.jpg --> uts.cc.utexas.edu /export/httpd/vhosts/texasbeyondhistory/data/tejas/voices/images 1884-indian-territory-sm.jpg
2003.08.04 16:25 B K:\TBH Website Temp\tejas\voices\images\1884-indian-territory.html --> uts.cc.utexas.edu /export/httpd/vhosts/texasbeyondhistory/data/tejas/voices/images 1884-indian-territory.html
2003.08.04 16:25 B K:\TBH Website Temp\tejas\voices\images\1889-it-map-lg.jpg --> uts.cc.utexas.edu /export/httpd/vhosts/texasbeyondhistory/data/tejas/voices/images 1889-it-map-lg.jpg
2003.08.04 16:25 B K:\TBH Website Temp\tejas\voices\images\1889-it-map-sm.jpg --> uts.cc.utexas.edu /export/httpd/vhosts/texasbeyondhistory/data/tejas/voices/images 1889-it-map-sm.jpg
2003.08.04 16:25 B K:\TBH Website Temp\tejas\voices\images\1889-it.html --> uts.cc.utexas.edu /export/httpd/vhosts/texasbeyondhistory/data/tejas/voices/images 1889-it.html
2003.08.04 16:25 B K:\TBH Website Temp\tejas\voices\images\allotment-title-lg.jpg --> uts.cc.utexas.edu /export/httpd/vhosts/texasbeyondhistory/data/tejas/voices/images allotment-title-lg.jpg
2003.08.04 16:25 B K:\TBH Website Temp\tejas\voices\images\allotment-title-sm.jpg --> uts.cc.utexas.edu /export/httpd/vhosts/texasbeyondhistory/data/tejas/voices/images allotment-title-sm.jpg
2003.08.04 16:25 B K:\TBH Website Temp\tejas\voices\images\allotment-title.html --> uts.cc.utexas.edu /export/httpd/vhosts/texasbeyondhistory/data/tejas/voices/images allotment-title.html
2003.08.04 16:25 B K:\TBH Website Temp\tejas\voices\images\amos-longhat-lg.jpg --> uts.cc.utexas.edu /export/httpd/vhosts/texasbeyondhistory/data/tejas/voices/images amos-longhat-lg.jpg
2003.08.04 16:25 B K:\TBH Website Temp\tejas\voices\images\amos-longhat-sm.jpg --> uts.cc.utexas.edu /export/httpd/vhosts/texasbeyondhistory/data/tejas/voices/images amos-longhat-sm.jpg
2003.08.04 16:25 B K:\TBH Website Temp\tejas\voices\images\amos-longhat.html --> uts.cc.utexas.edu /export/httpd/vhosts/texasbeyondhistory/data/tejas/voices/images amos-longhat.html
2003.08.04 16:25 B K:\TBH Website Temp\tejas\voices\images\ark_corn-sm.jpg --> uts.cc.utexas.edu /export/httpd/vhosts/texasbeyondhistory/data/tejas/voices/images ark_corn-sm.jpg
2003.08.04 16:25 B K:\TBH Website Temp\tejas\voices\images\arrowsmith-1841-2-lg.jpg --> uts.cc.utexas.edu /export/httpd/vhosts/texasbeyondhistory/data/tejas/voices/images arrowsmith-1841-2-lg.jpg
2003.08.04 16:25 B K:\TBH Website Temp\tejas\voices\images\arrowsmith-1841-2-sm.jpg --> uts.cc.utexas.edu /export/httpd/vhosts/texasbeyondhistory/data/tejas/voices/images arrowsmith-1841-2-sm.jpg
2003.08.04 16:25 B K:\TBH Website Temp\tejas\voices\images\arrowsmith-1841-2.html --> uts.cc.utexas.edu /export/httpd/vhosts/texasbeyondhistory/data/tejas/voices/images arrowsmith-1841-2.html
2003.08.04 16:25 B K:\TBH Website Temp\tejas\voices\images\arrowsmith-1841-lg.jpg --> uts.cc.utexas.edu /export/httpd/vhosts/texasbeyondhistory/data/tejas/voices/images arrowsmith-1841-lg.jpg
2003.08.04 16:25 B K:\TBH Website Temp\tejas\voices\images\arrowsmith-1841.html --> uts.cc.utexas.edu /export/httpd/vhosts/texasbeyondhistory/data/tejas/voices/images arrowsmith-1841.html
2003.08.04 16:25 B K:\TBH Website Temp\tejas\voices\images\arrowsmith-1841.jpg --> uts.cc.utexas.edu /export/httpd/vhosts/texasbeyondhistory/data/tejas/voices/images arrowsmith-1841.jpg
2003.08.04 16:25 B K:\TBH Website Temp\tejas\voices\images\arrowsmith-detail-lg.jpg --> uts.cc.utexas.edu /export/httpd/vhosts/texasbeyondhistory/data/tejas/voices/images arrowsmith-detail-lg.jpg
2003.08.04 16:25 B K:\TBH Website Temp\tejas\voices\images\arrowsmith-detail-sm.jpg --> uts.cc.utexas.edu /export/httpd/vhosts/texasbeyondhistory/data/tejas/voices/images arrowsmith-detail-sm.jpg
2003.08.04 16:25 B K:\TBH Website Temp\tejas\voices\images\arrowsmith-detail.html --> uts.cc.utexas.edu /export/httpd/vhosts/texasbeyondhistory/data/tejas/voices/images arrowsmith-detail.html
2003.08.04 16:25 B K:\TBH Website Temp\tejas\voices\images\asher-adams-1874-2-lg.jpg --> uts.cc.utexas.edu /export/httpd/vhosts/texasbeyondhistory/data/tejas/voices/images asher-adams-1874-2-lg.jpg
2003.08.04 16:25 B K:\TBH Website Temp\tejas\voices\images\asher-adams-1874-2-sm.jpg --> uts.cc.utexas.edu /export/httpd/vhosts/texasbeyondhistory/data/tejas/voices/images asher-adams-1874-2-sm.jpg
2003.08.04 16:25 B K:\TBH Website Temp\tejas\voices\images\asher-adams-1874-2.html --> uts.cc.utexas.edu /export/httpd/vhosts/texasbeyondhistory/data/tejas/voices/images asher-adams-1874-2.html
2003.08.04 16:25 B K:\TBH Website Temp\tejas\voices\images\billy-thomas2-lg.jpg --> uts.cc.utexas.edu /export/httpd/vhosts/texasbeyondhistory/data/tejas/voices/images billy-thomas2-lg.jpg
2003.08.04 16:25 B K:\TBH Website Temp\tejas\voices\images\bintah-document-lg.jpg --> uts.cc.utexas.edu /export/httpd/vhosts/texasbeyondhistory/data/tejas/voices/images bintah-document-lg.jpg
2003.08.04 16:25 B K:\TBH Website Temp\tejas\voices\images\bintah-document-sm.jpg --> uts.cc.utexas.edu /export/httpd/vhosts/texasbeyondhistory/data/tejas/voices/images bintah-document-sm.jpg
2003.08.04 16:25 B K:\TBH Website Temp\tejas\voices\images\birds-fort-lg.jpg --> uts.cc.utexas.edu /export/httpd/vhosts/texasbeyondhistory/data/tejas/voices/images birds-fort-lg.jpg
2003.08.04 16:25 B K:\TBH Website Temp\tejas\voices\images\birds-fort-sm.jpg --> uts.cc.utexas.edu /export/httpd/vhosts/texasbeyondhistory/data/tejas/voices/images birds-fort-sm.jpg
2003.08.04 16:25 B K:\TBH Website Temp\tejas\voices\images\birds-fort.html --> uts.cc.utexas.edu /export/httpd/vhosts/texasbeyondhistory/data/tejas/voices/images birds-fort.html
2003.08.04 16:25 B K:\TBH Website Temp\tejas\voices\images\bitnah-document.html --> uts.cc.utexas.edu /export/httpd/vhosts/texasbeyondhistory/data/tejas/voices/images bitnah-document.html
2003.08.04 16:25 B K:\TBH Website Temp\tejas\voices\images\bob-dunlap-lg.jpg --> uts.cc.utexas.edu /export/httpd/vhosts/texasbeyondhistory/data/tejas/voices/images bob-dunlap-lg.jpg
2003.08.04 16:25 B K:\TBH Website Temp\tejas\voices\images\bob-dunlap-sm.jpg --> uts.cc.utexas.edu /export/httpd/vhosts/texasbeyondhistory/data/tejas/voices/images bob-dunlap-sm.jpg
2003.08.04 16:25 B K:\TBH Website Temp\tejas\voices\images\bob-dunlap.html --> uts.cc.utexas.edu /export/httpd/vhosts/texasbeyondhistory/data/tejas/voices/images bob-dunlap.html
2003.08.04 16:25 B K:\TBH Website Temp\tejas\voices\images\bowie-fights-caddo.jpg --> uts.cc.utexas.edu /export/httpd/vhosts/texasbeyondhistory/data/tejas/voices/images bowie-fights-caddo.jpg
2003.08.04 16:25 B K:\TBH Website Temp\tejas\voices\images\burning-house-2-lg.jpg --> uts.cc.utexas.edu /export/httpd/vhosts/texasbeyondhistory/data/tejas/voices/images burning-house-2-lg.jpg
2003.08.04 16:25 B K:\TBH Website Temp\tejas\voices\images\burning-house-2-sm.jpg --> uts.cc.utexas.edu /export/httpd/vhosts/texasbeyondhistory/data/tejas/voices/images burning-house-2-sm.jpg
2003.08.04 16:25 B K:\TBH Website Temp\tejas\voices\images\burning-house-2.html --> uts.cc.utexas.edu /export/httpd/vhosts/texasbeyondhistory/data/tejas/voices/images burning-house-2.html
2003.08.04 16:25 B K:\TBH Website Temp\tejas\voices\images\burning-house-lg.jpg --> uts.cc.utexas.edu /export/httpd/vhosts/texasbeyondhistory/data/tejas/voices/images burning-house-lg.jpg
2003.08.04 16:25 B K:\TBH Website Temp\tejas\voices\images\burning-house-sm.jpg --> uts.cc.utexas.edu /export/httpd/vhosts/texasbeyondhistory/data/tejas/voices/images burning-house-sm.jpg
2003.08.04 16:25 B K:\TBH Website Temp\tejas\voices\images\burning-house.html --> uts.cc.utexas.edu /export/httpd/vhosts/texasbeyondhistory/data/tejas/voices/images burning-house.html
2003.08.04 16:25 B K:\TBH Website Temp\tejas\voices\images\butler-school-1871-lg.jpg --> uts.cc.utexas.edu /export/httpd/vhosts/texasbeyondhistory/data/tejas/voices/images butler-school-1871-lg.jpg
2003.08.04 16:25 B K:\TBH Website Temp\tejas\voices\images\butler-school-1871-sm.jpg --> uts.cc.utexas.edu /export/httpd/vhosts/texasbeyondhistory/data/tejas/voices/images butler-school-1871-sm.jpg
2003.08.04 16:25 B K:\TBH Website Temp\tejas\voices\images\butler-school-1871.html --> uts.cc.utexas.edu /export/httpd/vhosts/texasbeyondhistory/data/tejas/voices/images butler-school-1871.html
2003.08.04 16:25 B K:\TBH Website Temp\tejas\voices\images\cannon-woman-study-lg.jpg --> uts.cc.utexas.edu /export/httpd/vhosts/texasbeyondhistory/data/tejas/voices/images cannon-woman-study-lg.jpg
2003.08.04 16:25 B K:\TBH Website Temp\tejas\voices\images\cannon-woman-study-sm.jpg --> uts.cc.utexas.edu /export/httpd/vhosts/texasbeyondhistory/data/tejas/voices/images cannon-woman-study-sm.jpg
2003.08.04 16:25 B K:\TBH Website Temp\tejas\voices\images\cannon-woman-study.html --> uts.cc.utexas.edu /export/httpd/vhosts/texasbeyondhistory/data/tejas/voices/images cannon-woman-study.html
2003.08.04 16:25 B K:\TBH Website Temp\tejas\voices\images\enoch-hoag-2-lg.jpg --> uts.cc.utexas.edu /export/httpd/vhosts/texasbeyondhistory/data/tejas/voices/images enoch-hoag-2-lg.jpg
2003.08.04 16:25 B K:\TBH Website Temp\tejas\voices\images\enoch-hoag-2-sm.jpg --> uts.cc.utexas.edu /export/httpd/vhosts/texasbeyondhistory/data/tejas/voices/images enoch-hoag-2-sm.jpg
2003.08.04 16:25 B K:\TBH Website Temp\tejas\voices\images\enoch-hoag-2.html --> uts.cc.utexas.edu /export/httpd/vhosts/texasbeyondhistory/data/tejas/voices/images enoch-hoag-2.html
2003.08.04 16:25 B K:\TBH Website Temp\tejas\voices\images\enoch-hoag-lg.jpg --> uts.cc.utexas.edu /export/httpd/vhosts/texasbeyondhistory/data/tejas/voices/images enoch-hoag-lg.jpg
2003.08.04 16:25 B K:\TBH Website Temp\tejas\voices\images\enoch-hoag-sm.jpg --> uts.cc.utexas.edu /export/httpd/vhosts/texasbeyondhistory/data/tejas/voices/images enoch-hoag-sm.jpg
2003.08.04 16:25 B K:\TBH Website Temp\tejas\voices\images\fannie-brown-house-lg.jpg --> uts.cc.utexas.edu /export/httpd/vhosts/texasbeyondhistory/data/tejas/voices/images fannie-brown-house-lg.jpg
2003.08.04 16:25 B K:\TBH Website Temp\tejas\voices\images\fannie-brown-house-sm.jpg --> uts.cc.utexas.edu /export/httpd/vhosts/texasbeyondhistory/data/tejas/voices/images fannie-brown-house-sm.jpg
2003.08.04 16:25 B K:\TBH Website Temp\tejas\voices\images\fannie-brown-house.html --> uts.cc.utexas.edu /export/httpd/vhosts/texasbeyondhistory/data/tejas/voices/images fannie-brown-house.html
2003.08.04 16:25 B K:\TBH Website Temp\tejas\voices\images\fort_arbuckle-lg.jpg --> uts.cc.utexas.edu /export/httpd/vhosts/texasbeyondhistory/data/tejas/voices/images fort_arbuckle-lg.jpg
2003.08.04 16:25 B K:\TBH Website Temp\tejas\voices\images\fort_arbuckle-sm.jpg --> uts.cc.utexas.edu /export/httpd/vhosts/texasbeyondhistory/data/tejas/voices/images fort_arbuckle-sm.jpg
2003.08.04 16:25 B K:\TBH Website Temp\tejas\voices\images\fort_arbukle.html --> uts.cc.utexas.edu /export/httpd/vhosts/texasbeyondhistory/data/tejas/voices/images fort_arbukle.html
2003.08.04 16:25 B K:\TBH Website Temp\tejas\voices\images\george-parton-1890s-sm.jpg --> uts.cc.utexas.edu /export/httpd/vhosts/texasbeyondhistory/data/tejas/voices/images george-parton-1890s-sm.jpg
2003.08.04 16:25 B K:\TBH Website Temp\tejas\voices\images\george-parton-1890s.html --> uts.cc.utexas.edu /export/httpd/vhosts/texasbeyondhistory/data/tejas/voices/images george-parton-1890s.html
2003.08.04 16:25 B K:\TBH Website Temp\tejas\voices\images\george-parton-1890s.jpg --> uts.cc.utexas.edu /export/httpd/vhosts/texasbeyondhistory/data/tejas/voices/images george-parton-1890s.jpg
2003.08.04 16:25 B K:\TBH Website Temp\tejas\voices\images\george-washington-lg.jpg --> uts.cc.utexas.edu /export/httpd/vhosts/texasbeyondhistory/data/tejas/voices/images george-washington-lg.jpg
2003.08.04 16:25 B K:\TBH Website Temp\tejas\voices\images\george-washington-sm.jpg --> uts.cc.utexas.edu /export/httpd/vhosts/texasbeyondhistory/data/tejas/voices/images george-washington-sm.jpg
2003.08.04 16:25 B K:\TBH Website Temp\tejas\voices\images\george-washington2-lg.jpg --> uts.cc.utexas.edu /export/httpd/vhosts/texasbeyondhistory/data/tejas/voices/images george-washington2-lg.jpg
2003.08.04 16:25 B K:\TBH Website Temp\tejas\voices\images\george-washington2-sm.jpg --> uts.cc.utexas.edu /export/httpd/vhosts/texasbeyondhistory/data/tejas/voices/images george-washington2-sm.jpg
2003.08.04 16:25 B K:\TBH Website Temp\tejas\voices\images\george-washington2.html --> uts.cc.utexas.edu /export/httpd/vhosts/texasbeyondhistory/data/tejas/voices/images george-washington2.html
2003.08.04 16:25 B K:\TBH Website Temp\tejas\voices\images\george_washington.html --> uts.cc.utexas.edu /export/httpd/vhosts/texasbeyondhistory/data/tejas/voices/images george_washington.html
2003.08.04 16:25 B K:\TBH Website Temp\tejas\voices\images\ghost-dance-lg.jpg --> uts.cc.utexas.edu /export/httpd/vhosts/texasbeyondhistory/data/tejas/voices/images ghost-dance-lg.jpg
2003.08.04 16:25 B K:\TBH Website Temp\tejas\voices\images\ghost-dance-sm.jpg --> uts.cc.utexas.edu /export/httpd/vhosts/texasbeyondhistory/data/tejas/voices/images ghost-dance-sm.jpg
2003.08.04 16:25 B K:\TBH Website Temp\tejas\voices\images\ghost-dance.html --> uts.cc.utexas.edu /export/httpd/vhosts/texasbeyondhistory/data/tejas/voices/images ghost-dance.html
2003.08.04 16:25 B K:\TBH Website Temp\tejas\voices\images\guadelupe-lg.jpg --> uts.cc.utexas.edu /export/httpd/vhosts/texasbeyondhistory/data/tejas/voices/images guadelupe-lg.jpg
2003.08.04 16:25 B K:\TBH Website Temp\tejas\voices\images\guadelupe-sm.jpg --> uts.cc.utexas.edu /export/httpd/vhosts/texasbeyondhistory/data/tejas/voices/images guadelupe-sm.jpg
2003.08.04 16:25 B K:\TBH Website Temp\tejas\voices\images\guadelupe.html --> uts.cc.utexas.edu /export/httpd/vhosts/texasbeyondhistory/data/tejas/voices/images guadelupe.html
2003.08.04 16:25 B K:\TBH Website Temp\tejas\voices\images\indian-territory-1866-1889-lg.jpg --> uts.cc.utexas.edu /export/httpd/vhosts/texasbeyondhistory/data/tejas/voices/images indian-territory-1866-1889-lg.jpg
2003.08.04 16:25 B K:\TBH Website Temp\tejas\voices\images\indian-territory-1866-1889-sm.jpg --> uts.cc.utexas.edu /export/httpd/vhosts/texasbeyondhistory/data/tejas/voices/images indian-territory-1866-1889-sm.jpg
2003.08.04 16:25 B K:\TBH Website Temp\tejas\voices\images\indian-territory-1866-1889.html --> uts.cc.utexas.edu /export/httpd/vhosts/texasbeyondhistory/data/tejas/voices/images indian-territory-1866-1889.html
2003.08.04 16:25 B K:\TBH Website Temp\tejas\voices\images\jackson-1864-2-lg.jpg --> uts.cc.utexas.edu /export/httpd/vhosts/texasbeyondhistory/data/tejas/voices/images jackson-1864-2-lg.jpg
2003.08.04 16:25 B K:\TBH Website Temp\tejas\voices\images\jackson-1869-2-sm.jpg --> uts.cc.utexas.edu /export/httpd/vhosts/texasbeyondhistory/data/tejas/voices/images jackson-1869-2-sm.jpg
2003.08.04 16:25 B K:\TBH Website Temp\tejas\voices\images\jackson-1869-2.html --> uts.cc.utexas.edu /export/httpd/vhosts/texasbeyondhistory/data/tejas/voices/images jackson-1869-2.html
2003.08.04 16:25 B K:\TBH Website Temp\tejas\voices\images\jackson-1869-arbuckle-lg.jpg --> uts.cc.utexas.edu /export/httpd/vhosts/texasbeyondhistory/data/tejas/voices/images jackson-1869-arbuckle-lg.jpg
2003.08.04 16:25 B K:\TBH Website Temp\tejas\voices\images\jackson-1869-arbuckle-sm.jpg --> uts.cc.utexas.edu /export/httpd/vhosts/texasbeyondhistory/data/tejas/voices/images jackson-1869-arbuckle-sm.jpg
2003.08.04 16:25 B K:\TBH Website Temp\tejas\voices\images\jackson-1869-arbuckle.html --> uts.cc.utexas.edu /export/httpd/vhosts/texasbeyondhistory/data/tejas/voices/images jackson-1869-arbuckle.html
2003.08.04 16:25 B K:\TBH Website Temp\tejas\voices\images\jackson-1869-cobb-lg.jpg --> uts.cc.utexas.edu /export/httpd/vhosts/texasbeyondhistory/data/tejas/voices/images jackson-1869-cobb-lg.jpg
2003.08.04 16:25 B K:\TBH Website Temp\tejas\voices\images\jackson-1869-cobb-sm.jpg --> uts.cc.utexas.edu /export/httpd/vhosts/texasbeyondhistory/data/tejas/voices/images jackson-1869-cobb-sm.jpg
2003.08.04 16:25 B K:\TBH Website Temp\tejas\voices\images\jackson-1869-cobb.html --> uts.cc.utexas.edu /export/httpd/vhosts/texasbeyondhistory/data/tejas/voices/images jackson-1869-cobb.html
2003.08.04 16:25 B K:\TBH Website Temp\tejas\voices\images\jackson-1869-lg.jpg --> uts.cc.utexas.edu /export/httpd/vhosts/texasbeyondhistory/data/tejas/voices/images jackson-1869-lg.jpg
2003.08.04 16:25 B K:\TBH Website Temp\tejas\voices\images\jackson-1869-sm.jpg --> uts.cc.utexas.edu /export/httpd/vhosts/texasbeyondhistory/data/tejas/voices/images jackson-1869-sm.jpg
2003.08.04 16:25 B K:\TBH Website Temp\tejas\voices\images\jackson-1869.html --> uts.cc.utexas.edu /export/httpd/vhosts/texasbeyondhistory/data/tejas/voices/images jackson-1869.html
2003.08.04 16:25 B K:\TBH Website Temp\tejas\voices\images\john-wilson-lg.jpg --> uts.cc.utexas.edu /export/httpd/vhosts/texasbeyondhistory/data/tejas/voices/images john-wilson-lg.jpg
2003.08.04 16:25 B K:\TBH Website Temp\tejas\voices\images\john-wilson-sm.jpg --> uts.cc.utexas.edu /export/httpd/vhosts/texasbeyondhistory/data/tejas/voices/images john-wilson-sm.jpg
2003.08.04 16:25 B K:\TBH Website Temp\tejas\voices\images\john-wilson.html --> uts.cc.utexas.edu /export/httpd/vhosts/texasbeyondhistory/data/tejas/voices/images john-wilson.html
2003.08.04 16:25 B K:\TBH Website Temp\tejas\voices\images\jose-maria-3-lg.jpg --> uts.cc.utexas.edu /export/httpd/vhosts/texasbeyondhistory/data/tejas/voices/images jose-maria-3-lg.jpg
2003.08.04 16:25 B K:\TBH Website Temp\tejas\voices\images\jose-maria-3-sm.jpg --> uts.cc.utexas.edu /export/httpd/vhosts/texasbeyondhistory/data/tejas/voices/images jose-maria-3-sm.jpg
2003.08.04 16:25 B K:\TBH Website Temp\tejas\voices\images\julia-2-lg.jpg --> uts.cc.utexas.edu /export/httpd/vhosts/texasbeyondhistory/data/tejas/voices/images julia-2-lg.jpg
2003.08.04 16:25 B K:\TBH Website Temp\tejas\voices\images\julia-2-sm.jpg --> uts.cc.utexas.edu /export/httpd/vhosts/texasbeyondhistory/data/tejas/voices/images julia-2-sm.jpg
2003.08.04 16:25 B K:\TBH Website Temp\tejas\voices\images\julia-2.html --> uts.cc.utexas.edu /export/httpd/vhosts/texasbeyondhistory/data/tejas/voices/images julia-2.html
2003.08.04 16:25 B K:\TBH Website Temp\tejas\voices\images\kemble-1857-lg.jpg --> uts.cc.utexas.edu /export/httpd/vhosts/texasbeyondhistory/data/tejas/voices/images kemble-1857-lg.jpg
2003.08.04 16:25 B K:\TBH Website Temp\tejas\voices\images\kemble-1857-sm.jpg --> uts.cc.utexas.edu /export/httpd/vhosts/texasbeyondhistory/data/tejas/voices/images kemble-1857-sm.jpg
2003.08.04 16:25 B K:\TBH Website Temp\tejas\voices\images\kemble-1857.html --> uts.cc.utexas.edu /export/httpd/vhosts/texasbeyondhistory/data/tejas/voices/images kemble-1857.html
2003.08.04 16:25 B K:\TBH Website Temp\tejas\voices\images\lange-1854-lg.jpg --> uts.cc.utexas.edu /export/httpd/vhosts/texasbeyondhistory/data/tejas/voices/images lange-1854-lg.jpg
2003.08.04 16:25 B K:\TBH Website Temp\tejas\voices\images\lange-1854-sm.jpg --> uts.cc.utexas.edu /export/httpd/vhosts/texasbeyondhistory/data/tejas/voices/images lange-1854-sm.jpg
2003.08.04 16:25 B K:\TBH Website Temp\tejas\voices\images\lange-1854.html --> uts.cc.utexas.edu /export/httpd/vhosts/texasbeyondhistory/data/tejas/voices/images lange-1854.html
2003.08.04 16:25 B K:\TBH Website Temp\tejas\voices\images\lilie-whitehorn-lg.jpg --> uts.cc.utexas.edu /export/httpd/vhosts/texasbeyondhistory/data/tejas/voices/images lilie-whitehorn-lg.jpg
2003.08.04 16:25 B K:\TBH Website Temp\tejas\voices\images\lilie-whitehorn-sm.jpg --> uts.cc.utexas.edu /export/httpd/vhosts/texasbeyondhistory/data/tejas/voices/images lilie-whitehorn-sm.jpg
2003.08.04 16:25 B K:\TBH Website Temp\tejas\voices\images\lilie-whitehorn.html --> uts.cc.utexas.edu /export/httpd/vhosts/texasbeyondhistory/data/tejas/voices/images lilie-whitehorn.html
2003.08.04 16:25 B K:\TBH Website Temp\tejas\voices\images\limbstwigs.gif --> uts.cc.utexas.edu /export/httpd/vhosts/texasbeyondhistory/data/tejas/voices/images limbstwigs.gif
2003.08.04 16:25 B K:\TBH Website Temp\tejas\voices\images\lone-star.jpg --> uts.cc.utexas.edu /export/httpd/vhosts/texasbeyondhistory/data/tejas/voices/images lone-star.jpg
2003.08.04 16:25 B K:\TBH Website Temp\tejas\voices\images\long-hat-picket-lg.jpg --> uts.cc.utexas.edu /export/httpd/vhosts/texasbeyondhistory/data/tejas/voices/images long-hat-picket-lg.jpg
2003.08.04 16:25 B K:\TBH Website Temp\tejas\voices\images\long-hat-picket-sm.jpg --> uts.cc.utexas.edu /export/httpd/vhosts/texasbeyondhistory/data/tejas/voices/images long-hat-picket-sm.jpg
2003.08.04 16:25 B K:\TBH Website Temp\tejas\voices\images\long-hat-picket.html --> uts.cc.utexas.edu /export/httpd/vhosts/texasbeyondhistory/data/tejas/voices/images long-hat-picket.html
2003.08.04 16:25 B K:\TBH Website Temp\tejas\voices\images\louisiana-purchase-lg.jpg --> uts.cc.utexas.edu /export/httpd/vhosts/texasbeyondhistory/data/tejas/voices/images louisiana-purchase-lg.jpg
2003.08.04 16:25 B K:\TBH Website Temp\tejas\voices\images\louisiana-purchase-sm.jpg --> uts.cc.utexas.edu /export/httpd/vhosts/texasbeyondhistory/data/tejas/voices/images louisiana-purchase-sm.jpg
2003.08.04 16:25 B K:\TBH Website Temp\tejas\voices\images\louisiana-purchase.html --> uts.cc.utexas.edu /export/httpd/vhosts/texasbeyondhistory/data/tejas/voices/images louisiana-purchase.html
2003.08.04 16:25 B K:\TBH Website Temp\tejas\voices\images\map-caddo-hasinai-lg.jpg --> uts.cc.utexas.edu /export/httpd/vhosts/texasbeyondhistory/data/tejas/voices/images map-caddo-hasinai-lg.jpg
2003.08.04 16:25 B K:\TBH Website Temp\tejas\voices\images\map-caddo-hasinai-sm.jpg --> uts.cc.utexas.edu /export/httpd/vhosts/texasbeyondhistory/data/tejas/voices/images map-caddo-hasinai-sm.jpg
2003.08.04 16:25 B K:\TBH Website Temp\tejas\voices\images\map-caddo-hasinai.html --> uts.cc.utexas.edu /export/httpd/vhosts/texasbeyondhistory/data/tejas/voices/images map-caddo-hasinai.html
2003.08.04 16:25 B K:\TBH Website Temp\tejas\voices\images\mmith-treaty-1835-lg.jpg --> uts.cc.utexas.edu /export/httpd/vhosts/texasbeyondhistory/data/tejas/voices/images mmith-treaty-1835-lg.jpg
2003.08.04 16:25 B K:\TBH Website Temp\tejas\voices\images\mmith-treaty-1835-sm.jpg --> uts.cc.utexas.edu /export/httpd/vhosts/texasbeyondhistory/data/tejas/voices/images mmith-treaty-1835-sm.jpg
2003.08.04 16:25 B K:\TBH Website Temp\tejas\voices\images\mmith-treaty-1835.html --> uts.cc.utexas.edu /export/httpd/vhosts/texasbeyondhistory/data/tejas/voices/images mmith-treaty-1835.html
2003.08.04 16:25 B K:\TBH Website Temp\tejas\voices\images\removal-from-texas.jpg --> uts.cc.utexas.edu /export/httpd/vhosts/texasbeyondhistory/data/tejas/voices/images removal-from-texas.jpg
2003.08.04 16:25 B K:\TBH Website Temp\tejas\voices\images\sam-houston-lg.jpg --> uts.cc.utexas.edu /export/httpd/vhosts/texasbeyondhistory/data/tejas/voices/images sam-houston-lg.jpg
2003.08.04 16:25 B K:\TBH Website Temp\tejas\voices\images\sam-houston-sm.jpg --> uts.cc.utexas.edu /export/httpd/vhosts/texasbeyondhistory/data/tejas/voices/images sam-houston-sm.jpg
2003.08.04 16:25 B K:\TBH Website Temp\tejas\voices\images\sf-austin-1830-lg.jpg --> uts.cc.utexas.edu /export/httpd/vhosts/texasbeyondhistory/data/tejas/voices/images sf-austin-1830-lg.jpg
2003.08.04 16:25 B K:\TBH Website Temp\tejas\voices\images\sf-austin-1830-sm.jpg --> uts.cc.utexas.edu /export/httpd/vhosts/texasbeyondhistory/data/tejas/voices/images sf-austin-1830-sm.jpg
2003.08.04 16:25 B K:\TBH Website Temp\tejas\voices\images\sf-austin.html --> uts.cc.utexas.edu /export/httpd/vhosts/texasbeyondhistory/data/tejas/voices/images sf-austin.html
2003.08.04 16:25 B K:\TBH Website Temp\tejas\voices\images\smith-1835-1854-lg.jpg --> uts.cc.utexas.edu /export/httpd/vhosts/texasbeyondhistory/data/tejas/voices/images smith-1835-1854-lg.jpg
2003.08.04 16:25 B K:\TBH Website Temp\tejas\voices\images\smith-1835-1854-sm.jpg --> uts.cc.utexas.edu /export/httpd/vhosts/texasbeyondhistory/data/tejas/voices/images smith-1835-1854-sm.jpg
2003.08.04 16:25 B K:\TBH Website Temp\tejas\voices\images\smith-1835-1854.html --> uts.cc.utexas.edu /export/httpd/vhosts/texasbeyondhistory/data/tejas/voices/images smith-1835-1854.html
2003.08.04 16:25 B K:\TBH Website Temp\tejas\voices\images\stanley-edge-1898-2-lg.jpg --> uts.cc.utexas.edu /export/httpd/vhosts/texasbeyondhistory/data/tejas/voices/images stanley-edge-1898-2-lg.jpg
2003.08.04 16:25 B K:\TBH Website Temp\tejas\voices\images\stanley-edge-1898-2-sm.jpg --> uts.cc.utexas.edu /export/httpd/vhosts/texasbeyondhistory/data/tejas/voices/images stanley-edge-1898-2-sm.jpg
2003.08.04 16:25 B K:\TBH Website Temp\tejas\voices\images\stanley-edge-1898-2.html --> uts.cc.utexas.edu /export/httpd/vhosts/texasbeyondhistory/data/tejas/voices/images stanley-edge-1898-2.html
2003.08.04 16:25 B K:\TBH Website Temp\tejas\voices\images\stanley-edge-1898-lg.jpg --> uts.cc.utexas.edu /export/httpd/vhosts/texasbeyondhistory/data/tejas/voices/images stanley-edge-1898-lg.jpg
2003.08.04 16:25 B K:\TBH Website Temp\tejas\voices\images\stanley-edge-1898-sm.jpg --> uts.cc.utexas.edu /export/httpd/vhosts/texasbeyondhistory/data/tejas/voices/images stanley-edge-1898-sm.jpg
2003.08.04 16:25 B K:\TBH Website Temp\tejas\voices\images\stanley-edge-1898.html --> uts.cc.utexas.edu /export/httpd/vhosts/texasbeyondhistory/data/tejas/voices/images stanley-edge-1898.html
2003.08.04 16:25 B K:\TBH Website Temp\tejas\voices\images\thomas-wister-1898-2-lg.jpg --> uts.cc.utexas.edu /export/httpd/vhosts/texasbeyondhistory/data/tejas/voices/images thomas-wister-1898-2-lg.jpg
2003.08.04 16:25 B K:\TBH Website Temp\tejas\voices\images\thomas-wister-1898-2-sm.jpg --> uts.cc.utexas.edu /export/httpd/vhosts/texasbeyondhistory/data/tejas/voices/images thomas-wister-1898-2-sm.jpg
2003.08.04 16:25 B K:\TBH Website Temp\tejas\voices\images\thomas-wister-1898-2.html --> uts.cc.utexas.edu /export/httpd/vhosts/texasbeyondhistory/data/tejas/voices/images thomas-wister-1898-2.html
2003.08.04 16:25 B K:\TBH Website Temp\tejas\voices\images\thomas-wister-1898-lg.jpg --> uts.cc.utexas.edu /export/httpd/vhosts/texasbeyondhistory/data/tejas/voices/images thomas-wister-1898-lg.jpg
2003.08.04 16:25 B K:\TBH Website Temp\tejas\voices\images\thomas-wister-1898-sm.jpg --> uts.cc.utexas.edu /export/httpd/vhosts/texasbeyondhistory/data/tejas/voices/images thomas-wister-1898-sm.jpg
2003.08.04 16:25 B K:\TBH Website Temp\tejas\voices\images\thomas-wister-1898.html --> uts.cc.utexas.edu /export/httpd/vhosts/texasbeyondhistory/data/tejas/voices/images thomas-wister-1898.html
2003.08.04 16:25 B K:\TBH Website Temp\tejas\voices\images\treaty-sig-page-lg.jpg --> uts.cc.utexas.edu /export/httpd/vhosts/texasbeyondhistory/data/tejas/voices/images treaty-sig-page-lg.jpg
2003.08.04 16:25 B K:\TBH Website Temp\tejas\voices\images\treaty-sig-page.html --> uts.cc.utexas.edu /export/httpd/vhosts/texasbeyondhistory/data/tejas/voices/images treaty-sig-page.html
2003.08.04 16:25 B K:\TBH Website Temp\tejas\voices\images\treaty-signatures.jpg --> uts.cc.utexas.edu /export/httpd/vhosts/texasbeyondhistory/data/tejas/voices/images treaty-signatures.jpg
2003.08.04 16:25 B K:\TBH Website Temp\tejas\voices\images\us-flag.jpg --> uts.cc.utexas.edu /export/httpd/vhosts/texasbeyondhistory/data/tejas/voices/images us-flag.jpg
2003.08.04 16:25 B K:\TBH Website Temp\tejas\voices\images\whitebread-lg.jpg --> uts.cc.utexas.edu /export/httpd/vhosts/texasbeyondhistory/data/tejas/voices/images whitebread-lg.jpg
2003.08.04 16:25 B K:\TBH Website Temp\tejas\voices\images\whitebread-sm.jpg --> uts.cc.utexas.edu /export/httpd/vhosts/texasbeyondhistory/data/tejas/voices/images whitebread-sm.jpg
2003.08.04 16:25 B K:\TBH Website Temp\tejas\voices\images\whitebread.html --> uts.cc.utexas.edu /export/httpd/vhosts/texasbeyondhistory/data/tejas/voices/images whitebread.html
2003.08.04 16:26 B K:\TBH Website Temp\tejas\voices\images\wilson-and-inkanish-lg.jpg --> uts.cc.utexas.edu /export/httpd/vhosts/texasbeyondhistory/data/tejas/voices/images wilson-and-inkanish-lg.jpg
2003.08.04 16:26 B K:\TBH Website Temp\tejas\voices\images\wilson-and-inkanish-sm.jpg --> uts.cc.utexas.edu /export/httpd/vhosts/texasbeyondhistory/data/tejas/voices/images wilson-and-inkanish-sm.jpg
2003.08.04 16:26 B K:\TBH Website Temp\tejas\voices\images\wilson-inkanish.html --> uts.cc.utexas.edu /export/httpd/vhosts/texasbeyondhistory/data/tejas/voices/images wilson-inkanish.html
2003.08.04 16:26 B K:\TBH Website Temp\tejas\voices\images\wister-stanley-edge-lg.jpg --> uts.cc.utexas.edu /export/httpd/vhosts/texasbeyondhistory/data/tejas/voices/images wister-stanley-edge-lg.jpg
2003.08.04 16:26 B K:\TBH Website Temp\tejas\voices\images\wister-stanley-edge-sm.jpg --> uts.cc.utexas.edu /export/httpd/vhosts/texasbeyondhistory/data/tejas/voices/images wister-stanley-edge-sm.jpg
2003.08.06 09:00 B K:\TBH Website Temp\tejas\voices\images\administration-bldg-lg.jpg --> uts.cc.utexas.edu /export/httpd/vhosts/texasbeyondhistory/data/tejas/voices/images administration-bldg-lg.jpg
2003.08.06 09:00 B K:\TBH Website Temp\tejas\voices\images\administration-bldg-sm.jpg --> uts.cc.utexas.edu /export/httpd/vhosts/texasbeyondhistory/data/tejas/voices/images administration-bldg-sm.jpg
2003.08.06 09:00 B K:\TBH Website Temp\tejas\voices\images\administration-bldg.html --> uts.cc.utexas.edu /export/httpd/vhosts/texasbeyondhistory/data/tejas/voices/images administration-bldg.html
2003.08.06 09:00 B K:\TBH Website Temp\tejas\voices\images\binger-bluffs-lg.jpg --> uts.cc.utexas.edu /export/httpd/vhosts/texasbeyondhistory/data/tejas/voices/images binger-bluffs-lg.jpg
2003.08.06 09:00 B K:\TBH Website Temp\tejas\voices\images\binger-bluffs-sm.jpg --> uts.cc.utexas.edu /export/httpd/vhosts/texasbeyondhistory/data/tejas/voices/images binger-bluffs-sm.jpg
2003.08.06 09:00 B K:\TBH Website Temp\tejas\voices\images\binger-bluffs.html --> uts.cc.utexas.edu /export/httpd/vhosts/texasbeyondhistory/data/tejas/voices/images binger-bluffs.html
2003.08.06 09:00 B K:\TBH Website Temp\tejas\voices\images\buntin-&-margaret-sm.jpg --> uts.cc.utexas.edu /export/httpd/vhosts/texasbeyondhistory/data/tejas/voices/images buntin-&-margaret-sm.jpg
2003.08.06 09:00 B K:\TBH Website Temp\tejas\voices\images\buntin-margaret-lg.jpg --> uts.cc.utexas.edu /export/httpd/vhosts/texasbeyondhistory/data/tejas/voices/images buntin-margaret-lg.jpg
2003.08.06 09:00 B K:\TBH Website Temp\tejas\voices\images\buntin-margaret-sm.jpg --> uts.cc.utexas.edu /export/httpd/vhosts/texasbeyondhistory/data/tejas/voices/images buntin-margaret-sm.jpg
2003.08.06 09:00 B K:\TBH Website Temp\tejas\voices\images\buntin-margaret.html --> uts.cc.utexas.edu /export/httpd/vhosts/texasbeyondhistory/data/tejas/voices/images buntin-margaret.html
2003.08.06 09:00 B K:\TBH Website Temp\tejas\voices\images\caddo-allotment-land.JPG --> uts.cc.utexas.edu /export/httpd/vhosts/texasbeyondhistory/data/tejas/voices/images caddo-allotment-land.JPG
2003.08.06 09:00 B K:\TBH Website Temp\tejas\voices\images\caddo-business-committee-1929-lg.jpg --> uts.cc.utexas.edu /export/httpd/vhosts/texasbeyondhistory/data/tejas/voices/images caddo-business-committee-1929-lg.jpg
2003.08.06 09:00 B K:\TBH Website Temp\tejas\voices\images\caddo-business-committee-1929-sm.jpg --> uts.cc.utexas.edu /export/httpd/vhosts/texasbeyondhistory/data/tejas/voices/images caddo-business-committee-1929-sm.jpg
2003.08.06 09:00 B K:\TBH Website Temp\tejas\voices\images\caddo-business.html --> uts.cc.utexas.edu /export/httpd/vhosts/texasbeyondhistory/data/tejas/voices/images caddo-business.html
2003.08.06 09:00 B K:\TBH Website Temp\tejas\voices\images\caddo-country-11-lg.jpg --> uts.cc.utexas.edu /export/httpd/vhosts/texasbeyondhistory/data/tejas/voices/images caddo-country-11-lg.jpg
2003.08.06 09:00 B K:\TBH Website Temp\tejas\voices\images\caddo-country-11-sm.jpg --> uts.cc.utexas.edu /export/httpd/vhosts/texasbeyondhistory/data/tejas/voices/images caddo-country-11-sm.jpg
2003.08.06 09:00 B K:\TBH Website Temp\tejas\voices\images\caddo-country-11.html --> uts.cc.utexas.edu /export/httpd/vhosts/texasbeyondhistory/data/tejas/voices/images caddo-country-11.html
2003.08.06 09:00 B K:\TBH Website Temp\tejas\voices\images\clara-brown-lg.jpg --> uts.cc.utexas.edu /export/httpd/vhosts/texasbeyondhistory/data/tejas/voices/images clara-brown-lg.jpg
2003.08.06 09:00 B K:\TBH Website Temp\tejas\voices\images\clara-brown-sm.jpg --> uts.cc.utexas.edu /export/httpd/vhosts/texasbeyondhistory/data/tejas/voices/images clara-brown-sm.jpg
2003.08.06 09:00 B K:\TBH Website Temp\tejas\voices\images\clara-brown.html --> uts.cc.utexas.edu /export/httpd/vhosts/texasbeyondhistory/data/tejas/voices/images clara-brown.html
2003.08.06 09:00 B K:\TBH Website Temp\tejas\voices\images\community-house-lg.jpg --> uts.cc.utexas.edu /export/httpd/vhosts/texasbeyondhistory/data/tejas/voices/images community-house-lg.jpg
2003.08.06 09:00 B K:\TBH Website Temp\tejas\voices\images\community-house-sm.jpg --> uts.cc.utexas.edu /export/httpd/vhosts/texasbeyondhistory/data/tejas/voices/images community-house-sm.jpg
2003.08.06 09:00 B K:\TBH Website Temp\tejas\voices\images\community-house.html --> uts.cc.utexas.edu /export/httpd/vhosts/texasbeyondhistory/data/tejas/voices/images community-house.html
2003.08.06 09:00 B K:\TBH Website Temp\tejas\voices\images\culture-center-lg.jpg --> uts.cc.utexas.edu /export/httpd/vhosts/texasbeyondhistory/data/tejas/voices/images culture-center-lg.jpg
2003.08.06 09:00 B K:\TBH Website Temp\tejas\voices\images\culture-center-museum-lg.jpg --> uts.cc.utexas.edu /export/httpd/vhosts/texasbeyondhistory/data/tejas/voices/images culture-center-museum-lg.jpg
2003.08.06 09:00 B K:\TBH Website Temp\tejas\voices\images\culture-center-museum-sm.jpg --> uts.cc.utexas.edu /export/httpd/vhosts/texasbeyondhistory/data/tejas/voices/images culture-center-museum-sm.jpg
2003.08.06 09:00 B K:\TBH Website Temp\tejas\voices\images\culture-center-museum.html --> uts.cc.utexas.edu /export/httpd/vhosts/texasbeyondhistory/data/tejas/voices/images culture-center-museum.html
2003.08.06 09:00 B K:\TBH Website Temp\tejas\voices\images\culture-center-sm.jpg --> uts.cc.utexas.edu /export/httpd/vhosts/texasbeyondhistory/data/tejas/voices/images culture-center-sm.jpg
2003.08.06 09:00 B K:\TBH Website Temp\tejas\voices\images\culture-center.html --> uts.cc.utexas.edu /export/httpd/vhosts/texasbeyondhistory/data/tejas/voices/images culture-center.html
2003.08.06 09:00 B K:\TBH Website Temp\tejas\voices\images\dance-ground-1-lg.jpg --> uts.cc.utexas.edu /export/httpd/vhosts/texasbeyondhistory/data/tejas/voices/images dance-ground-1-lg.jpg
2003.08.06 09:00 B K:\TBH Website Temp\tejas\voices\images\dance-ground-1-sm.jpg --> uts.cc.utexas.edu /export/httpd/vhosts/texasbeyondhistory/data/tejas/voices/images dance-ground-1-sm.jpg
2003.08.06 09:00 B K:\TBH Website Temp\tejas\voices\images\dance-ground1.html --> uts.cc.utexas.edu /export/httpd/vhosts/texasbeyondhistory/data/tejas/voices/images dance-ground1.html
2003.08.06 09:00 B K:\TBH Website Temp\tejas\voices\images\drum-dance.jpg --> uts.cc.utexas.edu /export/httpd/vhosts/texasbeyondhistory/data/tejas/voices/images drum-dance.jpg
2003.08.06 09:00 B K:\TBH Website Temp\tejas\voices\images\drumdance-d-lg.jpg --> uts.cc.utexas.edu /export/httpd/vhosts/texasbeyondhistory/data/tejas/voices/images drumdance-d-lg.jpg
2003.08.06 09:00 B K:\TBH Website Temp\tejas\voices\images\drumdance-d-sm.jpg --> uts.cc.utexas.edu /export/httpd/vhosts/texasbeyondhistory/data/tejas/voices/images drumdance-d-sm.jpg
2003.08.06 09:00 B K:\TBH Website Temp\tejas\voices\images\drumdance-d.html --> uts.cc.utexas.edu /export/httpd/vhosts/texasbeyondhistory/data/tejas/voices/images drumdance-d.html
2003.08.06 09:00 B K:\TBH Website Temp\tejas\voices\images\drumdance-g-lg.jpg --> uts.cc.utexas.edu /export/httpd/vhosts/texasbeyondhistory/data/tejas/voices/images drumdance-g-lg.jpg
2003.08.06 09:00 B K:\TBH Website Temp\tejas\voices\images\drumdance-g-sm.jpg --> uts.cc.utexas.edu /export/httpd/vhosts/texasbeyondhistory/data/tejas/voices/images drumdance-g-sm.jpg
2003.08.06 09:00 B K:\TBH Website Temp\tejas\voices\images\drumdance-g.html --> uts.cc.utexas.edu /export/httpd/vhosts/texasbeyondhistory/data/tejas/voices/images drumdance-g.html
2003.08.06 09:00 B K:\TBH Website Temp\tejas\voices\images\enoch-hoag.html --> uts.cc.utexas.edu /export/httpd/vhosts/texasbeyondhistory/data/tejas/voices/images enoch-hoag.html
2003.08.06 09:00 B K:\TBH Website Temp\tejas\voices\images\enochandfamily-lg.jpg --> uts.cc.utexas.edu /export/httpd/vhosts/texasbeyondhistory/data/tejas/voices/images enochandfamily-lg.jpg
2003.08.06 09:00 B K:\TBH Website Temp\tejas\voices\images\enochandfamily-sm.jpg --> uts.cc.utexas.edu /export/httpd/vhosts/texasbeyondhistory/data/tejas/voices/images enochandfamily-sm.jpg
2003.08.06 09:00 B K:\TBH Website Temp\tejas\voices\images\enochandfamily.html --> uts.cc.utexas.edu /export/httpd/vhosts/texasbeyondhistory/data/tejas/voices/images enochandfamily.html
2003.08.06 09:00 B K:\TBH Website Temp\tejas\voices\images\faq1.html --> uts.cc.utexas.edu /export/httpd/vhosts/texasbeyondhistory/data/tejas/voices/images faq1.html
2003.08.06 09:00 B K:\TBH Website Temp\tejas\voices\images\faq2.html --> uts.cc.utexas.edu /export/httpd/vhosts/texasbeyondhistory/data/tejas/voices/images faq2.html
2003.08.06 09:00 B K:\TBH Website Temp\tejas\voices\images\francis-kodaseet-lg.jpg --> uts.cc.utexas.edu /export/httpd/vhosts/texasbeyondhistory/data/tejas/voices/images francis-kodaseet-lg.jpg
2003.08.06 09:00 B K:\TBH Website Temp\tejas\voices\images\francis-kodaseet-sm.jpg --> uts.cc.utexas.edu /export/httpd/vhosts/texasbeyondhistory/data/tejas/voices/images francis-kodaseet-sm.jpg
2003.08.06 09:00 B K:\TBH Website Temp\tejas\voices\images\francis-kodaseet.html --> uts.cc.utexas.edu /export/httpd/vhosts/texasbeyondhistory/data/tejas/voices/images francis-kodaseet.html
2003.08.06 09:00 B K:\TBH Website Temp\tejas\voices\images\fritz-hendrix-bldg-lg.jpg --> uts.cc.utexas.edu /export/httpd/vhosts/texasbeyondhistory/data/tejas/voices/images fritz-hendrix-bldg-lg.jpg
2003.08.06 09:00 B K:\TBH Website Temp\tejas\voices\images\fritz-hendrix-bldg-sm.jpg --> uts.cc.utexas.edu /export/httpd/vhosts/texasbeyondhistory/data/tejas/voices/images fritz-hendrix-bldg-sm.jpg
2003.08.06 09:00 B K:\TBH Website Temp\tejas\voices\images\fritz-hendrix-bldg.html --> uts.cc.utexas.edu /export/httpd/vhosts/texasbeyondhistory/data/tejas/voices/images fritz-hendrix-bldg.html
2003.08.06 09:00 B K:\TBH Website Temp\tejas\voices\images\hmwe70878-lg.jpg --> uts.cc.utexas.edu /export/httpd/vhosts/texasbeyondhistory/data/tejas/voices/images hmwe70878-lg.jpg
2003.08.06 09:00 B K:\TBH Website Temp\tejas\voices\images\hmwe70878-sm.jpg --> uts.cc.utexas.edu /export/httpd/vhosts/texasbeyondhistory/data/tejas/voices/images hmwe70878-sm.jpg
2003.08.06 09:00 B K:\TBH Website Temp\tejas\voices\images\hmwe70878.html --> uts.cc.utexas.edu /export/httpd/vhosts/texasbeyondhistory/data/tejas/voices/images hmwe70878.html
2003.08.06 09:00 B K:\TBH Website Temp\tejas\voices\images\joyce-hines.jpg --> uts.cc.utexas.edu /export/httpd/vhosts/texasbeyondhistory/data/tejas/voices/images joyce-hines.jpg
2003.08.06 09:00 B K:\TBH Website Temp\tejas\voices\images\larue-mcu-lg.jpg --> uts.cc.utexas.edu /export/httpd/vhosts/texasbeyondhistory/data/tejas/voices/images larue-mcu-lg.jpg
2003.08.06 09:00 B K:\TBH Website Temp\tejas\voices\images\larue-mcu-sm.jpg --> uts.cc.utexas.edu /export/httpd/vhosts/texasbeyondhistory/data/tejas/voices/images larue-mcu-sm.jpg
2003.08.06 09:00 B K:\TBH Website Temp\tejas\voices\images\larue-mcu.html --> uts.cc.utexas.edu /export/httpd/vhosts/texasbeyondhistory/data/tejas/voices/images larue-mcu.html
2003.08.06 09:00 B K:\TBH Website Temp\tejas\voices\images\medal-back-lg.jpg --> uts.cc.utexas.edu /export/httpd/vhosts/texasbeyondhistory/data/tejas/voices/images medal-back-lg.jpg
2003.08.06 09:00 B K:\TBH Website Temp\tejas\voices\images\medal-back-sm.jpg --> uts.cc.utexas.edu /export/httpd/vhosts/texasbeyondhistory/data/tejas/voices/images medal-back-sm.jpg
2003.08.06 09:00 B K:\TBH Website Temp\tejas\voices\images\medal-back.html --> uts.cc.utexas.edu /export/httpd/vhosts/texasbeyondhistory/data/tejas/voices/images medal-back.html
2003.08.06 09:00 B K:\TBH Website Temp\tejas\voices\images\medal-face-lg.jpg --> uts.cc.utexas.edu /export/httpd/vhosts/texasbeyondhistory/data/tejas/voices/images medal-face-lg.jpg
2003.08.06 09:00 B K:\TBH Website Temp\tejas\voices\images\medal-face-sm.jpg --> uts.cc.utexas.edu /export/httpd/vhosts/texasbeyondhistory/data/tejas/voices/images medal-face-sm.jpg
2003.08.06 09:00 B K:\TBH Website Temp\tejas\voices\images\medal-face.html --> uts.cc.utexas.edu /export/httpd/vhosts/texasbeyondhistory/data/tejas/voices/images medal-face.html
2003.08.06 09:00 B K:\TBH Website Temp\tejas\voices\images\working-council.jpg --> uts.cc.utexas.edu /export/httpd/vhosts/texasbeyondhistory/data/tejas/voices/images working-council.jpg
2003.08.06 09:00 B K:\TBH Website Temp\tejas\voices\images\WS_FTP.LOG --> uts.cc.utexas.edu /export/httpd/vhosts/texasbeyondhistory/data/tejas/voices/images WS_FTP.LOG
2003.08.11 19:19 B K:\TBH Website Temp\tejas\voices\images\working-council.jpg --> uts.cc.utexas.edu /export/httpd/vhosts/texasbeyondhistory/data/tejas/voices/images working-council.jpg
2003.08.11 19:19 B K:\TBH Website Temp\tejas\voices\images\white-beads.jpg --> uts.cc.utexas.edu /export/httpd/vhosts/texasbeyondhistory/data/tejas/voices/images white-beads.jpg
2003.08.11 19:19 B K:\TBH Website Temp\tejas\voices\images\washita.html --> uts.cc.utexas.edu /export/httpd/vhosts/texasbeyondhistory/data/tejas/voices/images washita.html
2003.08.11 19:19 B K:\TBH Website Temp\tejas\voices\images\washita-sm.jpg --> uts.cc.utexas.edu /export/httpd/vhosts/texasbeyondhistory/data/tejas/voices/images washita-sm.jpg
2003.08.11 19:19 B K:\TBH Website Temp\tejas\voices\images\washita-lg.jpg --> uts.cc.utexas.edu /export/httpd/vhosts/texasbeyondhistory/data/tejas/voices/images washita-lg.jpg
2003.08.11 19:19 B K:\TBH Website Temp\tejas\voices\images\vet-dance2.jpg --> uts.cc.utexas.edu /export/httpd/vhosts/texasbeyondhistory/data/tejas/voices/images vet-dance2.jpg
2003.08.11 19:19 B K:\TBH Website Temp\tejas\voices\images\vet-dance.jpg --> uts.cc.utexas.edu /export/httpd/vhosts/texasbeyondhistory/data/tejas/voices/images vet-dance.jpg
2003.08.11 19:19 B K:\TBH Website Temp\tejas\voices\images\vernon-hunter.jpg --> uts.cc.utexas.edu /export/httpd/vhosts/texasbeyondhistory/data/tejas/voices/images vernon-hunter.jpg
2003.08.11 19:19 B K:\TBH Website Temp\tejas\voices\images\us-flag.jpg --> uts.cc.utexas.edu /export/httpd/vhosts/texasbeyondhistory/data/tejas/voices/images us-flag.jpg
2003.08.11 19:19 B K:\TBH Website Temp\tejas\voices\images\treaty-signatures.jpg --> uts.cc.utexas.edu /export/httpd/vhosts/texasbeyondhistory/data/tejas/voices/images treaty-signatures.jpg
2003.08.11 19:19 B K:\TBH Website Temp\tejas\voices\images\treaty-sig-page.html --> uts.cc.utexas.edu /export/httpd/vhosts/texasbeyondhistory/data/tejas/voices/images treaty-sig-page.html
2003.08.11 19:19 B K:\TBH Website Temp\tejas\voices\images\treaty-sig-page-lg.jpg --> uts.cc.utexas.edu /export/httpd/vhosts/texasbeyondhistory/data/tejas/voices/images treaty-sig-page-lg.jpg
2003.08.11 19:19 B K:\TBH Website Temp\tejas\voices\images\treaty-marker.html --> uts.cc.utexas.edu /export/httpd/vhosts/texasbeyondhistory/data/tejas/voices/images treaty-marker.html
2003.08.11 19:19 B K:\TBH Website Temp\tejas\voices\images\tony-williams.jpg --> uts.cc.utexas.edu /export/httpd/vhosts/texasbeyondhistory/data/tejas/voices/images tony-williams.jpg
2003.08.11 19:19 B K:\TBH Website Temp\tejas\voices\images\thurman.jpg --> uts.cc.utexas.edu /export/httpd/vhosts/texasbeyondhistory/data/tejas/voices/images thurman.jpg
2003.08.11 19:19 B K:\TBH Website Temp\tejas\voices\images\thurman.html --> uts.cc.utexas.edu /export/httpd/vhosts/texasbeyondhistory/data/tejas/voices/images thurman.html
2003.08.11 19:19 B K:\TBH Website Temp\tejas\voices\images\thurman-sm.jpg --> uts.cc.utexas.edu /export/httpd/vhosts/texasbeyondhistory/data/tejas/voices/images thurman-sm.jpg
2003.08.11 19:19 B K:\TBH Website Temp\tejas\voices\images\td93-2.jpg --> uts.cc.utexas.edu /export/httpd/vhosts/texasbeyondhistory/data/tejas/voices/images td93-2.jpg
2003.08.11 19:19 B K:\TBH Website Temp\tejas\voices\images\td93-2.html --> uts.cc.utexas.edu /export/httpd/vhosts/texasbeyondhistory/data/tejas/voices/images td93-2.html
2003.08.11 19:19 B K:\TBH Website Temp\tejas\voices\images\td93-2-sm.jpg --> uts.cc.utexas.edu /export/httpd/vhosts/texasbeyondhistory/data/tejas/voices/images td93-2-sm.jpg
2003.08.11 19:19 B K:\TBH Website Temp\tejas\voices\images\td-tradition.jpg --> uts.cc.utexas.edu /export/httpd/vhosts/texasbeyondhistory/data/tejas/voices/images td-tradition.jpg
2003.08.11 19:19 B K:\TBH Website Temp\tejas\voices\images\td-3.html --> uts.cc.utexas.edu /export/httpd/vhosts/texasbeyondhistory/data/tejas/voices/images td-3.html
2003.08.11 19:19 B K:\TBH Website Temp\tejas\voices\images\td-3-sm.jpg --> uts.cc.utexas.edu /export/httpd/vhosts/texasbeyondhistory/data/tejas/voices/images td-3-sm.jpg
2003.08.11 19:19 B K:\TBH Website Temp\tejas\voices\images\td-3-lg.jpg --> uts.cc.utexas.edu /export/httpd/vhosts/texasbeyondhistory/data/tejas/voices/images td-3-lg.jpg
2003.08.11 19:19 B K:\TBH Website Temp\tejas\voices\images\td-2.html --> uts.cc.utexas.edu /export/httpd/vhosts/texasbeyondhistory/data/tejas/voices/images td-2.html
2003.08.11 19:19 B K:\TBH Website Temp\tejas\voices\images\td-2-sm.jpg --> uts.cc.utexas.edu /export/httpd/vhosts/texasbeyondhistory/data/tejas/voices/images td-2-sm.jpg
2003.08.11 19:19 B K:\TBH Website Temp\tejas\voices\images\td-2-lg.jpg --> uts.cc.utexas.edu /export/httpd/vhosts/texasbeyondhistory/data/tejas/voices/images td-2-lg.jpg
2003.08.11 19:19 B K:\TBH Website Temp\tejas\voices\images\td-1a.html --> uts.cc.utexas.edu /export/httpd/vhosts/texasbeyondhistory/data/tejas/voices/images td-1a.html
2003.08.11 19:19 B K:\TBH Website Temp\tejas\voices\images\td-1a-sm.jpg --> uts.cc.utexas.edu /export/httpd/vhosts/texasbeyondhistory/data/tejas/voices/images td-1a-sm.jpg
2003.08.11 19:19 B K:\TBH Website Temp\tejas\voices\images\td-1a-lg.jpg --> uts.cc.utexas.edu /export/httpd/vhosts/texasbeyondhistory/data/tejas/voices/images td-1a-lg.jpg
2003.08.11 19:19 B K:\TBH Website Temp\tejas\voices\images\td-1.html --> uts.cc.utexas.edu /export/httpd/vhosts/texasbeyondhistory/data/tejas/voices/images td-1.html
2003.08.11 19:19 B K:\TBH Website Temp\tejas\voices\images\td-1-sm.jpg --> uts.cc.utexas.edu /export/httpd/vhosts/texasbeyondhistory/data/tejas/voices/images td-1-sm.jpg
2003.08.11 19:19 B K:\TBH Website Temp\tejas\voices\images\td-1-lg.jpg --> uts.cc.utexas.edu /export/httpd/vhosts/texasbeyondhistory/data/tejas/voices/images td-1-lg.jpg
2003.08.11 19:19 B K:\TBH Website Temp\tejas\voices\images\Stormy Point1.jpg --> uts.cc.utexas.edu /export/httpd/vhosts/texasbeyondhistory/data/tejas/voices/images Stormy Point1.jpg
2003.08.11 19:19 B K:\TBH Website Temp\tejas\voices\images\soliders.jpg --> uts.cc.utexas.edu /export/httpd/vhosts/texasbeyondhistory/data/tejas/voices/images soliders.jpg
2003.08.11 19:19 B K:\TBH Website Temp\tejas\voices\images\soliders-sm.jpg --> uts.cc.utexas.edu /export/httpd/vhosts/texasbeyondhistory/data/tejas/voices/images soliders-sm.jpg
2003.08.11 19:19 B K:\TBH Website Temp\tejas\voices\images\soldiers.html --> uts.cc.utexas.edu /export/httpd/vhosts/texasbeyondhistory/data/tejas/voices/images soldiers.html
2003.08.11 19:19 B K:\TBH Website Temp\tejas\voices\images\smith-1835-1854.html --> uts.cc.utexas.edu /export/httpd/vhosts/texasbeyondhistory/data/tejas/voices/images smith-1835-1854.html
2003.08.11 19:19 B K:\TBH Website Temp\tejas\voices\images\smith-1835-1854-sm.jpg --> uts.cc.utexas.edu /export/httpd/vhosts/texasbeyondhistory/data/tejas/voices/images smith-1835-1854-sm.jpg
2003.08.11 19:19 B K:\TBH Website Temp\tejas\voices\images\smith-1835-1854-lg.jpg --> uts.cc.utexas.edu /export/httpd/vhosts/texasbeyondhistory/data/tejas/voices/images smith-1835-1854-lg.jpg
2003.08.11 19:19 B K:\TBH Website Temp\tejas\voices\images\sf-austin.html --> uts.cc.utexas.edu /export/httpd/vhosts/texasbeyondhistory/data/tejas/voices/images sf-austin.html
2003.08.11 19:19 B K:\TBH Website Temp\tejas\voices\images\sf-austin-1830-sm.jpg --> uts.cc.utexas.edu /export/httpd/vhosts/texasbeyondhistory/data/tejas/voices/images sf-austin-1830-sm.jpg
2003.08.11 19:19 B K:\TBH Website Temp\tejas\voices\images\sf-austin-1830-lg.jpg --> uts.cc.utexas.edu /export/httpd/vhosts/texasbeyondhistory/data/tejas/voices/images sf-austin-1830-lg.jpg
2003.08.11 19:19 B K:\TBH Website Temp\tejas\voices\images\riverside2.html --> uts.cc.utexas.edu /export/httpd/vhosts/texasbeyondhistory/data/tejas/voices/images riverside2.html
2003.08.11 19:19 B K:\TBH Website Temp\tejas\voices\images\riverside2-sm.jpg --> uts.cc.utexas.edu /export/httpd/vhosts/texasbeyondhistory/data/tejas/voices/images riverside2-sm.jpg
2003.08.11 19:19 B K:\TBH Website Temp\tejas\voices\images\removal-from-texas.jpg --> uts.cc.utexas.edu /export/httpd/vhosts/texasbeyondhistory/data/tejas/voices/images removal-from-texas.jpg
2003.08.11 19:19 B K:\TBH Website Temp\tejas\voices\images\noah-frank.jpg --> uts.cc.utexas.edu /export/httpd/vhosts/texasbeyondhistory/data/tejas/voices/images noah-frank.jpg
2003.08.11 19:19 B K:\TBH Website Temp\tejas\voices\images\murrow5.jpg --> uts.cc.utexas.edu /export/httpd/vhosts/texasbeyondhistory/data/tejas/voices/images murrow5.jpg
2003.08.11 19:19 B K:\TBH Website Temp\tejas\voices\images\murrow3.html --> uts.cc.utexas.edu /export/httpd/vhosts/texasbeyondhistory/data/tejas/voices/images murrow3.html
2003.08.11 19:19 B K:\TBH Website Temp\tejas\voices\images\murrow3-sm.jpg --> uts.cc.utexas.edu /export/httpd/vhosts/texasbeyondhistory/data/tejas/voices/images murrow3-sm.jpg
2003.08.11 19:19 B K:\TBH Website Temp\tejas\voices\images\murrow3-lg.jpg --> uts.cc.utexas.edu /export/httpd/vhosts/texasbeyondhistory/data/tejas/voices/images murrow3-lg.jpg
2003.08.11 19:19 B K:\TBH Website Temp\tejas\voices\images\murrow13.jpg --> uts.cc.utexas.edu /export/httpd/vhosts/texasbeyondhistory/data/tejas/voices/images murrow13.jpg
2003.08.11 19:19 B K:\TBH Website Temp\tejas\voices\images\murrow11.jpg --> uts.cc.utexas.edu /export/httpd/vhosts/texasbeyondhistory/data/tejas/voices/images murrow11.jpg
2003.08.11 19:19 B K:\TBH Website Temp\tejas\voices\images\murrow-sign.jpg --> uts.cc.utexas.edu /export/httpd/vhosts/texasbeyondhistory/data/tejas/voices/images murrow-sign.jpg
2003.08.11 19:19 B K:\TBH Website Temp\tejas\voices\images\murrow-camping2.jpg --> uts.cc.utexas.edu /export/httpd/vhosts/texasbeyondhistory/data/tejas/voices/images murrow-camping2.jpg
2003.08.11 19:19 B K:\TBH Website Temp\tejas\voices\images\murrow-camping2-lg.jpg --> uts.cc.utexas.edu /export/httpd/vhosts/texasbeyondhistory/data/tejas/voices/images murrow-camping2-lg.jpg
2003.08.11 19:19 B K:\TBH Website Temp\tejas\voices\images\murrow-camping-lg.jpg --> uts.cc.utexas.edu /export/httpd/vhosts/texasbeyondhistory/data/tejas/voices/images murrow-camping-lg.jpg
2003.08.11 19:19 B K:\TBH Website Temp\tejas\voices\images\murrow-campground.html --> uts.cc.utexas.edu /export/httpd/vhosts/texasbeyondhistory/data/tejas/voices/images murrow-campground.html
2003.08.11 19:19 B K:\TBH Website Temp\tejas\voices\images\murrow-campground-sm.jpg --> uts.cc.utexas.edu /export/httpd/vhosts/texasbeyondhistory/data/tejas/voices/images murrow-campground-sm.jpg
2003.08.11 19:19 B K:\TBH Website Temp\tejas\voices\images\murrow-campground-lg.jpg --> uts.cc.utexas.edu /export/httpd/vhosts/texasbeyondhistory/data/tejas/voices/images murrow-campground-lg.jpg
2003.08.11 19:19 B K:\TBH Website Temp\tejas\voices\images\mmith-treaty-1835.html --> uts.cc.utexas.edu /export/httpd/vhosts/texasbeyondhistory/data/tejas/voices/images mmith-treaty-1835.html
2003.08.11 19:20 B K:\TBH Website Temp\tejas\voices\images\mmith-treaty-1835-sm.jpg --> uts.cc.utexas.edu /export/httpd/vhosts/texasbeyondhistory/data/tejas/voices/images mmith-treaty-1835-sm.jpg
2003.08.11 19:20 B K:\TBH Website Temp\tejas\voices\images\mmith-treaty-1835-lg.jpg --> uts.cc.utexas.edu /export/httpd/vhosts/texasbeyondhistory/data/tejas/voices/images mmith-treaty-1835-lg.jpg
2003.08.11 19:20 B K:\TBH Website Temp\tejas\voices\images\mesquite-prairie.html --> uts.cc.utexas.edu /export/httpd/vhosts/texasbeyondhistory/data/tejas/voices/images mesquite-prairie.html
2003.08.11 19:20 B K:\TBH Website Temp\tejas\voices\images\mesquite-prairie-sm.jpg --> uts.cc.utexas.edu /export/httpd/vhosts/texasbeyondhistory/data/tejas/voices/images mesquite-prairie-sm.jpg
2003.08.11 19:20 B K:\TBH Website Temp\tejas\voices\images\mesquite-prairie-lg.jpg --> uts.cc.utexas.edu /export/httpd/vhosts/texasbeyondhistory/data/tejas/voices/images mesquite-prairie-lg.jpg
2003.08.11 19:20 B K:\TBH Website Temp\tejas\voices\images\medal-face.html --> uts.cc.utexas.edu /export/httpd/vhosts/texasbeyondhistory/data/tejas/voices/images medal-face.html
2003.08.11 19:20 B K:\TBH Website Temp\tejas\voices\images\medal-face-sm.jpg --> uts.cc.utexas.edu /export/httpd/vhosts/texasbeyondhistory/data/tejas/voices/images medal-face-sm.jpg
2003.08.11 19:20 B K:\TBH Website Temp\tejas\voices\images\medal-face-lg.jpg --> uts.cc.utexas.edu /export/httpd/vhosts/texasbeyondhistory/data/tejas/voices/images medal-face-lg.jpg
2003.08.11 19:20 B K:\TBH Website Temp\tejas\voices\images\medal-back.html --> uts.cc.utexas.edu /export/httpd/vhosts/texasbeyondhistory/data/tejas/voices/images medal-back.html
2003.08.11 19:20 B K:\TBH Website Temp\tejas\voices\images\medal-back-sm.jpg --> uts.cc.utexas.edu /export/httpd/vhosts/texasbeyondhistory/data/tejas/voices/images medal-back-sm.jpg
2003.08.11 19:20 B K:\TBH Website Temp\tejas\voices\images\medal-back-lg.jpg --> uts.cc.utexas.edu /export/httpd/vhosts/texasbeyondhistory/data/tejas/voices/images medal-back-lg.jpg
2003.08.11 19:20 B K:\TBH Website Temp\tejas\voices\images\mary-lou-davis.jpg --> uts.cc.utexas.edu /export/httpd/vhosts/texasbeyondhistory/data/tejas/voices/images mary-lou-davis.jpg
2003.08.11 19:20 B K:\TBH Website Temp\tejas\voices\images\map-caddo-hasinai.html --> uts.cc.utexas.edu /export/httpd/vhosts/texasbeyondhistory/data/tejas/voices/images map-caddo-hasinai.html
2003.08.11 19:20 B K:\TBH Website Temp\tejas\voices\images\map-caddo-hasinai-sm.jpg --> uts.cc.utexas.edu /export/httpd/vhosts/texasbeyondhistory/data/tejas/voices/images map-caddo-hasinai-sm.jpg
2003.08.11 19:20 B K:\TBH Website Temp\tejas\voices\images\map-caddo-hasinai-lg.jpg --> uts.cc.utexas.edu /export/httpd/vhosts/texasbeyondhistory/data/tejas/voices/images map-caddo-hasinai-lg.jpg
2003.08.11 19:20 B K:\TBH Website Temp\tejas\voices\images\louisiana-purchase.html --> uts.cc.utexas.edu /export/httpd/vhosts/texasbeyondhistory/data/tejas/voices/images louisiana-purchase.html
2003.08.11 19:20 B K:\TBH Website Temp\tejas\voices\images\louisiana-purchase-sm.jpg --> uts.cc.utexas.edu /export/httpd/vhosts/texasbeyondhistory/data/tejas/voices/images louisiana-purchase-sm.jpg
2003.08.11 19:20 B K:\TBH Website Temp\tejas\voices\images\louisiana-purchase-lg.jpg --> uts.cc.utexas.edu /export/httpd/vhosts/texasbeyondhistory/data/tejas/voices/images louisiana-purchase-lg.jpg
2003.08.11 19:20 B K:\TBH Website Temp\tejas\voices\images\long-hat-picket.html --> uts.cc.utexas.edu /export/httpd/vhosts/texasbeyondhistory/data/tejas/voices/images long-hat-picket.html
2003.08.11 19:20 B K:\TBH Website Temp\tejas\voices\images\long-hat-picket-sm.jpg --> uts.cc.utexas.edu /export/httpd/vhosts/texasbeyondhistory/data/tejas/voices/images long-hat-picket-sm.jpg
2003.08.11 19:20 B K:\TBH Website Temp\tejas\voices\images\long-hat-picket-lg.jpg --> uts.cc.utexas.edu /export/httpd/vhosts/texasbeyondhistory/data/tejas/voices/images long-hat-picket-lg.jpg
2003.08.11 19:20 B K:\TBH Website Temp\tejas\voices\images\lone-star.jpg --> uts.cc.utexas.edu /export/httpd/vhosts/texasbeyondhistory/data/tejas/voices/images lone-star.jpg
2003.08.11 19:20 B K:\TBH Website Temp\tejas\voices\images\limbstwigs.gif --> uts.cc.utexas.edu /export/httpd/vhosts/texasbeyondhistory/data/tejas/voices/images limbstwigs.gif
2003.08.11 19:20 B K:\TBH Website Temp\tejas\voices\images\lilie-whitehorn.html --> uts.cc.utexas.edu /export/httpd/vhosts/texasbeyondhistory/data/tejas/voices/images lilie-whitehorn.html
2003.08.11 19:20 B K:\TBH Website Temp\tejas\voices\images\lilie-whitehorn-sm.jpg --> uts.cc.utexas.edu /export/httpd/vhosts/texasbeyondhistory/data/tejas/voices/images lilie-whitehorn-sm.jpg
2003.08.11 19:20 B K:\TBH Website Temp\tejas\voices\images\lilie-whitehorn-lg.jpg --> uts.cc.utexas.edu /export/httpd/vhosts/texasbeyondhistory/data/tejas/voices/images lilie-whitehorn-lg.jpg
2003.08.11 19:20 B K:\TBH Website Temp\tejas\voices\images\larue-mcu.html --> uts.cc.utexas.edu /export/httpd/vhosts/texasbeyondhistory/data/tejas/voices/images larue-mcu.html
2003.08.11 19:20 B K:\TBH Website Temp\tejas\voices\images\larue-mcu-sm.jpg --> uts.cc.utexas.edu /export/httpd/vhosts/texasbeyondhistory/data/tejas/voices/images larue-mcu-sm.jpg
2003.08.11 19:20 B K:\TBH Website Temp\tejas\voices\images\larue-mcu-lg.jpg --> uts.cc.utexas.edu /export/httpd/vhosts/texasbeyondhistory/data/tejas/voices/images larue-mcu-lg.jpg
2003.08.11 19:20 B K:\TBH Website Temp\tejas\voices\images\lange-1854.html --> uts.cc.utexas.edu /export/httpd/vhosts/texasbeyondhistory/data/tejas/voices/images lange-1854.html
2003.08.11 19:20 B K:\TBH Website Temp\tejas\voices\images\lange-1854-sm.jpg --> uts.cc.utexas.edu /export/httpd/vhosts/texasbeyondhistory/data/tejas/voices/images lange-1854-sm.jpg
2003.08.11 19:20 B K:\TBH Website Temp\tejas\voices\images\lange-1854-lg.jpg --> uts.cc.utexas.edu /export/httpd/vhosts/texasbeyondhistory/data/tejas/voices/images lange-1854-lg.jpg
2003.08.11 19:20 B K:\TBH Website Temp\tejas\voices\images\kemble-1857.html --> uts.cc.utexas.edu /export/httpd/vhosts/texasbeyondhistory/data/tejas/voices/images kemble-1857.html
2003.08.11 19:20 B K:\TBH Website Temp\tejas\voices\images\kemble-1857-sm.jpg --> uts.cc.utexas.edu /export/httpd/vhosts/texasbeyondhistory/data/tejas/voices/images kemble-1857-sm.jpg
2003.08.11 19:20 B K:\TBH Website Temp\tejas\voices\images\kemble-1857-lg.jpg --> uts.cc.utexas.edu /export/httpd/vhosts/texasbeyondhistory/data/tejas/voices/images kemble-1857-lg.jpg
2003.08.11 19:20 B K:\TBH Website Temp\tejas\voices\images\julia-2.html --> uts.cc.utexas.edu /export/httpd/vhosts/texasbeyondhistory/data/tejas/voices/images julia-2.html
2003.08.11 19:20 B K:\TBH Website Temp\tejas\voices\images\julia-2-sm.jpg --> uts.cc.utexas.edu /export/httpd/vhosts/texasbeyondhistory/data/tejas/voices/images julia-2-sm.jpg
2003.08.11 19:20 B K:\TBH Website Temp\tejas\voices\images\julia-2-lg.jpg --> uts.cc.utexas.edu /export/httpd/vhosts/texasbeyondhistory/data/tejas/voices/images julia-2-lg.jpg
2003.08.11 19:20 B K:\TBH Website Temp\tejas\voices\images\joyce-hines.jpg --> uts.cc.utexas.edu /export/httpd/vhosts/texasbeyondhistory/data/tejas/voices/images joyce-hines.jpg
2003.08.11 19:20 B K:\TBH Website Temp\tejas\voices\images\jackson-1869.html --> uts.cc.utexas.edu /export/httpd/vhosts/texasbeyondhistory/data/tejas/voices/images jackson-1869.html
2003.08.11 19:20 B K:\TBH Website Temp\tejas\voices\images\jackson-1869-sm.jpg --> uts.cc.utexas.edu /export/httpd/vhosts/texasbeyondhistory/data/tejas/voices/images jackson-1869-sm.jpg
2003.08.11 19:20 B K:\TBH Website Temp\tejas\voices\images\jackson-1869-lg.jpg --> uts.cc.utexas.edu /export/httpd/vhosts/texasbeyondhistory/data/tejas/voices/images jackson-1869-lg.jpg
2003.08.11 19:20 B K:\TBH Website Temp\tejas\voices\images\jackson-1869-cobb.html --> uts.cc.utexas.edu /export/httpd/vhosts/texasbeyondhistory/data/tejas/voices/images jackson-1869-cobb.html
2003.08.11 19:20 B K:\TBH Website Temp\tejas\voices\images\jackson-1869-cobb-sm.jpg --> uts.cc.utexas.edu /export/httpd/vhosts/texasbeyondhistory/data/tejas/voices/images jackson-1869-cobb-sm.jpg
2003.08.11 19:20 B K:\TBH Website Temp\tejas\voices\images\jackson-1869-cobb-lg.jpg --> uts.cc.utexas.edu /export/httpd/vhosts/texasbeyondhistory/data/tejas/voices/images jackson-1869-cobb-lg.jpg
2003.08.11 19:20 B K:\TBH Website Temp\tejas\voices\images\jackson-1869-arbuckle.html --> uts.cc.utexas.edu /export/httpd/vhosts/texasbeyondhistory/data/tejas/voices/images jackson-1869-arbuckle.html
2003.08.11 19:20 B K:\TBH Website Temp\tejas\voices\images\jackson-1869-arbuckle-sm.jpg --> uts.cc.utexas.edu /export/httpd/vhosts/texasbeyondhistory/data/tejas/voices/images jackson-1869-arbuckle-sm.jpg
2003.08.11 19:20 B K:\TBH Website Temp\tejas\voices\images\jackson-1869-arbuckle-lg.jpg --> uts.cc.utexas.edu /export/httpd/vhosts/texasbeyondhistory/data/tejas/voices/images jackson-1869-arbuckle-lg.jpg
2003.08.11 19:20 B K:\TBH Website Temp\tejas\voices\images\jackson-1869-2.html --> uts.cc.utexas.edu /export/httpd/vhosts/texasbeyondhistory/data/tejas/voices/images jackson-1869-2.html
2003.08.11 19:20 B K:\TBH Website Temp\tejas\voices\images\jackson-1869-2-sm.jpg --> uts.cc.utexas.edu /export/httpd/vhosts/texasbeyondhistory/data/tejas/voices/images jackson-1869-2-sm.jpg
2003.08.11 19:20 B K:\TBH Website Temp\tejas\voices\images\jackson-1864-2-lg.jpg --> uts.cc.utexas.edu /export/httpd/vhosts/texasbeyondhistory/data/tejas/voices/images jackson-1864-2-lg.jpg
2003.08.11 19:20 B K:\TBH Website Temp\tejas\voices\images\homeland.html --> uts.cc.utexas.edu /export/httpd/vhosts/texasbeyondhistory/data/tejas/voices/images homeland.html
2003.08.11 19:20 B K:\TBH Website Temp\tejas\voices\images\hmwe70878.html --> uts.cc.utexas.edu /export/httpd/vhosts/texasbeyondhistory/data/tejas/voices/images hmwe70878.html
2003.08.11 19:20 B K:\TBH Website Temp\tejas\voices\images\hmwe70878-sm.jpg --> uts.cc.utexas.edu /export/httpd/vhosts/texasbeyondhistory/data/tejas/voices/images hmwe70878-sm.jpg
2003.08.11 19:20 B K:\TBH Website Temp\tejas\voices\images\hmwe70878-lg.jpg --> uts.cc.utexas.edu /export/httpd/vhosts/texasbeyondhistory/data/tejas/voices/images hmwe70878-lg.jpg
2003.08.11 19:20 B K:\TBH Website Temp\tejas\voices\images\george_washington.html --> uts.cc.utexas.edu /export/httpd/vhosts/texasbeyondhistory/data/tejas/voices/images george_washington.html
2003.08.11 19:20 B K:\TBH Website Temp\tejas\voices\images\george-washington-sm.jpg --> uts.cc.utexas.edu /export/httpd/vhosts/texasbeyondhistory/data/tejas/voices/images george-washington-sm.jpg
2003.08.11 19:20 B K:\TBH Website Temp\tejas\voices\images\george-washington-lg.jpg --> uts.cc.utexas.edu /export/httpd/vhosts/texasbeyondhistory/data/tejas/voices/images george-washington-lg.jpg
2003.08.11 19:20 B K:\TBH Website Temp\tejas\voices\images\fritz-hendrix-bldg.html --> uts.cc.utexas.edu /export/httpd/vhosts/texasbeyondhistory/data/tejas/voices/images fritz-hendrix-bldg.html
2003.08.11 19:20 B K:\TBH Website Temp\tejas\voices\images\fritz-hendrix-bldg-sm.jpg --> uts.cc.utexas.edu /export/httpd/vhosts/texasbeyondhistory/data/tejas/voices/images fritz-hendrix-bldg-sm.jpg
2003.08.11 19:20 B K:\TBH Website Temp\tejas\voices\images\fritz-hendrix-bldg-lg.jpg --> uts.cc.utexas.edu /export/httpd/vhosts/texasbeyondhistory/data/tejas/voices/images fritz-hendrix-bldg-lg.jpg
2003.08.11 19:20 B K:\TBH Website Temp\tejas\voices\images\francis-kodaseet.html --> uts.cc.utexas.edu /export/httpd/vhosts/texasbeyondhistory/data/tejas/voices/images francis-kodaseet.html
2003.08.11 19:20 B K:\TBH Website Temp\tejas\voices\images\francis-kodaseet-sm.jpg --> uts.cc.utexas.edu /export/httpd/vhosts/texasbeyondhistory/data/tejas/voices/images francis-kodaseet-sm.jpg
2003.08.11 19:20 B K:\TBH Website Temp\tejas\voices\images\francis-kodaseet-lg.jpg --> uts.cc.utexas.edu /export/httpd/vhosts/texasbeyondhistory/data/tejas/voices/images francis-kodaseet-lg.jpg
2003.08.11 19:20 B K:\TBH Website Temp\tejas\voices\images\fort_arbukle.html --> uts.cc.utexas.edu /export/httpd/vhosts/texasbeyondhistory/data/tejas/voices/images fort_arbukle.html
2003.08.11 19:20 B K:\TBH Website Temp\tejas\voices\images\fort_arbuckle-sm.jpg --> uts.cc.utexas.edu /export/httpd/vhosts/texasbeyondhistory/data/tejas/voices/images fort_arbuckle-sm.jpg
2003.08.11 19:20 B K:\TBH Website Temp\tejas\voices\images\fort_arbuckle-lg.jpg --> uts.cc.utexas.edu /export/httpd/vhosts/texasbeyondhistory/data/tejas/voices/images fort_arbuckle-lg.jpg
2003.08.11 19:20 B K:\TBH Website Temp\tejas\voices\images\fannie-brown-house.html --> uts.cc.utexas.edu /export/httpd/vhosts/texasbeyondhistory/data/tejas/voices/images fannie-brown-house.html
2003.08.11 19:20 B K:\TBH Website Temp\tejas\voices\images\fannie-brown-house-sm.jpg --> uts.cc.utexas.edu /export/httpd/vhosts/texasbeyondhistory/data/tejas/voices/images fannie-brown-house-sm.jpg
2003.08.11 19:20 B K:\TBH Website Temp\tejas\voices\images\fannie-brown-house-lg.jpg --> uts.cc.utexas.edu /export/httpd/vhosts/texasbeyondhistory/data/tejas/voices/images fannie-brown-house-lg.jpg
2003.08.11 19:20 B K:\TBH Website Temp\tejas\voices\images\enochandfamily.html --> uts.cc.utexas.edu /export/httpd/vhosts/texasbeyondhistory/data/tejas/voices/images enochandfamily.html
2003.08.11 19:20 B K:\TBH Website Temp\tejas\voices\images\enochandfamily-sm.jpg --> uts.cc.utexas.edu /export/httpd/vhosts/texasbeyondhistory/data/tejas/voices/images enochandfamily-sm.jpg
2003.08.11 19:20 B K:\TBH Website Temp\tejas\voices\images\enochandfamily-lg.jpg --> uts.cc.utexas.edu /export/httpd/vhosts/texasbeyondhistory/data/tejas/voices/images enochandfamily-lg.jpg
2003.08.11 19:20 B K:\TBH Website Temp\tejas\voices\images\enoch-hoag.html --> uts.cc.utexas.edu /export/httpd/vhosts/texasbeyondhistory/data/tejas/voices/images enoch-hoag.html
2003.08.11 19:20 B K:\TBH Website Temp\tejas\voices\images\drumdance-g.html --> uts.cc.utexas.edu /export/httpd/vhosts/texasbeyondhistory/data/tejas/voices/images drumdance-g.html
2003.08.11 19:20 B K:\TBH Website Temp\tejas\voices\images\drumdance-g-lg.jpg --> uts.cc.utexas.edu /export/httpd/vhosts/texasbeyondhistory/data/tejas/voices/images drumdance-g-lg.jpg
2003.08.11 19:20 B K:\TBH Website Temp\tejas\voices\images\drumdance-d.html --> uts.cc.utexas.edu /export/httpd/vhosts/texasbeyondhistory/data/tejas/voices/images drumdance-d.html
2003.08.11 19:20 B K:\TBH Website Temp\tejas\voices\images\drumdance-d-sm.jpg --> uts.cc.utexas.edu /export/httpd/vhosts/texasbeyondhistory/data/tejas/voices/images drumdance-d-sm.jpg
2003.08.11 19:20 B K:\TBH Website Temp\tejas\voices\images\drumdance-d-lg.jpg --> uts.cc.utexas.edu /export/httpd/vhosts/texasbeyondhistory/data/tejas/voices/images drumdance-d-lg.jpg
2003.08.11 19:20 B K:\TBH Website Temp\tejas\voices\images\drum-dance.jpg --> uts.cc.utexas.edu /export/httpd/vhosts/texasbeyondhistory/data/tejas/voices/images drum-dance.jpg
2003.08.11 19:20 B K:\TBH Website Temp\tejas\voices\images\dance-ground1.html --> uts.cc.utexas.edu /export/httpd/vhosts/texasbeyondhistory/data/tejas/voices/images dance-ground1.html
2003.08.11 19:20 B K:\TBH Website Temp\tejas\voices\images\dance-ground-1-sm.jpg --> uts.cc.utexas.edu /export/httpd/vhosts/texasbeyondhistory/data/tejas/voices/images dance-ground-1-sm.jpg
2003.08.11 19:20 B K:\TBH Website Temp\tejas\voices\images\dance-ground-1-lg.jpg --> uts.cc.utexas.edu /export/httpd/vhosts/texasbeyondhistory/data/tejas/voices/images dance-ground-1-lg.jpg
2003.08.11 19:20 B K:\TBH Website Temp\tejas\voices\images\curtis-washita.jpg --> uts.cc.utexas.edu /export/httpd/vhosts/texasbeyondhistory/data/tejas/voices/images curtis-washita.jpg
2003.08.11 19:20 B K:\TBH Website Temp\tejas\voices\images\curtis-washita.html --> uts.cc.utexas.edu /export/httpd/vhosts/texasbeyondhistory/data/tejas/voices/images curtis-washita.html
2003.08.11 19:20 B K:\TBH Website Temp\tejas\voices\images\curtis-washita-sm.jpg --> uts.cc.utexas.edu /export/httpd/vhosts/texasbeyondhistory/data/tejas/voices/images curtis-washita-sm.jpg
2003.08.11 19:20 B K:\TBH Website Temp\tejas\voices\images\culture-center.html --> uts.cc.utexas.edu /export/httpd/vhosts/texasbeyondhistory/data/tejas/voices/images culture-center.html
2003.08.11 19:20 B K:\TBH Website Temp\tejas\voices\images\culture-center-sm.jpg --> uts.cc.utexas.edu /export/httpd/vhosts/texasbeyondhistory/data/tejas/voices/images culture-center-sm.jpg
2003.08.11 19:20 B K:\TBH Website Temp\tejas\voices\images\culture-center-museum.html --> uts.cc.utexas.edu /export/httpd/vhosts/texasbeyondhistory/data/tejas/voices/images culture-center-museum.html
2003.08.11 19:20 B K:\TBH Website Temp\tejas\voices\images\culture-center-museum-sm.jpg --> uts.cc.utexas.edu /export/httpd/vhosts/texasbeyondhistory/data/tejas/voices/images culture-center-museum-sm.jpg
2003.08.11 19:20 B K:\TBH Website Temp\tejas\voices\images\culture-center-museum-lg.jpg --> uts.cc.utexas.edu /export/httpd/vhosts/texasbeyondhistory/data/tejas/voices/images culture-center-museum-lg.jpg
2003.08.11 19:20 B K:\TBH Website Temp\tejas\voices\images\culture-center-lg.jpg --> uts.cc.utexas.edu /export/httpd/vhosts/texasbeyondhistory/data/tejas/voices/images culture-center-lg.jpg
2003.08.11 19:20 B K:\TBH Website Temp\tejas\voices\images\community-house.html --> uts.cc.utexas.edu /export/httpd/vhosts/texasbeyondhistory/data/tejas/voices/images community-house.html
2003.08.11 19:20 B K:\TBH Website Temp\tejas\voices\images\community-house-sm.jpg --> uts.cc.utexas.edu /export/httpd/vhosts/texasbeyondhistory/data/tejas/voices/images community-house-sm.jpg
2003.08.11 19:20 B K:\TBH Website Temp\tejas\voices\images\community-house-lg.jpg --> uts.cc.utexas.edu /export/httpd/vhosts/texasbeyondhistory/data/tejas/voices/images community-house-lg.jpg
2003.08.11 19:20 B K:\TBH Website Temp\tejas\voices\images\clara-brown.html --> uts.cc.utexas.edu /export/httpd/vhosts/texasbeyondhistory/data/tejas/voices/images clara-brown.html
2003.08.11 19:20 B K:\TBH Website Temp\tejas\voices\images\clara-brown-sm.jpg --> uts.cc.utexas.edu /export/httpd/vhosts/texasbeyondhistory/data/tejas/voices/images clara-brown-sm.jpg
2003.08.11 19:20 B K:\TBH Website Temp\tejas\voices\images\clara-brown-lg.jpg --> uts.cc.utexas.edu /export/httpd/vhosts/texasbeyondhistory/data/tejas/voices/images clara-brown-lg.jpg
2003.08.11 19:20 B K:\TBH Website Temp\tejas\voices\images\charter.html --> uts.cc.utexas.edu /export/httpd/vhosts/texasbeyondhistory/data/tejas/voices/images charter.html
2003.08.11 19:20 B K:\TBH Website Temp\tejas\voices\images\charter-sm.jpg --> uts.cc.utexas.edu /export/httpd/vhosts/texasbeyondhistory/data/tejas/voices/images charter-sm.jpg
2003.08.11 19:20 B K:\TBH Website Temp\tejas\voices\images\charter-lg.jpg --> uts.cc.utexas.edu /export/httpd/vhosts/texasbeyondhistory/data/tejas/voices/images charter-lg.jpg
2003.08.11 19:20 B K:\TBH Website Temp\tejas\voices\images\caddo-country-11.html --> uts.cc.utexas.edu /export/httpd/vhosts/texasbeyondhistory/data/tejas/voices/images caddo-country-11.html
2003.08.11 19:20 B K:\TBH Website Temp\tejas\voices\images\caddo-country-11-sm.jpg --> uts.cc.utexas.edu /export/httpd/vhosts/texasbeyondhistory/data/tejas/voices/images caddo-country-11-sm.jpg
2003.08.11 19:20 B K:\TBH Website Temp\tejas\voices\images\caddo-country-11-lg.jpg --> uts.cc.utexas.edu /export/httpd/vhosts/texasbeyondhistory/data/tejas/voices/images caddo-country-11-lg.jpg
2003.08.11 19:20 B K:\TBH Website Temp\tejas\voices\images\caddo-business.html --> uts.cc.utexas.edu /export/httpd/vhosts/texasbeyondhistory/data/tejas/voices/images caddo-business.html
2003.08.11 19:20 B K:\TBH Website Temp\tejas\voices\images\caddo-business-committee-1929-sm.jpg --> uts.cc.utexas.edu /export/httpd/vhosts/texasbeyondhistory/data/tejas/voices/images caddo-business-committee-1929-sm.jpg
2003.08.11 19:20 B K:\TBH Website Temp\tejas\voices\images\caddo-business-committee-1929-lg.jpg --> uts.cc.utexas.edu /export/httpd/vhosts/texasbeyondhistory/data/tejas/voices/images caddo-business-committee-1929-lg.jpg
2003.08.11 19:20 B K:\TBH Website Temp\tejas\voices\images\caddo-allotment-land.JPG --> uts.cc.utexas.edu /export/httpd/vhosts/texasbeyondhistory/data/tejas/voices/images caddo-allotment-land.JPG
2003.08.11 19:20 B K:\TBH Website Temp\tejas\voices\images\burning-house.html --> uts.cc.utexas.edu /export/httpd/vhosts/texasbeyondhistory/data/tejas/voices/images burning-house.html
2003.08.11 19:20 B K:\TBH Website Temp\tejas\voices\images\burning-house-sm.jpg --> uts.cc.utexas.edu /export/httpd/vhosts/texasbeyondhistory/data/tejas/voices/images burning-house-sm.jpg
2003.08.11 19:20 B K:\TBH Website Temp\tejas\voices\images\burning-house-lg.jpg --> uts.cc.utexas.edu /export/httpd/vhosts/texasbeyondhistory/data/tejas/voices/images burning-house-lg.jpg
2003.08.11 19:20 B K:\TBH Website Temp\tejas\voices\images\burning-house-2.html --> uts.cc.utexas.edu /export/httpd/vhosts/texasbeyondhistory/data/tejas/voices/images burning-house-2.html
2003.08.11 19:20 B K:\TBH Website Temp\tejas\voices\images\burning-house-2-sm.jpg --> uts.cc.utexas.edu /export/httpd/vhosts/texasbeyondhistory/data/tejas/voices/images burning-house-2-sm.jpg
2003.08.11 19:20 B K:\TBH Website Temp\tejas\voices\images\burning-house-2-lg.jpg --> uts.cc.utexas.edu /export/httpd/vhosts/texasbeyondhistory/data/tejas/voices/images burning-house-2-lg.jpg
2003.08.11 19:20 B K:\TBH Website Temp\tejas\voices\images\buntin-margaret.html --> uts.cc.utexas.edu /export/httpd/vhosts/texasbeyondhistory/data/tejas/voices/images buntin-margaret.html
2003.08.11 19:20 B K:\TBH Website Temp\tejas\voices\images\buntin-margaret-sm.jpg --> uts.cc.utexas.edu /export/httpd/vhosts/texasbeyondhistory/data/tejas/voices/images buntin-margaret-sm.jpg
2003.08.11 19:20 B K:\TBH Website Temp\tejas\voices\images\buntin-margaret-lg.jpg --> uts.cc.utexas.edu /export/httpd/vhosts/texasbeyondhistory/data/tejas/voices/images buntin-margaret-lg.jpg
2003.08.11 19:20 B K:\TBH Website Temp\tejas\voices\images\buntin-&-margaret-sm.jpg --> uts.cc.utexas.edu /export/httpd/vhosts/texasbeyondhistory/data/tejas/voices/images buntin-&-margaret-sm.jpg
2003.08.11 19:20 B K:\TBH Website Temp\tejas\voices\images\bitnah-document.html --> uts.cc.utexas.edu /export/httpd/vhosts/texasbeyondhistory/data/tejas/voices/images bitnah-document.html
2003.08.11 19:20 B K:\TBH Website Temp\tejas\voices\images\birds-fort.html --> uts.cc.utexas.edu /export/httpd/vhosts/texasbeyondhistory/data/tejas/voices/images birds-fort.html
2003.08.11 19:20 B K:\TBH Website Temp\tejas\voices\images\birds-fort-sm.jpg --> uts.cc.utexas.edu /export/httpd/vhosts/texasbeyondhistory/data/tejas/voices/images birds-fort-sm.jpg
2003.08.11 19:20 B K:\TBH Website Temp\tejas\voices\images\birds-fort-lg.jpg --> uts.cc.utexas.edu /export/httpd/vhosts/texasbeyondhistory/data/tejas/voices/images birds-fort-lg.jpg
2003.08.11 19:20 B K:\TBH Website Temp\tejas\voices\images\bintah-document-sm.jpg --> uts.cc.utexas.edu /export/httpd/vhosts/texasbeyondhistory/data/tejas/voices/images bintah-document-sm.jpg
2003.08.11 19:20 B K:\TBH Website Temp\tejas\voices\images\bintah-document-lg.jpg --> uts.cc.utexas.edu /export/httpd/vhosts/texasbeyondhistory/data/tejas/voices/images bintah-document-lg.jpg
2003.08.11 19:20 B K:\TBH Website Temp\tejas\voices\images\binger-bluffs.html --> uts.cc.utexas.edu /export/httpd/vhosts/texasbeyondhistory/data/tejas/voices/images binger-bluffs.html
2003.08.11 19:20 B K:\TBH Website Temp\tejas\voices\images\binger-bluffs-sm.jpg --> uts.cc.utexas.edu /export/httpd/vhosts/texasbeyondhistory/data/tejas/voices/images binger-bluffs-sm.jpg
2003.08.11 19:20 B K:\TBH Website Temp\tejas\voices\images\binger-bluffs-lg.jpg --> uts.cc.utexas.edu /export/httpd/vhosts/texasbeyondhistory/data/tejas/voices/images binger-bluffs-lg.jpg
2003.08.11 19:20 B K:\TBH Website Temp\tejas\voices\images\beef-at-issue-at-andarko.html --> uts.cc.utexas.edu /export/httpd/vhosts/texasbeyondhistory/data/tejas/voices/images beef-at-issue-at-andarko.html
2003.08.11 19:20 B K:\TBH Website Temp\tejas\voices\images\arrowsmith-detail.html --> uts.cc.utexas.edu /export/httpd/vhosts/texasbeyondhistory/data/tejas/voices/images arrowsmith-detail.html
2003.08.11 19:20 B K:\TBH Website Temp\tejas\voices\images\arrowsmith-detail-sm.jpg --> uts.cc.utexas.edu /export/httpd/vhosts/texasbeyondhistory/data/tejas/voices/images arrowsmith-detail-sm.jpg
2003.08.11 19:20 B K:\TBH Website Temp\tejas\voices\images\arrowsmith-detail-lg.jpg --> uts.cc.utexas.edu /export/httpd/vhosts/texasbeyondhistory/data/tejas/voices/images arrowsmith-detail-lg.jpg
2003.08.11 19:20 B K:\TBH Website Temp\tejas\voices\images\arrowsmith-1841.jpg --> uts.cc.utexas.edu /export/httpd/vhosts/texasbeyondhistory/data/tejas/voices/images arrowsmith-1841.jpg
2003.08.11 19:20 B K:\TBH Website Temp\tejas\voices\images\arrowsmith-1841.html --> uts.cc.utexas.edu /export/httpd/vhosts/texasbeyondhistory/data/tejas/voices/images arrowsmith-1841.html
2003.08.11 19:20 B K:\TBH Website Temp\tejas\voices\images\arrowsmith-1841-lg.jpg --> uts.cc.utexas.edu /export/httpd/vhosts/texasbeyondhistory/data/tejas/voices/images arrowsmith-1841-lg.jpg
2003.08.11 19:20 B K:\TBH Website Temp\tejas\voices\images\arrowsmith-1841-2.html --> uts.cc.utexas.edu /export/httpd/vhosts/texasbeyondhistory/data/tejas/voices/images arrowsmith-1841-2.html
2003.08.11 19:20 B K:\TBH Website Temp\tejas\voices\images\arrowsmith-1841-2-sm.jpg --> uts.cc.utexas.edu /export/httpd/vhosts/texasbeyondhistory/data/tejas/voices/images arrowsmith-1841-2-sm.jpg
2003.08.11 19:20 B K:\TBH Website Temp\tejas\voices\images\arrowsmith-1841-2-lg.jpg --> uts.cc.utexas.edu /export/httpd/vhosts/texasbeyondhistory/data/tejas/voices/images arrowsmith-1841-2-lg.jpg
2003.08.11 19:20 B K:\TBH Website Temp\tejas\voices\images\ark_corn-sm.jpg --> uts.cc.utexas.edu /export/httpd/vhosts/texasbeyondhistory/data/tejas/voices/images ark_corn-sm.jpg
2003.08.11 19:20 B K:\TBH Website Temp\tejas\voices\images\allotment-land3.html --> uts.cc.utexas.edu /export/httpd/vhosts/texasbeyondhistory/data/tejas/voices/images allotment-land3.html
2003.08.11 19:20 B K:\TBH Website Temp\tejas\voices\images\allotment-land3-sm.jpg --> uts.cc.utexas.edu /export/httpd/vhosts/texasbeyondhistory/data/tejas/voices/images allotment-land3-sm.jpg
2003.08.11 19:20 B K:\TBH Website Temp\tejas\voices\images\allotment-land3-lg.jpg --> uts.cc.utexas.edu /export/httpd/vhosts/texasbeyondhistory/data/tejas/voices/images allotment-land3-lg.jpg
2003.08.11 19:20 B K:\TBH Website Temp\tejas\voices\images\agency-roll-1869.html --> uts.cc.utexas.edu /export/httpd/vhosts/texasbeyondhistory/data/tejas/voices/images agency-roll-1869.html
2003.08.11 19:20 B K:\TBH Website Temp\tejas\voices\images\administration-bldg.html --> uts.cc.utexas.edu /export/httpd/vhosts/texasbeyondhistory/data/tejas/voices/images administration-bldg.html
2003.08.11 19:20 B K:\TBH Website Temp\tejas\voices\images\administration-bldg-sm.jpg --> uts.cc.utexas.edu /export/httpd/vhosts/texasbeyondhistory/data/tejas/voices/images administration-bldg-sm.jpg
2003.08.11 19:20 B K:\TBH Website Temp\tejas\voices\images\administration-bldg-lg.jpg --> uts.cc.utexas.edu /export/httpd/vhosts/texasbeyondhistory/data/tejas/voices/images administration-bldg-lg.jpg
2003.08.11 19:20 B K:\TBH Website Temp\tejas\voices\images\1889-it.html --> uts.cc.utexas.edu /export/httpd/vhosts/texasbeyondhistory/data/tejas/voices/images 1889-it.html
2003.08.11 19:20 B K:\TBH Website Temp\tejas\voices\images\1889-it-map-sm.jpg --> uts.cc.utexas.edu /export/httpd/vhosts/texasbeyondhistory/data/tejas/voices/images 1889-it-map-sm.jpg
2003.08.11 19:20 B K:\TBH Website Temp\tejas\voices\images\1889-it-map-lg.jpg --> uts.cc.utexas.edu /export/httpd/vhosts/texasbeyondhistory/data/tejas/voices/images 1889-it-map-lg.jpg
2003.08.11 19:20 B K:\TBH Website Temp\tejas\voices\images\1835-treaty-lg.jpg --> uts.cc.utexas.edu /export/httpd/vhosts/texasbeyondhistory/data/tejas/voices/images 1835-treaty-lg.jpg
2003.08.11 19:20 B K:\TBH Website Temp\tejas\voices\images\1835-la-cession.html --> uts.cc.utexas.edu /export/httpd/vhosts/texasbeyondhistory/data/tejas/voices/images 1835-la-cession.html
2003.08.11 19:20 B K:\TBH Website Temp\tejas\voices\images\1835-la-cession-sm.jpg --> uts.cc.utexas.edu /export/httpd/vhosts/texasbeyondhistory/data/tejas/voices/images 1835-la-cession-sm.jpg
2003.08.11 19:20 B K:\TBH Website Temp\tejas\voices\images\1835-la-cession-lg.jpg --> uts.cc.utexas.edu /export/httpd/vhosts/texasbeyondhistory/data/tejas/voices/images 1835-la-cession-lg.jpg
2003.08.11 19:20 B K:\TBH Website Temp\tejas\voices\images\agency-roll-1869-sm.jpg --> uts.cc.utexas.edu /export/httpd/vhosts/texasbeyondhistory/data/tejas/voices/images agency-roll-1869-sm.jpg
2003.08.11 19:20 B K:\TBH Website Temp\tejas\voices\images\agency-roll-1869.jpg --> uts.cc.utexas.edu /export/httpd/vhosts/texasbeyondhistory/data/tejas/voices/images agency-roll-1869.jpg
2003.08.11 19:20 B K:\TBH Website Temp\tejas\voices\images\beef-issue-at-andarko-sm.jpg --> uts.cc.utexas.edu /export/httpd/vhosts/texasbeyondhistory/data/tejas/voices/images beef-issue-at-andarko-sm.jpg
2003.08.11 19:20 B K:\TBH Website Temp\tejas\voices\images\harry-edge2.jpg --> uts.cc.utexas.edu /export/httpd/vhosts/texasbeyondhistory/data/tejas/voices/images harry-edge2.jpg
2003.08.11 19:20 B K:\TBH Website Temp\tejas\voices\images\riverside2.jpg --> uts.cc.utexas.edu /export/httpd/vhosts/texasbeyondhistory/data/tejas/voices/images riverside2.jpg
2003.08.11 19:20 B K:\TBH Website Temp\tejas\voices\images\riverside.jpg --> uts.cc.utexas.edu /export/httpd/vhosts/texasbeyondhistory/data/tejas/voices/images riverside.jpg
2003.08.11 19:20 B K:\TBH Website Temp\tejas\voices\images\treaty-marker.jpg --> uts.cc.utexas.edu /export/httpd/vhosts/texasbeyondhistory/data/tejas/voices/images treaty-marker.jpg
2003.08.11 19:20 B K:\TBH Website Temp\tejas\voices\images\treaty-marker-sm.jpg --> uts.cc.utexas.edu /export/httpd/vhosts/texasbeyondhistory/data/tejas/voices/images treaty-marker-sm.jpg
2003.08.11 19:20 B K:\TBH Website Temp\tejas\voices\images\faq2.html --> uts.cc.utexas.edu /export/httpd/vhosts/texasbeyondhistory/data/tejas/voices/images faq2.html
2003.08.11 19:20 B K:\TBH Website Temp\tejas\voices\images\faq1.html --> uts.cc.utexas.edu /export/httpd/vhosts/texasbeyondhistory/data/tejas/voices/images faq1.html
2003.08.11 19:20 B K:\TBH Website Temp\tejas\voices\images\stormy-point-view.jpg --> uts.cc.utexas.edu /export/httpd/vhosts/texasbeyondhistory/data/tejas/voices/images stormy-point-view.jpg
2003.08.11 19:20 B K:\TBH Website Temp\tejas\voices\images\beef-issue-at-andarko.jpg --> uts.cc.utexas.edu /export/httpd/vhosts/texasbeyondhistory/data/tejas/voices/images beef-issue-at-andarko.jpg
2003.08.11 19:20 B K:\TBH Website Temp\tejas\voices\images\drumdance-g-sm.jpg --> uts.cc.utexas.edu /export/httpd/vhosts/texasbeyondhistory/data/tejas/voices/images drumdance-g-sm.jpg
2003.08.11 19:20 B K:\TBH Website Temp\tejas\voices\images\twiliight-indian-sm.jpg --> uts.cc.utexas.edu /export/httpd/vhosts/texasbeyondhistory/data/tejas/voices/images twiliight-indian-sm.jpg
2003.08.11 19:20 B K:\TBH Website Temp\tejas\voices\images\twiliight-indian-lg.jpg --> uts.cc.utexas.edu /export/httpd/vhosts/texasbeyondhistory/data/tejas/voices/images twiliight-indian-lg.jpg
2003.08.11 19:20 B K:\TBH Website Temp\tejas\voices\images\twilight-indian.html --> uts.cc.utexas.edu /export/httpd/vhosts/texasbeyondhistory/data/tejas/voices/images twilight-indian.html
2003.08.11 19:20 B K:\TBH Website Temp\tejas\voices\images\stormy-point-sm.jpg --> uts.cc.utexas.edu /export/httpd/vhosts/texasbeyondhistory/data/tejas/voices/images stormy-point-sm.jpg
2003.08.11 19:20 B K:\TBH Website Temp\tejas\voices\images\rangers-indians.html --> uts.cc.utexas.edu /export/httpd/vhosts/texasbeyondhistory/data/tejas/voices/images rangers-indians.html
2003.08.11 19:20 B K:\TBH Website Temp\tejas\voices\images\rangers-indians-sm.jpg --> uts.cc.utexas.edu /export/httpd/vhosts/texasbeyondhistory/data/tejas/voices/images rangers-indians-sm.jpg
2003.08.11 19:20 B K:\TBH Website Temp\tejas\voices\images\rangers-indians-lg.jpg --> uts.cc.utexas.edu /export/httpd/vhosts/texasbeyondhistory/data/tejas/voices/images rangers-indians-lg.jpg
2003.08.11 19:20 B K:\TBH Website Temp\tejas\voices\images\pumpkin.html --> uts.cc.utexas.edu /export/httpd/vhosts/texasbeyondhistory/data/tejas/voices/images pumpkin.html
2003.08.11 19:20 B K:\TBH Website Temp\tejas\voices\images\pumpkin-sm.jpg --> uts.cc.utexas.edu /export/httpd/vhosts/texasbeyondhistory/data/tejas/voices/images pumpkin-sm.jpg
2003.08.11 19:20 B K:\TBH Website Temp\tejas\voices\images\pumpkin-lg.jpg --> uts.cc.utexas.edu /export/httpd/vhosts/texasbeyondhistory/data/tejas/voices/images pumpkin-lg.jpg
2003.08.11 19:20 B K:\TBH Website Temp\tejas\voices\images\neighbors.html --> uts.cc.utexas.edu /export/httpd/vhosts/texasbeyondhistory/data/tejas/voices/images neighbors.html
2003.08.11 19:20 B K:\TBH Website Temp\tejas\voices\images\neighbors-tomb.html --> uts.cc.utexas.edu /export/httpd/vhosts/texasbeyondhistory/data/tejas/voices/images neighbors-tomb.html
2003.08.11 19:21 B K:\TBH Website Temp\tejas\voices\images\neighbors-cemetery.html --> uts.cc.utexas.edu /export/httpd/vhosts/texasbeyondhistory/data/tejas/voices/images neighbors-cemetery.html
2003.08.11 19:21 B K:\TBH Website Temp\tejas\voices\images\neigbors-tomb-sm.jpg --> uts.cc.utexas.edu /export/httpd/vhosts/texasbeyondhistory/data/tejas/voices/images neigbors-tomb-sm.jpg
2003.08.11 19:21 B K:\TBH Website Temp\tejas\voices\images\neigbors-tomb-lg.jpg --> uts.cc.utexas.edu /export/httpd/vhosts/texasbeyondhistory/data/tejas/voices/images neigbors-tomb-lg.jpg
2003.08.11 19:21 B K:\TBH Website Temp\tejas\voices\images\neigbors-sm.jpg --> uts.cc.utexas.edu /export/httpd/vhosts/texasbeyondhistory/data/tejas/voices/images neigbors-sm.jpg
2003.08.11 19:21 B K:\TBH Website Temp\tejas\voices\images\neigbors-lg.jpg --> uts.cc.utexas.edu /export/httpd/vhosts/texasbeyondhistory/data/tejas/voices/images neigbors-lg.jpg
2003.08.11 19:21 B K:\TBH Website Temp\tejas\voices\images\neigbors-cemetery-sm.jpg --> uts.cc.utexas.edu /export/httpd/vhosts/texasbeyondhistory/data/tejas/voices/images neigbors-cemetery-sm.jpg
2003.08.11 19:21 B K:\TBH Website Temp\tejas\voices\images\neigbors-cemetery-lg.jpg --> uts.cc.utexas.edu /export/httpd/vhosts/texasbeyondhistory/data/tejas/voices/images neigbors-cemetery-lg.jpg
2003.08.11 19:21 B K:\TBH Website Temp\tejas\voices\images\mesquite-flat.html --> uts.cc.utexas.edu /export/httpd/vhosts/texasbeyondhistory/data/tejas/voices/images mesquite-flat.html
2003.08.11 19:21 B K:\TBH Website Temp\tejas\voices\images\mesquite-flat-sm.jpg --> uts.cc.utexas.edu /export/httpd/vhosts/texasbeyondhistory/data/tejas/voices/images mesquite-flat-sm.jpg
2003.08.11 19:21 B K:\TBH Website Temp\tejas\voices\images\mesquite-flat-lg.jpg --> uts.cc.utexas.edu /export/httpd/vhosts/texasbeyondhistory/data/tejas/voices/images mesquite-flat-lg.jpg
2003.08.11 19:21 B K:\TBH Website Temp\tejas\voices\images\marcy.jpg --> uts.cc.utexas.edu /export/httpd/vhosts/texasbeyondhistory/data/tejas/voices/images marcy.jpg
2003.08.11 19:21 B K:\TBH Website Temp\tejas\voices\images\marcy-map2.html --> uts.cc.utexas.edu /export/httpd/vhosts/texasbeyondhistory/data/tejas/voices/images marcy-map2.html
2003.08.11 19:21 B K:\TBH Website Temp\tejas\voices\images\marcy-map2-sm.jpg --> uts.cc.utexas.edu /export/httpd/vhosts/texasbeyondhistory/data/tejas/voices/images marcy-map2-sm.jpg
2003.08.11 19:21 B K:\TBH Website Temp\tejas\voices\images\marcy-map2-lg.jpg --> uts.cc.utexas.edu /export/httpd/vhosts/texasbeyondhistory/data/tejas/voices/images marcy-map2-lg.jpg
2003.08.11 19:21 B K:\TBH Website Temp\tejas\voices\images\marcy-map2-detail.html --> uts.cc.utexas.edu /export/httpd/vhosts/texasbeyondhistory/data/tejas/voices/images marcy-map2-detail.html
2003.08.11 19:21 B K:\TBH Website Temp\tejas\voices\images\marcy-map2-detail-sm.jpg --> uts.cc.utexas.edu /export/httpd/vhosts/texasbeyondhistory/data/tejas/voices/images marcy-map2-detail-sm.jpg
2003.08.11 19:21 B K:\TBH Website Temp\tejas\voices\images\marcy-map2-detail-lg.jpg --> uts.cc.utexas.edu /export/httpd/vhosts/texasbeyondhistory/data/tejas/voices/images marcy-map2-detail-lg.jpg
2003.08.11 19:21 B K:\TBH Website Temp\tejas\voices\images\marcy-map.html --> uts.cc.utexas.edu /export/httpd/vhosts/texasbeyondhistory/data/tejas/voices/images marcy-map.html
2003.08.11 19:21 B K:\TBH Website Temp\tejas\voices\images\marcy-map-sm.jpg --> uts.cc.utexas.edu /export/httpd/vhosts/texasbeyondhistory/data/tejas/voices/images marcy-map-sm.jpg
2003.08.11 19:21 B K:\TBH Website Temp\tejas\voices\images\marcy-map-lg.jpg --> uts.cc.utexas.edu /export/httpd/vhosts/texasbeyondhistory/data/tejas/voices/images marcy-map-lg.jpg
2003.08.11 19:21 B K:\TBH Website Temp\tejas\voices\images\marcy-map-detail.html --> uts.cc.utexas.edu /export/httpd/vhosts/texasbeyondhistory/data/tejas/voices/images marcy-map-detail.html
2003.08.11 19:21 B K:\TBH Website Temp\tejas\voices\images\marcy-map-detail-sm.jpg --> uts.cc.utexas.edu /export/httpd/vhosts/texasbeyondhistory/data/tejas/voices/images marcy-map-detail-sm.jpg
2003.08.11 19:21 B K:\TBH Website Temp\tejas\voices\images\marcy-map-detail-lg.jpg --> uts.cc.utexas.edu /export/httpd/vhosts/texasbeyondhistory/data/tejas/voices/images marcy-map-detail-lg.jpg
2003.08.11 19:21 B K:\TBH Website Temp\tejas\voices\images\jose-maria-commendation.html --> uts.cc.utexas.edu /export/httpd/vhosts/texasbeyondhistory/data/tejas/voices/images jose-maria-commendation.html
2003.08.11 19:21 B K:\TBH Website Temp\tejas\voices\images\jose-maria-commendation-sm.jpg --> uts.cc.utexas.edu /export/httpd/vhosts/texasbeyondhistory/data/tejas/voices/images jose-maria-commendation-sm.jpg
2003.08.11 19:21 B K:\TBH Website Temp\tejas\voices\images\jose-maria-commendation-lg.jpg --> uts.cc.utexas.edu /export/httpd/vhosts/texasbeyondhistory/data/tejas/voices/images jose-maria-commendation-lg.jpg
2003.08.11 19:21 B K:\TBH Website Temp\tejas\voices\images\claiborne.jpg --> uts.cc.utexas.edu /export/httpd/vhosts/texasbeyondhistory/data/tejas/voices/images claiborne.jpg
2003.08.11 19:21 B K:\TBH Website Temp\tejas\voices\images\brazos4.html --> uts.cc.utexas.edu /export/httpd/vhosts/texasbeyondhistory/data/tejas/voices/images brazos4.html
2003.08.11 19:21 B K:\TBH Website Temp\tejas\voices\images\brazos4-sm.jpg --> uts.cc.utexas.edu /export/httpd/vhosts/texasbeyondhistory/data/tejas/voices/images brazos4-sm.jpg
2003.08.11 19:21 B K:\TBH Website Temp\tejas\voices\images\brazos4-lg.jpg --> uts.cc.utexas.edu /export/httpd/vhosts/texasbeyondhistory/data/tejas/voices/images brazos4-lg.jpg
2003.08.11 19:21 B K:\TBH Website Temp\tejas\voices\images\area-of-interest.html --> uts.cc.utexas.edu /export/httpd/vhosts/texasbeyondhistory/data/tejas/voices/images area-of-interest.html
2003.08.11 19:21 B K:\TBH Website Temp\tejas\voices\images\area-of-interest-sm.jpg --> uts.cc.utexas.edu /export/httpd/vhosts/texasbeyondhistory/data/tejas/voices/images area-of-interest-sm.jpg
2003.08.11 19:21 B K:\TBH Website Temp\tejas\voices\images\area-of-interest-lg.jpg --> uts.cc.utexas.edu /export/httpd/vhosts/texasbeyondhistory/data/tejas/voices/images area-of-interest-lg.jpg
2003.08.11 19:21 B K:\TBH Website Temp\tejas\voices\images\1857-railroad.html --> uts.cc.utexas.edu /export/httpd/vhosts/texasbeyondhistory/data/tejas/voices/images 1857-railroad.html
2003.08.11 19:21 B K:\TBH Website Temp\tejas\voices\images\1857-railroad-sm.jpg --> uts.cc.utexas.edu /export/httpd/vhosts/texasbeyondhistory/data/tejas/voices/images 1857-railroad-sm.jpg
2003.08.11 19:21 B K:\TBH Website Temp\tejas\voices\images\1857-railroad-lg.jpg --> uts.cc.utexas.edu /export/httpd/vhosts/texasbeyondhistory/data/tejas/voices/images 1857-railroad-lg.jpg
2003.08.11 19:21 B K:\TBH Website Temp\tejas\voices\images\homeland-voices.html --> uts.cc.utexas.edu /export/httpd/vhosts/texasbeyondhistory/data/tejas/voices/images homeland-voices.html
2003.08.11 19:21 B K:\TBH Website Temp\tejas\voices\images\homeland-voices-sm.jpg --> uts.cc.utexas.edu /export/httpd/vhosts/texasbeyondhistory/data/tejas/voices/images homeland-voices-sm.jpg
2003.08.11 19:21 B K:\TBH Website Temp\tejas\voices\images\homeland-voices-lg.jpg --> uts.cc.utexas.edu /export/httpd/vhosts/texasbeyondhistory/data/tejas/voices/images homeland-voices-lg.jpg
2003.08.11 19:22 B K:\TBH Website Temp\tejas\voices\images\cecile-carter-sm.jpg --> uts.cc.utexas.edu /export/httpd/vhosts/texasbeyondhistory/data/tejas/voices/images cecile-carter-sm.jpg
