2001.08.30 19:17 B D:\TBH Temp\teach\index.html <-- Texas Beyond History /Website Stuff/TBH Website Temp/teach index.html
2001.08.30 19:17 B D:\TBH Temp\teach\index.html.LCK <-- Texas Beyond History /Website Stuff/TBH Website Temp/teach index.html.LCK
2001.08.30 19:17 B D:\TBH Temp\teach\lessons.html <-- Texas Beyond History /Website Stuff/TBH Website Temp/teach lessons.html
2001.08.30 19:17 B D:\TBH Temp\teach\lessons.html.LCK <-- Texas Beyond History /Website Stuff/TBH Website Temp/teach lessons.html.LCK
2001.08.31 07:20 B D:\TBH Temp\teach\integrating.html <-- Texas Beyond History /Website Stuff/TBH Website Temp/teach integrating.html
2001.08.31 07:22 B D:\TBH Temp\teach\index.html <-- Texas Beyond History /Website Stuff/TBH Website Temp/teach index.html
2001.08.31 07:22 B D:\TBH Temp\teach\lessons.html <-- Texas Beyond History /Website Stuff/TBH Website Temp/teach lessons.html
2001.08.31 20:00 B D:\TBH Temp\teach\resources.html <-- Texas Beyond History /Website Stuff/TBH Website Temp/teach resources.html
2001.09.01 22:36 B D:\TBH Temp\teach\index.html --> uts.cc.utexas.edu /usr/pub/www/research/tarl/abouttarl/tbh/teach index.html
2001.09.01 22:36 B D:\TBH Temp\teach\index.html.LCK --> uts.cc.utexas.edu /usr/pub/www/research/tarl/abouttarl/tbh/teach index.html.LCK
2001.09.01 22:36 B D:\TBH Temp\teach\integrating.html --> uts.cc.utexas.edu /usr/pub/www/research/tarl/abouttarl/tbh/teach integrating.html
2001.09.01 22:36 B D:\TBH Temp\teach\lessons.html --> uts.cc.utexas.edu /usr/pub/www/research/tarl/abouttarl/tbh/teach lessons.html
2001.09.01 22:36 B D:\TBH Temp\teach\lessons.html.LCK --> uts.cc.utexas.edu /usr/pub/www/research/tarl/abouttarl/tbh/teach lessons.html.LCK
2001.09.01 22:36 B D:\TBH Temp\teach\resources.html --> uts.cc.utexas.edu /usr/pub/www/research/tarl/abouttarl/tbh/teach resources.html
2001.09.04 15:39 B M:\Website Stuff\teach\WS_FTP.LOG <-- TARLweb /usr/pub/www/research/tarl/abouttarl/tbh/teach WS_FTP.LOG
2001.09.04 16:54 B C:\WINDOWS\Desktop\TBH\TBH on TEXsite\teach\WS_FTP.LOG <-- TARL /Website Stuff/teach WS_FTP.LOG
2001.10.02 03:10 B C:\WINDOWS\Desktop\TBH\Recent\teach\index.html --> uts.cc.utexas.edu /export/httpd/vhosts/texasbeyondhistory/data/teach index.html
2001.10.02 03:10 B C:\WINDOWS\Desktop\TBH\Recent\teach\index.html.LCK.LCK --> uts.cc.utexas.edu /export/httpd/vhosts/texasbeyondhistory/data/teach index.html.LCK.LCK
2001.10.02 03:10 B C:\WINDOWS\Desktop\TBH\Recent\teach\integrating.html --> uts.cc.utexas.edu /export/httpd/vhosts/texasbeyondhistory/data/teach integrating.html
2001.10.02 03:10 B C:\WINDOWS\Desktop\TBH\Recent\teach\lessons.html --> uts.cc.utexas.edu /export/httpd/vhosts/texasbeyondhistory/data/teach lessons.html
2001.10.02 03:10 B C:\WINDOWS\Desktop\TBH\Recent\teach\lessons.html.LCK.LCK --> uts.cc.utexas.edu /export/httpd/vhosts/texasbeyondhistory/data/teach lessons.html.LCK.LCK
2001.10.02 03:10 B C:\WINDOWS\Desktop\TBH\Recent\teach\links.html --> uts.cc.utexas.edu /export/httpd/vhosts/texasbeyondhistory/data/teach links.html
2001.10.02 03:10 B C:\WINDOWS\Desktop\TBH\Recent\teach\resources.html --> uts.cc.utexas.edu /export/httpd/vhosts/texasbeyondhistory/data/teach resources.html
2001.10.02 03:10 B C:\WINDOWS\Desktop\TBH\Recent\teach\teaching.html --> uts.cc.utexas.edu /export/httpd/vhosts/texasbeyondhistory/data/teach teaching.html
2001.10.11 15:16 B M:\Website Stuff\TBH Website Temp\teach\WS_FTP.LOG <-- texasbeyondhistory /export/httpd/vhosts/texasbeyondhistory/data/teach WS_FTP.LOG
2002.01.26 12:20 B L:\Website Stuff\TBH Website Temp\teach\teaching.html --> uts.cc.utexas.edu /export/httpd/vhosts/texasbeyondhistory/data/teach teaching.html
2002.01.26 12:20 B L:\Website Stuff\TBH Website Temp\teach\resources.html --> uts.cc.utexas.edu /export/httpd/vhosts/texasbeyondhistory/data/teach resources.html
2002.01.26 12:20 B L:\Website Stuff\TBH Website Temp\teach\links.html --> uts.cc.utexas.edu /export/httpd/vhosts/texasbeyondhistory/data/teach links.html
2002.01.26 12:20 B L:\Website Stuff\TBH Website Temp\teach\lessons.html --> uts.cc.utexas.edu /export/httpd/vhosts/texasbeyondhistory/data/teach lessons.html
2002.01.26 12:20 B L:\Website Stuff\TBH Website Temp\teach\integrating.html --> uts.cc.utexas.edu /export/httpd/vhosts/texasbeyondhistory/data/teach integrating.html
2002.01.26 12:20 B L:\Website Stuff\TBH Website Temp\teach\index.html --> uts.cc.utexas.edu /export/httpd/vhosts/texasbeyondhistory/data/teach index.html
2002.02.04 16:49 B G:\Website Stuff\TBH Website Temp\teach\links.html --> uts.cc.utexas.edu /export/httpd/vhosts/texasbeyondhistory/data/teach links.html
2002.02.04 16:57 B G:\Website Stuff\TBH Website Temp\teach\links.html --> uts.cc.utexas.edu /export/httpd/vhosts/texasbeyondhistory/data/teach links.html
2002.02.04 17:12 B G:\Website Stuff\TBH Website Temp\teach\links.html --> uts.cc.utexas.edu /export/httpd/vhosts/texasbeyondhistory/data/teach links.html
2002.02.04 17:46 B L:\Website Stuff\TBH Website Temp\teach\links.html --> uts.cc.utexas.edu /export/httpd/vhosts/texasbeyondhistory/data/teach links.html
2002.02.06 15:24 B G:\Website Stuff\TBH Website Temp\teach\index.html --> uts.cc.utexas.edu /export/httpd/vhosts/texasbeyondhistory/data/teach index.html
2002.02.06 15:24 B G:\Website Stuff\TBH Website Temp\teach\lessons.html --> uts.cc.utexas.edu /export/httpd/vhosts/texasbeyondhistory/data/teach lessons.html
2002.02.06 15:24 B G:\Website Stuff\TBH Website Temp\teach\teaching.html --> uts.cc.utexas.edu /export/httpd/vhosts/texasbeyondhistory/data/teach teaching.html
2002.02.06 15:29 B G:\Website Stuff\TBH Website Temp\teach\lessons.html --> uts.cc.utexas.edu /export/httpd/vhosts/texasbeyondhistory/data/teach lessons.html
2002.02.06 15:29 B G:\Website Stuff\TBH Website Temp\teach\teaching.html --> uts.cc.utexas.edu /export/httpd/vhosts/texasbeyondhistory/data/teach teaching.html
2002.02.06 15:31 B G:\Website Stuff\TBH Website Temp\teach\links.html --> uts.cc.utexas.edu /export/httpd/vhosts/texasbeyondhistory/data/teach links.html
2002.02.22 11:02 B G:\Website Stuff\TBH Website Temp\teach\links.html --> uts.cc.utexas.edu /export/httpd/vhosts/texasbeyondhistory/data/teach links.html
2002.02.22 11:20 B G:\Website Stuff\TBH Website Temp\teach\links.html --> uts.cc.utexas.edu /export/httpd/vhosts/texasbeyondhistory/data/teach links.html
2002.09.10 17:28 B G:\Website Stuff\TBH Website Temp\teach\lessons.html --> uts.cc.utexas.edu /export/httpd/vhosts/texasbeyondhistory/data/teach lessons.html
2002.09.13 09:17 B G:\Website Stuff\TBH Website Temp\teach\lessons.html --> uts.cc.utexas.edu /export/httpd/vhosts/texasbeyondhistory/data/teach lessons.html
2002.09.24 13:43 B G:\Website Stuff\TBH Website Temp\teach\index.html --> uts.cc.utexas.edu /export/httpd/vhosts/texasbeyondhistory/data/teach index.html
2002.09.24 15:11 B G:\Website Stuff\TBH Website Temp\teach\links.html --> uts.cc.utexas.edu /export/httpd/vhosts/texasbeyondhistory/data/teach links.html
2002.10.28 08:51 B G:\Website Stuff\TBH Website Temp\teach\guide.html --> uts.cc.utexas.edu /export/httpd/vhosts/texasbeyondhistory/data/teach guide.html
2002.10.28 08:54 B G:\Website Stuff\TBH Website Temp\teach\guide.html --> uts.cc.utexas.edu /export/httpd/vhosts/texasbeyondhistory/data/teach guide.html
2002.11.05 14:14 B G:\Website Stuff\TBH Website Temp\teach\links.html --> uts.cc.utexas.edu /export/httpd/vhosts/texasbeyondhistory/data/teach links.html
2003.06.24 09:19 B K:\TBH Website Temp\teach\unit.html --> uts.cc.utexas.edu /export/httpd/vhosts/texasbeyondhistory/data/teach unit.html
2004.02.11 13:34 B G:\Website Stuff\TBH Website Temp\teach\unit.html --> uts.cc.utexas.edu /export/httpd/vhosts/texasbeyondhistory/data/teach unit.html
2004.05.19 16:35 B G:\TBH Website Temp\teach\links.html --> uts.cc.utexas.edu /export/httpd/vhosts/texasbeyondhistory/data/teach links.html
2004.05.20 14:26 B G:\TBH Website Temp\teach\links.html --> uts.cc.utexas.edu /export/httpd/vhosts/texasbeyondhistory/data/teach links.html
2004.09.10 13:56 B G:\TBH Website Temp\teach\unit.html --> uts.cc.utexas.edu /export/httpd/vhosts/texasbeyondhistory/data/teach unit.html
2005.03.08 17:06 B G:\TBH Website Temp\teach\lessons.html --> uts.cc.utexas.edu /export/httpd/vhosts/texasbeyondhistory/data/teach lessons.html
2005.04.04 13:40 B L:\TBH Website Temp\teach\comments.html --> uts.cc.utexas.edu /export/httpd/vhosts/texasbeyondhistory/data/teach comments.html
2005.04.04 13:40 B L:\TBH Website Temp\teach\guide.html --> uts.cc.utexas.edu /export/httpd/vhosts/texasbeyondhistory/data/teach guide.html
2005.04.04 13:40 B L:\TBH Website Temp\teach\index.html --> uts.cc.utexas.edu /export/httpd/vhosts/texasbeyondhistory/data/teach index.html
2005.04.04 13:40 B L:\TBH Website Temp\teach\integrating.html --> uts.cc.utexas.edu /export/httpd/vhosts/texasbeyondhistory/data/teach integrating.html
2005.04.04 13:40 B L:\TBH Website Temp\teach\lessons.html --> uts.cc.utexas.edu /export/httpd/vhosts/texasbeyondhistory/data/teach lessons.html
2005.04.04 13:40 B L:\TBH Website Temp\teach\links.html --> uts.cc.utexas.edu /export/httpd/vhosts/texasbeyondhistory/data/teach links.html
2005.04.04 13:40 B L:\TBH Website Temp\teach\resources.html --> uts.cc.utexas.edu /export/httpd/vhosts/texasbeyondhistory/data/teach resources.html
2005.04.04 13:40 B L:\TBH Website Temp\teach\response.html --> uts.cc.utexas.edu /export/httpd/vhosts/texasbeyondhistory/data/teach response.html
2005.04.04 13:40 B L:\TBH Website Temp\teach\teaching.html --> uts.cc.utexas.edu /export/httpd/vhosts/texasbeyondhistory/data/teach teaching.html
2005.04.04 13:40 B L:\TBH Website Temp\teach\unit.html --> uts.cc.utexas.edu /export/httpd/vhosts/texasbeyondhistory/data/teach unit.html
2005.04.07 13:55 B G:\TBH Website Temp\teach\teaching.html --> uts.cc.utexas.edu /export/httpd/vhosts/texasbeyondhistory/data/teach teaching.html
