2003.08.28 09:13 B K:\TBH Website Temp\pavoreal\archaic.html --> uts.cc.utexas.edu /export/httpd/vhosts/texasbeyondhistory/data/pavoreal archaic.html
2003.08.28 09:13 B K:\TBH Website Temp\pavoreal\credits.html --> uts.cc.utexas.edu /export/httpd/vhosts/texasbeyondhistory/data/pavoreal credits.html
2003.08.28 09:13 B K:\TBH Website Temp\pavoreal\index.html --> uts.cc.utexas.edu /export/httpd/vhosts/texasbeyondhistory/data/pavoreal index.html
2003.08.28 09:13 B K:\TBH Website Temp\pavoreal\paleoindian.html --> uts.cc.utexas.edu /export/httpd/vhosts/texasbeyondhistory/data/pavoreal paleoindian.html
2003.08.28 09:13 B K:\TBH Website Temp\pavoreal\site.html --> uts.cc.utexas.edu /export/httpd/vhosts/texasbeyondhistory/data/pavoreal site.html
2003.08.29 15:06 B K:\TBH Website Temp\pavoreal\credits.html --> uts.cc.utexas.edu /export/httpd/vhosts/texasbeyondhistory/data/pavoreal credits.html
2003.08.29 15:06 B K:\TBH Website Temp\pavoreal\index.html --> uts.cc.utexas.edu /export/httpd/vhosts/texasbeyondhistory/data/pavoreal index.html
2003.09.13 19:00 B K:\TBH Website Temp\pavoreal\archaic.html --> uts.cc.utexas.edu /export/httpd/vhosts/texasbeyondhistory/data/pavoreal archaic.html
2003.09.13 19:00 B K:\TBH Website Temp\pavoreal\credits.html --> uts.cc.utexas.edu /export/httpd/vhosts/texasbeyondhistory/data/pavoreal credits.html
2003.09.13 19:00 B K:\TBH Website Temp\pavoreal\index.html --> uts.cc.utexas.edu /export/httpd/vhosts/texasbeyondhistory/data/pavoreal index.html
2003.09.13 19:00 B K:\TBH Website Temp\pavoreal\paleoindian.html --> uts.cc.utexas.edu /export/httpd/vhosts/texasbeyondhistory/data/pavoreal paleoindian.html
2003.09.13 19:00 B K:\TBH Website Temp\pavoreal\site.html --> uts.cc.utexas.edu /export/httpd/vhosts/texasbeyondhistory/data/pavoreal site.html
2003.09.17 12:28 B G:\Website Stuff\TBH Website Temp\pavoreal\archaic.html --> uts.cc.utexas.edu /export/httpd/vhosts/texasbeyondhistory/data/pavoreal archaic.html
2003.09.17 12:28 B G:\Website Stuff\TBH Website Temp\pavoreal\index.html --> uts.cc.utexas.edu /export/httpd/vhosts/texasbeyondhistory/data/pavoreal index.html
2003.09.17 12:28 B G:\Website Stuff\TBH Website Temp\pavoreal\paleoindian.html --> uts.cc.utexas.edu /export/httpd/vhosts/texasbeyondhistory/data/pavoreal paleoindian.html
2003.09.17 12:28 B G:\Website Stuff\TBH Website Temp\pavoreal\site.html --> uts.cc.utexas.edu /export/httpd/vhosts/texasbeyondhistory/data/pavoreal site.html
2003.09.17 14:42 B G:\Website Stuff\TBH Website Temp\pavoreal\index.html --> uts.cc.utexas.edu /export/httpd/vhosts/texasbeyondhistory/data/pavoreal index.html
2005.04.04 13:23 B L:\TBH Website Temp\pavoreal\archaic.html --> uts.cc.utexas.edu /export/httpd/vhosts/texasbeyondhistory/data/pavoreal archaic.html
2005.04.04 13:23 B L:\TBH Website Temp\pavoreal\credits.html --> uts.cc.utexas.edu /export/httpd/vhosts/texasbeyondhistory/data/pavoreal credits.html
2005.04.04 13:23 B L:\TBH Website Temp\pavoreal\index.html --> uts.cc.utexas.edu /export/httpd/vhosts/texasbeyondhistory/data/pavoreal index.html
2005.04.04 13:23 B L:\TBH Website Temp\pavoreal\paleoindian.html --> uts.cc.utexas.edu /export/httpd/vhosts/texasbeyondhistory/data/pavoreal paleoindian.html
2005.04.04 13:23 B L:\TBH Website Temp\pavoreal\site.html --> uts.cc.utexas.edu /export/httpd/vhosts/texasbeyondhistory/data/pavoreal site.html
