2003.09.14 13:25 B K:\TBH Website Temp\villagers\buriedcity\architecture.html --> uts.cc.utexas.edu /export/httpd/vhosts/texasbeyondhistory/data/villagers/buriedcity architecture.html
2003.09.14 13:25 B K:\TBH Website Temp\villagers\buriedcity\credits.html --> uts.cc.utexas.edu /export/httpd/vhosts/texasbeyondhistory/data/villagers/buriedcity credits.html
2003.09.14 13:25 B K:\TBH Website Temp\villagers\buriedcity\index.html --> uts.cc.utexas.edu /export/httpd/vhosts/texasbeyondhistory/data/villagers/buriedcity index.html
2003.09.14 13:25 B K:\TBH Website Temp\villagers\buriedcity\investigations.html --> uts.cc.utexas.edu /export/httpd/vhosts/texasbeyondhistory/data/villagers/buriedcity investigations.html
2003.09.14 13:25 B K:\TBH Website Temp\villagers\buriedcity\life.html --> uts.cc.utexas.edu /export/httpd/vhosts/texasbeyondhistory/data/villagers/buriedcity life.html
2003.09.14 13:25 B K:\TBH Website Temp\villagers\buriedcity\settlement.html --> uts.cc.utexas.edu /export/httpd/vhosts/texasbeyondhistory/data/villagers/buriedcity settlement.html
2003.09.14 13:25 B K:\TBH Website Temp\villagers\buriedcity\who.html --> uts.cc.utexas.edu /export/httpd/vhosts/texasbeyondhistory/data/villagers/buriedcity who.html
2003.10.22 18:23 B K:\TBH Website Temp\villagers\buriedcity\architecture.html --> uts.cc.utexas.edu /export/httpd/vhosts/texasbeyondhistory/data/villagers/buriedcity architecture.html
2003.10.22 18:23 B K:\TBH Website Temp\villagers\buriedcity\credits.html --> uts.cc.utexas.edu /export/httpd/vhosts/texasbeyondhistory/data/villagers/buriedcity credits.html
2003.10.22 18:23 B K:\TBH Website Temp\villagers\buriedcity\index.html --> uts.cc.utexas.edu /export/httpd/vhosts/texasbeyondhistory/data/villagers/buriedcity index.html
2003.10.22 18:23 B K:\TBH Website Temp\villagers\buriedcity\investigations.html --> uts.cc.utexas.edu /export/httpd/vhosts/texasbeyondhistory/data/villagers/buriedcity investigations.html
2003.10.22 18:23 B K:\TBH Website Temp\villagers\buriedcity\life.html --> uts.cc.utexas.edu /export/httpd/vhosts/texasbeyondhistory/data/villagers/buriedcity life.html
2003.10.22 18:23 B K:\TBH Website Temp\villagers\buriedcity\settlement.html --> uts.cc.utexas.edu /export/httpd/vhosts/texasbeyondhistory/data/villagers/buriedcity settlement.html
2003.10.22 18:23 B K:\TBH Website Temp\villagers\buriedcity\who.html --> uts.cc.utexas.edu /export/httpd/vhosts/texasbeyondhistory/data/villagers/buriedcity who.html
2003.10.23 15:31 B K:\TBH Website Temp\villagers\buriedcity\credits.html --> uts.cc.utexas.edu /export/httpd/vhosts/texasbeyondhistory/data/villagers/buriedcity credits.html
2004.01.30 12:13 B K:\TBH Website Temp\villagers\buriedcity\investigations.html --> uts.cc.utexas.edu /export/httpd/vhosts/texasbeyondhistory/data/villagers/buriedcity investigations.html
2004.07.06 12:53 B K:\TBH Website Temp\villagers\buriedcity\architecture.html --> uts.cc.utexas.edu /export/httpd/vhosts/texasbeyondhistory/data/villagers/buriedcity architecture.html
2004.07.06 12:53 B K:\TBH Website Temp\villagers\buriedcity\credits.html --> uts.cc.utexas.edu /export/httpd/vhosts/texasbeyondhistory/data/villagers/buriedcity credits.html
2004.07.06 12:53 B K:\TBH Website Temp\villagers\buriedcity\index.html --> uts.cc.utexas.edu /export/httpd/vhosts/texasbeyondhistory/data/villagers/buriedcity index.html
2004.07.06 12:53 B K:\TBH Website Temp\villagers\buriedcity\investigations.html --> uts.cc.utexas.edu /export/httpd/vhosts/texasbeyondhistory/data/villagers/buriedcity investigations.html
2004.07.06 12:53 B K:\TBH Website Temp\villagers\buriedcity\life.html --> uts.cc.utexas.edu /export/httpd/vhosts/texasbeyondhistory/data/villagers/buriedcity life.html
2004.07.06 12:53 B K:\TBH Website Temp\villagers\buriedcity\settlement.html --> uts.cc.utexas.edu /export/httpd/vhosts/texasbeyondhistory/data/villagers/buriedcity settlement.html
2004.07.06 12:53 B K:\TBH Website Temp\villagers\buriedcity\who.html --> uts.cc.utexas.edu /export/httpd/vhosts/texasbeyondhistory/data/villagers/buriedcity who.html
2004.07.26 18:31 B K:\TBH Website Temp\villagers\buriedcity\who.html --> uts.cc.utexas.edu /export/httpd/vhosts/texasbeyondhistory/data/villagers/buriedcity who.html
2004.07.26 18:31 B K:\TBH Website Temp\villagers\buriedcity\settlement.html --> uts.cc.utexas.edu /export/httpd/vhosts/texasbeyondhistory/data/villagers/buriedcity settlement.html
2004.07.26 18:31 B K:\TBH Website Temp\villagers\buriedcity\life.html --> uts.cc.utexas.edu /export/httpd/vhosts/texasbeyondhistory/data/villagers/buriedcity life.html
2004.07.26 18:31 B K:\TBH Website Temp\villagers\buriedcity\investigations.html --> uts.cc.utexas.edu /export/httpd/vhosts/texasbeyondhistory/data/villagers/buriedcity investigations.html
2004.07.26 18:31 B K:\TBH Website Temp\villagers\buriedcity\index.html --> uts.cc.utexas.edu /export/httpd/vhosts/texasbeyondhistory/data/villagers/buriedcity index.html
2004.07.26 18:31 B K:\TBH Website Temp\villagers\buriedcity\credits.html --> uts.cc.utexas.edu /export/httpd/vhosts/texasbeyondhistory/data/villagers/buriedcity credits.html
2004.07.26 18:31 B K:\TBH Website Temp\villagers\buriedcity\architecture.html --> uts.cc.utexas.edu /export/httpd/vhosts/texasbeyondhistory/data/villagers/buriedcity architecture.html
2004.07.27 12:33 B K:\TBH Website Temp\villagers\buriedcity\index.html --> uts.cc.utexas.edu /export/httpd/vhosts/texasbeyondhistory/data/villagers/buriedcity index.html
2005.04.04 13:46 B L:\TBH Website Temp\villagers\buriedcity\architecture.html --> uts.cc.utexas.edu /export/httpd/vhosts/texasbeyondhistory/data/villagers/buriedcity architecture.html
2005.04.04 13:46 B L:\TBH Website Temp\villagers\buriedcity\credits.html --> uts.cc.utexas.edu /export/httpd/vhosts/texasbeyondhistory/data/villagers/buriedcity credits.html
2005.04.04 13:46 B L:\TBH Website Temp\villagers\buriedcity\index.html --> uts.cc.utexas.edu /export/httpd/vhosts/texasbeyondhistory/data/villagers/buriedcity index.html
2005.04.04 13:46 B L:\TBH Website Temp\villagers\buriedcity\investigations.html --> uts.cc.utexas.edu /export/httpd/vhosts/texasbeyondhistory/data/villagers/buriedcity investigations.html
2005.04.04 13:46 B L:\TBH Website Temp\villagers\buriedcity\life.html --> uts.cc.utexas.edu /export/httpd/vhosts/texasbeyondhistory/data/villagers/buriedcity life.html
2005.04.04 13:46 B L:\TBH Website Temp\villagers\buriedcity\settlement.html --> uts.cc.utexas.edu /export/httpd/vhosts/texasbeyondhistory/data/villagers/buriedcity settlement.html
2005.04.04 13:46 B L:\TBH Website Temp\villagers\buriedcity\who.html --> uts.cc.utexas.edu /export/httpd/vhosts/texasbeyondhistory/data/villagers/buriedcity who.html
