2006.05.23 16:02 B L:\TBH Website Temp\st-plains\patterns\images\1.jpg --> uts.cc.utexas.edu /export/httpd/vhosts/texasbeyondhistory/data/protect/st-plains/patterns/images 1.jpg
2006.05.23 16:02 B L:\TBH Website Temp\st-plains\patterns\images\bg-bot.gif --> uts.cc.utexas.edu /export/httpd/vhosts/texasbeyondhistory/data/protect/st-plains/patterns/images bg-bot.gif
2006.05.23 16:02 B L:\TBH Website Temp\st-plains\patterns\images\bg-top.gif --> uts.cc.utexas.edu /export/httpd/vhosts/texasbeyondhistory/data/protect/st-plains/patterns/images bg-top.gif
2006.05.23 16:02 B L:\TBH Website Temp\st-plains\patterns\images\close.gif --> uts.cc.utexas.edu /export/httpd/vhosts/texasbeyondhistory/data/protect/st-plains/patterns/images close.gif
2006.05.23 16:02 B L:\TBH Website Temp\st-plains\patterns\images\fauna.jpg --> uts.cc.utexas.edu /export/httpd/vhosts/texasbeyondhistory/data/protect/st-plains/patterns/images fauna.jpg
2006.05.23 16:02 B L:\TBH Website Temp\st-plains\patterns\images\ff.gif --> uts.cc.utexas.edu /export/httpd/vhosts/texasbeyondhistory/data/protect/st-plains/patterns/images ff.gif
2006.05.23 16:02 B L:\TBH Website Temp\st-plains\patterns\images\floodplain.jpg --> uts.cc.utexas.edu /export/httpd/vhosts/texasbeyondhistory/data/protect/st-plains/patterns/images floodplain.jpg
2006.05.23 16:02 B L:\TBH Website Temp\st-plains\patterns\images\geologist.jpg --> uts.cc.utexas.edu /export/httpd/vhosts/texasbeyondhistory/data/protect/st-plains/patterns/images geologist.jpg
2006.05.23 16:02 B L:\TBH Website Temp\st-plains\patterns\images\header3.gif --> uts.cc.utexas.edu /export/httpd/vhosts/texasbeyondhistory/data/protect/st-plains/patterns/images header3.gif
2006.05.23 16:02 B L:\TBH Website Temp\st-plains\patterns\images\hg.jpg --> uts.cc.utexas.edu /export/httpd/vhosts/texasbeyondhistory/data/protect/st-plains/patterns/images hg.jpg
2006.05.23 16:02 B L:\TBH Website Temp\st-plains\patterns\images\historic.jpg --> uts.cc.utexas.edu /export/httpd/vhosts/texasbeyondhistory/data/protect/st-plains/patterns/images historic.jpg
2006.05.23 16:02 B L:\TBH Website Temp\st-plains\patterns\images\imagemap.swf --> uts.cc.utexas.edu /export/httpd/vhosts/texasbeyondhistory/data/protect/st-plains/patterns/images imagemap.swf
2006.05.23 16:02 B L:\TBH Website Temp\st-plains\patterns\images\intro.jpg --> uts.cc.utexas.edu /export/httpd/vhosts/texasbeyondhistory/data/protect/st-plains/patterns/images intro.jpg
2006.05.23 16:02 B L:\TBH Website Temp\st-plains\patterns\images\pat1.html --> uts.cc.utexas.edu /export/httpd/vhosts/texasbeyondhistory/data/protect/st-plains/patterns/images pat1.html
2006.05.23 16:02 B L:\TBH Website Temp\st-plains\patterns\images\pat1.jpg --> uts.cc.utexas.edu /export/httpd/vhosts/texasbeyondhistory/data/protect/st-plains/patterns/images pat1.jpg
2006.05.23 16:02 B L:\TBH Website Temp\st-plains\patterns\images\pat2.html --> uts.cc.utexas.edu /export/httpd/vhosts/texasbeyondhistory/data/protect/st-plains/patterns/images pat2.html
2006.05.23 16:02 B L:\TBH Website Temp\st-plains\patterns\images\pat2a.jpg --> uts.cc.utexas.edu /export/httpd/vhosts/texasbeyondhistory/data/protect/st-plains/patterns/images pat2a.jpg
2006.05.23 16:02 B L:\TBH Website Temp\st-plains\patterns\images\pat2b.jpg --> uts.cc.utexas.edu /export/httpd/vhosts/texasbeyondhistory/data/protect/st-plains/patterns/images pat2b.jpg
2006.05.23 16:02 B L:\TBH Website Temp\st-plains\patterns\images\pat3.html --> uts.cc.utexas.edu /export/httpd/vhosts/texasbeyondhistory/data/protect/st-plains/patterns/images pat3.html
2006.05.23 16:02 B L:\TBH Website Temp\st-plains\patterns\images\pat3.jpg --> uts.cc.utexas.edu /export/httpd/vhosts/texasbeyondhistory/data/protect/st-plains/patterns/images pat3.jpg
2006.05.23 16:02 B L:\TBH Website Temp\st-plains\patterns\images\pat4.html --> uts.cc.utexas.edu /export/httpd/vhosts/texasbeyondhistory/data/protect/st-plains/patterns/images pat4.html
2006.05.23 16:02 B L:\TBH Website Temp\st-plains\patterns\images\pat4.jpg --> uts.cc.utexas.edu /export/httpd/vhosts/texasbeyondhistory/data/protect/st-plains/patterns/images pat4.jpg
2006.05.23 16:02 B L:\TBH Website Temp\st-plains\patterns\images\pat5.html --> uts.cc.utexas.edu /export/httpd/vhosts/texasbeyondhistory/data/protect/st-plains/patterns/images pat5.html
2006.05.23 16:02 B L:\TBH Website Temp\st-plains\patterns\images\pat5a.jpg --> uts.cc.utexas.edu /export/httpd/vhosts/texasbeyondhistory/data/protect/st-plains/patterns/images pat5a.jpg
2006.05.23 16:02 B L:\TBH Website Temp\st-plains\patterns\images\pat5b.jpg --> uts.cc.utexas.edu /export/httpd/vhosts/texasbeyondhistory/data/protect/st-plains/patterns/images pat5b.jpg
2006.05.23 16:02 B L:\TBH Website Temp\st-plains\patterns\images\pat6.html --> uts.cc.utexas.edu /export/httpd/vhosts/texasbeyondhistory/data/protect/st-plains/patterns/images pat6.html
2006.05.23 16:02 B L:\TBH Website Temp\st-plains\patterns\images\pat6a.jpg --> uts.cc.utexas.edu /export/httpd/vhosts/texasbeyondhistory/data/protect/st-plains/patterns/images pat6a.jpg
2006.05.23 16:02 B L:\TBH Website Temp\st-plains\patterns\images\pat6b.jpg --> uts.cc.utexas.edu /export/httpd/vhosts/texasbeyondhistory/data/protect/st-plains/patterns/images pat6b.jpg
2006.05.23 16:02 B L:\TBH Website Temp\st-plains\patterns\images\pat7.html --> uts.cc.utexas.edu /export/httpd/vhosts/texasbeyondhistory/data/protect/st-plains/patterns/images pat7.html
2006.05.23 16:02 B L:\TBH Website Temp\st-plains\patterns\images\pat7.jpg --> uts.cc.utexas.edu /export/httpd/vhosts/texasbeyondhistory/data/protect/st-plains/patterns/images pat7.jpg
2006.05.23 16:02 B L:\TBH Website Temp\st-plains\patterns\images\pat8.html --> uts.cc.utexas.edu /export/httpd/vhosts/texasbeyondhistory/data/protect/st-plains/patterns/images pat8.html
2006.05.23 16:02 B L:\TBH Website Temp\st-plains\patterns\images\pat8a.jpg --> uts.cc.utexas.edu /export/httpd/vhosts/texasbeyondhistory/data/protect/st-plains/patterns/images pat8a.jpg
2006.05.23 16:02 B L:\TBH Website Temp\st-plains\patterns\images\pat8b.jpg --> uts.cc.utexas.edu /export/httpd/vhosts/texasbeyondhistory/data/protect/st-plains/patterns/images pat8b.jpg
2006.05.23 16:02 B L:\TBH Website Temp\st-plains\patterns\images\pat8c.jpg --> uts.cc.utexas.edu /export/httpd/vhosts/texasbeyondhistory/data/protect/st-plains/patterns/images pat8c.jpg
2006.05.23 16:02 B L:\TBH Website Temp\st-plains\patterns\images\pat8d.jpg --> uts.cc.utexas.edu /export/httpd/vhosts/texasbeyondhistory/data/protect/st-plains/patterns/images pat8d.jpg
2006.05.23 16:02 B L:\TBH Website Temp\st-plains\patterns\images\pctx.gif --> uts.cc.utexas.edu /export/httpd/vhosts/texasbeyondhistory/data/protect/st-plains/patterns/images pctx.gif
2006.05.23 16:02 B L:\TBH Website Temp\st-plains\patterns\images\Pleistocene.jpg --> uts.cc.utexas.edu /export/httpd/vhosts/texasbeyondhistory/data/protect/st-plains/patterns/images Pleistocene.jpg
2006.05.23 16:02 B L:\TBH Website Temp\st-plains\patterns\images\popup.css --> uts.cc.utexas.edu /export/httpd/vhosts/texasbeyondhistory/data/protect/st-plains/patterns/images popup.css
2006.05.23 16:02 B L:\TBH Website Temp\st-plains\patterns\images\UTOPIA_bug_color_onwhite.gif --> uts.cc.utexas.edu /export/httpd/vhosts/texasbeyondhistory/data/protect/st-plains/patterns/images UTOPIA_bug_color_onwhite.gif
2006.05.23 16:02 B L:\TBH Website Temp\st-plains\patterns\images\wordmark_cola.gif --> uts.cc.utexas.edu /export/httpd/vhosts/texasbeyondhistory/data/protect/st-plains/patterns/images wordmark_cola.gif
2006.05.23 16:02 B L:\TBH Website Temp\st-plains\patterns\images\wordmark_ut.gif --> uts.cc.utexas.edu /export/httpd/vhosts/texasbeyondhistory/data/protect/st-plains/patterns/images wordmark_ut.gif
2006.09.13 16:57 B V:\TBH Website Temp\st-plains\patterns\images\burying.jpg --> uts.cc.utexas.edu /export/httpd/vhosts/texasbeyondhistory/data/protect/st-plains/patterns/images burying.jpg
2006.09.17 20:09 B L:\TBH Website Temp\st-plains\patterns\images\WS_FTP.LOG --> uts.cc.utexas.edu /export/httpd/vhosts/texasbeyondhistory/data/st-plains/patterns/images WS_FTP.LOG
2006.09.17 20:09 B L:\TBH Website Temp\st-plains\patterns\images\Thumbs.db --> uts.cc.utexas.edu /export/httpd/vhosts/texasbeyondhistory/data/st-plains/patterns/images Thumbs.db
2006.09.17 20:09 B L:\TBH Website Temp\st-plains\patterns\images\burying.jpg --> uts.cc.utexas.edu /export/httpd/vhosts/texasbeyondhistory/data/st-plains/patterns/images burying.jpg
2006.09.17 20:09 B L:\TBH Website Temp\st-plains\patterns\images\wordmark_ut.gif --> uts.cc.utexas.edu /export/httpd/vhosts/texasbeyondhistory/data/st-plains/patterns/images wordmark_ut.gif
2006.09.17 20:09 B L:\TBH Website Temp\st-plains\patterns\images\wordmark_cola.gif --> uts.cc.utexas.edu /export/httpd/vhosts/texasbeyondhistory/data/st-plains/patterns/images wordmark_cola.gif
2006.09.17 20:09 B L:\TBH Website Temp\st-plains\patterns\images\UTOPIA_bug_color_onwhite.gif --> uts.cc.utexas.edu /export/httpd/vhosts/texasbeyondhistory/data/st-plains/patterns/images UTOPIA_bug_color_onwhite.gif
2006.09.17 20:09 B L:\TBH Website Temp\st-plains\patterns\images\popup.css --> uts.cc.utexas.edu /export/httpd/vhosts/texasbeyondhistory/data/st-plains/patterns/images popup.css
2006.09.17 20:09 B L:\TBH Website Temp\st-plains\patterns\images\Pleistocene.jpg --> uts.cc.utexas.edu /export/httpd/vhosts/texasbeyondhistory/data/st-plains/patterns/images Pleistocene.jpg
2006.09.17 20:09 B L:\TBH Website Temp\st-plains\patterns\images\pctx.gif --> uts.cc.utexas.edu /export/httpd/vhosts/texasbeyondhistory/data/st-plains/patterns/images pctx.gif
2006.09.17 20:09 B L:\TBH Website Temp\st-plains\patterns\images\pat8d.jpg --> uts.cc.utexas.edu /export/httpd/vhosts/texasbeyondhistory/data/st-plains/patterns/images pat8d.jpg
2006.09.17 20:09 B L:\TBH Website Temp\st-plains\patterns\images\pat8c.jpg --> uts.cc.utexas.edu /export/httpd/vhosts/texasbeyondhistory/data/st-plains/patterns/images pat8c.jpg
2006.09.17 20:09 B L:\TBH Website Temp\st-plains\patterns\images\pat8b.jpg --> uts.cc.utexas.edu /export/httpd/vhosts/texasbeyondhistory/data/st-plains/patterns/images pat8b.jpg
2006.09.17 20:09 B L:\TBH Website Temp\st-plains\patterns\images\pat8a.jpg --> uts.cc.utexas.edu /export/httpd/vhosts/texasbeyondhistory/data/st-plains/patterns/images pat8a.jpg
2006.09.17 20:09 B L:\TBH Website Temp\st-plains\patterns\images\pat8.html --> uts.cc.utexas.edu /export/httpd/vhosts/texasbeyondhistory/data/st-plains/patterns/images pat8.html
2006.09.17 20:09 B L:\TBH Website Temp\st-plains\patterns\images\pat7.jpg --> uts.cc.utexas.edu /export/httpd/vhosts/texasbeyondhistory/data/st-plains/patterns/images pat7.jpg
2006.09.17 20:09 B L:\TBH Website Temp\st-plains\patterns\images\pat7.html --> uts.cc.utexas.edu /export/httpd/vhosts/texasbeyondhistory/data/st-plains/patterns/images pat7.html
2006.09.17 20:09 B L:\TBH Website Temp\st-plains\patterns\images\pat6b.jpg --> uts.cc.utexas.edu /export/httpd/vhosts/texasbeyondhistory/data/st-plains/patterns/images pat6b.jpg
2006.09.17 20:09 B L:\TBH Website Temp\st-plains\patterns\images\pat6a.jpg --> uts.cc.utexas.edu /export/httpd/vhosts/texasbeyondhistory/data/st-plains/patterns/images pat6a.jpg
2006.09.17 20:09 B L:\TBH Website Temp\st-plains\patterns\images\pat6.html --> uts.cc.utexas.edu /export/httpd/vhosts/texasbeyondhistory/data/st-plains/patterns/images pat6.html
2006.09.17 20:09 B L:\TBH Website Temp\st-plains\patterns\images\pat5b.jpg --> uts.cc.utexas.edu /export/httpd/vhosts/texasbeyondhistory/data/st-plains/patterns/images pat5b.jpg
2006.09.17 20:09 B L:\TBH Website Temp\st-plains\patterns\images\pat5a.jpg --> uts.cc.utexas.edu /export/httpd/vhosts/texasbeyondhistory/data/st-plains/patterns/images pat5a.jpg
2006.09.17 20:09 B L:\TBH Website Temp\st-plains\patterns\images\pat5.html --> uts.cc.utexas.edu /export/httpd/vhosts/texasbeyondhistory/data/st-plains/patterns/images pat5.html
2006.09.17 20:09 B L:\TBH Website Temp\st-plains\patterns\images\pat4.jpg --> uts.cc.utexas.edu /export/httpd/vhosts/texasbeyondhistory/data/st-plains/patterns/images pat4.jpg
2006.09.17 20:09 B L:\TBH Website Temp\st-plains\patterns\images\pat4.html --> uts.cc.utexas.edu /export/httpd/vhosts/texasbeyondhistory/data/st-plains/patterns/images pat4.html
2006.09.17 20:09 B L:\TBH Website Temp\st-plains\patterns\images\pat3.jpg --> uts.cc.utexas.edu /export/httpd/vhosts/texasbeyondhistory/data/st-plains/patterns/images pat3.jpg
2006.09.17 20:09 B L:\TBH Website Temp\st-plains\patterns\images\pat3.html --> uts.cc.utexas.edu /export/httpd/vhosts/texasbeyondhistory/data/st-plains/patterns/images pat3.html
2006.09.17 20:09 B L:\TBH Website Temp\st-plains\patterns\images\pat2b.jpg --> uts.cc.utexas.edu /export/httpd/vhosts/texasbeyondhistory/data/st-plains/patterns/images pat2b.jpg
2006.09.17 20:09 B L:\TBH Website Temp\st-plains\patterns\images\pat2a.jpg --> uts.cc.utexas.edu /export/httpd/vhosts/texasbeyondhistory/data/st-plains/patterns/images pat2a.jpg
2006.09.17 20:09 B L:\TBH Website Temp\st-plains\patterns\images\pat2.html --> uts.cc.utexas.edu /export/httpd/vhosts/texasbeyondhistory/data/st-plains/patterns/images pat2.html
2006.09.17 20:09 B L:\TBH Website Temp\st-plains\patterns\images\pat1.jpg --> uts.cc.utexas.edu /export/httpd/vhosts/texasbeyondhistory/data/st-plains/patterns/images pat1.jpg
2006.09.17 20:09 B L:\TBH Website Temp\st-plains\patterns\images\pat1.html --> uts.cc.utexas.edu /export/httpd/vhosts/texasbeyondhistory/data/st-plains/patterns/images pat1.html
2006.09.17 20:09 B L:\TBH Website Temp\st-plains\patterns\images\intro.jpg --> uts.cc.utexas.edu /export/httpd/vhosts/texasbeyondhistory/data/st-plains/patterns/images intro.jpg
2006.09.17 20:09 B L:\TBH Website Temp\st-plains\patterns\images\imagemap.swf --> uts.cc.utexas.edu /export/httpd/vhosts/texasbeyondhistory/data/st-plains/patterns/images imagemap.swf
2006.09.17 20:09 B L:\TBH Website Temp\st-plains\patterns\images\historic.jpg --> uts.cc.utexas.edu /export/httpd/vhosts/texasbeyondhistory/data/st-plains/patterns/images historic.jpg
2006.09.17 20:09 B L:\TBH Website Temp\st-plains\patterns\images\hg.jpg --> uts.cc.utexas.edu /export/httpd/vhosts/texasbeyondhistory/data/st-plains/patterns/images hg.jpg
2006.09.17 20:09 B L:\TBH Website Temp\st-plains\patterns\images\header3.gif --> uts.cc.utexas.edu /export/httpd/vhosts/texasbeyondhistory/data/st-plains/patterns/images header3.gif
2006.09.17 20:09 B L:\TBH Website Temp\st-plains\patterns\images\geologist.jpg --> uts.cc.utexas.edu /export/httpd/vhosts/texasbeyondhistory/data/st-plains/patterns/images geologist.jpg
2006.09.17 20:09 B L:\TBH Website Temp\st-plains\patterns\images\floodplain.jpg --> uts.cc.utexas.edu /export/httpd/vhosts/texasbeyondhistory/data/st-plains/patterns/images floodplain.jpg
2006.09.17 20:10 B L:\TBH Website Temp\st-plains\patterns\images\ff.gif --> uts.cc.utexas.edu /export/httpd/vhosts/texasbeyondhistory/data/st-plains/patterns/images ff.gif
2006.09.17 20:10 B L:\TBH Website Temp\st-plains\patterns\images\fauna.jpg --> uts.cc.utexas.edu /export/httpd/vhosts/texasbeyondhistory/data/st-plains/patterns/images fauna.jpg
2006.09.17 20:10 B L:\TBH Website Temp\st-plains\patterns\images\close.gif --> uts.cc.utexas.edu /export/httpd/vhosts/texasbeyondhistory/data/st-plains/patterns/images close.gif
2006.09.17 20:10 B L:\TBH Website Temp\st-plains\patterns\images\bg-top.gif --> uts.cc.utexas.edu /export/httpd/vhosts/texasbeyondhistory/data/st-plains/patterns/images bg-top.gif
2006.09.17 20:10 B L:\TBH Website Temp\st-plains\patterns\images\bg-bot.gif --> uts.cc.utexas.edu /export/httpd/vhosts/texasbeyondhistory/data/st-plains/patterns/images bg-bot.gif
2006.09.17 20:10 B L:\TBH Website Temp\st-plains\patterns\images\1.jpg --> uts.cc.utexas.edu /export/httpd/vhosts/texasbeyondhistory/data/st-plains/patterns/images 1.jpg
2006.09.19 21:01 B L:\TBH Website Temp\st-plains\patterns\images\WS_FTP.LOG --> uts.cc.utexas.edu /export/httpd/vhosts/texasbeyondhistory/data/st-plains/patterns/images WS_FTP.LOG
2006.09.20 15:38 B L:\TBH Website Temp\st-plains\patterns\images\WS_FTP.LOG --> uts.cc.utexas.edu /export/httpd/vhosts/texasbeyondhistory/data/st-plains/patterns/images WS_FTP.LOG
