2006.06.13 11:13 B L:\TBH Website Temp\morhiss\index.html --> uts.cc.utexas.edu /export/httpd/vhosts/texasbeyondhistory/data/protect/morhiss index.html
2006.08.20 17:18 B L:\TBH Website Temp\morhiss\credits.htm --> uts.cc.utexas.edu /export/httpd/vhosts/texasbeyondhistory/data/protect/morhiss credits.htm
2006.08.20 17:18 B L:\TBH Website Temp\morhiss\evidence.htm --> uts.cc.utexas.edu /export/httpd/vhosts/texasbeyondhistory/data/protect/morhiss evidence.htm
2006.08.20 17:18 B L:\TBH Website Temp\morhiss\index.html --> uts.cc.utexas.edu /export/httpd/vhosts/texasbeyondhistory/data/protect/morhiss index.html
2006.08.20 17:18 B L:\TBH Website Temp\morhiss\investigations.htm --> uts.cc.utexas.edu /export/httpd/vhosts/texasbeyondhistory/data/protect/morhiss investigations.htm
2006.08.20 17:18 B L:\TBH Website Temp\morhiss\revisited.htm --> uts.cc.utexas.edu /export/httpd/vhosts/texasbeyondhistory/data/protect/morhiss revisited.htm
2006.08.20 17:18 B L:\TBH Website Temp\morhiss\WS_FTP.LOG --> uts.cc.utexas.edu /export/httpd/vhosts/texasbeyondhistory/data/protect/morhiss WS_FTP.LOG
2006.08.21 15:45 B L:\TBH Website Temp\morhiss\evidence.htm --> uts.cc.utexas.edu /export/httpd/vhosts/texasbeyondhistory/data/protect/morhiss evidence.htm
2006.08.21 15:45 B L:\TBH Website Temp\morhiss\credits.htm --> uts.cc.utexas.edu /export/httpd/vhosts/texasbeyondhistory/data/protect/morhiss credits.htm
2006.08.21 15:45 B L:\TBH Website Temp\morhiss\investigations.htm --> uts.cc.utexas.edu /export/httpd/vhosts/texasbeyondhistory/data/protect/morhiss investigations.htm
2006.09.12 11:30 B L:\TBH Website Temp\morhiss\credits.html --> uts.cc.utexas.edu /export/httpd/vhosts/texasbeyondhistory/data/protect/morhiss credits.html
2006.09.12 11:30 B L:\TBH Website Temp\morhiss\evidence.html --> uts.cc.utexas.edu /export/httpd/vhosts/texasbeyondhistory/data/protect/morhiss evidence.html
2006.09.12 11:30 B L:\TBH Website Temp\morhiss\index.html --> uts.cc.utexas.edu /export/httpd/vhosts/texasbeyondhistory/data/protect/morhiss index.html
2006.09.12 11:30 B L:\TBH Website Temp\morhiss\investigations.html --> uts.cc.utexas.edu /export/httpd/vhosts/texasbeyondhistory/data/protect/morhiss investigations.html
2006.09.12 11:30 B L:\TBH Website Temp\morhiss\story.html --> uts.cc.utexas.edu /export/httpd/vhosts/texasbeyondhistory/data/protect/morhiss story.html
2006.09.12 12:10 B L:\TBH Website Temp\morhiss\credits.html --> uts.cc.utexas.edu /export/httpd/vhosts/texasbeyondhistory/data/protect credits.html
2006.09.12 12:10 B L:\TBH Website Temp\morhiss\evidence.html --> uts.cc.utexas.edu /export/httpd/vhosts/texasbeyondhistory/data/protect evidence.html
2006.09.12 12:10 B L:\TBH Website Temp\morhiss\index.html --> uts.cc.utexas.edu /export/httpd/vhosts/texasbeyondhistory/data/protect index.html
2006.09.12 12:10 B L:\TBH Website Temp\morhiss\investigations.html --> uts.cc.utexas.edu /export/httpd/vhosts/texasbeyondhistory/data/protect investigations.html
2006.09.12 12:10 B L:\TBH Website Temp\morhiss\story.html --> uts.cc.utexas.edu /export/httpd/vhosts/texasbeyondhistory/data/protect story.html
2006.09.12 12:12 B L:\TBH Website Temp\morhiss\credits.html --> uts.cc.utexas.edu /export/httpd/vhosts/texasbeyondhistory/data/protect/morhiss credits.html
2006.09.12 12:12 B L:\TBH Website Temp\morhiss\evidence.html --> uts.cc.utexas.edu /export/httpd/vhosts/texasbeyondhistory/data/protect/morhiss evidence.html
2006.09.12 12:12 B L:\TBH Website Temp\morhiss\index.html --> uts.cc.utexas.edu /export/httpd/vhosts/texasbeyondhistory/data/protect/morhiss index.html
2006.09.12 12:12 B L:\TBH Website Temp\morhiss\investigations.html --> uts.cc.utexas.edu /export/httpd/vhosts/texasbeyondhistory/data/protect/morhiss investigations.html
2006.09.12 12:12 B L:\TBH Website Temp\morhiss\story.html --> uts.cc.utexas.edu /export/httpd/vhosts/texasbeyondhistory/data/protect/morhiss story.html
2006.09.12 13:06 B L:\TBH Website Temp\morhiss\credits.html --> uts.cc.utexas.edu /export/httpd/vhosts/texasbeyondhistory/data/protect/morhiss credits.html
2006.09.12 13:06 B L:\TBH Website Temp\morhiss\story.html --> uts.cc.utexas.edu /export/httpd/vhosts/texasbeyondhistory/data/protect/morhiss story.html
2006.09.14 15:45 B L:\TBH Website Temp\morhiss\credits.html --> uts.cc.utexas.edu /export/httpd/vhosts/texasbeyondhistory/data/protect/morhiss credits.html
2006.09.18 14:35 B L:\TBH Website Temp\morhiss\credits.html --> uts.cc.utexas.edu /export/httpd/vhosts/texasbeyondhistory/data/morhiss credits.html
2006.09.18 14:35 B L:\TBH Website Temp\morhiss\evidence.html --> uts.cc.utexas.edu /export/httpd/vhosts/texasbeyondhistory/data/morhiss evidence.html
2006.09.18 14:35 B L:\TBH Website Temp\morhiss\index.html --> uts.cc.utexas.edu /export/httpd/vhosts/texasbeyondhistory/data/morhiss index.html
2006.09.18 14:35 B L:\TBH Website Temp\morhiss\investigations.html --> uts.cc.utexas.edu /export/httpd/vhosts/texasbeyondhistory/data/morhiss investigations.html
2006.09.18 14:35 B L:\TBH Website Temp\morhiss\story.html --> uts.cc.utexas.edu /export/httpd/vhosts/texasbeyondhistory/data/morhiss story.html
2006.09.18 14:35 B L:\TBH Website Temp\morhiss\WS_FTP.LOG --> uts.cc.utexas.edu /export/httpd/vhosts/texasbeyondhistory/data/morhiss WS_FTP.LOG
2006.09.18 15:20 B L:\TBH Website Temp\morhiss\evidence.html --> uts.cc.utexas.edu /export/httpd/vhosts/texasbeyondhistory/data/morhiss evidence.html
2006.09.18 15:20 B L:\TBH Website Temp\morhiss\credits.html --> uts.cc.utexas.edu /export/httpd/vhosts/texasbeyondhistory/data/morhiss credits.html
2006.09.18 15:20 B L:\TBH Website Temp\morhiss\story.html --> uts.cc.utexas.edu /export/httpd/vhosts/texasbeyondhistory/data/morhiss story.html
2006.09.18 15:20 B L:\TBH Website Temp\morhiss\investigations.html --> uts.cc.utexas.edu /export/httpd/vhosts/texasbeyondhistory/data/morhiss investigations.html
2006.09.18 15:20 B L:\TBH Website Temp\morhiss\index.html --> uts.cc.utexas.edu /export/httpd/vhosts/texasbeyondhistory/data/morhiss index.html
2006.09.18 16:49 B L:\TBH Website Temp\morhiss\story.html --> uts.cc.utexas.edu /export/httpd/vhosts/texasbeyondhistory/data/morhiss story.html
2006.09.18 16:49 B L:\TBH Website Temp\morhiss\investigations.html --> uts.cc.utexas.edu /export/httpd/vhosts/texasbeyondhistory/data/morhiss investigations.html
2006.09.18 16:49 B L:\TBH Website Temp\morhiss\index.html --> uts.cc.utexas.edu /export/httpd/vhosts/texasbeyondhistory/data/morhiss index.html
2006.09.18 16:49 B L:\TBH Website Temp\morhiss\evidence.html --> uts.cc.utexas.edu /export/httpd/vhosts/texasbeyondhistory/data/morhiss evidence.html
2006.09.18 16:49 B L:\TBH Website Temp\morhiss\credits.html --> uts.cc.utexas.edu /export/httpd/vhosts/texasbeyondhistory/data/morhiss credits.html
2006.09.19 21:00 B L:\TBH Website Temp\morhiss\index.html --> uts.cc.utexas.edu /export/httpd/vhosts/texasbeyondhistory/data/morhiss index.html
2006.09.19 21:00 B L:\TBH Website Temp\morhiss\story.html --> uts.cc.utexas.edu /export/httpd/vhosts/texasbeyondhistory/data/morhiss story.html
2006.09.19 21:00 B L:\TBH Website Temp\morhiss\WS_FTP.LOG --> uts.cc.utexas.edu /export/httpd/vhosts/texasbeyondhistory/data/morhiss WS_FTP.LOG
