2001.07.25 17:04 B C:\WINDOWS\Desktop\TBH\Recent\bonfire\index.html --> ccwf.cc.utexas.edu /home/ccwf/if/ifqv/meg/public_html/tbh index.html
2001.07.25 17:06 B C:\WINDOWS\Desktop\TBH\Recent\bonfire\index.html --> ccwf.cc.utexas.edu /home/ccwf/if/ifqv/meg/public_html/tbh/bonfire index.html
2001.07.25 17:06 B C:\WINDOWS\Desktop\TBH\Recent\bonfire\WS_FTP.LOG --> ccwf.cc.utexas.edu /home/ccwf/if/ifqv/meg/public_html/tbh/bonfire WS_FTP.LOG
2001.07.31 14:08 B C:\WINDOWS\desktop\TBH\Recent\bonfire\index.html --> tarlserver.tarl.utexas.edu /Website Stuff/TBH Website Temp/bonfire index.html
2001.07.31 14:08 B C:\WINDOWS\desktop\TBH\Recent\bonfire\map.html --> tarlserver.tarl.utexas.edu /Website Stuff/TBH Website Temp/bonfire map.html
2001.07.31 14:08 B C:\WINDOWS\desktop\TBH\Recent\bonfire\TMP2b608hch7v.htm --> tarlserver.tarl.utexas.edu /Website Stuff/TBH Website Temp/bonfire TMP2b608hch7v.htm
2001.07.31 14:08 B C:\WINDOWS\desktop\TBH\Recent\bonfire\WS_FTP.LOG --> tarlserver.tarl.utexas.edu /Website Stuff/TBH Website Temp/bonfire WS_FTP.LOG
2001.07.31 16:39 B C:\WINDOWS\desktop\TBH\Recent\bonfire\index.html <-- TARL /Website Stuff/TBH Website Temp/bonfire index.html
2001.07.31 16:39 B C:\WINDOWS\desktop\TBH\Recent\bonfire\map.html <-- TARL /Website Stuff/TBH Website Temp/bonfire map.html
2001.07.31 16:51 B C:\WINDOWS\desktop\TBH\Recent\bonfire\TMPf83dqhcxyc.htm --> tarlserver.tarl.utexas.edu /Website Stuff/TBH Website Temp/bonfire TMPf83dqhcxyc.htm
2001.07.31 16:51 B C:\WINDOWS\desktop\TBH\Recent\bonfire\TMPf8rtuhcxz7.htm --> tarlserver.tarl.utexas.edu /Website Stuff/TBH Website Temp/bonfire TMPf8rtuhcxz7.htm
2001.10.11 14:45 B M:\Website Stuff\TBH Website Temp\bonfire\WS_FTP.LOG <-- texasbeyondhistory /export/httpd/vhosts/texasbeyondhistory/data/bonfire WS_FTP.LOG
2001.11.15 11:09 B G:\Website Stuff\TBH Website Temp\bonfire\talkingbones.html --> uts.cc.utexas.edu /export/httpd/vhosts/texasbeyondhistory/data/bonfire talkingbones.html
2001.11.15 12:14 B G:\Website Stuff\TBH Website Temp\bonfire\archeologists.html --> uts.cc.utexas.edu /export/httpd/vhosts/texasbeyondhistory/data/bonfire archeologists.html
2002.02.22 11:04 B G:\Website Stuff\TBH Website Temp\bonfire\caretakers.html --> uts.cc.utexas.edu /export/httpd/vhosts/texasbeyondhistory/data/bonfire caretakers.html
2002.02.22 11:06 B G:\Website Stuff\TBH Website Temp\bonfire\investigations.html --> uts.cc.utexas.edu /export/httpd/vhosts/texasbeyondhistory/data/bonfire investigations.html
2002.03.27 12:10 B G:\Website Stuff\TBH Website Temp\bonfire\talkingbones.html --> uts.cc.utexas.edu /export/httpd/vhosts/texasbeyondhistory/data/bonfire talkingbones.html
2002.07.10 14:22 B G:\Website Stuff\TBH Website Temp\bonfire\talkingbones.html --> uts.cc.utexas.edu /export/httpd/vhosts/texasbeyondhistory/data/bonfire talkingbones.html
2002.08.27 18:47 B J:\TBH Website Temp\bonfire\investigations.html --> uts.cc.utexas.edu /export/httpd/vhosts/texasbeyondhistory/data/bonfire investigations.html
2002.09.04 13:40 B G:\Website Stuff\TBH Website Temp\bonfire\fiber.html --> uts.cc.utexas.edu /export/httpd/vhosts/texasbeyondhistory/data/bonfire fiber.html
2005.04.04 12:51 B L:\TBH Website Temp\bonfire\archeologists.html --> uts.cc.utexas.edu /export/httpd/vhosts/texasbeyondhistory/data/bonfire archeologists.html
2005.04.04 12:51 B L:\TBH Website Temp\bonfire\archeology.html --> uts.cc.utexas.edu /export/httpd/vhosts/texasbeyondhistory/data/bonfire archeology.html
2005.04.04 12:51 B L:\TBH Website Temp\bonfire\bb1.html --> uts.cc.utexas.edu /export/httpd/vhosts/texasbeyondhistory/data/bonfire bb1.html
2005.04.04 12:51 B L:\TBH Website Temp\bonfire\bb2.html --> uts.cc.utexas.edu /export/httpd/vhosts/texasbeyondhistory/data/bonfire bb2.html
2005.04.04 12:51 B L:\TBH Website Temp\bonfire\bb3.html --> uts.cc.utexas.edu /export/httpd/vhosts/texasbeyondhistory/data/bonfire bb3.html
2005.04.04 12:51 B L:\TBH Website Temp\bonfire\caretakers.html --> uts.cc.utexas.edu /export/httpd/vhosts/texasbeyondhistory/data/bonfire caretakers.html
2005.04.04 12:51 B L:\TBH Website Temp\bonfire\credits.html --> uts.cc.utexas.edu /export/httpd/vhosts/texasbeyondhistory/data/bonfire credits.html
2005.04.04 12:51 B L:\TBH Website Temp\bonfire\explore.html --> uts.cc.utexas.edu /export/httpd/vhosts/texasbeyondhistory/data/bonfire explore.html
2005.04.04 12:51 B L:\TBH Website Temp\bonfire\fiber.html --> uts.cc.utexas.edu /export/httpd/vhosts/texasbeyondhistory/data/bonfire fiber.html
2005.04.04 12:51 B L:\TBH Website Temp\bonfire\flint.html --> uts.cc.utexas.edu /export/httpd/vhosts/texasbeyondhistory/data/bonfire flint.html
2005.04.04 12:51 B L:\TBH Website Temp\bonfire\gallery.html --> uts.cc.utexas.edu /export/httpd/vhosts/texasbeyondhistory/data/bonfire gallery.html
2005.04.04 12:51 B L:\TBH Website Temp\bonfire\index.html --> uts.cc.utexas.edu /export/httpd/vhosts/texasbeyondhistory/data/bonfire index.html
2005.04.04 12:51 B L:\TBH Website Temp\bonfire\investigations.html --> uts.cc.utexas.edu /export/httpd/vhosts/texasbeyondhistory/data/bonfire investigations.html
2005.04.04 12:51 B L:\TBH Website Temp\bonfire\map.html --> uts.cc.utexas.edu /export/httpd/vhosts/texasbeyondhistory/data/bonfire map.html
2005.04.04 12:51 B L:\TBH Website Temp\bonfire\pebble.html --> uts.cc.utexas.edu /export/httpd/vhosts/texasbeyondhistory/data/bonfire pebble.html
2005.04.04 12:51 B L:\TBH Website Temp\bonfire\photos1.html --> uts.cc.utexas.edu /export/httpd/vhosts/texasbeyondhistory/data/bonfire photos1.html
2005.04.04 12:51 B L:\TBH Website Temp\bonfire\photos2.html --> uts.cc.utexas.edu /export/httpd/vhosts/texasbeyondhistory/data/bonfire photos2.html
2005.04.04 12:51 B L:\TBH Website Temp\bonfire\plunge.html --> uts.cc.utexas.edu /export/httpd/vhosts/texasbeyondhistory/data/bonfire plunge.html
2005.04.04 12:51 B L:\TBH Website Temp\bonfire\site_desc.html --> uts.cc.utexas.edu /export/httpd/vhosts/texasbeyondhistory/data/bonfire site_desc.html
2005.04.04 12:51 B L:\TBH Website Temp\bonfire\talkingbones.html --> uts.cc.utexas.edu /export/httpd/vhosts/texasbeyondhistory/data/bonfire talkingbones.html
2005.04.04 12:51 B L:\TBH Website Temp\bonfire\test.html --> uts.cc.utexas.edu /export/httpd/vhosts/texasbeyondhistory/data/bonfire test.html
2005.04.04 12:51 B L:\TBH Website Temp\bonfire\tour.html --> uts.cc.utexas.edu /export/httpd/vhosts/texasbeyondhistory/data/bonfire tour.html
