2006.04.14 16:39 B L:\TBH Website Temp\st-plains\artistic\images\artistic.jpg --> uts.cc.utexas.edu /export/httpd/vhosts/texasbeyondhistory/data/protect/st-plains/artistic/images artistic.jpg
2006.04.14 16:39 B L:\TBH Website Temp\st-plains\artistic\images\bone-sm.jpg --> uts.cc.utexas.edu /export/httpd/vhosts/texasbeyondhistory/data/protect/st-plains/artistic/images bone-sm.jpg
2006.04.14 16:39 B L:\TBH Website Temp\st-plains\artistic\images\bone.jpg --> uts.cc.utexas.edu /export/httpd/vhosts/texasbeyondhistory/data/protect/st-plains/artistic/images bone.jpg
2006.04.14 16:39 B L:\TBH Website Temp\st-plains\artistic\images\bonebead.jpg --> uts.cc.utexas.edu /export/httpd/vhosts/texasbeyondhistory/data/protect/st-plains/artistic/images bonebead.jpg
2006.04.14 16:39 B L:\TBH Website Temp\st-plains\artistic\images\BX1-gorgets.jpg --> uts.cc.utexas.edu /export/httpd/vhosts/texasbeyondhistory/data/protect/st-plains/artistic/images BX1-gorgets.jpg
2006.04.14 16:39 B L:\TBH Website Temp\st-plains\artistic\images\conch-sm.jpg --> uts.cc.utexas.edu /export/httpd/vhosts/texasbeyondhistory/data/protect/st-plains/artistic/images conch-sm.jpg
2006.04.14 16:39 B L:\TBH Website Temp\st-plains\artistic\images\conch.jpg --> uts.cc.utexas.edu /export/httpd/vhosts/texasbeyondhistory/data/protect/st-plains/artistic/images conch.jpg
2006.04.14 16:39 B L:\TBH Website Temp\st-plains\artistic\images\conch2-sm.jpg --> uts.cc.utexas.edu /export/httpd/vhosts/texasbeyondhistory/data/protect/st-plains/artistic/images conch2-sm.jpg
2006.04.14 16:39 B L:\TBH Website Temp\st-plains\artistic\images\conch3-sm.jpg --> uts.cc.utexas.edu /export/httpd/vhosts/texasbeyondhistory/data/protect/st-plains/artistic/images conch3-sm.jpg
2006.04.14 16:39 B L:\TBH Website Temp\st-plains\artistic\images\DM124-petro-sm.jpg --> uts.cc.utexas.edu /export/httpd/vhosts/texasbeyondhistory/data/protect/st-plains/artistic/images DM124-petro-sm.jpg
2006.04.14 16:39 B L:\TBH Website Temp\st-plains\artistic\images\DM124-petro.jpg --> uts.cc.utexas.edu /export/httpd/vhosts/texasbeyondhistory/data/protect/st-plains/artistic/images DM124-petro.jpg
2006.04.14 16:39 B L:\TBH Website Temp\st-plains\artistic\images\DM124-petro2.jpg --> uts.cc.utexas.edu /export/httpd/vhosts/texasbeyondhistory/data/protect/st-plains/artistic/images DM124-petro2.jpg
2006.04.14 16:39 B L:\TBH Website Temp\st-plains\artistic\images\necklace-sm.jpg --> uts.cc.utexas.edu /export/httpd/vhosts/texasbeyondhistory/data/protect/st-plains/artistic/images necklace-sm.jpg
2006.04.14 16:39 B L:\TBH Website Temp\st-plains\artistic\images\necklace.jpg --> uts.cc.utexas.edu /export/httpd/vhosts/texasbeyondhistory/data/protect/st-plains/artistic/images necklace.jpg
2006.04.14 16:39 B L:\TBH Website Temp\st-plains\artistic\images\necklace2.jpg --> uts.cc.utexas.edu /export/httpd/vhosts/texasbeyondhistory/data/protect/st-plains/artistic/images necklace2.jpg
2006.04.14 16:39 B L:\TBH Website Temp\st-plains\artistic\images\painted-sm.jpg --> uts.cc.utexas.edu /export/httpd/vhosts/texasbeyondhistory/data/protect/st-plains/artistic/images painted-sm.jpg
2006.04.14 16:39 B L:\TBH Website Temp\st-plains\artistic\images\painted.jpg --> uts.cc.utexas.edu /export/httpd/vhosts/texasbeyondhistory/data/protect/st-plains/artistic/images painted.jpg
2006.04.14 16:39 B L:\TBH Website Temp\st-plains\artistic\images\paintedpipe-sm.jpg --> uts.cc.utexas.edu /export/httpd/vhosts/texasbeyondhistory/data/protect/st-plains/artistic/images paintedpipe-sm.jpg
2006.04.14 16:39 B L:\TBH Website Temp\st-plains\artistic\images\paintedpipe.jpg --> uts.cc.utexas.edu /export/httpd/vhosts/texasbeyondhistory/data/protect/st-plains/artistic/images paintedpipe.jpg
2006.04.14 16:39 B L:\TBH Website Temp\st-plains\artistic\images\pebble-sm.jpg --> uts.cc.utexas.edu /export/httpd/vhosts/texasbeyondhistory/data/protect/st-plains/artistic/images pebble-sm.jpg
2006.04.14 16:39 B L:\TBH Website Temp\st-plains\artistic\images\pebble.jpg --> uts.cc.utexas.edu /export/httpd/vhosts/texasbeyondhistory/data/protect/st-plains/artistic/images pebble.jpg
2006.04.14 16:39 B L:\TBH Website Temp\st-plains\artistic\images\pen1-sm.jpg --> uts.cc.utexas.edu /export/httpd/vhosts/texasbeyondhistory/data/protect/st-plains/artistic/images pen1-sm.jpg
2006.04.14 16:39 B L:\TBH Website Temp\st-plains\artistic\images\pen1.jpg --> uts.cc.utexas.edu /export/httpd/vhosts/texasbeyondhistory/data/protect/st-plains/artistic/images pen1.jpg
2006.04.14 16:39 B L:\TBH Website Temp\st-plains\artistic\images\pendant-sm.jpg --> uts.cc.utexas.edu /export/httpd/vhosts/texasbeyondhistory/data/protect/st-plains/artistic/images pendant-sm.jpg
2006.04.14 16:39 B L:\TBH Website Temp\st-plains\artistic\images\pendant.jpg --> uts.cc.utexas.edu /export/httpd/vhosts/texasbeyondhistory/data/protect/st-plains/artistic/images pendant.jpg
2006.04.14 16:39 B L:\TBH Website Temp\st-plains\artistic\images\pipe-sm.jpg --> uts.cc.utexas.edu /export/httpd/vhosts/texasbeyondhistory/data/protect/st-plains/artistic/images pipe-sm.jpg
2006.04.14 16:39 B L:\TBH Website Temp\st-plains\artistic\images\pipe.jpg --> uts.cc.utexas.edu /export/httpd/vhosts/texasbeyondhistory/data/protect/st-plains/artistic/images pipe.jpg
2006.04.14 16:39 B L:\TBH Website Temp\st-plains\artistic\images\snake-sm.jpg --> uts.cc.utexas.edu /export/httpd/vhosts/texasbeyondhistory/data/protect/st-plains/artistic/images snake-sm.jpg
2006.04.14 16:39 B L:\TBH Website Temp\st-plains\artistic\images\snake.jpg --> uts.cc.utexas.edu /export/httpd/vhosts/texasbeyondhistory/data/protect/st-plains/artistic/images snake.jpg
2006.04.14 16:39 B L:\TBH Website Temp\st-plains\artistic\images\snake2.jpg --> uts.cc.utexas.edu /export/httpd/vhosts/texasbeyondhistory/data/protect/st-plains/artistic/images snake2.jpg
2006.04.14 16:39 B L:\TBH Website Temp\st-plains\artistic\images\vert-bone.jpg --> uts.cc.utexas.edu /export/httpd/vhosts/texasbeyondhistory/data/protect/st-plains/artistic/images vert-bone.jpg
2006.04.14 16:39 B L:\TBH Website Temp\st-plains\artistic\images\vertebrae.jpg --> uts.cc.utexas.edu /export/httpd/vhosts/texasbeyondhistory/data/protect/st-plains/artistic/images vertebrae.jpg
2006.04.14 16:39 B L:\TBH Website Temp\st-plains\artistic\images\WB56-C16-sm.jpg --> uts.cc.utexas.edu /export/httpd/vhosts/texasbeyondhistory/data/protect/st-plains/artistic/images WB56-C16-sm.jpg
2006.04.14 16:39 B L:\TBH Website Temp\st-plains\artistic\images\WB56-C16.jpg --> uts.cc.utexas.edu /export/httpd/vhosts/texasbeyondhistory/data/protect/st-plains/artistic/images WB56-C16.jpg
2006.04.14 16:39 B L:\TBH Website Temp\st-plains\artistic\images\Weir-tattoos-sm.jpg --> uts.cc.utexas.edu /export/httpd/vhosts/texasbeyondhistory/data/protect/st-plains/artistic/images Weir-tattoos-sm.jpg
2006.04.14 16:39 B L:\TBH Website Temp\st-plains\artistic\images\Weir-tattoos.jpg --> uts.cc.utexas.edu /export/httpd/vhosts/texasbeyondhistory/data/protect/st-plains/artistic/images Weir-tattoos.jpg
2006.04.14 16:39 B L:\TBH Website Temp\st-plains\artistic\images\Weir-tattoos2-sm.jpg --> uts.cc.utexas.edu /export/httpd/vhosts/texasbeyondhistory/data/protect/st-plains/artistic/images Weir-tattoos2-sm.jpg
2006.04.14 16:39 B L:\TBH Website Temp\st-plains\artistic\images\Weir-tattoos2.jpg --> uts.cc.utexas.edu /export/httpd/vhosts/texasbeyondhistory/data/protect/st-plains/artistic/images Weir-tattoos2.jpg
2006.04.26 16:16 B V:\TBH Website Temp\st-plains\artistic\images\artistic2.jpg --> uts.cc.utexas.edu /export/httpd/vhosts/texasbeyondhistory/data/st-plains/artistic/images artistic2.jpg
2006.04.26 16:16 B V:\TBH Website Temp\st-plains\artistic\images\fig119-H.html --> uts.cc.utexas.edu /export/httpd/vhosts/texasbeyondhistory/data/st-plains/artistic/images fig119-H.html
2006.04.26 16:16 B V:\TBH Website Temp\st-plains\artistic\images\LK28-B5.html --> uts.cc.utexas.edu /export/httpd/vhosts/texasbeyondhistory/data/st-plains/artistic/images LK28-B5.html
2006.04.26 16:16 B V:\TBH Website Temp\st-plains\artistic\images\fig119.html --> uts.cc.utexas.edu /export/httpd/vhosts/texasbeyondhistory/data/st-plains/artistic/images fig119.html
2006.04.26 16:16 B V:\TBH Website Temp\st-plains\artistic\images\fig119-sm.jpg --> uts.cc.utexas.edu /export/httpd/vhosts/texasbeyondhistory/data/st-plains/artistic/images fig119-sm.jpg
2006.04.26 16:16 B V:\TBH Website Temp\st-plains\artistic\images\DM124-petro.html --> uts.cc.utexas.edu /export/httpd/vhosts/texasbeyondhistory/data/st-plains/artistic/images DM124-petro.html
2006.04.26 16:16 B V:\TBH Website Temp\st-plains\artistic\images\bone.html --> uts.cc.utexas.edu /export/httpd/vhosts/texasbeyondhistory/data/st-plains/artistic/images bone.html
2006.04.26 16:16 B V:\TBH Website Temp\st-plains\artistic\images\snake.html --> uts.cc.utexas.edu /export/httpd/vhosts/texasbeyondhistory/data/st-plains/artistic/images snake.html
2006.04.26 16:16 B V:\TBH Website Temp\st-plains\artistic\images\pen1.html --> uts.cc.utexas.edu /export/httpd/vhosts/texasbeyondhistory/data/st-plains/artistic/images pen1.html
2006.04.26 16:16 B V:\TBH Website Temp\st-plains\artistic\images\necklace.html --> uts.cc.utexas.edu /export/httpd/vhosts/texasbeyondhistory/data/st-plains/artistic/images necklace.html
2006.04.26 16:16 B V:\TBH Website Temp\st-plains\artistic\images\conch.html --> uts.cc.utexas.edu /export/httpd/vhosts/texasbeyondhistory/data/st-plains/artistic/images conch.html
2006.04.26 16:16 B V:\TBH Website Temp\st-plains\artistic\images\fig119-H-sm.jpg --> uts.cc.utexas.edu /export/httpd/vhosts/texasbeyondhistory/data/st-plains/artistic/images fig119-H-sm.jpg
2006.04.26 16:16 B V:\TBH Website Temp\st-plains\artistic\images\fig119-H.jpg --> uts.cc.utexas.edu /export/httpd/vhosts/texasbeyondhistory/data/st-plains/artistic/images fig119-H.jpg
2006.04.26 16:16 B V:\TBH Website Temp\st-plains\artistic\images\Weir-tattoos2.html --> uts.cc.utexas.edu /export/httpd/vhosts/texasbeyondhistory/data/st-plains/artistic/images Weir-tattoos2.html
2006.04.26 16:16 B V:\TBH Website Temp\st-plains\artistic\images\Weir-tattoos.html --> uts.cc.utexas.edu /export/httpd/vhosts/texasbeyondhistory/data/st-plains/artistic/images Weir-tattoos.html
2006.04.26 16:16 B V:\TBH Website Temp\st-plains\artistic\images\WB56-C16.html --> uts.cc.utexas.edu /export/httpd/vhosts/texasbeyondhistory/data/st-plains/artistic/images WB56-C16.html
2006.04.26 16:16 B V:\TBH Website Temp\st-plains\artistic\images\paintedpipe.html --> uts.cc.utexas.edu /export/httpd/vhosts/texasbeyondhistory/data/st-plains/artistic/images paintedpipe.html
2006.04.26 16:16 B V:\TBH Website Temp\st-plains\artistic\images\fig119.jpg --> uts.cc.utexas.edu /export/httpd/vhosts/texasbeyondhistory/data/st-plains/artistic/images fig119.jpg
2006.04.26 16:16 B V:\TBH Website Temp\st-plains\artistic\images\pipe.html --> uts.cc.utexas.edu /export/httpd/vhosts/texasbeyondhistory/data/st-plains/artistic/images pipe.html
2006.04.26 16:16 B V:\TBH Website Temp\st-plains\artistic\images\BX1-gorgets.html --> uts.cc.utexas.edu /export/httpd/vhosts/texasbeyondhistory/data/st-plains/artistic/images BX1-gorgets.html
2006.04.26 16:16 B V:\TBH Website Temp\st-plains\artistic\images\pebble.html --> uts.cc.utexas.edu /export/httpd/vhosts/texasbeyondhistory/data/st-plains/artistic/images pebble.html
2006.04.26 16:16 B V:\TBH Website Temp\st-plains\artistic\images\pendant.html --> uts.cc.utexas.edu /export/httpd/vhosts/texasbeyondhistory/data/st-plains/artistic/images pendant.html
2006.04.26 16:16 B V:\TBH Website Temp\st-plains\artistic\images\painted.html --> uts.cc.utexas.edu /export/httpd/vhosts/texasbeyondhistory/data/st-plains/artistic/images painted.html
2006.04.26 16:16 B V:\TBH Website Temp\st-plains\artistic\images\LK28-B5-sm.jpg --> uts.cc.utexas.edu /export/httpd/vhosts/texasbeyondhistory/data/st-plains/artistic/images LK28-B5-sm.jpg
2006.04.26 16:16 B V:\TBH Website Temp\st-plains\artistic\images\LK28-B5.jpg --> uts.cc.utexas.edu /export/httpd/vhosts/texasbeyondhistory/data/st-plains/artistic/images LK28-B5.jpg
2006.04.26 16:16 B V:\TBH Website Temp\st-plains\artistic\images\BX1-gorgets2.jpg --> uts.cc.utexas.edu /export/httpd/vhosts/texasbeyondhistory/data/st-plains/artistic/images BX1-gorgets2.jpg
2006.04.26 16:16 B V:\TBH Website Temp\st-plains\artistic\images\WS_FTP.LOG --> uts.cc.utexas.edu /export/httpd/vhosts/texasbeyondhistory/data/st-plains/artistic/images WS_FTP.LOG
2006.04.26 16:16 B V:\TBH Website Temp\st-plains\artistic\images\conch3-sm.jpg --> uts.cc.utexas.edu /export/httpd/vhosts/texasbeyondhistory/data/st-plains/artistic/images conch3-sm.jpg
2006.04.26 16:16 B V:\TBH Website Temp\st-plains\artistic\images\conch2-sm.jpg --> uts.cc.utexas.edu /export/httpd/vhosts/texasbeyondhistory/data/st-plains/artistic/images conch2-sm.jpg
2006.04.26 16:16 B V:\TBH Website Temp\st-plains\artistic\images\necklace2.jpg --> uts.cc.utexas.edu /export/httpd/vhosts/texasbeyondhistory/data/st-plains/artistic/images necklace2.jpg
2006.04.26 16:16 B V:\TBH Website Temp\st-plains\artistic\images\snake2.jpg --> uts.cc.utexas.edu /export/httpd/vhosts/texasbeyondhistory/data/st-plains/artistic/images snake2.jpg
2006.04.26 16:16 B V:\TBH Website Temp\st-plains\artistic\images\vert-bone.jpg --> uts.cc.utexas.edu /export/httpd/vhosts/texasbeyondhistory/data/st-plains/artistic/images vert-bone.jpg
2006.04.26 16:16 B V:\TBH Website Temp\st-plains\artistic\images\DM124-petro2.jpg --> uts.cc.utexas.edu /export/httpd/vhosts/texasbeyondhistory/data/st-plains/artistic/images DM124-petro2.jpg
2006.04.26 16:16 B V:\TBH Website Temp\st-plains\artistic\images\Weir-tattoos2-sm.jpg --> uts.cc.utexas.edu /export/httpd/vhosts/texasbeyondhistory/data/st-plains/artistic/images Weir-tattoos2-sm.jpg
2006.04.26 16:16 B V:\TBH Website Temp\st-plains\artistic\images\Weir-tattoos2.jpg --> uts.cc.utexas.edu /export/httpd/vhosts/texasbeyondhistory/data/st-plains/artistic/images Weir-tattoos2.jpg
2006.04.26 16:16 B V:\TBH Website Temp\st-plains\artistic\images\Weir-tattoos-sm.jpg --> uts.cc.utexas.edu /export/httpd/vhosts/texasbeyondhistory/data/st-plains/artistic/images Weir-tattoos-sm.jpg
2006.04.26 16:16 B V:\TBH Website Temp\st-plains\artistic\images\Weir-tattoos.jpg --> uts.cc.utexas.edu /export/httpd/vhosts/texasbeyondhistory/data/st-plains/artistic/images Weir-tattoos.jpg
2006.04.26 16:16 B V:\TBH Website Temp\st-plains\artistic\images\DM124-petro-sm.jpg --> uts.cc.utexas.edu /export/httpd/vhosts/texasbeyondhistory/data/st-plains/artistic/images DM124-petro-sm.jpg
2006.04.26 16:16 B V:\TBH Website Temp\st-plains\artistic\images\DM124-petro.jpg --> uts.cc.utexas.edu /export/httpd/vhosts/texasbeyondhistory/data/st-plains/artistic/images DM124-petro.jpg
2006.04.26 16:16 B V:\TBH Website Temp\st-plains\artistic\images\pipe-sm.jpg --> uts.cc.utexas.edu /export/httpd/vhosts/texasbeyondhistory/data/st-plains/artistic/images pipe-sm.jpg
2006.04.26 16:16 B V:\TBH Website Temp\st-plains\artistic\images\pipe.jpg --> uts.cc.utexas.edu /export/httpd/vhosts/texasbeyondhistory/data/st-plains/artistic/images pipe.jpg
2006.04.26 16:16 B V:\TBH Website Temp\st-plains\artistic\images\pebble-sm.jpg --> uts.cc.utexas.edu /export/httpd/vhosts/texasbeyondhistory/data/st-plains/artistic/images pebble-sm.jpg
2006.04.26 16:16 B V:\TBH Website Temp\st-plains\artistic\images\pebble.jpg --> uts.cc.utexas.edu /export/httpd/vhosts/texasbeyondhistory/data/st-plains/artistic/images pebble.jpg
2006.04.26 16:16 B V:\TBH Website Temp\st-plains\artistic\images\pen1-sm.jpg --> uts.cc.utexas.edu /export/httpd/vhosts/texasbeyondhistory/data/st-plains/artistic/images pen1-sm.jpg
2006.04.26 16:16 B V:\TBH Website Temp\st-plains\artistic\images\pen1.jpg --> uts.cc.utexas.edu /export/httpd/vhosts/texasbeyondhistory/data/st-plains/artistic/images pen1.jpg
2006.04.26 16:16 B V:\TBH Website Temp\st-plains\artistic\images\WB56-C16.jpg --> uts.cc.utexas.edu /export/httpd/vhosts/texasbeyondhistory/data/st-plains/artistic/images WB56-C16.jpg
2006.04.26 16:16 B V:\TBH Website Temp\st-plains\artistic\images\WB56-C16-sm.jpg --> uts.cc.utexas.edu /export/httpd/vhosts/texasbeyondhistory/data/st-plains/artistic/images WB56-C16-sm.jpg
2006.04.26 16:16 B V:\TBH Website Temp\st-plains\artistic\images\vertebrae.jpg --> uts.cc.utexas.edu /export/httpd/vhosts/texasbeyondhistory/data/st-plains/artistic/images vertebrae.jpg
2006.04.26 16:16 B V:\TBH Website Temp\st-plains\artistic\images\snake.jpg --> uts.cc.utexas.edu /export/httpd/vhosts/texasbeyondhistory/data/st-plains/artistic/images snake.jpg
2006.04.26 16:16 B V:\TBH Website Temp\st-plains\artistic\images\snake-sm.jpg --> uts.cc.utexas.edu /export/httpd/vhosts/texasbeyondhistory/data/st-plains/artistic/images snake-sm.jpg
2006.04.26 16:16 B V:\TBH Website Temp\st-plains\artistic\images\pendant.jpg --> uts.cc.utexas.edu /export/httpd/vhosts/texasbeyondhistory/data/st-plains/artistic/images pendant.jpg
2006.04.26 16:16 B V:\TBH Website Temp\st-plains\artistic\images\pendant-sm.jpg --> uts.cc.utexas.edu /export/httpd/vhosts/texasbeyondhistory/data/st-plains/artistic/images pendant-sm.jpg
2006.04.26 16:16 B V:\TBH Website Temp\st-plains\artistic\images\pen3.jpg --> uts.cc.utexas.edu /export/httpd/vhosts/texasbeyondhistory/data/st-plains/artistic/images pen3.jpg
2006.04.26 16:16 B V:\TBH Website Temp\st-plains\artistic\images\pen3-sm.jpg --> uts.cc.utexas.edu /export/httpd/vhosts/texasbeyondhistory/data/st-plains/artistic/images pen3-sm.jpg
2006.04.26 16:16 B V:\TBH Website Temp\st-plains\artistic\images\pen2-sm.jpg --> uts.cc.utexas.edu /export/httpd/vhosts/texasbeyondhistory/data/st-plains/artistic/images pen2-sm.jpg
2006.04.26 16:16 B V:\TBH Website Temp\st-plains\artistic\images\paintedpipe.jpg --> uts.cc.utexas.edu /export/httpd/vhosts/texasbeyondhistory/data/st-plains/artistic/images paintedpipe.jpg
2006.04.26 16:16 B V:\TBH Website Temp\st-plains\artistic\images\paintedpipe-sm.jpg --> uts.cc.utexas.edu /export/httpd/vhosts/texasbeyondhistory/data/st-plains/artistic/images paintedpipe-sm.jpg
2006.04.26 16:16 B V:\TBH Website Temp\st-plains\artistic\images\painted.jpg --> uts.cc.utexas.edu /export/httpd/vhosts/texasbeyondhistory/data/st-plains/artistic/images painted.jpg
2006.04.26 16:16 B V:\TBH Website Temp\st-plains\artistic\images\painted-sm.jpg --> uts.cc.utexas.edu /export/httpd/vhosts/texasbeyondhistory/data/st-plains/artistic/images painted-sm.jpg
2006.04.26 16:16 B V:\TBH Website Temp\st-plains\artistic\images\necklace.jpg --> uts.cc.utexas.edu /export/httpd/vhosts/texasbeyondhistory/data/st-plains/artistic/images necklace.jpg
2006.04.26 16:16 B V:\TBH Website Temp\st-plains\artistic\images\necklace-sm.jpg --> uts.cc.utexas.edu /export/httpd/vhosts/texasbeyondhistory/data/st-plains/artistic/images necklace-sm.jpg
2006.04.26 16:16 B V:\TBH Website Temp\st-plains\artistic\images\conch.jpg --> uts.cc.utexas.edu /export/httpd/vhosts/texasbeyondhistory/data/st-plains/artistic/images conch.jpg
2006.04.26 16:16 B V:\TBH Website Temp\st-plains\artistic\images\conch-sm.jpg --> uts.cc.utexas.edu /export/httpd/vhosts/texasbeyondhistory/data/st-plains/artistic/images conch-sm.jpg
2006.04.26 16:16 B V:\TBH Website Temp\st-plains\artistic\images\BX1-gorgets.jpg --> uts.cc.utexas.edu /export/httpd/vhosts/texasbeyondhistory/data/st-plains/artistic/images BX1-gorgets.jpg
2006.04.26 16:16 B V:\TBH Website Temp\st-plains\artistic\images\bonebead.jpg --> uts.cc.utexas.edu /export/httpd/vhosts/texasbeyondhistory/data/st-plains/artistic/images bonebead.jpg
2006.04.26 16:16 B V:\TBH Website Temp\st-plains\artistic\images\bone.jpg --> uts.cc.utexas.edu /export/httpd/vhosts/texasbeyondhistory/data/st-plains/artistic/images bone.jpg
2006.04.26 16:16 B V:\TBH Website Temp\st-plains\artistic\images\bone-sm.jpg --> uts.cc.utexas.edu /export/httpd/vhosts/texasbeyondhistory/data/st-plains/artistic/images bone-sm.jpg
2006.04.26 16:16 B V:\TBH Website Temp\st-plains\artistic\images\artistic.jpg --> uts.cc.utexas.edu /export/httpd/vhosts/texasbeyondhistory/data/st-plains/artistic/images artistic.jpg
2006.04.28 10:07 B L:\TBH Website Temp\st-plains\artistic\images\artistic2.jpg --> uts.cc.utexas.edu /export/httpd/vhosts/texasbeyondhistory/data/protect/st-plains/artistic/images artistic2.jpg
2006.04.28 10:07 B L:\TBH Website Temp\st-plains\artistic\images\bone.html --> uts.cc.utexas.edu /export/httpd/vhosts/texasbeyondhistory/data/protect/st-plains/artistic/images bone.html
2006.04.28 10:07 B L:\TBH Website Temp\st-plains\artistic\images\BX1-gorgets.html --> uts.cc.utexas.edu /export/httpd/vhosts/texasbeyondhistory/data/protect/st-plains/artistic/images BX1-gorgets.html
2006.04.28 10:07 B L:\TBH Website Temp\st-plains\artistic\images\BX1-gorgets2.jpg --> uts.cc.utexas.edu /export/httpd/vhosts/texasbeyondhistory/data/protect/st-plains/artistic/images BX1-gorgets2.jpg
2006.04.28 10:07 B L:\TBH Website Temp\st-plains\artistic\images\conch.html --> uts.cc.utexas.edu /export/httpd/vhosts/texasbeyondhistory/data/protect/st-plains/artistic/images conch.html
2006.04.28 10:07 B L:\TBH Website Temp\st-plains\artistic\images\DM124-petro.html --> uts.cc.utexas.edu /export/httpd/vhosts/texasbeyondhistory/data/protect/st-plains/artistic/images DM124-petro.html
2006.04.28 10:07 B L:\TBH Website Temp\st-plains\artistic\images\fig119-H-sm.jpg --> uts.cc.utexas.edu /export/httpd/vhosts/texasbeyondhistory/data/protect/st-plains/artistic/images fig119-H-sm.jpg
2006.04.28 10:07 B L:\TBH Website Temp\st-plains\artistic\images\fig119-H.html --> uts.cc.utexas.edu /export/httpd/vhosts/texasbeyondhistory/data/protect/st-plains/artistic/images fig119-H.html
2006.04.28 10:07 B L:\TBH Website Temp\st-plains\artistic\images\fig119-H.jpg --> uts.cc.utexas.edu /export/httpd/vhosts/texasbeyondhistory/data/protect/st-plains/artistic/images fig119-H.jpg
2006.04.28 10:07 B L:\TBH Website Temp\st-plains\artistic\images\fig119-sm.jpg --> uts.cc.utexas.edu /export/httpd/vhosts/texasbeyondhistory/data/protect/st-plains/artistic/images fig119-sm.jpg
2006.04.28 10:07 B L:\TBH Website Temp\st-plains\artistic\images\fig119.html --> uts.cc.utexas.edu /export/httpd/vhosts/texasbeyondhistory/data/protect/st-plains/artistic/images fig119.html
2006.04.28 10:07 B L:\TBH Website Temp\st-plains\artistic\images\fig119.jpg --> uts.cc.utexas.edu /export/httpd/vhosts/texasbeyondhistory/data/protect/st-plains/artistic/images fig119.jpg
2006.04.28 10:07 B L:\TBH Website Temp\st-plains\artistic\images\LK28-B5-sm.jpg --> uts.cc.utexas.edu /export/httpd/vhosts/texasbeyondhistory/data/protect/st-plains/artistic/images LK28-B5-sm.jpg
2006.04.28 10:07 B L:\TBH Website Temp\st-plains\artistic\images\LK28-B5.html --> uts.cc.utexas.edu /export/httpd/vhosts/texasbeyondhistory/data/protect/st-plains/artistic/images LK28-B5.html
2006.04.28 10:07 B L:\TBH Website Temp\st-plains\artistic\images\LK28-B5.jpg --> uts.cc.utexas.edu /export/httpd/vhosts/texasbeyondhistory/data/protect/st-plains/artistic/images LK28-B5.jpg
2006.04.28 10:07 B L:\TBH Website Temp\st-plains\artistic\images\necklace.html --> uts.cc.utexas.edu /export/httpd/vhosts/texasbeyondhistory/data/protect/st-plains/artistic/images necklace.html
2006.04.28 10:07 B L:\TBH Website Temp\st-plains\artistic\images\painted.html --> uts.cc.utexas.edu /export/httpd/vhosts/texasbeyondhistory/data/protect/st-plains/artistic/images painted.html
2006.04.28 10:07 B L:\TBH Website Temp\st-plains\artistic\images\paintedpipe.html --> uts.cc.utexas.edu /export/httpd/vhosts/texasbeyondhistory/data/protect/st-plains/artistic/images paintedpipe.html
2006.04.28 10:07 B L:\TBH Website Temp\st-plains\artistic\images\pebble.html --> uts.cc.utexas.edu /export/httpd/vhosts/texasbeyondhistory/data/protect/st-plains/artistic/images pebble.html
2006.04.28 10:07 B L:\TBH Website Temp\st-plains\artistic\images\pen1.html --> uts.cc.utexas.edu /export/httpd/vhosts/texasbeyondhistory/data/protect/st-plains/artistic/images pen1.html
2006.04.28 10:07 B L:\TBH Website Temp\st-plains\artistic\images\pen2-sm.jpg --> uts.cc.utexas.edu /export/httpd/vhosts/texasbeyondhistory/data/protect/st-plains/artistic/images pen2-sm.jpg
2006.04.28 10:07 B L:\TBH Website Temp\st-plains\artistic\images\pen3-sm.jpg --> uts.cc.utexas.edu /export/httpd/vhosts/texasbeyondhistory/data/protect/st-plains/artistic/images pen3-sm.jpg
2006.04.28 10:07 B L:\TBH Website Temp\st-plains\artistic\images\pen3.jpg --> uts.cc.utexas.edu /export/httpd/vhosts/texasbeyondhistory/data/protect/st-plains/artistic/images pen3.jpg
2006.04.28 10:07 B L:\TBH Website Temp\st-plains\artistic\images\pendant.html --> uts.cc.utexas.edu /export/httpd/vhosts/texasbeyondhistory/data/protect/st-plains/artistic/images pendant.html
2006.04.28 10:07 B L:\TBH Website Temp\st-plains\artistic\images\pipe.html --> uts.cc.utexas.edu /export/httpd/vhosts/texasbeyondhistory/data/protect/st-plains/artistic/images pipe.html
2006.04.28 10:07 B L:\TBH Website Temp\st-plains\artistic\images\snake.html --> uts.cc.utexas.edu /export/httpd/vhosts/texasbeyondhistory/data/protect/st-plains/artistic/images snake.html
2006.04.28 10:07 B L:\TBH Website Temp\st-plains\artistic\images\WB56-C16.html --> uts.cc.utexas.edu /export/httpd/vhosts/texasbeyondhistory/data/protect/st-plains/artistic/images WB56-C16.html
2006.04.28 10:07 B L:\TBH Website Temp\st-plains\artistic\images\Weir-tattoos.html --> uts.cc.utexas.edu /export/httpd/vhosts/texasbeyondhistory/data/protect/st-plains/artistic/images Weir-tattoos.html
2006.04.28 10:07 B L:\TBH Website Temp\st-plains\artistic\images\Weir-tattoos2.html --> uts.cc.utexas.edu /export/httpd/vhosts/texasbeyondhistory/data/protect/st-plains/artistic/images Weir-tattoos2.html
2006.04.28 10:07 B L:\TBH Website Temp\st-plains\artistic\images\WS_FTP.LOG --> uts.cc.utexas.edu /export/httpd/vhosts/texasbeyondhistory/data/protect/st-plains/artistic/images WS_FTP.LOG
2006.05.25 16:14 B L:\TBH Website Temp\st-plains\artistic\images\paintedpipe-sm.jpg --> uts.cc.utexas.edu /export/httpd/vhosts/texasbeyondhistory/data/protect/st-plains/artistic/images paintedpipe-sm.jpg
2006.05.25 16:14 B L:\TBH Website Temp\st-plains\artistic\images\paintedpipe.jpg --> uts.cc.utexas.edu /export/httpd/vhosts/texasbeyondhistory/data/protect/st-plains/artistic/images paintedpipe.jpg
2006.05.25 16:14 B L:\TBH Website Temp\st-plains\artistic\images\Thumbs.db --> uts.cc.utexas.edu /export/httpd/vhosts/texasbeyondhistory/data/protect/st-plains/artistic/images Thumbs.db
2006.05.25 16:14 B L:\TBH Website Temp\st-plains\artistic\images\BX1-gorgets.jpg --> uts.cc.utexas.edu /export/httpd/vhosts/texasbeyondhistory/data/protect/st-plains/artistic/images BX1-gorgets.jpg
2006.05.25 16:14 B L:\TBH Website Temp\st-plains\artistic\images\BX1-gorgets.html --> uts.cc.utexas.edu /export/httpd/vhosts/texasbeyondhistory/data/protect/st-plains/artistic/images BX1-gorgets.html
2006.05.25 16:14 B L:\TBH Website Temp\st-plains\artistic\images\bone-sm.jpg --> uts.cc.utexas.edu /export/httpd/vhosts/texasbeyondhistory/data/protect/st-plains/artistic/images bone-sm.jpg
2006.09.17 20:09 B L:\TBH Website Temp\st-plains\artistic\images\Thumbs.db --> uts.cc.utexas.edu /export/httpd/vhosts/texasbeyondhistory/data/st-plains/artistic/images Thumbs.db
2006.09.17 20:09 B L:\TBH Website Temp\st-plains\artistic\images\WS_FTP.LOG --> uts.cc.utexas.edu /export/httpd/vhosts/texasbeyondhistory/data/st-plains/artistic/images WS_FTP.LOG
2006.09.17 20:09 B L:\TBH Website Temp\st-plains\artistic\images\paintedpipe-sm.jpg --> uts.cc.utexas.edu /export/httpd/vhosts/texasbeyondhistory/data/st-plains/artistic/images paintedpipe-sm.jpg
2006.09.17 20:09 B L:\TBH Website Temp\st-plains\artistic\images\paintedpipe.jpg --> uts.cc.utexas.edu /export/httpd/vhosts/texasbeyondhistory/data/st-plains/artistic/images paintedpipe.jpg
2006.09.17 20:09 B L:\TBH Website Temp\st-plains\artistic\images\BX1-gorgets.jpg --> uts.cc.utexas.edu /export/httpd/vhosts/texasbeyondhistory/data/st-plains/artistic/images BX1-gorgets.jpg
2006.09.17 20:09 B L:\TBH Website Temp\st-plains\artistic\images\BX1-gorgets.html --> uts.cc.utexas.edu /export/httpd/vhosts/texasbeyondhistory/data/st-plains/artistic/images BX1-gorgets.html
2006.09.17 20:09 B L:\TBH Website Temp\st-plains\artistic\images\bone-sm.jpg --> uts.cc.utexas.edu /export/httpd/vhosts/texasbeyondhistory/data/st-plains/artistic/images bone-sm.jpg
2006.09.17 20:09 B L:\TBH Website Temp\st-plains\artistic\images\artistic2.jpg --> uts.cc.utexas.edu /export/httpd/vhosts/texasbeyondhistory/data/st-plains/artistic/images artistic2.jpg
2006.09.17 20:09 B L:\TBH Website Temp\st-plains\artistic\images\fig119-H.html --> uts.cc.utexas.edu /export/httpd/vhosts/texasbeyondhistory/data/st-plains/artistic/images fig119-H.html
2006.09.17 20:09 B L:\TBH Website Temp\st-plains\artistic\images\LK28-B5.html --> uts.cc.utexas.edu /export/httpd/vhosts/texasbeyondhistory/data/st-plains/artistic/images LK28-B5.html
2006.09.17 20:09 B L:\TBH Website Temp\st-plains\artistic\images\fig119.html --> uts.cc.utexas.edu /export/httpd/vhosts/texasbeyondhistory/data/st-plains/artistic/images fig119.html
2006.09.17 20:09 B L:\TBH Website Temp\st-plains\artistic\images\fig119-sm.jpg --> uts.cc.utexas.edu /export/httpd/vhosts/texasbeyondhistory/data/st-plains/artistic/images fig119-sm.jpg
2006.09.17 20:09 B L:\TBH Website Temp\st-plains\artistic\images\DM124-petro.html --> uts.cc.utexas.edu /export/httpd/vhosts/texasbeyondhistory/data/st-plains/artistic/images DM124-petro.html
2006.09.17 20:09 B L:\TBH Website Temp\st-plains\artistic\images\bone.html --> uts.cc.utexas.edu /export/httpd/vhosts/texasbeyondhistory/data/st-plains/artistic/images bone.html
2006.09.17 20:09 B L:\TBH Website Temp\st-plains\artistic\images\snake.html --> uts.cc.utexas.edu /export/httpd/vhosts/texasbeyondhistory/data/st-plains/artistic/images snake.html
2006.09.17 20:09 B L:\TBH Website Temp\st-plains\artistic\images\pen1.html --> uts.cc.utexas.edu /export/httpd/vhosts/texasbeyondhistory/data/st-plains/artistic/images pen1.html
2006.09.17 20:09 B L:\TBH Website Temp\st-plains\artistic\images\necklace.html --> uts.cc.utexas.edu /export/httpd/vhosts/texasbeyondhistory/data/st-plains/artistic/images necklace.html
2006.09.17 20:09 B L:\TBH Website Temp\st-plains\artistic\images\conch.html --> uts.cc.utexas.edu /export/httpd/vhosts/texasbeyondhistory/data/st-plains/artistic/images conch.html
2006.09.17 20:09 B L:\TBH Website Temp\st-plains\artistic\images\fig119-H-sm.jpg --> uts.cc.utexas.edu /export/httpd/vhosts/texasbeyondhistory/data/st-plains/artistic/images fig119-H-sm.jpg
2006.09.17 20:09 B L:\TBH Website Temp\st-plains\artistic\images\fig119-H.jpg --> uts.cc.utexas.edu /export/httpd/vhosts/texasbeyondhistory/data/st-plains/artistic/images fig119-H.jpg
2006.09.17 20:09 B L:\TBH Website Temp\st-plains\artistic\images\Weir-tattoos2.html --> uts.cc.utexas.edu /export/httpd/vhosts/texasbeyondhistory/data/st-plains/artistic/images Weir-tattoos2.html
2006.09.17 20:09 B L:\TBH Website Temp\st-plains\artistic\images\Weir-tattoos.html --> uts.cc.utexas.edu /export/httpd/vhosts/texasbeyondhistory/data/st-plains/artistic/images Weir-tattoos.html
2006.09.17 20:09 B L:\TBH Website Temp\st-plains\artistic\images\WB56-C16.html --> uts.cc.utexas.edu /export/httpd/vhosts/texasbeyondhistory/data/st-plains/artistic/images WB56-C16.html
2006.09.17 20:09 B L:\TBH Website Temp\st-plains\artistic\images\paintedpipe.html --> uts.cc.utexas.edu /export/httpd/vhosts/texasbeyondhistory/data/st-plains/artistic/images paintedpipe.html
2006.09.17 20:09 B L:\TBH Website Temp\st-plains\artistic\images\fig119.jpg --> uts.cc.utexas.edu /export/httpd/vhosts/texasbeyondhistory/data/st-plains/artistic/images fig119.jpg
2006.09.17 20:09 B L:\TBH Website Temp\st-plains\artistic\images\pipe.html --> uts.cc.utexas.edu /export/httpd/vhosts/texasbeyondhistory/data/st-plains/artistic/images pipe.html
2006.09.17 20:09 B L:\TBH Website Temp\st-plains\artistic\images\pebble.html --> uts.cc.utexas.edu /export/httpd/vhosts/texasbeyondhistory/data/st-plains/artistic/images pebble.html
2006.09.17 20:09 B L:\TBH Website Temp\st-plains\artistic\images\pendant.html --> uts.cc.utexas.edu /export/httpd/vhosts/texasbeyondhistory/data/st-plains/artistic/images pendant.html
2006.09.17 20:09 B L:\TBH Website Temp\st-plains\artistic\images\painted.html --> uts.cc.utexas.edu /export/httpd/vhosts/texasbeyondhistory/data/st-plains/artistic/images painted.html
2006.09.17 20:09 B L:\TBH Website Temp\st-plains\artistic\images\LK28-B5-sm.jpg --> uts.cc.utexas.edu /export/httpd/vhosts/texasbeyondhistory/data/st-plains/artistic/images LK28-B5-sm.jpg
2006.09.17 20:09 B L:\TBH Website Temp\st-plains\artistic\images\LK28-B5.jpg --> uts.cc.utexas.edu /export/httpd/vhosts/texasbeyondhistory/data/st-plains/artistic/images LK28-B5.jpg
2006.09.17 20:09 B L:\TBH Website Temp\st-plains\artistic\images\BX1-gorgets2.jpg --> uts.cc.utexas.edu /export/httpd/vhosts/texasbeyondhistory/data/st-plains/artistic/images BX1-gorgets2.jpg
2006.09.17 20:09 B L:\TBH Website Temp\st-plains\artistic\images\conch3-sm.jpg --> uts.cc.utexas.edu /export/httpd/vhosts/texasbeyondhistory/data/st-plains/artistic/images conch3-sm.jpg
2006.09.17 20:09 B L:\TBH Website Temp\st-plains\artistic\images\conch2-sm.jpg --> uts.cc.utexas.edu /export/httpd/vhosts/texasbeyondhistory/data/st-plains/artistic/images conch2-sm.jpg
2006.09.17 20:09 B L:\TBH Website Temp\st-plains\artistic\images\necklace2.jpg --> uts.cc.utexas.edu /export/httpd/vhosts/texasbeyondhistory/data/st-plains/artistic/images necklace2.jpg
2006.09.17 20:09 B L:\TBH Website Temp\st-plains\artistic\images\snake2.jpg --> uts.cc.utexas.edu /export/httpd/vhosts/texasbeyondhistory/data/st-plains/artistic/images snake2.jpg
2006.09.17 20:09 B L:\TBH Website Temp\st-plains\artistic\images\vert-bone.jpg --> uts.cc.utexas.edu /export/httpd/vhosts/texasbeyondhistory/data/st-plains/artistic/images vert-bone.jpg
2006.09.17 20:09 B L:\TBH Website Temp\st-plains\artistic\images\DM124-petro2.jpg --> uts.cc.utexas.edu /export/httpd/vhosts/texasbeyondhistory/data/st-plains/artistic/images DM124-petro2.jpg
2006.09.17 20:09 B L:\TBH Website Temp\st-plains\artistic\images\Weir-tattoos2-sm.jpg --> uts.cc.utexas.edu /export/httpd/vhosts/texasbeyondhistory/data/st-plains/artistic/images Weir-tattoos2-sm.jpg
2006.09.17 20:09 B L:\TBH Website Temp\st-plains\artistic\images\Weir-tattoos2.jpg --> uts.cc.utexas.edu /export/httpd/vhosts/texasbeyondhistory/data/st-plains/artistic/images Weir-tattoos2.jpg
2006.09.17 20:09 B L:\TBH Website Temp\st-plains\artistic\images\Weir-tattoos-sm.jpg --> uts.cc.utexas.edu /export/httpd/vhosts/texasbeyondhistory/data/st-plains/artistic/images Weir-tattoos-sm.jpg
2006.09.17 20:09 B L:\TBH Website Temp\st-plains\artistic\images\Weir-tattoos.jpg --> uts.cc.utexas.edu /export/httpd/vhosts/texasbeyondhistory/data/st-plains/artistic/images Weir-tattoos.jpg
2006.09.17 20:09 B L:\TBH Website Temp\st-plains\artistic\images\DM124-petro-sm.jpg --> uts.cc.utexas.edu /export/httpd/vhosts/texasbeyondhistory/data/st-plains/artistic/images DM124-petro-sm.jpg
2006.09.17 20:09 B L:\TBH Website Temp\st-plains\artistic\images\DM124-petro.jpg --> uts.cc.utexas.edu /export/httpd/vhosts/texasbeyondhistory/data/st-plains/artistic/images DM124-petro.jpg
2006.09.17 20:09 B L:\TBH Website Temp\st-plains\artistic\images\pipe-sm.jpg --> uts.cc.utexas.edu /export/httpd/vhosts/texasbeyondhistory/data/st-plains/artistic/images pipe-sm.jpg
2006.09.17 20:09 B L:\TBH Website Temp\st-plains\artistic\images\pipe.jpg --> uts.cc.utexas.edu /export/httpd/vhosts/texasbeyondhistory/data/st-plains/artistic/images pipe.jpg
2006.09.17 20:09 B L:\TBH Website Temp\st-plains\artistic\images\pebble-sm.jpg --> uts.cc.utexas.edu /export/httpd/vhosts/texasbeyondhistory/data/st-plains/artistic/images pebble-sm.jpg
2006.09.17 20:09 B L:\TBH Website Temp\st-plains\artistic\images\pebble.jpg --> uts.cc.utexas.edu /export/httpd/vhosts/texasbeyondhistory/data/st-plains/artistic/images pebble.jpg
2006.09.17 20:09 B L:\TBH Website Temp\st-plains\artistic\images\pen1-sm.jpg --> uts.cc.utexas.edu /export/httpd/vhosts/texasbeyondhistory/data/st-plains/artistic/images pen1-sm.jpg
2006.09.17 20:09 B L:\TBH Website Temp\st-plains\artistic\images\pen1.jpg --> uts.cc.utexas.edu /export/httpd/vhosts/texasbeyondhistory/data/st-plains/artistic/images pen1.jpg
2006.09.17 20:09 B L:\TBH Website Temp\st-plains\artistic\images\WB56-C16.jpg --> uts.cc.utexas.edu /export/httpd/vhosts/texasbeyondhistory/data/st-plains/artistic/images WB56-C16.jpg
2006.09.17 20:09 B L:\TBH Website Temp\st-plains\artistic\images\WB56-C16-sm.jpg --> uts.cc.utexas.edu /export/httpd/vhosts/texasbeyondhistory/data/st-plains/artistic/images WB56-C16-sm.jpg
2006.09.17 20:09 B L:\TBH Website Temp\st-plains\artistic\images\vertebrae.jpg --> uts.cc.utexas.edu /export/httpd/vhosts/texasbeyondhistory/data/st-plains/artistic/images vertebrae.jpg
2006.09.17 20:09 B L:\TBH Website Temp\st-plains\artistic\images\snake.jpg --> uts.cc.utexas.edu /export/httpd/vhosts/texasbeyondhistory/data/st-plains/artistic/images snake.jpg
2006.09.17 20:09 B L:\TBH Website Temp\st-plains\artistic\images\snake-sm.jpg --> uts.cc.utexas.edu /export/httpd/vhosts/texasbeyondhistory/data/st-plains/artistic/images snake-sm.jpg
2006.09.17 20:09 B L:\TBH Website Temp\st-plains\artistic\images\pendant.jpg --> uts.cc.utexas.edu /export/httpd/vhosts/texasbeyondhistory/data/st-plains/artistic/images pendant.jpg
2006.09.17 20:09 B L:\TBH Website Temp\st-plains\artistic\images\pendant-sm.jpg --> uts.cc.utexas.edu /export/httpd/vhosts/texasbeyondhistory/data/st-plains/artistic/images pendant-sm.jpg
2006.09.17 20:09 B L:\TBH Website Temp\st-plains\artistic\images\pen3.jpg --> uts.cc.utexas.edu /export/httpd/vhosts/texasbeyondhistory/data/st-plains/artistic/images pen3.jpg
2006.09.17 20:09 B L:\TBH Website Temp\st-plains\artistic\images\pen3-sm.jpg --> uts.cc.utexas.edu /export/httpd/vhosts/texasbeyondhistory/data/st-plains/artistic/images pen3-sm.jpg
2006.09.17 20:09 B L:\TBH Website Temp\st-plains\artistic\images\pen2-sm.jpg --> uts.cc.utexas.edu /export/httpd/vhosts/texasbeyondhistory/data/st-plains/artistic/images pen2-sm.jpg
2006.09.17 20:09 B L:\TBH Website Temp\st-plains\artistic\images\painted.jpg --> uts.cc.utexas.edu /export/httpd/vhosts/texasbeyondhistory/data/st-plains/artistic/images painted.jpg
2006.09.17 20:09 B L:\TBH Website Temp\st-plains\artistic\images\painted-sm.jpg --> uts.cc.utexas.edu /export/httpd/vhosts/texasbeyondhistory/data/st-plains/artistic/images painted-sm.jpg
2006.09.17 20:09 B L:\TBH Website Temp\st-plains\artistic\images\necklace.jpg --> uts.cc.utexas.edu /export/httpd/vhosts/texasbeyondhistory/data/st-plains/artistic/images necklace.jpg
2006.09.17 20:09 B L:\TBH Website Temp\st-plains\artistic\images\necklace-sm.jpg --> uts.cc.utexas.edu /export/httpd/vhosts/texasbeyondhistory/data/st-plains/artistic/images necklace-sm.jpg
2006.09.17 20:09 B L:\TBH Website Temp\st-plains\artistic\images\conch.jpg --> uts.cc.utexas.edu /export/httpd/vhosts/texasbeyondhistory/data/st-plains/artistic/images conch.jpg
2006.09.17 20:09 B L:\TBH Website Temp\st-plains\artistic\images\conch-sm.jpg --> uts.cc.utexas.edu /export/httpd/vhosts/texasbeyondhistory/data/st-plains/artistic/images conch-sm.jpg
2006.09.17 20:09 B L:\TBH Website Temp\st-plains\artistic\images\bonebead.jpg --> uts.cc.utexas.edu /export/httpd/vhosts/texasbeyondhistory/data/st-plains/artistic/images bonebead.jpg
2006.09.17 20:09 B L:\TBH Website Temp\st-plains\artistic\images\bone.jpg --> uts.cc.utexas.edu /export/httpd/vhosts/texasbeyondhistory/data/st-plains/artistic/images bone.jpg
2006.09.17 20:09 B L:\TBH Website Temp\st-plains\artistic\images\artistic.jpg --> uts.cc.utexas.edu /export/httpd/vhosts/texasbeyondhistory/data/st-plains/artistic/images artistic.jpg
2006.09.18 14:08 B V:\TBH Website Temp\st-plains\artistic\images\artistic3.jpg --> uts.cc.utexas.edu /export/httpd/vhosts/texasbeyondhistory/data/protect/st-plains/artistic/images artistic3.jpg
2006.09.18 15:19 B V:\TBH Website Temp\st-plains\artistic\images\artistic3.jpg --> uts.cc.utexas.edu /export/httpd/vhosts/texasbeyondhistory/data/st-plains/artistic/images artistic3.jpg
2006.09.18 15:19 B V:\TBH Website Temp\st-plains\artistic\images\WB56-C16.html --> uts.cc.utexas.edu /export/httpd/vhosts/texasbeyondhistory/data/st-plains/artistic/images WB56-C16.html
2006.09.18 15:19 B V:\TBH Website Temp\st-plains\artistic\images\WS_FTP.LOG --> uts.cc.utexas.edu /export/httpd/vhosts/texasbeyondhistory/data/st-plains/artistic/images WS_FTP.LOG
2006.09.19 21:02 B L:\TBH Website Temp\st-plains\artistic\images\WS_FTP.LOG --> uts.cc.utexas.edu /export/httpd/vhosts/texasbeyondhistory/data/st-plains/artistic/images WS_FTP.LOG
2006.09.20 15:38 B L:\TBH Website Temp\st-plains\artistic\images\WS_FTP.LOG --> uts.cc.utexas.edu /export/httpd/vhosts/texasbeyondhistory/data/st-plains/artistic/images WS_FTP.LOG
2006.09.20 15:53 B L:\TBH Website Temp\st-plains\artistic\images\WS_FTP.LOG --> uts.cc.utexas.edu /export/httpd/vhosts/texasbeyondhistory/data/st-plains/artistic/images WS_FTP.LOG
2006.09.27 17:41 B L:\TBH Website Temp\st-plains\artistic\images\replica-pendant.html --> uts.cc.utexas.edu /export/httpd/vhosts/texasbeyondhistory/data/st-plains/artistic/images replica-pendant.html
2006.09.27 17:41 B L:\TBH Website Temp\st-plains\artistic\images\replica-pendant-sm.jpg --> uts.cc.utexas.edu /export/httpd/vhosts/texasbeyondhistory/data/st-plains/artistic/images replica-pendant-sm.jpg
2006.09.27 17:41 B L:\TBH Website Temp\st-plains\artistic\images\replica-pendant.jpg --> uts.cc.utexas.edu /export/httpd/vhosts/texasbeyondhistory/data/st-plains/artistic/images replica-pendant.jpg
