2007.05.11 18:10 B L:\TBH Website Temp\adaes\images\images\spacer.gif --> uts.cc.utexas.edu /export/httpd/vhosts/texasbeyondhistory/data/protect/adaes/images/images spacer.gif
2007.05.11 18:10 B L:\TBH Website Temp\adaes\images\images\Thumbs.db --> uts.cc.utexas.edu /export/httpd/vhosts/texasbeyondhistory/data/protect/adaes/images/images Thumbs.db
2007.05.11 18:10 B L:\TBH Website Temp\adaes\images\images\Urrutia-1767-map_01.gif --> uts.cc.utexas.edu /export/httpd/vhosts/texasbeyondhistory/data/protect/adaes/images/images Urrutia-1767-map_01.gif
2007.05.11 18:10 B L:\TBH Website Temp\adaes\images\images\Urrutia-1767-map_02.gif --> uts.cc.utexas.edu /export/httpd/vhosts/texasbeyondhistory/data/protect/adaes/images/images Urrutia-1767-map_02.gif
2007.05.11 18:10 B L:\TBH Website Temp\adaes\images\images\Urrutia-1767-map_03-over.gif --> uts.cc.utexas.edu /export/httpd/vhosts/texasbeyondhistory/data/protect/adaes/images/images Urrutia-1767-map_03-over.gif
2007.05.11 18:10 B L:\TBH Website Temp\adaes\images\images\Urrutia-1767-map_03.gif --> uts.cc.utexas.edu /export/httpd/vhosts/texasbeyondhistory/data/protect/adaes/images/images Urrutia-1767-map_03.gif
2007.05.11 18:10 B L:\TBH Website Temp\adaes\images\images\Urrutia-1767-map_04.gif --> uts.cc.utexas.edu /export/httpd/vhosts/texasbeyondhistory/data/protect/adaes/images/images Urrutia-1767-map_04.gif
2007.05.11 18:10 B L:\TBH Website Temp\adaes\images\images\Urrutia-1767-map_05.gif --> uts.cc.utexas.edu /export/httpd/vhosts/texasbeyondhistory/data/protect/adaes/images/images Urrutia-1767-map_05.gif
2007.05.11 18:10 B L:\TBH Website Temp\adaes\images\images\Urrutia-1767-map_06-over.gif --> uts.cc.utexas.edu /export/httpd/vhosts/texasbeyondhistory/data/protect/adaes/images/images Urrutia-1767-map_06-over.gif
2007.05.11 18:10 B L:\TBH Website Temp\adaes\images\images\Urrutia-1767-map_06.gif --> uts.cc.utexas.edu /export/httpd/vhosts/texasbeyondhistory/data/protect/adaes/images/images Urrutia-1767-map_06.gif
2007.05.11 18:10 B L:\TBH Website Temp\adaes\images\images\Urrutia-1767-map_07.gif --> uts.cc.utexas.edu /export/httpd/vhosts/texasbeyondhistory/data/protect/adaes/images/images Urrutia-1767-map_07.gif
2007.05.11 18:10 B L:\TBH Website Temp\adaes\images\images\Urrutia-1767-map_08.gif --> uts.cc.utexas.edu /export/httpd/vhosts/texasbeyondhistory/data/protect/adaes/images/images Urrutia-1767-map_08.gif
2007.05.11 18:10 B L:\TBH Website Temp\adaes\images\images\Urrutia-1767-map_09-over.gif --> uts.cc.utexas.edu /export/httpd/vhosts/texasbeyondhistory/data/protect/adaes/images/images Urrutia-1767-map_09-over.gif
2007.05.11 18:10 B L:\TBH Website Temp\adaes\images\images\Urrutia-1767-map_09.gif --> uts.cc.utexas.edu /export/httpd/vhosts/texasbeyondhistory/data/protect/adaes/images/images Urrutia-1767-map_09.gif
2007.05.11 18:10 B L:\TBH Website Temp\adaes\images\images\Urrutia-1767-map_10.gif --> uts.cc.utexas.edu /export/httpd/vhosts/texasbeyondhistory/data/protect/adaes/images/images Urrutia-1767-map_10.gif
2007.05.11 18:10 B L:\TBH Website Temp\adaes\images\images\Urrutia-1767-map_11.gif --> uts.cc.utexas.edu /export/httpd/vhosts/texasbeyondhistory/data/protect/adaes/images/images Urrutia-1767-map_11.gif
2007.05.11 18:10 B L:\TBH Website Temp\adaes\images\images\Urrutia-1767-map_12.gif --> uts.cc.utexas.edu /export/httpd/vhosts/texasbeyondhistory/data/protect/adaes/images/images Urrutia-1767-map_12.gif
2007.06.07 17:13 B L:\TBH Website Temp\adaes\images\images\Thumbs.db --> uts.cc.utexas.edu /export/httpd/vhosts/texasbeyondhistory/data/protect/adaes/images/images Thumbs.db
2007.06.07 17:13 B L:\TBH Website Temp\adaes\images\images\WS_FTP.LOG --> uts.cc.utexas.edu /export/httpd/vhosts/texasbeyondhistory/data/protect/adaes/images/images WS_FTP.LOG
2007.06.14 12:06 B L:\TBH Website Temp\adaes\images\images\spacer.gif --> uts.cc.utexas.edu /export/httpd/vhosts/texasbeyondhistory/data/adaes/images/images spacer.gif
2007.06.14 12:06 B L:\TBH Website Temp\adaes\images\images\Thumbs.db --> uts.cc.utexas.edu /export/httpd/vhosts/texasbeyondhistory/data/adaes/images/images Thumbs.db
2007.06.14 12:06 B L:\TBH Website Temp\adaes\images\images\Urrutia-1767-map_01.gif --> uts.cc.utexas.edu /export/httpd/vhosts/texasbeyondhistory/data/adaes/images/images Urrutia-1767-map_01.gif
2007.06.14 12:06 B L:\TBH Website Temp\adaes\images\images\Urrutia-1767-map_02.gif --> uts.cc.utexas.edu /export/httpd/vhosts/texasbeyondhistory/data/adaes/images/images Urrutia-1767-map_02.gif
2007.06.14 12:06 B L:\TBH Website Temp\adaes\images\images\Urrutia-1767-map_03-over.gif --> uts.cc.utexas.edu /export/httpd/vhosts/texasbeyondhistory/data/adaes/images/images Urrutia-1767-map_03-over.gif
2007.06.14 12:06 B L:\TBH Website Temp\adaes\images\images\Urrutia-1767-map_03.gif --> uts.cc.utexas.edu /export/httpd/vhosts/texasbeyondhistory/data/adaes/images/images Urrutia-1767-map_03.gif
2007.06.14 12:06 B L:\TBH Website Temp\adaes\images\images\Urrutia-1767-map_04.gif --> uts.cc.utexas.edu /export/httpd/vhosts/texasbeyondhistory/data/adaes/images/images Urrutia-1767-map_04.gif
2007.06.14 12:06 B L:\TBH Website Temp\adaes\images\images\Urrutia-1767-map_05.gif --> uts.cc.utexas.edu /export/httpd/vhosts/texasbeyondhistory/data/adaes/images/images Urrutia-1767-map_05.gif
2007.06.14 12:06 B L:\TBH Website Temp\adaes\images\images\Urrutia-1767-map_06-over.gif --> uts.cc.utexas.edu /export/httpd/vhosts/texasbeyondhistory/data/adaes/images/images Urrutia-1767-map_06-over.gif
2007.06.14 12:06 B L:\TBH Website Temp\adaes\images\images\Urrutia-1767-map_06.gif --> uts.cc.utexas.edu /export/httpd/vhosts/texasbeyondhistory/data/adaes/images/images Urrutia-1767-map_06.gif
2007.06.14 12:06 B L:\TBH Website Temp\adaes\images\images\Urrutia-1767-map_07.gif --> uts.cc.utexas.edu /export/httpd/vhosts/texasbeyondhistory/data/adaes/images/images Urrutia-1767-map_07.gif
2007.06.14 12:06 B L:\TBH Website Temp\adaes\images\images\Urrutia-1767-map_08.gif --> uts.cc.utexas.edu /export/httpd/vhosts/texasbeyondhistory/data/adaes/images/images Urrutia-1767-map_08.gif
2007.06.14 12:06 B L:\TBH Website Temp\adaes\images\images\Urrutia-1767-map_09-over.gif --> uts.cc.utexas.edu /export/httpd/vhosts/texasbeyondhistory/data/adaes/images/images Urrutia-1767-map_09-over.gif
2007.06.14 12:06 B L:\TBH Website Temp\adaes\images\images\Urrutia-1767-map_09.gif --> uts.cc.utexas.edu /export/httpd/vhosts/texasbeyondhistory/data/adaes/images/images Urrutia-1767-map_09.gif
2007.06.14 12:06 B L:\TBH Website Temp\adaes\images\images\Urrutia-1767-map_10.gif --> uts.cc.utexas.edu /export/httpd/vhosts/texasbeyondhistory/data/adaes/images/images Urrutia-1767-map_10.gif
2007.06.14 12:06 B L:\TBH Website Temp\adaes\images\images\Urrutia-1767-map_11.gif --> uts.cc.utexas.edu /export/httpd/vhosts/texasbeyondhistory/data/adaes/images/images Urrutia-1767-map_11.gif
2007.06.14 12:06 B L:\TBH Website Temp\adaes\images\images\Urrutia-1767-map_12.gif --> uts.cc.utexas.edu /export/httpd/vhosts/texasbeyondhistory/data/adaes/images/images Urrutia-1767-map_12.gif
