2001.09.24 16:27 B M:\Website Stuff\TBH Website Temp\nasoni\index.htm --> uts.cc.utexas.edu /usr/pub/www/research/tarl/nasoni index.htm
2001.10.02 00:49 B C:\WINDOWS\Desktop\TBH\Recent\nasoni\caddo.html --> uts.cc.utexas.edu /export/httpd/vhosts/texasbeyondhistory/data/nasoni caddo.html
2001.10.02 00:49 B C:\WINDOWS\Desktop\TBH\Recent\nasoni\credits.html --> uts.cc.utexas.edu /export/httpd/vhosts/texasbeyondhistory/data/nasoni credits.html
2001.10.02 00:49 B C:\WINDOWS\Desktop\TBH\Recent\nasoni\index.html --> uts.cc.utexas.edu /export/httpd/vhosts/texasbeyondhistory/data/nasoni index.html
2001.10.02 00:49 B C:\WINDOWS\Desktop\TBH\Recent\nasoni\index.html.LCK --> uts.cc.utexas.edu /export/httpd/vhosts/texasbeyondhistory/data/nasoni index.html.LCK
2001.10.02 00:49 B C:\WINDOWS\Desktop\TBH\Recent\nasoni\index2.html --> uts.cc.utexas.edu /export/httpd/vhosts/texasbeyondhistory/data/nasoni index2.html
2001.10.02 00:49 B C:\WINDOWS\Desktop\TBH\Recent\nasoni\index2.html.LCK --> uts.cc.utexas.edu /export/httpd/vhosts/texasbeyondhistory/data/nasoni index2.html.LCK
2001.10.02 00:49 B C:\WINDOWS\Desktop\TBH\Recent\nasoni\wpa.html --> uts.cc.utexas.edu /export/httpd/vhosts/texasbeyondhistory/data/nasoni wpa.html
2001.10.11 15:07 B M:\Website Stuff\TBH Website Temp\nasoni\WS_FTP.LOG <-- texasbeyondhistory /export/httpd/vhosts/texasbeyondhistory/data/nasoni WS_FTP.LOG
2001.10.17 17:05 B D:\TBH Temp\tbh\nasoni\WS_FTP.LOG <-- Texas Beyond History /Website Stuff/TBH Website Temp/nasoni WS_FTP.LOG
2001.10.17 17:16 B D:\TBH Temp\tbh\nasoni\index2.html --> uts.cc.utexas.edu /export/httpd/vhosts/texasbeyondhistory/data/nasoni index2.html
2001.10.17 17:24 B D:\TBH Temp\tbh\nasoni\index2.html <-- Texas Beyond History /Website Stuff/TBH Website Temp/nasoni index2.html
2001.10.17 17:29 B D:\TBH Temp\tbh\nasoni\index2.html <-- Texas Beyond History /Website Stuff/TBH Website Temp/nasoni index2.html
2001.10.17 17:32 B D:\TBH Temp\tbh\nasoni\credits.html <-- Texas Beyond History /Website Stuff/TBH Website Temp/nasoni credits.html
2001.10.17 17:34 B D:\TBH Temp\tbh\nasoni\wpa.html <-- Texas Beyond History /Website Stuff/TBH Website Temp/nasoni wpa.html
2001.10.17 17:36 B D:\TBH Temp\tbh\nasoni\index2.html --> uts.cc.utexas.edu /export/httpd/vhosts/texasbeyondhistory/data/nasoni index2.html
2001.10.17 17:36 B D:\TBH Temp\tbh\nasoni\wpa.html --> uts.cc.utexas.edu /export/httpd/vhosts/texasbeyondhistory/data/nasoni wpa.html
2001.11.02 14:21 B G:\Website Stuff\TBH Website Temp\nasoni\index.html --> uts.cc.utexas.edu /export/httpd/vhosts/texasbeyondhistory/data index.html
2001.11.02 14:21 B G:\Website Stuff\TBH Website Temp\nasoni\index.html --> uts.cc.utexas.edu /export/httpd/vhosts/texasbeyondhistory/data/nasoni index.html
2001.11.02 14:21 B G:\Website Stuff\TBH Website Temp\nasoni\wpa.html --> uts.cc.utexas.edu /export/httpd/vhosts/texasbeyondhistory/data/nasoni wpa.html
2002.08.09 16:00 B J:\TBH Website Temp\nasoni\index.html --> uts.cc.utexas.edu /export/httpd/vhosts/texasbeyondhistory/data/nasoni index.html
2003.10.30 16:21 B G:\Website Stuff\TBH Website Temp\nasoni\caddo.html --> uts.cc.utexas.edu /export/httpd/vhosts/texasbeyondhistory/data/nasoni caddo.html
2005.02.23 09:58 B L:\TBH Website Temp\nasoni\caddo.html --> uts.cc.utexas.edu /export/httpd/vhosts/texasbeyondhistory/data/nasoni caddo.html
2005.04.04 13:20 B L:\TBH Website Temp\nasoni\caddo.html --> uts.cc.utexas.edu /export/httpd/vhosts/texasbeyondhistory/data/nasoni caddo.html
2005.04.04 13:20 B L:\TBH Website Temp\nasoni\credits.html --> uts.cc.utexas.edu /export/httpd/vhosts/texasbeyondhistory/data/nasoni credits.html
2005.04.04 13:20 B L:\TBH Website Temp\nasoni\index.html --> uts.cc.utexas.edu /export/httpd/vhosts/texasbeyondhistory/data/nasoni index.html
2005.04.04 13:20 B L:\TBH Website Temp\nasoni\wpa.html --> uts.cc.utexas.edu /export/httpd/vhosts/texasbeyondhistory/data/nasoni wpa.html
2005.04.05 14:34 B L:\TBH Website Temp\nasoni\caddo.html --> uts.cc.utexas.edu /export/httpd/vhosts/texasbeyondhistory/data/nasoni caddo.html
