2001.08.28 20:48 B D:\TBH Temp\kids\images\_notes\arch.gif.mno <-- Texas Beyond History /Website Stuff/TBH Website Temp/kids/images/_notes arch.gif.mno
2001.08.28 20:48 B D:\TBH Temp\kids\images\_notes\drdirt.gif.mno <-- Texas Beyond History /Website Stuff/TBH Website Temp/kids/images/_notes drdirt.gif.mno
2001.08.28 20:48 B D:\TBH Temp\kids\images\_notes\facts.gif.mno <-- Texas Beyond History /Website Stuff/TBH Website Temp/kids/images/_notes facts.gif.mno
2001.08.28 20:48 B D:\TBH Temp\kids\images\_notes\fun.gif.mno <-- Texas Beyond History /Website Stuff/TBH Website Temp/kids/images/_notes fun.gif.mno
2001.08.28 20:48 B D:\TBH Temp\kids\images\_notes\links.gif.mno <-- Texas Beyond History /Website Stuff/TBH Website Temp/kids/images/_notes links.gif.mno
2001.08.28 20:48 B D:\TBH Temp\kids\images\_notes\mystery.gif.mno <-- Texas Beyond History /Website Stuff/TBH Website Temp/kids/images/_notes mystery.gif.mno
2001.08.28 20:48 B D:\TBH Temp\kids\images\_notes\words.gif.mno <-- Texas Beyond History /Website Stuff/TBH Website Temp/kids/images/_notes words.gif.mno
2001.08.31 07:23 B D:\TBH Temp\kids\images\_notes\arch.gif.mno.LCK <-- Texas Beyond History /Website Stuff/TBH Website Temp/kids/images/_notes arch.gif.mno.LCK
2001.08.31 07:23 B D:\TBH Temp\kids\images\_notes\drdirt.gif.mno.LCK <-- Texas Beyond History /Website Stuff/TBH Website Temp/kids/images/_notes drdirt.gif.mno.LCK
2001.08.31 07:23 B D:\TBH Temp\kids\images\_notes\facts.gif.mno.LCK <-- Texas Beyond History /Website Stuff/TBH Website Temp/kids/images/_notes facts.gif.mno.LCK
2001.08.31 07:23 B D:\TBH Temp\kids\images\_notes\fun.gif.mno.LCK <-- Texas Beyond History /Website Stuff/TBH Website Temp/kids/images/_notes fun.gif.mno.LCK
2001.08.31 07:23 B D:\TBH Temp\kids\images\_notes\links.gif.mno.LCK <-- Texas Beyond History /Website Stuff/TBH Website Temp/kids/images/_notes links.gif.mno.LCK
2001.08.31 07:23 B D:\TBH Temp\kids\images\_notes\mystery.gif.mno.LCK <-- Texas Beyond History /Website Stuff/TBH Website Temp/kids/images/_notes mystery.gif.mno.LCK
2001.08.31 07:23 B D:\TBH Temp\kids\images\_notes\words.gif.mno.LCK <-- Texas Beyond History /Website Stuff/TBH Website Temp/kids/images/_notes words.gif.mno.LCK
2001.09.01 22:14 B D:\TBH Temp\kids\images\_notes\arch.gif.mno --> uts.cc.utexas.edu /usr/pub/www/research/tarl/abouttarl/tbh/kids/images/_notes arch.gif.mno
2001.09.01 22:14 B D:\TBH Temp\kids\images\_notes\arch.gif.mno.LCK --> uts.cc.utexas.edu /usr/pub/www/research/tarl/abouttarl/tbh/kids/images/_notes arch.gif.mno.LCK
2001.09.01 22:14 B D:\TBH Temp\kids\images\_notes\drdirt.gif.mno --> uts.cc.utexas.edu /usr/pub/www/research/tarl/abouttarl/tbh/kids/images/_notes drdirt.gif.mno
2001.09.01 22:14 B D:\TBH Temp\kids\images\_notes\drdirt.gif.mno.LCK --> uts.cc.utexas.edu /usr/pub/www/research/tarl/abouttarl/tbh/kids/images/_notes drdirt.gif.mno.LCK
2001.09.01 22:14 B D:\TBH Temp\kids\images\_notes\facts.gif.mno --> uts.cc.utexas.edu /usr/pub/www/research/tarl/abouttarl/tbh/kids/images/_notes facts.gif.mno
2001.09.01 22:14 B D:\TBH Temp\kids\images\_notes\facts.gif.mno.LCK --> uts.cc.utexas.edu /usr/pub/www/research/tarl/abouttarl/tbh/kids/images/_notes facts.gif.mno.LCK
2001.09.01 22:14 B D:\TBH Temp\kids\images\_notes\fun.gif.mno --> uts.cc.utexas.edu /usr/pub/www/research/tarl/abouttarl/tbh/kids/images/_notes fun.gif.mno
2001.09.01 22:14 B D:\TBH Temp\kids\images\_notes\fun.gif.mno.LCK --> uts.cc.utexas.edu /usr/pub/www/research/tarl/abouttarl/tbh/kids/images/_notes fun.gif.mno.LCK
2001.09.01 22:14 B D:\TBH Temp\kids\images\_notes\links.gif.mno --> uts.cc.utexas.edu /usr/pub/www/research/tarl/abouttarl/tbh/kids/images/_notes links.gif.mno
2001.09.01 22:14 B D:\TBH Temp\kids\images\_notes\links.gif.mno.LCK --> uts.cc.utexas.edu /usr/pub/www/research/tarl/abouttarl/tbh/kids/images/_notes links.gif.mno.LCK
2001.09.01 22:14 B D:\TBH Temp\kids\images\_notes\mystery.gif.mno --> uts.cc.utexas.edu /usr/pub/www/research/tarl/abouttarl/tbh/kids/images/_notes mystery.gif.mno
2001.09.01 22:14 B D:\TBH Temp\kids\images\_notes\mystery.gif.mno.LCK --> uts.cc.utexas.edu /usr/pub/www/research/tarl/abouttarl/tbh/kids/images/_notes mystery.gif.mno.LCK
2001.09.01 22:14 B D:\TBH Temp\kids\images\_notes\words.gif.mno --> uts.cc.utexas.edu /usr/pub/www/research/tarl/abouttarl/tbh/kids/images/_notes words.gif.mno
2001.09.01 22:14 B D:\TBH Temp\kids\images\_notes\words.gif.mno.LCK --> uts.cc.utexas.edu /usr/pub/www/research/tarl/abouttarl/tbh/kids/images/_notes words.gif.mno.LCK
2001.09.04 15:31 B M:\Website Stuff\kids\images\_notes\WS_FTP.LOG <-- TARLweb /usr/pub/www/research/tarl/abouttarl/tbh/kids/images/_notes WS_FTP.LOG
2001.09.04 16:42 B C:\WINDOWS\Desktop\TBH\TBH on TEXsite\kids\images\_notes\WS_FTP.LOG <-- TARL /Website Stuff/kids/images/_notes WS_FTP.LOG
2001.10.02 00:01 B C:\WINDOWS\Desktop\TBH\Recent\kids\images\_notes\arch.gif.mno --> uts.cc.utexas.edu /export/httpd/vhosts/texasbeyondhistory/data/kids/images/_notes arch.gif.mno
2001.10.02 00:01 B C:\WINDOWS\Desktop\TBH\Recent\kids\images\_notes\arch.gif.mno.LCK --> uts.cc.utexas.edu /export/httpd/vhosts/texasbeyondhistory/data/kids/images/_notes arch.gif.mno.LCK
2001.10.02 00:01 B C:\WINDOWS\Desktop\TBH\Recent\kids\images\_notes\drdirt.gif.mno --> uts.cc.utexas.edu /export/httpd/vhosts/texasbeyondhistory/data/kids/images/_notes drdirt.gif.mno
2001.10.02 00:01 B C:\WINDOWS\Desktop\TBH\Recent\kids\images\_notes\facts.gif.mno --> uts.cc.utexas.edu /export/httpd/vhosts/texasbeyondhistory/data/kids/images/_notes facts.gif.mno
2001.10.02 00:01 B C:\WINDOWS\Desktop\TBH\Recent\kids\images\_notes\facts.gif.mno.LCK --> uts.cc.utexas.edu /export/httpd/vhosts/texasbeyondhistory/data/kids/images/_notes facts.gif.mno.LCK
2001.10.02 00:01 B C:\WINDOWS\Desktop\TBH\Recent\kids\images\_notes\fun.gif.mno --> uts.cc.utexas.edu /export/httpd/vhosts/texasbeyondhistory/data/kids/images/_notes fun.gif.mno
2001.10.02 00:01 B C:\WINDOWS\Desktop\TBH\Recent\kids\images\_notes\fun.gif.mno.LCK --> uts.cc.utexas.edu /export/httpd/vhosts/texasbeyondhistory/data/kids/images/_notes fun.gif.mno.LCK
2001.10.02 00:01 B C:\WINDOWS\Desktop\TBH\Recent\kids\images\_notes\links.gif.mno --> uts.cc.utexas.edu /export/httpd/vhosts/texasbeyondhistory/data/kids/images/_notes links.gif.mno
2001.10.02 00:01 B C:\WINDOWS\Desktop\TBH\Recent\kids\images\_notes\links.gif.mno.LCK --> uts.cc.utexas.edu /export/httpd/vhosts/texasbeyondhistory/data/kids/images/_notes links.gif.mno.LCK
2001.10.02 00:01 B C:\WINDOWS\Desktop\TBH\Recent\kids\images\_notes\mystery.gif.mno --> uts.cc.utexas.edu /export/httpd/vhosts/texasbeyondhistory/data/kids/images/_notes mystery.gif.mno
2001.10.02 00:01 B C:\WINDOWS\Desktop\TBH\Recent\kids\images\_notes\mystery.gif.mno.LCK --> uts.cc.utexas.edu /export/httpd/vhosts/texasbeyondhistory/data/kids/images/_notes mystery.gif.mno.LCK
2001.10.02 00:01 B C:\WINDOWS\Desktop\TBH\Recent\kids\images\_notes\words.gif.mno --> uts.cc.utexas.edu /export/httpd/vhosts/texasbeyondhistory/data/kids/images/_notes words.gif.mno
2001.10.02 00:01 B C:\WINDOWS\Desktop\TBH\Recent\kids\images\_notes\words.gif.mno.LCK --> uts.cc.utexas.edu /export/httpd/vhosts/texasbeyondhistory/data/kids/images/_notes words.gif.mno.LCK
2005.06.19 11:25 B L:\TBH Website Temp\kids\images\_notes\WS_FTP.LOG <-- texasbeyondhistory /export/httpd/vhosts/texasbeyondhistory/data/kids/images/_notes WS_FTP.LOG
2005.06.19 11:25 B L:\TBH Website Temp\kids\images\_notes\WS_FTP.LOG.LCK <-- texasbeyondhistory /export/httpd/vhosts/texasbeyondhistory/data/kids/images/_notes WS_FTP.LOG.LCK
2005.08.18 12:13 B L:\TBH Website Temp\kids\images\_notes\WS_FTP.LOG --> uts.cc.utexas.edu /export/httpd/vhosts/texasbeyondhistory/data/kids/images/_notes WS_FTP.LOG
2005.08.18 12:13 B L:\TBH Website Temp\kids\images\_notes\words.gif.mno --> uts.cc.utexas.edu /export/httpd/vhosts/texasbeyondhistory/data/kids/images/_notes words.gif.mno
2005.08.18 12:13 B L:\TBH Website Temp\kids\images\_notes\mystery.gif.mno --> uts.cc.utexas.edu /export/httpd/vhosts/texasbeyondhistory/data/kids/images/_notes mystery.gif.mno
2005.08.18 12:13 B L:\TBH Website Temp\kids\images\_notes\links.gif.mno --> uts.cc.utexas.edu /export/httpd/vhosts/texasbeyondhistory/data/kids/images/_notes links.gif.mno
2005.08.18 12:13 B L:\TBH Website Temp\kids\images\_notes\fun.gif.mno --> uts.cc.utexas.edu /export/httpd/vhosts/texasbeyondhistory/data/kids/images/_notes fun.gif.mno
2005.08.18 12:13 B L:\TBH Website Temp\kids\images\_notes\Foodwheel.gif.mno --> uts.cc.utexas.edu /export/httpd/vhosts/texasbeyondhistory/data/kids/images/_notes Foodwheel.gif.mno
2005.08.18 12:13 B L:\TBH Website Temp\kids\images\_notes\facts.gif.mno --> uts.cc.utexas.edu /export/httpd/vhosts/texasbeyondhistory/data/kids/images/_notes facts.gif.mno
2005.08.18 12:13 B L:\TBH Website Temp\kids\images\_notes\drdirt.gif.mno --> uts.cc.utexas.edu /export/httpd/vhosts/texasbeyondhistory/data/kids/images/_notes drdirt.gif.mno
2005.08.18 12:13 B L:\TBH Website Temp\kids\images\_notes\arch.gif.mno --> uts.cc.utexas.edu /export/httpd/vhosts/texasbeyondhistory/data/kids/images/_notes arch.gif.mno
2005.08.18 12:13 B L:\TBH Website Temp\kids\images\_notes\WS_FTP.LOG.LCK --> uts.cc.utexas.edu /export/httpd/vhosts/texasbeyondhistory/data/kids/images/_notes WS_FTP.LOG.LCK
2005.08.18 12:13 B L:\TBH Website Temp\kids\images\_notes\words.gif.mno.LCK --> uts.cc.utexas.edu /export/httpd/vhosts/texasbeyondhistory/data/kids/images/_notes words.gif.mno.LCK
2005.08.18 12:13 B L:\TBH Website Temp\kids\images\_notes\mystery.gif.mno.LCK --> uts.cc.utexas.edu /export/httpd/vhosts/texasbeyondhistory/data/kids/images/_notes mystery.gif.mno.LCK
2005.08.18 12:13 B L:\TBH Website Temp\kids\images\_notes\links.gif.mno.LCK --> uts.cc.utexas.edu /export/httpd/vhosts/texasbeyondhistory/data/kids/images/_notes links.gif.mno.LCK
2005.08.18 12:13 B L:\TBH Website Temp\kids\images\_notes\fun.gif.mno.LCK --> uts.cc.utexas.edu /export/httpd/vhosts/texasbeyondhistory/data/kids/images/_notes fun.gif.mno.LCK
2005.08.18 12:13 B L:\TBH Website Temp\kids\images\_notes\facts.gif.mno.LCK --> uts.cc.utexas.edu /export/httpd/vhosts/texasbeyondhistory/data/kids/images/_notes facts.gif.mno.LCK
2005.08.18 12:13 B L:\TBH Website Temp\kids\images\_notes\arch.gif.mno.LCK --> uts.cc.utexas.edu /export/httpd/vhosts/texasbeyondhistory/data/kids/images/_notes arch.gif.mno.LCK
2006.09.29 17:13 B L:\TBH Website Temp\kids\images\_notes\WS_FTP.LOG --> uts.cc.utexas.edu /export/httpd/vhosts/texasbeyondhistory/data/kids/images/_notes WS_FTP.LOG
2007.05.02 16:07 B V:\TBH Website Temp\kids\images\_notes\arch.gif.mno --> uts.cc.utexas.edu /export/httpd/vhosts/texasbeyondhistory/data/kids/images/_notes arch.gif.mno
2007.05.02 16:07 B V:\TBH Website Temp\kids\images\_notes\arch.gif.mno.LCK --> uts.cc.utexas.edu /export/httpd/vhosts/texasbeyondhistory/data/kids/images/_notes arch.gif.mno.LCK
2007.05.02 16:07 B V:\TBH Website Temp\kids\images\_notes\drdirt.gif.mno --> uts.cc.utexas.edu /export/httpd/vhosts/texasbeyondhistory/data/kids/images/_notes drdirt.gif.mno
2007.05.02 16:07 B V:\TBH Website Temp\kids\images\_notes\facts.gif.mno --> uts.cc.utexas.edu /export/httpd/vhosts/texasbeyondhistory/data/kids/images/_notes facts.gif.mno
2007.05.02 16:07 B V:\TBH Website Temp\kids\images\_notes\facts.gif.mno.LCK --> uts.cc.utexas.edu /export/httpd/vhosts/texasbeyondhistory/data/kids/images/_notes facts.gif.mno.LCK
2007.05.02 16:07 B V:\TBH Website Temp\kids\images\_notes\Foodwheel.gif.mno --> uts.cc.utexas.edu /export/httpd/vhosts/texasbeyondhistory/data/kids/images/_notes Foodwheel.gif.mno
2007.05.02 16:07 B V:\TBH Website Temp\kids\images\_notes\fun.gif.mno --> uts.cc.utexas.edu /export/httpd/vhosts/texasbeyondhistory/data/kids/images/_notes fun.gif.mno
2007.05.02 16:07 B V:\TBH Website Temp\kids\images\_notes\fun.gif.mno.LCK --> uts.cc.utexas.edu /export/httpd/vhosts/texasbeyondhistory/data/kids/images/_notes fun.gif.mno.LCK
2007.05.02 16:07 B V:\TBH Website Temp\kids\images\_notes\links.gif.mno --> uts.cc.utexas.edu /export/httpd/vhosts/texasbeyondhistory/data/kids/images/_notes links.gif.mno
2007.05.02 16:07 B V:\TBH Website Temp\kids\images\_notes\links.gif.mno.LCK --> uts.cc.utexas.edu /export/httpd/vhosts/texasbeyondhistory/data/kids/images/_notes links.gif.mno.LCK
2007.05.02 16:07 B V:\TBH Website Temp\kids\images\_notes\mystery.gif.mno --> uts.cc.utexas.edu /export/httpd/vhosts/texasbeyondhistory/data/kids/images/_notes mystery.gif.mno
2007.05.02 16:07 B V:\TBH Website Temp\kids\images\_notes\mystery.gif.mno.LCK --> uts.cc.utexas.edu /export/httpd/vhosts/texasbeyondhistory/data/kids/images/_notes mystery.gif.mno.LCK
2007.05.02 16:07 B V:\TBH Website Temp\kids\images\_notes\words.gif.mno --> uts.cc.utexas.edu /export/httpd/vhosts/texasbeyondhistory/data/kids/images/_notes words.gif.mno
2007.05.02 16:07 B V:\TBH Website Temp\kids\images\_notes\words.gif.mno.LCK --> uts.cc.utexas.edu /export/httpd/vhosts/texasbeyondhistory/data/kids/images/_notes words.gif.mno.LCK
