2006.08.07 10:51 B V:\TBH Website Temp\st-plains\kids\talking\index.html --> uts.cc.utexas.edu /export/httpd/vhosts/texasbeyondhistory/data/protect/st-plains/kids/talking index.html
2006.08.07 10:51 B V:\TBH Website Temp\st-plains\kids\talking\TalkingHands.flp --> uts.cc.utexas.edu /export/httpd/vhosts/texasbeyondhistory/data/protect/st-plains/kids/talking TalkingHands.flp
2006.08.07 10:51 B V:\TBH Website Temp\st-plains\kids\talking\talkinghands_illustrated.fla --> uts.cc.utexas.edu /export/httpd/vhosts/texasbeyondhistory/data/protect/st-plains/kids/talking talkinghands_illustrated.fla
2006.08.07 10:51 B V:\TBH Website Temp\st-plains\kids\talking\talkinghands_illustrated.swf --> uts.cc.utexas.edu /export/httpd/vhosts/texasbeyondhistory/data/protect/st-plains/kids/talking talkinghands_illustrated.swf
2006.08.07 10:51 B V:\TBH Website Temp\st-plains\kids\talking\talkinghands_page1.fla --> uts.cc.utexas.edu /export/httpd/vhosts/texasbeyondhistory/data/protect/st-plains/kids/talking talkinghands_page1.fla
2006.08.07 10:51 B V:\TBH Website Temp\st-plains\kids\talking\talkinghands_page1.swf --> uts.cc.utexas.edu /export/httpd/vhosts/texasbeyondhistory/data/protect/st-plains/kids/talking talkinghands_page1.swf
2006.08.07 10:51 B V:\TBH Website Temp\st-plains\kids\talking\talkinghands_page2.fla --> uts.cc.utexas.edu /export/httpd/vhosts/texasbeyondhistory/data/protect/st-plains/kids/talking talkinghands_page2.fla
2006.08.07 10:51 B V:\TBH Website Temp\st-plains\kids\talking\talkinghands_page2.swf --> uts.cc.utexas.edu /export/httpd/vhosts/texasbeyondhistory/data/protect/st-plains/kids/talking talkinghands_page2.swf
2006.08.07 10:51 B V:\TBH Website Temp\st-plains\kids\talking\talkinghands_page3.fla --> uts.cc.utexas.edu /export/httpd/vhosts/texasbeyondhistory/data/protect/st-plains/kids/talking talkinghands_page3.fla
2006.08.07 10:51 B V:\TBH Website Temp\st-plains\kids\talking\talkinghands_page3.swf --> uts.cc.utexas.edu /export/httpd/vhosts/texasbeyondhistory/data/protect/st-plains/kids/talking talkinghands_page3.swf
2006.08.07 10:51 B V:\TBH Website Temp\st-plains\kids\talking\talkinghands_page4.fla --> uts.cc.utexas.edu /export/httpd/vhosts/texasbeyondhistory/data/protect/st-plains/kids/talking talkinghands_page4.fla
2006.08.07 10:51 B V:\TBH Website Temp\st-plains\kids\talking\talkinghands_page4.swf --> uts.cc.utexas.edu /export/httpd/vhosts/texasbeyondhistory/data/protect/st-plains/kids/talking talkinghands_page4.swf
2006.08.07 10:51 B V:\TBH Website Temp\st-plains\kids\talking\talkinghands_page5.fla --> uts.cc.utexas.edu /export/httpd/vhosts/texasbeyondhistory/data/protect/st-plains/kids/talking talkinghands_page5.fla
2006.08.07 10:51 B V:\TBH Website Temp\st-plains\kids\talking\talkinghands_page5.swf --> uts.cc.utexas.edu /export/httpd/vhosts/texasbeyondhistory/data/protect/st-plains/kids/talking talkinghands_page5.swf
2006.08.11 09:55 B V:\TBH Website Temp\st-plains\kids\talking\index.html --> uts.cc.utexas.edu /export/httpd/vhosts/texasbeyondhistory/data/st-plains/kids/talking index.html
2006.08.11 09:55 B V:\TBH Website Temp\st-plains\kids\talking\TalkingHands.flp --> uts.cc.utexas.edu /export/httpd/vhosts/texasbeyondhistory/data/st-plains/kids/talking TalkingHands.flp
2006.08.11 09:55 B V:\TBH Website Temp\st-plains\kids\talking\talkinghands_illustrated.fla --> uts.cc.utexas.edu /export/httpd/vhosts/texasbeyondhistory/data/st-plains/kids/talking talkinghands_illustrated.fla
2006.08.11 09:55 B V:\TBH Website Temp\st-plains\kids\talking\talkinghands_illustrated.swf --> uts.cc.utexas.edu /export/httpd/vhosts/texasbeyondhistory/data/st-plains/kids/talking talkinghands_illustrated.swf
2006.08.11 09:55 B V:\TBH Website Temp\st-plains\kids\talking\talkinghands_page1.fla --> uts.cc.utexas.edu /export/httpd/vhosts/texasbeyondhistory/data/st-plains/kids/talking talkinghands_page1.fla
2006.08.11 09:55 B V:\TBH Website Temp\st-plains\kids\talking\talkinghands_page1.swf --> uts.cc.utexas.edu /export/httpd/vhosts/texasbeyondhistory/data/st-plains/kids/talking talkinghands_page1.swf
2006.08.11 09:55 B V:\TBH Website Temp\st-plains\kids\talking\talkinghands_page2.fla --> uts.cc.utexas.edu /export/httpd/vhosts/texasbeyondhistory/data/st-plains/kids/talking talkinghands_page2.fla
2006.08.11 09:55 B V:\TBH Website Temp\st-plains\kids\talking\talkinghands_page2.swf --> uts.cc.utexas.edu /export/httpd/vhosts/texasbeyondhistory/data/st-plains/kids/talking talkinghands_page2.swf
2006.08.11 09:55 B V:\TBH Website Temp\st-plains\kids\talking\talkinghands_page3.fla --> uts.cc.utexas.edu /export/httpd/vhosts/texasbeyondhistory/data/st-plains/kids/talking talkinghands_page3.fla
2006.08.11 09:55 B V:\TBH Website Temp\st-plains\kids\talking\talkinghands_page3.swf --> uts.cc.utexas.edu /export/httpd/vhosts/texasbeyondhistory/data/st-plains/kids/talking talkinghands_page3.swf
2006.08.11 09:55 B V:\TBH Website Temp\st-plains\kids\talking\talkinghands_page4.fla --> uts.cc.utexas.edu /export/httpd/vhosts/texasbeyondhistory/data/st-plains/kids/talking talkinghands_page4.fla
2006.08.11 09:55 B V:\TBH Website Temp\st-plains\kids\talking\talkinghands_page4.swf --> uts.cc.utexas.edu /export/httpd/vhosts/texasbeyondhistory/data/st-plains/kids/talking talkinghands_page4.swf
2006.08.11 09:55 B V:\TBH Website Temp\st-plains\kids\talking\talkinghands_page5.fla --> uts.cc.utexas.edu /export/httpd/vhosts/texasbeyondhistory/data/st-plains/kids/talking talkinghands_page5.fla
2006.08.11 09:55 B V:\TBH Website Temp\st-plains\kids\talking\talkinghands_page5.swf --> uts.cc.utexas.edu /export/httpd/vhosts/texasbeyondhistory/data/st-plains/kids/talking talkinghands_page5.swf
2006.08.11 09:55 B V:\TBH Website Temp\st-plains\kids\talking\WS_FTP.LOG --> uts.cc.utexas.edu /export/httpd/vhosts/texasbeyondhistory/data/st-plains/kids/talking WS_FTP.LOG
2006.09.17 20:04 B L:\TBH Website Temp\st-plains\kids\talking\WS_FTP.LOG --> uts.cc.utexas.edu /export/httpd/vhosts/texasbeyondhistory/data/st-plains/kids/talking WS_FTP.LOG
2006.09.19 21:01 B L:\TBH Website Temp\st-plains\kids\talking\WS_FTP.LOG --> uts.cc.utexas.edu /export/httpd/vhosts/texasbeyondhistory/data/st-plains/kids/talking WS_FTP.LOG
2006.09.20 15:38 B L:\TBH Website Temp\st-plains\kids\talking\WS_FTP.LOG --> uts.cc.utexas.edu /export/httpd/vhosts/texasbeyondhistory/data/st-plains/kids/talking WS_FTP.LOG
