2003.09.23 13:36 B C:\WINDOWS\Desktop\TBH\content\Indian Sign Language\sign-1.psd <-- TARL /Website Stuff/Transfer to Meg/Indian Sign Language sign-1.psd
2003.09.23 13:36 B C:\WINDOWS\Desktop\TBH\content\Indian Sign Language\sign-2.psd <-- TARL /Website Stuff/Transfer to Meg/Indian Sign Language sign-2.psd
2003.09.23 13:36 B C:\WINDOWS\Desktop\TBH\content\Indian Sign Language\sign-3.psd <-- TARL /Website Stuff/Transfer to Meg/Indian Sign Language sign-3.psd
2003.09.23 13:36 B C:\WINDOWS\Desktop\TBH\content\Indian Sign Language\sign-4.psd <-- TARL /Website Stuff/Transfer to Meg/Indian Sign Language sign-4.psd
2005.06.19 11:28 B L:\TBH Website Temp\kids\images\indainsl\WS_FTP.LOG <-- texasbeyondhistory /export/httpd/vhosts/texasbeyondhistory/data/kids/images/indainsl WS_FTP.LOG
2005.08.18 12:19 B L:\TBH Website Temp\kids\images\indainsl\Thumbs.db --> uts.cc.utexas.edu /export/httpd/vhosts/texasbeyondhistory/data/kids/images/indainsl Thumbs.db
2005.08.18 12:19 B L:\TBH Website Temp\kids\images\indainsl\WS_FTP.LOG --> uts.cc.utexas.edu /export/httpd/vhosts/texasbeyondhistory/data/kids/images/indainsl WS_FTP.LOG
2005.08.18 12:19 B L:\TBH Website Temp\kids\images\indainsl\winter.gif --> uts.cc.utexas.edu /export/httpd/vhosts/texasbeyondhistory/data/kids/images/indainsl winter.gif
2005.08.18 12:19 B L:\TBH Website Temp\kids\images\indainsl\whiteman.gif --> uts.cc.utexas.edu /export/httpd/vhosts/texasbeyondhistory/data/kids/images/indainsl whiteman.gif
2005.08.18 12:19 B L:\TBH Website Temp\kids\images\indainsl\walk.gif --> uts.cc.utexas.edu /export/httpd/vhosts/texasbeyondhistory/data/kids/images/indainsl walk.gif
2005.08.18 12:19 B L:\TBH Website Temp\kids\images\indainsl\up.gif --> uts.cc.utexas.edu /export/httpd/vhosts/texasbeyondhistory/data/kids/images/indainsl up.gif
2005.08.18 12:19 B L:\TBH Website Temp\kids\images\indainsl\tree.gif --> uts.cc.utexas.edu /export/httpd/vhosts/texasbeyondhistory/data/kids/images/indainsl tree.gif
2005.08.18 12:19 B L:\TBH Website Temp\kids\images\indainsl\soldier.gif --> uts.cc.utexas.edu /export/httpd/vhosts/texasbeyondhistory/data/kids/images/indainsl soldier.gif
2005.08.18 12:19 B L:\TBH Website Temp\kids\images\indainsl\sleep.gif --> uts.cc.utexas.edu /export/httpd/vhosts/texasbeyondhistory/data/kids/images/indainsl sleep.gif
2005.08.18 12:19 B L:\TBH Website Temp\kids\images\indainsl\see.gif --> uts.cc.utexas.edu /export/httpd/vhosts/texasbeyondhistory/data/kids/images/indainsl see.gif
2005.08.18 12:19 B L:\TBH Website Temp\kids\images\indainsl\rain.gif --> uts.cc.utexas.edu /export/httpd/vhosts/texasbeyondhistory/data/kids/images/indainsl rain.gif
2005.08.18 12:19 B L:\TBH Website Temp\kids\images\indainsl\horse.gif --> uts.cc.utexas.edu /export/httpd/vhosts/texasbeyondhistory/data/kids/images/indainsl horse.gif
2005.08.18 12:19 B L:\TBH Website Temp\kids\images\indainsl\grass.gif --> uts.cc.utexas.edu /export/httpd/vhosts/texasbeyondhistory/data/kids/images/indainsl grass.gif
2005.08.18 12:19 B L:\TBH Website Temp\kids\images\indainsl\eat.gif --> uts.cc.utexas.edu /export/httpd/vhosts/texasbeyondhistory/data/kids/images/indainsl eat.gif
2005.08.18 12:19 B L:\TBH Website Temp\kids\images\indainsl\drink.gif --> uts.cc.utexas.edu /export/httpd/vhosts/texasbeyondhistory/data/kids/images/indainsl drink.gif
2005.08.18 12:19 B L:\TBH Website Temp\kids\images\indainsl\deer.gif --> uts.cc.utexas.edu /export/httpd/vhosts/texasbeyondhistory/data/kids/images/indainsl deer.gif
2005.08.18 12:19 B L:\TBH Website Temp\kids\images\indainsl\corn.gif --> uts.cc.utexas.edu /export/httpd/vhosts/texasbeyondhistory/data/kids/images/indainsl corn.gif
2005.08.18 12:19 B L:\TBH Website Temp\kids\images\indainsl\cloud.gif --> uts.cc.utexas.edu /export/httpd/vhosts/texasbeyondhistory/data/kids/images/indainsl cloud.gif
2005.08.18 12:19 B L:\TBH Website Temp\kids\images\indainsl\buffalo.gif --> uts.cc.utexas.edu /export/httpd/vhosts/texasbeyondhistory/data/kids/images/indainsl buffalo.gif
2006.09.29 17:12 B L:\TBH Website Temp\kids\images\talking hands\Thumbs.db --> uts.cc.utexas.edu /export/httpd/vhosts/texasbeyondhistory/data/kids/images/talking hands Thumbs.db
2006.09.29 17:12 B L:\TBH Website Temp\kids\images\talking hands\WS_FTP.LOG --> uts.cc.utexas.edu /export/httpd/vhosts/texasbeyondhistory/data/kids/images/talking hands WS_FTP.LOG
2006.09.29 17:12 B L:\TBH Website Temp\kids\images\talking hands\winter.gif --> uts.cc.utexas.edu /export/httpd/vhosts/texasbeyondhistory/data/kids/images/talking hands winter.gif
2006.09.29 17:12 B L:\TBH Website Temp\kids\images\talking hands\whiteman.gif --> uts.cc.utexas.edu /export/httpd/vhosts/texasbeyondhistory/data/kids/images/talking hands whiteman.gif
2006.09.29 17:12 B L:\TBH Website Temp\kids\images\talking hands\walk.gif --> uts.cc.utexas.edu /export/httpd/vhosts/texasbeyondhistory/data/kids/images/talking hands walk.gif
2006.09.29 17:12 B L:\TBH Website Temp\kids\images\talking hands\up.gif --> uts.cc.utexas.edu /export/httpd/vhosts/texasbeyondhistory/data/kids/images/talking hands up.gif
2006.09.29 17:12 B L:\TBH Website Temp\kids\images\talking hands\tree.gif --> uts.cc.utexas.edu /export/httpd/vhosts/texasbeyondhistory/data/kids/images/talking hands tree.gif
2006.09.29 17:12 B L:\TBH Website Temp\kids\images\talking hands\soldier.gif --> uts.cc.utexas.edu /export/httpd/vhosts/texasbeyondhistory/data/kids/images/talking hands soldier.gif
2006.09.29 17:12 B L:\TBH Website Temp\kids\images\talking hands\sleep.gif --> uts.cc.utexas.edu /export/httpd/vhosts/texasbeyondhistory/data/kids/images/talking hands sleep.gif
2006.09.29 17:12 B L:\TBH Website Temp\kids\images\talking hands\see.gif --> uts.cc.utexas.edu /export/httpd/vhosts/texasbeyondhistory/data/kids/images/talking hands see.gif
2006.09.29 17:12 B L:\TBH Website Temp\kids\images\talking hands\rain.gif --> uts.cc.utexas.edu /export/httpd/vhosts/texasbeyondhistory/data/kids/images/talking hands rain.gif
2006.09.29 17:12 B L:\TBH Website Temp\kids\images\talking hands\horse.gif --> uts.cc.utexas.edu /export/httpd/vhosts/texasbeyondhistory/data/kids/images/talking hands horse.gif
2006.09.29 17:12 B L:\TBH Website Temp\kids\images\talking hands\grass.gif --> uts.cc.utexas.edu /export/httpd/vhosts/texasbeyondhistory/data/kids/images/talking hands grass.gif
2006.09.29 17:12 B L:\TBH Website Temp\kids\images\talking hands\eat.gif --> uts.cc.utexas.edu /export/httpd/vhosts/texasbeyondhistory/data/kids/images/talking hands eat.gif
2006.09.29 17:12 B L:\TBH Website Temp\kids\images\talking hands\drink.gif --> uts.cc.utexas.edu /export/httpd/vhosts/texasbeyondhistory/data/kids/images/talking hands drink.gif
2006.09.29 17:12 B L:\TBH Website Temp\kids\images\talking hands\deer.gif --> uts.cc.utexas.edu /export/httpd/vhosts/texasbeyondhistory/data/kids/images/talking hands deer.gif
2006.09.29 17:12 B L:\TBH Website Temp\kids\images\talking hands\corn.gif --> uts.cc.utexas.edu /export/httpd/vhosts/texasbeyondhistory/data/kids/images/talking hands corn.gif
2006.09.29 17:12 B L:\TBH Website Temp\kids\images\talking hands\cloud.gif --> uts.cc.utexas.edu /export/httpd/vhosts/texasbeyondhistory/data/kids/images/talking hands cloud.gif
2006.09.29 17:12 B L:\TBH Website Temp\kids\images\talking hands\buffalo.gif --> uts.cc.utexas.edu /export/httpd/vhosts/texasbeyondhistory/data/kids/images/talking hands buffalo.gif
2006.09.29 17:12 B L:\TBH Website Temp\kids\images\talking hands\fire.gif --> uts.cc.utexas.edu /export/httpd/vhosts/texasbeyondhistory/data/kids/images/talking hands fire.gif
2006.09.29 17:12 B L:\TBH Website Temp\kids\images\talking hands\boat.gif --> uts.cc.utexas.edu /export/httpd/vhosts/texasbeyondhistory/data/kids/images/talking hands boat.gif
2006.09.29 17:12 B L:\TBH Website Temp\kids\images\talking hands\baby.gif --> uts.cc.utexas.edu /export/httpd/vhosts/texasbeyondhistory/data/kids/images/talking hands baby.gif
2007.05.02 16:15 B V:\TBH Website Temp\kids\images\talking hands\baby.gif --> uts.cc.utexas.edu /export/httpd/vhosts/texasbeyondhistory/data/kids/images/talking hands baby.gif
2007.05.02 16:15 B V:\TBH Website Temp\kids\images\talking hands\boat.gif --> uts.cc.utexas.edu /export/httpd/vhosts/texasbeyondhistory/data/kids/images/talking hands boat.gif
2007.05.02 16:15 B V:\TBH Website Temp\kids\images\talking hands\buffalo.gif --> uts.cc.utexas.edu /export/httpd/vhosts/texasbeyondhistory/data/kids/images/talking hands buffalo.gif
2007.05.02 16:15 B V:\TBH Website Temp\kids\images\talking hands\cloud.gif --> uts.cc.utexas.edu /export/httpd/vhosts/texasbeyondhistory/data/kids/images/talking hands cloud.gif
2007.05.02 16:15 B V:\TBH Website Temp\kids\images\talking hands\corn.gif --> uts.cc.utexas.edu /export/httpd/vhosts/texasbeyondhistory/data/kids/images/talking hands corn.gif
2007.05.02 16:15 B V:\TBH Website Temp\kids\images\talking hands\deer.gif --> uts.cc.utexas.edu /export/httpd/vhosts/texasbeyondhistory/data/kids/images/talking hands deer.gif
2007.05.02 16:15 B V:\TBH Website Temp\kids\images\talking hands\drink.gif --> uts.cc.utexas.edu /export/httpd/vhosts/texasbeyondhistory/data/kids/images/talking hands drink.gif
2007.05.02 16:15 B V:\TBH Website Temp\kids\images\talking hands\eat.gif --> uts.cc.utexas.edu /export/httpd/vhosts/texasbeyondhistory/data/kids/images/talking hands eat.gif
2007.05.02 16:15 B V:\TBH Website Temp\kids\images\talking hands\fire.gif --> uts.cc.utexas.edu /export/httpd/vhosts/texasbeyondhistory/data/kids/images/talking hands fire.gif
2007.05.02 16:15 B V:\TBH Website Temp\kids\images\talking hands\grass.gif --> uts.cc.utexas.edu /export/httpd/vhosts/texasbeyondhistory/data/kids/images/talking hands grass.gif
2007.05.02 16:15 B V:\TBH Website Temp\kids\images\talking hands\horse.gif --> uts.cc.utexas.edu /export/httpd/vhosts/texasbeyondhistory/data/kids/images/talking hands horse.gif
2007.05.02 16:15 B V:\TBH Website Temp\kids\images\talking hands\rain.gif --> uts.cc.utexas.edu /export/httpd/vhosts/texasbeyondhistory/data/kids/images/talking hands rain.gif
2007.05.02 16:15 B V:\TBH Website Temp\kids\images\talking hands\see.gif --> uts.cc.utexas.edu /export/httpd/vhosts/texasbeyondhistory/data/kids/images/talking hands see.gif
2007.05.02 16:15 B V:\TBH Website Temp\kids\images\talking hands\sleep.gif --> uts.cc.utexas.edu /export/httpd/vhosts/texasbeyondhistory/data/kids/images/talking hands sleep.gif
2007.05.02 16:15 B V:\TBH Website Temp\kids\images\talking hands\soldier.gif --> uts.cc.utexas.edu /export/httpd/vhosts/texasbeyondhistory/data/kids/images/talking hands soldier.gif
2007.05.02 16:15 B V:\TBH Website Temp\kids\images\talking hands\Thumbs.db --> uts.cc.utexas.edu /export/httpd/vhosts/texasbeyondhistory/data/kids/images/talking hands Thumbs.db
2007.05.02 16:15 B V:\TBH Website Temp\kids\images\talking hands\tree.gif --> uts.cc.utexas.edu /export/httpd/vhosts/texasbeyondhistory/data/kids/images/talking hands tree.gif
2007.05.02 16:15 B V:\TBH Website Temp\kids\images\talking hands\up.gif --> uts.cc.utexas.edu /export/httpd/vhosts/texasbeyondhistory/data/kids/images/talking hands up.gif
2007.05.02 16:15 B V:\TBH Website Temp\kids\images\talking hands\walk.gif --> uts.cc.utexas.edu /export/httpd/vhosts/texasbeyondhistory/data/kids/images/talking hands walk.gif
2007.05.02 16:15 B V:\TBH Website Temp\kids\images\talking hands\whiteman.gif --> uts.cc.utexas.edu /export/httpd/vhosts/texasbeyondhistory/data/kids/images/talking hands whiteman.gif
2007.05.02 16:15 B V:\TBH Website Temp\kids\images\talking hands\winter.gif --> uts.cc.utexas.edu /export/httpd/vhosts/texasbeyondhistory/data/kids/images/talking hands winter.gif
