2007.09.25 07:55 B K:\TBH Website Temp\hueco\hueco-kids\images\artist.png --> uts.cc.utexas.edu /export/httpd/vhosts/texasbeyondhistory/data/protect/hueco-kids/images artist.png
2007.09.25 07:55 B K:\TBH Website Temp\hueco\hueco-kids\images\brush.png --> uts.cc.utexas.edu /export/httpd/vhosts/texasbeyondhistory/data/protect/hueco-kids/images brush.png
2007.09.25 07:55 B K:\TBH Website Temp\hueco\hueco-kids\images\cave-bckgrd.jpg --> uts.cc.utexas.edu /export/httpd/vhosts/texasbeyondhistory/data/protect/hueco-kids/images cave-bckgrd.jpg
2007.09.25 07:55 B K:\TBH Website Temp\hueco\hueco-kids\images\color.gif --> uts.cc.utexas.edu /export/httpd/vhosts/texasbeyondhistory/data/protect/hueco-kids/images color.gif
2007.09.25 07:55 B K:\TBH Website Temp\hueco\hueco-kids\images\color.html --> uts.cc.utexas.edu /export/httpd/vhosts/texasbeyondhistory/data/protect/hueco-kids/images color.html
2007.09.25 07:55 B K:\TBH Website Temp\hueco\hueco-kids\images\credits.gif --> uts.cc.utexas.edu /export/httpd/vhosts/texasbeyondhistory/data/protect/hueco-kids/images credits.gif
2007.09.25 07:55 B K:\TBH Website Temp\hueco\hueco-kids\images\crush.png --> uts.cc.utexas.edu /export/httpd/vhosts/texasbeyondhistory/data/protect/hueco-kids/images crush.png
2007.09.25 07:55 B K:\TBH Website Temp\hueco\hueco-kids\images\design-banner.fla --> uts.cc.utexas.edu /export/httpd/vhosts/texasbeyondhistory/data/protect/hueco-kids/images design-banner.fla
2007.09.25 07:55 B K:\TBH Website Temp\hueco\hueco-kids\images\design-banner.swf --> uts.cc.utexas.edu /export/httpd/vhosts/texasbeyondhistory/data/protect/hueco-kids/images design-banner.swf
2007.09.25 07:55 B K:\TBH Website Temp\hueco\hueco-kids\images\design-brushes.gif --> uts.cc.utexas.edu /export/httpd/vhosts/texasbeyondhistory/data/protect/hueco-kids/images design-brushes.gif
2007.09.25 07:55 B K:\TBH Website Temp\hueco\hueco-kids\images\design-brushes.htm --> uts.cc.utexas.edu /export/httpd/vhosts/texasbeyondhistory/data/protect/hueco-kids/images design-brushes.htm
2007.09.25 07:55 B K:\TBH Website Temp\hueco\hueco-kids\images\design-brushes.jpg --> uts.cc.utexas.edu /export/httpd/vhosts/texasbeyondhistory/data/protect/hueco-kids/images design-brushes.jpg
2007.09.25 07:55 B K:\TBH Website Temp\hueco\hueco-kids\images\design-create.jpg --> uts.cc.utexas.edu /export/httpd/vhosts/texasbeyondhistory/data/protect/hueco-kids/images design-create.jpg
2007.09.25 07:55 B K:\TBH Website Temp\hueco\hueco-kids\images\design-credits.jpg --> uts.cc.utexas.edu /export/httpd/vhosts/texasbeyondhistory/data/protect/hueco-kids/images design-credits.jpg
2007.09.25 07:55 B K:\TBH Website Temp\hueco\hueco-kids\images\design-paint.jpg --> uts.cc.utexas.edu /export/httpd/vhosts/texasbeyondhistory/data/protect/hueco-kids/images design-paint.jpg
2007.09.25 07:55 B K:\TBH Website Temp\hueco\hueco-kids\images\design-pigments.jpg --> uts.cc.utexas.edu /export/httpd/vhosts/texasbeyondhistory/data/protect/hueco-kids/images design-pigments.jpg
2007.09.25 07:55 B K:\TBH Website Temp\hueco\hueco-kids\images\design.gif --> uts.cc.utexas.edu /export/httpd/vhosts/texasbeyondhistory/data/protect/hueco-kids/images design.gif
2007.09.25 07:55 B K:\TBH Website Temp\hueco\hueco-kids\images\design.html --> uts.cc.utexas.edu /export/httpd/vhosts/texasbeyondhistory/data/protect/hueco-kids/images design.html
2007.09.25 07:55 B K:\TBH Website Temp\hueco\hueco-kids\images\design1.html --> uts.cc.utexas.edu /export/httpd/vhosts/texasbeyondhistory/data/protect/hueco-kids/images design1.html
2007.09.25 07:55 B K:\TBH Website Temp\hueco\hueco-kids\images\design2.html --> uts.cc.utexas.edu /export/httpd/vhosts/texasbeyondhistory/data/protect/hueco-kids/images design2.html
2007.09.25 07:55 B K:\TBH Website Temp\hueco\hueco-kids\images\design3.html --> uts.cc.utexas.edu /export/httpd/vhosts/texasbeyondhistory/data/protect/hueco-kids/images design3.html
2007.09.25 07:55 B K:\TBH Website Temp\hueco\hueco-kids\images\design4.html --> uts.cc.utexas.edu /export/httpd/vhosts/texasbeyondhistory/data/protect/hueco-kids/images design4.html
2007.09.25 07:55 B K:\TBH Website Temp\hueco\hueco-kids\images\design5.html --> uts.cc.utexas.edu /export/httpd/vhosts/texasbeyondhistory/data/protect/hueco-kids/images design5.html
2007.09.25 07:55 B K:\TBH Website Temp\hueco\hueco-kids\images\discover.gif --> uts.cc.utexas.edu /export/httpd/vhosts/texasbeyondhistory/data/protect/hueco-kids/images discover.gif
2007.09.25 07:55 B K:\TBH Website Temp\hueco\hueco-kids\images\dr-dirt-artist.jpg --> uts.cc.utexas.edu /export/httpd/vhosts/texasbeyondhistory/data/protect/hueco-kids/images dr-dirt-artist.jpg
2007.09.25 07:55 B K:\TBH Website Temp\hueco\hueco-kids\images\explore.gif --> uts.cc.utexas.edu /export/httpd/vhosts/texasbeyondhistory/data/protect/hueco-kids/images explore.gif
2007.09.25 07:55 B K:\TBH Website Temp\hueco\hueco-kids\images\explore.html --> uts.cc.utexas.edu /export/httpd/vhosts/texasbeyondhistory/data/protect/hueco-kids/images explore.html
2007.09.25 07:55 B K:\TBH Website Temp\hueco\hueco-kids\images\find.gif --> uts.cc.utexas.edu /export/httpd/vhosts/texasbeyondhistory/data/protect/hueco-kids/images find.gif
2007.09.25 07:55 B K:\TBH Website Temp\hueco\hueco-kids\images\find.html --> uts.cc.utexas.edu /export/httpd/vhosts/texasbeyondhistory/data/protect/hueco-kids/images find.html
2007.09.25 07:55 B K:\TBH Website Temp\hueco\hueco-kids\images\fruit.png --> uts.cc.utexas.edu /export/httpd/vhosts/texasbeyondhistory/data/protect/hueco-kids/images fruit.png
2007.09.25 07:55 B K:\TBH Website Temp\hueco\hueco-kids\images\haley.png --> uts.cc.utexas.edu /export/httpd/vhosts/texasbeyondhistory/data/protect/hueco-kids/images haley.png
2007.09.25 07:55 B K:\TBH Website Temp\hueco\hueco-kids\images\handprint1.png --> uts.cc.utexas.edu /export/httpd/vhosts/texasbeyondhistory/data/protect/hueco-kids/images handprint1.png
2007.09.25 07:55 B K:\TBH Website Temp\hueco\hueco-kids\images\hands.png --> uts.cc.utexas.edu /export/httpd/vhosts/texasbeyondhistory/data/protect/hueco-kids/images hands.png
2007.09.25 07:55 B K:\TBH Website Temp\hueco\hueco-kids\images\jacob.png --> uts.cc.utexas.edu /export/httpd/vhosts/texasbeyondhistory/data/protect/hueco-kids/images jacob.png
2007.09.25 07:55 B K:\TBH Website Temp\hueco\hueco-kids\images\mask.gif --> uts.cc.utexas.edu /export/httpd/vhosts/texasbeyondhistory/data/protect/hueco-kids/images mask.gif
2007.09.25 07:55 B K:\TBH Website Temp\hueco\hueco-kids\images\metate.png --> uts.cc.utexas.edu /export/httpd/vhosts/texasbeyondhistory/data/protect/hueco-kids/images metate.png
2007.09.25 07:55 B K:\TBH Website Temp\hueco\hueco-kids\images\neg1.png --> uts.cc.utexas.edu /export/httpd/vhosts/texasbeyondhistory/data/protect/hueco-kids/images neg1.png
2007.09.25 07:55 B K:\TBH Website Temp\hueco\hueco-kids\images\neg2.png --> uts.cc.utexas.edu /export/httpd/vhosts/texasbeyondhistory/data/protect/hueco-kids/images neg2.png
2007.09.25 07:55 B K:\TBH Website Temp\hueco\hueco-kids\images\ocher.png --> uts.cc.utexas.edu /export/httpd/vhosts/texasbeyondhistory/data/protect/hueco-kids/images ocher.png
2007.09.25 07:55 B K:\TBH Website Temp\hueco\hueco-kids\images\owl.gif --> uts.cc.utexas.edu /export/httpd/vhosts/texasbeyondhistory/data/protect/hueco-kids/images owl.gif
2007.09.25 07:55 B K:\TBH Website Temp\hueco\hueco-kids\images\paint.png --> uts.cc.utexas.edu /export/httpd/vhosts/texasbeyondhistory/data/protect/hueco-kids/images paint.png
2007.09.25 07:55 B K:\TBH Website Temp\hueco\hueco-kids\images\print.png --> uts.cc.utexas.edu /export/httpd/vhosts/texasbeyondhistory/data/protect/hueco-kids/images print.png
2007.09.25 07:55 B K:\TBH Website Temp\hueco\hueco-kids\images\ryan.png --> uts.cc.utexas.edu /export/httpd/vhosts/texasbeyondhistory/data/protect/hueco-kids/images ryan.png
2007.09.25 07:55 B K:\TBH Website Temp\hueco\hueco-kids\images\section-brushes.jpg --> uts.cc.utexas.edu /export/httpd/vhosts/texasbeyondhistory/data/protect/hueco-kids/images section-brushes.jpg
2007.09.25 07:55 B K:\TBH Website Temp\hueco\hueco-kids\images\swfobject.js --> uts.cc.utexas.edu /export/httpd/vhosts/texasbeyondhistory/data/protect/hueco-kids/images swfobject.js
2007.09.25 07:55 B K:\TBH Website Temp\hueco\hueco-kids\images\Thumbs.db --> uts.cc.utexas.edu /export/httpd/vhosts/texasbeyondhistory/data/protect/hueco-kids/images Thumbs.db
2007.09.25 07:55 B K:\TBH Website Temp\hueco\hueco-kids\images\title.jpg --> uts.cc.utexas.edu /export/httpd/vhosts/texasbeyondhistory/data/protect/hueco-kids/images title.jpg
2007.09.25 07:55 B K:\TBH Website Temp\hueco\hueco-kids\images\title.png --> uts.cc.utexas.edu /export/httpd/vhosts/texasbeyondhistory/data/protect/hueco-kids/images title.png
2007.09.25 07:55 B K:\TBH Website Temp\hueco\hueco-kids\images\turtle.gif --> uts.cc.utexas.edu /export/httpd/vhosts/texasbeyondhistory/data/protect/hueco-kids/images turtle.gif
2007.09.25 07:55 B K:\TBH Website Temp\hueco\hueco-kids\images\where.gif --> uts.cc.utexas.edu /export/httpd/vhosts/texasbeyondhistory/data/protect/hueco-kids/images where.gif
2007.09.25 07:55 B K:\TBH Website Temp\hueco\hueco-kids\images\who.gif --> uts.cc.utexas.edu /export/httpd/vhosts/texasbeyondhistory/data/protect/hueco-kids/images who.gif
2007.09.25 07:55 B K:\TBH Website Temp\hueco\hueco-kids\images\who.html --> uts.cc.utexas.edu /export/httpd/vhosts/texasbeyondhistory/data/protect/hueco-kids/images who.html
2007.09.25 07:55 B K:\TBH Website Temp\hueco\hueco-kids\images\why.gif --> uts.cc.utexas.edu /export/httpd/vhosts/texasbeyondhistory/data/protect/hueco-kids/images why.gif
2007.09.25 07:55 B K:\TBH Website Temp\hueco\hueco-kids\images\yucca-brush.gif --> uts.cc.utexas.edu /export/httpd/vhosts/texasbeyondhistory/data/protect/hueco-kids/images yucca-brush.gif
2007.09.25 07:55 B K:\TBH Website Temp\hueco\hueco-kids\images\yucca-brush.htm --> uts.cc.utexas.edu /export/httpd/vhosts/texasbeyondhistory/data/protect/hueco-kids/images yucca-brush.htm
2007.09.25 07:55 B K:\TBH Website Temp\hueco\hueco-kids\images\yucca.jpg --> uts.cc.utexas.edu /export/httpd/vhosts/texasbeyondhistory/data/protect/hueco-kids/images yucca.jpg
2007.12.11 15:20 B K:\TBH Website Temp\hueco\hueco-kids\images\artist.png --> uts.cc.utexas.edu /export/httpd/vhosts/texasbeyondhistory/data/protect/hueco/hueco-kids/images artist.png
2007.12.11 15:20 B K:\TBH Website Temp\hueco\hueco-kids\images\brush.png --> uts.cc.utexas.edu /export/httpd/vhosts/texasbeyondhistory/data/protect/hueco/hueco-kids/images brush.png
2007.12.11 15:20 B K:\TBH Website Temp\hueco\hueco-kids\images\cave-bckgrd.jpg --> uts.cc.utexas.edu /export/httpd/vhosts/texasbeyondhistory/data/protect/hueco/hueco-kids/images cave-bckgrd.jpg
2007.12.11 15:20 B K:\TBH Website Temp\hueco\hueco-kids\images\color.gif --> uts.cc.utexas.edu /export/httpd/vhosts/texasbeyondhistory/data/protect/hueco/hueco-kids/images color.gif
2007.12.11 15:20 B K:\TBH Website Temp\hueco\hueco-kids\images\color.html --> uts.cc.utexas.edu /export/httpd/vhosts/texasbeyondhistory/data/protect/hueco/hueco-kids/images color.html
2007.12.11 15:20 B K:\TBH Website Temp\hueco\hueco-kids\images\credits.gif --> uts.cc.utexas.edu /export/httpd/vhosts/texasbeyondhistory/data/protect/hueco/hueco-kids/images credits.gif
2007.12.11 15:20 B K:\TBH Website Temp\hueco\hueco-kids\images\credits.html --> uts.cc.utexas.edu /export/httpd/vhosts/texasbeyondhistory/data/protect/hueco/hueco-kids/images credits.html
2007.12.11 15:20 B K:\TBH Website Temp\hueco\hueco-kids\images\crush.png --> uts.cc.utexas.edu /export/httpd/vhosts/texasbeyondhistory/data/protect/hueco/hueco-kids/images crush.png
2007.12.11 15:20 B K:\TBH Website Temp\hueco\hueco-kids\images\design-banner.fla --> uts.cc.utexas.edu /export/httpd/vhosts/texasbeyondhistory/data/protect/hueco/hueco-kids/images design-banner.fla
2007.12.11 15:20 B K:\TBH Website Temp\hueco\hueco-kids\images\design-banner.swf --> uts.cc.utexas.edu /export/httpd/vhosts/texasbeyondhistory/data/protect/hueco/hueco-kids/images design-banner.swf
2007.12.11 15:20 B K:\TBH Website Temp\hueco\hueco-kids\images\design-brushes.gif --> uts.cc.utexas.edu /export/httpd/vhosts/texasbeyondhistory/data/protect/hueco/hueco-kids/images design-brushes.gif
2007.12.11 15:20 B K:\TBH Website Temp\hueco\hueco-kids\images\design-brushes.htm --> uts.cc.utexas.edu /export/httpd/vhosts/texasbeyondhistory/data/protect/hueco/hueco-kids/images design-brushes.htm
2007.12.11 15:20 B K:\TBH Website Temp\hueco\hueco-kids\images\design-brushes.jpg --> uts.cc.utexas.edu /export/httpd/vhosts/texasbeyondhistory/data/protect/hueco/hueco-kids/images design-brushes.jpg
2007.12.11 15:20 B K:\TBH Website Temp\hueco\hueco-kids\images\design-create.jpg --> uts.cc.utexas.edu /export/httpd/vhosts/texasbeyondhistory/data/protect/hueco/hueco-kids/images design-create.jpg
2007.12.11 15:20 B K:\TBH Website Temp\hueco\hueco-kids\images\design-credits.jpg --> uts.cc.utexas.edu /export/httpd/vhosts/texasbeyondhistory/data/protect/hueco/hueco-kids/images design-credits.jpg
2007.12.11 15:20 B K:\TBH Website Temp\hueco\hueco-kids\images\design-paint.jpg --> uts.cc.utexas.edu /export/httpd/vhosts/texasbeyondhistory/data/protect/hueco/hueco-kids/images design-paint.jpg
2007.12.11 15:20 B K:\TBH Website Temp\hueco\hueco-kids\images\design-pigments.jpg --> uts.cc.utexas.edu /export/httpd/vhosts/texasbeyondhistory/data/protect/hueco/hueco-kids/images design-pigments.jpg
2007.12.11 15:20 B K:\TBH Website Temp\hueco\hueco-kids\images\design.gif --> uts.cc.utexas.edu /export/httpd/vhosts/texasbeyondhistory/data/protect/hueco/hueco-kids/images design.gif
2007.12.11 15:20 B K:\TBH Website Temp\hueco\hueco-kids\images\design.html --> uts.cc.utexas.edu /export/httpd/vhosts/texasbeyondhistory/data/protect/hueco/hueco-kids/images design.html
2007.12.11 15:20 B K:\TBH Website Temp\hueco\hueco-kids\images\design1.html --> uts.cc.utexas.edu /export/httpd/vhosts/texasbeyondhistory/data/protect/hueco/hueco-kids/images design1.html
2007.12.11 15:20 B K:\TBH Website Temp\hueco\hueco-kids\images\design2.html --> uts.cc.utexas.edu /export/httpd/vhosts/texasbeyondhistory/data/protect/hueco/hueco-kids/images design2.html
2007.12.11 15:20 B K:\TBH Website Temp\hueco\hueco-kids\images\design3.html --> uts.cc.utexas.edu /export/httpd/vhosts/texasbeyondhistory/data/protect/hueco/hueco-kids/images design3.html
2007.12.11 15:20 B K:\TBH Website Temp\hueco\hueco-kids\images\design4.html --> uts.cc.utexas.edu /export/httpd/vhosts/texasbeyondhistory/data/protect/hueco/hueco-kids/images design4.html
2007.12.11 15:20 B K:\TBH Website Temp\hueco\hueco-kids\images\design5.html --> uts.cc.utexas.edu /export/httpd/vhosts/texasbeyondhistory/data/protect/hueco/hueco-kids/images design5.html
2007.12.11 15:20 B K:\TBH Website Temp\hueco\hueco-kids\images\discover.gif --> uts.cc.utexas.edu /export/httpd/vhosts/texasbeyondhistory/data/protect/hueco/hueco-kids/images discover.gif
2007.12.11 15:20 B K:\TBH Website Temp\hueco\hueco-kids\images\dr-dirt-artist.jpg --> uts.cc.utexas.edu /export/httpd/vhosts/texasbeyondhistory/data/protect/hueco/hueco-kids/images dr-dirt-artist.jpg
2007.12.11 15:20 B K:\TBH Website Temp\hueco\hueco-kids\images\dr-dirt-hat-tip.jpg --> uts.cc.utexas.edu /export/httpd/vhosts/texasbeyondhistory/data/protect/hueco/hueco-kids/images dr-dirt-hat-tip.jpg
2007.12.11 15:20 B K:\TBH Website Temp\hueco\hueco-kids\images\dr-dirt-learnmore.jpg --> uts.cc.utexas.edu /export/httpd/vhosts/texasbeyondhistory/data/protect/hueco/hueco-kids/images dr-dirt-learnmore.jpg
2007.12.11 15:20 B K:\TBH Website Temp\hueco\hueco-kids\images\explore.gif --> uts.cc.utexas.edu /export/httpd/vhosts/texasbeyondhistory/data/protect/hueco/hueco-kids/images explore.gif
2007.12.11 15:20 B K:\TBH Website Temp\hueco\hueco-kids\images\explore.html --> uts.cc.utexas.edu /export/httpd/vhosts/texasbeyondhistory/data/protect/hueco/hueco-kids/images explore.html
2007.12.11 15:20 B K:\TBH Website Temp\hueco\hueco-kids\images\find.gif --> uts.cc.utexas.edu /export/httpd/vhosts/texasbeyondhistory/data/protect/hueco/hueco-kids/images find.gif
2007.12.11 15:20 B K:\TBH Website Temp\hueco\hueco-kids\images\find.html --> uts.cc.utexas.edu /export/httpd/vhosts/texasbeyondhistory/data/protect/hueco/hueco-kids/images find.html
2007.12.11 15:20 B K:\TBH Website Temp\hueco\hueco-kids\images\fruit.png --> uts.cc.utexas.edu /export/httpd/vhosts/texasbeyondhistory/data/protect/hueco/hueco-kids/images fruit.png
2007.12.11 15:20 B K:\TBH Website Temp\hueco\hueco-kids\images\haley.png --> uts.cc.utexas.edu /export/httpd/vhosts/texasbeyondhistory/data/protect/hueco/hueco-kids/images haley.png
2007.12.11 15:20 B K:\TBH Website Temp\hueco\hueco-kids\images\handprint1.png --> uts.cc.utexas.edu /export/httpd/vhosts/texasbeyondhistory/data/protect/hueco/hueco-kids/images handprint1.png
2007.12.11 15:20 B K:\TBH Website Temp\hueco\hueco-kids\images\hands.png --> uts.cc.utexas.edu /export/httpd/vhosts/texasbeyondhistory/data/protect/hueco/hueco-kids/images hands.png
2007.12.11 15:20 B K:\TBH Website Temp\hueco\hueco-kids\images\jacob.png --> uts.cc.utexas.edu /export/httpd/vhosts/texasbeyondhistory/data/protect/hueco/hueco-kids/images jacob.png
2007.12.11 15:20 B K:\TBH Website Temp\hueco\hueco-kids\images\mask.gif --> uts.cc.utexas.edu /export/httpd/vhosts/texasbeyondhistory/data/protect/hueco/hueco-kids/images mask.gif
2007.12.11 15:20 B K:\TBH Website Temp\hueco\hueco-kids\images\metate.png --> uts.cc.utexas.edu /export/httpd/vhosts/texasbeyondhistory/data/protect/hueco/hueco-kids/images metate.png
2007.12.11 15:20 B K:\TBH Website Temp\hueco\hueco-kids\images\neg1.png --> uts.cc.utexas.edu /export/httpd/vhosts/texasbeyondhistory/data/protect/hueco/hueco-kids/images neg1.png
2007.12.11 15:20 B K:\TBH Website Temp\hueco\hueco-kids\images\neg2.png --> uts.cc.utexas.edu /export/httpd/vhosts/texasbeyondhistory/data/protect/hueco/hueco-kids/images neg2.png
2007.12.11 15:20 B K:\TBH Website Temp\hueco\hueco-kids\images\ocher.png --> uts.cc.utexas.edu /export/httpd/vhosts/texasbeyondhistory/data/protect/hueco/hueco-kids/images ocher.png
2007.12.11 15:20 B K:\TBH Website Temp\hueco\hueco-kids\images\owl.gif --> uts.cc.utexas.edu /export/httpd/vhosts/texasbeyondhistory/data/protect/hueco/hueco-kids/images owl.gif
2007.12.11 15:20 B K:\TBH Website Temp\hueco\hueco-kids\images\paint.png --> uts.cc.utexas.edu /export/httpd/vhosts/texasbeyondhistory/data/protect/hueco/hueco-kids/images paint.png
2007.12.11 15:20 B K:\TBH Website Temp\hueco\hueco-kids\images\print.png --> uts.cc.utexas.edu /export/httpd/vhosts/texasbeyondhistory/data/protect/hueco/hueco-kids/images print.png
2007.12.11 15:20 B K:\TBH Website Temp\hueco\hueco-kids\images\ryan.png --> uts.cc.utexas.edu /export/httpd/vhosts/texasbeyondhistory/data/protect/hueco/hueco-kids/images ryan.png
2007.12.11 15:20 B K:\TBH Website Temp\hueco\hueco-kids\images\section-brushes.jpg --> uts.cc.utexas.edu /export/httpd/vhosts/texasbeyondhistory/data/protect/hueco/hueco-kids/images section-brushes.jpg
2007.12.11 15:20 B K:\TBH Website Temp\hueco\hueco-kids\images\swfobject.js --> uts.cc.utexas.edu /export/httpd/vhosts/texasbeyondhistory/data/protect/hueco/hueco-kids/images swfobject.js
2007.12.11 15:20 B K:\TBH Website Temp\hueco\hueco-kids\images\Thumbs.db --> uts.cc.utexas.edu /export/httpd/vhosts/texasbeyondhistory/data/protect/hueco/hueco-kids/images Thumbs.db
2007.12.11 15:20 B K:\TBH Website Temp\hueco\hueco-kids\images\title.jpg --> uts.cc.utexas.edu /export/httpd/vhosts/texasbeyondhistory/data/protect/hueco/hueco-kids/images title.jpg
2007.12.11 15:20 B K:\TBH Website Temp\hueco\hueco-kids\images\title.png --> uts.cc.utexas.edu /export/httpd/vhosts/texasbeyondhistory/data/protect/hueco/hueco-kids/images title.png
2007.12.11 15:20 B K:\TBH Website Temp\hueco\hueco-kids\images\turtle.gif --> uts.cc.utexas.edu /export/httpd/vhosts/texasbeyondhistory/data/protect/hueco/hueco-kids/images turtle.gif
2007.12.11 15:20 B K:\TBH Website Temp\hueco\hueco-kids\images\where.gif --> uts.cc.utexas.edu /export/httpd/vhosts/texasbeyondhistory/data/protect/hueco/hueco-kids/images where.gif
2007.12.11 15:20 B K:\TBH Website Temp\hueco\hueco-kids\images\who.gif --> uts.cc.utexas.edu /export/httpd/vhosts/texasbeyondhistory/data/protect/hueco/hueco-kids/images who.gif
2007.12.11 15:20 B K:\TBH Website Temp\hueco\hueco-kids\images\who.html --> uts.cc.utexas.edu /export/httpd/vhosts/texasbeyondhistory/data/protect/hueco/hueco-kids/images who.html
2007.12.11 15:20 B K:\TBH Website Temp\hueco\hueco-kids\images\why.gif --> uts.cc.utexas.edu /export/httpd/vhosts/texasbeyondhistory/data/protect/hueco/hueco-kids/images why.gif
2007.12.11 15:20 B K:\TBH Website Temp\hueco\hueco-kids\images\WS_FTP.LOG --> uts.cc.utexas.edu /export/httpd/vhosts/texasbeyondhistory/data/protect/hueco/hueco-kids/images WS_FTP.LOG
2007.12.11 15:20 B K:\TBH Website Temp\hueco\hueco-kids\images\yucca-brush.gif --> uts.cc.utexas.edu /export/httpd/vhosts/texasbeyondhistory/data/protect/hueco/hueco-kids/images yucca-brush.gif
2007.12.11 15:20 B K:\TBH Website Temp\hueco\hueco-kids\images\yucca-brush.htm --> uts.cc.utexas.edu /export/httpd/vhosts/texasbeyondhistory/data/protect/hueco/hueco-kids/images yucca-brush.htm
2007.12.11 15:20 B K:\TBH Website Temp\hueco\hueco-kids\images\yucca.jpg --> uts.cc.utexas.edu /export/httpd/vhosts/texasbeyondhistory/data/protect/hueco/hueco-kids/images yucca.jpg
2007.12.21 18:07 B L:\TBH Website Temp\hueco\hueco-kids\images\artist.png --> uts.cc.utexas.edu /export/httpd/vhosts/texasbeyondhistory/data/protect/hueco/hueco-kids/images artist.png
2007.12.21 18:07 B L:\TBH Website Temp\hueco\hueco-kids\images\brush.png --> uts.cc.utexas.edu /export/httpd/vhosts/texasbeyondhistory/data/protect/hueco/hueco-kids/images brush.png
2007.12.21 18:07 B L:\TBH Website Temp\hueco\hueco-kids\images\cave-bckgrd.jpg --> uts.cc.utexas.edu /export/httpd/vhosts/texasbeyondhistory/data/protect/hueco/hueco-kids/images cave-bckgrd.jpg
2007.12.21 18:07 B L:\TBH Website Temp\hueco\hueco-kids\images\color.gif --> uts.cc.utexas.edu /export/httpd/vhosts/texasbeyondhistory/data/protect/hueco/hueco-kids/images color.gif
2007.12.21 18:07 B L:\TBH Website Temp\hueco\hueco-kids\images\color.html --> uts.cc.utexas.edu /export/httpd/vhosts/texasbeyondhistory/data/protect/hueco/hueco-kids/images color.html
2007.12.21 18:07 B L:\TBH Website Temp\hueco\hueco-kids\images\credits.gif --> uts.cc.utexas.edu /export/httpd/vhosts/texasbeyondhistory/data/protect/hueco/hueco-kids/images credits.gif
2007.12.21 18:07 B L:\TBH Website Temp\hueco\hueco-kids\images\credits.html --> uts.cc.utexas.edu /export/httpd/vhosts/texasbeyondhistory/data/protect/hueco/hueco-kids/images credits.html
2007.12.21 18:07 B L:\TBH Website Temp\hueco\hueco-kids\images\crush.png --> uts.cc.utexas.edu /export/httpd/vhosts/texasbeyondhistory/data/protect/hueco/hueco-kids/images crush.png
2007.12.21 18:07 B L:\TBH Website Temp\hueco\hueco-kids\images\design-banner.fla --> uts.cc.utexas.edu /export/httpd/vhosts/texasbeyondhistory/data/protect/hueco/hueco-kids/images design-banner.fla
2007.12.21 18:07 B L:\TBH Website Temp\hueco\hueco-kids\images\design-banner.swf --> uts.cc.utexas.edu /export/httpd/vhosts/texasbeyondhistory/data/protect/hueco/hueco-kids/images design-banner.swf
2007.12.21 18:07 B L:\TBH Website Temp\hueco\hueco-kids\images\design-brushes.gif --> uts.cc.utexas.edu /export/httpd/vhosts/texasbeyondhistory/data/protect/hueco/hueco-kids/images design-brushes.gif
2007.12.21 18:07 B L:\TBH Website Temp\hueco\hueco-kids\images\design-brushes.htm --> uts.cc.utexas.edu /export/httpd/vhosts/texasbeyondhistory/data/protect/hueco/hueco-kids/images design-brushes.htm
2007.12.21 18:07 B L:\TBH Website Temp\hueco\hueco-kids\images\design-brushes.jpg --> uts.cc.utexas.edu /export/httpd/vhosts/texasbeyondhistory/data/protect/hueco/hueco-kids/images design-brushes.jpg
2007.12.21 18:07 B L:\TBH Website Temp\hueco\hueco-kids\images\design-create.jpg --> uts.cc.utexas.edu /export/httpd/vhosts/texasbeyondhistory/data/protect/hueco/hueco-kids/images design-create.jpg
2007.12.21 18:07 B L:\TBH Website Temp\hueco\hueco-kids\images\design-credits.jpg --> uts.cc.utexas.edu /export/httpd/vhosts/texasbeyondhistory/data/protect/hueco/hueco-kids/images design-credits.jpg
2007.12.21 18:07 B L:\TBH Website Temp\hueco\hueco-kids\images\design-paint.jpg --> uts.cc.utexas.edu /export/httpd/vhosts/texasbeyondhistory/data/protect/hueco/hueco-kids/images design-paint.jpg
2007.12.21 18:07 B L:\TBH Website Temp\hueco\hueco-kids\images\design-pigments.jpg --> uts.cc.utexas.edu /export/httpd/vhosts/texasbeyondhistory/data/protect/hueco/hueco-kids/images design-pigments.jpg
2007.12.21 18:07 B L:\TBH Website Temp\hueco\hueco-kids\images\design.gif --> uts.cc.utexas.edu /export/httpd/vhosts/texasbeyondhistory/data/protect/hueco/hueco-kids/images design.gif
2007.12.21 18:07 B L:\TBH Website Temp\hueco\hueco-kids\images\design.html --> uts.cc.utexas.edu /export/httpd/vhosts/texasbeyondhistory/data/protect/hueco/hueco-kids/images design.html
2007.12.21 18:07 B L:\TBH Website Temp\hueco\hueco-kids\images\design1.html --> uts.cc.utexas.edu /export/httpd/vhosts/texasbeyondhistory/data/protect/hueco/hueco-kids/images design1.html
2007.12.21 18:07 B L:\TBH Website Temp\hueco\hueco-kids\images\design2.html --> uts.cc.utexas.edu /export/httpd/vhosts/texasbeyondhistory/data/protect/hueco/hueco-kids/images design2.html
2007.12.21 18:07 B L:\TBH Website Temp\hueco\hueco-kids\images\design3.html --> uts.cc.utexas.edu /export/httpd/vhosts/texasbeyondhistory/data/protect/hueco/hueco-kids/images design3.html
2007.12.21 18:07 B L:\TBH Website Temp\hueco\hueco-kids\images\design4.html --> uts.cc.utexas.edu /export/httpd/vhosts/texasbeyondhistory/data/protect/hueco/hueco-kids/images design4.html
2007.12.21 18:07 B L:\TBH Website Temp\hueco\hueco-kids\images\design5.html --> uts.cc.utexas.edu /export/httpd/vhosts/texasbeyondhistory/data/protect/hueco/hueco-kids/images design5.html
2007.12.21 18:07 B L:\TBH Website Temp\hueco\hueco-kids\images\discover.gif --> uts.cc.utexas.edu /export/httpd/vhosts/texasbeyondhistory/data/protect/hueco/hueco-kids/images discover.gif
2007.12.21 18:07 B L:\TBH Website Temp\hueco\hueco-kids\images\dr-dirt-artist.jpg --> uts.cc.utexas.edu /export/httpd/vhosts/texasbeyondhistory/data/protect/hueco/hueco-kids/images dr-dirt-artist.jpg
2007.12.21 18:07 B L:\TBH Website Temp\hueco\hueco-kids\images\dr-dirt-hat-tip.jpg --> uts.cc.utexas.edu /export/httpd/vhosts/texasbeyondhistory/data/protect/hueco/hueco-kids/images dr-dirt-hat-tip.jpg
2007.12.21 18:07 B L:\TBH Website Temp\hueco\hueco-kids\images\dr-dirt-learnmore.jpg --> uts.cc.utexas.edu /export/httpd/vhosts/texasbeyondhistory/data/protect/hueco/hueco-kids/images dr-dirt-learnmore.jpg
2007.12.21 18:07 B L:\TBH Website Temp\hueco\hueco-kids\images\explore.gif --> uts.cc.utexas.edu /export/httpd/vhosts/texasbeyondhistory/data/protect/hueco/hueco-kids/images explore.gif
2007.12.21 18:07 B L:\TBH Website Temp\hueco\hueco-kids\images\explore.html --> uts.cc.utexas.edu /export/httpd/vhosts/texasbeyondhistory/data/protect/hueco/hueco-kids/images explore.html
2007.12.21 18:07 B L:\TBH Website Temp\hueco\hueco-kids\images\find.gif --> uts.cc.utexas.edu /export/httpd/vhosts/texasbeyondhistory/data/protect/hueco/hueco-kids/images find.gif
2007.12.21 18:07 B L:\TBH Website Temp\hueco\hueco-kids\images\find.html --> uts.cc.utexas.edu /export/httpd/vhosts/texasbeyondhistory/data/protect/hueco/hueco-kids/images find.html
2007.12.21 18:07 B L:\TBH Website Temp\hueco\hueco-kids\images\fruit.png --> uts.cc.utexas.edu /export/httpd/vhosts/texasbeyondhistory/data/protect/hueco/hueco-kids/images fruit.png
2007.12.21 18:07 B L:\TBH Website Temp\hueco\hueco-kids\images\haley.png --> uts.cc.utexas.edu /export/httpd/vhosts/texasbeyondhistory/data/protect/hueco/hueco-kids/images haley.png
2007.12.21 18:07 B L:\TBH Website Temp\hueco\hueco-kids\images\handprint1.png --> uts.cc.utexas.edu /export/httpd/vhosts/texasbeyondhistory/data/protect/hueco/hueco-kids/images handprint1.png
2007.12.21 18:07 B L:\TBH Website Temp\hueco\hueco-kids\images\hands.png --> uts.cc.utexas.edu /export/httpd/vhosts/texasbeyondhistory/data/protect/hueco/hueco-kids/images hands.png
2007.12.21 18:07 B L:\TBH Website Temp\hueco\hueco-kids\images\jacob.png --> uts.cc.utexas.edu /export/httpd/vhosts/texasbeyondhistory/data/protect/hueco/hueco-kids/images jacob.png
2007.12.21 18:07 B L:\TBH Website Temp\hueco\hueco-kids\images\mask.gif --> uts.cc.utexas.edu /export/httpd/vhosts/texasbeyondhistory/data/protect/hueco/hueco-kids/images mask.gif
2007.12.21 18:07 B L:\TBH Website Temp\hueco\hueco-kids\images\metate.png --> uts.cc.utexas.edu /export/httpd/vhosts/texasbeyondhistory/data/protect/hueco/hueco-kids/images metate.png
2007.12.21 18:07 B L:\TBH Website Temp\hueco\hueco-kids\images\neg1.png --> uts.cc.utexas.edu /export/httpd/vhosts/texasbeyondhistory/data/protect/hueco/hueco-kids/images neg1.png
2007.12.21 18:07 B L:\TBH Website Temp\hueco\hueco-kids\images\neg2.png --> uts.cc.utexas.edu /export/httpd/vhosts/texasbeyondhistory/data/protect/hueco/hueco-kids/images neg2.png
2007.12.21 18:07 B L:\TBH Website Temp\hueco\hueco-kids\images\ocher.png --> uts.cc.utexas.edu /export/httpd/vhosts/texasbeyondhistory/data/protect/hueco/hueco-kids/images ocher.png
2007.12.21 18:07 B L:\TBH Website Temp\hueco\hueco-kids\images\owl.gif --> uts.cc.utexas.edu /export/httpd/vhosts/texasbeyondhistory/data/protect/hueco/hueco-kids/images owl.gif
2007.12.21 18:07 B L:\TBH Website Temp\hueco\hueco-kids\images\paint.png --> uts.cc.utexas.edu /export/httpd/vhosts/texasbeyondhistory/data/protect/hueco/hueco-kids/images paint.png
2007.12.21 18:07 B L:\TBH Website Temp\hueco\hueco-kids\images\print.png --> uts.cc.utexas.edu /export/httpd/vhosts/texasbeyondhistory/data/protect/hueco/hueco-kids/images print.png
2007.12.21 18:07 B L:\TBH Website Temp\hueco\hueco-kids\images\ryan.png --> uts.cc.utexas.edu /export/httpd/vhosts/texasbeyondhistory/data/protect/hueco/hueco-kids/images ryan.png
2007.12.21 18:07 B L:\TBH Website Temp\hueco\hueco-kids\images\section-brushes.jpg --> uts.cc.utexas.edu /export/httpd/vhosts/texasbeyondhistory/data/protect/hueco/hueco-kids/images section-brushes.jpg
2007.12.21 18:07 B L:\TBH Website Temp\hueco\hueco-kids\images\swfobject.js --> uts.cc.utexas.edu /export/httpd/vhosts/texasbeyondhistory/data/protect/hueco/hueco-kids/images swfobject.js
2007.12.21 18:07 B L:\TBH Website Temp\hueco\hueco-kids\images\Thumbs.db --> uts.cc.utexas.edu /export/httpd/vhosts/texasbeyondhistory/data/protect/hueco/hueco-kids/images Thumbs.db
2007.12.21 18:07 B L:\TBH Website Temp\hueco\hueco-kids\images\title.jpg --> uts.cc.utexas.edu /export/httpd/vhosts/texasbeyondhistory/data/protect/hueco/hueco-kids/images title.jpg
2007.12.21 18:07 B L:\TBH Website Temp\hueco\hueco-kids\images\title.png --> uts.cc.utexas.edu /export/httpd/vhosts/texasbeyondhistory/data/protect/hueco/hueco-kids/images title.png
2007.12.21 18:07 B L:\TBH Website Temp\hueco\hueco-kids\images\turtle.gif --> uts.cc.utexas.edu /export/httpd/vhosts/texasbeyondhistory/data/protect/hueco/hueco-kids/images turtle.gif
2007.12.21 18:07 B L:\TBH Website Temp\hueco\hueco-kids\images\where.gif --> uts.cc.utexas.edu /export/httpd/vhosts/texasbeyondhistory/data/protect/hueco/hueco-kids/images where.gif
2007.12.21 18:07 B L:\TBH Website Temp\hueco\hueco-kids\images\who.gif --> uts.cc.utexas.edu /export/httpd/vhosts/texasbeyondhistory/data/protect/hueco/hueco-kids/images who.gif
2007.12.21 18:07 B L:\TBH Website Temp\hueco\hueco-kids\images\who.html --> uts.cc.utexas.edu /export/httpd/vhosts/texasbeyondhistory/data/protect/hueco/hueco-kids/images who.html
2007.12.21 18:07 B L:\TBH Website Temp\hueco\hueco-kids\images\why.gif --> uts.cc.utexas.edu /export/httpd/vhosts/texasbeyondhistory/data/protect/hueco/hueco-kids/images why.gif
2007.12.21 18:07 B L:\TBH Website Temp\hueco\hueco-kids\images\WS_FTP.LOG --> uts.cc.utexas.edu /export/httpd/vhosts/texasbeyondhistory/data/protect/hueco/hueco-kids/images WS_FTP.LOG
2007.12.21 18:07 B L:\TBH Website Temp\hueco\hueco-kids\images\yucca-brush.gif --> uts.cc.utexas.edu /export/httpd/vhosts/texasbeyondhistory/data/protect/hueco/hueco-kids/images yucca-brush.gif
2007.12.21 18:07 B L:\TBH Website Temp\hueco\hueco-kids\images\yucca-brush.htm --> uts.cc.utexas.edu /export/httpd/vhosts/texasbeyondhistory/data/protect/hueco/hueco-kids/images yucca-brush.htm
2007.12.21 18:07 B L:\TBH Website Temp\hueco\hueco-kids\images\yucca.jpg --> uts.cc.utexas.edu /export/httpd/vhosts/texasbeyondhistory/data/protect/hueco/hueco-kids/images yucca.jpg
