2004.03.25 16:39 B K:\TBH Website Temp\waxcamps\candel.html --> uts.cc.utexas.edu /export/httpd/vhosts/texasbeyondhistory/data/waxcamps candel.html
2004.03.25 16:39 B K:\TBH Website Temp\waxcamps\history.html --> uts.cc.utexas.edu /export/httpd/vhosts/texasbeyondhistory/data/waxcamps history.html
2004.03.25 16:39 B K:\TBH Website Temp\waxcamps\index.html --> uts.cc.utexas.edu /export/httpd/vhosts/texasbeyondhistory/data/waxcamps index.html
2004.03.25 16:39 B K:\TBH Website Temp\waxcamps\intro.html --> uts.cc.utexas.edu /export/httpd/vhosts/texasbeyondhistory/data/waxcamps intro.html
2004.03.25 16:39 B K:\TBH Website Temp\waxcamps\techniques.html --> uts.cc.utexas.edu /export/httpd/vhosts/texasbeyondhistory/data/waxcamps techniques.html
2004.03.25 16:39 B K:\TBH Website Temp\waxcamps\today.html --> uts.cc.utexas.edu /export/httpd/vhosts/texasbeyondhistory/data/waxcamps today.html
2004.03.25 17:23 B G:\TBH Website Temp\waxcamps\index.html --> uts.cc.utexas.edu /export/httpd/vhosts/texasbeyondhistory/data/waxcamps index.html
2004.03.30 17:34 B G:\TBH Website Temp\waxcamps\today.html --> uts.cc.utexas.edu /export/httpd/vhosts/texasbeyondhistory/data/waxcamps today.html
2004.04.08 12:08 B K:\TBH Website Temp\waxcamps\candel.html --> uts.cc.utexas.edu /export/httpd/vhosts/texasbeyondhistory/data/waxcamps candel.html
2004.04.08 12:08 B K:\TBH Website Temp\waxcamps\credits.html --> uts.cc.utexas.edu /export/httpd/vhosts/texasbeyondhistory/data/waxcamps credits.html
2004.04.08 12:08 B K:\TBH Website Temp\waxcamps\history.html --> uts.cc.utexas.edu /export/httpd/vhosts/texasbeyondhistory/data/waxcamps history.html
2004.04.08 12:08 B K:\TBH Website Temp\waxcamps\index.html --> uts.cc.utexas.edu /export/httpd/vhosts/texasbeyondhistory/data/waxcamps index.html
2004.04.08 12:08 B K:\TBH Website Temp\waxcamps\intro.html --> uts.cc.utexas.edu /export/httpd/vhosts/texasbeyondhistory/data/waxcamps intro.html
2004.04.08 12:08 B K:\TBH Website Temp\waxcamps\techniques.html --> uts.cc.utexas.edu /export/httpd/vhosts/texasbeyondhistory/data/waxcamps techniques.html
2004.04.08 12:08 B K:\TBH Website Temp\waxcamps\today.html --> uts.cc.utexas.edu /export/httpd/vhosts/texasbeyondhistory/data/waxcamps today.html
2004.04.08 12:08 B K:\TBH Website Temp\waxcamps\tunnell.html --> uts.cc.utexas.edu /export/httpd/vhosts/texasbeyondhistory/data/waxcamps tunnell.html
2004.04.08 13:30 B G:\TBH Website Temp\waxcamps\index.html --> uts.cc.utexas.edu /export/httpd/vhosts/texasbeyondhistory/data/waxcamps index.html
2004.04.19 15:37 B G:\TBH Website Temp\waxcamps\candel.html --> uts.cc.utexas.edu /export/httpd/vhosts/texasbeyondhistory/data/waxcamps candel.html
2004.04.19 15:37 B G:\TBH Website Temp\waxcamps\credits.html --> uts.cc.utexas.edu /export/httpd/vhosts/texasbeyondhistory/data/waxcamps credits.html
2004.04.19 15:37 B G:\TBH Website Temp\waxcamps\history.html --> uts.cc.utexas.edu /export/httpd/vhosts/texasbeyondhistory/data/waxcamps history.html
2004.04.19 15:37 B G:\TBH Website Temp\waxcamps\index.html --> uts.cc.utexas.edu /export/httpd/vhosts/texasbeyondhistory/data/waxcamps index.html
2004.04.19 15:38 B G:\TBH Website Temp\waxcamps\intro.html --> uts.cc.utexas.edu /export/httpd/vhosts/texasbeyondhistory/data/waxcamps intro.html
2004.04.19 15:38 B G:\TBH Website Temp\waxcamps\techniques.html --> uts.cc.utexas.edu /export/httpd/vhosts/texasbeyondhistory/data/waxcamps techniques.html
2004.04.19 15:38 B G:\TBH Website Temp\waxcamps\today.html --> uts.cc.utexas.edu /export/httpd/vhosts/texasbeyondhistory/data/waxcamps today.html
2004.04.19 15:38 B G:\TBH Website Temp\waxcamps\tunnell.html --> uts.cc.utexas.edu /export/httpd/vhosts/texasbeyondhistory/data/waxcamps tunnell.html
2004.04.20 10:09 B G:\TBH Website Temp\waxcamps\credits.html --> uts.cc.utexas.edu /export/httpd/vhosts/texasbeyondhistory/data/waxcamps credits.html
2004.04.20 12:52 B G:\TBH Website Temp\waxcamps\index.html --> uts.cc.utexas.edu /export/httpd/vhosts/texasbeyondhistory/data/waxcamps index.html
2004.04.21 14:40 B G:\TBH Website Temp\waxcamps\credits.html --> uts.cc.utexas.edu /export/httpd/vhosts/texasbeyondhistory/data/waxcamps credits.html
2004.05.10 14:53 B G:\TBH Website Temp\waxcamps\index.html --> uts.cc.utexas.edu /export/httpd/vhosts/texasbeyondhistory/data/waxcamps index.html
2004.09.01 15:32 B G:\TBH Website Temp\waxcamps\tunnell.html --> uts.cc.utexas.edu /export/httpd/vhosts/texasbeyondhistory/data/waxcamps tunnell.html
2005.04.04 13:48 B L:\TBH Website Temp\waxcamps\candel.html --> uts.cc.utexas.edu /export/httpd/vhosts/texasbeyondhistory/data/waxcamps candel.html
2005.04.04 13:48 B L:\TBH Website Temp\waxcamps\credits.html --> uts.cc.utexas.edu /export/httpd/vhosts/texasbeyondhistory/data/waxcamps credits.html
2005.04.04 13:48 B L:\TBH Website Temp\waxcamps\history.html --> uts.cc.utexas.edu /export/httpd/vhosts/texasbeyondhistory/data/waxcamps history.html
2005.04.04 13:48 B L:\TBH Website Temp\waxcamps\index.html --> uts.cc.utexas.edu /export/httpd/vhosts/texasbeyondhistory/data/waxcamps index.html
2005.04.04 13:48 B L:\TBH Website Temp\waxcamps\intro.html --> uts.cc.utexas.edu /export/httpd/vhosts/texasbeyondhistory/data/waxcamps intro.html
2005.04.04 13:48 B L:\TBH Website Temp\waxcamps\techniques.html --> uts.cc.utexas.edu /export/httpd/vhosts/texasbeyondhistory/data/waxcamps techniques.html
2005.04.04 13:48 B L:\TBH Website Temp\waxcamps\today.html --> uts.cc.utexas.edu /export/httpd/vhosts/texasbeyondhistory/data/waxcamps today.html
2005.04.04 13:48 B L:\TBH Website Temp\waxcamps\tunnell.html --> uts.cc.utexas.edu /export/httpd/vhosts/texasbeyondhistory/data/waxcamps tunnell.html
2005.04.18 10:44 B G:\TBH Website Temp\waxcamps\credits.html --> uts.cc.utexas.edu /export/httpd/vhosts/texasbeyondhistory/data/waxcamps credits.html
