2004.07.09 10:19 B G:\TBH Website Temp\aldridge\credits.html --> uts.cc.utexas.edu /export/httpd/vhosts/texasbeyondhistory/data/aldridge credits.html
2004.07.09 10:19 B G:\TBH Website Temp\aldridge\forest.html --> uts.cc.utexas.edu /export/httpd/vhosts/texasbeyondhistory/data/aldridge forest.html
2004.07.09 10:19 B G:\TBH Website Temp\aldridge\index.html --> uts.cc.utexas.edu /export/httpd/vhosts/texasbeyondhistory/data/aldridge index.html
2004.07.09 10:19 B G:\TBH Website Temp\aldridge\kids.html --> uts.cc.utexas.edu /export/httpd/vhosts/texasbeyondhistory/data/aldridge kids.html
2004.07.09 10:19 B G:\TBH Website Temp\aldridge\legacy.html --> uts.cc.utexas.edu /export/httpd/vhosts/texasbeyondhistory/data/aldridge legacy.html
2004.07.09 10:19 B G:\TBH Website Temp\aldridge\logging.html --> uts.cc.utexas.edu /export/httpd/vhosts/texasbeyondhistory/data/aldridge logging.html
2004.07.13 14:33 B G:\TBH Website Temp\aldridge\forest.html --> uts.cc.utexas.edu /export/httpd/vhosts/texasbeyondhistory/data/aldridge forest.html
2004.07.22 14:44 B G:\TBH Website Temp\aldridge\credits.html --> uts.cc.utexas.edu /export/httpd/vhosts/texasbeyondhistory/data/aldridge credits.html
2004.07.27 11:53 B G:\TBH Website Temp\aldridge\credits.html --> uts.cc.utexas.edu /export/httpd/vhosts/texasbeyondhistory/data/aldridge credits.html
2004.08.02 10:09 B G:\TBH Website Temp\aldridge\legacy.html --> uts.cc.utexas.edu /export/httpd/vhosts/texasbeyondhistory/data/aldridge legacy.html
2004.08.02 10:09 B G:\TBH Website Temp\aldridge\logging.html --> uts.cc.utexas.edu /export/httpd/vhosts/texasbeyondhistory/data/aldridge logging.html
2004.08.11 09:39 B G:\TBH Website Temp\aldridge\logging.html --> uts.cc.utexas.edu /export/httpd/vhosts/texasbeyondhistory/data/aldridge logging.html
2004.08.11 11:00 B G:\TBH Website Temp\aldridge\credits.html --> uts.cc.utexas.edu /export/httpd/vhosts/texasbeyondhistory/data/aldridge credits.html
2004.08.12 18:09 B G:\TBH Website Temp\aldridge\credits.html --> uts.cc.utexas.edu /export/httpd/vhosts/texasbeyondhistory/data/aldridge credits.html
2004.08.13 09:48 B G:\TBH Website Temp\aldridge\logging.html --> uts.cc.utexas.edu /export/httpd/vhosts/texasbeyondhistory/data/aldridge logging.html
2004.09.15 15:24 B G:\TBH Website Temp\aldridge\index.html --> uts.cc.utexas.edu /export/httpd/vhosts/texasbeyondhistory/data/aldridge index.html
2004.11.04 11:14 B G:\TBH Website Temp\aldridge\forest.html --> uts.cc.utexas.edu /export/httpd/vhosts/texasbeyondhistory/data/aldridge forest.html
2005.04.04 12:50 B L:\TBH Website Temp\aldridge\credits.html --> uts.cc.utexas.edu /export/httpd/vhosts/texasbeyondhistory/data/aldridge credits.html
2005.04.04 12:50 B L:\TBH Website Temp\aldridge\forest.html --> uts.cc.utexas.edu /export/httpd/vhosts/texasbeyondhistory/data/aldridge forest.html
2005.04.04 12:50 B L:\TBH Website Temp\aldridge\index.html --> uts.cc.utexas.edu /export/httpd/vhosts/texasbeyondhistory/data/aldridge index.html
2005.04.04 12:50 B L:\TBH Website Temp\aldridge\kids.html --> uts.cc.utexas.edu /export/httpd/vhosts/texasbeyondhistory/data/aldridge kids.html
2005.04.04 12:50 B L:\TBH Website Temp\aldridge\legacy.html --> uts.cc.utexas.edu /export/httpd/vhosts/texasbeyondhistory/data/aldridge legacy.html
2005.04.04 12:50 B L:\TBH Website Temp\aldridge\lesson.html --> uts.cc.utexas.edu /export/httpd/vhosts/texasbeyondhistory/data/aldridge lesson.html
2005.04.04 12:50 B L:\TBH Website Temp\aldridge\logging.html --> uts.cc.utexas.edu /export/httpd/vhosts/texasbeyondhistory/data/aldridge logging.html
2005.04.04 12:50 B L:\TBH Website Temp\aldridge\teach.html --> uts.cc.utexas.edu /export/httpd/vhosts/texasbeyondhistory/data/aldridge teach.html
2005.04.18 10:36 B G:\TBH Website Temp\aldridge\credits.html --> uts.cc.utexas.edu /export/httpd/vhosts/texasbeyondhistory/data/aldridge credits.html
