2001.07.25 17:07 B C:\WINDOWS\Desktop\TBH\Recent\source\bonfire.png --> ccwf.cc.utexas.edu /home/ccwf/if/ifqv/meg/public_html/tbh/source bonfire.png
2001.07.25 17:07 B C:\WINDOWS\Desktop\TBH\Recent\source\head.htm --> ccwf.cc.utexas.edu /home/ccwf/if/ifqv/meg/public_html/tbh/source head.htm
2001.07.25 17:07 B C:\WINDOWS\Desktop\TBH\Recent\source\head.png --> ccwf.cc.utexas.edu /home/ccwf/if/ifqv/meg/public_html/tbh/source head.png
2001.07.25 17:07 B C:\WINDOWS\Desktop\TBH\Recent\source\head_r1_c1.gif --> ccwf.cc.utexas.edu /home/ccwf/if/ifqv/meg/public_html/tbh/source head_r1_c1.gif
2001.07.25 17:07 B C:\WINDOWS\Desktop\TBH\Recent\source\head_r2_c1.gif --> ccwf.cc.utexas.edu /home/ccwf/if/ifqv/meg/public_html/tbh/source head_r2_c1.gif
2001.07.25 17:07 B C:\WINDOWS\Desktop\TBH\Recent\source\head_r2_c4.gif --> ccwf.cc.utexas.edu /home/ccwf/if/ifqv/meg/public_html/tbh/source head_r2_c4.gif
2001.07.25 17:07 B C:\WINDOWS\Desktop\TBH\Recent\source\head_r2_c4_f2.gif --> ccwf.cc.utexas.edu /home/ccwf/if/ifqv/meg/public_html/tbh/source head_r2_c4_f2.gif
2001.07.25 17:07 B C:\WINDOWS\Desktop\TBH\Recent\source\head_r2_c5.gif --> ccwf.cc.utexas.edu /home/ccwf/if/ifqv/meg/public_html/tbh/source head_r2_c5.gif
2001.07.25 17:07 B C:\WINDOWS\Desktop\TBH\Recent\source\head_r3_c1.gif --> ccwf.cc.utexas.edu /home/ccwf/if/ifqv/meg/public_html/tbh/source head_r3_c1.gif
2001.07.25 17:07 B C:\WINDOWS\Desktop\TBH\Recent\source\head_r3_c2.gif --> ccwf.cc.utexas.edu /home/ccwf/if/ifqv/meg/public_html/tbh/source head_r3_c2.gif
2001.07.25 17:07 B C:\WINDOWS\Desktop\TBH\Recent\source\head_r3_c2_f2.gif --> ccwf.cc.utexas.edu /home/ccwf/if/ifqv/meg/public_html/tbh/source head_r3_c2_f2.gif
2001.07.25 17:07 B C:\WINDOWS\Desktop\TBH\Recent\source\head_r3_c3.gif --> ccwf.cc.utexas.edu /home/ccwf/if/ifqv/meg/public_html/tbh/source head_r3_c3.gif
2001.07.25 17:07 B C:\WINDOWS\Desktop\TBH\Recent\source\head_r4_c2.gif --> ccwf.cc.utexas.edu /home/ccwf/if/ifqv/meg/public_html/tbh/source head_r4_c2.gif
2001.07.25 17:07 B C:\WINDOWS\Desktop\TBH\Recent\source\head_r4_c4.gif --> ccwf.cc.utexas.edu /home/ccwf/if/ifqv/meg/public_html/tbh/source head_r4_c4.gif
2001.07.25 17:07 B C:\WINDOWS\Desktop\TBH\Recent\source\head_r5_c4.gif --> ccwf.cc.utexas.edu /home/ccwf/if/ifqv/meg/public_html/tbh/source head_r5_c4.gif
2001.07.25 17:07 B C:\WINDOWS\Desktop\TBH\Recent\source\spacer.gif --> ccwf.cc.utexas.edu /home/ccwf/if/ifqv/meg/public_html/tbh/source spacer.gif
2001.07.31 14:10 B C:\WINDOWS\desktop\TBH\Recent\source\bonfire.png --> tarlserver.tarl.utexas.edu /Website Stuff/TBH Website Temp/source bonfire.png
2001.07.31 14:10 B C:\WINDOWS\desktop\TBH\Recent\source\head.htm --> tarlserver.tarl.utexas.edu /Website Stuff/TBH Website Temp/source head.htm
2001.07.31 14:10 B C:\WINDOWS\desktop\TBH\Recent\source\head.png --> tarlserver.tarl.utexas.edu /Website Stuff/TBH Website Temp/source head.png
2001.07.31 14:10 B C:\WINDOWS\desktop\TBH\Recent\source\head_r1_c1.gif --> tarlserver.tarl.utexas.edu /Website Stuff/TBH Website Temp/source head_r1_c1.gif
2001.07.31 14:10 B C:\WINDOWS\desktop\TBH\Recent\source\head_r2_c1.gif --> tarlserver.tarl.utexas.edu /Website Stuff/TBH Website Temp/source head_r2_c1.gif
2001.07.31 14:10 B C:\WINDOWS\desktop\TBH\Recent\source\head_r2_c4.gif --> tarlserver.tarl.utexas.edu /Website Stuff/TBH Website Temp/source head_r2_c4.gif
2001.07.31 14:10 B C:\WINDOWS\desktop\TBH\Recent\source\head_r2_c4_f2.gif --> tarlserver.tarl.utexas.edu /Website Stuff/TBH Website Temp/source head_r2_c4_f2.gif
2001.07.31 14:10 B C:\WINDOWS\desktop\TBH\Recent\source\head_r2_c5.gif --> tarlserver.tarl.utexas.edu /Website Stuff/TBH Website Temp/source head_r2_c5.gif
2001.07.31 14:10 B C:\WINDOWS\desktop\TBH\Recent\source\head_r3_c1.gif --> tarlserver.tarl.utexas.edu /Website Stuff/TBH Website Temp/source head_r3_c1.gif
2001.07.31 14:10 B C:\WINDOWS\desktop\TBH\Recent\source\head_r3_c2.gif --> tarlserver.tarl.utexas.edu /Website Stuff/TBH Website Temp/source head_r3_c2.gif
2001.07.31 14:10 B C:\WINDOWS\desktop\TBH\Recent\source\head_r3_c2_f2.gif --> tarlserver.tarl.utexas.edu /Website Stuff/TBH Website Temp/source head_r3_c2_f2.gif
2001.07.31 14:10 B C:\WINDOWS\desktop\TBH\Recent\source\head_r3_c3.gif --> tarlserver.tarl.utexas.edu /Website Stuff/TBH Website Temp/source head_r3_c3.gif
2001.07.31 14:10 B C:\WINDOWS\desktop\TBH\Recent\source\head_r4_c2.gif --> tarlserver.tarl.utexas.edu /Website Stuff/TBH Website Temp/source head_r4_c2.gif
2001.07.31 14:10 B C:\WINDOWS\desktop\TBH\Recent\source\head_r4_c4.gif --> tarlserver.tarl.utexas.edu /Website Stuff/TBH Website Temp/source head_r4_c4.gif
2001.07.31 14:10 B C:\WINDOWS\desktop\TBH\Recent\source\head_r5_c4.gif --> tarlserver.tarl.utexas.edu /Website Stuff/TBH Website Temp/source head_r5_c4.gif
2001.07.31 14:10 B C:\WINDOWS\desktop\TBH\Recent\source\menuback.gif --> tarlserver.tarl.utexas.edu /Website Stuff/TBH Website Temp/source menuback.gif
2001.07.31 14:10 B C:\WINDOWS\desktop\TBH\Recent\source\menubullet.png --> tarlserver.tarl.utexas.edu /Website Stuff/TBH Website Temp/source menubullet.png
2001.07.31 14:10 B C:\WINDOWS\desktop\TBH\Recent\source\spacer.gif --> tarlserver.tarl.utexas.edu /Website Stuff/TBH Website Temp/source spacer.gif
2001.07.31 14:10 B C:\WINDOWS\desktop\TBH\Recent\source\topmenuback.gif --> tarlserver.tarl.utexas.edu /Website Stuff/TBH Website Temp/source topmenuback.gif
2001.07.31 14:10 B C:\WINDOWS\desktop\TBH\Recent\source\tx.gif --> tarlserver.tarl.utexas.edu /Website Stuff/TBH Website Temp/source tx.gif
2001.07.31 14:10 B C:\WINDOWS\desktop\TBH\Recent\source\WS_FTP.LOG --> tarlserver.tarl.utexas.edu /Website Stuff/TBH Website Temp/source WS_FTP.LOG
2001.07.31 16:53 B C:\WINDOWS\desktop\TBH\Recent\source\BonfireMap.png --> tarlserver.tarl.utexas.edu /Website Stuff/TBH Website Temp/source BonfireMap.png
2001.10.02 02:33 B C:\WINDOWS\Desktop\TBH\Recent\source\arch.png --> uts.cc.utexas.edu /export/httpd/vhosts/texasbeyondhistory/data/source arch.png
2001.10.02 02:33 B C:\WINDOWS\Desktop\TBH\Recent\source\bonfire.png --> uts.cc.utexas.edu /export/httpd/vhosts/texasbeyondhistory/data/source bonfire.png
2001.10.02 02:33 B C:\WINDOWS\Desktop\TBH\Recent\source\BonfireArch.png --> uts.cc.utexas.edu /export/httpd/vhosts/texasbeyondhistory/data/source BonfireArch.png
2001.10.02 02:34 B C:\WINDOWS\Desktop\TBH\Recent\source\BonfireMap.png --> uts.cc.utexas.edu /export/httpd/vhosts/texasbeyondhistory/data/source BonfireMap.png
2001.10.02 02:36 B C:\WINDOWS\Desktop\TBH\Recent\source\BonfirePhotos1.png --> uts.cc.utexas.edu /export/httpd/vhosts/texasbeyondhistory/data/source BonfirePhotos1.png
2001.10.02 02:37 B C:\WINDOWS\Desktop\TBH\Recent\source\BonfirePhotos2.png --> uts.cc.utexas.edu /export/httpd/vhosts/texasbeyondhistory/data/source BonfirePhotos2.png
2001.10.02 02:37 B C:\WINDOWS\Desktop\TBH\Recent\source\buffalo.png --> uts.cc.utexas.edu /export/httpd/vhosts/texasbeyondhistory/data/source buffalo.png
2001.10.02 02:37 B C:\WINDOWS\Desktop\TBH\Recent\source\drdirt.gif --> uts.cc.utexas.edu /export/httpd/vhosts/texasbeyondhistory/data/source drdirt.gif
2001.10.02 02:37 B C:\WINDOWS\Desktop\TBH\Recent\source\drdirt.png --> uts.cc.utexas.edu /export/httpd/vhosts/texasbeyondhistory/data/source drdirt.png
2001.10.02 02:37 B C:\WINDOWS\Desktop\TBH\Recent\source\facts.png --> uts.cc.utexas.edu /export/httpd/vhosts/texasbeyondhistory/data/source facts.png
2001.10.02 02:37 B C:\WINDOWS\Desktop\TBH\Recent\source\fun.png --> uts.cc.utexas.edu /export/httpd/vhosts/texasbeyondhistory/data/source fun.png
2001.10.02 02:37 B C:\WINDOWS\Desktop\TBH\Recent\source\head.htm --> uts.cc.utexas.edu /export/httpd/vhosts/texasbeyondhistory/data/source head.htm
2001.10.02 02:38 B C:\WINDOWS\Desktop\TBH\Recent\source\head.png --> uts.cc.utexas.edu /export/httpd/vhosts/texasbeyondhistory/data/source head.png
2001.10.02 02:38 B C:\WINDOWS\Desktop\TBH\Recent\source\head_r1_c1.gif --> uts.cc.utexas.edu /export/httpd/vhosts/texasbeyondhistory/data/source head_r1_c1.gif
2001.10.02 02:38 B C:\WINDOWS\Desktop\TBH\Recent\source\head_r2_c1.gif --> uts.cc.utexas.edu /export/httpd/vhosts/texasbeyondhistory/data/source head_r2_c1.gif
2001.10.02 02:38 B C:\WINDOWS\Desktop\TBH\Recent\source\head_r2_c4.gif --> uts.cc.utexas.edu /export/httpd/vhosts/texasbeyondhistory/data/source head_r2_c4.gif
2001.10.02 02:38 B C:\WINDOWS\Desktop\TBH\Recent\source\head_r2_c5.gif --> uts.cc.utexas.edu /export/httpd/vhosts/texasbeyondhistory/data/source head_r2_c5.gif
2001.10.02 02:38 B C:\WINDOWS\Desktop\TBH\Recent\source\head_r3_c1.gif --> uts.cc.utexas.edu /export/httpd/vhosts/texasbeyondhistory/data/source head_r3_c1.gif
2001.10.02 02:38 B C:\WINDOWS\Desktop\TBH\Recent\source\head_r3_c2.gif --> uts.cc.utexas.edu /export/httpd/vhosts/texasbeyondhistory/data/source head_r3_c2.gif
2001.10.02 02:38 B C:\WINDOWS\Desktop\TBH\Recent\source\head_r3_c3.gif --> uts.cc.utexas.edu /export/httpd/vhosts/texasbeyondhistory/data/source head_r3_c3.gif
2001.10.02 02:38 B C:\WINDOWS\Desktop\TBH\Recent\source\head_r4_c2.gif --> uts.cc.utexas.edu /export/httpd/vhosts/texasbeyondhistory/data/source head_r4_c2.gif
2001.10.02 02:38 B C:\WINDOWS\Desktop\TBH\Recent\source\head_r4_c4.gif --> uts.cc.utexas.edu /export/httpd/vhosts/texasbeyondhistory/data/source head_r4_c4.gif
2001.10.02 02:38 B C:\WINDOWS\Desktop\TBH\Recent\source\head_r5_c4.gif --> uts.cc.utexas.edu /export/httpd/vhosts/texasbeyondhistory/data/source head_r5_c4.gif
2001.10.02 02:38 B C:\WINDOWS\Desktop\TBH\Recent\source\hint.png --> uts.cc.utexas.edu /export/httpd/vhosts/texasbeyondhistory/data/source hint.png
2001.10.02 02:38 B C:\WINDOWS\Desktop\TBH\Recent\source\Kids in Cave-Charles Shaw.jpg --> uts.cc.utexas.edu /export/httpd/vhosts/texasbeyondhistory/data/source Kids in Cave-Charles Shaw.jpg
2001.10.02 02:38 B C:\WINDOWS\Desktop\TBH\Recent\source\Kids in Cave-Charles Shaw_r1_c1.gif --> uts.cc.utexas.edu /export/httpd/vhosts/texasbeyondhistory/data/source Kids in Cave-Charles Shaw_r1_c1.gif
2001.10.02 02:38 B C:\WINDOWS\Desktop\TBH\Recent\source\Kids in Cave-Charles Shaw_r1_c4.gif --> uts.cc.utexas.edu /export/httpd/vhosts/texasbeyondhistory/data/source Kids in Cave-Charles Shaw_r1_c4.gif
2001.10.02 02:38 B C:\WINDOWS\Desktop\TBH\Recent\source\Kids in Cave-Charles Shaw_r1_c5.gif --> uts.cc.utexas.edu /export/httpd/vhosts/texasbeyondhistory/data/source Kids in Cave-Charles Shaw_r1_c5.gif
2001.10.02 02:38 B C:\WINDOWS\Desktop\TBH\Recent\source\Kids in Cave-Charles Shaw_r2_c4.gif --> uts.cc.utexas.edu /export/httpd/vhosts/texasbeyondhistory/data/source Kids in Cave-Charles Shaw_r2_c4.gif
2001.10.02 02:38 B C:\WINDOWS\Desktop\TBH\Recent\source\Kids in Cave-Charles Shaw_r3_c1.gif --> uts.cc.utexas.edu /export/httpd/vhosts/texasbeyondhistory/data/source Kids in Cave-Charles Shaw_r3_c1.gif
2001.10.02 02:38 B C:\WINDOWS\Desktop\TBH\Recent\source\Kids in Cave-Charles Shaw_r3_c2.gif --> uts.cc.utexas.edu /export/httpd/vhosts/texasbeyondhistory/data/source Kids in Cave-Charles Shaw_r3_c2.gif
2001.10.02 02:38 B C:\WINDOWS\Desktop\TBH\Recent\source\Kids in Cave-Charles Shaw_r3_c3.gif --> uts.cc.utexas.edu /export/httpd/vhosts/texasbeyondhistory/data/source Kids in Cave-Charles Shaw_r3_c3.gif
2001.10.02 02:38 B C:\WINDOWS\Desktop\TBH\Recent\source\Kids in Cave-Charles Shaw_r4_c2.gif --> uts.cc.utexas.edu /export/httpd/vhosts/texasbeyondhistory/data/source Kids in Cave-Charles Shaw_r4_c2.gif
2001.10.02 02:42 B C:\WINDOWS\Desktop\TBH\Recent\source\kids.png --> uts.cc.utexas.edu /export/httpd/vhosts/texasbeyondhistory/data/source kids.png
2001.10.02 02:42 B C:\WINDOWS\Desktop\TBH\Recent\source\kidshead.png --> uts.cc.utexas.edu /export/httpd/vhosts/texasbeyondhistory/data/source kidshead.png
2001.10.02 02:42 B C:\WINDOWS\Desktop\TBH\Recent\source\links.png --> uts.cc.utexas.edu /export/httpd/vhosts/texasbeyondhistory/data/source links.png
2001.10.02 02:43 B C:\WINDOWS\Desktop\TBH\Recent\source\Main.png --> uts.cc.utexas.edu /export/httpd/vhosts/texasbeyondhistory/data/source Main.png
2001.10.02 02:44 B C:\WINDOWS\Desktop\TBH\Recent\source\Map.png --> uts.cc.utexas.edu /export/httpd/vhosts/texasbeyondhistory/data/source Map.png
2001.10.02 02:44 B C:\WINDOWS\Desktop\TBH\Recent\source\menuback.gif --> uts.cc.utexas.edu /export/httpd/vhosts/texasbeyondhistory/data/source menuback.gif
2001.10.02 02:44 B C:\WINDOWS\Desktop\TBH\Recent\source\mystery.png --> uts.cc.utexas.edu /export/httpd/vhosts/texasbeyondhistory/data/source mystery.png
2001.10.02 02:45 B C:\WINDOWS\Desktop\TBH\Recent\source\SMain.png --> uts.cc.utexas.edu /export/httpd/vhosts/texasbeyondhistory/data/source SMain.png
2001.10.02 02:45 B C:\WINDOWS\Desktop\TBH\Recent\source\SMain2.png --> uts.cc.utexas.edu /export/httpd/vhosts/texasbeyondhistory/data/source SMain2.png
2001.10.02 02:45 B C:\WINDOWS\Desktop\TBH\Recent\source\spacer.gif --> uts.cc.utexas.edu /export/httpd/vhosts/texasbeyondhistory/data/source spacer.gif
2001.10.02 02:46 B C:\WINDOWS\Desktop\TBH\Recent\source\teachpie.png --> uts.cc.utexas.edu /export/httpd/vhosts/texasbeyondhistory/data/source teachpie.png
2001.10.02 02:46 B C:\WINDOWS\Desktop\TBH\Recent\source\teachpie.png.LCK --> uts.cc.utexas.edu /export/httpd/vhosts/texasbeyondhistory/data/source teachpie.png.LCK
2001.10.02 02:47 B C:\WINDOWS\Desktop\TBH\Recent\source\toolshead.png --> uts.cc.utexas.edu /export/httpd/vhosts/texasbeyondhistory/data/source toolshead.png
2001.10.02 02:47 B C:\WINDOWS\Desktop\TBH\Recent\source\topmenuback.gif --> uts.cc.utexas.edu /export/httpd/vhosts/texasbeyondhistory/data/source topmenuback.gif
2001.10.02 02:47 B C:\WINDOWS\Desktop\TBH\Recent\source\words.png --> uts.cc.utexas.edu /export/httpd/vhosts/texasbeyondhistory/data/source words.png
2001.10.11 15:14 B M:\Website Stuff\TBH Website Temp\source\WS_FTP.LOG <-- texasbeyondhistory /export/httpd/vhosts/texasbeyondhistory/data/source WS_FTP.LOG
2005.04.04 13:38 B L:\TBH Website Temp\source\aldr.png --> uts.cc.utexas.edu /export/httpd/vhosts/texasbeyondhistory/data/source aldr.png
2005.04.04 13:38 B L:\TBH Website Temp\source\alib.png --> uts.cc.utexas.edu /export/httpd/vhosts/texasbeyondhistory/data/source alib.png
2005.04.04 13:38 B L:\TBH Website Temp\source\arch.png --> uts.cc.utexas.edu /export/httpd/vhosts/texasbeyondhistory/data/source arch.png
2005.04.04 13:38 B L:\TBH Website Temp\source\bell.png --> uts.cc.utexas.edu /export/httpd/vhosts/texasbeyondhistory/data/source bell.png
2005.04.04 13:38 B L:\TBH Website Temp\source\bonf.png --> uts.cc.utexas.edu /export/httpd/vhosts/texasbeyondhistory/data/source bonf.png
2005.04.04 13:38 B L:\TBH Website Temp\source\bonfire.png --> uts.cc.utexas.edu /export/httpd/vhosts/texasbeyondhistory/data/source bonfire.png
2005.04.04 13:38 B L:\TBH Website Temp\source\BonfireArch.png --> uts.cc.utexas.edu /export/httpd/vhosts/texasbeyondhistory/data/source BonfireArch.png
2005.04.04 13:38 B L:\TBH Website Temp\source\BonfireMap.png --> uts.cc.utexas.edu /export/httpd/vhosts/texasbeyondhistory/data/source BonfireMap.png
2005.04.04 13:38 B L:\TBH Website Temp\source\BonfirePhotos1.png --> uts.cc.utexas.edu /export/httpd/vhosts/texasbeyondhistory/data/source BonfirePhotos1.png
2005.04.04 13:38 B L:\TBH Website Temp\source\BonfirePhotos2.png --> uts.cc.utexas.edu /export/httpd/vhosts/texasbeyondhistory/data/source BonfirePhotos2.png
2005.04.04 13:38 B L:\TBH Website Temp\source\brow.png --> uts.cc.utexas.edu /export/httpd/vhosts/texasbeyondhistory/data/source brow.png
2005.04.04 13:38 B L:\TBH Website Temp\source\buffalo.png --> uts.cc.utexas.edu /export/httpd/vhosts/texasbeyondhistory/data/source buffalo.png
2005.04.04 13:38 B L:\TBH Website Temp\source\buri.png --> uts.cc.utexas.edu /export/httpd/vhosts/texasbeyondhistory/data/source buri.png
2005.04.04 13:38 B L:\TBH Website Temp\source\cabo.png --> uts.cc.utexas.edu /export/httpd/vhosts/texasbeyondhistory/data/source cabo.png
2005.04.04 13:38 B L:\TBH Website Temp\source\caddo.png --> uts.cc.utexas.edu /export/httpd/vhosts/texasbeyondhistory/data/source caddo.png
2005.04.04 13:38 B L:\TBH Website Temp\source\caddo2.png --> uts.cc.utexas.edu /export/httpd/vhosts/texasbeyondhistory/data/source caddo2.png
2005.04.04 13:38 B L:\TBH Website Temp\source\camf.png --> uts.cc.utexas.edu /export/httpd/vhosts/texasbeyondhistory/data/source camf.png
2005.04.04 13:38 B L:\TBH Website Temp\source\cere.png --> uts.cc.utexas.edu /export/httpd/vhosts/texasbeyondhistory/data/source cere.png
2005.04.04 13:38 B L:\TBH Website Temp\source\clarkmain.png --> uts.cc.utexas.edu /export/httpd/vhosts/texasbeyondhistory/data/source clarkmain.png
2005.04.04 13:38 B L:\TBH Website Temp\source\dieiscasthead.png --> uts.cc.utexas.edu /export/httpd/vhosts/texasbeyondhistory/data/source dieiscasthead.png
2005.04.04 13:38 B L:\TBH Website Temp\source\drdirt.gif --> uts.cc.utexas.edu /export/httpd/vhosts/texasbeyondhistory/data/source drdirt.gif
2005.04.04 13:38 B L:\TBH Website Temp\source\drdirt.png --> uts.cc.utexas.edu /export/httpd/vhosts/texasbeyondhistory/data/source drdirt.png
2005.04.04 13:38 B L:\TBH Website Temp\source\edmain.png --> uts.cc.utexas.edu /export/httpd/vhosts/texasbeyondhistory/data/source edmain.png
2005.04.04 13:38 B L:\TBH Website Temp\source\facts.png --> uts.cc.utexas.edu /export/httpd/vhosts/texasbeyondhistory/data/source facts.png
2005.04.04 13:38 B L:\TBH Website Temp\source\falc.png --> uts.cc.utexas.edu /export/httpd/vhosts/texasbeyondhistory/data/source falc.png
2005.04.04 13:38 B L:\TBH Website Temp\source\fire.png --> uts.cc.utexas.edu /export/httpd/vhosts/texasbeyondhistory/data/source fire.png
2005.04.04 13:38 B L:\TBH Website Temp\source\fortmain1.png --> uts.cc.utexas.edu /export/httpd/vhosts/texasbeyondhistory/data/source fortmain1.png
2005.04.04 13:38 B L:\TBH Website Temp\source\fortmain2.png --> uts.cc.utexas.edu /export/httpd/vhosts/texasbeyondhistory/data/source fortmain2.png
2005.04.04 13:38 B L:\TBH Website Temp\source\fortmain3.png --> uts.cc.utexas.edu /export/httpd/vhosts/texasbeyondhistory/data/source fortmain3.png
2005.04.04 13:38 B L:\TBH Website Temp\source\fortsbar.png --> uts.cc.utexas.edu /export/httpd/vhosts/texasbeyondhistory/data/source fortsbar.png
2005.04.04 13:38 B L:\TBH Website Temp\source\fortsmap.png --> uts.cc.utexas.edu /export/httpd/vhosts/texasbeyondhistory/data/source fortsmap.png
2005.04.04 13:38 B L:\TBH Website Temp\source\frontierhead.png --> uts.cc.utexas.edu /export/httpd/vhosts/texasbeyondhistory/data/source frontierhead.png
2005.04.04 13:38 B L:\TBH Website Temp\source\ftcl.png --> uts.cc.utexas.edu /export/httpd/vhosts/texasbeyondhistory/data/source ftcl.png
2005.04.04 13:38 B L:\TBH Website Temp\source\ftda.png --> uts.cc.utexas.edu /export/httpd/vhosts/texasbeyondhistory/data/source ftda.png
2005.04.04 13:38 B L:\TBH Website Temp\source\ftgr.png --> uts.cc.utexas.edu /export/httpd/vhosts/texasbeyondhistory/data/source ftgr.png
2005.04.04 13:38 B L:\TBH Website Temp\source\ftmc.png --> uts.cc.utexas.edu /export/httpd/vhosts/texasbeyondhistory/data/source ftmc.png
2005.04.04 13:38 B L:\TBH Website Temp\source\ftst.png --> uts.cc.utexas.edu /export/httpd/vhosts/texasbeyondhistory/data/source ftst.png
2005.04.04 13:38 B L:\TBH Website Temp\source\fun.png --> uts.cc.utexas.edu /export/httpd/vhosts/texasbeyondhistory/data/source fun.png
2005.04.04 13:38 B L:\TBH Website Temp\source\gaul.png --> uts.cc.utexas.edu /export/httpd/vhosts/texasbeyondhistory/data/source gaul.png
2005.04.04 13:38 B L:\TBH Website Temp\source\gilb.png --> uts.cc.utexas.edu /export/httpd/vhosts/texasbeyondhistory/data/source gilb.png
2005.04.04 13:38 B L:\TBH Website Temp\source\grah.png --> uts.cc.utexas.edu /export/httpd/vhosts/texasbeyondhistory/data/source grah.png
2005.04.04 13:38 B L:\TBH Website Temp\source\gran.png --> uts.cc.utexas.edu /export/httpd/vhosts/texasbeyondhistory/data/source gran.png
2005.04.04 13:38 B L:\TBH Website Temp\source\guyt.png --> uts.cc.utexas.edu /export/httpd/vhosts/texasbeyondhistory/data/source guyt.png
2005.04.04 13:38 B L:\TBH Website Temp\source\haas.png --> uts.cc.utexas.edu /export/httpd/vhosts/texasbeyondhistory/data/source haas.png
2005.04.04 13:38 B L:\TBH Website Temp\source\hank.png --> uts.cc.utexas.edu /export/httpd/vhosts/texasbeyondhistory/data/source hank.png
2005.04.04 13:38 B L:\TBH Website Temp\source\harr.png --> uts.cc.utexas.edu /export/httpd/vhosts/texasbeyondhistory/data/source harr.png
2005.04.04 13:38 B L:\TBH Website Temp\source\head.htm --> uts.cc.utexas.edu /export/httpd/vhosts/texasbeyondhistory/data/source head.htm
2005.04.04 13:38 B L:\TBH Website Temp\source\head.png --> uts.cc.utexas.edu /export/httpd/vhosts/texasbeyondhistory/data/source head.png
2005.04.04 13:38 B L:\TBH Website Temp\source\head_r1_c1.gif --> uts.cc.utexas.edu /export/httpd/vhosts/texasbeyondhistory/data/source head_r1_c1.gif
2005.04.04 13:38 B L:\TBH Website Temp\source\head_r2_c1.gif --> uts.cc.utexas.edu /export/httpd/vhosts/texasbeyondhistory/data/source head_r2_c1.gif
2005.04.04 13:38 B L:\TBH Website Temp\source\head_r2_c4.gif --> uts.cc.utexas.edu /export/httpd/vhosts/texasbeyondhistory/data/source head_r2_c4.gif
2005.04.04 13:38 B L:\TBH Website Temp\source\head_r2_c4_f2.gif --> uts.cc.utexas.edu /export/httpd/vhosts/texasbeyondhistory/data/source head_r2_c4_f2.gif
2005.04.04 13:38 B L:\TBH Website Temp\source\head_r2_c5.gif --> uts.cc.utexas.edu /export/httpd/vhosts/texasbeyondhistory/data/source head_r2_c5.gif
2005.04.04 13:38 B L:\TBH Website Temp\source\head_r3_c1.gif --> uts.cc.utexas.edu /export/httpd/vhosts/texasbeyondhistory/data/source head_r3_c1.gif
2005.04.04 13:38 B L:\TBH Website Temp\source\head_r3_c2.gif --> uts.cc.utexas.edu /export/httpd/vhosts/texasbeyondhistory/data/source head_r3_c2.gif
2005.04.04 13:38 B L:\TBH Website Temp\source\head_r3_c2_f2.gif --> uts.cc.utexas.edu /export/httpd/vhosts/texasbeyondhistory/data/source head_r3_c2_f2.gif
2005.04.04 13:38 B L:\TBH Website Temp\source\head_r3_c3.gif --> uts.cc.utexas.edu /export/httpd/vhosts/texasbeyondhistory/data/source head_r3_c3.gif
2005.04.04 13:38 B L:\TBH Website Temp\source\head_r4_c2.gif --> uts.cc.utexas.edu /export/httpd/vhosts/texasbeyondhistory/data/source head_r4_c2.gif
2005.04.04 13:38 B L:\TBH Website Temp\source\head_r4_c4.gif --> uts.cc.utexas.edu /export/httpd/vhosts/texasbeyondhistory/data/source head_r4_c4.gif
2005.04.04 13:38 B L:\TBH Website Temp\source\head_r5_c4.gif --> uts.cc.utexas.edu /export/httpd/vhosts/texasbeyondhistory/data/source head_r5_c4.gif
2005.04.04 13:38 B L:\TBH Website Temp\source\hillcmain.png --> uts.cc.utexas.edu /export/httpd/vhosts/texasbeyondhistory/data/source hillcmain.png
2005.04.04 13:38 B L:\TBH Website Temp\source\hint.png --> uts.cc.utexas.edu /export/httpd/vhosts/texasbeyondhistory/data/source hint.png
2005.04.04 13:38 B L:\TBH Website Temp\source\houses.png --> uts.cc.utexas.edu /export/httpd/vhosts/texasbeyondhistory/data/source houses.png
2005.04.04 13:38 B L:\TBH Website Temp\source\imagine.png --> uts.cc.utexas.edu /export/httpd/vhosts/texasbeyondhistory/data/source imagine.png
2005.04.04 13:38 B L:\TBH Website Temp\source\jones.png --> uts.cc.utexas.edu /export/httpd/vhosts/texasbeyondhistory/data/source jones.png
2005.04.04 13:38 B L:\TBH Website Temp\source\Kids in Cave-Charles Shaw.jpg --> uts.cc.utexas.edu /export/httpd/vhosts/texasbeyondhistory/data/source Kids in Cave-Charles Shaw.jpg
2005.04.04 13:38 B L:\TBH Website Temp\source\Kids in Cave-Charles Shaw_r1_c1.gif --> uts.cc.utexas.edu /export/httpd/vhosts/texasbeyondhistory/data/source Kids in Cave-Charles Shaw_r1_c1.gif
2005.04.04 13:38 B L:\TBH Website Temp\source\Kids in Cave-Charles Shaw_r1_c4.gif --> uts.cc.utexas.edu /export/httpd/vhosts/texasbeyondhistory/data/source Kids in Cave-Charles Shaw_r1_c4.gif
2005.04.04 13:38 B L:\TBH Website Temp\source\Kids in Cave-Charles Shaw_r1_c5.gif --> uts.cc.utexas.edu /export/httpd/vhosts/texasbeyondhistory/data/source Kids in Cave-Charles Shaw_r1_c5.gif
2005.04.04 13:38 B L:\TBH Website Temp\source\Kids in Cave-Charles Shaw_r2_c4.gif --> uts.cc.utexas.edu /export/httpd/vhosts/texasbeyondhistory/data/source Kids in Cave-Charles Shaw_r2_c4.gif
2005.04.04 13:38 B L:\TBH Website Temp\source\Kids in Cave-Charles Shaw_r3_c1.gif --> uts.cc.utexas.edu /export/httpd/vhosts/texasbeyondhistory/data/source Kids in Cave-Charles Shaw_r3_c1.gif
2005.04.04 13:38 B L:\TBH Website Temp\source\Kids in Cave-Charles Shaw_r3_c2.gif --> uts.cc.utexas.edu /export/httpd/vhosts/texasbeyondhistory/data/source Kids in Cave-Charles Shaw_r3_c2.gif
2005.04.04 13:38 B L:\TBH Website Temp\source\Kids in Cave-Charles Shaw_r3_c3.gif --> uts.cc.utexas.edu /export/httpd/vhosts/texasbeyondhistory/data/source Kids in Cave-Charles Shaw_r3_c3.gif
2005.04.04 13:38 B L:\TBH Website Temp\source\Kids in Cave-Charles Shaw_r4_c2.gif --> uts.cc.utexas.edu /export/httpd/vhosts/texasbeyondhistory/data/source Kids in Cave-Charles Shaw_r4_c2.gif
2005.04.04 13:38 B L:\TBH Website Temp\source\kids.png --> uts.cc.utexas.edu /export/httpd/vhosts/texasbeyondhistory/data/source kids.png
2005.04.04 13:38 B L:\TBH Website Temp\source\kidshead.png --> uts.cc.utexas.edu /export/httpd/vhosts/texasbeyondhistory/data/source kidshead.png
2005.04.04 13:38 B L:\TBH Website Temp\source\kidsmain.png --> uts.cc.utexas.edu /export/httpd/vhosts/texasbeyondhistory/data/source kidsmain.png
2005.04.04 13:38 B L:\TBH Website Temp\source\kinc.png --> uts.cc.utexas.edu /export/httpd/vhosts/texasbeyondhistory/data/source kinc.png
2005.04.04 13:38 B L:\TBH Website Temp\source\lake.png --> uts.cc.utexas.edu /export/httpd/vhosts/texasbeyondhistory/data/source lake.png
2005.04.04 13:38 B L:\TBH Website Temp\source\links.png --> uts.cc.utexas.edu /export/httpd/vhosts/texasbeyondhistory/data/source links.png
2005.04.04 13:38 B L:\TBH Website Temp\source\logo.png --> uts.cc.utexas.edu /export/httpd/vhosts/texasbeyondhistory/data/source logo.png
2005.04.04 13:38 B L:\TBH Website Temp\source\lowe.png --> uts.cc.utexas.edu /export/httpd/vhosts/texasbeyondhistory/data/source lowe.png
2005.04.04 13:38 B L:\TBH Website Temp\source\lubb.png --> uts.cc.utexas.edu /export/httpd/vhosts/texasbeyondhistory/data/source lubb.png
2005.04.04 13:38 B L:\TBH Website Temp\source\Main.png --> uts.cc.utexas.edu /export/httpd/vhosts/texasbeyondhistory/data/source Main.png
2005.04.04 13:38 B L:\TBH Website Temp\source\Map-x-2.png --> uts.cc.utexas.edu /export/httpd/vhosts/texasbeyondhistory/data/source Map-x-2.png
2005.04.04 13:38 B L:\TBH Website Temp\source\Map-x.png --> uts.cc.utexas.edu /export/httpd/vhosts/texasbeyondhistory/data/source Map-x.png
2005.04.04 13:38 B L:\TBH Website Temp\source\Map.png --> uts.cc.utexas.edu /export/httpd/vhosts/texasbeyondhistory/data/source Map.png
2005.04.04 13:38 B L:\TBH Website Temp\source\mckavettmain.png --> uts.cc.utexas.edu /export/httpd/vhosts/texasbeyondhistory/data/source mckavettmain.png
2005.04.04 13:38 B L:\TBH Website Temp\source\menuback.gif --> uts.cc.utexas.edu /export/httpd/vhosts/texasbeyondhistory/data/source menuback.gif
2005.04.04 13:38 B L:\TBH Website Temp\source\mystery.png --> uts.cc.utexas.edu /export/httpd/vhosts/texasbeyondhistory/data/source mystery.png
2005.04.04 13:38 B L:\TBH Website Temp\source\naso.png --> uts.cc.utexas.edu /export/httpd/vhosts/texasbeyondhistory/data/source naso.png
2005.04.04 13:38 B L:\TBH Website Temp\source\osbo.png --> uts.cc.utexas.edu /export/httpd/vhosts/texasbeyondhistory/data/source osbo.png
2005.04.04 13:38 B L:\TBH Website Temp\source\pavo.png --> uts.cc.utexas.edu /export/httpd/vhosts/texasbeyondhistory/data/source pavo.png
2005.04.04 13:38 B L:\TBH Website Temp\source\phgroups.png --> uts.cc.utexas.edu /export/httpd/vhosts/texasbeyondhistory/data/source phgroups.png
2005.04.04 13:38 B L:\TBH Website Temp\source\phhead.png --> uts.cc.utexas.edu /export/httpd/vhosts/texasbeyondhistory/data/source phhead.png
2005.04.04 13:38 B L:\TBH Website Temp\source\ppv-icon.png --> uts.cc.utexas.edu /export/httpd/vhosts/texasbeyondhistory/data/source ppv-icon.png
2005.04.04 13:38 B L:\TBH Website Temp\source\pres.png --> uts.cc.utexas.edu /export/httpd/vhosts/texasbeyondhistory/data/source pres.png
2005.04.04 13:38 B L:\TBH Website Temp\source\redr.png --> uts.cc.utexas.edu /export/httpd/vhosts/texasbeyondhistory/data/source redr.png
2005.04.04 13:38 B L:\TBH Website Temp\source\rhmain.png --> uts.cc.utexas.edu /export/httpd/vhosts/texasbeyondhistory/data/source rhmain.png
2005.04.04 13:38 B L:\TBH Website Temp\source\rockshelter.png --> uts.cc.utexas.edu /export/httpd/vhosts/texasbeyondhistory/data/source rockshelter.png
2005.04.04 13:38 B L:\TBH Website Temp\source\rubi.png --> uts.cc.utexas.edu /export/httpd/vhosts/texasbeyondhistory/data/source rubi.png
2005.04.04 13:38 B L:\TBH Website Temp\source\sans.png --> uts.cc.utexas.edu /export/httpd/vhosts/texasbeyondhistory/data/source sans.png
2005.04.04 13:38 B L:\TBH Website Temp\source\shac.png --> uts.cc.utexas.edu /export/httpd/vhosts/texasbeyondhistory/data/source shac.png
2005.04.04 13:38 B L:\TBH Website Temp\source\SMain.png --> uts.cc.utexas.edu /export/httpd/vhosts/texasbeyondhistory/data/source SMain.png
2005.04.04 13:38 B L:\TBH Website Temp\source\SMain2.png --> uts.cc.utexas.edu /export/httpd/vhosts/texasbeyondhistory/data/source SMain2.png
2005.04.04 13:38 B L:\TBH Website Temp\source\SMain3.png --> uts.cc.utexas.edu /export/httpd/vhosts/texasbeyondhistory/data/source SMain3.png
2005.04.04 13:38 B L:\TBH Website Temp\source\spacer.gif --> uts.cc.utexas.edu /export/httpd/vhosts/texasbeyondhistory/data/source spacer.gif
2005.04.04 13:38 B L:\TBH Website Temp\source\tbhheader.png --> uts.cc.utexas.edu /export/httpd/vhosts/texasbeyondhistory/data/source tbhheader.png
2005.04.04 13:38 B L:\TBH Website Temp\source\teachgraphic.png --> uts.cc.utexas.edu /export/httpd/vhosts/texasbeyondhistory/data/source teachgraphic.png
2005.04.04 13:38 B L:\TBH Website Temp\source\teachpie.png --> uts.cc.utexas.edu /export/httpd/vhosts/texasbeyondhistory/data/source teachpie.png
2005.04.04 13:38 B L:\TBH Website Temp\source\teachpie.png.LCK --> uts.cc.utexas.edu /export/httpd/vhosts/texasbeyondhistory/data/source teachpie.png.LCK
2005.04.04 13:38 B L:\TBH Website Temp\source\timberhillhead.png --> uts.cc.utexas.edu /export/httpd/vhosts/texasbeyondhistory/data/source timberhillhead.png
2005.04.04 13:38 B L:\TBH Website Temp\source\tmlnhead.png --> uts.cc.utexas.edu /export/httpd/vhosts/texasbeyondhistory/data/source tmlnhead.png
2005.04.04 13:38 B L:\TBH Website Temp\source\toolshead.png --> uts.cc.utexas.edu /export/httpd/vhosts/texasbeyondhistory/data/source toolshead.png
2005.04.04 13:38 B L:\TBH Website Temp\source\topmenuback.gif --> uts.cc.utexas.edu /export/httpd/vhosts/texasbeyondhistory/data/source topmenuback.gif
2005.04.04 13:38 B L:\TBH Website Temp\source\waxc.png --> uts.cc.utexas.edu /export/httpd/vhosts/texasbeyondhistory/data/source waxc.png
2005.04.04 13:38 B L:\TBH Website Temp\source\words.png --> uts.cc.utexas.edu /export/httpd/vhosts/texasbeyondhistory/data/source words.png
