2005.07.05 12:09 B L:\TBH Website Temp\plateaus\patterns\images\peel-icon.jpg --> uts.cc.utexas.edu /export/httpd/vhosts/texasbeyondhistory/data/protect/plateaus/patterns/images peel-icon.jpg
2005.07.05 12:09 B L:\TBH Website Temp\plateaus\patterns\images\hcscene-icon.jpg --> uts.cc.utexas.edu /export/httpd/vhosts/texasbeyondhistory/data/protect/plateaus/patterns/images hcscene-icon.jpg
2005.07.05 12:09 B L:\TBH Website Temp\plateaus\patterns\images\VV456-S63a.jpg --> uts.cc.utexas.edu /export/httpd/vhosts/texasbeyondhistory/data/protect/plateaus/patterns/images VV456-S63a.jpg
2005.07.05 12:09 B L:\TBH Website Temp\plateaus\patterns\images\vv456-s63a.html --> uts.cc.utexas.edu /export/httpd/vhosts/texasbeyondhistory/data/protect/plateaus/patterns/images vv456-s63a.html
2005.07.05 12:09 B L:\TBH Website Temp\plateaus\patterns\images\sotolplait.html --> uts.cc.utexas.edu /export/httpd/vhosts/texasbeyondhistory/data/protect/plateaus/patterns/images sotolplait.html
2005.07.05 12:09 B L:\TBH Website Temp\plateaus\patterns\images\sotolpit.jpg --> uts.cc.utexas.edu /export/httpd/vhosts/texasbeyondhistory/data/protect/plateaus/patterns/images sotolpit.jpg
2005.07.05 12:09 B L:\TBH Website Temp\plateaus\patterns\images\sotolpit.html --> uts.cc.utexas.edu /export/httpd/vhosts/texasbeyondhistory/data/protect/plateaus/patterns/images sotolpit.html
2005.07.05 12:09 B L:\TBH Website Temp\plateaus\patterns\images\sotol-plait.html --> uts.cc.utexas.edu /export/httpd/vhosts/texasbeyondhistory/data/protect/plateaus/patterns/images sotol-plait.html
2005.07.05 12:09 B L:\TBH Website Temp\plateaus\patterns\images\sotol plait.jpg --> uts.cc.utexas.edu /export/httpd/vhosts/texasbeyondhistory/data/protect/plateaus/patterns/images sotol plait.jpg
2005.07.05 12:09 B L:\TBH Website Temp\plateaus\patterns\images\rabbitnet.jpg --> uts.cc.utexas.edu /export/httpd/vhosts/texasbeyondhistory/data/protect/plateaus/patterns/images rabbitnet.jpg
2005.07.05 12:09 B L:\TBH Website Temp\plateaus\patterns\images\rabbitnet.html --> uts.cc.utexas.edu /export/httpd/vhosts/texasbeyondhistory/data/protect/plateaus/patterns/images rabbitnet.html
2005.07.05 12:09 B L:\TBH Website Temp\plateaus\patterns\images\rabbitfur.jpg --> uts.cc.utexas.edu /export/httpd/vhosts/texasbeyondhistory/data/protect/plateaus/patterns/images rabbitfur.jpg
2005.07.05 12:09 B L:\TBH Website Temp\plateaus\patterns\images\rabbitfur.html --> uts.cc.utexas.edu /export/httpd/vhosts/texasbeyondhistory/data/protect/plateaus/patterns/images rabbitfur.html
2005.07.05 12:09 B L:\TBH Website Temp\plateaus\patterns\images\parch.jpg --> uts.cc.utexas.edu /export/httpd/vhosts/texasbeyondhistory/data/protect/plateaus/patterns/images parch.jpg
2005.07.05 12:09 B L:\TBH Website Temp\plateaus\patterns\images\parch.html --> uts.cc.utexas.edu /export/httpd/vhosts/texasbeyondhistory/data/protect/plateaus/patterns/images parch.html
2005.07.05 12:09 B L:\TBH Website Temp\plateaus\patterns\images\mano.jpg --> uts.cc.utexas.edu /export/httpd/vhosts/texasbeyondhistory/data/protect/plateaus/patterns/images mano.jpg
2005.07.05 12:09 B L:\TBH Website Temp\plateaus\patterns\images\mano.html --> uts.cc.utexas.edu /export/httpd/vhosts/texasbeyondhistory/data/protect/plateaus/patterns/images mano.html
2005.07.05 12:09 B L:\TBH Website Temp\plateaus\patterns\images\hindpatterns.swf --> uts.cc.utexas.edu /export/httpd/vhosts/texasbeyondhistory/data/protect/plateaus/patterns/images hindpatterns.swf
2005.07.05 12:09 B L:\TBH Website Temp\plateaus\patterns\images\hcscene.jpg --> uts.cc.utexas.edu /export/httpd/vhosts/texasbeyondhistory/data/protect/plateaus/patterns/images hcscene.jpg
2005.07.05 12:09 B L:\TBH Website Temp\plateaus\patterns\images\HC76-mat.html --> uts.cc.utexas.edu /export/httpd/vhosts/texasbeyondhistory/data/protect/plateaus/patterns/images HC76-mat.html
2005.07.05 12:09 B L:\TBH Website Temp\plateaus\patterns\images\HC76-mat-frag.jpg --> uts.cc.utexas.edu /export/httpd/vhosts/texasbeyondhistory/data/protect/plateaus/patterns/images HC76-mat-frag.jpg
2005.07.05 12:09 B L:\TBH Website Temp\plateaus\patterns\images\grassbed.jpg --> uts.cc.utexas.edu /export/httpd/vhosts/texasbeyondhistory/data/protect/plateaus/patterns/images grassbed.jpg
2005.07.05 12:09 B L:\TBH Website Temp\plateaus\patterns\images\grassbed.html --> uts.cc.utexas.edu /export/httpd/vhosts/texasbeyondhistory/data/protect/plateaus/patterns/images grassbed.html
2005.07.05 12:09 B L:\TBH Website Temp\plateaus\patterns\images\floor-mat.jpg --> uts.cc.utexas.edu /export/httpd/vhosts/texasbeyondhistory/data/protect/plateaus/patterns/images floor-mat.jpg
2005.07.05 12:09 B L:\TBH Website Temp\plateaus\patterns\images\floor-mat.html --> uts.cc.utexas.edu /export/httpd/vhosts/texasbeyondhistory/data/protect/plateaus/patterns/images floor-mat.html
2005.07.05 12:09 B L:\TBH Website Temp\plateaus\patterns\images\digstick.html --> uts.cc.utexas.edu /export/httpd/vhosts/texasbeyondhistory/data/protect/plateaus/patterns/images digstick.html
2005.07.05 12:09 B L:\TBH Website Temp\plateaus\patterns\images\dig-stick.jpg --> uts.cc.utexas.edu /export/httpd/vhosts/texasbeyondhistory/data/protect/plateaus/patterns/images dig-stick.jpg
2005.07.05 12:09 B L:\TBH Website Temp\plateaus\patterns\images\basketA.jpg --> uts.cc.utexas.edu /export/httpd/vhosts/texasbeyondhistory/data/protect/plateaus/patterns/images basketA.jpg
2005.07.05 12:09 B L:\TBH Website Temp\plateaus\patterns\images\basketa.html --> uts.cc.utexas.edu /export/httpd/vhosts/texasbeyondhistory/data/protect/plateaus/patterns/images basketa.html
2005.07.05 12:09 B L:\TBH Website Temp\plateaus\patterns\images\tumpline.jpg --> uts.cc.utexas.edu /export/httpd/vhosts/texasbeyondhistory/data/protect/plateaus/patterns/images tumpline.jpg
2005.07.05 12:09 B L:\TBH Website Temp\plateaus\patterns\images\tumpline.html --> uts.cc.utexas.edu /export/httpd/vhosts/texasbeyondhistory/data/protect/plateaus/patterns/images tumpline.html
2005.07.05 12:09 B L:\TBH Website Temp\plateaus\patterns\images\sotol.html --> uts.cc.utexas.edu /export/httpd/vhosts/texasbeyondhistory/data/protect/plateaus/patterns/images sotol.html
2005.07.05 12:09 B L:\TBH Website Temp\plateaus\patterns\images\sotol-leaves.jpg --> uts.cc.utexas.edu /export/httpd/vhosts/texasbeyondhistory/data/protect/plateaus/patterns/images sotol-leaves.jpg
2005.07.05 12:09 B L:\TBH Website Temp\plateaus\patterns\images\sotol-hinds.jpg --> uts.cc.utexas.edu /export/httpd/vhosts/texasbeyondhistory/data/protect/plateaus/patterns/images sotol-hinds.jpg
2005.07.05 12:09 B L:\TBH Website Temp\plateaus\patterns\images\sotol-heart.jpg --> uts.cc.utexas.edu /export/httpd/vhosts/texasbeyondhistory/data/protect/plateaus/patterns/images sotol-heart.jpg
2005.07.05 12:09 B L:\TBH Website Temp\plateaus\patterns\images\plastron.jpg --> uts.cc.utexas.edu /export/httpd/vhosts/texasbeyondhistory/data/protect/plateaus/patterns/images plastron.jpg
2005.07.05 12:09 B L:\TBH Website Temp\plateaus\patterns\images\plastron.html --> uts.cc.utexas.edu /export/httpd/vhosts/texasbeyondhistory/data/protect/plateaus/patterns/images plastron.html
2005.07.05 12:09 B L:\TBH Website Temp\plateaus\patterns\images\pendant.jpg --> uts.cc.utexas.edu /export/httpd/vhosts/texasbeyondhistory/data/protect/plateaus/patterns/images pendant.jpg
2005.07.05 12:09 B L:\TBH Website Temp\plateaus\patterns\images\pendant.html --> uts.cc.utexas.edu /export/httpd/vhosts/texasbeyondhistory/data/protect/plateaus/patterns/images pendant.html
2005.07.05 12:09 B L:\TBH Website Temp\plateaus\patterns\images\pendant-sm.jpg --> uts.cc.utexas.edu /export/httpd/vhosts/texasbeyondhistory/data/protect/plateaus/patterns/images pendant-sm.jpg
2005.07.05 12:09 B L:\TBH Website Temp\plateaus\patterns\images\peel.jpg --> uts.cc.utexas.edu /export/httpd/vhosts/texasbeyondhistory/data/protect/plateaus/patterns/images peel.jpg
2005.07.05 12:09 B L:\TBH Website Temp\plateaus\patterns\images\peel.htm --> uts.cc.utexas.edu /export/httpd/vhosts/texasbeyondhistory/data/protect/plateaus/patterns/images peel.htm
2005.07.05 12:09 B L:\TBH Website Temp\plateaus\patterns\images\pecosbag.jpg --> uts.cc.utexas.edu /export/httpd/vhosts/texasbeyondhistory/data/protect/plateaus/patterns/images pecosbag.jpg
2005.07.05 12:09 B L:\TBH Website Temp\plateaus\patterns\images\pecosbag.html --> uts.cc.utexas.edu /export/httpd/vhosts/texasbeyondhistory/data/protect/plateaus/patterns/images pecosbag.html
2005.07.05 12:09 B L:\TBH Website Temp\plateaus\patterns\images\patterns.swf --> uts.cc.utexas.edu /export/httpd/vhosts/texasbeyondhistory/data/protect/plateaus/patterns/images patterns.swf
2005.07.05 12:09 B L:\TBH Website Temp\plateaus\patterns\images\onion.jpg --> uts.cc.utexas.edu /export/httpd/vhosts/texasbeyondhistory/data/protect/plateaus/patterns/images onion.jpg
2005.07.05 12:09 B L:\TBH Website Temp\plateaus\patterns\images\onion.html --> uts.cc.utexas.edu /export/httpd/vhosts/texasbeyondhistory/data/protect/plateaus/patterns/images onion.html
2005.07.05 12:09 B L:\TBH Website Temp\plateaus\patterns\images\net.jpg --> uts.cc.utexas.edu /export/httpd/vhosts/texasbeyondhistory/data/protect/plateaus/patterns/images net.jpg
2005.07.05 12:09 B L:\TBH Website Temp\plateaus\patterns\images\leaves.html --> uts.cc.utexas.edu /export/httpd/vhosts/texasbeyondhistory/data/protect/plateaus/patterns/images leaves.html
2005.07.05 12:09 B L:\TBH Website Temp\plateaus\patterns\images\knife.jpg --> uts.cc.utexas.edu /export/httpd/vhosts/texasbeyondhistory/data/protect/plateaus/patterns/images knife.jpg
2005.07.05 12:09 B L:\TBH Website Temp\plateaus\patterns\images\knife.html --> uts.cc.utexas.edu /export/httpd/vhosts/texasbeyondhistory/data/protect/plateaus/patterns/images knife.html
2005.07.05 12:09 B L:\TBH Website Temp\plateaus\patterns\images\kiaha.jpg --> uts.cc.utexas.edu /export/httpd/vhosts/texasbeyondhistory/data/protect/plateaus/patterns/images kiaha.jpg
2005.07.05 12:09 B L:\TBH Website Temp\plateaus\patterns\images\jewelry.html --> uts.cc.utexas.edu /export/httpd/vhosts/texasbeyondhistory/data/protect/plateaus/patterns/images jewelry.html
2005.07.05 12:09 B L:\TBH Website Temp\plateaus\patterns\images\cord.jpg --> uts.cc.utexas.edu /export/httpd/vhosts/texasbeyondhistory/data/protect/plateaus/patterns/images cord.jpg
2005.07.05 12:09 B L:\TBH Website Temp\plateaus\patterns\images\cactuspad.jpg --> uts.cc.utexas.edu /export/httpd/vhosts/texasbeyondhistory/data/protect/plateaus/patterns/images cactuspad.jpg
2005.07.05 12:09 B L:\TBH Website Temp\plateaus\patterns\images\cactuspad.html --> uts.cc.utexas.edu /export/httpd/vhosts/texasbeyondhistory/data/protect/plateaus/patterns/images cactuspad.html
2005.07.05 12:09 B L:\TBH Website Temp\plateaus\patterns\images\bracelet.jpg --> uts.cc.utexas.edu /export/httpd/vhosts/texasbeyondhistory/data/protect/plateaus/patterns/images bracelet.jpg
2005.07.05 12:09 B L:\TBH Website Temp\plateaus\patterns\images\bracelet.html --> uts.cc.utexas.edu /export/httpd/vhosts/texasbeyondhistory/data/protect/plateaus/patterns/images bracelet.html
2005.07.05 12:09 B L:\TBH Website Temp\plateaus\patterns\images\bracelet-sm.jpg --> uts.cc.utexas.edu /export/httpd/vhosts/texasbeyondhistory/data/protect/plateaus/patterns/images bracelet-sm.jpg
2005.07.05 12:09 B L:\TBH Website Temp\plateaus\patterns\images\beads.jpg --> uts.cc.utexas.edu /export/httpd/vhosts/texasbeyondhistory/data/protect/plateaus/patterns/images beads.jpg
2005.07.05 12:09 B L:\TBH Website Temp\plateaus\patterns\images\beads.html --> uts.cc.utexas.edu /export/httpd/vhosts/texasbeyondhistory/data/protect/plateaus/patterns/images beads.html
2005.07.05 12:09 B L:\TBH Website Temp\plateaus\patterns\images\beads-sm.jpg --> uts.cc.utexas.edu /export/httpd/vhosts/texasbeyondhistory/data/protect/plateaus/patterns/images beads-sm.jpg
2005.07.05 12:09 B L:\TBH Website Temp\plateaus\patterns\images\basket.html --> uts.cc.utexas.edu /export/httpd/vhosts/texasbeyondhistory/data/protect/plateaus/patterns/images basket.html
2005.07.05 12:09 B L:\TBH Website Temp\plateaus\patterns\images\apron.jpg --> uts.cc.utexas.edu /export/httpd/vhosts/texasbeyondhistory/data/protect/plateaus/patterns/images apron.jpg
2005.07.05 12:09 B L:\TBH Website Temp\plateaus\patterns\images\apron.html --> uts.cc.utexas.edu /export/httpd/vhosts/texasbeyondhistory/data/protect/plateaus/patterns/images apron.html
2005.07.15 11:45 B L:\TBH Website Temp\plateaus\patterns\images\basketa.html --> uts.cc.utexas.edu /export/httpd/vhosts/texasbeyondhistory/data/protect/plateaus/patterns/images basketa.html
2005.07.15 11:45 B L:\TBH Website Temp\plateaus\patterns\images\digstick.html --> uts.cc.utexas.edu /export/httpd/vhosts/texasbeyondhistory/data/protect/plateaus/patterns/images digstick.html
2005.07.15 11:45 B L:\TBH Website Temp\plateaus\patterns\images\floor-mat.html --> uts.cc.utexas.edu /export/httpd/vhosts/texasbeyondhistory/data/protect/plateaus/patterns/images floor-mat.html
2005.07.15 11:45 B L:\TBH Website Temp\plateaus\patterns\images\grassbed.html --> uts.cc.utexas.edu /export/httpd/vhosts/texasbeyondhistory/data/protect/plateaus/patterns/images grassbed.html
2005.07.15 11:45 B L:\TBH Website Temp\plateaus\patterns\images\HC76-mat.html --> uts.cc.utexas.edu /export/httpd/vhosts/texasbeyondhistory/data/protect/plateaus/patterns/images HC76-mat.html
2005.07.15 11:45 B L:\TBH Website Temp\plateaus\patterns\images\mano.html --> uts.cc.utexas.edu /export/httpd/vhosts/texasbeyondhistory/data/protect/plateaus/patterns/images mano.html
2005.07.15 11:45 B L:\TBH Website Temp\plateaus\patterns\images\parch.html --> uts.cc.utexas.edu /export/httpd/vhosts/texasbeyondhistory/data/protect/plateaus/patterns/images parch.html
2005.07.15 11:45 B L:\TBH Website Temp\plateaus\patterns\images\parch.jpg --> uts.cc.utexas.edu /export/httpd/vhosts/texasbeyondhistory/data/protect/plateaus/patterns/images parch.jpg
2005.07.15 11:45 B L:\TBH Website Temp\plateaus\patterns\images\rabbitfur.html --> uts.cc.utexas.edu /export/httpd/vhosts/texasbeyondhistory/data/protect/plateaus/patterns/images rabbitfur.html
2005.07.15 11:45 B L:\TBH Website Temp\plateaus\patterns\images\rabbitnet.html --> uts.cc.utexas.edu /export/httpd/vhosts/texasbeyondhistory/data/protect/plateaus/patterns/images rabbitnet.html
2005.07.15 11:45 B L:\TBH Website Temp\plateaus\patterns\images\sotol-plait.html --> uts.cc.utexas.edu /export/httpd/vhosts/texasbeyondhistory/data/protect/plateaus/patterns/images sotol-plait.html
2005.07.15 11:45 B L:\TBH Website Temp\plateaus\patterns\images\sotolpit.html --> uts.cc.utexas.edu /export/httpd/vhosts/texasbeyondhistory/data/protect/plateaus/patterns/images sotolpit.html
2005.07.15 11:45 B L:\TBH Website Temp\plateaus\patterns\images\vv456-s63a.html --> uts.cc.utexas.edu /export/httpd/vhosts/texasbeyondhistory/data/protect/plateaus/patterns/images vv456-s63a.html
2005.07.15 11:45 B L:\TBH Website Temp\plateaus\patterns\images\WS_FTP.LOG --> uts.cc.utexas.edu /export/httpd/vhosts/texasbeyondhistory/data/protect/plateaus/patterns/images WS_FTP.LOG
2005.07.30 17:42 B L:\TBH Website Temp\plateaus\patterns\images\apron.html --> uts.cc.utexas.edu /export/httpd/vhosts/texasbeyondhistory/data/plateaus/patterns/images apron.html
2005.07.30 17:42 B L:\TBH Website Temp\plateaus\patterns\images\apron.jpg --> uts.cc.utexas.edu /export/httpd/vhosts/texasbeyondhistory/data/plateaus/patterns/images apron.jpg
2005.07.30 17:42 B L:\TBH Website Temp\plateaus\patterns\images\basket.html --> uts.cc.utexas.edu /export/httpd/vhosts/texasbeyondhistory/data/plateaus/patterns/images basket.html
2005.07.30 17:42 B L:\TBH Website Temp\plateaus\patterns\images\basketa.html --> uts.cc.utexas.edu /export/httpd/vhosts/texasbeyondhistory/data/plateaus/patterns/images basketa.html
2005.07.30 17:42 B L:\TBH Website Temp\plateaus\patterns\images\basketA.jpg --> uts.cc.utexas.edu /export/httpd/vhosts/texasbeyondhistory/data/plateaus/patterns/images basketA.jpg
2005.07.30 17:42 B L:\TBH Website Temp\plateaus\patterns\images\beads-sm.jpg --> uts.cc.utexas.edu /export/httpd/vhosts/texasbeyondhistory/data/plateaus/patterns/images beads-sm.jpg
2005.07.30 17:42 B L:\TBH Website Temp\plateaus\patterns\images\beads.html --> uts.cc.utexas.edu /export/httpd/vhosts/texasbeyondhistory/data/plateaus/patterns/images beads.html
2005.07.30 17:42 B L:\TBH Website Temp\plateaus\patterns\images\beads.jpg --> uts.cc.utexas.edu /export/httpd/vhosts/texasbeyondhistory/data/plateaus/patterns/images beads.jpg
2005.07.30 17:42 B L:\TBH Website Temp\plateaus\patterns\images\bracelet-sm.jpg --> uts.cc.utexas.edu /export/httpd/vhosts/texasbeyondhistory/data/plateaus/patterns/images bracelet-sm.jpg
2005.07.30 17:42 B L:\TBH Website Temp\plateaus\patterns\images\bracelet.html --> uts.cc.utexas.edu /export/httpd/vhosts/texasbeyondhistory/data/plateaus/patterns/images bracelet.html
2005.07.30 17:42 B L:\TBH Website Temp\plateaus\patterns\images\bracelet.jpg --> uts.cc.utexas.edu /export/httpd/vhosts/texasbeyondhistory/data/plateaus/patterns/images bracelet.jpg
2005.07.30 17:42 B L:\TBH Website Temp\plateaus\patterns\images\cactuspad.html --> uts.cc.utexas.edu /export/httpd/vhosts/texasbeyondhistory/data/plateaus/patterns/images cactuspad.html
2005.07.30 17:42 B L:\TBH Website Temp\plateaus\patterns\images\cactuspad.jpg --> uts.cc.utexas.edu /export/httpd/vhosts/texasbeyondhistory/data/plateaus/patterns/images cactuspad.jpg
2005.07.30 17:42 B L:\TBH Website Temp\plateaus\patterns\images\cord.jpg --> uts.cc.utexas.edu /export/httpd/vhosts/texasbeyondhistory/data/plateaus/patterns/images cord.jpg
2005.07.30 17:42 B L:\TBH Website Temp\plateaus\patterns\images\dig-stick.jpg --> uts.cc.utexas.edu /export/httpd/vhosts/texasbeyondhistory/data/plateaus/patterns/images dig-stick.jpg
2005.07.30 17:42 B L:\TBH Website Temp\plateaus\patterns\images\digstick.html --> uts.cc.utexas.edu /export/httpd/vhosts/texasbeyondhistory/data/plateaus/patterns/images digstick.html
2005.07.30 17:42 B L:\TBH Website Temp\plateaus\patterns\images\floor-mat.html --> uts.cc.utexas.edu /export/httpd/vhosts/texasbeyondhistory/data/plateaus/patterns/images floor-mat.html
2005.07.30 17:42 B L:\TBH Website Temp\plateaus\patterns\images\floor-mat.jpg --> uts.cc.utexas.edu /export/httpd/vhosts/texasbeyondhistory/data/plateaus/patterns/images floor-mat.jpg
2005.07.30 17:42 B L:\TBH Website Temp\plateaus\patterns\images\grassbed.html --> uts.cc.utexas.edu /export/httpd/vhosts/texasbeyondhistory/data/plateaus/patterns/images grassbed.html
2005.07.30 17:42 B L:\TBH Website Temp\plateaus\patterns\images\grassbed.jpg --> uts.cc.utexas.edu /export/httpd/vhosts/texasbeyondhistory/data/plateaus/patterns/images grassbed.jpg
2005.07.30 17:42 B L:\TBH Website Temp\plateaus\patterns\images\HC76-mat-frag.jpg --> uts.cc.utexas.edu /export/httpd/vhosts/texasbeyondhistory/data/plateaus/patterns/images HC76-mat-frag.jpg
2005.07.30 17:42 B L:\TBH Website Temp\plateaus\patterns\images\HC76-mat.html --> uts.cc.utexas.edu /export/httpd/vhosts/texasbeyondhistory/data/plateaus/patterns/images HC76-mat.html
2005.07.30 17:42 B L:\TBH Website Temp\plateaus\patterns\images\hcscene-icon.jpg --> uts.cc.utexas.edu /export/httpd/vhosts/texasbeyondhistory/data/plateaus/patterns/images hcscene-icon.jpg
2005.07.30 17:42 B L:\TBH Website Temp\plateaus\patterns\images\hcscene.jpg --> uts.cc.utexas.edu /export/httpd/vhosts/texasbeyondhistory/data/plateaus/patterns/images hcscene.jpg
2005.07.30 17:42 B L:\TBH Website Temp\plateaus\patterns\images\hindpatterns.swf --> uts.cc.utexas.edu /export/httpd/vhosts/texasbeyondhistory/data/plateaus/patterns/images hindpatterns.swf
2005.07.30 17:42 B L:\TBH Website Temp\plateaus\patterns\images\jewelry.html --> uts.cc.utexas.edu /export/httpd/vhosts/texasbeyondhistory/data/plateaus/patterns/images jewelry.html
2005.07.30 17:42 B L:\TBH Website Temp\plateaus\patterns\images\kiaha.jpg --> uts.cc.utexas.edu /export/httpd/vhosts/texasbeyondhistory/data/plateaus/patterns/images kiaha.jpg
2005.07.30 17:42 B L:\TBH Website Temp\plateaus\patterns\images\knife.html --> uts.cc.utexas.edu /export/httpd/vhosts/texasbeyondhistory/data/plateaus/patterns/images knife.html
2005.07.30 17:42 B L:\TBH Website Temp\plateaus\patterns\images\knife.jpg --> uts.cc.utexas.edu /export/httpd/vhosts/texasbeyondhistory/data/plateaus/patterns/images knife.jpg
2005.07.30 17:42 B L:\TBH Website Temp\plateaus\patterns\images\leaves.html --> uts.cc.utexas.edu /export/httpd/vhosts/texasbeyondhistory/data/plateaus/patterns/images leaves.html
2005.07.30 17:42 B L:\TBH Website Temp\plateaus\patterns\images\mano.html --> uts.cc.utexas.edu /export/httpd/vhosts/texasbeyondhistory/data/plateaus/patterns/images mano.html
2005.07.30 17:42 B L:\TBH Website Temp\plateaus\patterns\images\mano.jpg --> uts.cc.utexas.edu /export/httpd/vhosts/texasbeyondhistory/data/plateaus/patterns/images mano.jpg
2005.07.30 17:42 B L:\TBH Website Temp\plateaus\patterns\images\net.jpg --> uts.cc.utexas.edu /export/httpd/vhosts/texasbeyondhistory/data/plateaus/patterns/images net.jpg
2005.07.30 17:42 B L:\TBH Website Temp\plateaus\patterns\images\onion.html --> uts.cc.utexas.edu /export/httpd/vhosts/texasbeyondhistory/data/plateaus/patterns/images onion.html
2005.07.30 17:42 B L:\TBH Website Temp\plateaus\patterns\images\onion.jpg --> uts.cc.utexas.edu /export/httpd/vhosts/texasbeyondhistory/data/plateaus/patterns/images onion.jpg
2005.07.30 17:42 B L:\TBH Website Temp\plateaus\patterns\images\parch.html --> uts.cc.utexas.edu /export/httpd/vhosts/texasbeyondhistory/data/plateaus/patterns/images parch.html
2005.07.30 17:42 B L:\TBH Website Temp\plateaus\patterns\images\parch.jpg --> uts.cc.utexas.edu /export/httpd/vhosts/texasbeyondhistory/data/plateaus/patterns/images parch.jpg
2005.07.30 17:42 B L:\TBH Website Temp\plateaus\patterns\images\patterns.swf --> uts.cc.utexas.edu /export/httpd/vhosts/texasbeyondhistory/data/plateaus/patterns/images patterns.swf
2005.07.30 17:42 B L:\TBH Website Temp\plateaus\patterns\images\pecosbag.html --> uts.cc.utexas.edu /export/httpd/vhosts/texasbeyondhistory/data/plateaus/patterns/images pecosbag.html
2005.07.30 17:42 B L:\TBH Website Temp\plateaus\patterns\images\pecosbag.jpg --> uts.cc.utexas.edu /export/httpd/vhosts/texasbeyondhistory/data/plateaus/patterns/images pecosbag.jpg
2005.07.30 17:42 B L:\TBH Website Temp\plateaus\patterns\images\peel-icon.jpg --> uts.cc.utexas.edu /export/httpd/vhosts/texasbeyondhistory/data/plateaus/patterns/images peel-icon.jpg
2005.07.30 17:42 B L:\TBH Website Temp\plateaus\patterns\images\peel.htm --> uts.cc.utexas.edu /export/httpd/vhosts/texasbeyondhistory/data/plateaus/patterns/images peel.htm
2005.07.30 17:42 B L:\TBH Website Temp\plateaus\patterns\images\peel.jpg --> uts.cc.utexas.edu /export/httpd/vhosts/texasbeyondhistory/data/plateaus/patterns/images peel.jpg
2005.07.30 17:42 B L:\TBH Website Temp\plateaus\patterns\images\pendant-sm.jpg --> uts.cc.utexas.edu /export/httpd/vhosts/texasbeyondhistory/data/plateaus/patterns/images pendant-sm.jpg
2005.07.30 17:42 B L:\TBH Website Temp\plateaus\patterns\images\pendant.html --> uts.cc.utexas.edu /export/httpd/vhosts/texasbeyondhistory/data/plateaus/patterns/images pendant.html
2005.07.30 17:42 B L:\TBH Website Temp\plateaus\patterns\images\pendant.jpg --> uts.cc.utexas.edu /export/httpd/vhosts/texasbeyondhistory/data/plateaus/patterns/images pendant.jpg
2005.07.30 17:42 B L:\TBH Website Temp\plateaus\patterns\images\plastron.html --> uts.cc.utexas.edu /export/httpd/vhosts/texasbeyondhistory/data/plateaus/patterns/images plastron.html
2005.07.30 17:42 B L:\TBH Website Temp\plateaus\patterns\images\plastron.jpg --> uts.cc.utexas.edu /export/httpd/vhosts/texasbeyondhistory/data/plateaus/patterns/images plastron.jpg
2005.07.30 17:42 B L:\TBH Website Temp\plateaus\patterns\images\rabbitfur.html --> uts.cc.utexas.edu /export/httpd/vhosts/texasbeyondhistory/data/plateaus/patterns/images rabbitfur.html
2005.07.30 17:42 B L:\TBH Website Temp\plateaus\patterns\images\rabbitfur.jpg --> uts.cc.utexas.edu /export/httpd/vhosts/texasbeyondhistory/data/plateaus/patterns/images rabbitfur.jpg
2005.07.30 17:42 B L:\TBH Website Temp\plateaus\patterns\images\rabbitnet.html --> uts.cc.utexas.edu /export/httpd/vhosts/texasbeyondhistory/data/plateaus/patterns/images rabbitnet.html
2005.07.30 17:42 B L:\TBH Website Temp\plateaus\patterns\images\rabbitnet.jpg --> uts.cc.utexas.edu /export/httpd/vhosts/texasbeyondhistory/data/plateaus/patterns/images rabbitnet.jpg
2005.07.30 17:42 B L:\TBH Website Temp\plateaus\patterns\images\sotol plait.jpg --> uts.cc.utexas.edu /export/httpd/vhosts/texasbeyondhistory/data/plateaus/patterns/images sotol plait.jpg
2005.07.30 17:42 B L:\TBH Website Temp\plateaus\patterns\images\sotol-heart.jpg --> uts.cc.utexas.edu /export/httpd/vhosts/texasbeyondhistory/data/plateaus/patterns/images sotol-heart.jpg
2005.07.30 17:42 B L:\TBH Website Temp\plateaus\patterns\images\sotol-hinds.jpg --> uts.cc.utexas.edu /export/httpd/vhosts/texasbeyondhistory/data/plateaus/patterns/images sotol-hinds.jpg
2005.07.30 17:42 B L:\TBH Website Temp\plateaus\patterns\images\sotol-leaves.jpg --> uts.cc.utexas.edu /export/httpd/vhosts/texasbeyondhistory/data/plateaus/patterns/images sotol-leaves.jpg
2005.07.30 17:42 B L:\TBH Website Temp\plateaus\patterns\images\sotol-plait.html --> uts.cc.utexas.edu /export/httpd/vhosts/texasbeyondhistory/data/plateaus/patterns/images sotol-plait.html
2005.07.30 17:42 B L:\TBH Website Temp\plateaus\patterns\images\sotol.html --> uts.cc.utexas.edu /export/httpd/vhosts/texasbeyondhistory/data/plateaus/patterns/images sotol.html
2005.07.30 17:42 B L:\TBH Website Temp\plateaus\patterns\images\sotolpit.html --> uts.cc.utexas.edu /export/httpd/vhosts/texasbeyondhistory/data/plateaus/patterns/images sotolpit.html
2005.07.30 17:42 B L:\TBH Website Temp\plateaus\patterns\images\sotolpit.jpg --> uts.cc.utexas.edu /export/httpd/vhosts/texasbeyondhistory/data/plateaus/patterns/images sotolpit.jpg
2005.07.30 17:42 B L:\TBH Website Temp\plateaus\patterns\images\sotolplait.html --> uts.cc.utexas.edu /export/httpd/vhosts/texasbeyondhistory/data/plateaus/patterns/images sotolplait.html
2005.07.30 17:42 B L:\TBH Website Temp\plateaus\patterns\images\tumpline.html --> uts.cc.utexas.edu /export/httpd/vhosts/texasbeyondhistory/data/plateaus/patterns/images tumpline.html
2005.07.30 17:42 B L:\TBH Website Temp\plateaus\patterns\images\tumpline.jpg --> uts.cc.utexas.edu /export/httpd/vhosts/texasbeyondhistory/data/plateaus/patterns/images tumpline.jpg
2005.07.30 17:42 B L:\TBH Website Temp\plateaus\patterns\images\vv456-s63a.html --> uts.cc.utexas.edu /export/httpd/vhosts/texasbeyondhistory/data/plateaus/patterns/images vv456-s63a.html
2005.07.30 17:42 B L:\TBH Website Temp\plateaus\patterns\images\VV456-S63a.jpg --> uts.cc.utexas.edu /export/httpd/vhosts/texasbeyondhistory/data/plateaus/patterns/images VV456-S63a.jpg
