2003.08.04 16:26 B K:\TBH Website Temp\tejas\voices\homeland.html --> uts.cc.utexas.edu /export/httpd/vhosts/texasbeyondhistory/data/tejas/voices homeland.html
2003.08.04 16:26 B K:\TBH Website Temp\tejas\voices\place.html --> uts.cc.utexas.edu /export/httpd/vhosts/texasbeyondhistory/data/tejas/voices place.html
2003.08.04 16:26 B K:\TBH Website Temp\tejas\voices\rebuilding.html --> uts.cc.utexas.edu /export/httpd/vhosts/texasbeyondhistory/data/tejas/voices rebuilding.html
2003.08.04 16:26 B K:\TBH Website Temp\tejas\voices\transition.html --> uts.cc.utexas.edu /export/httpd/vhosts/texasbeyondhistory/data/tejas/voices transition.html
2003.08.04 16:26 B K:\TBH Website Temp\tejas\voices\without.html --> uts.cc.utexas.edu /export/httpd/vhosts/texasbeyondhistory/data/tejas/voices without.html
2003.08.06 09:00 B K:\TBH Website Temp\tejas\voices\homeland.html --> uts.cc.utexas.edu /export/httpd/vhosts/texasbeyondhistory/data/tejas/voices homeland.html
2003.08.06 09:00 B K:\TBH Website Temp\tejas\voices\index.html --> uts.cc.utexas.edu /export/httpd/vhosts/texasbeyondhistory/data/tejas/voices index.html
2003.08.06 09:00 B K:\TBH Website Temp\tejas\voices\place.html --> uts.cc.utexas.edu /export/httpd/vhosts/texasbeyondhistory/data/tejas/voices place.html
2003.08.06 09:00 B K:\TBH Website Temp\tejas\voices\rebuilding.html --> uts.cc.utexas.edu /export/httpd/vhosts/texasbeyondhistory/data/tejas/voices rebuilding.html
2003.08.06 09:00 B K:\TBH Website Temp\tejas\voices\today.html --> uts.cc.utexas.edu /export/httpd/vhosts/texasbeyondhistory/data/tejas/voices today.html
2003.08.06 09:00 B K:\TBH Website Temp\tejas\voices\transition.html --> uts.cc.utexas.edu /export/httpd/vhosts/texasbeyondhistory/data/tejas/voices transition.html
2003.08.06 09:00 B K:\TBH Website Temp\tejas\voices\without.html --> uts.cc.utexas.edu /export/httpd/vhosts/texasbeyondhistory/data/tejas/voices without.html
2003.08.06 09:00 B K:\TBH Website Temp\tejas\voices\WS_FTP.LOG --> uts.cc.utexas.edu /export/httpd/vhosts/texasbeyondhistory/data/tejas/voices WS_FTP.LOG
2003.08.11 19:18 B K:\TBH Website Temp\tejas\voices\credits.html --> uts.cc.utexas.edu /export/httpd/vhosts/texasbeyondhistory/data/tejas/voices credits.html
2003.08.11 19:18 B K:\TBH Website Temp\tejas\voices\homeland.html --> uts.cc.utexas.edu /export/httpd/vhosts/texasbeyondhistory/data/tejas/voices homeland.html
2003.08.11 19:18 B K:\TBH Website Temp\tejas\voices\index.html --> uts.cc.utexas.edu /export/httpd/vhosts/texasbeyondhistory/data/tejas/voices index.html
2003.08.11 19:18 B K:\TBH Website Temp\tejas\voices\place.html --> uts.cc.utexas.edu /export/httpd/vhosts/texasbeyondhistory/data/tejas/voices place.html
2003.08.11 19:18 B K:\TBH Website Temp\tejas\voices\rebuilding.html --> uts.cc.utexas.edu /export/httpd/vhosts/texasbeyondhistory/data/tejas/voices rebuilding.html
2003.08.11 19:18 B K:\TBH Website Temp\tejas\voices\today.html --> uts.cc.utexas.edu /export/httpd/vhosts/texasbeyondhistory/data/tejas/voices today.html
2003.08.11 19:18 B K:\TBH Website Temp\tejas\voices\transition.html --> uts.cc.utexas.edu /export/httpd/vhosts/texasbeyondhistory/data/tejas/voices transition.html
2003.08.11 19:18 B K:\TBH Website Temp\tejas\voices\without.html --> uts.cc.utexas.edu /export/httpd/vhosts/texasbeyondhistory/data/tejas/voices without.html
