2004.11.11 15:26 B K:\TBH Website Temp\kincaid\credits.html --> uts.cc.utexas.edu /export/httpd/vhosts/texasbeyondhistory/data/kincaid credits.html
2004.11.11 15:26 B K:\TBH Website Temp\kincaid\disc.html --> uts.cc.utexas.edu /export/httpd/vhosts/texasbeyondhistory/data/kincaid disc.html
2004.11.11 15:26 B K:\TBH Website Temp\kincaid\env.html --> uts.cc.utexas.edu /export/httpd/vhosts/texasbeyondhistory/data/kincaid env.html
2004.11.11 15:26 B K:\TBH Website Temp\kincaid\index.html --> uts.cc.utexas.edu /export/httpd/vhosts/texasbeyondhistory/data/kincaid index.html
2004.11.11 15:26 B K:\TBH Website Temp\kincaid\layers.html --> uts.cc.utexas.edu /export/httpd/vhosts/texasbeyondhistory/data/kincaid layers.html
2004.11.11 15:26 B K:\TBH Website Temp\kincaid\past.html --> uts.cc.utexas.edu /export/httpd/vhosts/texasbeyondhistory/data/kincaid past.html
2004.11.11 15:26 B K:\TBH Website Temp\kincaid\revisited.html --> uts.cc.utexas.edu /export/httpd/vhosts/texasbeyondhistory/data/kincaid revisited.html
2004.11.11 15:26 B K:\TBH Website Temp\kincaid\stones.html --> uts.cc.utexas.edu /export/httpd/vhosts/texasbeyondhistory/data/kincaid stones.html
2004.11.11 15:52 B K:\TBH Website Temp\kincaid\credits.html --> uts.cc.utexas.edu /export/httpd/vhosts/texasbeyondhistory/data/kincaid credits.html
2004.11.16 14:07 B G:\TBH Website Temp\kincaid\credits.html --> uts.cc.utexas.edu /export/httpd/vhosts/texasbeyondhistory/data/kincaid credits.html
2004.11.16 14:07 B G:\TBH Website Temp\kincaid\revisited.html --> uts.cc.utexas.edu /export/httpd/vhosts/texasbeyondhistory/data/kincaid revisited.html
2004.11.16 14:08 B G:\TBH Website Temp\kincaid\past.html --> uts.cc.utexas.edu /export/httpd/vhosts/texasbeyondhistory/data/kincaid past.html
2004.11.16 14:08 B G:\TBH Website Temp\kincaid\layers.html --> uts.cc.utexas.edu /export/httpd/vhosts/texasbeyondhistory/data/kincaid layers.html
2004.11.16 14:08 B G:\TBH Website Temp\kincaid\disc.html --> uts.cc.utexas.edu /export/httpd/vhosts/texasbeyondhistory/data/kincaid disc.html
2004.11.16 14:08 B G:\TBH Website Temp\kincaid\env.html --> uts.cc.utexas.edu /export/httpd/vhosts/texasbeyondhistory/data/kincaid env.html
2004.11.16 14:08 B G:\TBH Website Temp\kincaid\index.html --> uts.cc.utexas.edu /export/httpd/vhosts/texasbeyondhistory/data/kincaid index.html
2004.11.23 10:46 B G:\TBH Website Temp\kincaid\credits.html --> uts.cc.utexas.edu /export/httpd/vhosts/texasbeyondhistory/data/kincaid credits.html
2004.11.23 10:47 B G:\TBH Website Temp\kincaid\layers.html --> uts.cc.utexas.edu /export/httpd/vhosts/texasbeyondhistory/data/kincaid layers.html
2004.11.23 10:47 B G:\TBH Website Temp\kincaid\past.html --> uts.cc.utexas.edu /export/httpd/vhosts/texasbeyondhistory/data/kincaid past.html
2004.11.23 10:47 B G:\TBH Website Temp\kincaid\revisited.htm --> uts.cc.utexas.edu /export/httpd/vhosts/texasbeyondhistory/data/kincaid revisited.htm
2004.11.29 16:49 B G:\TBH Website Temp\kincaid\revisited.html --> uts.cc.utexas.edu /export/httpd/vhosts/texasbeyondhistory/data/kincaid revisited.html
2004.11.29 16:49 B G:\TBH Website Temp\kincaid\disc.html --> uts.cc.utexas.edu /export/httpd/vhosts/texasbeyondhistory/data/kincaid disc.html
2004.11.29 16:49 B G:\TBH Website Temp\kincaid\credits.html --> uts.cc.utexas.edu /export/httpd/vhosts/texasbeyondhistory/data/kincaid credits.html
2004.11.29 16:50 B G:\TBH Website Temp\kincaid\stones.html --> uts.cc.utexas.edu /export/httpd/vhosts/texasbeyondhistory/data/kincaid stones.html
2004.11.29 16:50 B G:\TBH Website Temp\kincaid\past.html --> uts.cc.utexas.edu /export/httpd/vhosts/texasbeyondhistory/data/kincaid past.html
2004.11.29 16:50 B G:\TBH Website Temp\kincaid\layers.html --> uts.cc.utexas.edu /export/httpd/vhosts/texasbeyondhistory/data/kincaid layers.html
2004.11.29 16:50 B G:\TBH Website Temp\kincaid\env.html --> uts.cc.utexas.edu /export/httpd/vhosts/texasbeyondhistory/data/kincaid env.html
2004.11.29 16:50 B G:\TBH Website Temp\kincaid\index.html --> uts.cc.utexas.edu /export/httpd/vhosts/texasbeyondhistory/data/kincaid index.html
2004.12.01 15:45 B G:\TBH Website Temp\kincaid\layers.html --> uts.cc.utexas.edu /export/httpd/vhosts/texasbeyondhistory/data/kincaid layers.html
2004.12.08 15:02 B G:\TBH Website Temp\kincaid\env.html --> uts.cc.utexas.edu /export/httpd/vhosts/texasbeyondhistory/data/kincaid env.html
2004.12.09 10:05 B G:\TBH Website Temp\kincaid\credits.html --> uts.cc.utexas.edu /export/httpd/vhosts/texasbeyondhistory/data/kincaid credits.html
2004.12.10 11:22 B L:\TBH Website Temp\kincaid\index.html --> uts.cc.utexas.edu /export/httpd/vhosts/texasbeyondhistory/data/kincaid index.html
2004.12.30 16:27 B G:\TBH Website Temp\kincaid\credits.html --> uts.cc.utexas.edu /export/httpd/vhosts/texasbeyondhistory/data/kincaid credits.html
2004.12.30 16:28 B G:\TBH Website Temp\kincaid\disc.html --> uts.cc.utexas.edu /export/httpd/vhosts/texasbeyondhistory/data/kincaid disc.html
2004.12.30 16:28 B G:\TBH Website Temp\kincaid\env.html --> uts.cc.utexas.edu /export/httpd/vhosts/texasbeyondhistory/data/kincaid env.html
2004.12.30 16:28 B G:\TBH Website Temp\kincaid\index.html --> uts.cc.utexas.edu /export/httpd/vhosts/texasbeyondhistory/data/kincaid index.html
2004.12.30 16:28 B G:\TBH Website Temp\kincaid\layers.html --> uts.cc.utexas.edu /export/httpd/vhosts/texasbeyondhistory/data/kincaid layers.html
2004.12.30 16:28 B G:\TBH Website Temp\kincaid\learning.html --> uts.cc.utexas.edu /export/httpd/vhosts/texasbeyondhistory/data/kincaid learning.html
2004.12.30 16:28 B G:\TBH Website Temp\kincaid\past.html --> uts.cc.utexas.edu /export/httpd/vhosts/texasbeyondhistory/data/kincaid past.html
2004.12.30 16:29 B G:\TBH Website Temp\kincaid\revisited.html --> uts.cc.utexas.edu /export/httpd/vhosts/texasbeyondhistory/data/kincaid revisited.html
2004.12.30 16:29 B G:\TBH Website Temp\kincaid\stones.html --> uts.cc.utexas.edu /export/httpd/vhosts/texasbeyondhistory/data/kincaid stones.html
2005.01.04 16:29 B G:\TBH Website Temp\kincaid\revisited.html --> uts.cc.utexas.edu /export/httpd/vhosts/texasbeyondhistory/data/kincaid revisited.html
2005.01.05 11:36 B G:\TBH Website Temp\kincaid\credits.html --> uts.cc.utexas.edu /export/httpd/vhosts/texasbeyondhistory/data/kincaid credits.html
2005.01.07 10:01 B G:\TBH Website Temp\kincaid\credits.html --> uts.cc.utexas.edu /export/httpd/vhosts/texasbeyondhistory/data/kincaid credits.html
2005.01.10 11:40 B G:\TBH Website Temp\kincaid\revisited.html --> uts.cc.utexas.edu /export/httpd/vhosts/texasbeyondhistory/data/kincaid revisited.html
2005.01.10 15:39 B G:\TBH Website Temp\kincaid\index.html --> uts.cc.utexas.edu /export/httpd/vhosts/texasbeyondhistory/data/kincaid index.html
2005.01.10 15:39 B G:\TBH Website Temp\kincaid\past.html --> uts.cc.utexas.edu /export/httpd/vhosts/texasbeyondhistory/data/kincaid past.html
2005.01.10 15:39 B G:\TBH Website Temp\kincaid\stones.html --> uts.cc.utexas.edu /export/httpd/vhosts/texasbeyondhistory/data/kincaid stones.html
2005.01.10 15:39 B G:\TBH Website Temp\kincaid\credits.html --> uts.cc.utexas.edu /export/httpd/vhosts/texasbeyondhistory/data/kincaid credits.html
2005.01.13 11:06 B G:\TBH Website Temp\kincaid\revisited.html --> uts.cc.utexas.edu /export/httpd/vhosts/texasbeyondhistory/data/kincaid revisited.html
2005.01.13 11:06 B G:\TBH Website Temp\kincaid\past.html --> uts.cc.utexas.edu /export/httpd/vhosts/texasbeyondhistory/data/kincaid past.html
2005.01.13 11:12 B G:\TBH Website Temp\kincaid\index.html --> uts.cc.utexas.edu /export/httpd/vhosts/texasbeyondhistory/data/kincaid index.html
2005.01.13 15:02 B G:\TBH Website Temp\kincaid\credits.html --> uts.cc.utexas.edu /export/httpd/vhosts/texasbeyondhistory/data/kincaid credits.html
2005.01.13 15:18 B G:\TBH Website Temp\kincaid\credits.html --> uts.cc.utexas.edu /export/httpd/vhosts/texasbeyondhistory/data/kincaid credits.html
2005.01.13 16:14 B G:\TBH Website Temp\kincaid\credits.html --> uts.cc.utexas.edu /export/httpd/vhosts/texasbeyondhistory/data/kincaid credits.html
2005.01.13 16:14 B G:\TBH Website Temp\kincaid\revisited.html --> uts.cc.utexas.edu /export/httpd/vhosts/texasbeyondhistory/data/kincaid revisited.html
2005.01.13 16:14 B G:\TBH Website Temp\kincaid\past.html --> uts.cc.utexas.edu /export/httpd/vhosts/texasbeyondhistory/data/kincaid past.html
2005.01.18 17:25 B G:\TBH Website Temp\kincaid\env.html --> uts.cc.utexas.edu /export/httpd/vhosts/texasbeyondhistory/data/kincaid env.html
2005.01.24 09:58 B G:\TBH Website Temp\kincaid\env.html --> uts.cc.utexas.edu /export/httpd/vhosts/texasbeyondhistory/data/kincaid env.html
2005.01.24 12:06 B G:\TBH Website Temp\kincaid\credits.html --> uts.cc.utexas.edu /export/httpd/vhosts/texasbeyondhistory/data/kincaid credits.html
2005.01.31 09:04 B G:\TBH Website Temp\kincaid\credits.html --> uts.cc.utexas.edu /export/httpd/vhosts/texasbeyondhistory/data/kincaid credits.html
2005.02.03 13:24 B G:\TBH Website Temp\kincaid\credits.html --> uts.cc.utexas.edu /export/httpd/vhosts/texasbeyondhistory/data/kincaid credits.html
2005.04.04 13:18 B L:\TBH Website Temp\kincaid\credits.html --> uts.cc.utexas.edu /export/httpd/vhosts/texasbeyondhistory/data/kincaid credits.html
2005.04.04 13:18 B L:\TBH Website Temp\kincaid\disc.html --> uts.cc.utexas.edu /export/httpd/vhosts/texasbeyondhistory/data/kincaid disc.html
2005.04.04 13:18 B L:\TBH Website Temp\kincaid\env.html --> uts.cc.utexas.edu /export/httpd/vhosts/texasbeyondhistory/data/kincaid env.html
2005.04.04 13:18 B L:\TBH Website Temp\kincaid\index.html --> uts.cc.utexas.edu /export/httpd/vhosts/texasbeyondhistory/data/kincaid index.html
2005.04.04 13:18 B L:\TBH Website Temp\kincaid\layers.html --> uts.cc.utexas.edu /export/httpd/vhosts/texasbeyondhistory/data/kincaid layers.html
2005.04.04 13:18 B L:\TBH Website Temp\kincaid\learning.html --> uts.cc.utexas.edu /export/httpd/vhosts/texasbeyondhistory/data/kincaid learning.html
2005.04.04 13:18 B L:\TBH Website Temp\kincaid\past.html --> uts.cc.utexas.edu /export/httpd/vhosts/texasbeyondhistory/data/kincaid past.html
2005.04.04 13:18 B L:\TBH Website Temp\kincaid\revisited.html --> uts.cc.utexas.edu /export/httpd/vhosts/texasbeyondhistory/data/kincaid revisited.html
2005.04.04 13:18 B L:\TBH Website Temp\kincaid\stones.html --> uts.cc.utexas.edu /export/httpd/vhosts/texasbeyondhistory/data/kincaid stones.html
2005.04.04 13:18 B L:\TBH Website Temp\kincaid\teach.html --> uts.cc.utexas.edu /export/httpd/vhosts/texasbeyondhistory/data/kincaid teach.html
