2001.09.28 09:20 B M:\Website Stuff\TBH Website Temp\redriver\archeologists.html --> uts.cc.utexas.edu /usr/pub/www/research/tarl/abouttarl/tbh/redriver archeologists.html
2001.09.28 09:20 B M:\Website Stuff\TBH Website Temp\redriver\battles.html --> uts.cc.utexas.edu /usr/pub/www/research/tarl/abouttarl/tbh/redriver battles.html
2001.09.28 09:20 B M:\Website Stuff\TBH Website Temp\redriver\credits.html --> uts.cc.utexas.edu /usr/pub/www/research/tarl/abouttarl/tbh/redriver credits.html
2001.09.28 09:20 B M:\Website Stuff\TBH Website Temp\redriver\index.html --> uts.cc.utexas.edu /usr/pub/www/research/tarl/abouttarl/tbh/redriver index.html
2001.09.28 09:20 B M:\Website Stuff\TBH Website Temp\redriver\reconstructing.html --> uts.cc.utexas.edu /usr/pub/www/research/tarl/abouttarl/tbh/redriver reconstructing.html
2001.09.28 09:20 B M:\Website Stuff\TBH Website Temp\redriver\weapons.html --> uts.cc.utexas.edu /usr/pub/www/research/tarl/abouttarl/tbh/redriver weapons.html
2001.10.02 02:19 B C:\WINDOWS\Desktop\TBH\Recent\redriver\archeologists.html --> uts.cc.utexas.edu /export/httpd/vhosts/texasbeyondhistory/data/redriver archeologists.html
2001.10.02 02:19 B C:\WINDOWS\Desktop\TBH\Recent\redriver\battles.html --> uts.cc.utexas.edu /export/httpd/vhosts/texasbeyondhistory/data/redriver battles.html
2001.10.02 02:19 B C:\WINDOWS\Desktop\TBH\Recent\redriver\credits.html --> uts.cc.utexas.edu /export/httpd/vhosts/texasbeyondhistory/data/redriver credits.html
2001.10.02 02:19 B C:\WINDOWS\Desktop\TBH\Recent\redriver\index.html --> uts.cc.utexas.edu /export/httpd/vhosts/texasbeyondhistory/data/redriver index.html
2001.10.02 02:19 B C:\WINDOWS\Desktop\TBH\Recent\redriver\reconstructing.html --> uts.cc.utexas.edu /export/httpd/vhosts/texasbeyondhistory/data/redriver reconstructing.html
2001.10.02 02:19 B C:\WINDOWS\Desktop\TBH\Recent\redriver\weapons.html --> uts.cc.utexas.edu /export/httpd/vhosts/texasbeyondhistory/data/redriver weapons.html
2001.10.11 15:12 B M:\Website Stuff\TBH Website Temp\redriver\WS_FTP.LOG <-- texasbeyondhistory /export/httpd/vhosts/texasbeyondhistory/data/redriver WS_FTP.LOG
2001.12.18 16:06 B G:\Website Stuff\TBH Website Temp\redriver\battles.html --> uts.cc.utexas.edu /export/httpd/vhosts/texasbeyondhistory/data/redriver battles.html
2001.12.18 16:06 B G:\Website Stuff\TBH Website Temp\redriver\reconstructing.html --> uts.cc.utexas.edu /export/httpd/vhosts/texasbeyondhistory/data/redriver reconstructing.html
2002.02.22 10:55 B G:\Website Stuff\TBH Website Temp\redriver\index.html --> uts.cc.utexas.edu /export/httpd/vhosts/texasbeyondhistory/data/redriver index.html
2002.02.22 10:56 B G:\Website Stuff\TBH Website Temp\redriver\battles.html --> uts.cc.utexas.edu /export/httpd/vhosts/texasbeyondhistory/data/redriver battles.html
2002.03.14 13:47 B G:\Website Stuff\TBH Website Temp\redriver\index.html --> uts.cc.utexas.edu /export/httpd/vhosts/texasbeyondhistory/data index.html
2002.03.14 13:48 B G:\Website Stuff\TBH Website Temp\redriver\index.html --> uts.cc.utexas.edu /export/httpd/vhosts/texasbeyondhistory/data/redriver index.html
2002.03.14 13:50 B G:\Website Stuff\TBH Website Temp\redriver\index.html --> uts.cc.utexas.edu /export/httpd/vhosts/texasbeyondhistory/data/redriver index.html
2002.03.14 13:55 B G:\Website Stuff\TBH Website Temp\redriver\index.html --> uts.cc.utexas.edu /export/httpd/vhosts/texasbeyondhistory/data/redriver index.html
2002.03.14 13:56 B G:\Website Stuff\TBH Website Temp\redriver\battles.html --> uts.cc.utexas.edu /export/httpd/vhosts/texasbeyondhistory/data/redriver battles.html
2002.03.14 14:00 B G:\Website Stuff\TBH Website Temp\redriver\index.html --> uts.cc.utexas.edu /export/httpd/vhosts/texasbeyondhistory/data index.html
2002.03.14 14:06 B G:\Website Stuff\TBH Website Temp\redriver\battles.html --> uts.cc.utexas.edu /export/httpd/vhosts/texasbeyondhistory/data/redriver battles.html
2004.06.01 09:04 B K:\TBH Website Temp\redriver\WS_FTP.LOG <-- texasbeyondhistory /export/httpd/vhosts/texasbeyondhistory/data/redriver WS_FTP.LOG
2004.09.13 16:47 B G:\TBH Website Temp\redriver\credits.html --> uts.cc.utexas.edu /export/httpd/vhosts/texasbeyondhistory/data/redriver credits.html
2005.02.07 09:44 B L:\TBH Website Temp\redriver\weapons.html --> uts.cc.utexas.edu /export/httpd/vhosts/texasbeyondhistory/data/redriver weapons.html
2005.03.22 10:43 B G:\TBH Website Temp\redriver\lesson.html --> uts.cc.utexas.edu /export/httpd/vhosts/texasbeyondhistory/data/redriver lesson.html
2005.04.04 13:27 B L:\TBH Website Temp\redriver\archeologists.html --> uts.cc.utexas.edu /export/httpd/vhosts/texasbeyondhistory/data/redriver archeologists.html
2005.04.04 13:27 B L:\TBH Website Temp\redriver\battles.html --> uts.cc.utexas.edu /export/httpd/vhosts/texasbeyondhistory/data/redriver battles.html
2005.04.04 13:27 B L:\TBH Website Temp\redriver\credits.html --> uts.cc.utexas.edu /export/httpd/vhosts/texasbeyondhistory/data/redriver credits.html
2005.04.04 13:27 B L:\TBH Website Temp\redriver\index.html --> uts.cc.utexas.edu /export/httpd/vhosts/texasbeyondhistory/data/redriver index.html
2005.04.04 13:27 B L:\TBH Website Temp\redriver\lesson.html --> uts.cc.utexas.edu /export/httpd/vhosts/texasbeyondhistory/data/redriver lesson.html
2005.04.04 13:27 B L:\TBH Website Temp\redriver\reconstructing.html --> uts.cc.utexas.edu /export/httpd/vhosts/texasbeyondhistory/data/redriver reconstructing.html
2005.04.04 13:27 B L:\TBH Website Temp\redriver\teach.html --> uts.cc.utexas.edu /export/httpd/vhosts/texasbeyondhistory/data/redriver teach.html
2005.04.04 13:27 B L:\TBH Website Temp\redriver\weapons.html --> uts.cc.utexas.edu /export/httpd/vhosts/texasbeyondhistory/data/redriver weapons.html
