2003.08.02 13:32 B C:\WINDOWS\Desktop\TBH\content\Tejas\Map Tool\enGraphics\1.jpg <-- TARL /Website Stuff/Transfer to Meg/Tejas/Map Tool/enGraphics 1.jpg
2003.08.02 13:32 B C:\WINDOWS\Desktop\TBH\content\Tejas\Map Tool\enGraphics\10.jpg <-- TARL /Website Stuff/Transfer to Meg/Tejas/Map Tool/enGraphics 10.jpg
2003.08.02 13:32 B C:\WINDOWS\Desktop\TBH\content\Tejas\Map Tool\enGraphics\11.jpg <-- TARL /Website Stuff/Transfer to Meg/Tejas/Map Tool/enGraphics 11.jpg
2003.08.02 13:32 B C:\WINDOWS\Desktop\TBH\content\Tejas\Map Tool\enGraphics\12.jpg <-- TARL /Website Stuff/Transfer to Meg/Tejas/Map Tool/enGraphics 12.jpg
2003.08.02 13:32 B C:\WINDOWS\Desktop\TBH\content\Tejas\Map Tool\enGraphics\2.jpg <-- TARL /Website Stuff/Transfer to Meg/Tejas/Map Tool/enGraphics 2.jpg
2003.08.02 13:32 B C:\WINDOWS\Desktop\TBH\content\Tejas\Map Tool\enGraphics\3.jpg <-- TARL /Website Stuff/Transfer to Meg/Tejas/Map Tool/enGraphics 3.jpg
2003.08.02 13:32 B C:\WINDOWS\Desktop\TBH\content\Tejas\Map Tool\enGraphics\4.jpg <-- TARL /Website Stuff/Transfer to Meg/Tejas/Map Tool/enGraphics 4.jpg
2003.08.02 13:32 B C:\WINDOWS\Desktop\TBH\content\Tejas\Map Tool\enGraphics\5.jpg <-- TARL /Website Stuff/Transfer to Meg/Tejas/Map Tool/enGraphics 5.jpg
2003.08.02 13:32 B C:\WINDOWS\Desktop\TBH\content\Tejas\Map Tool\enGraphics\6.jpg <-- TARL /Website Stuff/Transfer to Meg/Tejas/Map Tool/enGraphics 6.jpg
2003.08.02 13:32 B C:\WINDOWS\Desktop\TBH\content\Tejas\Map Tool\enGraphics\7.jpg <-- TARL /Website Stuff/Transfer to Meg/Tejas/Map Tool/enGraphics 7.jpg
2003.08.02 13:32 B C:\WINDOWS\Desktop\TBH\content\Tejas\Map Tool\enGraphics\8.jpg <-- TARL /Website Stuff/Transfer to Meg/Tejas/Map Tool/enGraphics 8.jpg
2003.08.02 13:32 B C:\WINDOWS\Desktop\TBH\content\Tejas\Map Tool\enGraphics\9.jpg <-- TARL /Website Stuff/Transfer to Meg/Tejas/Map Tool/enGraphics 9.jpg
2003.08.02 13:32 B C:\WINDOWS\Desktop\TBH\content\Tejas\Map Tool\enGraphics\arv_1-lg.jpg <-- TARL /Website Stuff/Transfer to Meg/Tejas/Map Tool/enGraphics arv_1-lg.jpg
2003.08.02 13:32 B C:\WINDOWS\Desktop\TBH\content\Tejas\Map Tool\enGraphics\arv_1-sm.jpg <-- TARL /Website Stuff/Transfer to Meg/Tejas/Map Tool/enGraphics arv_1-sm.jpg
2003.08.02 13:32 B C:\WINDOWS\Desktop\TBH\content\Tejas\Map Tool\enGraphics\arv_2-lg.jpg <-- TARL /Website Stuff/Transfer to Meg/Tejas/Map Tool/enGraphics arv_2-lg.jpg
2003.08.02 13:32 B C:\WINDOWS\Desktop\TBH\content\Tejas\Map Tool\enGraphics\auburn_creek2-lg.jpg <-- TARL /Website Stuff/Transfer to Meg/Tejas/Map Tool/enGraphics auburn_creek2-lg.jpg
2003.08.02 13:32 B C:\WINDOWS\Desktop\TBH\content\Tejas\Map Tool\enGraphics\battle-area-lg.jpg <-- TARL /Website Stuff/Transfer to Meg/Tejas/Map Tool/enGraphics battle-area-lg.jpg
2003.08.02 13:32 B C:\WINDOWS\Desktop\TBH\content\Tejas\Map Tool\enGraphics\battle-area-sm.jpg <-- TARL /Website Stuff/Transfer to Meg/Tejas/Map Tool/enGraphics battle-area-sm.jpg
2003.08.02 13:32 B C:\WINDOWS\Desktop\TBH\content\Tejas\Map Tool\enGraphics\battle-slb-lg.jpg <-- TARL /Website Stuff/Transfer to Meg/Tejas/Map Tool/enGraphics battle-slb-lg.jpg
2003.08.02 13:32 B C:\WINDOWS\Desktop\TBH\content\Tejas\Map Tool\enGraphics\battle-slb-sm.jpg <-- TARL /Website Stuff/Transfer to Meg/Tejas/Map Tool/enGraphics battle-slb-sm.jpg
2003.08.02 13:32 B C:\WINDOWS\Desktop\TBH\content\Tejas\Map Tool\enGraphics\bayou-loco-air-lg.jpg <-- TARL /Website Stuff/Transfer to Meg/Tejas/Map Tool/enGraphics bayou-loco-air-lg.jpg
2003.08.02 13:32 B C:\WINDOWS\Desktop\TBH\content\Tejas\Map Tool\enGraphics\bayou-loco-air-sm.jpg <-- TARL /Website Stuff/Transfer to Meg/Tejas/Map Tool/enGraphics bayou-loco-air-sm.jpg
2003.08.02 13:32 B C:\WINDOWS\Desktop\TBH\content\Tejas\Map Tool\enGraphics\bayou-loco-oak-lg.jpg <-- TARL /Website Stuff/Transfer to Meg/Tejas/Map Tool/enGraphics bayou-loco-oak-lg.jpg
2003.08.02 13:32 B C:\WINDOWS\Desktop\TBH\content\Tejas\Map Tool\enGraphics\bayou-loco-oak-sm.jpg <-- TARL /Website Stuff/Transfer to Meg/Tejas/Map Tool/enGraphics bayou-loco-oak-sm.jpg
2003.08.02 13:32 B C:\WINDOWS\Desktop\TBH\content\Tejas\Map Tool\enGraphics\berry-brake-lg.jpg <-- TARL /Website Stuff/Transfer to Meg/Tejas/Map Tool/enGraphics berry-brake-lg.jpg
2003.08.02 13:32 B C:\WINDOWS\Desktop\TBH\content\Tejas\Map Tool\enGraphics\big-cypress-bottoms-lg.jpg <-- TARL /Website Stuff/Transfer to Meg/Tejas/Map Tool/enGraphics big-cypress-bottoms-lg.jpg
2003.08.02 13:32 B C:\WINDOWS\Desktop\TBH\content\Tejas\Map Tool\enGraphics\big-cypress-bottoms-sm.jpg <-- TARL /Website Stuff/Transfer to Meg/Tejas/Map Tool/enGraphics big-cypress-bottoms-sm.jpg
2003.08.02 13:32 B C:\WINDOWS\Desktop\TBH\content\Tejas\Map Tool\enGraphics\bm_1-lg.jpg <-- TARL /Website Stuff/Transfer to Meg/Tejas/Map Tool/enGraphics bm_1-lg.jpg
2003.08.02 13:32 B C:\WINDOWS\Desktop\TBH\content\Tejas\Map Tool\enGraphics\bm_1-sm.jpg <-- TARL /Website Stuff/Transfer to Meg/Tejas/Map Tool/enGraphics bm_1-sm.jpg
2003.08.02 13:32 B C:\WINDOWS\Desktop\TBH\content\Tejas\Map Tool\enGraphics\bm_2-lg.jpg <-- TARL /Website Stuff/Transfer to Meg/Tejas/Map Tool/enGraphics bm_2-lg.jpg
2003.08.02 13:32 B C:\WINDOWS\Desktop\TBH\content\Tejas\Map Tool\enGraphics\bm_2-sm.jpg <-- TARL /Website Stuff/Transfer to Meg/Tejas/Map Tool/enGraphics bm_2-sm.jpg
2003.08.02 13:32 B C:\WINDOWS\Desktop\TBH\content\Tejas\Map Tool\enGraphics\bois_creek-lg.jpg <-- TARL /Website Stuff/Transfer to Meg/Tejas/Map Tool/enGraphics bois_creek-lg.jpg
2003.08.02 13:32 B C:\WINDOWS\Desktop\TBH\content\Tejas\Map Tool\enGraphics\caddo_lake-lg.jpg <-- TARL /Website Stuff/Transfer to Meg/Tejas/Map Tool/enGraphics caddo_lake-lg.jpg
2003.08.02 13:32 B C:\WINDOWS\Desktop\TBH\content\Tejas\Map Tool\enGraphics\cherokee-prairie1-lg.jpg <-- TARL /Website Stuff/Transfer to Meg/Tejas/Map Tool/enGraphics cherokee-prairie1-lg.jpg
2003.08.02 13:32 B C:\WINDOWS\Desktop\TBH\content\Tejas\Map Tool\enGraphics\cooper_creek-lg.jpg <-- TARL /Website Stuff/Transfer to Meg/Tejas/Map Tool/enGraphics cooper_creek-lg.jpg
2003.08.02 13:32 B C:\WINDOWS\Desktop\TBH\content\Tejas\Map Tool\enGraphics\cypress_bob_sandlin-lg.jpg <-- TARL /Website Stuff/Transfer to Meg/Tejas/Map Tool/enGraphics cypress_bob_sandlin-lg.jpg
2003.08.02 13:32 B C:\WINDOWS\Desktop\TBH\content\Tejas\Map Tool\enGraphics\cypress_bob_sandlin-sm.jpg <-- TARL /Website Stuff/Transfer to Meg/Tejas/Map Tool/enGraphics cypress_bob_sandlin-sm.jpg
2003.08.02 13:32 B C:\WINDOWS\Desktop\TBH\content\Tejas\Map Tool\enGraphics\flooded-bottomland-lg.jpg <-- TARL /Website Stuff/Transfer to Meg/Tejas/Map Tool/enGraphics flooded-bottomland-lg.jpg
2003.08.02 13:32 B C:\WINDOWS\Desktop\TBH\content\Tejas\Map Tool\enGraphics\flooded-bottomland-sm.jpg <-- TARL /Website Stuff/Transfer to Meg/Tejas/Map Tool/enGraphics flooded-bottomland-sm.jpg
2003.08.02 13:32 B C:\WINDOWS\Desktop\TBH\content\Tejas\Map Tool\enGraphics\grand-ecore-lg.jpg <-- TARL /Website Stuff/Transfer to Meg/Tejas/Map Tool/enGraphics grand-ecore-lg.jpg
2003.08.02 13:32 B C:\WINDOWS\Desktop\TBH\content\Tejas\Map Tool\enGraphics\grand-river-lg.jpg <-- TARL /Website Stuff/Transfer to Meg/Tejas/Map Tool/enGraphics grand-river-lg.jpg
2003.08.02 13:32 B C:\WINDOWS\Desktop\TBH\content\Tejas\Map Tool\enGraphics\greatraft-lg.jpg <-- TARL /Website Stuff/Transfer to Meg/Tejas/Map Tool/enGraphics greatraft-lg.jpg
2003.08.02 13:32 B C:\WINDOWS\Desktop\TBH\content\Tejas\Map Tool\enGraphics\greatraft-sm.jpg <-- TARL /Website Stuff/Transfer to Meg/Tejas/Map Tool/enGraphics greatraft-sm.jpg
2003.08.02 13:32 B C:\WINDOWS\Desktop\TBH\content\Tejas\Map Tool\enGraphics\irv_1-lg.jpg <-- TARL /Website Stuff/Transfer to Meg/Tejas/Map Tool/enGraphics irv_1-lg.jpg
2003.08.02 13:32 B C:\WINDOWS\Desktop\TBH\content\Tejas\Map Tool\enGraphics\irv_1-sm.jpg <-- TARL /Website Stuff/Transfer to Meg/Tejas/Map Tool/enGraphics irv_1-sm.jpg
2003.08.02 13:32 B C:\WINDOWS\Desktop\TBH\content\Tejas\Map Tool\enGraphics\irv_3-lg.jpg <-- TARL /Website Stuff/Transfer to Meg/Tejas/Map Tool/enGraphics irv_3-lg.jpg
2003.08.02 13:32 B C:\WINDOWS\Desktop\TBH\content\Tejas\Map Tool\enGraphics\irv_3-sm.jpg <-- TARL /Website Stuff/Transfer to Meg/Tejas/Map Tool/enGraphics irv_3-sm.jpg
2003.08.02 13:32 B C:\WINDOWS\Desktop\TBH\content\Tejas\Map Tool\enGraphics\kiamichi_valley-lg.jpg <-- TARL /Website Stuff/Transfer to Meg/Tejas/Map Tool/enGraphics kiamichi_valley-lg.jpg
2003.08.02 13:32 B C:\WINDOWS\Desktop\TBH\content\Tejas\Map Tool\enGraphics\neches_bluff-lg.jpg <-- TARL /Website Stuff/Transfer to Meg/Tejas/Map Tool/enGraphics neches_bluff-lg.jpg
2003.08.02 13:32 B C:\WINDOWS\Desktop\TBH\content\Tejas\Map Tool\enGraphics\neches_bluff-sm.jpg <-- TARL /Website Stuff/Transfer to Meg/Tejas/Map Tool/enGraphics neches_bluff-sm.jpg
2003.08.02 13:32 B C:\WINDOWS\Desktop\TBH\content\Tejas\Map Tool\enGraphics\neches_river-lg.jpg <-- TARL /Website Stuff/Transfer to Meg/Tejas/Map Tool/enGraphics neches_river-lg.jpg
2003.08.02 13:32 B C:\WINDOWS\Desktop\TBH\content\Tejas\Map Tool\enGraphics\neches_river-sm.jpg <-- TARL /Website Stuff/Transfer to Meg/Tejas/Map Tool/enGraphics neches_river-sm.jpg
2003.08.02 13:32 B C:\WINDOWS\Desktop\TBH\content\Tejas\Map Tool\enGraphics\new_hope1-lg.jpg <-- TARL /Website Stuff/Transfer to Meg/Tejas/Map Tool/enGraphics new_hope1-lg.jpg
2003.08.02 13:32 B C:\WINDOWS\Desktop\TBH\content\Tejas\Map Tool\enGraphics\new_hope6-lg.jpg <-- TARL /Website Stuff/Transfer to Meg/Tejas/Map Tool/enGraphics new_hope6-lg.jpg
2003.08.02 13:32 B C:\WINDOWS\Desktop\TBH\content\Tejas\Map Tool\enGraphics\novaculite-lg.jpg <-- TARL /Website Stuff/Transfer to Meg/Tejas/Map Tool/enGraphics novaculite-lg.jpg
2003.08.02 13:32 B C:\WINDOWS\Desktop\TBH\content\Tejas\Map Tool\enGraphics\novaculite2-lg.jpg <-- TARL /Website Stuff/Transfer to Meg/Tejas/Map Tool/enGraphics novaculite2-lg.jpg
2003.08.02 13:32 B C:\WINDOWS\Desktop\TBH\content\Tejas\Map Tool\enGraphics\novaculite2-sm.jpg <-- TARL /Website Stuff/Transfer to Meg/Tejas/Map Tool/enGraphics novaculite2-sm.jpg
2003.08.02 13:32 B C:\WINDOWS\Desktop\TBH\content\Tejas\Map Tool\enGraphics\novaculite3-lg.jpg <-- TARL /Website Stuff/Transfer to Meg/Tejas/Map Tool/enGraphics novaculite3-lg.jpg
2003.08.02 13:32 B C:\WINDOWS\Desktop\TBH\content\Tejas\Map Tool\enGraphics\novaculite3-sm.jpg <-- TARL /Website Stuff/Transfer to Meg/Tejas/Map Tool/enGraphics novaculite3-sm.jpg
2003.08.02 13:32 B C:\WINDOWS\Desktop\TBH\content\Tejas\Map Tool\enGraphics\ouachita-fall2-lg.jpg <-- TARL /Website Stuff/Transfer to Meg/Tejas/Map Tool/enGraphics ouachita-fall2-lg.jpg
2003.08.02 13:32 B C:\WINDOWS\Desktop\TBH\content\Tejas\Map Tool\enGraphics\ouachita-valley-lg.jpg <-- TARL /Website Stuff/Transfer to Meg/Tejas/Map Tool/enGraphics ouachita-valley-lg.jpg
2003.08.02 13:32 B C:\WINDOWS\Desktop\TBH\content\Tejas\Map Tool\enGraphics\ouachita_fall-lg.jpg <-- TARL /Website Stuff/Transfer to Meg/Tejas/Map Tool/enGraphics ouachita_fall-lg.jpg
2003.08.02 13:32 B C:\WINDOWS\Desktop\TBH\content\Tejas\Map Tool\enGraphics\ouachita_stream-lg.jpg <-- TARL /Website Stuff/Transfer to Meg/Tejas/Map Tool/enGraphics ouachita_stream-lg.jpg
2003.08.02 13:32 B C:\WINDOWS\Desktop\TBH\content\Tejas\Map Tool\enGraphics\ouachita_stream-sm.jpg <-- TARL /Website Stuff/Transfer to Meg/Tejas/Map Tool/enGraphics ouachita_stream-sm.jpg
2003.08.02 13:32 B C:\WINDOWS\Desktop\TBH\content\Tejas\Map Tool\enGraphics\oxbow_lake-lg.jpg <-- TARL /Website Stuff/Transfer to Meg/Tejas/Map Tool/enGraphics oxbow_lake-lg.jpg
2003.08.02 13:32 B C:\WINDOWS\Desktop\TBH\content\Tejas\Map Tool\enGraphics\p1.jpg <-- TARL /Website Stuff/Transfer to Meg/Tejas/Map Tool/enGraphics p1.jpg
2003.08.02 13:32 B C:\WINDOWS\Desktop\TBH\content\Tejas\Map Tool\enGraphics\p10.jpg <-- TARL /Website Stuff/Transfer to Meg/Tejas/Map Tool/enGraphics p10.jpg
2003.08.02 13:32 B C:\WINDOWS\Desktop\TBH\content\Tejas\Map Tool\enGraphics\p11.jpg <-- TARL /Website Stuff/Transfer to Meg/Tejas/Map Tool/enGraphics p11.jpg
2003.08.02 13:32 B C:\WINDOWS\Desktop\TBH\content\Tejas\Map Tool\enGraphics\p12.jpg <-- TARL /Website Stuff/Transfer to Meg/Tejas/Map Tool/enGraphics p12.jpg
2003.08.02 13:32 B C:\WINDOWS\Desktop\TBH\content\Tejas\Map Tool\enGraphics\p13.jpg <-- TARL /Website Stuff/Transfer to Meg/Tejas/Map Tool/enGraphics p13.jpg
2003.08.02 13:32 B C:\WINDOWS\Desktop\TBH\content\Tejas\Map Tool\enGraphics\p14.jpg <-- TARL /Website Stuff/Transfer to Meg/Tejas/Map Tool/enGraphics p14.jpg
2003.08.02 13:32 B C:\WINDOWS\Desktop\TBH\content\Tejas\Map Tool\enGraphics\p15.jpg <-- TARL /Website Stuff/Transfer to Meg/Tejas/Map Tool/enGraphics p15.jpg
2003.08.02 13:32 B C:\WINDOWS\Desktop\TBH\content\Tejas\Map Tool\enGraphics\p16.jpg <-- TARL /Website Stuff/Transfer to Meg/Tejas/Map Tool/enGraphics p16.jpg
2003.08.02 13:32 B C:\WINDOWS\Desktop\TBH\content\Tejas\Map Tool\enGraphics\p17.jpg <-- TARL /Website Stuff/Transfer to Meg/Tejas/Map Tool/enGraphics p17.jpg
2003.08.02 13:32 B C:\WINDOWS\Desktop\TBH\content\Tejas\Map Tool\enGraphics\p18.jpg <-- TARL /Website Stuff/Transfer to Meg/Tejas/Map Tool/enGraphics p18.jpg
2003.08.02 13:32 B C:\WINDOWS\Desktop\TBH\content\Tejas\Map Tool\enGraphics\p19.jpg <-- TARL /Website Stuff/Transfer to Meg/Tejas/Map Tool/enGraphics p19.jpg
2003.08.02 13:32 B C:\WINDOWS\Desktop\TBH\content\Tejas\Map Tool\enGraphics\p2.jpg <-- TARL /Website Stuff/Transfer to Meg/Tejas/Map Tool/enGraphics p2.jpg
2003.08.02 13:32 B C:\WINDOWS\Desktop\TBH\content\Tejas\Map Tool\enGraphics\p3.jpg <-- TARL /Website Stuff/Transfer to Meg/Tejas/Map Tool/enGraphics p3.jpg
2003.08.02 13:32 B C:\WINDOWS\Desktop\TBH\content\Tejas\Map Tool\enGraphics\p4.jpg <-- TARL /Website Stuff/Transfer to Meg/Tejas/Map Tool/enGraphics p4.jpg
2003.08.02 13:32 B C:\WINDOWS\Desktop\TBH\content\Tejas\Map Tool\enGraphics\p5.jpg <-- TARL /Website Stuff/Transfer to Meg/Tejas/Map Tool/enGraphics p5.jpg
2003.08.02 13:32 B C:\WINDOWS\Desktop\TBH\content\Tejas\Map Tool\enGraphics\p6.jpg <-- TARL /Website Stuff/Transfer to Meg/Tejas/Map Tool/enGraphics p6.jpg
2003.08.02 13:32 B C:\WINDOWS\Desktop\TBH\content\Tejas\Map Tool\enGraphics\p7.jpg <-- TARL /Website Stuff/Transfer to Meg/Tejas/Map Tool/enGraphics p7.jpg
2003.08.02 13:32 B C:\WINDOWS\Desktop\TBH\content\Tejas\Map Tool\enGraphics\p8.jpg <-- TARL /Website Stuff/Transfer to Meg/Tejas/Map Tool/enGraphics p8.jpg
2003.08.02 13:32 B C:\WINDOWS\Desktop\TBH\content\Tejas\Map Tool\enGraphics\p9.jpg <-- TARL /Website Stuff/Transfer to Meg/Tejas/Map Tool/enGraphics p9.jpg
2003.08.02 13:32 B C:\WINDOWS\Desktop\TBH\content\Tejas\Map Tool\enGraphics\red-river1-lg.jpg <-- TARL /Website Stuff/Transfer to Meg/Tejas/Map Tool/enGraphics red-river1-lg.jpg
2003.08.02 13:32 B C:\WINDOWS\Desktop\TBH\content\Tejas\Map Tool\enGraphics\red_denison-lg.jpg <-- TARL /Website Stuff/Transfer to Meg/Tejas/Map Tool/enGraphics red_denison-lg.jpg
2003.08.02 13:32 B C:\WINDOWS\Desktop\TBH\content\Tejas\Map Tool\enGraphics\red_sand_storm-lg.jpg <-- TARL /Website Stuff/Transfer to Meg/Tejas/Map Tool/enGraphics red_sand_storm-lg.jpg
2003.08.02 13:32 B C:\WINDOWS\Desktop\TBH\content\Tejas\Map Tool\enGraphics\red_texarkana-lg.jpg <-- TARL /Website Stuff/Transfer to Meg/Tejas/Map Tool/enGraphics red_texarkana-lg.jpg
2003.08.02 13:32 B C:\WINDOWS\Desktop\TBH\content\Tejas\Map Tool\enGraphics\red_texarkana-sm.jpg <-- TARL /Website Stuff/Transfer to Meg/Tejas/Map Tool/enGraphics red_texarkana-sm.jpg
2003.08.02 13:32 B C:\WINDOWS\Desktop\TBH\content\Tejas\Map Tool\enGraphics\sabine-toledo-lg.jpg <-- TARL /Website Stuff/Transfer to Meg/Tejas/Map Tool/enGraphics sabine-toledo-lg.jpg
2003.08.02 13:32 B C:\WINDOWS\Desktop\TBH\content\Tejas\Map Tool\enGraphics\saline_bayou-lg.jpg <-- TARL /Website Stuff/Transfer to Meg/Tejas/Map Tool/enGraphics saline_bayou-lg.jpg
2003.08.02 13:32 B C:\WINDOWS\Desktop\TBH\content\Tejas\Map Tool\enGraphics\saline_bayou-sm.jpg <-- TARL /Website Stuff/Transfer to Meg/Tejas/Map Tool/enGraphics saline_bayou-sm.jpg
2003.08.02 13:32 B C:\WINDOWS\Desktop\TBH\content\Tejas\Map Tool\enGraphics\salt_spring-lg.jpg <-- TARL /Website Stuff/Transfer to Meg/Tejas/Map Tool/enGraphics salt_spring-lg.jpg
2003.08.02 13:32 B C:\WINDOWS\Desktop\TBH\content\Tejas\Map Tool\enGraphics\sanders-veg-lg.jpg <-- TARL /Website Stuff/Transfer to Meg/Tejas/Map Tool/enGraphics sanders-veg-lg.jpg
2003.08.02 13:32 B C:\WINDOWS\Desktop\TBH\content\Tejas\Map Tool\enGraphics\sanders-veg-sm.jpg <-- TARL /Website Stuff/Transfer to Meg/Tejas/Map Tool/enGraphics sanders-veg-sm.jpg
2003.08.02 13:32 B C:\WINDOWS\Desktop\TBH\content\Tejas\Map Tool\enGraphics\smithport-lake-lg.jpg <-- TARL /Website Stuff/Transfer to Meg/Tejas/Map Tool/enGraphics smithport-lake-lg.jpg
2003.08.02 13:32 B C:\WINDOWS\Desktop\TBH\content\Tejas\Map Tool\enGraphics\spiro-sanders-lg.jpg <-- TARL /Website Stuff/Transfer to Meg/Tejas/Map Tool/enGraphics spiro-sanders-lg.jpg
2003.08.02 13:32 B C:\WINDOWS\Desktop\TBH\content\Tejas\Map Tool\enGraphics\spiro-sanders-sm.jpg <-- TARL /Website Stuff/Transfer to Meg/Tejas/Map Tool/enGraphics spiro-sanders-sm.jpg
2003.08.02 13:32 B C:\WINDOWS\Desktop\TBH\content\Tejas\Map Tool\enGraphics\suphur-cutland-lg.jpg <-- TARL /Website Stuff/Transfer to Meg/Tejas/Map Tool/enGraphics suphur-cutland-lg.jpg
2003.08.02 13:32 B C:\WINDOWS\Desktop\TBH\content\Tejas\Map Tool\enGraphics\Thumbs.db <-- TARL /Website Stuff/Transfer to Meg/Tejas/Map Tool/enGraphics Thumbs.db
2003.08.02 13:32 B C:\WINDOWS\Desktop\TBH\content\Tejas\Map Tool\enGraphics\titus-uplands-lg.jpg <-- TARL /Website Stuff/Transfer to Meg/Tejas/Map Tool/enGraphics titus-uplands-lg.jpg
2003.08.02 13:32 B C:\WINDOWS\Desktop\TBH\content\Tejas\Map Tool\enGraphics\white-river-lg.jpg <-- TARL /Website Stuff/Transfer to Meg/Tejas/Map Tool/enGraphics white-river-lg.jpg
2003.08.02 13:32 B C:\WINDOWS\Desktop\TBH\content\Tejas\Map Tool\enGraphics\white-river-sm.jpg <-- TARL /Website Stuff/Transfer to Meg/Tejas/Map Tool/enGraphics white-river-sm.jpg
2003.08.02 13:32 B C:\WINDOWS\Desktop\TBH\content\Tejas\Map Tool\enGraphics\wolf_bottom-lg.jpg <-- TARL /Website Stuff/Transfer to Meg/Tejas/Map Tool/enGraphics wolf_bottom-lg.jpg
2003.07.27 19:08 B K:\TBH Website Temp\tejas\map\engraphics\1.jpg --> uts.cc.utexas.edu /export/httpd/vhosts/texasbeyondhistory/data/tejas/map/engraphics 1.jpg
2003.07.27 19:08 B K:\TBH Website Temp\tejas\map\engraphics\10.jpg --> uts.cc.utexas.edu /export/httpd/vhosts/texasbeyondhistory/data/tejas/map/engraphics 10.jpg
2003.07.27 19:08 B K:\TBH Website Temp\tejas\map\engraphics\11.jpg --> uts.cc.utexas.edu /export/httpd/vhosts/texasbeyondhistory/data/tejas/map/engraphics 11.jpg
2003.07.27 19:08 B K:\TBH Website Temp\tejas\map\engraphics\12.jpg --> uts.cc.utexas.edu /export/httpd/vhosts/texasbeyondhistory/data/tejas/map/engraphics 12.jpg
2003.07.27 19:08 B K:\TBH Website Temp\tejas\map\engraphics\2.jpg --> uts.cc.utexas.edu /export/httpd/vhosts/texasbeyondhistory/data/tejas/map/engraphics 2.jpg
2003.07.27 19:08 B K:\TBH Website Temp\tejas\map\engraphics\3.jpg --> uts.cc.utexas.edu /export/httpd/vhosts/texasbeyondhistory/data/tejas/map/engraphics 3.jpg
2003.07.27 19:08 B K:\TBH Website Temp\tejas\map\engraphics\4.jpg --> uts.cc.utexas.edu /export/httpd/vhosts/texasbeyondhistory/data/tejas/map/engraphics 4.jpg
2003.07.27 19:08 B K:\TBH Website Temp\tejas\map\engraphics\5.jpg --> uts.cc.utexas.edu /export/httpd/vhosts/texasbeyondhistory/data/tejas/map/engraphics 5.jpg
2003.07.27 19:08 B K:\TBH Website Temp\tejas\map\engraphics\6.jpg --> uts.cc.utexas.edu /export/httpd/vhosts/texasbeyondhistory/data/tejas/map/engraphics 6.jpg
2003.07.27 19:08 B K:\TBH Website Temp\tejas\map\engraphics\7.jpg --> uts.cc.utexas.edu /export/httpd/vhosts/texasbeyondhistory/data/tejas/map/engraphics 7.jpg
2003.07.27 19:08 B K:\TBH Website Temp\tejas\map\engraphics\8.jpg --> uts.cc.utexas.edu /export/httpd/vhosts/texasbeyondhistory/data/tejas/map/engraphics 8.jpg
2003.07.27 19:08 B K:\TBH Website Temp\tejas\map\engraphics\9.jpg --> uts.cc.utexas.edu /export/httpd/vhosts/texasbeyondhistory/data/tejas/map/engraphics 9.jpg
2003.07.27 19:08 B K:\TBH Website Temp\tejas\map\engraphics\arv_1-lg.jpg --> uts.cc.utexas.edu /export/httpd/vhosts/texasbeyondhistory/data/tejas/map/engraphics arv_1-lg.jpg
2003.07.27 19:08 B K:\TBH Website Temp\tejas\map\engraphics\arv_1-sm.jpg --> uts.cc.utexas.edu /export/httpd/vhosts/texasbeyondhistory/data/tejas/map/engraphics arv_1-sm.jpg
2003.07.27 19:08 B K:\TBH Website Temp\tejas\map\engraphics\arv_2-lg.jpg --> uts.cc.utexas.edu /export/httpd/vhosts/texasbeyondhistory/data/tejas/map/engraphics arv_2-lg.jpg
2003.07.27 19:08 B K:\TBH Website Temp\tejas\map\engraphics\auburn_creek2-lg.jpg --> uts.cc.utexas.edu /export/httpd/vhosts/texasbeyondhistory/data/tejas/map/engraphics auburn_creek2-lg.jpg
2003.07.27 19:08 B K:\TBH Website Temp\tejas\map\engraphics\battle-area-lg.jpg --> uts.cc.utexas.edu /export/httpd/vhosts/texasbeyondhistory/data/tejas/map/engraphics battle-area-lg.jpg
2003.07.27 19:08 B K:\TBH Website Temp\tejas\map\engraphics\battle-area-sm.jpg --> uts.cc.utexas.edu /export/httpd/vhosts/texasbeyondhistory/data/tejas/map/engraphics battle-area-sm.jpg
2003.07.27 19:08 B K:\TBH Website Temp\tejas\map\engraphics\battle-slb-lg.jpg --> uts.cc.utexas.edu /export/httpd/vhosts/texasbeyondhistory/data/tejas/map/engraphics battle-slb-lg.jpg
2003.07.27 19:08 B K:\TBH Website Temp\tejas\map\engraphics\battle-slb-sm.jpg --> uts.cc.utexas.edu /export/httpd/vhosts/texasbeyondhistory/data/tejas/map/engraphics battle-slb-sm.jpg
2003.07.27 19:08 B K:\TBH Website Temp\tejas\map\engraphics\bayou-loco-air-lg.jpg --> uts.cc.utexas.edu /export/httpd/vhosts/texasbeyondhistory/data/tejas/map/engraphics bayou-loco-air-lg.jpg
2003.07.27 19:08 B K:\TBH Website Temp\tejas\map\engraphics\bayou-loco-air-sm.jpg --> uts.cc.utexas.edu /export/httpd/vhosts/texasbeyondhistory/data/tejas/map/engraphics bayou-loco-air-sm.jpg
2003.07.27 19:08 B K:\TBH Website Temp\tejas\map\engraphics\bayou-loco-oak-lg.jpg --> uts.cc.utexas.edu /export/httpd/vhosts/texasbeyondhistory/data/tejas/map/engraphics bayou-loco-oak-lg.jpg
2003.07.27 19:08 B K:\TBH Website Temp\tejas\map\engraphics\bayou-loco-oak-sm.jpg --> uts.cc.utexas.edu /export/httpd/vhosts/texasbeyondhistory/data/tejas/map/engraphics bayou-loco-oak-sm.jpg
2003.07.27 19:08 B K:\TBH Website Temp\tejas\map\engraphics\berry-brake-lg.jpg --> uts.cc.utexas.edu /export/httpd/vhosts/texasbeyondhistory/data/tejas/map/engraphics berry-brake-lg.jpg
2003.07.27 19:08 B K:\TBH Website Temp\tejas\map\engraphics\big-cypress-bottoms-lg.jpg --> uts.cc.utexas.edu /export/httpd/vhosts/texasbeyondhistory/data/tejas/map/engraphics big-cypress-bottoms-lg.jpg
2003.07.27 19:08 B K:\TBH Website Temp\tejas\map\engraphics\big-cypress-bottoms-sm.jpg --> uts.cc.utexas.edu /export/httpd/vhosts/texasbeyondhistory/data/tejas/map/engraphics big-cypress-bottoms-sm.jpg
2003.07.27 19:08 B K:\TBH Website Temp\tejas\map\engraphics\bm_1-lg.jpg --> uts.cc.utexas.edu /export/httpd/vhosts/texasbeyondhistory/data/tejas/map/engraphics bm_1-lg.jpg
2003.07.27 19:08 B K:\TBH Website Temp\tejas\map\engraphics\bm_1-sm.jpg --> uts.cc.utexas.edu /export/httpd/vhosts/texasbeyondhistory/data/tejas/map/engraphics bm_1-sm.jpg
2003.07.27 19:08 B K:\TBH Website Temp\tejas\map\engraphics\bm_2-lg.jpg --> uts.cc.utexas.edu /export/httpd/vhosts/texasbeyondhistory/data/tejas/map/engraphics bm_2-lg.jpg
2003.07.27 19:08 B K:\TBH Website Temp\tejas\map\engraphics\bm_2-sm.jpg --> uts.cc.utexas.edu /export/httpd/vhosts/texasbeyondhistory/data/tejas/map/engraphics bm_2-sm.jpg
2003.07.27 19:08 B K:\TBH Website Temp\tejas\map\engraphics\bois_creek-lg.jpg --> uts.cc.utexas.edu /export/httpd/vhosts/texasbeyondhistory/data/tejas/map/engraphics bois_creek-lg.jpg
2003.07.27 19:08 B K:\TBH Website Temp\tejas\map\engraphics\caddo_lake-lg.jpg --> uts.cc.utexas.edu /export/httpd/vhosts/texasbeyondhistory/data/tejas/map/engraphics caddo_lake-lg.jpg
2003.07.27 19:08 B K:\TBH Website Temp\tejas\map\engraphics\cherokee-prairie1-lg.jpg --> uts.cc.utexas.edu /export/httpd/vhosts/texasbeyondhistory/data/tejas/map/engraphics cherokee-prairie1-lg.jpg
2003.07.27 19:08 B K:\TBH Website Temp\tejas\map\engraphics\cooper_creek-lg.jpg --> uts.cc.utexas.edu /export/httpd/vhosts/texasbeyondhistory/data/tejas/map/engraphics cooper_creek-lg.jpg
2003.07.27 19:08 B K:\TBH Website Temp\tejas\map\engraphics\cypress_bob_sandlin-lg.jpg --> uts.cc.utexas.edu /export/httpd/vhosts/texasbeyondhistory/data/tejas/map/engraphics cypress_bob_sandlin-lg.jpg
2003.07.27 19:08 B K:\TBH Website Temp\tejas\map\engraphics\cypress_bob_sandlin-sm.jpg --> uts.cc.utexas.edu /export/httpd/vhosts/texasbeyondhistory/data/tejas/map/engraphics cypress_bob_sandlin-sm.jpg
2003.07.27 19:08 B K:\TBH Website Temp\tejas\map\engraphics\flooded-bottomland-lg.jpg --> uts.cc.utexas.edu /export/httpd/vhosts/texasbeyondhistory/data/tejas/map/engraphics flooded-bottomland-lg.jpg
2003.07.27 19:08 B K:\TBH Website Temp\tejas\map\engraphics\flooded-bottomland-sm.jpg --> uts.cc.utexas.edu /export/httpd/vhosts/texasbeyondhistory/data/tejas/map/engraphics flooded-bottomland-sm.jpg
2003.07.27 19:08 B K:\TBH Website Temp\tejas\map\engraphics\grand-ecore-lg.jpg --> uts.cc.utexas.edu /export/httpd/vhosts/texasbeyondhistory/data/tejas/map/engraphics grand-ecore-lg.jpg
2003.07.27 19:08 B K:\TBH Website Temp\tejas\map\engraphics\grand-river-lg.jpg --> uts.cc.utexas.edu /export/httpd/vhosts/texasbeyondhistory/data/tejas/map/engraphics grand-river-lg.jpg
2003.07.27 19:08 B K:\TBH Website Temp\tejas\map\engraphics\greatraft-lg.jpg --> uts.cc.utexas.edu /export/httpd/vhosts/texasbeyondhistory/data/tejas/map/engraphics greatraft-lg.jpg
2003.07.27 19:08 B K:\TBH Website Temp\tejas\map\engraphics\greatraft-sm.jpg --> uts.cc.utexas.edu /export/httpd/vhosts/texasbeyondhistory/data/tejas/map/engraphics greatraft-sm.jpg
2003.07.27 19:08 B K:\TBH Website Temp\tejas\map\engraphics\irv_1-lg.jpg --> uts.cc.utexas.edu /export/httpd/vhosts/texasbeyondhistory/data/tejas/map/engraphics irv_1-lg.jpg
2003.07.27 19:08 B K:\TBH Website Temp\tejas\map\engraphics\irv_1-sm.jpg --> uts.cc.utexas.edu /export/httpd/vhosts/texasbeyondhistory/data/tejas/map/engraphics irv_1-sm.jpg
2003.07.27 19:08 B K:\TBH Website Temp\tejas\map\engraphics\irv_3-lg.jpg --> uts.cc.utexas.edu /export/httpd/vhosts/texasbeyondhistory/data/tejas/map/engraphics irv_3-lg.jpg
2003.07.27 19:08 B K:\TBH Website Temp\tejas\map\engraphics\irv_3-sm.jpg --> uts.cc.utexas.edu /export/httpd/vhosts/texasbeyondhistory/data/tejas/map/engraphics irv_3-sm.jpg
2003.07.27 19:08 B K:\TBH Website Temp\tejas\map\engraphics\kiamichi_valley-lg.jpg --> uts.cc.utexas.edu /export/httpd/vhosts/texasbeyondhistory/data/tejas/map/engraphics kiamichi_valley-lg.jpg
2003.07.27 19:08 B K:\TBH Website Temp\tejas\map\engraphics\neches_bluff-lg.jpg --> uts.cc.utexas.edu /export/httpd/vhosts/texasbeyondhistory/data/tejas/map/engraphics neches_bluff-lg.jpg
2003.07.27 19:08 B K:\TBH Website Temp\tejas\map\engraphics\neches_bluff-sm.jpg --> uts.cc.utexas.edu /export/httpd/vhosts/texasbeyondhistory/data/tejas/map/engraphics neches_bluff-sm.jpg
2003.07.27 19:08 B K:\TBH Website Temp\tejas\map\engraphics\neches_river-lg.jpg --> uts.cc.utexas.edu /export/httpd/vhosts/texasbeyondhistory/data/tejas/map/engraphics neches_river-lg.jpg
2003.07.27 19:08 B K:\TBH Website Temp\tejas\map\engraphics\neches_river-sm.jpg --> uts.cc.utexas.edu /export/httpd/vhosts/texasbeyondhistory/data/tejas/map/engraphics neches_river-sm.jpg
2003.07.27 19:08 B K:\TBH Website Temp\tejas\map\engraphics\new_hope1-lg.jpg --> uts.cc.utexas.edu /export/httpd/vhosts/texasbeyondhistory/data/tejas/map/engraphics new_hope1-lg.jpg
2003.07.27 19:08 B K:\TBH Website Temp\tejas\map\engraphics\new_hope6-lg.jpg --> uts.cc.utexas.edu /export/httpd/vhosts/texasbeyondhistory/data/tejas/map/engraphics new_hope6-lg.jpg
2003.07.27 19:08 B K:\TBH Website Temp\tejas\map\engraphics\novaculite-lg.jpg --> uts.cc.utexas.edu /export/httpd/vhosts/texasbeyondhistory/data/tejas/map/engraphics novaculite-lg.jpg
2003.07.27 19:08 B K:\TBH Website Temp\tejas\map\engraphics\novaculite2-lg.jpg --> uts.cc.utexas.edu /export/httpd/vhosts/texasbeyondhistory/data/tejas/map/engraphics novaculite2-lg.jpg
2003.07.27 19:08 B K:\TBH Website Temp\tejas\map\engraphics\novaculite2-sm.jpg --> uts.cc.utexas.edu /export/httpd/vhosts/texasbeyondhistory/data/tejas/map/engraphics novaculite2-sm.jpg
2003.07.27 19:08 B K:\TBH Website Temp\tejas\map\engraphics\novaculite3-lg.jpg --> uts.cc.utexas.edu /export/httpd/vhosts/texasbeyondhistory/data/tejas/map/engraphics novaculite3-lg.jpg
2003.07.27 19:08 B K:\TBH Website Temp\tejas\map\engraphics\novaculite3-sm.jpg --> uts.cc.utexas.edu /export/httpd/vhosts/texasbeyondhistory/data/tejas/map/engraphics novaculite3-sm.jpg
2003.07.27 19:08 B K:\TBH Website Temp\tejas\map\engraphics\ouachita-fall2-lg.jpg --> uts.cc.utexas.edu /export/httpd/vhosts/texasbeyondhistory/data/tejas/map/engraphics ouachita-fall2-lg.jpg
2003.07.27 19:08 B K:\TBH Website Temp\tejas\map\engraphics\ouachita-valley-lg.jpg --> uts.cc.utexas.edu /export/httpd/vhosts/texasbeyondhistory/data/tejas/map/engraphics ouachita-valley-lg.jpg
2003.07.27 19:08 B K:\TBH Website Temp\tejas\map\engraphics\ouachita_fall-lg.jpg --> uts.cc.utexas.edu /export/httpd/vhosts/texasbeyondhistory/data/tejas/map/engraphics ouachita_fall-lg.jpg
2003.07.27 19:08 B K:\TBH Website Temp\tejas\map\engraphics\ouachita_stream-lg.jpg --> uts.cc.utexas.edu /export/httpd/vhosts/texasbeyondhistory/data/tejas/map/engraphics ouachita_stream-lg.jpg
2003.07.27 19:08 B K:\TBH Website Temp\tejas\map\engraphics\ouachita_stream-sm.jpg --> uts.cc.utexas.edu /export/httpd/vhosts/texasbeyondhistory/data/tejas/map/engraphics ouachita_stream-sm.jpg
2003.07.27 19:08 B K:\TBH Website Temp\tejas\map\engraphics\oxbow_lake-lg.jpg --> uts.cc.utexas.edu /export/httpd/vhosts/texasbeyondhistory/data/tejas/map/engraphics oxbow_lake-lg.jpg
2003.07.27 19:08 B K:\TBH Website Temp\tejas\map\engraphics\p1.jpg --> uts.cc.utexas.edu /export/httpd/vhosts/texasbeyondhistory/data/tejas/map/engraphics p1.jpg
2003.07.27 19:08 B K:\TBH Website Temp\tejas\map\engraphics\p10.jpg --> uts.cc.utexas.edu /export/httpd/vhosts/texasbeyondhistory/data/tejas/map/engraphics p10.jpg
2003.07.27 19:08 B K:\TBH Website Temp\tejas\map\engraphics\p11.jpg --> uts.cc.utexas.edu /export/httpd/vhosts/texasbeyondhistory/data/tejas/map/engraphics p11.jpg
2003.07.27 19:08 B K:\TBH Website Temp\tejas\map\engraphics\p12.jpg --> uts.cc.utexas.edu /export/httpd/vhosts/texasbeyondhistory/data/tejas/map/engraphics p12.jpg
2003.07.27 19:08 B K:\TBH Website Temp\tejas\map\engraphics\p13.jpg --> uts.cc.utexas.edu /export/httpd/vhosts/texasbeyondhistory/data/tejas/map/engraphics p13.jpg
2003.07.27 19:08 B K:\TBH Website Temp\tejas\map\engraphics\p14.jpg --> uts.cc.utexas.edu /export/httpd/vhosts/texasbeyondhistory/data/tejas/map/engraphics p14.jpg
2003.07.27 19:08 B K:\TBH Website Temp\tejas\map\engraphics\p15.jpg --> uts.cc.utexas.edu /export/httpd/vhosts/texasbeyondhistory/data/tejas/map/engraphics p15.jpg
2003.07.27 19:08 B K:\TBH Website Temp\tejas\map\engraphics\p16.jpg --> uts.cc.utexas.edu /export/httpd/vhosts/texasbeyondhistory/data/tejas/map/engraphics p16.jpg
2003.07.27 19:08 B K:\TBH Website Temp\tejas\map\engraphics\p17.jpg --> uts.cc.utexas.edu /export/httpd/vhosts/texasbeyondhistory/data/tejas/map/engraphics p17.jpg
2003.07.27 19:08 B K:\TBH Website Temp\tejas\map\engraphics\p18.jpg --> uts.cc.utexas.edu /export/httpd/vhosts/texasbeyondhistory/data/tejas/map/engraphics p18.jpg
2003.07.27 19:08 B K:\TBH Website Temp\tejas\map\engraphics\p19.jpg --> uts.cc.utexas.edu /export/httpd/vhosts/texasbeyondhistory/data/tejas/map/engraphics p19.jpg
2003.07.27 19:08 B K:\TBH Website Temp\tejas\map\engraphics\p2.jpg --> uts.cc.utexas.edu /export/httpd/vhosts/texasbeyondhistory/data/tejas/map/engraphics p2.jpg
2003.07.27 19:08 B K:\TBH Website Temp\tejas\map\engraphics\p3.jpg --> uts.cc.utexas.edu /export/httpd/vhosts/texasbeyondhistory/data/tejas/map/engraphics p3.jpg
2003.07.27 19:08 B K:\TBH Website Temp\tejas\map\engraphics\p4.jpg --> uts.cc.utexas.edu /export/httpd/vhosts/texasbeyondhistory/data/tejas/map/engraphics p4.jpg
2003.07.27 19:08 B K:\TBH Website Temp\tejas\map\engraphics\p5.jpg --> uts.cc.utexas.edu /export/httpd/vhosts/texasbeyondhistory/data/tejas/map/engraphics p5.jpg
2003.07.27 19:08 B K:\TBH Website Temp\tejas\map\engraphics\p6.jpg --> uts.cc.utexas.edu /export/httpd/vhosts/texasbeyondhistory/data/tejas/map/engraphics p6.jpg
2003.07.27 19:08 B K:\TBH Website Temp\tejas\map\engraphics\p7.jpg --> uts.cc.utexas.edu /export/httpd/vhosts/texasbeyondhistory/data/tejas/map/engraphics p7.jpg
2003.07.27 19:09 B K:\TBH Website Temp\tejas\map\engraphics\p8.jpg --> uts.cc.utexas.edu /export/httpd/vhosts/texasbeyondhistory/data/tejas/map/engraphics p8.jpg
2003.07.27 19:09 B K:\TBH Website Temp\tejas\map\engraphics\p9.jpg --> uts.cc.utexas.edu /export/httpd/vhosts/texasbeyondhistory/data/tejas/map/engraphics p9.jpg
2003.07.27 19:09 B K:\TBH Website Temp\tejas\map\engraphics\red-river1-lg.jpg --> uts.cc.utexas.edu /export/httpd/vhosts/texasbeyondhistory/data/tejas/map/engraphics red-river1-lg.jpg
2003.07.27 19:09 B K:\TBH Website Temp\tejas\map\engraphics\red_denison-lg.jpg --> uts.cc.utexas.edu /export/httpd/vhosts/texasbeyondhistory/data/tejas/map/engraphics red_denison-lg.jpg
2003.07.27 19:09 B K:\TBH Website Temp\tejas\map\engraphics\red_sand_storm-lg.jpg --> uts.cc.utexas.edu /export/httpd/vhosts/texasbeyondhistory/data/tejas/map/engraphics red_sand_storm-lg.jpg
2003.07.27 19:09 B K:\TBH Website Temp\tejas\map\engraphics\red_texarkana-lg.jpg --> uts.cc.utexas.edu /export/httpd/vhosts/texasbeyondhistory/data/tejas/map/engraphics red_texarkana-lg.jpg
2003.07.27 19:09 B K:\TBH Website Temp\tejas\map\engraphics\red_texarkana-sm.jpg --> uts.cc.utexas.edu /export/httpd/vhosts/texasbeyondhistory/data/tejas/map/engraphics red_texarkana-sm.jpg
2003.07.27 19:09 B K:\TBH Website Temp\tejas\map\engraphics\sabine-toledo-lg.jpg --> uts.cc.utexas.edu /export/httpd/vhosts/texasbeyondhistory/data/tejas/map/engraphics sabine-toledo-lg.jpg
2003.07.27 19:09 B K:\TBH Website Temp\tejas\map\engraphics\saline_bayou-lg.jpg --> uts.cc.utexas.edu /export/httpd/vhosts/texasbeyondhistory/data/tejas/map/engraphics saline_bayou-lg.jpg
2003.07.27 19:09 B K:\TBH Website Temp\tejas\map\engraphics\saline_bayou-sm.jpg --> uts.cc.utexas.edu /export/httpd/vhosts/texasbeyondhistory/data/tejas/map/engraphics saline_bayou-sm.jpg
2003.07.27 19:09 B K:\TBH Website Temp\tejas\map\engraphics\salt_spring-lg.jpg --> uts.cc.utexas.edu /export/httpd/vhosts/texasbeyondhistory/data/tejas/map/engraphics salt_spring-lg.jpg
2003.07.27 19:09 B K:\TBH Website Temp\tejas\map\engraphics\sanders-veg-lg.jpg --> uts.cc.utexas.edu /export/httpd/vhosts/texasbeyondhistory/data/tejas/map/engraphics sanders-veg-lg.jpg
2003.07.27 19:09 B K:\TBH Website Temp\tejas\map\engraphics\sanders-veg-sm.jpg --> uts.cc.utexas.edu /export/httpd/vhosts/texasbeyondhistory/data/tejas/map/engraphics sanders-veg-sm.jpg
2003.07.27 19:09 B K:\TBH Website Temp\tejas\map\engraphics\smithport-lake-lg.jpg --> uts.cc.utexas.edu /export/httpd/vhosts/texasbeyondhistory/data/tejas/map/engraphics smithport-lake-lg.jpg
2003.07.27 19:09 B K:\TBH Website Temp\tejas\map\engraphics\spiro-sanders-lg.jpg --> uts.cc.utexas.edu /export/httpd/vhosts/texasbeyondhistory/data/tejas/map/engraphics spiro-sanders-lg.jpg
2003.07.27 19:09 B K:\TBH Website Temp\tejas\map\engraphics\spiro-sanders-sm.jpg --> uts.cc.utexas.edu /export/httpd/vhosts/texasbeyondhistory/data/tejas/map/engraphics spiro-sanders-sm.jpg
2003.07.27 19:09 B K:\TBH Website Temp\tejas\map\engraphics\suphur-cutland-lg.jpg --> uts.cc.utexas.edu /export/httpd/vhosts/texasbeyondhistory/data/tejas/map/engraphics suphur-cutland-lg.jpg
2003.07.27 19:09 B K:\TBH Website Temp\tejas\map\engraphics\Thumbs.db --> uts.cc.utexas.edu /export/httpd/vhosts/texasbeyondhistory/data/tejas/map/engraphics Thumbs.db
2003.07.27 19:09 B K:\TBH Website Temp\tejas\map\engraphics\titus-uplands-lg.jpg --> uts.cc.utexas.edu /export/httpd/vhosts/texasbeyondhistory/data/tejas/map/engraphics titus-uplands-lg.jpg
2003.07.27 19:09 B K:\TBH Website Temp\tejas\map\engraphics\white-river-lg.jpg --> uts.cc.utexas.edu /export/httpd/vhosts/texasbeyondhistory/data/tejas/map/engraphics white-river-lg.jpg
2003.07.27 19:09 B K:\TBH Website Temp\tejas\map\engraphics\white-river-sm.jpg --> uts.cc.utexas.edu /export/httpd/vhosts/texasbeyondhistory/data/tejas/map/engraphics white-river-sm.jpg
2003.07.27 19:09 B K:\TBH Website Temp\tejas\map\engraphics\wolf_bottom-lg.jpg --> uts.cc.utexas.edu /export/httpd/vhosts/texasbeyondhistory/data/tejas/map/engraphics wolf_bottom-lg.jpg
2003.07.27 19:09 B K:\TBH Website Temp\tejas\map\engraphics\WS_FTP.LOG --> uts.cc.utexas.edu /export/httpd/vhosts/texasbeyondhistory/data/tejas/map/engraphics WS_FTP.LOG
2003.07.31 21:59 B K:\TBH Website Temp\tejas\map\engraphics\c1.jpg --> uts.cc.utexas.edu /export/httpd/vhosts/texasbeyondhistory/data/tejas/map c1.jpg
2003.07.31 21:59 B K:\TBH Website Temp\tejas\map\engraphics\c1.jpg --> uts.cc.utexas.edu /export/httpd/vhosts/texasbeyondhistory/data/tejas/map/cuGraphics c1.jpg
2003.07.31 22:00 B K:\TBH Website Temp\tejas\map\engraphics\WS_FTP.LOG --> uts.cc.utexas.edu /export/httpd/vhosts/texasbeyondhistory/data/tejas/map/graphics WS_FTP.LOG
2003.08.01 12:13 B K:\TBH Website Temp\tejas\map\engraphics\1.jpg --> uts.cc.utexas.edu /export/httpd/vhosts/texasbeyondhistory/data/tejas/map/engraphics 1.jpg
2003.08.01 12:13 B K:\TBH Website Temp\tejas\map\engraphics\10.jpg --> uts.cc.utexas.edu /export/httpd/vhosts/texasbeyondhistory/data/tejas/map/engraphics 10.jpg
2003.08.01 12:13 B K:\TBH Website Temp\tejas\map\engraphics\11.jpg --> uts.cc.utexas.edu /export/httpd/vhosts/texasbeyondhistory/data/tejas/map/engraphics 11.jpg
2003.08.01 12:13 B K:\TBH Website Temp\tejas\map\engraphics\12.jpg --> uts.cc.utexas.edu /export/httpd/vhosts/texasbeyondhistory/data/tejas/map/engraphics 12.jpg
2003.08.01 12:13 B K:\TBH Website Temp\tejas\map\engraphics\2.jpg --> uts.cc.utexas.edu /export/httpd/vhosts/texasbeyondhistory/data/tejas/map/engraphics 2.jpg
2003.08.01 12:13 B K:\TBH Website Temp\tejas\map\engraphics\3.jpg --> uts.cc.utexas.edu /export/httpd/vhosts/texasbeyondhistory/data/tejas/map/engraphics 3.jpg
2003.08.01 12:13 B K:\TBH Website Temp\tejas\map\engraphics\4.jpg --> uts.cc.utexas.edu /export/httpd/vhosts/texasbeyondhistory/data/tejas/map/engraphics 4.jpg
2003.08.01 12:13 B K:\TBH Website Temp\tejas\map\engraphics\5.jpg --> uts.cc.utexas.edu /export/httpd/vhosts/texasbeyondhistory/data/tejas/map/engraphics 5.jpg
2003.08.01 12:13 B K:\TBH Website Temp\tejas\map\engraphics\6.jpg --> uts.cc.utexas.edu /export/httpd/vhosts/texasbeyondhistory/data/tejas/map/engraphics 6.jpg
2003.08.01 12:13 B K:\TBH Website Temp\tejas\map\engraphics\7.jpg --> uts.cc.utexas.edu /export/httpd/vhosts/texasbeyondhistory/data/tejas/map/engraphics 7.jpg
2003.08.01 12:13 B K:\TBH Website Temp\tejas\map\engraphics\8.jpg --> uts.cc.utexas.edu /export/httpd/vhosts/texasbeyondhistory/data/tejas/map/engraphics 8.jpg
2003.08.01 12:13 B K:\TBH Website Temp\tejas\map\engraphics\9.jpg --> uts.cc.utexas.edu /export/httpd/vhosts/texasbeyondhistory/data/tejas/map/engraphics 9.jpg
2003.08.01 12:13 B K:\TBH Website Temp\tejas\map\engraphics\arv_1-lg.jpg --> uts.cc.utexas.edu /export/httpd/vhosts/texasbeyondhistory/data/tejas/map/engraphics arv_1-lg.jpg
2003.08.01 12:13 B K:\TBH Website Temp\tejas\map\engraphics\arv_1-sm.jpg --> uts.cc.utexas.edu /export/httpd/vhosts/texasbeyondhistory/data/tejas/map/engraphics arv_1-sm.jpg
2003.08.01 12:13 B K:\TBH Website Temp\tejas\map\engraphics\arv_2-lg.jpg --> uts.cc.utexas.edu /export/httpd/vhosts/texasbeyondhistory/data/tejas/map/engraphics arv_2-lg.jpg
2003.08.01 12:13 B K:\TBH Website Temp\tejas\map\engraphics\auburn_creek2-lg.jpg --> uts.cc.utexas.edu /export/httpd/vhosts/texasbeyondhistory/data/tejas/map/engraphics auburn_creek2-lg.jpg
2003.08.01 12:13 B K:\TBH Website Temp\tejas\map\engraphics\battle-area-lg.jpg --> uts.cc.utexas.edu /export/httpd/vhosts/texasbeyondhistory/data/tejas/map/engraphics battle-area-lg.jpg
2003.08.01 12:13 B K:\TBH Website Temp\tejas\map\engraphics\battle-area-sm.jpg --> uts.cc.utexas.edu /export/httpd/vhosts/texasbeyondhistory/data/tejas/map/engraphics battle-area-sm.jpg
2003.08.01 12:13 B K:\TBH Website Temp\tejas\map\engraphics\battle-slb-lg.jpg --> uts.cc.utexas.edu /export/httpd/vhosts/texasbeyondhistory/data/tejas/map/engraphics battle-slb-lg.jpg
2003.08.01 12:13 B K:\TBH Website Temp\tejas\map\engraphics\battle-slb-sm.jpg --> uts.cc.utexas.edu /export/httpd/vhosts/texasbeyondhistory/data/tejas/map/engraphics battle-slb-sm.jpg
2003.08.01 12:13 B K:\TBH Website Temp\tejas\map\engraphics\bayou-loco-air-lg.jpg --> uts.cc.utexas.edu /export/httpd/vhosts/texasbeyondhistory/data/tejas/map/engraphics bayou-loco-air-lg.jpg
2003.08.01 12:13 B K:\TBH Website Temp\tejas\map\engraphics\bayou-loco-air-sm.jpg --> uts.cc.utexas.edu /export/httpd/vhosts/texasbeyondhistory/data/tejas/map/engraphics bayou-loco-air-sm.jpg
2003.08.01 12:13 B K:\TBH Website Temp\tejas\map\engraphics\bayou-loco-oak-lg.jpg --> uts.cc.utexas.edu /export/httpd/vhosts/texasbeyondhistory/data/tejas/map/engraphics bayou-loco-oak-lg.jpg
2003.08.01 12:13 B K:\TBH Website Temp\tejas\map\engraphics\bayou-loco-oak-sm.jpg --> uts.cc.utexas.edu /export/httpd/vhosts/texasbeyondhistory/data/tejas/map/engraphics bayou-loco-oak-sm.jpg
2003.08.01 12:13 B K:\TBH Website Temp\tejas\map\engraphics\berry-brake-lg.jpg --> uts.cc.utexas.edu /export/httpd/vhosts/texasbeyondhistory/data/tejas/map/engraphics berry-brake-lg.jpg
2003.08.01 12:13 B K:\TBH Website Temp\tejas\map\engraphics\big-cypress-bottoms-lg.jpg --> uts.cc.utexas.edu /export/httpd/vhosts/texasbeyondhistory/data/tejas/map/engraphics big-cypress-bottoms-lg.jpg
2003.08.01 12:13 B K:\TBH Website Temp\tejas\map\engraphics\big-cypress-bottoms-sm.jpg --> uts.cc.utexas.edu /export/httpd/vhosts/texasbeyondhistory/data/tejas/map/engraphics big-cypress-bottoms-sm.jpg
2003.08.01 12:13 B K:\TBH Website Temp\tejas\map\engraphics\bm_1-lg.jpg --> uts.cc.utexas.edu /export/httpd/vhosts/texasbeyondhistory/data/tejas/map/engraphics bm_1-lg.jpg
2003.08.01 12:13 B K:\TBH Website Temp\tejas\map\engraphics\bm_1-sm.jpg --> uts.cc.utexas.edu /export/httpd/vhosts/texasbeyondhistory/data/tejas/map/engraphics bm_1-sm.jpg
2003.08.01 12:13 B K:\TBH Website Temp\tejas\map\engraphics\bm_2-lg.jpg --> uts.cc.utexas.edu /export/httpd/vhosts/texasbeyondhistory/data/tejas/map/engraphics bm_2-lg.jpg
2003.08.01 12:13 B K:\TBH Website Temp\tejas\map\engraphics\bm_2-sm.jpg --> uts.cc.utexas.edu /export/httpd/vhosts/texasbeyondhistory/data/tejas/map/engraphics bm_2-sm.jpg
2003.08.01 12:13 B K:\TBH Website Temp\tejas\map\engraphics\bois_creek-lg.jpg --> uts.cc.utexas.edu /export/httpd/vhosts/texasbeyondhistory/data/tejas/map/engraphics bois_creek-lg.jpg
2003.08.01 12:13 B K:\TBH Website Temp\tejas\map\engraphics\c1.jpg --> uts.cc.utexas.edu /export/httpd/vhosts/texasbeyondhistory/data/tejas/map/engraphics c1.jpg
2003.08.01 12:13 B K:\TBH Website Temp\tejas\map\engraphics\caddo_lake-lg.jpg --> uts.cc.utexas.edu /export/httpd/vhosts/texasbeyondhistory/data/tejas/map/engraphics caddo_lake-lg.jpg
2003.08.01 12:13 B K:\TBH Website Temp\tejas\map\engraphics\cherokee-prairie1-lg.jpg --> uts.cc.utexas.edu /export/httpd/vhosts/texasbeyondhistory/data/tejas/map/engraphics cherokee-prairie1-lg.jpg
2003.08.01 12:13 B K:\TBH Website Temp\tejas\map\engraphics\cooper_creek-lg.jpg --> uts.cc.utexas.edu /export/httpd/vhosts/texasbeyondhistory/data/tejas/map/engraphics cooper_creek-lg.jpg
2003.08.01 12:13 B K:\TBH Website Temp\tejas\map\engraphics\cypress_bob_sandlin-lg.jpg --> uts.cc.utexas.edu /export/httpd/vhosts/texasbeyondhistory/data/tejas/map/engraphics cypress_bob_sandlin-lg.jpg
2003.08.01 12:13 B K:\TBH Website Temp\tejas\map\engraphics\cypress_bob_sandlin-sm.jpg --> uts.cc.utexas.edu /export/httpd/vhosts/texasbeyondhistory/data/tejas/map/engraphics cypress_bob_sandlin-sm.jpg
2003.08.01 12:14 B K:\TBH Website Temp\tejas\map\engraphics\flooded-bottomland-lg.jpg --> uts.cc.utexas.edu /export/httpd/vhosts/texasbeyondhistory/data/tejas/map/engraphics flooded-bottomland-lg.jpg
2003.08.01 12:14 B K:\TBH Website Temp\tejas\map\engraphics\flooded-bottomland-sm.jpg --> uts.cc.utexas.edu /export/httpd/vhosts/texasbeyondhistory/data/tejas/map/engraphics flooded-bottomland-sm.jpg
2003.08.01 12:14 B K:\TBH Website Temp\tejas\map\engraphics\grand-ecore-lg.jpg --> uts.cc.utexas.edu /export/httpd/vhosts/texasbeyondhistory/data/tejas/map/engraphics grand-ecore-lg.jpg
2003.08.01 12:14 B K:\TBH Website Temp\tejas\map\engraphics\grand-river-lg.jpg --> uts.cc.utexas.edu /export/httpd/vhosts/texasbeyondhistory/data/tejas/map/engraphics grand-river-lg.jpg
2003.08.01 12:14 B K:\TBH Website Temp\tejas\map\engraphics\greatraft-lg.jpg --> uts.cc.utexas.edu /export/httpd/vhosts/texasbeyondhistory/data/tejas/map/engraphics greatraft-lg.jpg
2003.08.01 12:14 B K:\TBH Website Temp\tejas\map\engraphics\greatraft-sm.jpg --> uts.cc.utexas.edu /export/httpd/vhosts/texasbeyondhistory/data/tejas/map/engraphics greatraft-sm.jpg
2003.08.01 12:14 B K:\TBH Website Temp\tejas\map\engraphics\irv_1-lg.jpg --> uts.cc.utexas.edu /export/httpd/vhosts/texasbeyondhistory/data/tejas/map/engraphics irv_1-lg.jpg
2003.08.01 12:14 B K:\TBH Website Temp\tejas\map\engraphics\irv_1-sm.jpg --> uts.cc.utexas.edu /export/httpd/vhosts/texasbeyondhistory/data/tejas/map/engraphics irv_1-sm.jpg
2003.08.01 12:14 B K:\TBH Website Temp\tejas\map\engraphics\irv_3-lg.jpg --> uts.cc.utexas.edu /export/httpd/vhosts/texasbeyondhistory/data/tejas/map/engraphics irv_3-lg.jpg
2003.08.01 12:14 B K:\TBH Website Temp\tejas\map\engraphics\irv_3-sm.jpg --> uts.cc.utexas.edu /export/httpd/vhosts/texasbeyondhistory/data/tejas/map/engraphics irv_3-sm.jpg
2003.08.01 12:14 B K:\TBH Website Temp\tejas\map\engraphics\kiamichi_valley-lg.jpg --> uts.cc.utexas.edu /export/httpd/vhosts/texasbeyondhistory/data/tejas/map/engraphics kiamichi_valley-lg.jpg
2003.08.01 12:14 B K:\TBH Website Temp\tejas\map\engraphics\neches_bluff-lg.jpg --> uts.cc.utexas.edu /export/httpd/vhosts/texasbeyondhistory/data/tejas/map/engraphics neches_bluff-lg.jpg
2003.08.01 12:14 B K:\TBH Website Temp\tejas\map\engraphics\neches_bluff-sm.jpg --> uts.cc.utexas.edu /export/httpd/vhosts/texasbeyondhistory/data/tejas/map/engraphics neches_bluff-sm.jpg
2003.08.01 12:14 B K:\TBH Website Temp\tejas\map\engraphics\neches_river-lg.jpg --> uts.cc.utexas.edu /export/httpd/vhosts/texasbeyondhistory/data/tejas/map/engraphics neches_river-lg.jpg
2003.08.01 12:14 B K:\TBH Website Temp\tejas\map\engraphics\neches_river-sm.jpg --> uts.cc.utexas.edu /export/httpd/vhosts/texasbeyondhistory/data/tejas/map/engraphics neches_river-sm.jpg
2003.08.01 12:14 B K:\TBH Website Temp\tejas\map\engraphics\new_hope1-lg.jpg --> uts.cc.utexas.edu /export/httpd/vhosts/texasbeyondhistory/data/tejas/map/engraphics new_hope1-lg.jpg
2003.08.01 12:14 B K:\TBH Website Temp\tejas\map\engraphics\new_hope6-lg.jpg --> uts.cc.utexas.edu /export/httpd/vhosts/texasbeyondhistory/data/tejas/map/engraphics new_hope6-lg.jpg
2003.08.01 12:14 B K:\TBH Website Temp\tejas\map\engraphics\novaculite-lg.jpg --> uts.cc.utexas.edu /export/httpd/vhosts/texasbeyondhistory/data/tejas/map/engraphics novaculite-lg.jpg
2003.08.01 12:14 B K:\TBH Website Temp\tejas\map\engraphics\novaculite2-lg.jpg --> uts.cc.utexas.edu /export/httpd/vhosts/texasbeyondhistory/data/tejas/map/engraphics novaculite2-lg.jpg
2003.08.01 12:14 B K:\TBH Website Temp\tejas\map\engraphics\novaculite2-sm.jpg --> uts.cc.utexas.edu /export/httpd/vhosts/texasbeyondhistory/data/tejas/map/engraphics novaculite2-sm.jpg
2003.08.01 12:14 B K:\TBH Website Temp\tejas\map\engraphics\novaculite3-lg.jpg --> uts.cc.utexas.edu /export/httpd/vhosts/texasbeyondhistory/data/tejas/map/engraphics novaculite3-lg.jpg
2003.08.01 12:14 B K:\TBH Website Temp\tejas\map\engraphics\novaculite3-sm.jpg --> uts.cc.utexas.edu /export/httpd/vhosts/texasbeyondhistory/data/tejas/map/engraphics novaculite3-sm.jpg
2003.08.01 12:14 B K:\TBH Website Temp\tejas\map\engraphics\ouachita-fall2-lg.jpg --> uts.cc.utexas.edu /export/httpd/vhosts/texasbeyondhistory/data/tejas/map/engraphics ouachita-fall2-lg.jpg
2003.08.01 12:14 B K:\TBH Website Temp\tejas\map\engraphics\ouachita-valley-lg.jpg --> uts.cc.utexas.edu /export/httpd/vhosts/texasbeyondhistory/data/tejas/map/engraphics ouachita-valley-lg.jpg
2003.08.01 12:14 B K:\TBH Website Temp\tejas\map\engraphics\ouachita_fall-lg.jpg --> uts.cc.utexas.edu /export/httpd/vhosts/texasbeyondhistory/data/tejas/map/engraphics ouachita_fall-lg.jpg
2003.08.01 12:14 B K:\TBH Website Temp\tejas\map\engraphics\ouachita_stream-lg.jpg --> uts.cc.utexas.edu /export/httpd/vhosts/texasbeyondhistory/data/tejas/map/engraphics ouachita_stream-lg.jpg
2003.08.01 12:14 B K:\TBH Website Temp\tejas\map\engraphics\ouachita_stream-sm.jpg --> uts.cc.utexas.edu /export/httpd/vhosts/texasbeyondhistory/data/tejas/map/engraphics ouachita_stream-sm.jpg
2003.08.01 12:14 B K:\TBH Website Temp\tejas\map\engraphics\oxbow_lake-lg.jpg --> uts.cc.utexas.edu /export/httpd/vhosts/texasbeyondhistory/data/tejas/map/engraphics oxbow_lake-lg.jpg
2003.08.01 12:14 B K:\TBH Website Temp\tejas\map\engraphics\p1.jpg --> uts.cc.utexas.edu /export/httpd/vhosts/texasbeyondhistory/data/tejas/map/engraphics p1.jpg
2003.08.01 12:14 B K:\TBH Website Temp\tejas\map\engraphics\p10.jpg --> uts.cc.utexas.edu /export/httpd/vhosts/texasbeyondhistory/data/tejas/map/engraphics p10.jpg
2003.08.01 12:14 B K:\TBH Website Temp\tejas\map\engraphics\p11.jpg --> uts.cc.utexas.edu /export/httpd/vhosts/texasbeyondhistory/data/tejas/map/engraphics p11.jpg
2003.08.01 12:14 B K:\TBH Website Temp\tejas\map\engraphics\p12.jpg --> uts.cc.utexas.edu /export/httpd/vhosts/texasbeyondhistory/data/tejas/map/engraphics p12.jpg
2003.08.01 12:14 B K:\TBH Website Temp\tejas\map\engraphics\p13.jpg --> uts.cc.utexas.edu /export/httpd/vhosts/texasbeyondhistory/data/tejas/map/engraphics p13.jpg
2003.08.01 12:14 B K:\TBH Website Temp\tejas\map\engraphics\p14.jpg --> uts.cc.utexas.edu /export/httpd/vhosts/texasbeyondhistory/data/tejas/map/engraphics p14.jpg
2003.08.01 12:14 B K:\TBH Website Temp\tejas\map\engraphics\p15.jpg --> uts.cc.utexas.edu /export/httpd/vhosts/texasbeyondhistory/data/tejas/map/engraphics p15.jpg
2003.08.01 12:14 B K:\TBH Website Temp\tejas\map\engraphics\p16.jpg --> uts.cc.utexas.edu /export/httpd/vhosts/texasbeyondhistory/data/tejas/map/engraphics p16.jpg
2003.08.01 12:14 B K:\TBH Website Temp\tejas\map\engraphics\p17.jpg --> uts.cc.utexas.edu /export/httpd/vhosts/texasbeyondhistory/data/tejas/map/engraphics p17.jpg
2003.08.01 12:14 B K:\TBH Website Temp\tejas\map\engraphics\p18.jpg --> uts.cc.utexas.edu /export/httpd/vhosts/texasbeyondhistory/data/tejas/map/engraphics p18.jpg
2003.08.01 12:14 B K:\TBH Website Temp\tejas\map\engraphics\p19.jpg --> uts.cc.utexas.edu /export/httpd/vhosts/texasbeyondhistory/data/tejas/map/engraphics p19.jpg
2003.08.01 12:14 B K:\TBH Website Temp\tejas\map\engraphics\p2.jpg --> uts.cc.utexas.edu /export/httpd/vhosts/texasbeyondhistory/data/tejas/map/engraphics p2.jpg
2003.08.01 12:14 B K:\TBH Website Temp\tejas\map\engraphics\p3.jpg --> uts.cc.utexas.edu /export/httpd/vhosts/texasbeyondhistory/data/tejas/map/engraphics p3.jpg
2003.08.01 12:14 B K:\TBH Website Temp\tejas\map\engraphics\p4.jpg --> uts.cc.utexas.edu /export/httpd/vhosts/texasbeyondhistory/data/tejas/map/engraphics p4.jpg
2003.08.01 12:14 B K:\TBH Website Temp\tejas\map\engraphics\p5.jpg --> uts.cc.utexas.edu /export/httpd/vhosts/texasbeyondhistory/data/tejas/map/engraphics p5.jpg
2003.08.01 12:14 B K:\TBH Website Temp\tejas\map\engraphics\p6.jpg --> uts.cc.utexas.edu /export/httpd/vhosts/texasbeyondhistory/data/tejas/map/engraphics p6.jpg
2003.08.01 12:14 B K:\TBH Website Temp\tejas\map\engraphics\p7.jpg --> uts.cc.utexas.edu /export/httpd/vhosts/texasbeyondhistory/data/tejas/map/engraphics p7.jpg
2003.08.01 12:14 B K:\TBH Website Temp\tejas\map\engraphics\p8.jpg --> uts.cc.utexas.edu /export/httpd/vhosts/texasbeyondhistory/data/tejas/map/engraphics p8.jpg
2003.08.01 12:14 B K:\TBH Website Temp\tejas\map\engraphics\p9.jpg --> uts.cc.utexas.edu /export/httpd/vhosts/texasbeyondhistory/data/tejas/map/engraphics p9.jpg
2003.08.01 12:14 B K:\TBH Website Temp\tejas\map\engraphics\red-river1-lg.jpg --> uts.cc.utexas.edu /export/httpd/vhosts/texasbeyondhistory/data/tejas/map/engraphics red-river1-lg.jpg
2003.08.01 12:14 B K:\TBH Website Temp\tejas\map\engraphics\red_denison-lg.jpg --> uts.cc.utexas.edu /export/httpd/vhosts/texasbeyondhistory/data/tejas/map/engraphics red_denison-lg.jpg
2003.08.01 12:14 B K:\TBH Website Temp\tejas\map\engraphics\red_sand_storm-lg.jpg --> uts.cc.utexas.edu /export/httpd/vhosts/texasbeyondhistory/data/tejas/map/engraphics red_sand_storm-lg.jpg
2003.08.01 12:14 B K:\TBH Website Temp\tejas\map\engraphics\red_texarkana-lg.jpg --> uts.cc.utexas.edu /export/httpd/vhosts/texasbeyondhistory/data/tejas/map/engraphics red_texarkana-lg.jpg
2003.08.01 12:14 B K:\TBH Website Temp\tejas\map\engraphics\red_texarkana-sm.jpg --> uts.cc.utexas.edu /export/httpd/vhosts/texasbeyondhistory/data/tejas/map/engraphics red_texarkana-sm.jpg
2003.08.01 12:14 B K:\TBH Website Temp\tejas\map\engraphics\sabine-toledo-lg.jpg --> uts.cc.utexas.edu /export/httpd/vhosts/texasbeyondhistory/data/tejas/map/engraphics sabine-toledo-lg.jpg
2003.08.01 12:14 B K:\TBH Website Temp\tejas\map\engraphics\saline_bayou-lg.jpg --> uts.cc.utexas.edu /export/httpd/vhosts/texasbeyondhistory/data/tejas/map/engraphics saline_bayou-lg.jpg
2003.08.01 12:14 B K:\TBH Website Temp\tejas\map\engraphics\saline_bayou-sm.jpg --> uts.cc.utexas.edu /export/httpd/vhosts/texasbeyondhistory/data/tejas/map/engraphics saline_bayou-sm.jpg
2003.08.01 12:14 B K:\TBH Website Temp\tejas\map\engraphics\salt_spring-lg.jpg --> uts.cc.utexas.edu /export/httpd/vhosts/texasbeyondhistory/data/tejas/map/engraphics salt_spring-lg.jpg
2003.08.01 12:14 B K:\TBH Website Temp\tejas\map\engraphics\sanders-veg-lg.jpg --> uts.cc.utexas.edu /export/httpd/vhosts/texasbeyondhistory/data/tejas/map/engraphics sanders-veg-lg.jpg
2003.08.01 12:14 B K:\TBH Website Temp\tejas\map\engraphics\sanders-veg-sm.jpg --> uts.cc.utexas.edu /export/httpd/vhosts/texasbeyondhistory/data/tejas/map/engraphics sanders-veg-sm.jpg
2003.08.01 12:14 B K:\TBH Website Temp\tejas\map\engraphics\smithport-lake-lg.jpg --> uts.cc.utexas.edu /export/httpd/vhosts/texasbeyondhistory/data/tejas/map/engraphics smithport-lake-lg.jpg
2003.08.01 12:14 B K:\TBH Website Temp\tejas\map\engraphics\spiro-sanders-lg.jpg --> uts.cc.utexas.edu /export/httpd/vhosts/texasbeyondhistory/data/tejas/map/engraphics spiro-sanders-lg.jpg
2003.08.01 12:14 B K:\TBH Website Temp\tejas\map\engraphics\spiro-sanders-sm.jpg --> uts.cc.utexas.edu /export/httpd/vhosts/texasbeyondhistory/data/tejas/map/engraphics spiro-sanders-sm.jpg
2003.08.01 12:14 B K:\TBH Website Temp\tejas\map\engraphics\suphur-cutland-lg.jpg --> uts.cc.utexas.edu /export/httpd/vhosts/texasbeyondhistory/data/tejas/map/engraphics suphur-cutland-lg.jpg
2003.08.01 12:14 B K:\TBH Website Temp\tejas\map\engraphics\Thumbs.db --> uts.cc.utexas.edu /export/httpd/vhosts/texasbeyondhistory/data/tejas/map/engraphics Thumbs.db
2003.08.01 12:14 B K:\TBH Website Temp\tejas\map\engraphics\titus-uplands-lg.jpg --> uts.cc.utexas.edu /export/httpd/vhosts/texasbeyondhistory/data/tejas/map/engraphics titus-uplands-lg.jpg
2003.08.01 12:14 B K:\TBH Website Temp\tejas\map\engraphics\white-river-lg.jpg --> uts.cc.utexas.edu /export/httpd/vhosts/texasbeyondhistory/data/tejas/map/engraphics white-river-lg.jpg
2003.08.01 12:14 B K:\TBH Website Temp\tejas\map\engraphics\white-river-sm.jpg --> uts.cc.utexas.edu /export/httpd/vhosts/texasbeyondhistory/data/tejas/map/engraphics white-river-sm.jpg
2003.08.01 12:14 B K:\TBH Website Temp\tejas\map\engraphics\wolf_bottom-lg.jpg --> uts.cc.utexas.edu /export/httpd/vhosts/texasbeyondhistory/data/tejas/map/engraphics wolf_bottom-lg.jpg
