2003.09.02 09:51 B K:\TBH Website Temp\villagers\fundamentals\index.html --> uts.cc.utexas.edu /export/httpd/vhosts/texasbeyondhistory/data/villagers/fundamentals index.html
2004.07.06 12:52 B K:\TBH Website Temp\villagers\research\antelope.html --> uts.cc.utexas.edu /export/httpd/vhosts/texasbeyondhistory/data/villagers/research antelope.html
2004.07.06 12:52 B K:\TBH Website Temp\villagers\research\credits.html --> uts.cc.utexas.edu /export/httpd/vhosts/texasbeyondhistory/data/villagers/research credits.html
2004.07.06 12:52 B K:\TBH Website Temp\villagers\research\culture.html --> uts.cc.utexas.edu /export/httpd/vhosts/texasbeyondhistory/data/villagers/research culture.html
2004.07.06 12:52 B K:\TBH Website Temp\villagers\research\early.html --> uts.cc.utexas.edu /export/httpd/vhosts/texasbeyondhistory/data/villagers/research early.html
2004.07.06 12:52 B K:\TBH Website Temp\villagers\research\future.html --> uts.cc.utexas.edu /export/httpd/vhosts/texasbeyondhistory/data/villagers/research future.html
2004.07.06 12:52 B K:\TBH Website Temp\villagers\research\index.html --> uts.cc.utexas.edu /export/httpd/vhosts/texasbeyondhistory/data/villagers/research index.html
2004.07.06 12:52 B K:\TBH Website Temp\villagers\research\variation.html --> uts.cc.utexas.edu /export/httpd/vhosts/texasbeyondhistory/data/villagers/research variation.html
2004.07.06 12:52 B K:\TBH Website Temp\villagers\research\WS_FTP.LOG --> uts.cc.utexas.edu /export/httpd/vhosts/texasbeyondhistory/data/villagers/research WS_FTP.LOG
2004.07.26 18:27 B K:\TBH Website Temp\villagers\research\credits.html --> uts.cc.utexas.edu /export/httpd/vhosts/texasbeyondhistory/data/villagers/research credits.html
2004.07.26 18:27 B K:\TBH Website Temp\villagers\research\future.html --> uts.cc.utexas.edu /export/httpd/vhosts/texasbeyondhistory/data/villagers/research future.html
2004.07.26 18:27 B K:\TBH Website Temp\villagers\research\antelope.html --> uts.cc.utexas.edu /export/httpd/vhosts/texasbeyondhistory/data/villagers/research antelope.html
2004.07.26 18:27 B K:\TBH Website Temp\villagers\research\culture.html --> uts.cc.utexas.edu /export/httpd/vhosts/texasbeyondhistory/data/villagers/research culture.html
2004.07.26 18:27 B K:\TBH Website Temp\villagers\research\variation.html --> uts.cc.utexas.edu /export/httpd/vhosts/texasbeyondhistory/data/villagers/research variation.html
2004.07.26 18:27 B K:\TBH Website Temp\villagers\research\index.html --> uts.cc.utexas.edu /export/httpd/vhosts/texasbeyondhistory/data/villagers/research index.html
2004.07.26 18:27 B K:\TBH Website Temp\villagers\research\early.html --> uts.cc.utexas.edu /export/httpd/vhosts/texasbeyondhistory/data/villagers/research early.html
2004.07.27 12:35 B K:\TBH Website Temp\villagers\research\credits.html --> uts.cc.utexas.edu /export/httpd/vhosts/texasbeyondhistory/data/villagers/research credits.html
2004.07.27 12:35 B K:\TBH Website Temp\villagers\research\variation.html --> uts.cc.utexas.edu /export/httpd/vhosts/texasbeyondhistory/data/villagers/research variation.html
2004.07.27 12:35 B K:\TBH Website Temp\villagers\research\antelope.html --> uts.cc.utexas.edu /export/httpd/vhosts/texasbeyondhistory/data/villagers/research antelope.html
2004.07.27 12:35 B K:\TBH Website Temp\villagers\research\TMPk9uep1itkm.htm --> uts.cc.utexas.edu /export/httpd/vhosts/texasbeyondhistory/data/villagers/research TMPk9uep1itkm.htm
2004.07.27 12:35 B K:\TBH Website Temp\villagers\research\culture.html --> uts.cc.utexas.edu /export/httpd/vhosts/texasbeyondhistory/data/villagers/research culture.html
2004.07.27 12:35 B K:\TBH Website Temp\villagers\research\index.html --> uts.cc.utexas.edu /export/httpd/vhosts/texasbeyondhistory/data/villagers/research index.html
2004.07.27 12:35 B K:\TBH Website Temp\villagers\research\future.html --> uts.cc.utexas.edu /export/httpd/vhosts/texasbeyondhistory/data/villagers/research future.html
2004.07.27 12:35 B K:\TBH Website Temp\villagers\research\early.html --> uts.cc.utexas.edu /export/httpd/vhosts/texasbeyondhistory/data/villagers/research early.html
2004.07.27 17:48 B G:\TBH Website Temp\villagers\research\index.html --> uts.cc.utexas.edu /export/httpd/vhosts/texasbeyondhistory/data/villagers/research index.html
2004.08.20 14:51 B K:\TBH Website Temp\villagers\research\credits.html --> uts.cc.utexas.edu /export/httpd/vhosts/texasbeyondhistory/data/villagers/research credits.html
2005.04.04 13:47 B L:\TBH Website Temp\villagers\research\antelope.html --> uts.cc.utexas.edu /export/httpd/vhosts/texasbeyondhistory/data/villagers/research antelope.html
2005.04.04 13:47 B L:\TBH Website Temp\villagers\research\credits.html --> uts.cc.utexas.edu /export/httpd/vhosts/texasbeyondhistory/data/villagers/research credits.html
2005.04.04 13:47 B L:\TBH Website Temp\villagers\research\culture.html --> uts.cc.utexas.edu /export/httpd/vhosts/texasbeyondhistory/data/villagers/research culture.html
2005.04.04 13:47 B L:\TBH Website Temp\villagers\research\early.html --> uts.cc.utexas.edu /export/httpd/vhosts/texasbeyondhistory/data/villagers/research early.html
2005.04.04 13:47 B L:\TBH Website Temp\villagers\research\future.html --> uts.cc.utexas.edu /export/httpd/vhosts/texasbeyondhistory/data/villagers/research future.html
2005.04.04 13:47 B L:\TBH Website Temp\villagers\research\index.html --> uts.cc.utexas.edu /export/httpd/vhosts/texasbeyondhistory/data/villagers/research index.html
2005.04.04 13:47 B L:\TBH Website Temp\villagers\research\variation.html --> uts.cc.utexas.edu /export/httpd/vhosts/texasbeyondhistory/data/villagers/research variation.html
