2001.08.28 20:45 B D:\TBH Temp\gilbert\images\brass-points-lg.jpg <-- Texas Beyond History /Website Stuff/TBH Website Temp/gilbert/images brass-points-lg.jpg
2001.08.28 20:45 B D:\TBH Temp\gilbert\images\brass-points-sm.jpg <-- Texas Beyond History /Website Stuff/TBH Website Temp/gilbert/images brass-points-sm.jpg
2001.08.28 20:45 B D:\TBH Temp\gilbert\images\brass-points.html <-- Texas Beyond History /Website Stuff/TBH Website Temp/gilbert/images brass-points.html
2001.08.28 20:45 B D:\TBH Temp\gilbert\images\BTAS37-lg.jpg <-- Texas Beyond History /Website Stuff/TBH Website Temp/gilbert/images BTAS37-lg.jpg
2001.08.28 20:45 B D:\TBH Temp\gilbert\images\BTAS37-sm.jpg <-- Texas Beyond History /Website Stuff/TBH Website Temp/gilbert/images BTAS37-sm.jpg
2001.08.28 20:45 B D:\TBH Temp\gilbert\images\BTAS37.html <-- Texas Beyond History /Website Stuff/TBH Website Temp/gilbert/images BTAS37.html
2001.08.28 20:45 B D:\TBH Temp\gilbert\images\buttplates-lg.jpg <-- Texas Beyond History /Website Stuff/TBH Website Temp/gilbert/images buttplates-lg.jpg
2001.08.28 20:45 B D:\TBH Temp\gilbert\images\buttplates-sm.jpg <-- Texas Beyond History /Website Stuff/TBH Website Temp/gilbert/images buttplates-sm.jpg
2001.08.28 20:45 B D:\TBH Temp\gilbert\images\buttplates.html <-- Texas Beyond History /Website Stuff/TBH Website Temp/gilbert/images buttplates.html
2001.08.28 20:45 B D:\TBH Temp\gilbert\images\BW150-LG.JPG <-- Texas Beyond History /Website Stuff/TBH Website Temp/gilbert/images BW150-LG.JPG
2001.08.28 20:45 B D:\TBH Temp\gilbert\images\BW150-SM.JPG <-- Texas Beyond History /Website Stuff/TBH Website Temp/gilbert/images BW150-SM.JPG
2001.08.28 20:45 B D:\TBH Temp\gilbert\images\Bw150.html <-- Texas Beyond History /Website Stuff/TBH Website Temp/gilbert/images Bw150.html
2001.08.28 20:45 B D:\TBH Temp\gilbert\images\BW152-LG.JPG <-- Texas Beyond History /Website Stuff/TBH Website Temp/gilbert/images BW152-LG.JPG
2001.08.28 20:45 B D:\TBH Temp\gilbert\images\Bw152-sm.jpg <-- Texas Beyond History /Website Stuff/TBH Website Temp/gilbert/images Bw152-sm.jpg
2001.08.28 20:46 B D:\TBH Temp\gilbert\images\Bw152.html <-- Texas Beyond History /Website Stuff/TBH Website Temp/gilbert/images Bw152.html
2001.08.28 20:46 B D:\TBH Temp\gilbert\images\BW18-LG.JPG <-- Texas Beyond History /Website Stuff/TBH Website Temp/gilbert/images BW18-LG.JPG
2001.08.28 20:46 B D:\TBH Temp\gilbert\images\BW18-SM.JPG <-- Texas Beyond History /Website Stuff/TBH Website Temp/gilbert/images BW18-SM.JPG
2001.08.28 20:46 B D:\TBH Temp\gilbert\images\Bw18.html <-- Texas Beyond History /Website Stuff/TBH Website Temp/gilbert/images Bw18.html
2001.08.28 20:46 B D:\TBH Temp\gilbert\images\BW23-LG.JPG <-- Texas Beyond History /Website Stuff/TBH Website Temp/gilbert/images BW23-LG.JPG
2001.08.28 20:46 B D:\TBH Temp\gilbert\images\BW23-SM.JPG <-- Texas Beyond History /Website Stuff/TBH Website Temp/gilbert/images BW23-SM.JPG
2001.08.28 20:46 B D:\TBH Temp\gilbert\images\Bw23.html <-- Texas Beyond History /Website Stuff/TBH Website Temp/gilbert/images Bw23.html
2001.08.28 20:46 B D:\TBH Temp\gilbert\images\BW45-LG.JPG <-- Texas Beyond History /Website Stuff/TBH Website Temp/gilbert/images BW45-LG.JPG
2001.08.28 20:46 B D:\TBH Temp\gilbert\images\BW45-SM.JPG <-- Texas Beyond History /Website Stuff/TBH Website Temp/gilbert/images BW45-SM.JPG
2001.08.28 20:46 B D:\TBH Temp\gilbert\images\Bw45.html <-- Texas Beyond History /Website Stuff/TBH Website Temp/gilbert/images Bw45.html
2001.08.28 20:46 B D:\TBH Temp\gilbert\images\BW5-LG.JPG <-- Texas Beyond History /Website Stuff/TBH Website Temp/gilbert/images BW5-LG.JPG
2001.08.28 20:46 B D:\TBH Temp\gilbert\images\BW5-SM.JPG <-- Texas Beyond History /Website Stuff/TBH Website Temp/gilbert/images BW5-SM.JPG
2001.08.28 20:46 B D:\TBH Temp\gilbert\images\Bw5.html <-- Texas Beyond History /Website Stuff/TBH Website Temp/gilbert/images Bw5.html
2001.08.28 20:46 B D:\TBH Temp\gilbert\images\BW6-LG.JPG <-- Texas Beyond History /Website Stuff/TBH Website Temp/gilbert/images BW6-LG.JPG
2001.08.28 20:46 B D:\TBH Temp\gilbert\images\BW6-SM.JPG <-- Texas Beyond History /Website Stuff/TBH Website Temp/gilbert/images BW6-SM.JPG
2001.08.28 20:46 B D:\TBH Temp\gilbert\images\Bw6.html <-- Texas Beyond History /Website Stuff/TBH Website Temp/gilbert/images Bw6.html
2001.08.28 20:46 B D:\TBH Temp\gilbert\images\C12-lg.jpg <-- Texas Beyond History /Website Stuff/TBH Website Temp/gilbert/images C12-lg.jpg
2001.08.28 20:46 B D:\TBH Temp\gilbert\images\C12-sm.jpg <-- Texas Beyond History /Website Stuff/TBH Website Temp/gilbert/images C12-sm.jpg
2001.08.28 20:46 B D:\TBH Temp\gilbert\images\C12-sm2.jpg <-- Texas Beyond History /Website Stuff/TBH Website Temp/gilbert/images C12-sm2.jpg
2001.08.28 20:46 B D:\TBH Temp\gilbert\images\C14-lg.jpg <-- Texas Beyond History /Website Stuff/TBH Website Temp/gilbert/images C14-lg.jpg
2001.08.28 20:46 B D:\TBH Temp\gilbert\images\C14-sm.jpg <-- Texas Beyond History /Website Stuff/TBH Website Temp/gilbert/images C14-sm.jpg
2001.08.28 20:46 B D:\TBH Temp\gilbert\images\C14.html <-- Texas Beyond History /Website Stuff/TBH Website Temp/gilbert/images C14.html
2001.08.28 20:46 B D:\TBH Temp\gilbert\images\C17-lg.jpg <-- Texas Beyond History /Website Stuff/TBH Website Temp/gilbert/images C17-lg.jpg
2001.08.28 20:46 B D:\TBH Temp\gilbert\images\C17-sm.jpg <-- Texas Beyond History /Website Stuff/TBH Website Temp/gilbert/images C17-sm.jpg
2001.08.28 20:46 B D:\TBH Temp\gilbert\images\C17.html <-- Texas Beyond History /Website Stuff/TBH Website Temp/gilbert/images C17.html
2001.08.28 20:46 B D:\TBH Temp\gilbert\images\C21-lg.jpg <-- Texas Beyond History /Website Stuff/TBH Website Temp/gilbert/images C21-lg.jpg
2001.08.28 20:46 B D:\TBH Temp\gilbert\images\C21-sm.jpg <-- Texas Beyond History /Website Stuff/TBH Website Temp/gilbert/images C21-sm.jpg
2001.08.28 20:46 B D:\TBH Temp\gilbert\images\C21.html <-- Texas Beyond History /Website Stuff/TBH Website Temp/gilbert/images C21.html
2001.08.28 20:46 B D:\TBH Temp\gilbert\images\C25-lg.jpg <-- Texas Beyond History /Website Stuff/TBH Website Temp/gilbert/images C25-lg.jpg
2001.08.28 20:46 B D:\TBH Temp\gilbert\images\C25-sm.jpg <-- Texas Beyond History /Website Stuff/TBH Website Temp/gilbert/images C25-sm.jpg
2001.08.28 20:46 B D:\TBH Temp\gilbert\images\C25.html <-- Texas Beyond History /Website Stuff/TBH Website Temp/gilbert/images C25.html
2001.08.28 20:46 B D:\TBH Temp\gilbert\images\C7-lg.jpg <-- Texas Beyond History /Website Stuff/TBH Website Temp/gilbert/images C7-lg.jpg
2001.08.28 20:46 B D:\TBH Temp\gilbert\images\C7-sm.jpg <-- Texas Beyond History /Website Stuff/TBH Website Temp/gilbert/images C7-sm.jpg
2001.08.28 20:46 B D:\TBH Temp\gilbert\images\C7.html <-- Texas Beyond History /Website Stuff/TBH Website Temp/gilbert/images C7.html
2001.08.28 20:46 B D:\TBH Temp\gilbert\images\F44-LG.JPG <-- Texas Beyond History /Website Stuff/TBH Website Temp/gilbert/images F44-LG.JPG
2001.08.28 20:46 B D:\TBH Temp\gilbert\images\F44-SM.JPG <-- Texas Beyond History /Website Stuff/TBH Website Temp/gilbert/images F44-SM.JPG
2001.08.28 20:46 B D:\TBH Temp\gilbert\images\F44.html <-- Texas Beyond History /Website Stuff/TBH Website Temp/gilbert/images F44.html
2001.08.28 20:46 B D:\TBH Temp\gilbert\images\fieldcamp-lg.jpg <-- Texas Beyond History /Website Stuff/TBH Website Temp/gilbert/images fieldcamp-lg.jpg
2001.08.28 20:46 B D:\TBH Temp\gilbert\images\fieldcamp-sm.jpg <-- Texas Beyond History /Website Stuff/TBH Website Temp/gilbert/images fieldcamp-sm.jpg
2001.08.28 20:46 B D:\TBH Temp\gilbert\images\fieldcamp.html <-- Texas Beyond History /Website Stuff/TBH Website Temp/gilbert/images fieldcamp.html
2001.08.28 20:46 B D:\TBH Temp\gilbert\images\Flintlock-crop.jpg <-- Texas Beyond History /Website Stuff/TBH Website Temp/gilbert/images Flintlock-crop.jpg
2001.08.28 20:46 B D:\TBH Temp\gilbert\images\Flintlocks-lg.jpg <-- Texas Beyond History /Website Stuff/TBH Website Temp/gilbert/images Flintlocks-lg.jpg
2001.08.28 20:46 B D:\TBH Temp\gilbert\images\Flintlocks-sm.jpg <-- Texas Beyond History /Website Stuff/TBH Website Temp/gilbert/images Flintlocks-sm.jpg
2001.08.28 20:46 B D:\TBH Temp\gilbert\images\flintlocks.html <-- Texas Beyond History /Website Stuff/TBH Website Temp/gilbert/images flintlocks.html
2001.08.28 20:46 B D:\TBH Temp\gilbert\images\Gilbert-1962.jpg <-- Texas Beyond History /Website Stuff/TBH Website Temp/gilbert/images Gilbert-1962.jpg
2001.08.28 20:46 B D:\TBH Temp\gilbert\images\Gilbert-map-lg.gif <-- Texas Beyond History /Website Stuff/TBH Website Temp/gilbert/images Gilbert-map-lg.gif
2001.08.28 20:46 B D:\TBH Temp\gilbert\images\Gilbert-map-sm.gif <-- Texas Beyond History /Website Stuff/TBH Website Temp/gilbert/images Gilbert-map-sm.gif
2001.08.28 20:46 B D:\TBH Temp\gilbert\images\Gilbert-map.html <-- Texas Beyond History /Website Stuff/TBH Website Temp/gilbert/images Gilbert-map.html
2001.08.28 20:46 B D:\TBH Temp\gilbert\images\JB1-lg.jpg <-- Texas Beyond History /Website Stuff/TBH Website Temp/gilbert/images JB1-lg.jpg
2001.08.28 20:46 B D:\TBH Temp\gilbert\images\JB1-sm.jpg <-- Texas Beyond History /Website Stuff/TBH Website Temp/gilbert/images JB1-sm.jpg
2001.08.28 20:46 B D:\TBH Temp\gilbert\images\JB1.html <-- Texas Beyond History /Website Stuff/TBH Website Temp/gilbert/images JB1.html
2001.08.28 20:46 B D:\TBH Temp\gilbert\images\JB11-lg.jpg <-- Texas Beyond History /Website Stuff/TBH Website Temp/gilbert/images JB11-lg.jpg
2001.08.28 20:46 B D:\TBH Temp\gilbert\images\JB11-sm.jpg <-- Texas Beyond History /Website Stuff/TBH Website Temp/gilbert/images JB11-sm.jpg
2001.08.28 20:46 B D:\TBH Temp\gilbert\images\JB11.html <-- Texas Beyond History /Website Stuff/TBH Website Temp/gilbert/images JB11.html
2001.08.28 20:46 B D:\TBH Temp\gilbert\images\JB12-lg.jpg <-- Texas Beyond History /Website Stuff/TBH Website Temp/gilbert/images JB12-lg.jpg
2001.08.28 20:46 B D:\TBH Temp\gilbert\images\JB12-sm.jpg <-- Texas Beyond History /Website Stuff/TBH Website Temp/gilbert/images JB12-sm.jpg
2001.08.28 20:46 B D:\TBH Temp\gilbert\images\JB12.html <-- Texas Beyond History /Website Stuff/TBH Website Temp/gilbert/images JB12.html
2001.08.28 20:46 B D:\TBH Temp\gilbert\images\JB16-lg.jpg <-- Texas Beyond History /Website Stuff/TBH Website Temp/gilbert/images JB16-lg.jpg
2001.08.28 20:46 B D:\TBH Temp\gilbert\images\JB16-sm.jpg <-- Texas Beyond History /Website Stuff/TBH Website Temp/gilbert/images JB16-sm.jpg
2001.08.28 20:46 B D:\TBH Temp\gilbert\images\JB16.html <-- Texas Beyond History /Website Stuff/TBH Website Temp/gilbert/images JB16.html
2001.08.28 20:46 B D:\TBH Temp\gilbert\images\Jb2-lg.jpg <-- Texas Beyond History /Website Stuff/TBH Website Temp/gilbert/images Jb2-lg.jpg
2001.08.28 20:46 B D:\TBH Temp\gilbert\images\JB2-SM.JPG <-- Texas Beyond History /Website Stuff/TBH Website Temp/gilbert/images JB2-SM.JPG
2001.08.28 20:46 B D:\TBH Temp\gilbert\images\JB2.html <-- Texas Beyond History /Website Stuff/TBH Website Temp/gilbert/images JB2.html
2001.08.28 20:46 B D:\TBH Temp\gilbert\images\JB3-lg.jpg <-- Texas Beyond History /Website Stuff/TBH Website Temp/gilbert/images JB3-lg.jpg
2001.08.28 20:46 B D:\TBH Temp\gilbert\images\JB3-sm.jpg <-- Texas Beyond History /Website Stuff/TBH Website Temp/gilbert/images JB3-sm.jpg
2001.08.28 20:46 B D:\TBH Temp\gilbert\images\JB3.html <-- Texas Beyond History /Website Stuff/TBH Website Temp/gilbert/images JB3.html
2001.08.28 20:46 B D:\TBH Temp\gilbert\images\JB4-lg.jpg <-- Texas Beyond History /Website Stuff/TBH Website Temp/gilbert/images JB4-lg.jpg
2001.08.28 20:46 B D:\TBH Temp\gilbert\images\JB4-sm.jpg <-- Texas Beyond History /Website Stuff/TBH Website Temp/gilbert/images JB4-sm.jpg
2001.08.28 20:46 B D:\TBH Temp\gilbert\images\JB4.html <-- Texas Beyond History /Website Stuff/TBH Website Temp/gilbert/images JB4.html
2001.08.28 20:46 B D:\TBH Temp\gilbert\images\JB6-lg.jpg <-- Texas Beyond History /Website Stuff/TBH Website Temp/gilbert/images JB6-lg.jpg
2001.08.28 20:46 B D:\TBH Temp\gilbert\images\JB6-sm.jpg <-- Texas Beyond History /Website Stuff/TBH Website Temp/gilbert/images JB6-sm.jpg
2001.08.28 20:46 B D:\TBH Temp\gilbert\images\JB6.html <-- Texas Beyond History /Website Stuff/TBH Website Temp/gilbert/images JB6.html
2001.08.28 20:46 B D:\TBH Temp\gilbert\images\JB9-lg.jpg <-- Texas Beyond History /Website Stuff/TBH Website Temp/gilbert/images JB9-lg.jpg
2001.08.28 20:46 B D:\TBH Temp\gilbert\images\JB9-sm.jpg <-- Texas Beyond History /Website Stuff/TBH Website Temp/gilbert/images JB9-sm.jpg
2001.08.28 20:46 B D:\TBH Temp\gilbert\images\JB9.html <-- Texas Beyond History /Website Stuff/TBH Website Temp/gilbert/images JB9.html
2001.08.28 20:46 B D:\TBH Temp\gilbert\images\king-points-lg.jpg <-- Texas Beyond History /Website Stuff/TBH Website Temp/gilbert/images king-points-lg.jpg
2001.08.28 20:46 B D:\TBH Temp\gilbert\images\king-points-sm.jpg <-- Texas Beyond History /Website Stuff/TBH Website Temp/gilbert/images king-points-sm.jpg
2001.08.28 20:46 B D:\TBH Temp\gilbert\images\king-points.html <-- Texas Beyond History /Website Stuff/TBH Website Temp/gilbert/images king-points.html
2001.08.28 20:46 B D:\TBH Temp\gilbert\images\mb1-lg.jpg <-- Texas Beyond History /Website Stuff/TBH Website Temp/gilbert/images mb1-lg.jpg
2001.08.28 20:46 B D:\TBH Temp\gilbert\images\mb1-sm.jpg <-- Texas Beyond History /Website Stuff/TBH Website Temp/gilbert/images mb1-sm.jpg
2001.08.28 20:46 B D:\TBH Temp\gilbert\images\mb1.html <-- Texas Beyond History /Website Stuff/TBH Website Temp/gilbert/images mb1.html
2001.08.28 20:46 B D:\TBH Temp\gilbert\images\MB10-LG.JPG <-- Texas Beyond History /Website Stuff/TBH Website Temp/gilbert/images MB10-LG.JPG
2001.08.28 20:46 B D:\TBH Temp\gilbert\images\MB10-SM.JPG <-- Texas Beyond History /Website Stuff/TBH Website Temp/gilbert/images MB10-SM.JPG
2001.08.28 20:46 B D:\TBH Temp\gilbert\images\Mb10.html <-- Texas Beyond History /Website Stuff/TBH Website Temp/gilbert/images Mb10.html
2001.08.28 20:46 B D:\TBH Temp\gilbert\images\MB11-LG.JPG <-- Texas Beyond History /Website Stuff/TBH Website Temp/gilbert/images MB11-LG.JPG
2001.08.28 20:46 B D:\TBH Temp\gilbert\images\MB11-SM.JPG <-- Texas Beyond History /Website Stuff/TBH Website Temp/gilbert/images MB11-SM.JPG
2001.08.28 20:46 B D:\TBH Temp\gilbert\images\Mb11.html <-- Texas Beyond History /Website Stuff/TBH Website Temp/gilbert/images Mb11.html
2001.08.28 20:46 B D:\TBH Temp\gilbert\images\MB12-LG.JPG <-- Texas Beyond History /Website Stuff/TBH Website Temp/gilbert/images MB12-LG.JPG
2001.08.28 20:46 B D:\TBH Temp\gilbert\images\MB12-SM.JPG <-- Texas Beyond History /Website Stuff/TBH Website Temp/gilbert/images MB12-SM.JPG
2001.08.28 20:46 B D:\TBH Temp\gilbert\images\Mb12.html <-- Texas Beyond History /Website Stuff/TBH Website Temp/gilbert/images Mb12.html
2001.08.28 20:46 B D:\TBH Temp\gilbert\images\MB13-lg.jpg <-- Texas Beyond History /Website Stuff/TBH Website Temp/gilbert/images MB13-lg.jpg
2001.08.28 20:46 B D:\TBH Temp\gilbert\images\MB13-sm.jpg <-- Texas Beyond History /Website Stuff/TBH Website Temp/gilbert/images MB13-sm.jpg
2001.08.28 20:46 B D:\TBH Temp\gilbert\images\Mb13.html <-- Texas Beyond History /Website Stuff/TBH Website Temp/gilbert/images Mb13.html
2001.08.28 20:46 B D:\TBH Temp\gilbert\images\MB14-lg.jpg <-- Texas Beyond History /Website Stuff/TBH Website Temp/gilbert/images MB14-lg.jpg
2001.08.28 20:46 B D:\TBH Temp\gilbert\images\MB14-sm.jpg <-- Texas Beyond History /Website Stuff/TBH Website Temp/gilbert/images MB14-sm.jpg
2001.08.28 20:46 B D:\TBH Temp\gilbert\images\Mb14.html <-- Texas Beyond History /Website Stuff/TBH Website Temp/gilbert/images Mb14.html
2001.08.28 20:46 B D:\TBH Temp\gilbert\images\MB15-lg.jpg <-- Texas Beyond History /Website Stuff/TBH Website Temp/gilbert/images MB15-lg.jpg
2001.08.28 20:46 B D:\TBH Temp\gilbert\images\MB15-sm.jpg <-- Texas Beyond History /Website Stuff/TBH Website Temp/gilbert/images MB15-sm.jpg
2001.08.28 20:46 B D:\TBH Temp\gilbert\images\Mb15.html <-- Texas Beyond History /Website Stuff/TBH Website Temp/gilbert/images Mb15.html
2001.08.28 20:46 B D:\TBH Temp\gilbert\images\MB18-lg.jpg <-- Texas Beyond History /Website Stuff/TBH Website Temp/gilbert/images MB18-lg.jpg
2001.08.28 20:46 B D:\TBH Temp\gilbert\images\MB18-sm.jpg <-- Texas Beyond History /Website Stuff/TBH Website Temp/gilbert/images MB18-sm.jpg
2001.08.28 20:46 B D:\TBH Temp\gilbert\images\Mb18.html <-- Texas Beyond History /Website Stuff/TBH Website Temp/gilbert/images Mb18.html
2001.08.28 20:46 B D:\TBH Temp\gilbert\images\MB1D-LG.JPG <-- Texas Beyond History /Website Stuff/TBH Website Temp/gilbert/images MB1D-LG.JPG
2001.08.28 20:46 B D:\TBH Temp\gilbert\images\MB1D-SM.JPG <-- Texas Beyond History /Website Stuff/TBH Website Temp/gilbert/images MB1D-SM.JPG
2001.08.28 20:46 B D:\TBH Temp\gilbert\images\Mb1d.html <-- Texas Beyond History /Website Stuff/TBH Website Temp/gilbert/images Mb1d.html
2001.08.28 20:46 B D:\TBH Temp\gilbert\images\MB2-LG.JPG <-- Texas Beyond History /Website Stuff/TBH Website Temp/gilbert/images MB2-LG.JPG
2001.08.28 20:46 B D:\TBH Temp\gilbert\images\Mb2-sm.jpg <-- Texas Beyond History /Website Stuff/TBH Website Temp/gilbert/images Mb2-sm.jpg
2001.08.28 20:46 B D:\TBH Temp\gilbert\images\Mb2.html <-- Texas Beyond History /Website Stuff/TBH Website Temp/gilbert/images Mb2.html
2001.08.28 20:46 B D:\TBH Temp\gilbert\images\MB20-LG.JPG <-- Texas Beyond History /Website Stuff/TBH Website Temp/gilbert/images MB20-LG.JPG
2001.08.28 20:46 B D:\TBH Temp\gilbert\images\MB20-SM.JPG <-- Texas Beyond History /Website Stuff/TBH Website Temp/gilbert/images MB20-SM.JPG
2001.08.28 20:46 B D:\TBH Temp\gilbert\images\Mb20.html <-- Texas Beyond History /Website Stuff/TBH Website Temp/gilbert/images Mb20.html
2001.08.28 20:46 B D:\TBH Temp\gilbert\images\MB21-LG.JPG <-- Texas Beyond History /Website Stuff/TBH Website Temp/gilbert/images MB21-LG.JPG
2001.08.28 20:46 B D:\TBH Temp\gilbert\images\MB21-SM.JPG <-- Texas Beyond History /Website Stuff/TBH Website Temp/gilbert/images MB21-SM.JPG
2001.08.28 20:46 B D:\TBH Temp\gilbert\images\Mb21.html <-- Texas Beyond History /Website Stuff/TBH Website Temp/gilbert/images Mb21.html
2001.08.28 20:46 B D:\TBH Temp\gilbert\images\MB9-lg.jpg <-- Texas Beyond History /Website Stuff/TBH Website Temp/gilbert/images MB9-lg.jpg
2001.08.28 20:46 B D:\TBH Temp\gilbert\images\MB9-sm.jpg <-- Texas Beyond History /Website Stuff/TBH Website Temp/gilbert/images MB9-sm.jpg
2001.08.28 20:46 B D:\TBH Temp\gilbert\images\Mb9.html <-- Texas Beyond History /Website Stuff/TBH Website Temp/gilbert/images Mb9.html
2001.08.28 20:46 B D:\TBH Temp\gilbert\images\pit-section-lg.gif <-- Texas Beyond History /Website Stuff/TBH Website Temp/gilbert/images pit-section-lg.gif
2001.08.28 20:47 B D:\TBH Temp\gilbert\images\pit-section-sm.gif <-- Texas Beyond History /Website Stuff/TBH Website Temp/gilbert/images pit-section-sm.gif
2001.08.28 20:47 B D:\TBH Temp\gilbert\images\pit-section.html <-- Texas Beyond History /Website Stuff/TBH Website Temp/gilbert/images pit-section.html
2001.08.28 20:47 B D:\TBH Temp\gilbert\images\shaker-lg.jpg <-- Texas Beyond History /Website Stuff/TBH Website Temp/gilbert/images shaker-lg.jpg
2001.08.28 20:47 B D:\TBH Temp\gilbert\images\shaker-sm.jpg <-- Texas Beyond History /Website Stuff/TBH Website Temp/gilbert/images shaker-sm.jpg
2001.08.28 20:47 B D:\TBH Temp\gilbert\images\shaker.html <-- Texas Beyond History /Website Stuff/TBH Website Temp/gilbert/images shaker.html
2001.08.28 20:47 B D:\TBH Temp\gilbert\images\tanktruck-lg.jpg <-- Texas Beyond History /Website Stuff/TBH Website Temp/gilbert/images tanktruck-lg.jpg
2001.08.28 20:47 B D:\TBH Temp\gilbert\images\tanktruck-sm.jpg <-- Texas Beyond History /Website Stuff/TBH Website Temp/gilbert/images tanktruck-sm.jpg
2001.08.28 20:47 B D:\TBH Temp\gilbert\images\tanktruck.html <-- Texas Beyond History /Website Stuff/TBH Website Temp/gilbert/images tanktruck.html
2001.08.28 20:47 B D:\TBH Temp\gilbert\images\tinklers-lg.jpg <-- Texas Beyond History /Website Stuff/TBH Website Temp/gilbert/images tinklers-lg.jpg
2001.08.28 20:47 B D:\TBH Temp\gilbert\images\tinklers-sm.jpg <-- Texas Beyond History /Website Stuff/TBH Website Temp/gilbert/images tinklers-sm.jpg
2001.08.28 20:47 B D:\TBH Temp\gilbert\images\tinklers.html <-- Texas Beyond History /Website Stuff/TBH Website Temp/gilbert/images tinklers.html
2001.08.31 19:48 B D:\TBH Temp\gilbert\images\17th-map.jpg <-- Texas Beyond History /Website Stuff/TBH Website Temp/gilbert/images 17th-map.jpg
2001.08.31 19:48 B D:\TBH Temp\gilbert\images\buttplate-lg.JPG <-- Texas Beyond History /Website Stuff/TBH Website Temp/gilbert/images buttplate-lg.JPG
2001.08.31 19:48 B D:\TBH Temp\gilbert\images\buttplate-sm.jpg <-- Texas Beyond History /Website Stuff/TBH Website Temp/gilbert/images buttplate-sm.jpg
2001.08.31 19:48 B D:\TBH Temp\gilbert\images\BW23-SM.JPG <-- Texas Beyond History /Website Stuff/TBH Website Temp/gilbert/images BW23-SM.JPG
2001.08.31 19:48 B D:\TBH Temp\gilbert\images\BW45-SM.JPG <-- Texas Beyond History /Website Stuff/TBH Website Temp/gilbert/images BW45-SM.JPG
2001.08.31 19:48 B D:\TBH Temp\gilbert\images\BW5-SM.JPG <-- Texas Beyond History /Website Stuff/TBH Website Temp/gilbert/images BW5-SM.JPG
2001.08.31 19:48 B D:\TBH Temp\gilbert\images\BW6-SM.JPG <-- Texas Beyond History /Website Stuff/TBH Website Temp/gilbert/images BW6-SM.JPG
2001.08.31 19:48 B D:\TBH Temp\gilbert\images\C12.html <-- Texas Beyond History /Website Stuff/TBH Website Temp/gilbert/images C12.html
2001.08.31 19:48 B D:\TBH Temp\gilbert\images\C12.html.LCK <-- Texas Beyond History /Website Stuff/TBH Website Temp/gilbert/images C12.html.LCK
2001.08.31 19:48 B D:\TBH Temp\gilbert\images\C2-LG.JPG <-- Texas Beyond History /Website Stuff/TBH Website Temp/gilbert/images C2-LG.JPG
2001.08.31 19:48 B D:\TBH Temp\gilbert\images\C2-LG.JPG.LCK <-- Texas Beyond History /Website Stuff/TBH Website Temp/gilbert/images C2-LG.JPG.LCK
2001.08.31 19:48 B D:\TBH Temp\gilbert\images\C2-SM.JPG <-- Texas Beyond History /Website Stuff/TBH Website Temp/gilbert/images C2-SM.JPG
2001.08.31 19:48 B D:\TBH Temp\gilbert\images\C2-SM.JPG.LCK <-- Texas Beyond History /Website Stuff/TBH Website Temp/gilbert/images C2-SM.JPG.LCK
2001.08.31 19:48 B D:\TBH Temp\gilbert\images\C2.html <-- Texas Beyond History /Website Stuff/TBH Website Temp/gilbert/images C2.html
2001.08.31 19:48 B D:\TBH Temp\gilbert\images\C2.html.LCK <-- Texas Beyond History /Website Stuff/TBH Website Temp/gilbert/images C2.html.LCK
2001.08.31 19:48 B D:\TBH Temp\gilbert\images\C29-LG.JPG <-- Texas Beyond History /Website Stuff/TBH Website Temp/gilbert/images C29-LG.JPG
2001.08.31 19:48 B D:\TBH Temp\gilbert\images\C29-LG.JPG.LCK <-- Texas Beyond History /Website Stuff/TBH Website Temp/gilbert/images C29-LG.JPG.LCK
2001.08.31 19:48 B D:\TBH Temp\gilbert\images\C29-SM.JPG <-- Texas Beyond History /Website Stuff/TBH Website Temp/gilbert/images C29-SM.JPG
2001.08.31 19:48 B D:\TBH Temp\gilbert\images\C29-SM.JPG.LCK <-- Texas Beyond History /Website Stuff/TBH Website Temp/gilbert/images C29-SM.JPG.LCK
2001.08.31 19:48 B D:\TBH Temp\gilbert\images\C29.html <-- Texas Beyond History /Website Stuff/TBH Website Temp/gilbert/images C29.html
2001.08.31 19:48 B D:\TBH Temp\gilbert\images\C29.html.LCK <-- Texas Beyond History /Website Stuff/TBH Website Temp/gilbert/images C29.html.LCK
2001.08.31 19:48 B D:\TBH Temp\gilbert\images\F44-SM.JPG <-- Texas Beyond History /Website Stuff/TBH Website Temp/gilbert/images F44-SM.JPG
2001.08.31 19:48 B D:\TBH Temp\gilbert\images\FLINTLOCK.GIF <-- Texas Beyond History /Website Stuff/TBH Website Temp/gilbert/images FLINTLOCK.GIF
2001.08.31 19:48 B D:\TBH Temp\gilbert\images\JB10-LG.JPG <-- Texas Beyond History /Website Stuff/TBH Website Temp/gilbert/images JB10-LG.JPG
2001.08.31 19:48 B D:\TBH Temp\gilbert\images\JB10-LG.JPG.LCK <-- Texas Beyond History /Website Stuff/TBH Website Temp/gilbert/images JB10-LG.JPG.LCK
2001.08.31 19:48 B D:\TBH Temp\gilbert\images\JB10-SM.JPG <-- Texas Beyond History /Website Stuff/TBH Website Temp/gilbert/images JB10-SM.JPG
2001.08.31 19:48 B D:\TBH Temp\gilbert\images\JB10-SM.JPG.LCK <-- Texas Beyond History /Website Stuff/TBH Website Temp/gilbert/images JB10-SM.JPG.LCK
2001.08.31 19:48 B D:\TBH Temp\gilbert\images\JB10.html <-- Texas Beyond History /Website Stuff/TBH Website Temp/gilbert/images JB10.html
2001.08.31 19:48 B D:\TBH Temp\gilbert\images\JB10.html.LCK <-- Texas Beyond History /Website Stuff/TBH Website Temp/gilbert/images JB10.html.LCK
2001.08.31 19:48 B D:\TBH Temp\gilbert\images\MB10-SM.JPG <-- Texas Beyond History /Website Stuff/TBH Website Temp/gilbert/images MB10-SM.JPG
2001.08.31 19:48 B D:\TBH Temp\gilbert\images\MB11-SM.JPG <-- Texas Beyond History /Website Stuff/TBH Website Temp/gilbert/images MB11-SM.JPG
2001.08.31 19:48 B D:\TBH Temp\gilbert\images\MB12-SM.JPG <-- Texas Beyond History /Website Stuff/TBH Website Temp/gilbert/images MB12-SM.JPG
2001.08.31 19:48 B D:\TBH Temp\gilbert\images\MB1D-SM.JPG <-- Texas Beyond History /Website Stuff/TBH Website Temp/gilbert/images MB1D-SM.JPG
2001.08.31 19:48 B D:\TBH Temp\gilbert\images\MB20-SM.JPG <-- Texas Beyond History /Website Stuff/TBH Website Temp/gilbert/images MB20-SM.JPG
2001.08.31 19:48 B D:\TBH Temp\gilbert\images\MB21-SM.JPG <-- Texas Beyond History /Website Stuff/TBH Website Temp/gilbert/images MB21-SM.JPG
2001.08.31 19:48 B D:\TBH Temp\gilbert\images\PL1-LG.JPG <-- Texas Beyond History /Website Stuff/TBH Website Temp/gilbert/images PL1-LG.JPG
2001.08.31 19:48 B D:\TBH Temp\gilbert\images\PL1-LG.JPG.LCK <-- Texas Beyond History /Website Stuff/TBH Website Temp/gilbert/images PL1-LG.JPG.LCK
2001.08.31 19:48 B D:\TBH Temp\gilbert\images\PL1-SM.JPG <-- Texas Beyond History /Website Stuff/TBH Website Temp/gilbert/images PL1-SM.JPG
2001.08.31 19:48 B D:\TBH Temp\gilbert\images\PL1-SM.JPG.LCK <-- Texas Beyond History /Website Stuff/TBH Website Temp/gilbert/images PL1-SM.JPG.LCK
2001.08.31 19:48 B D:\TBH Temp\gilbert\images\Pl1.html <-- Texas Beyond History /Website Stuff/TBH Website Temp/gilbert/images Pl1.html
2001.08.31 19:48 B D:\TBH Temp\gilbert\images\Pl1.html.LCK <-- Texas Beyond History /Website Stuff/TBH Website Temp/gilbert/images Pl1.html.LCK
2001.09.01 21:46 B D:\TBH Temp\gilbert\images\17th-map.jpg --> uts.cc.utexas.edu /usr/pub/www/research/tarl/abouttarl/tbh/gilbert/images 17th-map.jpg
2001.09.01 21:46 B D:\TBH Temp\gilbert\images\beadboard-lg.jpg --> uts.cc.utexas.edu /usr/pub/www/research/tarl/abouttarl/tbh/gilbert/images beadboard-lg.jpg
2001.09.01 21:46 B D:\TBH Temp\gilbert\images\beadboard-sm.jpg --> uts.cc.utexas.edu /usr/pub/www/research/tarl/abouttarl/tbh/gilbert/images beadboard-sm.jpg
2001.09.01 21:46 B D:\TBH Temp\gilbert\images\beadboard.html --> uts.cc.utexas.edu /usr/pub/www/research/tarl/abouttarl/tbh/gilbert/images beadboard.html
2001.09.01 21:46 B D:\TBH Temp\gilbert\images\brass-points-lg.jpg --> uts.cc.utexas.edu /usr/pub/www/research/tarl/abouttarl/tbh/gilbert/images brass-points-lg.jpg
2001.09.01 21:46 B D:\TBH Temp\gilbert\images\brass-points-sm.jpg --> uts.cc.utexas.edu /usr/pub/www/research/tarl/abouttarl/tbh/gilbert/images brass-points-sm.jpg
2001.09.01 21:46 B D:\TBH Temp\gilbert\images\brass-points.html --> uts.cc.utexas.edu /usr/pub/www/research/tarl/abouttarl/tbh/gilbert/images brass-points.html
2001.09.01 21:47 B D:\TBH Temp\gilbert\images\BTAS37-lg.jpg --> uts.cc.utexas.edu /usr/pub/www/research/tarl/abouttarl/tbh/gilbert/images BTAS37-lg.jpg
2001.09.01 21:47 B D:\TBH Temp\gilbert\images\BTAS37-sm.jpg --> uts.cc.utexas.edu /usr/pub/www/research/tarl/abouttarl/tbh/gilbert/images BTAS37-sm.jpg
2001.09.01 21:47 B D:\TBH Temp\gilbert\images\BTAS37.html --> uts.cc.utexas.edu /usr/pub/www/research/tarl/abouttarl/tbh/gilbert/images BTAS37.html
2001.09.01 21:47 B D:\TBH Temp\gilbert\images\buttplate-lg.JPG --> uts.cc.utexas.edu /usr/pub/www/research/tarl/abouttarl/tbh/gilbert/images buttplate-lg.JPG
2001.09.01 21:47 B D:\TBH Temp\gilbert\images\buttplate-sm.jpg --> uts.cc.utexas.edu /usr/pub/www/research/tarl/abouttarl/tbh/gilbert/images buttplate-sm.jpg
2001.09.01 21:47 B D:\TBH Temp\gilbert\images\buttplates-lg.jpg --> uts.cc.utexas.edu /usr/pub/www/research/tarl/abouttarl/tbh/gilbert/images buttplates-lg.jpg
2001.09.01 21:47 B D:\TBH Temp\gilbert\images\buttplates-sm.jpg --> uts.cc.utexas.edu /usr/pub/www/research/tarl/abouttarl/tbh/gilbert/images buttplates-sm.jpg
2001.09.01 21:47 B D:\TBH Temp\gilbert\images\buttplates.html --> uts.cc.utexas.edu /usr/pub/www/research/tarl/abouttarl/tbh/gilbert/images buttplates.html
2001.09.01 21:47 B D:\TBH Temp\gilbert\images\BW150-LG.JPG --> uts.cc.utexas.edu /usr/pub/www/research/tarl/abouttarl/tbh/gilbert/images BW150-LG.JPG
2001.09.01 21:47 B D:\TBH Temp\gilbert\images\BW150-SM.JPG --> uts.cc.utexas.edu /usr/pub/www/research/tarl/abouttarl/tbh/gilbert/images BW150-SM.JPG
2001.09.01 21:47 B D:\TBH Temp\gilbert\images\Bw150.html --> uts.cc.utexas.edu /usr/pub/www/research/tarl/abouttarl/tbh/gilbert/images Bw150.html
2001.09.01 21:47 B D:\TBH Temp\gilbert\images\BW152-LG.JPG --> uts.cc.utexas.edu /usr/pub/www/research/tarl/abouttarl/tbh/gilbert/images BW152-LG.JPG
2001.09.01 21:47 B D:\TBH Temp\gilbert\images\Bw152-sm.jpg --> uts.cc.utexas.edu /usr/pub/www/research/tarl/abouttarl/tbh/gilbert/images Bw152-sm.jpg
2001.09.01 21:47 B D:\TBH Temp\gilbert\images\Bw152.html --> uts.cc.utexas.edu /usr/pub/www/research/tarl/abouttarl/tbh/gilbert/images Bw152.html
2001.09.01 21:47 B D:\TBH Temp\gilbert\images\BW18-LG.JPG --> uts.cc.utexas.edu /usr/pub/www/research/tarl/abouttarl/tbh/gilbert/images BW18-LG.JPG
2001.09.01 21:47 B D:\TBH Temp\gilbert\images\BW18-SM.JPG --> uts.cc.utexas.edu /usr/pub/www/research/tarl/abouttarl/tbh/gilbert/images BW18-SM.JPG
2001.09.01 21:47 B D:\TBH Temp\gilbert\images\Bw18.html --> uts.cc.utexas.edu /usr/pub/www/research/tarl/abouttarl/tbh/gilbert/images Bw18.html
2001.09.01 21:47 B D:\TBH Temp\gilbert\images\BW23-LG.JPG --> uts.cc.utexas.edu /usr/pub/www/research/tarl/abouttarl/tbh/gilbert/images BW23-LG.JPG
2001.09.01 21:47 B D:\TBH Temp\gilbert\images\BW23-SM.JPG --> uts.cc.utexas.edu /usr/pub/www/research/tarl/abouttarl/tbh/gilbert/images BW23-SM.JPG
2001.09.01 21:47 B D:\TBH Temp\gilbert\images\Bw23.html --> uts.cc.utexas.edu /usr/pub/www/research/tarl/abouttarl/tbh/gilbert/images Bw23.html
2001.09.01 21:47 B D:\TBH Temp\gilbert\images\BW45-LG.JPG --> uts.cc.utexas.edu /usr/pub/www/research/tarl/abouttarl/tbh/gilbert/images BW45-LG.JPG
2001.09.01 21:47 B D:\TBH Temp\gilbert\images\BW45-SM.JPG --> uts.cc.utexas.edu /usr/pub/www/research/tarl/abouttarl/tbh/gilbert/images BW45-SM.JPG
2001.09.01 21:47 B D:\TBH Temp\gilbert\images\Bw45.html --> uts.cc.utexas.edu /usr/pub/www/research/tarl/abouttarl/tbh/gilbert/images Bw45.html
2001.09.01 21:47 B D:\TBH Temp\gilbert\images\BW5-LG.JPG --> uts.cc.utexas.edu /usr/pub/www/research/tarl/abouttarl/tbh/gilbert/images BW5-LG.JPG
2001.09.01 21:47 B D:\TBH Temp\gilbert\images\BW5-SM.JPG --> uts.cc.utexas.edu /usr/pub/www/research/tarl/abouttarl/tbh/gilbert/images BW5-SM.JPG
2001.09.01 21:47 B D:\TBH Temp\gilbert\images\Bw5.html --> uts.cc.utexas.edu /usr/pub/www/research/tarl/abouttarl/tbh/gilbert/images Bw5.html
2001.09.01 21:48 B D:\TBH Temp\gilbert\images\BW6-LG.JPG --> uts.cc.utexas.edu /usr/pub/www/research/tarl/abouttarl/tbh/gilbert/images BW6-LG.JPG
2001.09.01 21:48 B D:\TBH Temp\gilbert\images\BW6-SM.JPG --> uts.cc.utexas.edu /usr/pub/www/research/tarl/abouttarl/tbh/gilbert/images BW6-SM.JPG
2001.09.01 21:48 B D:\TBH Temp\gilbert\images\Bw6.html --> uts.cc.utexas.edu /usr/pub/www/research/tarl/abouttarl/tbh/gilbert/images Bw6.html
2001.09.01 21:48 B D:\TBH Temp\gilbert\images\C12-lg.jpg --> uts.cc.utexas.edu /usr/pub/www/research/tarl/abouttarl/tbh/gilbert/images C12-lg.jpg
2001.09.01 21:48 B D:\TBH Temp\gilbert\images\C12-sm.jpg --> uts.cc.utexas.edu /usr/pub/www/research/tarl/abouttarl/tbh/gilbert/images C12-sm.jpg
2001.09.01 21:48 B D:\TBH Temp\gilbert\images\C12-sm2.jpg --> uts.cc.utexas.edu /usr/pub/www/research/tarl/abouttarl/tbh/gilbert/images C12-sm2.jpg
2001.09.01 21:48 B D:\TBH Temp\gilbert\images\C12.html --> uts.cc.utexas.edu /usr/pub/www/research/tarl/abouttarl/tbh/gilbert/images C12.html
2001.09.01 21:48 B D:\TBH Temp\gilbert\images\C12.html.LCK --> uts.cc.utexas.edu /usr/pub/www/research/tarl/abouttarl/tbh/gilbert/images C12.html.LCK
2001.09.01 21:48 B D:\TBH Temp\gilbert\images\C14-lg.jpg --> uts.cc.utexas.edu /usr/pub/www/research/tarl/abouttarl/tbh/gilbert/images C14-lg.jpg
2001.09.01 21:48 B D:\TBH Temp\gilbert\images\C14-sm.jpg --> uts.cc.utexas.edu /usr/pub/www/research/tarl/abouttarl/tbh/gilbert/images C14-sm.jpg
2001.09.01 21:48 B D:\TBH Temp\gilbert\images\C14.html --> uts.cc.utexas.edu /usr/pub/www/research/tarl/abouttarl/tbh/gilbert/images C14.html
2001.09.01 21:48 B D:\TBH Temp\gilbert\images\C17-lg.jpg --> uts.cc.utexas.edu /usr/pub/www/research/tarl/abouttarl/tbh/gilbert/images C17-lg.jpg
2001.09.01 21:48 B D:\TBH Temp\gilbert\images\C17-sm.jpg --> uts.cc.utexas.edu /usr/pub/www/research/tarl/abouttarl/tbh/gilbert/images C17-sm.jpg
2001.09.01 21:48 B D:\TBH Temp\gilbert\images\C17.html --> uts.cc.utexas.edu /usr/pub/www/research/tarl/abouttarl/tbh/gilbert/images C17.html
2001.09.01 21:48 B D:\TBH Temp\gilbert\images\C2-LG.JPG --> uts.cc.utexas.edu /usr/pub/www/research/tarl/abouttarl/tbh/gilbert/images C2-LG.JPG
2001.09.01 21:48 B D:\TBH Temp\gilbert\images\C2-LG.JPG.LCK --> uts.cc.utexas.edu /usr/pub/www/research/tarl/abouttarl/tbh/gilbert/images C2-LG.JPG.LCK
2001.09.01 21:48 B D:\TBH Temp\gilbert\images\C2-SM.JPG --> uts.cc.utexas.edu /usr/pub/www/research/tarl/abouttarl/tbh/gilbert/images C2-SM.JPG
2001.09.01 21:48 B D:\TBH Temp\gilbert\images\C2-SM.JPG.LCK --> uts.cc.utexas.edu /usr/pub/www/research/tarl/abouttarl/tbh/gilbert/images C2-SM.JPG.LCK
2001.09.01 21:48 B D:\TBH Temp\gilbert\images\C2.html --> uts.cc.utexas.edu /usr/pub/www/research/tarl/abouttarl/tbh/gilbert/images C2.html
2001.09.01 21:48 B D:\TBH Temp\gilbert\images\C2.html.LCK --> uts.cc.utexas.edu /usr/pub/www/research/tarl/abouttarl/tbh/gilbert/images C2.html.LCK
2001.09.01 21:48 B D:\TBH Temp\gilbert\images\C21-lg.jpg --> uts.cc.utexas.edu /usr/pub/www/research/tarl/abouttarl/tbh/gilbert/images C21-lg.jpg
2001.09.01 21:48 B D:\TBH Temp\gilbert\images\C21-sm.jpg --> uts.cc.utexas.edu /usr/pub/www/research/tarl/abouttarl/tbh/gilbert/images C21-sm.jpg
2001.09.01 21:48 B D:\TBH Temp\gilbert\images\C21.html --> uts.cc.utexas.edu /usr/pub/www/research/tarl/abouttarl/tbh/gilbert/images C21.html
2001.09.01 21:48 B D:\TBH Temp\gilbert\images\C25-lg.jpg --> uts.cc.utexas.edu /usr/pub/www/research/tarl/abouttarl/tbh/gilbert/images C25-lg.jpg
2001.09.01 21:48 B D:\TBH Temp\gilbert\images\C25-sm.jpg --> uts.cc.utexas.edu /usr/pub/www/research/tarl/abouttarl/tbh/gilbert/images C25-sm.jpg
2001.09.01 21:48 B D:\TBH Temp\gilbert\images\C25.html --> uts.cc.utexas.edu /usr/pub/www/research/tarl/abouttarl/tbh/gilbert/images C25.html
2001.09.01 21:48 B D:\TBH Temp\gilbert\images\C29-LG.JPG --> uts.cc.utexas.edu /usr/pub/www/research/tarl/abouttarl/tbh/gilbert/images C29-LG.JPG
2001.09.01 21:48 B D:\TBH Temp\gilbert\images\C29-LG.JPG.LCK --> uts.cc.utexas.edu /usr/pub/www/research/tarl/abouttarl/tbh/gilbert/images C29-LG.JPG.LCK
2001.09.01 21:48 B D:\TBH Temp\gilbert\images\C29-SM.JPG --> uts.cc.utexas.edu /usr/pub/www/research/tarl/abouttarl/tbh/gilbert/images C29-SM.JPG
2001.09.01 21:48 B D:\TBH Temp\gilbert\images\C29-SM.JPG.LCK --> uts.cc.utexas.edu /usr/pub/www/research/tarl/abouttarl/tbh/gilbert/images C29-SM.JPG.LCK
2001.09.01 21:48 B D:\TBH Temp\gilbert\images\C29.html --> uts.cc.utexas.edu /usr/pub/www/research/tarl/abouttarl/tbh/gilbert/images C29.html
2001.09.01 21:48 B D:\TBH Temp\gilbert\images\C29.html.LCK --> uts.cc.utexas.edu /usr/pub/www/research/tarl/abouttarl/tbh/gilbert/images C29.html.LCK
2001.09.01 21:48 B D:\TBH Temp\gilbert\images\C7-lg.jpg --> uts.cc.utexas.edu /usr/pub/www/research/tarl/abouttarl/tbh/gilbert/images C7-lg.jpg
2001.09.01 21:48 B D:\TBH Temp\gilbert\images\C7-sm.jpg --> uts.cc.utexas.edu /usr/pub/www/research/tarl/abouttarl/tbh/gilbert/images C7-sm.jpg
2001.09.01 21:48 B D:\TBH Temp\gilbert\images\C7.html --> uts.cc.utexas.edu /usr/pub/www/research/tarl/abouttarl/tbh/gilbert/images C7.html
2001.09.01 21:48 B D:\TBH Temp\gilbert\images\F44-LG.JPG --> uts.cc.utexas.edu /usr/pub/www/research/tarl/abouttarl/tbh/gilbert/images F44-LG.JPG
2001.09.01 21:48 B D:\TBH Temp\gilbert\images\F44-SM.JPG --> uts.cc.utexas.edu /usr/pub/www/research/tarl/abouttarl/tbh/gilbert/images F44-SM.JPG
2001.09.01 21:48 B D:\TBH Temp\gilbert\images\F44.html --> uts.cc.utexas.edu /usr/pub/www/research/tarl/abouttarl/tbh/gilbert/images F44.html
2001.09.01 21:48 B D:\TBH Temp\gilbert\images\fieldcamp-lg.jpg --> uts.cc.utexas.edu /usr/pub/www/research/tarl/abouttarl/tbh/gilbert/images fieldcamp-lg.jpg
2001.09.01 21:48 B D:\TBH Temp\gilbert\images\fieldcamp-sm.jpg --> uts.cc.utexas.edu /usr/pub/www/research/tarl/abouttarl/tbh/gilbert/images fieldcamp-sm.jpg
2001.09.01 21:48 B D:\TBH Temp\gilbert\images\fieldcamp.html --> uts.cc.utexas.edu /usr/pub/www/research/tarl/abouttarl/tbh/gilbert/images fieldcamp.html
2001.09.01 21:48 B D:\TBH Temp\gilbert\images\Flintlock-crop.jpg --> uts.cc.utexas.edu /usr/pub/www/research/tarl/abouttarl/tbh/gilbert/images Flintlock-crop.jpg
2001.09.01 21:48 B D:\TBH Temp\gilbert\images\FLINTLOCK.GIF --> uts.cc.utexas.edu /usr/pub/www/research/tarl/abouttarl/tbh/gilbert/images FLINTLOCK.GIF
2001.09.01 21:48 B D:\TBH Temp\gilbert\images\Flintlocks-lg.jpg --> uts.cc.utexas.edu /usr/pub/www/research/tarl/abouttarl/tbh/gilbert/images Flintlocks-lg.jpg
2001.09.01 21:48 B D:\TBH Temp\gilbert\images\Flintlocks-sm.jpg --> uts.cc.utexas.edu /usr/pub/www/research/tarl/abouttarl/tbh/gilbert/images Flintlocks-sm.jpg
2001.09.01 21:48 B D:\TBH Temp\gilbert\images\flintlocks.html --> uts.cc.utexas.edu /usr/pub/www/research/tarl/abouttarl/tbh/gilbert/images flintlocks.html
2001.09.01 21:49 B D:\TBH Temp\gilbert\images\Gilbert-1962.jpg --> uts.cc.utexas.edu /usr/pub/www/research/tarl/abouttarl/tbh/gilbert/images Gilbert-1962.jpg
2001.09.01 21:49 B D:\TBH Temp\gilbert\images\Gilbert-map-lg.gif --> uts.cc.utexas.edu /usr/pub/www/research/tarl/abouttarl/tbh/gilbert/images Gilbert-map-lg.gif
2001.09.01 21:49 B D:\TBH Temp\gilbert\images\Gilbert-map-sm.gif --> uts.cc.utexas.edu /usr/pub/www/research/tarl/abouttarl/tbh/gilbert/images Gilbert-map-sm.gif
2001.09.01 21:49 B D:\TBH Temp\gilbert\images\Gilbert-map.html --> uts.cc.utexas.edu /usr/pub/www/research/tarl/abouttarl/tbh/gilbert/images Gilbert-map.html
2001.09.01 21:49 B D:\TBH Temp\gilbert\images\JB1-lg.jpg --> uts.cc.utexas.edu /usr/pub/www/research/tarl/abouttarl/tbh/gilbert/images JB1-lg.jpg
2001.09.01 21:49 B D:\TBH Temp\gilbert\images\JB1-sm.jpg --> uts.cc.utexas.edu /usr/pub/www/research/tarl/abouttarl/tbh/gilbert/images JB1-sm.jpg
2001.09.01 21:49 B D:\TBH Temp\gilbert\images\JB1.html --> uts.cc.utexas.edu /usr/pub/www/research/tarl/abouttarl/tbh/gilbert/images JB1.html
2001.09.01 21:49 B D:\TBH Temp\gilbert\images\JB10-LG.JPG --> uts.cc.utexas.edu /usr/pub/www/research/tarl/abouttarl/tbh/gilbert/images JB10-LG.JPG
2001.09.01 21:49 B D:\TBH Temp\gilbert\images\JB10-LG.JPG.LCK --> uts.cc.utexas.edu /usr/pub/www/research/tarl/abouttarl/tbh/gilbert/images JB10-LG.JPG.LCK
2001.09.01 21:49 B D:\TBH Temp\gilbert\images\JB10-SM.JPG --> uts.cc.utexas.edu /usr/pub/www/research/tarl/abouttarl/tbh/gilbert/images JB10-SM.JPG
2001.09.01 21:49 B D:\TBH Temp\gilbert\images\JB10-SM.JPG.LCK --> uts.cc.utexas.edu /usr/pub/www/research/tarl/abouttarl/tbh/gilbert/images JB10-SM.JPG.LCK
2001.09.01 21:49 B D:\TBH Temp\gilbert\images\JB10.html --> uts.cc.utexas.edu /usr/pub/www/research/tarl/abouttarl/tbh/gilbert/images JB10.html
2001.09.01 21:49 B D:\TBH Temp\gilbert\images\JB10.html.LCK --> uts.cc.utexas.edu /usr/pub/www/research/tarl/abouttarl/tbh/gilbert/images JB10.html.LCK
2001.09.01 21:49 B D:\TBH Temp\gilbert\images\JB11-lg.jpg --> uts.cc.utexas.edu /usr/pub/www/research/tarl/abouttarl/tbh/gilbert/images JB11-lg.jpg
2001.09.01 21:49 B D:\TBH Temp\gilbert\images\JB11-sm.jpg --> uts.cc.utexas.edu /usr/pub/www/research/tarl/abouttarl/tbh/gilbert/images JB11-sm.jpg
2001.09.01 21:49 B D:\TBH Temp\gilbert\images\JB11.html --> uts.cc.utexas.edu /usr/pub/www/research/tarl/abouttarl/tbh/gilbert/images JB11.html
2001.09.01 21:49 B D:\TBH Temp\gilbert\images\JB12-lg.jpg --> uts.cc.utexas.edu /usr/pub/www/research/tarl/abouttarl/tbh/gilbert/images JB12-lg.jpg
2001.09.01 21:49 B D:\TBH Temp\gilbert\images\JB12-sm.jpg --> uts.cc.utexas.edu /usr/pub/www/research/tarl/abouttarl/tbh/gilbert/images JB12-sm.jpg
2001.09.01 21:49 B D:\TBH Temp\gilbert\images\JB12.html --> uts.cc.utexas.edu /usr/pub/www/research/tarl/abouttarl/tbh/gilbert/images JB12.html
2001.09.01 21:49 B D:\TBH Temp\gilbert\images\JB16-lg.jpg --> uts.cc.utexas.edu /usr/pub/www/research/tarl/abouttarl/tbh/gilbert/images JB16-lg.jpg
2001.09.01 21:49 B D:\TBH Temp\gilbert\images\JB16-sm.jpg --> uts.cc.utexas.edu /usr/pub/www/research/tarl/abouttarl/tbh/gilbert/images JB16-sm.jpg
2001.09.01 21:49 B D:\TBH Temp\gilbert\images\JB16.html --> uts.cc.utexas.edu /usr/pub/www/research/tarl/abouttarl/tbh/gilbert/images JB16.html
2001.09.01 21:49 B D:\TBH Temp\gilbert\images\Jb2-lg.jpg --> uts.cc.utexas.edu /usr/pub/www/research/tarl/abouttarl/tbh/gilbert/images Jb2-lg.jpg
2001.09.01 21:49 B D:\TBH Temp\gilbert\images\JB2-SM.JPG --> uts.cc.utexas.edu /usr/pub/www/research/tarl/abouttarl/tbh/gilbert/images JB2-SM.JPG
2001.09.01 21:49 B D:\TBH Temp\gilbert\images\JB2.html --> uts.cc.utexas.edu /usr/pub/www/research/tarl/abouttarl/tbh/gilbert/images JB2.html
2001.09.01 21:50 B D:\TBH Temp\gilbert\images\JB3-lg.jpg --> uts.cc.utexas.edu /usr/pub/www/research/tarl/abouttarl/tbh/gilbert/images JB3-lg.jpg
2001.09.01 21:50 B D:\TBH Temp\gilbert\images\JB3-sm.jpg --> uts.cc.utexas.edu /usr/pub/www/research/tarl/abouttarl/tbh/gilbert/images JB3-sm.jpg
2001.09.01 21:50 B D:\TBH Temp\gilbert\images\JB3.html --> uts.cc.utexas.edu /usr/pub/www/research/tarl/abouttarl/tbh/gilbert/images JB3.html
2001.09.01 21:50 B D:\TBH Temp\gilbert\images\JB4-lg.jpg --> uts.cc.utexas.edu /usr/pub/www/research/tarl/abouttarl/tbh/gilbert/images JB4-lg.jpg
2001.09.01 21:50 B D:\TBH Temp\gilbert\images\JB4-sm.jpg --> uts.cc.utexas.edu /usr/pub/www/research/tarl/abouttarl/tbh/gilbert/images JB4-sm.jpg
2001.09.01 21:50 B D:\TBH Temp\gilbert\images\JB4.html --> uts.cc.utexas.edu /usr/pub/www/research/tarl/abouttarl/tbh/gilbert/images JB4.html
2001.09.01 21:50 B D:\TBH Temp\gilbert\images\JB6-lg.jpg --> uts.cc.utexas.edu /usr/pub/www/research/tarl/abouttarl/tbh/gilbert/images JB6-lg.jpg
2001.09.01 21:50 B D:\TBH Temp\gilbert\images\JB6-sm.jpg --> uts.cc.utexas.edu /usr/pub/www/research/tarl/abouttarl/tbh/gilbert/images JB6-sm.jpg
2001.09.01 21:50 B D:\TBH Temp\gilbert\images\JB6.html --> uts.cc.utexas.edu /usr/pub/www/research/tarl/abouttarl/tbh/gilbert/images JB6.html
2001.09.01 21:50 B D:\TBH Temp\gilbert\images\JB9-lg.jpg --> uts.cc.utexas.edu /usr/pub/www/research/tarl/abouttarl/tbh/gilbert/images JB9-lg.jpg
2001.09.01 21:50 B D:\TBH Temp\gilbert\images\JB9-sm.jpg --> uts.cc.utexas.edu /usr/pub/www/research/tarl/abouttarl/tbh/gilbert/images JB9-sm.jpg
2001.09.01 21:50 B D:\TBH Temp\gilbert\images\JB9.html --> uts.cc.utexas.edu /usr/pub/www/research/tarl/abouttarl/tbh/gilbert/images JB9.html
2001.09.01 21:50 B D:\TBH Temp\gilbert\images\king-points-lg.jpg --> uts.cc.utexas.edu /usr/pub/www/research/tarl/abouttarl/tbh/gilbert/images king-points-lg.jpg
2001.09.01 21:50 B D:\TBH Temp\gilbert\images\king-points-sm.jpg --> uts.cc.utexas.edu /usr/pub/www/research/tarl/abouttarl/tbh/gilbert/images king-points-sm.jpg
2001.09.01 21:50 B D:\TBH Temp\gilbert\images\king-points.html --> uts.cc.utexas.edu /usr/pub/www/research/tarl/abouttarl/tbh/gilbert/images king-points.html
2001.09.01 21:50 B D:\TBH Temp\gilbert\images\mb1-lg.jpg --> uts.cc.utexas.edu /usr/pub/www/research/tarl/abouttarl/tbh/gilbert/images mb1-lg.jpg
2001.09.01 21:50 B D:\TBH Temp\gilbert\images\mb1-sm.jpg --> uts.cc.utexas.edu /usr/pub/www/research/tarl/abouttarl/tbh/gilbert/images mb1-sm.jpg
2001.09.01 21:50 B D:\TBH Temp\gilbert\images\mb1.html --> uts.cc.utexas.edu /usr/pub/www/research/tarl/abouttarl/tbh/gilbert/images mb1.html
2001.09.01 21:50 B D:\TBH Temp\gilbert\images\MB10-LG.JPG --> uts.cc.utexas.edu /usr/pub/www/research/tarl/abouttarl/tbh/gilbert/images MB10-LG.JPG
2001.09.01 21:50 B D:\TBH Temp\gilbert\images\MB10-SM.JPG --> uts.cc.utexas.edu /usr/pub/www/research/tarl/abouttarl/tbh/gilbert/images MB10-SM.JPG
2001.09.01 21:50 B D:\TBH Temp\gilbert\images\Mb10.html --> uts.cc.utexas.edu /usr/pub/www/research/tarl/abouttarl/tbh/gilbert/images Mb10.html
2001.09.01 21:50 B D:\TBH Temp\gilbert\images\MB11-LG.JPG --> uts.cc.utexas.edu /usr/pub/www/research/tarl/abouttarl/tbh/gilbert/images MB11-LG.JPG
2001.09.01 21:50 B D:\TBH Temp\gilbert\images\MB11-SM.JPG --> uts.cc.utexas.edu /usr/pub/www/research/tarl/abouttarl/tbh/gilbert/images MB11-SM.JPG
2001.09.01 21:50 B D:\TBH Temp\gilbert\images\Mb11.html --> uts.cc.utexas.edu /usr/pub/www/research/tarl/abouttarl/tbh/gilbert/images Mb11.html
2001.09.01 21:50 B D:\TBH Temp\gilbert\images\MB12-LG.JPG --> uts.cc.utexas.edu /usr/pub/www/research/tarl/abouttarl/tbh/gilbert/images MB12-LG.JPG
2001.09.01 21:50 B D:\TBH Temp\gilbert\images\MB12-SM.JPG --> uts.cc.utexas.edu /usr/pub/www/research/tarl/abouttarl/tbh/gilbert/images MB12-SM.JPG
2001.09.01 21:50 B D:\TBH Temp\gilbert\images\Mb12.html --> uts.cc.utexas.edu /usr/pub/www/research/tarl/abouttarl/tbh/gilbert/images Mb12.html
2001.09.01 21:50 B D:\TBH Temp\gilbert\images\MB13-lg.jpg --> uts.cc.utexas.edu /usr/pub/www/research/tarl/abouttarl/tbh/gilbert/images MB13-lg.jpg
2001.09.01 21:50 B D:\TBH Temp\gilbert\images\MB13-sm.jpg --> uts.cc.utexas.edu /usr/pub/www/research/tarl/abouttarl/tbh/gilbert/images MB13-sm.jpg
2001.09.01 21:50 B D:\TBH Temp\gilbert\images\Mb13.html --> uts.cc.utexas.edu /usr/pub/www/research/tarl/abouttarl/tbh/gilbert/images Mb13.html
2001.09.01 21:50 B D:\TBH Temp\gilbert\images\MB14-lg.jpg --> uts.cc.utexas.edu /usr/pub/www/research/tarl/abouttarl/tbh/gilbert/images MB14-lg.jpg
2001.09.01 21:50 B D:\TBH Temp\gilbert\images\MB14-sm.jpg --> uts.cc.utexas.edu /usr/pub/www/research/tarl/abouttarl/tbh/gilbert/images MB14-sm.jpg
2001.09.01 21:50 B D:\TBH Temp\gilbert\images\Mb14.html --> uts.cc.utexas.edu /usr/pub/www/research/tarl/abouttarl/tbh/gilbert/images Mb14.html
2001.09.01 21:50 B D:\TBH Temp\gilbert\images\MB15-lg.jpg --> uts.cc.utexas.edu /usr/pub/www/research/tarl/abouttarl/tbh/gilbert/images MB15-lg.jpg
2001.09.01 21:50 B D:\TBH Temp\gilbert\images\MB15-sm.jpg --> uts.cc.utexas.edu /usr/pub/www/research/tarl/abouttarl/tbh/gilbert/images MB15-sm.jpg
2001.09.01 21:50 B D:\TBH Temp\gilbert\images\Mb15.html --> uts.cc.utexas.edu /usr/pub/www/research/tarl/abouttarl/tbh/gilbert/images Mb15.html
2001.09.01 21:50 B D:\TBH Temp\gilbert\images\MB18-lg.jpg --> uts.cc.utexas.edu /usr/pub/www/research/tarl/abouttarl/tbh/gilbert/images MB18-lg.jpg
2001.09.01 21:50 B D:\TBH Temp\gilbert\images\MB18-sm.jpg --> uts.cc.utexas.edu /usr/pub/www/research/tarl/abouttarl/tbh/gilbert/images MB18-sm.jpg
2001.09.01 21:50 B D:\TBH Temp\gilbert\images\Mb18.html --> uts.cc.utexas.edu /usr/pub/www/research/tarl/abouttarl/tbh/gilbert/images Mb18.html
2001.09.01 21:51 B D:\TBH Temp\gilbert\images\MB1D-LG.JPG --> uts.cc.utexas.edu /usr/pub/www/research/tarl/abouttarl/tbh/gilbert/images MB1D-LG.JPG
2001.09.01 21:51 B D:\TBH Temp\gilbert\images\MB1D-SM.JPG --> uts.cc.utexas.edu /usr/pub/www/research/tarl/abouttarl/tbh/gilbert/images MB1D-SM.JPG
2001.09.01 21:51 B D:\TBH Temp\gilbert\images\Mb1d.html --> uts.cc.utexas.edu /usr/pub/www/research/tarl/abouttarl/tbh/gilbert/images Mb1d.html
2001.09.01 21:51 B D:\TBH Temp\gilbert\images\MB2-LG.JPG --> uts.cc.utexas.edu /usr/pub/www/research/tarl/abouttarl/tbh/gilbert/images MB2-LG.JPG
2001.09.01 21:51 B D:\TBH Temp\gilbert\images\Mb2-sm.jpg --> uts.cc.utexas.edu /usr/pub/www/research/tarl/abouttarl/tbh/gilbert/images Mb2-sm.jpg
2001.09.01 21:51 B D:\TBH Temp\gilbert\images\Mb2.html --> uts.cc.utexas.edu /usr/pub/www/research/tarl/abouttarl/tbh/gilbert/images Mb2.html
2001.09.01 21:51 B D:\TBH Temp\gilbert\images\MB20-LG.JPG --> uts.cc.utexas.edu /usr/pub/www/research/tarl/abouttarl/tbh/gilbert/images MB20-LG.JPG
2001.09.01 21:51 B D:\TBH Temp\gilbert\images\MB20-SM.JPG --> uts.cc.utexas.edu /usr/pub/www/research/tarl/abouttarl/tbh/gilbert/images MB20-SM.JPG
2001.09.01 21:51 B D:\TBH Temp\gilbert\images\Mb20.html --> uts.cc.utexas.edu /usr/pub/www/research/tarl/abouttarl/tbh/gilbert/images Mb20.html
2001.09.01 21:51 B D:\TBH Temp\gilbert\images\MB21-LG.JPG --> uts.cc.utexas.edu /usr/pub/www/research/tarl/abouttarl/tbh/gilbert/images MB21-LG.JPG
2001.09.01 21:51 B D:\TBH Temp\gilbert\images\MB21-SM.JPG --> uts.cc.utexas.edu /usr/pub/www/research/tarl/abouttarl/tbh/gilbert/images MB21-SM.JPG
2001.09.01 21:51 B D:\TBH Temp\gilbert\images\Mb21.html --> uts.cc.utexas.edu /usr/pub/www/research/tarl/abouttarl/tbh/gilbert/images Mb21.html
2001.09.01 21:51 B D:\TBH Temp\gilbert\images\MB9-lg.jpg --> uts.cc.utexas.edu /usr/pub/www/research/tarl/abouttarl/tbh/gilbert/images MB9-lg.jpg
2001.09.01 21:51 B D:\TBH Temp\gilbert\images\MB9-sm.jpg --> uts.cc.utexas.edu /usr/pub/www/research/tarl/abouttarl/tbh/gilbert/images MB9-sm.jpg
2001.09.01 21:51 B D:\TBH Temp\gilbert\images\Mb9.html --> uts.cc.utexas.edu /usr/pub/www/research/tarl/abouttarl/tbh/gilbert/images Mb9.html
2001.09.01 21:51 B D:\TBH Temp\gilbert\images\pit-section-lg.gif --> uts.cc.utexas.edu /usr/pub/www/research/tarl/abouttarl/tbh/gilbert/images pit-section-lg.gif
2001.09.01 21:51 B D:\TBH Temp\gilbert\images\pit-section-sm.gif --> uts.cc.utexas.edu /usr/pub/www/research/tarl/abouttarl/tbh/gilbert/images pit-section-sm.gif
2001.09.01 21:51 B D:\TBH Temp\gilbert\images\pit-section.html --> uts.cc.utexas.edu /usr/pub/www/research/tarl/abouttarl/tbh/gilbert/images pit-section.html
2001.09.01 21:51 B D:\TBH Temp\gilbert\images\PL1-LG.JPG --> uts.cc.utexas.edu /usr/pub/www/research/tarl/abouttarl/tbh/gilbert/images PL1-LG.JPG
2001.09.01 21:51 B D:\TBH Temp\gilbert\images\PL1-LG.JPG.LCK --> uts.cc.utexas.edu /usr/pub/www/research/tarl/abouttarl/tbh/gilbert/images PL1-LG.JPG.LCK
2001.09.01 21:51 B D:\TBH Temp\gilbert\images\PL1-SM.JPG --> uts.cc.utexas.edu /usr/pub/www/research/tarl/abouttarl/tbh/gilbert/images PL1-SM.JPG
2001.09.01 21:51 B D:\TBH Temp\gilbert\images\PL1-SM.JPG.LCK --> uts.cc.utexas.edu /usr/pub/www/research/tarl/abouttarl/tbh/gilbert/images PL1-SM.JPG.LCK
2001.09.01 21:51 B D:\TBH Temp\gilbert\images\Pl1.html --> uts.cc.utexas.edu /usr/pub/www/research/tarl/abouttarl/tbh/gilbert/images Pl1.html
2001.09.01 21:51 B D:\TBH Temp\gilbert\images\Pl1.html.LCK --> uts.cc.utexas.edu /usr/pub/www/research/tarl/abouttarl/tbh/gilbert/images Pl1.html.LCK
2001.09.01 21:51 B D:\TBH Temp\gilbert\images\shaker-lg.jpg --> uts.cc.utexas.edu /usr/pub/www/research/tarl/abouttarl/tbh/gilbert/images shaker-lg.jpg
2001.09.01 21:51 B D:\TBH Temp\gilbert\images\shaker-sm.jpg --> uts.cc.utexas.edu /usr/pub/www/research/tarl/abouttarl/tbh/gilbert/images shaker-sm.jpg
2001.09.01 21:51 B D:\TBH Temp\gilbert\images\shaker.html --> uts.cc.utexas.edu /usr/pub/www/research/tarl/abouttarl/tbh/gilbert/images shaker.html
2001.09.01 21:51 B D:\TBH Temp\gilbert\images\tanktruck-lg.jpg --> uts.cc.utexas.edu /usr/pub/www/research/tarl/abouttarl/tbh/gilbert/images tanktruck-lg.jpg
2001.09.01 21:51 B D:\TBH Temp\gilbert\images\tanktruck-sm.jpg --> uts.cc.utexas.edu /usr/pub/www/research/tarl/abouttarl/tbh/gilbert/images tanktruck-sm.jpg
2001.09.01 21:51 B D:\TBH Temp\gilbert\images\tanktruck.html --> uts.cc.utexas.edu /usr/pub/www/research/tarl/abouttarl/tbh/gilbert/images tanktruck.html
2001.09.01 21:51 B D:\TBH Temp\gilbert\images\tinklers-lg.jpg --> uts.cc.utexas.edu /usr/pub/www/research/tarl/abouttarl/tbh/gilbert/images tinklers-lg.jpg
2001.09.01 21:51 B D:\TBH Temp\gilbert\images\tinklers-sm.jpg --> uts.cc.utexas.edu /usr/pub/www/research/tarl/abouttarl/tbh/gilbert/images tinklers-sm.jpg
2001.09.01 21:51 B D:\TBH Temp\gilbert\images\tinklers.html --> uts.cc.utexas.edu /usr/pub/www/research/tarl/abouttarl/tbh/gilbert/images tinklers.html
2001.09.04 15:21 B M:\Website Stuff\gilbert\images\WS_FTP.LOG <-- TARLweb /usr/pub/www/research/tarl/abouttarl/tbh/gilbert/images WS_FTP.LOG
2001.09.04 16:26 B C:\WINDOWS\Desktop\TBH\TBH on TEXsite\gilbert\images\WS_FTP.LOG <-- TARL /Website Stuff/gilbert/images WS_FTP.LOG
2001.10.01 22:41 B C:\WINDOWS\Desktop\TBH\Recent\gilbert\images\17th-map.jpg --> uts.cc.utexas.edu /export/httpd/vhosts/texasbeyondhistory/data/gilbert/images 17th-map.jpg
2001.10.01 22:42 B C:\WINDOWS\Desktop\TBH\Recent\gilbert\images\beadboard-lg.jpg --> uts.cc.utexas.edu /export/httpd/vhosts/texasbeyondhistory/data/gilbert/images beadboard-lg.jpg
2001.10.01 22:42 B C:\WINDOWS\Desktop\TBH\Recent\gilbert\images\beadboard-sm.jpg --> uts.cc.utexas.edu /export/httpd/vhosts/texasbeyondhistory/data/gilbert/images beadboard-sm.jpg
2001.10.01 22:42 B C:\WINDOWS\Desktop\TBH\Recent\gilbert\images\beadboard.html --> uts.cc.utexas.edu /export/httpd/vhosts/texasbeyondhistory/data/gilbert/images beadboard.html
2001.10.01 22:42 B C:\WINDOWS\Desktop\TBH\Recent\gilbert\images\brass-points-lg.jpg --> uts.cc.utexas.edu /export/httpd/vhosts/texasbeyondhistory/data/gilbert/images brass-points-lg.jpg
2001.10.01 22:42 B C:\WINDOWS\Desktop\TBH\Recent\gilbert\images\brass-points-sm.jpg --> uts.cc.utexas.edu /export/httpd/vhosts/texasbeyondhistory/data/gilbert/images brass-points-sm.jpg
2001.10.01 22:42 B C:\WINDOWS\Desktop\TBH\Recent\gilbert\images\brass-points.html --> uts.cc.utexas.edu /export/httpd/vhosts/texasbeyondhistory/data/gilbert/images brass-points.html
2001.10.01 22:42 B C:\WINDOWS\Desktop\TBH\Recent\gilbert\images\BTAS37-lg.jpg --> uts.cc.utexas.edu /export/httpd/vhosts/texasbeyondhistory/data/gilbert/images BTAS37-lg.jpg
2001.10.01 22:42 B C:\WINDOWS\Desktop\TBH\Recent\gilbert\images\BTAS37-sm.jpg --> uts.cc.utexas.edu /export/httpd/vhosts/texasbeyondhistory/data/gilbert/images BTAS37-sm.jpg
2001.10.01 22:42 B C:\WINDOWS\Desktop\TBH\Recent\gilbert\images\BTAS37.html --> uts.cc.utexas.edu /export/httpd/vhosts/texasbeyondhistory/data/gilbert/images BTAS37.html
2001.10.01 22:42 B C:\WINDOWS\Desktop\TBH\Recent\gilbert\images\buttplate-lg.JPG --> uts.cc.utexas.edu /export/httpd/vhosts/texasbeyondhistory/data/gilbert/images buttplate-lg.JPG
2001.10.01 22:42 B C:\WINDOWS\Desktop\TBH\Recent\gilbert\images\buttplate-sm.jpg --> uts.cc.utexas.edu /export/httpd/vhosts/texasbeyondhistory/data/gilbert/images buttplate-sm.jpg
2001.10.01 22:43 B C:\WINDOWS\Desktop\TBH\Recent\gilbert\images\buttplates-lg.jpg --> uts.cc.utexas.edu /export/httpd/vhosts/texasbeyondhistory/data/gilbert/images buttplates-lg.jpg
2001.10.01 22:43 B C:\WINDOWS\Desktop\TBH\Recent\gilbert\images\buttplates-sm.jpg --> uts.cc.utexas.edu /export/httpd/vhosts/texasbeyondhistory/data/gilbert/images buttplates-sm.jpg
2001.10.01 22:43 B C:\WINDOWS\Desktop\TBH\Recent\gilbert\images\buttplates.html --> uts.cc.utexas.edu /export/httpd/vhosts/texasbeyondhistory/data/gilbert/images buttplates.html
2001.10.01 22:43 B C:\WINDOWS\Desktop\TBH\Recent\gilbert\images\BW150-LG.JPG --> uts.cc.utexas.edu /export/httpd/vhosts/texasbeyondhistory/data/gilbert/images BW150-LG.JPG
2001.10.01 22:43 B C:\WINDOWS\Desktop\TBH\Recent\gilbert\images\BW150-SM.JPG --> uts.cc.utexas.edu /export/httpd/vhosts/texasbeyondhistory/data/gilbert/images BW150-SM.JPG
2001.10.01 22:43 B C:\WINDOWS\Desktop\TBH\Recent\gilbert\images\Bw150.html --> uts.cc.utexas.edu /export/httpd/vhosts/texasbeyondhistory/data/gilbert/images Bw150.html
2001.10.01 22:43 B C:\WINDOWS\Desktop\TBH\Recent\gilbert\images\BW152-LG.JPG --> uts.cc.utexas.edu /export/httpd/vhosts/texasbeyondhistory/data/gilbert/images BW152-LG.JPG
2001.10.01 22:43 B C:\WINDOWS\Desktop\TBH\Recent\gilbert\images\Bw152-sm.jpg --> uts.cc.utexas.edu /export/httpd/vhosts/texasbeyondhistory/data/gilbert/images Bw152-sm.jpg
2001.10.01 22:43 B C:\WINDOWS\Desktop\TBH\Recent\gilbert\images\Bw152.html --> uts.cc.utexas.edu /export/httpd/vhosts/texasbeyondhistory/data/gilbert/images Bw152.html
2001.10.01 22:43 B C:\WINDOWS\Desktop\TBH\Recent\gilbert\images\BW18-LG.JPG --> uts.cc.utexas.edu /export/httpd/vhosts/texasbeyondhistory/data/gilbert/images BW18-LG.JPG
2001.10.01 22:43 B C:\WINDOWS\Desktop\TBH\Recent\gilbert\images\BW18-SM.JPG --> uts.cc.utexas.edu /export/httpd/vhosts/texasbeyondhistory/data/gilbert/images BW18-SM.JPG
2001.10.01 22:43 B C:\WINDOWS\Desktop\TBH\Recent\gilbert\images\Bw18.html --> uts.cc.utexas.edu /export/httpd/vhosts/texasbeyondhistory/data/gilbert/images Bw18.html
2001.10.01 22:43 B C:\WINDOWS\Desktop\TBH\Recent\gilbert\images\Bw18.html.LCK --> uts.cc.utexas.edu /export/httpd/vhosts/texasbeyondhistory/data/gilbert/images Bw18.html.LCK
2001.10.01 22:44 B C:\WINDOWS\Desktop\TBH\Recent\gilbert\images\BW23-LG.JPG --> uts.cc.utexas.edu /export/httpd/vhosts/texasbeyondhistory/data/gilbert/images BW23-LG.JPG
2001.10.01 22:44 B C:\WINDOWS\Desktop\TBH\Recent\gilbert\images\BW23-SM.JPG --> uts.cc.utexas.edu /export/httpd/vhosts/texasbeyondhistory/data/gilbert/images BW23-SM.JPG
2001.10.01 22:44 B C:\WINDOWS\Desktop\TBH\Recent\gilbert\images\Bw23.html --> uts.cc.utexas.edu /export/httpd/vhosts/texasbeyondhistory/data/gilbert/images Bw23.html
2001.10.01 22:44 B C:\WINDOWS\Desktop\TBH\Recent\gilbert\images\BW45-LG.JPG --> uts.cc.utexas.edu /export/httpd/vhosts/texasbeyondhistory/data/gilbert/images BW45-LG.JPG
2001.10.01 22:44 B C:\WINDOWS\Desktop\TBH\Recent\gilbert\images\BW45-SM.JPG --> uts.cc.utexas.edu /export/httpd/vhosts/texasbeyondhistory/data/gilbert/images BW45-SM.JPG
2001.10.01 22:44 B C:\WINDOWS\Desktop\TBH\Recent\gilbert\images\Bw45.html --> uts.cc.utexas.edu /export/httpd/vhosts/texasbeyondhistory/data/gilbert/images Bw45.html
2001.10.01 22:44 B C:\WINDOWS\Desktop\TBH\Recent\gilbert\images\Bw45.html.LCK --> uts.cc.utexas.edu /export/httpd/vhosts/texasbeyondhistory/data/gilbert/images Bw45.html.LCK
2001.10.01 22:45 B C:\WINDOWS\Desktop\TBH\Recent\gilbert\images\BW5-LG.JPG --> uts.cc.utexas.edu /export/httpd/vhosts/texasbeyondhistory/data/gilbert/images BW5-LG.JPG
2001.10.01 22:45 B C:\WINDOWS\Desktop\TBH\Recent\gilbert\images\BW5-SM.JPG --> uts.cc.utexas.edu /export/httpd/vhosts/texasbeyondhistory/data/gilbert/images BW5-SM.JPG
2001.10.01 22:45 B C:\WINDOWS\Desktop\TBH\Recent\gilbert\images\Bw5.html --> uts.cc.utexas.edu /export/httpd/vhosts/texasbeyondhistory/data/gilbert/images Bw5.html
2001.10.01 22:46 B C:\WINDOWS\Desktop\TBH\Recent\gilbert\images\BW6-LG.JPG --> uts.cc.utexas.edu /export/httpd/vhosts/texasbeyondhistory/data/gilbert/images BW6-LG.JPG
2001.10.01 22:46 B C:\WINDOWS\Desktop\TBH\Recent\gilbert\images\BW6-SM.JPG --> uts.cc.utexas.edu /export/httpd/vhosts/texasbeyondhistory/data/gilbert/images BW6-SM.JPG
2001.10.01 22:46 B C:\WINDOWS\Desktop\TBH\Recent\gilbert\images\Bw6.html --> uts.cc.utexas.edu /export/httpd/vhosts/texasbeyondhistory/data/gilbert/images Bw6.html
2001.10.01 22:46 B C:\WINDOWS\Desktop\TBH\Recent\gilbert\images\C12-lg.jpg --> uts.cc.utexas.edu /export/httpd/vhosts/texasbeyondhistory/data/gilbert/images C12-lg.jpg
2001.10.01 22:46 B C:\WINDOWS\Desktop\TBH\Recent\gilbert\images\C12-sm.jpg --> uts.cc.utexas.edu /export/httpd/vhosts/texasbeyondhistory/data/gilbert/images C12-sm.jpg
2001.10.01 22:46 B C:\WINDOWS\Desktop\TBH\Recent\gilbert\images\C12-sm2.jpg --> uts.cc.utexas.edu /export/httpd/vhosts/texasbeyondhistory/data/gilbert/images C12-sm2.jpg
2001.10.01 22:46 B C:\WINDOWS\Desktop\TBH\Recent\gilbert\images\C12.html --> uts.cc.utexas.edu /export/httpd/vhosts/texasbeyondhistory/data/gilbert/images C12.html
2001.10.01 22:46 B C:\WINDOWS\Desktop\TBH\Recent\gilbert\images\C12.html.LCK.LCK --> uts.cc.utexas.edu /export/httpd/vhosts/texasbeyondhistory/data/gilbert/images C12.html.LCK.LCK
2001.10.01 22:46 B C:\WINDOWS\Desktop\TBH\Recent\gilbert\images\C14-lg.jpg --> uts.cc.utexas.edu /export/httpd/vhosts/texasbeyondhistory/data/gilbert/images C14-lg.jpg
2001.10.01 22:46 B C:\WINDOWS\Desktop\TBH\Recent\gilbert\images\C14-sm.jpg --> uts.cc.utexas.edu /export/httpd/vhosts/texasbeyondhistory/data/gilbert/images C14-sm.jpg
2001.10.01 22:46 B C:\WINDOWS\Desktop\TBH\Recent\gilbert\images\C14.html --> uts.cc.utexas.edu /export/httpd/vhosts/texasbeyondhistory/data/gilbert/images C14.html
2001.10.01 22:46 B C:\WINDOWS\Desktop\TBH\Recent\gilbert\images\C17-lg.jpg --> uts.cc.utexas.edu /export/httpd/vhosts/texasbeyondhistory/data/gilbert/images C17-lg.jpg
2001.10.01 22:46 B C:\WINDOWS\Desktop\TBH\Recent\gilbert\images\C17-sm.jpg --> uts.cc.utexas.edu /export/httpd/vhosts/texasbeyondhistory/data/gilbert/images C17-sm.jpg
2001.10.01 22:46 B C:\WINDOWS\Desktop\TBH\Recent\gilbert\images\C17.html --> uts.cc.utexas.edu /export/httpd/vhosts/texasbeyondhistory/data/gilbert/images C17.html
2001.10.01 22:46 B C:\WINDOWS\Desktop\TBH\Recent\gilbert\images\C2-LG.JPG --> uts.cc.utexas.edu /export/httpd/vhosts/texasbeyondhistory/data/gilbert/images C2-LG.JPG
2001.10.01 22:46 B C:\WINDOWS\Desktop\TBH\Recent\gilbert\images\C2-SM.JPG --> uts.cc.utexas.edu /export/httpd/vhosts/texasbeyondhistory/data/gilbert/images C2-SM.JPG
2001.10.01 22:46 B C:\WINDOWS\Desktop\TBH\Recent\gilbert\images\C2.html --> uts.cc.utexas.edu /export/httpd/vhosts/texasbeyondhistory/data/gilbert/images C2.html
2001.10.01 22:46 B C:\WINDOWS\Desktop\TBH\Recent\gilbert\images\C2.html.LCK.LCK --> uts.cc.utexas.edu /export/httpd/vhosts/texasbeyondhistory/data/gilbert/images C2.html.LCK.LCK
2001.10.01 22:47 B C:\WINDOWS\Desktop\TBH\Recent\gilbert\images\C21-lg.jpg --> uts.cc.utexas.edu /export/httpd/vhosts/texasbeyondhistory/data/gilbert/images C21-lg.jpg
2001.10.01 22:47 B C:\WINDOWS\Desktop\TBH\Recent\gilbert\images\C21-sm.jpg --> uts.cc.utexas.edu /export/httpd/vhosts/texasbeyondhistory/data/gilbert/images C21-sm.jpg
2001.10.01 22:47 B C:\WINDOWS\Desktop\TBH\Recent\gilbert\images\C21.html --> uts.cc.utexas.edu /export/httpd/vhosts/texasbeyondhistory/data/gilbert/images C21.html
2001.10.01 22:47 B C:\WINDOWS\Desktop\TBH\Recent\gilbert\images\C25-lg.jpg --> uts.cc.utexas.edu /export/httpd/vhosts/texasbeyondhistory/data/gilbert/images C25-lg.jpg
2001.10.01 22:47 B C:\WINDOWS\Desktop\TBH\Recent\gilbert\images\C25-sm.jpg --> uts.cc.utexas.edu /export/httpd/vhosts/texasbeyondhistory/data/gilbert/images C25-sm.jpg
2001.10.01 22:47 B C:\WINDOWS\Desktop\TBH\Recent\gilbert\images\C25.html --> uts.cc.utexas.edu /export/httpd/vhosts/texasbeyondhistory/data/gilbert/images C25.html
2001.10.01 22:47 B C:\WINDOWS\Desktop\TBH\Recent\gilbert\images\C29-LG.JPG --> uts.cc.utexas.edu /export/httpd/vhosts/texasbeyondhistory/data/gilbert/images C29-LG.JPG
2001.10.01 22:47 B C:\WINDOWS\Desktop\TBH\Recent\gilbert\images\C29-LG.JPG.LCK.LCK --> uts.cc.utexas.edu /export/httpd/vhosts/texasbeyondhistory/data/gilbert/images C29-LG.JPG.LCK.LCK
2001.10.01 22:47 B C:\WINDOWS\Desktop\TBH\Recent\gilbert\images\C29-SM.JPG --> uts.cc.utexas.edu /export/httpd/vhosts/texasbeyondhistory/data/gilbert/images C29-SM.JPG
2001.10.01 22:47 B C:\WINDOWS\Desktop\TBH\Recent\gilbert\images\C29-SM.JPG.LCK.LCK --> uts.cc.utexas.edu /export/httpd/vhosts/texasbeyondhistory/data/gilbert/images C29-SM.JPG.LCK.LCK
2001.10.01 22:47 B C:\WINDOWS\Desktop\TBH\Recent\gilbert\images\C29.html --> uts.cc.utexas.edu /export/httpd/vhosts/texasbeyondhistory/data/gilbert/images C29.html
2001.10.01 22:47 B C:\WINDOWS\Desktop\TBH\Recent\gilbert\images\C29.html.LCK.LCK --> uts.cc.utexas.edu /export/httpd/vhosts/texasbeyondhistory/data/gilbert/images C29.html.LCK.LCK
2001.10.01 22:47 B C:\WINDOWS\Desktop\TBH\Recent\gilbert\images\C7-lg.jpg --> uts.cc.utexas.edu /export/httpd/vhosts/texasbeyondhistory/data/gilbert/images C7-lg.jpg
2001.10.01 22:48 B C:\WINDOWS\Desktop\TBH\Recent\gilbert\images\C7-sm.jpg --> uts.cc.utexas.edu /export/httpd/vhosts/texasbeyondhistory/data/gilbert/images C7-sm.jpg
2001.10.01 22:48 B C:\WINDOWS\Desktop\TBH\Recent\gilbert\images\C7.html --> uts.cc.utexas.edu /export/httpd/vhosts/texasbeyondhistory/data/gilbert/images C7.html
2001.10.01 22:48 B C:\WINDOWS\Desktop\TBH\Recent\gilbert\images\F44-LG.JPG --> uts.cc.utexas.edu /export/httpd/vhosts/texasbeyondhistory/data/gilbert/images F44-LG.JPG
2001.10.01 22:48 B C:\WINDOWS\Desktop\TBH\Recent\gilbert\images\F44-SM.JPG --> uts.cc.utexas.edu /export/httpd/vhosts/texasbeyondhistory/data/gilbert/images F44-SM.JPG
2001.10.01 22:48 B C:\WINDOWS\Desktop\TBH\Recent\gilbert\images\F44.html --> uts.cc.utexas.edu /export/httpd/vhosts/texasbeyondhistory/data/gilbert/images F44.html
2001.10.01 22:48 B C:\WINDOWS\Desktop\TBH\Recent\gilbert\images\fieldcamp-lg.jpg --> uts.cc.utexas.edu /export/httpd/vhosts/texasbeyondhistory/data/gilbert/images fieldcamp-lg.jpg
2001.10.01 22:48 B C:\WINDOWS\Desktop\TBH\Recent\gilbert\images\fieldcamp-sm.jpg --> uts.cc.utexas.edu /export/httpd/vhosts/texasbeyondhistory/data/gilbert/images fieldcamp-sm.jpg
2001.10.01 22:48 B C:\WINDOWS\Desktop\TBH\Recent\gilbert\images\fieldcamp.html --> uts.cc.utexas.edu /export/httpd/vhosts/texasbeyondhistory/data/gilbert/images fieldcamp.html
2001.10.01 22:48 B C:\WINDOWS\Desktop\TBH\Recent\gilbert\images\Flintlock-crop.jpg --> uts.cc.utexas.edu /export/httpd/vhosts/texasbeyondhistory/data/gilbert/images Flintlock-crop.jpg
2001.10.01 22:48 B C:\WINDOWS\Desktop\TBH\Recent\gilbert\images\FLINTLOCK.GIF --> uts.cc.utexas.edu /export/httpd/vhosts/texasbeyondhistory/data/gilbert/images FLINTLOCK.GIF
2001.10.01 22:48 B C:\WINDOWS\Desktop\TBH\Recent\gilbert\images\Flintlocks-lg.jpg --> uts.cc.utexas.edu /export/httpd/vhosts/texasbeyondhistory/data/gilbert/images Flintlocks-lg.jpg
2001.10.01 22:48 B C:\WINDOWS\Desktop\TBH\Recent\gilbert\images\Flintlocks-sm.jpg --> uts.cc.utexas.edu /export/httpd/vhosts/texasbeyondhistory/data/gilbert/images Flintlocks-sm.jpg
2001.10.01 22:48 B C:\WINDOWS\Desktop\TBH\Recent\gilbert\images\flintlocks.html --> uts.cc.utexas.edu /export/httpd/vhosts/texasbeyondhistory/data/gilbert/images flintlocks.html
2001.10.01 22:48 B C:\WINDOWS\Desktop\TBH\Recent\gilbert\images\Gilbert-1962.jpg --> uts.cc.utexas.edu /export/httpd/vhosts/texasbeyondhistory/data/gilbert/images Gilbert-1962.jpg
2001.10.01 22:48 B C:\WINDOWS\Desktop\TBH\Recent\gilbert\images\Gilbert-map-lg.gif --> uts.cc.utexas.edu /export/httpd/vhosts/texasbeyondhistory/data/gilbert/images Gilbert-map-lg.gif
2001.10.01 22:48 B C:\WINDOWS\Desktop\TBH\Recent\gilbert\images\Gilbert-map-sm.gif --> uts.cc.utexas.edu /export/httpd/vhosts/texasbeyondhistory/data/gilbert/images Gilbert-map-sm.gif
2001.10.01 22:48 B C:\WINDOWS\Desktop\TBH\Recent\gilbert\images\Gilbert-map.html --> uts.cc.utexas.edu /export/httpd/vhosts/texasbeyondhistory/data/gilbert/images Gilbert-map.html
2001.10.01 22:49 B C:\WINDOWS\Desktop\TBH\Recent\gilbert\images\hunter-lg.jpg --> uts.cc.utexas.edu /export/httpd/vhosts/texasbeyondhistory/data/gilbert/images hunter-lg.jpg
2001.10.01 22:49 B C:\WINDOWS\Desktop\TBH\Recent\gilbert\images\JB1-lg.jpg --> uts.cc.utexas.edu /export/httpd/vhosts/texasbeyondhistory/data/gilbert/images JB1-lg.jpg
2001.10.01 22:49 B C:\WINDOWS\Desktop\TBH\Recent\gilbert\images\JB1-sm.jpg --> uts.cc.utexas.edu /export/httpd/vhosts/texasbeyondhistory/data/gilbert/images JB1-sm.jpg
2001.10.01 22:49 B C:\WINDOWS\Desktop\TBH\Recent\gilbert\images\JB1.html --> uts.cc.utexas.edu /export/httpd/vhosts/texasbeyondhistory/data/gilbert/images JB1.html
2001.10.01 22:50 B C:\WINDOWS\Desktop\TBH\Recent\gilbert\images\JB10-LG.JPG --> uts.cc.utexas.edu /export/httpd/vhosts/texasbeyondhistory/data/gilbert/images JB10-LG.JPG
2001.10.01 22:50 B C:\WINDOWS\Desktop\TBH\Recent\gilbert\images\JB10-LG.JPG.LCK.LCK --> uts.cc.utexas.edu /export/httpd/vhosts/texasbeyondhistory/data/gilbert/images JB10-LG.JPG.LCK.LCK
2001.10.01 22:50 B C:\WINDOWS\Desktop\TBH\Recent\gilbert\images\JB10-SM.JPG --> uts.cc.utexas.edu /export/httpd/vhosts/texasbeyondhistory/data/gilbert/images JB10-SM.JPG
2001.10.01 22:50 B C:\WINDOWS\Desktop\TBH\Recent\gilbert\images\JB10-SM.JPG.LCK.LCK --> uts.cc.utexas.edu /export/httpd/vhosts/texasbeyondhistory/data/gilbert/images JB10-SM.JPG.LCK.LCK
2001.10.01 22:50 B C:\WINDOWS\Desktop\TBH\Recent\gilbert\images\JB10.html --> uts.cc.utexas.edu /export/httpd/vhosts/texasbeyondhistory/data/gilbert/images JB10.html
2001.10.01 22:50 B C:\WINDOWS\Desktop\TBH\Recent\gilbert\images\JB10.html.LCK.LCK --> uts.cc.utexas.edu /export/httpd/vhosts/texasbeyondhistory/data/gilbert/images JB10.html.LCK.LCK
2001.10.01 22:50 B C:\WINDOWS\Desktop\TBH\Recent\gilbert\images\JB11-lg.jpg --> uts.cc.utexas.edu /export/httpd/vhosts/texasbeyondhistory/data/gilbert/images JB11-lg.jpg
2001.10.01 22:50 B C:\WINDOWS\Desktop\TBH\Recent\gilbert\images\JB11-sm.jpg --> uts.cc.utexas.edu /export/httpd/vhosts/texasbeyondhistory/data/gilbert/images JB11-sm.jpg
2001.10.01 22:50 B C:\WINDOWS\Desktop\TBH\Recent\gilbert\images\JB11.html --> uts.cc.utexas.edu /export/httpd/vhosts/texasbeyondhistory/data/gilbert/images JB11.html
2001.10.01 22:51 B C:\WINDOWS\Desktop\TBH\Recent\gilbert\images\JB12-lg.jpg --> uts.cc.utexas.edu /export/httpd/vhosts/texasbeyondhistory/data/gilbert/images JB12-lg.jpg
2001.10.01 22:51 B C:\WINDOWS\Desktop\TBH\Recent\gilbert\images\JB12-sm.jpg --> uts.cc.utexas.edu /export/httpd/vhosts/texasbeyondhistory/data/gilbert/images JB12-sm.jpg
2001.10.01 22:51 B C:\WINDOWS\Desktop\TBH\Recent\gilbert\images\JB12.html --> uts.cc.utexas.edu /export/httpd/vhosts/texasbeyondhistory/data/gilbert/images JB12.html
2001.10.01 22:51 B C:\WINDOWS\Desktop\TBH\Recent\gilbert\images\JB16-lg.jpg --> uts.cc.utexas.edu /export/httpd/vhosts/texasbeyondhistory/data/gilbert/images JB16-lg.jpg
2001.10.01 22:51 B C:\WINDOWS\Desktop\TBH\Recent\gilbert\images\JB16-sm.jpg --> uts.cc.utexas.edu /export/httpd/vhosts/texasbeyondhistory/data/gilbert/images JB16-sm.jpg
2001.10.01 22:51 B C:\WINDOWS\Desktop\TBH\Recent\gilbert\images\JB16.html --> uts.cc.utexas.edu /export/httpd/vhosts/texasbeyondhistory/data/gilbert/images JB16.html
2001.10.01 22:51 B C:\WINDOWS\Desktop\TBH\Recent\gilbert\images\Jb2-lg.jpg --> uts.cc.utexas.edu /export/httpd/vhosts/texasbeyondhistory/data/gilbert/images Jb2-lg.jpg
2001.10.01 22:51 B C:\WINDOWS\Desktop\TBH\Recent\gilbert\images\JB2-SM.JPG --> uts.cc.utexas.edu /export/httpd/vhosts/texasbeyondhistory/data/gilbert/images JB2-SM.JPG
2001.10.01 22:51 B C:\WINDOWS\Desktop\TBH\Recent\gilbert\images\JB2.html --> uts.cc.utexas.edu /export/httpd/vhosts/texasbeyondhistory/data/gilbert/images JB2.html
2001.10.01 22:51 B C:\WINDOWS\Desktop\TBH\Recent\gilbert\images\JB3-lg.jpg --> uts.cc.utexas.edu /export/httpd/vhosts/texasbeyondhistory/data/gilbert/images JB3-lg.jpg
2001.10.01 22:51 B C:\WINDOWS\Desktop\TBH\Recent\gilbert\images\JB3-sm.jpg --> uts.cc.utexas.edu /export/httpd/vhosts/texasbeyondhistory/data/gilbert/images JB3-sm.jpg
2001.10.01 22:51 B C:\WINDOWS\Desktop\TBH\Recent\gilbert\images\JB3.html --> uts.cc.utexas.edu /export/httpd/vhosts/texasbeyondhistory/data/gilbert/images JB3.html
2001.10.01 22:52 B C:\WINDOWS\Desktop\TBH\Recent\gilbert\images\JB4-lg.jpg --> uts.cc.utexas.edu /export/httpd/vhosts/texasbeyondhistory/data/gilbert/images JB4-lg.jpg
2001.10.01 22:52 B C:\WINDOWS\Desktop\TBH\Recent\gilbert\images\JB4-sm.jpg --> uts.cc.utexas.edu /export/httpd/vhosts/texasbeyondhistory/data/gilbert/images JB4-sm.jpg
2001.10.01 22:52 B C:\WINDOWS\Desktop\TBH\Recent\gilbert\images\JB4.html --> uts.cc.utexas.edu /export/httpd/vhosts/texasbeyondhistory/data/gilbert/images JB4.html
2001.10.01 22:52 B C:\WINDOWS\Desktop\TBH\Recent\gilbert\images\JB6-lg.jpg --> uts.cc.utexas.edu /export/httpd/vhosts/texasbeyondhistory/data/gilbert/images JB6-lg.jpg
2001.10.01 22:52 B C:\WINDOWS\Desktop\TBH\Recent\gilbert\images\JB6-sm.jpg --> uts.cc.utexas.edu /export/httpd/vhosts/texasbeyondhistory/data/gilbert/images JB6-sm.jpg
2001.10.01 22:52 B C:\WINDOWS\Desktop\TBH\Recent\gilbert\images\JB6.html --> uts.cc.utexas.edu /export/httpd/vhosts/texasbeyondhistory/data/gilbert/images JB6.html
2001.10.01 22:52 B C:\WINDOWS\Desktop\TBH\Recent\gilbert\images\JB9-lg.jpg --> uts.cc.utexas.edu /export/httpd/vhosts/texasbeyondhistory/data/gilbert/images JB9-lg.jpg
2001.10.01 22:52 B C:\WINDOWS\Desktop\TBH\Recent\gilbert\images\JB9-sm.jpg --> uts.cc.utexas.edu /export/httpd/vhosts/texasbeyondhistory/data/gilbert/images JB9-sm.jpg
2001.10.01 22:52 B C:\WINDOWS\Desktop\TBH\Recent\gilbert\images\JB9.html --> uts.cc.utexas.edu /export/httpd/vhosts/texasbeyondhistory/data/gilbert/images JB9.html
2001.10.01 22:52 B C:\WINDOWS\Desktop\TBH\Recent\gilbert\images\jelks.jpg --> uts.cc.utexas.edu /export/httpd/vhosts/texasbeyondhistory/data/gilbert/images jelks.jpg
2001.10.01 22:53 B C:\WINDOWS\Desktop\TBH\Recent\gilbert\images\king-points-lg.jpg --> uts.cc.utexas.edu /export/httpd/vhosts/texasbeyondhistory/data/gilbert/images king-points-lg.jpg
2001.10.01 22:53 B C:\WINDOWS\Desktop\TBH\Recent\gilbert\images\king-points-sm.jpg --> uts.cc.utexas.edu /export/httpd/vhosts/texasbeyondhistory/data/gilbert/images king-points-sm.jpg
2001.10.01 22:53 B C:\WINDOWS\Desktop\TBH\Recent\gilbert\images\king-points.html --> uts.cc.utexas.edu /export/httpd/vhosts/texasbeyondhistory/data/gilbert/images king-points.html
2001.10.01 22:53 B C:\WINDOWS\Desktop\TBH\Recent\gilbert\images\mb1-lg.jpg --> uts.cc.utexas.edu /export/httpd/vhosts/texasbeyondhistory/data/gilbert/images mb1-lg.jpg
2001.10.01 22:53 B C:\WINDOWS\Desktop\TBH\Recent\gilbert\images\mb1-sm.jpg --> uts.cc.utexas.edu /export/httpd/vhosts/texasbeyondhistory/data/gilbert/images mb1-sm.jpg
2001.10.01 22:53 B C:\WINDOWS\Desktop\TBH\Recent\gilbert\images\mb1.html --> uts.cc.utexas.edu /export/httpd/vhosts/texasbeyondhistory/data/gilbert/images mb1.html
2001.10.01 22:53 B C:\WINDOWS\Desktop\TBH\Recent\gilbert\images\MB10-LG.JPG --> uts.cc.utexas.edu /export/httpd/vhosts/texasbeyondhistory/data/gilbert/images MB10-LG.JPG
2001.10.01 22:53 B C:\WINDOWS\Desktop\TBH\Recent\gilbert\images\MB10-SM.JPG --> uts.cc.utexas.edu /export/httpd/vhosts/texasbeyondhistory/data/gilbert/images MB10-SM.JPG
2001.10.01 22:53 B C:\WINDOWS\Desktop\TBH\Recent\gilbert\images\Mb10.html --> uts.cc.utexas.edu /export/httpd/vhosts/texasbeyondhistory/data/gilbert/images Mb10.html
2001.10.01 22:53 B C:\WINDOWS\Desktop\TBH\Recent\gilbert\images\MB11-LG.JPG --> uts.cc.utexas.edu /export/httpd/vhosts/texasbeyondhistory/data/gilbert/images MB11-LG.JPG
2001.10.01 22:53 B C:\WINDOWS\Desktop\TBH\Recent\gilbert\images\MB11-SM.JPG --> uts.cc.utexas.edu /export/httpd/vhosts/texasbeyondhistory/data/gilbert/images MB11-SM.JPG
2001.10.01 22:53 B C:\WINDOWS\Desktop\TBH\Recent\gilbert\images\Mb11.html --> uts.cc.utexas.edu /export/httpd/vhosts/texasbeyondhistory/data/gilbert/images Mb11.html
2001.10.01 22:53 B C:\WINDOWS\Desktop\TBH\Recent\gilbert\images\MB12-LG.JPG --> uts.cc.utexas.edu /export/httpd/vhosts/texasbeyondhistory/data/gilbert/images MB12-LG.JPG
2001.10.01 22:54 B C:\WINDOWS\Desktop\TBH\Recent\gilbert\images\MB12-SM.JPG --> uts.cc.utexas.edu /export/httpd/vhosts/texasbeyondhistory/data/gilbert/images MB12-SM.JPG
2001.10.01 22:54 B C:\WINDOWS\Desktop\TBH\Recent\gilbert\images\Mb12.html --> uts.cc.utexas.edu /export/httpd/vhosts/texasbeyondhistory/data/gilbert/images Mb12.html
2001.10.01 22:54 B C:\WINDOWS\Desktop\TBH\Recent\gilbert\images\MB13-lg.jpg --> uts.cc.utexas.edu /export/httpd/vhosts/texasbeyondhistory/data/gilbert/images MB13-lg.jpg
2001.10.01 22:54 B C:\WINDOWS\Desktop\TBH\Recent\gilbert\images\MB13-sm.jpg --> uts.cc.utexas.edu /export/httpd/vhosts/texasbeyondhistory/data/gilbert/images MB13-sm.jpg
2001.10.01 22:54 B C:\WINDOWS\Desktop\TBH\Recent\gilbert\images\Mb13.html --> uts.cc.utexas.edu /export/httpd/vhosts/texasbeyondhistory/data/gilbert/images Mb13.html
2001.10.01 22:54 B C:\WINDOWS\Desktop\TBH\Recent\gilbert\images\MB14-lg.jpg --> uts.cc.utexas.edu /export/httpd/vhosts/texasbeyondhistory/data/gilbert/images MB14-lg.jpg
2001.10.01 22:54 B C:\WINDOWS\Desktop\TBH\Recent\gilbert\images\MB14-sm.jpg --> uts.cc.utexas.edu /export/httpd/vhosts/texasbeyondhistory/data/gilbert/images MB14-sm.jpg
2001.10.01 22:54 B C:\WINDOWS\Desktop\TBH\Recent\gilbert\images\Mb14.html --> uts.cc.utexas.edu /export/httpd/vhosts/texasbeyondhistory/data/gilbert/images Mb14.html
2001.10.01 22:54 B C:\WINDOWS\Desktop\TBH\Recent\gilbert\images\MB15-lg.jpg --> uts.cc.utexas.edu /export/httpd/vhosts/texasbeyondhistory/data/gilbert/images MB15-lg.jpg
2001.10.01 22:54 B C:\WINDOWS\Desktop\TBH\Recent\gilbert\images\MB15-sm.jpg --> uts.cc.utexas.edu /export/httpd/vhosts/texasbeyondhistory/data/gilbert/images MB15-sm.jpg
2001.10.01 22:54 B C:\WINDOWS\Desktop\TBH\Recent\gilbert\images\Mb15.html --> uts.cc.utexas.edu /export/httpd/vhosts/texasbeyondhistory/data/gilbert/images Mb15.html
2001.10.01 22:54 B C:\WINDOWS\Desktop\TBH\Recent\gilbert\images\MB18-lg.jpg --> uts.cc.utexas.edu /export/httpd/vhosts/texasbeyondhistory/data/gilbert/images MB18-lg.jpg
2001.10.01 22:54 B C:\WINDOWS\Desktop\TBH\Recent\gilbert\images\MB18-sm.jpg --> uts.cc.utexas.edu /export/httpd/vhosts/texasbeyondhistory/data/gilbert/images MB18-sm.jpg
2001.10.01 22:54 B C:\WINDOWS\Desktop\TBH\Recent\gilbert\images\Mb18.html --> uts.cc.utexas.edu /export/httpd/vhosts/texasbeyondhistory/data/gilbert/images Mb18.html
2001.10.01 22:55 B C:\WINDOWS\Desktop\TBH\Recent\gilbert\images\MB1D-LG.JPG --> uts.cc.utexas.edu /export/httpd/vhosts/texasbeyondhistory/data/gilbert/images MB1D-LG.JPG
2001.10.01 22:55 B C:\WINDOWS\Desktop\TBH\Recent\gilbert\images\MB1D-SM.JPG --> uts.cc.utexas.edu /export/httpd/vhosts/texasbeyondhistory/data/gilbert/images MB1D-SM.JPG
2001.10.01 22:55 B C:\WINDOWS\Desktop\TBH\Recent\gilbert\images\Mb1d.html --> uts.cc.utexas.edu /export/httpd/vhosts/texasbeyondhistory/data/gilbert/images Mb1d.html
2001.10.01 22:55 B C:\WINDOWS\Desktop\TBH\Recent\gilbert\images\MB2-LG.JPG --> uts.cc.utexas.edu /export/httpd/vhosts/texasbeyondhistory/data/gilbert/images MB2-LG.JPG
2001.10.01 22:55 B C:\WINDOWS\Desktop\TBH\Recent\gilbert\images\Mb2-sm.jpg --> uts.cc.utexas.edu /export/httpd/vhosts/texasbeyondhistory/data/gilbert/images Mb2-sm.jpg
2001.10.01 22:55 B C:\WINDOWS\Desktop\TBH\Recent\gilbert\images\Mb2.html --> uts.cc.utexas.edu /export/httpd/vhosts/texasbeyondhistory/data/gilbert/images Mb2.html
2001.10.01 22:55 B C:\WINDOWS\Desktop\TBH\Recent\gilbert\images\MB20-LG.JPG --> uts.cc.utexas.edu /export/httpd/vhosts/texasbeyondhistory/data/gilbert/images MB20-LG.JPG
2001.10.01 22:55 B C:\WINDOWS\Desktop\TBH\Recent\gilbert\images\MB20-SM.JPG --> uts.cc.utexas.edu /export/httpd/vhosts/texasbeyondhistory/data/gilbert/images MB20-SM.JPG
2001.10.01 22:55 B C:\WINDOWS\Desktop\TBH\Recent\gilbert\images\Mb20.html --> uts.cc.utexas.edu /export/httpd/vhosts/texasbeyondhistory/data/gilbert/images Mb20.html
2001.10.01 22:55 B C:\WINDOWS\Desktop\TBH\Recent\gilbert\images\Mb20.html.LCK --> uts.cc.utexas.edu /export/httpd/vhosts/texasbeyondhistory/data/gilbert/images Mb20.html.LCK
2001.10.01 22:55 B C:\WINDOWS\Desktop\TBH\Recent\gilbert\images\MB21-LG.JPG --> uts.cc.utexas.edu /export/httpd/vhosts/texasbeyondhistory/data/gilbert/images MB21-LG.JPG
2001.10.01 22:55 B C:\WINDOWS\Desktop\TBH\Recent\gilbert\images\MB21-SM.JPG --> uts.cc.utexas.edu /export/httpd/vhosts/texasbeyondhistory/data/gilbert/images MB21-SM.JPG
2001.10.01 22:55 B C:\WINDOWS\Desktop\TBH\Recent\gilbert\images\Mb21.html --> uts.cc.utexas.edu /export/httpd/vhosts/texasbeyondhistory/data/gilbert/images Mb21.html
2001.10.01 22:55 B C:\WINDOWS\Desktop\TBH\Recent\gilbert\images\MB9-lg.jpg --> uts.cc.utexas.edu /export/httpd/vhosts/texasbeyondhistory/data/gilbert/images MB9-lg.jpg
2001.10.01 22:55 B C:\WINDOWS\Desktop\TBH\Recent\gilbert\images\MB9-sm.jpg --> uts.cc.utexas.edu /export/httpd/vhosts/texasbeyondhistory/data/gilbert/images MB9-sm.jpg
2001.10.01 22:55 B C:\WINDOWS\Desktop\TBH\Recent\gilbert\images\Mb9.html --> uts.cc.utexas.edu /export/httpd/vhosts/texasbeyondhistory/data/gilbert/images Mb9.html
2001.10.01 22:55 B C:\WINDOWS\Desktop\TBH\Recent\gilbert\images\Mb9.html.LCK --> uts.cc.utexas.edu /export/httpd/vhosts/texasbeyondhistory/data/gilbert/images Mb9.html.LCK
2001.10.01 22:56 B C:\WINDOWS\Desktop\TBH\Recent\gilbert\images\pit-section-lg.gif --> uts.cc.utexas.edu /export/httpd/vhosts/texasbeyondhistory/data/gilbert/images pit-section-lg.gif
2001.10.01 22:56 B C:\WINDOWS\Desktop\TBH\Recent\gilbert\images\pit-section-sm.gif --> uts.cc.utexas.edu /export/httpd/vhosts/texasbeyondhistory/data/gilbert/images pit-section-sm.gif
2001.10.01 22:56 B C:\WINDOWS\Desktop\TBH\Recent\gilbert\images\pit-section.html --> uts.cc.utexas.edu /export/httpd/vhosts/texasbeyondhistory/data/gilbert/images pit-section.html
2001.10.01 22:56 B C:\WINDOWS\Desktop\TBH\Recent\gilbert\images\PL1-LG.JPG --> uts.cc.utexas.edu /export/httpd/vhosts/texasbeyondhistory/data/gilbert/images PL1-LG.JPG
2001.10.01 22:56 B C:\WINDOWS\Desktop\TBH\Recent\gilbert\images\PL1-LG.JPG.LCK.LCK --> uts.cc.utexas.edu /export/httpd/vhosts/texasbeyondhistory/data/gilbert/images PL1-LG.JPG.LCK.LCK
2001.10.01 22:56 B C:\WINDOWS\Desktop\TBH\Recent\gilbert\images\PL1-SM.JPG --> uts.cc.utexas.edu /export/httpd/vhosts/texasbeyondhistory/data/gilbert/images PL1-SM.JPG
2001.10.01 22:56 B C:\WINDOWS\Desktop\TBH\Recent\gilbert\images\PL1-SM.JPG.LCK.LCK --> uts.cc.utexas.edu /export/httpd/vhosts/texasbeyondhistory/data/gilbert/images PL1-SM.JPG.LCK.LCK
2001.10.01 22:56 B C:\WINDOWS\Desktop\TBH\Recent\gilbert\images\Pl1.html --> uts.cc.utexas.edu /export/httpd/vhosts/texasbeyondhistory/data/gilbert/images Pl1.html
2001.10.01 22:56 B C:\WINDOWS\Desktop\TBH\Recent\gilbert\images\Pl1.html.LCK.LCK --> uts.cc.utexas.edu /export/httpd/vhosts/texasbeyondhistory/data/gilbert/images Pl1.html.LCK.LCK
2001.10.01 22:56 B C:\WINDOWS\Desktop\TBH\Recent\gilbert\images\shaker-lg.jpg --> uts.cc.utexas.edu /export/httpd/vhosts/texasbeyondhistory/data/gilbert/images shaker-lg.jpg
2001.10.01 22:56 B C:\WINDOWS\Desktop\TBH\Recent\gilbert\images\shaker-sm.jpg --> uts.cc.utexas.edu /export/httpd/vhosts/texasbeyondhistory/data/gilbert/images shaker-sm.jpg
2001.10.01 22:56 B C:\WINDOWS\Desktop\TBH\Recent\gilbert\images\shaker.html --> uts.cc.utexas.edu /export/httpd/vhosts/texasbeyondhistory/data/gilbert/images shaker.html
2001.10.01 22:56 B C:\WINDOWS\Desktop\TBH\Recent\gilbert\images\tanktruck-lg.jpg --> uts.cc.utexas.edu /export/httpd/vhosts/texasbeyondhistory/data/gilbert/images tanktruck-lg.jpg
2001.10.01 22:56 B C:\WINDOWS\Desktop\TBH\Recent\gilbert\images\tanktruck-sm.jpg --> uts.cc.utexas.edu /export/httpd/vhosts/texasbeyondhistory/data/gilbert/images tanktruck-sm.jpg
2001.10.01 22:56 B C:\WINDOWS\Desktop\TBH\Recent\gilbert\images\tanktruck.html --> uts.cc.utexas.edu /export/httpd/vhosts/texasbeyondhistory/data/gilbert/images tanktruck.html
2001.10.01 22:56 B C:\WINDOWS\Desktop\TBH\Recent\gilbert\images\tinklers-lg.jpg --> uts.cc.utexas.edu /export/httpd/vhosts/texasbeyondhistory/data/gilbert/images tinklers-lg.jpg
2001.10.01 22:56 B C:\WINDOWS\Desktop\TBH\Recent\gilbert\images\tinklers-sm.jpg --> uts.cc.utexas.edu /export/httpd/vhosts/texasbeyondhistory/data/gilbert/images tinklers-sm.jpg
2001.10.01 22:56 B C:\WINDOWS\Desktop\TBH\Recent\gilbert\images\tinklers.html --> uts.cc.utexas.edu /export/httpd/vhosts/texasbeyondhistory/data/gilbert/images tinklers.html
2001.10.01 22:57 B C:\WINDOWS\Desktop\TBH\Recent\gilbert\images\trading.jpg --> uts.cc.utexas.edu /export/httpd/vhosts/texasbeyondhistory/data/gilbert/images trading.jpg
