2007.09.25 07:56 B K:\TBH Website Temp\hueco\hueco-kids\who\index.html --> uts.cc.utexas.edu /export/httpd/vhosts/texasbeyondhistory/data/protect/hueco-kids/who index.html
2007.09.25 07:56 B K:\TBH Website Temp\hueco\hueco-kids\who\timeline.fla --> uts.cc.utexas.edu /export/httpd/vhosts/texasbeyondhistory/data/protect/hueco-kids/who timeline.fla
2007.09.25 07:56 B K:\TBH Website Temp\hueco\hueco-kids\who\timeline.swf --> uts.cc.utexas.edu /export/httpd/vhosts/texasbeyondhistory/data/protect/hueco-kids/who timeline.swf
2007.12.11 15:20 B K:\TBH Website Temp\hueco\hueco-kids\who\index.html --> uts.cc.utexas.edu /export/httpd/vhosts/texasbeyondhistory/data/protect/hueco/hueco-kids/who index.html
2007.12.11 15:20 B K:\TBH Website Temp\hueco\hueco-kids\who\timeline.fla --> uts.cc.utexas.edu /export/httpd/vhosts/texasbeyondhistory/data/protect/hueco/hueco-kids/who timeline.fla
2007.12.11 15:20 B K:\TBH Website Temp\hueco\hueco-kids\who\timeline.swf --> uts.cc.utexas.edu /export/httpd/vhosts/texasbeyondhistory/data/protect/hueco/hueco-kids/who timeline.swf
2007.12.11 15:20 B K:\TBH Website Temp\hueco\hueco-kids\who\WS_FTP.LOG --> uts.cc.utexas.edu /export/httpd/vhosts/texasbeyondhistory/data/protect/hueco/hueco-kids/who WS_FTP.LOG
2007.12.21 18:08 B L:\TBH Website Temp\hueco\hueco-kids\who\index.html --> uts.cc.utexas.edu /export/httpd/vhosts/texasbeyondhistory/data/protect/hueco/hueco-kids/who index.html
2007.12.21 18:08 B L:\TBH Website Temp\hueco\hueco-kids\who\timeline.fla --> uts.cc.utexas.edu /export/httpd/vhosts/texasbeyondhistory/data/protect/hueco/hueco-kids/who timeline.fla
2007.12.21 18:08 B L:\TBH Website Temp\hueco\hueco-kids\who\timeline.swf --> uts.cc.utexas.edu /export/httpd/vhosts/texasbeyondhistory/data/protect/hueco/hueco-kids/who timeline.swf
2007.12.21 18:08 B L:\TBH Website Temp\hueco\hueco-kids\who\WS_FTP.LOG --> uts.cc.utexas.edu /export/httpd/vhosts/texasbeyondhistory/data/protect/hueco/hueco-kids/who WS_FTP.LOG
2007.12.27 16:59 B K:\TBH Website Temp\hueco\hueco-kids\who\index.html --> uts.cc.utexas.edu /export/httpd/vhosts/texasbeyondhistory/data/protect/hueco/hueco-kids/who index.html
2007.12.27 16:59 B K:\TBH Website Temp\hueco\hueco-kids\who\timeline2.fla --> uts.cc.utexas.edu /export/httpd/vhosts/texasbeyondhistory/data/protect/hueco/hueco-kids/who timeline2.fla
2007.12.27 16:59 B K:\TBH Website Temp\hueco\hueco-kids\who\timeline2.swf --> uts.cc.utexas.edu /export/httpd/vhosts/texasbeyondhistory/data/protect/hueco/hueco-kids/who timeline2.swf
2008.01.02 08:29 B K:\TBH Website Temp\hueco\hueco-kids\who\index.html --> uts.cc.utexas.edu /export/httpd/vhosts/texasbeyondhistory/data/protect/hueco/hueco-kids/who index.html
2008.01.02 08:29 B K:\TBH Website Temp\hueco\hueco-kids\who\WS_FTP.LOG --> uts.cc.utexas.edu /export/httpd/vhosts/texasbeyondhistory/data/protect/hueco/hueco-kids/who WS_FTP.LOG
2008.01.02 14:34 B K:\TBH Website Temp\hueco\hueco-kids\who\index.html --> uts.cc.utexas.edu /export/httpd/vhosts/texasbeyondhistory/data/protect/hueco/hueco-kids/who index.html
2008.01.02 14:34 B K:\TBH Website Temp\hueco\hueco-kids\who\swfobject.js --> uts.cc.utexas.edu /export/httpd/vhosts/texasbeyondhistory/data/protect/hueco/hueco-kids/who swfobject.js
2008.01.03 15:36 B K:\TBH Website Temp\hueco\hueco-kids\who\timeline2.swf --> uts.cc.utexas.edu /export/httpd/vhosts/texasbeyondhistory/data/protect/hueco/hueco-kids/who timeline2.swf
2008.01.07 17:43 B K:\TBH Website Temp\hueco\hueco-kids\who\timeline2.swf --> uts.cc.utexas.edu /export/httpd/vhosts/texasbeyondhistory/data/protect/hueco/hueco-kids/who timeline2.swf
2008.01.08 10:29 B K:\TBH Website Temp\hueco\hueco-kids\who\index.html --> uts.cc.utexas.edu /export/httpd/vhosts/texasbeyondhistory/data/protect/hueco/hueco-kids/who index.html
