2002.09.05 08:57 B G:\Website Stuff\TBH Website Temp\kids\houses\slab.html --> uts.cc.utexas.edu /export/httpd/vhosts/texasbeyondhistory/data/kids/houses slab.html
2002.09.05 15:29 B G:\Website Stuff\TBH Website Temp\kids\houses\tipis.html --> uts.cc.utexas.edu /export/httpd/vhosts/texasbeyondhistory/data/kids/houses tipis.html
2002.09.05 15:30 B G:\Website Stuff\TBH Website Temp\kids\houses\slab.html --> uts.cc.utexas.edu /export/httpd/vhosts/texasbeyondhistory/data/kids/houses slab.html
2002.09.17 14:46 B J:\TBH Website Temp\kids\houses\grass.html --> uts.cc.utexas.edu /export/httpd/vhosts/texasbeyondhistory/data/kids/houses grass.html
2002.09.17 14:46 B J:\TBH Website Temp\kids\houses\rockshelters.html --> uts.cc.utexas.edu /export/httpd/vhosts/texasbeyondhistory/data/kids/houses rockshelters.html
2002.09.17 14:46 B J:\TBH Website Temp\kids\houses\slab.html --> uts.cc.utexas.edu /export/httpd/vhosts/texasbeyondhistory/data/kids/houses slab.html
2002.09.17 14:46 B J:\TBH Website Temp\kids\houses\tipis.html --> uts.cc.utexas.edu /export/httpd/vhosts/texasbeyondhistory/data/kids/houses tipis.html
2002.09.17 14:46 B J:\TBH Website Temp\kids\houses\wickiups.html --> uts.cc.utexas.edu /export/httpd/vhosts/texasbeyondhistory/data/kids/houses wickiups.html
2002.10.23 16:07 B G:\Website Stuff\TBH Website Temp\kids\houses\grass.html --> uts.cc.utexas.edu /export/httpd/vhosts/texasbeyondhistory/data/kids/houses grass.html
2005.06.19 11:25 B L:\TBH Website Temp\kids\houses\WS_FTP.LOG <-- texasbeyondhistory /export/httpd/vhosts/texasbeyondhistory/data/kids/houses WS_FTP.LOG
2005.08.18 12:25 B L:\TBH Website Temp\kids\houses\index.html --> uts.cc.utexas.edu /export/httpd/vhosts/texasbeyondhistory/data/kids/houses index.html
2005.08.18 12:25 B L:\TBH Website Temp\kids\houses\WS_FTP.LOG --> uts.cc.utexas.edu /export/httpd/vhosts/texasbeyondhistory/data/kids/houses WS_FTP.LOG
2006.02.15 15:22 B Z:\Website Stuff\TBH Website Temp\kids\houses\index.html --> uts.cc.utexas.edu /export/httpd/vhosts/texasbeyondhistory/data/kids/houses index.html
2006.09.29 17:11 B L:\TBH Website Temp\kids\houses\index.html --> uts.cc.utexas.edu /export/httpd/vhosts/texasbeyondhistory/data/kids/houses index.html
2006.09.29 17:11 B L:\TBH Website Temp\kids\houses\WS_FTP.LOG --> uts.cc.utexas.edu /export/httpd/vhosts/texasbeyondhistory/data/kids/houses WS_FTP.LOG
2006.09.29 17:11 B L:\TBH Website Temp\kids\houses\wickiups.html --> uts.cc.utexas.edu /export/httpd/vhosts/texasbeyondhistory/data/kids/houses wickiups.html
2006.09.29 17:11 B L:\TBH Website Temp\kids\houses\tipis.html --> uts.cc.utexas.edu /export/httpd/vhosts/texasbeyondhistory/data/kids/houses tipis.html
2006.09.29 17:11 B L:\TBH Website Temp\kids\houses\slab.html --> uts.cc.utexas.edu /export/httpd/vhosts/texasbeyondhistory/data/kids/houses slab.html
2006.09.29 17:11 B L:\TBH Website Temp\kids\houses\rockshelters.html --> uts.cc.utexas.edu /export/httpd/vhosts/texasbeyondhistory/data/kids/houses rockshelters.html
2006.09.29 17:11 B L:\TBH Website Temp\kids\houses\pueblos.html --> uts.cc.utexas.edu /export/httpd/vhosts/texasbeyondhistory/data/kids/houses pueblos.html
2006.09.29 17:11 B L:\TBH Website Temp\kids\houses\grass.html --> uts.cc.utexas.edu /export/httpd/vhosts/texasbeyondhistory/data/kids/houses grass.html
2006.11.02 10:31 B L:\TBH Website Temp\kids\houses\index.html --> uts.cc.utexas.edu /export/httpd/vhosts/texasbeyondhistory/data/kids/houses index.html
2007.05.02 16:07 B V:\TBH Website Temp\kids\houses\grass.html --> uts.cc.utexas.edu /export/httpd/vhosts/texasbeyondhistory/data/kids/houses grass.html
2007.05.02 16:07 B V:\TBH Website Temp\kids\houses\index.html --> uts.cc.utexas.edu /export/httpd/vhosts/texasbeyondhistory/data/kids/houses index.html
2007.05.02 16:07 B V:\TBH Website Temp\kids\houses\pueblos.html --> uts.cc.utexas.edu /export/httpd/vhosts/texasbeyondhistory/data/kids/houses pueblos.html
2007.05.02 16:07 B V:\TBH Website Temp\kids\houses\rockshelters.html --> uts.cc.utexas.edu /export/httpd/vhosts/texasbeyondhistory/data/kids/houses rockshelters.html
2007.05.02 16:07 B V:\TBH Website Temp\kids\houses\slab.html --> uts.cc.utexas.edu /export/httpd/vhosts/texasbeyondhistory/data/kids/houses slab.html
2007.05.02 16:07 B V:\TBH Website Temp\kids\houses\tipis.html --> uts.cc.utexas.edu /export/httpd/vhosts/texasbeyondhistory/data/kids/houses tipis.html
2007.05.02 16:07 B V:\TBH Website Temp\kids\houses\wickiups.html --> uts.cc.utexas.edu /export/httpd/vhosts/texasbeyondhistory/data/kids/houses wickiups.html
