2003.06.21 20:25 B G:\Website Stuff\TBH Website Temp\forts\griffin\images\clash.html --> uts.cc.utexas.edu /export/httpd/vhosts/texasbeyondhistory/data/forts/griffin/images clash.html
2003.06.21 20:26 B G:\Website Stuff\TBH Website Temp\forts\griffin\images\belpowder.html --> uts.cc.utexas.edu /export/httpd/vhosts/texasbeyondhistory/data/forts/griffin/images belpowder.html
2003.06.21 20:26 B G:\Website Stuff\TBH Website Temp\forts\griffin\images\cemetery.html --> uts.cc.utexas.edu /export/httpd/vhosts/texasbeyondhistory/data/forts/griffin/images cemetery.html
2003.06.21 20:27 B G:\Website Stuff\TBH Website Temp\forts\griffin\images\beefissue.html --> uts.cc.utexas.edu /export/httpd/vhosts/texasbeyondhistory/data/forts/griffin/images beefissue.html
2003.06.21 20:27 B G:\Website Stuff\TBH Website Temp\forts\griffin\images\prairiepost1866.html --> uts.cc.utexas.edu /export/httpd/vhosts/texasbeyondhistory/data/forts/griffin/images prairiepost1866.html
2003.06.21 20:28 B G:\Website Stuff\TBH Website Temp\forts\griffin\images\jones65.html --> uts.cc.utexas.edu /export/httpd/vhosts/texasbeyondhistory/data/forts/griffin/images jones65.html
2003.06.21 20:28 B G:\Website Stuff\TBH Website Temp\forts\griffin\images\jones63.html --> uts.cc.utexas.edu /export/httpd/vhosts/texasbeyondhistory/data/forts/griffin/images jones63.html
2003.06.21 20:29 B G:\Website Stuff\TBH Website Temp\forts\griffin\images\barracksrichardson.html --> uts.cc.utexas.edu /export/httpd/vhosts/texasbeyondhistory/data/forts/griffin/images barracksrichardson.html
2003.06.21 20:29 B G:\Website Stuff\TBH Website Temp\forts\griffin\images\tracking.html --> uts.cc.utexas.edu /export/httpd/vhosts/texasbeyondhistory/data/forts/griffin/images tracking.html
2003.06.21 20:29 B G:\Website Stuff\TBH Website Temp\forts\griffin\images\cooperhouse.html --> uts.cc.utexas.edu /export/httpd/vhosts/texasbeyondhistory/data/forts/griffin/images cooperhouse.html
2003.06.24 19:01 B G:\Website Stuff\TBH Website Temp\forts\griffin\images\admin-main.html --> uts.cc.utexas.edu /export/httpd/vhosts/texasbeyondhistory/data/forts/griffin/images admin-main.html
2003.06.24 19:01 B G:\Website Stuff\TBH Website Temp\forts\griffin\images\bakery.html --> uts.cc.utexas.edu /export/httpd/vhosts/texasbeyondhistory/data/forts/griffin/images bakery.html
2003.06.24 19:01 B G:\Website Stuff\TBH Website Temp\forts\griffin\images\artifacts.html --> uts.cc.utexas.edu /export/httpd/vhosts/texasbeyondhistory/data/forts/griffin/images artifacts.html
2003.06.24 19:02 B G:\Website Stuff\TBH Website Temp\forts\griffin\images\sutlers.html --> uts.cc.utexas.edu /export/httpd/vhosts/texasbeyondhistory/data/forts/griffin/images sutlers.html
2003.06.24 19:02 B G:\Website Stuff\TBH Website Temp\forts\griffin\images\courthouse.html --> uts.cc.utexas.edu /export/httpd/vhosts/texasbeyondhistory/data/forts/griffin/images courthouse.html
2003.06.24 19:02 B G:\Website Stuff\TBH Website Temp\forts\griffin\images\tonkawa.html --> uts.cc.utexas.edu /export/httpd/vhosts/texasbeyondhistory/data/forts/griffin/images tonkawa.html
2003.06.24 19:06 B G:\Website Stuff\TBH Website Temp\forts\griffin\images\foley.html --> uts.cc.utexas.edu /export/httpd/vhosts/texasbeyondhistory/data/forts/griffin/images foley.html
2003.06.24 19:07 B G:\Website Stuff\TBH Website Temp\forts\griffin\images\store.html --> uts.cc.utexas.edu /export/httpd/vhosts/texasbeyondhistory/data/forts/griffin/images store.html
2003.06.24 19:07 B G:\Website Stuff\TBH Website Temp\forts\griffin\images\stew.html --> uts.cc.utexas.edu /export/httpd/vhosts/texasbeyondhistory/data/forts/griffin/images stew.html
2003.06.28 09:06 B G:\Website Stuff\TBH Website Temp\forts\griffin\images\foley.html --> uts.cc.utexas.edu /export/httpd/vhosts/texasbeyondhistory/data/forts/griffin/images foley.html
2003.06.28 09:06 B G:\Website Stuff\TBH Website Temp\forts\griffin\images\griffinave.html --> uts.cc.utexas.edu /export/httpd/vhosts/texasbeyondhistory/data/forts/griffin/images griffinave.html
2003.06.28 09:07 B G:\Website Stuff\TBH Website Temp\forts\griffin\images\flatmap.html --> uts.cc.utexas.edu /export/httpd/vhosts/texasbeyondhistory/data/forts/griffin/images flatmap.html
2003.06.30 18:32 B G:\Website Stuff\TBH Website Temp\forts\griffin\images\satank.html --> uts.cc.utexas.edu /export/httpd/vhosts/texasbeyondhistory/data/forts/griffin/images satank.html
2003.06.30 18:32 B G:\Website Stuff\TBH Website Temp\forts\griffin\images\bigtree.html --> uts.cc.utexas.edu /export/httpd/vhosts/texasbeyondhistory/data/forts/griffin/images bigtree.html
2003.06.30 18:33 B G:\Website Stuff\TBH Website Temp\forts\griffin\images\cemetery.html --> uts.cc.utexas.edu /export/httpd/vhosts/texasbeyondhistory/data/forts/griffin/images cemetery.html
2005.01.14 09:39 B G:\TBH Website Temp\forts\griffin\images\cynthia.html --> uts.cc.utexas.edu /export/httpd/vhosts/texasbeyondhistory/data/forts/griffin/images cynthia.html
2005.04.04 13:01 B L:\TBH Website Temp\forts\griffin\images\courthouse.html --> uts.cc.utexas.edu /export/httpd/vhosts/texasbeyondhistory/data/forts/griffin/images courthouse.html
2005.04.04 13:01 B L:\TBH Website Temp\forts\griffin\images\cooking.html --> uts.cc.utexas.edu /export/httpd/vhosts/texasbeyondhistory/data/forts/griffin/images cooking.html
2005.04.04 13:01 B L:\TBH Website Temp\forts\griffin\images\flatmap.html --> uts.cc.utexas.edu /export/httpd/vhosts/texasbeyondhistory/data/forts/griffin/images flatmap.html
