2007.08.07 10:05 B L:\TBH Website Temp\junta\setting.html --> uts.cc.utexas.edu /export/httpd/vhosts/texasbeyondhistory/data/protect/junta setting.html
2007.08.07 10:05 B L:\TBH Website Temp\junta\frontier.html --> uts.cc.utexas.edu /export/httpd/vhosts/texasbeyondhistory/data/protect/junta frontier.html
2007.08.07 10:05 B L:\TBH Website Temp\junta\encounters.html --> uts.cc.utexas.edu /export/httpd/vhosts/texasbeyondhistory/data/protect/junta encounters.html
2007.08.07 10:05 B L:\TBH Website Temp\junta\archeology.html --> uts.cc.utexas.edu /export/httpd/vhosts/texasbeyondhistory/data/protect/junta archeology.html
2007.08.07 10:05 B L:\TBH Website Temp\junta\index.html --> uts.cc.utexas.edu /export/httpd/vhosts/texasbeyondhistory/data/protect/junta index.html
2007.08.07 10:05 B L:\TBH Website Temp\junta\time.html --> uts.cc.utexas.edu /export/httpd/vhosts/texasbeyondhistory/data/protect/junta time.html
2007.08.07 10:05 B L:\TBH Website Temp\junta\sites.html --> uts.cc.utexas.edu /export/httpd/vhosts/texasbeyondhistory/data/protect/junta sites.html
2007.08.07 10:05 B L:\TBH Website Temp\junta\reconsidered.html --> uts.cc.utexas.edu /export/httpd/vhosts/texasbeyondhistory/data/protect/junta reconsidered.html
2007.08.07 10:05 B L:\TBH Website Temp\junta\credits.html --> uts.cc.utexas.edu /export/httpd/vhosts/texasbeyondhistory/data/protect/junta credits.html
2007.08.10 12:55 B L:\TBH Website Temp\junta\archeology.html --> uts.cc.utexas.edu /export/httpd/vhosts/texasbeyondhistory/data/protect/junta archeology.html
2007.08.10 12:55 B L:\TBH Website Temp\junta\index.html --> uts.cc.utexas.edu /export/httpd/vhosts/texasbeyondhistory/data/protect/junta index.html
2007.08.10 12:55 B L:\TBH Website Temp\junta\frontier.html --> uts.cc.utexas.edu /export/httpd/vhosts/texasbeyondhistory/data/protect/junta frontier.html
2007.08.10 12:55 B L:\TBH Website Temp\junta\sites.html --> uts.cc.utexas.edu /export/httpd/vhosts/texasbeyondhistory/data/protect/junta sites.html
2007.08.10 12:55 B L:\TBH Website Temp\junta\setting.html --> uts.cc.utexas.edu /export/httpd/vhosts/texasbeyondhistory/data/protect/junta setting.html
2007.08.13 18:10 B L:\TBH Website Temp\junta\frontier.html --> uts.cc.utexas.edu /export/httpd/vhosts/texasbeyondhistory/data/protect/junta frontier.html
2007.08.13 18:10 B L:\TBH Website Temp\junta\sites.html --> uts.cc.utexas.edu /export/httpd/vhosts/texasbeyondhistory/data/protect/junta sites.html
2007.08.26 18:45 B L:\TBH Website Temp\junta\border.html --> uts.cc.utexas.edu /export/httpd/vhosts/texasbeyondhistory/data/protect/junta border.html
2007.08.26 18:45 B L:\TBH Website Temp\junta\credits.html --> uts.cc.utexas.edu /export/httpd/vhosts/texasbeyondhistory/data/protect/junta credits.html
2007.08.26 18:45 B L:\TBH Website Temp\junta\encounters.html --> uts.cc.utexas.edu /export/httpd/vhosts/texasbeyondhistory/data/protect/junta encounters.html
2007.08.26 18:45 B L:\TBH Website Temp\junta\frontier.html --> uts.cc.utexas.edu /export/httpd/vhosts/texasbeyondhistory/data/protect/junta frontier.html
2007.08.26 18:45 B L:\TBH Website Temp\junta\index.html --> uts.cc.utexas.edu /export/httpd/vhosts/texasbeyondhistory/data/protect/junta index.html
2007.08.26 18:45 B L:\TBH Website Temp\junta\investigations.html --> uts.cc.utexas.edu /export/httpd/vhosts/texasbeyondhistory/data/protect/junta investigations.html
2007.08.26 18:45 B L:\TBH Website Temp\junta\reconsidered.html --> uts.cc.utexas.edu /export/httpd/vhosts/texasbeyondhistory/data/protect/junta reconsidered.html
2007.08.26 18:45 B L:\TBH Website Temp\junta\setting.html --> uts.cc.utexas.edu /export/httpd/vhosts/texasbeyondhistory/data/protect/junta setting.html
2007.08.26 18:45 B L:\TBH Website Temp\junta\sites.html --> uts.cc.utexas.edu /export/httpd/vhosts/texasbeyondhistory/data/protect/junta sites.html
2007.08.26 18:45 B L:\TBH Website Temp\junta\villagers.html --> uts.cc.utexas.edu /export/httpd/vhosts/texasbeyondhistory/data/protect/junta villagers.html
2007.08.26 18:45 B L:\TBH Website Temp\junta\time.html <-- TBH /export/httpd/vhosts/texasbeyondhistory/data/protect/junta time.html
2007.08.31 19:07 B L:\TBH Website Temp\junta\setting.html --> uts.cc.utexas.edu /export/httpd/vhosts/texasbeyondhistory/data/protect/junta setting.html
2007.08.31 19:07 B L:\TBH Website Temp\junta\villagers.html --> uts.cc.utexas.edu /export/httpd/vhosts/texasbeyondhistory/data/protect/junta villagers.html
2007.09.07 18:59 B L:\TBH Website Temp\junta\time.html --> uts.cc.utexas.edu /export/httpd/vhosts/texasbeyondhistory/data/protect/junta time.html
2007.09.07 18:59 B L:\TBH Website Temp\junta\setting.html --> uts.cc.utexas.edu /export/httpd/vhosts/texasbeyondhistory/data/protect/junta setting.html
2007.09.07 18:59 B L:\TBH Website Temp\junta\reconsidered.html --> uts.cc.utexas.edu /export/httpd/vhosts/texasbeyondhistory/data/protect/junta reconsidered.html
2007.09.07 18:59 B L:\TBH Website Temp\junta\investigations.html --> uts.cc.utexas.edu /export/httpd/vhosts/texasbeyondhistory/data/protect/junta investigations.html
2007.09.07 18:59 B L:\TBH Website Temp\junta\index.html --> uts.cc.utexas.edu /export/httpd/vhosts/texasbeyondhistory/data/protect/junta index.html
2007.09.07 18:59 B L:\TBH Website Temp\junta\villagers.html --> uts.cc.utexas.edu /export/httpd/vhosts/texasbeyondhistory/data/protect/junta villagers.html
2007.09.07 18:59 B L:\TBH Website Temp\junta\sites.html --> uts.cc.utexas.edu /export/httpd/vhosts/texasbeyondhistory/data/protect/junta sites.html
2007.09.07 18:59 B L:\TBH Website Temp\junta\encounters.html --> uts.cc.utexas.edu /export/httpd/vhosts/texasbeyondhistory/data/protect/junta encounters.html
2007.09.07 18:59 B L:\TBH Website Temp\junta\credits.html --> uts.cc.utexas.edu /export/httpd/vhosts/texasbeyondhistory/data/protect/junta credits.html
2007.09.07 18:59 B L:\TBH Website Temp\junta\border.html --> uts.cc.utexas.edu /export/httpd/vhosts/texasbeyondhistory/data/protect/junta border.html
2007.09.07 18:59 B L:\TBH Website Temp\junta\frontier.html --> uts.cc.utexas.edu /export/httpd/vhosts/texasbeyondhistory/data/protect/junta frontier.html
2007.09.10 19:07 B L:\TBH Website Temp\junta\frontier.html --> uts.cc.utexas.edu /export/httpd/vhosts/texasbeyondhistory/data/protect/junta frontier.html
2007.09.27 14:36 B L:\TBH Website Temp\junta\frontier.html --> uts.cc.utexas.edu /export/httpd/vhosts/texasbeyondhistory/data/protect/junta frontier.html
2007.09.27 14:36 B L:\TBH Website Temp\junta\villagers.html --> uts.cc.utexas.edu /export/httpd/vhosts/texasbeyondhistory/data/protect/junta villagers.html
2007.09.27 14:36 B L:\TBH Website Temp\junta\index.html --> uts.cc.utexas.edu /export/httpd/vhosts/texasbeyondhistory/data/protect/junta index.html
2007.09.27 14:36 B L:\TBH Website Temp\junta\border.html --> uts.cc.utexas.edu /export/httpd/vhosts/texasbeyondhistory/data/protect/junta border.html
2007.09.27 14:36 B L:\TBH Website Temp\junta\setting.html --> uts.cc.utexas.edu /export/httpd/vhosts/texasbeyondhistory/data/protect/junta setting.html
2007.09.27 14:36 B L:\TBH Website Temp\junta\encounters.html --> uts.cc.utexas.edu /export/httpd/vhosts/texasbeyondhistory/data/protect/junta encounters.html
2007.11.03 15:21 B L:\TBH Website Temp\junta\border.html --> uts.cc.utexas.edu /export/httpd/vhosts/texasbeyondhistory/data/protect/junta border.html
2007.11.03 15:21 B L:\TBH Website Temp\junta\credits.html --> uts.cc.utexas.edu /export/httpd/vhosts/texasbeyondhistory/data/protect/junta credits.html
2007.11.03 15:21 B L:\TBH Website Temp\junta\encounters.html --> uts.cc.utexas.edu /export/httpd/vhosts/texasbeyondhistory/data/protect/junta encounters.html
2007.11.03 15:21 B L:\TBH Website Temp\junta\frontier.html --> uts.cc.utexas.edu /export/httpd/vhosts/texasbeyondhistory/data/protect/junta frontier.html
2007.11.03 15:21 B L:\TBH Website Temp\junta\index.html --> uts.cc.utexas.edu /export/httpd/vhosts/texasbeyondhistory/data/protect/junta index.html
2007.11.03 15:21 B L:\TBH Website Temp\junta\investigations-OLD.html --> uts.cc.utexas.edu /export/httpd/vhosts/texasbeyondhistory/data/protect/junta investigations-OLD.html
2007.11.03 15:21 B L:\TBH Website Temp\junta\investigations.html --> uts.cc.utexas.edu /export/httpd/vhosts/texasbeyondhistory/data/protect/junta investigations.html
2007.11.03 15:21 B L:\TBH Website Temp\junta\reconsidered-OLD.html --> uts.cc.utexas.edu /export/httpd/vhosts/texasbeyondhistory/data/protect/junta reconsidered-OLD.html
2007.11.03 15:21 B L:\TBH Website Temp\junta\reconsidered.html --> uts.cc.utexas.edu /export/httpd/vhosts/texasbeyondhistory/data/protect/junta reconsidered.html
2007.11.03 15:21 B L:\TBH Website Temp\junta\setting.html --> uts.cc.utexas.edu /export/httpd/vhosts/texasbeyondhistory/data/protect/junta setting.html
2007.11.03 15:21 B L:\TBH Website Temp\junta\sites-OLD.html --> uts.cc.utexas.edu /export/httpd/vhosts/texasbeyondhistory/data/protect/junta sites-OLD.html
2007.11.03 15:21 B L:\TBH Website Temp\junta\sites.html --> uts.cc.utexas.edu /export/httpd/vhosts/texasbeyondhistory/data/protect/junta sites.html
2007.11.03 15:21 B L:\TBH Website Temp\junta\special.html --> uts.cc.utexas.edu /export/httpd/vhosts/texasbeyondhistory/data/protect/junta special.html
2007.11.03 15:21 B L:\TBH Website Temp\junta\time-OLD.html --> uts.cc.utexas.edu /export/httpd/vhosts/texasbeyondhistory/data/protect/junta time-OLD.html
2007.11.03 15:21 B L:\TBH Website Temp\junta\time.html --> uts.cc.utexas.edu /export/httpd/vhosts/texasbeyondhistory/data/protect/junta time.html
2007.11.03 15:21 B L:\TBH Website Temp\junta\villagers.html --> uts.cc.utexas.edu /export/httpd/vhosts/texasbeyondhistory/data/protect/junta villagers.html
2007.11.03 15:21 B L:\TBH Website Temp\junta\villagersOLD.html --> uts.cc.utexas.edu /export/httpd/vhosts/texasbeyondhistory/data/protect/junta villagersOLD.html
2007.11.03 15:21 B L:\TBH Website Temp\junta\WS_FTP.LOG --> uts.cc.utexas.edu /export/httpd/vhosts/texasbeyondhistory/data/protect/junta WS_FTP.LOG
2007.11.06 09:30 B L:\TBH Website Temp\junta\index.html --> uts.cc.utexas.edu /export/httpd/vhosts/texasbeyondhistory/data/protect/junta index.html
2007.11.06 09:30 B L:\TBH Website Temp\junta\credits.html --> uts.cc.utexas.edu /export/httpd/vhosts/texasbeyondhistory/data/protect/junta credits.html
2007.11.06 09:30 B L:\TBH Website Temp\junta\reconsidered.html --> uts.cc.utexas.edu /export/httpd/vhosts/texasbeyondhistory/data/protect/junta reconsidered.html
2007.11.06 09:30 B L:\TBH Website Temp\junta\villagers.html --> uts.cc.utexas.edu /export/httpd/vhosts/texasbeyondhistory/data/protect/junta villagers.html
2007.11.06 09:30 B L:\TBH Website Temp\junta\frontier.html --> uts.cc.utexas.edu /export/httpd/vhosts/texasbeyondhistory/data/protect/junta frontier.html
2007.11.06 09:30 B L:\TBH Website Temp\junta\encounters.html --> uts.cc.utexas.edu /export/httpd/vhosts/texasbeyondhistory/data/protect/junta encounters.html
2007.11.06 09:30 B L:\TBH Website Temp\junta\time.html --> uts.cc.utexas.edu /export/httpd/vhosts/texasbeyondhistory/data/protect/junta time.html
2007.12.07 09:49 B L:\TBH Website Temp\junta\border.html --> uts.cc.utexas.edu /export/httpd/vhosts/texasbeyondhistory/data/protect/junta border.html
2007.12.07 09:49 B L:\TBH Website Temp\junta\credits.html --> uts.cc.utexas.edu /export/httpd/vhosts/texasbeyondhistory/data/protect/junta credits.html
2007.12.07 09:49 B L:\TBH Website Temp\junta\encounters.html --> uts.cc.utexas.edu /export/httpd/vhosts/texasbeyondhistory/data/protect/junta encounters.html
2007.12.07 09:49 B L:\TBH Website Temp\junta\frontier.html --> uts.cc.utexas.edu /export/httpd/vhosts/texasbeyondhistory/data/protect/junta frontier.html
2007.12.07 09:49 B L:\TBH Website Temp\junta\index.html --> uts.cc.utexas.edu /export/httpd/vhosts/texasbeyondhistory/data/protect/junta index.html
2007.12.07 09:49 B L:\TBH Website Temp\junta\investigations.html --> uts.cc.utexas.edu /export/httpd/vhosts/texasbeyondhistory/data/protect/junta investigations.html
2007.12.07 09:49 B L:\TBH Website Temp\junta\reconsidered.html --> uts.cc.utexas.edu /export/httpd/vhosts/texasbeyondhistory/data/protect/junta reconsidered.html
2007.12.07 09:49 B L:\TBH Website Temp\junta\reconsideredOLD.html --> uts.cc.utexas.edu /export/httpd/vhosts/texasbeyondhistory/data/protect/junta reconsideredOLD.html
2007.12.07 09:49 B L:\TBH Website Temp\junta\setting.html --> uts.cc.utexas.edu /export/httpd/vhosts/texasbeyondhistory/data/protect/junta setting.html
2007.12.07 09:49 B L:\TBH Website Temp\junta\sites.html --> uts.cc.utexas.edu /export/httpd/vhosts/texasbeyondhistory/data/protect/junta sites.html
2007.12.07 09:49 B L:\TBH Website Temp\junta\special.html --> uts.cc.utexas.edu /export/httpd/vhosts/texasbeyondhistory/data/protect/junta special.html
2007.12.07 09:49 B L:\TBH Website Temp\junta\time.html --> uts.cc.utexas.edu /export/httpd/vhosts/texasbeyondhistory/data/protect/junta time.html
2007.12.07 09:49 B L:\TBH Website Temp\junta\villagers.html --> uts.cc.utexas.edu /export/httpd/vhosts/texasbeyondhistory/data/protect/junta villagers.html
2007.12.07 09:49 B L:\TBH Website Temp\junta\WS_FTP.LOG --> uts.cc.utexas.edu /export/httpd/vhosts/texasbeyondhistory/data/protect/junta WS_FTP.LOG
2007.12.07 11:47 B L:\TBH Website Temp\junta\credits.html --> uts.cc.utexas.edu /export/httpd/vhosts/texasbeyondhistory/data/protect/junta credits.html
2007.12.07 11:47 B L:\TBH Website Temp\junta\special.html --> uts.cc.utexas.edu /export/httpd/vhosts/texasbeyondhistory/data/protect/junta special.html
2007.12.07 16:08 B L:\TBH Website Temp\junta\index.html --> uts.cc.utexas.edu /export/httpd/vhosts/texasbeyondhistory/data/protect/junta index.html
2007.12.10 12:35 B L:\TBH Website Temp\junta\special.html --> uts.cc.utexas.edu /export/httpd/vhosts/texasbeyondhistory/data/protect/junta special.html
2007.12.10 12:35 B L:\TBH Website Temp\junta\time.html --> uts.cc.utexas.edu /export/httpd/vhosts/texasbeyondhistory/data/protect/junta time.html
2007.12.10 12:35 B L:\TBH Website Temp\junta\sites.html --> uts.cc.utexas.edu /export/httpd/vhosts/texasbeyondhistory/data/protect/junta sites.html
2007.12.10 12:35 B L:\TBH Website Temp\junta\reconsidered.html --> uts.cc.utexas.edu /export/httpd/vhosts/texasbeyondhistory/data/protect/junta reconsidered.html
2007.12.17 18:21 B L:\TBH Website Temp\junta\border.html --> uts.cc.utexas.edu /export/httpd/vhosts/texasbeyondhistory/data/junta border.html
2007.12.17 18:21 B L:\TBH Website Temp\junta\chronology.html --> uts.cc.utexas.edu /export/httpd/vhosts/texasbeyondhistory/data/junta chronology.html
2007.12.17 18:21 B L:\TBH Website Temp\junta\credits.html --> uts.cc.utexas.edu /export/httpd/vhosts/texasbeyondhistory/data/junta credits.html
2007.12.17 18:21 B L:\TBH Website Temp\junta\encounters.html --> uts.cc.utexas.edu /export/httpd/vhosts/texasbeyondhistory/data/junta encounters.html
2007.12.17 18:21 B L:\TBH Website Temp\junta\frontier.html --> uts.cc.utexas.edu /export/httpd/vhosts/texasbeyondhistory/data/junta frontier.html
2007.12.17 18:21 B L:\TBH Website Temp\junta\index.html --> uts.cc.utexas.edu /export/httpd/vhosts/texasbeyondhistory/data/junta index.html
2007.12.17 18:21 B L:\TBH Website Temp\junta\insights.html --> uts.cc.utexas.edu /export/httpd/vhosts/texasbeyondhistory/data/junta insights.html
2007.12.17 18:21 B L:\TBH Website Temp\junta\investigations.html --> uts.cc.utexas.edu /export/httpd/vhosts/texasbeyondhistory/data/junta investigations.html
2007.12.17 18:21 B L:\TBH Website Temp\junta\reconsidered.html --> uts.cc.utexas.edu /export/httpd/vhosts/texasbeyondhistory/data/junta reconsidered.html
2007.12.17 18:21 B L:\TBH Website Temp\junta\setting-OLD-CF-notes.html --> uts.cc.utexas.edu /export/httpd/vhosts/texasbeyondhistory/data/junta setting-OLD-CF-notes.html
2007.12.17 18:21 B L:\TBH Website Temp\junta\setting.html --> uts.cc.utexas.edu /export/httpd/vhosts/texasbeyondhistory/data/junta setting.html
2007.12.17 18:21 B L:\TBH Website Temp\junta\sites.html --> uts.cc.utexas.edu /export/httpd/vhosts/texasbeyondhistory/data/junta sites.html
2007.12.17 18:21 B L:\TBH Website Temp\junta\villagers.html --> uts.cc.utexas.edu /export/httpd/vhosts/texasbeyondhistory/data/junta villagers.html
