2006.12.19 15:06 B V:\TBH Website Temp\mckinney\archeology.html --> uts.cc.utexas.edu /export/httpd/vhosts/texasbeyondhistory/data/protect/mckinney archeology.html
2006.12.19 15:06 B V:\TBH Website Temp\mckinney\conclusions.html --> uts.cc.utexas.edu /export/httpd/vhosts/texasbeyondhistory/data/protect/mckinney conclusions.html
2006.12.19 15:06 B V:\TBH Website Temp\mckinney\credits.html --> uts.cc.utexas.edu /export/httpd/vhosts/texasbeyondhistory/data/protect/mckinney credits.html
2006.12.19 15:06 B V:\TBH Website Temp\mckinney\darl.html --> uts.cc.utexas.edu /export/httpd/vhosts/texasbeyondhistory/data/protect/mckinney darl.html
2006.12.19 15:06 B V:\TBH Website Temp\mckinney\index.html --> uts.cc.utexas.edu /export/httpd/vhosts/texasbeyondhistory/data/protect/mckinney index.html
2006.12.19 15:06 B V:\TBH Website Temp\mckinney\setting.html --> uts.cc.utexas.edu /export/httpd/vhosts/texasbeyondhistory/data/protect/mckinney setting.html
2006.12.19 15:34 B L:\TBH Website Temp\mckinney\credits.html --> uts.cc.utexas.edu /export/httpd/vhosts/texasbeyondhistory/data/protect/mckinney credits.html
2007.01.08 18:13 B V:\TBH Website Temp\mckinney\archeology.html --> uts.cc.utexas.edu /export/httpd/vhosts/texasbeyondhistory/data/protect/mckinney archeology.html
2007.01.08 18:13 B V:\TBH Website Temp\mckinney\conclusions.html --> uts.cc.utexas.edu /export/httpd/vhosts/texasbeyondhistory/data/protect/mckinney conclusions.html
2007.01.08 18:13 B V:\TBH Website Temp\mckinney\darl.html --> uts.cc.utexas.edu /export/httpd/vhosts/texasbeyondhistory/data/protect/mckinney darl.html
2007.01.08 18:13 B V:\TBH Website Temp\mckinney\index.html --> uts.cc.utexas.edu /export/httpd/vhosts/texasbeyondhistory/data/protect/mckinney index.html
2007.01.08 18:13 B V:\TBH Website Temp\mckinney\setting.html --> uts.cc.utexas.edu /export/httpd/vhosts/texasbeyondhistory/data/protect/mckinney setting.html
2007.01.09 09:57 B V:\TBH Website Temp\mckinney\darl.html --> uts.cc.utexas.edu /export/httpd/vhosts/texasbeyondhistory/data/protect/mckinney darl.html
2007.01.10 16:05 B V:\TBH Website Temp\mckinney\archeology.html --> uts.cc.utexas.edu /export/httpd/vhosts/texasbeyondhistory/data/protect/mckinney archeology.html
2007.01.10 16:05 B V:\TBH Website Temp\mckinney\conclusions.html --> uts.cc.utexas.edu /export/httpd/vhosts/texasbeyondhistory/data/protect/mckinney conclusions.html
2007.01.10 16:05 B V:\TBH Website Temp\mckinney\credits.html --> uts.cc.utexas.edu /export/httpd/vhosts/texasbeyondhistory/data/protect/mckinney credits.html
2007.01.10 16:05 B V:\TBH Website Temp\mckinney\darl.html --> uts.cc.utexas.edu /export/httpd/vhosts/texasbeyondhistory/data/protect/mckinney darl.html
2007.01.10 16:05 B V:\TBH Website Temp\mckinney\index.html --> uts.cc.utexas.edu /export/httpd/vhosts/texasbeyondhistory/data/protect/mckinney index.html
2007.01.10 16:06 B V:\TBH Website Temp\mckinney\investigations.html --> uts.cc.utexas.edu /export/httpd/vhosts/texasbeyondhistory/data/protect/mckinney investigations.html
2007.01.10 16:06 B V:\TBH Website Temp\mckinney\setting.html --> uts.cc.utexas.edu /export/httpd/vhosts/texasbeyondhistory/data/protect/mckinney setting.html
2007.01.11 11:33 B V:\TBH Website Temp\mckinney\credits.html --> uts.cc.utexas.edu /export/httpd/vhosts/texasbeyondhistory/data/protect/mckinney credits.html
2007.01.11 11:33 B V:\TBH Website Temp\mckinney\darl.html --> uts.cc.utexas.edu /export/httpd/vhosts/texasbeyondhistory/data/protect/mckinney darl.html
2007.01.12 11:55 B V:\TBH Website Temp\mckinney\darl.html --> uts.cc.utexas.edu /export/httpd/vhosts/texasbeyondhistory/data/protect/mckinney darl.html
2007.01.12 15:40 B V:\TBH Website Temp\mckinney\darl.html --> uts.cc.utexas.edu /export/httpd/vhosts/texasbeyondhistory/data/protect/mckinney darl.html
2007.01.12 15:42 B V:\TBH Website Temp\mckinney\credits.html --> uts.cc.utexas.edu /export/httpd/vhosts/texasbeyondhistory/data/protect/mckinney credits.html
2007.01.12 15:45 B V:\TBH Website Temp\mckinney\darl.html --> uts.cc.utexas.edu /export/httpd/vhosts/texasbeyondhistory/data/protect/mckinney darl.html
2007.01.19 16:10 B V:\TBH Website Temp\mckinney\conclusions.html --> uts.cc.utexas.edu /export/httpd/vhosts/texasbeyondhistory/data/mckinney conclusions.html
2007.01.19 16:10 B V:\TBH Website Temp\mckinney\credits.html --> uts.cc.utexas.edu /export/httpd/vhosts/texasbeyondhistory/data/mckinney credits.html
2007.01.19 16:10 B V:\TBH Website Temp\mckinney\darl.html --> uts.cc.utexas.edu /export/httpd/vhosts/texasbeyondhistory/data/mckinney darl.html
2007.01.19 16:10 B V:\TBH Website Temp\mckinney\index.html --> uts.cc.utexas.edu /export/httpd/vhosts/texasbeyondhistory/data/mckinney index.html
2007.01.19 16:10 B V:\TBH Website Temp\mckinney\investigations.html --> uts.cc.utexas.edu /export/httpd/vhosts/texasbeyondhistory/data/mckinney investigations.html
2007.01.19 16:10 B V:\TBH Website Temp\mckinney\setting.html --> uts.cc.utexas.edu /export/httpd/vhosts/texasbeyondhistory/data/mckinney setting.html
