2006.06.02 16:59 B L:\TBH Website Temp\st-plains\style-fl-stp.css --> uts.cc.utexas.edu /export/httpd/vhosts/texasbeyondhistory/data/protect/st-plains style-fl-stp.css
2006.06.02 16:59 B L:\TBH Website Temp\st-plains\st-plains.dwt --> uts.cc.utexas.edu /export/httpd/vhosts/texasbeyondhistory/data/protect/st-plains st-plains.dwt
2006.06.02 16:59 B L:\TBH Website Temp\st-plains\navbar.htm --> uts.cc.utexas.edu /export/httpd/vhosts/texasbeyondhistory/data/protect/st-plains navbar.htm
2006.06.02 16:59 B L:\TBH Website Temp\st-plains\index.html --> uts.cc.utexas.edu /export/httpd/vhosts/texasbeyondhistory/data/protect/st-plains index.html
2006.06.02 17:00 B L:\TBH Website Temp\st-plains\stpMap.swf --> uts.cc.utexas.edu /export/httpd/vhosts/texasbeyondhistory/data/protect/st-plains stpMap.swf
2006.06.02 17:01 B L:\TBH Website Temp\st-plains\popup2.css --> uts.cc.utexas.edu /export/httpd/vhosts/texasbeyondhistory/data/protect/st-plains popup2.css
2006.06.02 17:02 B L:\TBH Website Temp\st-plains\flashobject.js --> uts.cc.utexas.edu /export/httpd/vhosts/texasbeyondhistory/data/protect/st-plains flashobject.js
2006.06.14 11:04 B L:\TBH Website Temp\st-plains\stpMap.swf --> uts.cc.utexas.edu /export/httpd/vhosts/texasbeyondhistory/data/protect/st-plains stpMap.swf
2006.06.19 11:25 B L:\TBH Website Temp\st-plains\stpMap.swf --> uts.cc.utexas.edu /export/httpd/vhosts/texasbeyondhistory/data/protect/st-plains stpMap.swf
2006.06.20 19:08 B L:\TBH Website Temp\st-plains\stpMap.swf --> uts.cc.utexas.edu /export/httpd/vhosts/texasbeyondhistory/data/protect/st-plains stpMap.swf
2006.06.20 19:08 B L:\TBH Website Temp\st-plains\index.html --> uts.cc.utexas.edu /export/httpd/vhosts/texasbeyondhistory/data/protect/st-plains index.html
2006.06.27 10:52 B L:\TBH Website Temp\st-plains\stpMap.swf --> uts.cc.utexas.edu /export/httpd/vhosts/texasbeyondhistory/data/protect/st-plains stpMap.swf
2006.07.17 14:18 B L:\TBH Website Temp\st-plains\stpMap.swf --> uts.cc.utexas.edu /export/httpd/vhosts/texasbeyondhistory/data/protect/st-plains stpMap.swf
2006.07.17 14:18 B L:\TBH Website Temp\st-plains\index.html --> uts.cc.utexas.edu /export/httpd/vhosts/texasbeyondhistory/data/protect/st-plains index.html
2006.08.20 17:40 B L:\TBH Website Temp\st-plains\popup4.css --> uts.cc.utexas.edu /export/httpd/vhosts/texasbeyondhistory/data/protect popup4.css
2006.08.20 17:40 B L:\TBH Website Temp\st-plains\popup3.css --> uts.cc.utexas.edu /export/httpd/vhosts/texasbeyondhistory/data/protect popup3.css
2006.08.20 17:40 B L:\TBH Website Temp\st-plains\popup2.css --> uts.cc.utexas.edu /export/httpd/vhosts/texasbeyondhistory/data/protect popup2.css
2006.08.21 12:03 B L:\TBH Website Temp\st-plains\popup4.css --> uts.cc.utexas.edu /export/httpd/vhosts/texasbeyondhistory/data/protect popup4.css
2006.08.21 12:03 B L:\TBH Website Temp\st-plains\popup3.css --> uts.cc.utexas.edu /export/httpd/vhosts/texasbeyondhistory/data/protect popup3.css
2006.08.21 12:03 B L:\TBH Website Temp\st-plains\popup2.css --> uts.cc.utexas.edu /export/httpd/vhosts/texasbeyondhistory/data/protect popup2.css
2006.08.21 12:03 B L:\TBH Website Temp\st-plains\popup.css --> uts.cc.utexas.edu /export/httpd/vhosts/texasbeyondhistory/data/protect popup.css
2006.08.28 16:20 B L:\TBH Website Temp\st-plains\stpMap.swf --> uts.cc.utexas.edu /export/httpd/vhosts/texasbeyondhistory/data/protect/st-plains stpMap.swf
2006.08.28 16:20 B L:\TBH Website Temp\st-plains\layers.xml --> uts.cc.utexas.edu /export/httpd/vhosts/texasbeyondhistory/data/protect/st-plains layers.xml
2006.09.05 12:35 B L:\TBH Website Temp\st-plains\stpMap.swf --> uts.cc.utexas.edu /export/httpd/vhosts/texasbeyondhistory/data/protect/st-plains stpMap.swf
2006.09.06 10:15 B L:\TBH Website Temp\st-plains\stpMap.swf --> uts.cc.utexas.edu /export/httpd/vhosts/texasbeyondhistory/data/protect/st-plains stpMap.swf
2006.09.07 10:57 B L:\TBH Website Temp\st-plains\stpMap.swf --> uts.cc.utexas.edu /export/httpd/vhosts/texasbeyondhistory/data/protect/st-plains stpMap.swf
2006.09.09 12:51 B L:\TBH Website Temp\st-plains\south-texas-plains_th.jpg --> uts.cc.utexas.edu /export/httpd/vhosts/texasbeyondhistory/data/protect/st-plains south-texas-plains_th.jpg
2006.09.09 13:27 B L:\TBH Website Temp\st-plains\style-fl-stp.css --> uts.cc.utexas.edu /export/httpd/vhosts/texasbeyondhistory/data/protect style-fl-stp.css
2006.09.11 10:11 B L:\TBH Website Temp\st-plains\index.html <-- TBH /export/httpd/vhosts/texasbeyondhistory/data/protect/st-plains index.html
2006.09.11 13:08 B L:\TBH Website Temp\st-plains\stpMap.swf --> uts.cc.utexas.edu /export/httpd/vhosts/texasbeyondhistory/data/protect/st-plains stpMap.swf
2006.09.14 10:05 B L:\TBH Website Temp\st-plains\flashobject.js --> uts.cc.utexas.edu /export/httpd/vhosts/texasbeyondhistory/data/protect/st-plains flashobject.js
2006.09.14 10:05 B L:\TBH Website Temp\st-plains\index.html --> uts.cc.utexas.edu /export/httpd/vhosts/texasbeyondhistory/data/protect/st-plains index.html
2006.09.14 10:08 B L:\TBH Website Temp\st-plains\stpMap.swf --> uts.cc.utexas.edu /export/httpd/vhosts/texasbeyondhistory/data/protect/st-plains stpMap.swf
2006.09.14 10:10 B L:\TBH Website Temp\st-plains\flashobject.js --> uts.cc.utexas.edu /export/httpd/vhosts/texasbeyondhistory/data/protect/st-plains/prehistory flashobject.js
2006.09.15 09:18 B L:\TBH Website Temp\st-plains\index.html <-- TBH /export/httpd/vhosts/texasbeyondhistory/data/protect/st-plains index.html
2006.09.15 09:50 B L:\TBH Website Temp\st-plains\stpMap.swf --> uts.cc.utexas.edu /export/httpd/vhosts/texasbeyondhistory/data/protect/st-plains stpMap.swf
2006.09.15 09:50 B L:\TBH Website Temp\st-plains\flashobject.js --> uts.cc.utexas.edu /export/httpd/vhosts/texasbeyondhistory/data/protect/st-plains flashobject.js
2006.09.15 09:58 B L:\TBH Website Temp\st-plains\flashobject.js --> uts.cc.utexas.edu /export/httpd/vhosts/texasbeyondhistory/data/protect/st-plains/prehistory flashobject.js
2006.09.17 20:10 B L:\TBH Website Temp\st-plains\WS_FTP.LOG --> uts.cc.utexas.edu /export/httpd/vhosts/texasbeyondhistory/data/st-plains WS_FTP.LOG
2006.09.17 20:10 B L:\TBH Website Temp\st-plains\stpMap.swf --> uts.cc.utexas.edu /export/httpd/vhosts/texasbeyondhistory/data/st-plains stpMap.swf
2006.09.17 20:10 B L:\TBH Website Temp\st-plains\flashobject.js --> uts.cc.utexas.edu /export/httpd/vhosts/texasbeyondhistory/data/st-plains flashobject.js
2006.09.17 20:10 B L:\TBH Website Temp\st-plains\index.html --> uts.cc.utexas.edu /export/httpd/vhosts/texasbeyondhistory/data/st-plains index.html
2006.09.17 20:10 B L:\TBH Website Temp\st-plains\OLDindex.html --> uts.cc.utexas.edu /export/httpd/vhosts/texasbeyondhistory/data/st-plains OLDindex.html
2006.09.17 20:10 B L:\TBH Website Temp\st-plains\print.css --> uts.cc.utexas.edu /export/httpd/vhosts/texasbeyondhistory/data/st-plains print.css
2006.09.17 20:10 B L:\TBH Website Temp\st-plains\style-fl-stp.css --> uts.cc.utexas.edu /export/httpd/vhosts/texasbeyondhistory/data/st-plains style-fl-stp.css
2006.09.17 20:10 B L:\TBH Website Temp\st-plains\st-plains.dwt --> uts.cc.utexas.edu /export/httpd/vhosts/texasbeyondhistory/data/st-plains st-plains.dwt
2006.09.17 20:10 B L:\TBH Website Temp\st-plains\navbar.htm --> uts.cc.utexas.edu /export/httpd/vhosts/texasbeyondhistory/data/st-plains navbar.htm
2006.09.17 20:10 B L:\TBH Website Temp\st-plains\MapwithLayers.swf --> uts.cc.utexas.edu /export/httpd/vhosts/texasbeyondhistory/data/st-plains MapwithLayers.swf
2006.09.17 20:10 B L:\TBH Website Temp\st-plains\south-texas-plains_th.jpg --> uts.cc.utexas.edu /export/httpd/vhosts/texasbeyondhistory/data/st-plains south-texas-plains_th.jpg
2006.09.18 16:53 B L:\TBH Website Temp\st-plains\index.html --> uts.cc.utexas.edu /export/httpd/vhosts/texasbeyondhistory/data/st-plains index.html
2006.09.19 21:02 B L:\TBH Website Temp\st-plains\Thumbs.db --> uts.cc.utexas.edu /export/httpd/vhosts/texasbeyondhistory/data/st-plains Thumbs.db
2006.09.19 21:02 B L:\TBH Website Temp\st-plains\OLDindex.html --> uts.cc.utexas.edu /export/httpd/vhosts/texasbeyondhistory/data/st-plains OLDindex.html
2006.09.19 21:14 B L:\TBH Website Temp\st-plains\stpMap.swf --> uts.cc.utexas.edu /export/httpd/vhosts/texasbeyondhistory/data/st-plains stpMap.swf
2006.09.20 15:38 B L:\TBH Website Temp\st-plains\OLDindex.html --> uts.cc.utexas.edu /export/httpd/vhosts/texasbeyondhistory/data/st-plains OLDindex.html
2006.09.20 15:38 B L:\TBH Website Temp\st-plains\Thumbs.db --> uts.cc.utexas.edu /export/httpd/vhosts/texasbeyondhistory/data/st-plains Thumbs.db
2006.09.20 15:38 B L:\TBH Website Temp\st-plains\WS_FTP.LOG --> uts.cc.utexas.edu /export/httpd/vhosts/texasbeyondhistory/data/st-plains WS_FTP.LOG
