2003.09.14 17:36 B K:\TBH Website Temp\villagers\hank1\images\cholla-flower.jpg --> uts.cc.utexas.edu /export/httpd/vhosts/texasbeyondhistory/data/villagers/hank1/images cholla-flower.jpg
2003.09.14 17:36 B K:\TBH Website Temp\villagers\hank1\images\cholla-flower-sm.jpg --> uts.cc.utexas.edu /export/httpd/vhosts/texasbeyondhistory/data/villagers/hank1/images cholla-flower-sm.jpg
2003.09.14 17:36 B K:\TBH Website Temp\villagers\hank1\images\mvc-210f-sm.jpg --> uts.cc.utexas.edu /export/httpd/vhosts/texasbeyondhistory/data/villagers/hank1/images mvc-210f-sm.jpg
2003.09.14 17:36 B K:\TBH Website Temp\villagers\hank1\images\mvc-210f.jpg --> uts.cc.utexas.edu /export/httpd/vhosts/texasbeyondhistory/data/villagers/hank1/images mvc-210f.jpg
2003.09.14 17:36 B K:\TBH Website Temp\villagers\hank1\images\mvc-211f.html --> uts.cc.utexas.edu /export/httpd/vhosts/texasbeyondhistory/data/villagers/hank1/images mvc-211f.html
2003.09.14 17:36 B K:\TBH Website Temp\villagers\hank1\images\cholla-flower.html --> uts.cc.utexas.edu /export/httpd/vhosts/texasbeyondhistory/data/villagers/hank1/images cholla-flower.html
2003.09.14 17:36 B K:\TBH Website Temp\villagers\hank1\images\mvc-210f.html --> uts.cc.utexas.edu /export/httpd/vhosts/texasbeyondhistory/data/villagers/hank1/images mvc-210f.html
2003.09.14 17:36 B K:\TBH Website Temp\villagers\hank1\images\west-pasture.jpg --> uts.cc.utexas.edu /export/httpd/vhosts/texasbeyondhistory/data/villagers/hank1/images west-pasture.jpg
2003.09.14 17:36 B K:\TBH Website Temp\villagers\hank1\images\indian-springs-sm.jpg --> uts.cc.utexas.edu /export/httpd/vhosts/texasbeyondhistory/data/villagers/hank1/images indian-springs-sm.jpg
2003.09.14 17:36 B K:\TBH Website Temp\villagers\hank1\images\discovery-sm.jpg --> uts.cc.utexas.edu /export/httpd/vhosts/texasbeyondhistory/data/villagers/hank1/images discovery-sm.jpg
2003.09.14 17:36 B K:\TBH Website Temp\villagers\hank1\images\yucca flowers2.jpg --> uts.cc.utexas.edu /export/httpd/vhosts/texasbeyondhistory/data/villagers/hank1/images yucca flowers2.jpg
2003.09.14 17:36 B K:\TBH Website Temp\villagers\hank1\images\yucca flowers2-sm.jpg --> uts.cc.utexas.edu /export/httpd/vhosts/texasbeyondhistory/data/villagers/hank1/images yucca flowers2-sm.jpg
2003.09.14 17:36 B K:\TBH Website Temp\villagers\hank1\images\yucca flowers.jpg --> uts.cc.utexas.edu /export/httpd/vhosts/texasbeyondhistory/data/villagers/hank1/images yucca flowers.jpg
2003.09.14 17:36 B K:\TBH Website Temp\villagers\hank1\images\yucca flowers-sm.jpg --> uts.cc.utexas.edu /export/httpd/vhosts/texasbeyondhistory/data/villagers/hank1/images yucca flowers-sm.jpg
2003.09.14 17:36 B K:\TBH Website Temp\villagers\hank1\images\wilson-1934.jpg --> uts.cc.utexas.edu /export/httpd/vhosts/texasbeyondhistory/data/villagers/hank1/images wilson-1934.jpg
2003.09.14 17:36 B K:\TBH Website Temp\villagers\hank1\images\wilson-1934-sm.jpg --> uts.cc.utexas.edu /export/httpd/vhosts/texasbeyondhistory/data/villagers/hank1/images wilson-1934-sm.jpg
2003.09.14 17:36 B K:\TBH Website Temp\villagers\hank1\images\west-pasture2.jpg --> uts.cc.utexas.edu /export/httpd/vhosts/texasbeyondhistory/data/villagers/hank1/images west-pasture2.jpg
2003.09.14 17:36 B K:\TBH Website Temp\villagers\hank1\images\washita.jpg --> uts.cc.utexas.edu /export/httpd/vhosts/texasbeyondhistory/data/villagers/hank1/images washita.jpg
2003.09.14 17:36 B K:\TBH Website Temp\villagers\hank1\images\washita-sm.jpg --> uts.cc.utexas.edu /export/httpd/vhosts/texasbeyondhistory/data/villagers/hank1/images washita-sm.jpg
2003.09.14 17:36 B K:\TBH Website Temp\villagers\hank1\images\wall-cluster.jpg --> uts.cc.utexas.edu /export/httpd/vhosts/texasbeyondhistory/data/villagers/hank1/images wall-cluster.jpg
2003.09.14 17:36 B K:\TBH Website Temp\villagers\hank1\images\wall-cluster-sm.jpg --> uts.cc.utexas.edu /export/httpd/vhosts/texasbeyondhistory/data/villagers/hank1/images wall-cluster-sm.jpg
2003.09.14 17:36 B K:\TBH Website Temp\villagers\hank1\images\w-pasture-s.jpg --> uts.cc.utexas.edu /export/httpd/vhosts/texasbeyondhistory/data/villagers/hank1/images w-pasture-s.jpg
2003.09.14 17:36 B K:\TBH Website Temp\villagers\hank1\images\w-pasture-s-sm.jpg --> uts.cc.utexas.edu /export/httpd/vhosts/texasbeyondhistory/data/villagers/hank1/images w-pasture-s-sm.jpg
2003.09.14 17:36 B K:\TBH Website Temp\villagers\hank1\images\st_goodnight.jpg --> uts.cc.utexas.edu /export/httpd/vhosts/texasbeyondhistory/data/villagers/hank1/images st_goodnight.jpg
2003.09.14 17:36 B K:\TBH Website Temp\villagers\hank1\images\st_goodnight-sm.jpg --> uts.cc.utexas.edu /export/httpd/vhosts/texasbeyondhistory/data/villagers/hank1/images st_goodnight-sm.jpg
2003.09.14 17:36 B K:\TBH Website Temp\villagers\hank1\images\reggie-wiseman.jpg --> uts.cc.utexas.edu /export/httpd/vhosts/texasbeyondhistory/data/villagers/hank1/images reggie-wiseman.jpg
2003.09.14 17:36 B K:\TBH Website Temp\villagers\hank1\images\reggie-wiseman-sm.jpg --> uts.cc.utexas.edu /export/httpd/vhosts/texasbeyondhistory/data/villagers/hank1/images reggie-wiseman-sm.jpg
2003.09.14 17:36 B K:\TBH Website Temp\villagers\hank1\images\reconstruct-icon.jpg --> uts.cc.utexas.edu /export/httpd/vhosts/texasbeyondhistory/data/villagers/hank1/images reconstruct-icon.jpg
2003.09.14 17:36 B K:\TBH Website Temp\villagers\hank1\images\reconstruct-cutaway3.jpg --> uts.cc.utexas.edu /export/httpd/vhosts/texasbeyondhistory/data/villagers/hank1/images reconstruct-cutaway3.jpg
2003.09.14 17:36 B K:\TBH Website Temp\villagers\hank1\images\rb109-c269.jpg --> uts.cc.utexas.edu /export/httpd/vhosts/texasbeyondhistory/data/villagers/hank1/images rb109-c269.jpg
2003.09.14 17:36 B K:\TBH Website Temp\villagers\hank1\images\rb109-c269-sm.jpg --> uts.cc.utexas.edu /export/httpd/vhosts/texasbeyondhistory/data/villagers/hank1/images rb109-c269-sm.jpg
2003.09.14 17:36 B K:\TBH Website Temp\villagers\hank1\images\rb109-c24.jpg --> uts.cc.utexas.edu /export/httpd/vhosts/texasbeyondhistory/data/villagers/hank1/images rb109-c24.jpg
2003.09.14 17:36 B K:\TBH Website Temp\villagers\hank1\images\rb109-c24-sm.jpg --> uts.cc.utexas.edu /export/httpd/vhosts/texasbeyondhistory/data/villagers/hank1/images rb109-c24-sm.jpg
2003.09.14 17:36 B K:\TBH Website Temp\villagers\hank1\images\rb109-c178.jpg --> uts.cc.utexas.edu /export/httpd/vhosts/texasbeyondhistory/data/villagers/hank1/images rb109-c178.jpg
2003.09.14 17:36 B K:\TBH Website Temp\villagers\hank1\images\rb109-c178-sm.jpg --> uts.cc.utexas.edu /export/httpd/vhosts/texasbeyondhistory/data/villagers/hank1/images rb109-c178-sm.jpg
2003.09.14 17:36 B K:\TBH Website Temp\villagers\hank1\images\pit3-artifacts.jpg --> uts.cc.utexas.edu /export/httpd/vhosts/texasbeyondhistory/data/villagers/hank1/images pit3-artifacts.jpg
2003.09.14 17:36 B K:\TBH Website Temp\villagers\hank1\images\pit3-artifacts-sm.jpg --> uts.cc.utexas.edu /export/httpd/vhosts/texasbeyondhistory/data/villagers/hank1/images pit3-artifacts-sm.jpg
2003.09.14 17:36 B K:\TBH Website Temp\villagers\hank1\images\pit2-artifacts.jpg --> uts.cc.utexas.edu /export/httpd/vhosts/texasbeyondhistory/data/villagers/hank1/images pit2-artifacts.jpg
2003.09.14 17:36 B K:\TBH Website Temp\villagers\hank1\images\pit2-artifacts-sm.jpg --> uts.cc.utexas.edu /export/httpd/vhosts/texasbeyondhistory/data/villagers/hank1/images pit2-artifacts-sm.jpg
2003.09.14 17:36 B K:\TBH Website Temp\villagers\hank1\images\panhandle-geology2.jpg --> uts.cc.utexas.edu /export/httpd/vhosts/texasbeyondhistory/data/villagers/hank1/images panhandle-geology2.jpg
2003.09.14 17:36 B K:\TBH Website Temp\villagers\hank1\images\panhandle-geology2-sm.jpg --> uts.cc.utexas.edu /export/httpd/vhosts/texasbeyondhistory/data/villagers/hank1/images panhandle-geology2-sm.jpg
2003.09.14 17:36 B K:\TBH Website Temp\villagers\hank1\images\mvc-211f.jpg --> uts.cc.utexas.edu /export/httpd/vhosts/texasbeyondhistory/data/villagers/hank1/images mvc-211f.jpg
2003.09.14 17:36 B K:\TBH Website Temp\villagers\hank1\images\mvc-211f-sm.jpg --> uts.cc.utexas.edu /export/httpd/vhosts/texasbeyondhistory/data/villagers/hank1/images mvc-211f-sm.jpg
2003.09.14 17:36 B K:\TBH Website Temp\villagers\hank1\images\mvc-205f.jpg --> uts.cc.utexas.edu /export/httpd/vhosts/texasbeyondhistory/data/villagers/hank1/images mvc-205f.jpg
2003.09.14 17:36 B K:\TBH Website Temp\villagers\hank1\images\mvc-205f-sm.jpg --> uts.cc.utexas.edu /export/httpd/vhosts/texasbeyondhistory/data/villagers/hank1/images mvc-205f-sm.jpg
2003.09.14 17:36 B K:\TBH Website Temp\villagers\hank1\images\mvc-203f.jpg --> uts.cc.utexas.edu /export/httpd/vhosts/texasbeyondhistory/data/villagers/hank1/images mvc-203f.jpg
2003.09.14 17:36 B K:\TBH Website Temp\villagers\hank1\images\mvc-203f-sm.jpg --> uts.cc.utexas.edu /export/httpd/vhosts/texasbeyondhistory/data/villagers/hank1/images mvc-203f-sm.jpg
2003.09.14 17:36 B K:\TBH Website Temp\villagers\hank1\images\mvc-196f.jpg --> uts.cc.utexas.edu /export/httpd/vhosts/texasbeyondhistory/data/villagers/hank1/images mvc-196f.jpg
2003.09.14 17:36 B K:\TBH Website Temp\villagers\hank1\images\mvc-196f-sm.jpg --> uts.cc.utexas.edu /export/httpd/vhosts/texasbeyondhistory/data/villagers/hank1/images mvc-196f-sm.jpg
2003.09.14 17:36 B K:\TBH Website Temp\villagers\hank1\images\mvc-190f.jpg --> uts.cc.utexas.edu /export/httpd/vhosts/texasbeyondhistory/data/villagers/hank1/images mvc-190f.jpg
2003.09.14 17:36 B K:\TBH Website Temp\villagers\hank1\images\mvc-190f-sm.jpg --> uts.cc.utexas.edu /export/httpd/vhosts/texasbeyondhistory/data/villagers/hank1/images mvc-190f-sm.jpg
2003.09.14 17:36 B K:\TBH Website Temp\villagers\hank1\images\mvc-188f.jpg --> uts.cc.utexas.edu /export/httpd/vhosts/texasbeyondhistory/data/villagers/hank1/images mvc-188f.jpg
2003.09.14 17:36 B K:\TBH Website Temp\villagers\hank1\images\mvc-188f-sm.jpg --> uts.cc.utexas.edu /export/httpd/vhosts/texasbeyondhistory/data/villagers/hank1/images mvc-188f-sm.jpg
2003.09.14 17:36 B K:\TBH Website Temp\villagers\hank1\images\mvc-184f.jpg --> uts.cc.utexas.edu /export/httpd/vhosts/texasbeyondhistory/data/villagers/hank1/images mvc-184f.jpg
2003.09.14 17:36 B K:\TBH Website Temp\villagers\hank1\images\mvc-184f-sm.jpg --> uts.cc.utexas.edu /export/httpd/vhosts/texasbeyondhistory/data/villagers/hank1/images mvc-184f-sm.jpg
2003.09.14 17:36 B K:\TBH Website Temp\villagers\hank1\images\mvc-180f.jpg --> uts.cc.utexas.edu /export/httpd/vhosts/texasbeyondhistory/data/villagers/hank1/images mvc-180f.jpg
2003.09.14 17:36 B K:\TBH Website Temp\villagers\hank1\images\mvc-180f-sm.jpg --> uts.cc.utexas.edu /export/httpd/vhosts/texasbeyondhistory/data/villagers/hank1/images mvc-180f-sm.jpg
2003.09.14 17:36 B K:\TBH Website Temp\villagers\hank1\images\mvc-175f.jpg --> uts.cc.utexas.edu /export/httpd/vhosts/texasbeyondhistory/data/villagers/hank1/images mvc-175f.jpg
2003.09.14 17:36 B K:\TBH Website Temp\villagers\hank1\images\mvc-175f-sm.jpg --> uts.cc.utexas.edu /export/httpd/vhosts/texasbeyondhistory/data/villagers/hank1/images mvc-175f-sm.jpg
2003.09.14 17:36 B K:\TBH Website Temp\villagers\hank1\images\mvc-170f.jpg --> uts.cc.utexas.edu /export/httpd/vhosts/texasbeyondhistory/data/villagers/hank1/images mvc-170f.jpg
2003.09.14 17:36 B K:\TBH Website Temp\villagers\hank1\images\mvc-170f-sm.jpg --> uts.cc.utexas.edu /export/httpd/vhosts/texasbeyondhistory/data/villagers/hank1/images mvc-170f-sm.jpg
2003.09.14 17:36 B K:\TBH Website Temp\villagers\hank1\images\mvc-169f.jpg --> uts.cc.utexas.edu /export/httpd/vhosts/texasbeyondhistory/data/villagers/hank1/images mvc-169f.jpg
2003.09.14 17:36 B K:\TBH Website Temp\villagers\hank1\images\mvc-169f-sm.jpg --> uts.cc.utexas.edu /export/httpd/vhosts/texasbeyondhistory/data/villagers/hank1/images mvc-169f-sm.jpg
2003.09.14 17:36 B K:\TBH Website Temp\villagers\hank1\images\mvc-168f.jpg --> uts.cc.utexas.edu /export/httpd/vhosts/texasbeyondhistory/data/villagers/hank1/images mvc-168f.jpg
2003.09.14 17:36 B K:\TBH Website Temp\villagers\hank1\images\mvc-168f-sm.jpg --> uts.cc.utexas.edu /export/httpd/vhosts/texasbeyondhistory/data/villagers/hank1/images mvc-168f-sm.jpg
2003.09.14 17:36 B K:\TBH Website Temp\villagers\hank1\images\mvc-167f.jpg --> uts.cc.utexas.edu /export/httpd/vhosts/texasbeyondhistory/data/villagers/hank1/images mvc-167f.jpg
2003.09.14 17:36 B K:\TBH Website Temp\villagers\hank1\images\mvc-167f-sm.jpg --> uts.cc.utexas.edu /export/httpd/vhosts/texasbeyondhistory/data/villagers/hank1/images mvc-167f-sm.jpg
2003.09.14 17:36 B K:\TBH Website Temp\villagers\hank1\images\mvc-165f.jpg --> uts.cc.utexas.edu /export/httpd/vhosts/texasbeyondhistory/data/villagers/hank1/images mvc-165f.jpg
2003.09.14 17:36 B K:\TBH Website Temp\villagers\hank1\images\mvc-165f-sm.jpg --> uts.cc.utexas.edu /export/httpd/vhosts/texasbeyondhistory/data/villagers/hank1/images mvc-165f-sm.jpg
2003.09.14 17:36 B K:\TBH Website Temp\villagers\hank1\images\mvc-164f.jpg --> uts.cc.utexas.edu /export/httpd/vhosts/texasbeyondhistory/data/villagers/hank1/images mvc-164f.jpg
2003.09.14 17:36 B K:\TBH Website Temp\villagers\hank1\images\mvc-163f.jpg --> uts.cc.utexas.edu /export/httpd/vhosts/texasbeyondhistory/data/villagers/hank1/images mvc-163f.jpg
2003.09.14 17:36 B K:\TBH Website Temp\villagers\hank1\images\mvc-163f-sm.jpg --> uts.cc.utexas.edu /export/httpd/vhosts/texasbeyondhistory/data/villagers/hank1/images mvc-163f-sm.jpg
2003.09.14 17:36 B K:\TBH Website Temp\villagers\hank1\images\mvc-159f.jpg --> uts.cc.utexas.edu /export/httpd/vhosts/texasbeyondhistory/data/villagers/hank1/images mvc-159f.jpg
2003.09.14 17:36 B K:\TBH Website Temp\villagers\hank1\images\mvc-159f-sm.jpg --> uts.cc.utexas.edu /export/httpd/vhosts/texasbeyondhistory/data/villagers/hank1/images mvc-159f-sm.jpg
2003.09.14 17:36 B K:\TBH Website Temp\villagers\hank1\images\mvc-150f.jpg --> uts.cc.utexas.edu /export/httpd/vhosts/texasbeyondhistory/data/villagers/hank1/images mvc-150f.jpg
2003.09.14 17:36 B K:\TBH Website Temp\villagers\hank1\images\mvc-150f-sm.jpg --> uts.cc.utexas.edu /export/httpd/vhosts/texasbeyondhistory/data/villagers/hank1/images mvc-150f-sm.jpg
2003.09.14 17:36 B K:\TBH Website Temp\villagers\hank1\images\mvc-145f.jpg --> uts.cc.utexas.edu /export/httpd/vhosts/texasbeyondhistory/data/villagers/hank1/images mvc-145f.jpg
2003.09.14 17:36 B K:\TBH Website Temp\villagers\hank1\images\mvc-145f-sm.jpg --> uts.cc.utexas.edu /export/httpd/vhosts/texasbeyondhistory/data/villagers/hank1/images mvc-145f-sm.jpg
2003.09.14 17:36 B K:\TBH Website Temp\villagers\hank1\images\mvc-143f.jpg --> uts.cc.utexas.edu /export/httpd/vhosts/texasbeyondhistory/data/villagers/hank1/images mvc-143f.jpg
2003.09.14 17:36 B K:\TBH Website Temp\villagers\hank1\images\mvc-143f-sm.jpg --> uts.cc.utexas.edu /export/httpd/vhosts/texasbeyondhistory/data/villagers/hank1/images mvc-143f-sm.jpg
2003.09.14 17:36 B K:\TBH Website Temp\villagers\hank1\images\mvc-141f.jpg --> uts.cc.utexas.edu /export/httpd/vhosts/texasbeyondhistory/data/villagers/hank1/images mvc-141f.jpg
2003.09.14 17:36 B K:\TBH Website Temp\villagers\hank1\images\mvc-141f-sm.jpg --> uts.cc.utexas.edu /export/httpd/vhosts/texasbeyondhistory/data/villagers/hank1/images mvc-141f-sm.jpg
2003.09.14 17:36 B K:\TBH Website Temp\villagers\hank1\images\mvc-139f.jpg --> uts.cc.utexas.edu /export/httpd/vhosts/texasbeyondhistory/data/villagers/hank1/images mvc-139f.jpg
2003.09.14 17:36 B K:\TBH Website Temp\villagers\hank1\images\mvc-139f-sm.jpg --> uts.cc.utexas.edu /export/httpd/vhosts/texasbeyondhistory/data/villagers/hank1/images mvc-139f-sm.jpg
2003.09.14 17:36 B K:\TBH Website Temp\villagers\hank1\images\mvc-131f.jpg --> uts.cc.utexas.edu /export/httpd/vhosts/texasbeyondhistory/data/villagers/hank1/images mvc-131f.jpg
2003.09.14 17:36 B K:\TBH Website Temp\villagers\hank1\images\mvc-131f-sm.jpg --> uts.cc.utexas.edu /export/httpd/vhosts/texasbeyondhistory/data/villagers/hank1/images mvc-131f-sm.jpg
2003.09.14 17:36 B K:\TBH Website Temp\villagers\hank1\images\mvc-129f.jpg --> uts.cc.utexas.edu /export/httpd/vhosts/texasbeyondhistory/data/villagers/hank1/images mvc-129f.jpg
2003.09.14 17:36 B K:\TBH Website Temp\villagers\hank1\images\mvc-129f-sm.jpg --> uts.cc.utexas.edu /export/httpd/vhosts/texasbeyondhistory/data/villagers/hank1/images mvc-129f-sm.jpg
2003.09.14 17:36 B K:\TBH Website Temp\villagers\hank1\images\mvc-124f.jpg --> uts.cc.utexas.edu /export/httpd/vhosts/texasbeyondhistory/data/villagers/hank1/images mvc-124f.jpg
2003.09.14 17:36 B K:\TBH Website Temp\villagers\hank1\images\mvc-124f-sm.jpg --> uts.cc.utexas.edu /export/httpd/vhosts/texasbeyondhistory/data/villagers/hank1/images mvc-124f-sm.jpg
2003.09.14 17:36 B K:\TBH Website Temp\villagers\hank1\images\mvc-121f.jpg --> uts.cc.utexas.edu /export/httpd/vhosts/texasbeyondhistory/data/villagers/hank1/images mvc-121f.jpg
2003.09.14 17:36 B K:\TBH Website Temp\villagers\hank1\images\mvc-121f-sm.jpg --> uts.cc.utexas.edu /export/httpd/vhosts/texasbeyondhistory/data/villagers/hank1/images mvc-121f-sm.jpg
2003.09.14 17:36 B K:\TBH Website Temp\villagers\hank1\images\mussel-cache.jpg --> uts.cc.utexas.edu /export/httpd/vhosts/texasbeyondhistory/data/villagers/hank1/images mussel-cache.jpg
2003.09.14 17:36 B K:\TBH Website Temp\villagers\hank1\images\mussel-cache-sm.jpg --> uts.cc.utexas.edu /export/httpd/vhosts/texasbeyondhistory/data/villagers/hank1/images mussel-cache-sm.jpg
2003.09.14 17:36 B K:\TBH Website Temp\villagers\hank1\images\muledeer2.jpg --> uts.cc.utexas.edu /export/httpd/vhosts/texasbeyondhistory/data/villagers/hank1/images muledeer2.jpg
2003.09.14 17:36 B K:\TBH Website Temp\villagers\hank1\images\muledeer2-sm.jpg --> uts.cc.utexas.edu /export/httpd/vhosts/texasbeyondhistory/data/villagers/hank1/images muledeer2-sm.jpg
2003.09.14 17:36 B K:\TBH Website Temp\villagers\hank1\images\late-afternoon.jpg --> uts.cc.utexas.edu /export/httpd/vhosts/texasbeyondhistory/data/villagers/hank1/images late-afternoon.jpg
2003.09.14 17:36 B K:\TBH Website Temp\villagers\hank1\images\landergin-storm.jpg --> uts.cc.utexas.edu /export/httpd/vhosts/texasbeyondhistory/data/villagers/hank1/images landergin-storm.jpg
2003.09.14 17:36 B K:\TBH Website Temp\villagers\hank1\images\landergin-storm-sm.jpg --> uts.cc.utexas.edu /export/httpd/vhosts/texasbeyondhistory/data/villagers/hank1/images landergin-storm-sm.jpg
2003.09.14 17:36 B K:\TBH Website Temp\villagers\hank1\images\juniper.jpg --> uts.cc.utexas.edu /export/httpd/vhosts/texasbeyondhistory/data/villagers/hank1/images juniper.jpg
2003.09.14 17:36 B K:\TBH Website Temp\villagers\hank1\images\juniper-sm.jpg --> uts.cc.utexas.edu /export/httpd/vhosts/texasbeyondhistory/data/villagers/hank1/images juniper-sm.jpg
2003.09.14 17:36 B K:\TBH Website Temp\villagers\hank1\images\indian-springs.jpg --> uts.cc.utexas.edu /export/httpd/vhosts/texasbeyondhistory/data/villagers/hank1/images indian-springs.jpg
2003.09.14 17:36 B K:\TBH Website Temp\villagers\hank1\images\house-section.jpg --> uts.cc.utexas.edu /export/httpd/vhosts/texasbeyondhistory/data/villagers/hank1/images house-section.jpg
2003.09.14 17:36 B K:\TBH Website Temp\villagers\hank1\images\house-diagram.jpg --> uts.cc.utexas.edu /export/httpd/vhosts/texasbeyondhistory/data/villagers/hank1/images house-diagram.jpg
2003.09.14 17:36 B K:\TBH Website Temp\villagers\hank1\images\house-diagram-sm.jpg --> uts.cc.utexas.edu /export/httpd/vhosts/texasbeyondhistory/data/villagers/hank1/images house-diagram-sm.jpg
2003.09.14 17:36 B K:\TBH Website Temp\villagers\hank1\images\hanks-map2.jpg --> uts.cc.utexas.edu /export/httpd/vhosts/texasbeyondhistory/data/villagers/hank1/images hanks-map2.jpg
2003.09.14 17:36 B K:\TBH Website Temp\villagers\hank1\images\hanks-map2-sm.jpg --> uts.cc.utexas.edu /export/httpd/vhosts/texasbeyondhistory/data/villagers/hank1/images hanks-map2-sm.jpg
2003.09.14 17:36 B K:\TBH Website Temp\villagers\hank1\images\hanks-map.jpg --> uts.cc.utexas.edu /export/httpd/vhosts/texasbeyondhistory/data/villagers/hank1/images hanks-map.jpg
2003.09.14 17:36 B K:\TBH Website Temp\villagers\hank1\images\hanks-map-sm.jpg --> uts.cc.utexas.edu /export/httpd/vhosts/texasbeyondhistory/data/villagers/hank1/images hanks-map-sm.jpg
2003.09.14 17:36 B K:\TBH Website Temp\villagers\hank1\images\hanks-db2.jpg --> uts.cc.utexas.edu /export/httpd/vhosts/texasbeyondhistory/data/villagers/hank1/images hanks-db2.jpg
2003.09.14 17:36 B K:\TBH Website Temp\villagers\hank1\images\hanks-db2-sm.jpg --> uts.cc.utexas.edu /export/httpd/vhosts/texasbeyondhistory/data/villagers/hank1/images hanks-db2-sm.jpg
2003.09.14 17:36 B K:\TBH Website Temp\villagers\hank1\images\hank-cowdog.jpg --> uts.cc.utexas.edu /export/httpd/vhosts/texasbeyondhistory/data/villagers/hank1/images hank-cowdog.jpg
2003.09.14 17:36 B K:\TBH Website Temp\villagers\hank1\images\hank-cowdog-sm.jpg --> uts.cc.utexas.edu /export/httpd/vhosts/texasbeyondhistory/data/villagers/hank1/images hank-cowdog-sm.jpg
2003.09.14 17:36 B K:\TBH Website Temp\villagers\hank1\images\hank-9.jpg --> uts.cc.utexas.edu /export/httpd/vhosts/texasbeyondhistory/data/villagers/hank1/images hank-9.jpg
2003.09.14 17:36 B K:\TBH Website Temp\villagers\hank1\images\hank-9-sm.jpg --> uts.cc.utexas.edu /export/httpd/vhosts/texasbeyondhistory/data/villagers/hank1/images hank-9-sm.jpg
2003.09.14 17:36 B K:\TBH Website Temp\villagers\hank1\images\hank-28.jpg --> uts.cc.utexas.edu /export/httpd/vhosts/texasbeyondhistory/data/villagers/hank1/images hank-28.jpg
2003.09.14 17:36 B K:\TBH Website Temp\villagers\hank1\images\hank-28-sm.jpg --> uts.cc.utexas.edu /export/httpd/vhosts/texasbeyondhistory/data/villagers/hank1/images hank-28-sm.jpg
2003.09.14 17:36 B K:\TBH Website Temp\villagers\hank1\images\hank-26.jpg --> uts.cc.utexas.edu /export/httpd/vhosts/texasbeyondhistory/data/villagers/hank1/images hank-26.jpg
2003.09.14 17:36 B K:\TBH Website Temp\villagers\hank1\images\hank-26-sm.jpg --> uts.cc.utexas.edu /export/httpd/vhosts/texasbeyondhistory/data/villagers/hank1/images hank-26-sm.jpg
2003.09.14 17:36 B K:\TBH Website Temp\villagers\hank1\images\green-breaks-sm.jpg --> uts.cc.utexas.edu /export/httpd/vhosts/texasbeyondhistory/data/villagers/hank1/images green-breaks-sm.jpg
2003.09.14 17:36 B K:\TBH Website Temp\villagers\hank1\images\green-breaks-lg.jpg --> uts.cc.utexas.edu /export/httpd/vhosts/texasbeyondhistory/data/villagers/hank1/images green-breaks-lg.jpg
2003.09.14 17:36 B K:\TBH Website Temp\villagers\hank1\images\goodnight.jpg --> uts.cc.utexas.edu /export/httpd/vhosts/texasbeyondhistory/data/villagers/hank1/images goodnight.jpg
2003.09.14 17:36 B K:\TBH Website Temp\villagers\hank1\images\earthlodge-section2.jpg --> uts.cc.utexas.edu /export/httpd/vhosts/texasbeyondhistory/data/villagers/hank1/images earthlodge-section2.jpg
2003.09.14 17:36 B K:\TBH Website Temp\villagers\hank1\images\earthlodge-section2-sm.jpg --> uts.cc.utexas.edu /export/httpd/vhosts/texasbeyondhistory/data/villagers/hank1/images earthlodge-section2-sm.jpg
2003.09.14 17:36 B K:\TBH Website Temp\villagers\hank1\images\earthlodge-section.jpg --> uts.cc.utexas.edu /export/httpd/vhosts/texasbeyondhistory/data/villagers/hank1/images earthlodge-section.jpg
2003.09.14 17:36 B K:\TBH Website Temp\villagers\hank1\images\earthlodge-roof-detail.jpg --> uts.cc.utexas.edu /export/httpd/vhosts/texasbeyondhistory/data/villagers/hank1/images earthlodge-roof-detail.jpg
2003.09.14 17:36 B K:\TBH Website Temp\villagers\hank1\images\earthlodge-roof-detail-sm.jpg --> uts.cc.utexas.edu /export/httpd/vhosts/texasbeyondhistory/data/villagers/hank1/images earthlodge-roof-detail-sm.jpg
2003.09.14 17:36 B K:\TBH Website Temp\villagers\hank1\images\earthlodge-plan.jpg --> uts.cc.utexas.edu /export/httpd/vhosts/texasbeyondhistory/data/villagers/hank1/images earthlodge-plan.jpg
2003.09.14 17:36 B K:\TBH Website Temp\villagers\hank1\images\earthlodge-plan-sm.jpg --> uts.cc.utexas.edu /export/httpd/vhosts/texasbeyondhistory/data/villagers/hank1/images earthlodge-plan-sm.jpg
2003.09.14 17:36 B K:\TBH Website Temp\villagers\hank1\images\earthlodge-interior2.jpg --> uts.cc.utexas.edu /export/httpd/vhosts/texasbeyondhistory/data/villagers/hank1/images earthlodge-interior2.jpg
2003.09.14 17:36 B K:\TBH Website Temp\villagers\hank1\images\earthlodge-interior.jpg --> uts.cc.utexas.edu /export/httpd/vhosts/texasbeyondhistory/data/villagers/hank1/images earthlodge-interior.jpg
2003.09.14 17:36 B K:\TBH Website Temp\villagers\hank1\images\earthlodge-door.jpg --> uts.cc.utexas.edu /export/httpd/vhosts/texasbeyondhistory/data/villagers/hank1/images earthlodge-door.jpg
2003.09.14 17:36 B K:\TBH Website Temp\villagers\hank1\images\earthlodge-door-sm.jpg --> uts.cc.utexas.edu /export/httpd/vhosts/texasbeyondhistory/data/villagers/hank1/images earthlodge-door-sm.jpg
2003.09.14 17:36 B K:\TBH Website Temp\villagers\hank1\images\discovery2.jpg --> uts.cc.utexas.edu /export/httpd/vhosts/texasbeyondhistory/data/villagers/hank1/images discovery2.jpg
2003.09.14 17:36 B K:\TBH Website Temp\villagers\hank1\images\discovery2-sm.jpg --> uts.cc.utexas.edu /export/httpd/vhosts/texasbeyondhistory/data/villagers/hank1/images discovery2-sm.jpg
2003.09.14 17:36 B K:\TBH Website Temp\villagers\hank1\images\discovery.jpg --> uts.cc.utexas.edu /export/httpd/vhosts/texasbeyondhistory/data/villagers/hank1/images discovery.jpg
2003.09.14 17:36 B K:\TBH Website Temp\villagers\hank1\images\discovery-hearth.jpg --> uts.cc.utexas.edu /export/httpd/vhosts/texasbeyondhistory/data/villagers/hank1/images discovery-hearth.jpg
2003.09.14 17:36 B K:\TBH Website Temp\villagers\hank1\images\discovery-hearth-sm.jpg --> uts.cc.utexas.edu /export/httpd/vhosts/texasbeyondhistory/data/villagers/hank1/images discovery-hearth-sm.jpg
2003.09.14 17:36 B K:\TBH Website Temp\villagers\hank1\images\cutbank-7-00.jpg --> uts.cc.utexas.edu /export/httpd/vhosts/texasbeyondhistory/data/villagers/hank1/images cutbank-7-00.jpg
2003.09.14 17:36 B K:\TBH Website Temp\villagers\hank1\images\cutbank-7-00-sm.jpg --> uts.cc.utexas.edu /export/httpd/vhosts/texasbeyondhistory/data/villagers/hank1/images cutbank-7-00-sm.jpg
2003.09.14 17:36 B K:\TBH Website Temp\villagers\hank1\images\curtis-earthlodge.jpg --> uts.cc.utexas.edu /export/httpd/vhosts/texasbeyondhistory/data/villagers/hank1/images curtis-earthlodge.jpg
2003.09.14 17:36 B K:\TBH Website Temp\villagers\hank1\images\curtis-earthlodge-sm.jpg --> uts.cc.utexas.edu /export/httpd/vhosts/texasbeyondhistory/data/villagers/hank1/images curtis-earthlodge-sm.jpg
2003.09.14 17:36 B K:\TBH Website Temp\villagers\hank1\images\corn.jpg --> uts.cc.utexas.edu /export/httpd/vhosts/texasbeyondhistory/data/villagers/hank1/images corn.jpg
2003.09.14 17:36 B K:\TBH Website Temp\villagers\hank1\images\corn-sm.jpg --> uts.cc.utexas.edu /export/httpd/vhosts/texasbeyondhistory/data/villagers/hank1/images corn-sm.jpg
2003.09.14 17:36 B K:\TBH Website Temp\villagers\hank1\images\cedar-tree.jpg --> uts.cc.utexas.edu /export/httpd/vhosts/texasbeyondhistory/data/villagers/hank1/images cedar-tree.jpg
2003.09.14 17:36 B K:\TBH Website Temp\villagers\hank1\images\cedar-tree-sm.jpg --> uts.cc.utexas.edu /export/httpd/vhosts/texasbeyondhistory/data/villagers/hank1/images cedar-tree-sm.jpg
2003.09.14 17:36 B K:\TBH Website Temp\villagers\hank1\images\caprock.jpg --> uts.cc.utexas.edu /export/httpd/vhosts/texasbeyondhistory/data/villagers/hank1/images caprock.jpg
2003.09.14 17:36 B K:\TBH Website Temp\villagers\hank1\images\caprock-snow4.jpg --> uts.cc.utexas.edu /export/httpd/vhosts/texasbeyondhistory/data/villagers/hank1/images caprock-snow4.jpg
2003.09.14 17:36 B K:\TBH Website Temp\villagers\hank1\images\caprock-snow-sm.jpg --> uts.cc.utexas.edu /export/httpd/vhosts/texasbeyondhistory/data/villagers/hank1/images caprock-snow-sm.jpg
2003.09.14 17:36 B K:\TBH Website Temp\villagers\hank1\images\caprock-sm.jpg --> uts.cc.utexas.edu /export/httpd/vhosts/texasbeyondhistory/data/villagers/hank1/images caprock-sm.jpg
2003.09.14 17:36 B K:\TBH Website Temp\villagers\hank1\images\canadian-riv-sm.jpg --> uts.cc.utexas.edu /export/httpd/vhosts/texasbeyondhistory/data/villagers/hank1/images canadian-riv-sm.jpg
2003.09.14 17:36 B K:\TBH Website Temp\villagers\hank1\images\canadian-riv.jpg --> uts.cc.utexas.edu /export/httpd/vhosts/texasbeyondhistory/data/villagers/hank1/images canadian-riv.jpg
2003.09.14 17:36 B K:\TBH Website Temp\villagers\hank1\images\cedar-tree.html --> uts.cc.utexas.edu /export/httpd/vhosts/texasbeyondhistory/data/villagers/hank1/images cedar-tree.html
2003.09.14 17:36 B K:\TBH Website Temp\villagers\hank1\images\canadian-riv.html --> uts.cc.utexas.edu /export/httpd/vhosts/texasbeyondhistory/data/villagers/hank1/images canadian-riv.html
2003.09.19 15:40 B K:\TBH Website Temp\villagers\hank1\images\mvc-180f.html --> uts.cc.utexas.edu /export/httpd/vhosts/texasbeyondhistory/data/villagers/hank1/images mvc-180f.html
2003.09.19 15:40 B K:\TBH Website Temp\villagers\hank1\images\mvc-180f.jpg --> uts.cc.utexas.edu /export/httpd/vhosts/texasbeyondhistory/data/villagers/hank1/images mvc-180f.jpg
2003.09.19 15:40 B K:\TBH Website Temp\villagers\hank1\images\mvc-180f-sm.jpg --> uts.cc.utexas.edu /export/httpd/vhosts/texasbeyondhistory/data/villagers/hank1/images mvc-180f-sm.jpg
2003.10.23 11:52 B C:\WINDOWS\Desktop\TBH\Recent\villagers\hank1\images\boyd-1997.jpg <-- TARL /Website Stuff/Transfer to Meg/Villagers/Hank's #1/Hank1 Final Images Add3 boyd-1997.jpg
2003.10.23 11:52 B C:\WINDOWS\Desktop\TBH\Recent\villagers\hank1\images\boyd.jpg <-- TARL /Website Stuff/Transfer to Meg/Villagers/Hank's #1/Hank1 Final Images Add3 boyd.jpg
2003.10.23 11:52 B C:\WINDOWS\Desktop\TBH\Recent\villagers\hank1\images\breaks-relief2.jpg <-- TARL /Website Stuff/Transfer to Meg/Villagers/Hank's #1/Hank1 Final Images Add3 breaks-relief2.jpg
2003.10.23 11:52 B C:\WINDOWS\Desktop\TBH\Recent\villagers\hank1\images\cholla-flower-sm.jpg <-- TARL /Website Stuff/Transfer to Meg/Villagers/Hank's #1/Hank1 Final Images Add3 cholla-flower-sm.jpg
2003.10.23 11:52 B C:\WINDOWS\Desktop\TBH\Recent\villagers\hank1\images\cholla-flower.jpg <-- TARL /Website Stuff/Transfer to Meg/Villagers/Hank's #1/Hank1 Final Images Add3 cholla-flower.jpg
2003.10.23 11:52 B C:\WINDOWS\Desktop\TBH\Recent\villagers\hank1\images\corn-sample.jpg <-- TARL /Website Stuff/Transfer to Meg/Villagers/Hank's #1/Hank1 Final Images Add3 corn-sample.jpg
2003.10.23 11:52 B C:\WINDOWS\Desktop\TBH\Recent\villagers\hank1\images\cruse-sm.jpg <-- TARL /Website Stuff/Transfer to Meg/Villagers/Hank's #1/Hank1 Final Images Add3 cruse-sm.jpg
2003.10.23 11:52 B C:\WINDOWS\Desktop\TBH\Recent\villagers\hank1\images\cruse.jpg <-- TARL /Website Stuff/Transfer to Meg/Villagers/Hank's #1/Hank1 Final Images Add3 cruse.jpg
2003.10.23 11:52 B C:\WINDOWS\Desktop\TBH\Recent\villagers\hank1\images\dauber-nests-sm.jpg <-- TARL /Website Stuff/Transfer to Meg/Villagers/Hank's #1/Hank1 Final Images Add3 dauber-nests-sm.jpg
2003.10.23 11:52 B C:\WINDOWS\Desktop\TBH\Recent\villagers\hank1\images\dauber-nests.jpg <-- TARL /Website Stuff/Transfer to Meg/Villagers/Hank's #1/Hank1 Final Images Add3 dauber-nests.jpg
2003.10.23 11:52 B C:\WINDOWS\Desktop\TBH\Recent\villagers\hank1\images\earthlodge-interior.jpg <-- TARL /Website Stuff/Transfer to Meg/Villagers/Hank's #1/Hank1 Final Images Add3 earthlodge-interior.jpg
2003.10.23 11:52 B C:\WINDOWS\Desktop\TBH\Recent\villagers\hank1\images\earthlodge-interior2.jpg <-- TARL /Website Stuff/Transfer to Meg/Villagers/Hank's #1/Hank1 Final Images Add3 earthlodge-interior2.jpg
2003.10.23 11:52 B C:\WINDOWS\Desktop\TBH\Recent\villagers\hank1\images\erickson-sm.jpg <-- TARL /Website Stuff/Transfer to Meg/Villagers/Hank's #1/Hank1 Final Images Add3 erickson-sm.jpg
2003.10.23 11:52 B C:\WINDOWS\Desktop\TBH\Recent\villagers\hank1\images\erickson.jpg <-- TARL /Website Stuff/Transfer to Meg/Villagers/Hank's #1/Hank1 Final Images Add3 erickson.jpg
2003.10.23 11:52 B C:\WINDOWS\Desktop\TBH\Recent\villagers\hank1\images\hank-crew.jpg <-- TARL /Website Stuff/Transfer to Meg/Villagers/Hank's #1/Hank1 Final Images Add3 hank-crew.jpg
2003.10.23 11:52 B C:\WINDOWS\Desktop\TBH\Recent\villagers\hank1\images\hankface.jpg <-- TARL /Website Stuff/Transfer to Meg/Villagers/Hank's #1/Hank1 Final Images Add3 hankface.jpg
2003.10.23 11:52 B C:\WINDOWS\Desktop\TBH\Recent\villagers\hank1\images\hh-plan-arts-sm.jpg <-- TARL /Website Stuff/Transfer to Meg/Villagers/Hank's #1/Hank1 Final Images Add3 hh-plan-arts-sm.jpg
2003.10.23 11:52 B C:\WINDOWS\Desktop\TBH\Recent\villagers\hank1\images\hh-plan-arts.jpg <-- TARL /Website Stuff/Transfer to Meg/Villagers/Hank's #1/Hank1 Final Images Add3 hh-plan-arts.jpg
2003.10.23 11:52 B C:\WINDOWS\Desktop\TBH\Recent\villagers\hank1\images\hh-plan-char-sm.jpg <-- TARL /Website Stuff/Transfer to Meg/Villagers/Hank's #1/Hank1 Final Images Add3 hh-plan-char-sm.jpg
2003.10.23 11:52 B C:\WINDOWS\Desktop\TBH\Recent\villagers\hank1\images\hh-plan-char.jpg <-- TARL /Website Stuff/Transfer to Meg/Villagers/Hank's #1/Hank1 Final Images Add3 hh-plan-char.jpg
2003.10.23 11:52 B C:\WINDOWS\Desktop\TBH\Recent\villagers\hank1\images\hh-plan-daub-sm.jpg <-- TARL /Website Stuff/Transfer to Meg/Villagers/Hank's #1/Hank1 Final Images Add3 hh-plan-daub-sm.jpg
2003.10.23 11:52 B C:\WINDOWS\Desktop\TBH\Recent\villagers\hank1\images\hh-plan-daub.jpg <-- TARL /Website Stuff/Transfer to Meg/Villagers/Hank's #1/Hank1 Final Images Add3 hh-plan-daub.jpg
2003.10.23 11:52 B C:\WINDOWS\Desktop\TBH\Recent\villagers\hank1\images\hh-plan-icon.jpg <-- TARL /Website Stuff/Transfer to Meg/Villagers/Hank's #1/Hank1 Final Images Add3 hh-plan-icon.jpg
2003.10.23 11:52 B C:\WINDOWS\Desktop\TBH\Recent\villagers\hank1\images\house-section2.jpg <-- TARL /Website Stuff/Transfer to Meg/Villagers/Hank's #1/Hank1 Final Images Add3 house-section2.jpg
2003.10.23 11:52 B C:\WINDOWS\Desktop\TBH\Recent\villagers\hank1\images\indiansprings-sm.jpg <-- TARL /Website Stuff/Transfer to Meg/Villagers/Hank's #1/Hank1 Final Images Add3 indiansprings-sm.jpg
2003.10.23 11:52 B C:\WINDOWS\Desktop\TBH\Recent\villagers\hank1\images\indiansprings.jpg <-- TARL /Website Stuff/Transfer to Meg/Villagers/Hank's #1/Hank1 Final Images Add3 indiansprings.jpg
2003.10.23 11:52 B C:\WINDOWS\Desktop\TBH\Recent\villagers\hank1\images\jack-bc.jpg <-- TARL /Website Stuff/Transfer to Meg/Villagers/Hank's #1/Hank1 Final Images Add3 jack-bc.jpg
2003.10.23 11:52 B C:\WINDOWS\Desktop\TBH\Recent\villagers\hank1\images\juniper-rings-sm.jpg <-- TARL /Website Stuff/Transfer to Meg/Villagers/Hank's #1/Hank1 Final Images Add3 juniper-rings-sm.jpg
2003.10.23 11:52 B C:\WINDOWS\Desktop\TBH\Recent\villagers\hank1\images\juniper-rings.jpg <-- TARL /Website Stuff/Transfer to Meg/Villagers/Hank's #1/Hank1 Final Images Add3 juniper-rings.jpg
2003.10.23 11:52 B C:\WINDOWS\Desktop\TBH\Recent\villagers\hank1\images\mvc-180x-sm.jpg <-- TARL /Website Stuff/Transfer to Meg/Villagers/Hank's #1/Hank1 Final Images Add3 mvc-180x-sm.jpg
2003.10.23 11:52 B C:\WINDOWS\Desktop\TBH\Recent\villagers\hank1\images\mvc-180x.jpg <-- TARL /Website Stuff/Transfer to Meg/Villagers/Hank's #1/Hank1 Final Images Add3 mvc-180x.jpg
2003.10.23 11:52 B C:\WINDOWS\Desktop\TBH\Recent\villagers\hank1\images\mvc-210f-sm.jpg <-- TARL /Website Stuff/Transfer to Meg/Villagers/Hank's #1/Hank1 Final Images Add3 mvc-210f-sm.jpg
2003.10.23 11:52 B C:\WINDOWS\Desktop\TBH\Recent\villagers\hank1\images\mvc-210f.jpg <-- TARL /Website Stuff/Transfer to Meg/Villagers/Hank's #1/Hank1 Final Images Add3 mvc-210f.jpg
2003.10.23 11:52 B C:\WINDOWS\Desktop\TBH\Recent\villagers\hank1\images\mvc-246f-sm.jpg <-- TARL /Website Stuff/Transfer to Meg/Villagers/Hank's #1/Hank1 Final Images Add3 mvc-246f-sm.jpg
2003.10.23 11:52 B C:\WINDOWS\Desktop\TBH\Recent\villagers\hank1\images\mvc-246f.jpg <-- TARL /Website Stuff/Transfer to Meg/Villagers/Hank's #1/Hank1 Final Images Add3 mvc-246f.jpg
2003.10.23 11:52 B C:\WINDOWS\Desktop\TBH\Recent\villagers\hank1\images\mvc-247f-sm.jpg <-- TARL /Website Stuff/Transfer to Meg/Villagers/Hank's #1/Hank1 Final Images Add3 mvc-247f-sm.jpg
2003.10.23 11:52 B C:\WINDOWS\Desktop\TBH\Recent\villagers\hank1\images\mvc-247f.jpg <-- TARL /Website Stuff/Transfer to Meg/Villagers/Hank's #1/Hank1 Final Images Add3 mvc-247f.jpg
2003.10.23 11:52 B C:\WINDOWS\Desktop\TBH\Recent\villagers\hank1\images\mvc-249f.jpg <-- TARL /Website Stuff/Transfer to Meg/Villagers/Hank's #1/Hank1 Final Images Add3 mvc-249f.jpg
2003.10.23 11:52 B C:\WINDOWS\Desktop\TBH\Recent\villagers\hank1\images\plum-pits-sm.jpg <-- TARL /Website Stuff/Transfer to Meg/Villagers/Hank's #1/Hank1 Final Images Add3 plum-pits-sm.jpg
2003.10.23 11:52 B C:\WINDOWS\Desktop\TBH\Recent\villagers\hank1\images\plum-pits.jpg <-- TARL /Website Stuff/Transfer to Meg/Villagers/Hank's #1/Hank1 Final Images Add3 plum-pits.jpg
2003.10.23 11:52 B C:\WINDOWS\Desktop\TBH\Recent\villagers\hank1\images\porch-sm.jpg <-- TARL /Website Stuff/Transfer to Meg/Villagers/Hank's #1/Hank1 Final Images Add3 porch-sm.jpg
2003.10.23 11:52 B C:\WINDOWS\Desktop\TBH\Recent\villagers\hank1\images\porch.jpg <-- TARL /Website Stuff/Transfer to Meg/Villagers/Hank's #1/Hank1 Final Images Add3 porch.jpg
2003.10.23 11:52 B C:\WINDOWS\Desktop\TBH\Recent\villagers\hank1\images\postnotch-sm.jpg <-- TARL /Website Stuff/Transfer to Meg/Villagers/Hank's #1/Hank1 Final Images Add3 postnotch-sm.jpg
2003.10.23 11:52 B C:\WINDOWS\Desktop\TBH\Recent\villagers\hank1\images\postnotch.jpg <-- TARL /Website Stuff/Transfer to Meg/Villagers/Hank's #1/Hank1 Final Images Add3 postnotch.jpg
2003.10.23 11:52 B C:\WINDOWS\Desktop\TBH\Recent\villagers\hank1\images\rb109-cp5a-sm.jpg <-- TARL /Website Stuff/Transfer to Meg/Villagers/Hank's #1/Hank1 Final Images Add3 rb109-cp5a-sm.jpg
2003.10.23 11:52 B C:\WINDOWS\Desktop\TBH\Recent\villagers\hank1\images\rb109-cp5a.jpg <-- TARL /Website Stuff/Transfer to Meg/Villagers/Hank's #1/Hank1 Final Images Add3 rb109-cp5a.jpg
2003.10.23 11:52 B C:\WINDOWS\Desktop\TBH\Recent\villagers\hank1\images\rb109-cp7-sm.jpg <-- TARL /Website Stuff/Transfer to Meg/Villagers/Hank's #1/Hank1 Final Images Add3 rb109-cp7-sm.jpg
2003.10.23 11:52 B C:\WINDOWS\Desktop\TBH\Recent\villagers\hank1\images\rb109-cp7.jpg <-- TARL /Website Stuff/Transfer to Meg/Villagers/Hank's #1/Hank1 Final Images Add3 rb109-cp7.jpg
2003.10.23 11:52 B C:\WINDOWS\Desktop\TBH\Recent\villagers\hank1\images\reba.jpg <-- TARL /Website Stuff/Transfer to Meg/Villagers/Hank's #1/Hank1 Final Images Add3 reba.jpg
2003.10.23 11:52 B C:\WINDOWS\Desktop\TBH\Recent\villagers\hank1\images\smith-1-sm.jpg <-- TARL /Website Stuff/Transfer to Meg/Villagers/Hank's #1/Hank1 Final Images Add3 smith-1-sm.jpg
2003.10.23 11:52 B C:\WINDOWS\Desktop\TBH\Recent\villagers\hank1\images\smith-1.jpg <-- TARL /Website Stuff/Transfer to Meg/Villagers/Hank's #1/Hank1 Final Images Add3 smith-1.jpg
2003.10.23 11:52 B C:\WINDOWS\Desktop\TBH\Recent\villagers\hank1\images\smith-2-sm.jpg <-- TARL /Website Stuff/Transfer to Meg/Villagers/Hank's #1/Hank1 Final Images Add3 smith-2-sm.jpg
2003.10.23 11:52 B C:\WINDOWS\Desktop\TBH\Recent\villagers\hank1\images\smith-2.jpg <-- TARL /Website Stuff/Transfer to Meg/Villagers/Hank's #1/Hank1 Final Images Add3 smith-2.jpg
2003.10.23 11:52 B C:\WINDOWS\Desktop\TBH\Recent\villagers\hank1\images\smith-3-sm.jpg <-- TARL /Website Stuff/Transfer to Meg/Villagers/Hank's #1/Hank1 Final Images Add3 smith-3-sm.jpg
2003.10.23 11:52 B C:\WINDOWS\Desktop\TBH\Recent\villagers\hank1\images\smith-3.jpg <-- TARL /Website Stuff/Transfer to Meg/Villagers/Hank's #1/Hank1 Final Images Add3 smith-3.jpg
2003.10.23 11:52 B C:\WINDOWS\Desktop\TBH\Recent\villagers\hank1\images\smith-4-sm.jpg <-- TARL /Website Stuff/Transfer to Meg/Villagers/Hank's #1/Hank1 Final Images Add3 smith-4-sm.jpg
2003.10.23 11:52 B C:\WINDOWS\Desktop\TBH\Recent\villagers\hank1\images\smith-4.jpg <-- TARL /Website Stuff/Transfer to Meg/Villagers/Hank's #1/Hank1 Final Images Add3 smith-4.jpg
2003.10.23 11:52 B C:\WINDOWS\Desktop\TBH\Recent\villagers\hank1\images\smith-5-sm.jpg <-- TARL /Website Stuff/Transfer to Meg/Villagers/Hank's #1/Hank1 Final Images Add3 smith-5-sm.jpg
2003.10.23 11:52 B C:\WINDOWS\Desktop\TBH\Recent\villagers\hank1\images\smith-5.jpg <-- TARL /Website Stuff/Transfer to Meg/Villagers/Hank's #1/Hank1 Final Images Add3 smith-5.jpg
2003.10.23 11:52 B C:\WINDOWS\Desktop\TBH\Recent\villagers\hank1\images\washita2-sm.jpg <-- TARL /Website Stuff/Transfer to Meg/Villagers/Hank's #1/Hank1 Final Images Add3 washita2-sm.jpg
2003.10.23 11:52 B C:\WINDOWS\Desktop\TBH\Recent\villagers\hank1\images\washita2.jpg <-- TARL /Website Stuff/Transfer to Meg/Villagers/Hank's #1/Hank1 Final Images Add3 washita2.jpg
2003.10.23 11:52 B C:\WINDOWS\Desktop\TBH\Recent\villagers\hank1\images\west pasture.jpg <-- TARL /Website Stuff/Transfer to Meg/Villagers/Hank's #1/Hank1 Final Images Add3 west pasture.jpg
2003.10.23 11:52 B C:\WINDOWS\Desktop\TBH\Recent\villagers\hank1\images\west-pasture.jpg <-- TARL /Website Stuff/Transfer to Meg/Villagers/Hank's #1/Hank1 Final Images Add3 west-pasture.jpg
2003.10.23 11:52 B C:\WINDOWS\Desktop\TBH\Recent\villagers\hank1\images\wilkens-sm.jpg <-- TARL /Website Stuff/Transfer to Meg/Villagers/Hank's #1/Hank1 Final Images Add3 wilkens-sm.jpg
2003.10.23 11:52 B C:\WINDOWS\Desktop\TBH\Recent\villagers\hank1\images\wilkens.jpg <-- TARL /Website Stuff/Transfer to Meg/Villagers/Hank's #1/Hank1 Final Images Add3 wilkens.jpg
2003.11.11 17:22 B K:\TBH Website Temp\villagers\hank1\images\smith-5.html --> uts.cc.utexas.edu /export/httpd/vhosts/texasbeyondhistory/data/villagers/hank1/images smith-5.html
2003.11.11 17:22 B K:\TBH Website Temp\villagers\hank1\images\hh-plan-daub.html --> uts.cc.utexas.edu /export/httpd/vhosts/texasbeyondhistory/data/villagers/hank1/images hh-plan-daub.html
2003.11.11 17:22 B K:\TBH Website Temp\villagers\hank1\images\hh-plan-char.html --> uts.cc.utexas.edu /export/httpd/vhosts/texasbeyondhistory/data/villagers/hank1/images hh-plan-char.html
2003.11.11 17:22 B K:\TBH Website Temp\villagers\hank1\images\hh-plan-arts.html --> uts.cc.utexas.edu /export/httpd/vhosts/texasbeyondhistory/data/villagers/hank1/images hh-plan-arts.html
2003.11.11 17:22 B K:\TBH Website Temp\villagers\hank1\images\cholla-flower.html --> uts.cc.utexas.edu /export/httpd/vhosts/texasbeyondhistory/data/villagers/hank1/images cholla-flower.html
2003.11.11 17:22 B K:\TBH Website Temp\villagers\hank1\images\dauber-nests.html --> uts.cc.utexas.edu /export/httpd/vhosts/texasbeyondhistory/data/villagers/hank1/images dauber-nests.html
2003.11.11 17:22 B K:\TBH Website Temp\villagers\hank1\images\mvc-167f.html --> uts.cc.utexas.edu /export/httpd/vhosts/texasbeyondhistory/data/villagers/hank1/images mvc-167f.html
2003.11.11 17:22 B K:\TBH Website Temp\villagers\hank1\images\mvc-131f.html --> uts.cc.utexas.edu /export/httpd/vhosts/texasbeyondhistory/data/villagers/hank1/images mvc-131f.html
2003.11.11 17:22 B K:\TBH Website Temp\villagers\hank1\images\rb109-c178.html --> uts.cc.utexas.edu /export/httpd/vhosts/texasbeyondhistory/data/villagers/hank1/images rb109-c178.html
2003.11.11 17:22 B K:\TBH Website Temp\villagers\hank1\images\mvc-203f.html --> uts.cc.utexas.edu /export/httpd/vhosts/texasbeyondhistory/data/villagers/hank1/images mvc-203f.html
2003.11.11 17:22 B K:\TBH Website Temp\villagers\hank1\images\mvc-211f.html --> uts.cc.utexas.edu /export/httpd/vhosts/texasbeyondhistory/data/villagers/hank1/images mvc-211f.html
2003.11.11 17:22 B K:\TBH Website Temp\villagers\hank1\images\hanks-db2.html --> uts.cc.utexas.edu /export/httpd/vhosts/texasbeyondhistory/data/villagers/hank1/images hanks-db2.html
2003.11.11 17:22 B K:\TBH Website Temp\villagers\hank1\images\mvc-170f.html --> uts.cc.utexas.edu /export/httpd/vhosts/texasbeyondhistory/data/villagers/hank1/images mvc-170f.html
2003.11.11 17:22 B K:\TBH Website Temp\villagers\hank1\images\hank-9.html --> uts.cc.utexas.edu /export/httpd/vhosts/texasbeyondhistory/data/villagers/hank1/images hank-9.html
2003.11.11 17:22 B K:\TBH Website Temp\villagers\hank1\images\mussel-cache.html --> uts.cc.utexas.edu /export/httpd/vhosts/texasbeyondhistory/data/villagers/hank1/images mussel-cache.html
2003.11.11 17:22 B K:\TBH Website Temp\villagers\hank1\images\mvc-139f.html --> uts.cc.utexas.edu /export/httpd/vhosts/texasbeyondhistory/data/villagers/hank1/images mvc-139f.html
2003.11.11 17:22 B K:\TBH Website Temp\villagers\hank1\images\discovery2.html --> uts.cc.utexas.edu /export/httpd/vhosts/texasbeyondhistory/data/villagers/hank1/images discovery2.html
