2001.08.15 12:21 B C:\WINDOWS\Desktop\TBH\Recent\lubbock\images\lubbock-m1-lg.jpg <-- TARL /Website Stuff/Transfer to Meg lubbock-m1-lg.jpg
2001.08.15 12:21 B C:\WINDOWS\Desktop\TBH\Recent\lubbock\images\lubbock-m1-sm.jpg <-- TARL /Website Stuff/Transfer to Meg lubbock-m1-sm.jpg
2001.08.31 19:53 B D:\TBH Temp\lubbock\images\WS_FTP.LOG <-- Texas Beyond History /Website Stuff/TBH Website Temp/lubbock/images WS_FTP.LOG
2001.09.01 22:21 B D:\TBH Temp\lubbock\images\Lu-md1-lg.jpg --> uts.cc.utexas.edu /usr/pub/www/research/tarl/abouttarl/tbh/lubbock/images Lu-md1-lg.jpg
2001.09.01 22:21 B D:\TBH Temp\lubbock\images\Lu-md1-sm.jpg --> uts.cc.utexas.edu /usr/pub/www/research/tarl/abouttarl/tbh/lubbock/images Lu-md1-sm.jpg
2001.09.01 22:21 B D:\TBH Temp\lubbock\images\lu-md1.html --> uts.cc.utexas.edu /usr/pub/www/research/tarl/abouttarl/tbh/lubbock/images lu-md1.html
2001.09.01 22:21 B D:\TBH Temp\lubbock\images\Lu-md10-lg.jpg --> uts.cc.utexas.edu /usr/pub/www/research/tarl/abouttarl/tbh/lubbock/images Lu-md10-lg.jpg
2001.09.01 22:21 B D:\TBH Temp\lubbock\images\Lu-md10-sm.jpg --> uts.cc.utexas.edu /usr/pub/www/research/tarl/abouttarl/tbh/lubbock/images Lu-md10-sm.jpg
2001.09.01 22:21 B D:\TBH Temp\lubbock\images\lu-md10.html --> uts.cc.utexas.edu /usr/pub/www/research/tarl/abouttarl/tbh/lubbock/images lu-md10.html
2001.09.01 22:21 B D:\TBH Temp\lubbock\images\Lu-md11-lg.jpg --> uts.cc.utexas.edu /usr/pub/www/research/tarl/abouttarl/tbh/lubbock/images Lu-md11-lg.jpg
2001.09.01 22:21 B D:\TBH Temp\lubbock\images\Lu-md11-sm.jpg --> uts.cc.utexas.edu /usr/pub/www/research/tarl/abouttarl/tbh/lubbock/images Lu-md11-sm.jpg
2001.09.01 22:21 B D:\TBH Temp\lubbock\images\lu-md11.html --> uts.cc.utexas.edu /usr/pub/www/research/tarl/abouttarl/tbh/lubbock/images lu-md11.html
2001.09.01 22:21 B D:\TBH Temp\lubbock\images\Lu-md12-lg.jpg --> uts.cc.utexas.edu /usr/pub/www/research/tarl/abouttarl/tbh/lubbock/images Lu-md12-lg.jpg
2001.09.01 22:22 B D:\TBH Temp\lubbock\images\Lu-md12-sm.jpg --> uts.cc.utexas.edu /usr/pub/www/research/tarl/abouttarl/tbh/lubbock/images Lu-md12-sm.jpg
2001.09.01 22:22 B D:\TBH Temp\lubbock\images\lu-md12.html --> uts.cc.utexas.edu /usr/pub/www/research/tarl/abouttarl/tbh/lubbock/images lu-md12.html
2001.09.01 22:22 B D:\TBH Temp\lubbock\images\lu-md13-lg.jpg --> uts.cc.utexas.edu /usr/pub/www/research/tarl/abouttarl/tbh/lubbock/images lu-md13-lg.jpg
2001.09.01 22:22 B D:\TBH Temp\lubbock\images\lu-md13-sm.jpg --> uts.cc.utexas.edu /usr/pub/www/research/tarl/abouttarl/tbh/lubbock/images lu-md13-sm.jpg
2001.09.01 22:22 B D:\TBH Temp\lubbock\images\lu-md13.html --> uts.cc.utexas.edu /usr/pub/www/research/tarl/abouttarl/tbh/lubbock/images lu-md13.html
2001.09.01 22:22 B D:\TBH Temp\lubbock\images\lu-md14-lg.jpg --> uts.cc.utexas.edu /usr/pub/www/research/tarl/abouttarl/tbh/lubbock/images lu-md14-lg.jpg
2001.09.01 22:22 B D:\TBH Temp\lubbock\images\lu-md14-sm.jpg --> uts.cc.utexas.edu /usr/pub/www/research/tarl/abouttarl/tbh/lubbock/images lu-md14-sm.jpg
2001.09.01 22:22 B D:\TBH Temp\lubbock\images\lu-md14.html --> uts.cc.utexas.edu /usr/pub/www/research/tarl/abouttarl/tbh/lubbock/images lu-md14.html
2001.09.01 22:22 B D:\TBH Temp\lubbock\images\lu-md15-lg.jpg --> uts.cc.utexas.edu /usr/pub/www/research/tarl/abouttarl/tbh/lubbock/images lu-md15-lg.jpg
2001.09.01 22:22 B D:\TBH Temp\lubbock\images\lu-md15-sm.jpg --> uts.cc.utexas.edu /usr/pub/www/research/tarl/abouttarl/tbh/lubbock/images lu-md15-sm.jpg
2001.09.01 22:22 B D:\TBH Temp\lubbock\images\lu-md15.html --> uts.cc.utexas.edu /usr/pub/www/research/tarl/abouttarl/tbh/lubbock/images lu-md15.html
2001.09.01 22:22 B D:\TBH Temp\lubbock\images\lu-md16-lg.jpg --> uts.cc.utexas.edu /usr/pub/www/research/tarl/abouttarl/tbh/lubbock/images lu-md16-lg.jpg
2001.09.01 22:22 B D:\TBH Temp\lubbock\images\lu-md16-sm.jpg --> uts.cc.utexas.edu /usr/pub/www/research/tarl/abouttarl/tbh/lubbock/images lu-md16-sm.jpg
2001.09.01 22:22 B D:\TBH Temp\lubbock\images\lu-md16.html --> uts.cc.utexas.edu /usr/pub/www/research/tarl/abouttarl/tbh/lubbock/images lu-md16.html
2001.09.01 22:22 B D:\TBH Temp\lubbock\images\lu-md17-lg.jpg --> uts.cc.utexas.edu /usr/pub/www/research/tarl/abouttarl/tbh/lubbock/images lu-md17-lg.jpg
2001.09.01 22:22 B D:\TBH Temp\lubbock\images\lu-md17-sm.jpg --> uts.cc.utexas.edu /usr/pub/www/research/tarl/abouttarl/tbh/lubbock/images lu-md17-sm.jpg
2001.09.01 22:22 B D:\TBH Temp\lubbock\images\lu-md17.html --> uts.cc.utexas.edu /usr/pub/www/research/tarl/abouttarl/tbh/lubbock/images lu-md17.html
2001.09.01 22:22 B D:\TBH Temp\lubbock\images\lu-md19-lg.jpg --> uts.cc.utexas.edu /usr/pub/www/research/tarl/abouttarl/tbh/lubbock/images lu-md19-lg.jpg
2001.09.01 22:22 B D:\TBH Temp\lubbock\images\lu-md19-sm.jpg --> uts.cc.utexas.edu /usr/pub/www/research/tarl/abouttarl/tbh/lubbock/images lu-md19-sm.jpg
2001.09.01 22:22 B D:\TBH Temp\lubbock\images\lu-md19.html --> uts.cc.utexas.edu /usr/pub/www/research/tarl/abouttarl/tbh/lubbock/images lu-md19.html
2001.09.01 22:22 B D:\TBH Temp\lubbock\images\Lu-md3-lg.jpg --> uts.cc.utexas.edu /usr/pub/www/research/tarl/abouttarl/tbh/lubbock/images Lu-md3-lg.jpg
2001.09.01 22:22 B D:\TBH Temp\lubbock\images\Lu-md3-sm.jpg --> uts.cc.utexas.edu /usr/pub/www/research/tarl/abouttarl/tbh/lubbock/images Lu-md3-sm.jpg
2001.09.01 22:22 B D:\TBH Temp\lubbock\images\lu-md3.html --> uts.cc.utexas.edu /usr/pub/www/research/tarl/abouttarl/tbh/lubbock/images lu-md3.html
2001.09.01 22:22 B D:\TBH Temp\lubbock\images\Lu-md4-lg.jpg --> uts.cc.utexas.edu /usr/pub/www/research/tarl/abouttarl/tbh/lubbock/images Lu-md4-lg.jpg
2001.09.01 22:22 B D:\TBH Temp\lubbock\images\lu-md4-sm.jpg --> uts.cc.utexas.edu /usr/pub/www/research/tarl/abouttarl/tbh/lubbock/images lu-md4-sm.jpg
2001.09.01 22:22 B D:\TBH Temp\lubbock\images\lu-md4.html --> uts.cc.utexas.edu /usr/pub/www/research/tarl/abouttarl/tbh/lubbock/images lu-md4.html
2001.09.01 22:22 B D:\TBH Temp\lubbock\images\lu-md6-lg.jpg --> uts.cc.utexas.edu /usr/pub/www/research/tarl/abouttarl/tbh/lubbock/images lu-md6-lg.jpg
2001.09.01 22:22 B D:\TBH Temp\lubbock\images\lu-md6-sm.jpg --> uts.cc.utexas.edu /usr/pub/www/research/tarl/abouttarl/tbh/lubbock/images lu-md6-sm.jpg
2001.09.01 22:22 B D:\TBH Temp\lubbock\images\lu-md6.html --> uts.cc.utexas.edu /usr/pub/www/research/tarl/abouttarl/tbh/lubbock/images lu-md6.html
2001.09.01 22:22 B D:\TBH Temp\lubbock\images\Lu-md7-lg.jpg --> uts.cc.utexas.edu /usr/pub/www/research/tarl/abouttarl/tbh/lubbock/images Lu-md7-lg.jpg
2001.09.01 22:22 B D:\TBH Temp\lubbock\images\Lu-md7-sm.jpg --> uts.cc.utexas.edu /usr/pub/www/research/tarl/abouttarl/tbh/lubbock/images Lu-md7-sm.jpg
2001.09.01 22:22 B D:\TBH Temp\lubbock\images\lu-md7.html --> uts.cc.utexas.edu /usr/pub/www/research/tarl/abouttarl/tbh/lubbock/images lu-md7.html
2001.09.01 22:23 B D:\TBH Temp\lubbock\images\Lu-md8-lg.jpg --> uts.cc.utexas.edu /usr/pub/www/research/tarl/abouttarl/tbh/lubbock/images Lu-md8-lg.jpg
2001.09.01 22:23 B D:\TBH Temp\lubbock\images\Lu-md8-sm.jpg --> uts.cc.utexas.edu /usr/pub/www/research/tarl/abouttarl/tbh/lubbock/images Lu-md8-sm.jpg
2001.09.01 22:23 B D:\TBH Temp\lubbock\images\Lu-nf1-lg.jpg --> uts.cc.utexas.edu /usr/pub/www/research/tarl/abouttarl/tbh/lubbock/images Lu-nf1-lg.jpg
2001.09.01 22:23 B D:\TBH Temp\lubbock\images\Lu-nf1-sm.jpg --> uts.cc.utexas.edu /usr/pub/www/research/tarl/abouttarl/tbh/lubbock/images Lu-nf1-sm.jpg
2001.09.01 22:23 B D:\TBH Temp\lubbock\images\lu-nf1.html --> uts.cc.utexas.edu /usr/pub/www/research/tarl/abouttarl/tbh/lubbock/images lu-nf1.html
2001.09.01 22:23 B D:\TBH Temp\lubbock\images\Lu-nf2-lg.jpg --> uts.cc.utexas.edu /usr/pub/www/research/tarl/abouttarl/tbh/lubbock/images Lu-nf2-lg.jpg
2001.09.01 22:23 B D:\TBH Temp\lubbock\images\Lu-nf2-sm.jpg --> uts.cc.utexas.edu /usr/pub/www/research/tarl/abouttarl/tbh/lubbock/images Lu-nf2-sm.jpg
2001.09.01 22:23 B D:\TBH Temp\lubbock\images\Lu-nf2.html --> uts.cc.utexas.edu /usr/pub/www/research/tarl/abouttarl/tbh/lubbock/images Lu-nf2.html
2001.09.01 22:23 B D:\TBH Temp\lubbock\images\Lu-nf4-lg.jpg --> uts.cc.utexas.edu /usr/pub/www/research/tarl/abouttarl/tbh/lubbock/images Lu-nf4-lg.jpg
2001.09.01 22:23 B D:\TBH Temp\lubbock\images\Lu-nf4-sm.jpg --> uts.cc.utexas.edu /usr/pub/www/research/tarl/abouttarl/tbh/lubbock/images Lu-nf4-sm.jpg
2001.09.01 22:23 B D:\TBH Temp\lubbock\images\lu-nf4.html --> uts.cc.utexas.edu /usr/pub/www/research/tarl/abouttarl/tbh/lubbock/images lu-nf4.html
2001.09.01 22:23 B D:\TBH Temp\lubbock\images\lu-nf5-lg.jpg --> uts.cc.utexas.edu /usr/pub/www/research/tarl/abouttarl/tbh/lubbock/images lu-nf5-lg.jpg
2001.09.01 22:23 B D:\TBH Temp\lubbock\images\lu-nf5-sm.jpg --> uts.cc.utexas.edu /usr/pub/www/research/tarl/abouttarl/tbh/lubbock/images lu-nf5-sm.jpg
2001.09.01 22:23 B D:\TBH Temp\lubbock\images\lu-nf5.html --> uts.cc.utexas.edu /usr/pub/www/research/tarl/abouttarl/tbh/lubbock/images lu-nf5.html
2001.09.01 22:23 B D:\TBH Temp\lubbock\images\Lu1-ge1-lg.jpg --> uts.cc.utexas.edu /usr/pub/www/research/tarl/abouttarl/tbh/lubbock/images Lu1-ge1-lg.jpg
2001.09.01 22:23 B D:\TBH Temp\lubbock\images\Lu1-ge1-sm.jpg --> uts.cc.utexas.edu /usr/pub/www/research/tarl/abouttarl/tbh/lubbock/images Lu1-ge1-sm.jpg
2001.09.01 22:23 B D:\TBH Temp\lubbock\images\Lu1-ge10-lg.jpg --> uts.cc.utexas.edu /usr/pub/www/research/tarl/abouttarl/tbh/lubbock/images Lu1-ge10-lg.jpg
2001.09.01 22:23 B D:\TBH Temp\lubbock\images\Lu1-ge10-sm.jpg --> uts.cc.utexas.edu /usr/pub/www/research/tarl/abouttarl/tbh/lubbock/images Lu1-ge10-sm.jpg
2001.09.01 22:23 B D:\TBH Temp\lubbock\images\Lu1-ge10.html --> uts.cc.utexas.edu /usr/pub/www/research/tarl/abouttarl/tbh/lubbock/images Lu1-ge10.html
2001.09.01 22:23 B D:\TBH Temp\lubbock\images\Lu1-ge14-lg.jpg --> uts.cc.utexas.edu /usr/pub/www/research/tarl/abouttarl/tbh/lubbock/images Lu1-ge14-lg.jpg
2001.09.01 22:23 B D:\TBH Temp\lubbock\images\Lu1-ge14-sm.jpg --> uts.cc.utexas.edu /usr/pub/www/research/tarl/abouttarl/tbh/lubbock/images Lu1-ge14-sm.jpg
2001.09.01 22:23 B D:\TBH Temp\lubbock\images\Lu1-ge14.html --> uts.cc.utexas.edu /usr/pub/www/research/tarl/abouttarl/tbh/lubbock/images Lu1-ge14.html
2001.09.01 22:24 B D:\TBH Temp\lubbock\images\Lu1-ge15-lg.jpg --> uts.cc.utexas.edu /usr/pub/www/research/tarl/abouttarl/tbh/lubbock/images Lu1-ge15-lg.jpg
2001.09.01 22:24 B D:\TBH Temp\lubbock\images\Lu1-ge15-sm.jpg --> uts.cc.utexas.edu /usr/pub/www/research/tarl/abouttarl/tbh/lubbock/images Lu1-ge15-sm.jpg
2001.09.01 22:24 B D:\TBH Temp\lubbock\images\Lu1-ge15.html --> uts.cc.utexas.edu /usr/pub/www/research/tarl/abouttarl/tbh/lubbock/images Lu1-ge15.html
2001.09.01 22:24 B D:\TBH Temp\lubbock\images\Lu1-ge16-lg.jpg --> uts.cc.utexas.edu /usr/pub/www/research/tarl/abouttarl/tbh/lubbock/images Lu1-ge16-lg.jpg
2001.09.01 22:24 B D:\TBH Temp\lubbock\images\Lu1-ge16-sm.jpg --> uts.cc.utexas.edu /usr/pub/www/research/tarl/abouttarl/tbh/lubbock/images Lu1-ge16-sm.jpg
2001.09.01 22:24 B D:\TBH Temp\lubbock\images\Lu1-ge16.html --> uts.cc.utexas.edu /usr/pub/www/research/tarl/abouttarl/tbh/lubbock/images Lu1-ge16.html
2001.09.01 22:24 B D:\TBH Temp\lubbock\images\LU1-GE17-LG.JPG --> uts.cc.utexas.edu /usr/pub/www/research/tarl/abouttarl/tbh/lubbock/images LU1-GE17-LG.JPG
2001.09.01 22:24 B D:\TBH Temp\lubbock\images\LU1-GE17-SM.JPG --> uts.cc.utexas.edu /usr/pub/www/research/tarl/abouttarl/tbh/lubbock/images LU1-GE17-SM.JPG
2001.09.01 22:24 B D:\TBH Temp\lubbock\images\Lu1-ge17.html --> uts.cc.utexas.edu /usr/pub/www/research/tarl/abouttarl/tbh/lubbock/images Lu1-ge17.html
2001.09.01 22:24 B D:\TBH Temp\lubbock\images\LU1-GE18-crop-lg.JPG --> uts.cc.utexas.edu /usr/pub/www/research/tarl/abouttarl/tbh/lubbock/images LU1-GE18-crop-lg.JPG
2001.09.01 22:24 B D:\TBH Temp\lubbock\images\LU1-GE18-crop-sm.jpg --> uts.cc.utexas.edu /usr/pub/www/research/tarl/abouttarl/tbh/lubbock/images LU1-GE18-crop-sm.jpg
2001.09.01 22:24 B D:\TBH Temp\lubbock\images\LU1-GE18-crop.html --> uts.cc.utexas.edu /usr/pub/www/research/tarl/abouttarl/tbh/lubbock/images LU1-GE18-crop.html
2001.09.01 22:24 B D:\TBH Temp\lubbock\images\LU1-GE18-LG.JPG --> uts.cc.utexas.edu /usr/pub/www/research/tarl/abouttarl/tbh/lubbock/images LU1-GE18-LG.JPG
2001.09.01 22:24 B D:\TBH Temp\lubbock\images\LU1-GE18-SM.JPG --> uts.cc.utexas.edu /usr/pub/www/research/tarl/abouttarl/tbh/lubbock/images LU1-GE18-SM.JPG
2001.09.01 22:24 B D:\TBH Temp\lubbock\images\LU1-GE18.html --> uts.cc.utexas.edu /usr/pub/www/research/tarl/abouttarl/tbh/lubbock/images LU1-GE18.html
2001.09.01 22:24 B D:\TBH Temp\lubbock\images\Lu1-ge19-lg.jpg --> uts.cc.utexas.edu /usr/pub/www/research/tarl/abouttarl/tbh/lubbock/images Lu1-ge19-lg.jpg
2001.09.01 22:24 B D:\TBH Temp\lubbock\images\Lu1-ge19-sm.jpg --> uts.cc.utexas.edu /usr/pub/www/research/tarl/abouttarl/tbh/lubbock/images Lu1-ge19-sm.jpg
2001.09.01 22:24 B D:\TBH Temp\lubbock\images\LU1-GE1X-LG.JPG --> uts.cc.utexas.edu /usr/pub/www/research/tarl/abouttarl/tbh/lubbock/images LU1-GE1X-LG.JPG
2001.09.01 22:24 B D:\TBH Temp\lubbock\images\LU1-GE1X-SM.JPG --> uts.cc.utexas.edu /usr/pub/www/research/tarl/abouttarl/tbh/lubbock/images LU1-GE1X-SM.JPG
2001.09.01 22:24 B D:\TBH Temp\lubbock\images\LU1-GE1X.html --> uts.cc.utexas.edu /usr/pub/www/research/tarl/abouttarl/tbh/lubbock/images LU1-GE1X.html
2001.09.01 22:24 B D:\TBH Temp\lubbock\images\Lu1-ge20-lg.jpg --> uts.cc.utexas.edu /usr/pub/www/research/tarl/abouttarl/tbh/lubbock/images Lu1-ge20-lg.jpg
2001.09.01 22:24 B D:\TBH Temp\lubbock\images\Lu1-ge20-sm.jpg --> uts.cc.utexas.edu /usr/pub/www/research/tarl/abouttarl/tbh/lubbock/images Lu1-ge20-sm.jpg
2001.09.01 22:24 B D:\TBH Temp\lubbock\images\Lu1-ge23-lg.jpg --> uts.cc.utexas.edu /usr/pub/www/research/tarl/abouttarl/tbh/lubbock/images Lu1-ge23-lg.jpg
2001.09.01 22:24 B D:\TBH Temp\lubbock\images\Lu1-ge23-sm.jpg --> uts.cc.utexas.edu /usr/pub/www/research/tarl/abouttarl/tbh/lubbock/images Lu1-ge23-sm.jpg
2001.09.01 22:24 B D:\TBH Temp\lubbock\images\Lu1-ge24-lg.jpg --> uts.cc.utexas.edu /usr/pub/www/research/tarl/abouttarl/tbh/lubbock/images Lu1-ge24-lg.jpg
2001.09.01 22:24 B D:\TBH Temp\lubbock\images\Lu1-ge24-sm.jpg --> uts.cc.utexas.edu /usr/pub/www/research/tarl/abouttarl/tbh/lubbock/images Lu1-ge24-sm.jpg
2001.09.01 22:25 B D:\TBH Temp\lubbock\images\LU1-GE28-LG.JPG --> uts.cc.utexas.edu /usr/pub/www/research/tarl/abouttarl/tbh/lubbock/images LU1-GE28-LG.JPG
2001.09.01 22:25 B D:\TBH Temp\lubbock\images\LU1-GE28-SM.JPG --> uts.cc.utexas.edu /usr/pub/www/research/tarl/abouttarl/tbh/lubbock/images LU1-GE28-SM.JPG
2001.09.01 22:25 B D:\TBH Temp\lubbock\images\LU1-GE28.html --> uts.cc.utexas.edu /usr/pub/www/research/tarl/abouttarl/tbh/lubbock/images LU1-GE28.html
2001.09.01 22:25 B D:\TBH Temp\lubbock\images\LU1-GE2X-LG.JPG --> uts.cc.utexas.edu /usr/pub/www/research/tarl/abouttarl/tbh/lubbock/images LU1-GE2X-LG.JPG
2001.09.01 22:25 B D:\TBH Temp\lubbock\images\LU1-GE2X-SM.JPG --> uts.cc.utexas.edu /usr/pub/www/research/tarl/abouttarl/tbh/lubbock/images LU1-GE2X-SM.JPG
2001.09.01 22:25 B D:\TBH Temp\lubbock\images\LU1-GE2X.html --> uts.cc.utexas.edu /usr/pub/www/research/tarl/abouttarl/tbh/lubbock/images LU1-GE2X.html
2001.09.01 22:25 B D:\TBH Temp\lubbock\images\LU1-GE32-LG.JPG --> uts.cc.utexas.edu /usr/pub/www/research/tarl/abouttarl/tbh/lubbock/images LU1-GE32-LG.JPG
2001.09.01 22:25 B D:\TBH Temp\lubbock\images\LU1-GE32-SM.JPG --> uts.cc.utexas.edu /usr/pub/www/research/tarl/abouttarl/tbh/lubbock/images LU1-GE32-SM.JPG
2001.09.01 22:25 B D:\TBH Temp\lubbock\images\LU1-GE32.html --> uts.cc.utexas.edu /usr/pub/www/research/tarl/abouttarl/tbh/lubbock/images LU1-GE32.html
2001.09.01 22:25 B D:\TBH Temp\lubbock\images\Lu1-ge34-lg.jpg --> uts.cc.utexas.edu /usr/pub/www/research/tarl/abouttarl/tbh/lubbock/images Lu1-ge34-lg.jpg
2001.09.01 22:25 B D:\TBH Temp\lubbock\images\Lu1-ge34-sm.jpg --> uts.cc.utexas.edu /usr/pub/www/research/tarl/abouttarl/tbh/lubbock/images Lu1-ge34-sm.jpg
2001.09.01 22:25 B D:\TBH Temp\lubbock\images\Lu1-ge34.html --> uts.cc.utexas.edu /usr/pub/www/research/tarl/abouttarl/tbh/lubbock/images Lu1-ge34.html
2001.09.01 22:25 B D:\TBH Temp\lubbock\images\Lu1-ge6-lg.jpg --> uts.cc.utexas.edu /usr/pub/www/research/tarl/abouttarl/tbh/lubbock/images Lu1-ge6-lg.jpg
2001.09.01 22:25 B D:\TBH Temp\lubbock\images\Lu1-ge6-sm.jpg --> uts.cc.utexas.edu /usr/pub/www/research/tarl/abouttarl/tbh/lubbock/images Lu1-ge6-sm.jpg
2001.09.01 22:25 B D:\TBH Temp\lubbock\images\Lu1-ge6.html --> uts.cc.utexas.edu /usr/pub/www/research/tarl/abouttarl/tbh/lubbock/images Lu1-ge6.html
2001.09.01 22:25 B D:\TBH Temp\lubbock\images\Lu1-ge8-lg.jpg --> uts.cc.utexas.edu /usr/pub/www/research/tarl/abouttarl/tbh/lubbock/images Lu1-ge8-lg.jpg
2001.09.01 22:25 B D:\TBH Temp\lubbock\images\Lu1-ge8-sm.jpg --> uts.cc.utexas.edu /usr/pub/www/research/tarl/abouttarl/tbh/lubbock/images Lu1-ge8-sm.jpg
2001.09.01 22:25 B D:\TBH Temp\lubbock\images\Lu1-mb1-lg.jpg --> uts.cc.utexas.edu /usr/pub/www/research/tarl/abouttarl/tbh/lubbock/images Lu1-mb1-lg.jpg
2001.09.01 22:25 B D:\TBH Temp\lubbock\images\Lu1-mb1-sm.jpg --> uts.cc.utexas.edu /usr/pub/www/research/tarl/abouttarl/tbh/lubbock/images Lu1-mb1-sm.jpg
2001.09.01 22:25 B D:\TBH Temp\lubbock\images\Lu1-mb1.html --> uts.cc.utexas.edu /usr/pub/www/research/tarl/abouttarl/tbh/lubbock/images Lu1-mb1.html
2001.09.01 22:25 B D:\TBH Temp\lubbock\images\lubbock-m1-lg.jpg --> uts.cc.utexas.edu /usr/pub/www/research/tarl/abouttarl/tbh/lubbock/images lubbock-m1-lg.jpg
2001.09.01 22:25 B D:\TBH Temp\lubbock\images\lubbock-m1-sm.jpg --> uts.cc.utexas.edu /usr/pub/www/research/tarl/abouttarl/tbh/lubbock/images lubbock-m1-sm.jpg
2001.09.01 22:25 B D:\TBH Temp\lubbock\images\lubbock-m1.html --> uts.cc.utexas.edu /usr/pub/www/research/tarl/abouttarl/tbh/lubbock/images lubbock-m1.html
2001.09.01 22:25 B D:\TBH Temp\lubbock\images\lubbock-m10-lg.jpg --> uts.cc.utexas.edu /usr/pub/www/research/tarl/abouttarl/tbh/lubbock/images lubbock-m10-lg.jpg
2001.09.01 22:25 B D:\TBH Temp\lubbock\images\lubbock-m10-sm.jpg --> uts.cc.utexas.edu /usr/pub/www/research/tarl/abouttarl/tbh/lubbock/images lubbock-m10-sm.jpg
2001.09.01 22:25 B D:\TBH Temp\lubbock\images\lubbock-m10.html --> uts.cc.utexas.edu /usr/pub/www/research/tarl/abouttarl/tbh/lubbock/images lubbock-m10.html
2001.09.01 22:25 B D:\TBH Temp\lubbock\images\lubbock-m11-lg.jpg --> uts.cc.utexas.edu /usr/pub/www/research/tarl/abouttarl/tbh/lubbock/images lubbock-m11-lg.jpg
2001.09.01 22:25 B D:\TBH Temp\lubbock\images\lubbock-m11-sm.jpg --> uts.cc.utexas.edu /usr/pub/www/research/tarl/abouttarl/tbh/lubbock/images lubbock-m11-sm.jpg
2001.09.01 22:25 B D:\TBH Temp\lubbock\images\lubbock-m11.html --> uts.cc.utexas.edu /usr/pub/www/research/tarl/abouttarl/tbh/lubbock/images lubbock-m11.html
2001.09.01 22:26 B D:\TBH Temp\lubbock\images\lubbock-m12-lg.jpg --> uts.cc.utexas.edu /usr/pub/www/research/tarl/abouttarl/tbh/lubbock/images lubbock-m12-lg.jpg
2001.09.01 22:26 B D:\TBH Temp\lubbock\images\lubbock-m12-sm.jpg --> uts.cc.utexas.edu /usr/pub/www/research/tarl/abouttarl/tbh/lubbock/images lubbock-m12-sm.jpg
2001.09.01 22:26 B D:\TBH Temp\lubbock\images\lubbock-m12.html --> uts.cc.utexas.edu /usr/pub/www/research/tarl/abouttarl/tbh/lubbock/images lubbock-m12.html
2001.09.01 22:26 B D:\TBH Temp\lubbock\images\lubbock-m13-lg.jpg --> uts.cc.utexas.edu /usr/pub/www/research/tarl/abouttarl/tbh/lubbock/images lubbock-m13-lg.jpg
2001.09.01 22:26 B D:\TBH Temp\lubbock\images\lubbock-m13-sm.jpg --> uts.cc.utexas.edu /usr/pub/www/research/tarl/abouttarl/tbh/lubbock/images lubbock-m13-sm.jpg
2001.09.01 22:26 B D:\TBH Temp\lubbock\images\lubbock-m13.html --> uts.cc.utexas.edu /usr/pub/www/research/tarl/abouttarl/tbh/lubbock/images lubbock-m13.html
2001.09.01 22:26 B D:\TBH Temp\lubbock\images\lubbock-m15-lg.jpg --> uts.cc.utexas.edu /usr/pub/www/research/tarl/abouttarl/tbh/lubbock/images lubbock-m15-lg.jpg
2001.09.01 22:26 B D:\TBH Temp\lubbock\images\lubbock-m15-sm.jpg --> uts.cc.utexas.edu /usr/pub/www/research/tarl/abouttarl/tbh/lubbock/images lubbock-m15-sm.jpg
2001.09.01 22:26 B D:\TBH Temp\lubbock\images\lubbock-m15.html --> uts.cc.utexas.edu /usr/pub/www/research/tarl/abouttarl/tbh/lubbock/images lubbock-m15.html
2001.09.01 22:26 B D:\TBH Temp\lubbock\images\lubbock-m16-lg.jpg --> uts.cc.utexas.edu /usr/pub/www/research/tarl/abouttarl/tbh/lubbock/images lubbock-m16-lg.jpg
2001.09.01 22:26 B D:\TBH Temp\lubbock\images\lubbock-m16-sm.jpg --> uts.cc.utexas.edu /usr/pub/www/research/tarl/abouttarl/tbh/lubbock/images lubbock-m16-sm.jpg
2001.09.01 22:26 B D:\TBH Temp\lubbock\images\lubbock-m16.html --> uts.cc.utexas.edu /usr/pub/www/research/tarl/abouttarl/tbh/lubbock/images lubbock-m16.html
2001.09.01 22:26 B D:\TBH Temp\lubbock\images\lubbock-m17-lg.jpg --> uts.cc.utexas.edu /usr/pub/www/research/tarl/abouttarl/tbh/lubbock/images lubbock-m17-lg.jpg
2001.09.01 22:26 B D:\TBH Temp\lubbock\images\lubbock-m17-sm.jpg --> uts.cc.utexas.edu /usr/pub/www/research/tarl/abouttarl/tbh/lubbock/images lubbock-m17-sm.jpg
2001.09.01 22:26 B D:\TBH Temp\lubbock\images\lubbock-m17.html --> uts.cc.utexas.edu /usr/pub/www/research/tarl/abouttarl/tbh/lubbock/images lubbock-m17.html
2001.09.01 22:26 B D:\TBH Temp\lubbock\images\lubbock-m18-lg.jpg --> uts.cc.utexas.edu /usr/pub/www/research/tarl/abouttarl/tbh/lubbock/images lubbock-m18-lg.jpg
2001.09.01 22:26 B D:\TBH Temp\lubbock\images\lubbock-m18-sm.jpg --> uts.cc.utexas.edu /usr/pub/www/research/tarl/abouttarl/tbh/lubbock/images lubbock-m18-sm.jpg
2001.09.01 22:26 B D:\TBH Temp\lubbock\images\lubbock-m18.html --> uts.cc.utexas.edu /usr/pub/www/research/tarl/abouttarl/tbh/lubbock/images lubbock-m18.html
2001.09.01 22:26 B D:\TBH Temp\lubbock\images\lubbock-m19-lg.jpg --> uts.cc.utexas.edu /usr/pub/www/research/tarl/abouttarl/tbh/lubbock/images lubbock-m19-lg.jpg
2001.09.01 22:26 B D:\TBH Temp\lubbock\images\lubbock-m19-sm.jpg --> uts.cc.utexas.edu /usr/pub/www/research/tarl/abouttarl/tbh/lubbock/images lubbock-m19-sm.jpg
2001.09.01 22:26 B D:\TBH Temp\lubbock\images\lubbock-m19.html --> uts.cc.utexas.edu /usr/pub/www/research/tarl/abouttarl/tbh/lubbock/images lubbock-m19.html
2001.09.01 22:26 B D:\TBH Temp\lubbock\images\lubbock-m2-lg.jpg --> uts.cc.utexas.edu /usr/pub/www/research/tarl/abouttarl/tbh/lubbock/images lubbock-m2-lg.jpg
2001.09.01 22:26 B D:\TBH Temp\lubbock\images\lubbock-m2-sm.jpg --> uts.cc.utexas.edu /usr/pub/www/research/tarl/abouttarl/tbh/lubbock/images lubbock-m2-sm.jpg
2001.09.01 22:26 B D:\TBH Temp\lubbock\images\lubbock-m2.html --> uts.cc.utexas.edu /usr/pub/www/research/tarl/abouttarl/tbh/lubbock/images lubbock-m2.html
2001.09.01 22:26 B D:\TBH Temp\lubbock\images\lubbock-m20-lg.jpg --> uts.cc.utexas.edu /usr/pub/www/research/tarl/abouttarl/tbh/lubbock/images lubbock-m20-lg.jpg
2001.09.01 22:26 B D:\TBH Temp\lubbock\images\lubbock-m20-sm.jpg --> uts.cc.utexas.edu /usr/pub/www/research/tarl/abouttarl/tbh/lubbock/images lubbock-m20-sm.jpg
2001.09.01 22:26 B D:\TBH Temp\lubbock\images\lubbock-m20.html --> uts.cc.utexas.edu /usr/pub/www/research/tarl/abouttarl/tbh/lubbock/images lubbock-m20.html
2001.09.01 22:26 B D:\TBH Temp\lubbock\images\lubbock-m23-lg.jpg --> uts.cc.utexas.edu /usr/pub/www/research/tarl/abouttarl/tbh/lubbock/images lubbock-m23-lg.jpg
2001.09.01 22:26 B D:\TBH Temp\lubbock\images\lubbock-m23-sm.jpg --> uts.cc.utexas.edu /usr/pub/www/research/tarl/abouttarl/tbh/lubbock/images lubbock-m23-sm.jpg
2001.09.01 22:26 B D:\TBH Temp\lubbock\images\lubbock-m23.html --> uts.cc.utexas.edu /usr/pub/www/research/tarl/abouttarl/tbh/lubbock/images lubbock-m23.html
2001.09.01 22:27 B D:\TBH Temp\lubbock\images\lubbock-m4-lg.jpg --> uts.cc.utexas.edu /usr/pub/www/research/tarl/abouttarl/tbh/lubbock/images lubbock-m4-lg.jpg
2001.09.01 22:27 B D:\TBH Temp\lubbock\images\lubbock-m4-sm.jpg --> uts.cc.utexas.edu /usr/pub/www/research/tarl/abouttarl/tbh/lubbock/images lubbock-m4-sm.jpg
2001.09.01 22:27 B D:\TBH Temp\lubbock\images\lubbock-m4.html --> uts.cc.utexas.edu /usr/pub/www/research/tarl/abouttarl/tbh/lubbock/images lubbock-m4.html
2001.09.01 22:27 B D:\TBH Temp\lubbock\images\lubbock-m5-lg.jpg --> uts.cc.utexas.edu /usr/pub/www/research/tarl/abouttarl/tbh/lubbock/images lubbock-m5-lg.jpg
2001.09.01 22:27 B D:\TBH Temp\lubbock\images\lubbock-m5-sm.jpg --> uts.cc.utexas.edu /usr/pub/www/research/tarl/abouttarl/tbh/lubbock/images lubbock-m5-sm.jpg
2001.09.01 22:27 B D:\TBH Temp\lubbock\images\lubbock-m5.html --> uts.cc.utexas.edu /usr/pub/www/research/tarl/abouttarl/tbh/lubbock/images lubbock-m5.html
2001.09.01 22:27 B D:\TBH Temp\lubbock\images\lubbock-m7-lg.jpg --> uts.cc.utexas.edu /usr/pub/www/research/tarl/abouttarl/tbh/lubbock/images lubbock-m7-lg.jpg
2001.09.01 22:27 B D:\TBH Temp\lubbock\images\lubbock-m7-sm.jpg --> uts.cc.utexas.edu /usr/pub/www/research/tarl/abouttarl/tbh/lubbock/images lubbock-m7-sm.jpg
2001.09.01 22:27 B D:\TBH Temp\lubbock\images\lubbock-m7.html --> uts.cc.utexas.edu /usr/pub/www/research/tarl/abouttarl/tbh/lubbock/images lubbock-m7.html
2001.09.01 22:27 B D:\TBH Temp\lubbock\images\lubbock-m8-lg.jpg --> uts.cc.utexas.edu /usr/pub/www/research/tarl/abouttarl/tbh/lubbock/images lubbock-m8-lg.jpg
2001.09.01 22:27 B D:\TBH Temp\lubbock\images\lubbock-m8-sm.jpg --> uts.cc.utexas.edu /usr/pub/www/research/tarl/abouttarl/tbh/lubbock/images lubbock-m8-sm.jpg
2001.09.01 22:27 B D:\TBH Temp\lubbock\images\lubbock-m8.html --> uts.cc.utexas.edu /usr/pub/www/research/tarl/abouttarl/tbh/lubbock/images lubbock-m8.html
2001.09.01 22:27 B D:\TBH Temp\lubbock\images\lubbock-m9-lg.jpg --> uts.cc.utexas.edu /usr/pub/www/research/tarl/abouttarl/tbh/lubbock/images lubbock-m9-lg.jpg
2001.09.01 22:27 B D:\TBH Temp\lubbock\images\lubbock-m9-sm.jpg --> uts.cc.utexas.edu /usr/pub/www/research/tarl/abouttarl/tbh/lubbock/images lubbock-m9-sm.jpg
2001.09.01 22:27 B D:\TBH Temp\lubbock\images\lubbock-m9.html --> uts.cc.utexas.edu /usr/pub/www/research/tarl/abouttarl/tbh/lubbock/images lubbock-m9.html
2001.09.04 15:37 B M:\Website Stuff\lubbock\images\WS_FTP.LOG <-- TARLweb /usr/pub/www/research/tarl/abouttarl/tbh/lubbock/images WS_FTP.LOG
2001.09.04 16:50 B C:\WINDOWS\Desktop\TBH\TBH on TEXsite\lubbock\images\WS_FTP.LOG <-- TARL /Website Stuff/lubbock/images WS_FTP.LOG
2001.10.02 00:14 B C:\WINDOWS\Desktop\TBH\Recent\lubbock\images\Lu-md1-lg.jpg --> uts.cc.utexas.edu /export/httpd/vhosts/texasbeyondhistory/data/lubbock/images Lu-md1-lg.jpg
2001.10.02 00:14 B C:\WINDOWS\Desktop\TBH\Recent\lubbock\images\Lu-md1-sm.jpg --> uts.cc.utexas.edu /export/httpd/vhosts/texasbeyondhistory/data/lubbock/images Lu-md1-sm.jpg
2001.10.02 00:14 B C:\WINDOWS\Desktop\TBH\Recent\lubbock\images\lu-md1.html --> uts.cc.utexas.edu /export/httpd/vhosts/texasbeyondhistory/data/lubbock/images lu-md1.html
2001.10.02 00:15 B C:\WINDOWS\Desktop\TBH\Recent\lubbock\images\Lu-md10-lg.jpg --> uts.cc.utexas.edu /export/httpd/vhosts/texasbeyondhistory/data/lubbock/images Lu-md10-lg.jpg
2001.10.02 00:15 B C:\WINDOWS\Desktop\TBH\Recent\lubbock\images\Lu-md10-sm.jpg --> uts.cc.utexas.edu /export/httpd/vhosts/texasbeyondhistory/data/lubbock/images Lu-md10-sm.jpg
2001.10.02 00:15 B C:\WINDOWS\Desktop\TBH\Recent\lubbock\images\lu-md10.html --> uts.cc.utexas.edu /export/httpd/vhosts/texasbeyondhistory/data/lubbock/images lu-md10.html
2001.10.02 00:15 B C:\WINDOWS\Desktop\TBH\Recent\lubbock\images\Lu-md11-lg.jpg --> uts.cc.utexas.edu /export/httpd/vhosts/texasbeyondhistory/data/lubbock/images Lu-md11-lg.jpg
2001.10.02 00:15 B C:\WINDOWS\Desktop\TBH\Recent\lubbock\images\Lu-md11-sm.jpg --> uts.cc.utexas.edu /export/httpd/vhosts/texasbeyondhistory/data/lubbock/images Lu-md11-sm.jpg
2001.10.02 00:15 B C:\WINDOWS\Desktop\TBH\Recent\lubbock\images\lu-md11.html --> uts.cc.utexas.edu /export/httpd/vhosts/texasbeyondhistory/data/lubbock/images lu-md11.html
2001.10.02 00:15 B C:\WINDOWS\Desktop\TBH\Recent\lubbock\images\Lu-md12-lg.jpg --> uts.cc.utexas.edu /export/httpd/vhosts/texasbeyondhistory/data/lubbock/images Lu-md12-lg.jpg
2001.10.02 00:15 B C:\WINDOWS\Desktop\TBH\Recent\lubbock\images\Lu-md12-sm.jpg --> uts.cc.utexas.edu /export/httpd/vhosts/texasbeyondhistory/data/lubbock/images Lu-md12-sm.jpg
2001.10.02 00:15 B C:\WINDOWS\Desktop\TBH\Recent\lubbock\images\lu-md12.html --> uts.cc.utexas.edu /export/httpd/vhosts/texasbeyondhistory/data/lubbock/images lu-md12.html
2001.10.02 00:16 B C:\WINDOWS\Desktop\TBH\Recent\lubbock\images\lu-md13-lg.jpg --> uts.cc.utexas.edu /export/httpd/vhosts/texasbeyondhistory/data/lubbock/images lu-md13-lg.jpg
2001.10.02 00:16 B C:\WINDOWS\Desktop\TBH\Recent\lubbock\images\lu-md13-sm.jpg --> uts.cc.utexas.edu /export/httpd/vhosts/texasbeyondhistory/data/lubbock/images lu-md13-sm.jpg
2001.10.02 00:16 B C:\WINDOWS\Desktop\TBH\Recent\lubbock\images\lu-md13.html --> uts.cc.utexas.edu /export/httpd/vhosts/texasbeyondhistory/data/lubbock/images lu-md13.html
2001.10.02 00:16 B C:\WINDOWS\Desktop\TBH\Recent\lubbock\images\lu-md14-lg.jpg --> uts.cc.utexas.edu /export/httpd/vhosts/texasbeyondhistory/data/lubbock/images lu-md14-lg.jpg
2001.10.02 00:16 B C:\WINDOWS\Desktop\TBH\Recent\lubbock\images\lu-md14-sm.jpg --> uts.cc.utexas.edu /export/httpd/vhosts/texasbeyondhistory/data/lubbock/images lu-md14-sm.jpg
2001.10.02 00:16 B C:\WINDOWS\Desktop\TBH\Recent\lubbock\images\lu-md14.html --> uts.cc.utexas.edu /export/httpd/vhosts/texasbeyondhistory/data/lubbock/images lu-md14.html
2001.10.02 00:16 B C:\WINDOWS\Desktop\TBH\Recent\lubbock\images\lu-md15-lg.jpg --> uts.cc.utexas.edu /export/httpd/vhosts/texasbeyondhistory/data/lubbock/images lu-md15-lg.jpg
2001.10.02 00:16 B C:\WINDOWS\Desktop\TBH\Recent\lubbock\images\lu-md15-sm.jpg --> uts.cc.utexas.edu /export/httpd/vhosts/texasbeyondhistory/data/lubbock/images lu-md15-sm.jpg
2001.10.02 00:16 B C:\WINDOWS\Desktop\TBH\Recent\lubbock\images\lu-md15.html --> uts.cc.utexas.edu /export/httpd/vhosts/texasbeyondhistory/data/lubbock/images lu-md15.html
2001.10.02 00:16 B C:\WINDOWS\Desktop\TBH\Recent\lubbock\images\lu-md16-lg.jpg --> uts.cc.utexas.edu /export/httpd/vhosts/texasbeyondhistory/data/lubbock/images lu-md16-lg.jpg
2001.10.02 00:16 B C:\WINDOWS\Desktop\TBH\Recent\lubbock\images\lu-md16-sm.jpg --> uts.cc.utexas.edu /export/httpd/vhosts/texasbeyondhistory/data/lubbock/images lu-md16-sm.jpg
2001.10.02 00:16 B C:\WINDOWS\Desktop\TBH\Recent\lubbock\images\lu-md16.html --> uts.cc.utexas.edu /export/httpd/vhosts/texasbeyondhistory/data/lubbock/images lu-md16.html
2001.10.02 00:17 B C:\WINDOWS\Desktop\TBH\Recent\lubbock\images\lu-md17-lg.jpg --> uts.cc.utexas.edu /export/httpd/vhosts/texasbeyondhistory/data/lubbock/images lu-md17-lg.jpg
2001.10.02 00:17 B C:\WINDOWS\Desktop\TBH\Recent\lubbock\images\lu-md17-sm.jpg --> uts.cc.utexas.edu /export/httpd/vhosts/texasbeyondhistory/data/lubbock/images lu-md17-sm.jpg
2001.10.02 00:17 B C:\WINDOWS\Desktop\TBH\Recent\lubbock\images\lu-md17.html --> uts.cc.utexas.edu /export/httpd/vhosts/texasbeyondhistory/data/lubbock/images lu-md17.html
2001.10.02 00:17 B C:\WINDOWS\Desktop\TBH\Recent\lubbock\images\lu-md19-lg.jpg --> uts.cc.utexas.edu /export/httpd/vhosts/texasbeyondhistory/data/lubbock/images lu-md19-lg.jpg
2001.10.02 00:17 B C:\WINDOWS\Desktop\TBH\Recent\lubbock\images\lu-md19-sm.jpg --> uts.cc.utexas.edu /export/httpd/vhosts/texasbeyondhistory/data/lubbock/images lu-md19-sm.jpg
2001.10.02 00:17 B C:\WINDOWS\Desktop\TBH\Recent\lubbock\images\lu-md19.html --> uts.cc.utexas.edu /export/httpd/vhosts/texasbeyondhistory/data/lubbock/images lu-md19.html
2001.10.02 00:17 B C:\WINDOWS\Desktop\TBH\Recent\lubbock\images\Lu-md3-lg.jpg --> uts.cc.utexas.edu /export/httpd/vhosts/texasbeyondhistory/data/lubbock/images Lu-md3-lg.jpg
2001.10.02 00:17 B C:\WINDOWS\Desktop\TBH\Recent\lubbock\images\Lu-md3-sm.jpg --> uts.cc.utexas.edu /export/httpd/vhosts/texasbeyondhistory/data/lubbock/images Lu-md3-sm.jpg
2001.10.02 00:17 B C:\WINDOWS\Desktop\TBH\Recent\lubbock\images\lu-md3.html --> uts.cc.utexas.edu /export/httpd/vhosts/texasbeyondhistory/data/lubbock/images lu-md3.html
2001.10.02 00:17 B C:\WINDOWS\Desktop\TBH\Recent\lubbock\images\Lu-md4-lg.jpg --> uts.cc.utexas.edu /export/httpd/vhosts/texasbeyondhistory/data/lubbock/images Lu-md4-lg.jpg
2001.10.02 00:17 B C:\WINDOWS\Desktop\TBH\Recent\lubbock\images\lu-md4-sm.jpg --> uts.cc.utexas.edu /export/httpd/vhosts/texasbeyondhistory/data/lubbock/images lu-md4-sm.jpg
2001.10.02 00:17 B C:\WINDOWS\Desktop\TBH\Recent\lubbock\images\lu-md4.html --> uts.cc.utexas.edu /export/httpd/vhosts/texasbeyondhistory/data/lubbock/images lu-md4.html
2001.10.02 00:18 B C:\WINDOWS\Desktop\TBH\Recent\lubbock\images\lu-md6-lg.jpg --> uts.cc.utexas.edu /export/httpd/vhosts/texasbeyondhistory/data/lubbock/images lu-md6-lg.jpg
2001.10.02 00:18 B C:\WINDOWS\Desktop\TBH\Recent\lubbock\images\lu-md6-sm.jpg --> uts.cc.utexas.edu /export/httpd/vhosts/texasbeyondhistory/data/lubbock/images lu-md6-sm.jpg
2001.10.02 00:18 B C:\WINDOWS\Desktop\TBH\Recent\lubbock\images\lu-md6.html --> uts.cc.utexas.edu /export/httpd/vhosts/texasbeyondhistory/data/lubbock/images lu-md6.html
2001.10.02 00:18 B C:\WINDOWS\Desktop\TBH\Recent\lubbock\images\Lu-md7-lg.jpg --> uts.cc.utexas.edu /export/httpd/vhosts/texasbeyondhistory/data/lubbock/images Lu-md7-lg.jpg
2001.10.02 00:18 B C:\WINDOWS\Desktop\TBH\Recent\lubbock\images\Lu-md7-sm.jpg --> uts.cc.utexas.edu /export/httpd/vhosts/texasbeyondhistory/data/lubbock/images Lu-md7-sm.jpg
2001.10.02 00:18 B C:\WINDOWS\Desktop\TBH\Recent\lubbock\images\lu-md7.html --> uts.cc.utexas.edu /export/httpd/vhosts/texasbeyondhistory/data/lubbock/images lu-md7.html
2001.10.02 00:18 B C:\WINDOWS\Desktop\TBH\Recent\lubbock\images\Lu-md8-lg.jpg --> uts.cc.utexas.edu /export/httpd/vhosts/texasbeyondhistory/data/lubbock/images Lu-md8-lg.jpg
2001.10.02 00:18 B C:\WINDOWS\Desktop\TBH\Recent\lubbock\images\Lu-md8-sm.jpg --> uts.cc.utexas.edu /export/httpd/vhosts/texasbeyondhistory/data/lubbock/images Lu-md8-sm.jpg
2001.10.02 00:19 B C:\WINDOWS\Desktop\TBH\Recent\lubbock\images\Lu-nf1-lg.jpg --> uts.cc.utexas.edu /export/httpd/vhosts/texasbeyondhistory/data/lubbock/images Lu-nf1-lg.jpg
2001.10.02 00:19 B C:\WINDOWS\Desktop\TBH\Recent\lubbock\images\Lu-nf1-sm.jpg --> uts.cc.utexas.edu /export/httpd/vhosts/texasbeyondhistory/data/lubbock/images Lu-nf1-sm.jpg
2001.10.02 00:19 B C:\WINDOWS\Desktop\TBH\Recent\lubbock\images\lu-nf1.html --> uts.cc.utexas.edu /export/httpd/vhosts/texasbeyondhistory/data/lubbock/images lu-nf1.html
2001.10.02 00:19 B C:\WINDOWS\Desktop\TBH\Recent\lubbock\images\Lu-nf2-lg.jpg --> uts.cc.utexas.edu /export/httpd/vhosts/texasbeyondhistory/data/lubbock/images Lu-nf2-lg.jpg
2001.10.02 00:19 B C:\WINDOWS\Desktop\TBH\Recent\lubbock\images\Lu-nf2-sm.jpg --> uts.cc.utexas.edu /export/httpd/vhosts/texasbeyondhistory/data/lubbock/images Lu-nf2-sm.jpg
2001.10.02 00:19 B C:\WINDOWS\Desktop\TBH\Recent\lubbock\images\Lu-nf2.html --> uts.cc.utexas.edu /export/httpd/vhosts/texasbeyondhistory/data/lubbock/images Lu-nf2.html
2001.10.02 00:20 B C:\WINDOWS\Desktop\TBH\Recent\lubbock\images\Lu-nf4-lg.jpg --> uts.cc.utexas.edu /export/httpd/vhosts/texasbeyondhistory/data/lubbock/images Lu-nf4-lg.jpg
2001.10.02 00:20 B C:\WINDOWS\Desktop\TBH\Recent\lubbock\images\Lu-nf4-sm.jpg --> uts.cc.utexas.edu /export/httpd/vhosts/texasbeyondhistory/data/lubbock/images Lu-nf4-sm.jpg
2001.10.02 00:20 B C:\WINDOWS\Desktop\TBH\Recent\lubbock\images\lu-nf4.html --> uts.cc.utexas.edu /export/httpd/vhosts/texasbeyondhistory/data/lubbock/images lu-nf4.html
2001.10.02 00:20 B C:\WINDOWS\Desktop\TBH\Recent\lubbock\images\lu-nf5-lg.jpg --> uts.cc.utexas.edu /export/httpd/vhosts/texasbeyondhistory/data/lubbock/images lu-nf5-lg.jpg
2001.10.02 00:20 B C:\WINDOWS\Desktop\TBH\Recent\lubbock\images\lu-nf5-sm.jpg --> uts.cc.utexas.edu /export/httpd/vhosts/texasbeyondhistory/data/lubbock/images lu-nf5-sm.jpg
2001.10.02 00:20 B C:\WINDOWS\Desktop\TBH\Recent\lubbock\images\lu-nf5.html --> uts.cc.utexas.edu /export/httpd/vhosts/texasbeyondhistory/data/lubbock/images lu-nf5.html
2001.10.02 00:20 B C:\WINDOWS\Desktop\TBH\Recent\lubbock\images\Lu1-ge1-lg.jpg --> uts.cc.utexas.edu /export/httpd/vhosts/texasbeyondhistory/data/lubbock/images Lu1-ge1-lg.jpg
2001.10.02 00:21 B C:\WINDOWS\Desktop\TBH\Recent\lubbock\images\Lu1-ge1-sm.jpg --> uts.cc.utexas.edu /export/httpd/vhosts/texasbeyondhistory/data/lubbock/images Lu1-ge1-sm.jpg
2001.10.02 00:21 B C:\WINDOWS\Desktop\TBH\Recent\lubbock\images\Lu1-ge10-lg.jpg --> uts.cc.utexas.edu /export/httpd/vhosts/texasbeyondhistory/data/lubbock/images Lu1-ge10-lg.jpg
2001.10.02 00:21 B C:\WINDOWS\Desktop\TBH\Recent\lubbock\images\Lu1-ge10-sm.jpg --> uts.cc.utexas.edu /export/httpd/vhosts/texasbeyondhistory/data/lubbock/images Lu1-ge10-sm.jpg
2001.10.02 00:21 B C:\WINDOWS\Desktop\TBH\Recent\lubbock\images\Lu1-ge10.html --> uts.cc.utexas.edu /export/httpd/vhosts/texasbeyondhistory/data/lubbock/images Lu1-ge10.html
2001.10.02 00:21 B C:\WINDOWS\Desktop\TBH\Recent\lubbock\images\Lu1-ge14-lg.jpg --> uts.cc.utexas.edu /export/httpd/vhosts/texasbeyondhistory/data/lubbock/images Lu1-ge14-lg.jpg
2001.10.02 00:21 B C:\WINDOWS\Desktop\TBH\Recent\lubbock\images\Lu1-ge14-sm.jpg --> uts.cc.utexas.edu /export/httpd/vhosts/texasbeyondhistory/data/lubbock/images Lu1-ge14-sm.jpg
2001.10.02 00:21 B C:\WINDOWS\Desktop\TBH\Recent\lubbock\images\Lu1-ge14.html --> uts.cc.utexas.edu /export/httpd/vhosts/texasbeyondhistory/data/lubbock/images Lu1-ge14.html
2001.10.02 00:22 B C:\WINDOWS\Desktop\TBH\Recent\lubbock\images\Lu1-ge15-lg.jpg --> uts.cc.utexas.edu /export/httpd/vhosts/texasbeyondhistory/data/lubbock/images Lu1-ge15-lg.jpg
2001.10.02 00:22 B C:\WINDOWS\Desktop\TBH\Recent\lubbock\images\Lu1-ge15-sm.jpg --> uts.cc.utexas.edu /export/httpd/vhosts/texasbeyondhistory/data/lubbock/images Lu1-ge15-sm.jpg
2001.10.02 00:22 B C:\WINDOWS\Desktop\TBH\Recent\lubbock\images\Lu1-ge15.html --> uts.cc.utexas.edu /export/httpd/vhosts/texasbeyondhistory/data/lubbock/images Lu1-ge15.html
2001.10.02 00:22 B C:\WINDOWS\Desktop\TBH\Recent\lubbock\images\Lu1-ge16-lg.jpg --> uts.cc.utexas.edu /export/httpd/vhosts/texasbeyondhistory/data/lubbock/images Lu1-ge16-lg.jpg
2001.10.02 00:22 B C:\WINDOWS\Desktop\TBH\Recent\lubbock\images\Lu1-ge16-sm.jpg --> uts.cc.utexas.edu /export/httpd/vhosts/texasbeyondhistory/data/lubbock/images Lu1-ge16-sm.jpg
2001.10.02 00:22 B C:\WINDOWS\Desktop\TBH\Recent\lubbock\images\Lu1-ge16.html --> uts.cc.utexas.edu /export/httpd/vhosts/texasbeyondhistory/data/lubbock/images Lu1-ge16.html
2001.10.02 00:22 B C:\WINDOWS\Desktop\TBH\Recent\lubbock\images\LU1-GE17-lg.jpg --> uts.cc.utexas.edu /export/httpd/vhosts/texasbeyondhistory/data/lubbock/images LU1-GE17-lg.jpg
2001.10.02 00:22 B C:\WINDOWS\Desktop\TBH\Recent\lubbock\images\LU1-GE17-sm.jpg --> uts.cc.utexas.edu /export/httpd/vhosts/texasbeyondhistory/data/lubbock/images LU1-GE17-sm.jpg
2001.10.02 00:22 B C:\WINDOWS\Desktop\TBH\Recent\lubbock\images\Lu1-ge17.html --> uts.cc.utexas.edu /export/httpd/vhosts/texasbeyondhistory/data/lubbock/images Lu1-ge17.html
2001.10.02 00:23 B C:\WINDOWS\Desktop\TBH\Recent\lubbock\images\LU1-GE18-crop-lg.JPG --> uts.cc.utexas.edu /export/httpd/vhosts/texasbeyondhistory/data/lubbock/images LU1-GE18-crop-lg.JPG
2001.10.02 00:23 B C:\WINDOWS\Desktop\TBH\Recent\lubbock\images\LU1-GE18-crop-sm.jpg --> uts.cc.utexas.edu /export/httpd/vhosts/texasbeyondhistory/data/lubbock/images LU1-GE18-crop-sm.jpg
2001.10.02 00:23 B C:\WINDOWS\Desktop\TBH\Recent\lubbock\images\LU1-GE18-crop.html --> uts.cc.utexas.edu /export/httpd/vhosts/texasbeyondhistory/data/lubbock/images LU1-GE18-crop.html
2001.10.02 00:23 B C:\WINDOWS\Desktop\TBH\Recent\lubbock\images\lu1-ge18-lg.jpg --> uts.cc.utexas.edu /export/httpd/vhosts/texasbeyondhistory/data/lubbock/images lu1-ge18-lg.jpg
2001.10.02 00:23 B C:\WINDOWS\Desktop\TBH\Recent\lubbock\images\lu1-ge18-sm.jpg --> uts.cc.utexas.edu /export/httpd/vhosts/texasbeyondhistory/data/lubbock/images lu1-ge18-sm.jpg
2001.10.02 00:23 B C:\WINDOWS\Desktop\TBH\Recent\lubbock\images\lu1-ge18-sm2.jpg --> uts.cc.utexas.edu /export/httpd/vhosts/texasbeyondhistory/data/lubbock/images lu1-ge18-sm2.jpg
2001.10.02 00:23 B C:\WINDOWS\Desktop\TBH\Recent\lubbock\images\LU1-GE18.html --> uts.cc.utexas.edu /export/httpd/vhosts/texasbeyondhistory/data/lubbock/images LU1-GE18.html
2001.10.02 00:23 B C:\WINDOWS\Desktop\TBH\Recent\lubbock\images\Lu1-ge19-lg.jpg --> uts.cc.utexas.edu /export/httpd/vhosts/texasbeyondhistory/data/lubbock/images Lu1-ge19-lg.jpg
2001.10.02 00:24 B C:\WINDOWS\Desktop\TBH\Recent\lubbock\images\Lu1-ge19-sm.jpg --> uts.cc.utexas.edu /export/httpd/vhosts/texasbeyondhistory/data/lubbock/images Lu1-ge19-sm.jpg
2001.10.02 00:24 B C:\WINDOWS\Desktop\TBH\Recent\lubbock\images\LU1-GE1X-LG.JPG --> uts.cc.utexas.edu /export/httpd/vhosts/texasbeyondhistory/data/lubbock/images LU1-GE1X-LG.JPG
2001.10.02 00:24 B C:\WINDOWS\Desktop\TBH\Recent\lubbock\images\LU1-GE1X-SM.JPG --> uts.cc.utexas.edu /export/httpd/vhosts/texasbeyondhistory/data/lubbock/images LU1-GE1X-SM.JPG
2001.10.02 00:24 B C:\WINDOWS\Desktop\TBH\Recent\lubbock\images\LU1-GE1X.html --> uts.cc.utexas.edu /export/httpd/vhosts/texasbeyondhistory/data/lubbock/images LU1-GE1X.html
2001.10.02 00:24 B C:\WINDOWS\Desktop\TBH\Recent\lubbock\images\Lu1-ge20-lg.jpg --> uts.cc.utexas.edu /export/httpd/vhosts/texasbeyondhistory/data/lubbock/images Lu1-ge20-lg.jpg
2001.10.02 00:24 B C:\WINDOWS\Desktop\TBH\Recent\lubbock\images\Lu1-ge20-sm.jpg --> uts.cc.utexas.edu /export/httpd/vhosts/texasbeyondhistory/data/lubbock/images Lu1-ge20-sm.jpg
2001.10.02 00:25 B C:\WINDOWS\Desktop\TBH\Recent\lubbock\images\Lu1-ge23-lg.jpg --> uts.cc.utexas.edu /export/httpd/vhosts/texasbeyondhistory/data/lubbock/images Lu1-ge23-lg.jpg
2001.10.02 00:25 B C:\WINDOWS\Desktop\TBH\Recent\lubbock\images\Lu1-ge23-sm.jpg --> uts.cc.utexas.edu /export/httpd/vhosts/texasbeyondhistory/data/lubbock/images Lu1-ge23-sm.jpg
2001.10.02 00:25 B C:\WINDOWS\Desktop\TBH\Recent\lubbock\images\Lu1-ge24-lg.jpg --> uts.cc.utexas.edu /export/httpd/vhosts/texasbeyondhistory/data/lubbock/images Lu1-ge24-lg.jpg
2001.10.02 00:25 B C:\WINDOWS\Desktop\TBH\Recent\lubbock\images\Lu1-ge24-sm.jpg --> uts.cc.utexas.edu /export/httpd/vhosts/texasbeyondhistory/data/lubbock/images Lu1-ge24-sm.jpg
2001.10.02 00:25 B C:\WINDOWS\Desktop\TBH\Recent\lubbock\images\LU1-GE28-LG.JPG --> uts.cc.utexas.edu /export/httpd/vhosts/texasbeyondhistory/data/lubbock/images LU1-GE28-LG.JPG
2001.10.02 00:25 B C:\WINDOWS\Desktop\TBH\Recent\lubbock\images\LU1-GE28-SM.JPG --> uts.cc.utexas.edu /export/httpd/vhosts/texasbeyondhistory/data/lubbock/images LU1-GE28-SM.JPG
2001.10.02 00:25 B C:\WINDOWS\Desktop\TBH\Recent\lubbock\images\LU1-GE28.html --> uts.cc.utexas.edu /export/httpd/vhosts/texasbeyondhistory/data/lubbock/images LU1-GE28.html
2001.10.02 00:26 B C:\WINDOWS\Desktop\TBH\Recent\lubbock\images\LU1-GE2X-LG.JPG --> uts.cc.utexas.edu /export/httpd/vhosts/texasbeyondhistory/data/lubbock/images LU1-GE2X-LG.JPG
2001.10.02 00:26 B C:\WINDOWS\Desktop\TBH\Recent\lubbock\images\LU1-GE2X-SM.JPG --> uts.cc.utexas.edu /export/httpd/vhosts/texasbeyondhistory/data/lubbock/images LU1-GE2X-SM.JPG
2001.10.02 00:26 B C:\WINDOWS\Desktop\TBH\Recent\lubbock\images\LU1-GE2X.html --> uts.cc.utexas.edu /export/httpd/vhosts/texasbeyondhistory/data/lubbock/images LU1-GE2X.html
2001.10.02 00:26 B C:\WINDOWS\Desktop\TBH\Recent\lubbock\images\LU1-GE32-LG.JPG --> uts.cc.utexas.edu /export/httpd/vhosts/texasbeyondhistory/data/lubbock/images LU1-GE32-LG.JPG
2001.10.02 00:26 B C:\WINDOWS\Desktop\TBH\Recent\lubbock\images\LU1-GE32-SM.JPG --> uts.cc.utexas.edu /export/httpd/vhosts/texasbeyondhistory/data/lubbock/images LU1-GE32-SM.JPG
2001.10.02 00:26 B C:\WINDOWS\Desktop\TBH\Recent\lubbock\images\LU1-GE32.html --> uts.cc.utexas.edu /export/httpd/vhosts/texasbeyondhistory/data/lubbock/images LU1-GE32.html
2001.10.02 00:26 B C:\WINDOWS\Desktop\TBH\Recent\lubbock\images\Lu1-ge34-lg.jpg --> uts.cc.utexas.edu /export/httpd/vhosts/texasbeyondhistory/data/lubbock/images Lu1-ge34-lg.jpg
2001.10.02 00:26 B C:\WINDOWS\Desktop\TBH\Recent\lubbock\images\Lu1-ge34-sm.jpg --> uts.cc.utexas.edu /export/httpd/vhosts/texasbeyondhistory/data/lubbock/images Lu1-ge34-sm.jpg
2001.10.02 00:26 B C:\WINDOWS\Desktop\TBH\Recent\lubbock\images\Lu1-ge34.html --> uts.cc.utexas.edu /export/httpd/vhosts/texasbeyondhistory/data/lubbock/images Lu1-ge34.html
2001.10.02 00:26 B C:\WINDOWS\Desktop\TBH\Recent\lubbock\images\Lu1-ge6-lg.jpg --> uts.cc.utexas.edu /export/httpd/vhosts/texasbeyondhistory/data/lubbock/images Lu1-ge6-lg.jpg
2001.10.02 00:26 B C:\WINDOWS\Desktop\TBH\Recent\lubbock\images\Lu1-ge6-sm.jpg --> uts.cc.utexas.edu /export/httpd/vhosts/texasbeyondhistory/data/lubbock/images Lu1-ge6-sm.jpg
2001.10.02 00:26 B C:\WINDOWS\Desktop\TBH\Recent\lubbock\images\Lu1-ge6.html --> uts.cc.utexas.edu /export/httpd/vhosts/texasbeyondhistory/data/lubbock/images Lu1-ge6.html
2001.10.02 00:27 B C:\WINDOWS\Desktop\TBH\Recent\lubbock\images\Lu1-ge8-lg.jpg --> uts.cc.utexas.edu /export/httpd/vhosts/texasbeyondhistory/data/lubbock/images Lu1-ge8-lg.jpg
2001.10.02 00:27 B C:\WINDOWS\Desktop\TBH\Recent\lubbock\images\Lu1-ge8-sm.jpg --> uts.cc.utexas.edu /export/httpd/vhosts/texasbeyondhistory/data/lubbock/images Lu1-ge8-sm.jpg
2001.10.02 00:27 B C:\WINDOWS\Desktop\TBH\Recent\lubbock\images\Lu1-mb1-lg.jpg --> uts.cc.utexas.edu /export/httpd/vhosts/texasbeyondhistory/data/lubbock/images Lu1-mb1-lg.jpg
2001.10.02 00:27 B C:\WINDOWS\Desktop\TBH\Recent\lubbock\images\Lu1-mb1-sm.jpg --> uts.cc.utexas.edu /export/httpd/vhosts/texasbeyondhistory/data/lubbock/images Lu1-mb1-sm.jpg
2001.10.02 00:27 B C:\WINDOWS\Desktop\TBH\Recent\lubbock\images\Lu1-mb1.html --> uts.cc.utexas.edu /export/httpd/vhosts/texasbeyondhistory/data/lubbock/images Lu1-mb1.html
2001.10.02 00:27 B C:\WINDOWS\Desktop\TBH\Recent\lubbock\images\lubbock-m1-lg.jpg --> uts.cc.utexas.edu /export/httpd/vhosts/texasbeyondhistory/data/lubbock/images lubbock-m1-lg.jpg
2001.10.02 00:28 B C:\WINDOWS\Desktop\TBH\Recent\lubbock\images\lubbock-m1-sm.jpg --> uts.cc.utexas.edu /export/httpd/vhosts/texasbeyondhistory/data/lubbock/images lubbock-m1-sm.jpg
2001.10.02 00:28 B C:\WINDOWS\Desktop\TBH\Recent\lubbock\images\lubbock-m1.html --> uts.cc.utexas.edu /export/httpd/vhosts/texasbeyondhistory/data/lubbock/images lubbock-m1.html
2001.10.02 00:28 B C:\WINDOWS\Desktop\TBH\Recent\lubbock\images\lubbock-m10-lg.jpg --> uts.cc.utexas.edu /export/httpd/vhosts/texasbeyondhistory/data/lubbock/images lubbock-m10-lg.jpg
2001.10.02 00:28 B C:\WINDOWS\Desktop\TBH\Recent\lubbock\images\lubbock-m10-sm.jpg --> uts.cc.utexas.edu /export/httpd/vhosts/texasbeyondhistory/data/lubbock/images lubbock-m10-sm.jpg
2001.10.02 00:28 B C:\WINDOWS\Desktop\TBH\Recent\lubbock\images\lubbock-m10.html --> uts.cc.utexas.edu /export/httpd/vhosts/texasbeyondhistory/data/lubbock/images lubbock-m10.html
2001.10.02 00:28 B C:\WINDOWS\Desktop\TBH\Recent\lubbock\images\lubbock-m11-lg.jpg --> uts.cc.utexas.edu /export/httpd/vhosts/texasbeyondhistory/data/lubbock/images lubbock-m11-lg.jpg
2001.10.02 00:28 B C:\WINDOWS\Desktop\TBH\Recent\lubbock\images\lubbock-m11-sm.jpg --> uts.cc.utexas.edu /export/httpd/vhosts/texasbeyondhistory/data/lubbock/images lubbock-m11-sm.jpg
2001.10.02 00:28 B C:\WINDOWS\Desktop\TBH\Recent\lubbock\images\lubbock-m11.html --> uts.cc.utexas.edu /export/httpd/vhosts/texasbeyondhistory/data/lubbock/images lubbock-m11.html
2001.10.02 00:28 B C:\WINDOWS\Desktop\TBH\Recent\lubbock\images\lubbock-m12-lg.jpg --> uts.cc.utexas.edu /export/httpd/vhosts/texasbeyondhistory/data/lubbock/images lubbock-m12-lg.jpg
2001.10.02 00:29 B C:\WINDOWS\Desktop\TBH\Recent\lubbock\images\lubbock-m12-sm.jpg --> uts.cc.utexas.edu /export/httpd/vhosts/texasbeyondhistory/data/lubbock/images lubbock-m12-sm.jpg
2001.10.02 00:29 B C:\WINDOWS\Desktop\TBH\Recent\lubbock\images\lubbock-m12.html --> uts.cc.utexas.edu /export/httpd/vhosts/texasbeyondhistory/data/lubbock/images lubbock-m12.html
2001.10.02 00:29 B C:\WINDOWS\Desktop\TBH\Recent\lubbock\images\lubbock-m13-lg.jpg --> uts.cc.utexas.edu /export/httpd/vhosts/texasbeyondhistory/data/lubbock/images lubbock-m13-lg.jpg
2001.10.02 00:29 B C:\WINDOWS\Desktop\TBH\Recent\lubbock\images\lubbock-m13-sm.jpg --> uts.cc.utexas.edu /export/httpd/vhosts/texasbeyondhistory/data/lubbock/images lubbock-m13-sm.jpg
2001.10.02 00:29 B C:\WINDOWS\Desktop\TBH\Recent\lubbock\images\lubbock-m13.html --> uts.cc.utexas.edu /export/httpd/vhosts/texasbeyondhistory/data/lubbock/images lubbock-m13.html
2001.10.02 00:29 B C:\WINDOWS\Desktop\TBH\Recent\lubbock\images\lubbock-m15-lg.jpg --> uts.cc.utexas.edu /export/httpd/vhosts/texasbeyondhistory/data/lubbock/images lubbock-m15-lg.jpg
2001.10.02 00:29 B C:\WINDOWS\Desktop\TBH\Recent\lubbock\images\lubbock-m15-sm.jpg --> uts.cc.utexas.edu /export/httpd/vhosts/texasbeyondhistory/data/lubbock/images lubbock-m15-sm.jpg
2001.10.02 00:29 B C:\WINDOWS\Desktop\TBH\Recent\lubbock\images\lubbock-m15.html --> uts.cc.utexas.edu /export/httpd/vhosts/texasbeyondhistory/data/lubbock/images lubbock-m15.html
2001.10.02 00:30 B C:\WINDOWS\Desktop\TBH\Recent\lubbock\images\lubbock-m16-lg.jpg --> uts.cc.utexas.edu /export/httpd/vhosts/texasbeyondhistory/data/lubbock/images lubbock-m16-lg.jpg
2001.10.02 00:30 B C:\WINDOWS\Desktop\TBH\Recent\lubbock\images\lubbock-m16-sm.jpg --> uts.cc.utexas.edu /export/httpd/vhosts/texasbeyondhistory/data/lubbock/images lubbock-m16-sm.jpg
2001.10.02 00:30 B C:\WINDOWS\Desktop\TBH\Recent\lubbock\images\lubbock-m16.html --> uts.cc.utexas.edu /export/httpd/vhosts/texasbeyondhistory/data/lubbock/images lubbock-m16.html
2001.10.02 00:30 B C:\WINDOWS\Desktop\TBH\Recent\lubbock\images\lubbock-m17-lg.jpg --> uts.cc.utexas.edu /export/httpd/vhosts/texasbeyondhistory/data/lubbock/images lubbock-m17-lg.jpg
2001.10.02 00:30 B C:\WINDOWS\Desktop\TBH\Recent\lubbock\images\lubbock-m17-sm.jpg --> uts.cc.utexas.edu /export/httpd/vhosts/texasbeyondhistory/data/lubbock/images lubbock-m17-sm.jpg
2001.10.02 00:30 B C:\WINDOWS\Desktop\TBH\Recent\lubbock\images\lubbock-m17.html --> uts.cc.utexas.edu /export/httpd/vhosts/texasbeyondhistory/data/lubbock/images lubbock-m17.html
2001.10.02 00:30 B C:\WINDOWS\Desktop\TBH\Recent\lubbock\images\lubbock-m18-lg.jpg --> uts.cc.utexas.edu /export/httpd/vhosts/texasbeyondhistory/data/lubbock/images lubbock-m18-lg.jpg
2001.10.02 00:30 B C:\WINDOWS\Desktop\TBH\Recent\lubbock\images\lubbock-m18-sm.jpg --> uts.cc.utexas.edu /export/httpd/vhosts/texasbeyondhistory/data/lubbock/images lubbock-m18-sm.jpg
2001.10.02 00:30 B C:\WINDOWS\Desktop\TBH\Recent\lubbock\images\lubbock-m18.html --> uts.cc.utexas.edu /export/httpd/vhosts/texasbeyondhistory/data/lubbock/images lubbock-m18.html
2001.10.02 00:30 B C:\WINDOWS\Desktop\TBH\Recent\lubbock\images\lubbock-m19-lg.jpg --> uts.cc.utexas.edu /export/httpd/vhosts/texasbeyondhistory/data/lubbock/images lubbock-m19-lg.jpg
2001.10.02 00:30 B C:\WINDOWS\Desktop\TBH\Recent\lubbock\images\lubbock-m19-sm.jpg --> uts.cc.utexas.edu /export/httpd/vhosts/texasbeyondhistory/data/lubbock/images lubbock-m19-sm.jpg
2001.10.02 00:30 B C:\WINDOWS\Desktop\TBH\Recent\lubbock\images\lubbock-m19.html --> uts.cc.utexas.edu /export/httpd/vhosts/texasbeyondhistory/data/lubbock/images lubbock-m19.html
2001.10.02 00:31 B C:\WINDOWS\Desktop\TBH\Recent\lubbock\images\lubbock-m2-lg.jpg --> uts.cc.utexas.edu /export/httpd/vhosts/texasbeyondhistory/data/lubbock/images lubbock-m2-lg.jpg
2001.10.02 00:31 B C:\WINDOWS\Desktop\TBH\Recent\lubbock\images\lubbock-m2-sm.jpg --> uts.cc.utexas.edu /export/httpd/vhosts/texasbeyondhistory/data/lubbock/images lubbock-m2-sm.jpg
2001.10.02 00:31 B C:\WINDOWS\Desktop\TBH\Recent\lubbock\images\lubbock-m2.html --> uts.cc.utexas.edu /export/httpd/vhosts/texasbeyondhistory/data/lubbock/images lubbock-m2.html
2001.10.02 00:31 B C:\WINDOWS\Desktop\TBH\Recent\lubbock\images\lubbock-m20-lg.jpg --> uts.cc.utexas.edu /export/httpd/vhosts/texasbeyondhistory/data/lubbock/images lubbock-m20-lg.jpg
2001.10.02 00:31 B C:\WINDOWS\Desktop\TBH\Recent\lubbock\images\lubbock-m20-sm.jpg --> uts.cc.utexas.edu /export/httpd/vhosts/texasbeyondhistory/data/lubbock/images lubbock-m20-sm.jpg
2001.10.02 00:31 B C:\WINDOWS\Desktop\TBH\Recent\lubbock\images\lubbock-m20.html --> uts.cc.utexas.edu /export/httpd/vhosts/texasbeyondhistory/data/lubbock/images lubbock-m20.html
2001.10.02 00:31 B C:\WINDOWS\Desktop\TBH\Recent\lubbock\images\lubbock-m23-lg.jpg --> uts.cc.utexas.edu /export/httpd/vhosts/texasbeyondhistory/data/lubbock/images lubbock-m23-lg.jpg
2001.10.02 00:31 B C:\WINDOWS\Desktop\TBH\Recent\lubbock\images\lubbock-m23-sm.jpg --> uts.cc.utexas.edu /export/httpd/vhosts/texasbeyondhistory/data/lubbock/images lubbock-m23-sm.jpg
2001.10.02 00:31 B C:\WINDOWS\Desktop\TBH\Recent\lubbock\images\lubbock-m23.html --> uts.cc.utexas.edu /export/httpd/vhosts/texasbeyondhistory/data/lubbock/images lubbock-m23.html
2001.10.02 00:31 B C:\WINDOWS\Desktop\TBH\Recent\lubbock\images\lubbock-m4-lg.jpg --> uts.cc.utexas.edu /export/httpd/vhosts/texasbeyondhistory/data/lubbock/images lubbock-m4-lg.jpg
2001.10.02 00:31 B C:\WINDOWS\Desktop\TBH\Recent\lubbock\images\lubbock-m4-sm.jpg --> uts.cc.utexas.edu /export/httpd/vhosts/texasbeyondhistory/data/lubbock/images lubbock-m4-sm.jpg
2001.10.02 00:32 B C:\WINDOWS\Desktop\TBH\Recent\lubbock\images\lubbock-m4.html --> uts.cc.utexas.edu /export/httpd/vhosts/texasbeyondhistory/data/lubbock/images lubbock-m4.html
2001.10.02 00:32 B C:\WINDOWS\Desktop\TBH\Recent\lubbock\images\lubbock-m5-lg.jpg --> uts.cc.utexas.edu /export/httpd/vhosts/texasbeyondhistory/data/lubbock/images lubbock-m5-lg.jpg
2001.10.02 00:32 B C:\WINDOWS\Desktop\TBH\Recent\lubbock\images\lubbock-m5-sm.jpg --> uts.cc.utexas.edu /export/httpd/vhosts/texasbeyondhistory/data/lubbock/images lubbock-m5-sm.jpg
2001.10.02 00:32 B C:\WINDOWS\Desktop\TBH\Recent\lubbock\images\lubbock-m5.html --> uts.cc.utexas.edu /export/httpd/vhosts/texasbeyondhistory/data/lubbock/images lubbock-m5.html
2001.10.02 00:32 B C:\WINDOWS\Desktop\TBH\Recent\lubbock\images\lubbock-m7-lg.jpg --> uts.cc.utexas.edu /export/httpd/vhosts/texasbeyondhistory/data/lubbock/images lubbock-m7-lg.jpg
2001.10.02 00:32 B C:\WINDOWS\Desktop\TBH\Recent\lubbock\images\lubbock-m7-sm.jpg --> uts.cc.utexas.edu /export/httpd/vhosts/texasbeyondhistory/data/lubbock/images lubbock-m7-sm.jpg
2001.10.02 00:32 B C:\WINDOWS\Desktop\TBH\Recent\lubbock\images\lubbock-m7.html --> uts.cc.utexas.edu /export/httpd/vhosts/texasbeyondhistory/data/lubbock/images lubbock-m7.html
2001.10.02 00:32 B C:\WINDOWS\Desktop\TBH\Recent\lubbock\images\lubbock-m8-lg.jpg --> uts.cc.utexas.edu /export/httpd/vhosts/texasbeyondhistory/data/lubbock/images lubbock-m8-lg.jpg
2001.10.02 00:32 B C:\WINDOWS\Desktop\TBH\Recent\lubbock\images\lubbock-m8-sm.jpg --> uts.cc.utexas.edu /export/httpd/vhosts/texasbeyondhistory/data/lubbock/images lubbock-m8-sm.jpg
2001.10.02 00:32 B C:\WINDOWS\Desktop\TBH\Recent\lubbock\images\lubbock-m8.html --> uts.cc.utexas.edu /export/httpd/vhosts/texasbeyondhistory/data/lubbock/images lubbock-m8.html
2001.10.02 00:32 B C:\WINDOWS\Desktop\TBH\Recent\lubbock\images\lubbock-m9-lg.jpg --> uts.cc.utexas.edu /export/httpd/vhosts/texasbeyondhistory/data/lubbock/images lubbock-m9-lg.jpg
2001.10.02 00:32 B C:\WINDOWS\Desktop\TBH\Recent\lubbock\images\lubbock-m9-sm.jpg --> uts.cc.utexas.edu /export/httpd/vhosts/texasbeyondhistory/data/lubbock/images lubbock-m9-sm.jpg
2001.10.02 00:33 B C:\WINDOWS\Desktop\TBH\Recent\lubbock\images\lubbock-m9.html --> uts.cc.utexas.edu /export/httpd/vhosts/texasbeyondhistory/data/lubbock/images lubbock-m9.html
2001.10.11 15:06 B M:\Website Stuff\TBH Website Temp\lubbock\images\WS_FTP.LOG <-- texasbeyondhistory /export/httpd/vhosts/texasbeyondhistory/data/lubbock/images WS_FTP.LOG
2002.01.08 14:30 B L:\Website Stuff\TBH Website Temp\lubbock\images\Lu-md1-lg.jpg --> uts.cc.utexas.edu /export/httpd/vhosts/texasbeyondhistory/data/lubbock Lu-md1-lg.jpg
2002.01.08 14:31 B L:\Website Stuff\TBH Website Temp\lubbock\images\lubbock-m9.html --> uts.cc.utexas.edu /export/httpd/vhosts/texasbeyondhistory/data/lubbock/images lubbock-m9.html
2002.01.08 14:31 B L:\Website Stuff\TBH Website Temp\lubbock\images\lubbock-m8.html --> uts.cc.utexas.edu /export/httpd/vhosts/texasbeyondhistory/data/lubbock/images lubbock-m8.html
2002.01.08 14:31 B L:\Website Stuff\TBH Website Temp\lubbock\images\lubbock-m7.html --> uts.cc.utexas.edu /export/httpd/vhosts/texasbeyondhistory/data/lubbock/images lubbock-m7.html
2002.01.08 14:31 B L:\Website Stuff\TBH Website Temp\lubbock\images\lubbock-m5.html --> uts.cc.utexas.edu /export/httpd/vhosts/texasbeyondhistory/data/lubbock/images lubbock-m5.html
2002.01.08 14:31 B L:\Website Stuff\TBH Website Temp\lubbock\images\lubbock-m4.html --> uts.cc.utexas.edu /export/httpd/vhosts/texasbeyondhistory/data/lubbock/images lubbock-m4.html
2002.01.08 14:31 B L:\Website Stuff\TBH Website Temp\lubbock\images\lubbock-m23.html --> uts.cc.utexas.edu /export/httpd/vhosts/texasbeyondhistory/data/lubbock/images lubbock-m23.html
2002.01.08 14:31 B L:\Website Stuff\TBH Website Temp\lubbock\images\lubbock-m20.html --> uts.cc.utexas.edu /export/httpd/vhosts/texasbeyondhistory/data/lubbock/images lubbock-m20.html
2002.01.08 14:31 B L:\Website Stuff\TBH Website Temp\lubbock\images\lubbock-m2.html --> uts.cc.utexas.edu /export/httpd/vhosts/texasbeyondhistory/data/lubbock/images lubbock-m2.html
2002.01.08 14:31 B L:\Website Stuff\TBH Website Temp\lubbock\images\lubbock-m19.html --> uts.cc.utexas.edu /export/httpd/vhosts/texasbeyondhistory/data/lubbock/images lubbock-m19.html
2002.01.08 14:31 B L:\Website Stuff\TBH Website Temp\lubbock\images\lubbock-m18.html --> uts.cc.utexas.edu /export/httpd/vhosts/texasbeyondhistory/data/lubbock/images lubbock-m18.html
2002.01.08 14:31 B L:\Website Stuff\TBH Website Temp\lubbock\images\lubbock-m17.html --> uts.cc.utexas.edu /export/httpd/vhosts/texasbeyondhistory/data/lubbock/images lubbock-m17.html
2002.01.08 14:31 B L:\Website Stuff\TBH Website Temp\lubbock\images\lubbock-m16.html --> uts.cc.utexas.edu /export/httpd/vhosts/texasbeyondhistory/data/lubbock/images lubbock-m16.html
2002.01.08 14:31 B L:\Website Stuff\TBH Website Temp\lubbock\images\lubbock-m15.html --> uts.cc.utexas.edu /export/httpd/vhosts/texasbeyondhistory/data/lubbock/images lubbock-m15.html
2002.01.08 14:31 B L:\Website Stuff\TBH Website Temp\lubbock\images\lubbock-m12.html --> uts.cc.utexas.edu /export/httpd/vhosts/texasbeyondhistory/data/lubbock/images lubbock-m12.html
2002.01.08 14:31 B L:\Website Stuff\TBH Website Temp\lubbock\images\lubbock-m11.html --> uts.cc.utexas.edu /export/httpd/vhosts/texasbeyondhistory/data/lubbock/images lubbock-m11.html
2002.01.08 14:31 B L:\Website Stuff\TBH Website Temp\lubbock\images\lubbock-m10.html --> uts.cc.utexas.edu /export/httpd/vhosts/texasbeyondhistory/data/lubbock/images lubbock-m10.html
2002.01.08 14:31 B L:\Website Stuff\TBH Website Temp\lubbock\images\lubbock-m1.html --> uts.cc.utexas.edu /export/httpd/vhosts/texasbeyondhistory/data/lubbock/images lubbock-m1.html
2002.01.08 14:51 B L:\Website Stuff\TBH Website Temp\lubbock\images\lubbock-m19.html --> uts.cc.utexas.edu /export/httpd/vhosts/texasbeyondhistory/data/lubbock/images lubbock-m19.html
2002.01.08 14:51 B L:\Website Stuff\TBH Website Temp\lubbock\images\lubbock-m5.html --> uts.cc.utexas.edu /export/httpd/vhosts/texasbeyondhistory/data/lubbock/images lubbock-m5.html
2002.01.08 14:51 B L:\Website Stuff\TBH Website Temp\lubbock\images\lubbock-m17.html --> uts.cc.utexas.edu /export/httpd/vhosts/texasbeyondhistory/data/lubbock/images lubbock-m17.html
2002.01.08 14:51 B L:\Website Stuff\TBH Website Temp\lubbock\images\lubbock-m15.html --> uts.cc.utexas.edu /export/httpd/vhosts/texasbeyondhistory/data/lubbock/images lubbock-m15.html
2002.01.08 14:51 B L:\Website Stuff\TBH Website Temp\lubbock\images\lubbock-m16.html --> uts.cc.utexas.edu /export/httpd/vhosts/texasbeyondhistory/data/lubbock/images lubbock-m16.html
2002.01.08 14:51 B L:\Website Stuff\TBH Website Temp\lubbock\images\lubbock-m1.html --> uts.cc.utexas.edu /export/httpd/vhosts/texasbeyondhistory/data/lubbock/images lubbock-m1.html
2002.01.08 14:51 B L:\Website Stuff\TBH Website Temp\lubbock\images\lubbock-m8.html --> uts.cc.utexas.edu /export/httpd/vhosts/texasbeyondhistory/data/lubbock/images lubbock-m8.html
2002.01.08 14:51 B L:\Website Stuff\TBH Website Temp\lubbock\images\lubbock-m12.html --> uts.cc.utexas.edu /export/httpd/vhosts/texasbeyondhistory/data/lubbock/images lubbock-m12.html
2002.01.08 14:51 B L:\Website Stuff\TBH Website Temp\lubbock\images\lubbock-m11.html --> uts.cc.utexas.edu /export/httpd/vhosts/texasbeyondhistory/data/lubbock/images lubbock-m11.html
2002.01.08 14:51 B L:\Website Stuff\TBH Website Temp\lubbock\images\lubbock-m10.html --> uts.cc.utexas.edu /export/httpd/vhosts/texasbeyondhistory/data/lubbock/images lubbock-m10.html
2002.02.05 11:08 B L:\Website Stuff\TBH Website Temp\lubbock\images\lubbock-m1.html --> uts.cc.utexas.edu /export/httpd/vhosts/texasbeyondhistory/data/lubbock/images lubbock-m1.html
2002.02.05 11:08 B L:\Website Stuff\TBH Website Temp\lubbock\images\lubbock-m9.html --> uts.cc.utexas.edu /export/httpd/vhosts/texasbeyondhistory/data/lubbock/images lubbock-m9.html
2002.02.05 11:08 B L:\Website Stuff\TBH Website Temp\lubbock\images\lubbock-m8.html --> uts.cc.utexas.edu /export/httpd/vhosts/texasbeyondhistory/data/lubbock/images lubbock-m8.html
2002.02.05 11:09 B L:\Website Stuff\TBH Website Temp\lubbock\images\lubbock-m7.html --> uts.cc.utexas.edu /export/httpd/vhosts/texasbeyondhistory/data/lubbock/images lubbock-m7.html
2002.02.05 11:09 B L:\Website Stuff\TBH Website Temp\lubbock\images\lubbock-m5.html --> uts.cc.utexas.edu /export/httpd/vhosts/texasbeyondhistory/data/lubbock/images lubbock-m5.html
2002.02.05 11:09 B L:\Website Stuff\TBH Website Temp\lubbock\images\lubbock-m4.html --> uts.cc.utexas.edu /export/httpd/vhosts/texasbeyondhistory/data/lubbock/images lubbock-m4.html
2002.02.05 11:09 B L:\Website Stuff\TBH Website Temp\lubbock\images\lubbock-m23.html --> uts.cc.utexas.edu /export/httpd/vhosts/texasbeyondhistory/data/lubbock/images lubbock-m23.html
2002.02.05 11:09 B L:\Website Stuff\TBH Website Temp\lubbock\images\lubbock-m20.html --> uts.cc.utexas.edu /export/httpd/vhosts/texasbeyondhistory/data/lubbock/images lubbock-m20.html
2002.02.05 11:09 B L:\Website Stuff\TBH Website Temp\lubbock\images\lubbock-m2.html --> uts.cc.utexas.edu /export/httpd/vhosts/texasbeyondhistory/data/lubbock/images lubbock-m2.html
2002.02.05 11:09 B L:\Website Stuff\TBH Website Temp\lubbock\images\lubbock-m19.html --> uts.cc.utexas.edu /export/httpd/vhosts/texasbeyondhistory/data/lubbock/images lubbock-m19.html
2002.02.05 11:09 B L:\Website Stuff\TBH Website Temp\lubbock\images\lubbock-m18.html --> uts.cc.utexas.edu /export/httpd/vhosts/texasbeyondhistory/data/lubbock/images lubbock-m18.html
2002.02.05 11:09 B L:\Website Stuff\TBH Website Temp\lubbock\images\lubbock-m17.html --> uts.cc.utexas.edu /export/httpd/vhosts/texasbeyondhistory/data/lubbock/images lubbock-m17.html
2002.02.05 11:09 B L:\Website Stuff\TBH Website Temp\lubbock\images\lubbock-m16.html --> uts.cc.utexas.edu /export/httpd/vhosts/texasbeyondhistory/data/lubbock/images lubbock-m16.html
2002.02.05 11:09 B L:\Website Stuff\TBH Website Temp\lubbock\images\lubbock-m15.html --> uts.cc.utexas.edu /export/httpd/vhosts/texasbeyondhistory/data/lubbock/images lubbock-m15.html
2002.02.05 11:09 B L:\Website Stuff\TBH Website Temp\lubbock\images\lubbock-m12.html --> uts.cc.utexas.edu /export/httpd/vhosts/texasbeyondhistory/data/lubbock/images lubbock-m12.html
2002.02.05 11:09 B L:\Website Stuff\TBH Website Temp\lubbock\images\lubbock-m11.html --> uts.cc.utexas.edu /export/httpd/vhosts/texasbeyondhistory/data/lubbock/images lubbock-m11.html
2002.02.05 11:09 B L:\Website Stuff\TBH Website Temp\lubbock\images\lubbock-m10.html --> uts.cc.utexas.edu /export/httpd/vhosts/texasbeyondhistory/data/lubbock/images lubbock-m10.html
2002.02.05 11:11 B L:\Website Stuff\TBH Website Temp\lubbock\images\lubbock-m13.html --> uts.cc.utexas.edu /export/httpd/vhosts/texasbeyondhistory/data/lubbock/images lubbock-m13.html
2005.06.19 11:39 B L:\TBH Website Temp\lubbock\images\WS_FTP.LOG <-- texasbeyondhistory /export/httpd/vhosts/texasbeyondhistory/data/lubbock/images WS_FTP.LOG
2006.11.02 10:27 B L:\TBH Website Temp\lubbock\images\lu-md1.html --> uts.cc.utexas.edu /export/httpd/vhosts/texasbeyondhistory/data/lubbock/images lu-md1.html
2006.11.02 10:27 B L:\TBH Website Temp\lubbock\images\lu-md10.html --> uts.cc.utexas.edu /export/httpd/vhosts/texasbeyondhistory/data/lubbock/images lu-md10.html
2006.11.02 10:27 B L:\TBH Website Temp\lubbock\images\lu-md11.html --> uts.cc.utexas.edu /export/httpd/vhosts/texasbeyondhistory/data/lubbock/images lu-md11.html
2006.11.02 10:27 B L:\TBH Website Temp\lubbock\images\lu-md12.html --> uts.cc.utexas.edu /export/httpd/vhosts/texasbeyondhistory/data/lubbock/images lu-md12.html
2006.11.02 10:27 B L:\TBH Website Temp\lubbock\images\lu-md13.html --> uts.cc.utexas.edu /export/httpd/vhosts/texasbeyondhistory/data/lubbock/images lu-md13.html
2006.11.02 10:27 B L:\TBH Website Temp\lubbock\images\lu-md14.html --> uts.cc.utexas.edu /export/httpd/vhosts/texasbeyondhistory/data/lubbock/images lu-md14.html
2006.11.02 10:27 B L:\TBH Website Temp\lubbock\images\lu-md15.html --> uts.cc.utexas.edu /export/httpd/vhosts/texasbeyondhistory/data/lubbock/images lu-md15.html
2006.11.02 10:27 B L:\TBH Website Temp\lubbock\images\lu-md16.html --> uts.cc.utexas.edu /export/httpd/vhosts/texasbeyondhistory/data/lubbock/images lu-md16.html
2006.11.02 10:27 B L:\TBH Website Temp\lubbock\images\lu-md17.html --> uts.cc.utexas.edu /export/httpd/vhosts/texasbeyondhistory/data/lubbock/images lu-md17.html
2006.11.02 10:27 B L:\TBH Website Temp\lubbock\images\lu-md19.html --> uts.cc.utexas.edu /export/httpd/vhosts/texasbeyondhistory/data/lubbock/images lu-md19.html
2006.11.02 10:27 B L:\TBH Website Temp\lubbock\images\Lu-md3-lg.jpg --> uts.cc.utexas.edu /export/httpd/vhosts/texasbeyondhistory/data/lubbock/images Lu-md3-lg.jpg
2006.11.02 10:27 B L:\TBH Website Temp\lubbock\images\Lu-md3-sm.jpg --> uts.cc.utexas.edu /export/httpd/vhosts/texasbeyondhistory/data/lubbock/images Lu-md3-sm.jpg
2006.11.02 10:27 B L:\TBH Website Temp\lubbock\images\lu-md3.html --> uts.cc.utexas.edu /export/httpd/vhosts/texasbeyondhistory/data/lubbock/images lu-md3.html
2006.11.02 10:27 B L:\TBH Website Temp\lubbock\images\lu-md4.html --> uts.cc.utexas.edu /export/httpd/vhosts/texasbeyondhistory/data/lubbock/images lu-md4.html
2006.11.02 10:27 B L:\TBH Website Temp\lubbock\images\lu-md6.html --> uts.cc.utexas.edu /export/httpd/vhosts/texasbeyondhistory/data/lubbock/images lu-md6.html
2006.11.02 10:27 B L:\TBH Website Temp\lubbock\images\Lu-md7-lg.jpg --> uts.cc.utexas.edu /export/httpd/vhosts/texasbeyondhistory/data/lubbock/images Lu-md7-lg.jpg
2006.11.02 10:27 B L:\TBH Website Temp\lubbock\images\Lu-md7-sm.jpg --> uts.cc.utexas.edu /export/httpd/vhosts/texasbeyondhistory/data/lubbock/images Lu-md7-sm.jpg
2006.11.02 10:28 B L:\TBH Website Temp\lubbock\images\lu-md7.html --> uts.cc.utexas.edu /export/httpd/vhosts/texasbeyondhistory/data/lubbock/images lu-md7.html
2006.11.02 10:28 B L:\TBH Website Temp\lubbock\images\lu-nf1.html --> uts.cc.utexas.edu /export/httpd/vhosts/texasbeyondhistory/data/lubbock/images lu-nf1.html
2006.11.02 10:28 B L:\TBH Website Temp\lubbock\images\Lu-nf2.html --> uts.cc.utexas.edu /export/httpd/vhosts/texasbeyondhistory/data/lubbock/images Lu-nf2.html
2006.11.02 10:28 B L:\TBH Website Temp\lubbock\images\lu-nf4.html --> uts.cc.utexas.edu /export/httpd/vhosts/texasbeyondhistory/data/lubbock/images lu-nf4.html
2006.11.02 10:28 B L:\TBH Website Temp\lubbock\images\lu-nf5.html --> uts.cc.utexas.edu /export/httpd/vhosts/texasbeyondhistory/data/lubbock/images lu-nf5.html
2006.11.02 10:28 B L:\TBH Website Temp\lubbock\images\Lu1-ge10.html --> uts.cc.utexas.edu /export/httpd/vhosts/texasbeyondhistory/data/lubbock/images Lu1-ge10.html
2006.11.02 10:28 B L:\TBH Website Temp\lubbock\images\Lu1-ge14.html --> uts.cc.utexas.edu /export/httpd/vhosts/texasbeyondhistory/data/lubbock/images Lu1-ge14.html
2006.11.02 10:28 B L:\TBH Website Temp\lubbock\images\Lu1-ge15.html --> uts.cc.utexas.edu /export/httpd/vhosts/texasbeyondhistory/data/lubbock/images Lu1-ge15.html
2006.11.02 10:28 B L:\TBH Website Temp\lubbock\images\Lu1-ge16.html --> uts.cc.utexas.edu /export/httpd/vhosts/texasbeyondhistory/data/lubbock/images Lu1-ge16.html
2006.11.02 10:28 B L:\TBH Website Temp\lubbock\images\LU1-GE17-lg.jpg --> uts.cc.utexas.edu /export/httpd/vhosts/texasbeyondhistory/data/lubbock/images LU1-GE17-lg.jpg
2006.11.02 10:28 B L:\TBH Website Temp\lubbock\images\LU1-GE17-sm.jpg --> uts.cc.utexas.edu /export/httpd/vhosts/texasbeyondhistory/data/lubbock/images LU1-GE17-sm.jpg
2006.11.02 10:28 B L:\TBH Website Temp\lubbock\images\Lu1-ge17.html --> uts.cc.utexas.edu /export/httpd/vhosts/texasbeyondhistory/data/lubbock/images Lu1-ge17.html
2006.11.02 10:28 B L:\TBH Website Temp\lubbock\images\LU1-GE18-crop.html --> uts.cc.utexas.edu /export/httpd/vhosts/texasbeyondhistory/data/lubbock/images LU1-GE18-crop.html
2006.11.02 10:28 B L:\TBH Website Temp\lubbock\images\lu1-ge18-lg.jpg --> uts.cc.utexas.edu /export/httpd/vhosts/texasbeyondhistory/data/lubbock/images lu1-ge18-lg.jpg
2006.11.02 10:28 B L:\TBH Website Temp\lubbock\images\lu1-ge18-sm.jpg --> uts.cc.utexas.edu /export/httpd/vhosts/texasbeyondhistory/data/lubbock/images lu1-ge18-sm.jpg
2006.11.02 10:28 B L:\TBH Website Temp\lubbock\images\LU1-GE18.html --> uts.cc.utexas.edu /export/httpd/vhosts/texasbeyondhistory/data/lubbock/images LU1-GE18.html
2006.11.02 10:28 B L:\TBH Website Temp\lubbock\images\LU1-GE1X.html --> uts.cc.utexas.edu /export/httpd/vhosts/texasbeyondhistory/data/lubbock/images LU1-GE1X.html
2006.11.02 10:28 B L:\TBH Website Temp\lubbock\images\LU1-GE28.html --> uts.cc.utexas.edu /export/httpd/vhosts/texasbeyondhistory/data/lubbock/images LU1-GE28.html
2006.11.02 10:28 B L:\TBH Website Temp\lubbock\images\LU1-GE2X.html --> uts.cc.utexas.edu /export/httpd/vhosts/texasbeyondhistory/data/lubbock/images LU1-GE2X.html
2006.11.02 10:28 B L:\TBH Website Temp\lubbock\images\LU1-GE32.html --> uts.cc.utexas.edu /export/httpd/vhosts/texasbeyondhistory/data/lubbock/images LU1-GE32.html
2006.11.02 10:28 B L:\TBH Website Temp\lubbock\images\Lu1-ge34.html --> uts.cc.utexas.edu /export/httpd/vhosts/texasbeyondhistory/data/lubbock/images Lu1-ge34.html
2006.11.02 10:28 B L:\TBH Website Temp\lubbock\images\Lu1-ge6.html --> uts.cc.utexas.edu /export/httpd/vhosts/texasbeyondhistory/data/lubbock/images Lu1-ge6.html
2006.11.02 10:28 B L:\TBH Website Temp\lubbock\images\Lu1-mb1.html --> uts.cc.utexas.edu /export/httpd/vhosts/texasbeyondhistory/data/lubbock/images Lu1-mb1.html
2006.11.02 10:28 B L:\TBH Website Temp\lubbock\images\lubbock-m1.html --> uts.cc.utexas.edu /export/httpd/vhosts/texasbeyondhistory/data/lubbock/images lubbock-m1.html
2006.11.02 10:28 B L:\TBH Website Temp\lubbock\images\lubbock-m10.html --> uts.cc.utexas.edu /export/httpd/vhosts/texasbeyondhistory/data/lubbock/images lubbock-m10.html
2006.11.02 10:28 B L:\TBH Website Temp\lubbock\images\lubbock-m11.html --> uts.cc.utexas.edu /export/httpd/vhosts/texasbeyondhistory/data/lubbock/images lubbock-m11.html
2006.11.02 10:28 B L:\TBH Website Temp\lubbock\images\lubbock-m12.html --> uts.cc.utexas.edu /export/httpd/vhosts/texasbeyondhistory/data/lubbock/images lubbock-m12.html
2006.11.02 10:28 B L:\TBH Website Temp\lubbock\images\lubbock-m13.html --> uts.cc.utexas.edu /export/httpd/vhosts/texasbeyondhistory/data/lubbock/images lubbock-m13.html
2006.11.02 10:28 B L:\TBH Website Temp\lubbock\images\lubbock-m15.html --> uts.cc.utexas.edu /export/httpd/vhosts/texasbeyondhistory/data/lubbock/images lubbock-m15.html
2006.11.02 10:28 B L:\TBH Website Temp\lubbock\images\lubbock-m16.html --> uts.cc.utexas.edu /export/httpd/vhosts/texasbeyondhistory/data/lubbock/images lubbock-m16.html
2006.11.02 10:28 B L:\TBH Website Temp\lubbock\images\lubbock-m17.html --> uts.cc.utexas.edu /export/httpd/vhosts/texasbeyondhistory/data/lubbock/images lubbock-m17.html
2006.11.02 10:28 B L:\TBH Website Temp\lubbock\images\lubbock-m18.html --> uts.cc.utexas.edu /export/httpd/vhosts/texasbeyondhistory/data/lubbock/images lubbock-m18.html
2006.11.02 10:28 B L:\TBH Website Temp\lubbock\images\lubbock-m19.html --> uts.cc.utexas.edu /export/httpd/vhosts/texasbeyondhistory/data/lubbock/images lubbock-m19.html
2006.11.02 10:28 B L:\TBH Website Temp\lubbock\images\lubbock-m2.html --> uts.cc.utexas.edu /export/httpd/vhosts/texasbeyondhistory/data/lubbock/images lubbock-m2.html
2006.11.02 10:28 B L:\TBH Website Temp\lubbock\images\lubbock-m20.html --> uts.cc.utexas.edu /export/httpd/vhosts/texasbeyondhistory/data/lubbock/images lubbock-m20.html
2006.11.02 10:28 B L:\TBH Website Temp\lubbock\images\lubbock-m23.html --> uts.cc.utexas.edu /export/httpd/vhosts/texasbeyondhistory/data/lubbock/images lubbock-m23.html
2006.11.02 10:28 B L:\TBH Website Temp\lubbock\images\lubbock-m4.html --> uts.cc.utexas.edu /export/httpd/vhosts/texasbeyondhistory/data/lubbock/images lubbock-m4.html
2006.11.02 10:28 B L:\TBH Website Temp\lubbock\images\lubbock-m5.html --> uts.cc.utexas.edu /export/httpd/vhosts/texasbeyondhistory/data/lubbock/images lubbock-m5.html
2006.11.02 10:28 B L:\TBH Website Temp\lubbock\images\lubbock-m7.html --> uts.cc.utexas.edu /export/httpd/vhosts/texasbeyondhistory/data/lubbock/images lubbock-m7.html
2006.11.02 10:28 B L:\TBH Website Temp\lubbock\images\lubbock-m8.html --> uts.cc.utexas.edu /export/httpd/vhosts/texasbeyondhistory/data/lubbock/images lubbock-m8.html
2006.11.02 10:28 B L:\TBH Website Temp\lubbock\images\lubbock-m9.html --> uts.cc.utexas.edu /export/httpd/vhosts/texasbeyondhistory/data/lubbock/images lubbock-m9.html
