2001.10.01 23:51 B C:\WINDOWS\Desktop\TBH\Recent\harrell\index.html --> uts.cc.utexas.edu /export/httpd/vhosts/texasbeyondhistory/data/harrell index.html
2002.07.25 17:32 B C:\WINDOWS\Desktop\TBH\Recent\harrell\discovering.html --> tarlserver.tarl.utexas.edu /Website Stuff/TBH Website Temp/harrell discovering.html
2002.07.25 17:32 B C:\WINDOWS\Desktop\TBH\Recent\harrell\index.html --> tarlserver.tarl.utexas.edu /Website Stuff/TBH Website Temp/harrell index.html
2002.07.26 14:02 B C:\WINDOWS\Desktop\TBH\Recent\harrell\artifacts.html --> tarlserver.tarl.utexas.edu /Website Stuff/TBH Website Temp/harrell artifacts.html
2002.07.26 14:02 B C:\WINDOWS\Desktop\TBH\Recent\harrell\discovering.html --> tarlserver.tarl.utexas.edu /Website Stuff/TBH Website Temp/harrell discovering.html
2002.07.26 14:02 B C:\WINDOWS\Desktop\TBH\Recent\harrell\index.html --> tarlserver.tarl.utexas.edu /Website Stuff/TBH Website Temp/harrell index.html
2002.07.26 14:02 B C:\WINDOWS\Desktop\TBH\Recent\harrell\reconsidered.html --> tarlserver.tarl.utexas.edu /Website Stuff/TBH Website Temp/harrell reconsidered.html
2002.07.26 14:02 B C:\WINDOWS\Desktop\TBH\Recent\harrell\WS_FTP.LOG --> tarlserver.tarl.utexas.edu /Website Stuff/TBH Website Temp/harrell WS_FTP.LOG
2002.08.08 13:48 B G:\Website Stuff\TBH Website Temp\harrell\artifacts.html --> uts.cc.utexas.edu /export/httpd/vhosts/texasbeyondhistory/data/harrell artifacts.html
2002.08.08 13:48 B G:\Website Stuff\TBH Website Temp\harrell\cemetery.html --> uts.cc.utexas.edu /export/httpd/vhosts/texasbeyondhistory/data/harrell cemetery.html
2002.08.08 13:48 B G:\Website Stuff\TBH Website Temp\harrell\credits.html --> uts.cc.utexas.edu /export/httpd/vhosts/texasbeyondhistory/data/harrell credits.html
2002.08.08 13:48 B G:\Website Stuff\TBH Website Temp\harrell\discovering.html --> uts.cc.utexas.edu /export/httpd/vhosts/texasbeyondhistory/data/harrell discovering.html
2002.08.08 13:48 B G:\Website Stuff\TBH Website Temp\harrell\index.html --> uts.cc.utexas.edu /export/httpd/vhosts/texasbeyondhistory/data/harrell index.html
2002.08.08 13:48 B G:\Website Stuff\TBH Website Temp\harrell\reconsidered.html --> uts.cc.utexas.edu /export/httpd/vhosts/texasbeyondhistory/data/harrell reconsidered.html
2002.08.08 15:15 B G:\Website Stuff\TBH Website Temp\harrell\artifacts.html --> uts.cc.utexas.edu /export/httpd/vhosts/texasbeyondhistory/data/harrell artifacts.html
2002.08.08 15:15 B G:\Website Stuff\TBH Website Temp\harrell\credits.html --> uts.cc.utexas.edu /export/httpd/vhosts/texasbeyondhistory/data/harrell credits.html
2002.08.08 15:15 B G:\Website Stuff\TBH Website Temp\harrell\discovering.html --> uts.cc.utexas.edu /export/httpd/vhosts/texasbeyondhistory/data/harrell discovering.html
2002.08.08 15:16 B G:\Website Stuff\TBH Website Temp\harrell\index.html --> uts.cc.utexas.edu /export/httpd/vhosts/texasbeyondhistory/data/harrell index.html
2002.08.08 15:16 B G:\Website Stuff\TBH Website Temp\harrell\reconsidered.html --> uts.cc.utexas.edu /export/httpd/vhosts/texasbeyondhistory/data/harrell reconsidered.html
2002.08.09 08:57 B G:\Website Stuff\TBH Website Temp\harrell\index.html --> uts.cc.utexas.edu /export/httpd/vhosts/texasbeyondhistory/data/harrell index.html
2002.08.12 09:00 B G:\Website Stuff\TBH Website Temp\harrell\cemetery.html --> uts.cc.utexas.edu /export/httpd/vhosts/texasbeyondhistory/data/harrell cemetery.html
2002.08.12 09:00 B G:\Website Stuff\TBH Website Temp\harrell\credits.html --> uts.cc.utexas.edu /export/httpd/vhosts/texasbeyondhistory/data/harrell credits.html
2002.08.12 09:00 B G:\Website Stuff\TBH Website Temp\harrell\discovering.html --> uts.cc.utexas.edu /export/httpd/vhosts/texasbeyondhistory/data/harrell discovering.html
2002.08.12 09:01 B G:\Website Stuff\TBH Website Temp\harrell\index.html --> uts.cc.utexas.edu /export/httpd/vhosts/texasbeyondhistory/data/harrell index.html
2002.08.12 09:01 B G:\Website Stuff\TBH Website Temp\harrell\reconsidered.html --> uts.cc.utexas.edu /export/httpd/vhosts/texasbeyondhistory/data/harrell reconsidered.html
2002.08.12 09:19 B G:\Website Stuff\TBH Website Temp\harrell\discovering.html --> uts.cc.utexas.edu /export/httpd/vhosts/texasbeyondhistory/data/harrell discovering.html
2002.08.12 14:04 B G:\Website Stuff\TBH Website Temp\harrell\artifacts.html --> uts.cc.utexas.edu /export/httpd/vhosts/texasbeyondhistory/data/harrell artifacts.html
2002.08.12 14:04 B G:\Website Stuff\TBH Website Temp\harrell\cemetery.html --> uts.cc.utexas.edu /export/httpd/vhosts/texasbeyondhistory/data/harrell cemetery.html
2002.08.12 14:05 B G:\Website Stuff\TBH Website Temp\harrell\discovering.html --> uts.cc.utexas.edu /export/httpd/vhosts/texasbeyondhistory/data/harrell discovering.html
2002.08.23 18:04 B G:\Website Stuff\TBH Website Temp\harrell\cemetery.html --> uts.cc.utexas.edu /export/httpd/vhosts/texasbeyondhistory/data/harrell cemetery.html
2002.08.23 18:04 B G:\Website Stuff\TBH Website Temp\harrell\reconsidered.html --> uts.cc.utexas.edu /export/httpd/vhosts/texasbeyondhistory/data/harrell reconsidered.html
2002.09.04 14:51 B G:\Website Stuff\TBH Website Temp\harrell\cemetery.html --> uts.cc.utexas.edu /export/httpd/vhosts/texasbeyondhistory/data/harrell cemetery.html
2002.10.23 13:22 B G:\Website Stuff\TBH Website Temp\harrell\credits.html --> uts.cc.utexas.edu /export/httpd/vhosts/texasbeyondhistory/data/harrell credits.html
2002.10.28 13:49 B G:\Website Stuff\TBH Website Temp\harrell\artifacts.html --> uts.cc.utexas.edu /export/httpd/vhosts/texasbeyondhistory/data/harrell artifacts.html
2002.10.28 13:49 B G:\Website Stuff\TBH Website Temp\harrell\cemetery.html --> uts.cc.utexas.edu /export/httpd/vhosts/texasbeyondhistory/data/harrell cemetery.html
2002.10.28 13:49 B G:\Website Stuff\TBH Website Temp\harrell\reconsidered.html --> uts.cc.utexas.edu /export/httpd/vhosts/texasbeyondhistory/data/harrell reconsidered.html
2003.10.30 16:22 B G:\Website Stuff\TBH Website Temp\harrell\artifacts.html --> uts.cc.utexas.edu /export/httpd/vhosts/texasbeyondhistory/data/harrell artifacts.html
2003.10.30 16:22 B G:\Website Stuff\TBH Website Temp\harrell\cemetery.html --> uts.cc.utexas.edu /export/httpd/vhosts/texasbeyondhistory/data/harrell cemetery.html
2005.04.18 10:39 B G:\TBH Website Temp\harrell\credits.html --> uts.cc.utexas.edu /export/httpd/vhosts/texasbeyondhistory/data/harrell credits.html
