2003.07.27 19:13 B K:\TBH Website Temp\tejas\ancestors\early.html --> uts.cc.utexas.edu /export/httpd/vhosts/texasbeyondhistory/data/tejas/ancestors early.html
2003.07.27 19:13 B K:\TBH Website Temp\tejas\ancestors\first.html --> uts.cc.utexas.edu /export/httpd/vhosts/texasbeyondhistory/data/tejas/ancestors first.html
2003.07.27 19:13 B K:\TBH Website Temp\tejas\ancestors\index.html --> uts.cc.utexas.edu /export/httpd/vhosts/texasbeyondhistory/data/tejas/ancestors index.html
2003.07.27 19:13 B K:\TBH Website Temp\tejas\ancestors\late.html --> uts.cc.utexas.edu /export/httpd/vhosts/texasbeyondhistory/data/tejas/ancestors late.html
2003.07.27 19:13 B K:\TBH Website Temp\tejas\ancestors\middle.html --> uts.cc.utexas.edu /export/httpd/vhosts/texasbeyondhistory/data/tejas/ancestors middle.html
2003.07.27 19:13 B K:\TBH Website Temp\tejas\ancestors\tracing.html --> uts.cc.utexas.edu /export/httpd/vhosts/texasbeyondhistory/data/tejas/ancestors tracing.html
2003.07.27 19:13 B K:\TBH Website Temp\tejas\ancestors\woodland.html --> uts.cc.utexas.edu /export/httpd/vhosts/texasbeyondhistory/data/tejas/ancestors woodland.html
2003.07.28 14:05 B K:\TBH Website Temp\tejas\ancestors\late.html --> uts.cc.utexas.edu /export/httpd/vhosts/texasbeyondhistory/data/tejas/ancestors late.html
2003.07.31 21:52 B K:\TBH Website Temp\tejas\ancestors\historic.html --> uts.cc.utexas.edu /export/httpd/vhosts/texasbeyondhistory/data/tejas/ancestors historic.html
2003.07.31 21:52 B K:\TBH Website Temp\tejas\ancestors\titus.html --> uts.cc.utexas.edu /export/httpd/vhosts/texasbeyondhistory/data/tejas/ancestors titus.html
2003.08.06 09:01 B K:\TBH Website Temp\tejas\ancestors\woodland.html --> uts.cc.utexas.edu /export/httpd/vhosts/texasbeyondhistory/data/tejas/ancestors woodland.html
2003.08.06 09:01 B K:\TBH Website Temp\tejas\ancestors\tracing.html --> uts.cc.utexas.edu /export/httpd/vhosts/texasbeyondhistory/data/tejas/ancestors tracing.html
2003.08.06 09:01 B K:\TBH Website Temp\tejas\ancestors\titus.html --> uts.cc.utexas.edu /export/httpd/vhosts/texasbeyondhistory/data/tejas/ancestors titus.html
2003.08.06 09:01 B K:\TBH Website Temp\tejas\ancestors\middle.html --> uts.cc.utexas.edu /export/httpd/vhosts/texasbeyondhistory/data/tejas/ancestors middle.html
2003.08.06 09:01 B K:\TBH Website Temp\tejas\ancestors\late.html --> uts.cc.utexas.edu /export/httpd/vhosts/texasbeyondhistory/data/tejas/ancestors late.html
2003.08.06 09:01 B K:\TBH Website Temp\tejas\ancestors\index.html --> uts.cc.utexas.edu /export/httpd/vhosts/texasbeyondhistory/data/tejas/ancestors index.html
2003.08.06 09:01 B K:\TBH Website Temp\tejas\ancestors\historic.html --> uts.cc.utexas.edu /export/httpd/vhosts/texasbeyondhistory/data/tejas/ancestors historic.html
2003.08.06 09:01 B K:\TBH Website Temp\tejas\ancestors\first.html --> uts.cc.utexas.edu /export/httpd/vhosts/texasbeyondhistory/data/tejas/ancestors first.html
2003.08.06 09:01 B K:\TBH Website Temp\tejas\ancestors\early.html --> uts.cc.utexas.edu /export/httpd/vhosts/texasbeyondhistory/data/tejas/ancestors early.html
2003.08.06 09:01 B K:\TBH Website Temp\tejas\ancestors\credits.html --> uts.cc.utexas.edu /export/httpd/vhosts/texasbeyondhistory/data/tejas/ancestors credits.html
2003.08.14 17:33 B K:\TBH Website Temp\tejas\ancestors\woodland.html --> uts.cc.utexas.edu /export/httpd/vhosts/texasbeyondhistory/data/tejas/ancestors woodland.html
2003.08.14 17:33 B K:\TBH Website Temp\tejas\ancestors\tracing.html --> uts.cc.utexas.edu /export/httpd/vhosts/texasbeyondhistory/data/tejas/ancestors tracing.html
2003.08.14 17:33 B K:\TBH Website Temp\tejas\ancestors\titus.html --> uts.cc.utexas.edu /export/httpd/vhosts/texasbeyondhistory/data/tejas/ancestors titus.html
2003.08.14 17:33 B K:\TBH Website Temp\tejas\ancestors\middle.html --> uts.cc.utexas.edu /export/httpd/vhosts/texasbeyondhistory/data/tejas/ancestors middle.html
2003.08.14 17:33 B K:\TBH Website Temp\tejas\ancestors\late.html --> uts.cc.utexas.edu /export/httpd/vhosts/texasbeyondhistory/data/tejas/ancestors late.html
2003.08.14 17:33 B K:\TBH Website Temp\tejas\ancestors\index.html --> uts.cc.utexas.edu /export/httpd/vhosts/texasbeyondhistory/data/tejas/ancestors index.html
2003.08.14 17:33 B K:\TBH Website Temp\tejas\ancestors\historic.html --> uts.cc.utexas.edu /export/httpd/vhosts/texasbeyondhistory/data/tejas/ancestors historic.html
2003.08.14 17:33 B K:\TBH Website Temp\tejas\ancestors\first.html --> uts.cc.utexas.edu /export/httpd/vhosts/texasbeyondhistory/data/tejas/ancestors first.html
2003.08.14 17:33 B K:\TBH Website Temp\tejas\ancestors\early.html --> uts.cc.utexas.edu /export/httpd/vhosts/texasbeyondhistory/data/tejas/ancestors early.html
2003.08.14 17:33 B K:\TBH Website Temp\tejas\ancestors\credits.html --> uts.cc.utexas.edu /export/httpd/vhosts/texasbeyondhistory/data/tejas/ancestors credits.html
2003.08.14 17:33 B K:\TBH Website Temp\tejas\ancestors\WS_FTP.LOG --> uts.cc.utexas.edu /export/httpd/vhosts/texasbeyondhistory/data/tejas/ancestors WS_FTP.LOG
2005.04.04 13:41 B L:\TBH Website Temp\tejas\ancestors\credits.html --> uts.cc.utexas.edu /export/httpd/vhosts/texasbeyondhistory/data/tejas/ancestors credits.html
2005.04.04 13:41 B L:\TBH Website Temp\tejas\ancestors\early.html --> uts.cc.utexas.edu /export/httpd/vhosts/texasbeyondhistory/data/tejas/ancestors early.html
2005.04.04 13:41 B L:\TBH Website Temp\tejas\ancestors\first.html --> uts.cc.utexas.edu /export/httpd/vhosts/texasbeyondhistory/data/tejas/ancestors first.html
2005.04.04 13:41 B L:\TBH Website Temp\tejas\ancestors\historic.html --> uts.cc.utexas.edu /export/httpd/vhosts/texasbeyondhistory/data/tejas/ancestors historic.html
2005.04.04 13:41 B L:\TBH Website Temp\tejas\ancestors\index.html --> uts.cc.utexas.edu /export/httpd/vhosts/texasbeyondhistory/data/tejas/ancestors index.html
2005.04.04 13:41 B L:\TBH Website Temp\tejas\ancestors\late.html --> uts.cc.utexas.edu /export/httpd/vhosts/texasbeyondhistory/data/tejas/ancestors late.html
2005.04.04 13:41 B L:\TBH Website Temp\tejas\ancestors\middle.html --> uts.cc.utexas.edu /export/httpd/vhosts/texasbeyondhistory/data/tejas/ancestors middle.html
2005.04.04 13:41 B L:\TBH Website Temp\tejas\ancestors\titus.html --> uts.cc.utexas.edu /export/httpd/vhosts/texasbeyondhistory/data/tejas/ancestors titus.html
2005.04.04 13:41 B L:\TBH Website Temp\tejas\ancestors\tracing.html --> uts.cc.utexas.edu /export/httpd/vhosts/texasbeyondhistory/data/tejas/ancestors tracing.html
2005.04.04 13:41 B L:\TBH Website Temp\tejas\ancestors\woodland.html --> uts.cc.utexas.edu /export/httpd/vhosts/texasbeyondhistory/data/tejas/ancestors woodland.html
2005.04.05 14:34 B L:\TBH Website Temp\tejas\ancestors\credits.html --> uts.cc.utexas.edu /export/httpd/vhosts/texasbeyondhistory/data/tejas/ancestors credits.html
